2024-03-16 14:13:23,231 - INFO - Beginning execution of fit_demographic_model.py in directory /u/project/kirk/jonmah/sample_size_demography/Scripts

2024-03-16 14:13:23,232 - INFO - Progress is being logged to ../Analysis/ThreeEpochContraction_170/log.log

2024-03-16 14:13:23,232 - INFO - Parsed the following arguments:
	syn_input_sfs = ../Analysis/ThreeEpochContraction_170/syn_downsampled_sfs.txt
	mask_singletons = False
	mask_doubletons = False
	outprefix = ../Analysis/ThreeEpochContraction_170/

2024-03-16 14:13:23,233 - INFO - Beginning demographic inference for one-epoch demographic model.
2024-03-16 14:13:23,234 - INFO - Beginning optimization with guess, [0.05744791].
2024-03-16 14:13:47,753 - INFO - Finished optimization with guess, [0.05744791].
2024-03-16 14:13:47,754 - INFO - Best fit parameters: [0.05744791].
2024-03-16 14:13:48,456 - INFO - Maximum log composite likelihood: -3185.4621037145444.
2024-03-16 14:13:48,456 - INFO - Optimal value of theta: 7895.634274870348.
2024-03-16 14:13:48,457 - INFO - Beginning optimization with guess, [0.3538207].
2024-03-16 14:14:10,637 - INFO - Finished optimization with guess, [0.3538207].
2024-03-16 14:14:10,639 - INFO - Best fit parameters: [0.3538207].
2024-03-16 14:14:11,339 - INFO - Maximum log composite likelihood: -3185.4621037145444.
2024-03-16 14:14:11,339 - INFO - Optimal value of theta: 7895.634274870348.
2024-03-16 14:14:11,339 - INFO - Beginning optimization with guess, [0.23706724].
2024-03-16 14:14:33,239 - INFO - Finished optimization with guess, [0.23706724].
2024-03-16 14:14:33,240 - INFO - Best fit parameters: [0.23706724].
2024-03-16 14:14:33,925 - INFO - Maximum log composite likelihood: -3185.4621037145444.
2024-03-16 14:14:33,925 - INFO - Optimal value of theta: 7895.634274870348.
2024-03-16 14:14:33,926 - INFO - Beginning optimization with guess, [0.38700835].
2024-03-16 14:14:53,939 - INFO - Finished optimization with guess, [0.38700835].
2024-03-16 14:14:53,940 - INFO - Best fit parameters: [0.38700835].
2024-03-16 14:14:54,621 - INFO - Maximum log composite likelihood: -3185.4621037145444.
2024-03-16 14:14:54,621 - INFO - Optimal value of theta: 7895.634274870348.
2024-03-16 14:14:54,621 - INFO - Beginning optimization with guess, [0.36871663].
2024-03-16 14:15:14,645 - INFO - Finished optimization with guess, [0.36871663].
2024-03-16 14:15:14,646 - INFO - Best fit parameters: [0.36871663].
2024-03-16 14:15:15,334 - INFO - Maximum log composite likelihood: -3185.4621037145444.
2024-03-16 14:15:15,334 - INFO - Optimal value of theta: 7895.634274870348.
2024-03-16 14:15:15,334 - INFO - Beginning optimization with guess, [0.39168156].
2024-03-16 14:15:35,204 - INFO - Finished optimization with guess, [0.39168156].
2024-03-16 14:15:35,205 - INFO - Best fit parameters: [0.39168156].
2024-03-16 14:15:35,889 - INFO - Maximum log composite likelihood: -3185.4621037145444.
2024-03-16 14:15:35,890 - INFO - Optimal value of theta: 7895.634274870348.
2024-03-16 14:15:35,890 - INFO - Beginning optimization with guess, [0.65246812].
2024-03-16 14:15:53,662 - INFO - Finished optimization with guess, [0.65246812].
2024-03-16 14:15:53,663 - INFO - Best fit parameters: [0.65246812].
2024-03-16 14:15:54,352 - INFO - Maximum log composite likelihood: -3185.4621037145444.
2024-03-16 14:15:54,352 - INFO - Optimal value of theta: 7895.634274870348.
2024-03-16 14:15:54,352 - INFO - Beginning optimization with guess, [0.68384185].
2024-03-16 14:16:12,412 - INFO - Finished optimization with guess, [0.68384185].
2024-03-16 14:16:12,643 - INFO - Best fit parameters: [0.68384185].
2024-03-16 14:16:13,325 - INFO - Maximum log composite likelihood: -3185.4621037145444.
2024-03-16 14:16:13,326 - INFO - Optimal value of theta: 7895.634274870348.
2024-03-16 14:16:13,326 - INFO - Beginning optimization with guess, [1.35576169].
2024-03-16 14:16:30,947 - INFO - Finished optimization with guess, [1.35576169].
2024-03-16 14:16:30,948 - INFO - Best fit parameters: [1.35576169].
2024-03-16 14:16:31,618 - INFO - Maximum log composite likelihood: -3185.4621037145444.
2024-03-16 14:16:31,618 - INFO - Optimal value of theta: 7895.634274870348.
2024-03-16 14:16:31,619 - INFO - Beginning optimization with guess, [1.36317428].
2024-03-16 14:16:49,422 - INFO - Finished optimization with guess, [1.36317428].
2024-03-16 14:16:49,424 - INFO - Best fit parameters: [1.36317428].
2024-03-16 14:16:50,110 - INFO - Maximum log composite likelihood: -3185.4621037145444.
2024-03-16 14:16:50,110 - INFO - Optimal value of theta: 7895.634274870348.
2024-03-16 14:16:50,111 - INFO - Beginning optimization with guess, [1.22661845].
2024-03-16 14:17:05,987 - INFO - Finished optimization with guess, [1.22661845].
2024-03-16 14:17:05,988 - INFO - Best fit parameters: [1.22661845].
2024-03-16 14:17:06,664 - INFO - Maximum log composite likelihood: -3185.4621037145444.
2024-03-16 14:17:06,664 - INFO - Optimal value of theta: 7895.634274870348.
2024-03-16 14:17:06,665 - INFO - Beginning optimization with guess, [1.28811003].
2024-03-16 14:17:22,311 - INFO - Finished optimization with guess, [1.28811003].
2024-03-16 14:17:22,312 - INFO - Best fit parameters: [1.28811003].
2024-03-16 14:17:22,990 - INFO - Maximum log composite likelihood: -3185.4621037145444.
2024-03-16 14:17:22,991 - INFO - Optimal value of theta: 7895.634274870348.
2024-03-16 14:17:22,991 - INFO - Beginning optimization with guess, [1.10034041].
2024-03-16 14:17:36,599 - INFO - Finished optimization with guess, [1.10034041].
2024-03-16 14:17:36,601 - INFO - Best fit parameters: [1.10034041].
2024-03-16 14:17:37,286 - INFO - Maximum log composite likelihood: -3185.4621037145444.
2024-03-16 14:17:37,286 - INFO - Optimal value of theta: 7895.634274870348.
2024-03-16 14:17:37,287 - INFO - Beginning optimization with guess, [2.25825405].
2024-03-16 14:17:57,318 - INFO - Finished optimization with guess, [2.25825405].
2024-03-16 14:17:57,320 - INFO - Best fit parameters: [2.25825405].
2024-03-16 14:17:58,023 - INFO - Maximum log composite likelihood: -3185.4621037145444.
2024-03-16 14:17:58,023 - INFO - Optimal value of theta: 7895.634274870348.
2024-03-16 14:17:58,023 - INFO - Beginning optimization with guess, [1.147978].
2024-03-16 14:18:13,984 - INFO - Finished optimization with guess, [1.147978].
2024-03-16 14:18:13,985 - INFO - Best fit parameters: [1.147978].
2024-03-16 14:18:14,662 - INFO - Maximum log composite likelihood: -3185.4621037145444.
2024-03-16 14:18:14,662 - INFO - Optimal value of theta: 7895.634274870348.
2024-03-16 14:18:14,662 - INFO - Beginning optimization with guess, [3.62954561].
2024-03-16 14:18:36,612 - INFO - Finished optimization with guess, [3.62954561].
2024-03-16 14:18:36,613 - INFO - Best fit parameters: [3.62954561].
2024-03-16 14:18:37,302 - INFO - Maximum log composite likelihood: -3185.4621037145444.
2024-03-16 14:18:37,302 - INFO - Optimal value of theta: 7895.634274870348.
2024-03-16 14:18:37,303 - INFO - Beginning optimization with guess, [1.58641584].
2024-03-16 14:18:55,237 - INFO - Finished optimization with guess, [1.58641584].
2024-03-16 14:18:55,238 - INFO - Best fit parameters: [1.58641584].
2024-03-16 14:18:55,939 - INFO - Maximum log composite likelihood: -3185.4621037145444.
2024-03-16 14:18:55,940 - INFO - Optimal value of theta: 7895.634274870348.
2024-03-16 14:18:55,940 - INFO - Beginning optimization with guess, [2.56022209].
2024-03-16 14:19:15,676 - INFO - Finished optimization with guess, [2.56022209].
2024-03-16 14:19:15,677 - INFO - Best fit parameters: [2.56022209].
2024-03-16 14:19:16,352 - INFO - Maximum log composite likelihood: -3185.4621037145444.
2024-03-16 14:19:16,353 - INFO - Optimal value of theta: 7895.634274870348.
2024-03-16 14:19:16,353 - INFO - Beginning optimization with guess, [2.7130831].
2024-03-16 14:19:36,049 - INFO - Finished optimization with guess, [2.7130831].
2024-03-16 14:19:36,050 - INFO - Best fit parameters: [2.7130831].
2024-03-16 14:19:36,720 - INFO - Maximum log composite likelihood: -3185.4621037145444.
2024-03-16 14:19:36,720 - INFO - Optimal value of theta: 7895.634274870348.
2024-03-16 14:19:36,721 - INFO - Beginning optimization with guess, [3.69137169].
2024-03-16 14:19:58,681 - INFO - Finished optimization with guess, [3.69137169].
2024-03-16 14:19:58,682 - INFO - Best fit parameters: [3.69137169].
2024-03-16 14:19:59,362 - INFO - Maximum log composite likelihood: -3185.4621037145444.
2024-03-16 14:19:59,362 - INFO - Optimal value of theta: 7895.634274870348.
2024-03-16 14:19:59,362 - INFO - Beginning optimization with guess, [2.80927989].
2024-03-16 14:20:21,482 - INFO - Finished optimization with guess, [2.80927989].
2024-03-16 14:20:21,483 - INFO - Best fit parameters: [2.80927989].
2024-03-16 14:20:22,169 - INFO - Maximum log composite likelihood: -3185.4621037145444.
2024-03-16 14:20:22,169 - INFO - Optimal value of theta: 7895.634274870348.
2024-03-16 14:20:22,169 - INFO - Beginning optimization with guess, [3.82257809].
2024-03-16 14:20:44,302 - INFO - Finished optimization with guess, [3.82257809].
2024-03-16 14:20:44,303 - INFO - Best fit parameters: [3.82257809].
2024-03-16 14:20:45,001 - INFO - Maximum log composite likelihood: -3185.4621037145444.
2024-03-16 14:20:45,001 - INFO - Optimal value of theta: 7895.634274870348.
2024-03-16 14:20:45,001 - INFO - Beginning optimization with guess, [9.6309852].
2024-03-16 14:21:09,138 - INFO - Finished optimization with guess, [9.6309852].
2024-03-16 14:21:09,143 - INFO - Best fit parameters: [9.6309852].
2024-03-16 14:21:09,836 - INFO - Maximum log composite likelihood: -3185.4621037145444.
2024-03-16 14:21:09,836 - INFO - Optimal value of theta: 7895.634274870348.
2024-03-16 14:21:09,836 - INFO - Beginning optimization with guess, [5.05246336].
2024-03-16 14:21:31,986 - INFO - Finished optimization with guess, [5.05246336].
2024-03-16 14:21:31,988 - INFO - Best fit parameters: [5.05246336].
2024-03-16 14:21:32,668 - INFO - Maximum log composite likelihood: -3185.4621037145444.
2024-03-16 14:21:32,668 - INFO - Optimal value of theta: 7895.634274870348.
2024-03-16 14:21:32,668 - INFO - Beginning optimization with guess, [5.29699113].
2024-03-16 14:21:54,645 - INFO - Finished optimization with guess, [5.29699113].
2024-03-16 14:21:54,647 - INFO - Best fit parameters: [5.29699113].
2024-03-16 14:21:55,331 - INFO - Maximum log composite likelihood: -3185.4621037145444.
2024-03-16 14:21:55,331 - INFO - Optimal value of theta: 7895.634274870348.
2024-03-16 14:21:55,343 - INFO - Finished demographic inference.
2024-03-16 14:21:55,343 - INFO - Pipeline executed succesfully.
