2025-08-12 10:40:05,502 - INFO - Beginning execution of fit_demographic_model.py in directory /u/project/kirk-bigdata/jonmah/sample_size_demography/Scripts

2025-08-12 10:40:05,503 - INFO - Progress is being logged to ../Analysis/msprime_3EpB_170/log.log

2025-08-12 10:40:05,503 - INFO - Parsed the following arguments:
	syn_input_sfs = ../Simulations/simple_simulations/ThreeEpochBottleneck_170_concat.sfs
	mask_singletons = False
	mask_doubletons = False
	L_syn = 100000000.0
	input_params = []
	outprefix = ../Analysis/msprime_3EpB_170/

2025-08-12 10:40:05,521 - INFO - Beginning demographic inference for one-epoch demographic model.
2025-08-12 10:40:05,522 - INFO - Beginning optimization with guess, [0.07781322].
2025-08-12 10:40:05,789 - INFO - Finished optimization with guess, [0.07781322].
2025-08-12 10:40:05,790 - INFO - Best fit parameters: [0.07781322].
2025-08-12 10:40:05,921 - INFO - Maximum log composite likelihood: -21999.375467550082.
2025-08-12 10:40:05,921 - INFO - Optimal value of theta: 25050.267642494764.
2025-08-12 10:40:05,921 - INFO - Beginning optimization with guess, [0.15510117].
2025-08-12 10:40:06,184 - INFO - Finished optimization with guess, [0.15510117].
2025-08-12 10:40:06,184 - INFO - Best fit parameters: [0.15510117].
2025-08-12 10:40:06,317 - INFO - Maximum log composite likelihood: -21999.375467550082.
2025-08-12 10:40:06,317 - INFO - Optimal value of theta: 25050.267642494764.
2025-08-12 10:40:06,318 - INFO - Beginning optimization with guess, [0.59567635].
2025-08-12 10:40:06,591 - INFO - Finished optimization with guess, [0.59567635].
2025-08-12 10:40:06,592 - INFO - Best fit parameters: [0.59567635].
2025-08-12 10:40:06,726 - INFO - Maximum log composite likelihood: -21999.375467550082.
2025-08-12 10:40:06,726 - INFO - Optimal value of theta: 25050.267642494764.
2025-08-12 10:40:06,726 - INFO - Beginning optimization with guess, [0.58188168].
2025-08-12 10:40:06,994 - INFO - Finished optimization with guess, [0.58188168].
2025-08-12 10:40:06,994 - INFO - Best fit parameters: [0.58188168].
2025-08-12 10:40:07,128 - INFO - Maximum log composite likelihood: -21999.375467550082.
2025-08-12 10:40:07,128 - INFO - Optimal value of theta: 25050.267642494764.
2025-08-12 10:40:07,128 - INFO - Beginning optimization with guess, [0.75316861].
2025-08-12 10:40:07,395 - INFO - Finished optimization with guess, [0.75316861].
2025-08-12 10:40:07,395 - INFO - Best fit parameters: [0.75316861].
2025-08-12 10:40:07,528 - INFO - Maximum log composite likelihood: -21999.375467550082.
2025-08-12 10:40:07,528 - INFO - Optimal value of theta: 25050.267642494764.
2025-08-12 10:40:07,529 - INFO - Beginning optimization with guess, [0.30046161].
2025-08-12 10:40:07,796 - INFO - Finished optimization with guess, [0.30046161].
2025-08-12 10:40:07,797 - INFO - Best fit parameters: [0.30046161].
2025-08-12 10:40:07,930 - INFO - Maximum log composite likelihood: -21999.375467550082.
2025-08-12 10:40:07,930 - INFO - Optimal value of theta: 25050.267642494764.
2025-08-12 10:40:07,930 - INFO - Beginning optimization with guess, [1.0816757].
2025-08-12 10:40:08,197 - INFO - Finished optimization with guess, [1.0816757].
2025-08-12 10:40:08,197 - INFO - Best fit parameters: [1.0816757].
2025-08-12 10:40:08,330 - INFO - Maximum log composite likelihood: -21999.375467550082.
2025-08-12 10:40:08,330 - INFO - Optimal value of theta: 25050.267642494764.
2025-08-12 10:40:08,330 - INFO - Beginning optimization with guess, [0.51743248].
2025-08-12 10:40:08,599 - INFO - Finished optimization with guess, [0.51743248].
2025-08-12 10:40:08,600 - INFO - Best fit parameters: [0.51743248].
2025-08-12 10:40:08,733 - INFO - Maximum log composite likelihood: -21999.375467550082.
2025-08-12 10:40:08,733 - INFO - Optimal value of theta: 25050.267642494764.
2025-08-12 10:40:08,733 - INFO - Beginning optimization with guess, [0.70614364].
2025-08-12 10:40:09,001 - INFO - Finished optimization with guess, [0.70614364].
2025-08-12 10:40:09,001 - INFO - Best fit parameters: [0.70614364].
2025-08-12 10:40:09,134 - INFO - Maximum log composite likelihood: -21999.375467550082.
2025-08-12 10:40:09,134 - INFO - Optimal value of theta: 25050.267642494764.
2025-08-12 10:40:09,134 - INFO - Beginning optimization with guess, [0.73847575].
2025-08-12 10:40:09,402 - INFO - Finished optimization with guess, [0.73847575].
2025-08-12 10:40:09,402 - INFO - Best fit parameters: [0.73847575].
2025-08-12 10:40:09,535 - INFO - Maximum log composite likelihood: -21999.375467550082.
2025-08-12 10:40:09,535 - INFO - Optimal value of theta: 25050.267642494764.
2025-08-12 10:40:09,535 - INFO - Beginning optimization with guess, [0.62637979].
2025-08-12 10:40:09,802 - INFO - Finished optimization with guess, [0.62637979].
2025-08-12 10:40:09,803 - INFO - Best fit parameters: [0.62637979].
2025-08-12 10:40:09,936 - INFO - Maximum log composite likelihood: -21999.375467550082.
2025-08-12 10:40:09,936 - INFO - Optimal value of theta: 25050.267642494764.
2025-08-12 10:40:09,936 - INFO - Beginning optimization with guess, [1.78928984].
2025-08-12 10:40:10,204 - INFO - Finished optimization with guess, [1.78928984].
2025-08-12 10:40:10,204 - INFO - Best fit parameters: [1.78928984].
2025-08-12 10:40:10,337 - INFO - Maximum log composite likelihood: -21999.375467550082.
2025-08-12 10:40:10,338 - INFO - Optimal value of theta: 25050.267642494764.
2025-08-12 10:40:10,338 - INFO - Beginning optimization with guess, [1.61437809].
2025-08-12 10:40:10,605 - INFO - Finished optimization with guess, [1.61437809].
2025-08-12 10:40:10,605 - INFO - Best fit parameters: [1.61437809].
2025-08-12 10:40:10,743 - INFO - Maximum log composite likelihood: -21999.375467550082.
2025-08-12 10:40:10,743 - INFO - Optimal value of theta: 25050.267642494764.
2025-08-12 10:40:10,743 - INFO - Beginning optimization with guess, [1.86221299].
2025-08-12 10:40:11,026 - INFO - Finished optimization with guess, [1.86221299].
2025-08-12 10:40:11,026 - INFO - Best fit parameters: [1.86221299].
2025-08-12 10:40:11,167 - INFO - Maximum log composite likelihood: -21999.375467550082.
2025-08-12 10:40:11,167 - INFO - Optimal value of theta: 25050.267642494764.
2025-08-12 10:40:11,168 - INFO - Beginning optimization with guess, [3.5983181].
2025-08-12 10:40:11,439 - INFO - Finished optimization with guess, [3.5983181].
2025-08-12 10:40:11,439 - INFO - Best fit parameters: [3.5983181].
2025-08-12 10:40:11,574 - INFO - Maximum log composite likelihood: -21999.375467550082.
2025-08-12 10:40:11,574 - INFO - Optimal value of theta: 25050.267642494764.
2025-08-12 10:40:11,574 - INFO - Beginning optimization with guess, [3.08011212].
2025-08-12 10:40:11,852 - INFO - Finished optimization with guess, [3.08011212].
2025-08-12 10:40:11,853 - INFO - Best fit parameters: [3.08011212].
2025-08-12 10:40:11,989 - INFO - Maximum log composite likelihood: -21999.375467550082.
2025-08-12 10:40:11,989 - INFO - Optimal value of theta: 25050.267642494764.
2025-08-12 10:40:11,990 - INFO - Beginning optimization with guess, [4.89030591].
2025-08-12 10:40:12,272 - INFO - Finished optimization with guess, [4.89030591].
2025-08-12 10:40:12,272 - INFO - Best fit parameters: [4.89030591].
2025-08-12 10:40:12,413 - INFO - Maximum log composite likelihood: -21999.375467550082.
2025-08-12 10:40:12,413 - INFO - Optimal value of theta: 25050.267642494764.
2025-08-12 10:40:12,413 - INFO - Beginning optimization with guess, [5.68990546].
2025-08-12 10:40:12,683 - INFO - Finished optimization with guess, [5.68990546].
2025-08-12 10:40:12,683 - INFO - Best fit parameters: [5.68990546].
2025-08-12 10:40:12,824 - INFO - Maximum log composite likelihood: -21999.375467550082.
2025-08-12 10:40:12,825 - INFO - Optimal value of theta: 25050.267642494764.
2025-08-12 10:40:12,825 - INFO - Beginning optimization with guess, [2.72938907].
2025-08-12 10:40:13,104 - INFO - Finished optimization with guess, [2.72938907].
2025-08-12 10:40:13,104 - INFO - Best fit parameters: [2.72938907].
2025-08-12 10:40:13,237 - INFO - Maximum log composite likelihood: -21999.375467550082.
2025-08-12 10:40:13,238 - INFO - Optimal value of theta: 25050.267642494764.
2025-08-12 10:40:13,238 - INFO - Beginning optimization with guess, [5.96324106].
2025-08-12 10:40:13,520 - INFO - Finished optimization with guess, [5.96324106].
2025-08-12 10:40:13,520 - INFO - Best fit parameters: [5.96324106].
2025-08-12 10:40:13,661 - INFO - Maximum log composite likelihood: -21999.375467550082.
2025-08-12 10:40:13,662 - INFO - Optimal value of theta: 25050.267642494764.
2025-08-12 10:40:13,662 - INFO - Beginning optimization with guess, [7.10130166].
2025-08-12 10:40:13,944 - INFO - Finished optimization with guess, [7.10130166].
2025-08-12 10:40:13,944 - INFO - Best fit parameters: [7.10130166].
2025-08-12 10:40:14,085 - INFO - Maximum log composite likelihood: -21999.375467550082.
2025-08-12 10:40:14,085 - INFO - Optimal value of theta: 25050.267642494764.
2025-08-12 10:40:14,085 - INFO - Beginning optimization with guess, [3.18615059].
2025-08-12 10:40:14,367 - INFO - Finished optimization with guess, [3.18615059].
2025-08-12 10:40:14,367 - INFO - Best fit parameters: [3.18615059].
2025-08-12 10:40:14,508 - INFO - Maximum log composite likelihood: -21999.375467550082.
2025-08-12 10:40:14,508 - INFO - Optimal value of theta: 25050.267642494764.
2025-08-12 10:40:14,508 - INFO - Beginning optimization with guess, [8.37530761].
2025-08-12 10:40:14,787 - INFO - Finished optimization with guess, [8.37530761].
2025-08-12 10:40:14,787 - INFO - Best fit parameters: [8.37530761].
2025-08-12 10:40:14,927 - INFO - Maximum log composite likelihood: -21999.375467550082.
2025-08-12 10:40:14,927 - INFO - Optimal value of theta: 25050.267642494764.
2025-08-12 10:40:14,927 - INFO - Beginning optimization with guess, [5.38992256].
2025-08-12 10:40:15,204 - INFO - Finished optimization with guess, [5.38992256].
2025-08-12 10:40:15,204 - INFO - Best fit parameters: [5.38992256].
2025-08-12 10:40:15,337 - INFO - Maximum log composite likelihood: -21999.375467550082.
2025-08-12 10:40:15,337 - INFO - Optimal value of theta: 25050.267642494764.
2025-08-12 10:40:15,338 - INFO - Beginning optimization with guess, [8.98521333].
2025-08-12 10:40:15,604 - INFO - Finished optimization with guess, [8.98521333].
2025-08-12 10:40:15,605 - INFO - Best fit parameters: [8.98521333].
2025-08-12 10:40:15,738 - INFO - Maximum log composite likelihood: -21999.375467550082.
2025-08-12 10:40:15,738 - INFO - Optimal value of theta: 25050.267642494764.
2025-08-12 10:40:15,740 - INFO - Converting and interpreting Tau estimates.
2025-08-12 10:40:15,741 - INFO - Finished demographic inference.
2025-08-12 10:40:15,741 - INFO - Pipeline executed succesfully.
