2024-03-14 22:39:05,913 - INFO - Beginning execution of fit_demographic_model.py in directory /u/project/kirk/jonmah/sample_size_demography/Scripts

2024-03-14 22:39:05,913 - INFO - Progress is being logged to ../Analysis/ThreeEpochBottleneck_520/log.log

2024-03-14 22:39:05,914 - INFO - Parsed the following arguments:
	syn_input_sfs = ../Analysis/ThreeEpochExpansion_520/syn_downsampled_sfs.txt
	mask_singletons = False
	mask_doubletons = False
	outprefix = ../Analysis/ThreeEpochBottleneck_520/

2024-03-14 22:39:05,916 - INFO - Beginning demographic inference for one-epoch demographic model.
2024-03-14 22:39:05,917 - INFO - Beginning optimization with guess, [0.1566246].
2024-03-14 22:39:53,915 - INFO - Finished optimization with guess, [0.1566246].
2024-03-14 22:39:53,918 - INFO - Best fit parameters: [0.1566246].
2024-03-14 22:39:55,501 - INFO - Maximum log composite likelihood: -9985.312081186237.
2024-03-14 22:39:55,502 - INFO - Optimal value of theta: 18304.64601389426.
2024-03-14 22:39:55,502 - INFO - Beginning optimization with guess, [0.14269447].
2024-03-14 22:40:44,120 - INFO - Finished optimization with guess, [0.14269447].
2024-03-14 22:40:44,121 - INFO - Best fit parameters: [0.14269447].
2024-03-14 22:40:45,636 - INFO - Maximum log composite likelihood: -9985.312081186237.
2024-03-14 22:40:45,636 - INFO - Optimal value of theta: 18304.64601389426.
2024-03-14 22:40:45,636 - INFO - Beginning optimization with guess, [0.45574711].
2024-03-14 22:41:28,235 - INFO - Finished optimization with guess, [0.45574711].
2024-03-14 22:41:28,236 - INFO - Best fit parameters: [0.45574711].
2024-03-14 22:41:29,746 - INFO - Maximum log composite likelihood: -9985.312081186237.
2024-03-14 22:41:29,746 - INFO - Optimal value of theta: 18304.64601389426.
2024-03-14 22:41:29,746 - INFO - Beginning optimization with guess, [0.27417077].
2024-03-14 22:42:19,395 - INFO - Finished optimization with guess, [0.27417077].
2024-03-14 22:42:19,396 - INFO - Best fit parameters: [0.27417077].
2024-03-14 22:42:20,963 - INFO - Maximum log composite likelihood: -9985.312081186237.
2024-03-14 22:42:20,963 - INFO - Optimal value of theta: 18304.64601389426.
2024-03-14 22:42:20,963 - INFO - Beginning optimization with guess, [0.45749868].
2024-03-14 22:43:06,244 - INFO - Finished optimization with guess, [0.45749868].
2024-03-14 22:43:06,245 - INFO - Best fit parameters: [0.45749868].
2024-03-14 22:43:07,826 - INFO - Maximum log composite likelihood: -9985.312081186237.
2024-03-14 22:43:07,827 - INFO - Optimal value of theta: 18304.64601389426.
2024-03-14 22:43:07,827 - INFO - Beginning optimization with guess, [0.30338729].
2024-03-14 22:43:57,583 - INFO - Finished optimization with guess, [0.30338729].
2024-03-14 22:43:57,584 - INFO - Best fit parameters: [0.30338729].
2024-03-14 22:43:59,127 - INFO - Maximum log composite likelihood: -9985.312081186237.
2024-03-14 22:43:59,127 - INFO - Optimal value of theta: 18304.64601389426.
2024-03-14 22:43:59,128 - INFO - Beginning optimization with guess, [0.56241033].
2024-03-14 22:44:43,798 - INFO - Finished optimization with guess, [0.56241033].
2024-03-14 22:44:43,799 - INFO - Best fit parameters: [0.56241033].
2024-03-14 22:44:45,362 - INFO - Maximum log composite likelihood: -9985.312081186237.
2024-03-14 22:44:45,362 - INFO - Optimal value of theta: 18304.64601389426.
2024-03-14 22:44:45,363 - INFO - Beginning optimization with guess, [1.00839959].
2024-03-14 22:45:02,359 - INFO - Finished optimization with guess, [1.00839959].
2024-03-14 22:45:02,360 - INFO - Best fit parameters: [1.00839959].
2024-03-14 22:45:04,006 - INFO - Maximum log composite likelihood: -9985.312081186237.
2024-03-14 22:45:04,007 - INFO - Optimal value of theta: 18304.64601389426.
2024-03-14 22:45:04,007 - INFO - Beginning optimization with guess, [1.05792888].
2024-03-14 22:45:29,828 - INFO - Finished optimization with guess, [1.05792888].
2024-03-14 22:45:29,829 - INFO - Best fit parameters: [1.05792888].
2024-03-14 22:45:31,409 - INFO - Maximum log composite likelihood: -9985.312081186237.
2024-03-14 22:45:31,409 - INFO - Optimal value of theta: 18304.64601389426.
2024-03-14 22:45:31,409 - INFO - Beginning optimization with guess, [1.22616477].
2024-03-14 22:46:07,002 - INFO - Finished optimization with guess, [1.22616477].
2024-03-14 22:46:07,003 - INFO - Best fit parameters: [1.22616477].
2024-03-14 22:46:08,541 - INFO - Maximum log composite likelihood: -9985.312081186237.
2024-03-14 22:46:08,541 - INFO - Optimal value of theta: 18304.64601389426.
2024-03-14 22:46:08,541 - INFO - Beginning optimization with guess, [2.02926801].
2024-03-14 22:46:53,374 - INFO - Finished optimization with guess, [2.02926801].
2024-03-14 22:46:53,375 - INFO - Best fit parameters: [2.02926801].
2024-03-14 22:46:54,994 - INFO - Maximum log composite likelihood: -9985.312081186237.
2024-03-14 22:46:54,994 - INFO - Optimal value of theta: 18304.64601389426.
2024-03-14 22:46:54,995 - INFO - Beginning optimization with guess, [1.43904921].
2024-03-14 22:47:35,363 - INFO - Finished optimization with guess, [1.43904921].
2024-03-14 22:47:35,364 - INFO - Best fit parameters: [1.43904921].
2024-03-14 22:47:36,722 - INFO - Maximum log composite likelihood: -9985.312081186237.
2024-03-14 22:47:36,722 - INFO - Optimal value of theta: 18304.64601389426.
2024-03-14 22:47:36,723 - INFO - Beginning optimization with guess, [1.21057587].
2024-03-14 22:48:12,146 - INFO - Finished optimization with guess, [1.21057587].
2024-03-14 22:48:12,147 - INFO - Best fit parameters: [1.21057587].
2024-03-14 22:48:13,615 - INFO - Maximum log composite likelihood: -9985.312081186237.
2024-03-14 22:48:13,615 - INFO - Optimal value of theta: 18304.64601389426.
2024-03-14 22:48:13,615 - INFO - Beginning optimization with guess, [1.28791204].
2024-03-14 22:48:48,985 - INFO - Finished optimization with guess, [1.28791204].
2024-03-14 22:48:48,986 - INFO - Best fit parameters: [1.28791204].
2024-03-14 22:48:50,534 - INFO - Maximum log composite likelihood: -9985.312081186237.
2024-03-14 22:48:50,535 - INFO - Optimal value of theta: 18304.64601389426.
2024-03-14 22:48:50,535 - INFO - Beginning optimization with guess, [3.20117111].
2024-03-14 22:49:39,973 - INFO - Finished optimization with guess, [3.20117111].
2024-03-14 22:49:39,975 - INFO - Best fit parameters: [3.20117111].
2024-03-14 22:49:41,532 - INFO - Maximum log composite likelihood: -9985.312081186237.
2024-03-14 22:49:41,532 - INFO - Optimal value of theta: 18304.64601389426.
2024-03-14 22:49:41,533 - INFO - Beginning optimization with guess, [1.52548145].
2024-03-14 22:50:21,992 - INFO - Finished optimization with guess, [1.52548145].
2024-03-14 22:50:21,993 - INFO - Best fit parameters: [1.52548145].
2024-03-14 22:50:23,494 - INFO - Maximum log composite likelihood: -9985.312081186237.
2024-03-14 22:50:23,494 - INFO - Optimal value of theta: 18304.64601389426.
2024-03-14 22:50:23,494 - INFO - Beginning optimization with guess, [3.71742816].
2024-03-14 22:51:12,833 - INFO - Finished optimization with guess, [3.71742816].
2024-03-14 22:51:12,835 - INFO - Best fit parameters: [3.71742816].
2024-03-14 22:51:14,342 - INFO - Maximum log composite likelihood: -9985.312081186237.
2024-03-14 22:51:14,342 - INFO - Optimal value of theta: 18304.64601389426.
2024-03-14 22:51:14,342 - INFO - Beginning optimization with guess, [2.38002905].
2024-03-14 22:51:59,482 - INFO - Finished optimization with guess, [2.38002905].
2024-03-14 22:51:59,483 - INFO - Best fit parameters: [2.38002905].
2024-03-14 22:52:00,995 - INFO - Maximum log composite likelihood: -9985.312081186237.
2024-03-14 22:52:00,996 - INFO - Optimal value of theta: 18304.64601389426.
2024-03-14 22:52:00,996 - INFO - Beginning optimization with guess, [5.97553987].
2024-03-14 22:52:47,427 - INFO - Finished optimization with guess, [5.97553987].
2024-03-14 22:52:47,428 - INFO - Best fit parameters: [5.97553987].
2024-03-14 22:52:48,867 - INFO - Maximum log composite likelihood: -9985.312081186237.
2024-03-14 22:52:48,868 - INFO - Optimal value of theta: 18304.64601389426.
2024-03-14 22:52:48,868 - INFO - Beginning optimization with guess, [3.19912398].
2024-03-14 22:53:35,711 - INFO - Finished optimization with guess, [3.19912398].
2024-03-14 22:53:35,713 - INFO - Best fit parameters: [3.19912398].
2024-03-14 22:53:37,263 - INFO - Maximum log composite likelihood: -9985.312081186237.
2024-03-14 22:53:37,264 - INFO - Optimal value of theta: 18304.64601389426.
2024-03-14 22:53:37,264 - INFO - Beginning optimization with guess, [2.5190757].
2024-03-14 22:54:20,392 - INFO - Finished optimization with guess, [2.5190757].
2024-03-14 22:54:20,394 - INFO - Best fit parameters: [2.5190757].
2024-03-14 22:54:21,867 - INFO - Maximum log composite likelihood: -9985.312081186237.
2024-03-14 22:54:21,867 - INFO - Optimal value of theta: 18304.64601389426.
2024-03-14 22:54:21,868 - INFO - Beginning optimization with guess, [2.66334448].
2024-03-14 22:55:05,069 - INFO - Finished optimization with guess, [2.66334448].
2024-03-14 22:55:05,070 - INFO - Best fit parameters: [2.66334448].
2024-03-14 22:55:06,538 - INFO - Maximum log composite likelihood: -9985.312081186237.
2024-03-14 22:55:06,538 - INFO - Optimal value of theta: 18304.64601389426.
2024-03-14 22:55:06,538 - INFO - Beginning optimization with guess, [8.09244278].
2024-03-14 22:55:58,261 - INFO - Finished optimization with guess, [8.09244278].
2024-03-14 22:55:58,262 - INFO - Best fit parameters: [8.09244278].
2024-03-14 22:55:59,725 - INFO - Maximum log composite likelihood: -9985.312081186237.
2024-03-14 22:55:59,725 - INFO - Optimal value of theta: 18304.64601389426.
2024-03-14 22:55:59,726 - INFO - Beginning optimization with guess, [10.17158059].
2024-03-14 22:56:51,502 - INFO - Finished optimization with guess, [10.17158059].
2024-03-14 22:56:51,503 - INFO - Best fit parameters: [10.17158059].
2024-03-14 22:56:52,999 - INFO - Maximum log composite likelihood: -9985.312081186237.
2024-03-14 22:56:52,999 - INFO - Optimal value of theta: 18304.64601389426.
2024-03-14 22:56:52,999 - INFO - Beginning optimization with guess, [6.61347195].
2024-03-14 22:57:40,659 - INFO - Finished optimization with guess, [6.61347195].
2024-03-14 22:57:40,662 - INFO - Best fit parameters: [6.61347195].
2024-03-14 22:57:42,186 - INFO - Maximum log composite likelihood: -9985.312081186237.
2024-03-14 22:57:42,186 - INFO - Optimal value of theta: 18304.64601389426.
2024-03-14 22:57:42,194 - INFO - Finished demographic inference.
2024-03-14 22:57:42,194 - INFO - Pipeline executed succesfully.
