2024-01-17 15:55:31,651 - INFO - Beginning execution of fit_demographic_model.py in directory /u/project/kirk/jonmah/sample_size_demography/Scripts

2024-01-17 15:55:31,652 - INFO - Progress is being logged to ../Analysis/1kg_EUR_44/log.log

2024-01-17 15:55:31,652 - INFO - Parsed the following arguments:
	syn_input_sfs = ../Analysis/1kg_EUR_44/syn_downsampled_sfs.txt
	mask_singletons = False
	mask_doubletons = False
	outprefix = ../Analysis/1kg_EUR_44/

2024-01-17 15:55:31,659 - INFO - Beginning demographic inference for one-epoch demographic model.
2024-01-17 15:55:31,660 - INFO - Beginning optimization with guess, [0.07357143].
2024-01-17 15:55:38,227 - INFO - Finished optimization with guess, [0.07357143].
2024-01-17 15:55:38,228 - INFO - Best fit parameters: [0.07357143].
2024-01-17 15:55:38,543 - INFO - Maximum log composite likelihood: -222.47185880900588.
2024-01-17 15:55:38,543 - INFO - Optimal value of theta: 5050.836671594478.
2024-01-17 15:55:38,544 - INFO - Beginning optimization with guess, [0.23840149].
2024-01-17 15:55:44,266 - INFO - Finished optimization with guess, [0.23840149].
2024-01-17 15:55:44,266 - INFO - Best fit parameters: [0.23840149].
2024-01-17 15:55:44,592 - INFO - Maximum log composite likelihood: -222.47185880900588.
2024-01-17 15:55:44,593 - INFO - Optimal value of theta: 5050.836671594478.
2024-01-17 15:55:44,593 - INFO - Beginning optimization with guess, [0.17574378].
2024-01-17 15:55:50,637 - INFO - Finished optimization with guess, [0.17574378].
2024-01-17 15:55:50,638 - INFO - Best fit parameters: [0.17574378].
2024-01-17 15:55:50,805 - INFO - Maximum log composite likelihood: -222.47185880900588.
2024-01-17 15:55:50,805 - INFO - Optimal value of theta: 5050.836671594478.
2024-01-17 15:55:50,806 - INFO - Beginning optimization with guess, [0.45612117].
2024-01-17 15:55:55,949 - INFO - Finished optimization with guess, [0.45612117].
2024-01-17 15:55:55,950 - INFO - Best fit parameters: [0.45612117].
2024-01-17 15:55:56,112 - INFO - Maximum log composite likelihood: -222.47185880900588.
2024-01-17 15:55:56,113 - INFO - Optimal value of theta: 5050.836671594478.
2024-01-17 15:55:56,113 - INFO - Beginning optimization with guess, [0.32626537].
2024-01-17 15:56:01,657 - INFO - Finished optimization with guess, [0.32626537].
2024-01-17 15:56:01,658 - INFO - Best fit parameters: [0.32626537].
2024-01-17 15:56:01,970 - INFO - Maximum log composite likelihood: -222.47185880900588.
2024-01-17 15:56:01,971 - INFO - Optimal value of theta: 5050.836671594478.
2024-01-17 15:56:01,971 - INFO - Beginning optimization with guess, [1.15089294].
2024-01-17 15:56:06,283 - INFO - Finished optimization with guess, [1.15089294].
2024-01-17 15:56:06,284 - INFO - Best fit parameters: [1.15089294].
2024-01-17 15:56:06,543 - INFO - Maximum log composite likelihood: -222.47185880900588.
2024-01-17 15:56:06,543 - INFO - Optimal value of theta: 5050.836671594478.
2024-01-17 15:56:06,543 - INFO - Beginning optimization with guess, [1.18657124].
2024-01-17 15:56:10,889 - INFO - Finished optimization with guess, [1.18657124].
2024-01-17 15:56:10,890 - INFO - Best fit parameters: [1.18657124].
2024-01-17 15:56:11,060 - INFO - Maximum log composite likelihood: -222.47185880900588.
2024-01-17 15:56:11,060 - INFO - Optimal value of theta: 5050.836671594478.
2024-01-17 15:56:11,060 - INFO - Beginning optimization with guess, [1.23087915].
2024-01-17 15:56:16,038 - INFO - Finished optimization with guess, [1.23087915].
2024-01-17 15:56:16,038 - INFO - Best fit parameters: [1.23087915].
2024-01-17 15:56:16,202 - INFO - Maximum log composite likelihood: -222.47185880900588.
2024-01-17 15:56:16,202 - INFO - Optimal value of theta: 5050.836671594478.
2024-01-17 15:56:16,202 - INFO - Beginning optimization with guess, [0.46532476].
2024-01-17 15:56:21,889 - INFO - Finished optimization with guess, [0.46532476].
2024-01-17 15:56:21,890 - INFO - Best fit parameters: [0.46532476].
2024-01-17 15:56:22,107 - INFO - Maximum log composite likelihood: -222.47185880900588.
2024-01-17 15:56:22,107 - INFO - Optimal value of theta: 5050.836671594478.
2024-01-17 15:56:22,107 - INFO - Beginning optimization with guess, [0.61541121].
2024-01-17 15:56:27,110 - INFO - Finished optimization with guess, [0.61541121].
2024-01-17 15:56:27,111 - INFO - Best fit parameters: [0.61541121].
2024-01-17 15:56:27,343 - INFO - Maximum log composite likelihood: -222.47185880900588.
2024-01-17 15:56:27,344 - INFO - Optimal value of theta: 5050.836671594478.
2024-01-17 15:56:27,344 - INFO - Beginning optimization with guess, [1.65769915].
2024-01-17 15:56:32,192 - INFO - Finished optimization with guess, [1.65769915].
2024-01-17 15:56:32,193 - INFO - Best fit parameters: [1.65769915].
2024-01-17 15:56:32,356 - INFO - Maximum log composite likelihood: -222.47185880900588.
2024-01-17 15:56:32,357 - INFO - Optimal value of theta: 5050.836671594478.
2024-01-17 15:56:32,357 - INFO - Beginning optimization with guess, [2.56579669].
2024-01-17 15:56:37,891 - INFO - Finished optimization with guess, [2.56579669].
2024-01-17 15:56:37,892 - INFO - Best fit parameters: [2.56579669].
2024-01-17 15:56:38,059 - INFO - Maximum log composite likelihood: -222.47185880900588.
2024-01-17 15:56:38,059 - INFO - Optimal value of theta: 5050.836671594478.
2024-01-17 15:56:38,060 - INFO - Beginning optimization with guess, [2.61711874].
2024-01-17 15:56:44,526 - INFO - Finished optimization with guess, [2.61711874].
2024-01-17 15:56:44,527 - INFO - Best fit parameters: [2.61711874].
2024-01-17 15:56:44,863 - INFO - Maximum log composite likelihood: -222.47185880900588.
2024-01-17 15:56:44,863 - INFO - Optimal value of theta: 5050.836671594478.
2024-01-17 15:56:44,864 - INFO - Beginning optimization with guess, [3.82756079].
2024-01-17 15:56:51,342 - INFO - Finished optimization with guess, [3.82756079].
2024-01-17 15:56:51,342 - INFO - Best fit parameters: [3.82756079].
2024-01-17 15:56:51,514 - INFO - Maximum log composite likelihood: -222.47185880900588.
2024-01-17 15:56:51,514 - INFO - Optimal value of theta: 5050.836671594478.
2024-01-17 15:56:51,514 - INFO - Beginning optimization with guess, [1.3553672].
2024-01-17 15:56:56,473 - INFO - Finished optimization with guess, [1.3553672].
2024-01-17 15:56:56,473 - INFO - Best fit parameters: [1.3553672].
2024-01-17 15:56:56,634 - INFO - Maximum log composite likelihood: -222.47185880900588.
2024-01-17 15:56:56,635 - INFO - Optimal value of theta: 5050.836671594478.
2024-01-17 15:56:56,635 - INFO - Beginning optimization with guess, [3.74465293].
2024-01-17 15:57:03,550 - INFO - Finished optimization with guess, [3.74465293].
2024-01-17 15:57:03,552 - INFO - Best fit parameters: [3.74465293].
2024-01-17 15:57:03,874 - INFO - Maximum log composite likelihood: -222.47185880900588.
2024-01-17 15:57:03,874 - INFO - Optimal value of theta: 5050.836671594478.
2024-01-17 15:57:03,874 - INFO - Beginning optimization with guess, [1.70477289].
2024-01-17 15:57:09,627 - INFO - Finished optimization with guess, [1.70477289].
2024-01-17 15:57:09,628 - INFO - Best fit parameters: [1.70477289].
2024-01-17 15:57:09,789 - INFO - Maximum log composite likelihood: -222.47185880900588.
2024-01-17 15:57:09,789 - INFO - Optimal value of theta: 5050.836671594478.
2024-01-17 15:57:09,789 - INFO - Beginning optimization with guess, [2.43482699].
2024-01-17 15:57:14,777 - INFO - Finished optimization with guess, [2.43482699].
2024-01-17 15:57:14,777 - INFO - Best fit parameters: [2.43482699].
2024-01-17 15:57:14,939 - INFO - Maximum log composite likelihood: -222.47185880900588.
2024-01-17 15:57:14,939 - INFO - Optimal value of theta: 5050.836671594478.
2024-01-17 15:57:14,939 - INFO - Beginning optimization with guess, [2.38393235].
2024-01-17 15:57:19,937 - INFO - Finished optimization with guess, [2.38393235].
2024-01-17 15:57:19,938 - INFO - Best fit parameters: [2.38393235].
2024-01-17 15:57:20,100 - INFO - Maximum log composite likelihood: -222.47185880900588.
2024-01-17 15:57:20,101 - INFO - Optimal value of theta: 5050.836671594478.
2024-01-17 15:57:20,101 - INFO - Beginning optimization with guess, [2.48141672].
2024-01-17 15:57:26,549 - INFO - Finished optimization with guess, [2.48141672].
2024-01-17 15:57:26,550 - INFO - Best fit parameters: [2.48141672].
2024-01-17 15:57:26,713 - INFO - Maximum log composite likelihood: -222.47185880900588.
2024-01-17 15:57:26,713 - INFO - Optimal value of theta: 5050.836671594478.
2024-01-17 15:57:26,713 - INFO - Beginning optimization with guess, [3.30239446].
2024-01-17 15:57:33,155 - INFO - Finished optimization with guess, [3.30239446].
2024-01-17 15:57:33,162 - INFO - Best fit parameters: [3.30239446].
2024-01-17 15:57:33,333 - INFO - Maximum log composite likelihood: -222.47185880900588.
2024-01-17 15:57:33,334 - INFO - Optimal value of theta: 5050.836671594478.
2024-01-17 15:57:33,334 - INFO - Beginning optimization with guess, [5.35030247].
2024-01-17 15:57:39,222 - INFO - Finished optimization with guess, [5.35030247].
2024-01-17 15:57:39,223 - INFO - Best fit parameters: [5.35030247].
2024-01-17 15:57:39,384 - INFO - Maximum log composite likelihood: -222.47185880900588.
2024-01-17 15:57:39,384 - INFO - Optimal value of theta: 5050.836671594478.
2024-01-17 15:57:39,385 - INFO - Beginning optimization with guess, [8.84164261].
2024-01-17 15:57:47,395 - INFO - Finished optimization with guess, [8.84164261].
2024-01-17 15:57:47,395 - INFO - Best fit parameters: [8.84164261].
2024-01-17 15:57:47,631 - INFO - Maximum log composite likelihood: -222.47185880900588.
2024-01-17 15:57:47,631 - INFO - Optimal value of theta: 5050.836671594478.
2024-01-17 15:57:47,631 - INFO - Beginning optimization with guess, [9.50715781].
2024-01-17 15:57:54,655 - INFO - Finished optimization with guess, [9.50715781].
2024-01-17 15:57:54,655 - INFO - Best fit parameters: [9.50715781].
2024-01-17 15:57:54,816 - INFO - Maximum log composite likelihood: -222.47185880900588.
2024-01-17 15:57:54,817 - INFO - Optimal value of theta: 5050.836671594478.
2024-01-17 15:57:54,817 - INFO - Beginning optimization with guess, [15.48431222].
2024-01-17 15:58:02,076 - INFO - Finished optimization with guess, [15.48431222].
2024-01-17 15:58:02,077 - INFO - Best fit parameters: [15.48431222].
2024-01-17 15:58:02,405 - INFO - Maximum log composite likelihood: -222.47185880900588.
2024-01-17 15:58:02,405 - INFO - Optimal value of theta: 5050.836671594478.
2024-01-17 15:58:02,412 - INFO - Beginning demographic inference for two-epoch demographic model.
2024-01-17 15:58:02,414 - INFO - Beginning optimization with guess, [0.09562155 0.00796515].
2024-01-17 15:58:08,855 - INFO - Finished optimization with guess, [0.09562155 0.00796515].
2024-01-17 15:58:08,855 - INFO - Best fit parameters: [0.25904284 0.00184607].
2024-01-17 15:58:09,112 - INFO - Maximum log composite likelihood: -211.16518880063654.
2024-01-17 15:58:09,112 - INFO - Optimal value of theta: 5175.681082552806.
2024-01-17 15:58:09,114 - INFO - Beginning optimization with guess, [0.17729253 0.01416644].
2024-01-17 15:58:16,182 - INFO - Finished optimization with guess, [0.17729253 0.01416644].
2024-01-17 15:58:16,183 - INFO - Best fit parameters: [0.4299749 0.0035723].
2024-01-17 15:58:16,348 - INFO - Maximum log composite likelihood: -209.9775837364998.
2024-01-17 15:58:16,348 - INFO - Optimal value of theta: 5161.148417544942.
2024-01-17 15:58:16,348 - INFO - Beginning optimization with guess, [0.15392311 0.01941439].
2024-01-17 15:58:21,987 - INFO - Finished optimization with guess, [0.15392311 0.01941439].
2024-01-17 15:58:21,987 - INFO - Best fit parameters: [0.44815633 0.0049353 ].
2024-01-17 15:58:22,323 - INFO - Maximum log composite likelihood: -209.48431126195646.
2024-01-17 15:58:22,332 - INFO - Optimal value of theta: 5190.091946135078.
2024-01-17 15:58:22,333 - INFO - Beginning optimization with guess, [0.3051193  0.01233825].
2024-01-17 15:58:27,900 - INFO - Finished optimization with guess, [0.3051193  0.01233825].
2024-01-17 15:58:27,901 - INFO - Best fit parameters: [0.72092375 0.01329033].
2024-01-17 15:58:28,069 - INFO - Maximum log composite likelihood: -205.85841409464615.
2024-01-17 15:58:28,069 - INFO - Optimal value of theta: 5161.305540232792.
2024-01-17 15:58:28,069 - INFO - Beginning optimization with guess, [0.72873042 0.01655244].
2024-01-17 15:58:36,772 - INFO - Finished optimization with guess, [0.72873042 0.01655244].
2024-01-17 15:58:36,773 - INFO - Best fit parameters: [0.64441995 0.56015719].
2024-01-17 15:58:36,966 - INFO - Maximum log composite likelihood: -120.42123798506782.
2024-01-17 15:58:36,967 - INFO - Optimal value of theta: 6795.55048891935.
2024-01-17 15:58:36,967 - INFO - Beginning optimization with guess, [0.44981138 0.01312592].
2024-01-17 15:58:44,792 - INFO - Finished optimization with guess, [0.44981138 0.01312592].
2024-01-17 15:58:44,793 - INFO - Best fit parameters: [0.73926839 0.13029654].
2024-01-17 15:58:45,053 - INFO - Maximum log composite likelihood: -151.41010598790558.
2024-01-17 15:58:45,054 - INFO - Optimal value of theta: 5587.941663110361.
2024-01-17 15:58:45,054 - INFO - Beginning optimization with guess, [0.64337595 0.01025638].
2024-01-17 15:58:51,548 - INFO - Finished optimization with guess, [0.64337595 0.01025638].
2024-01-17 15:58:51,552 - INFO - Best fit parameters: [0.72421094 0.36263211].
2024-01-17 15:58:51,914 - INFO - Maximum log composite likelihood: -124.3981215900908.
2024-01-17 15:58:51,914 - INFO - Optimal value of theta: 6031.6956540745.
2024-01-17 15:58:51,915 - INFO - Beginning optimization with guess, [1.24680026 0.00768923].
2024-01-17 15:58:57,962 - INFO - Finished optimization with guess, [1.24680026 0.00768923].
2024-01-17 15:58:57,962 - INFO - Best fit parameters: [0.95566874 0.54826062].
2024-01-17 15:58:58,173 - INFO - Maximum log composite likelihood: -198.98316865899005.
2024-01-17 15:58:58,174 - INFO - Optimal value of theta: 5193.926275617486.
2024-01-17 15:58:58,174 - INFO - Beginning optimization with guess, [0.54337592 0.01809556].
2024-01-17 15:59:04,129 - INFO - Finished optimization with guess, [0.54337592 0.01809556].
2024-01-17 15:59:04,130 - INFO - Best fit parameters: [0.6774151  0.43279794].
2024-01-17 15:59:04,425 - INFO - Maximum log composite likelihood: -122.18821512405316.
2024-01-17 15:59:04,425 - INFO - Optimal value of theta: 6383.208542225493.
2024-01-17 15:59:04,426 - INFO - Beginning optimization with guess, [0.51532233 0.01544255].
2024-01-17 15:59:11,060 - INFO - Finished optimization with guess, [0.51532233 0.01544255].
2024-01-17 15:59:11,060 - INFO - Best fit parameters: [0.70073165 0.02097873].
2024-01-17 15:59:11,223 - INFO - Maximum log composite likelihood: -199.9746570576349.
2024-01-17 15:59:11,223 - INFO - Optimal value of theta: 5230.347531927557.
2024-01-17 15:59:11,224 - INFO - Beginning optimization with guess, [1.63374265 0.01257542].
2024-01-17 15:59:16,551 - INFO - Finished optimization with guess, [1.63374265 0.01257542].
2024-01-17 15:59:16,551 - INFO - Best fit parameters: [0.90401701 0.5825905 ].
2024-01-17 15:59:16,733 - INFO - Maximum log composite likelihood: -176.33677888547254.
2024-01-17 15:59:16,734 - INFO - Optimal value of theta: 5386.441552753317.
2024-01-17 15:59:16,734 - INFO - Beginning optimization with guess, [2.72912369 0.01001244].
2024-01-17 15:59:22,219 - INFO - Finished optimization with guess, [2.72912369 0.01001244].
2024-01-17 15:59:22,219 - INFO - Best fit parameters: [0.81352007 0.56642553].
2024-01-17 15:59:22,524 - INFO - Maximum log composite likelihood: -144.43862179135863.
2024-01-17 15:59:22,524 - INFO - Optimal value of theta: 5769.264074801967.
2024-01-17 15:59:22,525 - INFO - Beginning optimization with guess, [0.98040953 0.00880328].
2024-01-17 15:59:29,223 - INFO - Finished optimization with guess, [0.98040953 0.00880328].
2024-01-17 15:59:29,224 - INFO - Best fit parameters: [0.94749907 0.34991935].
2024-01-17 15:59:29,397 - INFO - Maximum log composite likelihood: -192.30753180067927.
2024-01-17 15:59:29,397 - INFO - Optimal value of theta: 5192.851797374991.
2024-01-17 15:59:29,397 - INFO - Beginning optimization with guess, [1.09851397 0.01722999].
2024-01-17 15:59:34,744 - INFO - Finished optimization with guess, [1.09851397 0.01722999].
2024-01-17 15:59:34,745 - INFO - Best fit parameters: [0.98087066 0.60568716].
2024-01-17 15:59:34,923 - INFO - Maximum log composite likelihood: -212.43424567695297.
2024-01-17 15:59:34,923 - INFO - Optimal value of theta: 5113.331558462169.
2024-01-17 15:59:34,923 - INFO - Beginning optimization with guess, [1.79862665 0.01507691].
2024-01-17 15:59:39,896 - INFO - Finished optimization with guess, [1.79862665 0.01507691].
2024-01-17 15:59:39,897 - INFO - Best fit parameters: [0.88632437 0.59578693].
2024-01-17 15:59:40,082 - INFO - Maximum log composite likelihood: -169.7730855065147.
2024-01-17 15:59:40,082 - INFO - Optimal value of theta: 5460.029678404638.
2024-01-17 15:59:40,082 - INFO - Beginning optimization with guess, [4.07206322 0.01011096].
2024-01-17 15:59:46,045 - INFO - Finished optimization with guess, [4.07206322 0.01011096].
2024-01-17 15:59:46,052 - INFO - Best fit parameters: [0.71250344 0.01105024].
2024-01-17 15:59:46,275 - INFO - Maximum log composite likelihood: -207.4818684493291.
2024-01-17 15:59:46,275 - INFO - Optimal value of theta: 5148.461505422888.
2024-01-17 15:59:46,275 - INFO - Beginning optimization with guess, [3.01407522 0.01127051].
2024-01-17 15:59:51,466 - INFO - Finished optimization with guess, [3.01407522 0.01127051].
2024-01-17 15:59:51,466 - INFO - Best fit parameters: [0.79708019 0.57476353].
2024-01-17 15:59:51,648 - INFO - Maximum log composite likelihood: -140.51266980986566.
2024-01-17 15:59:51,648 - INFO - Optimal value of theta: 5854.207145449027.
2024-01-17 15:59:51,648 - INFO - Beginning optimization with guess, [2.99380755 0.01040525].
2024-01-17 15:59:56,536 - INFO - Finished optimization with guess, [2.99380755 0.01040525].
2024-01-17 15:59:56,537 - INFO - Best fit parameters: [0.79818648 0.56912311].
2024-01-17 15:59:56,718 - INFO - Maximum log composite likelihood: -140.52586253007166.
2024-01-17 15:59:56,718 - INFO - Optimal value of theta: 5845.401569310258.
2024-01-17 15:59:56,718 - INFO - Beginning optimization with guess, [5.92339348 0.01815243].
2024-01-17 16:00:03,416 - INFO - Finished optimization with guess, [5.92339348 0.01815243].
2024-01-17 16:00:03,417 - INFO - Best fit parameters: [0.2209893  0.00118236].
2024-01-17 16:00:03,742 - INFO - Maximum log composite likelihood: -211.50212639566257.
2024-01-17 16:00:03,742 - INFO - Optimal value of theta: 5150.715948156716.
2024-01-17 16:00:03,752 - INFO - Beginning optimization with guess, [3.574966   0.01182949].
2024-01-17 16:00:09,494 - INFO - Finished optimization with guess, [3.574966   0.01182949].
2024-01-17 16:00:09,494 - INFO - Best fit parameters: [0.73525282 0.01288923].
2024-01-17 16:00:09,665 - INFO - Maximum log composite likelihood: -206.7232373228269.
2024-01-17 16:00:09,665 - INFO - Optimal value of theta: 5150.989345525434.
2024-01-17 16:00:09,666 - INFO - Beginning optimization with guess, [5.40044051 0.01733562].
2024-01-17 16:00:15,864 - INFO - Finished optimization with guess, [5.40044051 0.01733562].
2024-01-17 16:00:15,866 - INFO - Best fit parameters: [0.57170008 0.00480777].
2024-01-17 16:00:16,189 - INFO - Maximum log composite likelihood: -210.52752912159576.
2024-01-17 16:00:16,189 - INFO - Optimal value of theta: 5134.248873540624.
2024-01-17 16:00:16,189 - INFO - Beginning optimization with guess, [2.97319864 0.00942414].
2024-01-17 16:00:22,008 - INFO - Finished optimization with guess, [2.97319864 0.00942414].
2024-01-17 16:00:22,009 - INFO - Best fit parameters: [0.7993207  0.56220666].
2024-01-17 16:00:22,193 - INFO - Maximum log composite likelihood: -140.4926417140864.
2024-01-17 16:00:22,193 - INFO - Optimal value of theta: 5835.754031267535.
2024-01-17 16:00:22,194 - INFO - Beginning optimization with guess, [3.56778223 0.00796405].
2024-01-17 16:00:27,355 - INFO - Finished optimization with guess, [3.56778223 0.00796405].
2024-01-17 16:00:27,355 - INFO - Best fit parameters: [0.76991975 0.55064278].
2024-01-17 16:00:27,537 - INFO - Maximum log composite likelihood: -133.25876018912868.
2024-01-17 16:00:27,537 - INFO - Optimal value of theta: 5978.304082280888.
2024-01-17 16:00:27,538 - INFO - Beginning optimization with guess, [3.78570546 0.01548833].
2024-01-17 16:00:32,217 - INFO - Finished optimization with guess, [3.78570546 0.01548833].
2024-01-17 16:00:32,217 - INFO - Best fit parameters: [0.56792057 0.00532345].
2024-01-17 16:00:32,381 - INFO - Maximum log composite likelihood: -209.82819877096108.
2024-01-17 16:00:32,381 - INFO - Optimal value of theta: 5144.189151042342.
2024-01-17 16:00:32,381 - INFO - Beginning optimization with guess, [1.35907648e+01 9.18304427e-03].
2024-01-17 16:00:37,754 - INFO - Finished optimization with guess, [1.35907648e+01 9.18304427e-03].
2024-01-17 16:00:37,754 - INFO - Best fit parameters: [0.0855602  0.00027898].
2024-01-17 16:00:37,989 - INFO - Maximum log composite likelihood: -212.82260447617523.
2024-01-17 16:00:37,989 - INFO - Optimal value of theta: 5123.31134212447.
2024-01-17 16:00:37,991 - INFO - Beginning demographic inference for three-epoch demographic model.
2024-01-17 16:00:37,993 - INFO - Beginning optimization with guess, [0.01294653 0.00705925 0.00847564 0.00786534].
2024-01-17 16:00:50,655 - INFO - Finished optimization with guess, [0.01294653 0.00705925 0.00847564 0.00786534].
2024-01-17 16:00:50,656 - INFO - Best fit parameters: [0.00742357 0.00356008 0.00783198 0.0217409 ].
2024-01-17 16:00:51,011 - INFO - Maximum log composite likelihood: -119.91895981373227.
2024-01-17 16:00:51,011 - INFO - Optimal value of theta: 1237816.9130783246.
2024-01-17 16:00:51,012 - INFO - Beginning optimization with guess, [0.01041984 0.03026332 0.01456479 0.00537786].
2024-01-17 16:00:58,921 - INFO - Finished optimization with guess, [0.01041984 0.03026332 0.01456479 0.00537786].
2024-01-17 16:00:58,922 - INFO - Best fit parameters: [0.00664881 0.02977117 0.02343865 0.00659565].
2024-01-17 16:00:59,430 - INFO - Maximum log composite likelihood: -114.29151354956434.
2024-01-17 16:00:59,430 - INFO - Optimal value of theta: 158993.17922176013.
2024-01-17 16:00:59,430 - INFO - Beginning optimization with guess, [0.0290571  0.01538496 0.01193444 0.01080704].
2024-01-17 16:01:11,015 - INFO - Finished optimization with guess, [0.0290571  0.01538496 0.01193444 0.01080704].
2024-01-17 16:01:11,022 - INFO - Best fit parameters: [0.0152047  0.0110618  0.00687237 0.06511714].
2024-01-17 16:01:11,454 - INFO - Maximum log composite likelihood: -127.87662260254388.
2024-01-17 16:01:11,454 - INFO - Optimal value of theta: 412967.462201202.
2024-01-17 16:01:11,454 - INFO - Beginning optimization with guess, [0.02357012 0.02133671 0.01206319 0.01246658].
2024-01-17 16:01:20,007 - INFO - Finished optimization with guess, [0.02357012 0.02133671 0.01206319 0.01246658].
2024-01-17 16:01:20,008 - INFO - Best fit parameters: [0.00698832 0.04147022 0.02195638 0.02284498].
2024-01-17 16:01:20,554 - INFO - Maximum log composite likelihood: -126.58133139568372.
2024-01-17 16:01:20,554 - INFO - Optimal value of theta: 113490.00676116576.
2024-01-17 16:01:20,555 - INFO - Beginning optimization with guess, [0.05356098 0.08068104 0.01677322 0.00869314].
2024-01-17 16:01:26,233 - INFO - Finished optimization with guess, [0.05356098 0.08068104 0.01677322 0.00869314].
2024-01-17 16:01:26,234 - INFO - Best fit parameters: [0.25716162 0.51255203 0.00099493 0.00212575].
2024-01-17 16:01:26,399 - INFO - Maximum log composite likelihood: -209.69835272765658.
2024-01-17 16:01:26,400 - INFO - Optimal value of theta: 5164.355824365688.
2024-01-17 16:01:26,400 - INFO - Beginning optimization with guess, [1.14822028 0.57730892 0.00643377 0.00746224].
2024-01-17 16:01:30,976 - INFO - Finished optimization with guess, [1.14822028 0.57730892 0.00643377 0.00746224].
2024-01-17 16:01:30,977 - INFO - Best fit parameters: [1.17180623 0.65096479 0.00272055 0.0337465 ].
2024-01-17 16:01:31,149 - INFO - Maximum log composite likelihood: -197.07622072566164.
2024-01-17 16:01:31,149 - INFO - Optimal value of theta: 5371.611495998392.
2024-01-17 16:01:31,149 - INFO - Beginning optimization with guess, [0.9268286  0.46130212 0.01741129 0.01367979].
2024-01-17 16:01:36,005 - INFO - Finished optimization with guess, [0.9268286  0.46130212 0.01741129 0.01367979].
2024-01-17 16:01:36,006 - INFO - Best fit parameters: [0.92397827 0.56662966 0.01370532 0.00684979].
2024-01-17 16:01:36,175 - INFO - Maximum log composite likelihood: -206.50164332350687.
2024-01-17 16:01:36,176 - INFO - Optimal value of theta: 5190.324054004389.
2024-01-17 16:01:36,176 - INFO - Beginning optimization with guess, [1.38343072 0.7542169  0.00581005 0.0059367 ].
2024-01-17 16:01:41,753 - INFO - Finished optimization with guess, [1.38343072 0.7542169  0.00581005 0.0059367 ].
2024-01-17 16:01:41,753 - INFO - Best fit parameters: [1.40920660e+00 7.23635993e-01 9.39593205e-04 4.00069391e-01].
2024-01-17 16:01:41,931 - INFO - Maximum log composite likelihood: -123.66766363530269.
2024-01-17 16:01:41,932 - INFO - Optimal value of theta: 6079.640204170811.
2024-01-17 16:01:41,932 - INFO - Beginning optimization with guess, [1.43030603 0.95584562 0.01956047 0.01000304].
2024-01-17 16:01:46,328 - INFO - Finished optimization with guess, [1.43030603 0.95584562 0.01956047 0.01000304].
2024-01-17 16:01:46,328 - INFO - Best fit parameters: [1.10519425e+00 9.43789831e-01 6.66529559e-04 3.65332797e-01].
2024-01-17 16:01:46,684 - INFO - Maximum log composite likelihood: -190.418900228168.
2024-01-17 16:01:46,684 - INFO - Optimal value of theta: 5206.126038506213.
2024-01-17 16:01:46,684 - INFO - Beginning optimization with guess, [0.50027884 0.88726005 0.00625451 0.01074406].
2024-01-17 16:01:52,400 - INFO - Finished optimization with guess, [0.50027884 0.88726005 0.00625451 0.01074406].
2024-01-17 16:01:52,400 - INFO - Best fit parameters: [0.36140598 0.8515973  0.11924392 0.07622164].
2024-01-17 16:01:52,574 - INFO - Maximum log composite likelihood: -97.14507094085388.
2024-01-17 16:01:52,574 - INFO - Optimal value of theta: 6541.47923485192.
2024-01-17 16:01:52,575 - INFO - Beginning optimization with guess, [1.84383334 0.90394424 0.0132168  0.0093505 ].
2024-01-17 16:01:58,051 - INFO - Finished optimization with guess, [1.84383334 0.90394424 0.0132168  0.0093505 ].
2024-01-17 16:01:58,052 - INFO - Best fit parameters: [1.10944668e+00 8.67192457e-01 1.13664736e-04 4.36624478e-01].
2024-01-17 16:01:58,232 - INFO - Maximum log composite likelihood: -157.00726747005365.
2024-01-17 16:01:58,232 - INFO - Optimal value of theta: 5480.944245286226.
2024-01-17 16:01:58,233 - INFO - Beginning optimization with guess, [0.93634989 1.03975804 0.01122071 0.01043363].
2024-01-17 16:02:04,138 - INFO - Finished optimization with guess, [0.93634989 1.03975804 0.01122071 0.01043363].
2024-01-17 16:02:04,139 - INFO - Best fit parameters: [0.92637614 1.04359437 0.26540472 0.00291359].
2024-01-17 16:02:04,315 - INFO - Maximum log composite likelihood: -182.83741555891766.
2024-01-17 16:02:04,315 - INFO - Optimal value of theta: 5222.713046758831.
2024-01-17 16:02:04,315 - INFO - Beginning optimization with guess, [1.53838564 1.71264561 0.01327248 0.01011025].
2024-01-17 16:02:09,056 - INFO - Finished optimization with guess, [1.53838564 1.71264561 0.01327248 0.01011025].
2024-01-17 16:02:09,057 - INFO - Best fit parameters: [1.12011110e+00 7.63835169e-01 7.12145201e-05 1.59934572e-04].
2024-01-17 16:02:09,220 - INFO - Maximum log composite likelihood: -222.25790758475887.
2024-01-17 16:02:09,220 - INFO - Optimal value of theta: 5051.900581747023.
2024-01-17 16:02:09,220 - INFO - Beginning optimization with guess, [1.23878447 1.49437581 0.00799426 0.00779384].
2024-01-17 16:02:14,906 - INFO - Finished optimization with guess, [1.23878447 1.49437581 0.00799426 0.00779384].
2024-01-17 16:02:14,907 - INFO - Best fit parameters: [8.31228164e-01 1.24316157e+00 2.39154297e-05 8.90061972e-06].
2024-01-17 16:02:15,190 - INFO - Maximum log composite likelihood: -222.45617093589317.
2024-01-17 16:02:15,192 - INFO - Optimal value of theta: 5050.9145393301915.
2024-01-17 16:02:15,192 - INFO - Beginning optimization with guess, [1.66587849 4.16133302 0.00856439 0.01008608].
2024-01-17 16:02:21,059 - INFO - Finished optimization with guess, [1.66587849 4.16133302 0.00856439 0.01008608].
2024-01-17 16:02:21,060 - INFO - Best fit parameters: [5.55065153e-01 1.90323952e+00 1.20911598e-05 6.08667004e-06].
2024-01-17 16:02:21,374 - INFO - Maximum log composite likelihood: -222.43772089010895.
2024-01-17 16:02:21,374 - INFO - Optimal value of theta: 5051.006323713025.
2024-01-17 16:02:21,374 - INFO - Beginning optimization with guess, [2.7979699  1.81876056 0.01236841 0.01235519].
2024-01-17 16:02:27,207 - INFO - Finished optimization with guess, [2.7979699  1.81876056 0.01236841 0.01235519].
2024-01-17 16:02:27,208 - INFO - Best fit parameters: [4.38646433e-01 1.15967558e+00 2.38078157e-05 2.02989433e-05].
2024-01-17 16:02:27,373 - INFO - Maximum log composite likelihood: -222.33058815299387.
2024-01-17 16:02:27,373 - INFO - Optimal value of theta: 5051.540259283792.
2024-01-17 16:02:27,374 - INFO - Beginning optimization with guess, [2.82601815 3.01117321 0.01530704 0.01283343].
2024-01-17 16:02:33,314 - INFO - Finished optimization with guess, [2.82601815 3.01117321 0.01530704 0.01283343].
2024-01-17 16:02:33,315 - INFO - Best fit parameters: [9.22244021e-01 3.41921848e-01 8.47452787e-05 1.52770191e-05].
2024-01-17 16:02:33,478 - INFO - Maximum log composite likelihood: -222.28479940142006.
2024-01-17 16:02:33,478 - INFO - Optimal value of theta: 5051.770221574026.
2024-01-17 16:02:33,478 - INFO - Beginning optimization with guess, [1.77783613 4.46559543 0.01085493 0.00964425].
2024-01-17 16:02:38,598 - INFO - Finished optimization with guess, [1.77783613 4.46559543 0.01085493 0.00964425].
2024-01-17 16:02:38,599 - INFO - Best fit parameters: [6.08524168e-01 2.24969771e+00 4.69262537e-05 1.48271281e-05].
2024-01-17 16:02:38,935 - INFO - Maximum log composite likelihood: -222.36076659685273.
2024-01-17 16:02:38,935 - INFO - Optimal value of theta: 5051.388720261516.
2024-01-17 16:02:38,936 - INFO - Beginning optimization with guess, [4.81176373 3.46273488 0.01556514 0.00687107].
2024-01-17 16:02:44,069 - INFO - Finished optimization with guess, [4.81176373 3.46273488 0.01556514 0.00687107].
2024-01-17 16:02:44,076 - INFO - Best fit parameters: [1.64237871e+00 2.40665395e-01 1.47418632e-05 6.19471300e-06].
2024-01-17 16:02:44,400 - INFO - Maximum log composite likelihood: -222.40063566627964.
2024-01-17 16:02:44,400 - INFO - Optimal value of theta: 5051.191220184422.
2024-01-17 16:02:44,400 - INFO - Beginning optimization with guess, [4.15573659 3.91965439 0.01997949 0.01296961].
2024-01-17 16:02:50,203 - INFO - Finished optimization with guess, [4.15573659 3.91965439 0.01997949 0.01296961].
2024-01-17 16:02:50,205 - INFO - Best fit parameters: [3.19530716e-01 1.40257114e+00 7.61138948e-05 2.28721622e-05].
2024-01-17 16:02:50,370 - INFO - Maximum log composite likelihood: -221.69109622948122.
2024-01-17 16:02:50,370 - INFO - Optimal value of theta: 5054.7862152540365.
2024-01-17 16:02:50,370 - INFO - Beginning optimization with guess, [4.36796212 2.07367984 0.00679885 0.0185459 ].
2024-01-17 16:02:55,755 - INFO - Finished optimization with guess, [4.36796212 2.07367984 0.00679885 0.0185459 ].
2024-01-17 16:02:55,755 - INFO - Best fit parameters: [2.73005405e+00 4.87279097e-01 2.32150306e-05 2.88650954e-04].
2024-01-17 16:02:56,000 - INFO - Maximum log composite likelihood: -221.04491527177765.
2024-01-17 16:02:56,000 - INFO - Optimal value of theta: 5058.138215548904.
2024-01-17 16:02:56,000 - INFO - Beginning optimization with guess, [5.26970932 3.98123189 0.01083953 0.00676109].
2024-01-17 16:03:01,961 - INFO - Finished optimization with guess, [5.26970932 3.98123189 0.01083953 0.00676109].
2024-01-17 16:03:01,962 - INFO - Best fit parameters: [2.11729686e+00 2.03191553e-01 7.34726432e-06 6.89004390e-06].
2024-01-17 16:03:02,299 - INFO - Maximum log composite likelihood: -222.3529153054808.
2024-01-17 16:03:02,312 - INFO - Optimal value of theta: 5051.429497731985.
2024-01-17 16:03:02,313 - INFO - Beginning optimization with guess, [6.6387952  5.43371496 0.01949313 0.01497048].
2024-01-17 16:03:08,596 - INFO - Finished optimization with guess, [6.6387952  5.43371496 0.01949313 0.01497048].
2024-01-17 16:03:08,596 - INFO - Best fit parameters: [8.62869971e-01 1.92462669e-01 1.45761741e-04 2.26121127e-05].
2024-01-17 16:03:08,760 - INFO - Maximum log composite likelihood: -221.87580769662486.
2024-01-17 16:03:08,761 - INFO - Optimal value of theta: 5053.844434967754.
2024-01-17 16:03:08,761 - INFO - Beginning optimization with guess, [1.22334837e+01 3.59134016e+00 9.48298425e-03 1.39401870e-02].
2024-01-17 16:03:13,818 - INFO - Finished optimization with guess, [1.22334837e+01 3.59134016e+00 9.48298425e-03 1.39401870e-02].
2024-01-17 16:03:13,819 - INFO - Best fit parameters: [2.89980968e+00 2.53576149e-01 1.84034316e-05 7.07219829e-05].
2024-01-17 16:03:14,060 - INFO - Maximum log composite likelihood: -221.49281482250603.
2024-01-17 16:03:14,060 - INFO - Optimal value of theta: 5055.821970747922.
2024-01-17 16:03:14,061 - INFO - Beginning optimization with guess, [6.40053359e+00 1.25785695e+01 1.49372545e-02 5.17028640e-03].
2024-01-17 16:03:19,227 - INFO - Finished optimization with guess, [6.40053359e+00 1.25785695e+01 1.49372545e-02 5.17028640e-03].
2024-01-17 16:03:19,232 - INFO - Best fit parameters: [2.31147611e+00 5.39042045e-02 1.69811605e-05 3.63995256e-06].
2024-01-17 16:03:19,467 - INFO - Maximum log composite likelihood: -222.19496697057912.
2024-01-17 16:03:19,467 - INFO - Optimal value of theta: 5052.222605332495.
2024-01-17 16:03:19,470 - INFO - Finished demographic inference.
2024-01-17 16:03:19,470 - INFO - Pipeline executed succesfully.
