2024-03-16 14:12:16,910 - INFO - Beginning execution of fit_demographic_model.py in directory /u/project/kirk/jonmah/sample_size_demography/Scripts

2024-03-16 14:12:16,910 - INFO - Progress is being logged to ../Analysis/ThreeEpochContraction_60/log.log

2024-03-16 14:12:16,910 - INFO - Parsed the following arguments:
	syn_input_sfs = ../Analysis/ThreeEpochContraction_60/syn_downsampled_sfs.txt
	mask_singletons = False
	mask_doubletons = False
	outprefix = ../Analysis/ThreeEpochContraction_60/

2024-03-16 14:12:16,911 - INFO - Beginning demographic inference for one-epoch demographic model.
2024-03-16 14:12:16,912 - INFO - Beginning optimization with guess, [0.12898012].
2024-03-16 14:12:25,392 - INFO - Finished optimization with guess, [0.12898012].
2024-03-16 14:12:25,393 - INFO - Best fit parameters: [0.12898012].
2024-03-16 14:12:25,673 - INFO - Maximum log composite likelihood: -1746.7162063641301.
2024-03-16 14:12:25,673 - INFO - Optimal value of theta: 8620.704126418845.
2024-03-16 14:12:25,673 - INFO - Beginning optimization with guess, [0.10747686].
2024-03-16 14:12:34,629 - INFO - Finished optimization with guess, [0.10747686].
2024-03-16 14:12:34,630 - INFO - Best fit parameters: [0.10747686].
2024-03-16 14:12:34,872 - INFO - Maximum log composite likelihood: -1746.7162063641301.
2024-03-16 14:12:34,872 - INFO - Optimal value of theta: 8620.704126418845.
2024-03-16 14:12:34,872 - INFO - Beginning optimization with guess, [0.20888504].
2024-03-16 14:12:43,117 - INFO - Finished optimization with guess, [0.20888504].
2024-03-16 14:12:43,118 - INFO - Best fit parameters: [0.20888504].
2024-03-16 14:12:43,360 - INFO - Maximum log composite likelihood: -1746.7162063641301.
2024-03-16 14:12:43,360 - INFO - Optimal value of theta: 8620.704126418845.
2024-03-16 14:12:43,360 - INFO - Beginning optimization with guess, [0.31174902].
2024-03-16 14:12:51,065 - INFO - Finished optimization with guess, [0.31174902].
2024-03-16 14:12:51,066 - INFO - Best fit parameters: [0.31174902].
2024-03-16 14:12:51,280 - INFO - Maximum log composite likelihood: -1746.7162063641301.
2024-03-16 14:12:51,281 - INFO - Optimal value of theta: 8620.704126418845.
2024-03-16 14:12:51,281 - INFO - Beginning optimization with guess, [0.52423623].
2024-03-16 14:12:58,161 - INFO - Finished optimization with guess, [0.52423623].
2024-03-16 14:12:58,161 - INFO - Best fit parameters: [0.52423623].
2024-03-16 14:12:58,386 - INFO - Maximum log composite likelihood: -1746.7162063641301.
2024-03-16 14:12:58,386 - INFO - Optimal value of theta: 8620.704126418845.
2024-03-16 14:12:58,386 - INFO - Beginning optimization with guess, [0.76731112].
2024-03-16 14:13:04,240 - INFO - Finished optimization with guess, [0.76731112].
2024-03-16 14:13:04,240 - INFO - Best fit parameters: [0.76731112].
2024-03-16 14:13:04,459 - INFO - Maximum log composite likelihood: -1746.7162063641301.
2024-03-16 14:13:04,459 - INFO - Optimal value of theta: 8620.704126418845.
2024-03-16 14:13:04,459 - INFO - Beginning optimization with guess, [0.92449858].
2024-03-16 14:13:08,977 - INFO - Finished optimization with guess, [0.92449858].
2024-03-16 14:13:08,978 - INFO - Best fit parameters: [0.92449858].
2024-03-16 14:13:09,197 - INFO - Maximum log composite likelihood: -1746.7162063641301.
2024-03-16 14:13:09,197 - INFO - Optimal value of theta: 8620.704126418845.
2024-03-16 14:13:09,198 - INFO - Beginning optimization with guess, [1.14790196].
2024-03-16 14:13:14,210 - INFO - Finished optimization with guess, [1.14790196].
2024-03-16 14:13:14,213 - INFO - Best fit parameters: [1.14790196].
2024-03-16 14:13:14,427 - INFO - Maximum log composite likelihood: -1746.7162063641301.
2024-03-16 14:13:14,427 - INFO - Optimal value of theta: 8620.704126418845.
2024-03-16 14:13:14,428 - INFO - Beginning optimization with guess, [1.43953924].
2024-03-16 14:13:20,004 - INFO - Finished optimization with guess, [1.43953924].
2024-03-16 14:13:20,004 - INFO - Best fit parameters: [1.43953924].
2024-03-16 14:13:20,218 - INFO - Maximum log composite likelihood: -1746.7162063641301.
2024-03-16 14:13:20,218 - INFO - Optimal value of theta: 8620.704126418845.
2024-03-16 14:13:20,219 - INFO - Beginning optimization with guess, [1.87119469].
2024-03-16 14:13:26,506 - INFO - Finished optimization with guess, [1.87119469].
2024-03-16 14:13:26,507 - INFO - Best fit parameters: [1.87119469].
2024-03-16 14:13:26,725 - INFO - Maximum log composite likelihood: -1746.7162063641301.
2024-03-16 14:13:26,725 - INFO - Optimal value of theta: 8620.704126418845.
2024-03-16 14:13:26,726 - INFO - Beginning optimization with guess, [2.46453625].
2024-03-16 14:13:33,348 - INFO - Finished optimization with guess, [2.46453625].
2024-03-16 14:13:33,354 - INFO - Best fit parameters: [2.46453625].
2024-03-16 14:13:33,590 - INFO - Maximum log composite likelihood: -1746.7162063641301.
2024-03-16 14:13:33,590 - INFO - Optimal value of theta: 8620.704126418845.
2024-03-16 14:13:33,590 - INFO - Beginning optimization with guess, [1.37430685].
2024-03-16 14:13:39,557 - INFO - Finished optimization with guess, [1.37430685].
2024-03-16 14:13:39,558 - INFO - Best fit parameters: [1.37430685].
2024-03-16 14:13:39,791 - INFO - Maximum log composite likelihood: -1746.7162063641301.
2024-03-16 14:13:39,791 - INFO - Optimal value of theta: 8620.704126418845.
2024-03-16 14:13:39,792 - INFO - Beginning optimization with guess, [1.90839571].
2024-03-16 14:13:46,934 - INFO - Finished optimization with guess, [1.90839571].
2024-03-16 14:13:46,934 - INFO - Best fit parameters: [1.90839571].
2024-03-16 14:13:47,155 - INFO - Maximum log composite likelihood: -1746.7162063641301.
2024-03-16 14:13:47,155 - INFO - Optimal value of theta: 8620.704126418845.
2024-03-16 14:13:47,155 - INFO - Beginning optimization with guess, [2.29134279].
2024-03-16 14:13:54,152 - INFO - Finished optimization with guess, [2.29134279].
2024-03-16 14:13:54,152 - INFO - Best fit parameters: [2.29134279].
2024-03-16 14:13:54,412 - INFO - Maximum log composite likelihood: -1746.7162063641301.
2024-03-16 14:13:54,413 - INFO - Optimal value of theta: 8620.704126418845.
2024-03-16 14:13:54,413 - INFO - Beginning optimization with guess, [2.18233175].
2024-03-16 14:14:01,503 - INFO - Finished optimization with guess, [2.18233175].
2024-03-16 14:14:01,505 - INFO - Best fit parameters: [2.18233175].
2024-03-16 14:14:01,744 - INFO - Maximum log composite likelihood: -1746.7162063641301.
2024-03-16 14:14:01,744 - INFO - Optimal value of theta: 8620.704126418845.
2024-03-16 14:14:01,744 - INFO - Beginning optimization with guess, [2.19399372].
2024-03-16 14:14:08,372 - INFO - Finished optimization with guess, [2.19399372].
2024-03-16 14:14:08,372 - INFO - Best fit parameters: [2.19399372].
2024-03-16 14:14:08,586 - INFO - Maximum log composite likelihood: -1746.7162063641301.
2024-03-16 14:14:08,586 - INFO - Optimal value of theta: 8620.704126418845.
2024-03-16 14:14:08,587 - INFO - Beginning optimization with guess, [2.74101129].
2024-03-16 14:14:15,218 - INFO - Finished optimization with guess, [2.74101129].
2024-03-16 14:14:15,219 - INFO - Best fit parameters: [2.74101129].
2024-03-16 14:14:15,441 - INFO - Maximum log composite likelihood: -1746.7162063641301.
2024-03-16 14:14:15,441 - INFO - Optimal value of theta: 8620.704126418845.
2024-03-16 14:14:15,441 - INFO - Beginning optimization with guess, [3.35217782].
2024-03-16 14:14:23,067 - INFO - Finished optimization with guess, [3.35217782].
2024-03-16 14:14:23,068 - INFO - Best fit parameters: [3.35217782].
2024-03-16 14:14:23,287 - INFO - Maximum log composite likelihood: -1746.7162063641301.
2024-03-16 14:14:23,287 - INFO - Optimal value of theta: 8620.704126418845.
2024-03-16 14:14:23,288 - INFO - Beginning optimization with guess, [3.22699825].
2024-03-16 14:14:30,796 - INFO - Finished optimization with guess, [3.22699825].
2024-03-16 14:14:30,797 - INFO - Best fit parameters: [3.22699825].
2024-03-16 14:14:31,056 - INFO - Maximum log composite likelihood: -1746.7162063641301.
2024-03-16 14:14:31,056 - INFO - Optimal value of theta: 8620.704126418845.
2024-03-16 14:14:31,057 - INFO - Beginning optimization with guess, [6.38238943].
2024-03-16 14:14:38,558 - INFO - Finished optimization with guess, [6.38238943].
2024-03-16 14:14:38,559 - INFO - Best fit parameters: [6.38238943].
2024-03-16 14:14:38,778 - INFO - Maximum log composite likelihood: -1746.7162063641301.
2024-03-16 14:14:38,778 - INFO - Optimal value of theta: 8620.704126418845.
2024-03-16 14:14:38,778 - INFO - Beginning optimization with guess, [6.71482564].
2024-03-16 14:14:46,028 - INFO - Finished optimization with guess, [6.71482564].
2024-03-16 14:14:46,028 - INFO - Best fit parameters: [6.71482564].
2024-03-16 14:14:46,265 - INFO - Maximum log composite likelihood: -1746.7162063641301.
2024-03-16 14:14:46,265 - INFO - Optimal value of theta: 8620.704126418845.
2024-03-16 14:14:46,265 - INFO - Beginning optimization with guess, [9.28310286].
2024-03-16 14:14:54,651 - INFO - Finished optimization with guess, [9.28310286].
2024-03-16 14:14:54,653 - INFO - Best fit parameters: [9.28310286].
2024-03-16 14:14:54,867 - INFO - Maximum log composite likelihood: -1746.7162063641301.
2024-03-16 14:14:54,867 - INFO - Optimal value of theta: 8620.704126418845.
2024-03-16 14:14:54,868 - INFO - Beginning optimization with guess, [5.70955718].
2024-03-16 14:15:01,905 - INFO - Finished optimization with guess, [5.70955718].
2024-03-16 14:15:01,905 - INFO - Best fit parameters: [5.70955718].
2024-03-16 14:15:02,212 - INFO - Maximum log composite likelihood: -1746.7162063641301.
2024-03-16 14:15:02,212 - INFO - Optimal value of theta: 8620.704126418845.
2024-03-16 14:15:02,213 - INFO - Beginning optimization with guess, [4.853192].
2024-03-16 14:15:10,111 - INFO - Finished optimization with guess, [4.853192].
2024-03-16 14:15:10,112 - INFO - Best fit parameters: [4.853192].
2024-03-16 14:15:10,349 - INFO - Maximum log composite likelihood: -1746.7162063641301.
2024-03-16 14:15:10,349 - INFO - Optimal value of theta: 8620.704126418845.
2024-03-16 14:15:10,350 - INFO - Beginning optimization with guess, [5.61124185].
2024-03-16 14:15:17,746 - INFO - Finished optimization with guess, [5.61124185].
2024-03-16 14:15:17,751 - INFO - Best fit parameters: [5.61124185].
2024-03-16 14:15:17,967 - INFO - Maximum log composite likelihood: -1746.7162063641301.
2024-03-16 14:15:17,967 - INFO - Optimal value of theta: 8620.704126418845.
2024-03-16 14:15:17,969 - INFO - Finished demographic inference.
2024-03-16 14:15:17,969 - INFO - Pipeline executed succesfully.
