2024-03-14 21:47:11,631 - INFO - Beginning execution of fit_demographic_model.py in directory /u/project/kirk/jonmah/sample_size_demography/Scripts

2024-03-14 21:47:11,632 - INFO - Progress is being logged to ../Analysis/ThreeEpochExpansion_310/log.log

2024-03-14 21:47:11,632 - INFO - Parsed the following arguments:
	syn_input_sfs = ../Analysis/ThreeEpochExpansion_310/syn_downsampled_sfs.txt
	mask_singletons = False
	mask_doubletons = False
	outprefix = ../Analysis/ThreeEpochExpansion_310/

2024-03-14 21:47:11,662 - INFO - Beginning demographic inference for one-epoch demographic model.
2024-03-14 21:47:11,663 - INFO - Beginning optimization with guess, [0.05064084].
2024-03-14 21:47:40,395 - INFO - Finished optimization with guess, [0.05064084].
2024-03-14 21:47:40,397 - INFO - Best fit parameters: [0.05064084].
2024-03-14 21:47:41,248 - INFO - Maximum log composite likelihood: -7162.015939172947.
2024-03-14 21:47:41,248 - INFO - Optimal value of theta: 17290.400803273984.
2024-03-14 21:47:41,248 - INFO - Beginning optimization with guess, [0.1733288].
2024-03-14 21:48:06,421 - INFO - Finished optimization with guess, [0.1733288].
2024-03-14 21:48:06,422 - INFO - Best fit parameters: [0.1733288].
2024-03-14 21:48:07,209 - INFO - Maximum log composite likelihood: -7162.015939172947.
2024-03-14 21:48:07,209 - INFO - Optimal value of theta: 17290.400803273984.
2024-03-14 21:48:07,210 - INFO - Beginning optimization with guess, [0.26853349].
2024-03-14 21:48:32,698 - INFO - Finished optimization with guess, [0.26853349].
2024-03-14 21:48:32,699 - INFO - Best fit parameters: [0.26853349].
2024-03-14 21:48:33,500 - INFO - Maximum log composite likelihood: -7162.015939172947.
2024-03-14 21:48:33,500 - INFO - Optimal value of theta: 17290.400803273984.
2024-03-14 21:48:33,500 - INFO - Beginning optimization with guess, [0.32047112].
2024-03-14 21:48:58,939 - INFO - Finished optimization with guess, [0.32047112].
2024-03-14 21:48:58,940 - INFO - Best fit parameters: [0.32047112].
2024-03-14 21:48:59,722 - INFO - Maximum log composite likelihood: -7162.015939172947.
2024-03-14 21:48:59,722 - INFO - Optimal value of theta: 17290.400803273984.
2024-03-14 21:48:59,722 - INFO - Beginning optimization with guess, [0.27349373].
2024-03-14 21:49:24,972 - INFO - Finished optimization with guess, [0.27349373].
2024-03-14 21:49:24,974 - INFO - Best fit parameters: [0.27349373].
2024-03-14 21:49:25,758 - INFO - Maximum log composite likelihood: -7162.015939172947.
2024-03-14 21:49:25,758 - INFO - Optimal value of theta: 17290.400803273984.
2024-03-14 21:49:25,758 - INFO - Beginning optimization with guess, [0.58368976].
2024-03-14 21:49:49,258 - INFO - Finished optimization with guess, [0.58368976].
2024-03-14 21:49:49,260 - INFO - Best fit parameters: [0.58368976].
2024-03-14 21:49:50,107 - INFO - Maximum log composite likelihood: -7162.015939172947.
2024-03-14 21:49:50,107 - INFO - Optimal value of theta: 17290.400803273984.
2024-03-14 21:49:50,108 - INFO - Beginning optimization with guess, [1.12336422].
2024-03-14 21:50:06,135 - INFO - Finished optimization with guess, [1.12336422].
2024-03-14 21:50:06,136 - INFO - Best fit parameters: [1.12336422].
2024-03-14 21:50:06,908 - INFO - Maximum log composite likelihood: -7162.015939172947.
2024-03-14 21:50:06,908 - INFO - Optimal value of theta: 17290.400803273984.
2024-03-14 21:50:06,909 - INFO - Beginning optimization with guess, [0.98130146].
2024-03-14 21:50:18,637 - INFO - Finished optimization with guess, [0.98130146].
2024-03-14 21:50:18,638 - INFO - Best fit parameters: [0.98130146].
2024-03-14 21:50:19,417 - INFO - Maximum log composite likelihood: -7162.015939172947.
2024-03-14 21:50:19,417 - INFO - Optimal value of theta: 17290.400803273984.
2024-03-14 21:50:19,418 - INFO - Beginning optimization with guess, [0.93618756].
2024-03-14 21:50:35,207 - INFO - Finished optimization with guess, [0.93618756].
2024-03-14 21:50:35,208 - INFO - Best fit parameters: [0.93618756].
2024-03-14 21:50:35,992 - INFO - Maximum log composite likelihood: -7162.015939172947.
2024-03-14 21:50:35,992 - INFO - Optimal value of theta: 17290.400803273984.
2024-03-14 21:50:35,992 - INFO - Beginning optimization with guess, [0.51871235].
2024-03-14 21:50:58,937 - INFO - Finished optimization with guess, [0.51871235].
2024-03-14 21:50:58,938 - INFO - Best fit parameters: [0.51871235].
2024-03-14 21:50:59,727 - INFO - Maximum log composite likelihood: -7162.015939172947.
2024-03-14 21:50:59,727 - INFO - Optimal value of theta: 17290.400803273984.
2024-03-14 21:50:59,727 - INFO - Beginning optimization with guess, [2.45077602].
2024-03-14 21:51:23,679 - INFO - Finished optimization with guess, [2.45077602].
2024-03-14 21:51:23,680 - INFO - Best fit parameters: [2.45077602].
2024-03-14 21:51:24,461 - INFO - Maximum log composite likelihood: -7162.015939172947.
2024-03-14 21:51:24,462 - INFO - Optimal value of theta: 17290.400803273984.
2024-03-14 21:51:24,462 - INFO - Beginning optimization with guess, [0.81987943].
2024-03-14 21:51:42,519 - INFO - Finished optimization with guess, [0.81987943].
2024-03-14 21:51:42,521 - INFO - Best fit parameters: [0.81987943].
2024-03-14 21:51:43,315 - INFO - Maximum log composite likelihood: -7162.015939172947.
2024-03-14 21:51:43,315 - INFO - Optimal value of theta: 17290.400803273984.
2024-03-14 21:51:43,315 - INFO - Beginning optimization with guess, [2.99168766].
2024-03-14 21:52:08,564 - INFO - Finished optimization with guess, [2.99168766].
2024-03-14 21:52:08,565 - INFO - Best fit parameters: [2.99168766].
2024-03-14 21:52:09,397 - INFO - Maximum log composite likelihood: -7162.015939172947.
2024-03-14 21:52:09,397 - INFO - Optimal value of theta: 17290.400803273984.
2024-03-14 21:52:09,398 - INFO - Beginning optimization with guess, [3.31588055].
2024-03-14 21:52:35,185 - INFO - Finished optimization with guess, [3.31588055].
2024-03-14 21:52:35,186 - INFO - Best fit parameters: [3.31588055].
2024-03-14 21:52:36,013 - INFO - Maximum log composite likelihood: -7162.015939172947.
2024-03-14 21:52:36,014 - INFO - Optimal value of theta: 17290.400803273984.
2024-03-14 21:52:36,014 - INFO - Beginning optimization with guess, [1.4540121].
2024-03-14 21:52:57,305 - INFO - Finished optimization with guess, [1.4540121].
2024-03-14 21:52:57,306 - INFO - Best fit parameters: [1.4540121].
2024-03-14 21:52:58,095 - INFO - Maximum log composite likelihood: -7162.015939172947.
2024-03-14 21:52:58,095 - INFO - Optimal value of theta: 17290.400803273984.
2024-03-14 21:52:58,095 - INFO - Beginning optimization with guess, [4.35233513].
2024-03-14 21:53:23,944 - INFO - Finished optimization with guess, [4.35233513].
2024-03-14 21:53:23,946 - INFO - Best fit parameters: [4.35233513].
2024-03-14 21:53:24,796 - INFO - Maximum log composite likelihood: -7162.015939172947.
2024-03-14 21:53:24,797 - INFO - Optimal value of theta: 17290.400803273984.
2024-03-14 21:53:24,797 - INFO - Beginning optimization with guess, [2.23020209].
2024-03-14 21:53:47,726 - INFO - Finished optimization with guess, [2.23020209].
2024-03-14 21:53:47,727 - INFO - Best fit parameters: [2.23020209].
2024-03-14 21:53:48,509 - INFO - Maximum log composite likelihood: -7162.015939172947.
2024-03-14 21:53:48,510 - INFO - Optimal value of theta: 17290.400803273984.
2024-03-14 21:53:48,510 - INFO - Beginning optimization with guess, [2.86011306].
2024-03-14 21:54:13,843 - INFO - Finished optimization with guess, [2.86011306].
2024-03-14 21:54:13,844 - INFO - Best fit parameters: [2.86011306].
2024-03-14 21:54:14,629 - INFO - Maximum log composite likelihood: -7162.015939172947.
2024-03-14 21:54:14,630 - INFO - Optimal value of theta: 17290.400803273984.
2024-03-14 21:54:14,630 - INFO - Beginning optimization with guess, [4.60394636].
2024-03-14 21:54:40,023 - INFO - Finished optimization with guess, [4.60394636].
2024-03-14 21:54:40,024 - INFO - Best fit parameters: [4.60394636].
2024-03-14 21:54:40,810 - INFO - Maximum log composite likelihood: -7162.015939172947.
2024-03-14 21:54:40,810 - INFO - Optimal value of theta: 17290.400803273984.
2024-03-14 21:54:40,811 - INFO - Beginning optimization with guess, [4.31080008].
2024-03-14 21:55:06,910 - INFO - Finished optimization with guess, [4.31080008].
2024-03-14 21:55:06,911 - INFO - Best fit parameters: [4.31080008].
2024-03-14 21:55:07,752 - INFO - Maximum log composite likelihood: -7162.015939172947.
2024-03-14 21:55:07,752 - INFO - Optimal value of theta: 17290.400803273984.
2024-03-14 21:55:07,752 - INFO - Beginning optimization with guess, [6.43375479].
2024-03-14 21:55:33,760 - INFO - Finished optimization with guess, [6.43375479].
2024-03-14 21:55:33,761 - INFO - Best fit parameters: [6.43375479].
2024-03-14 21:55:34,544 - INFO - Maximum log composite likelihood: -7162.015939172947.
2024-03-14 21:55:34,544 - INFO - Optimal value of theta: 17290.400803273984.
2024-03-14 21:55:34,544 - INFO - Beginning optimization with guess, [9.70220764].
2024-03-14 21:56:02,428 - INFO - Finished optimization with guess, [9.70220764].
2024-03-14 21:56:02,429 - INFO - Best fit parameters: [9.70220764].
2024-03-14 21:56:03,218 - INFO - Maximum log composite likelihood: -7162.015939172947.
2024-03-14 21:56:03,218 - INFO - Optimal value of theta: 17290.400803273984.
2024-03-14 21:56:03,219 - INFO - Beginning optimization with guess, [9.89069356].
2024-03-14 21:56:31,605 - INFO - Finished optimization with guess, [9.89069356].
2024-03-14 21:56:31,606 - INFO - Best fit parameters: [9.89069356].
2024-03-14 21:56:32,406 - INFO - Maximum log composite likelihood: -7162.015939172947.
2024-03-14 21:56:32,406 - INFO - Optimal value of theta: 17290.400803273984.
2024-03-14 21:56:32,407 - INFO - Beginning optimization with guess, [3.66326827].
2024-03-14 21:56:58,060 - INFO - Finished optimization with guess, [3.66326827].
2024-03-14 21:56:58,061 - INFO - Best fit parameters: [3.66326827].
2024-03-14 21:56:58,876 - INFO - Maximum log composite likelihood: -7162.015939172947.
2024-03-14 21:56:58,876 - INFO - Optimal value of theta: 17290.400803273984.
2024-03-14 21:56:58,876 - INFO - Beginning optimization with guess, [11.51542728].
2024-03-14 21:57:26,616 - INFO - Finished optimization with guess, [11.51542728].
2024-03-14 21:57:26,617 - INFO - Best fit parameters: [11.51542728].
2024-03-14 21:57:27,401 - INFO - Maximum log composite likelihood: -7162.015939172947.
2024-03-14 21:57:27,401 - INFO - Optimal value of theta: 17290.400803273984.
2024-03-14 21:57:27,405 - INFO - Finished demographic inference.
2024-03-14 21:57:27,405 - INFO - Pipeline executed succesfully.
