2024-01-10 13:55:43,563 - INFO - Beginning execution of fit_demographic_model.py in directory /u/project/kirk/jonmah/sample_size_demography/Scripts

2024-01-10 13:55:43,564 - INFO - Progress is being logged to ../Analysis/1kg_EUR_550/log.log

2024-01-10 13:55:43,564 - INFO - Parsed the following arguments:
	syn_input_sfs = ../Analysis/1kg_EUR_550/syn_downsampled_sfs.txt
	mask_singletons = False
	mask_doubletons = False
	outprefix = ../Analysis/1kg_EUR_550/

2024-01-10 13:55:43,566 - INFO - Beginning demographic inference for one-epoch demographic model.
2024-01-10 13:55:43,568 - INFO - Beginning optimization with guess, [0.14300768].
2024-01-10 13:56:22,440 - INFO - Finished optimization with guess, [0.14300768].
2024-01-10 13:56:22,441 - INFO - Best fit parameters: [0.14300768].
2024-01-10 13:56:23,658 - INFO - Maximum log composite likelihood: -1175.0877122050024.
2024-01-10 13:56:23,659 - INFO - Optimal value of theta: 5216.523792477762.
2024-01-10 13:56:23,659 - INFO - Beginning optimization with guess, [0.25065387].
2024-01-10 13:57:01,985 - INFO - Finished optimization with guess, [0.25065387].
2024-01-10 13:57:01,986 - INFO - Best fit parameters: [0.25065387].
2024-01-10 13:57:03,186 - INFO - Maximum log composite likelihood: -1175.0877122050024.
2024-01-10 13:57:03,186 - INFO - Optimal value of theta: 5216.523792477762.
2024-01-10 13:57:03,187 - INFO - Beginning optimization with guess, [0.37787323].
2024-01-10 13:57:38,018 - INFO - Finished optimization with guess, [0.37787323].
2024-01-10 13:57:38,025 - INFO - Best fit parameters: [0.37787323].
2024-01-10 13:57:39,264 - INFO - Maximum log composite likelihood: -1175.0877122050024.
2024-01-10 13:57:39,264 - INFO - Optimal value of theta: 5216.523792477762.
2024-01-10 13:57:39,265 - INFO - Beginning optimization with guess, [0.27589087].
2024-01-10 13:58:17,299 - INFO - Finished optimization with guess, [0.27589087].
2024-01-10 13:58:17,300 - INFO - Best fit parameters: [0.27589087].
2024-01-10 13:58:18,587 - INFO - Maximum log composite likelihood: -1175.0877122050024.
2024-01-10 13:58:18,587 - INFO - Optimal value of theta: 5216.523792477762.
2024-01-10 13:58:18,587 - INFO - Beginning optimization with guess, [0.37256169].
2024-01-10 13:58:53,758 - INFO - Finished optimization with guess, [0.37256169].
2024-01-10 13:58:53,759 - INFO - Best fit parameters: [0.37256169].
2024-01-10 13:58:54,997 - INFO - Maximum log composite likelihood: -1175.0877122050024.
2024-01-10 13:58:54,997 - INFO - Optimal value of theta: 5216.523792477762.
2024-01-10 13:58:54,997 - INFO - Beginning optimization with guess, [0.32902365].
2024-01-10 13:59:33,401 - INFO - Finished optimization with guess, [0.32902365].
2024-01-10 13:59:33,403 - INFO - Best fit parameters: [0.32902365].
2024-01-10 13:59:34,599 - INFO - Maximum log composite likelihood: -1175.0877122050024.
2024-01-10 13:59:34,599 - INFO - Optimal value of theta: 5216.523792477762.
2024-01-10 13:59:34,599 - INFO - Beginning optimization with guess, [0.88496098].
2024-01-10 13:59:58,559 - INFO - Finished optimization with guess, [0.88496098].
2024-01-10 13:59:58,597 - INFO - Best fit parameters: [0.88496098].
2024-01-10 13:59:59,846 - INFO - Maximum log composite likelihood: -1175.0877122050024.
2024-01-10 13:59:59,846 - INFO - Optimal value of theta: 5216.523792477762.
2024-01-10 13:59:59,846 - INFO - Beginning optimization with guess, [0.96080218].
2024-01-10 14:00:20,520 - INFO - Finished optimization with guess, [0.96080218].
2024-01-10 14:00:20,522 - INFO - Best fit parameters: [0.96080218].
2024-01-10 14:00:21,741 - INFO - Maximum log composite likelihood: -1175.0877122050024.
2024-01-10 14:00:21,741 - INFO - Optimal value of theta: 5216.523792477762.
2024-01-10 14:00:21,741 - INFO - Beginning optimization with guess, [0.65845318].
2024-01-10 14:00:53,398 - INFO - Finished optimization with guess, [0.65845318].
2024-01-10 14:00:53,399 - INFO - Best fit parameters: [0.65845318].
2024-01-10 14:00:54,611 - INFO - Maximum log composite likelihood: -1175.0877122050024.
2024-01-10 14:00:54,612 - INFO - Optimal value of theta: 5216.523792477762.
2024-01-10 14:00:54,612 - INFO - Beginning optimization with guess, [1.36795946].
2024-01-10 14:01:25,968 - INFO - Finished optimization with guess, [1.36795946].
2024-01-10 14:01:25,969 - INFO - Best fit parameters: [1.36795946].
2024-01-10 14:01:27,168 - INFO - Maximum log composite likelihood: -1175.0877122050024.
2024-01-10 14:01:27,168 - INFO - Optimal value of theta: 5216.523792477762.
2024-01-10 14:01:27,168 - INFO - Beginning optimization with guess, [1.75920841].
2024-01-10 14:02:02,179 - INFO - Finished optimization with guess, [1.75920841].
2024-01-10 14:02:02,181 - INFO - Best fit parameters: [1.75920841].
2024-01-10 14:02:03,358 - INFO - Maximum log composite likelihood: -1175.0877122050024.
2024-01-10 14:02:03,358 - INFO - Optimal value of theta: 5216.523792477762.
2024-01-10 14:02:03,358 - INFO - Beginning optimization with guess, [1.00201689].
2024-01-10 14:02:09,665 - INFO - Finished optimization with guess, [1.00201689].
2024-01-10 14:02:09,666 - INFO - Best fit parameters: [1.00201689].
2024-01-10 14:02:10,970 - INFO - Maximum log composite likelihood: -1175.0877122050024.
2024-01-10 14:02:10,970 - INFO - Optimal value of theta: 5216.523792477762.
2024-01-10 14:02:10,970 - INFO - Beginning optimization with guess, [2.15075543].
2024-01-10 14:02:46,393 - INFO - Finished optimization with guess, [2.15075543].
2024-01-10 14:02:46,394 - INFO - Best fit parameters: [2.15075543].
2024-01-10 14:02:47,545 - INFO - Maximum log composite likelihood: -1175.0877122050024.
2024-01-10 14:02:47,545 - INFO - Optimal value of theta: 5216.523792477762.
2024-01-10 14:02:47,545 - INFO - Beginning optimization with guess, [2.46332437].
2024-01-10 14:03:24,422 - INFO - Finished optimization with guess, [2.46332437].
2024-01-10 14:03:24,468 - INFO - Best fit parameters: [2.46332437].
2024-01-10 14:03:25,747 - INFO - Maximum log composite likelihood: -1175.0877122050024.
2024-01-10 14:03:25,747 - INFO - Optimal value of theta: 5216.523792477762.
2024-01-10 14:03:25,748 - INFO - Beginning optimization with guess, [1.57925432].
2024-01-10 14:03:57,552 - INFO - Finished optimization with guess, [1.57925432].
2024-01-10 14:03:57,552 - INFO - Best fit parameters: [1.57925432].
2024-01-10 14:03:58,821 - INFO - Maximum log composite likelihood: -1175.0877122050024.
2024-01-10 14:03:58,826 - INFO - Optimal value of theta: 5216.523792477762.
2024-01-10 14:03:58,826 - INFO - Beginning optimization with guess, [2.03043693].
2024-01-10 14:04:33,931 - INFO - Finished optimization with guess, [2.03043693].
2024-01-10 14:04:33,932 - INFO - Best fit parameters: [2.03043693].
2024-01-10 14:04:35,196 - INFO - Maximum log composite likelihood: -1175.0877122050024.
2024-01-10 14:04:35,196 - INFO - Optimal value of theta: 5216.523792477762.
2024-01-10 14:04:35,197 - INFO - Beginning optimization with guess, [2.39338297].
2024-01-10 14:05:10,067 - INFO - Finished optimization with guess, [2.39338297].
2024-01-10 14:05:10,069 - INFO - Best fit parameters: [2.39338297].
2024-01-10 14:05:11,246 - INFO - Maximum log composite likelihood: -1175.0877122050024.
2024-01-10 14:05:11,246 - INFO - Optimal value of theta: 5216.523792477762.
2024-01-10 14:05:11,246 - INFO - Beginning optimization with guess, [3.43456323].
2024-01-10 14:05:48,865 - INFO - Finished optimization with guess, [3.43456323].
2024-01-10 14:05:48,867 - INFO - Best fit parameters: [3.43456323].
2024-01-10 14:05:50,031 - INFO - Maximum log composite likelihood: -1175.0877122050024.
2024-01-10 14:05:50,032 - INFO - Optimal value of theta: 5216.523792477762.
2024-01-10 14:05:50,032 - INFO - Beginning optimization with guess, [5.2271969].
2024-01-10 14:06:27,831 - INFO - Finished optimization with guess, [5.2271969].
2024-01-10 14:06:27,832 - INFO - Best fit parameters: [5.2271969].
2024-01-10 14:06:29,028 - INFO - Maximum log composite likelihood: -1175.0877122050024.
2024-01-10 14:06:29,028 - INFO - Optimal value of theta: 5216.523792477762.
2024-01-10 14:06:29,029 - INFO - Beginning optimization with guess, [7.10332544].
2024-01-10 14:07:06,839 - INFO - Finished optimization with guess, [7.10332544].
2024-01-10 14:07:06,840 - INFO - Best fit parameters: [7.10332544].
2024-01-10 14:07:08,019 - INFO - Maximum log composite likelihood: -1175.0877122050024.
2024-01-10 14:07:08,019 - INFO - Optimal value of theta: 5216.523792477762.
2024-01-10 14:07:08,019 - INFO - Beginning optimization with guess, [5.12261948].
2024-01-10 14:07:45,169 - INFO - Finished optimization with guess, [5.12261948].
2024-01-10 14:07:45,170 - INFO - Best fit parameters: [5.12261948].
2024-01-10 14:07:46,341 - INFO - Maximum log composite likelihood: -1175.0877122050024.
2024-01-10 14:07:46,341 - INFO - Optimal value of theta: 5216.523792477762.
2024-01-10 14:07:46,341 - INFO - Beginning optimization with guess, [3.29425615].
2024-01-10 14:08:23,988 - INFO - Finished optimization with guess, [3.29425615].
2024-01-10 14:08:23,989 - INFO - Best fit parameters: [3.29425615].
2024-01-10 14:08:25,176 - INFO - Maximum log composite likelihood: -1175.0877122050024.
2024-01-10 14:08:25,176 - INFO - Optimal value of theta: 5216.523792477762.
2024-01-10 14:08:25,177 - INFO - Beginning optimization with guess, [6.58221535].
2024-01-10 14:09:02,830 - INFO - Finished optimization with guess, [6.58221535].
2024-01-10 14:09:02,831 - INFO - Best fit parameters: [6.58221535].
2024-01-10 14:09:04,012 - INFO - Maximum log composite likelihood: -1175.0877122050024.
2024-01-10 14:09:04,012 - INFO - Optimal value of theta: 5216.523792477762.
2024-01-10 14:09:04,012 - INFO - Beginning optimization with guess, [12.2853626].
2024-01-10 14:09:45,290 - INFO - Finished optimization with guess, [12.2853626].
2024-01-10 14:09:45,291 - INFO - Best fit parameters: [12.2853626].
2024-01-10 14:09:46,452 - INFO - Maximum log composite likelihood: -1175.0877122050024.
2024-01-10 14:09:46,452 - INFO - Optimal value of theta: 5216.523792477762.
2024-01-10 14:09:46,452 - INFO - Beginning optimization with guess, [5.20522092].
2024-01-10 14:10:24,621 - INFO - Finished optimization with guess, [5.20522092].
2024-01-10 14:10:24,644 - INFO - Best fit parameters: [5.20522092].
2024-01-10 14:10:25,889 - INFO - Maximum log composite likelihood: -1175.0877122050024.
2024-01-10 14:10:25,890 - INFO - Optimal value of theta: 5216.523792477762.
2024-01-10 14:10:25,939 - INFO - Beginning demographic inference for two-epoch demographic model.
2024-01-10 14:10:26,001 - INFO - Beginning optimization with guess, [0.12594124 0.01105452].
2024-01-10 14:12:23,634 - INFO - Finished optimization with guess, [0.12594124 0.01105452].
2024-01-10 14:12:23,636 - INFO - Best fit parameters: [1.75358994 0.00496924].
2024-01-10 14:12:24,863 - INFO - Maximum log composite likelihood: -1037.1800116075283.
2024-01-10 14:12:24,863 - INFO - Optimal value of theta: 4944.910701436072.
2024-01-10 14:12:24,863 - INFO - Beginning optimization with guess, [0.18227326 0.00732251].
2024-01-10 14:14:16,738 - INFO - Finished optimization with guess, [0.18227326 0.00732251].
2024-01-10 14:14:16,739 - INFO - Best fit parameters: [1.75361307 0.00496911].
2024-01-10 14:14:17,934 - INFO - Maximum log composite likelihood: -1037.180011587636.
2024-01-10 14:14:17,934 - INFO - Optimal value of theta: 4944.910234683563.
2024-01-10 14:14:17,934 - INFO - Beginning optimization with guess, [0.17083651 0.0057062 ].
2024-01-10 14:16:11,607 - INFO - Finished optimization with guess, [0.17083651 0.0057062 ].
2024-01-10 14:16:11,608 - INFO - Best fit parameters: [1.75360535 0.00496913].
2024-01-10 14:16:12,784 - INFO - Maximum log composite likelihood: -1037.1800115856538.
2024-01-10 14:16:12,784 - INFO - Optimal value of theta: 4944.911071573035.
2024-01-10 14:16:12,784 - INFO - Beginning optimization with guess, [0.77321801 0.01598645].
2024-01-10 14:18:05,758 - INFO - Finished optimization with guess, [0.77321801 0.01598645].
2024-01-10 14:18:05,760 - INFO - Best fit parameters: [1.75360301 0.00496893].
2024-01-10 14:18:06,930 - INFO - Maximum log composite likelihood: -1037.1800116455452.
2024-01-10 14:18:06,930 - INFO - Optimal value of theta: 4944.919167221762.
2024-01-10 14:18:06,930 - INFO - Beginning optimization with guess, [0.71216158 0.00657291].
2024-01-10 14:19:59,376 - INFO - Finished optimization with guess, [0.71216158 0.00657291].
2024-01-10 14:19:59,378 - INFO - Best fit parameters: [1.75361392 0.00496952].
2024-01-10 14:20:00,568 - INFO - Maximum log composite likelihood: -1037.1800119773065.
2024-01-10 14:20:00,568 - INFO - Optimal value of theta: 4944.894974091526.
2024-01-10 14:20:00,568 - INFO - Beginning optimization with guess, [0.62229741 0.00538481].
2024-01-10 14:21:55,309 - INFO - Finished optimization with guess, [0.62229741 0.00538481].
2024-01-10 14:21:55,310 - INFO - Best fit parameters: [1.75363806 0.00496837].
2024-01-10 14:21:56,464 - INFO - Maximum log composite likelihood: -1037.1800120613943.
2024-01-10 14:21:56,464 - INFO - Optimal value of theta: 4944.931401757398.
2024-01-10 14:21:56,465 - INFO - Beginning optimization with guess, [0.82614314 0.01041282].
2024-01-10 14:23:47,480 - INFO - Finished optimization with guess, [0.82614314 0.01041282].
2024-01-10 14:23:47,481 - INFO - Best fit parameters: [1.753593  0.0049698].
2024-01-10 14:23:48,649 - INFO - Maximum log composite likelihood: -1037.1800122841253.
2024-01-10 14:23:48,649 - INFO - Optimal value of theta: 4944.889292334138.
2024-01-10 14:23:48,649 - INFO - Beginning optimization with guess, [0.6005137  0.01518485].
2024-01-10 14:25:35,723 - INFO - Finished optimization with guess, [0.6005137  0.01518485].
2024-01-10 14:25:35,725 - INFO - Best fit parameters: [1.75359413 0.0049691 ].
2024-01-10 14:25:36,890 - INFO - Maximum log composite likelihood: -1037.1800116071045.
2024-01-10 14:25:36,890 - INFO - Optimal value of theta: 4944.915061182462.
2024-01-10 14:25:36,890 - INFO - Beginning optimization with guess, [1.65930661 0.01727717].
2024-01-10 14:27:05,627 - INFO - Finished optimization with guess, [1.65930661 0.01727717].
2024-01-10 14:27:05,629 - INFO - Best fit parameters: [1.75364104 0.00496886].
2024-01-10 14:27:06,791 - INFO - Maximum log composite likelihood: -1037.1800116135516.
2024-01-10 14:27:06,791 - INFO - Optimal value of theta: 4944.91266285064.
2024-01-10 14:27:06,791 - INFO - Beginning optimization with guess, [1.20202003 0.01383677].
2024-01-10 14:28:40,118 - INFO - Finished optimization with guess, [1.20202003 0.01383677].
2024-01-10 14:28:40,121 - INFO - Best fit parameters: [1.75363602 0.00496903].
2024-01-10 14:28:41,295 - INFO - Maximum log composite likelihood: -1037.1800116343397.
2024-01-10 14:28:41,296 - INFO - Optimal value of theta: 4944.907750997861.
2024-01-10 14:28:41,296 - INFO - Beginning optimization with guess, [0.74060036 0.00594384].
2024-01-10 14:30:34,429 - INFO - Finished optimization with guess, [0.74060036 0.00594384].
2024-01-10 14:30:34,431 - INFO - Best fit parameters: [1.75370702 0.0049684 ].
2024-01-10 14:30:35,656 - INFO - Maximum log composite likelihood: -1037.1800119607067.
2024-01-10 14:30:35,657 - INFO - Optimal value of theta: 4944.913965814728.
2024-01-10 14:30:35,657 - INFO - Beginning optimization with guess, [0.91187723 0.00624405].
2024-01-10 14:32:28,641 - INFO - Finished optimization with guess, [0.91187723 0.00624405].
2024-01-10 14:32:28,643 - INFO - Best fit parameters: [1.75356329 0.00496853].
2024-01-10 14:32:29,809 - INFO - Maximum log composite likelihood: -1037.1800129554154.
2024-01-10 14:32:29,810 - INFO - Optimal value of theta: 4944.943334895743.
2024-01-10 14:32:29,810 - INFO - Beginning optimization with guess, [2.82328189 0.01790439].
2024-01-10 14:33:54,107 - INFO - Finished optimization with guess, [2.82328189 0.01790439].
2024-01-10 14:33:54,108 - INFO - Best fit parameters: [1.75358017 0.00496918].
2024-01-10 14:33:55,313 - INFO - Maximum log composite likelihood: -1037.1800116407983.
2024-01-10 14:33:55,313 - INFO - Optimal value of theta: 4944.915235308937.
2024-01-10 14:33:55,314 - INFO - Beginning optimization with guess, [2.24931358 0.00785029].
2024-01-10 14:35:22,065 - INFO - Finished optimization with guess, [2.24931358 0.00785029].
2024-01-10 14:35:22,067 - INFO - Best fit parameters: [1.75360958 0.0049692 ].
2024-01-10 14:35:23,220 - INFO - Maximum log composite likelihood: -1037.1800116136033.
2024-01-10 14:35:23,220 - INFO - Optimal value of theta: 4944.9074500751285.
2024-01-10 14:35:23,220 - INFO - Beginning optimization with guess, [3.65306005 0.01261282].
2024-01-10 14:36:53,612 - INFO - Finished optimization with guess, [3.65306005 0.01261282].
2024-01-10 14:36:53,613 - INFO - Best fit parameters: [1.75363101 0.00496888].
2024-01-10 14:36:54,782 - INFO - Maximum log composite likelihood: -1037.1800115973654.
2024-01-10 14:36:54,783 - INFO - Optimal value of theta: 4944.914272525617.
2024-01-10 14:36:54,783 - INFO - Beginning optimization with guess, [2.23332711 0.00914337].
2024-01-10 14:38:20,429 - INFO - Finished optimization with guess, [2.23332711 0.00914337].
2024-01-10 14:38:20,431 - INFO - Best fit parameters: [1.75361747 0.00496892].
2024-01-10 14:38:21,638 - INFO - Maximum log composite likelihood: -1037.1800115980247.
2024-01-10 14:38:21,638 - INFO - Optimal value of theta: 4944.916095388438.
2024-01-10 14:38:21,638 - INFO - Beginning optimization with guess, [5.37251869 0.01116883].
2024-01-10 14:40:05,584 - INFO - Finished optimization with guess, [5.37251869 0.01116883].
2024-01-10 14:40:05,586 - INFO - Best fit parameters: [1.7536029  0.00496899].
2024-01-10 14:40:06,745 - INFO - Maximum log composite likelihood: -1037.1800116107645.
2024-01-10 14:40:06,745 - INFO - Optimal value of theta: 4944.916769152163.
2024-01-10 14:40:06,745 - INFO - Beginning optimization with guess, [1.51077346 0.01301686].
2024-01-10 14:41:37,845 - INFO - Finished optimization with guess, [1.51077346 0.01301686].
2024-01-10 14:41:37,846 - INFO - Best fit parameters: [1.75359671 0.00496905].
2024-01-10 14:41:39,037 - INFO - Maximum log composite likelihood: -1037.1800116141126.
2024-01-10 14:41:39,037 - INFO - Optimal value of theta: 4944.9163284700635.
2024-01-10 14:41:39,038 - INFO - Beginning optimization with guess, [5.54940374 0.00880355].
2024-01-10 14:43:15,622 - INFO - Finished optimization with guess, [5.54940374 0.00880355].
2024-01-10 14:43:15,624 - INFO - Best fit parameters: [1.75359346 0.00496904].
2024-01-10 14:43:16,811 - INFO - Maximum log composite likelihood: -1037.1800116319368.
2024-01-10 14:43:16,811 - INFO - Optimal value of theta: 4944.917417997947.
2024-01-10 14:43:16,811 - INFO - Beginning optimization with guess, [2.82925937 0.0146524 ].
2024-01-10 14:44:54,067 - INFO - Finished optimization with guess, [2.82925937 0.0146524 ].
2024-01-10 14:44:54,069 - INFO - Best fit parameters: [1.753606   0.00496908].
2024-01-10 14:44:55,272 - INFO - Maximum log composite likelihood: -1037.1800115845333.
2024-01-10 14:44:55,272 - INFO - Optimal value of theta: 4944.913043516922.
2024-01-10 14:44:55,273 - INFO - Beginning optimization with guess, [2.86871582 0.00549855].
2024-01-10 14:46:28,280 - INFO - Finished optimization with guess, [2.86871582 0.00549855].
2024-01-10 14:46:28,282 - INFO - Best fit parameters: [1.75362283 0.00496899].
2024-01-10 14:46:29,422 - INFO - Maximum log composite likelihood: -1037.1800115848662.
2024-01-10 14:46:29,422 - INFO - Optimal value of theta: 4944.912067226989.
2024-01-10 14:46:29,423 - INFO - Beginning optimization with guess, [2.91957883 0.00682401].
2024-01-10 14:48:17,465 - INFO - Finished optimization with guess, [2.91957883 0.00682401].
2024-01-10 14:48:17,467 - INFO - Best fit parameters: [1.75361357 0.00496893].
2024-01-10 14:48:18,621 - INFO - Maximum log composite likelihood: -1037.1800116017837.
2024-01-10 14:48:18,621 - INFO - Optimal value of theta: 4944.916519096996.
2024-01-10 14:48:18,622 - INFO - Beginning optimization with guess, [7.46491216 0.00870442].
2024-01-10 14:50:04,815 - INFO - Finished optimization with guess, [7.46491216 0.00870442].
2024-01-10 14:50:04,817 - INFO - Best fit parameters: [1.75364037 0.00496883].
2024-01-10 14:50:05,968 - INFO - Maximum log composite likelihood: -1037.1800116154543.
2024-01-10 14:50:05,968 - INFO - Optimal value of theta: 4944.9140248612275.
2024-01-10 14:50:05,968 - INFO - Beginning optimization with guess, [4.36251488 0.00697371].
2024-01-10 14:51:42,159 - INFO - Finished optimization with guess, [4.36251488 0.00697371].
2024-01-10 14:51:42,160 - INFO - Best fit parameters: [1.75364387 0.00496901].
2024-01-10 14:51:43,305 - INFO - Maximum log composite likelihood: -1037.1800116707045.
2024-01-10 14:51:43,305 - INFO - Optimal value of theta: 4944.906530661112.
2024-01-10 14:51:43,305 - INFO - Beginning optimization with guess, [1.57423661e+01 8.25304150e-03].
2024-01-10 14:53:33,132 - INFO - Finished optimization with guess, [1.57423661e+01 8.25304150e-03].
2024-01-10 14:53:33,133 - INFO - Best fit parameters: [1.75362721 0.00496879].
2024-01-10 14:53:34,279 - INFO - Maximum log composite likelihood: -1037.1800116367021.
2024-01-10 14:53:34,279 - INFO - Optimal value of theta: 4944.91862204207.
2024-01-10 14:53:34,284 - INFO - Beginning demographic inference for three-epoch demographic model.
2024-01-10 14:53:34,286 - INFO - Beginning optimization with guess, [0.00532191 0.01292727 0.00708381 0.00901001].
2024-01-10 14:55:25,072 - INFO - Finished optimization with guess, [0.00532191 0.01292727 0.00708381 0.00901001].
2024-01-10 14:55:25,073 - INFO - Best fit parameters: [0.00206119 0.01302423 0.00941458 0.00210714].
2024-01-10 14:55:26,309 - INFO - Maximum log composite likelihood: -963.2501345498667.
2024-01-10 14:55:26,309 - INFO - Optimal value of theta: 433804.70387767977.
2024-01-10 14:55:26,309 - INFO - Beginning optimization with guess, [0.01431805 0.01309061 0.01333601 0.01535102].
2024-01-10 14:57:27,292 - INFO - Finished optimization with guess, [0.01431805 0.01309061 0.01333601 0.01535102].
2024-01-10 14:57:27,293 - INFO - Best fit parameters: [0.00821753 0.00723165 0.01131291 0.04579258].
2024-01-10 14:57:28,590 - INFO - Maximum log composite likelihood: -1157.67822767659.
2024-01-10 14:57:28,590 - INFO - Optimal value of theta: 702218.7304649368.
2024-01-10 14:57:28,590 - INFO - Beginning optimization with guess, [0.01598127 0.0537505  0.00894607 0.0057573 ].
2024-01-10 14:59:13,161 - INFO - Finished optimization with guess, [0.01598127 0.0537505  0.00894607 0.0057573 ].
2024-01-10 14:59:13,163 - INFO - Best fit parameters: [0.00707299 0.03711196 0.02541591 0.00530333].
2024-01-10 14:59:14,380 - INFO - Maximum log composite likelihood: -959.2005657775453.
2024-01-10 14:59:14,380 - INFO - Optimal value of theta: 155274.75605632737.
2024-01-10 14:59:14,380 - INFO - Beginning optimization with guess, [0.02231676 0.02415873 0.00859694 0.01704163].
2024-01-10 15:01:11,523 - INFO - Finished optimization with guess, [0.02231676 0.02415873 0.00859694 0.01704163].
2024-01-10 15:01:11,524 - INFO - Best fit parameters: [0.00523412 0.02271393 0.01039486 0.10081011].
2024-01-10 15:01:12,794 - INFO - Maximum log composite likelihood: -1157.678218601731.
2024-01-10 15:01:12,794 - INFO - Optimal value of theta: 223570.52772691537.
2024-01-10 15:01:12,794 - INFO - Beginning optimization with guess, [0.04551863 0.0348387  0.00524232 0.00768588].
2024-01-10 15:02:53,072 - INFO - Finished optimization with guess, [0.04551863 0.0348387  0.00524232 0.00768588].
2024-01-10 15:02:53,073 - INFO - Best fit parameters: [1.08259232e-02 5.18491172e+04 5.84969392e-08 8.47669514e-04].
2024-01-10 15:02:54,218 - INFO - Maximum log composite likelihood: -1067.4861763062588.
2024-01-10 15:02:54,218 - INFO - Optimal value of theta: 5046.455610804669.
2024-01-10 15:02:54,219 - INFO - Beginning optimization with guess, [1.07752249 0.58827328 0.00719692 0.01209205].
2024-01-10 15:04:26,133 - INFO - Finished optimization with guess, [1.07752249 0.58827328 0.00719692 0.01209205].
2024-01-10 15:04:26,134 - INFO - Best fit parameters: [1.51481025e+00 1.36888265e+03 7.68818788e-03 1.42035269e-31].
2024-01-10 15:04:27,283 - INFO - Maximum log composite likelihood: -1038.790106001518.
2024-01-10 15:04:27,283 - INFO - Optimal value of theta: 4928.147100225769.
2024-01-10 15:04:27,283 - INFO - Beginning optimization with guess, [0.41921887 0.49204221 0.01508428 0.01466562].
2024-01-10 15:06:06,245 - INFO - Finished optimization with guess, [0.41921887 0.49204221 0.01508428 0.01466562].
2024-01-10 15:06:06,247 - INFO - Best fit parameters: [0.35650516 1.35523109 0.00639149 0.01945854].
2024-01-10 15:06:07,398 - INFO - Maximum log composite likelihood: -988.7008056315797.
2024-01-10 15:06:07,399 - INFO - Optimal value of theta: 5161.85799442291.
2024-01-10 15:06:07,399 - INFO - Beginning optimization with guess, [0.82433905 0.92819285 0.0174652  0.01252183].
2024-01-10 15:07:47,378 - INFO - Finished optimization with guess, [0.82433905 0.92819285 0.0174652  0.01252183].
2024-01-10 15:07:47,380 - INFO - Best fit parameters: [0.76980923 0.89644343 0.91637509 0.02385645].
2024-01-10 15:07:48,549 - INFO - Maximum log composite likelihood: -1026.3592628068302.
2024-01-10 15:07:48,549 - INFO - Optimal value of theta: 6228.657868351036.
2024-01-10 15:07:48,549 - INFO - Beginning optimization with guess, [0.52014243 0.6521628  0.00893601 0.00839536].
2024-01-10 15:09:30,118 - INFO - Finished optimization with guess, [0.52014243 0.6521628  0.00893601 0.00839536].
2024-01-10 15:09:30,120 - INFO - Best fit parameters: [5.34156589e-01 1.75307039e+00 1.98826815e-06 4.95436191e-03].
2024-01-10 15:09:31,270 - INFO - Maximum log composite likelihood: -1037.18111742435.
2024-01-10 15:09:31,270 - INFO - Optimal value of theta: 4945.791291133345.
2024-01-10 15:09:31,270 - INFO - Beginning optimization with guess, [1.81548418 1.80774594 0.00657162 0.01732735].
2024-01-10 15:11:06,021 - INFO - Finished optimization with guess, [1.81548418 1.80774594 0.00657162 0.01732735].
2024-01-10 15:11:06,022 - INFO - Best fit parameters: [1.82795502 1.52463177 0.0030961  0.00221477].
2024-01-10 15:11:07,158 - INFO - Maximum log composite likelihood: -1035.736101421942.
2024-01-10 15:11:07,158 - INFO - Optimal value of theta: 4940.027771484175.
2024-01-10 15:11:07,158 - INFO - Beginning optimization with guess, [2.38717246 1.59224959 0.00986233 0.00672088].
2024-01-10 15:12:47,121 - INFO - Finished optimization with guess, [2.38717246 1.59224959 0.00986233 0.00672088].
2024-01-10 15:12:47,123 - INFO - Best fit parameters: [1.80574044 1.46861713 0.00353355 0.00202607].
2024-01-10 15:12:48,259 - INFO - Maximum log composite likelihood: -1035.7636758808828.
2024-01-10 15:12:48,259 - INFO - Optimal value of theta: 4939.85652789898.
2024-01-10 15:12:48,260 - INFO - Beginning optimization with guess, [2.95396181 1.28938587 0.01464953 0.00816068].
2024-01-10 15:14:24,856 - INFO - Finished optimization with guess, [2.95396181 1.28938587 0.01464953 0.00816068].
2024-01-10 15:14:24,858 - INFO - Best fit parameters: [2.54515521e+00 1.19375600e+00 3.26241071e-03 1.47425539e-03].
2024-01-10 15:14:25,997 - INFO - Maximum log composite likelihood: -1034.7195731210597.
2024-01-10 15:14:25,997 - INFO - Optimal value of theta: 4932.278509506847.
2024-01-10 15:14:25,997 - INFO - Beginning optimization with guess, [1.80757056 2.3409942  0.01794271 0.010498  ].
2024-01-10 15:16:07,105 - INFO - Finished optimization with guess, [1.80757056 2.3409942  0.01794271 0.010498  ].
2024-01-10 15:16:07,106 - INFO - Best fit parameters: [2.57419691e+00 1.00581484e+00 3.40931933e-03 8.11100250e-04].
2024-01-10 15:16:08,257 - INFO - Maximum log composite likelihood: -1034.4430112875623.
2024-01-10 15:16:08,257 - INFO - Optimal value of theta: 4940.434456488297.
2024-01-10 15:16:08,257 - INFO - Beginning optimization with guess, [2.20507835 1.40716366 0.00586303 0.00616242].
2024-01-10 15:17:43,424 - INFO - Finished optimization with guess, [2.20507835 1.40716366 0.00586303 0.00616242].
2024-01-10 15:17:43,426 - INFO - Best fit parameters: [2.97414779e+00 1.12100216e+00 2.93748401e-03 1.57256262e-03].
2024-01-10 15:17:44,564 - INFO - Maximum log composite likelihood: -1034.534137059173.
2024-01-10 15:17:44,564 - INFO - Optimal value of theta: 4942.5381722134825.
2024-01-10 15:17:44,565 - INFO - Beginning optimization with guess, [1.82779186 1.16476236 0.00788535 0.01484671].
2024-01-10 15:19:25,762 - INFO - Finished optimization with guess, [1.82779186 1.16476236 0.00788535 0.01484671].
2024-01-10 15:19:25,764 - INFO - Best fit parameters: [2.40213951e+00 1.11739915e+00 3.50682527e-03 1.12089193e-03].
2024-01-10 15:19:26,906 - INFO - Maximum log composite likelihood: -1034.5277116346806.
2024-01-10 15:19:26,906 - INFO - Optimal value of theta: 4939.4975262120915.
2024-01-10 15:19:26,906 - INFO - Beginning optimization with guess, [1.30179877 2.27489226 0.00682729 0.00732533].
2024-01-10 15:21:08,293 - INFO - Finished optimization with guess, [1.30179877 2.27489226 0.00682729 0.00732533].
2024-01-10 15:21:08,295 - INFO - Best fit parameters: [1.31200502 1.68220106 0.00229815 0.0039462 ].
2024-01-10 15:21:09,436 - INFO - Maximum log composite likelihood: -1036.7214165952994.
2024-01-10 15:21:09,436 - INFO - Optimal value of theta: 4944.876660660352.
2024-01-10 15:21:09,437 - INFO - Beginning optimization with guess, [2.76147769 2.26058011 0.00928119 0.00544154].
2024-01-10 15:22:45,632 - INFO - Finished optimization with guess, [2.76147769 2.26058011 0.00928119 0.00544154].
2024-01-10 15:22:45,634 - INFO - Best fit parameters: [1.97868459e+00 1.53688770e+00 1.78303900e-03 3.72553645e-03].
2024-01-10 15:22:46,769 - INFO - Maximum log composite likelihood: -1036.1777261357054.
2024-01-10 15:22:46,769 - INFO - Optimal value of theta: 4942.454954706674.
2024-01-10 15:22:46,770 - INFO - Beginning optimization with guess, [5.65822234 2.71497997 0.00694849 0.01476147].
2024-01-10 15:24:29,018 - INFO - Finished optimization with guess, [5.65822234 2.71497997 0.00694849 0.01476147].
2024-01-10 15:24:29,019 - INFO - Best fit parameters: [6.43316779e+00 1.36815215e+00 1.39993808e-03 3.42530359e-03].
2024-01-10 15:24:30,204 - INFO - Maximum log composite likelihood: -1036.4157377836768.
2024-01-10 15:24:30,204 - INFO - Optimal value of theta: 4945.602104822685.
2024-01-10 15:24:30,204 - INFO - Beginning optimization with guess, [3.98512392 4.4845618  0.00854678 0.00579202].
2024-01-10 15:26:09,740 - INFO - Finished optimization with guess, [3.98512392 4.4845618  0.00854678 0.00579202].
2024-01-10 15:26:09,741 - INFO - Best fit parameters: [4.59436539e+00 1.16079638e+00 1.94872647e-03 1.82398151e-03].
2024-01-10 15:26:10,876 - INFO - Maximum log composite likelihood: -1036.4721206735633.
2024-01-10 15:26:10,876 - INFO - Optimal value of theta: 4970.608637122491.
2024-01-10 15:26:10,876 - INFO - Beginning optimization with guess, [6.51749966e+00 5.98156340e+00 1.56203634e-02 5.69017014e-03].
2024-01-10 15:27:48,261 - INFO - Finished optimization with guess, [6.51749966e+00 5.98156340e+00 1.56203634e-02 5.69017014e-03].
2024-01-10 15:27:48,262 - INFO - Best fit parameters: [1.40093806e+00 6.78076019e+00 7.66423500e-03 2.69671739e-04].
2024-01-10 15:27:49,399 - INFO - Maximum log composite likelihood: -1039.9147881900574.
2024-01-10 15:27:49,399 - INFO - Optimal value of theta: 4935.320490086261.
2024-01-10 15:27:49,399 - INFO - Beginning optimization with guess, [7.27606246 3.82565591 0.0136646  0.0139998 ].
2024-01-10 15:29:38,188 - INFO - Finished optimization with guess, [7.27606246 3.82565591 0.0136646  0.0139998 ].
2024-01-10 15:29:38,190 - INFO - Best fit parameters: [1.21714443e+01 8.60448467e-01 2.67138292e-03 1.87445732e-03].
2024-01-10 15:29:39,342 - INFO - Maximum log composite likelihood: -1035.679393924416.
2024-01-10 15:29:39,342 - INFO - Optimal value of theta: 4937.288820004378.
2024-01-10 15:29:39,343 - INFO - Beginning optimization with guess, [3.37608572 3.29300209 0.01898599 0.00801931].
2024-01-10 15:31:18,479 - INFO - Finished optimization with guess, [3.37608572 3.29300209 0.01898599 0.00801931].
2024-01-10 15:31:18,480 - INFO - Best fit parameters: [1.73785140e+00 2.46965294e+00 4.71861983e-03 9.61191862e-05].
2024-01-10 15:31:19,635 - INFO - Maximum log composite likelihood: -1037.5239675003245.
2024-01-10 15:31:19,636 - INFO - Optimal value of theta: 4949.097310232366.
2024-01-10 15:31:19,636 - INFO - Beginning optimization with guess, [6.82051269e+00 4.15185644e+00 8.09605912e-03 6.13920319e-03].
2024-01-10 15:33:05,257 - INFO - Finished optimization with guess, [6.82051269e+00 4.15185644e+00 8.09605912e-03 6.13920319e-03].
2024-01-10 15:33:05,258 - INFO - Best fit parameters: [7.40751183e+00 1.46097877e+00 1.01537147e-03 3.99331821e-03].
2024-01-10 15:33:06,406 - INFO - Maximum log composite likelihood: -1036.7915883376374.
2024-01-10 15:33:06,406 - INFO - Optimal value of theta: 4944.616683223074.
2024-01-10 15:33:06,407 - INFO - Beginning optimization with guess, [4.51368445e+00 8.18953637e+00 1.36267146e-02 7.29341031e-03].
2024-01-10 15:34:57,140 - INFO - Finished optimization with guess, [4.51368445e+00 8.18953637e+00 1.36267146e-02 7.29341031e-03].
2024-01-10 15:34:57,142 - INFO - Best fit parameters: [6.96631967e+00 4.08217382e-01 3.67835779e-03 6.41703535e-04].
2024-01-10 15:34:58,289 - INFO - Maximum log composite likelihood: -1033.8312908644907.
2024-01-10 15:34:58,289 - INFO - Optimal value of theta: 4933.280252952805.
2024-01-10 15:34:58,289 - INFO - Beginning optimization with guess, [5.68043551 5.82542076 0.00706699 0.005848  ].
2024-01-10 15:36:41,156 - INFO - Finished optimization with guess, [5.68043551 5.82542076 0.00706699 0.005848  ].
2024-01-10 15:36:41,158 - INFO - Best fit parameters: [1.56189377e+01 1.54366178e+00 6.36797814e-04 4.38383728e-03].
2024-01-10 15:36:42,352 - INFO - Maximum log composite likelihood: -1037.0925287370949.
2024-01-10 15:36:42,353 - INFO - Optimal value of theta: 4945.096401875311.
2024-01-10 15:36:42,358 - INFO - Finished demographic inference.
2024-01-10 15:36:42,358 - INFO - Pipeline executed succesfully.
