2025-08-05 09:54:11,767 - INFO - Beginning execution of fit_demographic_model.py in directory /u/project/kirk-bigdata/jonmah/sample_size_demography/Scripts

2025-08-05 09:54:11,768 - INFO - Progress is being logged to ../Analysis/dadi_3EpB_580/log.log

2025-08-05 09:54:11,768 - INFO - Parsed the following arguments:
	syn_input_sfs = ../Simulations/dadi_simulations/ThreeEpochBottleneck_580.sfs
	mask_singletons = False
	mask_doubletons = False
	L_syn = 100000000.0
	outprefix = ../Analysis/dadi_3EpB_580/

2025-08-05 09:54:11,795 - INFO - Beginning demographic inference for two-epoch demographic model.
2025-08-05 09:54:11,797 - INFO - Beginning optimization with guess, [0.01, 0.1].
2025-08-05 09:57:19,709 - INFO - Finished optimization with guess, [0.01, 0.1].
2025-08-05 09:57:19,710 - INFO - Best fit parameters: [0.00251189 0.15848932].
2025-08-05 09:57:22,405 - INFO - Maximum log composite likelihood: -69425.33127802257.
2025-08-05 09:57:22,406 - INFO - Optimal value of theta: 12995810.938821007.
2025-08-05 09:57:22,406 - INFO - Beginning optimization with guess, [0.025, 0.1].
2025-08-05 09:59:56,735 - INFO - Finished optimization with guess, [0.025, 0.1].
2025-08-05 09:59:56,736 - INFO - Best fit parameters: [0.0051667  0.26432638].
2025-08-05 09:59:59,343 - INFO - Maximum log composite likelihood: -69425.33127815963.
2025-08-05 09:59:59,343 - INFO - Optimal value of theta: 6318154.768665131.
2025-08-05 09:59:59,343 - INFO - Beginning optimization with guess, [0.05, 0.1].
2025-08-05 10:03:32,297 - INFO - Finished optimization with guess, [0.05, 0.1].
2025-08-05 10:03:32,300 - INFO - Best fit parameters: [0.00529888 0.69554924].
2025-08-05 10:03:36,495 - INFO - Maximum log composite likelihood: -69425.33127814544.
2025-08-05 10:03:36,495 - INFO - Optimal value of theta: 6160546.295906719.
2025-08-05 10:03:36,495 - INFO - Beginning optimization with guess, [0.075, 0.1].
2025-08-05 10:06:36,225 - INFO - Finished optimization with guess, [0.075, 0.1].
2025-08-05 10:06:36,226 - INFO - Best fit parameters: [0.01014891 0.84976116].
2025-08-05 10:06:39,335 - INFO - Maximum log composite likelihood: -69425.3312779483.
2025-08-05 10:06:39,336 - INFO - Optimal value of theta: 3216501.6645633103.
2025-08-05 10:06:39,336 - INFO - Beginning optimization with guess, [0.1, 0.1].
2025-08-05 10:20:18,800 - INFO - Finished optimization with guess, [0.1, 0.1].
2025-08-05 10:20:18,802 - INFO - Best fit parameters: [0.00702396 5.09367522].
2025-08-05 10:20:34,904 - INFO - Maximum log composite likelihood: -69425.33127835667.
2025-08-05 10:20:34,906 - INFO - Optimal value of theta: 4647520.920620377.
2025-08-05 10:20:34,906 - INFO - Beginning optimization with guess, [0.25, 0.1].
2025-08-05 10:21:44,653 - INFO - Finished optimization with guess, [0.25, 0.1].
2025-08-05 10:21:44,655 - INFO - Best fit parameters: [2.45487100e+01 1.95197769e-02].
2025-08-05 10:21:46,123 - INFO - Maximum log composite likelihood: -14161.329933667355.
2025-08-05 10:21:46,123 - INFO - Optimal value of theta: 19737.60760830146.
2025-08-05 10:21:46,123 - INFO - Beginning optimization with guess, [0.5, 0.1].
2025-08-05 10:22:58,433 - INFO - Finished optimization with guess, [0.5, 0.1].
2025-08-05 10:22:58,435 - INFO - Best fit parameters: [2.42294216e+01 1.96047163e-02].
2025-08-05 10:22:59,955 - INFO - Maximum log composite likelihood: -14161.489617338164.
2025-08-05 10:22:59,955 - INFO - Optimal value of theta: 19728.006976534038.
2025-08-05 10:22:59,955 - INFO - Beginning optimization with guess, [0.75, 0.1].
