2025-03-19 17:33:56,652 - INFO - Beginning execution of evaluate_true_demography_fit.py in directory /u/project/kirk/jonmah/sample_size_demography/Scripts

2025-03-19 17:33:56,652 - INFO - Progress is being logged to ../Analysis/TwoEpochContraction_150/evaluate_demography.log

2025-03-19 17:33:56,652 - INFO - Parsed the following arguments:
	syn_input_sfs = ../Analysis/TwoEpochContraction_150/syn_downsampled_sfs.txt
	model_type = two_epoch
	params_list = [0.5, 0.1]
	mask_singletons = False
	mask_doubletons = False
	outprefix = ../Analysis/TwoEpochContraction_150/

2025-03-19 17:33:56,654 - INFO - Beginning demographic evaluation for two-epoch demographic model.
2025-03-19 17:33:56,655 - INFO - Beginning optimization with guess, [0.5, 0.1].
2025-03-19 17:33:56,655 - INFO - Finished optimization with guess, [0.5, 0.1].
2025-03-19 17:33:56,655 - INFO - Best fit parameters: [0.5, 0.1].
2025-03-19 17:33:56,879 - INFO - Maximum log composite likelihood: -322.65654561515396.
2025-03-19 17:33:56,879 - INFO - Optimal value of theta: 11960.882213360597.
2025-03-19 17:33:56,879 - INFO - Synonymous input SFS: [-- 6344.934195970285 3375.716467149382 2371.437344916232 1853.660346373841 1537.203110167587 1329.096539313418 1186.709558480787 1085.125356347309 1008.446999071109 946.9406590311985 895.1738310120072 850.2973004281585 810.7249106216175 775.3839566119696 743.4200786314407 714.1402521545191 687.0323250339528 661.7817701817137 638.2591996060063 616.4778061671475 596.531348158828 578.5270425244917 562.5264541242975 548.5036172584234 536.3252579692921 525.7539575755363 516.4714705327033 508.1163109796087 500.3276378438677 492.7869146680908 485.2499445646962 477.5643626872068 469.6708904558825 461.5899230891017 453.3977048092178 445.1979538271472 437.0950508760186 429.1738057814002 421.4886914381823 414.0628668985316 406.8949819387041 399.9702392066714 393.2717896692604 386.7892167606241 380.5222970092653 374.479920789657 368.6755229939303 363.1212462621631 357.8231816340696 352.7794632052796 347.9819673448028 343.4212083691597 339.0930560576764 335.0053680212134 331.1826368050001 327.6672516401084 324.5167976011684 321.7977244795308 319.576483501911 317.9096894116509 316.8349576750668 316.3638314264668 316.4777583824239 317.1275342181708 318.2361058935619 319.7041948890809 321.4178860523648 323.2571418179392 325.1041514366218 326.8505230041811 328.4025793768232 329.6844079631727 330.6387766515649 331.2264610703351 165.7124072901051 -- -- -- -- -- -- -- -- -- -- -- -- -- -- -- -- -- -- -- -- -- -- -- -- -- -- -- -- -- -- -- -- -- -- -- -- -- -- -- -- -- -- -- -- -- -- -- -- -- -- -- -- -- -- -- -- -- -- -- -- -- -- -- -- -- -- -- -- -- -- -- -- -- -- --].
2025-03-19 17:33:56,880 - INFO - Scaled spectrum: [-- 6417.182519215935 3417.405168456878 2411.436180566538 1904.1965784761921 1596.6525243890308 1389.1172190946252 1238.8607506730518 1124.5123636797314 1034.1945306767052 960.7765683943908 899.7171802626727 847.9857188408082 803.4813194039033 764.7009694708565 730.54034448501 700.169324736452 672.951442678099 648.3901768199903 626.0922015615561 605.7416585693932 587.0817760204761 569.9014979078322 554.0255987474651 539.3072672401428 525.6224676989586 512.8656007221948 500.9461263703588 489.7859093139037 479.3171117684019 469.4805064793639 460.2241149803435 451.5021000391545 443.273858437127 435.5032728957758 428.15809137677564 421.2094090402509 414.6312334880209 408.40011799579366 402.4948505740322 396.8961891282437 391.58663488642514 386.5502377522351 381.7724284212945 377.23987303589286 372.9403469035704 368.862624408824 364.9963827352332 361.3321174120581 357.86106802316436 354.57515268202167 351.466910095222 348.52944821833086 345.7563986579906 343.1418761000695 340.68044214834094 338.36707304662605 336.1971308317866 334.1663375277835 332.2707520446854 330.50674949206575 328.87100265518075 327.3604654158807 325.97235792906577 324.70415339032667 323.55356625235765 322.5185417663172 321.59724674122685 320.7880614288184 320.0895724544936 319.5005667263024 319.02002626461285 318.6471239042312 318.3812198296441 318.2218589118846 159.08438441154584 -- -- -- -- -- -- -- -- -- -- -- -- -- -- -- -- -- -- -- -- -- -- -- -- -- -- -- -- -- -- -- -- -- -- -- -- -- -- -- -- -- -- -- -- -- -- -- -- -- -- -- -- -- -- -- -- -- -- -- -- -- -- -- -- -- -- -- -- -- -- -- -- -- -- --].
2025-03-19 17:33:56,882 - INFO - Converting and interpreting Tau estimates.
2025-03-19 17:33:56,883 - INFO - Finished demographic evaluation.
2025-03-19 17:33:56,883 - INFO - Pipeline executed succesfully.
