2024-03-18 16:38:20,635 - INFO - Beginning execution of fit_demographic_model.py in directory /u/project/kirk/jonmah/sample_size_demography/Scripts

2024-03-18 16:38:20,635 - INFO - Progress is being logged to ../Analysis/TwoEpochContraction_150/log.log

2024-03-18 16:38:20,635 - INFO - Parsed the following arguments:
	mask_doubletons = False
	syn_input_sfs = ../Analysis/TwoEpochContraction_150/syn_downsampled_sfs.txt
	mask_singletons = False
	outprefix = ../Analysis/TwoEpochContraction_150/

2024-03-18 16:38:20,636 - INFO - Beginning demographic inference for one-epoch demographic model.
2024-03-18 16:38:20,637 - INFO - Beginning optimization with guess, [0.14890352].
2024-03-18 16:38:36,739 - INFO - Finished optimization with guess, [0.14890352].
2024-03-18 16:38:36,740 - INFO - Best fit parameters: [0.14890352].
2024-03-18 16:38:37,241 - INFO - Maximum log composite likelihood: -1885.8175492.
2024-03-18 16:38:37,241 - INFO - Optimal value of theta: 8966.19887089.
2024-03-18 16:38:37,241 - INFO - Beginning optimization with guess, [0.1375731].
2024-03-18 16:38:53,070 - INFO - Finished optimization with guess, [0.1375731].
2024-03-18 16:38:53,071 - INFO - Best fit parameters: [0.1375731].
2024-03-18 16:38:53,558 - INFO - Maximum log composite likelihood: -1885.8175492.
2024-03-18 16:38:53,558 - INFO - Optimal value of theta: 8966.19887089.
2024-03-18 16:38:53,558 - INFO - Beginning optimization with guess, [0.18659339].
2024-03-18 16:39:09,333 - INFO - Finished optimization with guess, [0.18659339].
2024-03-18 16:39:09,334 - INFO - Best fit parameters: [0.18659339].
2024-03-18 16:39:09,806 - INFO - Maximum log composite likelihood: -1885.8175492.
2024-03-18 16:39:09,806 - INFO - Optimal value of theta: 8966.19887089.
2024-03-18 16:39:09,806 - INFO - Beginning optimization with guess, [0.50668575].
2024-03-18 16:39:23,963 - INFO - Finished optimization with guess, [0.50668575].
2024-03-18 16:39:23,964 - INFO - Best fit parameters: [0.50668575].
2024-03-18 16:39:24,467 - INFO - Maximum log composite likelihood: -1885.8175492.
2024-03-18 16:39:24,467 - INFO - Optimal value of theta: 8966.19887089.
2024-03-18 16:39:24,467 - INFO - Beginning optimization with guess, [0.43452061].
2024-03-18 16:39:38,743 - INFO - Finished optimization with guess, [0.43452061].
2024-03-18 16:39:38,745 - INFO - Best fit parameters: [0.43452061].
2024-03-18 16:39:39,238 - INFO - Maximum log composite likelihood: -1885.8175492.
2024-03-18 16:39:39,238 - INFO - Optimal value of theta: 8966.19887089.
2024-03-18 16:39:39,241 - INFO - Beginning demographic inference for two-epoch demographic model.
2024-03-18 16:39:39,244 - INFO - Beginning optimization with guess, [0.18735014 0.00564659].
2024-03-18 16:40:21,024 - INFO - Finished optimization with guess, [0.18735014 0.00564659].
2024-03-18 16:40:21,026 - INFO - Best fit parameters: [0.47829999 0.09735339].
2024-03-18 16:40:21,520 - INFO - Maximum log composite likelihood: -317.464218516.
2024-03-18 16:40:21,520 - INFO - Optimal value of theta: 12163.2531917.
2024-03-18 16:40:21,520 - INFO - Beginning optimization with guess, [0.27338695 0.00757664].
2024-03-18 16:41:07,226 - INFO - Finished optimization with guess, [0.27338695 0.00757664].
2024-03-18 16:41:07,228 - INFO - Best fit parameters: [0.47829344 0.09734769].
2024-03-18 16:41:07,712 - INFO - Maximum log composite likelihood: -317.464218228.
2024-03-18 16:41:07,712 - INFO - Optimal value of theta: 12163.2403818.
2024-03-18 16:41:07,712 - INFO - Beginning optimization with guess, [0.19026532 0.01107289].
2024-03-18 16:41:47,856 - INFO - Finished optimization with guess, [0.19026532 0.01107289].
2024-03-18 16:41:47,859 - INFO - Best fit parameters: [0.47829539 0.09735481].
2024-03-18 16:41:48,333 - INFO - Maximum log composite likelihood: -317.46421805.
2024-03-18 16:41:48,333 - INFO - Optimal value of theta: 12163.3277553.
2024-03-18 16:41:48,333 - INFO - Beginning optimization with guess, [0.33312821 0.00952542].
2024-03-18 16:42:25,071 - INFO - Finished optimization with guess, [0.33312821 0.00952542].
2024-03-18 16:42:25,072 - INFO - Best fit parameters: [0.47829697 0.09735038].
2024-03-18 16:42:25,544 - INFO - Maximum log composite likelihood: -317.46421823.
2024-03-18 16:42:25,544 - INFO - Optimal value of theta: 12163.2414169.
2024-03-18 16:42:25,544 - INFO - Beginning optimization with guess, [0.58876857 0.01770723].
2024-03-18 16:43:00,026 - INFO - Finished optimization with guess, [0.58876857 0.01770723].
2024-03-18 16:43:00,027 - INFO - Best fit parameters: [0.47829174 0.09734915].
2024-03-18 16:43:00,527 - INFO - Maximum log composite likelihood: -317.46421799.
2024-03-18 16:43:00,527 - INFO - Optimal value of theta: 12163.2823508.
2024-03-18 16:43:00,530 - INFO - Beginning demographic inference for three-epoch demographic model.
2024-03-18 16:43:00,532 - INFO - Beginning optimization with guess, [0.01533482 0.00531611 0.01402381 0.00732599].
2024-03-18 16:43:53,138 - INFO - Finished optimization with guess, [0.01533482 0.00531611 0.01402381 0.00732599].
2024-03-18 16:43:53,140 - INFO - Best fit parameters: [0.01088558 0.00313489 0.01214489 0.01582442].
2024-03-18 16:43:53,708 - INFO - Maximum log composite likelihood: -437.296696093.
2024-03-18 16:43:53,708 - INFO - Optimal value of theta: 2095496.53517.
2024-03-18 16:43:53,708 - INFO - Beginning optimization with guess, [0.0391942  0.03431807 0.01685595 0.00675227].
2024-03-18 16:44:39,648 - INFO - Finished optimization with guess, [0.0391942  0.03431807 0.01685595 0.00675227].
2024-03-18 16:44:39,650 - INFO - Best fit parameters: [0.00829195 0.03477832 0.01699662 0.05064684].
2024-03-18 16:44:40,207 - INFO - Maximum log composite likelihood: -437.436624298.
2024-03-18 16:44:40,207 - INFO - Optimal value of theta: 189222.140981.
2024-03-18 16:44:40,208 - INFO - Beginning optimization with guess, [0.02546592 0.04650491 0.00716417 0.01259054].
2024-03-18 16:45:22,207 - INFO - Finished optimization with guess, [0.02546592 0.04650491 0.00716417 0.01259054].
2024-03-18 16:45:22,208 - INFO - Best fit parameters: [6.20034634e-03 4.90236005e-01 3.19218340e-04 2.95200204e-02].
2024-03-18 16:45:22,718 - INFO - Maximum log composite likelihood: -322.974857032.
2024-03-18 16:45:22,718 - INFO - Optimal value of theta: 11987.7175511.
2024-03-18 16:45:22,718 - INFO - Beginning optimization with guess, [0.06010502 0.02669653 0.01679044 0.00767282].
2024-03-18 16:46:06,692 - INFO - Finished optimization with guess, [0.06010502 0.02669653 0.01679044 0.00767282].
2024-03-18 16:46:06,693 - INFO - Best fit parameters: [0.229918   0.29847345 0.00185318 0.0081424 ].
2024-03-18 16:46:07,166 - INFO - Maximum log composite likelihood: -729.222675845.
2024-03-18 16:46:07,166 - INFO - Optimal value of theta: 10698.8335431.
2024-03-18 16:46:07,166 - INFO - Beginning optimization with guess, [0.0957309  0.07169687 0.00548472 0.00764345].
2024-03-18 16:46:48,633 - INFO - Finished optimization with guess, [0.0957309  0.07169687 0.00548472 0.00764345].
2024-03-18 16:46:48,634 - INFO - Best fit parameters: [0.02654648 0.47896928 0.00068145 0.07524382].
2024-03-18 16:46:49,113 - INFO - Maximum log composite likelihood: -316.792760605.
2024-03-18 16:46:49,114 - INFO - Optimal value of theta: 12191.2753327.
2024-03-18 16:46:49,116 - INFO - Finished demographic inference.
2024-03-18 16:46:49,116 - INFO - Pipeline executed succesfully.
