2023-12-13 12:14:29,086 - INFO - Beginning execution of fit_demographic_model.py in directory /u/project/klohmuel/jonmah/sample_size_demography/Scripts

2023-12-13 12:14:29,087 - INFO - Progress is being logged to ../Analysis/p_copri_core_13/log.log

2023-12-13 12:14:29,087 - INFO - Parsed the following arguments:
	syn_input_sfs = ../Analysis/p_copri_core_13/syn_downsampled_sfs.txt
	mask_singletons = False
	mask_doubletons = False
	outprefix = ../Analysis/p_copri_core_13/

2023-12-13 12:14:29,106 - INFO - Beginning demographic inference for one-epoch demographic model.
2023-12-13 12:14:29,110 - INFO - Beginning optimization with guess, [0.08518512].
2023-12-13 12:14:29,863 - INFO - Finished optimization with guess, [0.08518512].
2023-12-13 12:14:29,864 - INFO - Best fit parameters: [0.08518512].
2023-12-13 12:14:29,885 - INFO - Maximum log composite likelihood: -1400.2384979404706.
2023-12-13 12:14:29,885 - INFO - Optimal value of theta: 12225.105650421414.
2023-12-13 12:14:29,886 - INFO - Beginning optimization with guess, [0.22385904].
2023-12-13 12:14:30,571 - INFO - Finished optimization with guess, [0.22385904].
2023-12-13 12:14:30,571 - INFO - Best fit parameters: [0.22385904].
2023-12-13 12:14:30,593 - INFO - Maximum log composite likelihood: -1400.2384979404706.
2023-12-13 12:14:30,593 - INFO - Optimal value of theta: 12225.105650421414.
2023-12-13 12:14:30,593 - INFO - Beginning optimization with guess, [0.5470199].
2023-12-13 12:14:31,258 - INFO - Finished optimization with guess, [0.5470199].
2023-12-13 12:14:31,259 - INFO - Best fit parameters: [0.5470199].
2023-12-13 12:14:31,285 - INFO - Maximum log composite likelihood: -1400.2384979404706.
2023-12-13 12:14:31,285 - INFO - Optimal value of theta: 12225.105650421414.
2023-12-13 12:14:31,285 - INFO - Beginning optimization with guess, [0.29197212].
2023-12-13 12:14:32,124 - INFO - Finished optimization with guess, [0.29197212].
2023-12-13 12:14:32,125 - INFO - Best fit parameters: [0.29197212].
2023-12-13 12:14:32,151 - INFO - Maximum log composite likelihood: -1400.2384979404706.
2023-12-13 12:14:32,151 - INFO - Optimal value of theta: 12225.105650421414.
2023-12-13 12:14:32,152 - INFO - Beginning optimization with guess, [0.28753945].
2023-12-13 12:14:32,988 - INFO - Finished optimization with guess, [0.28753945].
2023-12-13 12:14:32,988 - INFO - Best fit parameters: [0.28753945].
2023-12-13 12:14:33,014 - INFO - Maximum log composite likelihood: -1400.2384979404706.
2023-12-13 12:14:33,014 - INFO - Optimal value of theta: 12225.105650421414.
2023-12-13 12:14:33,014 - INFO - Beginning optimization with guess, [0.9834461].
2023-12-13 12:14:33,380 - INFO - Finished optimization with guess, [0.9834461].
2023-12-13 12:14:33,380 - INFO - Best fit parameters: [0.9834461].
2023-12-13 12:14:33,406 - INFO - Maximum log composite likelihood: -1400.2384979404706.
2023-12-13 12:14:33,406 - INFO - Optimal value of theta: 12225.105650421414.
2023-12-13 12:14:33,406 - INFO - Beginning optimization with guess, [1.07819119].
2023-12-13 12:14:33,929 - INFO - Finished optimization with guess, [1.07819119].
2023-12-13 12:14:33,929 - INFO - Best fit parameters: [1.07819119].
2023-12-13 12:14:33,955 - INFO - Maximum log composite likelihood: -1400.2384979404706.
2023-12-13 12:14:33,955 - INFO - Optimal value of theta: 12225.105650421414.
2023-12-13 12:14:33,955 - INFO - Beginning optimization with guess, [0.86961344].
2023-12-13 12:14:34,557 - INFO - Finished optimization with guess, [0.86961344].
2023-12-13 12:14:34,557 - INFO - Best fit parameters: [0.86961344].
2023-12-13 12:14:34,584 - INFO - Maximum log composite likelihood: -1400.2384979404706.
2023-12-13 12:14:34,584 - INFO - Optimal value of theta: 12225.105650421414.
2023-12-13 12:14:34,584 - INFO - Beginning optimization with guess, [0.54513142].
2023-12-13 12:14:35,348 - INFO - Finished optimization with guess, [0.54513142].
2023-12-13 12:14:35,349 - INFO - Best fit parameters: [0.54513142].
2023-12-13 12:14:35,375 - INFO - Maximum log composite likelihood: -1400.2384979404706.
2023-12-13 12:14:35,375 - INFO - Optimal value of theta: 12225.105650421414.
2023-12-13 12:14:35,376 - INFO - Beginning optimization with guess, [1.59024007].
2023-12-13 12:14:36,055 - INFO - Finished optimization with guess, [1.59024007].
2023-12-13 12:14:36,056 - INFO - Best fit parameters: [1.59024007].
2023-12-13 12:14:36,082 - INFO - Maximum log composite likelihood: -1400.2384979404706.
2023-12-13 12:14:36,082 - INFO - Optimal value of theta: 12225.105650421414.
2023-12-13 12:14:36,082 - INFO - Beginning optimization with guess, [1.09991261].
2023-12-13 12:14:36,605 - INFO - Finished optimization with guess, [1.09991261].
2023-12-13 12:14:36,605 - INFO - Best fit parameters: [1.09991261].
2023-12-13 12:14:36,631 - INFO - Maximum log composite likelihood: -1400.2384979404706.
2023-12-13 12:14:36,631 - INFO - Optimal value of theta: 12225.105650421414.
2023-12-13 12:14:36,631 - INFO - Beginning optimization with guess, [0.84784404].
2023-12-13 12:14:37,232 - INFO - Finished optimization with guess, [0.84784404].
2023-12-13 12:14:37,232 - INFO - Best fit parameters: [0.84784404].
2023-12-13 12:14:37,259 - INFO - Maximum log composite likelihood: -1400.2384979404706.
2023-12-13 12:14:37,259 - INFO - Optimal value of theta: 12225.105650421414.
2023-12-13 12:14:37,259 - INFO - Beginning optimization with guess, [2.91793915].
2023-12-13 12:14:38,094 - INFO - Finished optimization with guess, [2.91793915].
2023-12-13 12:14:38,094 - INFO - Best fit parameters: [2.91793915].
2023-12-13 12:14:38,120 - INFO - Maximum log composite likelihood: -1400.2384979404706.
2023-12-13 12:14:38,120 - INFO - Optimal value of theta: 12225.105650421414.
2023-12-13 12:14:38,120 - INFO - Beginning optimization with guess, [2.03179657].
2023-12-13 12:14:38,879 - INFO - Finished optimization with guess, [2.03179657].
2023-12-13 12:14:38,879 - INFO - Best fit parameters: [2.03179657].
2023-12-13 12:14:38,905 - INFO - Maximum log composite likelihood: -1400.2384979404706.
2023-12-13 12:14:38,905 - INFO - Optimal value of theta: 12225.105650421414.
2023-12-13 12:14:38,906 - INFO - Beginning optimization with guess, [2.12681367].
2023-12-13 12:14:39,667 - INFO - Finished optimization with guess, [2.12681367].
2023-12-13 12:14:39,668 - INFO - Best fit parameters: [2.12681367].
2023-12-13 12:14:39,694 - INFO - Maximum log composite likelihood: -1400.2384979404706.
2023-12-13 12:14:39,694 - INFO - Optimal value of theta: 12225.105650421414.
2023-12-13 12:14:39,694 - INFO - Beginning optimization with guess, [2.20533914].
2023-12-13 12:14:40,452 - INFO - Finished optimization with guess, [2.20533914].
2023-12-13 12:14:40,452 - INFO - Best fit parameters: [2.20533914].
2023-12-13 12:14:40,478 - INFO - Maximum log composite likelihood: -1400.2384979404706.
2023-12-13 12:14:40,478 - INFO - Optimal value of theta: 12225.105650421414.
2023-12-13 12:14:40,478 - INFO - Beginning optimization with guess, [3.38504896].
2023-12-13 12:14:41,314 - INFO - Finished optimization with guess, [3.38504896].
2023-12-13 12:14:41,314 - INFO - Best fit parameters: [3.38504896].
2023-12-13 12:14:41,340 - INFO - Maximum log composite likelihood: -1400.2384979404706.
2023-12-13 12:14:41,340 - INFO - Optimal value of theta: 12225.105650421414.
2023-12-13 12:14:41,340 - INFO - Beginning optimization with guess, [4.44750407].
2023-12-13 12:14:42,176 - INFO - Finished optimization with guess, [4.44750407].
2023-12-13 12:14:42,176 - INFO - Best fit parameters: [4.44750407].
2023-12-13 12:14:42,202 - INFO - Maximum log composite likelihood: -1400.2384979404706.
2023-12-13 12:14:42,202 - INFO - Optimal value of theta: 12225.105650421414.
2023-12-13 12:14:42,202 - INFO - Beginning optimization with guess, [3.80805916].
2023-12-13 12:14:43,042 - INFO - Finished optimization with guess, [3.80805916].
2023-12-13 12:14:43,043 - INFO - Best fit parameters: [3.80805916].
2023-12-13 12:14:43,069 - INFO - Maximum log composite likelihood: -1400.2384979404706.
2023-12-13 12:14:43,069 - INFO - Optimal value of theta: 12225.105650421414.
2023-12-13 12:14:43,069 - INFO - Beginning optimization with guess, [6.16045893].
2023-12-13 12:14:43,908 - INFO - Finished optimization with guess, [6.16045893].
2023-12-13 12:14:43,908 - INFO - Best fit parameters: [6.16045893].
2023-12-13 12:14:43,935 - INFO - Maximum log composite likelihood: -1400.2384979404706.
2023-12-13 12:14:43,935 - INFO - Optimal value of theta: 12225.105650421414.
2023-12-13 12:14:43,935 - INFO - Beginning optimization with guess, [6.07907853].
2023-12-13 12:14:44,772 - INFO - Finished optimization with guess, [6.07907853].
2023-12-13 12:14:44,772 - INFO - Best fit parameters: [6.07907853].
2023-12-13 12:14:44,799 - INFO - Maximum log composite likelihood: -1400.2384979404706.
2023-12-13 12:14:44,799 - INFO - Optimal value of theta: 12225.105650421414.
2023-12-13 12:14:44,799 - INFO - Beginning optimization with guess, [7.20238702].
2023-12-13 12:14:45,639 - INFO - Finished optimization with guess, [7.20238702].
2023-12-13 12:14:45,640 - INFO - Best fit parameters: [7.20238702].
2023-12-13 12:14:45,666 - INFO - Maximum log composite likelihood: -1400.2384979404706.
2023-12-13 12:14:45,666 - INFO - Optimal value of theta: 12225.105650421414.
2023-12-13 12:14:45,666 - INFO - Beginning optimization with guess, [7.21879302].
2023-12-13 12:14:46,503 - INFO - Finished optimization with guess, [7.21879302].
2023-12-13 12:14:46,503 - INFO - Best fit parameters: [7.21879302].
2023-12-13 12:14:46,529 - INFO - Maximum log composite likelihood: -1400.2384979404706.
2023-12-13 12:14:46,529 - INFO - Optimal value of theta: 12225.105650421414.
2023-12-13 12:14:46,530 - INFO - Beginning optimization with guess, [5.7988474].
2023-12-13 12:14:47,368 - INFO - Finished optimization with guess, [5.7988474].
2023-12-13 12:14:47,368 - INFO - Best fit parameters: [5.7988474].
2023-12-13 12:14:47,394 - INFO - Maximum log composite likelihood: -1400.2384979404706.
2023-12-13 12:14:47,394 - INFO - Optimal value of theta: 12225.105650421414.
2023-12-13 12:14:47,394 - INFO - Beginning optimization with guess, [4.9997969].
2023-12-13 12:14:48,232 - INFO - Finished optimization with guess, [4.9997969].
2023-12-13 12:14:48,233 - INFO - Best fit parameters: [4.9997969].
2023-12-13 12:14:48,259 - INFO - Maximum log composite likelihood: -1400.2384979404706.
2023-12-13 12:14:48,259 - INFO - Optimal value of theta: 12225.105650421414.
2023-12-13 12:14:48,261 - INFO - Beginning demographic inference for two-epoch demographic model.
2023-12-13 12:14:48,265 - INFO - Beginning optimization with guess, [0.19260188 0.01002474].
2023-12-13 12:14:53,140 - INFO - Finished optimization with guess, [0.19260188 0.01002474].
2023-12-13 12:14:53,140 - INFO - Best fit parameters: [3.21585164 0.34743376].
2023-12-13 12:14:53,170 - INFO - Maximum log composite likelihood: -115.15346359385512.
2023-12-13 12:14:53,170 - INFO - Optimal value of theta: 8828.889060675156.
2023-12-13 12:14:53,170 - INFO - Beginning optimization with guess, [0.1947218  0.01019273].
2023-12-13 12:14:57,935 - INFO - Finished optimization with guess, [0.1947218  0.01019273].
2023-12-13 12:14:57,935 - INFO - Best fit parameters: [3.21648596 0.34750672].
2023-12-13 12:14:57,965 - INFO - Maximum log composite likelihood: -115.15347890869634.
2023-12-13 12:14:57,965 - INFO - Optimal value of theta: 8828.162051013107.
2023-12-13 12:14:57,965 - INFO - Beginning optimization with guess, [0.39108059 0.00955095].
2023-12-13 12:15:03,096 - INFO - Finished optimization with guess, [0.39108059 0.00955095].
2023-12-13 12:15:03,097 - INFO - Best fit parameters: [3.21658819 0.34754661].
2023-12-13 12:15:03,126 - INFO - Maximum log composite likelihood: -115.15351044564886.
2023-12-13 12:15:03,126 - INFO - Optimal value of theta: 8827.886546553698.
2023-12-13 12:15:03,127 - INFO - Beginning optimization with guess, [0.38303252 0.01058842].
2023-12-13 12:15:08,081 - INFO - Finished optimization with guess, [0.38303252 0.01058842].
2023-12-13 12:15:08,081 - INFO - Best fit parameters: [3.21548191 0.34732766].
2023-12-13 12:15:08,111 - INFO - Maximum log composite likelihood: -115.15353031200539.
2023-12-13 12:15:08,111 - INFO - Optimal value of theta: 8829.670843729073.
2023-12-13 12:15:08,111 - INFO - Beginning optimization with guess, [0.48686657 0.00632606].
2023-12-13 12:15:14,365 - INFO - Finished optimization with guess, [0.48686657 0.00632606].
2023-12-13 12:15:14,366 - INFO - Best fit parameters: [3.21639584 0.34744642].
2023-12-13 12:15:14,395 - INFO - Maximum log composite likelihood: -115.1534500038706.
2023-12-13 12:15:14,395 - INFO - Optimal value of theta: 8828.546468811732.
2023-12-13 12:15:14,395 - INFO - Beginning optimization with guess, [1.07957868 0.00948347].
2023-12-13 12:15:17,313 - INFO - Finished optimization with guess, [1.07957868 0.00948347].
2023-12-13 12:15:17,314 - INFO - Best fit parameters: [3.21540308 0.34738392].
2023-12-13 12:15:17,343 - INFO - Maximum log composite likelihood: -115.15352124639503.
2023-12-13 12:15:17,343 - INFO - Optimal value of theta: 8829.39333899168.
2023-12-13 12:15:17,343 - INFO - Beginning optimization with guess, [0.591793   0.00617164].
2023-12-13 12:15:23,743 - INFO - Finished optimization with guess, [0.591793   0.00617164].
2023-12-13 12:15:23,743 - INFO - Best fit parameters: [3.21523892 0.3474611 ].
2023-12-13 12:15:23,772 - INFO - Maximum log composite likelihood: -115.1535238519973.
2023-12-13 12:15:23,773 - INFO - Optimal value of theta: 8829.040728258004.
2023-12-13 12:15:23,773 - INFO - Beginning optimization with guess, [0.75636036 0.01232496].
2023-12-13 12:15:28,698 - INFO - Finished optimization with guess, [0.75636036 0.01232496].
2023-12-13 12:15:28,699 - INFO - Best fit parameters: [3.22385356 0.3443739 ].
2023-12-13 12:15:28,728 - INFO - Maximum log composite likelihood: -115.16832839214658.
2023-12-13 12:15:28,728 - INFO - Optimal value of theta: 8841.962401662284.
2023-12-13 12:15:28,728 - INFO - Beginning optimization with guess, [1.02944412 0.00649963].
2023-12-13 12:15:31,724 - INFO - Finished optimization with guess, [1.02944412 0.00649963].
2023-12-13 12:15:31,725 - INFO - Best fit parameters: [3.2150456  0.34751312].
2023-12-13 12:15:31,754 - INFO - Maximum log composite likelihood: -115.15354006081725.
2023-12-13 12:15:31,754 - INFO - Optimal value of theta: 8828.844448313017.
2023-12-13 12:15:31,754 - INFO - Beginning optimization with guess, [1.02427667 0.01423116].
2023-12-13 12:15:34,674 - INFO - Finished optimization with guess, [1.02427667 0.01423116].
2023-12-13 12:15:34,675 - INFO - Best fit parameters: [3.21551147 0.34770291].
2023-12-13 12:15:34,704 - INFO - Maximum log composite likelihood: -115.15354920937898.
2023-12-13 12:15:34,704 - INFO - Optimal value of theta: 8827.544192095114.
2023-12-13 12:15:34,704 - INFO - Beginning optimization with guess, [1.83799372 0.00923924].
2023-12-13 12:15:37,231 - INFO - Finished optimization with guess, [1.83799372 0.00923924].
2023-12-13 12:15:37,231 - INFO - Best fit parameters: [3.21641841 0.34741325].
2023-12-13 12:15:37,260 - INFO - Maximum log composite likelihood: -115.15344038368676.
2023-12-13 12:15:37,260 - INFO - Optimal value of theta: 8828.722015905487.
2023-12-13 12:15:37,260 - INFO - Beginning optimization with guess, [0.88909028 0.00687498].
2023-12-13 12:15:43,788 - INFO - Finished optimization with guess, [0.88909028 0.00687498].
2023-12-13 12:15:43,789 - INFO - Best fit parameters: [2.82647153 0.38853069].
2023-12-13 12:15:43,819 - INFO - Maximum log composite likelihood: -123.31559223656768.
2023-12-13 12:15:43,819 - INFO - Optimal value of theta: 8845.006575258642.
2023-12-13 12:15:43,819 - INFO - Beginning optimization with guess, [1.18802896 0.00796759].
2023-12-13 12:15:46,822 - INFO - Finished optimization with guess, [1.18802896 0.00796759].
2023-12-13 12:15:46,822 - INFO - Best fit parameters: [3.21552974 0.3474528 ].
2023-12-13 12:15:46,853 - INFO - Maximum log composite likelihood: -115.15349040554611.
2023-12-13 12:15:46,853 - INFO - Optimal value of theta: 8828.942373603577.
2023-12-13 12:15:46,853 - INFO - Beginning optimization with guess, [2.35763008 0.01003362].
2023-12-13 12:15:49,566 - INFO - Finished optimization with guess, [2.35763008 0.01003362].
2023-12-13 12:15:49,566 - INFO - Best fit parameters: [3.21634294 0.34741257].
2023-12-13 12:15:49,595 - INFO - Maximum log composite likelihood: -115.15344086488221.
2023-12-13 12:15:49,595 - INFO - Optimal value of theta: 8828.763469192289.
2023-12-13 12:15:49,596 - INFO - Beginning optimization with guess, [1.29915109 0.01734751].
2023-12-13 12:15:52,495 - INFO - Finished optimization with guess, [1.29915109 0.01734751].
2023-12-13 12:15:52,496 - INFO - Best fit parameters: [3.21716915 0.3475124 ].
2023-12-13 12:15:52,526 - INFO - Maximum log composite likelihood: -115.15355125022506.
2023-12-13 12:15:52,526 - INFO - Optimal value of theta: 8827.789585216593.
2023-12-13 12:15:52,526 - INFO - Beginning optimization with guess, [4.75479496 0.01239149].
2023-12-13 12:15:55,277 - INFO - Finished optimization with guess, [4.75479496 0.01239149].
2023-12-13 12:15:55,277 - INFO - Best fit parameters: [3.21611265 0.34740035].
2023-12-13 12:15:55,306 - INFO - Maximum log composite likelihood: -115.15344655370973.
2023-12-13 12:15:55,306 - INFO - Optimal value of theta: 8828.947067216339.
2023-12-13 12:15:55,307 - INFO - Beginning optimization with guess, [2.51400211 0.01308634].
2023-12-13 12:15:58,060 - INFO - Finished optimization with guess, [2.51400211 0.01308634].
2023-12-13 12:15:58,061 - INFO - Best fit parameters: [3.21446883 0.34785397].
2023-12-13 12:15:58,090 - INFO - Maximum log composite likelihood: -115.15363345179321.
2023-12-13 12:15:58,090 - INFO - Optimal value of theta: 8827.215670894953.
2023-12-13 12:15:58,090 - INFO - Beginning optimization with guess, [2.25802567 0.00605142].
2023-12-13 12:16:00,662 - INFO - Finished optimization with guess, [2.25802567 0.00605142].
2023-12-13 12:16:00,662 - INFO - Best fit parameters: [3.21629041 0.34739006].
2023-12-13 12:16:00,691 - INFO - Maximum log composite likelihood: -115.15343819783266.
2023-12-13 12:16:00,691 - INFO - Optimal value of theta: 8828.91638369746.
2023-12-13 12:16:00,692 - INFO - Beginning optimization with guess, [2.8916845  0.00519609].
2023-12-13 12:16:03,396 - INFO - Finished optimization with guess, [2.8916845  0.00519609].
2023-12-13 12:16:03,397 - INFO - Best fit parameters: [3.21611393 0.34742874].
2023-12-13 12:16:03,427 - INFO - Maximum log composite likelihood: -115.15344945012839.
2023-12-13 12:16:03,427 - INFO - Optimal value of theta: 8828.786531100215.
2023-12-13 12:16:03,427 - INFO - Beginning optimization with guess, [3.05065838 0.01450128].
2023-12-13 12:16:06,171 - INFO - Finished optimization with guess, [3.05065838 0.01450128].
2023-12-13 12:16:06,171 - INFO - Best fit parameters: [3.21640563 0.34738049].
2023-12-13 12:16:06,200 - INFO - Maximum log composite likelihood: -115.15343371291783.
2023-12-13 12:16:06,201 - INFO - Optimal value of theta: 8828.912869468491.
2023-12-13 12:16:06,201 - INFO - Beginning optimization with guess, [5.19744617 0.00738297].
2023-12-13 12:16:08,961 - INFO - Finished optimization with guess, [5.19744617 0.00738297].
2023-12-13 12:16:08,962 - INFO - Best fit parameters: [3.21600532 0.34747313].
2023-12-13 12:16:08,991 - INFO - Maximum log composite likelihood: -115.15346058770592.
2023-12-13 12:16:08,991 - INFO - Optimal value of theta: 8828.59079743701.
2023-12-13 12:16:08,991 - INFO - Beginning optimization with guess, [4.28390813 0.00912397].
2023-12-13 12:16:11,644 - INFO - Finished optimization with guess, [4.28390813 0.00912397].
2023-12-13 12:16:11,644 - INFO - Best fit parameters: [3.21484507 0.34769896].
2023-12-13 12:16:11,673 - INFO - Maximum log composite likelihood: -115.15356365646221.
2023-12-13 12:16:11,673 - INFO - Optimal value of theta: 8827.899102022388.
2023-12-13 12:16:11,673 - INFO - Beginning optimization with guess, [8.46187563 0.01417896].
2023-12-13 12:16:14,271 - INFO - Finished optimization with guess, [8.46187563 0.01417896].
2023-12-13 12:16:14,272 - INFO - Best fit parameters: [3.21556716 0.34808619].
2023-12-13 12:16:14,302 - INFO - Maximum log composite likelihood: -115.15396441175108.
2023-12-13 12:16:14,302 - INFO - Optimal value of theta: 8825.362050287786.
2023-12-13 12:16:14,302 - INFO - Beginning optimization with guess, [1.35023746e+01 7.44188958e-03].
2023-12-13 12:16:16,811 - INFO - Finished optimization with guess, [1.35023746e+01 7.44188958e-03].
2023-12-13 12:16:16,811 - INFO - Best fit parameters: [3.20932995 0.34917058].
2023-12-13 12:16:16,841 - INFO - Maximum log composite likelihood: -115.15502343413209.
2023-12-13 12:16:16,841 - INFO - Optimal value of theta: 8822.417108015838.
2023-12-13 12:16:16,841 - INFO - Beginning optimization with guess, [6.60946809 0.01629001].
2023-12-13 12:16:19,547 - INFO - Finished optimization with guess, [6.60946809 0.01629001].
2023-12-13 12:16:19,548 - INFO - Best fit parameters: [3.21705447 0.3474308 ].
2023-12-13 12:16:19,577 - INFO - Maximum log composite likelihood: -115.15350944892816.
2023-12-13 12:16:19,577 - INFO - Optimal value of theta: 8828.305381926202.
2023-12-13 12:16:19,579 - INFO - Beginning demographic inference for three-epoch demographic model.
2023-12-13 12:16:19,600 - INFO - Beginning optimization with guess, [0.00943579 0.00866313 0.00531139 0.01542102].
2023-12-13 12:20:27,271 - INFO - Finished optimization with guess, [0.00943579 0.00866313 0.00531139 0.01542102].
2023-12-13 12:20:27,282 - INFO - Best fit parameters: [0.003667   0.00141129 0.00323448 0.13405301].
2023-12-13 12:20:29,360 - INFO - Maximum log composite likelihood: -1400.2384977613347.
2023-12-13 12:20:29,361 - INFO - Optimal value of theta: 8662358.745848296.
2023-12-13 12:20:29,361 - INFO - Beginning optimization with guess, [0.01056618 0.01617414 0.01649405 0.0074068 ].
2023-12-13 12:21:01,238 - INFO - Finished optimization with guess, [0.01056618 0.01617414 0.01649405 0.0074068 ].
2023-12-13 12:21:01,240 - INFO - Best fit parameters: [0.00640466 0.02085983 0.1521792  0.00224396].
2023-12-13 12:21:01,780 - INFO - Maximum log composite likelihood: -115.34039047782608.
2023-12-13 12:21:01,780 - INFO - Optimal value of theta: 1372750.0081439882.
2023-12-13 12:21:01,780 - INFO - Beginning optimization with guess, [0.04524753 0.03666889 0.00849282 0.00546637].
2023-12-13 12:21:04,435 - INFO - Finished optimization with guess, [0.04524753 0.03666889 0.00849282 0.00546637].
2023-12-13 12:21:04,435 - INFO - Best fit parameters: [5.72043780e-03 3.21697182e+00 2.37250963e-05 3.21500245e-01].
2023-12-13 12:21:04,465 - INFO - Maximum log composite likelihood: -116.79168640938587.
2023-12-13 12:21:04,465 - INFO - Optimal value of theta: 9013.452504471441.
2023-12-13 12:21:04,465 - INFO - Beginning optimization with guess, [0.02959468 0.02507175 0.01999724 0.0196052 ].
2023-12-13 12:23:02,505 - INFO - Finished optimization with guess, [0.02959468 0.02507175 0.01999724 0.0196052 ].
2023-12-13 12:23:02,506 - INFO - Best fit parameters: [0.00421385 0.01906053 0.02070319 0.72947344].
2023-12-13 12:23:03,333 - INFO - Maximum log composite likelihood: -1400.238497651544.
2023-12-13 12:23:03,333 - INFO - Optimal value of theta: 641383.1655102842.
2023-12-13 12:23:03,334 - INFO - Beginning optimization with guess, [0.04354188 0.04066669 0.01390941 0.0081298 ].
2023-12-13 12:23:05,729 - INFO - Finished optimization with guess, [0.04354188 0.04066669 0.01390941 0.0081298 ].
2023-12-13 12:23:05,730 - INFO - Best fit parameters: [2.27734331e-02 3.28150044e+00 2.74611625e-05 3.23281840e-01].
2023-12-13 12:23:05,755 - INFO - Maximum log composite likelihood: -115.69439763812443.
2023-12-13 12:23:05,755 - INFO - Optimal value of theta: 8946.886769520024.
2023-12-13 12:23:05,755 - INFO - Beginning optimization with guess, [0.56144503 0.96421619 0.01027215 0.00867651].
2023-12-13 12:23:07,894 - INFO - Finished optimization with guess, [0.56144503 0.96421619 0.01027215 0.00867651].
2023-12-13 12:23:07,895 - INFO - Best fit parameters: [3.67151178e+05 2.83139835e+00 1.26524186e-87 4.03167523e-01].
2023-12-13 12:23:07,920 - INFO - Maximum log composite likelihood: -122.37795020012527.
2023-12-13 12:23:07,920 - INFO - Optimal value of theta: 8772.910147666022.
2023-12-13 12:23:07,921 - INFO - Beginning optimization with guess, [0.38273194 0.99104592 0.00627195 0.00892721].
2023-12-13 12:23:10,283 - INFO - Finished optimization with guess, [0.38273194 0.99104592 0.00627195 0.00892721].
2023-12-13 12:23:10,284 - INFO - Best fit parameters: [2.91924395e+43 3.13312386e+00 0.00000000e+00 5.47889067e-01].
2023-12-13 12:23:10,309 - INFO - Maximum log composite likelihood: -133.59112281441958.
2023-12-13 12:23:10,309 - INFO - Optimal value of theta: 7973.489592913801.
2023-12-13 12:23:10,310 - INFO - Beginning optimization with guess, [0.92308809 1.22078844 0.0143833  0.00522407].
2023-12-13 12:27:32,462 - INFO - Finished optimization with guess, [0.92308809 1.22078844 0.0143833  0.00522407].
2023-12-13 12:27:32,463 - INFO - Best fit parameters: [  0.91040385   2.84199057 106.9187201    0.31947898].
2023-12-13 12:27:35,004 - INFO - Maximum log composite likelihood: -115.65356663351122.
2023-12-13 12:27:35,004 - INFO - Optimal value of theta: 9730.218075350405.
2023-12-13 12:27:35,004 - INFO - Beginning optimization with guess, [0.57555876 1.04777374 0.00534065 0.01074166].
2023-12-13 12:27:37,841 - INFO - Finished optimization with guess, [0.57555876 1.04777374 0.00534065 0.01074166].
2023-12-13 12:27:37,841 - INFO - Best fit parameters: [6.08124906e-01 1.28289604e+00 5.68801957e-04 6.02535971e-01].
2023-12-13 12:27:37,879 - INFO - Maximum log composite likelihood: -932.5058674201937.
2023-12-13 12:27:37,879 - INFO - Optimal value of theta: 10786.198775138642.
2023-12-13 12:27:37,879 - INFO - Beginning optimization with guess, [0.98077425 0.70750937 0.00876623 0.01526866].
2023-12-13 12:27:40,855 - INFO - Finished optimization with guess, [0.98077425 0.70750937 0.00876623 0.01526866].
2023-12-13 12:27:40,857 - INFO - Best fit parameters: [9.86653177e-01 2.19990276e+02 3.06906545e-17 1.07500636e-48].
2023-12-13 12:27:40,884 - INFO - Maximum log composite likelihood: -1400.2384979403978.
2023-12-13 12:27:40,885 - INFO - Optimal value of theta: 12225.105650421388.
2023-12-13 12:27:40,885 - INFO - Beginning optimization with guess, [0.81908164 1.23303556 0.00650889 0.01065342].
