2024-02-13 14:30:17,990 - INFO - Beginning execution of fit_demographic_model.py in directory /u/project/kirk/jonmah/sample_size_demography/Scripts

2024-02-13 14:30:17,990 - INFO - Progress is being logged to ../Analysis/TwoEpochExpansion_11/log.log

2024-02-13 14:30:17,990 - INFO - Parsed the following arguments:
	syn_input_sfs = ../Analysis/TwoEpochExpansion_11/syn_downsampled_sfs.txt
	mask_singletons = False
	mask_doubletons = False
	outprefix = ../Analysis/TwoEpochExpansion_11/

2024-02-13 14:30:17,991 - INFO - Beginning demographic inference for one-epoch demographic model.
2024-02-13 14:30:17,992 - INFO - Beginning optimization with guess, [0.12340749].
2024-02-13 14:30:18,775 - INFO - Finished optimization with guess, [0.12340749].
2024-02-13 14:30:18,776 - INFO - Best fit parameters: [0.12340749].
2024-02-13 14:30:18,798 - INFO - Maximum log composite likelihood: -24.56992436073233.
2024-02-13 14:30:18,798 - INFO - Optimal value of theta: 1213.884345808511.
2024-02-13 14:30:18,798 - INFO - Beginning optimization with guess, [0.1518403].
2024-02-13 14:30:19,517 - INFO - Finished optimization with guess, [0.1518403].
2024-02-13 14:30:19,518 - INFO - Best fit parameters: [0.1518403].
2024-02-13 14:30:19,540 - INFO - Maximum log composite likelihood: -24.56992436073233.
2024-02-13 14:30:19,540 - INFO - Optimal value of theta: 1213.884345808511.
2024-02-13 14:30:19,540 - INFO - Beginning optimization with guess, [0.53102699].
2024-02-13 14:30:20,188 - INFO - Finished optimization with guess, [0.53102699].
2024-02-13 14:30:20,189 - INFO - Best fit parameters: [0.53102699].
2024-02-13 14:30:20,211 - INFO - Maximum log composite likelihood: -24.56992436073233.
2024-02-13 14:30:20,211 - INFO - Optimal value of theta: 1213.884345808511.
2024-02-13 14:30:20,211 - INFO - Beginning optimization with guess, [0.35549287].
2024-02-13 14:30:20,925 - INFO - Finished optimization with guess, [0.35549287].
2024-02-13 14:30:20,925 - INFO - Best fit parameters: [0.35549287].
2024-02-13 14:30:20,947 - INFO - Maximum log composite likelihood: -24.56992436073233.
2024-02-13 14:30:20,948 - INFO - Optimal value of theta: 1213.884345808511.
2024-02-13 14:30:20,948 - INFO - Beginning optimization with guess, [0.46618748].
2024-02-13 14:30:21,598 - INFO - Finished optimization with guess, [0.46618748].
2024-02-13 14:30:21,598 - INFO - Best fit parameters: [0.46618748].
2024-02-13 14:30:21,621 - INFO - Maximum log composite likelihood: -24.56992436073233.
2024-02-13 14:30:21,621 - INFO - Optimal value of theta: 1213.884345808511.
2024-02-13 14:30:21,621 - INFO - Beginning optimization with guess, [0.3809894].
2024-02-13 14:30:22,271 - INFO - Finished optimization with guess, [0.3809894].
2024-02-13 14:30:22,271 - INFO - Best fit parameters: [0.3809894].
2024-02-13 14:30:22,293 - INFO - Maximum log composite likelihood: -24.56992436073233.
2024-02-13 14:30:22,293 - INFO - Optimal value of theta: 1213.884345808511.
2024-02-13 14:30:22,294 - INFO - Beginning optimization with guess, [0.97344976].
2024-02-13 14:30:22,607 - INFO - Finished optimization with guess, [0.97344976].
2024-02-13 14:30:22,607 - INFO - Best fit parameters: [0.97344976].
2024-02-13 14:30:22,630 - INFO - Maximum log composite likelihood: -24.56992436073233.
2024-02-13 14:30:22,630 - INFO - Optimal value of theta: 1213.884345808511.
2024-02-13 14:30:22,630 - INFO - Beginning optimization with guess, [0.72556743].
2024-02-13 14:30:23,211 - INFO - Finished optimization with guess, [0.72556743].
2024-02-13 14:30:23,211 - INFO - Best fit parameters: [0.72556743].
2024-02-13 14:30:23,234 - INFO - Maximum log composite likelihood: -24.56992436073233.
2024-02-13 14:30:23,234 - INFO - Optimal value of theta: 1213.884345808511.
2024-02-13 14:30:23,234 - INFO - Beginning optimization with guess, [1.47883896].
2024-02-13 14:30:23,814 - INFO - Finished optimization with guess, [1.47883896].
2024-02-13 14:30:23,814 - INFO - Best fit parameters: [1.47883896].
2024-02-13 14:30:23,837 - INFO - Maximum log composite likelihood: -24.56992436073233.
2024-02-13 14:30:23,837 - INFO - Optimal value of theta: 1213.884345808511.
2024-02-13 14:30:23,837 - INFO - Beginning optimization with guess, [1.84693595].
2024-02-13 14:30:24,486 - INFO - Finished optimization with guess, [1.84693595].
2024-02-13 14:30:24,487 - INFO - Best fit parameters: [1.84693595].
2024-02-13 14:30:24,509 - INFO - Maximum log composite likelihood: -24.56992436073233.
2024-02-13 14:30:24,509 - INFO - Optimal value of theta: 1213.884345808511.
2024-02-13 14:30:24,509 - INFO - Beginning optimization with guess, [2.48805639].
2024-02-13 14:30:25,157 - INFO - Finished optimization with guess, [2.48805639].
2024-02-13 14:30:25,157 - INFO - Best fit parameters: [2.48805639].
2024-02-13 14:30:25,179 - INFO - Maximum log composite likelihood: -24.56992436073233.
2024-02-13 14:30:25,180 - INFO - Optimal value of theta: 1213.884345808511.
2024-02-13 14:30:25,180 - INFO - Beginning optimization with guess, [2.29784482].
2024-02-13 14:30:25,828 - INFO - Finished optimization with guess, [2.29784482].
2024-02-13 14:30:25,829 - INFO - Best fit parameters: [2.29784482].
2024-02-13 14:30:25,851 - INFO - Maximum log composite likelihood: -24.56992436073233.
2024-02-13 14:30:25,851 - INFO - Optimal value of theta: 1213.884345808511.
2024-02-13 14:30:25,851 - INFO - Beginning optimization with guess, [1.07535005].
2024-02-13 14:30:26,298 - INFO - Finished optimization with guess, [1.07535005].
2024-02-13 14:30:26,298 - INFO - Best fit parameters: [1.07535005].
2024-02-13 14:30:26,320 - INFO - Maximum log composite likelihood: -24.56992436073233.
2024-02-13 14:30:26,321 - INFO - Optimal value of theta: 1213.884345808511.
2024-02-13 14:30:26,321 - INFO - Beginning optimization with guess, [2.67810559].
2024-02-13 14:30:26,967 - INFO - Finished optimization with guess, [2.67810559].
2024-02-13 14:30:26,968 - INFO - Best fit parameters: [2.67810559].
2024-02-13 14:30:26,990 - INFO - Maximum log composite likelihood: -24.56992436073233.
2024-02-13 14:30:26,990 - INFO - Optimal value of theta: 1213.884345808511.
2024-02-13 14:30:26,990 - INFO - Beginning optimization with guess, [2.99955983].
2024-02-13 14:30:27,704 - INFO - Finished optimization with guess, [2.99955983].
2024-02-13 14:30:27,705 - INFO - Best fit parameters: [2.99955983].
2024-02-13 14:30:27,727 - INFO - Maximum log composite likelihood: -24.56992436073233.
2024-02-13 14:30:27,727 - INFO - Optimal value of theta: 1213.884345808511.
2024-02-13 14:30:27,727 - INFO - Beginning optimization with guess, [2.28871552].
2024-02-13 14:30:28,374 - INFO - Finished optimization with guess, [2.28871552].
2024-02-13 14:30:28,374 - INFO - Best fit parameters: [2.28871552].
2024-02-13 14:30:28,397 - INFO - Maximum log composite likelihood: -24.56992436073233.
2024-02-13 14:30:28,397 - INFO - Optimal value of theta: 1213.884345808511.
2024-02-13 14:30:28,397 - INFO - Beginning optimization with guess, [1.88236709].
2024-02-13 14:30:29,045 - INFO - Finished optimization with guess, [1.88236709].
2024-02-13 14:30:29,045 - INFO - Best fit parameters: [1.88236709].
2024-02-13 14:30:29,067 - INFO - Maximum log composite likelihood: -24.56992436073233.
2024-02-13 14:30:29,067 - INFO - Optimal value of theta: 1213.884345808511.
2024-02-13 14:30:29,067 - INFO - Beginning optimization with guess, [4.96958137].
2024-02-13 14:30:29,785 - INFO - Finished optimization with guess, [4.96958137].
2024-02-13 14:30:29,785 - INFO - Best fit parameters: [4.96958137].
2024-02-13 14:30:29,807 - INFO - Maximum log composite likelihood: -24.56992436073233.
2024-02-13 14:30:29,807 - INFO - Optimal value of theta: 1213.884345808511.
2024-02-13 14:30:29,808 - INFO - Beginning optimization with guess, [5.15708247].
2024-02-13 14:30:30,523 - INFO - Finished optimization with guess, [5.15708247].
2024-02-13 14:30:30,523 - INFO - Best fit parameters: [5.15708247].
2024-02-13 14:30:30,545 - INFO - Maximum log composite likelihood: -24.56992436073233.
2024-02-13 14:30:30,545 - INFO - Optimal value of theta: 1213.884345808511.
2024-02-13 14:30:30,545 - INFO - Beginning optimization with guess, [3.78936681].
2024-02-13 14:30:31,260 - INFO - Finished optimization with guess, [3.78936681].
2024-02-13 14:30:31,260 - INFO - Best fit parameters: [3.78936681].
2024-02-13 14:30:31,283 - INFO - Maximum log composite likelihood: -24.56992436073233.
2024-02-13 14:30:31,283 - INFO - Optimal value of theta: 1213.884345808511.
2024-02-13 14:30:31,283 - INFO - Beginning optimization with guess, [2.64866904].
2024-02-13 14:30:31,930 - INFO - Finished optimization with guess, [2.64866904].
2024-02-13 14:30:31,931 - INFO - Best fit parameters: [2.64866904].
2024-02-13 14:30:31,953 - INFO - Maximum log composite likelihood: -24.56992436073233.
2024-02-13 14:30:31,953 - INFO - Optimal value of theta: 1213.884345808511.
2024-02-13 14:30:31,953 - INFO - Beginning optimization with guess, [6.82533915].
2024-02-13 14:30:32,668 - INFO - Finished optimization with guess, [6.82533915].
2024-02-13 14:30:32,668 - INFO - Best fit parameters: [6.82533915].
2024-02-13 14:30:32,691 - INFO - Maximum log composite likelihood: -24.56992436073233.
2024-02-13 14:30:32,691 - INFO - Optimal value of theta: 1213.884345808511.
2024-02-13 14:30:32,691 - INFO - Beginning optimization with guess, [5.69444617].
2024-02-13 14:30:33,405 - INFO - Finished optimization with guess, [5.69444617].
2024-02-13 14:30:33,405 - INFO - Best fit parameters: [5.69444617].
2024-02-13 14:30:33,428 - INFO - Maximum log composite likelihood: -24.56992436073233.
2024-02-13 14:30:33,428 - INFO - Optimal value of theta: 1213.884345808511.
2024-02-13 14:30:33,428 - INFO - Beginning optimization with guess, [7.3873364].
2024-02-13 14:30:34,142 - INFO - Finished optimization with guess, [7.3873364].
2024-02-13 14:30:34,142 - INFO - Best fit parameters: [7.3873364].
2024-02-13 14:30:34,164 - INFO - Maximum log composite likelihood: -24.56992436073233.
2024-02-13 14:30:34,165 - INFO - Optimal value of theta: 1213.884345808511.
2024-02-13 14:30:34,165 - INFO - Beginning optimization with guess, [12.09861949].
2024-02-13 14:30:34,946 - INFO - Finished optimization with guess, [12.09861949].
2024-02-13 14:30:34,946 - INFO - Best fit parameters: [12.09861949].
2024-02-13 14:30:34,968 - INFO - Maximum log composite likelihood: -24.56992436073233.
2024-02-13 14:30:34,968 - INFO - Optimal value of theta: 1213.884345808511.
2024-02-13 14:30:34,970 - INFO - Beginning demographic inference for two-epoch demographic model.
2024-02-13 14:30:34,971 - INFO - Beginning optimization with guess, [0.10692019 0.01195047].
2024-02-13 14:30:36,081 - INFO - Finished optimization with guess, [0.10692019 0.01195047].
2024-02-13 14:30:36,081 - INFO - Best fit parameters: [0.37298139 0.00928736].
2024-02-13 14:30:36,105 - INFO - Maximum log composite likelihood: -22.64324322291668.
2024-02-13 14:30:36,105 - INFO - Optimal value of theta: 1248.0963111895571.
2024-02-13 14:30:36,105 - INFO - Beginning optimization with guess, [0.25287288 0.01450363].
2024-02-13 14:30:37,242 - INFO - Finished optimization with guess, [0.25287288 0.01450363].
2024-02-13 14:30:37,243 - INFO - Best fit parameters: [0.64647205 0.03309447].
2024-02-13 14:30:37,267 - INFO - Maximum log composite likelihood: -22.444681388103163.
2024-02-13 14:30:37,267 - INFO - Optimal value of theta: 1251.4955527582042.
2024-02-13 14:30:37,267 - INFO - Beginning optimization with guess, [0.2578479  0.00832831].
2024-02-13 14:30:38,436 - INFO - Finished optimization with guess, [0.2578479  0.00832831].
2024-02-13 14:30:38,437 - INFO - Best fit parameters: [0.66870858 0.04617931].
2024-02-13 14:30:38,461 - INFO - Maximum log composite likelihood: -22.34215268924072.
2024-02-13 14:30:38,461 - INFO - Optimal value of theta: 1260.1065760794295.
2024-02-13 14:30:38,461 - INFO - Beginning optimization with guess, [0.72816302 0.00687226].
2024-02-13 14:30:39,665 - INFO - Finished optimization with guess, [0.72816302 0.00687226].
2024-02-13 14:30:39,666 - INFO - Best fit parameters: [0.80814355 0.36066703].
2024-02-13 14:30:39,698 - INFO - Maximum log composite likelihood: -21.433169655184884.
2024-02-13 14:30:39,698 - INFO - Optimal value of theta: 1326.8929584185403.
2024-02-13 14:30:39,698 - INFO - Beginning optimization with guess, [0.34965207 0.00764638].
2024-02-13 14:30:40,862 - INFO - Finished optimization with guess, [0.34965207 0.00764638].
2024-02-13 14:30:40,862 - INFO - Best fit parameters: [0.81519398 0.15878483].
2024-02-13 14:30:40,889 - INFO - Maximum log composite likelihood: -21.780723269625014.
2024-02-13 14:30:40,889 - INFO - Optimal value of theta: 1273.9249978063742.
2024-02-13 14:30:40,889 - INFO - Beginning optimization with guess, [0.66176292 0.0198312 ].
2024-02-13 14:30:42,265 - INFO - Finished optimization with guess, [0.66176292 0.0198312 ].
2024-02-13 14:30:42,266 - INFO - Best fit parameters: [0.72627883 0.70656744].
2024-02-13 14:30:42,310 - INFO - Maximum log composite likelihood: -21.34619729820679.
2024-02-13 14:30:42,310 - INFO - Optimal value of theta: 1489.6554836430614.
2024-02-13 14:30:42,310 - INFO - Beginning optimization with guess, [0.58882137 0.00806841].
2024-02-13 14:30:43,345 - INFO - Finished optimization with guess, [0.58882137 0.00806841].
2024-02-13 14:30:43,345 - INFO - Best fit parameters: [0.82965778 0.10691228].
2024-02-13 14:30:43,371 - INFO - Maximum log composite likelihood: -22.156532088288714.
2024-02-13 14:30:43,371 - INFO - Optimal value of theta: 1253.6186711348041.
2024-02-13 14:30:43,371 - INFO - Beginning optimization with guess, [0.79999733 0.00591859].
2024-02-13 14:30:44,669 - INFO - Finished optimization with guess, [0.79999733 0.00591859].
2024-02-13 14:30:44,669 - INFO - Best fit parameters: [0.78145732 0.54490544].
2024-02-13 14:30:44,707 - INFO - Maximum log composite likelihood: -21.35792552035764.
2024-02-13 14:30:44,707 - INFO - Optimal value of theta: 1387.4107185854284.
2024-02-13 14:30:44,707 - INFO - Beginning optimization with guess, [0.63885698 0.00713665].
2024-02-13 14:30:45,945 - INFO - Finished optimization with guess, [0.63885698 0.00713665].
2024-02-13 14:30:45,945 - INFO - Best fit parameters: [0.82944436 0.40266459].
2024-02-13 14:30:45,978 - INFO - Maximum log composite likelihood: -21.454261379319178.
2024-02-13 14:30:45,978 - INFO - Optimal value of theta: 1318.8920900732658.
2024-02-13 14:30:45,978 - INFO - Beginning optimization with guess, [1.99702848 0.00908044].
2024-02-13 14:30:48,398 - INFO - Finished optimization with guess, [1.99702848 0.00908044].
2024-02-13 14:30:48,399 - INFO - Best fit parameters: [0.79104867 0.58627145].
2024-02-13 14:30:48,438 - INFO - Maximum log composite likelihood: -21.368748028006394.
2024-02-13 14:30:48,438 - INFO - Optimal value of theta: 1384.9070417636967.
2024-02-13 14:30:48,438 - INFO - Beginning optimization with guess, [2.49708752 0.00714924].
2024-02-13 14:30:50,459 - INFO - Finished optimization with guess, [2.49708752 0.00714924].
2024-02-13 14:30:50,459 - INFO - Best fit parameters: [0.74012664 0.72179836].
2024-02-13 14:30:50,502 - INFO - Maximum log composite likelihood: -21.338050305812885.
2024-02-13 14:30:50,503 - INFO - Optimal value of theta: 1473.0873147676655.
2024-02-13 14:30:50,503 - INFO - Beginning optimization with guess, [2.6335793  0.00713168].
2024-02-13 14:30:52,664 - INFO - Finished optimization with guess, [2.6335793  0.00713168].
2024-02-13 14:30:52,664 - INFO - Best fit parameters: [0.68832807 0.83179356].
2024-02-13 14:30:52,713 - INFO - Maximum log composite likelihood: -21.33310632402072.
2024-02-13 14:30:52,714 - INFO - Optimal value of theta: 1580.569506862039.
2024-02-13 14:30:52,714 - INFO - Beginning optimization with guess, [1.40867516 0.0105377 ].
2024-02-13 14:30:59,850 - INFO - Finished optimization with guess, [1.40867516 0.0105377 ].
2024-02-13 14:30:59,851 - INFO - Best fit parameters: [0.73902134 0.74718597].
2024-02-13 14:30:59,895 - INFO - Maximum log composite likelihood: -21.341404096585848.
2024-02-13 14:30:59,895 - INFO - Optimal value of theta: 1479.7739593305434.
2024-02-13 14:30:59,895 - INFO - Beginning optimization with guess, [1.50441892 0.01936148].
2024-02-13 14:31:01,882 - INFO - Finished optimization with guess, [1.50441892 0.01936148].
2024-02-13 14:31:01,883 - INFO - Best fit parameters: [0.76924138 0.63247246].
2024-02-13 14:31:01,923 - INFO - Maximum log composite likelihood: -21.347104178905283.
2024-02-13 14:31:01,923 - INFO - Optimal value of theta: 1417.803893565778.
2024-02-13 14:31:01,924 - INFO - Beginning optimization with guess, [1.41573307 0.00738618].
2024-02-13 14:31:12,173 - INFO - Finished optimization with guess, [1.41573307 0.00738618].
2024-02-13 14:31:12,174 - INFO - Best fit parameters: [0.74450978 0.73625785].
2024-02-13 14:31:12,218 - INFO - Maximum log composite likelihood: -21.343780866774978.
2024-02-13 14:31:12,218 - INFO - Optimal value of theta: 1469.8010209358242.
2024-02-13 14:31:12,219 - INFO - Beginning optimization with guess, [1.38647037 0.01494155].
2024-02-13 14:31:17,438 - INFO - Finished optimization with guess, [1.38647037 0.01494155].
2024-02-13 14:31:17,441 - INFO - Best fit parameters: [0.79426721 0.5615992 ].
2024-02-13 14:31:17,479 - INFO - Maximum log composite likelihood: -21.3690434906689.
2024-02-13 14:31:17,479 - INFO - Optimal value of theta: 1377.246577061246.
2024-02-13 14:31:17,479 - INFO - Beginning optimization with guess, [2.10729509 0.01940823].
2024-02-13 14:31:19,496 - INFO - Finished optimization with guess, [2.10729509 0.01940823].
2024-02-13 14:31:19,496 - INFO - Best fit parameters: [0.75162232 0.65535027].
2024-02-13 14:31:19,537 - INFO - Maximum log composite likelihood: -21.343035037841673.
2024-02-13 14:31:19,538 - INFO - Optimal value of theta: 1444.0510967651508.
2024-02-13 14:31:19,538 - INFO - Beginning optimization with guess, [1.70264879 0.00739313].
2024-02-13 14:31:29,748 - INFO - Finished optimization with guess, [1.70264879 0.00739313].
2024-02-13 14:31:29,751 - INFO - Best fit parameters: [0.75431608 0.72528065].
2024-02-13 14:31:29,794 - INFO - Maximum log composite likelihood: -21.352779053655013.
2024-02-13 14:31:29,794 - INFO - Optimal value of theta: 1454.1890088805378.
2024-02-13 14:31:29,794 - INFO - Beginning optimization with guess, [3.95240021 0.00906788].
2024-02-13 14:31:31,644 - INFO - Finished optimization with guess, [3.95240021 0.00906788].
2024-02-13 14:31:31,644 - INFO - Best fit parameters: [0.77639368 0.55916949].
2024-02-13 14:31:31,682 - INFO - Maximum log composite likelihood: -21.355835985546037.
2024-02-13 14:31:31,682 - INFO - Optimal value of theta: 1395.5609859445613.
2024-02-13 14:31:31,682 - INFO - Beginning optimization with guess, [6.44532834e+00 5.65704869e-03].
2024-02-13 14:31:33,523 - INFO - Finished optimization with guess, [6.44532834e+00 5.65704869e-03].
2024-02-13 14:31:33,523 - INFO - Best fit parameters: [0.68851249 0.77754732].
2024-02-13 14:31:33,570 - INFO - Maximum log composite likelihood: -21.35500743885632.
2024-02-13 14:31:33,570 - INFO - Optimal value of theta: 1566.909373520675.
2024-02-13 14:31:33,570 - INFO - Beginning optimization with guess, [4.80505233 0.01386886].
2024-02-13 14:31:35,976 - INFO - Finished optimization with guess, [4.80505233 0.01386886].
2024-02-13 14:31:35,976 - INFO - Best fit parameters: [0.67653106 0.87445325].
2024-02-13 14:31:36,026 - INFO - Maximum log composite likelihood: -21.333020560064597.
2024-02-13 14:31:36,027 - INFO - Optimal value of theta: 1613.0206105648217.
2024-02-13 14:31:36,027 - INFO - Beginning optimization with guess, [6.35419617 0.00825609].
2024-02-13 14:31:38,932 - INFO - Finished optimization with guess, [6.35419617 0.00825609].
2024-02-13 14:31:38,933 - INFO - Best fit parameters: [0.61488869 0.91834047].
2024-02-13 14:31:38,987 - INFO - Maximum log composite likelihood: -21.338528623326056.
2024-02-13 14:31:38,988 - INFO - Optimal value of theta: 1761.9627600013062.
2024-02-13 14:31:38,988 - INFO - Beginning optimization with guess, [1.19685263e+01 9.29552038e-03].
2024-02-13 14:31:40,130 - INFO - Finished optimization with guess, [1.19685263e+01 9.29552038e-03].
2024-02-13 14:31:40,130 - INFO - Best fit parameters: [2.24368242e-03 3.37115508e-05].
2024-02-13 14:31:40,153 - INFO - Maximum log composite likelihood: -22.72950350816336.
2024-02-13 14:31:40,154 - INFO - Optimal value of theta: 1247.462279492199.
2024-02-13 14:31:40,154 - INFO - Beginning optimization with guess, [1.13135196e+01 1.08954134e-02].
2024-02-13 14:31:41,270 - INFO - Finished optimization with guess, [1.13135196e+01 1.08954134e-02].
2024-02-13 14:31:41,271 - INFO - Best fit parameters: [0.24436015 0.00469796].
2024-02-13 14:31:41,294 - INFO - Maximum log composite likelihood: -22.692160365638756.
2024-02-13 14:31:41,294 - INFO - Optimal value of theta: 1246.073216391961.
2024-02-13 14:31:41,294 - INFO - Beginning optimization with guess, [1.19494066e+01 8.42385409e-03].
2024-02-13 14:31:42,316 - INFO - Finished optimization with guess, [1.19494066e+01 8.42385409e-03].
2024-02-13 14:31:42,316 - INFO - Best fit parameters: [9.56706313e-04 1.47371684e-05].
2024-02-13 14:31:42,339 - INFO - Maximum log composite likelihood: -22.730335209978875.
2024-02-13 14:31:42,339 - INFO - Optimal value of theta: 1248.34311534563.
2024-02-13 14:31:42,341 - INFO - Beginning demographic inference for three-epoch demographic model.
2024-02-13 14:31:42,343 - INFO - Beginning optimization with guess, [0.01143129 0.00758283 0.01496842 0.00953643].
2024-02-13 14:31:49,980 - INFO - Finished optimization with guess, [0.01143129 0.00758283 0.01496842 0.00953643].
2024-02-13 14:31:49,981 - INFO - Best fit parameters: [0.00529141 0.00639915 0.01760943 0.02383385].
2024-02-13 14:31:50,154 - INFO - Maximum log composite likelihood: -21.331176830201002.
2024-02-13 14:31:50,154 - INFO - Optimal value of theta: 170460.16612281738.
2024-02-13 14:31:50,154 - INFO - Beginning optimization with guess, [0.0238123  0.01181284 0.00853083 0.01204977].
2024-02-13 14:31:58,149 - INFO - Finished optimization with guess, [0.0238123  0.01181284 0.00853083 0.01204977].
2024-02-13 14:31:58,150 - INFO - Best fit parameters: [0.01400864 0.00624689 0.00744779 0.04163392].
2024-02-13 14:31:58,326 - INFO - Maximum log composite likelihood: -21.353228828430474.
2024-02-13 14:31:58,326 - INFO - Optimal value of theta: 176049.24520736455.
2024-02-13 14:31:58,326 - INFO - Beginning optimization with guess, [0.0150034  0.05373506 0.00911984 0.00957341].
2024-02-13 14:32:02,926 - INFO - Finished optimization with guess, [0.0150034  0.05373506 0.00911984 0.00957341].
2024-02-13 14:32:02,927 - INFO - Best fit parameters: [0.00221467 0.14518442 0.00065    0.47686968].
2024-02-13 14:32:03,026 - INFO - Maximum log composite likelihood: -21.40064427179641.
2024-02-13 14:32:03,026 - INFO - Optimal value of theta: 7377.440939857588.
2024-02-13 14:32:03,026 - INFO - Beginning optimization with guess, [0.02796161 0.04730131 0.01165443 0.01769365].
2024-02-13 14:32:05,471 - INFO - Finished optimization with guess, [0.02796161 0.04730131 0.01165443 0.01769365].
2024-02-13 14:32:05,472 - INFO - Best fit parameters: [1.55315827e-03 3.92589876e+00 3.07889689e-03 1.75511334e-02].
2024-02-13 14:32:05,537 - INFO - Maximum log composite likelihood: -46.87459951598157.
2024-02-13 14:32:05,537 - INFO - Optimal value of theta: 8029.0767574479805.
2024-02-13 14:32:05,538 - INFO - Beginning optimization with guess, [0.07177735 0.05106819 0.01029686 0.01003548].
2024-02-13 14:32:06,735 - INFO - Finished optimization with guess, [0.07177735 0.05106819 0.01029686 0.01003548].
2024-02-13 14:32:06,735 - INFO - Best fit parameters: [0.10211858 0.34511274 0.00132524 0.00233717].
2024-02-13 14:32:06,759 - INFO - Maximum log composite likelihood: -22.68245267820339.
2024-02-13 14:32:06,760 - INFO - Optimal value of theta: 1249.4861414623.
2024-02-13 14:32:06,760 - INFO - Beginning optimization with guess, [0.39012755 0.33106409 0.00556666 0.00986972].
2024-02-13 14:32:07,802 - INFO - Finished optimization with guess, [0.39012755 0.33106409 0.00556666 0.00986972].
2024-02-13 14:32:07,802 - INFO - Best fit parameters: [0.31893831 0.60262162 0.00486433 0.01033981].
2024-02-13 14:32:07,826 - INFO - Maximum log composite likelihood: -22.54434530960907.
2024-02-13 14:32:07,826 - INFO - Optimal value of theta: 1250.6930746413163.
2024-02-13 14:32:07,826 - INFO - Beginning optimization with guess, [1.33597192 0.40957756 0.0173401  0.00838162].
2024-02-13 14:32:08,904 - INFO - Finished optimization with guess, [1.33597192 0.40957756 0.0173401  0.00838162].
2024-02-13 14:32:08,904 - INFO - Best fit parameters: [1.58438615 0.55541897 0.00711923 0.02550905].
2024-02-13 14:32:08,929 - INFO - Maximum log composite likelihood: -22.532836349001627.
2024-02-13 14:32:08,929 - INFO - Optimal value of theta: 1251.8350375324596.
2024-02-13 14:32:08,929 - INFO - Beginning optimization with guess, [0.85267836 1.03840108 0.00768198 0.00825905].
2024-02-13 14:32:10,536 - INFO - Finished optimization with guess, [0.85267836 1.03840108 0.00768198 0.00825905].
2024-02-13 14:32:10,536 - INFO - Best fit parameters: [0.8258208  1.04114686 0.44236378 0.00196426].
2024-02-13 14:32:10,571 - INFO - Maximum log composite likelihood: -21.433772002908427.
2024-02-13 14:32:10,571 - INFO - Optimal value of theta: 1327.4272644233047.
2024-02-13 14:32:10,571 - INFO - Beginning optimization with guess, [0.84782413 1.69513136 0.00540993 0.00823789].
2024-02-13 14:32:12,214 - INFO - Finished optimization with guess, [0.84782413 1.69513136 0.00540993 0.00823789].
2024-02-13 14:32:12,215 - INFO - Best fit parameters: [7.74906334e-01 1.05629528e+00 6.11190326e-01 3.62284268e-05].
2024-02-13 14:32:12,255 - INFO - Maximum log composite likelihood: -21.349376529436086.
2024-02-13 14:32:12,255 - INFO - Optimal value of theta: 1407.1721933917413.
2024-02-13 14:32:12,255 - INFO - Beginning optimization with guess, [0.64835128 0.6605096  0.00877694 0.01111634].
2024-02-13 14:32:13,359 - INFO - Finished optimization with guess, [0.64835128 0.6605096  0.00877694 0.01111634].
2024-02-13 14:32:13,359 - INFO - Best fit parameters: [0.41049417 0.82833179 0.00417795 0.09343106].
2024-02-13 14:32:13,385 - INFO - Maximum log composite likelihood: -22.02023310023469.
2024-02-13 14:32:13,385 - INFO - Optimal value of theta: 1258.9677155794132.
2024-02-13 14:32:13,386 - INFO - Beginning optimization with guess, [0.67096724 2.42033371 0.00523148 0.00863913].
2024-02-13 14:32:14,481 - INFO - Finished optimization with guess, [0.67096724 2.42033371 0.00523148 0.00863913].
2024-02-13 14:32:14,482 - INFO - Best fit parameters: [0.64792706 2.84539409 0.06920461 0.00810111].
2024-02-13 14:32:14,508 - INFO - Maximum log composite likelihood: -21.84973957210059.
2024-02-13 14:32:14,508 - INFO - Optimal value of theta: 1272.3619635801015.
2024-02-13 14:32:14,508 - INFO - Beginning optimization with guess, [1.4106819  2.92894507 0.00565991 0.00698673].
2024-02-13 14:32:15,548 - INFO - Finished optimization with guess, [1.4106819  2.92894507 0.00565991 0.00698673].
2024-02-13 14:32:15,549 - INFO - Best fit parameters: [8.55768987e-01 1.50449850e+00 1.04540848e-04 1.00962178e-05].
2024-02-13 14:32:15,572 - INFO - Maximum log composite likelihood: -24.566212081879257.
2024-02-13 14:32:15,572 - INFO - Optimal value of theta: 1213.9164991676028.
2024-02-13 14:32:15,572 - INFO - Beginning optimization with guess, [1.53990921 3.02824244 0.01283998 0.01730493].
2024-02-13 14:32:16,615 - INFO - Finished optimization with guess, [1.53990921 3.02824244 0.01283998 0.01730493].
2024-02-13 14:32:16,616 - INFO - Best fit parameters: [8.97303532e-01 1.64387972e+00 1.09547316e-03 1.09026710e-04].
2024-02-13 14:32:16,639 - INFO - Maximum log composite likelihood: -24.54851254015557.
2024-02-13 14:32:16,639 - INFO - Optimal value of theta: 1214.070951655766.
2024-02-13 14:32:16,640 - INFO - Beginning optimization with guess, [2.95321907 1.01017802 0.00700014 0.01139742].
2024-02-13 14:32:17,664 - INFO - Finished optimization with guess, [2.95321907 1.01017802 0.00700014 0.01139742].
2024-02-13 14:32:17,665 - INFO - Best fit parameters: [1.66076986e-03 9.26894153e-01 1.24354123e-29 1.49924971e-02].
2024-02-13 14:32:17,689 - INFO - Maximum log composite likelihood: -24.289983431785004.
2024-02-13 14:32:17,689 - INFO - Optimal value of theta: 1216.4594211761118.
2024-02-13 14:32:17,689 - INFO - Beginning optimization with guess, [1.69114181 1.95304908 0.00896853 0.01818353].
2024-02-13 14:32:18,733 - INFO - Finished optimization with guess, [1.69114181 1.95304908 0.00896853 0.01818353].
2024-02-13 14:32:18,733 - INFO - Best fit parameters: [7.92519319e-01 1.46106663e+00 4.45754473e-04 8.60833058e-05].
2024-02-13 14:32:18,757 - INFO - Maximum log composite likelihood: -24.54655898337205.
2024-02-13 14:32:18,757 - INFO - Optimal value of theta: 1214.0875711517954.
2024-02-13 14:32:18,757 - INFO - Beginning optimization with guess, [1.30416996 2.8121038  0.01132697 0.01808631].
2024-02-13 14:32:19,802 - INFO - Finished optimization with guess, [1.30416996 2.8121038  0.01132697 0.01808631].
2024-02-13 14:32:19,802 - INFO - Best fit parameters: [8.25993620e-01 6.23086768e-01 2.76504518e-03 1.44249859e-06].
2024-02-13 14:32:19,827 - INFO - Maximum log composite likelihood: -24.422845981674527.
2024-02-13 14:32:19,827 - INFO - Optimal value of theta: 1215.1940195769375.
2024-02-13 14:32:19,827 - INFO - Beginning optimization with guess, [4.37853753 2.31556724 0.00504573 0.00662031].
2024-02-13 14:32:20,856 - INFO - Finished optimization with guess, [4.37853753 2.31556724 0.00504573 0.00662031].
2024-02-13 14:32:20,857 - INFO - Best fit parameters: [1.02581500e+00 6.71842637e-01 2.07623556e-05 1.70648306e-05].
2024-02-13 14:32:20,880 - INFO - Maximum log composite likelihood: -24.56785752720816.
2024-02-13 14:32:20,880 - INFO - Optimal value of theta: 1213.9022380977017.
2024-02-13 14:32:20,881 - INFO - Beginning optimization with guess, [1.5990603  3.29993433 0.01230111 0.01554201].
2024-02-13 14:32:21,923 - INFO - Finished optimization with guess, [1.5990603  3.29993433 0.01230111 0.01554201].
2024-02-13 14:32:21,923 - INFO - Best fit parameters: [8.12660022e-01 2.07030264e+00 1.30096103e-03 1.00017929e-04].
2024-02-13 14:32:21,947 - INFO - Maximum log composite likelihood: -24.506043278013294.
2024-02-13 14:32:21,947 - INFO - Optimal value of theta: 1214.4446422311253.
2024-02-13 14:32:21,947 - INFO - Beginning optimization with guess, [2.56222756 4.85506066 0.00668166 0.01114707].
2024-02-13 14:32:23,011 - INFO - Finished optimization with guess, [2.56222756 4.85506066 0.00668166 0.01114707].
2024-02-13 14:32:23,012 - INFO - Best fit parameters: [7.18359175e-01 2.54914564e+00 3.12107180e-04 6.33540375e-05].
2024-02-13 14:32:23,035 - INFO - Maximum log composite likelihood: -24.54805787014493.
2024-02-13 14:32:23,036 - INFO - Optimal value of theta: 1214.0744415609151.
2024-02-13 14:32:23,036 - INFO - Beginning optimization with guess, [4.75209638 2.01778948 0.00710835 0.01258842].
2024-02-13 14:32:24,101 - INFO - Finished optimization with guess, [4.75209638 2.01778948 0.00710835 0.01258842].
2024-02-13 14:32:24,102 - INFO - Best fit parameters: [3.60323865e+00 6.09570871e-01 5.60916115e-05 9.09194320e-04].
2024-02-13 14:32:24,125 - INFO - Maximum log composite likelihood: -24.431454415335793.
2024-02-13 14:32:24,126 - INFO - Optimal value of theta: 1215.1115369844995.
2024-02-13 14:32:24,126 - INFO - Beginning optimization with guess, [3.61829608 6.06497871 0.01489304 0.01321155].
2024-02-13 14:32:25,190 - INFO - Finished optimization with guess, [3.61829608 6.06497871 0.01489304 0.01321155].
2024-02-13 14:32:25,190 - INFO - Best fit parameters: [4.60601117e-01 1.16272458e+00 6.31043430e-04 1.78505305e-04].
2024-02-13 14:32:25,214 - INFO - Maximum log composite likelihood: -24.388708018732814.
2024-02-13 14:32:25,214 - INFO - Optimal value of theta: 1215.5013879126077.
2024-02-13 14:32:25,214 - INFO - Beginning optimization with guess, [9.77649743e+00 4.34162205e+00 1.31514004e-02 5.92650388e-03].
2024-02-13 14:32:26,255 - INFO - Finished optimization with guess, [9.77649743e+00 4.34162205e+00 1.31514004e-02 5.92650388e-03].
2024-02-13 14:32:26,255 - INFO - Best fit parameters: [6.50611762e+00 6.73308980e-01 1.19911251e-04 4.92150702e-04].
2024-02-13 14:32:26,279 - INFO - Maximum log composite likelihood: -24.534113964780317.
2024-02-13 14:32:26,279 - INFO - Optimal value of theta: 1214.1963435665525.
2024-02-13 14:32:26,279 - INFO - Beginning optimization with guess, [1.12030920e+01 3.81845098e+00 1.06519574e-02 1.32183815e-02].
2024-02-13 14:32:27,300 - INFO - Finished optimization with guess, [1.12030920e+01 3.81845098e+00 1.06519574e-02 1.32183815e-02].
2024-02-13 14:32:27,300 - INFO - Best fit parameters: [2.06949753e+01 3.55418339e-01 2.48106375e-04 1.10066294e-03].
2024-02-13 14:32:27,324 - INFO - Maximum log composite likelihood: -24.14436589801744.
2024-02-13 14:32:27,324 - INFO - Optimal value of theta: 1217.8488686108426.
2024-02-13 14:32:27,324 - INFO - Beginning optimization with guess, [5.24647163e+00 1.23391304e+01 5.94401132e-03 1.45791774e-02].
2024-02-13 14:32:28,365 - INFO - Finished optimization with guess, [5.24647163e+00 1.23391304e+01 5.94401132e-03 1.45791774e-02].
2024-02-13 14:32:28,365 - INFO - Best fit parameters: [6.39831069e-01 7.87707525e+00 4.94311561e-04 1.48650900e-04].
2024-02-13 14:32:28,389 - INFO - Maximum log composite likelihood: -24.531673969021995.
2024-02-13 14:32:28,389 - INFO - Optimal value of theta: 1214.2182288151018.
2024-02-13 14:32:28,389 - INFO - Beginning optimization with guess, [9.47593747e+00 1.04665901e+01 1.56072751e-02 7.73770234e-03].
2024-02-13 14:32:29,430 - INFO - Finished optimization with guess, [9.47593747e+00 1.04665901e+01 1.56072751e-02 7.73770234e-03].
2024-02-13 14:32:29,431 - INFO - Best fit parameters: [3.40271835e+00 5.90713961e-01 1.91260535e-04 8.62020720e-03].
2024-02-13 14:32:29,454 - INFO - Maximum log composite likelihood: -23.39807916326663.
2024-02-13 14:32:29,455 - INFO - Optimal value of theta: 1226.7644411408999.
2024-02-13 14:32:29,456 - INFO - Finished demographic inference.
2024-02-13 14:32:29,456 - INFO - Pipeline executed succesfully.
