2025-08-12 10:40:11,702 - INFO - Beginning execution of fit_demographic_model.py in directory /u/project/kirk-bigdata/jonmah/sample_size_demography/Scripts

2025-08-12 10:40:11,702 - INFO - Progress is being logged to ../Analysis/msprime_3EpB_510/log.log

2025-08-12 10:40:11,702 - INFO - Parsed the following arguments:
	syn_input_sfs = ../Simulations/simple_simulations/ThreeEpochBottleneck_510_concat.sfs
	mask_singletons = False
	mask_doubletons = False
	L_syn = 100000000.0
	input_params = []
	outprefix = ../Analysis/msprime_3EpB_510/

2025-08-12 10:40:11,732 - INFO - Beginning demographic inference for one-epoch demographic model.
2025-08-12 10:40:11,734 - INFO - Beginning optimization with guess, [0.13795457].
2025-08-12 10:40:14,228 - INFO - Finished optimization with guess, [0.13795457].
2025-08-12 10:40:14,228 - INFO - Best fit parameters: [0.13795457].
2025-08-12 10:40:15,488 - INFO - Maximum log composite likelihood: -81506.2363441028.
2025-08-12 10:40:15,488 - INFO - Optimal value of theta: 33666.286702910365.
2025-08-12 10:40:15,489 - INFO - Beginning optimization with guess, [0.10612025].
2025-08-12 10:40:17,978 - INFO - Finished optimization with guess, [0.10612025].
2025-08-12 10:40:17,978 - INFO - Best fit parameters: [0.10612025].
2025-08-12 10:40:19,217 - INFO - Maximum log composite likelihood: -81506.2363441028.
2025-08-12 10:40:19,218 - INFO - Optimal value of theta: 33666.286702910365.
2025-08-12 10:40:19,218 - INFO - Beginning optimization with guess, [0.27421882].
2025-08-12 10:40:21,693 - INFO - Finished optimization with guess, [0.27421882].
2025-08-12 10:40:21,694 - INFO - Best fit parameters: [0.27421882].
2025-08-12 10:40:22,919 - INFO - Maximum log composite likelihood: -81506.2363441028.
2025-08-12 10:40:22,919 - INFO - Optimal value of theta: 33666.286702910365.
2025-08-12 10:40:22,919 - INFO - Beginning optimization with guess, [0.42652217].
2025-08-12 10:40:25,397 - INFO - Finished optimization with guess, [0.42652217].
2025-08-12 10:40:25,398 - INFO - Best fit parameters: [0.42652217].
2025-08-12 10:40:26,657 - INFO - Maximum log composite likelihood: -81506.2363441028.
2025-08-12 10:40:26,657 - INFO - Optimal value of theta: 33666.286702910365.
2025-08-12 10:40:26,657 - INFO - Beginning optimization with guess, [0.28692568].
2025-08-12 10:40:29,154 - INFO - Finished optimization with guess, [0.28692568].
2025-08-12 10:40:29,155 - INFO - Best fit parameters: [0.28692568].
2025-08-12 10:40:30,383 - INFO - Maximum log composite likelihood: -81506.2363441028.
2025-08-12 10:40:30,383 - INFO - Optimal value of theta: 33666.286702910365.
2025-08-12 10:40:30,383 - INFO - Beginning optimization with guess, [1.16912677].
2025-08-12 10:40:32,886 - INFO - Finished optimization with guess, [1.16912677].
2025-08-12 10:40:32,886 - INFO - Best fit parameters: [1.16912677].
2025-08-12 10:40:34,131 - INFO - Maximum log composite likelihood: -81506.2363441028.
2025-08-12 10:40:34,132 - INFO - Optimal value of theta: 33666.286702910365.
2025-08-12 10:40:34,132 - INFO - Beginning optimization with guess, [0.46235637].
2025-08-12 10:40:36,602 - INFO - Finished optimization with guess, [0.46235637].
2025-08-12 10:40:36,602 - INFO - Best fit parameters: [0.46235637].
2025-08-12 10:40:37,834 - INFO - Maximum log composite likelihood: -81506.2363441028.
2025-08-12 10:40:37,834 - INFO - Optimal value of theta: 33666.286702910365.
2025-08-12 10:40:37,835 - INFO - Beginning optimization with guess, [0.77517913].
2025-08-12 10:40:40,305 - INFO - Finished optimization with guess, [0.77517913].
2025-08-12 10:40:40,306 - INFO - Best fit parameters: [0.77517913].
2025-08-12 10:40:41,546 - INFO - Maximum log composite likelihood: -81506.2363441028.
2025-08-12 10:40:41,546 - INFO - Optimal value of theta: 33666.286702910365.
2025-08-12 10:40:41,547 - INFO - Beginning optimization with guess, [0.98254771].
2025-08-12 10:40:44,004 - INFO - Finished optimization with guess, [0.98254771].
2025-08-12 10:40:44,004 - INFO - Best fit parameters: [0.98254771].
2025-08-12 10:40:45,247 - INFO - Maximum log composite likelihood: -81506.2363441028.
2025-08-12 10:40:45,248 - INFO - Optimal value of theta: 33666.286702910365.
2025-08-12 10:40:45,248 - INFO - Beginning optimization with guess, [0.70946522].
2025-08-12 10:40:47,714 - INFO - Finished optimization with guess, [0.70946522].
2025-08-12 10:40:47,715 - INFO - Best fit parameters: [0.70946522].
2025-08-12 10:40:48,920 - INFO - Maximum log composite likelihood: -81506.2363441028.
2025-08-12 10:40:48,920 - INFO - Optimal value of theta: 33666.286702910365.
2025-08-12 10:40:48,920 - INFO - Beginning optimization with guess, [0.88591026].
2025-08-12 10:40:51,358 - INFO - Finished optimization with guess, [0.88591026].
2025-08-12 10:40:51,360 - INFO - Best fit parameters: [0.88591026].
2025-08-12 10:40:52,588 - INFO - Maximum log composite likelihood: -81506.2363441028.
2025-08-12 10:40:52,588 - INFO - Optimal value of theta: 33666.286702910365.
2025-08-12 10:40:52,588 - INFO - Beginning optimization with guess, [1.20866725].
2025-08-12 10:40:55,036 - INFO - Finished optimization with guess, [1.20866725].
2025-08-12 10:40:55,036 - INFO - Best fit parameters: [1.20866725].
2025-08-12 10:40:56,242 - INFO - Maximum log composite likelihood: -81506.2363441028.
2025-08-12 10:40:56,242 - INFO - Optimal value of theta: 33666.286702910365.
2025-08-12 10:40:56,243 - INFO - Beginning optimization with guess, [3.21337699].
2025-08-12 10:40:58,673 - INFO - Finished optimization with guess, [3.21337699].
2025-08-12 10:40:58,674 - INFO - Best fit parameters: [3.21337699].
2025-08-12 10:40:59,888 - INFO - Maximum log composite likelihood: -81506.2363441028.
2025-08-12 10:40:59,889 - INFO - Optimal value of theta: 33666.286702910365.
2025-08-12 10:40:59,889 - INFO - Beginning optimization with guess, [1.23252319].
2025-08-12 10:41:02,296 - INFO - Finished optimization with guess, [1.23252319].
2025-08-12 10:41:02,297 - INFO - Best fit parameters: [1.23252319].
2025-08-12 10:41:03,483 - INFO - Maximum log composite likelihood: -81506.2363441028.
2025-08-12 10:41:03,483 - INFO - Optimal value of theta: 33666.286702910365.
2025-08-12 10:41:03,484 - INFO - Beginning optimization with guess, [3.13241544].
2025-08-12 10:41:05,887 - INFO - Finished optimization with guess, [3.13241544].
2025-08-12 10:41:05,888 - INFO - Best fit parameters: [3.13241544].
2025-08-12 10:41:07,101 - INFO - Maximum log composite likelihood: -81506.2363441028.
2025-08-12 10:41:07,102 - INFO - Optimal value of theta: 33666.286702910365.
2025-08-12 10:41:07,102 - INFO - Beginning optimization with guess, [1.2787661].
2025-08-12 10:41:09,501 - INFO - Finished optimization with guess, [1.2787661].
2025-08-12 10:41:09,501 - INFO - Best fit parameters: [1.2787661].
2025-08-12 10:41:10,687 - INFO - Maximum log composite likelihood: -81506.2363441028.
2025-08-12 10:41:10,688 - INFO - Optimal value of theta: 33666.286702910365.
2025-08-12 10:41:10,688 - INFO - Beginning optimization with guess, [2.91850541].
2025-08-12 10:41:13,075 - INFO - Finished optimization with guess, [2.91850541].
2025-08-12 10:41:13,075 - INFO - Best fit parameters: [2.91850541].
2025-08-12 10:41:14,255 - INFO - Maximum log composite likelihood: -81506.2363441028.
2025-08-12 10:41:14,256 - INFO - Optimal value of theta: 33666.286702910365.
2025-08-12 10:41:14,256 - INFO - Beginning optimization with guess, [1.62422812].
2025-08-12 10:41:16,638 - INFO - Finished optimization with guess, [1.62422812].
2025-08-12 10:41:16,639 - INFO - Best fit parameters: [1.62422812].
2025-08-12 10:41:17,810 - INFO - Maximum log composite likelihood: -81506.2363441028.
2025-08-12 10:41:17,810 - INFO - Optimal value of theta: 33666.286702910365.
2025-08-12 10:41:17,811 - INFO - Beginning optimization with guess, [1.74097355].
2025-08-12 10:41:20,140 - INFO - Finished optimization with guess, [1.74097355].
2025-08-12 10:41:20,141 - INFO - Best fit parameters: [1.74097355].
2025-08-12 10:41:21,281 - INFO - Maximum log composite likelihood: -81506.2363441028.
2025-08-12 10:41:21,282 - INFO - Optimal value of theta: 33666.286702910365.
2025-08-12 10:41:21,282 - INFO - Beginning optimization with guess, [2.26477001].
2025-08-12 10:41:23,584 - INFO - Finished optimization with guess, [2.26477001].
2025-08-12 10:41:23,584 - INFO - Best fit parameters: [2.26477001].
2025-08-12 10:41:24,758 - INFO - Maximum log composite likelihood: -81506.2363441028.
2025-08-12 10:41:24,759 - INFO - Optimal value of theta: 33666.286702910365.
2025-08-12 10:41:24,759 - INFO - Beginning optimization with guess, [5.19867242].
2025-08-12 10:41:27,098 - INFO - Finished optimization with guess, [5.19867242].
2025-08-12 10:41:27,098 - INFO - Best fit parameters: [5.19867242].
2025-08-12 10:41:28,248 - INFO - Maximum log composite likelihood: -81506.2363441028.
2025-08-12 10:41:28,249 - INFO - Optimal value of theta: 33666.286702910365.
2025-08-12 10:41:28,250 - INFO - Beginning optimization with guess, [2.76264735].
2025-08-12 10:41:30,553 - INFO - Finished optimization with guess, [2.76264735].
2025-08-12 10:41:30,553 - INFO - Best fit parameters: [2.76264735].
2025-08-12 10:41:31,709 - INFO - Maximum log composite likelihood: -81506.2363441028.
2025-08-12 10:41:31,710 - INFO - Optimal value of theta: 33666.286702910365.
2025-08-12 10:41:31,710 - INFO - Beginning optimization with guess, [3.61763413].
2025-08-12 10:41:34,067 - INFO - Finished optimization with guess, [3.61763413].
2025-08-12 10:41:34,068 - INFO - Best fit parameters: [3.61763413].
2025-08-12 10:41:35,260 - INFO - Maximum log composite likelihood: -81506.2363441028.
2025-08-12 10:41:35,261 - INFO - Optimal value of theta: 33666.286702910365.
2025-08-12 10:41:35,262 - INFO - Beginning optimization with guess, [6.09559728].
2025-08-12 10:41:37,618 - INFO - Finished optimization with guess, [6.09559728].
2025-08-12 10:41:37,619 - INFO - Best fit parameters: [6.09559728].
2025-08-12 10:41:38,758 - INFO - Maximum log composite likelihood: -81506.2363441028.
2025-08-12 10:41:38,759 - INFO - Optimal value of theta: 33666.286702910365.
2025-08-12 10:41:38,759 - INFO - Beginning optimization with guess, [8.6032422].
2025-08-12 10:41:41,060 - INFO - Finished optimization with guess, [8.6032422].
2025-08-12 10:41:41,060 - INFO - Best fit parameters: [8.6032422].
2025-08-12 10:41:42,219 - INFO - Maximum log composite likelihood: -81506.2363441028.
2025-08-12 10:41:42,219 - INFO - Optimal value of theta: 33666.286702910365.
2025-08-12 10:41:42,224 - INFO - Converting and interpreting Tau estimates.
2025-08-12 10:41:42,225 - INFO - Finished demographic inference.
2025-08-12 10:41:42,225 - INFO - Pipeline executed succesfully.
