2024-03-16 14:18:10,195 - INFO - Beginning execution of fit_demographic_model.py in directory /u/project/kirk/jonmah/sample_size_demography/Scripts

2024-03-16 14:18:10,195 - INFO - Progress is being logged to ../Analysis/ThreeEpochContraction_280/log.log

2024-03-16 14:18:10,195 - INFO - Parsed the following arguments:
	syn_input_sfs = ../Analysis/ThreeEpochContraction_280/syn_downsampled_sfs.txt
	mask_singletons = False
	mask_doubletons = False
	outprefix = ../Analysis/ThreeEpochContraction_280/

2024-03-16 14:18:10,225 - INFO - Beginning demographic inference for one-epoch demographic model.
2024-03-16 14:18:10,226 - INFO - Beginning optimization with guess, [0.05501491].
2024-03-16 14:18:35,586 - INFO - Finished optimization with guess, [0.05501491].
2024-03-16 14:18:35,587 - INFO - Best fit parameters: [0.05501491].
2024-03-16 14:18:36,308 - INFO - Maximum log composite likelihood: -4009.6133265845606.
2024-03-16 14:18:36,308 - INFO - Optimal value of theta: 7581.427774206321.
2024-03-16 14:18:36,309 - INFO - Beginning optimization with guess, [0.37900218].
2024-03-16 14:18:57,384 - INFO - Finished optimization with guess, [0.37900218].
2024-03-16 14:18:57,385 - INFO - Best fit parameters: [0.37900218].
2024-03-16 14:18:58,123 - INFO - Maximum log composite likelihood: -4009.6133265845606.
2024-03-16 14:18:58,123 - INFO - Optimal value of theta: 7581.427774206321.
2024-03-16 14:18:58,123 - INFO - Beginning optimization with guess, [0.41282803].
2024-03-16 14:19:19,029 - INFO - Finished optimization with guess, [0.41282803].
2024-03-16 14:19:19,030 - INFO - Best fit parameters: [0.41282803].
2024-03-16 14:19:19,759 - INFO - Maximum log composite likelihood: -4009.6133265845606.
2024-03-16 14:19:19,759 - INFO - Optimal value of theta: 7581.427774206321.
2024-03-16 14:19:19,760 - INFO - Beginning optimization with guess, [0.22560237].
2024-03-16 14:19:42,750 - INFO - Finished optimization with guess, [0.22560237].
2024-03-16 14:19:42,751 - INFO - Best fit parameters: [0.22560237].
2024-03-16 14:19:43,472 - INFO - Maximum log composite likelihood: -4009.6133265845606.
2024-03-16 14:19:43,472 - INFO - Optimal value of theta: 7581.427774206321.
2024-03-16 14:19:43,472 - INFO - Beginning optimization with guess, [0.26889378].
2024-03-16 14:20:06,954 - INFO - Finished optimization with guess, [0.26889378].
2024-03-16 14:20:06,955 - INFO - Best fit parameters: [0.26889378].
2024-03-16 14:20:07,681 - INFO - Maximum log composite likelihood: -4009.6133265845606.
2024-03-16 14:20:07,681 - INFO - Optimal value of theta: 7581.427774206321.
2024-03-16 14:20:07,682 - INFO - Beginning optimization with guess, [0.43771065].
2024-03-16 14:20:28,732 - INFO - Finished optimization with guess, [0.43771065].
2024-03-16 14:20:28,733 - INFO - Best fit parameters: [0.43771065].
2024-03-16 14:20:29,456 - INFO - Maximum log composite likelihood: -4009.6133265845606.
2024-03-16 14:20:29,456 - INFO - Optimal value of theta: 7581.427774206321.
2024-03-16 14:20:29,456 - INFO - Beginning optimization with guess, [1.23881685].
2024-03-16 14:20:46,243 - INFO - Finished optimization with guess, [1.23881685].
2024-03-16 14:20:46,244 - INFO - Best fit parameters: [1.23881685].
2024-03-16 14:20:46,964 - INFO - Maximum log composite likelihood: -4009.6133265845606.
2024-03-16 14:20:46,964 - INFO - Optimal value of theta: 7581.427774206321.
2024-03-16 14:20:46,964 - INFO - Beginning optimization with guess, [1.03893604].
2024-03-16 14:20:59,209 - INFO - Finished optimization with guess, [1.03893604].
2024-03-16 14:20:59,210 - INFO - Best fit parameters: [1.03893604].
2024-03-16 14:20:59,931 - INFO - Maximum log composite likelihood: -4009.6133265845606.
2024-03-16 14:20:59,931 - INFO - Optimal value of theta: 7581.427774206321.
2024-03-16 14:20:59,932 - INFO - Beginning optimization with guess, [0.54155547].
2024-03-16 14:21:21,020 - INFO - Finished optimization with guess, [0.54155547].
2024-03-16 14:21:21,021 - INFO - Best fit parameters: [0.54155547].
2024-03-16 14:21:21,742 - INFO - Maximum log composite likelihood: -4009.6133265845606.
2024-03-16 14:21:21,742 - INFO - Optimal value of theta: 7581.427774206321.
2024-03-16 14:21:21,743 - INFO - Beginning optimization with guess, [1.76941945].
2024-03-16 14:21:42,680 - INFO - Finished optimization with guess, [1.76941945].
2024-03-16 14:21:42,681 - INFO - Best fit parameters: [1.76941945].
2024-03-16 14:21:43,397 - INFO - Maximum log composite likelihood: -4009.6133265845606.
2024-03-16 14:21:43,397 - INFO - Optimal value of theta: 7581.427774206321.
2024-03-16 14:21:43,398 - INFO - Beginning optimization with guess, [2.37715952].
2024-03-16 14:22:04,315 - INFO - Finished optimization with guess, [2.37715952].
2024-03-16 14:22:04,318 - INFO - Best fit parameters: [2.37715952].
2024-03-16 14:22:05,049 - INFO - Maximum log composite likelihood: -4009.6133265845606.
2024-03-16 14:22:05,049 - INFO - Optimal value of theta: 7581.427774206321.
2024-03-16 14:22:05,049 - INFO - Beginning optimization with guess, [1.71918028].
2024-03-16 14:22:26,421 - INFO - Finished optimization with guess, [1.71918028].
2024-03-16 14:22:26,422 - INFO - Best fit parameters: [1.71918028].
2024-03-16 14:22:27,158 - INFO - Maximum log composite likelihood: -4009.6133265845606.
2024-03-16 14:22:27,158 - INFO - Optimal value of theta: 7581.427774206321.
2024-03-16 14:22:27,159 - INFO - Beginning optimization with guess, [2.31778772].
2024-03-16 14:22:48,081 - INFO - Finished optimization with guess, [2.31778772].
2024-03-16 14:22:48,083 - INFO - Best fit parameters: [2.31778772].
2024-03-16 14:22:48,804 - INFO - Maximum log composite likelihood: -4009.6133265845606.
2024-03-16 14:22:48,804 - INFO - Optimal value of theta: 7581.427774206321.
2024-03-16 14:22:48,805 - INFO - Beginning optimization with guess, [1.02862965].
2024-03-16 14:22:59,042 - INFO - Finished optimization with guess, [1.02862965].
2024-03-16 14:22:59,043 - INFO - Best fit parameters: [1.02862965].
2024-03-16 14:22:59,776 - INFO - Maximum log composite likelihood: -4009.6133265845606.
2024-03-16 14:22:59,777 - INFO - Optimal value of theta: 7581.427774206321.
2024-03-16 14:22:59,777 - INFO - Beginning optimization with guess, [2.04329107].
2024-03-16 14:23:20,828 - INFO - Finished optimization with guess, [2.04329107].
2024-03-16 14:23:20,829 - INFO - Best fit parameters: [2.04329107].
2024-03-16 14:23:21,564 - INFO - Maximum log composite likelihood: -4009.6133265845606.
2024-03-16 14:23:21,564 - INFO - Optimal value of theta: 7581.427774206321.
2024-03-16 14:23:21,565 - INFO - Beginning optimization with guess, [4.03492844].
2024-03-16 14:23:45,023 - INFO - Finished optimization with guess, [4.03492844].
2024-03-16 14:23:45,024 - INFO - Best fit parameters: [4.03492844].
2024-03-16 14:23:45,742 - INFO - Maximum log composite likelihood: -4009.6133265845606.
2024-03-16 14:23:45,742 - INFO - Optimal value of theta: 7581.427774206321.
2024-03-16 14:23:45,743 - INFO - Beginning optimization with guess, [4.15316193].
2024-03-16 14:24:09,152 - INFO - Finished optimization with guess, [4.15316193].
2024-03-16 14:24:09,153 - INFO - Best fit parameters: [4.15316193].
2024-03-16 14:24:09,893 - INFO - Maximum log composite likelihood: -4009.6133265845606.
2024-03-16 14:24:09,893 - INFO - Optimal value of theta: 7581.427774206321.
2024-03-16 14:24:09,893 - INFO - Beginning optimization with guess, [1.61452222].
2024-03-16 14:24:29,078 - INFO - Finished optimization with guess, [1.61452222].
2024-03-16 14:24:29,079 - INFO - Best fit parameters: [1.61452222].
2024-03-16 14:24:29,807 - INFO - Maximum log composite likelihood: -4009.6133265845606.
2024-03-16 14:24:29,807 - INFO - Optimal value of theta: 7581.427774206321.
2024-03-16 14:24:29,807 - INFO - Beginning optimization with guess, [3.76690312].
2024-03-16 14:24:53,201 - INFO - Finished optimization with guess, [3.76690312].
2024-03-16 14:24:53,202 - INFO - Best fit parameters: [3.76690312].
2024-03-16 14:24:53,925 - INFO - Maximum log composite likelihood: -4009.6133265845606.
2024-03-16 14:24:53,925 - INFO - Optimal value of theta: 7581.427774206321.
2024-03-16 14:24:53,926 - INFO - Beginning optimization with guess, [2.56365867].
2024-03-16 14:25:15,391 - INFO - Finished optimization with guess, [2.56365867].
2024-03-16 14:25:15,392 - INFO - Best fit parameters: [2.56365867].
2024-03-16 14:25:16,139 - INFO - Maximum log composite likelihood: -4009.6133265845606.
2024-03-16 14:25:16,139 - INFO - Optimal value of theta: 7581.427774206321.
2024-03-16 14:25:16,139 - INFO - Beginning optimization with guess, [5.08682924].
2024-03-16 14:25:39,452 - INFO - Finished optimization with guess, [5.08682924].
2024-03-16 14:25:39,453 - INFO - Best fit parameters: [5.08682924].
2024-03-16 14:25:40,174 - INFO - Maximum log composite likelihood: -4009.6133265845606.
2024-03-16 14:25:40,175 - INFO - Optimal value of theta: 7581.427774206321.
2024-03-16 14:25:40,175 - INFO - Beginning optimization with guess, [2.68419629].
2024-03-16 14:26:01,363 - INFO - Finished optimization with guess, [2.68419629].
2024-03-16 14:26:01,364 - INFO - Best fit parameters: [2.68419629].
2024-03-16 14:26:02,102 - INFO - Maximum log composite likelihood: -4009.6133265845606.
2024-03-16 14:26:02,102 - INFO - Optimal value of theta: 7581.427774206321.
2024-03-16 14:26:02,103 - INFO - Beginning optimization with guess, [3.41096177].
2024-03-16 14:26:25,551 - INFO - Finished optimization with guess, [3.41096177].
2024-03-16 14:26:25,552 - INFO - Best fit parameters: [3.41096177].
2024-03-16 14:26:26,281 - INFO - Maximum log composite likelihood: -4009.6133265845606.
2024-03-16 14:26:26,281 - INFO - Optimal value of theta: 7581.427774206321.
2024-03-16 14:26:26,282 - INFO - Beginning optimization with guess, [4.89980562].
2024-03-16 14:26:49,469 - INFO - Finished optimization with guess, [4.89980562].
2024-03-16 14:26:49,470 - INFO - Best fit parameters: [4.89980562].
2024-03-16 14:26:50,215 - INFO - Maximum log composite likelihood: -4009.6133265845606.
2024-03-16 14:26:50,216 - INFO - Optimal value of theta: 7581.427774206321.
2024-03-16 14:26:50,216 - INFO - Beginning optimization with guess, [15.44347068].
2024-03-16 14:27:15,787 - INFO - Finished optimization with guess, [15.44347068].
2024-03-16 14:27:15,788 - INFO - Best fit parameters: [15.44347068].
2024-03-16 14:27:16,522 - INFO - Maximum log composite likelihood: -4009.6133265845606.
2024-03-16 14:27:16,523 - INFO - Optimal value of theta: 7581.427774206321.
2024-03-16 14:27:16,526 - INFO - Finished demographic inference.
2024-03-16 14:27:16,526 - INFO - Pipeline executed succesfully.
