2025-08-08 21:20:56,012 - INFO - Beginning execution of fit_demographic_model.py in directory /u/project/kirk-bigdata/jonmah/sample_size_demography/Scripts

2025-08-08 21:20:56,013 - INFO - Progress is being logged to ../Analysis/dadi_3EpB_800/log.log

2025-08-08 21:20:56,013 - INFO - Parsed the following arguments:
	syn_input_sfs = ../Simulations/dadi_simulations/ThreeEpochBottleneck_800.sfs
	mask_singletons = False
	mask_doubletons = False
	L_syn = 100000000.0
	outprefix = ../Analysis/dadi_3EpB_800/

2025-08-08 21:20:56,106 - INFO - Beginning demographic inference for two-epoch demographic model.
2025-08-08 21:20:56,108 - INFO - Beginning optimization with guess, [0.01, 0.1].
2025-08-08 21:21:38,734 - INFO - Finished optimization with guess, [0.01, 0.1].
2025-08-08 21:21:38,735 - INFO - Best fit parameters: [0.00510964 0.20981243].
2025-08-08 21:21:42,460 - INFO - Maximum log composite likelihood: -92444.6560167283.
2025-08-08 21:21:42,460 - INFO - Optimal value of theta: 7003972.842545461.
2025-08-08 21:21:42,460 - INFO - Beginning optimization with guess, [0.025, 0.1].
2025-08-08 21:23:04,639 - INFO - Finished optimization with guess, [0.025, 0.1].
2025-08-08 21:23:04,640 - INFO - Best fit parameters: [0.01301067 0.23626405].
2025-08-08 21:23:07,748 - INFO - Maximum log composite likelihood: -92444.67818237845.
2025-08-08 21:23:07,748 - INFO - Optimal value of theta: 2750646.684960873.
2025-08-08 21:23:07,748 - INFO - Beginning optimization with guess, [0.05, 0.1].
2025-08-08 21:24:25,673 - INFO - Finished optimization with guess, [0.05, 0.1].
2025-08-08 21:24:25,674 - INFO - Best fit parameters: [0.02488841 0.32970073].
2025-08-08 21:24:28,655 - INFO - Maximum log composite likelihood: -92446.1968789638.
2025-08-08 21:24:28,655 - INFO - Optimal value of theta: 1437886.403656952.
2025-08-08 21:24:28,655 - INFO - Beginning optimization with guess, [0.075, 0.1].
2025-08-08 21:25:46,263 - INFO - Finished optimization with guess, [0.075, 0.1].
2025-08-08 21:25:46,265 - INFO - Best fit parameters: [0.0362516 0.4778752].
2025-08-08 21:25:49,242 - INFO - Maximum log composite likelihood: -92445.77158126613.
2025-08-08 21:25:49,243 - INFO - Optimal value of theta: 987184.0115561385.
2025-08-08 21:25:49,243 - INFO - Beginning optimization with guess, [0.1, 0.1].
2025-08-08 21:46:05,807 - INFO - Finished optimization with guess, [0.1, 0.1].
2025-08-08 21:46:05,808 - INFO - Best fit parameters: [ 0.04034469 16.54088501].
2025-08-08 21:46:19,886 - INFO - Maximum log composite likelihood: -92444.65601626526.
2025-08-08 21:46:19,887 - INFO - Optimal value of theta: 887049.9692937805.
2025-08-08 21:46:19,888 - INFO - Beginning optimization with guess, [0.25, 0.1].
2025-08-08 21:47:32,891 - INFO - Finished optimization with guess, [0.25, 0.1].
2025-08-08 21:47:32,893 - INFO - Best fit parameters: [2.22551685e+01 2.05047302e-02].
2025-08-08 21:47:35,636 - INFO - Maximum log composite likelihood: -15014.068647717417.
2025-08-08 21:47:35,637 - INFO - Optimal value of theta: 19530.717064711265.
2025-08-08 21:47:35,637 - INFO - Beginning optimization with guess, [0.5, 0.1].
2025-08-08 21:48:47,258 - INFO - Finished optimization with guess, [0.5, 0.1].
2025-08-08 21:48:47,259 - INFO - Best fit parameters: [2.16359199e+01 2.06558853e-02].
2025-08-08 21:48:49,905 - INFO - Maximum log composite likelihood: -15007.63043570732.
2025-08-08 21:48:49,905 - INFO - Optimal value of theta: 19539.892545576044.
2025-08-08 21:48:49,905 - INFO - Beginning optimization with guess, [0.75, 0.1].
2025-08-08 21:50:11,754 - INFO - Finished optimization with guess, [0.75, 0.1].
2025-08-08 21:50:11,756 - INFO - Best fit parameters: [2.14960178e+01 2.07186057e-02].
2025-08-08 21:50:14,466 - INFO - Maximum log composite likelihood: -15007.346422606606.
2025-08-08 21:50:14,466 - INFO - Optimal value of theta: 19532.711326732628.
2025-08-08 21:50:14,466 - INFO - Beginning optimization with guess, [1, 0.1].
2025-08-08 21:52:26,499 - INFO - Finished optimization with guess, [1, 0.1].
2025-08-08 21:52:26,500 - INFO - Best fit parameters: [2.14924213e+01 2.07197566e-02].
2025-08-08 21:52:29,144 - INFO - Maximum log composite likelihood: -15007.346576431348.
2025-08-08 21:52:29,144 - INFO - Optimal value of theta: 19532.688190722318.
2025-08-08 21:52:29,144 - INFO - Beginning optimization with guess, [1.25, 0.1].
2025-08-08 21:53:42,983 - INFO - Finished optimization with guess, [1.25, 0.1].
2025-08-08 21:53:42,984 - INFO - Best fit parameters: [2.02420259e+01 1.55099669e-02].
2025-08-08 21:53:45,623 - INFO - Maximum log composite likelihood: -16007.67167401641.
2025-08-08 21:53:45,624 - INFO - Optimal value of theta: 21709.995968492014.
2025-08-08 21:53:45,624 - INFO - Beginning optimization with guess, [1.5, 0.1].
