2024-03-14 22:29:13,708 - INFO - Beginning execution of fit_demographic_model.py in directory /u/project/kirk/jonmah/sample_size_demography/Scripts

2024-03-14 22:29:13,709 - INFO - Progress is being logged to ../Analysis/ThreeEpochBottleneck_230/log.log

2024-03-14 22:29:13,709 - INFO - Parsed the following arguments:
	syn_input_sfs = ../Analysis/ThreeEpochExpansion_230/syn_downsampled_sfs.txt
	mask_singletons = False
	mask_doubletons = False
	outprefix = ../Analysis/ThreeEpochBottleneck_230/

2024-03-14 22:29:13,713 - INFO - Beginning demographic inference for one-epoch demographic model.
2024-03-14 22:29:13,715 - INFO - Beginning optimization with guess, [0.17792415].
2024-03-14 22:30:02,987 - INFO - Finished optimization with guess, [0.17792415].
2024-03-14 22:30:03,010 - INFO - Best fit parameters: [0.17792415].
2024-03-14 22:30:04,224 - INFO - Maximum log composite likelihood: -5839.896810444077.
2024-03-14 22:30:04,224 - INFO - Optimal value of theta: 16747.966494311207.
2024-03-14 22:30:04,224 - INFO - Beginning optimization with guess, [0.30283032].
2024-03-14 22:30:25,013 - INFO - Finished optimization with guess, [0.30283032].
2024-03-14 22:30:25,014 - INFO - Best fit parameters: [0.30283032].
2024-03-14 22:30:25,451 - INFO - Maximum log composite likelihood: -5839.896810444077.
2024-03-14 22:30:25,451 - INFO - Optimal value of theta: 16747.966494311207.
2024-03-14 22:30:25,452 - INFO - Beginning optimization with guess, [0.24943515].
2024-03-14 22:30:39,349 - INFO - Finished optimization with guess, [0.24943515].
2024-03-14 22:30:39,350 - INFO - Best fit parameters: [0.24943515].
2024-03-14 22:30:39,788 - INFO - Maximum log composite likelihood: -5839.896810444077.
2024-03-14 22:30:39,788 - INFO - Optimal value of theta: 16747.966494311207.
2024-03-14 22:30:39,788 - INFO - Beginning optimization with guess, [0.34708946].
2024-03-14 22:30:59,480 - INFO - Finished optimization with guess, [0.34708946].
2024-03-14 22:30:59,484 - INFO - Best fit parameters: [0.34708946].
2024-03-14 22:31:00,458 - INFO - Maximum log composite likelihood: -5839.896810444077.
2024-03-14 22:31:00,458 - INFO - Optimal value of theta: 16747.966494311207.
2024-03-14 22:31:00,458 - INFO - Beginning optimization with guess, [0.67931915].
2024-03-14 22:31:35,851 - INFO - Finished optimization with guess, [0.67931915].
2024-03-14 22:31:35,863 - INFO - Best fit parameters: [0.67931915].
2024-03-14 22:31:37,570 - INFO - Maximum log composite likelihood: -5839.896810444077.
2024-03-14 22:31:37,570 - INFO - Optimal value of theta: 16747.966494311207.
2024-03-14 22:31:37,570 - INFO - Beginning optimization with guess, [0.46158841].
2024-03-14 22:32:25,400 - INFO - Finished optimization with guess, [0.46158841].
2024-03-14 22:32:25,412 - INFO - Best fit parameters: [0.46158841].
2024-03-14 22:32:27,119 - INFO - Maximum log composite likelihood: -5839.896810444077.
2024-03-14 22:32:27,119 - INFO - Optimal value of theta: 16747.966494311207.
2024-03-14 22:32:27,119 - INFO - Beginning optimization with guess, [0.48560602].
2024-03-14 22:33:18,150 - INFO - Finished optimization with guess, [0.48560602].
2024-03-14 22:33:18,156 - INFO - Best fit parameters: [0.48560602].
2024-03-14 22:33:20,240 - INFO - Maximum log composite likelihood: -5839.896810444077.
2024-03-14 22:33:20,240 - INFO - Optimal value of theta: 16747.966494311207.
2024-03-14 22:33:20,240 - INFO - Beginning optimization with guess, [0.90322769].
2024-03-14 22:33:59,304 - INFO - Finished optimization with guess, [0.90322769].
2024-03-14 22:33:59,322 - INFO - Best fit parameters: [0.90322769].
2024-03-14 22:34:01,998 - INFO - Maximum log composite likelihood: -5839.896810444077.
2024-03-14 22:34:01,999 - INFO - Optimal value of theta: 16747.966494311207.
2024-03-14 22:34:01,999 - INFO - Beginning optimization with guess, [0.83657413].
2024-03-14 22:34:48,070 - INFO - Finished optimization with guess, [0.83657413].
2024-03-14 22:34:48,082 - INFO - Best fit parameters: [0.83657413].
2024-03-14 22:34:50,122 - INFO - Maximum log composite likelihood: -5839.896810444077.
2024-03-14 22:34:50,122 - INFO - Optimal value of theta: 16747.966494311207.
2024-03-14 22:34:50,123 - INFO - Beginning optimization with guess, [0.62055649].
2024-03-14 22:35:38,491 - INFO - Finished optimization with guess, [0.62055649].
2024-03-14 22:35:38,495 - INFO - Best fit parameters: [0.62055649].
2024-03-14 22:35:40,366 - INFO - Maximum log composite likelihood: -5839.896810444077.
2024-03-14 22:35:40,367 - INFO - Optimal value of theta: 16747.966494311207.
2024-03-14 22:35:40,367 - INFO - Beginning optimization with guess, [1.19006359].
2024-03-14 22:36:22,748 - INFO - Finished optimization with guess, [1.19006359].
2024-03-14 22:36:22,762 - INFO - Best fit parameters: [1.19006359].
2024-03-14 22:36:24,899 - INFO - Maximum log composite likelihood: -5839.896810444077.
2024-03-14 22:36:24,899 - INFO - Optimal value of theta: 16747.966494311207.
2024-03-14 22:36:24,950 - INFO - Beginning optimization with guess, [1.44348908].
2024-03-14 22:37:16,706 - INFO - Finished optimization with guess, [1.44348908].
2024-03-14 22:37:16,719 - INFO - Best fit parameters: [1.44348908].
2024-03-14 22:37:19,193 - INFO - Maximum log composite likelihood: -5839.896810444077.
2024-03-14 22:37:19,193 - INFO - Optimal value of theta: 16747.966494311207.
2024-03-14 22:37:19,193 - INFO - Beginning optimization with guess, [2.30157173].
2024-03-14 22:37:39,986 - INFO - Finished optimization with guess, [2.30157173].
2024-03-14 22:37:39,987 - INFO - Best fit parameters: [2.30157173].
2024-03-14 22:37:40,428 - INFO - Maximum log composite likelihood: -5839.896810444077.
2024-03-14 22:37:40,428 - INFO - Optimal value of theta: 16747.966494311207.
2024-03-14 22:37:40,428 - INFO - Beginning optimization with guess, [3.50887859].
2024-03-14 22:37:54,377 - INFO - Finished optimization with guess, [3.50887859].
2024-03-14 22:37:54,380 - INFO - Best fit parameters: [3.50887859].
2024-03-14 22:37:54,816 - INFO - Maximum log composite likelihood: -5839.896810444077.
2024-03-14 22:37:54,817 - INFO - Optimal value of theta: 16747.966494311207.
2024-03-14 22:37:54,817 - INFO - Beginning optimization with guess, [1.91818521].
2024-03-14 22:38:07,467 - INFO - Finished optimization with guess, [1.91818521].
2024-03-14 22:38:07,468 - INFO - Best fit parameters: [1.91818521].
2024-03-14 22:38:07,907 - INFO - Maximum log composite likelihood: -5839.896810444077.
2024-03-14 22:38:07,907 - INFO - Optimal value of theta: 16747.966494311207.
2024-03-14 22:38:07,907 - INFO - Beginning optimization with guess, [1.79882392].
2024-03-14 22:38:23,632 - INFO - Finished optimization with guess, [1.79882392].
2024-03-14 22:38:23,639 - INFO - Best fit parameters: [1.79882392].
2024-03-14 22:38:24,850 - INFO - Maximum log composite likelihood: -5839.896810444077.
2024-03-14 22:38:24,850 - INFO - Optimal value of theta: 16747.966494311207.
2024-03-14 22:38:24,850 - INFO - Beginning optimization with guess, [2.19046279].
2024-03-14 22:38:53,725 - INFO - Finished optimization with guess, [2.19046279].
2024-03-14 22:38:53,734 - INFO - Best fit parameters: [2.19046279].
2024-03-14 22:38:54,968 - INFO - Maximum log composite likelihood: -5839.896810444077.
2024-03-14 22:38:54,968 - INFO - Optimal value of theta: 16747.966494311207.
2024-03-14 22:38:54,968 - INFO - Beginning optimization with guess, [2.25906869].
2024-03-14 22:39:27,534 - INFO - Finished optimization with guess, [2.25906869].
2024-03-14 22:39:27,542 - INFO - Best fit parameters: [2.25906869].
2024-03-14 22:39:28,579 - INFO - Maximum log composite likelihood: -5839.896810444077.
2024-03-14 22:39:28,596 - INFO - Optimal value of theta: 16747.966494311207.
2024-03-14 22:39:28,596 - INFO - Beginning optimization with guess, [4.85058404].
2024-03-14 22:40:01,432 - INFO - Finished optimization with guess, [4.85058404].
2024-03-14 22:40:01,436 - INFO - Best fit parameters: [4.85058404].
2024-03-14 22:40:02,466 - INFO - Maximum log composite likelihood: -5839.896810444077.
2024-03-14 22:40:02,466 - INFO - Optimal value of theta: 16747.966494311207.
2024-03-14 22:40:02,466 - INFO - Beginning optimization with guess, [7.29793648].
2024-03-14 22:40:35,553 - INFO - Finished optimization with guess, [7.29793648].
2024-03-14 22:40:35,561 - INFO - Best fit parameters: [7.29793648].
2024-03-14 22:40:36,291 - INFO - Maximum log composite likelihood: -5839.896810444077.
2024-03-14 22:40:36,291 - INFO - Optimal value of theta: 16747.966494311207.
2024-03-14 22:40:36,291 - INFO - Beginning optimization with guess, [3.1400763].
2024-03-14 22:41:07,381 - INFO - Finished optimization with guess, [3.1400763].
2024-03-14 22:41:07,390 - INFO - Best fit parameters: [3.1400763].
2024-03-14 22:41:08,291 - INFO - Maximum log composite likelihood: -5839.896810444077.
2024-03-14 22:41:08,291 - INFO - Optimal value of theta: 16747.966494311207.
2024-03-14 22:41:08,291 - INFO - Beginning optimization with guess, [8.24231253].
2024-03-14 22:41:32,928 - INFO - Finished optimization with guess, [8.24231253].
2024-03-14 22:41:32,930 - INFO - Best fit parameters: [8.24231253].
2024-03-14 22:41:33,369 - INFO - Maximum log composite likelihood: -5839.896810444077.
2024-03-14 22:41:33,369 - INFO - Optimal value of theta: 16747.966494311207.
2024-03-14 22:41:33,369 - INFO - Beginning optimization with guess, [5.04575766].
2024-03-14 22:41:47,292 - INFO - Finished optimization with guess, [5.04575766].
2024-03-14 22:41:47,293 - INFO - Best fit parameters: [5.04575766].
2024-03-14 22:41:47,734 - INFO - Maximum log composite likelihood: -5839.896810444077.
2024-03-14 22:41:47,734 - INFO - Optimal value of theta: 16747.966494311207.
2024-03-14 22:41:47,734 - INFO - Beginning optimization with guess, [12.41096702].
2024-03-14 22:42:02,942 - INFO - Finished optimization with guess, [12.41096702].
2024-03-14 22:42:02,943 - INFO - Best fit parameters: [12.41096702].
2024-03-14 22:42:03,378 - INFO - Maximum log composite likelihood: -5839.896810444077.
2024-03-14 22:42:03,378 - INFO - Optimal value of theta: 16747.966494311207.
2024-03-14 22:42:03,378 - INFO - Beginning optimization with guess, [12.96990452].
2024-03-14 22:42:18,547 - INFO - Finished optimization with guess, [12.96990452].
2024-03-14 22:42:18,548 - INFO - Best fit parameters: [12.96990452].
2024-03-14 22:42:18,984 - INFO - Maximum log composite likelihood: -5839.896810444077.
2024-03-14 22:42:18,984 - INFO - Optimal value of theta: 16747.966494311207.
2024-03-14 22:42:18,987 - INFO - Finished demographic inference.
2024-03-14 22:42:18,987 - INFO - Pipeline executed succesfully.
