2025-08-06 10:15:37,104 - INFO - Beginning execution of fit_demographic_model.py in directory /u/project/kirk-bigdata/jonmah/sample_size_demography/Scripts

2025-08-06 10:15:37,105 - INFO - Progress is being logged to ../Analysis/msprime_3EpB_580/log.log

2025-08-06 10:15:37,105 - INFO - Parsed the following arguments:
	syn_input_sfs = ../Simulations/simple_simulations/ThreeEpochBottleneck_580_concat.sfs
	mask_singletons = False
	mask_doubletons = False
	L_syn = 100000000.0
	outprefix = ../Analysis/msprime_3EpB_580/

2025-08-06 10:15:37,119 - INFO - Beginning demographic inference for two-epoch demographic model.
2025-08-06 10:15:37,121 - INFO - Beginning optimization with guess, [0.01, 0.1].
2025-08-06 10:16:21,201 - INFO - Finished optimization with guess, [0.01, 0.1].
2025-08-06 10:16:21,203 - INFO - Best fit parameters: [0.00510962 0.20981186].
2025-08-06 10:16:24,532 - INFO - Maximum log composite likelihood: -94586.07096236164.
2025-08-06 10:16:24,533 - INFO - Optimal value of theta: 6720869.476176438.
2025-08-06 10:16:24,533 - INFO - Beginning optimization with guess, [0.025, 0.1].
2025-08-06 10:17:24,640 - INFO - Finished optimization with guess, [0.025, 0.1].
2025-08-06 10:17:24,641 - INFO - Best fit parameters: [0.01301402 0.23625211].
2025-08-06 10:17:26,979 - INFO - Maximum log composite likelihood: -94586.09067499665.
2025-08-06 10:17:26,979 - INFO - Optimal value of theta: 2638776.248323407.
2025-08-06 10:17:26,979 - INFO - Beginning optimization with guess, [0.05, 0.1].
2025-08-06 10:18:26,293 - INFO - Finished optimization with guess, [0.05, 0.1].
2025-08-06 10:18:26,295 - INFO - Best fit parameters: [0.02489594 0.32963002].
2025-08-06 10:18:28,389 - INFO - Maximum log composite likelihood: -94587.44298966264.
2025-08-06 10:18:28,389 - INFO - Optimal value of theta: 1379343.2962756774.
2025-08-06 10:18:28,389 - INFO - Beginning optimization with guess, [0.075, 0.1].
2025-08-06 10:19:22,920 - INFO - Finished optimization with guess, [0.075, 0.1].
2025-08-06 10:19:22,921 - INFO - Best fit parameters: [0.03619562 0.47880447].
2025-08-06 10:19:24,844 - INFO - Maximum log composite likelihood: -94587.01500813864.
2025-08-06 10:19:24,844 - INFO - Optimal value of theta: 948743.828548999.
2025-08-06 10:19:24,844 - INFO - Beginning optimization with guess, [0.1, 0.1].
2025-08-06 10:22:36,774 - INFO - Finished optimization with guess, [0.1, 0.1].
2025-08-06 10:22:36,776 - INFO - Best fit parameters: [ 0.04052983 19.88090537].
2025-08-06 10:22:48,890 - INFO - Maximum log composite likelihood: -94586.07096245764.
2025-08-06 10:22:48,891 - INFO - Optimal value of theta: 847304.2484125509.
2025-08-06 10:22:48,891 - INFO - Beginning optimization with guess, [0.25, 0.1].
2025-08-06 10:23:29,232 - INFO - Finished optimization with guess, [0.25, 0.1].
2025-08-06 10:23:29,233 - INFO - Best fit parameters: [3.87998056e+01 2.55140303e-02].
2025-08-06 10:23:30,712 - INFO - Maximum log composite likelihood: -16059.238223841132.
2025-08-06 10:23:30,712 - INFO - Optimal value of theta: 18161.868259242416.
2025-08-06 10:23:30,712 - INFO - Beginning optimization with guess, [0.5, 0.1].
2025-08-06 10:24:10,621 - INFO - Finished optimization with guess, [0.5, 0.1].
2025-08-06 10:24:10,624 - INFO - Best fit parameters: [3.61630477e+01 3.02165978e-02].
2025-08-06 10:24:12,100 - INFO - Maximum log composite likelihood: -16699.203984224903.
2025-08-06 10:24:12,100 - INFO - Optimal value of theta: 17012.851761031783.
2025-08-06 10:24:12,100 - INFO - Beginning optimization with guess, [0.75, 0.1].
2025-08-06 10:24:52,100 - INFO - Finished optimization with guess, [0.75, 0.1].
2025-08-06 10:24:52,101 - INFO - Best fit parameters: [3.81441829e+01 2.38365362e-02].
2025-08-06 10:24:53,674 - INFO - Maximum log composite likelihood: -15995.845922497656.
2025-08-06 10:24:53,675 - INFO - Optimal value of theta: 18691.859896029295.
2025-08-06 10:24:53,675 - INFO - Beginning optimization with guess, [1, 0.1].
2025-08-06 10:25:37,232 - INFO - Finished optimization with guess, [1, 0.1].
2025-08-06 10:25:37,234 - INFO - Best fit parameters: [3.82543992e+01 2.38090351e-02].
2025-08-06 10:25:38,816 - INFO - Maximum log composite likelihood: -15995.885665278507.
2025-08-06 10:25:38,816 - INFO - Optimal value of theta: 18696.79905712937.
2025-08-06 10:25:38,816 - INFO - Beginning optimization with guess, [1.25, 0.1].
2025-08-06 10:44:34,345 - INFO - Finished optimization with guess, [1.25, 0.1].
2025-08-06 10:44:34,368 - INFO - Best fit parameters: [4.14533469e+01 1.56345945e-02].
2025-08-06 10:44:36,433 - INFO - Maximum log composite likelihood: -18131.979857436905.
2025-08-06 10:44:36,433 - INFO - Optimal value of theta: 21739.569203138963.
2025-08-06 10:44:36,433 - INFO - Beginning optimization with guess, [1.5, 0.1].
2025-08-06 10:45:35,214 - INFO - Finished optimization with guess, [1.5, 0.1].
2025-08-06 10:45:35,215 - INFO - Best fit parameters: [3.81687547e+01 2.38293807e-02].
2025-08-06 10:45:37,295 - INFO - Maximum log composite likelihood: -15995.849609263669.
2025-08-06 10:45:37,295 - INFO - Optimal value of theta: 18693.279122167645.
2025-08-06 10:45:37,295 - INFO - Beginning optimization with guess, [1.75, 0.1].
2025-08-06 10:46:33,855 - INFO - Finished optimization with guess, [1.75, 0.1].
2025-08-06 10:46:33,857 - INFO - Best fit parameters: [3.81431711e+01 2.38366964e-02].
2025-08-06 10:46:35,708 - INFO - Maximum log composite likelihood: -15995.845925467744.
2025-08-06 10:46:35,708 - INFO - Optimal value of theta: 18691.843611396933.
2025-08-06 10:46:35,708 - INFO - Beginning optimization with guess, [2, 0.1].
2025-08-06 10:47:30,187 - INFO - Finished optimization with guess, [2, 0.1].
2025-08-06 10:47:30,188 - INFO - Best fit parameters: [3.81419563e+01 2.38364489e-02].
2025-08-06 10:47:32,260 - INFO - Maximum log composite likelihood: -15995.846173175265.
2025-08-06 10:47:32,261 - INFO - Optimal value of theta: 18691.961890452854.
2025-08-06 10:47:32,261 - INFO - Beginning optimization with guess, [2.25, 0.1].
2025-08-06 10:48:26,044 - INFO - Finished optimization with guess, [2.25, 0.1].
2025-08-06 10:48:26,045 - INFO - Best fit parameters: [3.81206165e+01 2.38397559e-02].
2025-08-06 10:48:27,990 - INFO - Maximum log composite likelihood: -15995.847444878538.
2025-08-06 10:48:27,991 - INFO - Optimal value of theta: 18691.641679133158.
2025-08-06 10:48:27,991 - INFO - Beginning optimization with guess, [2.5, 0.1].
2025-08-06 10:49:16,239 - INFO - Finished optimization with guess, [2.5, 0.1].
2025-08-06 10:49:16,242 - INFO - Best fit parameters: [3.81287863e+01 2.38386651e-02].
2025-08-06 10:49:18,010 - INFO - Maximum log composite likelihood: -15995.846625520908.
2025-08-06 10:49:18,010 - INFO - Optimal value of theta: 18691.70923693949.
2025-08-06 10:49:18,010 - INFO - Beginning optimization with guess, [2.75, 0.1].
2025-08-06 10:50:05,853 - INFO - Finished optimization with guess, [2.75, 0.1].
2025-08-06 10:50:05,854 - INFO - Best fit parameters: [3.81384854e+01 2.38360039e-02].
2025-08-06 10:50:07,630 - INFO - Maximum log composite likelihood: -15995.846789085754.
2025-08-06 10:50:07,630 - INFO - Optimal value of theta: 18692.21768482365.
2025-08-06 10:50:07,630 - INFO - Beginning optimization with guess, [3, 0.1].
2025-08-06 10:51:37,904 - INFO - Finished optimization with guess, [3, 0.1].
2025-08-06 10:51:37,905 - INFO - Best fit parameters: [3.81472076e+01 2.38371590e-02].
2025-08-06 10:51:39,673 - INFO - Maximum log composite likelihood: -15995.845361376145.
2025-08-06 10:51:39,673 - INFO - Optimal value of theta: 18691.563374647358.
2025-08-06 10:51:39,673 - INFO - Beginning optimization with guess, [3.25, 0.1].
2025-08-06 10:52:27,451 - INFO - Finished optimization with guess, [3.25, 0.1].
2025-08-06 10:52:27,453 - INFO - Best fit parameters: [3.81442611e+01 2.38364625e-02].
2025-08-06 10:52:29,225 - INFO - Maximum log composite likelihood: -15995.84595565312.
2025-08-06 10:52:29,226 - INFO - Optimal value of theta: 18691.880360878054.
2025-08-06 10:52:29,226 - INFO - Beginning optimization with guess, [3.5, 0.1].
2025-08-06 10:53:54,140 - INFO - Finished optimization with guess, [3.5, 0.1].
2025-08-06 10:53:54,142 - INFO - Best fit parameters: [3.81461868e+01 2.38362571e-02].
2025-08-06 10:53:55,910 - INFO - Maximum log composite likelihood: -15995.84590952966.
2025-08-06 10:53:55,910 - INFO - Optimal value of theta: 18691.880155762745.
2025-08-06 10:53:55,910 - INFO - Beginning optimization with guess, [3.75, 0.1].
2025-08-06 10:54:43,617 - INFO - Finished optimization with guess, [3.75, 0.1].
2025-08-06 10:54:43,620 - INFO - Best fit parameters: [3.81424073e+01 2.38366879e-02].
2025-08-06 10:54:45,388 - INFO - Maximum log composite likelihood: -15995.846000153539.
2025-08-06 10:54:45,389 - INFO - Optimal value of theta: 18691.8718819219.
2025-08-06 10:54:45,389 - INFO - Beginning optimization with guess, [4, 0.1].
2025-08-06 10:55:33,733 - INFO - Finished optimization with guess, [4, 0.1].
2025-08-06 10:55:33,735 - INFO - Best fit parameters: [3.8144414e+01 2.3836492e-02].
2025-08-06 10:55:35,506 - INFO - Maximum log composite likelihood: -15995.845926590104.
2025-08-06 10:55:35,506 - INFO - Optimal value of theta: 18691.865996780823.
2025-08-06 10:55:35,507 - INFO - Beginning optimization with guess, [4.25, 0.1].
2025-08-06 10:57:00,640 - INFO - Finished optimization with guess, [4.25, 0.1].
2025-08-06 10:57:00,641 - INFO - Best fit parameters: [3.81493677e+01 2.38367854e-02].
2025-08-06 10:57:02,163 - INFO - Maximum log composite likelihood: -15995.84540734155.
2025-08-06 10:57:02,164 - INFO - Optimal value of theta: 18691.60801144318.
2025-08-06 10:57:02,164 - INFO - Beginning optimization with guess, [4.5, 0.1].
2025-08-06 10:57:38,078 - INFO - Finished optimization with guess, [4.5, 0.1].
2025-08-06 10:57:38,080 - INFO - Best fit parameters: [3.81444108e+01 2.38364924e-02].
2025-08-06 10:57:39,741 - INFO - Maximum log composite likelihood: -15995.845926623635.
2025-08-06 10:57:39,741 - INFO - Optimal value of theta: 18691.86596478387.
2025-08-06 10:57:39,741 - INFO - Beginning optimization with guess, [4.75, 0.1].
2025-08-06 10:58:46,575 - INFO - Finished optimization with guess, [4.75, 0.1].
2025-08-06 10:58:46,576 - INFO - Best fit parameters: [3.81443607e+01 2.38365285e-02].
2025-08-06 10:58:48,087 - INFO - Maximum log composite likelihood: -15995.845911376673.
2025-08-06 10:58:48,088 - INFO - Optimal value of theta: 18691.856325506364.
2025-08-06 10:58:48,088 - INFO - Beginning optimization with guess, [5, 0.1].
2025-08-06 11:01:15,486 - INFO - Finished optimization with guess, [5, 0.1].
2025-08-06 11:01:15,488 - INFO - Best fit parameters: [3.81477660e+01 2.38363465e-02].
2025-08-06 11:01:17,167 - INFO - Maximum log composite likelihood: -15995.845743747897.
2025-08-06 11:01:17,167 - INFO - Optimal value of theta: 18691.799232330606.
2025-08-06 11:01:17,171 - INFO - Converting and interpreting Tau estimates.
2025-08-06 11:01:17,193 - INFO - Finished demographic inference.
2025-08-06 11:01:17,193 - INFO - Pipeline executed succesfully.
