2024-02-13 18:02:22,248 - INFO - Beginning execution of fit_demographic_model.py in directory /u/project/kirk/jonmah/sample_size_demography/Scripts

2024-02-13 18:02:22,248 - INFO - Progress is being logged to ../Analysis/TwoEpochContraction_250/log.log

2024-02-13 18:02:22,248 - INFO - Parsed the following arguments:
	syn_input_sfs = ../Analysis/TwoEpochContraction_250/syn_downsampled_sfs.txt
	mask_singletons = False
	mask_doubletons = False
	outprefix = ../Analysis/TwoEpochContraction_250/

2024-02-13 18:02:22,278 - INFO - Beginning demographic inference for one-epoch demographic model.
2024-02-13 18:02:22,279 - INFO - Beginning optimization with guess, [0.144532].
2024-02-13 18:02:43,605 - INFO - Finished optimization with guess, [0.144532].
2024-02-13 18:02:43,615 - INFO - Best fit parameters: [0.144532].
2024-02-13 18:02:44,278 - INFO - Maximum log composite likelihood: -345.2136720619699.
2024-02-13 18:02:44,278 - INFO - Optimal value of theta: 421.2039307406273.
2024-02-13 18:02:44,279 - INFO - Beginning optimization with guess, [0.11455809].
2024-02-13 18:03:07,916 - INFO - Finished optimization with guess, [0.11455809].
2024-02-13 18:03:07,917 - INFO - Best fit parameters: [0.11455809].
2024-02-13 18:03:08,572 - INFO - Maximum log composite likelihood: -345.2136720619699.
2024-02-13 18:03:08,572 - INFO - Optimal value of theta: 421.2039307406273.
2024-02-13 18:03:08,572 - INFO - Beginning optimization with guess, [0.29507588].
2024-02-13 18:03:30,238 - INFO - Finished optimization with guess, [0.29507588].
2024-02-13 18:03:30,239 - INFO - Best fit parameters: [0.29507588].
2024-02-13 18:03:30,896 - INFO - Maximum log composite likelihood: -345.2136720619699.
2024-02-13 18:03:30,896 - INFO - Optimal value of theta: 421.2039307406273.
2024-02-13 18:03:30,896 - INFO - Beginning optimization with guess, [0.41650055].
2024-02-13 18:03:50,597 - INFO - Finished optimization with guess, [0.41650055].
2024-02-13 18:03:50,603 - INFO - Best fit parameters: [0.41650055].
2024-02-13 18:03:51,277 - INFO - Maximum log composite likelihood: -345.2136720619699.
2024-02-13 18:03:51,277 - INFO - Optimal value of theta: 421.2039307406273.
2024-02-13 18:03:51,277 - INFO - Beginning optimization with guess, [0.6544785].
2024-02-13 18:04:09,637 - INFO - Finished optimization with guess, [0.6544785].
2024-02-13 18:04:09,654 - INFO - Best fit parameters: [0.6544785].
2024-02-13 18:04:10,336 - INFO - Maximum log composite likelihood: -345.2136720619699.
2024-02-13 18:04:10,336 - INFO - Optimal value of theta: 421.2039307406273.
2024-02-13 18:04:10,336 - INFO - Beginning optimization with guess, [0.41000155].
2024-02-13 18:04:30,320 - INFO - Finished optimization with guess, [0.41000155].
2024-02-13 18:04:30,324 - INFO - Best fit parameters: [0.41000155].
2024-02-13 18:04:31,154 - INFO - Maximum log composite likelihood: -345.2136720619699.
2024-02-13 18:04:31,154 - INFO - Optimal value of theta: 421.2039307406273.
2024-02-13 18:04:31,154 - INFO - Beginning optimization with guess, [0.85839882].
2024-02-13 18:04:47,911 - INFO - Finished optimization with guess, [0.85839882].
2024-02-13 18:04:47,915 - INFO - Best fit parameters: [0.85839882].
2024-02-13 18:04:48,636 - INFO - Maximum log composite likelihood: -345.2136720619699.
2024-02-13 18:04:48,636 - INFO - Optimal value of theta: 421.2039307406273.
2024-02-13 18:04:48,637 - INFO - Beginning optimization with guess, [0.40647302].
2024-02-13 18:05:08,511 - INFO - Finished optimization with guess, [0.40647302].
2024-02-13 18:05:08,512 - INFO - Best fit parameters: [0.40647302].
2024-02-13 18:05:09,172 - INFO - Maximum log composite likelihood: -345.2136720619699.
2024-02-13 18:05:09,172 - INFO - Optimal value of theta: 421.2039307406273.
2024-02-13 18:05:09,172 - INFO - Beginning optimization with guess, [0.69317064].
2024-02-13 18:05:27,216 - INFO - Finished optimization with guess, [0.69317064].
2024-02-13 18:05:27,218 - INFO - Best fit parameters: [0.69317064].
2024-02-13 18:05:27,970 - INFO - Maximum log composite likelihood: -345.2136720619699.
2024-02-13 18:05:27,970 - INFO - Optimal value of theta: 421.2039307406273.
2024-02-13 18:05:27,970 - INFO - Beginning optimization with guess, [1.93418602].
2024-02-13 18:05:48,484 - INFO - Finished optimization with guess, [1.93418602].
2024-02-13 18:05:48,485 - INFO - Best fit parameters: [1.93418602].
2024-02-13 18:05:49,152 - INFO - Maximum log composite likelihood: -345.2136720619699.
2024-02-13 18:05:49,152 - INFO - Optimal value of theta: 421.2039307406273.
2024-02-13 18:05:49,153 - INFO - Beginning optimization with guess, [1.20449071].
2024-02-13 18:06:05,047 - INFO - Finished optimization with guess, [1.20449071].
2024-02-13 18:06:05,059 - INFO - Best fit parameters: [1.20449071].
2024-02-13 18:06:05,855 - INFO - Maximum log composite likelihood: -345.2136720619699.
2024-02-13 18:06:05,855 - INFO - Optimal value of theta: 421.2039307406273.
2024-02-13 18:06:05,856 - INFO - Beginning optimization with guess, [1.46609344].
2024-02-13 18:06:24,734 - INFO - Finished optimization with guess, [1.46609344].
2024-02-13 18:06:24,736 - INFO - Best fit parameters: [1.46609344].
2024-02-13 18:06:25,564 - INFO - Maximum log composite likelihood: -345.2136720619699.
2024-02-13 18:06:25,565 - INFO - Optimal value of theta: 421.2039307406273.
2024-02-13 18:06:25,565 - INFO - Beginning optimization with guess, [1.30008309].
2024-02-13 18:06:43,593 - INFO - Finished optimization with guess, [1.30008309].
2024-02-13 18:06:43,594 - INFO - Best fit parameters: [1.30008309].
2024-02-13 18:06:44,263 - INFO - Maximum log composite likelihood: -345.2136720619699.
2024-02-13 18:06:44,264 - INFO - Optimal value of theta: 421.2039307406273.
2024-02-13 18:06:44,264 - INFO - Beginning optimization with guess, [1.0983521].
2024-02-13 18:06:57,661 - INFO - Finished optimization with guess, [1.0983521].
2024-02-13 18:06:57,663 - INFO - Best fit parameters: [1.0983521].
2024-02-13 18:06:58,446 - INFO - Maximum log composite likelihood: -345.2136720619699.
2024-02-13 18:06:58,446 - INFO - Optimal value of theta: 421.2039307406273.
2024-02-13 18:06:58,446 - INFO - Beginning optimization with guess, [2.38783525].
2024-02-13 18:07:17,563 - INFO - Finished optimization with guess, [2.38783525].
2024-02-13 18:07:17,564 - INFO - Best fit parameters: [2.38783525].
2024-02-13 18:07:18,210 - INFO - Maximum log composite likelihood: -345.2136720619699.
2024-02-13 18:07:18,210 - INFO - Optimal value of theta: 421.2039307406273.
2024-02-13 18:07:18,211 - INFO - Beginning optimization with guess, [1.28038972].
2024-02-13 18:07:33,178 - INFO - Finished optimization with guess, [1.28038972].
2024-02-13 18:07:33,182 - INFO - Best fit parameters: [1.28038972].
2024-02-13 18:07:33,830 - INFO - Maximum log composite likelihood: -345.2136720619699.
2024-02-13 18:07:33,830 - INFO - Optimal value of theta: 421.2039307406273.
2024-02-13 18:07:33,830 - INFO - Beginning optimization with guess, [3.66204261].
2024-02-13 18:07:55,185 - INFO - Finished optimization with guess, [3.66204261].
2024-02-13 18:07:55,186 - INFO - Best fit parameters: [3.66204261].
2024-02-13 18:07:55,830 - INFO - Maximum log composite likelihood: -345.2136720619699.
2024-02-13 18:07:55,830 - INFO - Optimal value of theta: 421.2039307406273.
2024-02-13 18:07:55,830 - INFO - Beginning optimization with guess, [4.31285941].
2024-02-13 18:08:17,034 - INFO - Finished optimization with guess, [4.31285941].
2024-02-13 18:08:17,038 - INFO - Best fit parameters: [4.31285941].
2024-02-13 18:08:17,783 - INFO - Maximum log composite likelihood: -345.2136720619699.
2024-02-13 18:08:17,783 - INFO - Optimal value of theta: 421.2039307406273.
2024-02-13 18:08:17,783 - INFO - Beginning optimization with guess, [5.48437282].
2024-02-13 18:08:38,988 - INFO - Finished optimization with guess, [5.48437282].
2024-02-13 18:08:38,996 - INFO - Best fit parameters: [5.48437282].
2024-02-13 18:08:39,694 - INFO - Maximum log composite likelihood: -345.2136720619699.
2024-02-13 18:08:39,694 - INFO - Optimal value of theta: 421.2039307406273.
2024-02-13 18:08:39,695 - INFO - Beginning optimization with guess, [1.98059505].
2024-02-13 18:08:58,520 - INFO - Finished optimization with guess, [1.98059505].
2024-02-13 18:08:58,525 - INFO - Best fit parameters: [1.98059505].
2024-02-13 18:08:59,179 - INFO - Maximum log composite likelihood: -345.2136720619699.
2024-02-13 18:08:59,179 - INFO - Optimal value of theta: 421.2039307406273.
2024-02-13 18:08:59,179 - INFO - Beginning optimization with guess, [6.26119305].
2024-02-13 18:09:19,815 - INFO - Finished optimization with guess, [6.26119305].
2024-02-13 18:09:19,816 - INFO - Best fit parameters: [6.26119305].
2024-02-13 18:09:20,467 - INFO - Maximum log composite likelihood: -345.2136720619699.
2024-02-13 18:09:20,468 - INFO - Optimal value of theta: 421.2039307406273.
2024-02-13 18:09:20,468 - INFO - Beginning optimization with guess, [4.19049957].
2024-02-13 18:09:41,325 - INFO - Finished optimization with guess, [4.19049957].
2024-02-13 18:09:41,326 - INFO - Best fit parameters: [4.19049957].
2024-02-13 18:09:41,971 - INFO - Maximum log composite likelihood: -345.2136720619699.
2024-02-13 18:09:41,971 - INFO - Optimal value of theta: 421.2039307406273.
2024-02-13 18:09:41,972 - INFO - Beginning optimization with guess, [5.20687387].
2024-02-13 18:10:03,928 - INFO - Finished optimization with guess, [5.20687387].
2024-02-13 18:10:03,929 - INFO - Best fit parameters: [5.20687387].
2024-02-13 18:10:04,579 - INFO - Maximum log composite likelihood: -345.2136720619699.
2024-02-13 18:10:04,579 - INFO - Optimal value of theta: 421.2039307406273.
2024-02-13 18:10:04,579 - INFO - Beginning optimization with guess, [11.54774946].
2024-02-13 18:10:28,003 - INFO - Finished optimization with guess, [11.54774946].
2024-02-13 18:10:28,010 - INFO - Best fit parameters: [11.54774946].
2024-02-13 18:10:28,713 - INFO - Maximum log composite likelihood: -345.2136720619699.
2024-02-13 18:10:28,713 - INFO - Optimal value of theta: 421.2039307406273.
2024-02-13 18:10:28,714 - INFO - Beginning optimization with guess, [14.21725328].
2024-02-13 18:10:51,969 - INFO - Finished optimization with guess, [14.21725328].
2024-02-13 18:10:51,970 - INFO - Best fit parameters: [14.21725328].
2024-02-13 18:10:52,614 - INFO - Maximum log composite likelihood: -345.2136720619699.
2024-02-13 18:10:52,614 - INFO - Optimal value of theta: 421.2039307406273.
2024-02-13 18:10:52,617 - INFO - Beginning demographic inference for two-epoch demographic model.
2024-02-13 18:10:52,620 - INFO - Beginning optimization with guess, [0.10083406 0.01231317].
2024-02-13 18:11:24,760 - INFO - Finished optimization with guess, [0.10083406 0.01231317].
2024-02-13 18:11:24,761 - INFO - Best fit parameters: [1.99175052 0.16959417].
2024-02-13 18:11:25,410 - INFO - Maximum log composite likelihood: -263.90738344180545.
2024-02-13 18:11:25,410 - INFO - Optimal value of theta: 301.2119663554784.
2024-02-13 18:11:25,410 - INFO - Beginning optimization with guess, [0.17662129 0.00764139].
2024-02-13 18:11:57,039 - INFO - Finished optimization with guess, [0.17662129 0.00764139].
2024-02-13 18:11:57,040 - INFO - Best fit parameters: [2.01828158 0.17083481].
2024-02-13 18:11:57,691 - INFO - Maximum log composite likelihood: -263.98362013140263.
2024-02-13 18:11:57,691 - INFO - Optimal value of theta: 299.13511968168234.
2024-02-13 18:11:57,691 - INFO - Beginning optimization with guess, [0.58990555 0.00526869].
2024-02-13 18:12:30,024 - INFO - Finished optimization with guess, [0.58990555 0.00526869].
2024-02-13 18:12:30,026 - INFO - Best fit parameters: [1.99743198 0.13736019].
2024-02-13 18:12:30,697 - INFO - Maximum log composite likelihood: -264.83579734594383.
2024-02-13 18:12:30,697 - INFO - Optimal value of theta: 307.90744562630516.
2024-02-13 18:12:30,697 - INFO - Beginning optimization with guess, [0.44146087 0.01418982].
2024-02-13 18:13:03,498 - INFO - Finished optimization with guess, [0.44146087 0.01418982].
2024-02-13 18:13:03,500 - INFO - Best fit parameters: [1.98773144 0.17125459].
2024-02-13 18:13:04,170 - INFO - Maximum log composite likelihood: -263.8831907057528.
2024-02-13 18:13:04,170 - INFO - Optimal value of theta: 301.17057525730286.
2024-02-13 18:13:04,170 - INFO - Beginning optimization with guess, [0.78233476 0.00573431].
2024-02-13 18:13:37,332 - INFO - Finished optimization with guess, [0.78233476 0.00573431].
2024-02-13 18:13:37,333 - INFO - Best fit parameters: [1.88461274 0.11472857].
2024-02-13 18:13:37,979 - INFO - Maximum log composite likelihood: -266.28347550725823.
2024-02-13 18:13:37,980 - INFO - Optimal value of theta: 321.5092592929321.
2024-02-13 18:13:37,980 - INFO - Beginning optimization with guess, [1.05204025 0.00628316].
2024-02-13 18:14:07,872 - INFO - Finished optimization with guess, [1.05204025 0.00628316].
2024-02-13 18:14:07,874 - INFO - Best fit parameters: [1.93725663 0.15366428].
2024-02-13 18:14:08,544 - INFO - Maximum log composite likelihood: -264.17089642226324.
2024-02-13 18:14:08,544 - INFO - Optimal value of theta: 308.3022567973313.
2024-02-13 18:14:08,544 - INFO - Beginning optimization with guess, [0.54108344 0.0089249 ].
2024-02-13 18:14:40,120 - INFO - Finished optimization with guess, [0.54108344 0.0089249 ].
2024-02-13 18:14:40,129 - INFO - Best fit parameters: [2.05178695 0.18078957].
2024-02-13 18:14:40,795 - INFO - Maximum log composite likelihood: -264.09812511695776.
2024-02-13 18:14:40,795 - INFO - Optimal value of theta: 294.95332204399153.
2024-02-13 18:14:40,795 - INFO - Beginning optimization with guess, [1.53105242 0.00529051].
2024-02-13 18:15:13,687 - INFO - Finished optimization with guess, [1.53105242 0.00529051].
2024-02-13 18:15:13,688 - INFO - Best fit parameters: [1.97596038 0.18025262].
2024-02-13 18:15:14,335 - INFO - Maximum log composite likelihood: -263.8321766286127.
2024-02-13 18:15:14,335 - INFO - Optimal value of theta: 300.33180705132077.
2024-02-13 18:15:14,335 - INFO - Beginning optimization with guess, [0.88214671 0.01599641].
2024-02-13 18:15:47,074 - INFO - Finished optimization with guess, [0.88214671 0.01599641].
2024-02-13 18:15:47,081 - INFO - Best fit parameters: [2.10428265 0.21764475].
2024-02-13 18:15:47,815 - INFO - Maximum log composite likelihood: -264.7444154451548.
2024-02-13 18:15:47,815 - INFO - Optimal value of theta: 285.1567694502086.
2024-02-13 18:15:47,815 - INFO - Beginning optimization with guess, [1.1948032  0.01502728].
2024-02-13 18:16:18,718 - INFO - Finished optimization with guess, [1.1948032  0.01502728].
2024-02-13 18:16:18,719 - INFO - Best fit parameters: [1.98629597 0.17583874].
2024-02-13 18:16:19,642 - INFO - Maximum log composite likelihood: -263.8511107596179.
2024-02-13 18:16:19,643 - INFO - Optimal value of theta: 300.40662763793426.
2024-02-13 18:16:19,643 - INFO - Beginning optimization with guess, [1.03541118 0.01165884].
2024-02-13 18:16:52,583 - INFO - Finished optimization with guess, [1.03541118 0.01165884].
2024-02-13 18:16:52,585 - INFO - Best fit parameters: [1.98206569 0.1566546 ].
2024-02-13 18:16:53,245 - INFO - Maximum log composite likelihood: -264.1015882554887.
2024-02-13 18:16:53,245 - INFO - Optimal value of theta: 304.51928588279793.
2024-02-13 18:16:53,245 - INFO - Beginning optimization with guess, [1.00580255 0.00824586].
2024-02-13 18:17:25,399 - INFO - Finished optimization with guess, [1.00580255 0.00824586].
2024-02-13 18:17:25,405 - INFO - Best fit parameters: [1.59668408 0.0599969 ].
2024-02-13 18:17:26,261 - INFO - Maximum log composite likelihood: -280.5187378625745.
2024-02-13 18:17:26,261 - INFO - Optimal value of theta: 360.79639873203786.
2024-02-13 18:17:26,262 - INFO - Beginning optimization with guess, [2.70633717 0.01418318].
2024-02-13 18:18:01,269 - INFO - Finished optimization with guess, [2.70633717 0.01418318].
2024-02-13 18:18:01,271 - INFO - Best fit parameters: [1.97772744 0.18122105].
2024-02-13 18:18:02,004 - INFO - Maximum log composite likelihood: -263.83261097929443.
2024-02-13 18:18:02,004 - INFO - Optimal value of theta: 300.03243317171746.
2024-02-13 18:18:02,004 - INFO - Beginning optimization with guess, [1.77089316 0.00566922].
2024-02-13 18:18:36,599 - INFO - Finished optimization with guess, [1.77089316 0.00566922].
2024-02-13 18:18:36,614 - INFO - Best fit parameters: [1.97508549 0.1794542 ].
2024-02-13 18:18:37,294 - INFO - Maximum log composite likelihood: -263.83250120279286.
2024-02-13 18:18:37,294 - INFO - Optimal value of theta: 300.53784946182043.
2024-02-13 18:18:37,294 - INFO - Beginning optimization with guess, [3.47752007 0.01294415].
2024-02-13 18:19:06,714 - INFO - Finished optimization with guess, [3.47752007 0.01294415].
2024-02-13 18:19:06,716 - INFO - Best fit parameters: [1.98061106 0.18476604].
2024-02-13 18:19:07,440 - INFO - Maximum log composite likelihood: -263.83695823659264.
2024-02-13 18:19:07,440 - INFO - Optimal value of theta: 299.1906321212819.
2024-02-13 18:19:07,441 - INFO - Beginning optimization with guess, [1.26972903 0.01271438].
2024-02-13 18:19:40,782 - INFO - Finished optimization with guess, [1.26972903 0.01271438].
2024-02-13 18:19:40,785 - INFO - Best fit parameters: [1.99277813 0.18537   ].
2024-02-13 18:19:41,486 - INFO - Maximum log composite likelihood: -263.84817585155525.
2024-02-13 18:19:41,486 - INFO - Optimal value of theta: 298.2134609226088.
2024-02-13 18:19:41,487 - INFO - Beginning optimization with guess, [4.35685305 0.00993495].
2024-02-13 18:20:13,932 - INFO - Finished optimization with guess, [4.35685305 0.00993495].
2024-02-13 18:20:13,933 - INFO - Best fit parameters: [1.97416542 0.18221182].
2024-02-13 18:20:14,618 - INFO - Maximum log composite likelihood: -263.8333383030381.
2024-02-13 18:20:14,618 - INFO - Optimal value of theta: 300.11167251635123.
2024-02-13 18:20:14,618 - INFO - Beginning optimization with guess, [5.23703641 0.0117201 ].
2024-02-13 18:20:46,942 - INFO - Finished optimization with guess, [5.23703641 0.0117201 ].
2024-02-13 18:20:46,943 - INFO - Best fit parameters: [1.96985225 0.18456003].
2024-02-13 18:20:47,601 - INFO - Maximum log composite likelihood: -263.8391349618403.
2024-02-13 18:20:47,601 - INFO - Optimal value of theta: 300.0036801002241.
2024-02-13 18:20:47,601 - INFO - Beginning optimization with guess, [1.75240835 0.00702268].
2024-02-13 18:21:19,697 - INFO - Finished optimization with guess, [1.75240835 0.00702268].
2024-02-13 18:21:19,704 - INFO - Best fit parameters: [1.98013819 0.18226913].
2024-02-13 18:21:20,531 - INFO - Maximum log composite likelihood: -263.83407238166444.
2024-02-13 18:21:20,532 - INFO - Optimal value of theta: 299.6734426898904.
2024-02-13 18:21:20,532 - INFO - Beginning optimization with guess, [3.22946833 0.01286575].
2024-02-13 18:21:53,730 - INFO - Finished optimization with guess, [3.22946833 0.01286575].
2024-02-13 18:21:53,731 - INFO - Best fit parameters: [1.9811537  0.18152969].
2024-02-13 18:21:54,430 - INFO - Maximum log composite likelihood: -263.8337206186634.
2024-02-13 18:21:54,430 - INFO - Optimal value of theta: 299.73121010634594.
2024-02-13 18:21:54,430 - INFO - Beginning optimization with guess, [2.6445083  0.00987407].
2024-02-13 18:22:29,444 - INFO - Finished optimization with guess, [2.6445083  0.00987407].
2024-02-13 18:22:29,446 - INFO - Best fit parameters: [1.97601267 0.17937019].
2024-02-13 18:22:30,186 - INFO - Maximum log composite likelihood: -263.83260214546533.
2024-02-13 18:22:30,186 - INFO - Optimal value of theta: 300.4862973923626.
2024-02-13 18:22:30,187 - INFO - Beginning optimization with guess, [2.94050151 0.0194077 ].
2024-02-13 18:23:00,868 - INFO - Finished optimization with guess, [2.94050151 0.0194077 ].
2024-02-13 18:23:00,870 - INFO - Best fit parameters: [1.97527101 0.17847779].
2024-02-13 18:23:01,803 - INFO - Maximum log composite likelihood: -263.8337334845972.
2024-02-13 18:23:01,804 - INFO - Optimal value of theta: 300.70114796051513.
2024-02-13 18:23:01,804 - INFO - Beginning optimization with guess, [6.08558196 0.01166667].
2024-02-13 18:23:31,072 - INFO - Finished optimization with guess, [6.08558196 0.01166667].
2024-02-13 18:23:31,073 - INFO - Best fit parameters: [1.98786158 0.1951535 ].
2024-02-13 18:23:31,781 - INFO - Maximum log composite likelihood: -263.9005459968058.
2024-02-13 18:23:31,781 - INFO - Optimal value of theta: 296.8907089459044.
2024-02-13 18:23:31,781 - INFO - Beginning optimization with guess, [8.16040877e+00 6.96819903e-03].
2024-02-13 18:24:01,317 - INFO - Finished optimization with guess, [8.16040877e+00 6.96819903e-03].
2024-02-13 18:24:01,318 - INFO - Best fit parameters: [1.98435618 0.20579865].
2024-02-13 18:24:02,026 - INFO - Maximum log composite likelihood: -264.03334166263227.
2024-02-13 18:24:02,026 - INFO - Optimal value of theta: 295.4370650578939.
2024-02-13 18:24:02,026 - INFO - Beginning optimization with guess, [1.57675881e+01 1.38161690e-02].
2024-02-13 18:24:33,957 - INFO - Finished optimization with guess, [1.57675881e+01 1.38161690e-02].
2024-02-13 18:24:33,963 - INFO - Best fit parameters: [2.0045396 0.2208263].
2024-02-13 18:24:34,689 - INFO - Maximum log composite likelihood: -264.31141134908273.
2024-02-13 18:24:34,689 - INFO - Optimal value of theta: 291.6897423530571.
2024-02-13 18:24:34,696 - INFO - Beginning demographic inference for three-epoch demographic model.
2024-02-13 18:24:34,701 - INFO - Beginning optimization with guess, [0.00623487 0.00869941 0.00609261 0.00877306].
2024-02-13 18:25:32,739 - INFO - Finished optimization with guess, [0.00623487 0.00869941 0.00609261 0.00877306].
2024-02-13 18:25:32,746 - INFO - Best fit parameters: [0.00141088 0.01076275 0.02966281 0.01041234].
2024-02-13 18:25:34,000 - INFO - Maximum log composite likelihood: -289.80459036104645.
2024-02-13 18:25:34,000 - INFO - Optimal value of theta: 46702.342108116296.
2024-02-13 18:25:34,001 - INFO - Beginning optimization with guess, [0.02989865 0.01532021 0.00539521 0.00533507].
2024-02-13 18:26:03,875 - INFO - Finished optimization with guess, [0.02989865 0.01532021 0.00539521 0.00533507].
2024-02-13 18:26:03,877 - INFO - Best fit parameters: [7.90155623e-02 1.49202238e+05 5.61741890e-08 8.96318715e-07].
2024-02-13 18:26:04,601 - INFO - Maximum log composite likelihood: -345.2097717287682.
2024-02-13 18:26:04,601 - INFO - Optimal value of theta: 421.2021165948461.
2024-02-13 18:26:04,601 - INFO - Beginning optimization with guess, [0.02367175 0.049392   0.00951002 0.01974219].
2024-02-13 18:26:41,168 - INFO - Finished optimization with guess, [0.02367175 0.049392   0.00951002 0.01974219].
2024-02-13 18:26:41,169 - INFO - Best fit parameters: [0.00928222 0.07700298 0.03281407 0.0132093 ].
2024-02-13 18:26:41,908 - INFO - Maximum log composite likelihood: -260.97202477505533.
2024-02-13 18:26:41,908 - INFO - Optimal value of theta: 7521.705539025162.
2024-02-13 18:26:41,908 - INFO - Beginning optimization with guess, [0.05077528 0.02789597 0.0112486  0.00516193].
2024-02-13 18:27:11,415 - INFO - Finished optimization with guess, [0.05077528 0.02789597 0.0112486  0.00516193].
2024-02-13 18:27:11,416 - INFO - Best fit parameters: [5.88023439e-02 2.37218025e+02 1.63213887e-06 6.32129133e-05].
2024-02-13 18:27:12,115 - INFO - Maximum log composite likelihood: -344.5045011570021.
2024-02-13 18:27:12,115 - INFO - Optimal value of theta: 420.87184043758344.
2024-02-13 18:27:12,115 - INFO - Beginning optimization with guess, [0.09628463 0.03315081 0.00961284 0.00708258].
2024-02-13 18:27:41,298 - INFO - Finished optimization with guess, [0.09628463 0.03315081 0.00961284 0.00708258].
2024-02-13 18:27:41,320 - INFO - Best fit parameters: [1.36463939e-01 2.13283349e+26 6.50712082e-23 3.71196484e-26].
2024-02-13 18:27:42,047 - INFO - Maximum log composite likelihood: -345.2136720619687.
2024-02-13 18:27:42,047 - INFO - Optimal value of theta: 421.20393074062775.
2024-02-13 18:27:42,047 - INFO - Beginning optimization with guess, [0.35894246 0.54966252 0.00670186 0.00606973].
2024-02-13 18:28:11,417 - INFO - Finished optimization with guess, [0.35894246 0.54966252 0.00670186 0.00606973].
2024-02-13 18:28:11,424 - INFO - Best fit parameters: [7.08951834e-01 1.79152939e+00 3.85641845e-07 2.85831700e-03].
2024-02-13 18:28:12,223 - INFO - Maximum log composite likelihood: -329.07933325431674.
2024-02-13 18:28:12,223 - INFO - Optimal value of theta: 412.10448069560994.
2024-02-13 18:28:12,223 - INFO - Beginning optimization with guess, [0.44567682 0.89478843 0.0074501  0.0133896 ].
2024-02-13 18:28:43,288 - INFO - Finished optimization with guess, [0.44567682 0.89478843 0.0074501  0.0133896 ].
2024-02-13 18:28:43,293 - INFO - Best fit parameters: [4.84848605e+00 1.17240285e+00 1.21530470e-12 1.10813957e+00].
2024-02-13 18:28:44,044 - INFO - Maximum log composite likelihood: -330.2870885237335.
2024-02-13 18:28:44,044 - INFO - Optimal value of theta: 369.63252267750056.
2024-02-13 18:28:44,045 - INFO - Beginning optimization with guess, [0.55805425 0.85709115 0.01111541 0.00557735].
2024-02-13 18:29:12,675 - INFO - Finished optimization with guess, [0.55805425 0.85709115 0.01111541 0.00557735].
2024-02-13 18:29:12,683 - INFO - Best fit parameters: [1.19702624e+00 9.91796157e-01 4.62408228e-05 1.87387234e-04].
2024-02-13 18:29:13,438 - INFO - Maximum log composite likelihood: -345.10531462406846.
2024-02-13 18:29:13,439 - INFO - Optimal value of theta: 421.1531011009155.
2024-02-13 18:29:13,439 - INFO - Beginning optimization with guess, [1.49692483 1.51782884 0.010933   0.01103866].
2024-02-13 18:29:45,823 - INFO - Finished optimization with guess, [1.49692483 1.51782884 0.010933   0.01103866].
2024-02-13 18:29:45,835 - INFO - Best fit parameters: [1.73149082 1.92138319 0.01615355 0.15523362].
2024-02-13 18:29:46,553 - INFO - Maximum log composite likelihood: -264.0004264127519.
2024-02-13 18:29:46,553 - INFO - Optimal value of theta: 306.32509705149977.
2024-02-13 18:29:46,554 - INFO - Beginning optimization with guess, [1.68700063 1.09905697 0.00625475 0.01773171].
2024-02-13 18:30:19,781 - INFO - Finished optimization with guess, [1.68700063 1.09905697 0.00625475 0.01773171].
2024-02-13 18:30:19,782 - INFO - Best fit parameters: [1.94905356 1.09446141 0.15081342 0.0047644 ].
2024-02-13 18:30:20,506 - INFO - Maximum log composite likelihood: -268.0199226800681.
2024-02-13 18:30:20,506 - INFO - Optimal value of theta: 319.0493352029447.
2024-02-13 18:30:20,506 - INFO - Beginning optimization with guess, [0.67375011 1.41763223 0.01043067 0.01937514].
2024-02-13 18:30:52,516 - INFO - Finished optimization with guess, [0.67375011 1.41763223 0.01043067 0.01937514].
2024-02-13 18:30:52,518 - INFO - Best fit parameters: [0.7999889  2.06620438 0.00216654 0.18170197].
2024-02-13 18:30:53,175 - INFO - Maximum log composite likelihood: -264.20620859692906.
2024-02-13 18:30:53,175 - INFO - Optimal value of theta: 294.00846702022216.
2024-02-13 18:30:53,176 - INFO - Beginning optimization with guess, [1.85656555 2.85186692 0.01001624 0.0155147 ].
2024-02-13 18:31:24,913 - INFO - Finished optimization with guess, [1.85656555 2.85186692 0.01001624 0.0155147 ].
2024-02-13 18:31:24,918 - INFO - Best fit parameters: [2.16751208 2.0318347  0.13995979 0.00706885].
2024-02-13 18:31:25,591 - INFO - Maximum log composite likelihood: -265.7166284088319.
2024-02-13 18:31:25,592 - INFO - Optimal value of theta: 296.28023953737096.
2024-02-13 18:31:25,592 - INFO - Beginning optimization with guess, [2.10014634 2.80999375 0.00526787 0.01504353].
2024-02-13 18:31:59,596 - INFO - Finished optimization with guess, [2.10014634 2.80999375 0.00526787 0.01504353].
2024-02-13 18:31:59,598 - INFO - Best fit parameters: [2.91683099e+00 1.97647126e+00 1.47366654e-03 1.86559139e-01].
2024-02-13 18:32:00,372 - INFO - Maximum log composite likelihood: -263.85073315097344.
2024-02-13 18:32:00,373 - INFO - Optimal value of theta: 298.82993606794014.
2024-02-13 18:32:00,373 - INFO - Beginning optimization with guess, [3.16922346 1.43730087 0.01108067 0.01935476].
2024-02-13 18:32:30,143 - INFO - Finished optimization with guess, [3.16922346 1.43730087 0.01108067 0.01935476].
2024-02-13 18:32:30,144 - INFO - Best fit parameters: [3.5814429  1.51410751 0.08447797 0.03062611].
2024-02-13 18:32:30,954 - INFO - Maximum log composite likelihood: -265.9247132245528.
2024-02-13 18:32:30,954 - INFO - Optimal value of theta: 307.8555915671732.
2024-02-13 18:32:30,954 - INFO - Beginning optimization with guess, [1.14687638 3.40776766 0.01068794 0.00515226].
2024-02-13 18:32:59,834 - INFO - Finished optimization with guess, [1.14687638 3.40776766 0.01068794 0.00515226].
2024-02-13 18:32:59,835 - INFO - Best fit parameters: [1.2522348  2.16229987 0.03919114 0.02544398].
2024-02-13 18:33:00,545 - INFO - Maximum log composite likelihood: -282.03532451078075.
2024-02-13 18:33:00,545 - INFO - Optimal value of theta: 350.18753350267866.
2024-02-13 18:33:00,546 - INFO - Beginning optimization with guess, [4.01505115 2.44329617 0.01530587 0.00723321].
2024-02-13 18:33:32,479 - INFO - Finished optimization with guess, [4.01505115 2.44329617 0.01530587 0.00723321].
2024-02-13 18:33:32,480 - INFO - Best fit parameters: [5.51457572e+00 1.99926132e+00 3.83349499e-03 1.75315508e-01].
2024-02-13 18:33:33,130 - INFO - Maximum log composite likelihood: -263.85018077942686.
2024-02-13 18:33:33,130 - INFO - Optimal value of theta: 298.3974005830645.
2024-02-13 18:33:33,130 - INFO - Beginning optimization with guess, [3.16475832 5.01946467 0.01453037 0.00518841].
2024-02-13 18:34:01,067 - INFO - Finished optimization with guess, [3.16475832 5.01946467 0.01453037 0.00518841].
2024-02-13 18:34:01,069 - INFO - Best fit parameters: [1.69139498e+00 9.55475381e-01 1.30091923e-01 4.38199679e-06].
2024-02-13 18:34:01,885 - INFO - Maximum log composite likelihood: -268.6515557898225.
2024-02-13 18:34:01,885 - INFO - Optimal value of theta: 332.492390017454.
2024-02-13 18:34:01,885 - INFO - Beginning optimization with guess, [1.56006906 2.32096525 0.00534976 0.00904292].
2024-02-13 18:34:31,305 - INFO - Finished optimization with guess, [1.56006906 2.32096525 0.00534976 0.00904292].
2024-02-13 18:34:31,306 - INFO - Best fit parameters: [1.98883020e+00 2.01177449e+00 1.91869154e-03 1.88984228e-01].
2024-02-13 18:34:32,033 - INFO - Maximum log composite likelihood: -263.9063344990502.
2024-02-13 18:34:32,033 - INFO - Optimal value of theta: 295.89796827987783.
2024-02-13 18:34:32,033 - INFO - Beginning optimization with guess, [3.70045087 1.69911068 0.00870699 0.01783983].
2024-02-13 18:35:02,784 - INFO - Finished optimization with guess, [3.70045087 1.69911068 0.00870699 0.01783983].
2024-02-13 18:35:02,785 - INFO - Best fit parameters: [5.05681575 2.05292028 0.03681186 0.10581453].
2024-02-13 18:35:03,447 - INFO - Maximum log composite likelihood: -264.29211846893304.
2024-02-13 18:35:03,447 - INFO - Optimal value of theta: 296.08881752117077.
2024-02-13 18:35:03,447 - INFO - Beginning optimization with guess, [4.24111581 2.53005252 0.01335765 0.01845024].
2024-02-13 18:35:33,148 - INFO - Finished optimization with guess, [4.24111581 2.53005252 0.01335765 0.01845024].
2024-02-13 18:35:33,149 - INFO - Best fit parameters: [5.60674346 1.94210449 0.0088787  0.17458024].
2024-02-13 18:35:33,798 - INFO - Maximum log composite likelihood: -263.90251851123264.
2024-02-13 18:35:33,798 - INFO - Optimal value of theta: 301.0672771291441.
2024-02-13 18:35:33,798 - INFO - Beginning optimization with guess, [2.24458844 3.7369068  0.00592415 0.00774133].
2024-02-13 18:36:05,019 - INFO - Finished optimization with guess, [2.24458844 3.7369068  0.00592415 0.00774133].
2024-02-13 18:36:05,035 - INFO - Best fit parameters: [1.94112986e+00 3.00891859e+00 1.86834365e-01 1.76469628e-03].
2024-02-13 18:36:05,736 - INFO - Maximum log composite likelihood: -263.9653230668249.
2024-02-13 18:36:05,736 - INFO - Optimal value of theta: 298.9598029167864.
2024-02-13 18:36:05,736 - INFO - Beginning optimization with guess, [3.48196798e+00 5.11272941e+00 7.37866796e-03 5.05346323e-03].
2024-02-13 18:36:35,870 - INFO - Finished optimization with guess, [3.48196798e+00 5.11272941e+00 7.37866796e-03 5.05346323e-03].
2024-02-13 18:36:35,871 - INFO - Best fit parameters: [2.55972509e+00 6.55616250e-01 1.54119467e-02 2.61601045e-05].
2024-02-13 18:36:36,519 - INFO - Maximum log composite likelihood: -297.2644764471952.
2024-02-13 18:36:36,520 - INFO - Optimal value of theta: 372.1400707729122.
2024-02-13 18:36:36,520 - INFO - Beginning optimization with guess, [9.60066964 4.51619252 0.01630979 0.0139653 ].
2024-02-13 18:37:06,905 - INFO - Finished optimization with guess, [9.60066964 4.51619252 0.01630979 0.0139653 ].
2024-02-13 18:37:06,907 - INFO - Best fit parameters: [1.78578347e+01 2.18841243e+00 1.06887312e-02 2.22697097e-01].
2024-02-13 18:37:07,560 - INFO - Maximum log composite likelihood: -266.1634124203996.
2024-02-13 18:37:07,560 - INFO - Optimal value of theta: 275.9807612227541.
2024-02-13 18:37:07,561 - INFO - Beginning optimization with guess, [7.16236360e+00 9.32510702e+00 7.55424465e-03 1.82525672e-02].
2024-02-13 18:37:36,577 - INFO - Finished optimization with guess, [7.16236360e+00 9.32510702e+00 7.55424465e-03 1.82525672e-02].
2024-02-13 18:37:36,582 - INFO - Best fit parameters: [1.30390035e+01 1.84014786e+00 4.47643677e-04 7.75748028e-02].
2024-02-13 18:37:37,292 - INFO - Maximum log composite likelihood: -271.19433603450284.
2024-02-13 18:37:37,292 - INFO - Optimal value of theta: 336.7394667430246.
2024-02-13 18:37:37,292 - INFO - Beginning optimization with guess, [8.40411975 5.34700994 0.01963928 0.00863793].
2024-02-13 18:38:08,475 - INFO - Finished optimization with guess, [8.40411975 5.34700994 0.01963928 0.00863793].
2024-02-13 18:38:08,477 - INFO - Best fit parameters: [1.68324002e+01 2.12905651e+00 2.32456589e-03 2.04556373e-02].
2024-02-13 18:38:09,299 - INFO - Maximum log composite likelihood: -290.71932885043924.
2024-02-13 18:38:09,299 - INFO - Optimal value of theta: 363.3091759051352.
2024-02-13 18:38:09,304 - INFO - Finished demographic inference.
2024-02-13 18:38:09,304 - INFO - Pipeline executed succesfully.
