2024-03-14 22:18:58,597 - INFO - Beginning execution of fit_demographic_model.py in directory /u/project/kirk/jonmah/sample_size_demography/Scripts

2024-03-14 22:18:58,598 - INFO - Progress is being logged to ../Analysis/ThreeEpochExpansion_800/log.log

2024-03-14 22:18:58,598 - INFO - Parsed the following arguments:
	syn_input_sfs = ../Analysis/ThreeEpochExpansion_800/syn_downsampled_sfs.txt
	mask_singletons = False
	mask_doubletons = False
	outprefix = ../Analysis/ThreeEpochExpansion_800/

2024-03-14 22:18:58,617 - INFO - Beginning demographic inference for one-epoch demographic model.
2024-03-14 22:18:58,619 - INFO - Beginning optimization with guess, [0.15691347].
2024-03-14 22:21:07,218 - INFO - Finished optimization with guess, [0.15691347].
2024-03-14 22:21:07,220 - INFO - Best fit parameters: [0.15691347].
2024-03-14 22:21:11,286 - INFO - Maximum log composite likelihood: -12923.61209341937.
2024-03-14 22:21:11,286 - INFO - Optimal value of theta: 19219.912866533665.
2024-03-14 22:21:11,287 - INFO - Beginning optimization with guess, [0.10471926].
2024-03-14 22:23:31,660 - INFO - Finished optimization with guess, [0.10471926].
2024-03-14 22:23:31,662 - INFO - Best fit parameters: [0.10471926].
2024-03-14 22:23:35,695 - INFO - Maximum log composite likelihood: -12923.61209341937.
2024-03-14 22:23:35,695 - INFO - Optimal value of theta: 19219.912866533665.
2024-03-14 22:23:35,696 - INFO - Beginning optimization with guess, [0.26162753].
2024-03-14 22:25:44,164 - INFO - Finished optimization with guess, [0.26162753].
2024-03-14 22:25:44,165 - INFO - Best fit parameters: [0.26162753].
2024-03-14 22:25:48,169 - INFO - Maximum log composite likelihood: -12923.61209341937.
2024-03-14 22:25:48,169 - INFO - Optimal value of theta: 19219.912866533665.
2024-03-14 22:25:48,169 - INFO - Beginning optimization with guess, [0.61700675].
2024-03-14 22:27:32,257 - INFO - Finished optimization with guess, [0.61700675].
2024-03-14 22:27:32,258 - INFO - Best fit parameters: [0.61700675].
2024-03-14 22:27:36,316 - INFO - Maximum log composite likelihood: -12923.61209341937.
2024-03-14 22:27:36,316 - INFO - Optimal value of theta: 19219.912866533665.
2024-03-14 22:27:36,317 - INFO - Beginning optimization with guess, [0.52982885].
2024-03-14 22:29:32,558 - INFO - Finished optimization with guess, [0.52982885].
2024-03-14 22:29:32,560 - INFO - Best fit parameters: [0.52982885].
2024-03-14 22:29:36,555 - INFO - Maximum log composite likelihood: -12923.61209341937.
2024-03-14 22:29:36,555 - INFO - Optimal value of theta: 19219.912866533665.
2024-03-14 22:29:36,555 - INFO - Beginning optimization with guess, [0.58015851].
2024-03-14 22:31:32,684 - INFO - Finished optimization with guess, [0.58015851].
2024-03-14 22:31:32,685 - INFO - Best fit parameters: [0.58015851].
2024-03-14 22:31:36,733 - INFO - Maximum log composite likelihood: -12923.61209341937.
2024-03-14 22:31:36,733 - INFO - Optimal value of theta: 19219.912866533665.
2024-03-14 22:31:36,734 - INFO - Beginning optimization with guess, [0.46327753].
2024-03-14 22:33:33,590 - INFO - Finished optimization with guess, [0.46327753].
2024-03-14 22:33:33,591 - INFO - Best fit parameters: [0.46327753].
2024-03-14 22:33:37,572 - INFO - Maximum log composite likelihood: -12923.61209341937.
2024-03-14 22:33:37,572 - INFO - Optimal value of theta: 19219.912866533665.
2024-03-14 22:33:37,572 - INFO - Beginning optimization with guess, [0.83899836].
2024-03-14 22:35:09,462 - INFO - Finished optimization with guess, [0.83899836].
2024-03-14 22:35:09,463 - INFO - Best fit parameters: [0.83899836].
2024-03-14 22:35:13,463 - INFO - Maximum log composite likelihood: -12923.61209341937.
2024-03-14 22:35:13,463 - INFO - Optimal value of theta: 19219.912866533665.
2024-03-14 22:35:13,464 - INFO - Beginning optimization with guess, [1.75077612].
2024-03-14 22:37:09,632 - INFO - Finished optimization with guess, [1.75077612].
2024-03-14 22:37:09,633 - INFO - Best fit parameters: [1.75077612].
2024-03-14 22:37:13,647 - INFO - Maximum log composite likelihood: -12923.61209341937.
2024-03-14 22:37:13,647 - INFO - Optimal value of theta: 19219.912866533665.
2024-03-14 22:37:13,647 - INFO - Beginning optimization with guess, [1.44627648].
2024-03-14 22:38:57,658 - INFO - Finished optimization with guess, [1.44627648].
2024-03-14 22:38:57,660 - INFO - Best fit parameters: [1.44627648].
2024-03-14 22:39:01,713 - INFO - Maximum log composite likelihood: -12923.61209341937.
2024-03-14 22:39:01,714 - INFO - Optimal value of theta: 19219.912866533665.
2024-03-14 22:39:01,714 - INFO - Beginning optimization with guess, [1.09872292].
2024-03-14 22:40:21,864 - INFO - Finished optimization with guess, [1.09872292].
2024-03-14 22:40:21,865 - INFO - Best fit parameters: [1.09872292].
2024-03-14 22:40:25,857 - INFO - Maximum log composite likelihood: -12923.61209341937.
2024-03-14 22:40:25,857 - INFO - Optimal value of theta: 19219.912866533665.
2024-03-14 22:40:25,857 - INFO - Beginning optimization with guess, [2.80924288].
2024-03-14 22:42:33,718 - INFO - Finished optimization with guess, [2.80924288].
2024-03-14 22:42:33,720 - INFO - Best fit parameters: [2.80924288].
2024-03-14 22:42:37,786 - INFO - Maximum log composite likelihood: -12923.61209341937.
2024-03-14 22:42:37,786 - INFO - Optimal value of theta: 19219.912866533665.
2024-03-14 22:42:37,786 - INFO - Beginning optimization with guess, [1.38122514].
2024-03-14 22:44:21,647 - INFO - Finished optimization with guess, [1.38122514].
2024-03-14 22:44:21,649 - INFO - Best fit parameters: [1.38122514].
2024-03-14 22:44:25,631 - INFO - Maximum log composite likelihood: -12923.61209341937.
2024-03-14 22:44:25,631 - INFO - Optimal value of theta: 19219.912866533665.
2024-03-14 22:44:25,631 - INFO - Beginning optimization with guess, [2.45207308].
2024-03-14 22:46:21,219 - INFO - Finished optimization with guess, [2.45207308].
2024-03-14 22:46:21,221 - INFO - Best fit parameters: [2.45207308].
2024-03-14 22:46:25,177 - INFO - Maximum log composite likelihood: -12923.61209341937.
2024-03-14 22:46:25,177 - INFO - Optimal value of theta: 19219.912866533665.
2024-03-14 22:46:25,177 - INFO - Beginning optimization with guess, [3.71185152].
2024-03-14 22:48:33,133 - INFO - Finished optimization with guess, [3.71185152].
2024-03-14 22:48:33,134 - INFO - Best fit parameters: [3.71185152].
2024-03-14 22:48:37,100 - INFO - Maximum log composite likelihood: -12923.61209341937.
2024-03-14 22:48:37,101 - INFO - Optimal value of theta: 19219.912866533665.
2024-03-14 22:48:37,101 - INFO - Beginning optimization with guess, [1.37135991].
