2025-01-17 13:33:29,856 - INFO - Beginning execution of fit_demographic_model.py in directory /u/project/kirk/jonmah/sample_size_demography/Scripts

2025-01-17 13:33:29,856 - INFO - Progress is being logged to ../Analysis/gnomAD_160/log.log

2025-01-17 13:33:29,856 - INFO - Parsed the following arguments:
	syn_input_sfs = ../Analysis/gnomAD_160/syn_downsampled_sfs.txt
	mask_singletons = False
	mask_doubletons = False
	outprefix = ../Analysis/gnomAD_160/

2025-01-17 13:33:29,867 - INFO - Beginning demographic inference for one-epoch demographic model.
2025-01-17 13:33:29,869 - INFO - Beginning optimization with guess, [0.11270992].
2025-01-17 13:33:49,553 - INFO - Finished optimization with guess, [0.11270992].
2025-01-17 13:33:49,554 - INFO - Best fit parameters: [0.11270992].
2025-01-17 13:33:50,118 - INFO - Maximum log composite likelihood: -2614.8902413113515.
2025-01-17 13:33:50,118 - INFO - Optimal value of theta: 6184.422226178605.
2025-01-17 13:33:50,118 - INFO - Beginning optimization with guess, [0.24594399].
2025-01-17 13:34:08,114 - INFO - Finished optimization with guess, [0.24594399].
2025-01-17 13:34:08,116 - INFO - Best fit parameters: [0.24594399].
2025-01-17 13:34:08,680 - INFO - Maximum log composite likelihood: -2614.8902413113515.
2025-01-17 13:34:08,680 - INFO - Optimal value of theta: 6184.422226178605.
2025-01-17 13:34:08,680 - INFO - Beginning optimization with guess, [0.46958594].
2025-01-17 13:34:24,958 - INFO - Finished optimization with guess, [0.46958594].
2025-01-17 13:34:24,959 - INFO - Best fit parameters: [0.46958594].
2025-01-17 13:34:25,524 - INFO - Maximum log composite likelihood: -2614.8902413113515.
2025-01-17 13:34:25,524 - INFO - Optimal value of theta: 6184.422226178605.
2025-01-17 13:34:25,525 - INFO - Beginning optimization with guess, [0.72534844].
2025-01-17 13:34:40,240 - INFO - Finished optimization with guess, [0.72534844].
2025-01-17 13:34:40,241 - INFO - Best fit parameters: [0.72534844].
2025-01-17 13:34:40,802 - INFO - Maximum log composite likelihood: -2614.8902413113515.
2025-01-17 13:34:40,802 - INFO - Optimal value of theta: 6184.422226178605.
2025-01-17 13:34:40,802 - INFO - Beginning optimization with guess, [0.48945879].
2025-01-17 13:34:57,235 - INFO - Finished optimization with guess, [0.48945879].
2025-01-17 13:34:57,239 - INFO - Best fit parameters: [0.48945879].
2025-01-17 13:34:57,803 - INFO - Maximum log composite likelihood: -2614.8902413113515.
2025-01-17 13:34:57,804 - INFO - Optimal value of theta: 6184.422226178605.
2025-01-17 13:34:57,804 - INFO - Beginning optimization with guess, [0.50171528].
2025-01-17 13:35:14,189 - INFO - Finished optimization with guess, [0.50171528].
2025-01-17 13:35:14,189 - INFO - Best fit parameters: [0.50171528].
2025-01-17 13:35:14,757 - INFO - Maximum log composite likelihood: -2614.8902413113515.
2025-01-17 13:35:14,757 - INFO - Optimal value of theta: 6184.422226178605.
2025-01-17 13:35:14,757 - INFO - Beginning optimization with guess, [1.15748051].
2025-01-17 13:35:27,826 - INFO - Finished optimization with guess, [1.15748051].
2025-01-17 13:35:27,831 - INFO - Best fit parameters: [1.15748051].
2025-01-17 13:35:28,401 - INFO - Maximum log composite likelihood: -2614.8902413113515.
2025-01-17 13:35:28,402 - INFO - Optimal value of theta: 6184.422226178605.
2025-01-17 13:35:28,402 - INFO - Beginning optimization with guess, [0.87304413].
2025-01-17 13:35:41,328 - INFO - Finished optimization with guess, [0.87304413].
2025-01-17 13:35:41,329 - INFO - Best fit parameters: [0.87304413].
2025-01-17 13:35:41,898 - INFO - Maximum log composite likelihood: -2614.8902413113515.
2025-01-17 13:35:41,898 - INFO - Optimal value of theta: 6184.422226178605.
2025-01-17 13:35:41,899 - INFO - Beginning optimization with guess, [1.32174483].
2025-01-17 13:35:56,538 - INFO - Finished optimization with guess, [1.32174483].
2025-01-17 13:35:56,539 - INFO - Best fit parameters: [1.32174483].
2025-01-17 13:35:57,102 - INFO - Maximum log composite likelihood: -2614.8902413113515.
2025-01-17 13:35:57,102 - INFO - Optimal value of theta: 6184.422226178605.
2025-01-17 13:35:57,102 - INFO - Beginning optimization with guess, [1.94337533].
2025-01-17 13:36:13,476 - INFO - Finished optimization with guess, [1.94337533].
2025-01-17 13:36:13,477 - INFO - Best fit parameters: [1.94337533].
2025-01-17 13:36:14,039 - INFO - Maximum log composite likelihood: -2614.8902413113515.
2025-01-17 13:36:14,039 - INFO - Optimal value of theta: 6184.422226178605.
2025-01-17 13:36:14,040 - INFO - Beginning optimization with guess, [0.6368712].
2025-01-17 13:36:28,629 - INFO - Finished optimization with guess, [0.6368712].
2025-01-17 13:36:28,630 - INFO - Best fit parameters: [0.6368712].
2025-01-17 13:36:29,193 - INFO - Maximum log composite likelihood: -2614.8902413113515.
2025-01-17 13:36:29,193 - INFO - Optimal value of theta: 6184.422226178605.
2025-01-17 13:36:29,193 - INFO - Beginning optimization with guess, [1.56258559].
2025-01-17 13:36:43,804 - INFO - Finished optimization with guess, [1.56258559].
2025-01-17 13:36:43,805 - INFO - Best fit parameters: [1.56258559].
2025-01-17 13:36:44,372 - INFO - Maximum log composite likelihood: -2614.8902413113515.
2025-01-17 13:36:44,372 - INFO - Optimal value of theta: 6184.422226178605.
2025-01-17 13:36:44,372 - INFO - Beginning optimization with guess, [1.81473168].
2025-01-17 13:37:00,748 - INFO - Finished optimization with guess, [1.81473168].
2025-01-17 13:37:00,751 - INFO - Best fit parameters: [1.81473168].
2025-01-17 13:37:01,313 - INFO - Maximum log composite likelihood: -2614.8902413113515.
2025-01-17 13:37:01,313 - INFO - Optimal value of theta: 6184.422226178605.
2025-01-17 13:37:01,313 - INFO - Beginning optimization with guess, [2.31193467].
2025-01-17 13:37:17,623 - INFO - Finished optimization with guess, [2.31193467].
2025-01-17 13:37:17,624 - INFO - Best fit parameters: [2.31193467].
2025-01-17 13:37:18,185 - INFO - Maximum log composite likelihood: -2614.8902413113515.
2025-01-17 13:37:18,186 - INFO - Optimal value of theta: 6184.422226178605.
2025-01-17 13:37:18,186 - INFO - Beginning optimization with guess, [1.54017188].
2025-01-17 13:37:32,805 - INFO - Finished optimization with guess, [1.54017188].
2025-01-17 13:37:32,809 - INFO - Best fit parameters: [1.54017188].
2025-01-17 13:37:33,371 - INFO - Maximum log composite likelihood: -2614.8902413113515.
2025-01-17 13:37:33,371 - INFO - Optimal value of theta: 6184.422226178605.
2025-01-17 13:37:33,371 - INFO - Beginning optimization with guess, [4.89061697].
2025-01-17 13:37:51,398 - INFO - Finished optimization with guess, [4.89061697].
2025-01-17 13:37:51,399 - INFO - Best fit parameters: [4.89061697].
2025-01-17 13:37:51,965 - INFO - Maximum log composite likelihood: -2614.8902413113515.
2025-01-17 13:37:51,966 - INFO - Optimal value of theta: 6184.422226178605.
2025-01-17 13:37:51,966 - INFO - Beginning optimization with guess, [4.42432197].
2025-01-17 13:38:10,058 - INFO - Finished optimization with guess, [4.42432197].
2025-01-17 13:38:10,058 - INFO - Best fit parameters: [4.42432197].
2025-01-17 13:38:10,619 - INFO - Maximum log composite likelihood: -2614.8902413113515.
2025-01-17 13:38:10,619 - INFO - Optimal value of theta: 6184.422226178605.
2025-01-17 13:38:10,619 - INFO - Beginning optimization with guess, [2.92070607].
2025-01-17 13:38:28,640 - INFO - Finished optimization with guess, [2.92070607].
2025-01-17 13:38:28,645 - INFO - Best fit parameters: [2.92070607].
2025-01-17 13:38:29,207 - INFO - Maximum log composite likelihood: -2614.8902413113515.
2025-01-17 13:38:29,207 - INFO - Optimal value of theta: 6184.422226178605.
2025-01-17 13:38:29,207 - INFO - Beginning optimization with guess, [5.47399441].
2025-01-17 13:38:47,337 - INFO - Finished optimization with guess, [5.47399441].
2025-01-17 13:38:47,339 - INFO - Best fit parameters: [5.47399441].
2025-01-17 13:38:47,901 - INFO - Maximum log composite likelihood: -2614.8902413113515.
2025-01-17 13:38:47,901 - INFO - Optimal value of theta: 6184.422226178605.
2025-01-17 13:38:47,901 - INFO - Beginning optimization with guess, [5.43477595].
2025-01-17 13:39:05,681 - INFO - Finished optimization with guess, [5.43477595].
2025-01-17 13:39:05,682 - INFO - Best fit parameters: [5.43477595].
2025-01-17 13:39:06,239 - INFO - Maximum log composite likelihood: -2614.8902413113515.
2025-01-17 13:39:06,239 - INFO - Optimal value of theta: 6184.422226178605.
2025-01-17 13:39:06,239 - INFO - Beginning optimization with guess, [3.75269085].
2025-01-17 13:39:23,874 - INFO - Finished optimization with guess, [3.75269085].
2025-01-17 13:39:23,875 - INFO - Best fit parameters: [3.75269085].
2025-01-17 13:39:24,425 - INFO - Maximum log composite likelihood: -2614.8902413113515.
2025-01-17 13:39:24,426 - INFO - Optimal value of theta: 6184.422226178605.
2025-01-17 13:39:24,426 - INFO - Beginning optimization with guess, [3.43383437].
2025-01-17 13:39:42,425 - INFO - Finished optimization with guess, [3.43383437].
2025-01-17 13:39:42,427 - INFO - Best fit parameters: [3.43383437].
2025-01-17 13:39:42,980 - INFO - Maximum log composite likelihood: -2614.8902413113515.
2025-01-17 13:39:42,981 - INFO - Optimal value of theta: 6184.422226178605.
2025-01-17 13:39:42,981 - INFO - Beginning optimization with guess, [10.11497728].
2025-01-17 13:40:02,602 - INFO - Finished optimization with guess, [10.11497728].
2025-01-17 13:40:02,603 - INFO - Best fit parameters: [10.11497728].
2025-01-17 13:40:03,162 - INFO - Maximum log composite likelihood: -2614.8902413113515.
2025-01-17 13:40:03,162 - INFO - Optimal value of theta: 6184.422226178605.
2025-01-17 13:40:03,162 - INFO - Beginning optimization with guess, [8.07467564].
2025-01-17 13:40:22,573 - INFO - Finished optimization with guess, [8.07467564].
2025-01-17 13:40:22,574 - INFO - Best fit parameters: [8.07467564].
2025-01-17 13:40:23,125 - INFO - Maximum log composite likelihood: -2614.8902413113515.
2025-01-17 13:40:23,125 - INFO - Optimal value of theta: 6184.422226178605.
2025-01-17 13:40:23,126 - INFO - Beginning optimization with guess, [7.76454723].
2025-01-17 13:40:42,531 - INFO - Finished optimization with guess, [7.76454723].
2025-01-17 13:40:42,532 - INFO - Best fit parameters: [7.76454723].
2025-01-17 13:40:43,087 - INFO - Maximum log composite likelihood: -2614.8902413113515.
2025-01-17 13:40:43,087 - INFO - Optimal value of theta: 6184.422226178605.
2025-01-17 13:40:43,097 - INFO - Finished demographic inference.
2025-01-17 13:40:43,098 - INFO - Pipeline executed succesfully.
