2025-01-17 13:33:33,040 - INFO - Beginning execution of fit_demographic_model.py in directory /u/project/kirk/jonmah/sample_size_demography/Scripts

2025-01-17 13:33:33,041 - INFO - Progress is being logged to ../Analysis/gnomAD_480/log.log

2025-01-17 13:33:33,041 - INFO - Parsed the following arguments:
	syn_input_sfs = ../Analysis/gnomAD_480/syn_downsampled_sfs.txt
	mask_singletons = False
	mask_doubletons = False
	outprefix = ../Analysis/gnomAD_480/

2025-01-17 13:33:33,068 - INFO - Beginning demographic inference for one-epoch demographic model.
2025-01-17 13:33:33,070 - INFO - Beginning optimization with guess, [0.13864629].
2025-01-17 13:34:07,464 - INFO - Finished optimization with guess, [0.13864629].
2025-01-17 13:34:07,465 - INFO - Best fit parameters: [0.13864629].
2025-01-17 13:34:08,585 - INFO - Maximum log composite likelihood: -11368.566197663045.
2025-01-17 13:34:08,586 - INFO - Optimal value of theta: 7703.150704003909.
2025-01-17 13:34:08,586 - INFO - Beginning optimization with guess, [0.15185533].
2025-01-17 13:34:45,751 - INFO - Finished optimization with guess, [0.15185533].
2025-01-17 13:34:45,752 - INFO - Best fit parameters: [0.15185533].
2025-01-17 13:34:46,933 - INFO - Maximum log composite likelihood: -11368.566197663045.
2025-01-17 13:34:46,933 - INFO - Optimal value of theta: 7703.150704003909.
2025-01-17 13:34:46,934 - INFO - Beginning optimization with guess, [0.33913388].
2025-01-17 13:35:21,265 - INFO - Finished optimization with guess, [0.33913388].
2025-01-17 13:35:21,265 - INFO - Best fit parameters: [0.33913388].
2025-01-17 13:35:22,298 - INFO - Maximum log composite likelihood: -11368.566197663045.
2025-01-17 13:35:22,298 - INFO - Optimal value of theta: 7703.150704003909.
2025-01-17 13:35:22,298 - INFO - Beginning optimization with guess, [0.45709149].
2025-01-17 13:35:52,658 - INFO - Finished optimization with guess, [0.45709149].
2025-01-17 13:35:52,658 - INFO - Best fit parameters: [0.45709149].
2025-01-17 13:35:53,689 - INFO - Maximum log composite likelihood: -11368.566197663045.
2025-01-17 13:35:53,689 - INFO - Optimal value of theta: 7703.150704003909.
2025-01-17 13:35:53,690 - INFO - Beginning optimization with guess, [0.40005521].
2025-01-17 13:36:23,881 - INFO - Finished optimization with guess, [0.40005521].
2025-01-17 13:36:23,882 - INFO - Best fit parameters: [0.40005521].
2025-01-17 13:36:24,922 - INFO - Maximum log composite likelihood: -11368.566197663045.
2025-01-17 13:36:24,922 - INFO - Optimal value of theta: 7703.150704003909.
2025-01-17 13:36:24,923 - INFO - Beginning optimization with guess, [0.60333862].
2025-01-17 13:36:51,736 - INFO - Finished optimization with guess, [0.60333862].
2025-01-17 13:36:51,737 - INFO - Best fit parameters: [0.60333862].
2025-01-17 13:36:52,767 - INFO - Maximum log composite likelihood: -11368.566197663045.
2025-01-17 13:36:52,767 - INFO - Optimal value of theta: 7703.150704003909.
2025-01-17 13:36:52,768 - INFO - Beginning optimization with guess, [0.44810571].
2025-01-17 13:37:22,812 - INFO - Finished optimization with guess, [0.44810571].
2025-01-17 13:37:22,813 - INFO - Best fit parameters: [0.44810571].
2025-01-17 13:37:23,845 - INFO - Maximum log composite likelihood: -11368.566197663045.
2025-01-17 13:37:23,845 - INFO - Optimal value of theta: 7703.150704003909.
2025-01-17 13:37:23,846 - INFO - Beginning optimization with guess, [0.53353785].
2025-01-17 13:37:53,824 - INFO - Finished optimization with guess, [0.53353785].
2025-01-17 13:37:53,824 - INFO - Best fit parameters: [0.53353785].
2025-01-17 13:37:54,858 - INFO - Maximum log composite likelihood: -11368.566197663045.
2025-01-17 13:37:54,858 - INFO - Optimal value of theta: 7703.150704003909.
2025-01-17 13:37:54,858 - INFO - Beginning optimization with guess, [1.62885292].
2025-01-17 13:38:21,752 - INFO - Finished optimization with guess, [1.62885292].
2025-01-17 13:38:21,753 - INFO - Best fit parameters: [1.62885292].
2025-01-17 13:38:22,784 - INFO - Maximum log composite likelihood: -11368.566197663045.
2025-01-17 13:38:22,784 - INFO - Optimal value of theta: 7703.150704003909.
2025-01-17 13:38:22,784 - INFO - Beginning optimization with guess, [0.82262779].
2025-01-17 13:38:46,509 - INFO - Finished optimization with guess, [0.82262779].
2025-01-17 13:38:46,520 - INFO - Best fit parameters: [0.82262779].
2025-01-17 13:38:47,551 - INFO - Maximum log composite likelihood: -11368.566197663045.
2025-01-17 13:38:47,552 - INFO - Optimal value of theta: 7703.150704003909.
2025-01-17 13:38:47,552 - INFO - Beginning optimization with guess, [2.1429824].
2025-01-17 13:39:17,484 - INFO - Finished optimization with guess, [2.1429824].
2025-01-17 13:39:17,485 - INFO - Best fit parameters: [2.1429824].
2025-01-17 13:39:18,509 - INFO - Maximum log composite likelihood: -11368.566197663045.
2025-01-17 13:39:18,510 - INFO - Optimal value of theta: 7703.150704003909.
2025-01-17 13:39:18,510 - INFO - Beginning optimization with guess, [1.08468677].
2025-01-17 13:39:38,234 - INFO - Finished optimization with guess, [1.08468677].
2025-01-17 13:39:38,235 - INFO - Best fit parameters: [1.08468677].
2025-01-17 13:39:39,206 - INFO - Maximum log composite likelihood: -11368.566197663045.
2025-01-17 13:39:39,206 - INFO - Optimal value of theta: 7703.150704003909.
2025-01-17 13:39:39,206 - INFO - Beginning optimization with guess, [1.83706579].
2025-01-17 13:40:07,534 - INFO - Finished optimization with guess, [1.83706579].
2025-01-17 13:40:07,535 - INFO - Best fit parameters: [1.83706579].
2025-01-17 13:40:08,509 - INFO - Maximum log composite likelihood: -11368.566197663045.
2025-01-17 13:40:08,509 - INFO - Optimal value of theta: 7703.150704003909.
2025-01-17 13:40:08,509 - INFO - Beginning optimization with guess, [1.38619053].
2025-01-17 13:40:34,109 - INFO - Finished optimization with guess, [1.38619053].
2025-01-17 13:40:34,110 - INFO - Best fit parameters: [1.38619053].
2025-01-17 13:40:35,216 - INFO - Maximum log composite likelihood: -11368.566197663045.
2025-01-17 13:40:35,216 - INFO - Optimal value of theta: 7703.150704003909.
2025-01-17 13:40:35,216 - INFO - Beginning optimization with guess, [4.19460675].
2025-01-17 13:41:07,273 - INFO - Finished optimization with guess, [4.19460675].
2025-01-17 13:41:07,274 - INFO - Best fit parameters: [4.19460675].
2025-01-17 13:41:08,347 - INFO - Maximum log composite likelihood: -11368.566197663045.
2025-01-17 13:41:08,347 - INFO - Optimal value of theta: 7703.150704003909.
2025-01-17 13:41:08,348 - INFO - Beginning optimization with guess, [1.64764437].
2025-01-17 13:41:34,437 - INFO - Finished optimization with guess, [1.64764437].
2025-01-17 13:41:34,438 - INFO - Best fit parameters: [1.64764437].
2025-01-17 13:41:35,413 - INFO - Maximum log composite likelihood: -11368.566197663045.
2025-01-17 13:41:35,413 - INFO - Optimal value of theta: 7703.150704003909.
2025-01-17 13:41:35,413 - INFO - Beginning optimization with guess, [3.24286512].
2025-01-17 13:42:06,842 - INFO - Finished optimization with guess, [3.24286512].
2025-01-17 13:42:06,843 - INFO - Best fit parameters: [3.24286512].
2025-01-17 13:42:07,849 - INFO - Maximum log composite likelihood: -11368.566197663045.
2025-01-17 13:42:07,849 - INFO - Optimal value of theta: 7703.150704003909.
2025-01-17 13:42:07,850 - INFO - Beginning optimization with guess, [3.29819724].
2025-01-17 13:42:40,588 - INFO - Finished optimization with guess, [3.29819724].
2025-01-17 13:42:40,589 - INFO - Best fit parameters: [3.29819724].
2025-01-17 13:42:41,610 - INFO - Maximum log composite likelihood: -11368.566197663045.
2025-01-17 13:42:41,610 - INFO - Optimal value of theta: 7703.150704003909.
2025-01-17 13:42:41,610 - INFO - Beginning optimization with guess, [3.65370121].
2025-01-17 13:43:14,405 - INFO - Finished optimization with guess, [3.65370121].
2025-01-17 13:43:14,406 - INFO - Best fit parameters: [3.65370121].
2025-01-17 13:43:15,439 - INFO - Maximum log composite likelihood: -11368.566197663045.
2025-01-17 13:43:15,439 - INFO - Optimal value of theta: 7703.150704003909.
2025-01-17 13:43:15,439 - INFO - Beginning optimization with guess, [4.4540861].
2025-01-17 13:43:48,541 - INFO - Finished optimization with guess, [4.4540861].
2025-01-17 13:43:48,542 - INFO - Best fit parameters: [4.4540861].
2025-01-17 13:43:49,542 - INFO - Maximum log composite likelihood: -11368.566197663045.
2025-01-17 13:43:49,543 - INFO - Optimal value of theta: 7703.150704003909.
2025-01-17 13:43:49,543 - INFO - Beginning optimization with guess, [5.52945499].
2025-01-17 13:44:21,314 - INFO - Finished optimization with guess, [5.52945499].
2025-01-17 13:44:21,315 - INFO - Best fit parameters: [5.52945499].
2025-01-17 13:44:22,323 - INFO - Maximum log composite likelihood: -11368.566197663045.
2025-01-17 13:44:22,324 - INFO - Optimal value of theta: 7703.150704003909.
2025-01-17 13:44:22,324 - INFO - Beginning optimization with guess, [6.42944923].
2025-01-17 13:44:55,228 - INFO - Finished optimization with guess, [6.42944923].
2025-01-17 13:44:55,229 - INFO - Best fit parameters: [6.42944923].
2025-01-17 13:44:56,257 - INFO - Maximum log composite likelihood: -11368.566197663045.
2025-01-17 13:44:56,257 - INFO - Optimal value of theta: 7703.150704003909.
2025-01-17 13:44:56,257 - INFO - Beginning optimization with guess, [4.59563876].
2025-01-17 13:45:28,210 - INFO - Finished optimization with guess, [4.59563876].
2025-01-17 13:45:28,210 - INFO - Best fit parameters: [4.59563876].
2025-01-17 13:45:29,232 - INFO - Maximum log composite likelihood: -11368.566197663045.
2025-01-17 13:45:29,233 - INFO - Optimal value of theta: 7703.150704003909.
2025-01-17 13:45:29,233 - INFO - Beginning optimization with guess, [4.57476796].
2025-01-17 13:46:02,601 - INFO - Finished optimization with guess, [4.57476796].
2025-01-17 13:46:02,602 - INFO - Best fit parameters: [4.57476796].
2025-01-17 13:46:03,629 - INFO - Maximum log composite likelihood: -11368.566197663045.
2025-01-17 13:46:03,630 - INFO - Optimal value of theta: 7703.150704003909.
2025-01-17 13:46:03,630 - INFO - Beginning optimization with guess, [7.51676001].
2025-01-17 13:46:37,002 - INFO - Finished optimization with guess, [7.51676001].
2025-01-17 13:46:37,003 - INFO - Best fit parameters: [7.51676001].
2025-01-17 13:46:38,124 - INFO - Maximum log composite likelihood: -11368.566197663045.
2025-01-17 13:46:38,124 - INFO - Optimal value of theta: 7703.150704003909.
2025-01-17 13:46:38,129 - INFO - Finished demographic inference.
2025-01-17 13:46:38,129 - INFO - Pipeline executed succesfully.
