2025-03-19 17:35:27,294 - INFO - Beginning execution of evaluate_true_demography_fit.py in directory /u/project/kirk/jonmah/sample_size_demography/Scripts

2025-03-19 17:35:27,294 - INFO - Progress is being logged to ../Analysis/ThreeEpochBottleneck_10/evaluate_demography.log

2025-03-19 17:35:27,294 - INFO - Parsed the following arguments:
	syn_input_sfs = ../Analysis/ThreeEpochBottleneck_10/syn_downsampled_sfs.txt
	model_type = three_epoch
	params_list = [0.1, 5.0, 0.09, 0.01]
	mask_singletons = False
	mask_doubletons = False
	outprefix = ../Analysis/ThreeEpochBottleneck_10/

2025-03-19 17:35:27,296 - INFO - Beginning demographic evaluation for three-epoch demographic model.
2025-03-19 17:35:27,297 - INFO - Beginning optimization with guess, [0.1, 5.0, 0.09, 0.01].
2025-03-19 17:35:27,297 - INFO - Finished optimization with guess, [0.1, 5.0, 0.09, 0.01].
2025-03-19 17:35:27,297 - INFO - Best fit parameters: [0.1, 5.0, 0.09, 0.01].
2025-03-19 17:35:27,304 - INFO - Maximum log composite likelihood: -37.764300636874395.
2025-03-19 17:35:27,304 - INFO - Optimal value of theta: 11941.626250808145.
2025-03-19 17:35:27,305 - INFO - Synonymous input SFS: [-- 4489.79133442942 3223.29200270158 2891.666083421348 2718.343744960507 1333.583406551423 -- -- -- -- --].
2025-03-19 17:35:27,305 - INFO - Scaled spectrum: [-- 4284.434213838016 3136.1276982070813 2944.8237596210674 2868.120886601232 1423.1700137968774 -- -- -- -- --].
2025-03-19 17:35:27,306 - INFO - Converting and interpreting Tau estimates.
2025-03-19 17:35:27,307 - INFO - Finished demographic evaluation.
2025-03-19 17:35:27,307 - INFO - Pipeline executed succesfully.
