2024-04-01 18:08:43,933 - INFO - Beginning execution of fit_demographic_model.py in directory /u/project/kirk/jonmah/sample_size_demography/Scripts

2024-04-01 18:08:43,933 - INFO - Progress is being logged to ../Analysis/ThreeEpochBottleneck_10/log.log

2024-04-01 18:08:43,933 - INFO - Parsed the following arguments:
	syn_input_sfs = ../Analysis/ThreeEpochBottleneck_10/syn_downsampled_sfs.txt
	mask_singletons = False
	mask_doubletons = False
	outprefix = ../Analysis/ThreeEpochBottleneck_10/

2024-04-01 18:08:43,956 - INFO - Beginning demographic inference for one-epoch demographic model.
2024-04-01 18:08:43,958 - INFO - Beginning optimization with guess, [0.07820836].
2024-04-01 18:08:44,630 - INFO - Finished optimization with guess, [0.07820836].
2024-04-01 18:08:44,631 - INFO - Best fit parameters: [0.07820836].
2024-04-01 18:08:44,647 - INFO - Maximum log composite likelihood: -315.9875795177486.
2024-04-01 18:08:44,647 - INFO - Optimal value of theta: 5180.927388996288.
2024-04-01 18:08:44,647 - INFO - Beginning optimization with guess, [0.1561516].
2024-04-01 18:08:45,165 - INFO - Finished optimization with guess, [0.1561516].
2024-04-01 18:08:45,165 - INFO - Best fit parameters: [0.1561516].
2024-04-01 18:08:45,181 - INFO - Maximum log composite likelihood: -315.9875795177486.
2024-04-01 18:08:45,181 - INFO - Optimal value of theta: 5180.927388996288.
2024-04-01 18:08:45,181 - INFO - Beginning optimization with guess, [0.20988342].
2024-04-01 18:08:45,699 - INFO - Finished optimization with guess, [0.20988342].
2024-04-01 18:08:45,699 - INFO - Best fit parameters: [0.20988342].
2024-04-01 18:08:45,715 - INFO - Maximum log composite likelihood: -315.9875795177486.
2024-04-01 18:08:45,715 - INFO - Optimal value of theta: 5180.927388996288.
2024-04-01 18:08:45,715 - INFO - Beginning optimization with guess, [0.49390563].
2024-04-01 18:08:46,184 - INFO - Finished optimization with guess, [0.49390563].
2024-04-01 18:08:46,184 - INFO - Best fit parameters: [0.49390563].
2024-04-01 18:08:46,202 - INFO - Maximum log composite likelihood: -315.9875795177486.
2024-04-01 18:08:46,202 - INFO - Optimal value of theta: 5180.927388996288.
2024-04-01 18:08:46,202 - INFO - Beginning optimization with guess, [0.31285002].
2024-04-01 18:08:46,720 - INFO - Finished optimization with guess, [0.31285002].
2024-04-01 18:08:46,720 - INFO - Best fit parameters: [0.31285002].
2024-04-01 18:08:46,736 - INFO - Maximum log composite likelihood: -315.9875795177486.
2024-04-01 18:08:46,736 - INFO - Optimal value of theta: 5180.927388996288.
2024-04-01 18:08:46,738 - INFO - Beginning demographic inference for two-epoch demographic model.
2024-04-01 18:08:46,740 - INFO - Beginning optimization with guess, [0.10271019 0.05713221].
2024-04-01 18:08:48,972 - INFO - Finished optimization with guess, [0.10271019 0.05713221].
2024-04-01 18:08:48,972 - INFO - Best fit parameters: [0.22919783 0.23432638].
2024-04-01 18:08:49,006 - INFO - Maximum log composite likelihood: -24.57535225690299.
2024-04-01 18:08:49,006 - INFO - Optimal value of theta: 11011.678403152215.
2024-04-01 18:08:49,007 - INFO - Beginning optimization with guess, [0.10021983 0.18930363].
2024-04-01 18:08:54,002 - INFO - Finished optimization with guess, [0.10021983 0.18930363].
2024-04-01 18:08:54,002 - INFO - Best fit parameters: [0.08336255 0.18519477].
2024-04-01 18:08:54,056 - INFO - Maximum log composite likelihood: -24.564537420959823.
2024-04-01 18:08:54,056 - INFO - Optimal value of theta: 30477.858392425267.
2024-04-01 18:08:54,057 - INFO - Beginning optimization with guess, [0.19161773 0.12422855].
2024-04-01 18:08:56,937 - INFO - Finished optimization with guess, [0.19161773 0.12422855].
2024-04-01 18:08:56,937 - INFO - Best fit parameters: [0.17358264 0.23970786].
2024-04-01 18:08:56,977 - INFO - Maximum log composite likelihood: -24.56621030377937.
2024-04-01 18:08:56,977 - INFO - Optimal value of theta: 14621.812309937706.
2024-04-01 18:08:56,977 - INFO - Beginning optimization with guess, [0.40654973 0.06183897].
2024-04-01 18:09:00,112 - INFO - Finished optimization with guess, [0.40654973 0.06183897].
2024-04-01 18:09:00,112 - INFO - Best fit parameters: [0.16506788 0.23798282].
2024-04-01 18:09:00,153 - INFO - Maximum log composite likelihood: -24.565761171626946.
2024-04-01 18:09:00,153 - INFO - Optimal value of theta: 15377.269663367273.
2024-04-01 18:09:00,153 - INFO - Beginning optimization with guess, [0.91835166 0.08765769].
2024-04-01 18:09:03,415 - INFO - Finished optimization with guess, [0.91835166 0.08765769].
2024-04-01 18:09:03,416 - INFO - Best fit parameters: [0.13985876 0.22917255].
2024-04-01 18:09:03,461 - INFO - Maximum log composite likelihood: -24.56498079166704.
2024-04-01 18:09:03,461 - INFO - Optimal value of theta: 18158.984508833542.
2024-04-01 18:09:03,462 - INFO - Beginning demographic inference for three-epoch demographic model.
2024-04-01 18:09:03,465 - INFO - Beginning optimization with guess, [0.14053126 0.05542117 0.13977289 0.1023535 ].
2024-04-01 18:09:09,609 - INFO - Finished optimization with guess, [0.14053126 0.05542117 0.13977289 0.1023535 ].
2024-04-01 18:09:09,610 - INFO - Best fit parameters: [0.13726137 0.05649517 0.134317   0.1013803 ].
2024-04-01 18:09:09,674 - INFO - Maximum log composite likelihood: -24.564555288206975.
2024-04-01 18:09:09,675 - INFO - Optimal value of theta: 44970.55692672513.
2024-04-01 18:09:09,675 - INFO - Beginning optimization with guess, [0.23776362 0.27568885 0.0630237  0.13980065].
2024-04-01 18:09:12,398 - INFO - Finished optimization with guess, [0.23776362 0.27568885 0.0630237  0.13980065].
2024-04-01 18:09:12,398 - INFO - Best fit parameters: [0.24764786 0.21816112 0.11339404 0.14235349].
2024-04-01 18:09:12,434 - INFO - Maximum log composite likelihood: -24.575535508436587.
2024-04-01 18:09:12,434 - INFO - Optimal value of theta: 11584.739539975755.
2024-04-01 18:09:12,434 - INFO - Beginning optimization with guess, [0.42105601 0.29743217 0.06505325 0.16956868].
2024-04-01 18:09:15,375 - INFO - Finished optimization with guess, [0.42105601 0.29743217 0.06505325 0.16956868].
2024-04-01 18:09:15,375 - INFO - Best fit parameters: [0.46411524 0.19745265 0.18050587 0.19303711].
2024-04-01 18:09:15,415 - INFO - Maximum log composite likelihood: -24.57202548580608.
2024-04-01 18:09:15,415 - INFO - Optimal value of theta: 12834.870870552459.
2024-04-01 18:09:15,416 - INFO - Beginning optimization with guess, [0.69044788 0.29016063 0.12031517 0.19739859].
2024-04-01 18:09:18,557 - INFO - Finished optimization with guess, [0.69044788 0.29016063 0.12031517 0.19739859].
2024-04-01 18:09:18,557 - INFO - Best fit parameters: [0.73391745 0.18958881 0.16594868 0.22785735].
2024-04-01 18:09:18,599 - INFO - Maximum log composite likelihood: -24.567893246681706.
2024-04-01 18:09:18,599 - INFO - Optimal value of theta: 13370.334099863996.
2024-04-01 18:09:18,599 - INFO - Beginning optimization with guess, [1.55888126 0.61110262 0.13450131 0.05866417].
2024-04-01 18:09:21,025 - INFO - Finished optimization with guess, [1.55888126 0.61110262 0.13450131 0.05866417].
2024-04-01 18:09:21,025 - INFO - Best fit parameters: [1.11042555 0.28555299 0.20534675 0.19266761].
2024-04-01 18:09:21,057 - INFO - Maximum log composite likelihood: -24.672547609918183.
2024-04-01 18:09:21,057 - INFO - Optimal value of theta: 8470.149867348286.
2024-04-01 18:09:21,058 - INFO - Finished demographic inference.
2024-04-01 18:09:21,058 - INFO - Pipeline executed succesfully.
