2024-02-12 11:57:38,596 - INFO - Beginning execution of fit_demographic_model.py in directory /u/project/kirk/jonmah/sample_size_demography/Scripts

2024-02-12 11:57:38,597 - INFO - Progress is being logged to ../Analysis/ooa_simulated_11/log.log

2024-02-12 11:57:38,597 - INFO - Parsed the following arguments:
	syn_input_sfs = ../Analysis/ooa_simulated_11/syn_downsampled_sfs.txt
	mask_singletons = False
	mask_doubletons = False
	outprefix = ../Analysis/ooa_simulated_11/

2024-02-12 11:57:38,600 - INFO - Beginning demographic inference for one-epoch demographic model.
2024-02-12 11:57:38,601 - INFO - Beginning optimization with guess, [0.06212567].
2024-02-12 11:57:39,228 - INFO - Finished optimization with guess, [0.06212567].
2024-02-12 11:57:39,229 - INFO - Best fit parameters: [0.06212567].
2024-02-12 11:57:39,247 - INFO - Maximum log composite likelihood: -38.08543301804366.
2024-02-12 11:57:39,247 - INFO - Optimal value of theta: 478.97753134546303.
2024-02-12 11:57:39,247 - INFO - Beginning optimization with guess, [0.2055859].
2024-02-12 11:57:39,814 - INFO - Finished optimization with guess, [0.2055859].
2024-02-12 11:57:39,814 - INFO - Best fit parameters: [0.2055859].
2024-02-12 11:57:39,833 - INFO - Maximum log composite likelihood: -38.08543301804366.
2024-02-12 11:57:39,834 - INFO - Optimal value of theta: 478.97753134546303.
2024-02-12 11:57:39,834 - INFO - Beginning optimization with guess, [0.30398373].
2024-02-12 11:57:40,434 - INFO - Finished optimization with guess, [0.30398373].
2024-02-12 11:57:40,434 - INFO - Best fit parameters: [0.30398373].
2024-02-12 11:57:40,451 - INFO - Maximum log composite likelihood: -38.08543301804366.
2024-02-12 11:57:40,451 - INFO - Optimal value of theta: 478.97753134546303.
2024-02-12 11:57:40,452 - INFO - Beginning optimization with guess, [0.26100107].
2024-02-12 11:57:41,023 - INFO - Finished optimization with guess, [0.26100107].
2024-02-12 11:57:41,023 - INFO - Best fit parameters: [0.26100107].
2024-02-12 11:57:41,043 - INFO - Maximum log composite likelihood: -38.08543301804366.
2024-02-12 11:57:41,043 - INFO - Optimal value of theta: 478.97753134546303.
2024-02-12 11:57:41,044 - INFO - Beginning optimization with guess, [0.30089725].
2024-02-12 11:57:41,634 - INFO - Finished optimization with guess, [0.30089725].
2024-02-12 11:57:41,635 - INFO - Best fit parameters: [0.30089725].
2024-02-12 11:57:41,652 - INFO - Maximum log composite likelihood: -38.08543301804366.
2024-02-12 11:57:41,652 - INFO - Optimal value of theta: 478.97753134546303.
2024-02-12 11:57:41,653 - INFO - Beginning optimization with guess, [1.19495938].
2024-02-12 11:57:42,057 - INFO - Finished optimization with guess, [1.19495938].
2024-02-12 11:57:42,057 - INFO - Best fit parameters: [1.19495938].
2024-02-12 11:57:42,075 - INFO - Maximum log composite likelihood: -38.08543301804366.
2024-02-12 11:57:42,075 - INFO - Optimal value of theta: 478.97753134546303.
2024-02-12 11:57:42,076 - INFO - Beginning optimization with guess, [0.74211976].
2024-02-12 11:57:42,542 - INFO - Finished optimization with guess, [0.74211976].
2024-02-12 11:57:42,542 - INFO - Best fit parameters: [0.74211976].
2024-02-12 11:57:42,560 - INFO - Maximum log composite likelihood: -38.08543301804366.
2024-02-12 11:57:42,560 - INFO - Optimal value of theta: 478.97753134546303.
2024-02-12 11:57:42,560 - INFO - Beginning optimization with guess, [0.81907249].
2024-02-12 11:57:42,977 - INFO - Finished optimization with guess, [0.81907249].
2024-02-12 11:57:42,977 - INFO - Best fit parameters: [0.81907249].
2024-02-12 11:57:42,994 - INFO - Maximum log composite likelihood: -38.08543301804366.
2024-02-12 11:57:42,995 - INFO - Optimal value of theta: 478.97753134546303.
2024-02-12 11:57:42,995 - INFO - Beginning optimization with guess, [0.58749297].
2024-02-12 11:57:43,508 - INFO - Finished optimization with guess, [0.58749297].
2024-02-12 11:57:43,508 - INFO - Best fit parameters: [0.58749297].
2024-02-12 11:57:43,526 - INFO - Maximum log composite likelihood: -38.08543301804366.
2024-02-12 11:57:43,526 - INFO - Optimal value of theta: 478.97753134546303.
2024-02-12 11:57:43,526 - INFO - Beginning optimization with guess, [0.62483403].
2024-02-12 11:57:43,987 - INFO - Finished optimization with guess, [0.62483403].
2024-02-12 11:57:43,988 - INFO - Best fit parameters: [0.62483403].
2024-02-12 11:57:44,005 - INFO - Maximum log composite likelihood: -38.08543301804366.
2024-02-12 11:57:44,006 - INFO - Optimal value of theta: 478.97753134546303.
2024-02-12 11:57:44,006 - INFO - Beginning optimization with guess, [1.02162597].
2024-02-12 11:57:44,258 - INFO - Finished optimization with guess, [1.02162597].
2024-02-12 11:57:44,258 - INFO - Best fit parameters: [1.02162597].
2024-02-12 11:57:44,275 - INFO - Maximum log composite likelihood: -38.08543301804366.
2024-02-12 11:57:44,276 - INFO - Optimal value of theta: 478.97753134546303.
2024-02-12 11:57:44,276 - INFO - Beginning optimization with guess, [0.99003504].
2024-02-12 11:57:44,470 - INFO - Finished optimization with guess, [0.99003504].
2024-02-12 11:57:44,470 - INFO - Best fit parameters: [0.99003504].
2024-02-12 11:57:44,488 - INFO - Maximum log composite likelihood: -38.08543301804366.
2024-02-12 11:57:44,488 - INFO - Optimal value of theta: 478.97753134546303.
2024-02-12 11:57:44,488 - INFO - Beginning optimization with guess, [1.64959581].
2024-02-12 11:57:44,953 - INFO - Finished optimization with guess, [1.64959581].
2024-02-12 11:57:44,954 - INFO - Best fit parameters: [1.64959581].
2024-02-12 11:57:44,973 - INFO - Maximum log composite likelihood: -38.08543301804366.
2024-02-12 11:57:44,974 - INFO - Optimal value of theta: 478.97753134546303.
2024-02-12 11:57:44,974 - INFO - Beginning optimization with guess, [2.2877467].
2024-02-12 11:57:45,486 - INFO - Finished optimization with guess, [2.2877467].
2024-02-12 11:57:45,486 - INFO - Best fit parameters: [2.2877467].
2024-02-12 11:57:45,504 - INFO - Maximum log composite likelihood: -38.08543301804366.
2024-02-12 11:57:45,504 - INFO - Optimal value of theta: 478.97753134546303.
2024-02-12 11:57:45,504 - INFO - Beginning optimization with guess, [2.66994722].
2024-02-12 11:57:46,015 - INFO - Finished optimization with guess, [2.66994722].
2024-02-12 11:57:46,015 - INFO - Best fit parameters: [2.66994722].
2024-02-12 11:57:46,032 - INFO - Maximum log composite likelihood: -38.08543301804366.
2024-02-12 11:57:46,032 - INFO - Optimal value of theta: 478.97753134546303.
2024-02-12 11:57:46,033 - INFO - Beginning optimization with guess, [3.02595092].
2024-02-12 11:57:46,598 - INFO - Finished optimization with guess, [3.02595092].
2024-02-12 11:57:46,599 - INFO - Best fit parameters: [3.02595092].
2024-02-12 11:57:46,616 - INFO - Maximum log composite likelihood: -38.08543301804366.
2024-02-12 11:57:46,617 - INFO - Optimal value of theta: 478.97753134546303.
2024-02-12 11:57:46,617 - INFO - Beginning optimization with guess, [3.33100178].
2024-02-12 11:57:47,175 - INFO - Finished optimization with guess, [3.33100178].
2024-02-12 11:57:47,175 - INFO - Best fit parameters: [3.33100178].
2024-02-12 11:57:47,192 - INFO - Maximum log composite likelihood: -38.08543301804366.
2024-02-12 11:57:47,193 - INFO - Optimal value of theta: 478.97753134546303.
2024-02-12 11:57:47,193 - INFO - Beginning optimization with guess, [5.86183664].
2024-02-12 11:57:47,758 - INFO - Finished optimization with guess, [5.86183664].
2024-02-12 11:57:47,758 - INFO - Best fit parameters: [5.86183664].
2024-02-12 11:57:47,776 - INFO - Maximum log composite likelihood: -38.08543301804366.
2024-02-12 11:57:47,776 - INFO - Optimal value of theta: 478.97753134546303.
2024-02-12 11:57:47,776 - INFO - Beginning optimization with guess, [4.84237719].
2024-02-12 11:57:48,333 - INFO - Finished optimization with guess, [4.84237719].
2024-02-12 11:57:48,333 - INFO - Best fit parameters: [4.84237719].
2024-02-12 11:57:48,351 - INFO - Maximum log composite likelihood: -38.08543301804366.
2024-02-12 11:57:48,351 - INFO - Optimal value of theta: 478.97753134546303.
2024-02-12 11:57:48,351 - INFO - Beginning optimization with guess, [2.87944616].
2024-02-12 11:57:49,014 - INFO - Finished optimization with guess, [2.87944616].
2024-02-12 11:57:49,014 - INFO - Best fit parameters: [2.87944616].
2024-02-12 11:57:49,035 - INFO - Maximum log composite likelihood: -38.08543301804366.
2024-02-12 11:57:49,035 - INFO - Optimal value of theta: 478.97753134546303.
2024-02-12 11:57:49,035 - INFO - Beginning optimization with guess, [2.58763546].
2024-02-12 11:57:49,636 - INFO - Finished optimization with guess, [2.58763546].
2024-02-12 11:57:49,636 - INFO - Best fit parameters: [2.58763546].
2024-02-12 11:57:49,657 - INFO - Maximum log composite likelihood: -38.08543301804366.
2024-02-12 11:57:49,658 - INFO - Optimal value of theta: 478.97753134546303.
2024-02-12 11:57:49,658 - INFO - Beginning optimization with guess, [2.76946364].
2024-02-12 11:57:50,255 - INFO - Finished optimization with guess, [2.76946364].
2024-02-12 11:57:50,255 - INFO - Best fit parameters: [2.76946364].
2024-02-12 11:57:50,276 - INFO - Maximum log composite likelihood: -38.08543301804366.
2024-02-12 11:57:50,276 - INFO - Optimal value of theta: 478.97753134546303.
2024-02-12 11:57:50,277 - INFO - Beginning optimization with guess, [10.81801836].
2024-02-12 11:57:50,993 - INFO - Finished optimization with guess, [10.81801836].
2024-02-12 11:57:50,993 - INFO - Best fit parameters: [10.81801836].
2024-02-12 11:57:51,013 - INFO - Maximum log composite likelihood: -38.08543301804366.
2024-02-12 11:57:51,014 - INFO - Optimal value of theta: 478.97753134546303.
2024-02-12 11:57:51,014 - INFO - Beginning optimization with guess, [3.56229376].
2024-02-12 11:57:51,624 - INFO - Finished optimization with guess, [3.56229376].
2024-02-12 11:57:51,624 - INFO - Best fit parameters: [3.56229376].
2024-02-12 11:57:51,642 - INFO - Maximum log composite likelihood: -38.08543301804366.
2024-02-12 11:57:51,642 - INFO - Optimal value of theta: 478.97753134546303.
2024-02-12 11:57:51,642 - INFO - Beginning optimization with guess, [7.55366179].
2024-02-12 11:57:52,219 - INFO - Finished optimization with guess, [7.55366179].
2024-02-12 11:57:52,220 - INFO - Best fit parameters: [7.55366179].
2024-02-12 11:57:52,240 - INFO - Maximum log composite likelihood: -38.08543301804366.
2024-02-12 11:57:52,240 - INFO - Optimal value of theta: 478.97753134546303.
2024-02-12 11:57:52,241 - INFO - Beginning demographic inference for two-epoch demographic model.
2024-02-12 11:57:52,242 - INFO - Beginning optimization with guess, [0.09468917 0.00985976].
2024-02-12 11:57:53,267 - INFO - Finished optimization with guess, [0.09468917 0.00985976].
2024-02-12 11:57:53,267 - INFO - Best fit parameters: [0.40974348 0.28030747].
2024-02-12 11:57:53,301 - INFO - Maximum log composite likelihood: -19.0781104057869.
2024-02-12 11:57:53,301 - INFO - Optimal value of theta: 719.5897422787674.
2024-02-12 11:57:53,301 - INFO - Beginning optimization with guess, [0.20098265 0.01564481].
2024-02-12 11:57:54,315 - INFO - Finished optimization with guess, [0.20098265 0.01564481].
2024-02-12 11:57:54,316 - INFO - Best fit parameters: [0.42204054 0.23088777].
2024-02-12 11:57:54,344 - INFO - Maximum log composite likelihood: -19.09021134589557.
2024-02-12 11:57:54,345 - INFO - Optimal value of theta: 673.8885515338106.
2024-02-12 11:57:54,345 - INFO - Beginning optimization with guess, [0.38389412 0.01544553].
2024-02-12 11:57:55,388 - INFO - Finished optimization with guess, [0.38389412 0.01544553].
2024-02-12 11:57:55,389 - INFO - Best fit parameters: [0.42893897 0.18880723].
2024-02-12 11:57:55,415 - INFO - Maximum log composite likelihood: -19.17699710980753.
2024-02-12 11:57:55,415 - INFO - Optimal value of theta: 639.8238154675361.
2024-02-12 11:57:55,415 - INFO - Beginning optimization with guess, [0.39169583 0.01279821].
2024-02-12 11:57:56,531 - INFO - Finished optimization with guess, [0.39169583 0.01279821].
2024-02-12 11:57:56,531 - INFO - Best fit parameters: [0.41487056 0.19656591].
2024-02-12 11:57:56,559 - INFO - Maximum log composite likelihood: -19.112543367416038.
2024-02-12 11:57:56,559 - INFO - Optimal value of theta: 655.4472827934387.
2024-02-12 11:57:56,560 - INFO - Beginning optimization with guess, [0.49951699 0.01985851].
2024-02-12 11:57:58,215 - INFO - Finished optimization with guess, [0.49951699 0.01985851].
2024-02-12 11:57:58,216 - INFO - Best fit parameters: [0.26482354 0.34286   ].
2024-02-12 11:57:58,259 - INFO - Maximum log composite likelihood: -18.95709020575555.
2024-02-12 11:57:58,259 - INFO - Optimal value of theta: 1095.4545362963665.
2024-02-12 11:57:58,259 - INFO - Beginning optimization with guess, [0.77736757 0.00712367].
2024-02-12 11:57:59,577 - INFO - Finished optimization with guess, [0.77736757 0.00712367].
2024-02-12 11:57:59,577 - INFO - Best fit parameters: [0.36661873 0.28828412].
2024-02-12 11:57:59,611 - INFO - Maximum log composite likelihood: -18.982626692109648.
2024-02-12 11:57:59,611 - INFO - Optimal value of theta: 780.0318287166946.
2024-02-12 11:57:59,611 - INFO - Beginning optimization with guess, [0.50783609 0.01286746].
2024-02-12 11:58:01,240 - INFO - Finished optimization with guess, [0.50783609 0.01286746].
2024-02-12 11:58:01,241 - INFO - Best fit parameters: [0.29463173 0.33103431].
2024-02-12 11:58:01,279 - INFO - Maximum log composite likelihood: -18.95968648362873.
2024-02-12 11:58:01,280 - INFO - Optimal value of theta: 975.6469693770302.
2024-02-12 11:58:01,280 - INFO - Beginning optimization with guess, [0.56803728 0.01568258].
2024-02-12 11:58:02,687 - INFO - Finished optimization with guess, [0.56803728 0.01568258].
2024-02-12 11:58:02,688 - INFO - Best fit parameters: [0.30176778 0.33022304].
2024-02-12 11:58:02,726 - INFO - Maximum log composite likelihood: -18.960044041512788.
2024-02-12 11:58:02,727 - INFO - Optimal value of theta: 954.4058568019348.
2024-02-12 11:58:02,727 - INFO - Beginning optimization with guess, [1.58466204 0.00703801].
2024-02-12 11:58:11,841 - INFO - Finished optimization with guess, [1.58466204 0.00703801].
2024-02-12 11:58:11,841 - INFO - Best fit parameters: [0.42285615 0.11150028].
2024-02-12 11:58:11,865 - INFO - Maximum log composite likelihood: -19.737082908552452.
2024-02-12 11:58:11,865 - INFO - Optimal value of theta: 585.875205625715.
2024-02-12 11:58:11,865 - INFO - Beginning optimization with guess, [1.13954776 0.0076053 ].
2024-02-12 11:58:15,789 - INFO - Finished optimization with guess, [1.13954776 0.0076053 ].
2024-02-12 11:58:15,789 - INFO - Best fit parameters: [0.34829218 0.07621761].
2024-02-12 11:58:15,811 - INFO - Maximum log composite likelihood: -19.829118964449663.
2024-02-12 11:58:15,811 - INFO - Optimal value of theta: 584.6982243935201.
2024-02-12 11:58:15,811 - INFO - Beginning optimization with guess, [0.91864272 0.01679911].
2024-02-12 11:58:17,029 - INFO - Finished optimization with guess, [0.91864272 0.01679911].
2024-02-12 11:58:17,030 - INFO - Best fit parameters: [0.35550822 0.11155214].
2024-02-12 11:58:17,054 - INFO - Maximum log composite likelihood: -19.538527912204245.
2024-02-12 11:58:17,054 - INFO - Optimal value of theta: 621.2657816848564.
2024-02-12 11:58:17,054 - INFO - Beginning optimization with guess, [2.33917749 0.01782931].
2024-02-12 11:58:18,786 - INFO - Finished optimization with guess, [2.33917749 0.01782931].
2024-02-12 11:58:18,786 - INFO - Best fit parameters: [0.40217068 0.23302504].
2024-02-12 11:58:18,816 - INFO - Maximum log composite likelihood: -19.039670819608432.
2024-02-12 11:58:18,816 - INFO - Optimal value of theta: 693.267366473641.
2024-02-12 11:58:18,817 - INFO - Beginning optimization with guess, [1.28763791 0.0125513 ].
2024-02-12 11:58:23,690 - INFO - Finished optimization with guess, [1.28763791 0.0125513 ].
2024-02-12 11:58:23,691 - INFO - Best fit parameters: [0.61587711 0.44038149].
2024-02-12 11:58:23,722 - INFO - Maximum log composite likelihood: -23.63234945930526.
2024-02-12 11:58:23,722 - INFO - Optimal value of theta: 616.2746029150942.
2024-02-12 11:58:23,722 - INFO - Beginning optimization with guess, [1.89238404 0.01271931].
2024-02-12 11:58:25,452 - INFO - Finished optimization with guess, [1.89238404 0.01271931].
2024-02-12 11:58:25,452 - INFO - Best fit parameters: [0.37708666 0.23090098].
2024-02-12 11:58:25,481 - INFO - Maximum log composite likelihood: -19.067395901449913.
2024-02-12 11:58:25,481 - INFO - Optimal value of theta: 717.2188095832124.
2024-02-12 11:58:25,481 - INFO - Beginning optimization with guess, [3.12574707 0.01453552].
2024-02-12 11:58:27,267 - INFO - Finished optimization with guess, [3.12574707 0.01453552].
2024-02-12 11:58:27,267 - INFO - Best fit parameters: [0.33389271 0.3250092 ].
2024-02-12 11:58:27,303 - INFO - Maximum log composite likelihood: -18.97146472941654.
2024-02-12 11:58:27,303 - INFO - Optimal value of theta: 871.8508837031902.
2024-02-12 11:58:27,303 - INFO - Beginning optimization with guess, [1.94910199 0.00728304].
2024-02-12 11:58:29,421 - INFO - Finished optimization with guess, [1.94910199 0.00728304].
2024-02-12 11:58:29,421 - INFO - Best fit parameters: [0.36043816 0.19147174].
2024-02-12 11:58:29,450 - INFO - Maximum log composite likelihood: -19.312096881366756.
2024-02-12 11:58:29,450 - INFO - Optimal value of theta: 698.9250593300432.
2024-02-12 11:58:29,450 - INFO - Beginning optimization with guess, [1.42742127 0.00761264].
2024-02-12 11:58:37,693 - INFO - Finished optimization with guess, [1.42742127 0.00761264].
2024-02-12 11:58:37,694 - INFO - Best fit parameters: [0.50545143 0.40100513].
2024-02-12 11:58:37,728 - INFO - Maximum log composite likelihood: -20.951100083157826.
2024-02-12 11:58:37,728 - INFO - Optimal value of theta: 686.9273023529206.
2024-02-12 11:58:37,728 - INFO - Beginning optimization with guess, [2.28164471 0.00871498].
2024-02-12 11:58:39,683 - INFO - Finished optimization with guess, [2.28164471 0.00871498].
2024-02-12 11:58:39,683 - INFO - Best fit parameters: [0.39995733 0.14634121].
2024-02-12 11:58:39,708 - INFO - Maximum log composite likelihood: -19.26497968283263.
2024-02-12 11:58:39,708 - INFO - Optimal value of theta: 626.5375770250203.
2024-02-12 11:58:39,708 - INFO - Beginning optimization with guess, [3.00945713 0.00586873].
2024-02-12 11:58:42,051 - INFO - Finished optimization with guess, [3.00945713 0.00586873].
2024-02-12 11:58:42,051 - INFO - Best fit parameters: [0.40673124 0.23037135].
2024-02-12 11:58:42,079 - INFO - Maximum log composite likelihood: -19.04815663441218.
2024-02-12 11:58:42,079 - INFO - Optimal value of theta: 687.0281537665534.
2024-02-12 11:58:42,079 - INFO - Beginning optimization with guess, [4.72484611 0.00601343].
2024-02-12 11:58:44,639 - INFO - Finished optimization with guess, [4.72484611 0.00601343].
2024-02-12 11:58:44,639 - INFO - Best fit parameters: [0.29970825 0.34619221].
2024-02-12 11:58:44,679 - INFO - Maximum log composite likelihood: -18.973626173790763.
2024-02-12 11:58:44,679 - INFO - Optimal value of theta: 980.4252164242328.
2024-02-12 11:58:44,679 - INFO - Beginning optimization with guess, [4.18483065 0.00664845].
2024-02-12 11:58:47,067 - INFO - Finished optimization with guess, [4.18483065 0.00664845].
2024-02-12 11:58:47,068 - INFO - Best fit parameters: [0.38951791 0.20890836].
2024-02-12 11:58:47,095 - INFO - Maximum log composite likelihood: -19.091801457315796.
2024-02-12 11:58:47,095 - INFO - Optimal value of theta: 686.2600401919811.
2024-02-12 11:58:47,095 - INFO - Beginning optimization with guess, [5.58253046 0.01143353].
2024-02-12 11:58:49,087 - INFO - Finished optimization with guess, [5.58253046 0.01143353].
2024-02-12 11:58:49,087 - INFO - Best fit parameters: [0.4227095  0.24111996].
2024-02-12 11:58:49,116 - INFO - Maximum log composite likelihood: -19.09259169817767.
2024-02-12 11:58:49,116 - INFO - Optimal value of theta: 680.2245270330811.
2024-02-12 11:58:49,117 - INFO - Beginning optimization with guess, [7.08115276 0.01406755].
2024-02-12 11:58:51,146 - INFO - Finished optimization with guess, [7.08115276 0.01406755].
2024-02-12 11:58:51,147 - INFO - Best fit parameters: [0.20543146 0.32591032].
2024-02-12 11:58:51,196 - INFO - Maximum log composite likelihood: -18.961561058324264.
2024-02-12 11:58:51,197 - INFO - Optimal value of theta: 1389.6654113480615.
2024-02-12 11:58:51,197 - INFO - Beginning optimization with guess, [4.40102545 0.01303192].
2024-02-12 11:58:53,138 - INFO - Finished optimization with guess, [4.40102545 0.01303192].
2024-02-12 11:58:53,138 - INFO - Best fit parameters: [0.38805899 0.30198074].
2024-02-12 11:58:53,172 - INFO - Maximum log composite likelihood: -19.039443164947556.
2024-02-12 11:58:53,172 - INFO - Optimal value of theta: 761.3731267678962.
2024-02-12 11:58:53,172 - INFO - Beginning optimization with guess, [6.01461718 0.00823928].
2024-02-12 11:58:55,719 - INFO - Finished optimization with guess, [6.01461718 0.00823928].
2024-02-12 11:58:55,720 - INFO - Best fit parameters: [0.2910028  0.30473171].
2024-02-12 11:58:55,757 - INFO - Maximum log composite likelihood: -19.032992408565974.
2024-02-12 11:58:55,757 - INFO - Optimal value of theta: 950.351302382109.
2024-02-12 11:58:55,758 - INFO - Beginning demographic inference for three-epoch demographic model.
2024-02-12 11:58:55,761 - INFO - Beginning optimization with guess, [0.00573025 0.00683718 0.00775713 0.00710478].
2024-02-12 11:59:01,281 - INFO - Finished optimization with guess, [0.00573025 0.00683718 0.00775713 0.00710478].
2024-02-12 11:59:01,281 - INFO - Best fit parameters: [0.00337894 0.00460349 0.01355302 0.00709748].
2024-02-12 11:59:01,403 - INFO - Maximum log composite likelihood: -18.959891593774387.
2024-02-12 11:59:01,403 - INFO - Optimal value of theta: 62095.813523408106.
2024-02-12 11:59:01,403 - INFO - Beginning optimization with guess, [0.03421844 0.03006436 0.01281871 0.01728121].
2024-02-12 11:59:02,561 - INFO - Finished optimization with guess, [0.03421844 0.03006436 0.01281871 0.01728121].
2024-02-12 11:59:02,561 - INFO - Best fit parameters: [9.66633379e-03 1.84759475e+00 1.20965137e-03 1.44278800e-02].
2024-02-12 11:59:02,582 - INFO - Maximum log composite likelihood: -20.06783142168888.
2024-02-12 11:59:02,583 - INFO - Optimal value of theta: 572.0352573698904.
2024-02-12 11:59:02,583 - INFO - Beginning optimization with guess, [0.01813651 0.03791235 0.01413022 0.0077478 ].
2024-02-12 11:59:05,727 - INFO - Finished optimization with guess, [0.01813651 0.03791235 0.01413022 0.0077478 ].
2024-02-12 11:59:05,728 - INFO - Best fit parameters: [0.00828033 0.04561953 0.02250502 0.01123701].
2024-02-12 11:59:05,800 - INFO - Maximum log composite likelihood: -18.742626594318267.
2024-02-12 11:59:05,800 - INFO - Optimal value of theta: 7545.331210430324.
2024-02-12 11:59:05,800 - INFO - Beginning optimization with guess, [0.049258   0.07753141 0.00631251 0.0073254 ].
2024-02-12 11:59:06,774 - INFO - Finished optimization with guess, [0.049258   0.07753141 0.00631251 0.0073254 ].
2024-02-12 11:59:06,774 - INFO - Best fit parameters: [0.05935843 0.11002867 0.00348761 0.00624644].
2024-02-12 11:59:06,795 - INFO - Maximum log composite likelihood: -21.070907636477955.
2024-02-12 11:59:06,795 - INFO - Optimal value of theta: 567.2798072400485.
2024-02-12 11:59:06,795 - INFO - Beginning optimization with guess, [0.06437908 0.02757395 0.00742786 0.00616451].
2024-02-12 11:59:07,774 - INFO - Finished optimization with guess, [0.06437908 0.02757395 0.00742786 0.00616451].
2024-02-12 11:59:07,774 - INFO - Best fit parameters: [0.05286913 0.08374976 0.00374331 0.00311194].
2024-02-12 11:59:07,795 - INFO - Maximum log composite likelihood: -21.193795566304175.
2024-02-12 11:59:07,795 - INFO - Optimal value of theta: 564.0940945245115.
2024-02-12 11:59:07,795 - INFO - Beginning optimization with guess, [0.47650123 0.83432054 0.01260753 0.01775099].
2024-02-12 11:59:08,991 - INFO - Finished optimization with guess, [0.47650123 0.83432054 0.01260753 0.01775099].
2024-02-12 11:59:08,991 - INFO - Best fit parameters: [0.37351779 0.81010939 0.19716809 0.01553356].
2024-02-12 11:59:09,020 - INFO - Maximum log composite likelihood: -18.95875925136852.
2024-02-12 11:59:09,020 - INFO - Optimal value of theta: 682.9051339542374.
2024-02-12 11:59:09,021 - INFO - Beginning optimization with guess, [0.35700986 0.6052178  0.01479151 0.00994711].
2024-02-12 11:59:10,089 - INFO - Finished optimization with guess, [0.35700986 0.6052178  0.01479151 0.00994711].
2024-02-12 11:59:10,090 - INFO - Best fit parameters: [0.30960371 0.56793231 0.0775983  0.00847211].
2024-02-12 11:59:10,112 - INFO - Maximum log composite likelihood: -19.475207326461828.
2024-02-12 11:59:10,112 - INFO - Optimal value of theta: 608.1514200498713.
2024-02-12 11:59:10,113 - INFO - Beginning optimization with guess, [1.19194121 0.48013231 0.01114852 0.01941185].
2024-02-12 11:59:11,457 - INFO - Finished optimization with guess, [1.19194121 0.48013231 0.01114852 0.01941185].
2024-02-12 11:59:11,458 - INFO - Best fit parameters: [1.20496676 0.37344276 0.00639708 0.29575719].
2024-02-12 11:59:11,491 - INFO - Maximum log composite likelihood: -18.992208169888045.
2024-02-12 11:59:11,491 - INFO - Optimal value of theta: 776.0001346207753.
2024-02-12 11:59:11,491 - INFO - Beginning optimization with guess, [0.84179919 0.88528329 0.00933926 0.01653384].
2024-02-12 11:59:12,711 - INFO - Finished optimization with guess, [0.84179919 0.88528329 0.00933926 0.01653384].
2024-02-12 11:59:12,711 - INFO - Best fit parameters: [0.83307513 0.81935811 0.01164826 0.36572058].
2024-02-12 11:59:12,739 - INFO - Maximum log composite likelihood: -29.967014092514773.
2024-02-12 11:59:12,739 - INFO - Optimal value of theta: 521.5263671554027.
2024-02-12 11:59:12,739 - INFO - Beginning optimization with guess, [1.71866011 0.88281651 0.01354586 0.01550047].
2024-02-12 11:59:13,928 - INFO - Finished optimization with guess, [1.71866011 0.88281651 0.01354586 0.01550047].
2024-02-12 11:59:13,929 - INFO - Best fit parameters: [1.75566848 0.82513201 0.00455664 0.25620506].
2024-02-12 11:59:13,956 - INFO - Maximum log composite likelihood: -30.21164929329825.
2024-02-12 11:59:13,956 - INFO - Optimal value of theta: 509.6817761204729.
2024-02-12 11:59:13,956 - INFO - Beginning optimization with guess, [0.66675972 1.4924363  0.0089922  0.00518122].
2024-02-12 11:59:15,125 - INFO - Finished optimization with guess, [0.66675972 1.4924363  0.0089922  0.00518122].
2024-02-12 11:59:15,125 - INFO - Best fit parameters: [0.5837368  1.57679636 0.22630909 0.00288006].
2024-02-12 11:59:15,150 - INFO - Maximum log composite likelihood: -22.00813862967425.
2024-02-12 11:59:15,150 - INFO - Optimal value of theta: 574.7126274803003.
2024-02-12 11:59:15,150 - INFO - Beginning optimization with guess, [0.94187371 1.04030973 0.00874433 0.01632864].
2024-02-12 11:59:16,402 - INFO - Finished optimization with guess, [0.94187371 1.04030973 0.00874433 0.01632864].
2024-02-12 11:59:16,403 - INFO - Best fit parameters: [0.90762223 1.04148279 0.35110083 0.00364144].
2024-02-12 11:59:16,428 - INFO - Maximum log composite likelihood: -33.937357741270944.
2024-02-12 11:59:16,428 - INFO - Optimal value of theta: 497.3299568428213.
2024-02-12 11:59:16,429 - INFO - Beginning optimization with guess, [0.9645525  2.22066251 0.01919614 0.00511431].
2024-02-12 11:59:17,476 - INFO - Finished optimization with guess, [0.9645525  2.22066251 0.01919614 0.00511431].
2024-02-12 11:59:17,476 - INFO - Best fit parameters: [9.26746772e-01 1.02189899e+00 2.86645815e-01 1.96046887e-04].
2024-02-12 11:59:17,500 - INFO - Maximum log composite likelihood: -34.645849930458326.
2024-02-12 11:59:17,500 - INFO - Optimal value of theta: 491.6433116687637.
2024-02-12 11:59:17,500 - INFO - Beginning optimization with guess, [2.39196478 3.19841323 0.01146244 0.01551898].
2024-02-12 11:59:18,339 - INFO - Finished optimization with guess, [2.39196478 3.19841323 0.01146244 0.01551898].
2024-02-12 11:59:18,340 - INFO - Best fit parameters: [5.37218826e-01 1.84399607e+00 2.93350555e-04 7.80210189e-05].
2024-02-12 11:59:18,358 - INFO - Maximum log composite likelihood: -37.986280849776335.
2024-02-12 11:59:18,358 - INFO - Optimal value of theta: 479.1720290575678.
2024-02-12 11:59:18,358 - INFO - Beginning optimization with guess, [2.17773999 1.3495212  0.00990829 0.00547903].
2024-02-12 11:59:19,175 - INFO - Finished optimization with guess, [2.17773999 1.3495212  0.00990829 0.00547903].
2024-02-12 11:59:19,175 - INFO - Best fit parameters: [1.51215810e+00 9.41269214e-01 2.91933438e-05 1.70829882e-03].
2024-02-12 11:59:19,194 - INFO - Maximum log composite likelihood: -38.041601759093396.
2024-02-12 11:59:19,194 - INFO - Optimal value of theta: 479.0637484669481.
2024-02-12 11:59:19,194 - INFO - Beginning optimization with guess, [1.59894666 1.93729045 0.00994126 0.01692773].
2024-02-12 11:59:19,978 - INFO - Finished optimization with guess, [1.59894666 1.93729045 0.00994126 0.01692773].
2024-02-12 11:59:19,978 - INFO - Best fit parameters: [8.88870269e-01 1.34536549e+00 7.33966541e-04 1.03754587e-04].
2024-02-12 11:59:19,996 - INFO - Maximum log composite likelihood: -38.05577840304545.
2024-02-12 11:59:19,997 - INFO - Optimal value of theta: 479.0357379513917.
2024-02-12 11:59:19,997 - INFO - Beginning optimization with guess, [1.52362282 2.95865165 0.00955942 0.01809223].
2024-02-12 11:59:20,807 - INFO - Finished optimization with guess, [1.52362282 2.95865165 0.00955942 0.01809223].
2024-02-12 11:59:20,807 - INFO - Best fit parameters: [7.75833943e-01 1.50747664e+00 1.58704516e-04 1.08662471e-04].
2024-02-12 11:59:20,826 - INFO - Maximum log composite likelihood: -38.08121741053935.
2024-02-12 11:59:20,826 - INFO - Optimal value of theta: 478.9857979024446.
2024-02-12 11:59:20,826 - INFO - Beginning optimization with guess, [1.69417076 4.82816087 0.01387487 0.01098474].
2024-02-12 11:59:21,670 - INFO - Finished optimization with guess, [1.69417076 4.82816087 0.01387487 0.01098474].
2024-02-12 11:59:21,670 - INFO - Best fit parameters: [1.04660831e+00 7.50627156e-01 5.05331235e-05 6.44924832e-04].
2024-02-12 11:59:21,689 - INFO - Maximum log composite likelihood: -37.98865527467831.
2024-02-12 11:59:21,689 - INFO - Optimal value of theta: 479.16747579365347.
2024-02-12 11:59:21,689 - INFO - Beginning optimization with guess, [2.50693828 2.51744639 0.00959873 0.01325248].
2024-02-12 11:59:22,580 - INFO - Finished optimization with guess, [2.50693828 2.51744639 0.00959873 0.01325248].
2024-02-12 11:59:22,580 - INFO - Best fit parameters: [5.58279074e+00 5.91218620e-01 2.58992264e-05 5.07603232e-01].
2024-02-12 11:59:22,615 - INFO - Maximum log composite likelihood: -23.794684485783364.
2024-02-12 11:59:22,615 - INFO - Optimal value of theta: 647.5578053118669.
2024-02-12 11:59:22,615 - INFO - Beginning optimization with guess, [2.94658531 5.01328218 0.01874588 0.01720922].
2024-02-12 11:59:23,463 - INFO - Finished optimization with guess, [2.94658531 5.01328218 0.01874588 0.01720922].
2024-02-12 11:59:23,463 - INFO - Best fit parameters: [5.06586467e-01 2.98281664e-01 1.33134962e-04 8.64507930e-05].
2024-02-12 11:59:23,482 - INFO - Maximum log composite likelihood: -37.93293421687281.
2024-02-12 11:59:23,482 - INFO - Optimal value of theta: 479.2766807242731.
2024-02-12 11:59:23,482 - INFO - Beginning optimization with guess, [2.54417527 2.83810122 0.01190571 0.00641974].
2024-02-12 11:59:24,305 - INFO - Finished optimization with guess, [2.54417527 2.83810122 0.01190571 0.00641974].
2024-02-12 11:59:24,305 - INFO - Best fit parameters: [1.71888035e+00 6.49962401e-01 7.05801000e-05 3.25333795e-04].
2024-02-12 11:59:24,324 - INFO - Maximum log composite likelihood: -38.01869595126743.
2024-02-12 11:59:24,324 - INFO - Optimal value of theta: 479.1082861473386.
2024-02-12 11:59:24,324 - INFO - Beginning optimization with guess, [3.13396206 8.44123005 0.01607552 0.01187158].
2024-02-12 11:59:25,172 - INFO - Finished optimization with guess, [3.13396206 8.44123005 0.01607552 0.01187158].
2024-02-12 11:59:25,172 - INFO - Best fit parameters: [4.13979445e-01 1.45113741e+01 1.49786415e-03 3.02473035e-04].
2024-02-12 11:59:25,192 - INFO - Maximum log composite likelihood: -37.27739938836862.
2024-02-12 11:59:25,192 - INFO - Optimal value of theta: 480.60173748627386.
2024-02-12 11:59:25,192 - INFO - Beginning optimization with guess, [6.69507508e+00 7.62867212e+00 5.66217760e-03 7.61793332e-03].
2024-02-12 11:59:26,012 - INFO - Finished optimization with guess, [6.69507508e+00 7.62867212e+00 5.66217760e-03 7.61793332e-03].
2024-02-12 11:59:26,012 - INFO - Best fit parameters: [4.53388335e-01 3.70974221e+00 5.41057116e-04 1.60707348e-05].
2024-02-12 11:59:26,030 - INFO - Maximum log composite likelihood: -37.79493672457522.
2024-02-12 11:59:26,030 - INFO - Optimal value of theta: 479.5503688201476.
2024-02-12 11:59:26,030 - INFO - Beginning optimization with guess, [8.42496173e+00 1.17486580e+01 5.04848017e-03 1.12511090e-02].
2024-02-12 11:59:26,836 - INFO - Finished optimization with guess, [8.42496173e+00 1.17486580e+01 5.04848017e-03 1.12511090e-02].
2024-02-12 11:59:26,837 - INFO - Best fit parameters: [3.87257569e-01 5.17174376e+00 1.40244341e-04 6.13667177e-05].
2024-02-12 11:59:26,857 - INFO - Maximum log composite likelihood: -38.00682793971248.
2024-02-12 11:59:26,857 - INFO - Optimal value of theta: 479.1315656418156.
2024-02-12 11:59:26,857 - INFO - Beginning optimization with guess, [1.03771480e+01 1.38297159e+01 7.15186999e-03 8.85311742e-03].
2024-02-12 11:59:27,712 - INFO - Finished optimization with guess, [1.03771480e+01 1.38297159e+01 7.15186999e-03 8.85311742e-03].
2024-02-12 11:59:27,712 - INFO - Best fit parameters: [1.60506723e-02 2.06975191e+00 2.83850257e-04 2.68141831e-07].
2024-02-12 11:59:27,731 - INFO - Maximum log composite likelihood: -31.479122677219493.
2024-02-12 11:59:27,731 - INFO - Optimal value of theta: 494.3290607292271.
2024-02-12 11:59:27,732 - INFO - Finished demographic inference.
2024-02-12 11:59:27,732 - INFO - Pipeline executed succesfully.
