2025-01-30 15:24:26,607 - INFO - Beginning execution of fit_demographic_model.py in directory /u/scratch/j/jonmah/sample_size_demography/Scripts

2025-01-30 15:24:26,608 - INFO - Progress is being logged to ../Analysis/ThreeEpochBottleneck_100/log.log

2025-01-30 15:24:26,608 - INFO - Parsed the following arguments:
	syn_input_sfs = ../Analysis/ThreeEpochBottleneck_100/syn_downsampled_sfs.txt
	mask_singletons = False
	mask_doubletons = False
	outprefix = ../Analysis/ThreeEpochBottleneck_100/

2025-01-30 15:24:26,614 - INFO - Beginning demographic inference for two-epoch demographic model.
2025-01-30 15:24:26,618 - INFO - Beginning optimization with guess, [0.01984253 0.06246034].
2025-01-30 15:24:33,405 - INFO - Finished optimization with guess, [0.01984253 0.06246034].
2025-01-30 15:24:33,406 - INFO - Best fit parameters: [0.01489221 0.07498679].
2025-01-30 15:24:33,553 - INFO - Maximum log composite likelihood: -1909.6168536364792.
2025-01-30 15:24:33,553 - INFO - Optimal value of theta: 257323.60796130038.
2025-01-30 15:24:33,554 - INFO - Beginning optimization with guess, [0.08502641 0.12072646].
2025-01-30 15:24:40,103 - INFO - Finished optimization with guess, [0.08502641 0.12072646].
2025-01-30 15:24:40,104 - INFO - Best fit parameters: [0.04944118 0.18773768].
2025-01-30 15:24:40,241 - INFO - Maximum log composite likelihood: -1909.6168566251888.
2025-01-30 15:24:40,241 - INFO - Optimal value of theta: 77508.75501575565.
2025-01-30 15:24:40,241 - INFO - Beginning optimization with guess, [1.21253882 0.0508431 ].
2025-01-30 15:24:45,471 - INFO - Finished optimization with guess, [1.21253882 0.0508431 ].
2025-01-30 15:24:45,472 - INFO - Best fit parameters: [5.19693780e+01 1.01093611e-02].
2025-01-30 15:24:45,578 - INFO - Maximum log composite likelihood: -1889.8312065933032.
2025-01-30 15:24:45,578 - INFO - Optimal value of theta: 4363.8753507252595.
2025-01-30 15:24:45,579 - INFO - Beginning optimization with guess, [1.51654369 0.05253917].
2025-01-30 15:24:50,809 - INFO - Finished optimization with guess, [1.51654369 0.05253917].
2025-01-30 15:24:50,809 - INFO - Best fit parameters: [4.55729933 0.01253771].
2025-01-30 15:24:50,915 - INFO - Maximum log composite likelihood: -2003.5221041266088.
2025-01-30 15:24:50,915 - INFO - Optimal value of theta: 4407.0106993439795.
2025-01-30 15:24:50,916 - INFO - Beginning optimization with guess, [7.565852   0.16057177].
2025-01-30 15:24:55,944 - INFO - Finished optimization with guess, [7.565852   0.16057177].
2025-01-30 15:24:55,945 - INFO - Best fit parameters: [1.43338275e+01 8.46923324e-03].
2025-01-30 15:24:56,051 - INFO - Maximum log composite likelihood: -1935.2914179577099.
2025-01-30 15:24:56,052 - INFO - Optimal value of theta: 4448.945372487826.
2025-01-30 15:24:56,052 - INFO - Beginning optimization with guess, [5.23673198 0.17518454].
2025-01-30 15:25:01,326 - INFO - Finished optimization with guess, [5.23673198 0.17518454].
2025-01-30 15:25:01,326 - INFO - Best fit parameters: [3.4365894  0.00841301].
2025-01-30 15:25:01,433 - INFO - Maximum log composite likelihood: -2049.8016716447514.
2025-01-30 15:25:01,433 - INFO - Optimal value of theta: 4542.334085686784.
2025-01-30 15:25:01,433 - INFO - Beginning optimization with guess, [9.93591181 0.15670072].
2025-01-30 15:25:06,313 - INFO - Finished optimization with guess, [9.93591181 0.15670072].
2025-01-30 15:25:06,314 - INFO - Best fit parameters: [2.93123046e+01 1.02199701e-02].
2025-01-30 15:25:06,421 - INFO - Maximum log composite likelihood: -1898.6708220804153.
2025-01-30 15:25:06,421 - INFO - Optimal value of theta: 4368.526124616441.
2025-01-30 15:25:06,421 - INFO - Beginning optimization with guess, [15.02504732  0.09115004].
2025-01-30 15:25:11,066 - INFO - Finished optimization with guess, [15.02504732  0.09115004].
2025-01-30 15:25:11,067 - INFO - Best fit parameters: [2.74393207e+02 1.16279364e-02].
2025-01-30 15:25:11,173 - INFO - Maximum log composite likelihood: -1878.470919096046.
2025-01-30 15:25:11,173 - INFO - Optimal value of theta: 4292.510808922753.
2025-01-30 15:25:11,173 - INFO - Beginning optimization with guess, [15.09649092  0.11250261].
2025-01-30 15:25:16,277 - INFO - Finished optimization with guess, [15.09649092  0.11250261].
2025-01-30 15:25:16,277 - INFO - Best fit parameters: [6.41502715e+02 1.11550248e-02].
2025-01-30 15:25:16,384 - INFO - Maximum log composite likelihood: -1876.5396014523058.
2025-01-30 15:25:16,384 - INFO - Optimal value of theta: 4299.459253996442.
2025-01-30 15:25:16,385 - INFO - Beginning optimization with guess, [44.52329317  0.14978107].
2025-01-30 15:25:21,421 - INFO - Finished optimization with guess, [44.52329317  0.14978107].
2025-01-30 15:25:21,421 - INFO - Best fit parameters: [2.55490189e+01 1.18141177e-02].
2025-01-30 15:25:21,527 - INFO - Maximum log composite likelihood: -1900.5580360865138.
2025-01-30 15:25:21,527 - INFO - Optimal value of theta: 4315.357601365842.
2025-01-30 15:25:21,527 - INFO - Beginning optimization with guess, [15.11427463  0.18279136].
2025-01-30 15:25:27,012 - INFO - Finished optimization with guess, [15.11427463  0.18279136].
2025-01-30 15:25:27,014 - INFO - Best fit parameters: [1.96883413e+01 1.24514308e-02].
2025-01-30 15:25:27,133 - INFO - Maximum log composite likelihood: -1910.0565015815887.
2025-01-30 15:25:27,133 - INFO - Optimal value of theta: 4301.598655958167.
2025-01-30 15:25:27,134 - INFO - Beginning optimization with guess, [32.73067492  0.14456115].
2025-01-30 15:25:32,691 - INFO - Finished optimization with guess, [32.73067492  0.14456115].
2025-01-30 15:25:32,692 - INFO - Best fit parameters: [3.18100669e+01 1.02408583e-02].
2025-01-30 15:25:32,814 - INFO - Maximum log composite likelihood: -1896.905445489905.
2025-01-30 15:25:32,815 - INFO - Optimal value of theta: 4366.230141098982.
2025-01-30 15:25:32,815 - INFO - Beginning optimization with guess, [44.32202111  0.08935277].
2025-01-30 15:25:38,516 - INFO - Finished optimization with guess, [44.32202111  0.08935277].
2025-01-30 15:25:38,517 - INFO - Best fit parameters: [4.06540731e+02 1.04060109e-02].
2025-01-30 15:25:38,641 - INFO - Maximum log composite likelihood: -1877.0894392805453.
2025-01-30 15:25:38,641 - INFO - Optimal value of theta: 4333.466275269055.
2025-01-30 15:25:38,641 - INFO - Beginning optimization with guess, [30.35097855  0.12703338].
2025-01-30 15:25:44,567 - INFO - Finished optimization with guess, [30.35097855  0.12703338].
2025-01-30 15:25:44,568 - INFO - Best fit parameters: [1.08209736e+04 1.06572864e-02].
2025-01-30 15:25:44,695 - INFO - Maximum log composite likelihood: -1875.2420234761619.
2025-01-30 15:25:44,695 - INFO - Optimal value of theta: 4321.398626513648.
2025-01-30 15:25:44,695 - INFO - Beginning optimization with guess, [36.19054603  0.11464229].
2025-01-30 15:25:50,184 - INFO - Finished optimization with guess, [36.19054603  0.11464229].
2025-01-30 15:25:50,184 - INFO - Best fit parameters: [1.64853142e+03 1.06349962e-02].
2025-01-30 15:25:50,292 - INFO - Maximum log composite likelihood: -1875.5104714347094.
2025-01-30 15:25:50,292 - INFO - Optimal value of theta: 4310.768276760193.
2025-01-30 15:25:50,293 - INFO - Beginning optimization with guess, [47.98755801  0.06670143].
2025-01-30 15:25:55,173 - INFO - Finished optimization with guess, [47.98755801  0.06670143].
2025-01-30 15:25:55,174 - INFO - Best fit parameters: [9.18309857e+02 1.11892068e-02].
2025-01-30 15:25:55,296 - INFO - Maximum log composite likelihood: -1876.6341917281688.
2025-01-30 15:25:55,296 - INFO - Optimal value of theta: 4293.6659400514545.
2025-01-30 15:25:55,296 - INFO - Beginning optimization with guess, [45.22753823  0.05713609].
2025-01-30 15:26:00,664 - INFO - Finished optimization with guess, [45.22753823  0.05713609].
2025-01-30 15:26:00,665 - INFO - Best fit parameters: [1.30916756e+03 1.03936049e-02].
2025-01-30 15:26:00,772 - INFO - Maximum log composite likelihood: -1875.6027667743083.
2025-01-30 15:26:00,773 - INFO - Optimal value of theta: 4321.239227377867.
2025-01-30 15:26:00,773 - INFO - Beginning optimization with guess, [70.71543122  0.17199174].
2025-01-30 15:26:06,836 - INFO - Finished optimization with guess, [70.71543122  0.17199174].
2025-01-30 15:26:06,837 - INFO - Best fit parameters: [9.56392620e+01 9.28259389e-03].
2025-01-30 15:26:06,964 - INFO - Maximum log composite likelihood: -1890.0649237189693.
2025-01-30 15:26:06,964 - INFO - Optimal value of theta: 4389.273356305326.
2025-01-30 15:26:06,964 - INFO - Beginning optimization with guess, [58.98368301  0.06232538].
2025-01-30 15:26:13,379 - INFO - Finished optimization with guess, [58.98368301  0.06232538].
2025-01-30 15:26:13,380 - INFO - Best fit parameters: [5.65087245e+03 1.07516589e-02].
2025-01-30 15:26:13,507 - INFO - Maximum log composite likelihood: -1875.2545741158133.
2025-01-30 15:26:13,507 - INFO - Optimal value of theta: 4311.950957265868.
2025-01-30 15:26:13,508 - INFO - Beginning optimization with guess, [1.51373590e+02 6.10271954e-02].
2025-01-30 15:26:19,544 - INFO - Finished optimization with guess, [1.51373590e+02 6.10271954e-02].
2025-01-30 15:26:19,545 - INFO - Best fit parameters: [5.25406634e+03 1.06048039e-02].
2025-01-30 15:26:19,667 - INFO - Maximum log composite likelihood: -1875.241258331795.
2025-01-30 15:26:19,667 - INFO - Optimal value of theta: 4317.179948023212.
2025-01-30 15:26:19,668 - INFO - Beginning optimization with guess, [66.12991816  0.09455933].
2025-01-30 15:26:25,326 - INFO - Finished optimization with guess, [66.12991816  0.09455933].
2025-01-30 15:26:25,326 - INFO - Best fit parameters: [1.70802916e+03 1.01453799e-02].
2025-01-30 15:26:25,440 - INFO - Maximum log composite likelihood: -1875.812264375166.
2025-01-30 15:26:25,440 - INFO - Optimal value of theta: 4330.111167447934.
2025-01-30 15:26:25,441 - INFO - Beginning optimization with guess, [1.59602985e+02 5.62892433e-02].
2025-01-30 15:26:31,325 - INFO - Finished optimization with guess, [1.59602985e+02 5.62892433e-02].
2025-01-30 15:26:31,325 - INFO - Best fit parameters: [8.67977067e+04 1.10332959e-02].
2025-01-30 15:26:31,451 - INFO - Maximum log composite likelihood: -1875.1360064418911.
2025-01-30 15:26:31,451 - INFO - Optimal value of theta: 4316.128700929761.
2025-01-30 15:26:31,451 - INFO - Beginning optimization with guess, [2.23811609e+02 1.32993952e-01].
2025-01-30 15:26:36,397 - INFO - Finished optimization with guess, [2.23811609e+02 1.32993952e-01].
2025-01-30 15:26:36,398 - INFO - Best fit parameters: [4.74355346e+02 1.00712284e-02].
2025-01-30 15:26:36,506 - INFO - Maximum log composite likelihood: -1877.7287246043797.
2025-01-30 15:26:36,506 - INFO - Optimal value of theta: 4344.244396922579.
2025-01-30 15:26:36,506 - INFO - Beginning optimization with guess, [103.29163196   0.17049992].
2025-01-30 15:26:42,623 - INFO - Finished optimization with guess, [103.29163196   0.17049992].
2025-01-30 15:26:42,623 - INFO - Best fit parameters: [1.07934958e+02 1.30075368e-02].
2025-01-30 15:26:42,745 - INFO - Maximum log composite likelihood: -1889.4232707027547.
2025-01-30 15:26:42,745 - INFO - Optimal value of theta: 4251.006881719087.
2025-01-30 15:26:42,746 - INFO - Beginning optimization with guess, [2.35785039e+02 5.09861592e-02].
2025-01-30 15:26:48,711 - INFO - Finished optimization with guess, [2.35785039e+02 5.09861592e-02].
2025-01-30 15:26:48,712 - INFO - Best fit parameters: [4.32647834e+04 1.09142145e-02].
2025-01-30 15:26:48,839 - INFO - Maximum log composite likelihood: -1875.1630351338067.
2025-01-30 15:26:48,840 - INFO - Optimal value of theta: 4318.99803295804.
2025-01-30 15:26:48,844 - INFO - Beginning demographic inference for three-epoch demographic model.
2025-01-30 15:26:48,850 - INFO - Beginning optimization with guess, [0.01537139 0.00555262 0.12211732 0.09775843].
2025-01-30 15:26:58,711 - INFO - Finished optimization with guess, [0.01537139 0.00555262 0.12211732 0.09775843].
2025-01-30 15:26:58,713 - INFO - Best fit parameters: [0.02875065 0.02387589 0.08403842 0.04141677].
2025-01-30 15:26:58,883 - INFO - Maximum log composite likelihood: -1909.7296797892363.
2025-01-30 15:26:58,883 - INFO - Optimal value of theta: 161151.59114003205.
2025-01-30 15:26:58,883 - INFO - Beginning optimization with guess, [0.05173788 0.17185817 0.14862992 0.07986323].
2025-01-30 15:27:05,136 - INFO - Finished optimization with guess, [0.05173788 0.17185817 0.14862992 0.07986323].
2025-01-30 15:27:05,136 - INFO - Best fit parameters: [0.08157794 0.17312301 0.13314582 0.064931  ].
2025-01-30 15:27:05,261 - INFO - Maximum log composite likelihood: -1849.7798876409663.
2025-01-30 15:27:05,261 - INFO - Optimal value of theta: 23226.42263506899.
2025-01-30 15:27:05,261 - INFO - Beginning optimization with guess, [0.31710653 0.34878176 0.0703659  0.05828083].
2025-01-30 15:27:11,535 - INFO - Finished optimization with guess, [0.31710653 0.34878176 0.0703659  0.05828083].
2025-01-30 15:27:11,536 - INFO - Best fit parameters: [0.07928517 3.94285475 0.06522008 0.01296881].
2025-01-30 15:27:11,739 - INFO - Maximum log composite likelihood: -293.70218736254253.
2025-01-30 15:27:11,740 - INFO - Optimal value of theta: 11451.050192080289.
2025-01-30 15:27:11,740 - INFO - Beginning optimization with guess, [0.60894527 1.18635348 0.07374124 0.09393747].
2025-01-30 15:27:17,486 - INFO - Finished optimization with guess, [0.60894527 1.18635348 0.07374124 0.09393747].
2025-01-30 15:27:17,486 - INFO - Best fit parameters: [0.37129204 1.02883889 0.14669506 0.02132527].
2025-01-30 15:27:17,618 - INFO - Maximum log composite likelihood: -1109.1379678105254.
2025-01-30 15:27:17,618 - INFO - Optimal value of theta: 6771.43095204912.
2025-01-30 15:27:17,619 - INFO - Beginning optimization with guess, [2.2644486  2.2711496  0.18512835 0.10504352].
2025-01-30 15:27:23,214 - INFO - Finished optimization with guess, [2.2644486  2.2711496  0.18512835 0.10504352].
2025-01-30 15:27:23,215 - INFO - Best fit parameters: [1.0635545  0.72432141 0.01220072 0.12020986].
2025-01-30 15:27:23,344 - INFO - Maximum log composite likelihood: -2164.6978380579303.
2025-01-30 15:27:23,344 - INFO - Optimal value of theta: 5422.534657228229.
2025-01-30 15:27:23,345 - INFO - Beginning optimization with guess, [3.29324558 6.28140248 0.05053155 0.07599155].
2025-01-30 15:27:28,825 - INFO - Finished optimization with guess, [3.29324558 6.28140248 0.05053155 0.07599155].
2025-01-30 15:27:28,827 - INFO - Best fit parameters: [1.39063822 2.59303098 0.00844201 0.00766176].
2025-01-30 15:27:28,954 - INFO - Maximum log composite likelihood: -2084.691825449546.
2025-01-30 15:27:28,954 - INFO - Optimal value of theta: 4519.041021798744.
2025-01-30 15:27:28,955 - INFO - Beginning optimization with guess, [13.79251991 13.90814545  0.07813088  0.08279829].
2025-01-30 15:27:34,784 - INFO - Finished optimization with guess, [13.79251991 13.90814545  0.07813088  0.08279829].
2025-01-30 15:27:34,785 - INFO - Best fit parameters: [1.46006917e+01 1.31039556e+00 7.24651346e-03 1.11348240e-02].
2025-01-30 15:27:34,893 - INFO - Maximum log composite likelihood: -2175.279606527644.
2025-01-30 15:27:34,894 - INFO - Optimal value of theta: 4478.783220292273.
2025-01-30 15:27:34,894 - INFO - Beginning optimization with guess, [6.52737892 7.34618692 0.09627442 0.08039334].
2025-01-30 15:27:39,884 - INFO - Finished optimization with guess, [6.52737892 7.34618692 0.09627442 0.08039334].
2025-01-30 15:27:39,884 - INFO - Best fit parameters: [4.28502695 1.07251904 0.01648596 0.01078923].
2025-01-30 15:27:39,993 - INFO - Maximum log composite likelihood: -2319.1890795324375.
2025-01-30 15:27:39,993 - INFO - Optimal value of theta: 4421.2731041838015.
2025-01-30 15:27:39,993 - INFO - Beginning optimization with guess, [7.4360032  6.61147445 0.08451689 0.19441487].
2025-01-30 15:27:45,118 - INFO - Finished optimization with guess, [7.4360032  6.61147445 0.08451689 0.19441487].
2025-01-30 15:27:45,118 - INFO - Best fit parameters: [1.07412818e+01 7.40849585e-01 8.74614416e-03 1.28833517e-01].
2025-01-30 15:27:45,227 - INFO - Maximum log composite likelihood: -2189.365015709227.
2025-01-30 15:27:45,228 - INFO - Optimal value of theta: 5346.661706474029.
2025-01-30 15:27:45,228 - INFO - Beginning optimization with guess, [13.69524005  6.91757384  0.12889486  0.12075271].
2025-01-30 15:27:50,468 - INFO - Finished optimization with guess, [13.69524005  6.91757384  0.12889486  0.12075271].
2025-01-30 15:27:50,468 - INFO - Best fit parameters: [13.14743462  0.77328103  0.02649879  0.05344895].
2025-01-30 15:27:50,581 - INFO - Maximum log composite likelihood: -2629.4302703825138.
2025-01-30 15:27:50,581 - INFO - Optimal value of theta: 4829.687865454231.
2025-01-30 15:27:50,582 - INFO - Beginning optimization with guess, [ 7.78751342 18.99218404  0.19516041  0.15023381].
2025-01-30 15:27:56,334 - INFO - Finished optimization with guess, [ 7.78751342 18.99218404  0.19516041  0.15023381].
2025-01-30 15:27:56,334 - INFO - Best fit parameters: [3.26283602 0.60322094 0.0740214  0.0537154 ].
2025-01-30 15:27:56,462 - INFO - Maximum log composite likelihood: -2872.998396367379.
2025-01-30 15:27:56,462 - INFO - Optimal value of theta: 5001.452986346099.
2025-01-30 15:27:56,463 - INFO - Beginning optimization with guess, [8.96896282 8.68732258 0.1769155  0.08986984].
2025-01-30 15:28:02,428 - INFO - Finished optimization with guess, [8.96896282 8.68732258 0.1769155  0.08986984].
2025-01-30 15:28:02,428 - INFO - Best fit parameters: [1.59413699 1.18764012 0.0249515  0.0510388 ].
2025-01-30 15:28:02,551 - INFO - Maximum log composite likelihood: -2469.202160144415.
2025-01-30 15:28:02,551 - INFO - Optimal value of theta: 4477.712162391869.
2025-01-30 15:28:02,551 - INFO - Beginning optimization with guess, [12.47208507 25.91418509  0.1225188   0.05986505].
2025-01-30 15:28:07,678 - INFO - Finished optimization with guess, [12.47208507 25.91418509  0.1225188   0.05986505].
2025-01-30 15:28:07,679 - INFO - Best fit parameters: [3.47653167e-01 1.71335449e+01 3.56776005e-02 1.13360956e-02].
2025-01-30 15:28:07,788 - INFO - Maximum log composite likelihood: -1057.001038770647.
2025-01-30 15:28:07,788 - INFO - Optimal value of theta: 5463.861913465925.
2025-01-30 15:28:07,789 - INFO - Beginning optimization with guess, [15.50841745 24.09733054  0.06333467  0.16402612].
2025-01-30 15:28:13,071 - INFO - Finished optimization with guess, [15.50841745 24.09733054  0.06333467  0.16402612].
2025-01-30 15:28:13,072 - INFO - Best fit parameters: [1.61448934e+01 7.57448470e-01 1.17611150e-02 5.88441848e-02].
2025-01-30 15:28:13,196 - INFO - Maximum log composite likelihood: -2450.050012010016.
2025-01-30 15:28:13,196 - INFO - Optimal value of theta: 5036.851331521616.
2025-01-30 15:28:13,196 - INFO - Beginning optimization with guess, [39.17045056 11.68765249  0.18789713  0.07301629].
2025-01-30 15:28:18,879 - INFO - Finished optimization with guess, [39.17045056 11.68765249  0.18789713  0.07301629].
2025-01-30 15:28:18,880 - INFO - Best fit parameters: [2.46278991e+01 8.38905233e-01 1.11801795e-02 5.39036945e-02].
2025-01-30 15:28:19,004 - INFO - Maximum log composite likelihood: -2460.2836961743496.
2025-01-30 15:28:19,005 - INFO - Optimal value of theta: 4869.545019546035.
2025-01-30 15:28:19,005 - INFO - Beginning optimization with guess, [12.87079875 24.60642494  0.0645581   0.13660698].
2025-01-30 15:28:24,780 - INFO - Finished optimization with guess, [12.87079875 24.60642494  0.0645581   0.13660698].
2025-01-30 15:28:24,780 - INFO - Best fit parameters: [1.34217873e+01 8.40134297e-01 1.18686099e-02 4.39797611e-02].
2025-01-30 15:28:24,908 - INFO - Maximum log composite likelihood: -2491.8555700208835.
2025-01-30 15:28:24,908 - INFO - Optimal value of theta: 4820.771015697576.
2025-01-30 15:28:24,909 - INFO - Beginning optimization with guess, [39.05974704 14.21975874  0.09411334  0.17182856].
2025-01-30 15:28:30,269 - INFO - Finished optimization with guess, [39.05974704 14.21975874  0.09411334  0.17182856].
2025-01-30 15:28:30,270 - INFO - Best fit parameters: [5.44253109e+01 6.29708203e-01 1.59094933e-02 7.00041934e-02].
2025-01-30 15:28:30,398 - INFO - Maximum log composite likelihood: -2458.5167622839194.
2025-01-30 15:28:30,398 - INFO - Optimal value of theta: 5373.194122796381.
2025-01-30 15:28:30,398 - INFO - Beginning optimization with guess, [50.01004463 17.78240983  0.0571      0.06031904].
2025-01-30 15:28:35,751 - INFO - Finished optimization with guess, [50.01004463 17.78240983  0.0571      0.06031904].
2025-01-30 15:28:35,752 - INFO - Best fit parameters: [4.2778531  3.09023966 0.00741024 0.00789615].
2025-01-30 15:28:35,863 - INFO - Maximum log composite likelihood: -2029.5172735217432.
2025-01-30 15:28:35,863 - INFO - Optimal value of theta: 4374.902211388565.
2025-01-30 15:28:35,864 - INFO - Beginning optimization with guess, [5.49020044e+01 3.00816829e+01 1.77900039e-01 5.17395837e-02].
2025-01-30 15:28:41,437 - INFO - Finished optimization with guess, [5.49020044e+01 3.00816829e+01 1.77900039e-01 5.17395837e-02].
2025-01-30 15:28:41,438 - INFO - Best fit parameters: [4.50185448e-01 2.20869683e+01 5.73428066e-02 9.76443385e-03].
2025-01-30 15:28:41,566 - INFO - Maximum log composite likelihood: -1089.2504682453937.
2025-01-30 15:28:41,567 - INFO - Optimal value of theta: 5447.292739463204.
2025-01-30 15:28:41,567 - INFO - Beginning optimization with guess, [18.38410958 37.88982337  0.08337781  0.05352953].
2025-01-30 15:28:47,658 - INFO - Finished optimization with guess, [18.38410958 37.88982337  0.08337781  0.05352953].
2025-01-30 15:28:47,659 - INFO - Best fit parameters: [8.22718156e-01 2.07467771e+02 1.23402529e-02 5.05776211e-03].
2025-01-30 15:28:47,786 - INFO - Maximum log composite likelihood: -1989.6265178174065.
2025-01-30 15:28:47,786 - INFO - Optimal value of theta: 4632.754693900143.
2025-01-30 15:28:47,786 - INFO - Beginning optimization with guess, [46.52222394 38.74176643  0.06116659  0.06847963].
2025-01-30 15:28:53,343 - INFO - Finished optimization with guess, [46.52222394 38.74176643  0.06116659  0.06847963].
2025-01-30 15:28:53,344 - INFO - Best fit parameters: [1.78031007e+01 1.32126087e+00 1.16003155e-02 1.35811222e-02].
2025-01-30 15:28:53,469 - INFO - Maximum log composite likelihood: -2244.255677181911.
2025-01-30 15:28:53,469 - INFO - Optimal value of theta: 4360.904182934132.
2025-01-30 15:28:53,469 - INFO - Beginning optimization with guess, [77.23504681 61.69452     0.1664869   0.12578472].
2025-01-30 15:28:59,304 - INFO - Finished optimization with guess, [77.23504681 61.69452     0.1664869   0.12578472].
2025-01-30 15:28:59,304 - INFO - Best fit parameters: [3.32984709e+01 5.84738099e-01 5.07384271e-02 3.23738168e-02].
2025-01-30 15:28:59,432 - INFO - Maximum log composite likelihood: -3081.665117623774.
2025-01-30 15:28:59,432 - INFO - Optimal value of theta: 4664.346575195406.
2025-01-30 15:28:59,432 - INFO - Beginning optimization with guess, [74.46813738 72.09635645  0.10476979  0.09774985].
2025-01-30 15:29:05,177 - INFO - Finished optimization with guess, [74.46813738 72.09635645  0.10476979  0.09774985].
2025-01-30 15:29:05,177 - INFO - Best fit parameters: [4.19774309e+01 8.62267893e-01 2.27318999e-02 2.00485859e-02].
2025-01-30 15:29:05,286 - INFO - Maximum log composite likelihood: -2593.174114599448.
2025-01-30 15:29:05,287 - INFO - Optimal value of theta: 4411.898027714591.
2025-01-30 15:29:05,287 - INFO - Beginning optimization with guess, [8.18917286e+01 1.22542184e+02 1.53731395e-01 6.26074600e-02].
2025-01-30 15:29:11,161 - INFO - Finished optimization with guess, [8.18917286e+01 1.22542184e+02 1.53731395e-01 6.26074600e-02].
2025-01-30 15:29:11,161 - INFO - Best fit parameters: [1.33767722e-02 2.07254091e+02 2.66287282e-02 2.88491383e-03].
2025-01-30 15:29:11,285 - INFO - Maximum log composite likelihood: -616.8071952330755.
2025-01-30 15:29:11,285 - INFO - Optimal value of theta: 40068.82120136267.
2025-01-30 15:29:11,286 - INFO - Beginning optimization with guess, [49.15465361 46.934982    0.114573    0.1247958 ].
2025-01-30 15:29:16,405 - INFO - Finished optimization with guess, [49.15465361 46.934982    0.114573    0.1247958 ].
2025-01-30 15:29:16,406 - INFO - Best fit parameters: [5.70618053e+01 8.46355387e-01 2.97557767e-02 4.11788212e-02].
2025-01-30 15:29:16,524 - INFO - Maximum log composite likelihood: -2754.514615176895.
2025-01-30 15:29:16,524 - INFO - Optimal value of theta: 4552.05880264934.
2025-01-30 15:29:16,528 - INFO - Finished demographic inference.
2025-01-30 15:29:16,528 - INFO - Pipeline executed succesfully.
