2025-01-30 20:28:04,809 - INFO - Beginning execution of fit_demographic_model.py in directory /u/scratch/j/jonmah/sample_size_demography/Scripts

2025-01-30 20:28:04,810 - INFO - Progress is being logged to ../Analysis/ooa_simulated_150/log.log

2025-01-30 20:28:04,810 - INFO - Parsed the following arguments:
	syn_input_sfs = ../Analysis/ooa_simulated_150/syn_downsampled_sfs.txt
	mask_singletons = False
	mask_doubletons = False
	outprefix = ../Analysis/ooa_simulated_150/

2025-01-30 20:28:04,818 - INFO - Beginning demographic inference for two-epoch demographic model.
2025-01-30 20:28:04,821 - INFO - Beginning optimization with guess, [0.00515815 0.0809452 ].
2025-01-30 20:28:57,045 - INFO - Finished optimization with guess, [0.00515815 0.0809452 ].
2025-01-30 20:28:57,046 - INFO - Best fit parameters: [0.00249932 0.11815231].
2025-01-30 20:28:57,899 - INFO - Maximum log composite likelihood: -617.3082503782551.
2025-01-30 20:28:57,900 - INFO - Optimal value of theta: 211728.8161068928.
2025-01-30 20:28:57,900 - INFO - Beginning optimization with guess, [0.05561807 0.0819008 ].
2025-01-30 20:29:48,583 - INFO - Finished optimization with guess, [0.05561807 0.0819008 ].
2025-01-30 20:29:48,584 - INFO - Best fit parameters: [0.0105824  0.35541556].
2025-01-30 20:29:49,278 - INFO - Maximum log composite likelihood: -617.308250377888.
2025-01-30 20:29:49,278 - INFO - Optimal value of theta: 50005.48465785978.
2025-01-30 20:29:49,279 - INFO - Beginning optimization with guess, [0.51997346 0.1465587 ].
2025-01-30 20:30:02,481 - INFO - Finished optimization with guess, [0.51997346 0.1465587 ].
2025-01-30 20:30:02,482 - INFO - Best fit parameters: [4.00013151e+03 2.18051526e-02].
2025-01-30 20:30:02,773 - INFO - Maximum log composite likelihood: -312.77328294870387.
2025-01-30 20:30:02,773 - INFO - Optimal value of theta: 404.4068826791184.
2025-01-30 20:30:02,773 - INFO - Beginning optimization with guess, [5.44767227 0.17082487].
2025-01-30 20:30:15,595 - INFO - Finished optimization with guess, [5.44767227 0.17082487].
2025-01-30 20:30:15,596 - INFO - Best fit parameters: [1.83005756e+02 2.41344824e-02].
2025-01-30 20:30:15,887 - INFO - Maximum log composite likelihood: -313.0442096356742.
2025-01-30 20:30:15,887 - INFO - Optimal value of theta: 401.0416072949506.
2025-01-30 20:30:15,887 - INFO - Beginning optimization with guess, [7.84165247 0.12877253].
2025-01-30 20:30:30,261 - INFO - Finished optimization with guess, [7.84165247 0.12877253].
2025-01-30 20:30:30,262 - INFO - Best fit parameters: [2.35447361e+03 2.19797895e-02].
2025-01-30 20:30:30,553 - INFO - Maximum log composite likelihood: -312.7735153830023.
2025-01-30 20:30:30,554 - INFO - Optimal value of theta: 404.7821519312719.
2025-01-30 20:30:30,554 - INFO - Beginning optimization with guess, [10.45810148  0.18437747].
2025-01-30 20:30:43,914 - INFO - Finished optimization with guess, [10.45810148  0.18437747].
2025-01-30 20:30:43,915 - INFO - Best fit parameters: [2.42326464e+02 2.28024878e-02].
2025-01-30 20:30:44,206 - INFO - Maximum log composite likelihood: -312.9492351908322.
2025-01-30 20:30:44,206 - INFO - Optimal value of theta: 406.0029884294444.
2025-01-30 20:30:44,206 - INFO - Beginning optimization with guess, [12.68628444  0.06971372].
2025-01-30 20:30:56,778 - INFO - Finished optimization with guess, [12.68628444  0.06971372].
2025-01-30 20:30:56,779 - INFO - Best fit parameters: [1.04804044e+03 2.26643428e-02].
2025-01-30 20:30:57,070 - INFO - Maximum log composite likelihood: -312.7855916486968.
2025-01-30 20:30:57,070 - INFO - Optimal value of theta: 404.1457752941027.
2025-01-30 20:30:57,071 - INFO - Beginning optimization with guess, [7.61315663 0.05513676].
2025-01-30 20:31:10,181 - INFO - Finished optimization with guess, [7.61315663 0.05513676].
2025-01-30 20:31:10,182 - INFO - Best fit parameters: [9.73545038e+02 2.24110135e-02].
2025-01-30 20:31:10,473 - INFO - Maximum log composite likelihood: -312.79274797934977.
2025-01-30 20:31:10,473 - INFO - Optimal value of theta: 405.36524896707164.
2025-01-30 20:31:10,474 - INFO - Beginning optimization with guess, [17.92548038  0.19264507].
2025-01-30 20:31:23,872 - INFO - Finished optimization with guess, [17.92548038  0.19264507].
2025-01-30 20:31:23,873 - INFO - Best fit parameters: [1.70669241e+03 2.18075822e-02].
2025-01-30 20:31:24,164 - INFO - Maximum log composite likelihood: -312.81940421950026.
2025-01-30 20:31:24,164 - INFO - Optimal value of theta: 406.3965859258227.
2025-01-30 20:31:24,164 - INFO - Beginning optimization with guess, [23.27142851  0.1933224 ].
2025-01-30 20:31:38,434 - INFO - Finished optimization with guess, [23.27142851  0.1933224 ].
2025-01-30 20:31:38,435 - INFO - Best fit parameters: [8.82533920e+02 2.30302855e-02].
2025-01-30 20:31:38,726 - INFO - Maximum log composite likelihood: -312.8206576858348.
2025-01-30 20:31:38,726 - INFO - Optimal value of theta: 403.04355254383125.
2025-01-30 20:31:38,726 - INFO - Beginning optimization with guess, [18.70047304  0.0511489 ].
2025-01-30 20:31:52,414 - INFO - Finished optimization with guess, [18.70047304  0.0511489 ].
2025-01-30 20:31:52,415 - INFO - Best fit parameters: [6.45816716e+03 2.17527777e-02].
2025-01-30 20:31:52,707 - INFO - Maximum log composite likelihood: -312.7730697500911.
2025-01-30 20:31:52,707 - INFO - Optimal value of theta: 404.35638499126185.
2025-01-30 20:31:52,707 - INFO - Beginning optimization with guess, [6.72419687e+01 5.99748291e-02].
2025-01-30 20:32:06,831 - INFO - Finished optimization with guess, [6.72419687e+01 5.99748291e-02].
2025-01-30 20:32:06,833 - INFO - Best fit parameters: [2.32349860e+03 2.18353246e-02].
2025-01-30 20:32:07,122 - INFO - Maximum log composite likelihood: -312.7807429910803.
2025-01-30 20:32:07,122 - INFO - Optimal value of theta: 405.4263992525487.
2025-01-30 20:32:07,123 - INFO - Beginning optimization with guess, [23.53626348  0.16407571].
2025-01-30 20:32:20,752 - INFO - Finished optimization with guess, [23.53626348  0.16407571].
2025-01-30 20:32:20,753 - INFO - Best fit parameters: [9.06717946e+02 2.29033429e-02].
2025-01-30 20:32:21,043 - INFO - Maximum log composite likelihood: -312.80249306373605.
2025-01-30 20:32:21,043 - INFO - Optimal value of theta: 403.50270932391345.
2025-01-30 20:32:21,043 - INFO - Beginning optimization with guess, [89.70880246  0.11994636].
2025-01-30 20:32:35,118 - INFO - Finished optimization with guess, [89.70880246  0.11994636].
2025-01-30 20:32:35,119 - INFO - Best fit parameters: [5.73111959e+02 2.26817690e-02].
2025-01-30 20:32:35,413 - INFO - Maximum log composite likelihood: -312.811450544402.
2025-01-30 20:32:35,413 - INFO - Optimal value of theta: 405.2934049750129.
2025-01-30 20:32:35,413 - INFO - Beginning optimization with guess, [64.67318077  0.11179278].
2025-01-30 20:32:49,347 - INFO - Finished optimization with guess, [64.67318077  0.11179278].
2025-01-30 20:32:49,348 - INFO - Best fit parameters: [4.55158300e+03 2.14712742e-02].
2025-01-30 20:32:49,639 - INFO - Maximum log composite likelihood: -312.7836701359754.
2025-01-30 20:32:49,639 - INFO - Optimal value of theta: 405.7067728531047.
2025-01-30 20:32:49,639 - INFO - Beginning optimization with guess, [9.65674054e+01 5.87237183e-02].
2025-01-30 20:33:04,161 - INFO - Finished optimization with guess, [9.65674054e+01 5.87237183e-02].
2025-01-30 20:33:04,162 - INFO - Best fit parameters: [5.19786770e+02 2.31027344e-02].
2025-01-30 20:33:04,452 - INFO - Maximum log composite likelihood: -312.8111401405219.
2025-01-30 20:33:04,452 - INFO - Optimal value of theta: 403.7226788192113.
2025-01-30 20:33:04,453 - INFO - Beginning optimization with guess, [90.30204029  0.15136757].
2025-01-30 20:33:18,374 - INFO - Finished optimization with guess, [90.30204029  0.15136757].
2025-01-30 20:33:18,375 - INFO - Best fit parameters: [6.13985597e+02 2.24014693e-02].
2025-01-30 20:33:18,666 - INFO - Maximum log composite likelihood: -312.8504756739589.
2025-01-30 20:33:18,666 - INFO - Optimal value of theta: 406.3348828248392.
2025-01-30 20:33:18,666 - INFO - Beginning optimization with guess, [1.13006131e+02 6.23556517e-02].
2025-01-30 20:33:32,867 - INFO - Finished optimization with guess, [1.13006131e+02 6.23556517e-02].
2025-01-30 20:33:32,868 - INFO - Best fit parameters: [7.84664457e+02 2.28911830e-02].
2025-01-30 20:33:33,158 - INFO - Maximum log composite likelihood: -312.795682024734.
2025-01-30 20:33:33,158 - INFO - Optimal value of theta: 403.8595938680924.
2025-01-30 20:33:33,158 - INFO - Beginning optimization with guess, [64.59718217  0.1986971 ].
2025-01-30 20:33:46,209 - INFO - Finished optimization with guess, [64.59718217  0.1986971 ].
2025-01-30 20:33:46,210 - INFO - Best fit parameters: [1.61579191e+02 2.43336213e-02].
2025-01-30 20:33:46,500 - INFO - Maximum log composite likelihood: -313.11942433737244.
2025-01-30 20:33:46,500 - INFO - Optimal value of theta: 400.46686911800333.
2025-01-30 20:33:46,500 - INFO - Beginning optimization with guess, [1.17033766e+02 7.50800233e-02].
2025-01-30 20:34:00,702 - INFO - Finished optimization with guess, [1.17033766e+02 7.50800233e-02].
2025-01-30 20:34:00,703 - INFO - Best fit parameters: [5.18392158e+02 2.36061066e-02].
2025-01-30 20:34:00,993 - INFO - Maximum log composite likelihood: -312.9127491549109.
2025-01-30 20:34:00,993 - INFO - Optimal value of theta: 401.681452061873.
2025-01-30 20:34:00,993 - INFO - Beginning optimization with guess, [1.11796716e+02 7.18613513e-02].
2025-01-30 20:34:14,317 - INFO - Finished optimization with guess, [1.11796716e+02 7.18613513e-02].
2025-01-30 20:34:14,318 - INFO - Best fit parameters: [1.50472131e+02 2.37809403e-02].
2025-01-30 20:34:14,596 - INFO - Maximum log composite likelihood: -313.0236722953934.
2025-01-30 20:34:14,597 - INFO - Optimal value of theta: 402.79399036739545.
2025-01-30 20:34:14,597 - INFO - Beginning optimization with guess, [1.48872183e+02 5.98820950e-02].
2025-01-30 20:34:27,578 - INFO - Finished optimization with guess, [1.48872183e+02 5.98820950e-02].
2025-01-30 20:34:27,579 - INFO - Best fit parameters: [5.26407012e+02 2.30037617e-02].
2025-01-30 20:34:27,869 - INFO - Maximum log composite likelihood: -312.8052360330261.
2025-01-30 20:34:27,869 - INFO - Optimal value of theta: 404.1076485585452.
2025-01-30 20:34:27,870 - INFO - Beginning optimization with guess, [2.76591158e+02 1.33941912e-01].
2025-01-30 20:34:41,016 - INFO - Finished optimization with guess, [2.76591158e+02 1.33941912e-01].
2025-01-30 20:34:41,017 - INFO - Best fit parameters: [7.44615799e+03 2.16472202e-02].
2025-01-30 20:34:41,307 - INFO - Maximum log composite likelihood: -312.76997408490024.
2025-01-30 20:34:41,307 - INFO - Optimal value of theta: 404.8885179186811.
2025-01-30 20:34:41,307 - INFO - Beginning optimization with guess, [2.41957329e+02 5.88826045e-02].
2025-01-30 20:34:54,469 - INFO - Finished optimization with guess, [2.41957329e+02 5.88826045e-02].
2025-01-30 20:34:54,470 - INFO - Best fit parameters: [3.63261430e+03 2.17148145e-02].
2025-01-30 20:34:54,752 - INFO - Maximum log composite likelihood: -312.77193507434146.
2025-01-30 20:34:54,752 - INFO - Optimal value of theta: 404.9438112445195.
2025-01-30 20:34:54,753 - INFO - Beginning optimization with guess, [109.41690436   0.15684849].
2025-01-30 20:35:08,801 - INFO - Finished optimization with guess, [109.41690436   0.15684849].
2025-01-30 20:35:08,801 - INFO - Best fit parameters: [2.62321209e+02 2.31770766e-02].
2025-01-30 20:35:09,089 - INFO - Maximum log composite likelihood: -312.87230524299366.
2025-01-30 20:35:09,089 - INFO - Optimal value of theta: 404.363935680398.
2025-01-30 20:35:09,093 - INFO - Beginning demographic inference for three-epoch demographic model.
2025-01-30 20:35:09,097 - INFO - Beginning optimization with guess, [0.01005801 0.00643244 0.07900884 0.05210645].
2025-01-30 20:37:22,585 - INFO - Finished optimization with guess, [0.01005801 0.00643244 0.07900884 0.05210645].
2025-01-30 20:37:22,586 - INFO - Best fit parameters: [0.00332327 0.00181698 0.06139352 0.32350498].
2025-01-30 20:37:25,235 - INFO - Maximum log composite likelihood: -617.3082503782101.
2025-01-30 20:37:25,236 - INFO - Optimal value of theta: 291240.06826549815.
2025-01-30 20:37:25,236 - INFO - Beginning optimization with guess, [0.0843161  0.06289592 0.06427099 0.11201274].
2025-01-30 20:38:21,283 - INFO - Finished optimization with guess, [0.0843161  0.06289592 0.06427099 0.11201274].
2025-01-30 20:38:21,285 - INFO - Best fit parameters: [0.02888909 0.01330495 0.05593866 0.87972616].
2025-01-30 20:38:22,393 - INFO - Maximum log composite likelihood: -617.3082503786715.
2025-01-30 20:38:22,393 - INFO - Optimal value of theta: 39773.036257820655.
2025-01-30 20:38:22,393 - INFO - Beginning optimization with guess, [0.64501201 0.37100876 0.13452113 0.11351393].
2025-01-30 20:38:35,933 - INFO - Finished optimization with guess, [0.64501201 0.37100876 0.13452113 0.11351393].
2025-01-30 20:38:35,934 - INFO - Best fit parameters: [ 0.33210989 17.43133105  0.03257308  0.04165355].
2025-01-30 20:38:36,226 - INFO - Maximum log composite likelihood: -252.59329375883462.
2025-01-30 20:38:36,226 - INFO - Optimal value of theta: 434.44953001409624.
2025-01-30 20:38:36,226 - INFO - Beginning optimization with guess, [1.05883613 1.31805245 0.14291687 0.06180727].
2025-01-30 20:38:48,783 - INFO - Finished optimization with guess, [1.05883613 1.31805245 0.14291687 0.06180727].
2025-01-30 20:38:48,784 - INFO - Best fit parameters: [0.90350225 2.57641641 0.01362799 0.04420594].
2025-01-30 20:38:49,075 - INFO - Maximum log composite likelihood: -423.3326414273461.
2025-01-30 20:38:49,075 - INFO - Optimal value of theta: 434.56543632994436.
2025-01-30 20:38:49,076 - INFO - Beginning optimization with guess, [3.94995962 3.6907281  0.18483792 0.14821334].
2025-01-30 20:39:01,629 - INFO - Finished optimization with guess, [3.94995962 3.6907281  0.18483792 0.14821334].
2025-01-30 20:39:01,630 - INFO - Best fit parameters: [0.31902279 3.88924967 0.04457428 0.02957034].
2025-01-30 20:39:01,933 - INFO - Maximum log composite likelihood: -279.8620624923359.
2025-01-30 20:39:01,934 - INFO - Optimal value of theta: 548.1753521589525.
2025-01-30 20:39:01,934 - INFO - Beginning optimization with guess, [4.64240416 2.50547873 0.09565548 0.09064769].
2025-01-30 20:39:13,871 - INFO - Finished optimization with guess, [4.64240416 2.50547873 0.09565548 0.09064769].
2025-01-30 20:39:13,872 - INFO - Best fit parameters: [0.17358497 7.74347418 0.04445071 0.04101528].
2025-01-30 20:39:14,166 - INFO - Maximum log composite likelihood: -206.16282336503346.
2025-01-30 20:39:14,166 - INFO - Optimal value of theta: 544.6777296442588.
2025-01-30 20:39:14,166 - INFO - Beginning optimization with guess, [12.87283071 10.15525893  0.08130472  0.08394727].
2025-01-30 20:39:26,651 - INFO - Finished optimization with guess, [12.87283071 10.15525893  0.08130472  0.08394727].
2025-01-30 20:39:26,652 - INFO - Best fit parameters: [1.15093451e+00 2.18454045e+01 1.00991777e-02 2.26829427e-02].
2025-01-30 20:39:26,943 - INFO - Maximum log composite likelihood: -323.1898120202737.
2025-01-30 20:39:26,943 - INFO - Optimal value of theta: 412.37262307562673.
2025-01-30 20:39:26,943 - INFO - Beginning optimization with guess, [13.99121499  5.57989623  0.1447622   0.13883113].
2025-01-30 20:39:38,572 - INFO - Finished optimization with guess, [13.99121499  5.57989623  0.1447622   0.13883113].
2025-01-30 20:39:38,573 - INFO - Best fit parameters: [4.69178764 6.3020151  0.02090541 0.02379693].
2025-01-30 20:39:38,853 - INFO - Maximum log composite likelihood: -361.3625330621964.
2025-01-30 20:39:38,853 - INFO - Optimal value of theta: 387.5533852305235.
2025-01-30 20:39:38,853 - INFO - Beginning optimization with guess, [14.74155017  8.03935999  0.13747867  0.09284141].
2025-01-30 20:39:50,664 - INFO - Finished optimization with guess, [14.74155017  8.03935999  0.13747867  0.09284141].
2025-01-30 20:39:50,665 - INFO - Best fit parameters: [1.29599855e+00 3.19884234e+01 3.29134408e-02 1.98687860e-02].
2025-01-30 20:39:50,946 - INFO - Maximum log composite likelihood: -330.8144495496476.
2025-01-30 20:39:50,946 - INFO - Optimal value of theta: 406.7303185899099.
2025-01-30 20:39:50,946 - INFO - Beginning optimization with guess, [8.96493046 6.83156601 0.15862127 0.1977807 ].
2025-01-30 20:40:03,461 - INFO - Finished optimization with guess, [8.96493046 6.83156601 0.15862127 0.1977807 ].
2025-01-30 20:40:03,462 - INFO - Best fit parameters: [6.81335148 2.42240683 0.03666592 0.06089708].
2025-01-30 20:40:03,743 - INFO - Maximum log composite likelihood: -505.04597841387886.
2025-01-30 20:40:03,744 - INFO - Optimal value of theta: 377.30927958056907.
2025-01-30 20:40:03,744 - INFO - Beginning optimization with guess, [6.52514352 9.52306424 0.18277606 0.08574418].
2025-01-30 20:40:16,660 - INFO - Finished optimization with guess, [6.52514352 9.52306424 0.18277606 0.08574418].
2025-01-30 20:40:16,662 - INFO - Best fit parameters: [ 0.24307842 14.24931649  0.0880361   0.02329825].
2025-01-30 20:40:16,956 - INFO - Maximum log composite likelihood: -202.09487880545834.
2025-01-30 20:40:16,957 - INFO - Optimal value of theta: 648.2251733359105.
2025-01-30 20:40:16,957 - INFO - Beginning optimization with guess, [17.51155101 15.62082497  0.12508708  0.19982438].
2025-01-30 20:40:29,743 - INFO - Finished optimization with guess, [17.51155101 15.62082497  0.12508708  0.19982438].
2025-01-30 20:40:29,744 - INFO - Best fit parameters: [3.6996929  5.62517743 0.02492071 0.03372049].
2025-01-30 20:40:30,026 - INFO - Maximum log composite likelihood: -382.105310851352.
2025-01-30 20:40:30,026 - INFO - Optimal value of theta: 369.88505729094965.
2025-01-30 20:40:30,026 - INFO - Beginning optimization with guess, [14.91430545 10.89120942  0.08881716  0.08602504].
2025-01-30 20:40:42,077 - INFO - Finished optimization with guess, [14.91430545 10.89120942  0.08881716  0.08602504].
2025-01-30 20:40:42,078 - INFO - Best fit parameters: [ 2.54954846 12.57397302  0.01890506  0.01399197].
2025-01-30 20:40:42,368 - INFO - Maximum log composite likelihood: -345.14716754502183.
2025-01-30 20:40:42,368 - INFO - Optimal value of theta: 417.0002743924602.
2025-01-30 20:40:42,369 - INFO - Beginning optimization with guess, [36.70332088 12.25736459  0.17936411  0.06868618].
2025-01-30 20:40:55,448 - INFO - Finished optimization with guess, [36.70332088 12.25736459  0.17936411  0.06868618].
2025-01-30 20:40:55,449 - INFO - Best fit parameters: [2.27539112e+01 1.30590687e+00 4.54617260e-02 1.14668817e-02].
2025-01-30 20:40:55,740 - INFO - Maximum log composite likelihood: -435.8764355796525.
2025-01-30 20:40:55,740 - INFO - Optimal value of theta: 386.80384596442.
2025-01-30 20:40:55,740 - INFO - Beginning optimization with guess, [11.56071416 12.85705203  0.1996352   0.08847279].
2025-01-30 20:41:08,363 - INFO - Finished optimization with guess, [11.56071416 12.85705203  0.1996352   0.08847279].
2025-01-30 20:41:08,363 - INFO - Best fit parameters: [ 0.20636454 10.21415796  0.07596576  0.02680095].
2025-01-30 20:41:08,650 - INFO - Maximum log composite likelihood: -196.05293655794603.
2025-01-30 20:41:08,650 - INFO - Optimal value of theta: 648.7113971846096.
2025-01-30 20:41:08,650 - INFO - Beginning optimization with guess, [39.65119251 27.35887317  0.18455031  0.05552215].
2025-01-30 20:41:21,119 - INFO - Finished optimization with guess, [39.65119251 27.35887317  0.18455031  0.05552215].
2025-01-30 20:41:21,119 - INFO - Best fit parameters: [1.54185756 8.5093633  0.05638475 0.01860622].
2025-01-30 20:41:21,403 - INFO - Maximum log composite likelihood: -380.5617670776156.
2025-01-30 20:41:21,403 - INFO - Optimal value of theta: 404.2820420021473.
2025-01-30 20:41:21,403 - INFO - Beginning optimization with guess, [28.39094462 40.27992024  0.10265267  0.05273331].
2025-01-30 20:41:33,850 - INFO - Finished optimization with guess, [28.39094462 40.27992024  0.10265267  0.05273331].
2025-01-30 20:41:33,851 - INFO - Best fit parameters: [1.19046115e+00 6.65449787e+01 3.41778819e-02 1.72570510e-02].
2025-01-30 20:41:34,133 - INFO - Maximum log composite likelihood: -330.32413690522264.
2025-01-30 20:41:34,133 - INFO - Optimal value of theta: 419.359988659527.
2025-01-30 20:41:34,133 - INFO - Beginning optimization with guess, [41.63731486 42.43421973  0.19373932  0.08745466].
2025-01-30 20:41:46,382 - INFO - Finished optimization with guess, [41.63731486 42.43421973  0.19373932  0.08745466].
2025-01-30 20:41:46,383 - INFO - Best fit parameters: [8.59348063e+00 1.37875057e+00 2.92729217e-02 6.63135003e-03].
2025-01-30 20:41:46,664 - INFO - Maximum log composite likelihood: -409.91503331902516.
2025-01-30 20:41:46,665 - INFO - Optimal value of theta: 424.61452361204846.
2025-01-30 20:41:46,665 - INFO - Beginning optimization with guess, [18.72780347 38.74973424  0.18945648  0.1126993 ].
2025-01-30 20:41:58,977 - INFO - Finished optimization with guess, [18.72780347 38.74973424  0.18945648  0.1126993 ].
2025-01-30 20:41:58,977 - INFO - Best fit parameters: [1.52119889 6.26154965 0.10598407 0.01520979].
2025-01-30 20:41:59,224 - INFO - Maximum log composite likelihood: -429.1852270183369.
2025-01-30 20:41:59,224 - INFO - Optimal value of theta: 405.17181121575226.
2025-01-30 20:41:59,225 - INFO - Beginning optimization with guess, [33.00488686 25.44068379  0.08937312  0.07245174].
2025-01-30 20:42:09,858 - INFO - Finished optimization with guess, [33.00488686 25.44068379  0.08937312  0.07245174].
2025-01-30 20:42:09,859 - INFO - Best fit parameters: [8.68023780e+00 2.04121387e+01 2.34637847e-02 9.27062596e-03].
2025-01-30 20:42:10,105 - INFO - Maximum log composite likelihood: -328.4922309252999.
2025-01-30 20:42:10,105 - INFO - Optimal value of theta: 393.31765552871434.
2025-01-30 20:42:10,105 - INFO - Beginning optimization with guess, [29.31407658 67.12165689  0.12308355  0.17990977].
2025-01-30 20:42:20,712 - INFO - Finished optimization with guess, [29.31407658 67.12165689  0.12308355  0.17990977].
2025-01-30 20:42:20,713 - INFO - Best fit parameters: [2.96537997 5.35604357 0.01050355 0.02209341].
2025-01-30 20:42:20,959 - INFO - Maximum log composite likelihood: -365.84312609259894.
2025-01-30 20:42:20,960 - INFO - Optimal value of theta: 421.2143333702386.
2025-01-30 20:42:20,960 - INFO - Beginning optimization with guess, [5.61278616e+01 8.69096995e+01 7.77267816e-02 7.10164183e-02].
2025-01-30 20:42:32,288 - INFO - Finished optimization with guess, [5.61278616e+01 8.69096995e+01 7.77267816e-02 7.10164183e-02].
2025-01-30 20:42:32,288 - INFO - Best fit parameters: [1.50799649e+01 8.51009706e+00 2.74172228e-02 1.32447574e-02].
2025-01-30 20:42:32,534 - INFO - Maximum log composite likelihood: -340.78383182825917.
2025-01-30 20:42:32,535 - INFO - Optimal value of theta: 372.2403043477231.
2025-01-30 20:42:32,535 - INFO - Beginning optimization with guess, [4.25504125e+01 1.17926786e+02 6.70973672e-02 1.24002743e-01].
2025-01-30 20:42:44,290 - INFO - Finished optimization with guess, [4.25504125e+01 1.17926786e+02 6.70973672e-02 1.24002743e-01].
2025-01-30 20:42:44,290 - INFO - Best fit parameters: [3.13759864e+01 4.76170359e+00 1.60336800e-02 5.14770655e-02].
2025-01-30 20:42:44,536 - INFO - Maximum log composite likelihood: -408.97148262008096.
2025-01-30 20:42:44,537 - INFO - Optimal value of theta: 352.8730275457047.
2025-01-30 20:42:44,537 - INFO - Beginning optimization with guess, [66.00456515 55.50607338  0.16572761  0.07731562].
2025-01-30 20:42:56,045 - INFO - Finished optimization with guess, [66.00456515 55.50607338  0.16572761  0.07731562].
2025-01-30 20:42:56,046 - INFO - Best fit parameters: [2.38022979e-01 6.42114943e+01 5.00089474e-02 2.07249390e-02].
2025-01-30 20:42:56,294 - INFO - Maximum log composite likelihood: -240.462104251287.
2025-01-30 20:42:56,295 - INFO - Optimal value of theta: 599.5836886262301.
2025-01-30 20:42:56,295 - INFO - Beginning optimization with guess, [1.47172540e+02 8.42809460e+01 1.04594776e-01 6.51790829e-02].
2025-01-30 20:43:07,546 - INFO - Finished optimization with guess, [1.47172540e+02 8.42809460e+01 1.04594776e-01 6.51790829e-02].
2025-01-30 20:43:07,546 - INFO - Best fit parameters: [2.49169838e+01 4.60960904e+00 3.02253918e-02 1.33136644e-02].
2025-01-30 20:43:07,792 - INFO - Maximum log composite likelihood: -351.1756069301205.
2025-01-30 20:43:07,792 - INFO - Optimal value of theta: 371.4570969505691.
2025-01-30 20:43:07,796 - INFO - Finished demographic inference.
2025-01-30 20:43:07,796 - INFO - Pipeline executed succesfully.
