2024-03-14 21:02:11,414 - INFO - Beginning execution of fit_demographic_model.py in directory /u/project/kirk/jonmah/sample_size_demography/Scripts

2024-03-14 21:02:11,415 - INFO - Progress is being logged to ../Analysis/TwoEpochExpansion_320/log.log

2024-03-14 21:02:11,415 - INFO - Parsed the following arguments:
	syn_input_sfs = ../Analysis/TwoEpochExpansion_320/syn_downsampled_sfs.txt
	mask_singletons = False
	mask_doubletons = False
	outprefix = ../Analysis/TwoEpochExpansion_320/

2024-03-14 21:02:11,444 - INFO - Beginning demographic inference for one-epoch demographic model.
2024-03-14 21:02:11,445 - INFO - Beginning optimization with guess, [0.13242534].
2024-03-14 21:02:53,499 - INFO - Finished optimization with guess, [0.13242534].
2024-03-14 21:02:53,504 - INFO - Best fit parameters: [0.13242534].
2024-03-14 21:02:54,800 - INFO - Maximum log composite likelihood: -1530.6634932143966.
2024-03-14 21:02:54,801 - INFO - Optimal value of theta: 13045.424165944174.
2024-03-14 21:02:54,801 - INFO - Beginning optimization with guess, [0.16324853].
2024-03-14 21:03:36,795 - INFO - Finished optimization with guess, [0.16324853].
2024-03-14 21:03:36,797 - INFO - Best fit parameters: [0.16324853].
2024-03-14 21:03:38,096 - INFO - Maximum log composite likelihood: -1530.6634932143966.
2024-03-14 21:03:38,096 - INFO - Optimal value of theta: 13045.424165944174.
2024-03-14 21:03:38,097 - INFO - Beginning optimization with guess, [0.55130325].
2024-03-14 21:04:15,722 - INFO - Finished optimization with guess, [0.55130325].
2024-03-14 21:04:15,723 - INFO - Best fit parameters: [0.55130325].
2024-03-14 21:04:17,036 - INFO - Maximum log composite likelihood: -1530.6634932143966.
2024-03-14 21:04:17,036 - INFO - Optimal value of theta: 13045.424165944174.
2024-03-14 21:04:17,036 - INFO - Beginning optimization with guess, [0.37446725].
2024-03-14 21:04:54,940 - INFO - Finished optimization with guess, [0.37446725].
2024-03-14 21:04:54,943 - INFO - Best fit parameters: [0.37446725].
2024-03-14 21:04:56,249 - INFO - Maximum log composite likelihood: -1530.6634932143966.
2024-03-14 21:04:56,249 - INFO - Optimal value of theta: 13045.424165944174.
2024-03-14 21:04:56,249 - INFO - Beginning optimization with guess, [0.32796039].
2024-03-14 21:05:38,169 - INFO - Finished optimization with guess, [0.32796039].
2024-03-14 21:05:38,171 - INFO - Best fit parameters: [0.32796039].
2024-03-14 21:05:39,463 - INFO - Maximum log composite likelihood: -1530.6634932143966.
2024-03-14 21:05:39,463 - INFO - Optimal value of theta: 13045.424165944174.
2024-03-14 21:05:39,463 - INFO - Beginning optimization with guess, [0.52067158].
2024-03-14 21:06:17,301 - INFO - Finished optimization with guess, [0.52067158].
2024-03-14 21:06:17,302 - INFO - Best fit parameters: [0.52067158].
2024-03-14 21:06:18,571 - INFO - Maximum log composite likelihood: -1530.6634932143966.
2024-03-14 21:06:18,572 - INFO - Optimal value of theta: 13045.424165944174.
2024-03-14 21:06:18,572 - INFO - Beginning optimization with guess, [0.35897267].
2024-03-14 21:06:59,676 - INFO - Finished optimization with guess, [0.35897267].
2024-03-14 21:06:59,677 - INFO - Best fit parameters: [0.35897267].
2024-03-14 21:07:00,986 - INFO - Maximum log composite likelihood: -1530.6634932143966.
2024-03-14 21:07:00,986 - INFO - Optimal value of theta: 13045.424165944174.
2024-03-14 21:07:00,987 - INFO - Beginning optimization with guess, [0.73480061].
2024-03-14 21:07:35,218 - INFO - Finished optimization with guess, [0.73480061].
2024-03-14 21:07:35,219 - INFO - Best fit parameters: [0.73480061].
2024-03-14 21:07:36,529 - INFO - Maximum log composite likelihood: -1530.6634932143966.
2024-03-14 21:07:36,529 - INFO - Optimal value of theta: 13045.424165944174.
2024-03-14 21:07:36,530 - INFO - Beginning optimization with guess, [0.69586553].
2024-03-14 21:08:10,494 - INFO - Finished optimization with guess, [0.69586553].
2024-03-14 21:08:10,496 - INFO - Best fit parameters: [0.69586553].
2024-03-14 21:08:11,804 - INFO - Maximum log composite likelihood: -1530.6634932143966.
2024-03-14 21:08:11,804 - INFO - Optimal value of theta: 13045.424165944174.
2024-03-14 21:08:11,805 - INFO - Beginning optimization with guess, [0.62013038].
2024-03-14 21:08:45,541 - INFO - Finished optimization with guess, [0.62013038].
2024-03-14 21:08:45,542 - INFO - Best fit parameters: [0.62013038].
2024-03-14 21:08:46,858 - INFO - Maximum log composite likelihood: -1530.6634932143966.
2024-03-14 21:08:46,858 - INFO - Optimal value of theta: 13045.424165944174.
2024-03-14 21:08:46,859 - INFO - Beginning optimization with guess, [0.99231553].
2024-03-14 21:08:57,190 - INFO - Finished optimization with guess, [0.99231553].
2024-03-14 21:08:57,192 - INFO - Best fit parameters: [0.99231553].
2024-03-14 21:08:58,500 - INFO - Maximum log composite likelihood: -1530.6634932143966.
2024-03-14 21:08:58,500 - INFO - Optimal value of theta: 13045.424165944174.
2024-03-14 21:08:58,500 - INFO - Beginning optimization with guess, [1.19315307].
2024-03-14 21:09:28,453 - INFO - Finished optimization with guess, [1.19315307].
2024-03-14 21:09:28,454 - INFO - Best fit parameters: [1.19315307].
2024-03-14 21:09:29,757 - INFO - Maximum log composite likelihood: -1530.6634932143966.
2024-03-14 21:09:29,757 - INFO - Optimal value of theta: 13045.424165944174.
2024-03-14 21:09:29,758 - INFO - Beginning optimization with guess, [2.18176771].
2024-03-14 21:10:07,430 - INFO - Finished optimization with guess, [2.18176771].
2024-03-14 21:10:07,431 - INFO - Best fit parameters: [2.18176771].
2024-03-14 21:10:08,719 - INFO - Maximum log composite likelihood: -1530.6634932143966.
2024-03-14 21:10:08,720 - INFO - Optimal value of theta: 13045.424165944174.
2024-03-14 21:10:08,720 - INFO - Beginning optimization with guess, [1.20566375].
2024-03-14 21:10:38,407 - INFO - Finished optimization with guess, [1.20566375].
2024-03-14 21:10:38,408 - INFO - Best fit parameters: [1.20566375].
2024-03-14 21:10:39,692 - INFO - Maximum log composite likelihood: -1530.6634932143966.
2024-03-14 21:10:39,693 - INFO - Optimal value of theta: 13045.424165944174.
2024-03-14 21:10:39,693 - INFO - Beginning optimization with guess, [3.2107365].
2024-03-14 21:11:22,562 - INFO - Finished optimization with guess, [3.2107365].
2024-03-14 21:11:22,564 - INFO - Best fit parameters: [3.2107365].
2024-03-14 21:11:23,880 - INFO - Maximum log composite likelihood: -1530.6634932143966.
2024-03-14 21:11:23,880 - INFO - Optimal value of theta: 13045.424165944174.
2024-03-14 21:11:23,880 - INFO - Beginning optimization with guess, [3.17064122].
2024-03-14 21:12:05,615 - INFO - Finished optimization with guess, [3.17064122].
2024-03-14 21:12:05,618 - INFO - Best fit parameters: [3.17064122].
2024-03-14 21:12:06,937 - INFO - Maximum log composite likelihood: -1530.6634932143966.
2024-03-14 21:12:06,938 - INFO - Optimal value of theta: 13045.424165944174.
2024-03-14 21:12:06,938 - INFO - Beginning optimization with guess, [2.37380477].
2024-03-14 21:12:45,219 - INFO - Finished optimization with guess, [2.37380477].
2024-03-14 21:12:45,220 - INFO - Best fit parameters: [2.37380477].
2024-03-14 21:12:46,729 - INFO - Maximum log composite likelihood: -1530.6634932143966.
2024-03-14 21:12:46,729 - INFO - Optimal value of theta: 13045.424165944174.
2024-03-14 21:12:46,730 - INFO - Beginning optimization with guess, [4.1279045].
2024-03-14 21:13:29,384 - INFO - Finished optimization with guess, [4.1279045].
2024-03-14 21:13:29,386 - INFO - Best fit parameters: [4.1279045].
2024-03-14 21:13:30,709 - INFO - Maximum log composite likelihood: -1530.6634932143966.
2024-03-14 21:13:30,709 - INFO - Optimal value of theta: 13045.424165944174.
2024-03-14 21:13:30,709 - INFO - Beginning optimization with guess, [2.95701622].
2024-03-14 21:14:12,362 - INFO - Finished optimization with guess, [2.95701622].
2024-03-14 21:14:12,363 - INFO - Best fit parameters: [2.95701622].
2024-03-14 21:14:13,634 - INFO - Maximum log composite likelihood: -1530.6634932143966.
2024-03-14 21:14:13,635 - INFO - Optimal value of theta: 13045.424165944174.
2024-03-14 21:14:13,635 - INFO - Beginning optimization with guess, [2.65608262].
2024-03-14 21:14:51,323 - INFO - Finished optimization with guess, [2.65608262].
2024-03-14 21:14:51,326 - INFO - Best fit parameters: [2.65608262].
2024-03-14 21:14:52,639 - INFO - Maximum log composite likelihood: -1530.6634932143966.
2024-03-14 21:14:52,639 - INFO - Optimal value of theta: 13045.424165944174.
2024-03-14 21:14:52,640 - INFO - Beginning optimization with guess, [2.05166678].
2024-03-14 21:15:30,770 - INFO - Finished optimization with guess, [2.05166678].
2024-03-14 21:15:30,772 - INFO - Best fit parameters: [2.05166678].
2024-03-14 21:15:32,091 - INFO - Maximum log composite likelihood: -1530.6634932143966.
2024-03-14 21:15:32,091 - INFO - Optimal value of theta: 13045.424165944174.
2024-03-14 21:15:32,091 - INFO - Beginning optimization with guess, [4.72894624].
2024-03-14 21:16:14,639 - INFO - Finished optimization with guess, [4.72894624].
2024-03-14 21:16:14,641 - INFO - Best fit parameters: [4.72894624].
2024-03-14 21:16:15,966 - INFO - Maximum log composite likelihood: -1530.6634932143966.
2024-03-14 21:16:15,966 - INFO - Optimal value of theta: 13045.424165944174.
2024-03-14 21:16:15,967 - INFO - Beginning optimization with guess, [10.34992455].
2024-03-14 21:17:01,794 - INFO - Finished optimization with guess, [10.34992455].
2024-03-14 21:17:01,795 - INFO - Best fit parameters: [10.34992455].
2024-03-14 21:17:03,118 - INFO - Maximum log composite likelihood: -1530.6634932143966.
2024-03-14 21:17:03,118 - INFO - Optimal value of theta: 13045.424165944174.
2024-03-14 21:17:03,119 - INFO - Beginning optimization with guess, [3.62326605].
2024-03-14 21:17:44,595 - INFO - Finished optimization with guess, [3.62326605].
2024-03-14 21:17:44,597 - INFO - Best fit parameters: [3.62326605].
2024-03-14 21:17:45,873 - INFO - Maximum log composite likelihood: -1530.6634932143966.
2024-03-14 21:17:45,873 - INFO - Optimal value of theta: 13045.424165944174.
2024-03-14 21:17:45,874 - INFO - Beginning optimization with guess, [4.63770576].
2024-03-14 21:18:27,064 - INFO - Finished optimization with guess, [4.63770576].
2024-03-14 21:18:27,066 - INFO - Best fit parameters: [4.63770576].
2024-03-14 21:18:28,350 - INFO - Maximum log composite likelihood: -1530.6634932143966.
2024-03-14 21:18:28,350 - INFO - Optimal value of theta: 13045.424165944174.
2024-03-14 21:18:28,356 - INFO - Finished demographic inference.
2024-03-14 21:18:28,356 - INFO - Pipeline executed succesfully.
