2025-01-17 13:33:32,892 - INFO - Beginning execution of fit_demographic_model.py in directory /u/project/kirk/jonmah/sample_size_demography/Scripts

2025-01-17 13:33:32,893 - INFO - Progress is being logged to ../Analysis/gnomAD_290/log.log

2025-01-17 13:33:32,893 - INFO - Parsed the following arguments:
	syn_input_sfs = ../Analysis/gnomAD_290/syn_downsampled_sfs.txt
	mask_singletons = False
	mask_doubletons = False
	outprefix = ../Analysis/gnomAD_290/

2025-01-17 13:33:32,908 - INFO - Beginning demographic inference for one-epoch demographic model.
2025-01-17 13:33:32,910 - INFO - Beginning optimization with guess, [0.12047383].
2025-01-17 13:33:54,184 - INFO - Finished optimization with guess, [0.12047383].
2025-01-17 13:33:54,205 - INFO - Best fit parameters: [0.12047383].
2025-01-17 13:33:54,797 - INFO - Maximum log composite likelihood: -5943.445992395446.
2025-01-17 13:33:54,797 - INFO - Optimal value of theta: 6859.4791923025705.
2025-01-17 13:33:54,798 - INFO - Beginning optimization with guess, [0.27066368].
2025-01-17 13:34:15,454 - INFO - Finished optimization with guess, [0.27066368].
2025-01-17 13:34:15,457 - INFO - Best fit parameters: [0.27066368].
2025-01-17 13:34:16,182 - INFO - Maximum log composite likelihood: -5943.445992395446.
2025-01-17 13:34:16,182 - INFO - Optimal value of theta: 6859.4791923025705.
2025-01-17 13:34:16,183 - INFO - Beginning optimization with guess, [0.15313707].
2025-01-17 13:34:38,649 - INFO - Finished optimization with guess, [0.15313707].
2025-01-17 13:34:38,650 - INFO - Best fit parameters: [0.15313707].
2025-01-17 13:34:39,365 - INFO - Maximum log composite likelihood: -5943.445992395446.
2025-01-17 13:34:39,365 - INFO - Optimal value of theta: 6859.4791923025705.
2025-01-17 13:34:39,366 - INFO - Beginning optimization with guess, [0.44450908].
2025-01-17 13:35:00,505 - INFO - Finished optimization with guess, [0.44450908].
2025-01-17 13:35:00,506 - INFO - Best fit parameters: [0.44450908].
2025-01-17 13:35:01,141 - INFO - Maximum log composite likelihood: -5943.445992395446.
2025-01-17 13:35:01,141 - INFO - Optimal value of theta: 6859.4791923025705.
2025-01-17 13:35:01,141 - INFO - Beginning optimization with guess, [0.5414303].
2025-01-17 13:35:18,891 - INFO - Finished optimization with guess, [0.5414303].
2025-01-17 13:35:18,895 - INFO - Best fit parameters: [0.5414303].
2025-01-17 13:35:19,525 - INFO - Maximum log composite likelihood: -5943.445992395446.
2025-01-17 13:35:19,525 - INFO - Optimal value of theta: 6859.4791923025705.
2025-01-17 13:35:19,525 - INFO - Beginning optimization with guess, [1.12991447].
2025-01-17 13:35:34,119 - INFO - Finished optimization with guess, [1.12991447].
2025-01-17 13:35:34,120 - INFO - Best fit parameters: [1.12991447].
2025-01-17 13:35:34,848 - INFO - Maximum log composite likelihood: -5943.445992395446.
2025-01-17 13:35:34,848 - INFO - Optimal value of theta: 6859.4791923025705.
2025-01-17 13:35:34,848 - INFO - Beginning optimization with guess, [0.42808491].
2025-01-17 13:35:56,265 - INFO - Finished optimization with guess, [0.42808491].
2025-01-17 13:35:56,269 - INFO - Best fit parameters: [0.42808491].
2025-01-17 13:35:57,006 - INFO - Maximum log composite likelihood: -5943.445992395446.
2025-01-17 13:35:57,006 - INFO - Optimal value of theta: 6859.4791923025705.
2025-01-17 13:35:57,007 - INFO - Beginning optimization with guess, [1.14653149].
2025-01-17 13:36:12,087 - INFO - Finished optimization with guess, [1.14653149].
2025-01-17 13:36:12,090 - INFO - Best fit parameters: [1.14653149].
2025-01-17 13:36:12,682 - INFO - Maximum log composite likelihood: -5943.445992395446.
2025-01-17 13:36:12,682 - INFO - Optimal value of theta: 6859.4791923025705.
2025-01-17 13:36:12,683 - INFO - Beginning optimization with guess, [1.59101864].
2025-01-17 13:36:30,006 - INFO - Finished optimization with guess, [1.59101864].
2025-01-17 13:36:30,007 - INFO - Best fit parameters: [1.59101864].
2025-01-17 13:36:30,800 - INFO - Maximum log composite likelihood: -5943.445992395446.
2025-01-17 13:36:30,800 - INFO - Optimal value of theta: 6859.4791923025705.
2025-01-17 13:36:30,801 - INFO - Beginning optimization with guess, [1.99964221].
2025-01-17 13:36:51,282 - INFO - Finished optimization with guess, [1.99964221].
2025-01-17 13:36:51,285 - INFO - Best fit parameters: [1.99964221].
2025-01-17 13:36:52,022 - INFO - Maximum log composite likelihood: -5943.445992395446.
2025-01-17 13:36:52,022 - INFO - Optimal value of theta: 6859.4791923025705.
2025-01-17 13:36:52,023 - INFO - Beginning optimization with guess, [1.94689937].
2025-01-17 13:37:11,598 - INFO - Finished optimization with guess, [1.94689937].
2025-01-17 13:37:11,601 - INFO - Best fit parameters: [1.94689937].
2025-01-17 13:37:12,289 - INFO - Maximum log composite likelihood: -5943.445992395446.
2025-01-17 13:37:12,289 - INFO - Optimal value of theta: 6859.4791923025705.
2025-01-17 13:37:12,289 - INFO - Beginning optimization with guess, [1.68550643].
2025-01-17 13:37:33,609 - INFO - Finished optimization with guess, [1.68550643].
2025-01-17 13:37:33,611 - INFO - Best fit parameters: [1.68550643].
2025-01-17 13:37:34,256 - INFO - Maximum log composite likelihood: -5943.445992395446.
2025-01-17 13:37:34,257 - INFO - Optimal value of theta: 6859.4791923025705.
2025-01-17 13:37:34,257 - INFO - Beginning optimization with guess, [2.13095453].
2025-01-17 13:37:54,714 - INFO - Finished optimization with guess, [2.13095453].
2025-01-17 13:37:54,718 - INFO - Best fit parameters: [2.13095453].
2025-01-17 13:37:55,473 - INFO - Maximum log composite likelihood: -5943.445992395446.
2025-01-17 13:37:55,473 - INFO - Optimal value of theta: 6859.4791923025705.
2025-01-17 13:37:55,473 - INFO - Beginning optimization with guess, [1.63710929].
2025-01-17 13:38:14,313 - INFO - Finished optimization with guess, [1.63710929].
2025-01-17 13:38:14,315 - INFO - Best fit parameters: [1.63710929].
2025-01-17 13:38:14,905 - INFO - Maximum log composite likelihood: -5943.445992395446.
2025-01-17 13:38:14,905 - INFO - Optimal value of theta: 6859.4791923025705.
2025-01-17 13:38:14,905 - INFO - Beginning optimization with guess, [3.62763719].
2025-01-17 13:38:34,250 - INFO - Finished optimization with guess, [3.62763719].
2025-01-17 13:38:34,251 - INFO - Best fit parameters: [3.62763719].
2025-01-17 13:38:34,880 - INFO - Maximum log composite likelihood: -5943.445992395446.
2025-01-17 13:38:34,880 - INFO - Optimal value of theta: 6859.4791923025705.
2025-01-17 13:38:34,880 - INFO - Beginning optimization with guess, [1.29280199].
2025-01-17 13:38:53,270 - INFO - Finished optimization with guess, [1.29280199].
2025-01-17 13:38:53,273 - INFO - Best fit parameters: [1.29280199].
2025-01-17 13:38:53,999 - INFO - Maximum log composite likelihood: -5943.445992395446.
2025-01-17 13:38:53,999 - INFO - Optimal value of theta: 6859.4791923025705.
2025-01-17 13:38:53,999 - INFO - Beginning optimization with guess, [2.71060221].
2025-01-17 13:39:13,094 - INFO - Finished optimization with guess, [2.71060221].
2025-01-17 13:39:13,097 - INFO - Best fit parameters: [2.71060221].
2025-01-17 13:39:13,829 - INFO - Maximum log composite likelihood: -5943.445992395446.
2025-01-17 13:39:13,829 - INFO - Optimal value of theta: 6859.4791923025705.
2025-01-17 13:39:13,829 - INFO - Beginning optimization with guess, [1.83091143].
2025-01-17 13:39:34,493 - INFO - Finished optimization with guess, [1.83091143].
2025-01-17 13:39:34,494 - INFO - Best fit parameters: [1.83091143].
2025-01-17 13:39:35,118 - INFO - Maximum log composite likelihood: -5943.445992395446.
2025-01-17 13:39:35,118 - INFO - Optimal value of theta: 6859.4791923025705.
2025-01-17 13:39:35,119 - INFO - Beginning optimization with guess, [4.86229638].
2025-01-17 13:39:54,289 - INFO - Finished optimization with guess, [4.86229638].
2025-01-17 13:39:54,290 - INFO - Best fit parameters: [4.86229638].
2025-01-17 13:39:54,904 - INFO - Maximum log composite likelihood: -5943.445992395446.
2025-01-17 13:39:54,904 - INFO - Optimal value of theta: 6859.4791923025705.
2025-01-17 13:39:54,905 - INFO - Beginning optimization with guess, [2.30776692].
2025-01-17 13:40:12,119 - INFO - Finished optimization with guess, [2.30776692].
2025-01-17 13:40:12,120 - INFO - Best fit parameters: [2.30776692].
2025-01-17 13:40:12,748 - INFO - Maximum log composite likelihood: -5943.445992395446.
2025-01-17 13:40:12,748 - INFO - Optimal value of theta: 6859.4791923025705.
2025-01-17 13:40:12,748 - INFO - Beginning optimization with guess, [6.1582318].
2025-01-17 13:40:31,627 - INFO - Finished optimization with guess, [6.1582318].
2025-01-17 13:40:31,628 - INFO - Best fit parameters: [6.1582318].
2025-01-17 13:40:32,236 - INFO - Maximum log composite likelihood: -5943.445992395446.
2025-01-17 13:40:32,236 - INFO - Optimal value of theta: 6859.4791923025705.
2025-01-17 13:40:32,236 - INFO - Beginning optimization with guess, [8.10925786].
2025-01-17 13:40:53,369 - INFO - Finished optimization with guess, [8.10925786].
2025-01-17 13:40:53,373 - INFO - Best fit parameters: [8.10925786].
2025-01-17 13:40:54,016 - INFO - Maximum log composite likelihood: -5943.445992395446.
2025-01-17 13:40:54,016 - INFO - Optimal value of theta: 6859.4791923025705.
2025-01-17 13:40:54,016 - INFO - Beginning optimization with guess, [4.41148247].
2025-01-17 13:41:14,000 - INFO - Finished optimization with guess, [4.41148247].
2025-01-17 13:41:14,003 - INFO - Best fit parameters: [4.41148247].
2025-01-17 13:41:14,610 - INFO - Maximum log composite likelihood: -5943.445992395446.
2025-01-17 13:41:14,610 - INFO - Optimal value of theta: 6859.4791923025705.
2025-01-17 13:41:14,610 - INFO - Beginning optimization with guess, [3.80441001].
2025-01-17 13:41:35,103 - INFO - Finished optimization with guess, [3.80441001].
2025-01-17 13:41:35,107 - INFO - Best fit parameters: [3.80441001].
2025-01-17 13:41:35,735 - INFO - Maximum log composite likelihood: -5943.445992395446.
2025-01-17 13:41:35,735 - INFO - Optimal value of theta: 6859.4791923025705.
2025-01-17 13:41:35,735 - INFO - Beginning optimization with guess, [6.87164029].
2025-01-17 13:41:57,369 - INFO - Finished optimization with guess, [6.87164029].
2025-01-17 13:41:57,371 - INFO - Best fit parameters: [6.87164029].
2025-01-17 13:41:58,107 - INFO - Maximum log composite likelihood: -5943.445992395446.
2025-01-17 13:41:58,107 - INFO - Optimal value of theta: 6859.4791923025705.
2025-01-17 13:41:58,114 - INFO - Finished demographic inference.
2025-01-17 13:41:58,114 - INFO - Pipeline executed succesfully.
