2024-03-14 22:02:41,988 - INFO - Beginning execution of fit_demographic_model.py in directory /u/project/kirk/jonmah/sample_size_demography/Scripts

2024-03-14 22:02:41,989 - INFO - Progress is being logged to ../Analysis/ThreeEpochExpansion_610/log.log

2024-03-14 22:02:41,989 - INFO - Parsed the following arguments:
	syn_input_sfs = ../Analysis/ThreeEpochExpansion_610/syn_downsampled_sfs.txt
	mask_singletons = False
	mask_doubletons = False
	outprefix = ../Analysis/ThreeEpochExpansion_610/

2024-03-14 22:02:42,013 - INFO - Beginning demographic inference for one-epoch demographic model.
2024-03-14 22:02:42,014 - INFO - Beginning optimization with guess, [0.07258362].
2024-03-14 22:03:36,824 - INFO - Finished optimization with guess, [0.07258362].
2024-03-14 22:03:36,826 - INFO - Best fit parameters: [0.07258362].
2024-03-14 22:03:38,346 - INFO - Maximum log composite likelihood: -11008.75985172168.
2024-03-14 22:03:38,346 - INFO - Optimal value of theta: 18636.612024753922.
2024-03-14 22:03:38,347 - INFO - Beginning optimization with guess, [0.3003593].
2024-03-14 22:04:27,696 - INFO - Finished optimization with guess, [0.3003593].
2024-03-14 22:04:27,697 - INFO - Best fit parameters: [0.3003593].
2024-03-14 22:04:29,216 - INFO - Maximum log composite likelihood: -11008.75985172168.
2024-03-14 22:04:29,216 - INFO - Optimal value of theta: 18636.612024753922.
2024-03-14 22:04:29,216 - INFO - Beginning optimization with guess, [0.27922106].
2024-03-14 22:05:18,365 - INFO - Finished optimization with guess, [0.27922106].
2024-03-14 22:05:18,366 - INFO - Best fit parameters: [0.27922106].
2024-03-14 22:05:19,937 - INFO - Maximum log composite likelihood: -11008.75985172168.
2024-03-14 22:05:19,937 - INFO - Optimal value of theta: 18636.612024753922.
2024-03-14 22:05:19,937 - INFO - Beginning optimization with guess, [0.37752913].
2024-03-14 22:06:04,449 - INFO - Finished optimization with guess, [0.37752913].
2024-03-14 22:06:04,450 - INFO - Best fit parameters: [0.37752913].
2024-03-14 22:06:05,981 - INFO - Maximum log composite likelihood: -11008.75985172168.
2024-03-14 22:06:05,981 - INFO - Optimal value of theta: 18636.612024753922.
2024-03-14 22:06:05,981 - INFO - Beginning optimization with guess, [0.35644323].
2024-03-14 22:06:55,207 - INFO - Finished optimization with guess, [0.35644323].
2024-03-14 22:06:55,208 - INFO - Best fit parameters: [0.35644323].
2024-03-14 22:06:56,732 - INFO - Maximum log composite likelihood: -11008.75985172168.
2024-03-14 22:06:56,732 - INFO - Optimal value of theta: 18636.612024753922.
2024-03-14 22:06:56,732 - INFO - Beginning optimization with guess, [0.31401453].
2024-03-14 22:07:45,660 - INFO - Finished optimization with guess, [0.31401453].
2024-03-14 22:07:45,661 - INFO - Best fit parameters: [0.31401453].
2024-03-14 22:07:47,180 - INFO - Maximum log composite likelihood: -11008.75985172168.
2024-03-14 22:07:47,180 - INFO - Optimal value of theta: 18636.612024753922.
2024-03-14 22:07:47,181 - INFO - Beginning optimization with guess, [1.39397976].
2024-03-14 22:08:26,975 - INFO - Finished optimization with guess, [1.39397976].
2024-03-14 22:08:26,976 - INFO - Best fit parameters: [1.39397976].
2024-03-14 22:08:28,497 - INFO - Maximum log composite likelihood: -11008.75985172168.
2024-03-14 22:08:28,497 - INFO - Optimal value of theta: 18636.612024753922.
2024-03-14 22:08:28,497 - INFO - Beginning optimization with guess, [0.50405242].
2024-03-14 22:09:14,063 - INFO - Finished optimization with guess, [0.50405242].
2024-03-14 22:09:14,065 - INFO - Best fit parameters: [0.50405242].
2024-03-14 22:09:15,693 - INFO - Maximum log composite likelihood: -11008.75985172168.
2024-03-14 22:09:15,693 - INFO - Optimal value of theta: 18636.612024753922.
2024-03-14 22:09:15,693 - INFO - Beginning optimization with guess, [1.16732192].
2024-03-14 22:09:51,495 - INFO - Finished optimization with guess, [1.16732192].
2024-03-14 22:09:51,497 - INFO - Best fit parameters: [1.16732192].
2024-03-14 22:09:53,167 - INFO - Maximum log composite likelihood: -11008.75985172168.
2024-03-14 22:09:53,167 - INFO - Optimal value of theta: 18636.612024753922.
2024-03-14 22:09:53,168 - INFO - Beginning optimization with guess, [0.76663255].
2024-03-14 22:10:33,170 - INFO - Finished optimization with guess, [0.76663255].
2024-03-14 22:10:33,171 - INFO - Best fit parameters: [0.76663255].
2024-03-14 22:10:34,700 - INFO - Maximum log composite likelihood: -11008.75985172168.
2024-03-14 22:10:34,700 - INFO - Optimal value of theta: 18636.612024753922.
2024-03-14 22:10:34,701 - INFO - Beginning optimization with guess, [0.67769058].
2024-03-14 22:11:14,620 - INFO - Finished optimization with guess, [0.67769058].
2024-03-14 22:11:14,621 - INFO - Best fit parameters: [0.67769058].
2024-03-14 22:11:16,151 - INFO - Maximum log composite likelihood: -11008.75985172168.
2024-03-14 22:11:16,151 - INFO - Optimal value of theta: 18636.612024753922.
2024-03-14 22:11:16,151 - INFO - Beginning optimization with guess, [1.32613854].
2024-03-14 22:11:55,972 - INFO - Finished optimization with guess, [1.32613854].
2024-03-14 22:11:55,973 - INFO - Best fit parameters: [1.32613854].
2024-03-14 22:11:57,500 - INFO - Maximum log composite likelihood: -11008.75985172168.
2024-03-14 22:11:57,500 - INFO - Optimal value of theta: 18636.612024753922.
2024-03-14 22:11:57,500 - INFO - Beginning optimization with guess, [1.39999673].
2024-03-14 22:12:37,321 - INFO - Finished optimization with guess, [1.39999673].
2024-03-14 22:12:37,322 - INFO - Best fit parameters: [1.39999673].
2024-03-14 22:12:38,841 - INFO - Maximum log composite likelihood: -11008.75985172168.
2024-03-14 22:12:38,842 - INFO - Optimal value of theta: 18636.612024753922.
2024-03-14 22:12:38,842 - INFO - Beginning optimization with guess, [1.67650155].
2024-03-14 22:13:23,630 - INFO - Finished optimization with guess, [1.67650155].
2024-03-14 22:13:23,631 - INFO - Best fit parameters: [1.67650155].
2024-03-14 22:13:25,187 - INFO - Maximum log composite likelihood: -11008.75985172168.
2024-03-14 22:13:25,187 - INFO - Optimal value of theta: 18636.612024753922.
2024-03-14 22:13:25,188 - INFO - Beginning optimization with guess, [1.3572483].
2024-03-14 22:14:04,872 - INFO - Finished optimization with guess, [1.3572483].
2024-03-14 22:14:04,873 - INFO - Best fit parameters: [1.3572483].
2024-03-14 22:14:06,396 - INFO - Maximum log composite likelihood: -11008.75985172168.
2024-03-14 22:14:06,396 - INFO - Optimal value of theta: 18636.612024753922.
2024-03-14 22:14:06,397 - INFO - Beginning optimization with guess, [1.44374954].
2024-03-14 22:14:45,977 - INFO - Finished optimization with guess, [1.44374954].
2024-03-14 22:14:45,978 - INFO - Best fit parameters: [1.44374954].
2024-03-14 22:14:47,504 - INFO - Maximum log composite likelihood: -11008.75985172168.
2024-03-14 22:14:47,504 - INFO - Optimal value of theta: 18636.612024753922.
2024-03-14 22:14:47,505 - INFO - Beginning optimization with guess, [2.71147345].
2024-03-14 22:15:32,232 - INFO - Finished optimization with guess, [2.71147345].
2024-03-14 22:15:32,233 - INFO - Best fit parameters: [2.71147345].
2024-03-14 22:15:33,819 - INFO - Maximum log composite likelihood: -11008.75985172168.
2024-03-14 22:15:33,819 - INFO - Optimal value of theta: 18636.612024753922.
2024-03-14 22:15:33,819 - INFO - Beginning optimization with guess, [3.93922318].
2024-03-14 22:16:23,527 - INFO - Finished optimization with guess, [3.93922318].
2024-03-14 22:16:23,528 - INFO - Best fit parameters: [3.93922318].
2024-03-14 22:16:25,160 - INFO - Maximum log composite likelihood: -11008.75985172168.
2024-03-14 22:16:25,160 - INFO - Optimal value of theta: 18636.612024753922.
2024-03-14 22:16:25,160 - INFO - Beginning optimization with guess, [6.34566397].
2024-03-14 22:17:14,469 - INFO - Finished optimization with guess, [6.34566397].
2024-03-14 22:17:14,470 - INFO - Best fit parameters: [6.34566397].
2024-03-14 22:17:16,034 - INFO - Maximum log composite likelihood: -11008.75985172168.
2024-03-14 22:17:16,034 - INFO - Optimal value of theta: 18636.612024753922.
2024-03-14 22:17:16,034 - INFO - Beginning optimization with guess, [2.4659241].
2024-03-14 22:18:00,543 - INFO - Finished optimization with guess, [2.4659241].
2024-03-14 22:18:00,545 - INFO - Best fit parameters: [2.4659241].
2024-03-14 22:18:02,125 - INFO - Maximum log composite likelihood: -11008.75985172168.
2024-03-14 22:18:02,125 - INFO - Optimal value of theta: 18636.612024753922.
2024-03-14 22:18:02,125 - INFO - Beginning optimization with guess, [2.32740067].
2024-03-14 22:18:47,366 - INFO - Finished optimization with guess, [2.32740067].
2024-03-14 22:18:47,367 - INFO - Best fit parameters: [2.32740067].
2024-03-14 22:18:49,002 - INFO - Maximum log composite likelihood: -11008.75985172168.
2024-03-14 22:18:49,002 - INFO - Optimal value of theta: 18636.612024753922.
2024-03-14 22:18:49,002 - INFO - Beginning optimization with guess, [7.22422092].
2024-03-14 22:19:39,369 - INFO - Finished optimization with guess, [7.22422092].
2024-03-14 22:19:39,370 - INFO - Best fit parameters: [7.22422092].
2024-03-14 22:19:40,961 - INFO - Maximum log composite likelihood: -11008.75985172168.
2024-03-14 22:19:40,961 - INFO - Optimal value of theta: 18636.612024753922.
2024-03-14 22:19:40,962 - INFO - Beginning optimization with guess, [5.32001138].
2024-03-14 22:20:31,608 - INFO - Finished optimization with guess, [5.32001138].
2024-03-14 22:20:31,609 - INFO - Best fit parameters: [5.32001138].
2024-03-14 22:20:33,279 - INFO - Maximum log composite likelihood: -11008.75985172168.
2024-03-14 22:20:33,279 - INFO - Optimal value of theta: 18636.612024753922.
2024-03-14 22:20:33,280 - INFO - Beginning optimization with guess, [3.78794426].
2024-03-14 22:21:25,379 - INFO - Finished optimization with guess, [3.78794426].
2024-03-14 22:21:25,380 - INFO - Best fit parameters: [3.78794426].
2024-03-14 22:21:27,017 - INFO - Maximum log composite likelihood: -11008.75985172168.
2024-03-14 22:21:27,017 - INFO - Optimal value of theta: 18636.612024753922.
2024-03-14 22:21:27,018 - INFO - Beginning optimization with guess, [11.03894839].
2024-03-14 22:22:22,238 - INFO - Finished optimization with guess, [11.03894839].
2024-03-14 22:22:22,240 - INFO - Best fit parameters: [11.03894839].
2024-03-14 22:22:23,758 - INFO - Maximum log composite likelihood: -11008.75985172168.
2024-03-14 22:22:23,759 - INFO - Optimal value of theta: 18636.612024753922.
2024-03-14 22:22:23,765 - INFO - Finished demographic inference.
2024-03-14 22:22:23,765 - INFO - Pipeline executed succesfully.
