2025-08-14 10:41:03,629 - INFO - Beginning execution of evaluate_demography.py in directory /u/project/kirk-bigdata/jonmah/sample_size_demography/Scripts

2025-08-14 10:41:03,629 - INFO - Progress is being logged to ../Analysis/msprime_3EpB_210/evaluate_demography.log

2025-08-14 10:41:03,629 - INFO - Parsed the following arguments:
	syn_input_sfs = ../Simulations/simple_simulations/ThreeEpochBottleneck_210_concat.sfs
	model_type = two_epoch
	params_list = [48475.93, 0.01663825]
	L_syn = 100000000.0
	mask_singletons = False
	mask_doubletons = False
	outprefix = ../Analysis/msprime_3EpB_210/

2025-08-14 10:41:03,646 - INFO - Beginning demographic evaluation for two-epoch demographic model.
2025-08-14 10:41:03,647 - INFO - Beginning optimization with guess, [48475.93, 0.01663825].
2025-08-14 10:41:03,648 - INFO - Finished optimization with guess, [48475.93, 0.01663825].
2025-08-14 10:41:03,648 - INFO - Best fit parameters: [48475.93, 0.01663825].
2025-08-14 10:41:04,063 - INFO - Maximum log composite likelihood: -12313.170516551156.
2025-08-14 10:41:04,064 - INFO - Optimal value of theta: 18351.051563750312.
2025-08-14 10:41:04,064 - INFO - Synonymous input SFS: [-- 51531.57546161755 7226.225666140198 2913.150008240987 2074.701447986105 1697.019979994131 1437.657780161868 1261.549516204495 1153.971176389212 1098.706308580232 1080.244062205399 1081.334400697134 1083.873278032007 1074.260298261548 1047.7098963934 1008.062144296147 963.6944380606906 922.5460557254728 889.1436357575863 864.4080278464247 847.0261154093903 834.8640311012197 825.7623831506435 817.8250391801045 809.5091996304957 799.7022349643659 787.8293408261786 773.948625221316 758.7433701550003 743.3374594494123 728.9566304641739 716.574073000732 706.7056307602152 699.419687162171 694.4880855246145 691.5464573409387 690.1799862276324 689.9374161494051 690.3320628400078 690.8867046526326 691.23298975131 691.2242951861049 691.0001272445587 690.9591903501979 691.6399821481996 693.5467879491379 696.9779047968025 701.9083781033954 707.9584108022332 714.4515241079306 720.5428062998417 725.3828948039217 728.2793641494429 728.8222659590965 726.951391362465 722.9563148724741 717.4141493239376 711.0820177004233 704.7690272851034 699.2140787454824 694.9910922297204 692.4541709114076 691.7248125287967 692.7142474963829 695.1682432765274 698.7202384160049 702.9413405001961 707.3812068013948 711.5998082853707 715.1940663280584 717.8238020249416 719.2385578268287 719.3025305604973 718.0116574559653 715.4966655595994 712.0088043820981 707.8895856393184 703.530026959708 699.3270165574518 695.644063412799 692.7815532718124 690.9588150817798 690.3077002777168 690.8753764716515 692.6327176077866 695.4841451236997 699.2753069646509 703.7967811337095 708.7848240220314 713.923173632038 718.851756152899 723.1876652817671 726.5605824129898 728.6595691717063 729.2825715020879 728.3762251000618 726.0536089330096 722.5822749021045 718.3431347137363 713.7697264506446 709.2834370627863 705.2409142590014 701.9049868063042 699.4420362408555 697.9401444053415 348.7181981138703 -- -- -- -- -- -- -- -- -- -- -- -- -- -- -- -- -- -- -- -- -- -- -- -- -- -- -- -- -- -- -- -- -- -- -- -- -- -- -- -- -- -- -- -- -- -- -- -- -- -- -- -- -- -- -- -- -- -- -- -- -- -- -- -- -- -- -- -- -- -- -- -- -- -- -- -- -- -- -- -- -- -- -- -- -- -- -- -- -- -- -- -- -- -- -- -- -- -- -- -- -- -- -- -- --].
2025-08-14 10:41:04,065 - INFO - Scaled spectrum: [-- 51515.810169754914 9264.879603310897 6205.668154291047 4676.844506409488 3759.7267285806947 3148.4639842539787 2711.9774343436407 2384.727691973039 2130.304016198605 1926.8599898512489 1760.4933730418343 1621.9360299106672 1504.7715814950222 1404.416921668815 1317.511126719343 1241.5335238455007 1174.5565590268675 1115.0810422799827 1061.9234207454613 1014.136869861343 970.9549299294251 931.7505145408279 896.0056124695247 863.2885641050289 833.2367915555858 805.5435141248404 779.9474159185738 756.2245275485036 734.1817874976462 713.6518912260502 694.4891372360722 676.5660520161846 659.7706286432257 644.0040527049634 629.1788180782764 615.2171567581723 602.0497233244939 589.6144871374188 577.8557949802703 566.7235743207541 556.1726531826775 546.1621771951582 536.6551079989414 527.6177900680269 519.0195753049023 510.8324966180453 503.0309831875684 495.5916113400334 488.4928859457716 481.7150480673307 475.2399052556366 469.0506814464754 463.13188386937964 457.4691847646021 452.04931602395976 446.85997514130815 441.8897410847829 437.12799889400355 432.56487196842164 428.19116115008984 423.9982898232008 419.97825435078147 416.1235792582281 412.427276644506 408.88280936762266 405.484057605371 402.22528843975067 399.101128155433 396.1065369785917 393.2367860131501 390.48743615982033 387.85431882668144 385.33351826126784 382.92135535257137 380.6143727677766 378.40932130280845 376.3031473382075 374.29298130356017 372.3761270635756 370.55005214700935 368.8123787487317 367.1608754411964 365.5934495384023 364.1081400610959 362.7031112562441 361.37664662950044 360.12714345251334 358.9531077107075 357.8531494612047 356.82597857242826 355.87040082046815 354.985314319881 354.16970626752936 353.42264998224005 352.743302222771 352.1309007703472 351.58476226129784 351.10428025967093 350.6889235583802 350.3382347004286 350.05182871244807 349.82939204381194 349.67068170606456 349.57552460805084 174.77190854172616 -- -- -- -- -- -- -- -- -- -- -- -- -- -- -- -- -- -- -- -- -- -- -- -- -- -- -- -- -- -- -- -- -- -- -- -- -- -- -- -- -- -- -- -- -- -- -- -- -- -- -- -- -- -- -- -- -- -- -- -- -- -- -- -- -- -- -- -- -- -- -- -- -- -- -- -- -- -- -- -- -- -- -- -- -- -- -- -- -- -- -- -- -- -- -- -- -- -- -- -- -- -- -- -- --].
2025-08-14 10:41:04,067 - INFO - Converting and interpreting Tau estimates.
2025-08-14 10:41:04,068 - INFO - Finished demographic inference.
2025-08-14 10:41:04,068 - INFO - Pipeline executed succesfully.
