2024-03-16 15:55:16,720 - INFO - Beginning execution of fit_demographic_model.py in directory /u/project/kirk/jonmah/sample_size_demography/Scripts

2024-03-16 15:55:16,720 - INFO - Progress is being logged to ../Analysis/TwoEpochContraction_770/log.log

2024-03-16 15:55:16,720 - INFO - Parsed the following arguments:
	syn_input_sfs = ../Analysis/TwoEpochContraction_770/syn_downsampled_sfs.txt
	mask_singletons = False
	mask_doubletons = False
	outprefix = ../Analysis/TwoEpochContraction_770/

2024-03-16 15:55:16,749 - INFO - Beginning demographic inference for one-epoch demographic model.
2024-03-16 15:55:16,754 - INFO - Beginning optimization with guess, [0.18296779].
2024-03-16 15:55:59,381 - INFO - Finished optimization with guess, [0.18296779].
2024-03-16 15:55:59,383 - INFO - Best fit parameters: [0.18296779].
2024-03-16 15:56:02,469 - INFO - Maximum log composite likelihood: -3575.403181155156.
2024-03-16 15:56:02,469 - INFO - Optimal value of theta: 8320.3351518055.
2024-03-16 15:56:02,470 - INFO - Beginning optimization with guess, [0.13918534].
2024-03-16 15:56:45,283 - INFO - Finished optimization with guess, [0.13918534].
2024-03-16 15:56:45,288 - INFO - Best fit parameters: [0.13918534].
2024-03-16 15:56:48,309 - INFO - Maximum log composite likelihood: -3575.403181155156.
2024-03-16 15:56:48,309 - INFO - Optimal value of theta: 8320.3351518055.
2024-03-16 15:56:48,309 - INFO - Beginning optimization with guess, [0.15491338].
2024-03-16 15:57:31,518 - INFO - Finished optimization with guess, [0.15491338].
2024-03-16 15:57:31,518 - INFO - Best fit parameters: [0.15491338].
2024-03-16 15:57:34,566 - INFO - Maximum log composite likelihood: -3575.403181155156.
2024-03-16 15:57:34,566 - INFO - Optimal value of theta: 8320.3351518055.
2024-03-16 15:57:34,566 - INFO - Beginning optimization with guess, [0.23347231].
2024-03-16 15:58:17,034 - INFO - Finished optimization with guess, [0.23347231].
2024-03-16 15:58:17,048 - INFO - Best fit parameters: [0.23347231].
2024-03-16 15:58:20,068 - INFO - Maximum log composite likelihood: -3575.403181155156.
2024-03-16 15:58:20,068 - INFO - Optimal value of theta: 8320.3351518055.
2024-03-16 15:58:20,069 - INFO - Beginning optimization with guess, [0.38024343].
2024-03-16 15:59:02,417 - INFO - Finished optimization with guess, [0.38024343].
2024-03-16 15:59:02,419 - INFO - Best fit parameters: [0.38024343].
2024-03-16 15:59:05,495 - INFO - Maximum log composite likelihood: -3575.403181155156.
2024-03-16 15:59:05,495 - INFO - Optimal value of theta: 8320.3351518055.
2024-03-16 15:59:05,506 - INFO - Finished demographic inference.
2024-03-16 15:59:05,506 - INFO - Pipeline executed succesfully.
