2024-01-17 15:55:23,573 - INFO - Beginning execution of fit_demographic_model.py in directory /u/project/kirk/jonmah/sample_size_demography/Scripts

2024-01-17 15:55:23,573 - INFO - Progress is being logged to ../Analysis/1kg_EUR_14/log.log

2024-01-17 15:55:23,574 - INFO - Parsed the following arguments:
	syn_input_sfs = ../Analysis/1kg_EUR_14/syn_downsampled_sfs.txt
	mask_singletons = False
	mask_doubletons = False
	outprefix = ../Analysis/1kg_EUR_14/

2024-01-17 15:55:23,576 - INFO - Beginning demographic inference for one-epoch demographic model.
2024-01-17 15:55:23,577 - INFO - Beginning optimization with guess, [0.19443553].
2024-01-17 15:55:24,973 - INFO - Finished optimization with guess, [0.19443553].
2024-01-17 15:55:24,974 - INFO - Best fit parameters: [0.19443553].
2024-01-17 15:55:25,017 - INFO - Maximum log composite likelihood: -105.41190991537223.
2024-01-17 15:55:25,017 - INFO - Optimal value of theta: 5181.106227719225.
2024-01-17 15:55:25,017 - INFO - Beginning optimization with guess, [0.34114623].
2024-01-17 15:55:26,410 - INFO - Finished optimization with guess, [0.34114623].
2024-01-17 15:55:26,411 - INFO - Best fit parameters: [0.34114623].
2024-01-17 15:55:26,455 - INFO - Maximum log composite likelihood: -105.41190991537223.
2024-01-17 15:55:26,455 - INFO - Optimal value of theta: 5181.106227719225.
2024-01-17 15:55:26,455 - INFO - Beginning optimization with guess, [0.32909367].
2024-01-17 15:55:27,845 - INFO - Finished optimization with guess, [0.32909367].
2024-01-17 15:55:27,845 - INFO - Best fit parameters: [0.32909367].
2024-01-17 15:55:27,888 - INFO - Maximum log composite likelihood: -105.41190991537223.
2024-01-17 15:55:27,888 - INFO - Optimal value of theta: 5181.106227719225.
2024-01-17 15:55:27,888 - INFO - Beginning optimization with guess, [0.38232371].
2024-01-17 15:55:29,159 - INFO - Finished optimization with guess, [0.38232371].
2024-01-17 15:55:29,159 - INFO - Best fit parameters: [0.38232371].
2024-01-17 15:55:29,203 - INFO - Maximum log composite likelihood: -105.41190991537223.
2024-01-17 15:55:29,203 - INFO - Optimal value of theta: 5181.106227719225.
2024-01-17 15:55:29,203 - INFO - Beginning optimization with guess, [0.27752179].
2024-01-17 15:55:30,610 - INFO - Finished optimization with guess, [0.27752179].
2024-01-17 15:55:30,610 - INFO - Best fit parameters: [0.27752179].
2024-01-17 15:55:30,654 - INFO - Maximum log composite likelihood: -105.41190991537223.
2024-01-17 15:55:30,655 - INFO - Optimal value of theta: 5181.106227719225.
2024-01-17 15:55:30,655 - INFO - Beginning optimization with guess, [0.37482385].
2024-01-17 15:55:31,933 - INFO - Finished optimization with guess, [0.37482385].
2024-01-17 15:55:31,934 - INFO - Best fit parameters: [0.37482385].
2024-01-17 15:55:31,977 - INFO - Maximum log composite likelihood: -105.41190991537223.
2024-01-17 15:55:31,978 - INFO - Optimal value of theta: 5181.106227719225.
2024-01-17 15:55:31,978 - INFO - Beginning optimization with guess, [0.67641727].
2024-01-17 15:55:33,093 - INFO - Finished optimization with guess, [0.67641727].
2024-01-17 15:55:33,093 - INFO - Best fit parameters: [0.67641727].
2024-01-17 15:55:33,136 - INFO - Maximum log composite likelihood: -105.41190991537223.
2024-01-17 15:55:33,136 - INFO - Optimal value of theta: 5181.106227719225.
2024-01-17 15:55:33,136 - INFO - Beginning optimization with guess, [0.55903501].
2024-01-17 15:55:34,383 - INFO - Finished optimization with guess, [0.55903501].
2024-01-17 15:55:34,384 - INFO - Best fit parameters: [0.55903501].
2024-01-17 15:55:34,427 - INFO - Maximum log composite likelihood: -105.41190991537223.
2024-01-17 15:55:34,427 - INFO - Optimal value of theta: 5181.106227719225.
2024-01-17 15:55:34,427 - INFO - Beginning optimization with guess, [1.39497497].
2024-01-17 15:55:35,596 - INFO - Finished optimization with guess, [1.39497497].
2024-01-17 15:55:35,596 - INFO - Best fit parameters: [1.39497497].
2024-01-17 15:55:35,639 - INFO - Maximum log composite likelihood: -105.41190991537223.
2024-01-17 15:55:35,639 - INFO - Optimal value of theta: 5181.106227719225.
2024-01-17 15:55:35,639 - INFO - Beginning optimization with guess, [1.2170019].
2024-01-17 15:55:36,633 - INFO - Finished optimization with guess, [1.2170019].
2024-01-17 15:55:36,633 - INFO - Best fit parameters: [1.2170019].
2024-01-17 15:55:36,675 - INFO - Maximum log composite likelihood: -105.41190991537223.
2024-01-17 15:55:36,676 - INFO - Optimal value of theta: 5181.106227719225.
2024-01-17 15:55:36,676 - INFO - Beginning optimization with guess, [2.21945827].
2024-01-17 15:55:37,922 - INFO - Finished optimization with guess, [2.21945827].
2024-01-17 15:55:37,922 - INFO - Best fit parameters: [2.21945827].
2024-01-17 15:55:37,965 - INFO - Maximum log composite likelihood: -105.41190991537223.
2024-01-17 15:55:37,965 - INFO - Optimal value of theta: 5181.106227719225.
2024-01-17 15:55:37,965 - INFO - Beginning optimization with guess, [0.77313051].
2024-01-17 15:55:39,105 - INFO - Finished optimization with guess, [0.77313051].
2024-01-17 15:55:39,106 - INFO - Best fit parameters: [0.77313051].
2024-01-17 15:55:39,149 - INFO - Maximum log composite likelihood: -105.41190991537223.
2024-01-17 15:55:39,149 - INFO - Optimal value of theta: 5181.106227719225.
2024-01-17 15:55:39,149 - INFO - Beginning optimization with guess, [2.25198856].
2024-01-17 15:55:40,400 - INFO - Finished optimization with guess, [2.25198856].
2024-01-17 15:55:40,401 - INFO - Best fit parameters: [2.25198856].
2024-01-17 15:55:40,443 - INFO - Maximum log composite likelihood: -105.41190991537223.
2024-01-17 15:55:40,443 - INFO - Optimal value of theta: 5181.106227719225.
2024-01-17 15:55:40,443 - INFO - Beginning optimization with guess, [2.24033673].
2024-01-17 15:55:41,700 - INFO - Finished optimization with guess, [2.24033673].
2024-01-17 15:55:41,700 - INFO - Best fit parameters: [2.24033673].
2024-01-17 15:55:41,744 - INFO - Maximum log composite likelihood: -105.41190991537223.
2024-01-17 15:55:41,744 - INFO - Optimal value of theta: 5181.106227719225.
2024-01-17 15:55:41,744 - INFO - Beginning optimization with guess, [2.09666971].
2024-01-17 15:55:43,012 - INFO - Finished optimization with guess, [2.09666971].
2024-01-17 15:55:43,012 - INFO - Best fit parameters: [2.09666971].
2024-01-17 15:55:43,067 - INFO - Maximum log composite likelihood: -105.41190991537223.
2024-01-17 15:55:43,067 - INFO - Optimal value of theta: 5181.106227719225.
2024-01-17 15:55:43,067 - INFO - Beginning optimization with guess, [3.93992426].
2024-01-17 15:55:44,535 - INFO - Finished optimization with guess, [3.93992426].
2024-01-17 15:55:44,536 - INFO - Best fit parameters: [3.93992426].
2024-01-17 15:55:44,579 - INFO - Maximum log composite likelihood: -105.41190991537223.
2024-01-17 15:55:44,579 - INFO - Optimal value of theta: 5181.106227719225.
2024-01-17 15:55:44,579 - INFO - Beginning optimization with guess, [5.29559952].
2024-01-17 15:55:45,947 - INFO - Finished optimization with guess, [5.29559952].
2024-01-17 15:55:45,947 - INFO - Best fit parameters: [5.29559952].
2024-01-17 15:55:45,990 - INFO - Maximum log composite likelihood: -105.41190991537223.
2024-01-17 15:55:45,991 - INFO - Optimal value of theta: 5181.106227719225.
2024-01-17 15:55:45,991 - INFO - Beginning optimization with guess, [2.69117908].
2024-01-17 15:55:47,255 - INFO - Finished optimization with guess, [2.69117908].
2024-01-17 15:55:47,255 - INFO - Best fit parameters: [2.69117908].
2024-01-17 15:55:47,298 - INFO - Maximum log composite likelihood: -105.41190991537223.
2024-01-17 15:55:47,299 - INFO - Optimal value of theta: 5181.106227719225.
2024-01-17 15:55:47,299 - INFO - Beginning optimization with guess, [2.06271061].
2024-01-17 15:55:48,568 - INFO - Finished optimization with guess, [2.06271061].
2024-01-17 15:55:48,568 - INFO - Best fit parameters: [2.06271061].
2024-01-17 15:55:48,611 - INFO - Maximum log composite likelihood: -105.41190991537223.
2024-01-17 15:55:48,611 - INFO - Optimal value of theta: 5181.106227719225.
2024-01-17 15:55:48,611 - INFO - Beginning optimization with guess, [5.5035332].
2024-01-17 15:55:50,012 - INFO - Finished optimization with guess, [5.5035332].
2024-01-17 15:55:50,012 - INFO - Best fit parameters: [5.5035332].
2024-01-17 15:55:50,055 - INFO - Maximum log composite likelihood: -105.41190991537223.
2024-01-17 15:55:50,055 - INFO - Optimal value of theta: 5181.106227719225.
2024-01-17 15:55:50,055 - INFO - Beginning optimization with guess, [3.38472209].
2024-01-17 15:55:51,441 - INFO - Finished optimization with guess, [3.38472209].
2024-01-17 15:55:51,441 - INFO - Best fit parameters: [3.38472209].
2024-01-17 15:55:51,485 - INFO - Maximum log composite likelihood: -105.41190991537223.
2024-01-17 15:55:51,485 - INFO - Optimal value of theta: 5181.106227719225.
2024-01-17 15:55:51,485 - INFO - Beginning optimization with guess, [2.89483474].
2024-01-17 15:55:52,862 - INFO - Finished optimization with guess, [2.89483474].
2024-01-17 15:55:52,862 - INFO - Best fit parameters: [2.89483474].
2024-01-17 15:55:52,905 - INFO - Maximum log composite likelihood: -105.41190991537223.
2024-01-17 15:55:52,905 - INFO - Optimal value of theta: 5181.106227719225.
2024-01-17 15:55:52,906 - INFO - Beginning optimization with guess, [4.87534828].
2024-01-17 15:55:54,266 - INFO - Finished optimization with guess, [4.87534828].
2024-01-17 15:55:54,266 - INFO - Best fit parameters: [4.87534828].
2024-01-17 15:55:54,308 - INFO - Maximum log composite likelihood: -105.41190991537223.
2024-01-17 15:55:54,308 - INFO - Optimal value of theta: 5181.106227719225.
2024-01-17 15:55:54,308 - INFO - Beginning optimization with guess, [10.52925488].
2024-01-17 15:55:55,823 - INFO - Finished optimization with guess, [10.52925488].
2024-01-17 15:55:55,823 - INFO - Best fit parameters: [10.52925488].
2024-01-17 15:55:55,866 - INFO - Maximum log composite likelihood: -105.41190991537223.
2024-01-17 15:55:55,866 - INFO - Optimal value of theta: 5181.106227719225.
2024-01-17 15:55:55,867 - INFO - Beginning optimization with guess, [5.96630435].
2024-01-17 15:55:57,250 - INFO - Finished optimization with guess, [5.96630435].
2024-01-17 15:55:57,251 - INFO - Best fit parameters: [5.96630435].
2024-01-17 15:55:57,295 - INFO - Maximum log composite likelihood: -105.41190991537223.
2024-01-17 15:55:57,295 - INFO - Optimal value of theta: 5181.106227719225.
2024-01-17 15:55:57,297 - INFO - Beginning demographic inference for two-epoch demographic model.
2024-01-17 15:55:57,299 - INFO - Beginning optimization with guess, [0.10968433 0.00657808].
2024-01-17 15:55:58,604 - INFO - Finished optimization with guess, [0.10968433 0.00657808].
2024-01-17 15:55:58,605 - INFO - Best fit parameters: [0.21433878 0.00907564].
2024-01-17 15:55:58,650 - INFO - Maximum log composite likelihood: -55.69711657693824.
2024-01-17 15:55:58,651 - INFO - Optimal value of theta: 5536.1490282969735.
2024-01-17 15:55:58,651 - INFO - Beginning optimization with guess, [0.13616346 0.01376685].
2024-01-17 15:56:00,115 - INFO - Finished optimization with guess, [0.13616346 0.01376685].
2024-01-17 15:56:00,116 - INFO - Best fit parameters: [0.18800443 0.00788875].
2024-01-17 15:56:00,165 - INFO - Maximum log composite likelihood: -55.93235614083187.
2024-01-17 15:56:00,165 - INFO - Optimal value of theta: 5545.731075734687.
2024-01-17 15:56:00,166 - INFO - Beginning optimization with guess, [0.24710405 0.01970201].
2024-01-17 15:56:01,599 - INFO - Finished optimization with guess, [0.24710405 0.01970201].
2024-01-17 15:56:01,599 - INFO - Best fit parameters: [0.5118892  0.05357738].
2024-01-17 15:56:01,647 - INFO - Maximum log composite likelihood: -47.61031799400007.
2024-01-17 15:56:01,648 - INFO - Optimal value of theta: 5664.568903984419.
2024-01-17 15:56:01,648 - INFO - Beginning optimization with guess, [0.32932114 0.00919739].
2024-01-17 15:56:03,047 - INFO - Finished optimization with guess, [0.32932114 0.00919739].
2024-01-17 15:56:03,047 - INFO - Best fit parameters: [0.60571638 0.06960329].
2024-01-17 15:56:03,095 - INFO - Maximum log composite likelihood: -46.76886627521799.
2024-01-17 15:56:03,095 - INFO - Optimal value of theta: 5596.010890997294.
2024-01-17 15:56:03,095 - INFO - Beginning optimization with guess, [0.53487757 0.01259544].
2024-01-17 15:56:04,552 - INFO - Finished optimization with guess, [0.53487757 0.01259544].
2024-01-17 15:56:04,554 - INFO - Best fit parameters: [0.69695832 0.17808428].
2024-01-17 15:56:04,608 - INFO - Maximum log composite likelihood: -39.91276143432333.
2024-01-17 15:56:04,608 - INFO - Optimal value of theta: 5760.526639935974.
2024-01-17 15:56:04,608 - INFO - Beginning optimization with guess, [0.37250222 0.00549749].
2024-01-17 15:56:05,964 - INFO - Finished optimization with guess, [0.37250222 0.00549749].
2024-01-17 15:56:05,964 - INFO - Best fit parameters: [0.42640905 0.03280043].
2024-01-17 15:56:06,012 - INFO - Maximum log composite likelihood: -50.91621779865818.
2024-01-17 15:56:06,012 - INFO - Optimal value of theta: 5620.907899362448.
2024-01-17 15:56:06,013 - INFO - Beginning optimization with guess, [0.85939034 0.00977121].
2024-01-17 15:56:07,960 - INFO - Finished optimization with guess, [0.85939034 0.00977121].
2024-01-17 15:56:07,960 - INFO - Best fit parameters: [0.75231803 0.41987047].
2024-01-17 15:56:08,027 - INFO - Maximum log composite likelihood: -44.0101067956557.
2024-01-17 15:56:08,027 - INFO - Optimal value of theta: 5957.113640432128.
2024-01-17 15:56:08,027 - INFO - Beginning optimization with guess, [1.46721664 0.01032439].
2024-01-17 15:56:09,365 - INFO - Finished optimization with guess, [1.46721664 0.01032439].
2024-01-17 15:56:09,365 - INFO - Best fit parameters: [0.9242179  0.56857517].
2024-01-17 15:56:09,435 - INFO - Maximum log composite likelihood: -83.27271996729633.
2024-01-17 15:56:09,435 - INFO - Optimal value of theta: 5407.947352939536.
2024-01-17 15:56:09,435 - INFO - Beginning optimization with guess, [0.5179    0.0103307].
2024-01-17 15:56:10,829 - INFO - Finished optimization with guess, [0.5179    0.0103307].
2024-01-17 15:56:10,829 - INFO - Best fit parameters: [0.50382488 0.05013233].
2024-01-17 15:56:10,876 - INFO - Maximum log composite likelihood: -48.06753847190339.
2024-01-17 15:56:10,877 - INFO - Optimal value of theta: 5652.307273182045.
2024-01-17 15:56:10,877 - INFO - Beginning optimization with guess, [0.59098661 0.0079094 ].
2024-01-17 15:56:12,294 - INFO - Finished optimization with guess, [0.59098661 0.0079094 ].
2024-01-17 15:56:12,294 - INFO - Best fit parameters: [0.58167159 0.06940037].
2024-01-17 15:56:12,349 - INFO - Maximum log composite likelihood: -45.79465253150647.
2024-01-17 15:56:12,349 - INFO - Optimal value of theta: 5637.588025428554.
2024-01-17 15:56:12,350 - INFO - Beginning optimization with guess, [0.63937251 0.00661159].
2024-01-17 15:56:13,752 - INFO - Finished optimization with guess, [0.63937251 0.00661159].
2024-01-17 15:56:13,752 - INFO - Best fit parameters: [0.57977922 0.10450516].
2024-01-17 15:56:13,803 - INFO - Maximum log composite likelihood: -42.94786119350556.
2024-01-17 15:56:13,803 - INFO - Optimal value of theta: 5822.571574127624.
2024-01-17 15:56:13,804 - INFO - Beginning optimization with guess, [0.80011895 0.00814071].
2024-01-17 15:56:15,848 - INFO - Finished optimization with guess, [0.80011895 0.00814071].
2024-01-17 15:56:15,848 - INFO - Best fit parameters: [0.63023086 0.43741641].
2024-01-17 15:56:15,920 - INFO - Maximum log composite likelihood: -35.21945947483982.
2024-01-17 15:56:15,920 - INFO - Optimal value of theta: 6622.144193249621.
2024-01-17 15:56:15,921 - INFO - Beginning optimization with guess, [3.22569063 0.01106464].
2024-01-17 15:56:17,256 - INFO - Finished optimization with guess, [3.22569063 0.01106464].
2024-01-17 15:56:17,257 - INFO - Best fit parameters: [0.78603929 0.57345688].
2024-01-17 15:56:17,330 - INFO - Maximum log composite likelihood: -53.64734835593299.
2024-01-17 15:56:17,330 - INFO - Optimal value of theta: 5948.8921654450205.
2024-01-17 15:56:17,331 - INFO - Beginning optimization with guess, [2.78156186 0.00803166].
2024-01-17 15:56:18,652 - INFO - Finished optimization with guess, [2.78156186 0.00803166].
2024-01-17 15:56:18,652 - INFO - Best fit parameters: [0.81034352 0.55121783].
2024-01-17 15:56:18,723 - INFO - Maximum log composite likelihood: -57.12923196724387.
2024-01-17 15:56:18,723 - INFO - Optimal value of theta: 5824.698814899946.
2024-01-17 15:56:18,724 - INFO - Beginning optimization with guess, [1.52342322 0.01074633].
2024-01-17 15:56:20,067 - INFO - Finished optimization with guess, [1.52342322 0.01074633].
2024-01-17 15:56:20,067 - INFO - Best fit parameters: [0.91710325 0.57139391].
2024-01-17 15:56:20,136 - INFO - Maximum log composite likelihood: -81.44576536698787.
2024-01-17 15:56:20,136 - INFO - Optimal value of theta: 5431.983280282554.
2024-01-17 15:56:20,136 - INFO - Beginning optimization with guess, [3.1990413  0.00541587].
2024-01-17 15:56:21,452 - INFO - Finished optimization with guess, [3.1990413  0.00541587].
2024-01-17 15:56:21,452 - INFO - Best fit parameters: [0.78738092 0.52504236].
2024-01-17 15:56:21,521 - INFO - Maximum log composite likelihood: -52.268937805640235.
2024-01-17 15:56:21,521 - INFO - Optimal value of theta: 5905.310942592823.
2024-01-17 15:56:21,522 - INFO - Beginning optimization with guess, [3.47265564 0.00625077].
2024-01-17 15:56:22,838 - INFO - Finished optimization with guess, [3.47265564 0.00625077].
2024-01-17 15:56:22,839 - INFO - Best fit parameters: [0.77420882 0.53441879].
2024-01-17 15:56:22,910 - INFO - Maximum log composite likelihood: -50.44524371956504.
2024-01-17 15:56:22,910 - INFO - Optimal value of theta: 5972.567350759787.
2024-01-17 15:56:22,910 - INFO - Beginning optimization with guess, [4.71233641 0.01856584].
2024-01-17 15:56:24,189 - INFO - Finished optimization with guess, [4.71233641 0.01856584].
2024-01-17 15:56:24,189 - INFO - Best fit parameters: [0.49688367 0.0418049 ].
2024-01-17 15:56:24,238 - INFO - Maximum log composite likelihood: -49.454847354561025.
2024-01-17 15:56:24,238 - INFO - Optimal value of theta: 5594.328449789819.
2024-01-17 15:56:24,238 - INFO - Beginning optimization with guess, [2.8662908 0.0064634].
2024-01-17 15:56:25,567 - INFO - Finished optimization with guess, [2.8662908 0.0064634].
2024-01-17 15:56:25,567 - INFO - Best fit parameters: [0.80536049 0.53663043].
2024-01-17 15:56:25,639 - INFO - Maximum log composite likelihood: -55.76234087197827.
2024-01-17 15:56:25,639 - INFO - Optimal value of theta: 5836.047441400632.
2024-01-17 15:56:25,639 - INFO - Beginning optimization with guess, [5.40640832 0.01154814].
2024-01-17 15:56:28,219 - INFO - Finished optimization with guess, [5.40640832 0.01154814].
2024-01-17 15:56:28,220 - INFO - Best fit parameters: [0.62211316 0.8638258 ].
2024-01-17 15:56:28,319 - INFO - Maximum log composite likelihood: -48.189277595193744.
2024-01-17 15:56:28,319 - INFO - Optimal value of theta: 7407.853161025984.
2024-01-17 15:56:28,319 - INFO - Beginning optimization with guess, [2.94558041 0.01803067].
2024-01-17 15:56:30,416 - INFO - Finished optimization with guess, [2.94558041 0.01803067].
2024-01-17 15:56:30,416 - INFO - Best fit parameters: [0.73798186 0.87654736].
2024-01-17 15:56:30,506 - INFO - Maximum log composite likelihood: -58.890964220098795.
2024-01-17 15:56:30,506 - INFO - Optimal value of theta: 6448.266322846894.
2024-01-17 15:56:30,507 - INFO - Beginning optimization with guess, [5.52322526 0.01075472].
2024-01-17 15:56:33,164 - INFO - Finished optimization with guess, [5.52322526 0.01075472].
2024-01-17 15:56:33,165 - INFO - Best fit parameters: [0.61838406 0.86181064].
2024-01-17 15:56:33,265 - INFO - Maximum log composite likelihood: -47.858640998399096.
2024-01-17 15:56:33,265 - INFO - Optimal value of theta: 7443.657977634193.
2024-01-17 15:56:33,266 - INFO - Beginning optimization with guess, [3.28790635 0.00779774].
2024-01-17 15:56:34,593 - INFO - Finished optimization with guess, [3.28790635 0.00779774].
2024-01-17 15:56:34,593 - INFO - Best fit parameters: [0.78295847 0.54921001].
2024-01-17 15:56:34,664 - INFO - Maximum log composite likelihood: -52.32614215936155.
2024-01-17 15:56:34,665 - INFO - Optimal value of theta: 5944.397915040122.
2024-01-17 15:56:34,665 - INFO - Beginning optimization with guess, [6.79265413 0.00685494].
2024-01-17 15:56:36,000 - INFO - Finished optimization with guess, [6.79265413 0.00685494].
2024-01-17 15:56:36,000 - INFO - Best fit parameters: [0.67446688 0.54054129].
2024-01-17 15:56:36,078 - INFO - Maximum log composite likelihood: -39.088334625447715.
2024-01-17 15:56:36,078 - INFO - Optimal value of theta: 6521.149933749281.
2024-01-17 15:56:36,078 - INFO - Beginning optimization with guess, [7.93658726 0.00876939].
2024-01-17 15:56:39,168 - INFO - Finished optimization with guess, [7.93658726 0.00876939].
2024-01-17 15:56:39,169 - INFO - Best fit parameters: [0.5584419  0.85605896].
2024-01-17 15:56:39,274 - INFO - Maximum log composite likelihood: -44.59265801100628.
2024-01-17 15:56:39,274 - INFO - Optimal value of theta: 8138.338604816076.
2024-01-17 15:56:39,276 - INFO - Beginning demographic inference for three-epoch demographic model.
2024-01-17 15:56:39,278 - INFO - Beginning optimization with guess, [0.00610422 0.01801287 0.00784846 0.00550496].
2024-01-17 15:56:45,257 - INFO - Finished optimization with guess, [0.00610422 0.01801287 0.00784846 0.00550496].
2024-01-17 15:56:45,257 - INFO - Best fit parameters: [0.00372206 0.01770213 0.0145391  0.00541681].
2024-01-17 15:56:45,470 - INFO - Maximum log composite likelihood: -39.16846502309818.
2024-01-17 15:56:45,470 - INFO - Optimal value of theta: 245634.2660818043.
2024-01-17 15:56:45,470 - INFO - Beginning optimization with guess, [0.01121173 0.0232016  0.00563857 0.00565522].
2024-01-17 15:56:46,979 - INFO - Finished optimization with guess, [0.01121173 0.0232016  0.00563857 0.00565522].
2024-01-17 15:56:46,979 - INFO - Best fit parameters: [2.82397195e-01 5.29278747e-02 2.45122365e-04 1.78962688e-03].
2024-01-17 15:56:47,026 - INFO - Maximum log composite likelihood: -57.427659563200905.
2024-01-17 15:56:47,026 - INFO - Optimal value of theta: 5536.9102360808865.
2024-01-17 15:56:47,026 - INFO - Beginning optimization with guess, [0.03061309 0.05986409 0.00623616 0.00502871].
2024-01-17 15:56:48,321 - INFO - Finished optimization with guess, [0.03061309 0.05986409 0.00623616 0.00502871].
2024-01-17 15:56:48,321 - INFO - Best fit parameters: [0.12627086 0.06196171 0.00148812 0.00136023].
2024-01-17 15:56:48,368 - INFO - Maximum log composite likelihood: -57.3661186130048.
2024-01-17 15:56:48,369 - INFO - Optimal value of theta: 5517.745136506281.
2024-01-17 15:56:48,369 - INFO - Beginning optimization with guess, [0.0343158  0.04381621 0.01285526 0.01214867].
2024-01-17 15:56:49,946 - INFO - Finished optimization with guess, [0.0343158  0.04381621 0.01285526 0.01214867].
2024-01-17 15:56:49,947 - INFO - Best fit parameters: [0.09093936 0.29315704 0.00252798 0.00319369].
2024-01-17 15:56:49,994 - INFO - Maximum log composite likelihood: -55.90991140819733.
2024-01-17 15:56:49,994 - INFO - Optimal value of theta: 5534.3119023053505.
2024-01-17 15:56:49,994 - INFO - Beginning optimization with guess, [0.05294729 0.05076535 0.00618091 0.01043842].
2024-01-17 15:56:51,334 - INFO - Finished optimization with guess, [0.05294729 0.05076535 0.00618091 0.01043842].
2024-01-17 15:56:51,334 - INFO - Best fit parameters: [0.06703213 0.2050075  0.00142752 0.00335612].
2024-01-17 15:56:51,382 - INFO - Maximum log composite likelihood: -56.2662863074338.
2024-01-17 15:56:51,382 - INFO - Optimal value of theta: 5534.8302156682175.
2024-01-17 15:56:51,383 - INFO - Beginning optimization with guess, [0.60822426 0.5277872  0.01750019 0.01827645].
2024-01-17 15:56:52,836 - INFO - Finished optimization with guess, [0.60822426 0.5277872  0.01750019 0.01827645].
2024-01-17 15:56:52,837 - INFO - Best fit parameters: [0.57801021 0.49115734 0.01696576 0.04068123].
2024-01-17 15:56:52,887 - INFO - Maximum log composite likelihood: -48.17125100851263.
2024-01-17 15:56:52,887 - INFO - Optimal value of theta: 5696.549410096158.
2024-01-17 15:56:52,887 - INFO - Beginning optimization with guess, [0.9330053  1.33972323 0.01898847 0.01228706].
2024-01-17 15:56:54,402 - INFO - Finished optimization with guess, [0.9330053  1.33972323 0.01898847 0.01228706].
2024-01-17 15:56:54,402 - INFO - Best fit parameters: [9.03496473e-01 1.08856170e+00 2.49521310e-01 2.65809655e-04].
2024-01-17 15:56:54,461 - INFO - Maximum log composite likelihood: -75.48353826885977.
2024-01-17 15:56:54,461 - INFO - Optimal value of theta: 5361.194878385374.
2024-01-17 15:56:54,461 - INFO - Beginning optimization with guess, [0.67065928 1.42882237 0.00906226 0.00538112].
2024-01-17 15:56:56,218 - INFO - Finished optimization with guess, [0.67065928 1.42882237 0.00906226 0.00538112].
2024-01-17 15:56:56,219 - INFO - Best fit parameters: [6.32474431e-01 1.45811897e+00 4.31480058e-01 8.46925384e-04].
2024-01-17 15:56:56,290 - INFO - Maximum log composite likelihood: -35.10175287707443.
2024-01-17 15:56:56,290 - INFO - Optimal value of theta: 6587.3251254185225.
2024-01-17 15:56:56,291 - INFO - Beginning optimization with guess, [1.65285899 0.78451868 0.00828359 0.00608393].
2024-01-17 15:56:58,256 - INFO - Finished optimization with guess, [1.65285899 0.78451868 0.00828359 0.00608393].
2024-01-17 15:56:58,256 - INFO - Best fit parameters: [1.69698004e+00 7.23304587e-01 9.51235252e-04 4.00575282e-01].
2024-01-17 15:56:58,324 - INFO - Maximum log composite likelihood: -40.12557278103304.
2024-01-17 15:56:58,325 - INFO - Optimal value of theta: 6057.869930981708.
2024-01-17 15:56:58,325 - INFO - Beginning optimization with guess, [1.15016319 0.55071056 0.00866358 0.01295673].
2024-01-17 15:56:59,604 - INFO - Finished optimization with guess, [1.15016319 0.55071056 0.00866358 0.01295673].
2024-01-17 15:56:59,605 - INFO - Best fit parameters: [1.15919478 0.50104119 0.00673659 0.05723197].
2024-01-17 15:56:59,653 - INFO - Maximum log composite likelihood: -47.81549448756232.
2024-01-17 15:56:59,653 - INFO - Optimal value of theta: 5707.538866299278.
2024-01-17 15:56:59,653 - INFO - Beginning optimization with guess, [2.4008628  1.56892143 0.01150528 0.00823242].
2024-01-17 15:57:00,950 - INFO - Finished optimization with guess, [2.4008628  1.56892143 0.01150528 0.00823242].
2024-01-17 15:57:00,950 - INFO - Best fit parameters: [1.31862378e+00 5.96611567e-01 6.57314497e-06 9.57281937e-06].
2024-01-17 15:57:00,996 - INFO - Maximum log composite likelihood: -105.3946110918796.
2024-01-17 15:57:00,996 - INFO - Optimal value of theta: 5181.16264440907.
2024-01-17 15:57:00,997 - INFO - Beginning optimization with guess, [0.8972871  0.85482027 0.00768137 0.00764937].
2024-01-17 15:57:02,621 - INFO - Finished optimization with guess, [0.8972871  0.85482027 0.00768137 0.00764937].
2024-01-17 15:57:02,622 - INFO - Best fit parameters: [0.88667533 0.804518   0.00610573 0.23935272].
2024-01-17 15:57:02,680 - INFO - Maximum log composite likelihood: -51.83649221211908.
2024-01-17 15:57:02,680 - INFO - Optimal value of theta: 5583.5669988040745.
2024-01-17 15:57:02,680 - INFO - Beginning optimization with guess, [0.95858352 2.0362027  0.00824018 0.01585395].
2024-01-17 15:57:03,924 - INFO - Finished optimization with guess, [0.95858352 2.0362027  0.00824018 0.01585395].
2024-01-17 15:57:03,925 - INFO - Best fit parameters: [9.40001029e-01 8.15356098e-01 1.39323660e-02 1.95425809e-06].
2024-01-17 15:57:03,974 - INFO - Maximum log composite likelihood: -102.5868011477969.
2024-01-17 15:57:03,974 - INFO - Optimal value of theta: 5190.710926520396.
2024-01-17 15:57:03,974 - INFO - Beginning optimization with guess, [1.13505122 1.15982468 0.01320796 0.01798991].
2024-01-17 15:57:05,231 - INFO - Finished optimization with guess, [1.13505122 1.15982468 0.01320796 0.01798991].
2024-01-17 15:57:05,231 - INFO - Best fit parameters: [1.09251266e+00 8.93554104e-01 1.50151027e-04 4.44534225e-04].
2024-01-17 15:57:05,276 - INFO - Maximum log composite likelihood: -105.27185819632814.
2024-01-17 15:57:05,276 - INFO - Optimal value of theta: 5181.563855044463.
2024-01-17 15:57:05,276 - INFO - Beginning optimization with guess, [2.65360336 4.16458024 0.0180618  0.0056956 ].
2024-01-17 15:57:06,568 - INFO - Finished optimization with guess, [2.65360336 4.16458024 0.0180618  0.0056956 ].
2024-01-17 15:57:06,568 - INFO - Best fit parameters: [1.36096956e+00 1.94759325e-01 2.19389628e-05 3.94296815e-06].
2024-01-17 15:57:06,614 - INFO - Maximum log composite likelihood: -105.37481642725288.
2024-01-17 15:57:06,614 - INFO - Optimal value of theta: 5181.227214346151.
2024-01-17 15:57:06,614 - INFO - Beginning optimization with guess, [2.11998442 3.52923629 0.00977079 0.01175472].
2024-01-17 15:57:07,949 - INFO - Finished optimization with guess, [2.11998442 3.52923629 0.00977079 0.01175472].
2024-01-17 15:57:07,949 - INFO - Best fit parameters: [4.20328947e-01 1.76684413e+00 1.65428025e-05 9.08022080e-06].
2024-01-17 15:57:07,996 - INFO - Maximum log composite likelihood: -105.34668024184339.
2024-01-17 15:57:07,996 - INFO - Optimal value of theta: 5181.319045509875.
2024-01-17 15:57:07,996 - INFO - Beginning optimization with guess, [1.71636582 1.52502779 0.00709885 0.01396289].
2024-01-17 15:57:09,349 - INFO - Finished optimization with guess, [1.71636582 1.52502779 0.00709885 0.01396289].
2024-01-17 15:57:09,349 - INFO - Best fit parameters: [1.15287267e+00 8.09525343e-01 1.78686459e-05 2.95601645e-04].
2024-01-17 15:57:09,394 - INFO - Maximum log composite likelihood: -105.1780195082847.
2024-01-17 15:57:09,394 - INFO - Optimal value of theta: 5181.870731333519.
2024-01-17 15:57:09,395 - INFO - Beginning optimization with guess, [3.63143709 2.02991329 0.01075588 0.00864185].
2024-01-17 15:57:10,723 - INFO - Finished optimization with guess, [3.63143709 2.02991329 0.01075588 0.00864185].
2024-01-17 15:57:10,723 - INFO - Best fit parameters: [1.78975687e+00 4.41914186e-01 7.20004781e-06 1.23528901e-05].
2024-01-17 15:57:10,769 - INFO - Maximum log composite likelihood: -105.36825149981087.
2024-01-17 15:57:10,769 - INFO - Optimal value of theta: 5181.248638569738.
2024-01-17 15:57:10,769 - INFO - Beginning optimization with guess, [5.48621824 4.31609482 0.00743742 0.01125912].
2024-01-17 15:57:12,100 - INFO - Finished optimization with guess, [5.48621824 4.31609482 0.00743742 0.01125912].
2024-01-17 15:57:12,101 - INFO - Best fit parameters: [9.59519583e-01 2.70818207e-01 4.92659850e-06 8.05596499e-05].
2024-01-17 15:57:12,146 - INFO - Maximum log composite likelihood: -104.6577391396795.
2024-01-17 15:57:12,146 - INFO - Optimal value of theta: 5183.578743380261.
2024-01-17 15:57:12,146 - INFO - Beginning optimization with guess, [3.0987529  3.02325178 0.0078984  0.0078799 ].
2024-01-17 15:57:13,462 - INFO - Finished optimization with guess, [3.0987529  3.02325178 0.0078984  0.0078799 ].
2024-01-17 15:57:13,463 - INFO - Best fit parameters: [9.15647339e-01 3.40591856e-01 1.92083654e-05 4.41327723e-06].
2024-01-17 15:57:13,508 - INFO - Maximum log composite likelihood: -105.37551216479005.
2024-01-17 15:57:13,508 - INFO - Optimal value of theta: 5181.224946238817.
2024-01-17 15:57:13,509 - INFO - Beginning optimization with guess, [3.52354656 2.3934133  0.00853624 0.00964958].
2024-01-17 15:57:14,834 - INFO - Finished optimization with guess, [3.52354656 2.3934133  0.00853624 0.00964958].
2024-01-17 15:57:14,834 - INFO - Best fit parameters: [9.06527566e-01 4.27570113e-01 2.28640324e-05 7.39212518e-06].
2024-01-17 15:57:14,880 - INFO - Maximum log composite likelihood: -105.36882406769018.
2024-01-17 15:57:14,880 - INFO - Optimal value of theta: 5181.246768615418.
2024-01-17 15:57:14,881 - INFO - Beginning optimization with guess, [9.67572659e+00 5.08980521e+00 1.01370829e-02 9.34724619e-03].
2024-01-17 15:57:16,202 - INFO - Finished optimization with guess, [9.67572659e+00 5.08980521e+00 1.01370829e-02 9.34724619e-03].
2024-01-17 15:57:16,203 - INFO - Best fit parameters: [8.37912355e-01 2.05112028e-01 3.36208488e-05 6.81668178e-06].
2024-01-17 15:57:16,247 - INFO - Maximum log composite likelihood: -105.29668065679198.
2024-01-17 15:57:16,247 - INFO - Optimal value of theta: 5181.48227580913.
2024-01-17 15:57:16,248 - INFO - Beginning optimization with guess, [7.70991408e+00 3.41604902e+00 5.49861151e-03 7.88414833e-03].
2024-01-17 15:57:17,528 - INFO - Finished optimization with guess, [7.70991408e+00 3.41604902e+00 5.49861151e-03 7.88414833e-03].
2024-01-17 15:57:17,528 - INFO - Best fit parameters: [1.71234999e+00 5.40577005e-01 1.01619150e-05 9.96443327e-05].
2024-01-17 15:57:17,574 - INFO - Maximum log composite likelihood: -105.13138612964667.
2024-01-17 15:57:17,574 - INFO - Optimal value of theta: 5182.022979818293.
2024-01-17 15:57:17,575 - INFO - Beginning optimization with guess, [8.41548853e+00 4.06644150e+00 1.03919559e-02 7.74846470e-03].
2024-01-17 15:57:18,896 - INFO - Finished optimization with guess, [8.41548853e+00 4.06644150e+00 1.03919559e-02 7.74846470e-03].
2024-01-17 15:57:18,897 - INFO - Best fit parameters: [1.81587407e-01 1.41540021e+00 1.56121623e-05 6.44401369e-06].
2024-01-17 15:57:18,941 - INFO - Maximum log composite likelihood: -105.1736257015109.
2024-01-17 15:57:18,942 - INFO - Optimal value of theta: 5181.884553255547.
2024-01-17 15:57:18,942 - INFO - Beginning optimization with guess, [4.41205162 4.18437903 0.00609507 0.00581261].
2024-01-17 15:57:20,276 - INFO - Finished optimization with guess, [4.41205162 4.18437903 0.00609507 0.00581261].
2024-01-17 15:57:20,276 - INFO - Best fit parameters: [8.90782356e-01 2.48205363e-01 1.07394236e-05 2.03386697e-06].
2024-01-17 15:57:20,322 - INFO - Maximum log composite likelihood: -105.38531263988807.
2024-01-17 15:57:20,322 - INFO - Optimal value of theta: 5181.192973420659.
2024-01-17 15:57:20,324 - INFO - Finished demographic inference.
2024-01-17 15:57:20,324 - INFO - Pipeline executed succesfully.
