2024-03-14 21:55:41,234 - INFO - Beginning execution of fit_demographic_model.py in directory /u/project/kirk/jonmah/sample_size_demography/Scripts

2024-03-14 21:55:41,235 - INFO - Progress is being logged to ../Analysis/ThreeEpochExpansion_490/log.log

2024-03-14 21:55:41,236 - INFO - Parsed the following arguments:
	syn_input_sfs = ../Analysis/ThreeEpochExpansion_490/syn_downsampled_sfs.txt
	mask_singletons = False
	mask_doubletons = False
	outprefix = ../Analysis/ThreeEpochExpansion_490/

2024-03-14 21:55:41,271 - INFO - Beginning demographic inference for one-epoch demographic model.
2024-03-14 21:55:41,273 - INFO - Beginning optimization with guess, [0.06345199].
2024-03-14 21:56:25,202 - INFO - Finished optimization with guess, [0.06345199].
2024-03-14 21:56:25,205 - INFO - Best fit parameters: [0.06345199].
2024-03-14 21:56:26,451 - INFO - Maximum log composite likelihood: -9623.418348308758.
2024-03-14 21:56:26,451 - INFO - Optimal value of theta: 18183.320292867083.
2024-03-14 21:56:26,452 - INFO - Beginning optimization with guess, [0.23127538].
2024-03-14 21:57:06,789 - INFO - Finished optimization with guess, [0.23127538].
2024-03-14 21:57:06,790 - INFO - Best fit parameters: [0.23127538].
2024-03-14 21:57:08,027 - INFO - Maximum log composite likelihood: -9623.418348308758.
2024-03-14 21:57:08,027 - INFO - Optimal value of theta: 18183.320292867083.
2024-03-14 21:57:08,028 - INFO - Beginning optimization with guess, [0.36769574].
2024-03-14 21:57:44,488 - INFO - Finished optimization with guess, [0.36769574].
2024-03-14 21:57:44,489 - INFO - Best fit parameters: [0.36769574].
2024-03-14 21:57:45,735 - INFO - Maximum log composite likelihood: -9623.418348308758.
2024-03-14 21:57:45,735 - INFO - Optimal value of theta: 18183.320292867083.
2024-03-14 21:57:45,736 - INFO - Beginning optimization with guess, [0.44692335].
2024-03-14 21:58:23,029 - INFO - Finished optimization with guess, [0.44692335].
2024-03-14 21:58:23,030 - INFO - Best fit parameters: [0.44692335].
2024-03-14 21:58:24,269 - INFO - Maximum log composite likelihood: -9623.418348308758.
2024-03-14 21:58:24,269 - INFO - Optimal value of theta: 18183.320292867083.
2024-03-14 21:58:24,269 - INFO - Beginning optimization with guess, [0.85801321].
2024-03-14 21:58:52,783 - INFO - Finished optimization with guess, [0.85801321].
2024-03-14 21:58:52,784 - INFO - Best fit parameters: [0.85801321].
2024-03-14 21:58:54,020 - INFO - Maximum log composite likelihood: -9623.418348308758.
2024-03-14 21:58:54,021 - INFO - Optimal value of theta: 18183.320292867083.
2024-03-14 21:58:54,021 - INFO - Beginning optimization with guess, [0.88053345].
2024-03-14 21:59:19,775 - INFO - Finished optimization with guess, [0.88053345].
2024-03-14 21:59:19,776 - INFO - Best fit parameters: [0.88053345].
2024-03-14 21:59:21,018 - INFO - Maximum log composite likelihood: -9623.418348308758.
2024-03-14 21:59:21,018 - INFO - Optimal value of theta: 18183.320292867083.
2024-03-14 21:59:21,018 - INFO - Beginning optimization with guess, [0.6130581].
2024-03-14 21:59:53,634 - INFO - Finished optimization with guess, [0.6130581].
2024-03-14 21:59:53,636 - INFO - Best fit parameters: [0.6130581].
2024-03-14 21:59:54,877 - INFO - Maximum log composite likelihood: -9623.418348308758.
2024-03-14 21:59:54,877 - INFO - Optimal value of theta: 18183.320292867083.
2024-03-14 21:59:54,877 - INFO - Beginning optimization with guess, [1.53508523].
2024-03-14 22:00:27,059 - INFO - Finished optimization with guess, [1.53508523].
2024-03-14 22:00:27,060 - INFO - Best fit parameters: [1.53508523].
2024-03-14 22:00:28,298 - INFO - Maximum log composite likelihood: -9623.418348308758.
2024-03-14 22:00:28,299 - INFO - Optimal value of theta: 18183.320292867083.
2024-03-14 22:00:28,299 - INFO - Beginning optimization with guess, [0.92429704].
2024-03-14 22:00:53,481 - INFO - Finished optimization with guess, [0.92429704].
2024-03-14 22:00:53,486 - INFO - Best fit parameters: [0.92429704].
2024-03-14 22:00:54,823 - INFO - Maximum log composite likelihood: -9623.418348308758.
2024-03-14 22:00:54,823 - INFO - Optimal value of theta: 18183.320292867083.
2024-03-14 22:00:54,823 - INFO - Beginning optimization with guess, [1.76836215].
2024-03-14 22:01:30,942 - INFO - Finished optimization with guess, [1.76836215].
2024-03-14 22:01:30,944 - INFO - Best fit parameters: [1.76836215].
2024-03-14 22:01:32,179 - INFO - Maximum log composite likelihood: -9623.418348308758.
2024-03-14 22:01:32,179 - INFO - Optimal value of theta: 18183.320292867083.
2024-03-14 22:01:32,179 - INFO - Beginning optimization with guess, [1.81872472].
2024-03-14 22:02:08,384 - INFO - Finished optimization with guess, [1.81872472].
2024-03-14 22:02:08,385 - INFO - Best fit parameters: [1.81872472].
2024-03-14 22:02:09,629 - INFO - Maximum log composite likelihood: -9623.418348308758.
2024-03-14 22:02:09,629 - INFO - Optimal value of theta: 18183.320292867083.
2024-03-14 22:02:09,630 - INFO - Beginning optimization with guess, [0.92430675].
2024-03-14 22:02:35,726 - INFO - Finished optimization with guess, [0.92430675].
2024-03-14 22:02:35,727 - INFO - Best fit parameters: [0.92430675].
2024-03-14 22:02:36,961 - INFO - Maximum log composite likelihood: -9623.418348308758.
2024-03-14 22:02:36,962 - INFO - Optimal value of theta: 18183.320292867083.
2024-03-14 22:02:36,962 - INFO - Beginning optimization with guess, [2.7154149].
2024-03-14 22:03:12,876 - INFO - Finished optimization with guess, [2.7154149].
2024-03-14 22:03:12,877 - INFO - Best fit parameters: [2.7154149].
2024-03-14 22:03:14,120 - INFO - Maximum log composite likelihood: -9623.418348308758.
2024-03-14 22:03:14,120 - INFO - Optimal value of theta: 18183.320292867083.
2024-03-14 22:03:14,120 - INFO - Beginning optimization with guess, [1.25080418].
2024-03-14 22:03:42,665 - INFO - Finished optimization with guess, [1.25080418].
2024-03-14 22:03:42,666 - INFO - Best fit parameters: [1.25080418].
2024-03-14 22:03:43,901 - INFO - Maximum log composite likelihood: -9623.418348308758.
2024-03-14 22:03:43,901 - INFO - Optimal value of theta: 18183.320292867083.
2024-03-14 22:03:43,901 - INFO - Beginning optimization with guess, [1.74728197].
2024-03-14 22:04:19,767 - INFO - Finished optimization with guess, [1.74728197].
2024-03-14 22:04:19,768 - INFO - Best fit parameters: [1.74728197].
2024-03-14 22:04:21,005 - INFO - Maximum log composite likelihood: -9623.418348308758.
2024-03-14 22:04:21,005 - INFO - Optimal value of theta: 18183.320292867083.
2024-03-14 22:04:21,005 - INFO - Beginning optimization with guess, [3.62883674].
2024-03-14 22:05:03,329 - INFO - Finished optimization with guess, [3.62883674].
2024-03-14 22:05:03,332 - INFO - Best fit parameters: [3.62883674].
2024-03-14 22:05:04,573 - INFO - Maximum log composite likelihood: -9623.418348308758.
2024-03-14 22:05:04,573 - INFO - Optimal value of theta: 18183.320292867083.
2024-03-14 22:05:04,574 - INFO - Beginning optimization with guess, [2.06624093].
2024-03-14 22:05:41,531 - INFO - Finished optimization with guess, [2.06624093].
2024-03-14 22:05:41,532 - INFO - Best fit parameters: [2.06624093].
2024-03-14 22:05:42,878 - INFO - Maximum log composite likelihood: -9623.418348308758.
2024-03-14 22:05:42,879 - INFO - Optimal value of theta: 18183.320292867083.
2024-03-14 22:05:42,879 - INFO - Beginning optimization with guess, [5.62441115].
2024-03-14 22:06:23,004 - INFO - Finished optimization with guess, [5.62441115].
2024-03-14 22:06:23,006 - INFO - Best fit parameters: [5.62441115].
2024-03-14 22:06:24,262 - INFO - Maximum log composite likelihood: -9623.418348308758.
2024-03-14 22:06:24,263 - INFO - Optimal value of theta: 18183.320292867083.
2024-03-14 22:06:24,263 - INFO - Beginning optimization with guess, [1.92052967].
2024-03-14 22:07:01,111 - INFO - Finished optimization with guess, [1.92052967].
2024-03-14 22:07:01,113 - INFO - Best fit parameters: [1.92052967].
2024-03-14 22:07:02,414 - INFO - Maximum log composite likelihood: -9623.418348308758.
2024-03-14 22:07:02,414 - INFO - Optimal value of theta: 18183.320292867083.
2024-03-14 22:07:02,415 - INFO - Beginning optimization with guess, [2.19064971].
2024-03-14 22:07:38,297 - INFO - Finished optimization with guess, [2.19064971].
2024-03-14 22:07:38,298 - INFO - Best fit parameters: [2.19064971].
2024-03-14 22:07:39,533 - INFO - Maximum log composite likelihood: -9623.418348308758.
2024-03-14 22:07:39,533 - INFO - Optimal value of theta: 18183.320292867083.
2024-03-14 22:07:39,534 - INFO - Beginning optimization with guess, [2.43897784].
2024-03-14 22:08:16,655 - INFO - Finished optimization with guess, [2.43897784].
2024-03-14 22:08:16,659 - INFO - Best fit parameters: [2.43897784].
2024-03-14 22:08:18,002 - INFO - Maximum log composite likelihood: -9623.418348308758.
2024-03-14 22:08:18,002 - INFO - Optimal value of theta: 18183.320292867083.
2024-03-14 22:08:18,002 - INFO - Beginning optimization with guess, [5.56525124].
2024-03-14 22:08:57,607 - INFO - Finished optimization with guess, [5.56525124].
2024-03-14 22:08:57,609 - INFO - Best fit parameters: [5.56525124].
2024-03-14 22:08:58,848 - INFO - Maximum log composite likelihood: -9623.418348308758.
2024-03-14 22:08:58,848 - INFO - Optimal value of theta: 18183.320292867083.
2024-03-14 22:08:58,848 - INFO - Beginning optimization with guess, [8.50764973].
2024-03-14 22:09:42,136 - INFO - Finished optimization with guess, [8.50764973].
2024-03-14 22:09:42,137 - INFO - Best fit parameters: [8.50764973].
2024-03-14 22:09:43,373 - INFO - Maximum log composite likelihood: -9623.418348308758.
2024-03-14 22:09:43,373 - INFO - Optimal value of theta: 18183.320292867083.
2024-03-14 22:09:43,373 - INFO - Beginning optimization with guess, [5.45328294].
2024-03-14 22:10:23,572 - INFO - Finished optimization with guess, [5.45328294].
2024-03-14 22:10:23,576 - INFO - Best fit parameters: [5.45328294].
2024-03-14 22:10:24,926 - INFO - Maximum log composite likelihood: -9623.418348308758.
2024-03-14 22:10:24,926 - INFO - Optimal value of theta: 18183.320292867083.
2024-03-14 22:10:24,926 - INFO - Beginning optimization with guess, [10.05102963].
2024-03-14 22:11:08,801 - INFO - Finished optimization with guess, [10.05102963].
2024-03-14 22:11:08,802 - INFO - Best fit parameters: [10.05102963].
2024-03-14 22:11:10,043 - INFO - Maximum log composite likelihood: -9623.418348308758.
2024-03-14 22:11:10,043 - INFO - Optimal value of theta: 18183.320292867083.
2024-03-14 22:11:10,048 - INFO - Finished demographic inference.
2024-03-14 22:11:10,048 - INFO - Pipeline executed succesfully.
