2024-03-14 21:15:10,692 - INFO - Beginning execution of fit_demographic_model.py in directory /u/project/kirk/jonmah/sample_size_demography/Scripts

2024-03-14 21:15:10,692 - INFO - Progress is being logged to ../Analysis/TwoEpochExpansion_630/log.log

2024-03-14 21:15:10,692 - INFO - Parsed the following arguments:
	syn_input_sfs = ../Analysis/TwoEpochExpansion_630/syn_downsampled_sfs.txt
	mask_singletons = False
	mask_doubletons = False
	outprefix = ../Analysis/TwoEpochExpansion_630/

2024-03-14 21:15:10,709 - INFO - Beginning demographic inference for one-epoch demographic model.
2024-03-14 21:15:10,710 - INFO - Beginning optimization with guess, [0.19034754].
2024-03-14 21:16:02,155 - INFO - Finished optimization with guess, [0.19034754].
2024-03-14 21:16:02,156 - INFO - Best fit parameters: [0.19034754].
2024-03-14 21:16:03,743 - INFO - Maximum log composite likelihood: -2860.2061793768444.
2024-03-14 21:16:03,743 - INFO - Optimal value of theta: 13560.806350412344.
2024-03-14 21:16:03,743 - INFO - Beginning optimization with guess, [0.11271772].
2024-03-14 21:16:59,722 - INFO - Finished optimization with guess, [0.11271772].
2024-03-14 21:16:59,724 - INFO - Best fit parameters: [0.11271772].
2024-03-14 21:17:01,302 - INFO - Maximum log composite likelihood: -2860.2061793768444.
2024-03-14 21:17:01,302 - INFO - Optimal value of theta: 13560.806350412344.
2024-03-14 21:17:01,302 - INFO - Beginning optimization with guess, [0.16249244].
2024-03-14 21:17:51,845 - INFO - Finished optimization with guess, [0.16249244].
2024-03-14 21:17:51,846 - INFO - Best fit parameters: [0.16249244].
2024-03-14 21:17:53,448 - INFO - Maximum log composite likelihood: -2860.2061793768444.
2024-03-14 21:17:53,448 - INFO - Optimal value of theta: 13560.806350412344.
2024-03-14 21:17:53,449 - INFO - Beginning optimization with guess, [0.20006534].
2024-03-14 21:18:44,935 - INFO - Finished optimization with guess, [0.20006534].
2024-03-14 21:18:44,936 - INFO - Best fit parameters: [0.20006534].
2024-03-14 21:18:46,526 - INFO - Maximum log composite likelihood: -2860.2061793768444.
2024-03-14 21:18:46,526 - INFO - Optimal value of theta: 13560.806350412344.
2024-03-14 21:18:46,526 - INFO - Beginning optimization with guess, [0.42320805].
2024-03-14 21:19:32,219 - INFO - Finished optimization with guess, [0.42320805].
2024-03-14 21:19:32,221 - INFO - Best fit parameters: [0.42320805].
2024-03-14 21:19:33,809 - INFO - Maximum log composite likelihood: -2860.2061793768444.
2024-03-14 21:19:33,810 - INFO - Optimal value of theta: 13560.806350412344.
2024-03-14 21:19:33,810 - INFO - Beginning optimization with guess, [0.63601285].
2024-03-14 21:20:14,717 - INFO - Finished optimization with guess, [0.63601285].
2024-03-14 21:20:14,718 - INFO - Best fit parameters: [0.63601285].
2024-03-14 21:20:16,306 - INFO - Maximum log composite likelihood: -2860.2061793768444.
2024-03-14 21:20:16,306 - INFO - Optimal value of theta: 13560.806350412344.
2024-03-14 21:20:16,306 - INFO - Beginning optimization with guess, [0.71001794].
2024-03-14 21:20:57,448 - INFO - Finished optimization with guess, [0.71001794].
2024-03-14 21:20:57,449 - INFO - Best fit parameters: [0.71001794].
2024-03-14 21:20:59,039 - INFO - Maximum log composite likelihood: -2860.2061793768444.
2024-03-14 21:20:59,039 - INFO - Optimal value of theta: 13560.806350412344.
2024-03-14 21:20:59,039 - INFO - Beginning optimization with guess, [0.50930683].
2024-03-14 21:21:44,717 - INFO - Finished optimization with guess, [0.50930683].
2024-03-14 21:21:44,718 - INFO - Best fit parameters: [0.50930683].
2024-03-14 21:21:46,292 - INFO - Maximum log composite likelihood: -2860.2061793768444.
2024-03-14 21:21:46,292 - INFO - Optimal value of theta: 13560.806350412344.
2024-03-14 21:21:46,292 - INFO - Beginning optimization with guess, [0.88525185].
2024-03-14 21:22:17,723 - INFO - Finished optimization with guess, [0.88525185].
2024-03-14 21:22:17,723 - INFO - Best fit parameters: [0.88525185].
2024-03-14 21:22:19,292 - INFO - Maximum log composite likelihood: -2860.2061793768444.
2024-03-14 21:22:19,292 - INFO - Optimal value of theta: 13560.806350412344.
2024-03-14 21:22:19,293 - INFO - Beginning optimization with guess, [1.24564042].
2024-03-14 21:22:55,549 - INFO - Finished optimization with guess, [1.24564042].
2024-03-14 21:22:55,549 - INFO - Best fit parameters: [1.24564042].
2024-03-14 21:22:57,143 - INFO - Maximum log composite likelihood: -2860.2061793768444.
2024-03-14 21:22:57,143 - INFO - Optimal value of theta: 13560.806350412344.
2024-03-14 21:22:57,143 - INFO - Beginning optimization with guess, [0.87642855].
2024-03-14 21:23:33,409 - INFO - Finished optimization with guess, [0.87642855].
2024-03-14 21:23:33,410 - INFO - Best fit parameters: [0.87642855].
2024-03-14 21:23:34,978 - INFO - Maximum log composite likelihood: -2860.2061793768444.
2024-03-14 21:23:34,978 - INFO - Optimal value of theta: 13560.806350412344.
2024-03-14 21:23:34,978 - INFO - Beginning optimization with guess, [0.83999422].
2024-03-14 21:24:11,301 - INFO - Finished optimization with guess, [0.83999422].
2024-03-14 21:24:11,302 - INFO - Best fit parameters: [0.83999422].
2024-03-14 21:24:12,869 - INFO - Maximum log composite likelihood: -2860.2061793768444.
2024-03-14 21:24:12,869 - INFO - Optimal value of theta: 13560.806350412344.
2024-03-14 21:24:12,869 - INFO - Beginning optimization with guess, [1.93841217].
2024-03-14 21:24:58,522 - INFO - Finished optimization with guess, [1.93841217].
2024-03-14 21:24:58,523 - INFO - Best fit parameters: [1.93841217].
2024-03-14 21:25:00,097 - INFO - Maximum log composite likelihood: -2860.2061793768444.
2024-03-14 21:25:00,097 - INFO - Optimal value of theta: 13560.806350412344.
2024-03-14 21:25:00,097 - INFO - Beginning optimization with guess, [1.73180929].
2024-03-14 21:25:45,721 - INFO - Finished optimization with guess, [1.73180929].
2024-03-14 21:25:45,722 - INFO - Best fit parameters: [1.73180929].
2024-03-14 21:25:47,292 - INFO - Maximum log composite likelihood: -2860.2061793768444.
2024-03-14 21:25:47,292 - INFO - Optimal value of theta: 13560.806350412344.
2024-03-14 21:25:47,293 - INFO - Beginning optimization with guess, [3.14328146].
2024-03-14 21:26:37,669 - INFO - Finished optimization with guess, [3.14328146].
2024-03-14 21:26:37,670 - INFO - Best fit parameters: [3.14328146].
2024-03-14 21:26:39,242 - INFO - Maximum log composite likelihood: -2860.2061793768444.
2024-03-14 21:26:39,243 - INFO - Optimal value of theta: 13560.806350412344.
2024-03-14 21:26:39,243 - INFO - Beginning optimization with guess, [2.84303104].
2024-03-14 21:27:30,527 - INFO - Finished optimization with guess, [2.84303104].
2024-03-14 21:27:30,528 - INFO - Best fit parameters: [2.84303104].
2024-03-14 21:27:32,118 - INFO - Maximum log composite likelihood: -2860.2061793768444.
2024-03-14 21:27:32,118 - INFO - Optimal value of theta: 13560.806350412344.
2024-03-14 21:27:32,118 - INFO - Beginning optimization with guess, [3.44987539].
2024-03-14 21:28:23,842 - INFO - Finished optimization with guess, [3.44987539].
2024-03-14 21:28:23,843 - INFO - Best fit parameters: [3.44987539].
2024-03-14 21:28:25,449 - INFO - Maximum log composite likelihood: -2860.2061793768444.
2024-03-14 21:28:25,449 - INFO - Optimal value of theta: 13560.806350412344.
2024-03-14 21:28:25,449 - INFO - Beginning optimization with guess, [2.69836963].
2024-03-14 21:29:11,465 - INFO - Finished optimization with guess, [2.69836963].
2024-03-14 21:29:11,466 - INFO - Best fit parameters: [2.69836963].
2024-03-14 21:29:13,133 - INFO - Maximum log composite likelihood: -2860.2061793768444.
2024-03-14 21:29:13,133 - INFO - Optimal value of theta: 13560.806350412344.
2024-03-14 21:29:13,134 - INFO - Beginning optimization with guess, [5.36312917].
2024-03-14 21:30:08,002 - INFO - Finished optimization with guess, [5.36312917].
2024-03-14 21:30:08,003 - INFO - Best fit parameters: [5.36312917].
2024-03-14 21:30:09,766 - INFO - Maximum log composite likelihood: -2860.2061793768444.
2024-03-14 21:30:09,766 - INFO - Optimal value of theta: 13560.806350412344.
2024-03-14 21:30:09,767 - INFO - Beginning optimization with guess, [5.52300139].
2024-03-14 21:31:04,461 - INFO - Finished optimization with guess, [5.52300139].
2024-03-14 21:31:04,462 - INFO - Best fit parameters: [5.52300139].
2024-03-14 21:31:06,148 - INFO - Maximum log composite likelihood: -2860.2061793768444.
2024-03-14 21:31:06,148 - INFO - Optimal value of theta: 13560.806350412344.
2024-03-14 21:31:06,148 - INFO - Beginning optimization with guess, [3.576469].
2024-03-14 21:31:59,422 - INFO - Finished optimization with guess, [3.576469].
2024-03-14 21:31:59,423 - INFO - Best fit parameters: [3.576469].
2024-03-14 21:32:01,165 - INFO - Maximum log composite likelihood: -2860.2061793768444.
2024-03-14 21:32:01,165 - INFO - Optimal value of theta: 13560.806350412344.
2024-03-14 21:32:01,165 - INFO - Beginning optimization with guess, [8.23076995].
2024-03-14 21:33:04,082 - INFO - Finished optimization with guess, [8.23076995].
2024-03-14 21:33:04,083 - INFO - Best fit parameters: [8.23076995].
2024-03-14 21:33:05,674 - INFO - Maximum log composite likelihood: -2860.2061793768444.
2024-03-14 21:33:05,674 - INFO - Optimal value of theta: 13560.806350412344.
2024-03-14 21:33:05,675 - INFO - Beginning optimization with guess, [3.01473532].
2024-03-14 21:33:57,132 - INFO - Finished optimization with guess, [3.01473532].
2024-03-14 21:33:57,133 - INFO - Best fit parameters: [3.01473532].
2024-03-14 21:33:58,720 - INFO - Maximum log composite likelihood: -2860.2061793768444.
2024-03-14 21:33:58,720 - INFO - Optimal value of theta: 13560.806350412344.
2024-03-14 21:33:58,720 - INFO - Beginning optimization with guess, [11.86098234].
2024-03-14 21:34:55,646 - INFO - Finished optimization with guess, [11.86098234].
2024-03-14 21:34:55,647 - INFO - Best fit parameters: [11.86098234].
2024-03-14 21:34:57,235 - INFO - Maximum log composite likelihood: -2860.2061793768444.
2024-03-14 21:34:57,235 - INFO - Optimal value of theta: 13560.806350412344.
2024-03-14 21:34:57,235 - INFO - Beginning optimization with guess, [5.07407989].
2024-03-14 21:35:48,180 - INFO - Finished optimization with guess, [5.07407989].
2024-03-14 21:35:48,181 - INFO - Best fit parameters: [5.07407989].
2024-03-14 21:35:49,753 - INFO - Maximum log composite likelihood: -2860.2061793768444.
2024-03-14 21:35:49,753 - INFO - Optimal value of theta: 13560.806350412344.
2024-03-14 21:35:49,759 - INFO - Finished demographic inference.
2024-03-14 21:35:49,759 - INFO - Pipeline executed succesfully.
