2024-03-14 19:20:07,390 - INFO - Beginning execution of fit_demographic_model.py in directory /u/project/kirk/jonmah/sample_size_demography/Scripts

2024-03-14 19:20:07,390 - INFO - Progress is being logged to ../Analysis/TwoEpochContraction_350/log.log

2024-03-14 19:20:07,390 - INFO - Parsed the following arguments:
	syn_input_sfs = ../Analysis/TwoEpochContraction_350/syn_downsampled_sfs.txt
	mask_singletons = False
	mask_doubletons = False
	outprefix = ../Analysis/TwoEpochContraction_350/

2024-03-14 19:20:07,437 - INFO - Beginning demographic inference for one-epoch demographic model.
2024-03-14 19:20:07,438 - INFO - Beginning optimization with guess, [0.17677992].
2024-03-14 19:20:40,576 - INFO - Finished optimization with guess, [0.17677992].
2024-03-14 19:20:40,577 - INFO - Best fit parameters: [0.17677992].
2024-03-14 19:20:41,601 - INFO - Maximum log composite likelihood: -2632.9211777783885.
2024-03-14 19:20:41,602 - INFO - Optimal value of theta: 8598.693011306827.
2024-03-14 19:20:41,602 - INFO - Beginning optimization with guess, [0.1698243].
2024-03-14 19:21:13,601 - INFO - Finished optimization with guess, [0.1698243].
2024-03-14 19:21:13,603 - INFO - Best fit parameters: [0.1698243].
2024-03-14 19:21:14,720 - INFO - Maximum log composite likelihood: -2632.9211777783885.
2024-03-14 19:21:14,721 - INFO - Optimal value of theta: 8598.693011306827.
2024-03-14 19:21:14,721 - INFO - Beginning optimization with guess, [0.15242897].
2024-03-14 19:21:47,578 - INFO - Finished optimization with guess, [0.15242897].
2024-03-14 19:21:47,578 - INFO - Best fit parameters: [0.15242897].
2024-03-14 19:21:48,603 - INFO - Maximum log composite likelihood: -2632.9211777783885.
2024-03-14 19:21:48,603 - INFO - Optimal value of theta: 8598.693011306827.
2024-03-14 19:21:48,603 - INFO - Beginning optimization with guess, [0.68355052].
2024-03-14 19:22:15,098 - INFO - Finished optimization with guess, [0.68355052].
2024-03-14 19:22:15,099 - INFO - Best fit parameters: [0.68355052].
2024-03-14 19:22:16,112 - INFO - Maximum log composite likelihood: -2632.9211777783885.
2024-03-14 19:22:16,112 - INFO - Optimal value of theta: 8598.693011306827.
2024-03-14 19:22:16,112 - INFO - Beginning optimization with guess, [0.79796592].
2024-03-14 19:22:39,671 - INFO - Finished optimization with guess, [0.79796592].
2024-03-14 19:22:39,672 - INFO - Best fit parameters: [0.79796592].
2024-03-14 19:22:40,700 - INFO - Maximum log composite likelihood: -2632.9211777783885.
2024-03-14 19:22:40,700 - INFO - Optimal value of theta: 8598.693011306827.
2024-03-14 19:22:40,701 - INFO - Beginning optimization with guess, [0.49798614].
2024-03-14 19:23:10,921 - INFO - Finished optimization with guess, [0.49798614].
2024-03-14 19:23:10,921 - INFO - Best fit parameters: [0.49798614].
2024-03-14 19:23:12,090 - INFO - Maximum log composite likelihood: -2632.9211777783885.
2024-03-14 19:23:12,090 - INFO - Optimal value of theta: 8598.693011306827.
2024-03-14 19:23:12,090 - INFO - Beginning optimization with guess, [1.11362124].
2024-03-14 19:23:33,257 - INFO - Finished optimization with guess, [1.11362124].
2024-03-14 19:23:33,258 - INFO - Best fit parameters: [1.11362124].
2024-03-14 19:23:34,356 - INFO - Maximum log composite likelihood: -2632.9211777783885.
2024-03-14 19:23:34,357 - INFO - Optimal value of theta: 8598.693011306827.
2024-03-14 19:23:34,357 - INFO - Beginning optimization with guess, [0.56998084].
2024-03-14 19:24:04,779 - INFO - Finished optimization with guess, [0.56998084].
2024-03-14 19:24:04,780 - INFO - Best fit parameters: [0.56998084].
2024-03-14 19:24:05,806 - INFO - Maximum log composite likelihood: -2632.9211777783885.
2024-03-14 19:24:05,806 - INFO - Optimal value of theta: 8598.693011306827.
2024-03-14 19:24:05,806 - INFO - Beginning optimization with guess, [0.99475152].
2024-03-14 19:24:14,005 - INFO - Finished optimization with guess, [0.99475152].
2024-03-14 19:24:14,006 - INFO - Best fit parameters: [0.99475152].
2024-03-14 19:24:15,032 - INFO - Maximum log composite likelihood: -2632.9211777783885.
2024-03-14 19:24:15,032 - INFO - Optimal value of theta: 8598.693011306827.
2024-03-14 19:24:15,032 - INFO - Beginning optimization with guess, [0.54090585].
2024-03-14 19:24:44,457 - INFO - Finished optimization with guess, [0.54090585].
2024-03-14 19:24:44,458 - INFO - Best fit parameters: [0.54090585].
2024-03-14 19:24:45,448 - INFO - Maximum log composite likelihood: -2632.9211777783885.
2024-03-14 19:24:45,448 - INFO - Optimal value of theta: 8598.693011306827.
2024-03-14 19:24:45,449 - INFO - Beginning optimization with guess, [1.21072989].
2024-03-14 19:25:08,733 - INFO - Finished optimization with guess, [1.21072989].
2024-03-14 19:25:08,734 - INFO - Best fit parameters: [1.21072989].
2024-03-14 19:25:09,761 - INFO - Maximum log composite likelihood: -2632.9211777783885.
2024-03-14 19:25:09,761 - INFO - Optimal value of theta: 8598.693011306827.
2024-03-14 19:25:09,761 - INFO - Beginning optimization with guess, [0.95566651].
2024-03-14 19:25:27,175 - INFO - Finished optimization with guess, [0.95566651].
2024-03-14 19:25:27,176 - INFO - Best fit parameters: [0.95566651].
2024-03-14 19:25:28,203 - INFO - Maximum log composite likelihood: -2632.9211777783885.
2024-03-14 19:25:28,203 - INFO - Optimal value of theta: 8598.693011306827.
2024-03-14 19:25:28,204 - INFO - Beginning optimization with guess, [1.50155395].
2024-03-14 19:25:54,855 - INFO - Finished optimization with guess, [1.50155395].
2024-03-14 19:25:54,856 - INFO - Best fit parameters: [1.50155395].
2024-03-14 19:25:55,887 - INFO - Maximum log composite likelihood: -2632.9211777783885.
2024-03-14 19:25:55,887 - INFO - Optimal value of theta: 8598.693011306827.
2024-03-14 19:25:55,887 - INFO - Beginning optimization with guess, [2.72244163].
2024-03-14 19:26:25,322 - INFO - Finished optimization with guess, [2.72244163].
2024-03-14 19:26:25,323 - INFO - Best fit parameters: [2.72244163].
2024-03-14 19:26:26,352 - INFO - Maximum log composite likelihood: -2632.9211777783885.
2024-03-14 19:26:26,352 - INFO - Optimal value of theta: 8598.693011306827.
2024-03-14 19:26:26,353 - INFO - Beginning optimization with guess, [1.12684627].
2024-03-14 19:26:46,645 - INFO - Finished optimization with guess, [1.12684627].
2024-03-14 19:26:46,646 - INFO - Best fit parameters: [1.12684627].
2024-03-14 19:26:47,672 - INFO - Maximum log composite likelihood: -2632.9211777783885.
2024-03-14 19:26:47,673 - INFO - Optimal value of theta: 8598.693011306827.
2024-03-14 19:26:47,673 - INFO - Beginning optimization with guess, [2.61514526].
2024-03-14 19:27:17,800 - INFO - Finished optimization with guess, [2.61514526].
2024-03-14 19:27:17,801 - INFO - Best fit parameters: [2.61514526].
2024-03-14 19:27:18,825 - INFO - Maximum log composite likelihood: -2632.9211777783885.
2024-03-14 19:27:18,825 - INFO - Optimal value of theta: 8598.693011306827.
2024-03-14 19:27:18,826 - INFO - Beginning optimization with guess, [3.04651996].
2024-03-14 19:27:51,828 - INFO - Finished optimization with guess, [3.04651996].
2024-03-14 19:27:51,829 - INFO - Best fit parameters: [3.04651996].
2024-03-14 19:27:52,853 - INFO - Maximum log composite likelihood: -2632.9211777783885.
2024-03-14 19:27:52,854 - INFO - Optimal value of theta: 8598.693011306827.
2024-03-14 19:27:52,854 - INFO - Beginning optimization with guess, [3.89856683].
2024-03-14 19:28:25,789 - INFO - Finished optimization with guess, [3.89856683].
2024-03-14 19:28:25,791 - INFO - Best fit parameters: [3.89856683].
2024-03-14 19:28:26,822 - INFO - Maximum log composite likelihood: -2632.9211777783885.
2024-03-14 19:28:26,822 - INFO - Optimal value of theta: 8598.693011306827.
2024-03-14 19:28:26,823 - INFO - Beginning optimization with guess, [1.92981619].
2024-03-14 19:28:55,539 - INFO - Finished optimization with guess, [1.92981619].
2024-03-14 19:28:55,540 - INFO - Best fit parameters: [1.92981619].
2024-03-14 19:28:56,565 - INFO - Maximum log composite likelihood: -2632.9211777783885.
2024-03-14 19:28:56,565 - INFO - Optimal value of theta: 8598.693011306827.
2024-03-14 19:28:56,565 - INFO - Beginning optimization with guess, [2.60906497].
2024-03-14 19:29:26,581 - INFO - Finished optimization with guess, [2.60906497].
2024-03-14 19:29:26,582 - INFO - Best fit parameters: [2.60906497].
2024-03-14 19:29:27,559 - INFO - Maximum log composite likelihood: -2632.9211777783885.
2024-03-14 19:29:27,559 - INFO - Optimal value of theta: 8598.693011306827.
2024-03-14 19:29:27,559 - INFO - Beginning optimization with guess, [4.14038115].
2024-03-14 19:29:59,910 - INFO - Finished optimization with guess, [4.14038115].
2024-03-14 19:29:59,911 - INFO - Best fit parameters: [4.14038115].
2024-03-14 19:30:01,040 - INFO - Maximum log composite likelihood: -2632.9211777783885.
2024-03-14 19:30:01,041 - INFO - Optimal value of theta: 8598.693011306827.
2024-03-14 19:30:01,041 - INFO - Beginning optimization with guess, [5.10206787].
2024-03-14 19:30:33,285 - INFO - Finished optimization with guess, [5.10206787].
2024-03-14 19:30:33,286 - INFO - Best fit parameters: [5.10206787].
2024-03-14 19:30:34,284 - INFO - Maximum log composite likelihood: -2632.9211777783885.
2024-03-14 19:30:34,284 - INFO - Optimal value of theta: 8598.693011306827.
2024-03-14 19:30:34,285 - INFO - Beginning optimization with guess, [9.51796601].
2024-03-14 19:31:10,394 - INFO - Finished optimization with guess, [9.51796601].
2024-03-14 19:31:10,395 - INFO - Best fit parameters: [9.51796601].
2024-03-14 19:31:11,422 - INFO - Maximum log composite likelihood: -2632.9211777783885.
2024-03-14 19:31:11,422 - INFO - Optimal value of theta: 8598.693011306827.
2024-03-14 19:31:11,423 - INFO - Beginning optimization with guess, [12.05801396].
2024-03-14 19:31:47,404 - INFO - Finished optimization with guess, [12.05801396].
2024-03-14 19:31:47,406 - INFO - Best fit parameters: [12.05801396].
2024-03-14 19:31:48,482 - INFO - Maximum log composite likelihood: -2632.9211777783885.
2024-03-14 19:31:48,482 - INFO - Optimal value of theta: 8598.693011306827.
2024-03-14 19:31:48,482 - INFO - Beginning optimization with guess, [14.48368372].
2024-03-14 19:32:24,495 - INFO - Finished optimization with guess, [14.48368372].
2024-03-14 19:32:24,497 - INFO - Best fit parameters: [14.48368372].
2024-03-14 19:32:25,565 - INFO - Maximum log composite likelihood: -2632.9211777783885.
2024-03-14 19:32:25,565 - INFO - Optimal value of theta: 8598.693011306827.
2024-03-14 19:32:25,571 - INFO - Finished demographic inference.
2024-03-14 19:32:25,571 - INFO - Pipeline executed succesfully.
