2025-08-14 10:36:47,162 - INFO - Beginning execution of evaluate_demography.py in directory /u/project/kirk-bigdata/jonmah/sample_size_demography/Scripts

2025-08-14 10:36:47,162 - INFO - Progress is being logged to ../Analysis/dadi_3EpB_70/evaluate_demography.log

2025-08-14 10:36:47,162 - INFO - Parsed the following arguments:
	syn_input_sfs = ../Simulations/dadi_simulations/ThreeEpochBottleneck_70.sfs
	model_type = two_epoch
	params_list = [0.04737702, 0.1581614]
	L_syn = 100000000.0
	mask_singletons = False
	mask_doubletons = False
	outprefix = ../Analysis/dadi_3EpB_70/

2025-08-14 10:36:47,164 - INFO - Beginning demographic evaluation for two-epoch demographic model.
2025-08-14 10:36:47,166 - INFO - Beginning optimization with guess, [0.04737702, 0.1581614].
2025-08-14 10:36:47,166 - INFO - Finished optimization with guess, [0.04737702, 0.1581614].
2025-08-14 10:36:47,166 - INFO - Best fit parameters: [0.04737702, 0.1581614].
2025-08-14 10:36:47,426 - INFO - Maximum log composite likelihood: -4426.006824083492.
2025-08-14 10:36:47,426 - INFO - Optimal value of theta: 343488.9192115158.
2025-08-14 10:36:47,427 - INFO - Synonymous input SFS: [-- 26205.25635051782 5990.231799787621 4082.35016218422 3494.123867377925 3181.188673573751 2977.930658163585 2833.457862596773 2725.120249913155 2640.796989627033 2573.303565467698 2518.087267499714 2472.118175252861 2433.300747071175 2400.139525018225 2371.539026042162 2346.678799916528 2324.932625819986 2305.814663201905 2288.942622137183 2274.011996287693 2260.777672199511 2249.040569726091 2238.637784509675 2229.435213539158 2221.321971308122 2214.206117657651 2208.011360858737 2202.6744962819 2198.143407896136 2194.375506835686 2191.336514832505 2188.999524686607 2187.34428798546 2186.356693934746 1093.014206893704 -- -- -- -- -- -- -- -- -- -- -- -- -- -- -- -- -- -- -- -- -- -- -- -- -- -- -- -- -- -- -- -- -- -- --].
2025-08-14 10:36:47,427 - INFO - Scaled spectrum: [-- 17497.385867273893 9364.124880277326 6655.450649054218 5303.007662452017 4493.127144742304 3954.5897883462912 3571.162116267159 3284.7305763913073 3063.0129266384956 2886.6428098375454 2743.2991271728915 2624.770746730195 2525.3759845669897 2441.059474672785 2368.850315813453 2306.523439642395 2252.380524009987 2205.1039652378463 2163.656996807404 2127.213807527027 2095.1096641234 2066.8046785313654 2041.8570730955548 2019.9031801555032 2000.6422979542006 1983.8251040000703 1969.244713402528 1956.7297322136187 1946.1388372352867 1937.356541211086 1930.2898933379347 1924.865931140272 1921.029748672554 1918.7430830417761 958.9916750260261 -- -- -- -- -- -- -- -- -- -- -- -- -- -- -- -- -- -- -- -- -- -- -- -- -- -- -- -- -- -- -- -- -- -- --].
2025-08-14 10:36:47,428 - INFO - Converting and interpreting Tau estimates.
2025-08-14 10:36:47,429 - INFO - Finished demographic inference.
2025-08-14 10:36:47,429 - INFO - Pipeline executed succesfully.
