2024-03-18 17:44:02,020 - INFO - Beginning execution of fit_demographic_model.py in directory /u/project/kirk/jonmah/sample_size_demography/Scripts

2024-03-18 17:44:02,020 - INFO - Progress is being logged to ../Analysis/ThreeEpochContraction_500/log.log

2024-03-18 17:44:02,020 - INFO - Parsed the following arguments:
	mask_doubletons = False
	syn_input_sfs = ../Analysis/ThreeEpochContraction_500/syn_downsampled_sfs.txt
	mask_singletons = False
	outprefix = ../Analysis/ThreeEpochContraction_500/

2024-03-18 17:44:02,048 - INFO - Beginning demographic inference for one-epoch demographic model.
2024-03-18 17:44:02,050 - INFO - Beginning optimization with guess, [0.09666137].
2024-03-18 17:44:36,596 - INFO - Finished optimization with guess, [0.09666137].
2024-03-18 17:44:36,597 - INFO - Best fit parameters: [0.09666137].
2024-03-18 17:44:37,585 - INFO - Maximum log composite likelihood: -5116.13063106.
2024-03-18 17:44:37,586 - INFO - Optimal value of theta: 7244.38559124.
2024-03-18 17:44:37,586 - INFO - Beginning optimization with guess, [0.15023085].
2024-03-18 17:45:09,154 - INFO - Finished optimization with guess, [0.15023085].
2024-03-18 17:45:09,155 - INFO - Best fit parameters: [0.15023085].
2024-03-18 17:45:10,143 - INFO - Maximum log composite likelihood: -5116.13063106.
2024-03-18 17:45:10,144 - INFO - Optimal value of theta: 7244.38559124.
2024-03-18 17:45:10,144 - INFO - Beginning optimization with guess, [0.18664529].
2024-03-18 17:45:41,616 - INFO - Finished optimization with guess, [0.18664529].
2024-03-18 17:45:41,616 - INFO - Best fit parameters: [0.18664529].
2024-03-18 17:45:42,601 - INFO - Maximum log composite likelihood: -5116.13063106.
2024-03-18 17:45:42,601 - INFO - Optimal value of theta: 7244.38559124.
2024-03-18 17:45:42,601 - INFO - Beginning optimization with guess, [0.59217266].
2024-03-18 17:46:11,100 - INFO - Finished optimization with guess, [0.59217266].
2024-03-18 17:46:11,102 - INFO - Best fit parameters: [0.59217266].
2024-03-18 17:46:12,090 - INFO - Maximum log composite likelihood: -5116.13063106.
2024-03-18 17:46:12,091 - INFO - Optimal value of theta: 7244.38559124.
2024-03-18 17:46:12,091 - INFO - Beginning optimization with guess, [0.27930095].
2024-03-18 17:46:43,443 - INFO - Finished optimization with guess, [0.27930095].
2024-03-18 17:46:43,444 - INFO - Best fit parameters: [0.27930095].
2024-03-18 17:46:44,422 - INFO - Maximum log composite likelihood: -5116.13063106.
2024-03-18 17:46:44,422 - INFO - Optimal value of theta: 7244.38559124.
2024-03-18 17:46:44,427 - INFO - Beginning demographic inference for two-epoch demographic model.
2024-03-18 17:46:44,429 - INFO - Beginning optimization with guess, [0.13013987 0.00759254].
2024-03-18 17:48:00,090 - INFO - Finished optimization with guess, [0.13013987 0.00759254].
2024-03-18 17:48:00,091 - INFO - Best fit parameters: [0.3075482  0.04062552].
2024-03-18 17:48:01,083 - INFO - Maximum log composite likelihood: -896.647582206.
2024-03-18 17:48:01,083 - INFO - Optimal value of theta: 11326.7530038.
2024-03-18 17:48:01,083 - INFO - Beginning optimization with guess, [0.24424977 0.01566706].
2024-03-18 17:49:12,145 - INFO - Finished optimization with guess, [0.24424977 0.01566706].
2024-03-18 17:49:12,146 - INFO - Best fit parameters: [0.30755149 0.04062594].
2024-03-18 17:49:13,138 - INFO - Maximum log composite likelihood: -896.647582632.
2024-03-18 17:49:13,139 - INFO - Optimal value of theta: 11326.7216707.
2024-03-18 17:49:13,139 - INFO - Beginning optimization with guess, [0.17978999 0.01911781].
2024-03-18 17:50:32,382 - INFO - Finished optimization with guess, [0.17978999 0.01911781].
2024-03-18 17:50:32,383 - INFO - Best fit parameters: [0.30755095 0.04062833].
2024-03-18 17:50:33,375 - INFO - Maximum log composite likelihood: -896.647582049.
2024-03-18 17:50:33,376 - INFO - Optimal value of theta: 11326.8385126.
2024-03-18 17:50:33,376 - INFO - Beginning optimization with guess, [0.40042033 0.01680467].
2024-03-18 17:51:42,181 - INFO - Finished optimization with guess, [0.40042033 0.01680467].
2024-03-18 17:51:42,182 - INFO - Best fit parameters: [0.30754642 0.04062659].
2024-03-18 17:51:43,174 - INFO - Maximum log composite likelihood: -896.647581915.
2024-03-18 17:51:43,174 - INFO - Optimal value of theta: 11326.8283765.
2024-03-18 17:51:43,174 - INFO - Beginning optimization with guess, [0.32633841 0.01854239].
2024-03-18 17:52:53,405 - INFO - Finished optimization with guess, [0.32633841 0.01854239].
2024-03-18 17:52:53,407 - INFO - Best fit parameters: [0.30755064 0.04062779].
2024-03-18 17:52:54,402 - INFO - Maximum log composite likelihood: -896.647581951.
2024-03-18 17:52:54,402 - INFO - Optimal value of theta: 11326.8185155.
2024-03-18 17:52:54,408 - INFO - Beginning demographic inference for three-epoch demographic model.
2024-03-18 17:52:54,410 - INFO - Beginning optimization with guess, [0.01840134 0.00782014 0.01727563 0.01279309].
2024-03-18 17:54:34,862 - INFO - Finished optimization with guess, [0.01840134 0.00782014 0.01727563 0.01279309].
2024-03-18 17:54:34,863 - INFO - Best fit parameters: [0.01288813 0.00582473 0.01639441 0.02086689].
2024-03-18 17:54:35,937 - INFO - Maximum log composite likelihood: -1421.436872.
2024-03-18 17:54:35,937 - INFO - Optimal value of theta: 776499.608094.
2024-03-18 17:54:35,937 - INFO - Beginning optimization with guess, [0.01741006 0.02596372 0.01554952 0.01353518].
2024-03-18 17:56:07,044 - INFO - Finished optimization with guess, [0.01741006 0.02596372 0.01554952 0.01353518].
2024-03-18 17:56:07,045 - INFO - Best fit parameters: [0.01155395 0.01348241 0.0317479  0.01625171].
2024-03-18 17:56:08,102 - INFO - Maximum log composite likelihood: -1421.62808668.
2024-03-18 17:56:08,103 - INFO - Optimal value of theta: 334752.118528.
2024-03-18 17:56:08,103 - INFO - Beginning optimization with guess, [0.02351083 0.04391338 0.009745   0.00501894].
2024-03-18 17:57:41,481 - INFO - Finished optimization with guess, [0.02351083 0.04391338 0.009745   0.00501894].
2024-03-18 17:57:41,483 - INFO - Best fit parameters: [0.00452735 0.06959714 0.00357571 0.09842424].
2024-03-18 17:57:42,511 - INFO - Maximum log composite likelihood: -1421.75653066.
2024-03-18 17:57:42,511 - INFO - Optimal value of theta: 65166.6057726.
2024-03-18 17:57:42,511 - INFO - Beginning optimization with guess, [0.04973602 0.02612027 0.01878254 0.01039342].
2024-03-18 17:59:08,893 - INFO - Finished optimization with guess, [0.04973602 0.02612027 0.01878254 0.01039342].
2024-03-18 17:59:08,894 - INFO - Best fit parameters: [0.01858167 0.0154271  0.05304151 0.01626613].
2024-03-18 17:59:09,950 - INFO - Maximum log composite likelihood: -1420.98905231.
2024-03-18 17:59:09,951 - INFO - Optimal value of theta: 293958.468332.
2024-03-18 17:59:09,951 - INFO - Beginning optimization with guess, [0.02656268 0.05799914 0.00892948 0.0072032 ].
2024-03-18 18:00:39,327 - INFO - Finished optimization with guess, [0.02656268 0.05799914 0.00892948 0.0072032 ].
2024-03-18 18:00:39,328 - INFO - Best fit parameters: [0.01623591 0.31906894 0.00060811 0.02634551].
2024-03-18 18:00:40,320 - INFO - Maximum log composite likelihood: -905.615365748.
2024-03-18 18:00:40,320 - INFO - Optimal value of theta: 11344.0860021.
2024-03-18 18:00:40,325 - INFO - Finished demographic inference.
2024-03-18 18:00:40,325 - INFO - Pipeline executed succesfully.
