2024-01-16 15:23:55,308 - INFO - Beginning execution of fit_demographic_model.py in directory /u/project/kirk/jonmah/sample_size_demography/Scripts

2024-01-16 15:23:55,309 - INFO - Progress is being logged to ../Analysis/1kg_EUR_410/log.log

2024-01-16 15:23:55,309 - INFO - Parsed the following arguments:
	syn_input_sfs = ../Analysis/1kg_EUR_410/syn_downsampled_sfs.txt
	mask_singletons = False
	mask_doubletons = False
	outprefix = ../Analysis/1kg_EUR_410/

2024-01-16 15:23:55,316 - INFO - Beginning demographic inference for three-epoch demographic model.
2024-01-16 15:23:55,318 - INFO - Beginning optimization with guess, [0.01475593 0.00886144 0.00901371 0.00531484].
2024-01-16 15:25:42,369 - INFO - Finished optimization with guess, [0.01475593 0.00886144 0.00901371 0.00531484].
2024-01-16 15:25:42,370 - INFO - Best fit parameters: [0.00428412 0.00987771 0.00826367 0.05114145].
2024-01-16 15:25:43,480 - INFO - Maximum log composite likelihood: -921.3727539701616.
2024-01-16 15:25:43,480 - INFO - Optimal value of theta: 505433.78913151484.
2024-01-16 15:25:43,480 - INFO - Beginning optimization with guess, [0.01037888 0.02019575 0.00895842 0.00571803].
2024-01-16 15:27:18,533 - INFO - Finished optimization with guess, [0.01037888 0.02019575 0.00895842 0.00571803].
2024-01-16 15:27:18,534 - INFO - Best fit parameters: [0.00665197 0.02564096 0.02685281 0.00316088].
2024-01-16 15:27:19,605 - INFO - Maximum log composite likelihood: -746.6055323715609.
2024-01-16 15:27:19,605 - INFO - Optimal value of theta: 223423.370901678.
2024-01-16 15:27:19,605 - INFO - Beginning optimization with guess, [0.03448114 0.02443446 0.00658613 0.00892872].
2024-01-16 15:28:39,408 - INFO - Finished optimization with guess, [0.03448114 0.02443446 0.00658613 0.00892872].
2024-01-16 15:28:39,409 - INFO - Best fit parameters: [1.37627055e-02 1.39463676e+00 2.01849059e-04 2.20443035e-02].
2024-01-16 15:28:40,376 - INFO - Maximum log composite likelihood: -792.2342071689353.
2024-01-16 15:28:40,377 - INFO - Optimal value of theta: 5183.076466451032.
2024-01-16 15:28:40,377 - INFO - Beginning optimization with guess, [0.07929211 0.02655649 0.01442291 0.01052211].
2024-01-16 15:30:02,330 - INFO - Finished optimization with guess, [0.07929211 0.02655649 0.01442291 0.01052211].
2024-01-16 15:30:02,332 - INFO - Best fit parameters: [0.04334596 1.00184252 0.0045971  0.06854909].
2024-01-16 15:30:03,176 - INFO - Maximum log composite likelihood: -683.1559361537701.
2024-01-16 15:30:03,176 - INFO - Optimal value of theta: 5974.226053304586.
2024-01-16 15:30:03,176 - INFO - Beginning optimization with guess, [0.0498897  0.0760498  0.01539843 0.01713663].
2024-01-16 15:31:28,514 - INFO - Finished optimization with guess, [0.0498897  0.0760498  0.01539843 0.01713663].
2024-01-16 15:31:28,516 - INFO - Best fit parameters: [0.01285981 0.18754942 0.02261246 0.03458129].
2024-01-16 15:31:29,516 - INFO - Maximum log composite likelihood: -763.4925238736434.
2024-01-16 15:31:29,516 - INFO - Optimal value of theta: 29627.621223665046.
2024-01-16 15:31:29,516 - INFO - Beginning optimization with guess, [0.33816824 0.58350725 0.00503439 0.00994576].
2024-01-16 15:32:54,065 - INFO - Finished optimization with guess, [0.33816824 0.58350725 0.00503439 0.00994576].
2024-01-16 15:32:54,066 - INFO - Best fit parameters: [2.93594333e-01 1.93183360e+00 1.29040860e-06 4.05058440e-03].
2024-01-16 15:32:55,026 - INFO - Maximum log composite likelihood: -845.3111266252727.
2024-01-16 15:32:55,026 - INFO - Optimal value of theta: 4950.178034836398.
2024-01-16 15:32:55,026 - INFO - Beginning optimization with guess, [1.07418989 0.55460056 0.00626962 0.01675148].
2024-01-16 15:34:11,703 - INFO - Finished optimization with guess, [1.07418989 0.55460056 0.00626962 0.01675148].
2024-01-16 15:34:11,704 - INFO - Best fit parameters: [1.14971216e+00 2.05497043e+00 3.58873229e-05 3.38042399e-03].
2024-01-16 15:34:12,543 - INFO - Maximum log composite likelihood: -845.6359944325933.
2024-01-16 15:34:12,544 - INFO - Optimal value of theta: 4963.918558075205.
2024-01-16 15:34:12,544 - INFO - Beginning optimization with guess, [1.19447474 1.07932108 0.00822245 0.01936569].
2024-01-16 15:35:28,251 - INFO - Finished optimization with guess, [1.19447474 1.07932108 0.00822245 0.01936569].
2024-01-16 15:35:28,253 - INFO - Best fit parameters: [0.79423461 1.75651482 0.28690375 0.0060474 ].
2024-01-16 15:35:29,218 - INFO - Maximum log composite likelihood: -720.6939338006097.
2024-01-16 15:35:29,218 - INFO - Optimal value of theta: 5555.759180312977.
2024-01-16 15:35:29,218 - INFO - Beginning optimization with guess, [0.6093385  0.57071533 0.01808902 0.00927683].
2024-01-16 15:36:49,834 - INFO - Finished optimization with guess, [0.6093385  0.57071533 0.01808902 0.00927683].
2024-01-16 15:36:49,835 - INFO - Best fit parameters: [5.52215345e-01 1.95678770e+00 6.62126280e-05 3.89626856e-03].
2024-01-16 15:36:50,795 - INFO - Maximum log composite likelihood: -845.4010867962568.
2024-01-16 15:36:50,795 - INFO - Optimal value of theta: 4958.7875021909385.
2024-01-16 15:36:50,796 - INFO - Beginning optimization with guess, [1.5920081  1.20481799 0.0113349  0.01454795].
2024-01-16 15:38:07,527 - INFO - Finished optimization with guess, [1.5920081  1.20481799 0.0113349  0.01454795].
2024-01-16 15:38:07,529 - INFO - Best fit parameters: [1.91527342e+00 1.50576716e+00 3.68395668e-03 4.15080581e-04].
2024-01-16 15:38:08,487 - INFO - Maximum log composite likelihood: -845.0008975057835.
2024-01-16 15:38:08,487 - INFO - Optimal value of theta: 4956.27121594819.
2024-01-16 15:38:08,487 - INFO - Beginning optimization with guess, [0.87754471 1.05009105 0.01650544 0.01026498].
2024-01-16 15:39:28,945 - INFO - Finished optimization with guess, [0.87754471 1.05009105 0.01650544 0.01026498].
2024-01-16 15:39:28,946 - INFO - Best fit parameters: [0.66414618 1.23212484 0.21668393 0.0140051 ].
2024-01-16 15:39:29,914 - INFO - Maximum log composite likelihood: -677.5791142407793.
2024-01-16 15:39:29,914 - INFO - Optimal value of theta: 5893.7399077493865.
2024-01-16 15:39:29,914 - INFO - Beginning optimization with guess, [1.25697228 2.52119392 0.01032883 0.01549113].
2024-01-16 15:40:59,251 - INFO - Finished optimization with guess, [1.25697228 2.52119392 0.01032883 0.01549113].
2024-01-16 15:40:59,252 - INFO - Best fit parameters: [1.16060076e+00 1.88482130e+00 1.43219013e-03 3.73445488e-03].
2024-01-16 15:41:00,216 - INFO - Maximum log composite likelihood: -845.2153366915549.
2024-01-16 15:41:00,216 - INFO - Optimal value of theta: 4950.787596145045.
2024-01-16 15:41:00,216 - INFO - Beginning optimization with guess, [3.19903932 1.07294975 0.00754259 0.00781081].
2024-01-16 15:42:19,790 - INFO - Finished optimization with guess, [3.19903932 1.07294975 0.00754259 0.00781081].
2024-01-16 15:42:19,792 - INFO - Best fit parameters: [2.92836622e+00 1.07184355e+00 2.88565042e-03 9.67358542e-04].
2024-01-16 15:42:20,749 - INFO - Maximum log composite likelihood: -843.9809099240222.
2024-01-16 15:42:20,749 - INFO - Optimal value of theta: 4948.12967346512.
2024-01-16 15:42:20,750 - INFO - Beginning optimization with guess, [1.14809687 1.63012765 0.01246463 0.0141231 ].
2024-01-16 15:43:48,157 - INFO - Finished optimization with guess, [1.14809687 1.63012765 0.01246463 0.0141231 ].
2024-01-16 15:43:48,159 - INFO - Best fit parameters: [1.04742284 1.92248562 0.00217475 0.00384525].
2024-01-16 15:43:49,122 - INFO - Maximum log composite likelihood: -845.3076776414204.
2024-01-16 15:43:49,122 - INFO - Optimal value of theta: 4951.16384109236.
2024-01-16 15:43:49,122 - INFO - Beginning optimization with guess, [2.38227551 2.51692177 0.00772591 0.01692023].
2024-01-16 15:45:12,656 - INFO - Finished optimization with guess, [2.38227551 2.51692177 0.00772591 0.01692023].
2024-01-16 15:45:12,658 - INFO - Best fit parameters: [2.56194074e+00 1.46422900e+00 2.33607457e-03 1.75321767e-03].
2024-01-16 15:45:13,615 - INFO - Maximum log composite likelihood: -844.4287327300221.
2024-01-16 15:45:13,616 - INFO - Optimal value of theta: 4944.90675078254.
2024-01-16 15:45:13,616 - INFO - Beginning optimization with guess, [1.74539168 3.10202227 0.01581925 0.0075169 ].
2024-01-16 15:46:38,055 - INFO - Finished optimization with guess, [1.74539168 3.10202227 0.01581925 0.0075169 ].
2024-01-16 15:46:38,056 - INFO - Best fit parameters: [1.59797443 1.73323939 0.00252841 0.00249466].
2024-01-16 15:46:39,013 - INFO - Maximum log composite likelihood: -844.9574471484914.
2024-01-16 15:46:39,013 - INFO - Optimal value of theta: 4948.5688248377655.
2024-01-16 15:46:39,013 - INFO - Beginning optimization with guess, [1.38482189 3.80566886 0.00610938 0.00976683].
2024-01-16 15:48:04,333 - INFO - Finished optimization with guess, [1.38482189 3.80566886 0.00610938 0.00976683].
2024-01-16 15:48:04,334 - INFO - Best fit parameters: [1.16598783 1.89978624 0.00200533 0.00375598].
2024-01-16 15:48:05,292 - INFO - Maximum log composite likelihood: -845.3793018663482.
2024-01-16 15:48:05,293 - INFO - Optimal value of theta: 4940.82055955762.
2024-01-16 15:48:05,293 - INFO - Beginning optimization with guess, [2.68503144 2.28173124 0.01156919 0.00894815].
2024-01-16 15:49:28,417 - INFO - Finished optimization with guess, [2.68503144 2.28173124 0.01156919 0.00894815].
2024-01-16 15:49:28,418 - INFO - Best fit parameters: [3.76249457e+00 9.65541886e-01 2.69934162e-03 9.89698783e-04].
2024-01-16 15:49:29,375 - INFO - Maximum log composite likelihood: -843.9449759763551.
2024-01-16 15:49:29,375 - INFO - Optimal value of theta: 4947.657580178935.
2024-01-16 15:49:29,376 - INFO - Beginning optimization with guess, [4.02767328 2.72407459 0.00528797 0.01490012].
2024-01-16 15:50:56,609 - INFO - Finished optimization with guess, [4.02767328 2.72407459 0.00528797 0.01490012].
2024-01-16 15:50:56,610 - INFO - Best fit parameters: [4.83352241e+00 1.40780067e+00 1.64107085e-03 2.40324927e-03].
2024-01-16 15:50:57,567 - INFO - Maximum log composite likelihood: -844.7972727655955.
2024-01-16 15:50:57,567 - INFO - Optimal value of theta: 4943.280978737507.
2024-01-16 15:50:57,568 - INFO - Beginning optimization with guess, [1.84155478 2.52878954 0.01190278 0.00759677].
2024-01-16 15:52:20,039 - INFO - Finished optimization with guess, [1.84155478 2.52878954 0.01190278 0.00759677].
2024-01-16 15:52:20,040 - INFO - Best fit parameters: [1.88609505e+00 1.68183274e+00 2.88569132e-03 1.49944818e-03].
2024-01-16 15:52:20,998 - INFO - Maximum log composite likelihood: -844.7467871923493.
2024-01-16 15:52:20,998 - INFO - Optimal value of theta: 4947.711787556824.
2024-01-16 15:52:20,998 - INFO - Beginning optimization with guess, [2.19040155 5.4490684  0.01723861 0.00639165].
2024-01-16 15:53:42,468 - INFO - Finished optimization with guess, [2.19040155 5.4490684  0.01723861 0.00639165].
2024-01-16 15:53:42,470 - INFO - Best fit parameters: [2.10695283e+00 1.38323617e+00 3.45204177e-03 3.28190059e-04].
2024-01-16 15:53:43,428 - INFO - Maximum log composite likelihood: -844.8764131901034.
2024-01-16 15:53:43,428 - INFO - Optimal value of theta: 4950.119359567867.
2024-01-16 15:53:43,428 - INFO - Beginning optimization with guess, [4.56269934 3.07329295 0.0148238  0.00577032].
2024-01-16 15:55:05,874 - INFO - Finished optimization with guess, [4.56269934 3.07329295 0.0148238  0.00577032].
2024-01-16 15:55:05,876 - INFO - Best fit parameters: [2.52572663e+00 1.60504441e+00 1.55048528e-03 2.62674086e-03].
2024-01-16 15:55:06,835 - INFO - Maximum log composite likelihood: -844.7306291961107.
2024-01-16 15:55:06,835 - INFO - Optimal value of theta: 4951.373611231062.
2024-01-16 15:55:06,835 - INFO - Beginning optimization with guess, [3.04478642 7.1477238  0.00854675 0.00872557].
2024-01-16 15:56:25,958 - INFO - Finished optimization with guess, [3.04478642 7.1477238  0.00854675 0.00872557].
2024-01-16 15:56:25,960 - INFO - Best fit parameters: [2.41134686e+00 9.20397583e-01 3.29357919e-03 4.01955101e-04].
2024-01-16 15:56:26,918 - INFO - Maximum log composite likelihood: -844.1924325438457.
2024-01-16 15:56:26,918 - INFO - Optimal value of theta: 4954.557581049726.
2024-01-16 15:56:26,919 - INFO - Beginning optimization with guess, [8.84416664e+00 7.04408204e+00 6.63292933e-03 7.22617434e-03].
2024-01-16 15:57:49,405 - INFO - Finished optimization with guess, [8.84416664e+00 7.04408204e+00 6.63292933e-03 7.22617434e-03].
2024-01-16 15:57:49,416 - INFO - Best fit parameters: [1.23355626e+01 1.59334358e+00 8.23327425e-04 3.15700155e-03].
2024-01-16 15:57:50,373 - INFO - Maximum log composite likelihood: -845.2156020001421.
2024-01-16 15:57:50,373 - INFO - Optimal value of theta: 4950.565260592271.
2024-01-16 15:57:50,374 - INFO - Beginning optimization with guess, [1.30734724e+01 7.36115212e+00 5.61312204e-03 1.79327194e-02].
2024-01-16 15:59:13,728 - INFO - Finished optimization with guess, [1.30734724e+01 7.36115212e+00 5.61312204e-03 1.79327194e-02].
2024-01-16 15:59:13,729 - INFO - Best fit parameters: [1.27184901e+01 1.68199475e+00 5.73282199e-04 3.46319960e-03].
2024-01-16 15:59:14,687 - INFO - Maximum log composite likelihood: -845.260309333526.
2024-01-16 15:59:14,688 - INFO - Optimal value of theta: 4951.7913478278.
2024-01-16 15:59:14,692 - INFO - Finished demographic inference.
2024-01-16 15:59:14,692 - INFO - Pipeline executed succesfully.
