2024-03-14 22:35:51,547 - INFO - Beginning execution of fit_demographic_model.py in directory /u/project/kirk/jonmah/sample_size_demography/Scripts

2024-03-14 22:35:51,548 - INFO - Progress is being logged to ../Analysis/ThreeEpochBottleneck_440/log.log

2024-03-14 22:35:51,548 - INFO - Parsed the following arguments:
	syn_input_sfs = ../Analysis/ThreeEpochExpansion_440/syn_downsampled_sfs.txt
	mask_singletons = False
	mask_doubletons = False
	outprefix = ../Analysis/ThreeEpochBottleneck_440/

2024-03-14 22:35:51,550 - INFO - Beginning demographic inference for one-epoch demographic model.
2024-03-14 22:35:51,551 - INFO - Beginning optimization with guess, [0.08622426].
2024-03-14 22:36:27,390 - INFO - Finished optimization with guess, [0.08622426].
2024-03-14 22:36:27,393 - INFO - Best fit parameters: [0.08622426].
2024-03-14 22:36:28,604 - INFO - Maximum log composite likelihood: -8993.637929411272.
2024-03-14 22:36:28,608 - INFO - Optimal value of theta: 17966.727594100106.
2024-03-14 22:36:28,609 - INFO - Beginning optimization with guess, [0.3406877].
2024-03-14 22:36:57,203 - INFO - Finished optimization with guess, [0.3406877].
2024-03-14 22:36:57,204 - INFO - Best fit parameters: [0.3406877].
2024-03-14 22:36:58,022 - INFO - Maximum log composite likelihood: -8993.637929411272.
2024-03-14 22:36:58,022 - INFO - Optimal value of theta: 17966.727594100106.
2024-03-14 22:36:58,022 - INFO - Beginning optimization with guess, [0.20209381].
2024-03-14 22:37:32,572 - INFO - Finished optimization with guess, [0.20209381].
2024-03-14 22:37:32,587 - INFO - Best fit parameters: [0.20209381].
2024-03-14 22:37:33,811 - INFO - Maximum log composite likelihood: -8993.637929411272.
2024-03-14 22:37:33,811 - INFO - Optimal value of theta: 17966.727594100106.
2024-03-14 22:37:33,811 - INFO - Beginning optimization with guess, [0.20212891].
2024-03-14 22:38:00,872 - INFO - Finished optimization with guess, [0.20212891].
2024-03-14 22:38:00,884 - INFO - Best fit parameters: [0.20212891].
2024-03-14 22:38:01,713 - INFO - Maximum log composite likelihood: -8993.637929411272.
2024-03-14 22:38:01,713 - INFO - Optimal value of theta: 17966.727594100106.
2024-03-14 22:38:01,713 - INFO - Beginning optimization with guess, [0.30816193].
2024-03-14 22:38:37,400 - INFO - Finished optimization with guess, [0.30816193].
2024-03-14 22:38:37,401 - INFO - Best fit parameters: [0.30816193].
2024-03-14 22:38:38,216 - INFO - Maximum log composite likelihood: -8993.637929411272.
2024-03-14 22:38:38,216 - INFO - Optimal value of theta: 17966.727594100106.
2024-03-14 22:38:38,216 - INFO - Beginning optimization with guess, [0.55366583].
2024-03-14 22:39:01,823 - INFO - Finished optimization with guess, [0.55366583].
2024-03-14 22:39:01,824 - INFO - Best fit parameters: [0.55366583].
2024-03-14 22:39:02,641 - INFO - Maximum log composite likelihood: -8993.637929411272.
2024-03-14 22:39:02,641 - INFO - Optimal value of theta: 17966.727594100106.
2024-03-14 22:39:02,641 - INFO - Beginning optimization with guess, [0.66428493].
2024-03-14 22:39:23,828 - INFO - Finished optimization with guess, [0.66428493].
2024-03-14 22:39:23,829 - INFO - Best fit parameters: [0.66428493].
2024-03-14 22:39:24,644 - INFO - Maximum log composite likelihood: -8993.637929411272.
2024-03-14 22:39:24,644 - INFO - Optimal value of theta: 17966.727594100106.
2024-03-14 22:39:24,644 - INFO - Beginning optimization with guess, [1.37509147].
2024-03-14 22:39:45,844 - INFO - Finished optimization with guess, [1.37509147].
2024-03-14 22:39:45,846 - INFO - Best fit parameters: [1.37509147].
2024-03-14 22:39:46,661 - INFO - Maximum log composite likelihood: -8993.637929411272.
2024-03-14 22:39:46,662 - INFO - Optimal value of theta: 17966.727594100106.
2024-03-14 22:39:46,662 - INFO - Beginning optimization with guess, [1.15262375].
2024-03-14 22:40:05,408 - INFO - Finished optimization with guess, [1.15262375].
2024-03-14 22:40:05,409 - INFO - Best fit parameters: [1.15262375].
2024-03-14 22:40:06,224 - INFO - Maximum log composite likelihood: -8993.637929411272.
2024-03-14 22:40:06,224 - INFO - Optimal value of theta: 17966.727594100106.
2024-03-14 22:40:06,225 - INFO - Beginning optimization with guess, [1.65228369].
2024-03-14 22:40:27,388 - INFO - Finished optimization with guess, [1.65228369].
2024-03-14 22:40:27,388 - INFO - Best fit parameters: [1.65228369].
2024-03-14 22:40:28,204 - INFO - Maximum log composite likelihood: -8993.637929411272.
2024-03-14 22:40:28,204 - INFO - Optimal value of theta: 17966.727594100106.
2024-03-14 22:40:28,204 - INFO - Beginning optimization with guess, [0.80973994].
2024-03-14 22:40:46,921 - INFO - Finished optimization with guess, [0.80973994].
2024-03-14 22:40:46,922 - INFO - Best fit parameters: [0.80973994].
2024-03-14 22:40:47,738 - INFO - Maximum log composite likelihood: -8993.637929411272.
2024-03-14 22:40:47,738 - INFO - Optimal value of theta: 17966.727594100106.
2024-03-14 22:40:47,738 - INFO - Beginning optimization with guess, [1.14745377].
2024-03-14 22:41:06,464 - INFO - Finished optimization with guess, [1.14745377].
2024-03-14 22:41:06,465 - INFO - Best fit parameters: [1.14745377].
2024-03-14 22:41:07,282 - INFO - Maximum log composite likelihood: -8993.637929411272.
2024-03-14 22:41:07,282 - INFO - Optimal value of theta: 17966.727594100106.
2024-03-14 22:41:07,283 - INFO - Beginning optimization with guess, [3.27037964].
2024-03-14 22:41:33,442 - INFO - Finished optimization with guess, [3.27037964].
2024-03-14 22:41:33,443 - INFO - Best fit parameters: [3.27037964].
2024-03-14 22:41:34,264 - INFO - Maximum log composite likelihood: -8993.637929411272.
2024-03-14 22:41:34,264 - INFO - Optimal value of theta: 17966.727594100106.
2024-03-14 22:41:34,264 - INFO - Beginning optimization with guess, [1.58355344].
2024-03-14 22:41:55,702 - INFO - Finished optimization with guess, [1.58355344].
2024-03-14 22:41:55,703 - INFO - Best fit parameters: [1.58355344].
2024-03-14 22:41:56,538 - INFO - Maximum log composite likelihood: -8993.637929411272.
2024-03-14 22:41:56,538 - INFO - Optimal value of theta: 17966.727594100106.
2024-03-14 22:41:56,538 - INFO - Beginning optimization with guess, [3.939309].
2024-03-14 22:42:22,944 - INFO - Finished optimization with guess, [3.939309].
2024-03-14 22:42:22,946 - INFO - Best fit parameters: [3.939309].
2024-03-14 22:42:23,774 - INFO - Maximum log composite likelihood: -8993.637929411272.
2024-03-14 22:42:23,774 - INFO - Optimal value of theta: 17966.727594100106.
2024-03-14 22:42:23,774 - INFO - Beginning optimization with guess, [2.57959128].
2024-03-14 22:42:47,525 - INFO - Finished optimization with guess, [2.57959128].
2024-03-14 22:42:47,527 - INFO - Best fit parameters: [2.57959128].
2024-03-14 22:42:48,345 - INFO - Maximum log composite likelihood: -8993.637929411272.
2024-03-14 22:42:48,345 - INFO - Optimal value of theta: 17966.727594100106.
2024-03-14 22:42:48,345 - INFO - Beginning optimization with guess, [1.58884224].
2024-03-14 22:43:09,627 - INFO - Finished optimization with guess, [1.58884224].
2024-03-14 22:43:09,628 - INFO - Best fit parameters: [1.58884224].
2024-03-14 22:43:10,447 - INFO - Maximum log composite likelihood: -8993.637929411272.
2024-03-14 22:43:10,448 - INFO - Optimal value of theta: 17966.727594100106.
2024-03-14 22:43:10,448 - INFO - Beginning optimization with guess, [1.72980263].
2024-03-14 22:43:34,236 - INFO - Finished optimization with guess, [1.72980263].
2024-03-14 22:43:34,237 - INFO - Best fit parameters: [1.72980263].
2024-03-14 22:43:35,060 - INFO - Maximum log composite likelihood: -8993.637929411272.
2024-03-14 22:43:35,060 - INFO - Optimal value of theta: 17966.727594100106.
2024-03-14 22:43:35,060 - INFO - Beginning optimization with guess, [1.67461819].
2024-03-14 22:43:58,866 - INFO - Finished optimization with guess, [1.67461819].
2024-03-14 22:43:58,866 - INFO - Best fit parameters: [1.67461819].
2024-03-14 22:43:59,701 - INFO - Maximum log composite likelihood: -8993.637929411272.
2024-03-14 22:43:59,701 - INFO - Optimal value of theta: 17966.727594100106.
2024-03-14 22:43:59,701 - INFO - Beginning optimization with guess, [2.84765021].
2024-03-14 22:44:26,351 - INFO - Finished optimization with guess, [2.84765021].
2024-03-14 22:44:26,352 - INFO - Best fit parameters: [2.84765021].
2024-03-14 22:44:27,183 - INFO - Maximum log composite likelihood: -8993.637929411272.
2024-03-14 22:44:27,183 - INFO - Optimal value of theta: 17966.727594100106.
2024-03-14 22:44:27,183 - INFO - Beginning optimization with guess, [5.09822017].
2024-03-14 22:44:53,400 - INFO - Finished optimization with guess, [5.09822017].
2024-03-14 22:44:53,401 - INFO - Best fit parameters: [5.09822017].
2024-03-14 22:44:54,223 - INFO - Maximum log composite likelihood: -8993.637929411272.
2024-03-14 22:44:54,223 - INFO - Optimal value of theta: 17966.727594100106.
2024-03-14 22:44:54,224 - INFO - Beginning optimization with guess, [7.15509144].
2024-03-14 22:45:20,642 - INFO - Finished optimization with guess, [7.15509144].
2024-03-14 22:45:20,644 - INFO - Best fit parameters: [7.15509144].
2024-03-14 22:45:21,468 - INFO - Maximum log composite likelihood: -8993.637929411272.
2024-03-14 22:45:21,468 - INFO - Optimal value of theta: 17966.727594100106.
2024-03-14 22:45:21,468 - INFO - Beginning optimization with guess, [6.00458879].
2024-03-14 22:45:47,825 - INFO - Finished optimization with guess, [6.00458879].
2024-03-14 22:45:47,826 - INFO - Best fit parameters: [6.00458879].
2024-03-14 22:45:48,658 - INFO - Maximum log composite likelihood: -8993.637929411272.
2024-03-14 22:45:48,658 - INFO - Optimal value of theta: 17966.727594100106.
2024-03-14 22:45:48,658 - INFO - Beginning optimization with guess, [13.09645212].
2024-03-14 22:46:17,558 - INFO - Finished optimization with guess, [13.09645212].
2024-03-14 22:46:17,559 - INFO - Best fit parameters: [13.09645212].
2024-03-14 22:46:18,390 - INFO - Maximum log composite likelihood: -8993.637929411272.
2024-03-14 22:46:18,390 - INFO - Optimal value of theta: 17966.727594100106.
2024-03-14 22:46:18,390 - INFO - Beginning optimization with guess, [9.4561488].
2024-03-14 22:46:47,842 - INFO - Finished optimization with guess, [9.4561488].
2024-03-14 22:46:47,843 - INFO - Best fit parameters: [9.4561488].
2024-03-14 22:46:48,663 - INFO - Maximum log composite likelihood: -8993.637929411272.
2024-03-14 22:46:48,663 - INFO - Optimal value of theta: 17966.727594100106.
2024-03-14 22:46:48,667 - INFO - Finished demographic inference.
2024-03-14 22:46:48,667 - INFO - Pipeline executed succesfully.
