2024-03-14 22:26:09,343 - INFO - Beginning execution of fit_demographic_model.py in directory /u/project/kirk/jonmah/sample_size_demography/Scripts

2024-03-14 22:26:09,343 - INFO - Progress is being logged to ../Analysis/ThreeEpochBottleneck_170/log.log

2024-03-14 22:26:09,343 - INFO - Parsed the following arguments:
	syn_input_sfs = ../Analysis/ThreeEpochExpansion_170/syn_downsampled_sfs.txt
	mask_singletons = False
	mask_doubletons = False
	outprefix = ../Analysis/ThreeEpochBottleneck_170/

2024-03-14 22:26:09,345 - INFO - Beginning demographic inference for one-epoch demographic model.
2024-03-14 22:26:09,346 - INFO - Beginning optimization with guess, [0.13607605].
2024-03-14 22:26:25,722 - INFO - Finished optimization with guess, [0.13607605].
2024-03-14 22:26:25,740 - INFO - Best fit parameters: [0.13607605].
2024-03-14 22:26:26,561 - INFO - Maximum log composite likelihood: -4695.816173550056.
2024-03-14 22:26:26,561 - INFO - Optimal value of theta: 16229.674163114778.
2024-03-14 22:26:26,571 - INFO - Beginning optimization with guess, [0.1584144].
2024-03-14 22:26:37,065 - INFO - Finished optimization with guess, [0.1584144].
2024-03-14 22:26:37,066 - INFO - Best fit parameters: [0.1584144].
2024-03-14 22:26:37,387 - INFO - Maximum log composite likelihood: -4695.816173550056.
2024-03-14 22:26:37,387 - INFO - Optimal value of theta: 16229.674163114778.
2024-03-14 22:26:37,387 - INFO - Beginning optimization with guess, [0.15854654].
2024-03-14 22:26:47,658 - INFO - Finished optimization with guess, [0.15854654].
2024-03-14 22:26:47,660 - INFO - Best fit parameters: [0.15854654].
2024-03-14 22:26:47,981 - INFO - Maximum log composite likelihood: -4695.816173550056.
2024-03-14 22:26:47,981 - INFO - Optimal value of theta: 16229.674163114778.
2024-03-14 22:26:47,981 - INFO - Beginning optimization with guess, [0.20165725].
2024-03-14 22:26:59,186 - INFO - Finished optimization with guess, [0.20165725].
2024-03-14 22:26:59,196 - INFO - Best fit parameters: [0.20165725].
2024-03-14 22:26:59,850 - INFO - Maximum log composite likelihood: -4695.816173550056.
2024-03-14 22:26:59,850 - INFO - Optimal value of theta: 16229.674163114778.
2024-03-14 22:26:59,850 - INFO - Beginning optimization with guess, [0.68747467].
2024-03-14 22:27:15,062 - INFO - Finished optimization with guess, [0.68747467].
2024-03-14 22:27:15,065 - INFO - Best fit parameters: [0.68747467].
2024-03-14 22:27:15,632 - INFO - Maximum log composite likelihood: -4695.816173550056.
2024-03-14 22:27:15,632 - INFO - Optimal value of theta: 16229.674163114778.
2024-03-14 22:27:15,633 - INFO - Beginning optimization with guess, [0.3498684].
2024-03-14 22:27:34,026 - INFO - Finished optimization with guess, [0.3498684].
2024-03-14 22:27:34,027 - INFO - Best fit parameters: [0.3498684].
2024-03-14 22:27:34,537 - INFO - Maximum log composite likelihood: -4695.816173550056.
2024-03-14 22:27:34,538 - INFO - Optimal value of theta: 16229.674163114778.
2024-03-14 22:27:34,538 - INFO - Beginning optimization with guess, [1.24600793].
2024-03-14 22:27:48,801 - INFO - Finished optimization with guess, [1.24600793].
2024-03-14 22:27:48,805 - INFO - Best fit parameters: [1.24600793].
2024-03-14 22:27:49,346 - INFO - Maximum log composite likelihood: -4695.816173550056.
2024-03-14 22:27:49,346 - INFO - Optimal value of theta: 16229.674163114778.
2024-03-14 22:27:49,346 - INFO - Beginning optimization with guess, [0.9793443].
2024-03-14 22:27:57,590 - INFO - Finished optimization with guess, [0.9793443].
2024-03-14 22:27:57,601 - INFO - Best fit parameters: [0.9793443].
2024-03-14 22:27:58,195 - INFO - Maximum log composite likelihood: -4695.816173550056.
2024-03-14 22:27:58,195 - INFO - Optimal value of theta: 16229.674163114778.
2024-03-14 22:27:58,195 - INFO - Beginning optimization with guess, [0.51374822].
2024-03-14 22:28:14,828 - INFO - Finished optimization with guess, [0.51374822].
2024-03-14 22:28:14,845 - INFO - Best fit parameters: [0.51374822].
2024-03-14 22:28:15,597 - INFO - Maximum log composite likelihood: -4695.816173550056.
2024-03-14 22:28:15,597 - INFO - Optimal value of theta: 16229.674163114778.
2024-03-14 22:28:15,598 - INFO - Beginning optimization with guess, [1.81278504].
2024-03-14 22:28:32,725 - INFO - Finished optimization with guess, [1.81278504].
2024-03-14 22:28:32,726 - INFO - Best fit parameters: [1.81278504].
2024-03-14 22:28:33,285 - INFO - Maximum log composite likelihood: -4695.816173550056.
2024-03-14 22:28:33,285 - INFO - Optimal value of theta: 16229.674163114778.
2024-03-14 22:28:33,286 - INFO - Beginning optimization with guess, [2.44796808].
2024-03-14 22:28:42,625 - INFO - Finished optimization with guess, [2.44796808].
2024-03-14 22:28:42,625 - INFO - Best fit parameters: [2.44796808].
2024-03-14 22:28:42,944 - INFO - Maximum log composite likelihood: -4695.816173550056.
2024-03-14 22:28:42,944 - INFO - Optimal value of theta: 16229.674163114778.
2024-03-14 22:28:42,945 - INFO - Beginning optimization with guess, [1.04654517].
2024-03-14 22:28:48,392 - INFO - Finished optimization with guess, [1.04654517].
2024-03-14 22:28:48,393 - INFO - Best fit parameters: [1.04654517].
2024-03-14 22:28:48,713 - INFO - Maximum log composite likelihood: -4695.816173550056.
2024-03-14 22:28:48,713 - INFO - Optimal value of theta: 16229.674163114778.
2024-03-14 22:28:48,714 - INFO - Beginning optimization with guess, [1.38271293].
2024-03-14 22:28:57,069 - INFO - Finished optimization with guess, [1.38271293].
2024-03-14 22:28:57,071 - INFO - Best fit parameters: [1.38271293].
2024-03-14 22:28:57,392 - INFO - Maximum log composite likelihood: -4695.816173550056.
2024-03-14 22:28:57,392 - INFO - Optimal value of theta: 16229.674163114778.
2024-03-14 22:28:57,392 - INFO - Beginning optimization with guess, [2.95009382].
2024-03-14 22:29:07,803 - INFO - Finished optimization with guess, [2.95009382].
2024-03-14 22:29:07,804 - INFO - Best fit parameters: [2.95009382].
2024-03-14 22:29:08,338 - INFO - Maximum log composite likelihood: -4695.816173550056.
2024-03-14 22:29:08,338 - INFO - Optimal value of theta: 16229.674163114778.
2024-03-14 22:29:08,338 - INFO - Beginning optimization with guess, [2.41146978].
2024-03-14 22:29:25,584 - INFO - Finished optimization with guess, [2.41146978].
2024-03-14 22:29:25,593 - INFO - Best fit parameters: [2.41146978].
2024-03-14 22:29:26,170 - INFO - Maximum log composite likelihood: -4695.816173550056.
2024-03-14 22:29:26,170 - INFO - Optimal value of theta: 16229.674163114778.
2024-03-14 22:29:26,170 - INFO - Beginning optimization with guess, [1.43280564].
2024-03-14 22:29:41,595 - INFO - Finished optimization with guess, [1.43280564].
2024-03-14 22:29:41,601 - INFO - Best fit parameters: [1.43280564].
2024-03-14 22:29:42,158 - INFO - Maximum log composite likelihood: -4695.816173550056.
2024-03-14 22:29:42,158 - INFO - Optimal value of theta: 16229.674163114778.
2024-03-14 22:29:42,159 - INFO - Beginning optimization with guess, [3.05079427].
2024-03-14 22:30:02,435 - INFO - Finished optimization with guess, [3.05079427].
2024-03-14 22:30:02,448 - INFO - Best fit parameters: [3.05079427].
2024-03-14 22:30:02,992 - INFO - Maximum log composite likelihood: -4695.816173550056.
2024-03-14 22:30:02,993 - INFO - Optimal value of theta: 16229.674163114778.
2024-03-14 22:30:02,993 - INFO - Beginning optimization with guess, [2.95784434].
2024-03-14 22:30:22,646 - INFO - Finished optimization with guess, [2.95784434].
2024-03-14 22:30:22,647 - INFO - Best fit parameters: [2.95784434].
2024-03-14 22:30:23,249 - INFO - Maximum log composite likelihood: -4695.816173550056.
2024-03-14 22:30:23,249 - INFO - Optimal value of theta: 16229.674163114778.
2024-03-14 22:30:23,249 - INFO - Beginning optimization with guess, [2.77908948].
2024-03-14 22:30:41,067 - INFO - Finished optimization with guess, [2.77908948].
2024-03-14 22:30:41,069 - INFO - Best fit parameters: [2.77908948].
2024-03-14 22:30:41,500 - INFO - Maximum log composite likelihood: -4695.816173550056.
2024-03-14 22:30:41,501 - INFO - Optimal value of theta: 16229.674163114778.
2024-03-14 22:30:41,501 - INFO - Beginning optimization with guess, [3.53706857].
2024-03-14 22:30:51,920 - INFO - Finished optimization with guess, [3.53706857].
2024-03-14 22:30:51,921 - INFO - Best fit parameters: [3.53706857].
2024-03-14 22:30:52,239 - INFO - Maximum log composite likelihood: -4695.816173550056.
2024-03-14 22:30:52,239 - INFO - Optimal value of theta: 16229.674163114778.
2024-03-14 22:30:52,239 - INFO - Beginning optimization with guess, [7.34108584].
2024-03-14 22:31:02,529 - INFO - Finished optimization with guess, [7.34108584].
2024-03-14 22:31:02,530 - INFO - Best fit parameters: [7.34108584].
2024-03-14 22:31:02,850 - INFO - Maximum log composite likelihood: -4695.816173550056.
2024-03-14 22:31:02,850 - INFO - Optimal value of theta: 16229.674163114778.
2024-03-14 22:31:02,851 - INFO - Beginning optimization with guess, [8.74420103].
2024-03-14 22:31:14,057 - INFO - Finished optimization with guess, [8.74420103].
2024-03-14 22:31:14,058 - INFO - Best fit parameters: [8.74420103].
2024-03-14 22:31:14,378 - INFO - Maximum log composite likelihood: -4695.816173550056.
2024-03-14 22:31:14,379 - INFO - Optimal value of theta: 16229.674163114778.
2024-03-14 22:31:14,379 - INFO - Beginning optimization with guess, [6.65389878].
2024-03-14 22:31:24,608 - INFO - Finished optimization with guess, [6.65389878].
2024-03-14 22:31:24,609 - INFO - Best fit parameters: [6.65389878].
2024-03-14 22:31:24,929 - INFO - Maximum log composite likelihood: -4695.816173550056.
2024-03-14 22:31:24,929 - INFO - Optimal value of theta: 16229.674163114778.
2024-03-14 22:31:24,930 - INFO - Beginning optimization with guess, [9.04152544].
2024-03-14 22:31:36,150 - INFO - Finished optimization with guess, [9.04152544].
2024-03-14 22:31:36,151 - INFO - Best fit parameters: [9.04152544].
2024-03-14 22:31:36,472 - INFO - Maximum log composite likelihood: -4695.816173550056.
2024-03-14 22:31:36,472 - INFO - Optimal value of theta: 16229.674163114778.
2024-03-14 22:31:36,472 - INFO - Beginning optimization with guess, [8.88680278].
2024-03-14 22:31:47,688 - INFO - Finished optimization with guess, [8.88680278].
2024-03-14 22:31:47,690 - INFO - Best fit parameters: [8.88680278].
2024-03-14 22:31:48,013 - INFO - Maximum log composite likelihood: -4695.816173550056.
2024-03-14 22:31:48,013 - INFO - Optimal value of theta: 16229.674163114778.
2024-03-14 22:31:48,015 - INFO - Finished demographic inference.
2024-03-14 22:31:48,015 - INFO - Pipeline executed succesfully.
