2024-03-14 21:50:02,569 - INFO - Beginning execution of fit_demographic_model.py in directory /u/project/kirk/jonmah/sample_size_demography/Scripts

2024-03-14 21:50:02,569 - INFO - Progress is being logged to ../Analysis/ThreeEpochExpansion_400/log.log

2024-03-14 21:50:02,569 - INFO - Parsed the following arguments:
	syn_input_sfs = ../Analysis/ThreeEpochExpansion_400/syn_downsampled_sfs.txt
	mask_singletons = False
	mask_doubletons = False
	outprefix = ../Analysis/ThreeEpochExpansion_400/

2024-03-14 21:50:02,580 - INFO - Beginning demographic inference for one-epoch demographic model.
2024-03-14 21:50:02,581 - INFO - Beginning optimization with guess, [0.0921191].
2024-03-14 21:51:06,197 - INFO - Finished optimization with guess, [0.0921191].
2024-03-14 21:51:06,198 - INFO - Best fit parameters: [0.0921191].
2024-03-14 21:51:07,913 - INFO - Maximum log composite likelihood: -8462.92646434914.
2024-03-14 21:51:07,913 - INFO - Optimal value of theta: 17778.350522095283.
2024-03-14 21:51:07,913 - INFO - Beginning optimization with guess, [0.34378984].
2024-03-14 21:52:02,652 - INFO - Finished optimization with guess, [0.34378984].
2024-03-14 21:52:02,710 - INFO - Best fit parameters: [0.34378984].
2024-03-14 21:52:03,752 - INFO - Maximum log composite likelihood: -8462.92646434914.
2024-03-14 21:52:03,752 - INFO - Optimal value of theta: 17778.350522095283.
2024-03-14 21:52:03,752 - INFO - Beginning optimization with guess, [0.43785965].
2024-03-14 21:52:28,427 - INFO - Finished optimization with guess, [0.43785965].
2024-03-14 21:52:28,428 - INFO - Best fit parameters: [0.43785965].
2024-03-14 21:52:29,247 - INFO - Maximum log composite likelihood: -8462.92646434914.
2024-03-14 21:52:29,247 - INFO - Optimal value of theta: 17778.350522095283.
2024-03-14 21:52:29,248 - INFO - Beginning optimization with guess, [0.71297935].
2024-03-14 21:52:54,169 - INFO - Finished optimization with guess, [0.71297935].
2024-03-14 21:52:54,182 - INFO - Best fit parameters: [0.71297935].
2024-03-14 21:52:56,305 - INFO - Maximum log composite likelihood: -8462.92646434914.
2024-03-14 21:52:56,305 - INFO - Optimal value of theta: 17778.350522095283.
2024-03-14 21:52:56,306 - INFO - Beginning optimization with guess, [0.27630417].
2024-03-14 21:53:57,025 - INFO - Finished optimization with guess, [0.27630417].
2024-03-14 21:53:57,032 - INFO - Best fit parameters: [0.27630417].
2024-03-14 21:53:58,858 - INFO - Maximum log composite likelihood: -8462.92646434914.
2024-03-14 21:53:58,858 - INFO - Optimal value of theta: 17778.350522095283.
2024-03-14 21:53:58,859 - INFO - Beginning optimization with guess, [0.64991].
2024-03-14 21:54:46,437 - INFO - Finished optimization with guess, [0.64991].
2024-03-14 21:54:46,452 - INFO - Best fit parameters: [0.64991].
2024-03-14 21:54:48,396 - INFO - Maximum log composite likelihood: -8462.92646434914.
2024-03-14 21:54:48,397 - INFO - Optimal value of theta: 17778.350522095283.
2024-03-14 21:54:48,397 - INFO - Beginning optimization with guess, [0.4301418].
2024-03-14 21:55:34,437 - INFO - Finished optimization with guess, [0.4301418].
2024-03-14 21:55:34,438 - INFO - Best fit parameters: [0.4301418].
2024-03-14 21:55:35,406 - INFO - Maximum log composite likelihood: -8462.92646434914.
2024-03-14 21:55:35,407 - INFO - Optimal value of theta: 17778.350522095283.
2024-03-14 21:55:35,407 - INFO - Beginning optimization with guess, [0.83473703].
2024-03-14 21:55:54,504 - INFO - Finished optimization with guess, [0.83473703].
2024-03-14 21:55:54,505 - INFO - Best fit parameters: [0.83473703].
2024-03-14 21:55:55,431 - INFO - Maximum log composite likelihood: -8462.92646434914.
2024-03-14 21:55:55,431 - INFO - Optimal value of theta: 17778.350522095283.
2024-03-14 21:55:55,431 - INFO - Beginning optimization with guess, [0.49237481].
2024-03-14 21:56:19,192 - INFO - Finished optimization with guess, [0.49237481].
2024-03-14 21:56:19,193 - INFO - Best fit parameters: [0.49237481].
2024-03-14 21:56:20,071 - INFO - Maximum log composite likelihood: -8462.92646434914.
2024-03-14 21:56:20,071 - INFO - Optimal value of theta: 17778.350522095283.
2024-03-14 21:56:20,071 - INFO - Beginning optimization with guess, [0.87188052].
2024-03-14 21:56:39,241 - INFO - Finished optimization with guess, [0.87188052].
2024-03-14 21:56:39,242 - INFO - Best fit parameters: [0.87188052].
2024-03-14 21:56:40,097 - INFO - Maximum log composite likelihood: -8462.92646434914.
2024-03-14 21:56:40,097 - INFO - Optimal value of theta: 17778.350522095283.
2024-03-14 21:56:40,097 - INFO - Beginning optimization with guess, [0.62636219].
2024-03-14 21:57:01,803 - INFO - Finished optimization with guess, [0.62636219].
2024-03-14 21:57:01,804 - INFO - Best fit parameters: [0.62636219].
2024-03-14 21:57:02,636 - INFO - Maximum log composite likelihood: -8462.92646434914.
2024-03-14 21:57:02,636 - INFO - Optimal value of theta: 17778.350522095283.
2024-03-14 21:57:02,636 - INFO - Beginning optimization with guess, [2.32326959].
2024-03-14 21:57:26,686 - INFO - Finished optimization with guess, [2.32326959].
2024-03-14 21:57:26,687 - INFO - Best fit parameters: [2.32326959].
2024-03-14 21:57:27,516 - INFO - Maximum log composite likelihood: -8462.92646434914.
2024-03-14 21:57:27,516 - INFO - Optimal value of theta: 17778.350522095283.
2024-03-14 21:57:27,516 - INFO - Beginning optimization with guess, [2.34584337].
2024-03-14 21:57:51,546 - INFO - Finished optimization with guess, [2.34584337].
2024-03-14 21:57:51,575 - INFO - Best fit parameters: [2.34584337].
2024-03-14 21:57:52,810 - INFO - Maximum log composite likelihood: -8462.92646434914.
2024-03-14 21:57:52,810 - INFO - Optimal value of theta: 17778.350522095283.
2024-03-14 21:57:52,810 - INFO - Beginning optimization with guess, [3.00592477].
2024-03-14 21:58:20,216 - INFO - Finished optimization with guess, [3.00592477].
2024-03-14 21:58:20,217 - INFO - Best fit parameters: [3.00592477].
2024-03-14 21:58:21,016 - INFO - Maximum log composite likelihood: -8462.92646434914.
2024-03-14 21:58:21,016 - INFO - Optimal value of theta: 17778.350522095283.
2024-03-14 21:58:21,017 - INFO - Beginning optimization with guess, [2.63642143].
2024-03-14 21:58:53,172 - INFO - Finished optimization with guess, [2.63642143].
2024-03-14 21:58:53,180 - INFO - Best fit parameters: [2.63642143].
2024-03-14 21:58:54,859 - INFO - Maximum log composite likelihood: -8462.92646434914.
2024-03-14 21:58:54,859 - INFO - Optimal value of theta: 17778.350522095283.
2024-03-14 21:58:54,859 - INFO - Beginning optimization with guess, [2.18103462].
2024-03-14 21:59:46,026 - INFO - Finished optimization with guess, [2.18103462].
2024-03-14 21:59:46,027 - INFO - Best fit parameters: [2.18103462].
2024-03-14 21:59:47,651 - INFO - Maximum log composite likelihood: -8462.92646434914.
2024-03-14 21:59:47,651 - INFO - Optimal value of theta: 17778.350522095283.
2024-03-14 21:59:47,651 - INFO - Beginning optimization with guess, [3.22696577].
2024-03-14 22:00:45,063 - INFO - Finished optimization with guess, [3.22696577].
2024-03-14 22:00:45,072 - INFO - Best fit parameters: [3.22696577].
2024-03-14 22:00:46,423 - INFO - Maximum log composite likelihood: -8462.92646434914.
2024-03-14 22:00:46,423 - INFO - Optimal value of theta: 17778.350522095283.
2024-03-14 22:00:46,423 - INFO - Beginning optimization with guess, [3.44155308].
2024-03-14 22:01:22,829 - INFO - Finished optimization with guess, [3.44155308].
2024-03-14 22:01:22,830 - INFO - Best fit parameters: [3.44155308].
2024-03-14 22:01:23,621 - INFO - Maximum log composite likelihood: -8462.92646434914.
2024-03-14 22:01:23,621 - INFO - Optimal value of theta: 17778.350522095283.
2024-03-14 22:01:23,621 - INFO - Beginning optimization with guess, [6.17490167].
2024-03-14 22:01:49,250 - INFO - Finished optimization with guess, [6.17490167].
2024-03-14 22:01:49,251 - INFO - Best fit parameters: [6.17490167].
2024-03-14 22:01:50,052 - INFO - Maximum log composite likelihood: -8462.92646434914.
2024-03-14 22:01:50,052 - INFO - Optimal value of theta: 17778.350522095283.
2024-03-14 22:01:50,052 - INFO - Beginning optimization with guess, [5.9885012].
2024-03-14 22:02:47,343 - INFO - Finished optimization with guess, [5.9885012].
2024-03-14 22:02:47,347 - INFO - Best fit parameters: [5.9885012].
2024-03-14 22:02:49,005 - INFO - Maximum log composite likelihood: -8462.92646434914.
2024-03-14 22:02:49,005 - INFO - Optimal value of theta: 17778.350522095283.
2024-03-14 22:02:49,005 - INFO - Beginning optimization with guess, [3.43626004].
2024-03-14 22:03:45,189 - INFO - Finished optimization with guess, [3.43626004].
2024-03-14 22:03:45,190 - INFO - Best fit parameters: [3.43626004].
2024-03-14 22:03:46,644 - INFO - Maximum log composite likelihood: -8462.92646434914.
2024-03-14 22:03:46,644 - INFO - Optimal value of theta: 17778.350522095283.
2024-03-14 22:03:46,644 - INFO - Beginning optimization with guess, [7.80869047].
2024-03-14 22:04:31,134 - INFO - Finished optimization with guess, [7.80869047].
2024-03-14 22:04:31,135 - INFO - Best fit parameters: [7.80869047].
2024-03-14 22:04:32,025 - INFO - Maximum log composite likelihood: -8462.92646434914.
2024-03-14 22:04:32,026 - INFO - Optimal value of theta: 17778.350522095283.
2024-03-14 22:04:32,026 - INFO - Beginning optimization with guess, [11.13504199].
2024-03-14 22:05:00,028 - INFO - Finished optimization with guess, [11.13504199].
2024-03-14 22:05:00,030 - INFO - Best fit parameters: [11.13504199].
2024-03-14 22:05:00,839 - INFO - Maximum log composite likelihood: -8462.92646434914.
2024-03-14 22:05:00,839 - INFO - Optimal value of theta: 17778.350522095283.
2024-03-14 22:05:00,839 - INFO - Beginning optimization with guess, [11.83273439].
2024-03-14 22:05:56,510 - INFO - Finished optimization with guess, [11.83273439].
2024-03-14 22:05:56,532 - INFO - Best fit parameters: [11.83273439].
2024-03-14 22:05:58,353 - INFO - Maximum log composite likelihood: -8462.92646434914.
2024-03-14 22:05:58,353 - INFO - Optimal value of theta: 17778.350522095283.
2024-03-14 22:05:58,353 - INFO - Beginning optimization with guess, [13.66667842].
2024-03-14 22:07:05,566 - INFO - Finished optimization with guess, [13.66667842].
2024-03-14 22:07:05,588 - INFO - Best fit parameters: [13.66667842].
2024-03-14 22:07:07,458 - INFO - Maximum log composite likelihood: -8462.92646434914.
2024-03-14 22:07:07,458 - INFO - Optimal value of theta: 17778.350522095283.
2024-03-14 22:07:07,465 - INFO - Finished demographic inference.
2024-03-14 22:07:07,465 - INFO - Pipeline executed succesfully.
