2025-08-08 19:24:53,127 - INFO - Beginning execution of fit_demographic_model.py in directory /u/project/kirk-bigdata/jonmah/sample_size_demography/Scripts

2025-08-08 19:24:53,128 - INFO - Progress is being logged to ../Analysis/dadi_3EpB_650/log.log

2025-08-08 19:24:53,128 - INFO - Parsed the following arguments:
	syn_input_sfs = ../Simulations/dadi_simulations/ThreeEpochBottleneck_650.sfs
	mask_singletons = False
	mask_doubletons = False
	L_syn = 100000000.0
	outprefix = ../Analysis/dadi_3EpB_650/

2025-08-08 19:24:53,138 - INFO - Beginning demographic inference for two-epoch demographic model.
2025-08-08 19:24:53,139 - INFO - Beginning optimization with guess, [0.01, 0.1].
2025-08-08 19:25:14,129 - INFO - Finished optimization with guess, [0.01, 0.1].
2025-08-08 19:25:14,130 - INFO - Best fit parameters: [0.00510956 0.20980942].
2025-08-08 19:25:16,687 - INFO - Maximum log composite likelihood: -77078.68141760309.
2025-08-08 19:25:16,687 - INFO - Optimal value of theta: 6595892.55089708.
2025-08-08 19:25:16,687 - INFO - Beginning optimization with guess, [0.025, 0.1].
2025-08-08 19:26:10,757 - INFO - Finished optimization with guess, [0.025, 0.1].
2025-08-08 19:26:10,758 - INFO - Best fit parameters: [0.01302087 0.23615925].
2025-08-08 19:26:12,826 - INFO - Maximum log composite likelihood: -77078.69753797163.
2025-08-08 19:26:12,826 - INFO - Optimal value of theta: 2588311.0530808466.
2025-08-08 19:26:12,826 - INFO - Beginning optimization with guess, [0.05, 0.1].
2025-08-08 19:27:03,514 - INFO - Finished optimization with guess, [0.05, 0.1].
2025-08-08 19:27:03,515 - INFO - Best fit parameters: [0.0249429  0.32912784].
2025-08-08 19:27:05,479 - INFO - Maximum log composite likelihood: -77079.8341437317.
2025-08-08 19:27:05,479 - INFO - Optimal value of theta: 1351126.9277091632.
2025-08-08 19:27:05,479 - INFO - Beginning optimization with guess, [0.075, 0.1].
2025-08-08 19:27:55,659 - INFO - Finished optimization with guess, [0.075, 0.1].
2025-08-08 19:27:55,660 - INFO - Best fit parameters: [0.03700291 0.46736565].
2025-08-08 19:27:57,612 - INFO - Maximum log composite likelihood: -77080.02980835811.
2025-08-08 19:27:57,612 - INFO - Optimal value of theta: 910761.9953205076.
2025-08-08 19:27:57,612 - INFO - Beginning optimization with guess, [0.1, 0.1].
2025-08-08 19:31:17,539 - INFO - Finished optimization with guess, [0.1, 0.1].
2025-08-08 19:31:17,540 - INFO - Best fit parameters: [ 0.0407506  11.97814245].
2025-08-08 19:31:25,441 - INFO - Maximum log composite likelihood: -77078.68141648694.
2025-08-08 19:31:25,441 - INFO - Optimal value of theta: 827032.9260312938.
2025-08-08 19:31:25,442 - INFO - Beginning optimization with guess, [0.25, 0.1].
2025-08-08 19:32:11,410 - INFO - Finished optimization with guess, [0.25, 0.1].
2025-08-08 19:32:11,411 - INFO - Best fit parameters: [2.44311572e+01 1.90652436e-02].
2025-08-08 19:32:13,143 - INFO - Maximum log composite likelihood: -14484.354789320343.
2025-08-08 19:32:13,144 - INFO - Optimal value of theta: 19894.73332008747.
2025-08-08 19:32:13,144 - INFO - Beginning optimization with guess, [0.5, 0.1].
2025-08-08 19:33:00,393 - INFO - Finished optimization with guess, [0.5, 0.1].
2025-08-08 19:33:00,394 - INFO - Best fit parameters: [24.89410715  0.0275259 ].
2025-08-08 19:33:02,124 - INFO - Maximum log composite likelihood: -15673.308453427739.
2025-08-08 19:33:02,124 - INFO - Optimal value of theta: 17336.770691890735.
2025-08-08 19:33:02,124 - INFO - Beginning optimization with guess, [0.75, 0.1].
2025-08-08 19:33:48,093 - INFO - Finished optimization with guess, [0.75, 0.1].
2025-08-08 19:33:48,094 - INFO - Best fit parameters: [2.31327027e+01 1.99656842e-02].
2025-08-08 19:33:49,835 - INFO - Maximum log composite likelihood: -14460.151320618188.
2025-08-08 19:33:49,835 - INFO - Optimal value of theta: 19669.183230386763.
2025-08-08 19:33:49,835 - INFO - Beginning optimization with guess, [1, 0.1].
2025-08-08 19:34:36,894 - INFO - Finished optimization with guess, [1, 0.1].
2025-08-08 19:34:36,896 - INFO - Best fit parameters: [2.31399867e+01 1.99600074e-02].
2025-08-08 19:34:38,596 - INFO - Maximum log composite likelihood: -14460.152217381912.
2025-08-08 19:34:38,596 - INFO - Optimal value of theta: 19670.583794951486.
2025-08-08 19:34:38,596 - INFO - Beginning optimization with guess, [1.25, 0.1].
2025-08-08 19:35:24,083 - INFO - Finished optimization with guess, [1.25, 0.1].
2025-08-08 19:35:24,084 - INFO - Best fit parameters: [2.23252546e+01 1.67522141e-02].
2025-08-08 19:35:25,769 - INFO - Maximum log composite likelihood: -14805.733279735503.
2025-08-08 19:35:25,770 - INFO - Optimal value of theta: 20919.712837463936.
2025-08-08 19:35:25,770 - INFO - Beginning optimization with guess, [1.5, 0.1].
2025-08-08 19:36:11,145 - INFO - Finished optimization with guess, [1.5, 0.1].
2025-08-08 19:36:11,147 - INFO - Best fit parameters: [2.21177917e+01 2.17630397e-02].
2025-08-08 19:36:12,831 - INFO - Maximum log composite likelihood: -14531.745642274991.
2025-08-08 19:36:12,831 - INFO - Optimal value of theta: 19162.932431214533.
2025-08-08 19:36:12,831 - INFO - Beginning optimization with guess, [1.75, 0.1].
2025-08-08 19:37:18,855 - INFO - Finished optimization with guess, [1.75, 0.1].
2025-08-08 19:37:18,856 - INFO - Best fit parameters: [2.31429498e+01 1.99695262e-02].
2025-08-08 19:37:20,555 - INFO - Maximum log composite likelihood: -14460.149252205016.
2025-08-08 19:37:20,555 - INFO - Optimal value of theta: 19667.104129321648.
2025-08-08 19:37:20,555 - INFO - Beginning optimization with guess, [2, 0.1].
2025-08-08 19:38:06,130 - INFO - Finished optimization with guess, [2, 0.1].
2025-08-08 19:38:06,132 - INFO - Best fit parameters: [2.31401045e+01 1.99602538e-02].
2025-08-08 19:38:07,831 - INFO - Maximum log composite likelihood: -14460.15206632276.
2025-08-08 19:38:07,832 - INFO - Optimal value of theta: 19670.490640625147.
2025-08-08 19:38:07,832 - INFO - Beginning optimization with guess, [2.25, 0.1].
2025-08-08 19:38:53,404 - INFO - Finished optimization with guess, [2.25, 0.1].
2025-08-08 19:38:53,405 - INFO - Best fit parameters: [2.31399509e+01 1.99602536e-02].
2025-08-08 19:38:55,096 - INFO - Maximum log composite likelihood: -14460.152092573431.
2025-08-08 19:38:55,096 - INFO - Optimal value of theta: 19670.50217903748.
2025-08-08 19:38:55,096 - INFO - Beginning optimization with guess, [2.5, 0.1].
2025-08-08 19:39:40,683 - INFO - Finished optimization with guess, [2.5, 0.1].
2025-08-08 19:39:40,684 - INFO - Best fit parameters: [2.31400242e+01 1.99602363e-02].
2025-08-08 19:39:42,370 - INFO - Maximum log composite likelihood: -14460.152089169034.
2025-08-08 19:39:42,370 - INFO - Optimal value of theta: 19670.50264481389.
2025-08-08 19:39:42,370 - INFO - Beginning optimization with guess, [2.75, 0.1].
2025-08-08 19:40:30,208 - INFO - Finished optimization with guess, [2.75, 0.1].
2025-08-08 19:40:30,209 - INFO - Best fit parameters: [2.31398225e+01 1.99601838e-02].
2025-08-08 19:40:31,899 - INFO - Maximum log composite likelihood: -14460.152151509581.
2025-08-08 19:40:31,899 - INFO - Optimal value of theta: 19670.535626410707.
2025-08-08 19:40:31,899 - INFO - Beginning optimization with guess, [3, 0.1].
2025-08-08 19:42:03,100 - INFO - Finished optimization with guess, [3, 0.1].
2025-08-08 19:42:03,101 - INFO - Best fit parameters: [2.31403141e+01 1.99601984e-02].
2025-08-08 19:42:04,794 - INFO - Maximum log composite likelihood: -14460.15206031071.
2025-08-08 19:42:04,794 - INFO - Optimal value of theta: 19670.493995348657.
2025-08-08 19:42:04,794 - INFO - Beginning optimization with guess, [3.25, 0.1].
2025-08-08 19:42:50,411 - INFO - Finished optimization with guess, [3.25, 0.1].
2025-08-08 19:42:50,412 - INFO - Best fit parameters: [2.31401134e+01 1.99602569e-02].
2025-08-08 19:42:52,099 - INFO - Maximum log composite likelihood: -14460.152063201482.
2025-08-08 19:42:52,100 - INFO - Optimal value of theta: 19670.4889213643.
2025-08-08 19:42:52,100 - INFO - Beginning optimization with guess, [3.5, 0.1].
2025-08-08 19:45:32,302 - INFO - Finished optimization with guess, [3.5, 0.1].
2025-08-08 19:45:32,303 - INFO - Best fit parameters: [2.31409399e+01 1.99604576e-02].
2025-08-08 19:45:33,994 - INFO - Maximum log composite likelihood: -14460.151825942181.
2025-08-08 19:45:33,994 - INFO - Optimal value of theta: 19670.358604257413.
2025-08-08 19:45:33,994 - INFO - Beginning optimization with guess, [3.75, 0.1].
2025-08-08 19:46:19,605 - INFO - Finished optimization with guess, [3.75, 0.1].
2025-08-08 19:46:19,608 - INFO - Best fit parameters: [2.31394234e+01 1.99599500e-02].
2025-08-08 19:46:21,294 - INFO - Maximum log composite likelihood: -14460.15234817671.
2025-08-08 19:46:21,295 - INFO - Optimal value of theta: 19670.645458151477.
2025-08-08 19:46:21,295 - INFO - Beginning optimization with guess, [4, 0.1].
2025-08-08 19:47:39,224 - INFO - Finished optimization with guess, [4, 0.1].
2025-08-08 19:47:39,226 - INFO - Best fit parameters: [2.31402389e+01 1.99603246e-02].
2025-08-08 19:47:40,925 - INFO - Maximum log composite likelihood: -14460.152006853335.
2025-08-08 19:47:40,926 - INFO - Optimal value of theta: 19670.456396808197.
2025-08-08 19:47:40,926 - INFO - Beginning optimization with guess, [4.25, 0.1].
2025-08-08 19:49:22,591 - INFO - Finished optimization with guess, [4.25, 0.1].
2025-08-08 19:49:22,593 - INFO - Best fit parameters: [2.31410215e+01 1.99606607e-02].
2025-08-08 19:49:24,284 - INFO - Maximum log composite likelihood: -14460.151711574328.
2025-08-08 19:49:24,284 - INFO - Optimal value of theta: 19670.282985271708.
2025-08-08 19:49:24,284 - INFO - Beginning optimization with guess, [4.5, 0.1].
2025-08-08 19:52:29,410 - INFO - Finished optimization with guess, [4.5, 0.1].
2025-08-08 19:52:29,412 - INFO - Best fit parameters: [2.31401132e+01 1.99602579e-02].
2025-08-08 19:52:31,104 - INFO - Maximum log composite likelihood: -14460.152062729256.
2025-08-08 19:52:31,104 - INFO - Optimal value of theta: 19670.488604768376.
2025-08-08 19:52:31,104 - INFO - Beginning optimization with guess, [4.75, 0.1].
2025-08-08 19:53:19,135 - INFO - Finished optimization with guess, [4.75, 0.1].
2025-08-08 19:53:19,136 - INFO - Best fit parameters: [2.31401095e+01 1.99602527e-02].
2025-08-08 19:53:20,830 - INFO - Maximum log composite likelihood: -14460.152066103601.
2025-08-08 19:53:20,830 - INFO - Optimal value of theta: 19670.49067588007.
2025-08-08 19:53:20,830 - INFO - Beginning optimization with guess, [5, 0.1].
2025-08-08 19:54:31,755 - INFO - Finished optimization with guess, [5, 0.1].
2025-08-08 19:54:31,755 - INFO - Best fit parameters: [2.31400709e+01 1.99602699e-02].
2025-08-08 19:54:33,446 - INFO - Maximum log composite likelihood: -14460.152063577507.
2025-08-08 19:54:33,446 - INFO - Optimal value of theta: 19670.487643003427.
2025-08-08 19:54:33,450 - INFO - Converting and interpreting Tau estimates.
2025-08-08 19:54:33,451 - INFO - Finished demographic inference.
2025-08-08 19:54:33,451 - INFO - Pipeline executed succesfully.
