2024-02-14 10:38:07,950 - INFO - Beginning execution of fit_demographic_model.py in directory /u/project/kirk/jonmah/sample_size_demography/Scripts

2024-02-14 10:38:07,951 - INFO - Progress is being logged to ../Analysis/ooa_simulated_570/log.log

2024-02-14 10:38:07,951 - INFO - Parsed the following arguments:
	syn_input_sfs = ../Analysis/ooa_simulated_570/syn_downsampled_sfs.txt
	mask_singletons = False
	mask_doubletons = False
	outprefix = ../Analysis/ooa_simulated_570/

2024-02-14 10:38:07,998 - INFO - Beginning demographic inference for three-epoch demographic model.
2024-02-14 10:38:08,000 - INFO - Beginning optimization with guess, [0.00845684 0.0151221  0.0190517  0.00688964].
2024-02-14 10:39:18,762 - INFO - Finished optimization with guess, [0.00845684 0.0151221  0.0190517  0.00688964].
2024-02-14 10:39:18,763 - INFO - Best fit parameters: [0.00969499 0.02357581 0.20971367 0.00044202].
2024-02-14 10:39:20,701 - INFO - Maximum log composite likelihood: -1667.1692151652942.
2024-02-14 10:39:20,701 - INFO - Optimal value of theta: 57717.09504760066.
2024-02-14 10:39:20,701 - INFO - Beginning optimization with guess, [0.0193691  0.02629404 0.01438558 0.00967932].
2024-02-14 10:40:40,586 - INFO - Finished optimization with guess, [0.0193691  0.02629404 0.01438558 0.00967932].
2024-02-14 10:40:40,586 - INFO - Best fit parameters: [0.01012462 0.14948265 0.05284048 0.00038425].
2024-02-14 10:40:42,149 - INFO - Maximum log composite likelihood: -758.2613274561667.
2024-02-14 10:40:42,149 - INFO - Optimal value of theta: 34599.53499171658.
2024-02-14 10:40:42,150 - INFO - Beginning optimization with guess, [0.05784254 0.05774843 0.00611575 0.01085619].
2024-02-14 10:41:42,969 - INFO - Finished optimization with guess, [0.05784254 0.05774843 0.00611575 0.01085619].
2024-02-14 10:41:42,970 - INFO - Best fit parameters: [1.55039803e-06 1.59621754e+08 9.65487970e-10 1.61482179e-02].
2024-02-14 10:41:44,442 - INFO - Maximum log composite likelihood: -802.0629742698064.
2024-02-14 10:41:44,442 - INFO - Optimal value of theta: 466.0181079761058.
2024-02-14 10:41:44,443 - INFO - Beginning optimization with guess, [0.07272031 0.0246772  0.01010853 0.0059048 ].
2024-02-14 10:42:42,764 - INFO - Finished optimization with guess, [0.07272031 0.0246772  0.01010853 0.0059048 ].
2024-02-14 10:42:42,764 - INFO - Best fit parameters: [9.38707125e-07 2.94042421e+12 1.38606837e-09 1.41182558e-02].
2024-02-14 10:42:43,984 - INFO - Maximum log composite likelihood: -841.3768617399846.
2024-02-14 10:42:43,984 - INFO - Optimal value of theta: 498.5098782980766.
2024-02-14 10:42:43,984 - INFO - Beginning optimization with guess, [0.09298572 0.0816726  0.01308758 0.00857396].
2024-02-14 10:43:36,127 - INFO - Finished optimization with guess, [0.09298572 0.0816726  0.01308758 0.00857396].
2024-02-14 10:43:36,128 - INFO - Best fit parameters: [0.00740917 2.80542247 0.00810236 0.00637266].
2024-02-14 10:43:37,349 - INFO - Maximum log composite likelihood: -902.821740170105.
2024-02-14 10:43:37,349 - INFO - Optimal value of theta: 2328.9813883685033.
2024-02-14 10:43:37,349 - INFO - Beginning optimization with guess, [0.88558279 0.46888817 0.00793433 0.00784376].
2024-02-14 10:44:30,099 - INFO - Finished optimization with guess, [0.88558279 0.46888817 0.00793433 0.00784376].
2024-02-14 10:44:30,100 - INFO - Best fit parameters: [5.44854312e-01 8.26150192e+06 8.14525038e-20 4.74596883e-35].
2024-02-14 10:44:31,310 - INFO - Maximum log composite likelihood: -2656.1173853464547.
2024-02-14 10:44:31,310 - INFO - Optimal value of theta: 765.5265732977202.
2024-02-14 10:44:31,311 - INFO - Beginning optimization with guess, [0.59661465 0.99632749 0.01785999 0.00530888].
2024-02-14 10:45:27,050 - INFO - Finished optimization with guess, [0.59661465 0.99632749 0.01785999 0.00530888].
2024-02-14 10:45:27,050 - INFO - Best fit parameters: [4.13863836e-01 9.92884034e-01 7.97957103e+00 7.33111179e-03].
2024-02-14 10:45:28,766 - INFO - Maximum log composite likelihood: -1709.4315280731205.
2024-02-14 10:45:28,766 - INFO - Optimal value of theta: 1530.694721390467.
2024-02-14 10:45:28,767 - INFO - Beginning optimization with guess, [0.76588931 0.58989106 0.01883987 0.00608808].
2024-02-14 10:46:25,585 - INFO - Finished optimization with guess, [0.76588931 0.58989106 0.01883987 0.00608808].
2024-02-14 10:46:25,586 - INFO - Best fit parameters: [4.16823842e-01 1.57622497e+04 3.52115653e-19 5.66592748e-32].
2024-02-14 10:46:26,849 - INFO - Maximum log composite likelihood: -2656.117385346455.
2024-02-14 10:46:26,849 - INFO - Optimal value of theta: 765.5265732977208.
2024-02-14 10:46:26,849 - INFO - Beginning optimization with guess, [0.6705169  1.59715532 0.00749887 0.00798627].
2024-02-14 10:47:19,778 - INFO - Finished optimization with guess, [0.6705169  1.59715532 0.00749887 0.00798627].
2024-02-14 10:47:19,778 - INFO - Best fit parameters: [0.56643671 3.55420671 0.28542565 0.01008098].
2024-02-14 10:47:20,996 - INFO - Maximum log composite likelihood: -1306.1687992488555.
2024-02-14 10:47:20,996 - INFO - Optimal value of theta: 845.6309669842163.
2024-02-14 10:47:20,997 - INFO - Beginning optimization with guess, [1.21537563 0.87875448 0.01914679 0.01757562].
2024-02-14 10:48:14,964 - INFO - Finished optimization with guess, [1.21537563 0.87875448 0.01914679 0.01757562].
2024-02-14 10:48:14,964 - INFO - Best fit parameters: [1.42105309e+00 1.46278022e+00 3.86144789e-02 2.55017070e-06].
2024-02-14 10:48:16,323 - INFO - Maximum log composite likelihood: -2212.8545069527636.
2024-02-14 10:48:16,323 - INFO - Optimal value of theta: 678.2055079515973.
2024-02-14 10:48:16,323 - INFO - Beginning optimization with guess, [2.47894866 2.02176229 0.0156235  0.01877798].
2024-02-14 10:49:12,461 - INFO - Finished optimization with guess, [2.47894866 2.02176229 0.0156235  0.01877798].
2024-02-14 10:49:12,461 - INFO - Best fit parameters: [ 1.19916876 22.06906895  0.09476479  0.04423761].
2024-02-14 10:49:13,672 - INFO - Maximum log composite likelihood: -796.8529876985981.
2024-02-14 10:49:13,672 - INFO - Optimal value of theta: 333.22979360645405.
2024-02-14 10:49:13,672 - INFO - Beginning optimization with guess, [1.64009128 0.87486006 0.01357791 0.01583144].
2024-02-14 10:50:05,479 - INFO - Finished optimization with guess, [1.64009128 0.87486006 0.01357791 0.01583144].
2024-02-14 10:50:05,479 - INFO - Best fit parameters: [2.40965582e+00 1.14080366e+00 3.50645232e-02 3.58125866e-06].
2024-02-14 10:50:06,703 - INFO - Maximum log composite likelihood: -1655.467136432047.
2024-02-14 10:50:06,703 - INFO - Optimal value of theta: 580.9998768771048.
2024-02-14 10:50:06,704 - INFO - Beginning optimization with guess, [1.0348368  1.65926601 0.01016487 0.01653533].
2024-02-14 10:50:59,907 - INFO - Finished optimization with guess, [1.0348368  1.65926601 0.01016487 0.01653533].
2024-02-14 10:50:59,908 - INFO - Best fit parameters: [9.99433228e-01 1.36951815e+01 1.19841714e+02 2.21676497e-02].
2024-02-14 10:51:03,292 - INFO - Maximum log composite likelihood: -832.1767494447951.
2024-02-14 10:51:03,292 - INFO - Optimal value of theta: 471.8362778200826.
2024-02-14 10:51:03,292 - INFO - Beginning optimization with guess, [1.99294467 2.53777803 0.0104745  0.01824402].
2024-02-14 10:51:59,518 - INFO - Finished optimization with guess, [1.99294467 2.53777803 0.0104745  0.01824402].
2024-02-14 10:51:59,519 - INFO - Best fit parameters: [7.29410429e-01 6.33273089e+01 5.66468740e-01 2.05255253e-02].
2024-02-14 10:52:00,742 - INFO - Maximum log composite likelihood: -672.1786235504917.
2024-02-14 10:52:00,743 - INFO - Optimal value of theta: 492.83742629054757.
2024-02-14 10:52:00,743 - INFO - Beginning optimization with guess, [2.2671408  1.23314191 0.01135046 0.01276932].
2024-02-14 10:52:48,399 - INFO - Finished optimization with guess, [2.2671408  1.23314191 0.01135046 0.01276932].
2024-02-14 10:52:48,399 - INFO - Best fit parameters: [3.22508322e+00 1.24794459e+00 4.46598582e-02 5.54361656e-04].
2024-02-14 10:52:49,603 - INFO - Maximum log composite likelihood: -1531.966320535745.
2024-02-14 10:52:49,603 - INFO - Optimal value of theta: 522.4287083493401.
2024-02-14 10:52:49,603 - INFO - Beginning optimization with guess, [2.40455048 2.41604026 0.00628788 0.01803178].
2024-02-14 10:53:46,979 - INFO - Finished optimization with guess, [2.40455048 2.41604026 0.00628788 0.01803178].
2024-02-14 10:53:46,980 - INFO - Best fit parameters: [6.69368998e-01 5.08735858e+01 5.31552482e-01 2.02937316e-02].
2024-02-14 10:53:48,319 - INFO - Maximum log composite likelihood: -656.8893478340693.
2024-02-14 10:53:48,319 - INFO - Optimal value of theta: 516.6833387838724.
2024-02-14 10:53:48,319 - INFO - Beginning optimization with guess, [1.76066676 1.71225861 0.01950345 0.00741166].
2024-02-14 10:54:40,301 - INFO - Finished optimization with guess, [1.76066676 1.71225861 0.01950345 0.00741166].
2024-02-14 10:54:40,302 - INFO - Best fit parameters: [ 3.28258927 11.25329137  0.04567241  0.0326859 ].
2024-02-14 10:54:41,526 - INFO - Maximum log composite likelihood: -988.8076835746397.
2024-02-14 10:54:41,526 - INFO - Optimal value of theta: 354.41114840380254.
2024-02-14 10:54:41,526 - INFO - Beginning optimization with guess, [2.36352571 5.80610296 0.01407579 0.01653327].
2024-02-14 10:55:35,964 - INFO - Finished optimization with guess, [2.36352571 5.80610296 0.01407579 0.01653327].
2024-02-14 10:55:35,964 - INFO - Best fit parameters: [1.48309254e+00 4.78571286e+01 2.20879126e-02 2.58817970e-02].
2024-02-14 10:55:37,155 - INFO - Maximum log composite likelihood: -700.5964522840616.
2024-02-14 10:55:37,155 - INFO - Optimal value of theta: 378.83964916424617.
2024-02-14 10:55:37,156 - INFO - Beginning optimization with guess, [2.68069592 5.6659167  0.01723072 0.0133506 ].
2024-02-14 10:56:28,303 - INFO - Finished optimization with guess, [2.68069592 5.6659167  0.01723072 0.0133506 ].
2024-02-14 10:56:28,304 - INFO - Best fit parameters: [1.59342870e+00 6.58204022e+01 3.45586699e-02 2.20147510e-02].
2024-02-14 10:56:29,514 - INFO - Maximum log composite likelihood: -712.6842671765388.
2024-02-14 10:56:29,514 - INFO - Optimal value of theta: 387.0133495188844.
2024-02-14 10:56:29,515 - INFO - Beginning optimization with guess, [1.91767406 1.94926206 0.0053443  0.010398  ].
2024-02-14 10:57:23,078 - INFO - Finished optimization with guess, [1.91767406 1.94926206 0.0053443  0.010398  ].
2024-02-14 10:57:23,078 - INFO - Best fit parameters: [5.62505293e-01 1.55460501e+01 6.84302656e-03 3.24899735e-02].
2024-02-14 10:57:24,288 - INFO - Maximum log composite likelihood: -762.180374681094.
2024-02-14 10:57:24,288 - INFO - Optimal value of theta: 426.31432252494056.
2024-02-14 10:57:24,289 - INFO - Beginning optimization with guess, [2.11362595 3.41278539 0.01830164 0.00932291].
2024-02-14 10:58:17,547 - INFO - Finished optimization with guess, [2.11362595 3.41278539 0.01830164 0.00932291].
2024-02-14 10:58:17,547 - INFO - Best fit parameters: [1.50350213e+00 4.22563196e+01 1.83552372e-01 3.59289922e-02].
2024-02-14 10:58:18,979 - INFO - Maximum log composite likelihood: -796.7382703316457.
2024-02-14 10:58:18,979 - INFO - Optimal value of theta: 313.15301513111683.
2024-02-14 10:58:18,980 - INFO - Beginning optimization with guess, [6.2638779  6.38206212 0.01339549 0.0129563 ].
2024-02-14 10:59:14,501 - INFO - Finished optimization with guess, [6.2638779  6.38206212 0.01339549 0.0129563 ].
2024-02-14 10:59:14,502 - INFO - Best fit parameters: [1.07624913e+01 5.26509815e+01 1.15219406e-02 1.55232540e-02].
2024-02-14 10:59:15,739 - INFO - Maximum log composite likelihood: -692.8904644964898.
2024-02-14 10:59:15,740 - INFO - Optimal value of theta: 401.97569234111137.
2024-02-14 10:59:15,740 - INFO - Beginning optimization with guess, [6.15667101 4.9114057  0.00668528 0.01816674].
2024-02-14 11:00:08,208 - INFO - Finished optimization with guess, [6.15667101 4.9114057  0.00668528 0.01816674].
2024-02-14 11:00:08,209 - INFO - Best fit parameters: [2.66346453e+00 2.92563253e+01 9.67526367e-03 2.84798925e-02].
2024-02-14 11:00:09,418 - INFO - Maximum log composite likelihood: -714.1567488474658.
2024-02-14 11:00:09,419 - INFO - Optimal value of theta: 374.10904107406344.
2024-02-14 11:00:09,419 - INFO - Beginning optimization with guess, [3.57896611 7.590489   0.01343601 0.01808794].
2024-02-14 11:01:05,559 - INFO - Finished optimization with guess, [3.57896611 7.590489   0.01343601 0.01808794].
2024-02-14 11:01:05,559 - INFO - Best fit parameters: [1.81225148e+00 3.94169872e+01 1.81390776e-03 2.42128087e-02].
2024-02-14 11:01:06,768 - INFO - Maximum log composite likelihood: -694.975347484234.
2024-02-14 11:01:06,769 - INFO - Optimal value of theta: 410.2300972284246.
2024-02-14 11:01:06,769 - INFO - Beginning optimization with guess, [5.5196503  6.83510648 0.01531688 0.00916974].
2024-02-14 11:01:59,363 - INFO - Finished optimization with guess, [5.5196503  6.83510648 0.01531688 0.00916974].
2024-02-14 11:01:59,364 - INFO - Best fit parameters: [2.42509748e+00 4.08643714e+01 6.79482078e-03 2.44760185e-02].
2024-02-14 11:02:00,579 - INFO - Maximum log composite likelihood: -694.2989796846224.
2024-02-14 11:02:00,579 - INFO - Optimal value of theta: 392.6764345575166.
2024-02-14 11:02:00,584 - INFO - Finished demographic inference.
2024-02-14 11:02:00,584 - INFO - Pipeline executed succesfully.
