2024-03-14 22:40:45,268 - INFO - Beginning execution of fit_demographic_model.py in directory /u/project/kirk/jonmah/sample_size_demography/Scripts

2024-03-14 22:40:45,269 - INFO - Progress is being logged to ../Analysis/ThreeEpochBottleneck_550/log.log

2024-03-14 22:40:45,269 - INFO - Parsed the following arguments:
	syn_input_sfs = ../Analysis/ThreeEpochExpansion_550/syn_downsampled_sfs.txt
	mask_singletons = False
	mask_doubletons = False
	outprefix = ../Analysis/ThreeEpochBottleneck_550/

2024-03-14 22:40:45,274 - INFO - Beginning demographic inference for one-epoch demographic model.
2024-03-14 22:40:45,277 - INFO - Beginning optimization with guess, [0.07525815].
2024-03-14 22:42:03,232 - INFO - Finished optimization with guess, [0.07525815].
2024-03-14 22:42:03,234 - INFO - Best fit parameters: [0.07525815].
2024-03-14 22:42:05,454 - INFO - Maximum log composite likelihood: -10336.334239887052.
2024-03-14 22:42:05,454 - INFO - Optimal value of theta: 18420.292074494344.
2024-03-14 22:42:05,455 - INFO - Beginning optimization with guess, [0.24831304].
2024-03-14 22:43:16,510 - INFO - Finished optimization with guess, [0.24831304].
2024-03-14 22:43:16,512 - INFO - Best fit parameters: [0.24831304].
2024-03-14 22:43:18,690 - INFO - Maximum log composite likelihood: -10336.334239887052.
2024-03-14 22:43:18,690 - INFO - Optimal value of theta: 18420.292074494344.
2024-03-14 22:43:18,691 - INFO - Beginning optimization with guess, [0.22838799].
2024-03-14 22:44:29,308 - INFO - Finished optimization with guess, [0.22838799].
2024-03-14 22:44:29,309 - INFO - Best fit parameters: [0.22838799].
2024-03-14 22:44:31,543 - INFO - Maximum log composite likelihood: -10336.334239887052.
2024-03-14 22:44:31,543 - INFO - Optimal value of theta: 18420.292074494344.
2024-03-14 22:44:31,544 - INFO - Beginning optimization with guess, [0.33056824].
2024-03-14 22:45:42,926 - INFO - Finished optimization with guess, [0.33056824].
2024-03-14 22:45:42,927 - INFO - Best fit parameters: [0.33056824].
2024-03-14 22:45:45,117 - INFO - Maximum log composite likelihood: -10336.334239887052.
2024-03-14 22:45:45,117 - INFO - Optimal value of theta: 18420.292074494344.
2024-03-14 22:45:45,117 - INFO - Beginning optimization with guess, [0.43840295].
2024-03-14 22:46:49,120 - INFO - Finished optimization with guess, [0.43840295].
2024-03-14 22:46:49,122 - INFO - Best fit parameters: [0.43840295].
2024-03-14 22:46:51,309 - INFO - Maximum log composite likelihood: -10336.334239887052.
2024-03-14 22:46:51,310 - INFO - Optimal value of theta: 18420.292074494344.
2024-03-14 22:46:51,310 - INFO - Beginning optimization with guess, [0.94997323].
2024-03-14 22:47:29,193 - INFO - Finished optimization with guess, [0.94997323].
2024-03-14 22:47:29,195 - INFO - Best fit parameters: [0.94997323].
2024-03-14 22:47:31,320 - INFO - Maximum log composite likelihood: -10336.334239887052.
2024-03-14 22:47:31,321 - INFO - Optimal value of theta: 18420.292074494344.
2024-03-14 22:47:31,322 - INFO - Beginning optimization with guess, [0.78715663].
2024-03-14 22:48:19,850 - INFO - Finished optimization with guess, [0.78715663].
2024-03-14 22:48:19,851 - INFO - Best fit parameters: [0.78715663].
2024-03-14 22:48:21,950 - INFO - Maximum log composite likelihood: -10336.334239887052.
2024-03-14 22:48:21,951 - INFO - Optimal value of theta: 18420.292074494344.
2024-03-14 22:48:21,951 - INFO - Beginning optimization with guess, [0.4486998].
2024-03-14 22:49:23,210 - INFO - Finished optimization with guess, [0.4486998].
2024-03-14 22:49:23,211 - INFO - Best fit parameters: [0.4486998].
2024-03-14 22:49:25,342 - INFO - Maximum log composite likelihood: -10336.334239887052.
2024-03-14 22:49:25,342 - INFO - Optimal value of theta: 18420.292074494344.
2024-03-14 22:49:25,342 - INFO - Beginning optimization with guess, [0.99841222].
2024-03-14 22:49:29,562 - INFO - Finished optimization with guess, [0.99841222].
2024-03-14 22:49:29,563 - INFO - Best fit parameters: [0.99841222].
2024-03-14 22:49:31,727 - INFO - Maximum log composite likelihood: -10336.334239887052.
2024-03-14 22:49:31,728 - INFO - Optimal value of theta: 18420.292074494344.
2024-03-14 22:49:31,728 - INFO - Beginning optimization with guess, [0.90917322].
2024-03-14 22:50:14,324 - INFO - Finished optimization with guess, [0.90917322].
2024-03-14 22:50:14,325 - INFO - Best fit parameters: [0.90917322].
2024-03-14 22:50:16,438 - INFO - Maximum log composite likelihood: -10336.334239887052.
2024-03-14 22:50:16,438 - INFO - Optimal value of theta: 18420.292074494344.
2024-03-14 22:50:16,439 - INFO - Beginning optimization with guess, [0.62842588].
2024-03-14 22:51:11,462 - INFO - Finished optimization with guess, [0.62842588].
2024-03-14 22:51:11,463 - INFO - Best fit parameters: [0.62842588].
2024-03-14 22:51:13,689 - INFO - Maximum log composite likelihood: -10336.334239887052.
2024-03-14 22:51:13,689 - INFO - Optimal value of theta: 18420.292074494344.
2024-03-14 22:51:13,690 - INFO - Beginning optimization with guess, [1.19301535].
2024-03-14 22:52:02,750 - INFO - Finished optimization with guess, [1.19301535].
2024-03-14 22:52:02,751 - INFO - Best fit parameters: [1.19301535].
2024-03-14 22:52:04,868 - INFO - Maximum log composite likelihood: -10336.334239887052.
2024-03-14 22:52:04,868 - INFO - Optimal value of theta: 18420.292074494344.
2024-03-14 22:52:04,869 - INFO - Beginning optimization with guess, [2.01898901].
2024-03-14 22:53:06,087 - INFO - Finished optimization with guess, [2.01898901].
2024-03-14 22:53:06,089 - INFO - Best fit parameters: [2.01898901].
2024-03-14 22:53:08,199 - INFO - Maximum log composite likelihood: -10336.334239887052.
2024-03-14 22:53:08,199 - INFO - Optimal value of theta: 18420.292074494344.
2024-03-14 22:53:08,200 - INFO - Beginning optimization with guess, [3.54334435].
2024-03-14 22:54:15,780 - INFO - Finished optimization with guess, [3.54334435].
2024-03-14 22:54:15,781 - INFO - Best fit parameters: [3.54334435].
2024-03-14 22:54:17,898 - INFO - Maximum log composite likelihood: -10336.334239887052.
2024-03-14 22:54:17,898 - INFO - Optimal value of theta: 18420.292074494344.
2024-03-14 22:54:17,898 - INFO - Beginning optimization with guess, [1.81924507].
2024-03-14 22:55:19,136 - INFO - Finished optimization with guess, [1.81924507].
2024-03-14 22:55:19,137 - INFO - Best fit parameters: [1.81924507].
2024-03-14 22:55:21,238 - INFO - Maximum log composite likelihood: -10336.334239887052.
2024-03-14 22:55:21,238 - INFO - Optimal value of theta: 18420.292074494344.
2024-03-14 22:55:21,239 - INFO - Beginning optimization with guess, [1.58752875].
2024-03-14 22:56:16,188 - INFO - Finished optimization with guess, [1.58752875].
2024-03-14 22:56:16,189 - INFO - Best fit parameters: [1.58752875].
2024-03-14 22:56:18,289 - INFO - Maximum log composite likelihood: -10336.334239887052.
2024-03-14 22:56:18,289 - INFO - Optimal value of theta: 18420.292074494344.
2024-03-14 22:56:18,290 - INFO - Beginning optimization with guess, [2.72640224].
2024-03-14 22:57:19,405 - INFO - Finished optimization with guess, [2.72640224].
2024-03-14 22:57:19,406 - INFO - Best fit parameters: [2.72640224].
2024-03-14 22:57:21,513 - INFO - Maximum log composite likelihood: -10336.334239887052.
2024-03-14 22:57:21,513 - INFO - Optimal value of theta: 18420.292074494344.
2024-03-14 22:57:21,513 - INFO - Beginning optimization with guess, [2.13736136].
2024-03-14 22:58:24,505 - INFO - Finished optimization with guess, [2.13736136].
2024-03-14 22:58:24,506 - INFO - Best fit parameters: [2.13736136].
2024-03-14 22:58:26,646 - INFO - Maximum log composite likelihood: -10336.334239887052.
2024-03-14 22:58:26,647 - INFO - Optimal value of theta: 18420.292074494344.
2024-03-14 22:58:26,647 - INFO - Beginning optimization with guess, [1.86488662].
2024-03-14 22:59:28,536 - INFO - Finished optimization with guess, [1.86488662].
2024-03-14 22:59:28,537 - INFO - Best fit parameters: [1.86488662].
2024-03-14 22:59:30,721 - INFO - Maximum log composite likelihood: -10336.334239887052.
2024-03-14 22:59:30,721 - INFO - Optimal value of theta: 18420.292074494344.
2024-03-14 22:59:30,721 - INFO - Beginning optimization with guess, [6.47268297].
2024-03-14 23:00:39,210 - INFO - Finished optimization with guess, [6.47268297].
2024-03-14 23:00:39,211 - INFO - Best fit parameters: [6.47268297].
2024-03-14 23:00:41,313 - INFO - Maximum log composite likelihood: -10336.334239887052.
2024-03-14 23:00:41,313 - INFO - Optimal value of theta: 18420.292074494344.
2024-03-14 23:00:41,314 - INFO - Beginning optimization with guess, [5.39880334].
2024-03-14 23:01:50,326 - INFO - Finished optimization with guess, [5.39880334].
2024-03-14 23:01:50,327 - INFO - Best fit parameters: [5.39880334].
2024-03-14 23:01:52,493 - INFO - Maximum log composite likelihood: -10336.334239887052.
2024-03-14 23:01:52,493 - INFO - Optimal value of theta: 18420.292074494344.
2024-03-14 23:01:52,493 - INFO - Beginning optimization with guess, [4.96929673].
2024-03-14 23:03:00,783 - INFO - Finished optimization with guess, [4.96929673].
2024-03-14 23:03:00,795 - INFO - Best fit parameters: [4.96929673].
2024-03-14 23:03:02,922 - INFO - Maximum log composite likelihood: -10336.334239887052.
2024-03-14 23:03:02,922 - INFO - Optimal value of theta: 18420.292074494344.
2024-03-14 23:03:02,923 - INFO - Beginning optimization with guess, [3.36992262].
2024-03-14 23:04:10,860 - INFO - Finished optimization with guess, [3.36992262].
2024-03-14 23:04:10,862 - INFO - Best fit parameters: [3.36992262].
2024-03-14 23:04:12,977 - INFO - Maximum log composite likelihood: -10336.334239887052.
2024-03-14 23:04:12,977 - INFO - Optimal value of theta: 18420.292074494344.
2024-03-14 23:04:12,977 - INFO - Beginning optimization with guess, [5.32941556].
2024-03-14 23:05:21,025 - INFO - Finished optimization with guess, [5.32941556].
2024-03-14 23:05:21,027 - INFO - Best fit parameters: [5.32941556].
2024-03-14 23:05:23,136 - INFO - Maximum log composite likelihood: -10336.334239887052.
2024-03-14 23:05:23,136 - INFO - Optimal value of theta: 18420.292074494344.
2024-03-14 23:05:23,136 - INFO - Beginning optimization with guess, [7.79708793].
2024-03-14 23:06:37,502 - INFO - Finished optimization with guess, [7.79708793].
2024-03-14 23:06:37,504 - INFO - Best fit parameters: [7.79708793].
2024-03-14 23:06:39,642 - INFO - Maximum log composite likelihood: -10336.334239887052.
2024-03-14 23:06:39,642 - INFO - Optimal value of theta: 18420.292074494344.
2024-03-14 23:06:39,651 - INFO - Finished demographic inference.
2024-03-14 23:06:39,651 - INFO - Pipeline executed succesfully.
