2025-08-05 04:49:39,723 - INFO - Beginning execution of fit_demographic_model.py in directory /u/project/kirk-bigdata/jonmah/sample_size_demography/Scripts

2025-08-05 04:49:39,724 - INFO - Progress is being logged to ../Analysis/dadi_3EpB_660/log.log

2025-08-05 04:49:39,724 - INFO - Parsed the following arguments:
	syn_input_sfs = ../Simulations/dadi_simulations/ThreeEpochBottleneck_660.sfs
	mask_singletons = False
	mask_doubletons = False
	L_syn = 100000000.0
	outprefix = ../Analysis/dadi_3EpB_660/

2025-08-05 04:49:39,746 - INFO - Beginning demographic inference for two-epoch demographic model.
2025-08-05 04:49:39,747 - INFO - Beginning optimization with guess, [0.01, 0.1].
2025-08-05 04:56:08,705 - INFO - Finished optimization with guess, [0.01, 0.1].
2025-08-05 04:56:08,707 - INFO - Best fit parameters: [0.00164164 0.26239619].
2025-08-05 04:56:14,704 - INFO - Maximum log composite likelihood: -78146.11992381925.
2025-08-05 04:56:14,704 - INFO - Optimal value of theta: 20618774.39776339.
2025-08-05 04:56:14,704 - INFO - Beginning optimization with guess, [0.025, 0.1].
2025-08-05 05:03:40,145 - INFO - Finished optimization with guess, [0.025, 0.1].
2025-08-05 05:03:40,147 - INFO - Best fit parameters: [0.00328083 0.49054525].
2025-08-05 05:03:45,894 - INFO - Maximum log composite likelihood: -78146.11992403354.
2025-08-05 05:03:45,894 - INFO - Optimal value of theta: 10317077.857620819.
2025-08-05 05:03:45,894 - INFO - Beginning optimization with guess, [0.05, 0.1].
2025-08-05 05:18:10,180 - INFO - Finished optimization with guess, [0.05, 0.1].
2025-08-05 05:18:10,183 - INFO - Best fit parameters: [0.00363781 1.30738022].
2025-08-05 05:18:20,230 - INFO - Maximum log composite likelihood: -78146.11992406125.
2025-08-05 05:18:20,231 - INFO - Optimal value of theta: 9304636.588300448.
2025-08-05 05:18:20,231 - INFO - Beginning optimization with guess, [0.075, 0.1].
2025-08-05 05:22:49,134 - INFO - Finished optimization with guess, [0.075, 0.1].
2025-08-05 05:22:49,135 - INFO - Best fit parameters: [0.01237612 1.03509707].
2025-08-05 05:22:52,837 - INFO - Maximum log composite likelihood: -78146.11992418524.
2025-08-05 05:22:52,837 - INFO - Optimal value of theta: 2734987.306240127.
2025-08-05 05:22:52,837 - INFO - Beginning optimization with guess, [0.1, 0.1].
2025-08-05 05:26:18,035 - INFO - Finished optimization with guess, [0.1, 0.1].
2025-08-05 05:26:18,036 - INFO - Best fit parameters: [0.02246321 0.91712448].
2025-08-05 05:26:20,766 - INFO - Maximum log composite likelihood: -78146.11992404058.
2025-08-05 05:26:20,767 - INFO - Optimal value of theta: 1506843.1405378862.
2025-08-05 05:26:20,767 - INFO - Beginning optimization with guess, [0.25, 0.1].
2025-08-05 05:28:40,499 - INFO - Finished optimization with guess, [0.25, 0.1].
2025-08-05 05:28:40,500 - INFO - Best fit parameters: [2.30014768e+01 2.00282001e-02].
2025-08-05 05:28:42,312 - INFO - Maximum log composite likelihood: -14500.204820289278.
2025-08-05 05:28:42,313 - INFO - Optimal value of theta: 19656.24436018426.
2025-08-05 05:28:42,313 - INFO - Beginning optimization with guess, [0.5, 0.1].
2025-08-05 05:31:20,913 - INFO - Finished optimization with guess, [0.5, 0.1].
2025-08-05 05:31:20,914 - INFO - Best fit parameters: [2.30004133e+01 2.00286250e-02].
2025-08-05 05:31:22,728 - INFO - Maximum log composite likelihood: -14500.204817112775.
2025-08-05 05:31:22,728 - INFO - Optimal value of theta: 19656.180251240792.
2025-08-05 05:31:22,728 - INFO - Beginning optimization with guess, [0.75, 0.1].
2025-08-05 05:34:05,428 - INFO - Finished optimization with guess, [0.75, 0.1].
2025-08-05 05:34:05,430 - INFO - Best fit parameters: [2.30000944e+01 2.00287691e-02].
2025-08-05 05:34:07,246 - INFO - Maximum log composite likelihood: -14500.204819961622.
2025-08-05 05:34:07,246 - INFO - Optimal value of theta: 19656.15532608522.
2025-08-05 05:34:07,246 - INFO - Beginning optimization with guess, [1, 0.1].
2025-08-05 05:37:18,653 - INFO - Finished optimization with guess, [1, 0.1].
2025-08-05 05:37:18,665 - INFO - Best fit parameters: [2.30150657e+01 2.00268450e-02].
2025-08-05 05:37:20,474 - INFO - Maximum log composite likelihood: -14500.206221276261.
2025-08-05 05:37:20,474 - INFO - Optimal value of theta: 19655.669464625622.
2025-08-05 05:37:20,475 - INFO - Beginning optimization with guess, [1.25, 0.1].
2025-08-05 05:40:26,355 - INFO - Finished optimization with guess, [1.25, 0.1].
2025-08-05 05:40:26,356 - INFO - Best fit parameters: [2.30019840e+01 2.00279902e-02].
2025-08-05 05:40:28,168 - INFO - Maximum log composite likelihood: -14500.204828829903.
2025-08-05 05:40:28,168 - INFO - Optimal value of theta: 19656.277410776376.
2025-08-05 05:40:28,168 - INFO - Beginning optimization with guess, [1.5, 0.1].
2025-08-05 05:43:14,895 - INFO - Finished optimization with guess, [1.5, 0.1].
2025-08-05 05:43:14,896 - INFO - Best fit parameters: [2.30013492e+01 2.00288337e-02].
2025-08-05 05:43:16,707 - INFO - Maximum log composite likelihood: -14500.204818962606.
2025-08-05 05:43:16,707 - INFO - Optimal value of theta: 19656.037217727124.
2025-08-05 05:43:16,707 - INFO - Beginning optimization with guess, [1.75, 0.1].
2025-08-05 05:46:11,969 - INFO - Finished optimization with guess, [1.75, 0.1].
2025-08-05 05:46:11,970 - INFO - Best fit parameters: [2.30017082e+01 2.00285973e-02].
2025-08-05 05:46:13,781 - INFO - Maximum log composite likelihood: -14500.204820168792.
2025-08-05 05:46:13,781 - INFO - Optimal value of theta: 19656.090658128596.
2025-08-05 05:46:13,781 - INFO - Beginning optimization with guess, [2, 0.1].
2025-08-05 05:48:53,192 - INFO - Finished optimization with guess, [2, 0.1].
2025-08-05 05:48:53,203 - INFO - Best fit parameters: [2.30001330e+01 2.00283875e-02].
2025-08-05 05:48:55,235 - INFO - Maximum log composite likelihood: -14500.204822508205.
2025-08-05 05:48:55,235 - INFO - Optimal value of theta: 19656.2829942002.
2025-08-05 05:48:55,235 - INFO - Beginning optimization with guess, [2.25, 0.1].
2025-08-05 05:51:34,684 - INFO - Finished optimization with guess, [2.25, 0.1].
2025-08-05 05:51:34,685 - INFO - Best fit parameters: [2.30013786e+01 2.00287933e-02].
2025-08-05 05:51:36,495 - INFO - Maximum log composite likelihood: -14500.204818637578.
2025-08-05 05:51:36,495 - INFO - Optimal value of theta: 19656.048777477357.
2025-08-05 05:51:36,495 - INFO - Beginning optimization with guess, [2.5, 0.1].
2025-08-05 05:54:09,508 - INFO - Finished optimization with guess, [2.5, 0.1].
2025-08-05 05:54:09,518 - INFO - Best fit parameters: [2.30008002e+01 2.00283852e-02].
2025-08-05 05:54:11,331 - INFO - Maximum log composite likelihood: -14500.204816898597.
2025-08-05 05:54:11,331 - INFO - Optimal value of theta: 19656.23273672664.
2025-08-05 05:54:11,331 - INFO - Beginning optimization with guess, [2.75, 0.1].
2025-08-05 05:56:45,724 - INFO - Finished optimization with guess, [2.75, 0.1].
2025-08-05 05:56:45,725 - INFO - Best fit parameters: [2.30007192e+01 2.00290884e-02].
2025-08-05 05:56:47,540 - INFO - Maximum log composite likelihood: -14500.204820928631.
2025-08-05 05:56:47,540 - INFO - Optimal value of theta: 19655.99820169598.
2025-08-05 05:56:47,540 - INFO - Beginning optimization with guess, [3, 0.1].
2025-08-05 05:59:22,279 - INFO - Finished optimization with guess, [3, 0.1].
2025-08-05 05:59:22,280 - INFO - Best fit parameters: [2.30002762e+01 2.00286943e-02].
2025-08-05 05:59:24,091 - INFO - Maximum log composite likelihood: -14500.204818101405.
2025-08-05 05:59:24,091 - INFO - Optimal value of theta: 19656.167019441404.
2025-08-05 05:59:24,091 - INFO - Beginning optimization with guess, [3.25, 0.1].
2025-08-05 06:01:55,445 - INFO - Finished optimization with guess, [3.25, 0.1].
2025-08-05 06:01:55,446 - INFO - Best fit parameters: [2.30010545e+01 2.00290840e-02].
2025-08-05 06:01:57,256 - INFO - Maximum log composite likelihood: -14500.204822015467.
2025-08-05 06:01:57,256 - INFO - Optimal value of theta: 19655.974070846263.
2025-08-05 06:01:57,256 - INFO - Beginning optimization with guess, [3.5, 0.1].
2025-08-05 06:04:22,102 - INFO - Finished optimization with guess, [3.5, 0.1].
2025-08-05 06:04:22,113 - INFO - Best fit parameters: [2.30000544e+01 2.00285146e-02].
2025-08-05 06:04:23,923 - INFO - Maximum log composite likelihood: -14500.204821710084.
2025-08-05 06:04:23,923 - INFO - Optimal value of theta: 19656.24550250244.
2025-08-05 06:04:23,923 - INFO - Beginning optimization with guess, [3.75, 0.1].
2025-08-05 06:06:59,087 - INFO - Finished optimization with guess, [3.75, 0.1].
2025-08-05 06:06:59,088 - INFO - Best fit parameters: [2.30012388e+01 2.00282712e-02].
2025-08-05 06:07:00,897 - INFO - Maximum log composite likelihood: -14500.204818236945.
2025-08-05 06:07:00,897 - INFO - Optimal value of theta: 19656.238227361548.
2025-08-05 06:07:00,897 - INFO - Beginning optimization with guess, [4, 0.1].
2025-08-05 06:09:27,746 - INFO - Finished optimization with guess, [4, 0.1].
2025-08-05 06:09:27,748 - INFO - Best fit parameters: [2.30020546e+01 2.00279690e-02].
2025-08-05 06:09:29,558 - INFO - Maximum log composite likelihood: -14500.204830175482.
2025-08-05 06:09:29,558 - INFO - Optimal value of theta: 19656.27928155917.
2025-08-05 06:09:29,558 - INFO - Beginning optimization with guess, [4.25, 0.1].
2025-08-05 06:11:56,751 - INFO - Finished optimization with guess, [4.25, 0.1].
2025-08-05 06:11:56,752 - INFO - Best fit parameters: [2.30006229e+01 2.00282584e-02].
2025-08-05 06:11:58,561 - INFO - Maximum log composite likelihood: -14500.204819926921.
2025-08-05 06:11:58,561 - INFO - Optimal value of theta: 19656.2897085129.
2025-08-05 06:11:58,561 - INFO - Beginning optimization with guess, [4.5, 0.1].
2025-08-05 06:14:23,502 - INFO - Finished optimization with guess, [4.5, 0.1].
2025-08-05 06:14:23,513 - INFO - Best fit parameters: [2.30018929e+01 2.00288106e-02].
2025-08-05 06:14:25,319 - INFO - Maximum log composite likelihood: -14500.204825433255.
2025-08-05 06:14:25,319 - INFO - Optimal value of theta: 19656.00353249359.
2025-08-05 06:14:25,319 - INFO - Beginning optimization with guess, [4.75, 0.1].
2025-08-05 06:16:48,357 - INFO - Finished optimization with guess, [4.75, 0.1].
2025-08-05 06:16:48,358 - INFO - Best fit parameters: [2.30020094e+01 2.00282601e-02].
2025-08-05 06:16:50,166 - INFO - Maximum log composite likelihood: -14500.204824690183.
2025-08-05 06:16:50,166 - INFO - Optimal value of theta: 19656.183075589634.
2025-08-05 06:16:50,166 - INFO - Beginning optimization with guess, [5, 0.1].
2025-08-05 06:19:15,172 - INFO - Finished optimization with guess, [5, 0.1].
2025-08-05 06:19:15,174 - INFO - Best fit parameters: [2.30009849e+01 2.00281710e-02].
2025-08-05 06:19:16,982 - INFO - Maximum log composite likelihood: -14500.204820100484.
2025-08-05 06:19:16,982 - INFO - Optimal value of theta: 19656.291953045427.
2025-08-05 06:19:16,987 - INFO - Converting and interpreting Tau estimates.
2025-08-05 06:19:16,988 - INFO - Beginning demographic inference for three-epoch demographic model.
2025-08-05 06:19:17,010 - INFO - Beginning optimization with guess, [0.01, 0.01, 0.1, 0.1].
2025-08-05 06:22:54,145 - INFO - Finished optimization with guess, [0.01, 0.01, 0.1, 0.1].
2025-08-05 06:22:54,146 - INFO - Best fit parameters: [0.00450711 0.05787905 0.07545714 0.09014303].
2025-08-05 06:22:56,367 - INFO - Maximum log composite likelihood: -76394.40363405792.
2025-08-05 06:22:56,368 - INFO - Optimal value of theta: 637379.6968988169.
2025-08-05 06:22:56,368 - INFO - Beginning optimization with guess, [0.1, 0.1, 0.1, 0.1].
2025-08-05 06:25:52,446 - INFO - Finished optimization with guess, [0.1, 0.1, 0.1, 0.1].
2025-08-05 06:25:52,447 - INFO - Best fit parameters: [0.04078266 1.43936104 0.10192431 0.00250887].
2025-08-05 06:25:54,311 - INFO - Maximum log composite likelihood: -1814.6401774425638.
2025-08-05 06:25:54,311 - INFO - Optimal value of theta: 220114.95950744167.
2025-08-05 06:25:54,311 - INFO - Beginning optimization with guess, [0.5, 0.5, 0.1, 0.1].
2025-08-05 06:29:00,254 - INFO - Finished optimization with guess, [0.5, 0.5, 0.1, 0.1].
2025-08-05 06:29:00,256 - INFO - Best fit parameters: [0.12651389 7.17643742 0.05865857 0.01504244].
2025-08-05 06:29:02,082 - INFO - Maximum log composite likelihood: -1288.3556294006667.
2025-08-05 06:29:02,082 - INFO - Optimal value of theta: 40919.07564652114.
2025-08-05 06:29:02,082 - INFO - Beginning optimization with guess, [1, 1, 0.1, 0.1].
