2024-03-16 14:13:36,624 - INFO - Beginning execution of fit_demographic_model.py in directory /u/project/kirk/jonmah/sample_size_demography/Scripts

2024-03-16 14:13:36,624 - INFO - Progress is being logged to ../Analysis/ThreeEpochContraction_180/log.log

2024-03-16 14:13:36,624 - INFO - Parsed the following arguments:
	syn_input_sfs = ../Analysis/ThreeEpochContraction_180/syn_downsampled_sfs.txt
	mask_singletons = False
	mask_doubletons = False
	outprefix = ../Analysis/ThreeEpochContraction_180/

2024-03-16 14:13:36,634 - INFO - Beginning demographic inference for one-epoch demographic model.
2024-03-16 14:13:36,635 - INFO - Beginning optimization with guess, [0.13620471].
2024-03-16 14:13:53,327 - INFO - Finished optimization with guess, [0.13620471].
2024-03-16 14:13:53,328 - INFO - Best fit parameters: [0.13620471].
2024-03-16 14:13:53,844 - INFO - Maximum log composite likelihood: -3274.9720234929828.
2024-03-16 14:13:53,845 - INFO - Optimal value of theta: 7858.484439477437.
2024-03-16 14:13:53,845 - INFO - Beginning optimization with guess, [0.15882896].
2024-03-16 14:14:09,890 - INFO - Finished optimization with guess, [0.15882896].
2024-03-16 14:14:09,891 - INFO - Best fit parameters: [0.15882896].
2024-03-16 14:14:10,401 - INFO - Maximum log composite likelihood: -3274.9720234929828.
2024-03-16 14:14:10,401 - INFO - Optimal value of theta: 7858.484439477437.
2024-03-16 14:14:10,401 - INFO - Beginning optimization with guess, [0.19457524].
2024-03-16 14:14:26,052 - INFO - Finished optimization with guess, [0.19457524].
2024-03-16 14:14:26,053 - INFO - Best fit parameters: [0.19457524].
2024-03-16 14:14:26,537 - INFO - Maximum log composite likelihood: -3274.9720234929828.
2024-03-16 14:14:26,537 - INFO - Optimal value of theta: 7858.484439477437.
2024-03-16 14:14:26,537 - INFO - Beginning optimization with guess, [0.48806654].
2024-03-16 14:14:41,380 - INFO - Finished optimization with guess, [0.48806654].
2024-03-16 14:14:41,381 - INFO - Best fit parameters: [0.48806654].
2024-03-16 14:14:41,905 - INFO - Maximum log composite likelihood: -3274.9720234929828.
2024-03-16 14:14:41,906 - INFO - Optimal value of theta: 7858.484439477437.
2024-03-16 14:14:41,906 - INFO - Beginning optimization with guess, [0.38312187].
2024-03-16 14:14:56,573 - INFO - Finished optimization with guess, [0.38312187].
2024-03-16 14:14:56,574 - INFO - Best fit parameters: [0.38312187].
2024-03-16 14:14:57,101 - INFO - Maximum log composite likelihood: -3274.9720234929828.
2024-03-16 14:14:57,101 - INFO - Optimal value of theta: 7858.484439477437.
2024-03-16 14:14:57,101 - INFO - Beginning optimization with guess, [0.65720597].
2024-03-16 14:15:10,310 - INFO - Finished optimization with guess, [0.65720597].
2024-03-16 14:15:10,311 - INFO - Best fit parameters: [0.65720597].
2024-03-16 14:15:10,819 - INFO - Maximum log composite likelihood: -3274.9720234929828.
2024-03-16 14:15:10,819 - INFO - Optimal value of theta: 7858.484439477437.
2024-03-16 14:15:10,819 - INFO - Beginning optimization with guess, [0.50930104].
2024-03-16 14:15:24,601 - INFO - Finished optimization with guess, [0.50930104].
2024-03-16 14:15:24,605 - INFO - Best fit parameters: [0.50930104].
2024-03-16 14:15:25,117 - INFO - Maximum log composite likelihood: -3274.9720234929828.
2024-03-16 14:15:25,117 - INFO - Optimal value of theta: 7858.484439477437.
2024-03-16 14:15:25,118 - INFO - Beginning optimization with guess, [0.72539317].
2024-03-16 14:15:37,693 - INFO - Finished optimization with guess, [0.72539317].
2024-03-16 14:15:37,694 - INFO - Best fit parameters: [0.72539317].
2024-03-16 14:15:38,185 - INFO - Maximum log composite likelihood: -3274.9720234929828.
2024-03-16 14:15:38,185 - INFO - Optimal value of theta: 7858.484439477437.
2024-03-16 14:15:38,185 - INFO - Beginning optimization with guess, [1.48906923].
2024-03-16 14:15:51,516 - INFO - Finished optimization with guess, [1.48906923].
2024-03-16 14:15:51,517 - INFO - Best fit parameters: [1.48906923].
2024-03-16 14:15:52,024 - INFO - Maximum log composite likelihood: -3274.9720234929828.
2024-03-16 14:15:52,024 - INFO - Optimal value of theta: 7858.484439477437.
2024-03-16 14:15:52,024 - INFO - Beginning optimization with guess, [0.71482295].
2024-03-16 14:16:04,811 - INFO - Finished optimization with guess, [0.71482295].
2024-03-16 14:16:04,813 - INFO - Best fit parameters: [0.71482295].
2024-03-16 14:16:05,293 - INFO - Maximum log composite likelihood: -3274.9720234929828.
2024-03-16 14:16:05,293 - INFO - Optimal value of theta: 7858.484439477437.
2024-03-16 14:16:05,293 - INFO - Beginning optimization with guess, [1.18995235].
2024-03-16 14:16:16,235 - INFO - Finished optimization with guess, [1.18995235].
2024-03-16 14:16:16,236 - INFO - Best fit parameters: [1.18995235].
2024-03-16 14:16:16,719 - INFO - Maximum log composite likelihood: -3274.9720234929828.
2024-03-16 14:16:16,719 - INFO - Optimal value of theta: 7858.484439477437.
2024-03-16 14:16:16,719 - INFO - Beginning optimization with guess, [1.08385408].
2024-03-16 14:16:26,023 - INFO - Finished optimization with guess, [1.08385408].
2024-03-16 14:16:26,023 - INFO - Best fit parameters: [1.08385408].
2024-03-16 14:16:26,535 - INFO - Maximum log composite likelihood: -3274.9720234929828.
2024-03-16 14:16:26,536 - INFO - Optimal value of theta: 7858.484439477437.
2024-03-16 14:16:26,536 - INFO - Beginning optimization with guess, [2.20554151].
2024-03-16 14:16:40,826 - INFO - Finished optimization with guess, [2.20554151].
2024-03-16 14:16:40,827 - INFO - Best fit parameters: [2.20554151].
2024-03-16 14:16:41,291 - INFO - Maximum log composite likelihood: -3274.9720234929828.
2024-03-16 14:16:41,291 - INFO - Optimal value of theta: 7858.484439477437.
2024-03-16 14:16:41,291 - INFO - Beginning optimization with guess, [1.06705631].
2024-03-16 14:16:50,741 - INFO - Finished optimization with guess, [1.06705631].
2024-03-16 14:16:50,742 - INFO - Best fit parameters: [1.06705631].
2024-03-16 14:16:51,245 - INFO - Maximum log composite likelihood: -3274.9720234929828.
2024-03-16 14:16:51,245 - INFO - Optimal value of theta: 7858.484439477437.
2024-03-16 14:16:51,245 - INFO - Beginning optimization with guess, [1.46255887].
2024-03-16 14:17:04,056 - INFO - Finished optimization with guess, [1.46255887].
2024-03-16 14:17:04,057 - INFO - Best fit parameters: [1.46255887].
2024-03-16 14:17:04,515 - INFO - Maximum log composite likelihood: -3274.9720234929828.
2024-03-16 14:17:04,516 - INFO - Optimal value of theta: 7858.484439477437.
2024-03-16 14:17:04,516 - INFO - Beginning optimization with guess, [1.7540975].
2024-03-16 14:17:18,545 - INFO - Finished optimization with guess, [1.7540975].
2024-03-16 14:17:18,546 - INFO - Best fit parameters: [1.7540975].
2024-03-16 14:17:19,051 - INFO - Maximum log composite likelihood: -3274.9720234929828.
2024-03-16 14:17:19,051 - INFO - Optimal value of theta: 7858.484439477437.
2024-03-16 14:17:19,051 - INFO - Beginning optimization with guess, [4.62794129].
2024-03-16 14:17:34,263 - INFO - Finished optimization with guess, [4.62794129].
2024-03-16 14:17:34,264 - INFO - Best fit parameters: [4.62794129].
2024-03-16 14:17:34,743 - INFO - Maximum log composite likelihood: -3274.9720234929828.
2024-03-16 14:17:34,743 - INFO - Optimal value of theta: 7858.484439477437.
2024-03-16 14:17:34,743 - INFO - Beginning optimization with guess, [1.71351792].
2024-03-16 14:17:48,922 - INFO - Finished optimization with guess, [1.71351792].
2024-03-16 14:17:48,924 - INFO - Best fit parameters: [1.71351792].
2024-03-16 14:17:49,452 - INFO - Maximum log composite likelihood: -3274.9720234929828.
2024-03-16 14:17:49,452 - INFO - Optimal value of theta: 7858.484439477437.
2024-03-16 14:17:49,453 - INFO - Beginning optimization with guess, [2.0231032].
2024-03-16 14:18:03,538 - INFO - Finished optimization with guess, [2.0231032].
2024-03-16 14:18:03,539 - INFO - Best fit parameters: [2.0231032].
2024-03-16 14:18:04,026 - INFO - Maximum log composite likelihood: -3274.9720234929828.
2024-03-16 14:18:04,027 - INFO - Optimal value of theta: 7858.484439477437.
2024-03-16 14:18:04,027 - INFO - Beginning optimization with guess, [3.40202556].
2024-03-16 14:18:19,226 - INFO - Finished optimization with guess, [3.40202556].
2024-03-16 14:18:19,227 - INFO - Best fit parameters: [3.40202556].
2024-03-16 14:18:19,743 - INFO - Maximum log composite likelihood: -3274.9720234929828.
2024-03-16 14:18:19,743 - INFO - Optimal value of theta: 7858.484439477437.
2024-03-16 14:18:19,743 - INFO - Beginning optimization with guess, [2.22860032].
2024-03-16 14:18:34,034 - INFO - Finished optimization with guess, [2.22860032].
2024-03-16 14:18:34,035 - INFO - Best fit parameters: [2.22860032].
2024-03-16 14:18:34,492 - INFO - Maximum log composite likelihood: -3274.9720234929828.
2024-03-16 14:18:34,493 - INFO - Optimal value of theta: 7858.484439477437.
2024-03-16 14:18:34,493 - INFO - Beginning optimization with guess, [2.89803105].
2024-03-16 14:18:49,972 - INFO - Finished optimization with guess, [2.89803105].
2024-03-16 14:18:49,973 - INFO - Best fit parameters: [2.89803105].
2024-03-16 14:18:50,452 - INFO - Maximum log composite likelihood: -3274.9720234929828.
2024-03-16 14:18:50,452 - INFO - Optimal value of theta: 7858.484439477437.
2024-03-16 14:18:50,453 - INFO - Beginning optimization with guess, [7.50547289].
2024-03-16 14:19:07,008 - INFO - Finished optimization with guess, [7.50547289].
2024-03-16 14:19:07,009 - INFO - Best fit parameters: [7.50547289].
2024-03-16 14:19:07,539 - INFO - Maximum log composite likelihood: -3274.9720234929828.
2024-03-16 14:19:07,539 - INFO - Optimal value of theta: 7858.484439477437.
2024-03-16 14:19:07,539 - INFO - Beginning optimization with guess, [11.67860566].
2024-03-16 14:19:25,636 - INFO - Finished optimization with guess, [11.67860566].
2024-03-16 14:19:25,638 - INFO - Best fit parameters: [11.67860566].
2024-03-16 14:19:26,149 - INFO - Maximum log composite likelihood: -3274.9720234929828.
2024-03-16 14:19:26,149 - INFO - Optimal value of theta: 7858.484439477437.
2024-03-16 14:19:26,149 - INFO - Beginning optimization with guess, [11.61273441].
2024-03-16 14:19:44,072 - INFO - Finished optimization with guess, [11.61273441].
2024-03-16 14:19:44,073 - INFO - Best fit parameters: [11.61273441].
2024-03-16 14:19:44,545 - INFO - Maximum log composite likelihood: -3274.9720234929828.
2024-03-16 14:19:44,545 - INFO - Optimal value of theta: 7858.484439477437.
2024-03-16 14:19:44,548 - INFO - Finished demographic inference.
2024-03-16 14:19:44,548 - INFO - Pipeline executed succesfully.
