2024-01-19 15:18:20,699 - INFO - Beginning execution of fit_demographic_model.py in directory /u/project/kirk/jonmah/sample_size_demography/Scripts

2024-01-19 15:18:20,714 - INFO - Progress is being logged to ../Analysis/1kg_EUR_22/log.log

2024-01-19 15:18:20,715 - INFO - Parsed the following arguments:
	syn_input_sfs = ../Analysis/1kg_EUR_22/syn_downsampled_sfs.txt
	mask_singletons = False
	mask_doubletons = False
	outprefix = ../Analysis/1kg_EUR_22/

2024-01-19 15:18:20,841 - INFO - Beginning demographic inference for one-epoch demographic model.
2024-01-19 15:18:20,888 - INFO - Beginning optimization with guess, [0.14654388].
2024-01-19 15:18:23,304 - INFO - Finished optimization with guess, [0.14654388].
2024-01-19 15:18:23,304 - INFO - Best fit parameters: [0.14654388].
2024-01-19 15:18:23,380 - INFO - Maximum log composite likelihood: -148.1838202576564.
2024-01-19 15:18:23,381 - INFO - Optimal value of theta: 5114.233563565636.
2024-01-19 15:18:23,381 - INFO - Beginning optimization with guess, [0.10194835].
2024-01-19 15:18:25,996 - INFO - Finished optimization with guess, [0.10194835].
2024-01-19 15:18:26,010 - INFO - Best fit parameters: [0.10194835].
2024-01-19 15:18:26,085 - INFO - Maximum log composite likelihood: -148.1838202576564.
2024-01-19 15:18:26,085 - INFO - Optimal value of theta: 5114.233563565636.
2024-01-19 15:18:26,086 - INFO - Beginning optimization with guess, [0.4136781].
2024-01-19 15:18:28,258 - INFO - Finished optimization with guess, [0.4136781].
2024-01-19 15:18:28,258 - INFO - Best fit parameters: [0.4136781].
2024-01-19 15:18:28,333 - INFO - Maximum log composite likelihood: -148.1838202576564.
2024-01-19 15:18:28,333 - INFO - Optimal value of theta: 5114.233563565636.
2024-01-19 15:18:28,333 - INFO - Beginning optimization with guess, [0.20294792].
2024-01-19 15:18:30,724 - INFO - Finished optimization with guess, [0.20294792].
2024-01-19 15:18:30,737 - INFO - Best fit parameters: [0.20294792].
2024-01-19 15:18:30,811 - INFO - Maximum log composite likelihood: -148.1838202576564.
2024-01-19 15:18:30,812 - INFO - Optimal value of theta: 5114.233563565636.
2024-01-19 15:18:30,812 - INFO - Beginning optimization with guess, [0.8794301].
2024-01-19 15:18:32,531 - INFO - Finished optimization with guess, [0.8794301].
2024-01-19 15:18:32,546 - INFO - Best fit parameters: [0.8794301].
2024-01-19 15:18:32,621 - INFO - Maximum log composite likelihood: -148.1838202576564.
2024-01-19 15:18:32,621 - INFO - Optimal value of theta: 5114.233563565636.
2024-01-19 15:18:32,622 - INFO - Beginning optimization with guess, [0.49569913].
2024-01-19 15:18:34,780 - INFO - Finished optimization with guess, [0.49569913].
2024-01-19 15:18:34,791 - INFO - Best fit parameters: [0.49569913].
2024-01-19 15:18:34,870 - INFO - Maximum log composite likelihood: -148.1838202576564.
2024-01-19 15:18:34,870 - INFO - Optimal value of theta: 5114.233563565636.
2024-01-19 15:18:34,870 - INFO - Beginning optimization with guess, [0.83261795].
2024-01-19 15:18:36,592 - INFO - Finished optimization with guess, [0.83261795].
2024-01-19 15:18:36,593 - INFO - Best fit parameters: [0.83261795].
2024-01-19 15:18:36,667 - INFO - Maximum log composite likelihood: -148.1838202576564.
2024-01-19 15:18:36,667 - INFO - Optimal value of theta: 5114.233563565636.
2024-01-19 15:18:36,667 - INFO - Beginning optimization with guess, [0.43147245].
2024-01-19 15:18:38,834 - INFO - Finished optimization with guess, [0.43147245].
2024-01-19 15:18:38,834 - INFO - Best fit parameters: [0.43147245].
2024-01-19 15:18:38,909 - INFO - Maximum log composite likelihood: -148.1838202576564.
2024-01-19 15:18:38,909 - INFO - Optimal value of theta: 5114.233563565636.
2024-01-19 15:18:38,909 - INFO - Beginning optimization with guess, [0.70294427].
2024-01-19 15:18:40,805 - INFO - Finished optimization with guess, [0.70294427].
2024-01-19 15:18:40,820 - INFO - Best fit parameters: [0.70294427].
2024-01-19 15:18:40,890 - INFO - Maximum log composite likelihood: -148.1838202576564.
2024-01-19 15:18:40,890 - INFO - Optimal value of theta: 5114.233563565636.
2024-01-19 15:18:40,891 - INFO - Beginning optimization with guess, [0.7440085].
2024-01-19 15:18:42,713 - INFO - Finished optimization with guess, [0.7440085].
2024-01-19 15:18:42,713 - INFO - Best fit parameters: [0.7440085].
2024-01-19 15:18:42,784 - INFO - Maximum log composite likelihood: -148.1838202576564.
2024-01-19 15:18:42,784 - INFO - Optimal value of theta: 5114.233563565636.
2024-01-19 15:18:42,784 - INFO - Beginning optimization with guess, [1.35731971].
2024-01-19 15:18:44,604 - INFO - Finished optimization with guess, [1.35731971].
2024-01-19 15:18:44,619 - INFO - Best fit parameters: [1.35731971].
2024-01-19 15:18:44,688 - INFO - Maximum log composite likelihood: -148.1838202576564.
2024-01-19 15:18:44,688 - INFO - Optimal value of theta: 5114.233563565636.
2024-01-19 15:18:44,688 - INFO - Beginning optimization with guess, [0.85805724].
2024-01-19 15:18:46,342 - INFO - Finished optimization with guess, [0.85805724].
2024-01-19 15:18:46,342 - INFO - Best fit parameters: [0.85805724].
2024-01-19 15:18:46,417 - INFO - Maximum log composite likelihood: -148.1838202576564.
2024-01-19 15:18:46,417 - INFO - Optimal value of theta: 5114.233563565636.
2024-01-19 15:18:46,417 - INFO - Beginning optimization with guess, [3.16722903].
2024-01-19 15:18:48,787 - INFO - Finished optimization with guess, [3.16722903].
2024-01-19 15:18:48,801 - INFO - Best fit parameters: [3.16722903].
2024-01-19 15:18:48,876 - INFO - Maximum log composite likelihood: -148.1838202576564.
2024-01-19 15:18:48,876 - INFO - Optimal value of theta: 5114.233563565636.
2024-01-19 15:18:48,876 - INFO - Beginning optimization with guess, [1.06669036].
2024-01-19 15:18:50,371 - INFO - Finished optimization with guess, [1.06669036].
2024-01-19 15:18:50,371 - INFO - Best fit parameters: [1.06669036].
2024-01-19 15:18:50,446 - INFO - Maximum log composite likelihood: -148.1838202576564.
2024-01-19 15:18:50,447 - INFO - Optimal value of theta: 5114.233563565636.
2024-01-19 15:18:50,447 - INFO - Beginning optimization with guess, [2.09471457].
2024-01-19 15:18:52,626 - INFO - Finished optimization with guess, [2.09471457].
2024-01-19 15:18:52,640 - INFO - Best fit parameters: [2.09471457].
2024-01-19 15:18:52,717 - INFO - Maximum log composite likelihood: -148.1838202576564.
2024-01-19 15:18:52,717 - INFO - Optimal value of theta: 5114.233563565636.
2024-01-19 15:18:52,718 - INFO - Beginning optimization with guess, [3.80271526].
2024-01-19 15:18:55,095 - INFO - Finished optimization with guess, [3.80271526].
2024-01-19 15:18:55,110 - INFO - Best fit parameters: [3.80271526].
2024-01-19 15:18:55,182 - INFO - Maximum log composite likelihood: -148.1838202576564.
2024-01-19 15:18:55,183 - INFO - Optimal value of theta: 5114.233563565636.
2024-01-19 15:18:55,183 - INFO - Beginning optimization with guess, [1.46334824].
2024-01-19 15:18:57,103 - INFO - Finished optimization with guess, [1.46334824].
2024-01-19 15:18:57,104 - INFO - Best fit parameters: [1.46334824].
2024-01-19 15:18:57,177 - INFO - Maximum log composite likelihood: -148.1838202576564.
2024-01-19 15:18:57,177 - INFO - Optimal value of theta: 5114.233563565636.
2024-01-19 15:18:57,177 - INFO - Beginning optimization with guess, [2.01531819].
2024-01-19 15:18:59,317 - INFO - Finished optimization with guess, [2.01531819].
2024-01-19 15:18:59,333 - INFO - Best fit parameters: [2.01531819].
2024-01-19 15:18:59,408 - INFO - Maximum log composite likelihood: -148.1838202576564.
2024-01-19 15:18:59,408 - INFO - Optimal value of theta: 5114.233563565636.
2024-01-19 15:18:59,408 - INFO - Beginning optimization with guess, [5.99463824].
2024-01-19 15:19:01,843 - INFO - Finished optimization with guess, [5.99463824].
2024-01-19 15:19:01,858 - INFO - Best fit parameters: [5.99463824].
2024-01-19 15:19:01,932 - INFO - Maximum log composite likelihood: -148.1838202576564.
2024-01-19 15:19:01,932 - INFO - Optimal value of theta: 5114.233563565636.
2024-01-19 15:19:01,933 - INFO - Beginning optimization with guess, [3.39593641].
2024-01-19 15:19:04,281 - INFO - Finished optimization with guess, [3.39593641].
2024-01-19 15:19:04,281 - INFO - Best fit parameters: [3.39593641].
2024-01-19 15:19:04,356 - INFO - Maximum log composite likelihood: -148.1838202576564.
2024-01-19 15:19:04,356 - INFO - Optimal value of theta: 5114.233563565636.
2024-01-19 15:19:04,357 - INFO - Beginning optimization with guess, [4.65914699].
2024-01-19 15:19:06,723 - INFO - Finished optimization with guess, [4.65914699].
2024-01-19 15:19:06,737 - INFO - Best fit parameters: [4.65914699].
2024-01-19 15:19:06,812 - INFO - Maximum log composite likelihood: -148.1838202576564.
2024-01-19 15:19:06,812 - INFO - Optimal value of theta: 5114.233563565636.
2024-01-19 15:19:06,812 - INFO - Beginning optimization with guess, [6.28278394].
2024-01-19 15:19:09,184 - INFO - Finished optimization with guess, [6.28278394].
2024-01-19 15:19:09,184 - INFO - Best fit parameters: [6.28278394].
2024-01-19 15:19:09,257 - INFO - Maximum log composite likelihood: -148.1838202576564.
2024-01-19 15:19:09,257 - INFO - Optimal value of theta: 5114.233563565636.
2024-01-19 15:19:09,257 - INFO - Beginning optimization with guess, [4.23870344].
2024-01-19 15:19:11,616 - INFO - Finished optimization with guess, [4.23870344].
2024-01-19 15:19:11,617 - INFO - Best fit parameters: [4.23870344].
2024-01-19 15:19:11,688 - INFO - Maximum log composite likelihood: -148.1838202576564.
2024-01-19 15:19:11,688 - INFO - Optimal value of theta: 5114.233563565636.
2024-01-19 15:19:11,689 - INFO - Beginning optimization with guess, [4.99278933].
2024-01-19 15:19:14,085 - INFO - Finished optimization with guess, [4.99278933].
2024-01-19 15:19:14,111 - INFO - Best fit parameters: [4.99278933].
2024-01-19 15:19:14,184 - INFO - Maximum log composite likelihood: -148.1838202576564.
2024-01-19 15:19:14,184 - INFO - Optimal value of theta: 5114.233563565636.
2024-01-19 15:19:14,184 - INFO - Beginning optimization with guess, [4.61746528].
2024-01-19 15:19:16,562 - INFO - Finished optimization with guess, [4.61746528].
2024-01-19 15:19:16,562 - INFO - Best fit parameters: [4.61746528].
2024-01-19 15:19:16,636 - INFO - Maximum log composite likelihood: -148.1838202576564.
2024-01-19 15:19:16,645 - INFO - Optimal value of theta: 5114.233563565636.
2024-01-19 15:19:16,660 - INFO - Beginning demographic inference for two-epoch demographic model.
2024-01-19 15:19:16,713 - INFO - Beginning optimization with guess, [0.07309157 0.00769511].
2024-01-19 15:19:25,631 - INFO - Finished optimization with guess, [0.07309157 0.00769511].
2024-01-19 15:19:25,648 - INFO - Best fit parameters: [0.48132584 0.66007242].
2024-01-19 15:19:25,778 - INFO - Maximum log composite likelihood: -56.63155400771211.
2024-01-19 15:19:25,794 - INFO - Optimal value of theta: 8809.68724435482.
2024-01-19 15:19:25,795 - INFO - Beginning optimization with guess, [0.37730206 0.00651742].
2024-01-19 15:19:35,398 - INFO - Finished optimization with guess, [0.37730206 0.00651742].
2024-01-19 15:19:35,421 - INFO - Best fit parameters: [0.44501837 0.6746523 ].
2024-01-19 15:19:35,555 - INFO - Maximum log composite likelihood: -56.61842870672899.
2024-01-19 15:19:35,555 - INFO - Optimal value of theta: 9525.855869797819.
2024-01-19 15:19:35,556 - INFO - Beginning optimization with guess, [0.57381256 0.00846231].
2024-01-19 15:19:45,146 - INFO - Finished optimization with guess, [0.57381256 0.00846231].
2024-01-19 15:19:45,159 - INFO - Best fit parameters: [0.49436871 0.65013964].
2024-01-19 15:19:45,284 - INFO - Maximum log composite likelihood: -56.63764996546115.
2024-01-19 15:19:45,284 - INFO - Optimal value of theta: 8571.325059538132.
2024-01-19 15:19:45,285 - INFO - Beginning optimization with guess, [0.27624411 0.01486091].
2024-01-19 15:19:55,111 - INFO - Finished optimization with guess, [0.27624411 0.01486091].
2024-01-19 15:19:55,142 - INFO - Best fit parameters: [0.42563923 0.67871219].
2024-01-19 15:19:55,273 - INFO - Maximum log composite likelihood: -56.614528359044925.
2024-01-19 15:19:55,273 - INFO - Optimal value of theta: 9958.890585417817.
2024-01-19 15:19:55,273 - INFO - Beginning optimization with guess, [0.94655967 0.01424856].
2024-01-19 15:20:04,467 - INFO - Finished optimization with guess, [0.94655967 0.01424856].
2024-01-19 15:20:04,499 - INFO - Best fit parameters: [0.48671491 0.65960293].
2024-01-19 15:20:04,619 - INFO - Maximum log composite likelihood: -56.63889117982262.
2024-01-19 15:20:04,619 - INFO - Optimal value of theta: 8720.225318144794.
2024-01-19 15:20:04,619 - INFO - Beginning optimization with guess, [0.67207006 0.0134997 ].
2024-01-19 15:20:14,276 - INFO - Finished optimization with guess, [0.67207006 0.0134997 ].
2024-01-19 15:20:14,308 - INFO - Best fit parameters: [0.43440981 0.6742917 ].
2024-01-19 15:20:14,445 - INFO - Maximum log composite likelihood: -56.61710807164218.
2024-01-19 15:20:14,445 - INFO - Optimal value of theta: 9746.90390179314.
2024-01-19 15:20:14,446 - INFO - Beginning optimization with guess, [1.01595902 0.00844319].
2024-01-19 15:20:28,088 - INFO - Finished optimization with guess, [1.01595902 0.00844319].
2024-01-19 15:20:28,122 - INFO - Best fit parameters: [0.65578977 0.45843643].
2024-01-19 15:20:28,224 - INFO - Maximum log composite likelihood: -57.638890732040636.
2024-01-19 15:20:28,224 - INFO - Optimal value of theta: 6510.495153445515.
2024-01-19 15:20:28,225 - INFO - Beginning optimization with guess, [0.4096204  0.01846923].
2024-01-19 15:20:38,487 - INFO - Finished optimization with guess, [0.4096204  0.01846923].
2024-01-19 15:20:38,512 - INFO - Best fit parameters: [0.38671253 0.6798037 ].
2024-01-19 15:20:38,655 - INFO - Maximum log composite likelihood: -56.61069315824534.
2024-01-19 15:20:38,655 - INFO - Optimal value of theta: 10964.307798748914.
2024-01-19 15:20:38,655 - INFO - Beginning optimization with guess, [0.98393779 0.01956045].
2024-01-19 15:20:48,728 - INFO - Finished optimization with guess, [0.98393779 0.01956045].
2024-01-19 15:20:48,750 - INFO - Best fit parameters: [0.42425972 0.67992283].
2024-01-19 15:20:48,888 - INFO - Maximum log composite likelihood: -56.615247710977656.
2024-01-19 15:20:48,888 - INFO - Optimal value of theta: 9995.340521509028.
2024-01-19 15:20:48,888 - INFO - Beginning optimization with guess, [1.19856484 0.00594467].
2024-01-19 15:21:05,943 - INFO - Finished optimization with guess, [1.19856484 0.00594467].
2024-01-19 15:21:05,969 - INFO - Best fit parameters: [0.44590962 0.67017332].
2024-01-19 15:21:06,098 - INFO - Maximum log composite likelihood: -56.621383331267225.
2024-01-19 15:21:06,098 - INFO - Optimal value of theta: 9491.3993898603.
2024-01-19 15:21:06,099 - INFO - Beginning optimization with guess, [1.04023775 0.00977843].
2024-01-19 15:21:24,912 - INFO - Finished optimization with guess, [1.04023775 0.00977843].
2024-01-19 15:21:24,935 - INFO - Best fit parameters: [0.56818562 0.59325346].
2024-01-19 15:21:25,049 - INFO - Maximum log composite likelihood: -56.78549441761288.
2024-01-19 15:21:25,049 - INFO - Optimal value of theta: 7490.088789073199.
2024-01-19 15:21:25,049 - INFO - Beginning optimization with guess, [0.90094217 0.01847562].
2024-01-19 15:21:34,806 - INFO - Finished optimization with guess, [0.90094217 0.01847562].
2024-01-19 15:21:34,839 - INFO - Best fit parameters: [0.44583942 0.6772224 ].
2024-01-19 15:21:34,974 - INFO - Maximum log composite likelihood: -56.622960949549.
2024-01-19 15:21:34,974 - INFO - Optimal value of theta: 9518.531829468102.
2024-01-19 15:21:34,974 - INFO - Beginning optimization with guess, [1.42203769 0.01900013].
2024-01-19 15:21:45,668 - INFO - Finished optimization with guess, [1.42203769 0.01900013].
2024-01-19 15:21:45,682 - INFO - Best fit parameters: [0.50848359 0.64133909].
2024-01-19 15:21:45,805 - INFO - Maximum log composite likelihood: -56.64829609008302.
2024-01-19 15:21:45,805 - INFO - Optimal value of theta: 8337.170690337382.
2024-01-19 15:21:45,805 - INFO - Beginning optimization with guess, [1.74860441 0.01304515].
2024-01-19 15:21:56,080 - INFO - Finished optimization with guess, [1.74860441 0.01304515].
2024-01-19 15:21:56,094 - INFO - Best fit parameters: [0.50133397 0.65208374].
2024-01-19 15:21:56,221 - INFO - Maximum log composite likelihood: -56.65371111011791.
2024-01-19 15:21:56,221 - INFO - Optimal value of theta: 8471.67262149217.
2024-01-19 15:21:56,221 - INFO - Beginning optimization with guess, [2.11063715 0.00703475].
2024-01-19 15:22:08,607 - INFO - Finished optimization with guess, [2.11063715 0.00703475].
2024-01-19 15:22:08,630 - INFO - Best fit parameters: [0.43150939 0.67805392].
2024-01-19 15:22:08,767 - INFO - Maximum log composite likelihood: -56.61576181835153.
2024-01-19 15:22:08,767 - INFO - Optimal value of theta: 9824.733779158241.
2024-01-19 15:22:08,768 - INFO - Beginning optimization with guess, [1.42695651 0.00933893].
2024-01-19 15:22:29,878 - INFO - Finished optimization with guess, [1.42695651 0.00933893].
2024-01-19 15:22:29,902 - INFO - Best fit parameters: [0.48460048 0.65611581].
2024-01-19 15:22:30,033 - INFO - Maximum log composite likelihood: -56.63213050433205.
2024-01-19 15:22:30,033 - INFO - Optimal value of theta: 8743.706856576659.
2024-01-19 15:22:30,034 - INFO - Beginning optimization with guess, [3.65189047 0.00522043].
2024-01-19 15:22:42,722 - INFO - Finished optimization with guess, [3.65189047 0.00522043].
2024-01-19 15:22:42,749 - INFO - Best fit parameters: [0.44831843 0.66982205].
2024-01-19 15:22:42,881 - INFO - Maximum log composite likelihood: -56.621224802122924.
2024-01-19 15:22:42,881 - INFO - Optimal value of theta: 9441.861937846586.
2024-01-19 15:22:42,882 - INFO - Beginning optimization with guess, [4.28082918 0.01084281].
2024-01-19 15:22:54,980 - INFO - Finished optimization with guess, [4.28082918 0.01084281].
2024-01-19 15:22:55,003 - INFO - Best fit parameters: [0.41096123 0.67947033].
2024-01-19 15:22:55,143 - INFO - Maximum log composite likelihood: -56.612247455821944.
2024-01-19 15:22:55,143 - INFO - Optimal value of theta: 10311.7160764257.
2024-01-19 15:22:55,144 - INFO - Beginning optimization with guess, [2.93766713 0.01634584].
2024-01-19 15:23:06,369 - INFO - Finished optimization with guess, [2.93766713 0.01634584].
2024-01-19 15:23:06,396 - INFO - Best fit parameters: [0.41387149 0.68145071].
2024-01-19 15:23:06,535 - INFO - Maximum log composite likelihood: -56.614494232047946.
2024-01-19 15:23:06,536 - INFO - Optimal value of theta: 10248.28063053081.
2024-01-19 15:23:06,536 - INFO - Beginning optimization with guess, [6.00377549e+00 5.48029333e-03].
2024-01-19 15:23:18,207 - INFO - Finished optimization with guess, [6.00377549e+00 5.48029333e-03].
2024-01-19 15:23:18,231 - INFO - Best fit parameters: [0.43662268 0.68075919].
2024-01-19 15:23:18,366 - INFO - Maximum log composite likelihood: -56.62431708621307.
2024-01-19 15:23:18,367 - INFO - Optimal value of theta: 9723.96353819115.
2024-01-19 15:23:18,367 - INFO - Beginning optimization with guess, [2.06826219 0.01188607].
2024-01-19 15:23:30,204 - INFO - Finished optimization with guess, [2.06826219 0.01188607].
2024-01-19 15:23:30,219 - INFO - Best fit parameters: [0.46629643 0.66717896].
2024-01-19 15:23:30,371 - INFO - Maximum log composite likelihood: -56.62488750203647.
2024-01-19 15:23:30,371 - INFO - Optimal value of theta: 9092.249913651383.
2024-01-19 15:23:30,372 - INFO - Beginning optimization with guess, [8.9085626  0.01540403].
2024-01-19 15:23:37,828 - INFO - Finished optimization with guess, [8.9085626  0.01540403].
2024-01-19 15:23:37,828 - INFO - Best fit parameters: [0.64069411 0.22672233].
2024-01-19 15:23:37,918 - INFO - Maximum log composite likelihood: -64.50263755529159.
2024-01-19 15:23:37,918 - INFO - Optimal value of theta: 6098.46792422284.
2024-01-19 15:23:37,918 - INFO - Beginning optimization with guess, [6.70556997 0.00970396].
2024-01-19 15:23:50,098 - INFO - Finished optimization with guess, [6.70556997 0.00970396].
2024-01-19 15:23:50,123 - INFO - Best fit parameters: [0.439997  0.6765077].
2024-01-19 15:23:50,256 - INFO - Maximum log composite likelihood: -56.61772207719423.
2024-01-19 15:23:50,256 - INFO - Optimal value of theta: 9636.439753526296.
2024-01-19 15:23:50,256 - INFO - Beginning optimization with guess, [5.70252575 0.0078608 ].
2024-01-19 15:24:00,686 - INFO - Finished optimization with guess, [5.70252575 0.0078608 ].
2024-01-19 15:24:00,706 - INFO - Best fit parameters: [0.56747101 0.57440975].
2024-01-19 15:24:00,823 - INFO - Maximum log composite likelihood: -56.746908850172986.
2024-01-19 15:24:00,823 - INFO - Optimal value of theta: 7454.968898294788.
2024-01-19 15:24:00,823 - INFO - Beginning optimization with guess, [7.87997095e+00 7.29153986e-03].
2024-01-19 15:24:13,126 - INFO - Finished optimization with guess, [7.87997095e+00 7.29153986e-03].
2024-01-19 15:24:13,152 - INFO - Best fit parameters: [0.40420938 0.67998319].
2024-01-19 15:24:13,293 - INFO - Maximum log composite likelihood: -56.61157090675624.
2024-01-19 15:24:13,293 - INFO - Optimal value of theta: 10485.53349655413.
2024-01-19 15:24:13,308 - INFO - Beginning demographic inference for three-epoch demographic model.
2024-01-19 15:24:13,394 - INFO - Beginning optimization with guess, [0.0059657  0.01404686 0.00833612 0.01231197].
2024-01-19 15:24:36,141 - INFO - Finished optimization with guess, [0.0059657  0.01404686 0.00833612 0.01231197].
2024-01-19 15:24:36,157 - INFO - Best fit parameters: [0.00333645 0.03854838 0.01044203 0.01305232].
2024-01-19 15:24:36,368 - INFO - Maximum log composite likelihood: -51.87585998534132.
2024-01-19 15:24:36,368 - INFO - Optimal value of theta: 120920.16672409493.
2024-01-19 15:24:36,368 - INFO - Beginning optimization with guess, [0.03542438 0.02163427 0.00611688 0.011484  ].
2024-01-19 15:24:43,357 - INFO - Finished optimization with guess, [0.03542438 0.02163427 0.00611688 0.011484  ].
2024-01-19 15:24:43,375 - INFO - Best fit parameters: [0.31387408 0.74120322 0.00950404 0.15557719].
2024-01-19 15:24:43,463 - INFO - Maximum log composite likelihood: -65.38922824443443.
2024-01-19 15:24:43,463 - INFO - Optimal value of theta: 5718.854506666306.
2024-01-19 15:24:43,464 - INFO - Beginning optimization with guess, [0.01501934 0.01638715 0.00875628 0.01634452].
2024-01-19 15:25:12,975 - INFO - Finished optimization with guess, [0.01501934 0.01638715 0.00875628 0.01634452].
2024-01-19 15:25:12,996 - INFO - Best fit parameters: [0.00849302 0.00934427 0.00708217 0.04794074].
2024-01-19 15:25:13,322 - INFO - Maximum log composite likelihood: -56.60636596016866.
2024-01-19 15:25:13,322 - INFO - Optimal value of theta: 453508.90529151115.
2024-01-19 15:25:13,323 - INFO - Beginning optimization with guess, [0.04742155 0.04419458 0.00800468 0.00829551].
2024-01-19 15:25:20,280 - INFO - Finished optimization with guess, [0.04742155 0.04419458 0.00800468 0.00829551].
2024-01-19 15:25:20,280 - INFO - Best fit parameters: [1.39266744e-02 2.98440440e+01 1.19750925e-03 2.46961816e-02].
2024-01-19 15:25:20,360 - INFO - Maximum log composite likelihood: -63.95753587852141.
2024-01-19 15:25:20,360 - INFO - Optimal value of theta: 5736.645184677974.
2024-01-19 15:25:20,360 - INFO - Beginning optimization with guess, [0.0292004  0.09012929 0.01549215 0.0135923 ].
2024-01-19 15:25:32,852 - INFO - Finished optimization with guess, [0.0292004  0.09012929 0.01549215 0.0135923 ].
2024-01-19 15:25:32,875 - INFO - Best fit parameters: [0.00633056 0.21658667 0.00847089 0.07657423].
2024-01-19 15:25:33,018 - INFO - Maximum log composite likelihood: -51.88312896343177.
2024-01-19 15:25:33,018 - INFO - Optimal value of theta: 21421.442461531864.
2024-01-19 15:25:33,019 - INFO - Beginning optimization with guess, [0.63704075 0.71930957 0.01085277 0.01751218].
2024-01-19 15:25:41,560 - INFO - Finished optimization with guess, [0.63704075 0.71930957 0.01085277 0.01751218].
2024-01-19 15:25:41,598 - INFO - Best fit parameters: [0.50572207 0.68156639 0.24898372 0.0829492 ].
2024-01-19 15:25:41,700 - INFO - Maximum log composite likelihood: -51.91842505131535.
2024-01-19 15:25:41,700 - INFO - Optimal value of theta: 6811.891887888193.
2024-01-19 15:25:41,700 - INFO - Beginning optimization with guess, [0.42518581 0.60082577 0.00801662 0.00933811].
2024-01-19 15:25:49,229 - INFO - Finished optimization with guess, [0.42518581 0.60082577 0.00801662 0.00933811].
2024-01-19 15:25:49,229 - INFO - Best fit parameters: [0.46284809 0.61707742 0.31014812 0.0891383 ].
2024-01-19 15:25:49,338 - INFO - Maximum log composite likelihood: -52.0360522463161.
2024-01-19 15:25:49,338 - INFO - Optimal value of theta: 7482.851732869146.
2024-01-19 15:25:49,338 - INFO - Beginning optimization with guess, [0.42583856 0.58177074 0.0075972  0.00854513].
2024-01-19 15:25:58,309 - INFO - Finished optimization with guess, [0.42583856 0.58177074 0.0075972  0.00854513].
2024-01-19 15:25:58,335 - INFO - Best fit parameters: [0.26530613 0.62198834 0.00392458 0.47108053].
2024-01-19 15:25:58,442 - INFO - Maximum log composite likelihood: -57.045240432705214.
2024-01-19 15:25:58,443 - INFO - Optimal value of theta: 6798.758232783306.
2024-01-19 15:25:58,443 - INFO - Beginning optimization with guess, [1.44758606 0.86730254 0.01349208 0.00697687].
2024-01-19 15:26:07,444 - INFO - Finished optimization with guess, [1.44758606 0.86730254 0.01349208 0.00697687].
2024-01-19 15:26:07,471 - INFO - Best fit parameters: [3.49118962e-01 4.90487960e-01 6.40211155e-05 6.57347954e-01].
2024-01-19 15:26:07,598 - INFO - Maximum log composite likelihood: -56.641383150845286.
2024-01-19 15:26:07,598 - INFO - Optimal value of theta: 8653.61319209074.
2024-01-19 15:26:07,598 - INFO - Beginning optimization with guess, [0.8064447  0.60892558 0.00786565 0.00562428].
2024-01-19 15:26:18,409 - INFO - Finished optimization with guess, [0.8064447  0.60892558 0.00786565 0.00562428].
2024-01-19 15:26:18,421 - INFO - Best fit parameters: [0.7888297  0.50571496 0.00370358 0.64173619].
2024-01-19 15:26:18,546 - INFO - Maximum log composite likelihood: -56.64570358862875.
2024-01-19 15:26:18,546 - INFO - Optimal value of theta: 8380.834576258289.
2024-01-19 15:26:18,546 - INFO - Beginning optimization with guess, [0.63616994 1.08183083 0.01848456 0.0091624 ].
2024-01-19 15:26:27,538 - INFO - Finished optimization with guess, [0.63616994 1.08183083 0.01848456 0.0091624 ].
2024-01-19 15:26:27,560 - INFO - Best fit parameters: [0.51039929 1.10921604 0.39802244 0.01444605].
2024-01-19 15:26:27,667 - INFO - Maximum log composite likelihood: -50.244399884969425.
2024-01-19 15:26:27,668 - INFO - Optimal value of theta: 7309.321997604551.
2024-01-19 15:26:27,668 - INFO - Beginning optimization with guess, [0.86287356 2.08305556 0.01688836 0.00535119].
2024-01-19 15:26:35,923 - INFO - Finished optimization with guess, [0.86287356 2.08305556 0.01688836 0.00535119].
2024-01-19 15:26:35,952 - INFO - Best fit parameters: [0.67846823 1.96194667 0.27169778 0.00822318].
2024-01-19 15:26:36,039 - INFO - Maximum log composite likelihood: -57.27394751443899.
2024-01-19 15:26:36,039 - INFO - Optimal value of theta: 5940.952424373531.
2024-01-19 15:26:36,039 - INFO - Beginning optimization with guess, [1.84163566 1.67653275 0.00892327 0.00595726].
2024-01-19 15:26:43,251 - INFO - Finished optimization with guess, [1.84163566 1.67653275 0.00892327 0.00595726].
2024-01-19 15:26:43,266 - INFO - Best fit parameters: [4.54645886e+00 6.14986471e-01 1.73023733e-08 5.80879162e-01].
2024-01-19 15:26:43,377 - INFO - Maximum log composite likelihood: -57.749070132434554.
2024-01-19 15:26:43,377 - INFO - Optimal value of theta: 7025.444447664736.
2024-01-19 15:26:43,377 - INFO - Beginning optimization with guess, [2.88831445 1.37236462 0.0082946  0.00642294].
2024-01-19 15:26:50,192 - INFO - Finished optimization with guess, [2.88831445 1.37236462 0.0082946  0.00642294].
2024-01-19 15:26:50,192 - INFO - Best fit parameters: [5.93838669e-01 7.57537206e-01 5.68457248e-09 2.03074020e-01].
2024-01-19 15:26:50,277 - INFO - Maximum log composite likelihood: -69.464424255611.
2024-01-19 15:26:50,278 - INFO - Optimal value of theta: 5642.585003075454.
2024-01-19 15:26:50,278 - INFO - Beginning optimization with guess, [1.38557677 3.5191882  0.00518879 0.0131278 ].
2024-01-19 15:26:57,987 - INFO - Finished optimization with guess, [1.38557677 3.5191882  0.00518879 0.0131278 ].
2024-01-19 15:26:58,000 - INFO - Best fit parameters: [1.28702001e+00 2.53238164e-10 1.30669439e-20 5.98493201e-56].
2024-01-19 15:26:58,078 - INFO - Maximum log composite likelihood: -148.18382025764413.
2024-01-19 15:26:58,078 - INFO - Optimal value of theta: 5114.233563565635.
2024-01-19 15:26:58,078 - INFO - Beginning optimization with guess, [2.1445503  2.14236736 0.01505763 0.01462014].
2024-01-19 15:27:06,975 - INFO - Finished optimization with guess, [2.1445503  2.14236736 0.01505763 0.01462014].
2024-01-19 15:27:06,988 - INFO - Best fit parameters: [3.29575118e-01 5.59687994e-01 2.86007961e-06 5.91582501e-01].
2024-01-19 15:27:07,105 - INFO - Maximum log composite likelihood: -56.72371763085175.
2024-01-19 15:27:07,105 - INFO - Optimal value of theta: 7576.025253657518.
2024-01-19 15:27:07,105 - INFO - Beginning optimization with guess, [2.30678425 2.09857531 0.0108477  0.0123421 ].
2024-01-19 15:27:18,300 - INFO - Finished optimization with guess, [2.30678425 2.09857531 0.0108477  0.0123421 ].
2024-01-19 15:27:18,323 - INFO - Best fit parameters: [4.77566352e+00 5.43936842e-01 5.86611930e-06 6.24329206e-01].
2024-01-19 15:27:18,445 - INFO - Maximum log composite likelihood: -56.75110967953697.
2024-01-19 15:27:18,445 - INFO - Optimal value of theta: 7831.577914639372.
2024-01-19 15:27:18,446 - INFO - Beginning optimization with guess, [2.16438239 2.0941291  0.01465103 0.00784966].
2024-01-19 15:27:25,212 - INFO - Finished optimization with guess, [2.16438239 2.0941291  0.01465103 0.00784966].
2024-01-19 15:27:25,226 - INFO - Best fit parameters: [1.97336663e-01 7.28538653e-01 3.98449917e-09 1.90652406e-01].
2024-01-19 15:27:25,312 - INFO - Maximum log composite likelihood: -66.67144457113227.
2024-01-19 15:27:25,312 - INFO - Optimal value of theta: 5704.136901469589.
2024-01-19 15:27:25,312 - INFO - Beginning optimization with guess, [2.45677589 6.13513485 0.00659148 0.01195485].
2024-01-19 15:27:33,078 - INFO - Finished optimization with guess, [2.45677589 6.13513485 0.00659148 0.01195485].
2024-01-19 15:27:33,079 - INFO - Best fit parameters: [6.08713347e-01 7.84480546e-01 4.87865988e-01 1.53135367e-07].
2024-01-19 15:27:33,187 - INFO - Maximum log composite likelihood: -57.08070718064755.
2024-01-19 15:27:33,187 - INFO - Optimal value of theta: 6897.477770879192.
2024-01-19 15:27:33,188 - INFO - Beginning optimization with guess, [2.46437831 5.39336368 0.00870193 0.00788635].
2024-01-19 15:27:41,383 - INFO - Finished optimization with guess, [2.46437831 5.39336368 0.00870193 0.00788635].
2024-01-19 15:27:41,408 - INFO - Best fit parameters: [5.26488554e-01 6.67110872e-01 2.92191136e-07 4.42168235e-01].
2024-01-19 15:27:41,522 - INFO - Maximum log composite likelihood: -57.967795953960376.
2024-01-19 15:27:41,522 - INFO - Optimal value of theta: 6413.543930612362.
2024-01-19 15:27:41,522 - INFO - Beginning optimization with guess, [2.68972501 2.42444511 0.0103408  0.00887226].
2024-01-19 15:27:51,609 - INFO - Finished optimization with guess, [2.68972501 2.42444511 0.0103408  0.00887226].
2024-01-19 15:27:51,634 - INFO - Best fit parameters: [5.30798645e-01 6.88540810e+00 6.13709638e-01 2.70546324e-05].
2024-01-19 15:27:51,753 - INFO - Maximum log composite likelihood: -56.61423926958014.
2024-01-19 15:27:51,754 - INFO - Optimal value of theta: 7964.017944438969.
2024-01-19 15:27:51,754 - INFO - Beginning optimization with guess, [4.10480238 4.61714705 0.00532505 0.01886071].
2024-01-19 15:27:58,722 - INFO - Finished optimization with guess, [4.10480238 4.61714705 0.00532505 0.01886071].
2024-01-19 15:27:58,722 - INFO - Best fit parameters: [6.47821215e-01 2.38601407e+00 4.12125576e-01 2.00382901e-07].
2024-01-19 15:27:58,824 - INFO - Maximum log composite likelihood: -57.567441925351886.
2024-01-19 15:27:58,824 - INFO - Optimal value of theta: 6477.221094591827.
2024-01-19 15:27:58,824 - INFO - Beginning optimization with guess, [8.27000332 3.49300623 0.01508289 0.01239653].
2024-01-19 15:28:06,469 - INFO - Finished optimization with guess, [8.27000332 3.49300623 0.01508289 0.01239653].
2024-01-19 15:28:06,486 - INFO - Best fit parameters: [0.49280156 4.24605766 0.05497749 0.00817748].
2024-01-19 15:28:06,567 - INFO - Maximum log composite likelihood: -70.39864407700998.
2024-01-19 15:28:06,567 - INFO - Optimal value of theta: 5635.031122186829.
2024-01-19 15:28:06,568 - INFO - Beginning optimization with guess, [4.14883080e+00 1.29094497e+01 5.26091969e-03 8.71377563e-03].
2024-01-19 15:28:13,606 - INFO - Finished optimization with guess, [4.14883080e+00 1.29094497e+01 5.26091969e-03 8.71377563e-03].
2024-01-19 15:28:13,606 - INFO - Best fit parameters: [7.47205334e-01 1.55051855e+01 4.17961368e-01 9.56463516e-06].
2024-01-19 15:28:13,705 - INFO - Maximum log composite likelihood: -65.51698148801916.
2024-01-19 15:28:13,705 - INFO - Optimal value of theta: 5963.2434655023735.
2024-01-19 15:28:13,705 - INFO - Beginning optimization with guess, [1.48440311e+01 4.12467766e+00 1.34244376e-02 1.14321033e-02].
2024-01-19 15:28:20,802 - INFO - Finished optimization with guess, [1.48440311e+01 4.12467766e+00 1.34244376e-02 1.14321033e-02].
2024-01-19 15:28:20,816 - INFO - Best fit parameters: [5.00732952e-05 2.99617487e-01 8.89530056e-07 6.66952953e-10].
2024-01-19 15:28:20,891 - INFO - Maximum log composite likelihood: -108.85137030117721.
2024-01-19 15:28:20,891 - INFO - Optimal value of theta: 5374.483020018854.
2024-01-19 15:28:20,906 - INFO - Finished demographic inference.
2024-01-19 15:28:20,906 - INFO - Pipeline executed succesfully.
