2024-03-16 14:23:20,772 - INFO - Beginning execution of fit_demographic_model.py in directory /u/project/kirk/jonmah/sample_size_demography/Scripts

2024-03-16 14:23:20,772 - INFO - Progress is being logged to ../Analysis/ThreeEpochContraction_480/log.log

2024-03-16 14:23:20,772 - INFO - Parsed the following arguments:
	syn_input_sfs = ../Analysis/ThreeEpochContraction_480/syn_downsampled_sfs.txt
	mask_singletons = False
	mask_doubletons = False
	outprefix = ../Analysis/ThreeEpochContraction_480/

2024-03-16 14:23:20,798 - INFO - Beginning demographic inference for one-epoch demographic model.
2024-03-16 14:23:20,799 - INFO - Beginning optimization with guess, [0.068806].
2024-03-16 14:24:03,852 - INFO - Finished optimization with guess, [0.068806].
2024-03-16 14:24:03,853 - INFO - Best fit parameters: [0.068806].
2024-03-16 14:24:05,083 - INFO - Maximum log composite likelihood: -5031.85415301736.
2024-03-16 14:24:05,083 - INFO - Optimal value of theta: 7267.139116596717.
2024-03-16 14:24:05,083 - INFO - Beginning optimization with guess, [0.10448685].
2024-03-16 14:24:47,948 - INFO - Finished optimization with guess, [0.10448685].
2024-03-16 14:24:47,949 - INFO - Best fit parameters: [0.10448685].
2024-03-16 14:24:49,173 - INFO - Maximum log composite likelihood: -5031.85415301736.
2024-03-16 14:24:49,173 - INFO - Optimal value of theta: 7267.139116596717.
2024-03-16 14:24:49,174 - INFO - Beginning optimization with guess, [0.17508442].
2024-03-16 14:25:28,333 - INFO - Finished optimization with guess, [0.17508442].
2024-03-16 14:25:28,334 - INFO - Best fit parameters: [0.17508442].
2024-03-16 14:25:29,557 - INFO - Maximum log composite likelihood: -5031.85415301736.
2024-03-16 14:25:29,557 - INFO - Optimal value of theta: 7267.139116596717.
2024-03-16 14:25:29,557 - INFO - Beginning optimization with guess, [0.2592106].
2024-03-16 14:26:08,724 - INFO - Finished optimization with guess, [0.2592106].
2024-03-16 14:26:08,726 - INFO - Best fit parameters: [0.2592106].
2024-03-16 14:26:09,948 - INFO - Maximum log composite likelihood: -5031.85415301736.
2024-03-16 14:26:09,949 - INFO - Optimal value of theta: 7267.139116596717.
2024-03-16 14:26:09,949 - INFO - Beginning optimization with guess, [0.4758535].
2024-03-16 14:26:45,438 - INFO - Finished optimization with guess, [0.4758535].
2024-03-16 14:26:45,438 - INFO - Best fit parameters: [0.4758535].
2024-03-16 14:26:46,660 - INFO - Maximum log composite likelihood: -5031.85415301736.
2024-03-16 14:26:46,661 - INFO - Optimal value of theta: 7267.139116596717.
2024-03-16 14:26:46,661 - INFO - Beginning optimization with guess, [0.4610539].
2024-03-16 14:27:22,144 - INFO - Finished optimization with guess, [0.4610539].
2024-03-16 14:27:22,146 - INFO - Best fit parameters: [0.4610539].
2024-03-16 14:27:23,369 - INFO - Maximum log composite likelihood: -5031.85415301736.
2024-03-16 14:27:23,369 - INFO - Optimal value of theta: 7267.139116596717.
2024-03-16 14:27:23,370 - INFO - Beginning optimization with guess, [0.49434473].
2024-03-16 14:27:58,868 - INFO - Finished optimization with guess, [0.49434473].
2024-03-16 14:27:58,869 - INFO - Best fit parameters: [0.49434473].
2024-03-16 14:28:00,092 - INFO - Maximum log composite likelihood: -5031.85415301736.
2024-03-16 14:28:00,092 - INFO - Optimal value of theta: 7267.139116596717.
2024-03-16 14:28:00,093 - INFO - Beginning optimization with guess, [0.84067629].
2024-03-16 14:28:28,237 - INFO - Finished optimization with guess, [0.84067629].
2024-03-16 14:28:28,238 - INFO - Best fit parameters: [0.84067629].
2024-03-16 14:28:29,461 - INFO - Maximum log composite likelihood: -5031.85415301736.
2024-03-16 14:28:29,461 - INFO - Optimal value of theta: 7267.139116596717.
2024-03-16 14:28:29,461 - INFO - Beginning optimization with guess, [1.68162231].
2024-03-16 14:29:04,965 - INFO - Finished optimization with guess, [1.68162231].
2024-03-16 14:29:04,966 - INFO - Best fit parameters: [1.68162231].
2024-03-16 14:29:06,189 - INFO - Maximum log composite likelihood: -5031.85415301736.
2024-03-16 14:29:06,189 - INFO - Optimal value of theta: 7267.139116596717.
2024-03-16 14:29:06,190 - INFO - Beginning optimization with guess, [0.88178483].
2024-03-16 14:29:30,678 - INFO - Finished optimization with guess, [0.88178483].
2024-03-16 14:29:30,679 - INFO - Best fit parameters: [0.88178483].
2024-03-16 14:29:31,902 - INFO - Maximum log composite likelihood: -5031.85415301736.
2024-03-16 14:29:31,902 - INFO - Optimal value of theta: 7267.139116596717.
2024-03-16 14:29:31,903 - INFO - Beginning optimization with guess, [1.83753638].
2024-03-16 14:30:07,411 - INFO - Finished optimization with guess, [1.83753638].
2024-03-16 14:30:07,412 - INFO - Best fit parameters: [1.83753638].
2024-03-16 14:30:08,636 - INFO - Maximum log composite likelihood: -5031.85415301736.
2024-03-16 14:30:08,636 - INFO - Optimal value of theta: 7267.139116596717.
2024-03-16 14:30:08,636 - INFO - Beginning optimization with guess, [2.20760449].
2024-03-16 14:30:44,138 - INFO - Finished optimization with guess, [2.20760449].
2024-03-16 14:30:44,139 - INFO - Best fit parameters: [2.20760449].
2024-03-16 14:30:45,362 - INFO - Maximum log composite likelihood: -5031.85415301736.
2024-03-16 14:30:45,362 - INFO - Optimal value of theta: 7267.139116596717.
2024-03-16 14:30:45,363 - INFO - Beginning optimization with guess, [1.79468962].
2024-03-16 14:31:20,864 - INFO - Finished optimization with guess, [1.79468962].
2024-03-16 14:31:20,865 - INFO - Best fit parameters: [1.79468962].
2024-03-16 14:31:22,089 - INFO - Maximum log composite likelihood: -5031.85415301736.
2024-03-16 14:31:22,089 - INFO - Optimal value of theta: 7267.139116596717.
2024-03-16 14:31:22,089 - INFO - Beginning optimization with guess, [2.82562568].
2024-03-16 14:32:01,283 - INFO - Finished optimization with guess, [2.82562568].
2024-03-16 14:32:01,284 - INFO - Best fit parameters: [2.82562568].
2024-03-16 14:32:02,512 - INFO - Maximum log composite likelihood: -5031.85415301736.
2024-03-16 14:32:02,512 - INFO - Optimal value of theta: 7267.139116596717.
2024-03-16 14:32:02,512 - INFO - Beginning optimization with guess, [1.41095042].
2024-03-16 14:32:34,337 - INFO - Finished optimization with guess, [1.41095042].
2024-03-16 14:32:34,338 - INFO - Best fit parameters: [1.41095042].
2024-03-16 14:32:35,568 - INFO - Maximum log composite likelihood: -5031.85415301736.
2024-03-16 14:32:35,568 - INFO - Optimal value of theta: 7267.139116596717.
2024-03-16 14:32:35,569 - INFO - Beginning optimization with guess, [3.9890347].
2024-03-16 14:33:14,753 - INFO - Finished optimization with guess, [3.9890347].
2024-03-16 14:33:14,754 - INFO - Best fit parameters: [3.9890347].
2024-03-16 14:33:15,977 - INFO - Maximum log composite likelihood: -5031.85415301736.
2024-03-16 14:33:15,977 - INFO - Optimal value of theta: 7267.139116596717.
2024-03-16 14:33:15,977 - INFO - Beginning optimization with guess, [5.23206087].
2024-03-16 14:33:55,144 - INFO - Finished optimization with guess, [5.23206087].
2024-03-16 14:33:55,146 - INFO - Best fit parameters: [5.23206087].
2024-03-16 14:33:56,368 - INFO - Maximum log composite likelihood: -5031.85415301736.
2024-03-16 14:33:56,369 - INFO - Optimal value of theta: 7267.139116596717.
2024-03-16 14:33:56,369 - INFO - Beginning optimization with guess, [1.91522484].
2024-03-16 14:34:31,886 - INFO - Finished optimization with guess, [1.91522484].
2024-03-16 14:34:31,888 - INFO - Best fit parameters: [1.91522484].
2024-03-16 14:34:33,110 - INFO - Maximum log composite likelihood: -5031.85415301736.
2024-03-16 14:34:33,111 - INFO - Optimal value of theta: 7267.139116596717.
2024-03-16 14:34:33,111 - INFO - Beginning optimization with guess, [2.3843808].
2024-03-16 14:35:08,606 - INFO - Finished optimization with guess, [2.3843808].
2024-03-16 14:35:08,607 - INFO - Best fit parameters: [2.3843808].
2024-03-16 14:35:09,831 - INFO - Maximum log composite likelihood: -5031.85415301736.
2024-03-16 14:35:09,831 - INFO - Optimal value of theta: 7267.139116596717.
2024-03-16 14:35:09,831 - INFO - Beginning optimization with guess, [5.4309842].
2024-03-16 14:35:48,996 - INFO - Finished optimization with guess, [5.4309842].
2024-03-16 14:35:48,997 - INFO - Best fit parameters: [5.4309842].
2024-03-16 14:35:50,220 - INFO - Maximum log composite likelihood: -5031.85415301736.
2024-03-16 14:35:50,220 - INFO - Optimal value of theta: 7267.139116596717.
2024-03-16 14:35:50,221 - INFO - Beginning optimization with guess, [2.14089857].
2024-03-16 14:36:25,714 - INFO - Finished optimization with guess, [2.14089857].
2024-03-16 14:36:25,715 - INFO - Best fit parameters: [2.14089857].
2024-03-16 14:36:26,937 - INFO - Maximum log composite likelihood: -5031.85415301736.
2024-03-16 14:36:26,938 - INFO - Optimal value of theta: 7267.139116596717.
2024-03-16 14:36:26,938 - INFO - Beginning optimization with guess, [4.38642338].
2024-03-16 14:37:06,120 - INFO - Finished optimization with guess, [4.38642338].
2024-03-16 14:37:06,121 - INFO - Best fit parameters: [4.38642338].
2024-03-16 14:37:07,344 - INFO - Maximum log composite likelihood: -5031.85415301736.
2024-03-16 14:37:07,345 - INFO - Optimal value of theta: 7267.139116596717.
2024-03-16 14:37:07,345 - INFO - Beginning optimization with guess, [5.13272094].
2024-03-16 14:37:46,556 - INFO - Finished optimization with guess, [5.13272094].
2024-03-16 14:37:46,557 - INFO - Best fit parameters: [5.13272094].
2024-03-16 14:37:47,781 - INFO - Maximum log composite likelihood: -5031.85415301736.
2024-03-16 14:37:47,781 - INFO - Optimal value of theta: 7267.139116596717.
2024-03-16 14:37:47,782 - INFO - Beginning optimization with guess, [3.53638911].
2024-03-16 14:38:27,007 - INFO - Finished optimization with guess, [3.53638911].
2024-03-16 14:38:27,008 - INFO - Best fit parameters: [3.53638911].
2024-03-16 14:38:28,229 - INFO - Maximum log composite likelihood: -5031.85415301736.
2024-03-16 14:38:28,230 - INFO - Optimal value of theta: 7267.139116596717.
2024-03-16 14:38:28,230 - INFO - Beginning optimization with guess, [5.04453465].
2024-03-16 14:39:07,440 - INFO - Finished optimization with guess, [5.04453465].
2024-03-16 14:39:07,441 - INFO - Best fit parameters: [5.04453465].
2024-03-16 14:39:08,667 - INFO - Maximum log composite likelihood: -5031.85415301736.
2024-03-16 14:39:08,667 - INFO - Optimal value of theta: 7267.139116596717.
2024-03-16 14:39:08,672 - INFO - Finished demographic inference.
2024-03-16 14:39:08,672 - INFO - Pipeline executed succesfully.
