2023-12-13 13:24:58,383 - INFO - Beginning execution of fit_demographic_model.py in directory /u/project/klohmuel/jonmah/sample_size_demography/Scripts

2023-12-13 13:24:58,383 - INFO - Progress is being logged to ../Analysis/p_copri_core_5/log.log

2023-12-13 13:24:58,383 - INFO - Parsed the following arguments:
	syn_input_sfs = ../Analysis/p_copri_core_5/syn_downsampled_sfs.txt
	mask_singletons = False
	mask_doubletons = False
	outprefix = ../Analysis/p_copri_core_5/

2023-12-13 13:24:58,386 - INFO - Beginning demographic inference for one-epoch demographic model.
2023-12-13 13:24:58,389 - INFO - Beginning optimization with guess, [0.15059214].
2023-12-13 13:24:58,665 - INFO - Finished optimization with guess, [0.15059214].
2023-12-13 13:24:58,665 - INFO - Best fit parameters: [0.15059214].
2023-12-13 13:24:58,674 - INFO - Maximum log composite likelihood: -215.55552015609283.
2023-12-13 13:24:58,674 - INFO - Optimal value of theta: 11113.327559764992.
2023-12-13 13:24:58,674 - INFO - Beginning optimization with guess, [0.17433587].
2023-12-13 13:24:58,949 - INFO - Finished optimization with guess, [0.17433587].
2023-12-13 13:24:58,950 - INFO - Best fit parameters: [0.17433587].
2023-12-13 13:24:58,958 - INFO - Maximum log composite likelihood: -215.55552015609283.
2023-12-13 13:24:58,958 - INFO - Optimal value of theta: 11113.327559764992.
2023-12-13 13:24:58,958 - INFO - Beginning optimization with guess, [0.26719879].
2023-12-13 13:24:59,235 - INFO - Finished optimization with guess, [0.26719879].
2023-12-13 13:24:59,236 - INFO - Best fit parameters: [0.26719879].
2023-12-13 13:24:59,245 - INFO - Maximum log composite likelihood: -215.55552015609283.
2023-12-13 13:24:59,245 - INFO - Optimal value of theta: 11113.327559764992.
2023-12-13 13:24:59,245 - INFO - Beginning optimization with guess, [0.2659663].
2023-12-13 13:24:59,519 - INFO - Finished optimization with guess, [0.2659663].
2023-12-13 13:24:59,520 - INFO - Best fit parameters: [0.2659663].
2023-12-13 13:24:59,528 - INFO - Maximum log composite likelihood: -215.55552015609283.
2023-12-13 13:24:59,528 - INFO - Optimal value of theta: 11113.327559764992.
2023-12-13 13:24:59,528 - INFO - Beginning optimization with guess, [0.49910007].
2023-12-13 13:24:59,777 - INFO - Finished optimization with guess, [0.49910007].
2023-12-13 13:24:59,777 - INFO - Best fit parameters: [0.49910007].
2023-12-13 13:24:59,785 - INFO - Maximum log composite likelihood: -215.55552015609283.
2023-12-13 13:24:59,786 - INFO - Optimal value of theta: 11113.327559764992.
2023-12-13 13:24:59,786 - INFO - Beginning optimization with guess, [0.35368051].
2023-12-13 13:25:00,060 - INFO - Finished optimization with guess, [0.35368051].
2023-12-13 13:25:00,060 - INFO - Best fit parameters: [0.35368051].
2023-12-13 13:25:00,069 - INFO - Maximum log composite likelihood: -215.55552015609283.
2023-12-13 13:25:00,069 - INFO - Optimal value of theta: 11113.327559764992.
2023-12-13 13:25:00,069 - INFO - Beginning optimization with guess, [0.40068458].
2023-12-13 13:25:00,318 - INFO - Finished optimization with guess, [0.40068458].
2023-12-13 13:25:00,318 - INFO - Best fit parameters: [0.40068458].
2023-12-13 13:25:00,326 - INFO - Maximum log composite likelihood: -215.55552015609283.
2023-12-13 13:25:00,326 - INFO - Optimal value of theta: 11113.327559764992.
2023-12-13 13:25:00,326 - INFO - Beginning optimization with guess, [0.40788233].
2023-12-13 13:25:00,575 - INFO - Finished optimization with guess, [0.40788233].
2023-12-13 13:25:00,575 - INFO - Best fit parameters: [0.40788233].
2023-12-13 13:25:00,584 - INFO - Maximum log composite likelihood: -215.55552015609283.
2023-12-13 13:25:00,584 - INFO - Optimal value of theta: 11113.327559764992.
2023-12-13 13:25:00,584 - INFO - Beginning optimization with guess, [0.72850191].
2023-12-13 13:25:00,807 - INFO - Finished optimization with guess, [0.72850191].
2023-12-13 13:25:00,807 - INFO - Best fit parameters: [0.72850191].
2023-12-13 13:25:00,815 - INFO - Maximum log composite likelihood: -215.55552015609283.
2023-12-13 13:25:00,815 - INFO - Optimal value of theta: 11113.327559764992.
2023-12-13 13:25:00,815 - INFO - Beginning optimization with guess, [1.15986183].
2023-12-13 13:25:01,013 - INFO - Finished optimization with guess, [1.15986183].
2023-12-13 13:25:01,013 - INFO - Best fit parameters: [1.15986183].
2023-12-13 13:25:01,021 - INFO - Maximum log composite likelihood: -215.55552015609283.
2023-12-13 13:25:01,021 - INFO - Optimal value of theta: 11113.327559764992.
2023-12-13 13:25:01,021 - INFO - Beginning optimization with guess, [2.11398423].
2023-12-13 13:25:01,272 - INFO - Finished optimization with guess, [2.11398423].
2023-12-13 13:25:01,272 - INFO - Best fit parameters: [2.11398423].
2023-12-13 13:25:01,280 - INFO - Maximum log composite likelihood: -215.55552015609283.
2023-12-13 13:25:01,281 - INFO - Optimal value of theta: 11113.327559764992.
2023-12-13 13:25:01,281 - INFO - Beginning optimization with guess, [0.90327105].
2023-12-13 13:25:01,452 - INFO - Finished optimization with guess, [0.90327105].
2023-12-13 13:25:01,453 - INFO - Best fit parameters: [0.90327105].
2023-12-13 13:25:01,462 - INFO - Maximum log composite likelihood: -215.55552015609283.
2023-12-13 13:25:01,462 - INFO - Optimal value of theta: 11113.327559764992.
2023-12-13 13:25:01,462 - INFO - Beginning optimization with guess, [1.33979141].
2023-12-13 13:25:01,685 - INFO - Finished optimization with guess, [1.33979141].
2023-12-13 13:25:01,685 - INFO - Best fit parameters: [1.33979141].
2023-12-13 13:25:01,693 - INFO - Maximum log composite likelihood: -215.55552015609283.
2023-12-13 13:25:01,693 - INFO - Optimal value of theta: 11113.327559764992.
2023-12-13 13:25:01,694 - INFO - Beginning optimization with guess, [1.4390028].
2023-12-13 13:25:01,916 - INFO - Finished optimization with guess, [1.4390028].
2023-12-13 13:25:01,917 - INFO - Best fit parameters: [1.4390028].
2023-12-13 13:25:01,925 - INFO - Maximum log composite likelihood: -215.55552015609283.
2023-12-13 13:25:01,925 - INFO - Optimal value of theta: 11113.327559764992.
2023-12-13 13:25:01,925 - INFO - Beginning optimization with guess, [1.49624429].
2023-12-13 13:25:02,148 - INFO - Finished optimization with guess, [1.49624429].
2023-12-13 13:25:02,148 - INFO - Best fit parameters: [1.49624429].
2023-12-13 13:25:02,157 - INFO - Maximum log composite likelihood: -215.55552015609283.
2023-12-13 13:25:02,157 - INFO - Optimal value of theta: 11113.327559764992.
2023-12-13 13:25:02,157 - INFO - Beginning optimization with guess, [1.59625295].
2023-12-13 13:25:02,380 - INFO - Finished optimization with guess, [1.59625295].
2023-12-13 13:25:02,380 - INFO - Best fit parameters: [1.59625295].
2023-12-13 13:25:02,388 - INFO - Maximum log composite likelihood: -215.55552015609283.
2023-12-13 13:25:02,388 - INFO - Optimal value of theta: 11113.327559764992.
2023-12-13 13:25:02,388 - INFO - Beginning optimization with guess, [1.52792003].
2023-12-13 13:25:02,611 - INFO - Finished optimization with guess, [1.52792003].
2023-12-13 13:25:02,611 - INFO - Best fit parameters: [1.52792003].
2023-12-13 13:25:02,619 - INFO - Maximum log composite likelihood: -215.55552015609283.
2023-12-13 13:25:02,620 - INFO - Optimal value of theta: 11113.327559764992.
2023-12-13 13:25:02,620 - INFO - Beginning optimization with guess, [1.74556111].
2023-12-13 13:25:02,868 - INFO - Finished optimization with guess, [1.74556111].
2023-12-13 13:25:02,868 - INFO - Best fit parameters: [1.74556111].
2023-12-13 13:25:02,877 - INFO - Maximum log composite likelihood: -215.55552015609283.
2023-12-13 13:25:02,877 - INFO - Optimal value of theta: 11113.327559764992.
2023-12-13 13:25:02,877 - INFO - Beginning optimization with guess, [3.72981004].
2023-12-13 13:25:03,151 - INFO - Finished optimization with guess, [3.72981004].
2023-12-13 13:25:03,151 - INFO - Best fit parameters: [3.72981004].
2023-12-13 13:25:03,159 - INFO - Maximum log composite likelihood: -215.55552015609283.
2023-12-13 13:25:03,159 - INFO - Optimal value of theta: 11113.327559764992.
2023-12-13 13:25:03,160 - INFO - Beginning optimization with guess, [4.12369032].
2023-12-13 13:25:03,433 - INFO - Finished optimization with guess, [4.12369032].
2023-12-13 13:25:03,433 - INFO - Best fit parameters: [4.12369032].
2023-12-13 13:25:03,442 - INFO - Maximum log composite likelihood: -215.55552015609283.
2023-12-13 13:25:03,442 - INFO - Optimal value of theta: 11113.327559764992.
2023-12-13 13:25:03,442 - INFO - Beginning optimization with guess, [2.07215691].
2023-12-13 13:25:03,690 - INFO - Finished optimization with guess, [2.07215691].
2023-12-13 13:25:03,690 - INFO - Best fit parameters: [2.07215691].
2023-12-13 13:25:03,699 - INFO - Maximum log composite likelihood: -215.55552015609283.
2023-12-13 13:25:03,699 - INFO - Optimal value of theta: 11113.327559764992.
2023-12-13 13:25:03,699 - INFO - Beginning optimization with guess, [6.80961431].
2023-12-13 13:25:03,973 - INFO - Finished optimization with guess, [6.80961431].
2023-12-13 13:25:03,973 - INFO - Best fit parameters: [6.80961431].
2023-12-13 13:25:03,982 - INFO - Maximum log composite likelihood: -215.55552015609283.
2023-12-13 13:25:03,982 - INFO - Optimal value of theta: 11113.327559764992.
2023-12-13 13:25:03,982 - INFO - Beginning optimization with guess, [6.42581247].
2023-12-13 13:25:04,256 - INFO - Finished optimization with guess, [6.42581247].
2023-12-13 13:25:04,256 - INFO - Best fit parameters: [6.42581247].
2023-12-13 13:25:04,264 - INFO - Maximum log composite likelihood: -215.55552015609283.
2023-12-13 13:25:04,265 - INFO - Optimal value of theta: 11113.327559764992.
2023-12-13 13:25:04,265 - INFO - Beginning optimization with guess, [7.79047916].
2023-12-13 13:25:04,566 - INFO - Finished optimization with guess, [7.79047916].
2023-12-13 13:25:04,566 - INFO - Best fit parameters: [7.79047916].
2023-12-13 13:25:04,575 - INFO - Maximum log composite likelihood: -215.55552015609283.
2023-12-13 13:25:04,575 - INFO - Optimal value of theta: 11113.327559764992.
2023-12-13 13:25:04,575 - INFO - Beginning optimization with guess, [6.38980926].
2023-12-13 13:25:04,849 - INFO - Finished optimization with guess, [6.38980926].
2023-12-13 13:25:04,849 - INFO - Best fit parameters: [6.38980926].
2023-12-13 13:25:04,858 - INFO - Maximum log composite likelihood: -215.55552015609283.
2023-12-13 13:25:04,858 - INFO - Optimal value of theta: 11113.327559764992.
2023-12-13 13:25:04,860 - INFO - Beginning demographic inference for two-epoch demographic model.
2023-12-13 13:25:04,864 - INFO - Beginning optimization with guess, [0.06456223 0.01961968].
2023-12-13 13:25:06,712 - INFO - Finished optimization with guess, [0.06456223 0.01961968].
2023-12-13 13:25:06,713 - INFO - Best fit parameters: [2.77126474 0.55698506].
2023-12-13 13:25:06,725 - INFO - Maximum log composite likelihood: -11.137401140775182.
2023-12-13 13:25:06,726 - INFO - Optimal value of theta: 8181.295549437932.
2023-12-13 13:25:06,726 - INFO - Beginning optimization with guess, [0.3186799  0.01598233].
2023-12-13 13:25:09,248 - INFO - Finished optimization with guess, [0.3186799  0.01598233].
2023-12-13 13:25:09,248 - INFO - Best fit parameters: [2.81259515 0.95832943].
2023-12-13 13:25:09,263 - INFO - Maximum log composite likelihood: -11.137401139756548.
2023-12-13 13:25:09,263 - INFO - Optimal value of theta: 7103.458560364542.
2023-12-13 13:25:09,264 - INFO - Beginning optimization with guess, [0.16599996 0.00904639].
2023-12-13 13:25:11,986 - INFO - Finished optimization with guess, [0.16599996 0.00904639].
2023-12-13 13:25:11,986 - INFO - Best fit parameters: [3.09950443 0.3946904 ].
2023-12-13 13:25:11,998 - INFO - Maximum log composite likelihood: -11.137401140069414.
2023-12-13 13:25:11,998 - INFO - Optimal value of theta: 8648.173589916818.
2023-12-13 13:25:11,998 - INFO - Beginning optimization with guess, [0.68633135 0.01318076].
2023-12-13 13:25:14,475 - INFO - Finished optimization with guess, [0.68633135 0.01318076].
2023-12-13 13:25:14,475 - INFO - Best fit parameters: [3.39707358 0.34106718].
2023-12-13 13:25:14,486 - INFO - Maximum log composite likelihood: -11.137415549746947.
2023-12-13 13:25:14,486 - INFO - Optimal value of theta: 8803.199921486384.
2023-12-13 13:25:14,486 - INFO - Beginning optimization with guess, [0.26416779 0.00865834].
2023-12-13 13:25:17,524 - INFO - Finished optimization with guess, [0.26416779 0.00865834].
2023-12-13 13:25:17,524 - INFO - Best fit parameters: [2.7605224  0.57151021].
2023-12-13 13:25:17,537 - INFO - Maximum log composite likelihood: -11.137401145664626.
2023-12-13 13:25:17,537 - INFO - Optimal value of theta: 8139.973742384958.
2023-12-13 13:25:17,537 - INFO - Beginning optimization with guess, [0.75759822 0.00984635].
2023-12-13 13:25:20,748 - INFO - Finished optimization with guess, [0.75759822 0.00984635].
2023-12-13 13:25:20,749 - INFO - Best fit parameters: [2.7417114 0.8006861].
2023-12-13 13:25:20,763 - INFO - Maximum log composite likelihood: -11.137401142324961.
2023-12-13 13:25:20,763 - INFO - Optimal value of theta: 7508.644401500708.
2023-12-13 13:25:20,763 - INFO - Beginning optimization with guess, [0.60087508 0.00628582].
2023-12-13 13:25:24,778 - INFO - Finished optimization with guess, [0.60087508 0.00628582].
2023-12-13 13:25:24,779 - INFO - Best fit parameters: [3.06982419 0.40224648].
2023-12-13 13:25:24,790 - INFO - Maximum log composite likelihood: -11.137401144333126.
2023-12-13 13:25:24,790 - INFO - Optimal value of theta: 8626.350363198175.
2023-12-13 13:25:24,791 - INFO - Beginning optimization with guess, [1.40691975 0.00563394].
2023-12-13 13:25:26,077 - INFO - Finished optimization with guess, [1.40691975 0.00563394].
2023-12-13 13:25:26,077 - INFO - Best fit parameters: [2.8038825  0.52324245].
2023-12-13 13:25:26,090 - INFO - Maximum log composite likelihood: -11.137401139785652.
2023-12-13 13:25:26,090 - INFO - Optimal value of theta: 8277.700263350329.
2023-12-13 13:25:26,090 - INFO - Beginning optimization with guess, [1.75640949 0.01592731].
2023-12-13 13:25:27,386 - INFO - Finished optimization with guess, [1.75640949 0.01592731].
2023-12-13 13:25:27,386 - INFO - Best fit parameters: [2.73400392 0.62608773].
2023-12-13 13:25:27,399 - INFO - Maximum log composite likelihood: -11.137401139749272.
2023-12-13 13:25:27,399 - INFO - Optimal value of theta: 7985.881745134854.
2023-12-13 13:25:27,399 - INFO - Beginning optimization with guess, [0.65305677 0.00609813].
2023-12-13 13:25:31,507 - INFO - Finished optimization with guess, [0.65305677 0.00609813].
2023-12-13 13:25:31,508 - INFO - Best fit parameters: [2.84206208 0.49448792].
2023-12-13 13:25:31,520 - INFO - Maximum log composite likelihood: -11.13740113984386.
2023-12-13 13:25:31,520 - INFO - Optimal value of theta: 8360.23547343139.
2023-12-13 13:25:31,521 - INFO - Beginning optimization with guess, [1.25244944 0.00757038].
2023-12-13 13:25:32,979 - INFO - Finished optimization with guess, [1.25244944 0.00757038].
2023-12-13 13:25:32,979 - INFO - Best fit parameters: [2.73653948 0.78280614].
2023-12-13 13:25:32,993 - INFO - Maximum log composite likelihood: -11.137401140083966.
2023-12-13 13:25:32,993 - INFO - Optimal value of theta: 7556.249312657246.
2023-12-13 13:25:32,993 - INFO - Beginning optimization with guess, [1.04974936 0.0151717 ].
2023-12-13 13:25:34,565 - INFO - Finished optimization with guess, [1.04974936 0.0151717 ].
2023-12-13 13:25:34,565 - INFO - Best fit parameters: [3.16469728 1.42828797].
2023-12-13 13:25:34,582 - INFO - Maximum log composite likelihood: -11.13740114436223.
2023-12-13 13:25:34,582 - INFO - Optimal value of theta: 6058.84630125008.
2023-12-13 13:25:34,582 - INFO - Beginning optimization with guess, [1.46631342 0.01666513].
2023-12-13 13:25:36,035 - INFO - Finished optimization with guess, [1.46631342 0.01666513].
2023-12-13 13:25:36,035 - INFO - Best fit parameters: [2.77867494 0.89358629].
2023-12-13 13:25:36,049 - INFO - Maximum log composite likelihood: -11.137401140862494.
2023-12-13 13:25:36,050 - INFO - Optimal value of theta: 7266.651155283874.
2023-12-13 13:25:36,050 - INFO - Beginning optimization with guess, [1.89849877 0.01904161].
2023-12-13 13:25:37,678 - INFO - Finished optimization with guess, [1.89849877 0.01904161].
2023-12-13 13:25:37,679 - INFO - Best fit parameters: [3.44581136 1.7363126 ].
2023-12-13 13:25:37,697 - INFO - Maximum log composite likelihood: -11.137401139741996.
2023-12-13 13:25:37,697 - INFO - Optimal value of theta: 5499.298887816996.
2023-12-13 13:25:37,697 - INFO - Beginning optimization with guess, [1.2402552  0.00630587].
2023-12-13 13:25:39,236 - INFO - Finished optimization with guess, [1.2402552  0.00630587].
2023-12-13 13:25:39,236 - INFO - Best fit parameters: [2.97512925 1.19791439].
2023-12-13 13:25:39,252 - INFO - Maximum log composite likelihood: -11.13740114014945.
2023-12-13 13:25:39,252 - INFO - Optimal value of theta: 6540.331901543478.
2023-12-13 13:25:39,252 - INFO - Beginning optimization with guess, [4.34577986 0.01196403].
2023-12-13 13:25:40,112 - INFO - Finished optimization with guess, [4.34577986 0.01196403].
2023-12-13 13:25:40,112 - INFO - Best fit parameters: [9.74122715 0.19599216].
2023-12-13 13:25:40,122 - INFO - Maximum log composite likelihood: -11.137401139741996.
2023-12-13 13:25:40,122 - INFO - Optimal value of theta: 9213.936055979664.
2023-12-13 13:25:40,122 - INFO - Beginning optimization with guess, [1.53870898 0.01624348].
2023-12-13 13:25:41,472 - INFO - Finished optimization with guess, [1.53870898 0.01624348].
2023-12-13 13:25:41,472 - INFO - Best fit parameters: [2.74123263 0.60653695].
2023-12-13 13:25:41,485 - INFO - Maximum log composite likelihood: -11.13740114102984.
2023-12-13 13:25:41,485 - INFO - Optimal value of theta: 8040.868001877406.
2023-12-13 13:25:41,485 - INFO - Beginning optimization with guess, [1.70131054 0.00649863].
2023-12-13 13:25:42,924 - INFO - Finished optimization with guess, [1.70131054 0.00649863].
2023-12-13 13:25:42,924 - INFO - Best fit parameters: [2.72701692 0.65582695].
2023-12-13 13:25:42,937 - INFO - Maximum log composite likelihood: -11.13740113973472.
2023-12-13 13:25:42,938 - INFO - Optimal value of theta: 7902.772149057114.
2023-12-13 13:25:42,938 - INFO - Beginning optimization with guess, [2.64754039 0.0055648 ].
2023-12-13 13:25:43,852 - INFO - Finished optimization with guess, [2.64754039 0.0055648 ].
2023-12-13 13:25:43,852 - INFO - Best fit parameters: [5.14190602 0.24280265].
2023-12-13 13:25:43,862 - INFO - Maximum log composite likelihood: -11.137401139749272.
2023-12-13 13:25:43,862 - INFO - Optimal value of theta: 9083.185239449629.
2023-12-13 13:25:43,862 - INFO - Beginning optimization with guess, [7.19672881 0.01825806].
2023-12-13 13:25:44,752 - INFO - Finished optimization with guess, [7.19672881 0.01825806].
2023-12-13 13:25:44,753 - INFO - Best fit parameters: [19.88013412  0.17699171].
2023-12-13 13:25:44,762 - INFO - Maximum log composite likelihood: -11.137401139741996.
2023-12-13 13:25:44,762 - INFO - Optimal value of theta: 9267.12302351804.
2023-12-13 13:25:44,762 - INFO - Beginning optimization with guess, [2.05361859 0.01034227].
2023-12-13 13:25:45,729 - INFO - Finished optimization with guess, [2.05361859 0.01034227].
2023-12-13 13:25:45,729 - INFO - Best fit parameters: [3.28424999 0.35785731].
2023-12-13 13:25:45,740 - INFO - Maximum log composite likelihood: -11.137401139741996.
2023-12-13 13:25:45,740 - INFO - Optimal value of theta: 8754.498331474135.
2023-12-13 13:25:45,740 - INFO - Beginning optimization with guess, [2.9829956  0.01837049].
2023-12-13 13:25:46,592 - INFO - Finished optimization with guess, [2.9829956  0.01837049].
2023-12-13 13:25:46,592 - INFO - Best fit parameters: [5.66121493 0.23175059].
2023-12-13 13:25:46,602 - INFO - Maximum log composite likelihood: -11.137401139749272.
2023-12-13 13:25:46,602 - INFO - Optimal value of theta: 9114.317076844422.
2023-12-13 13:25:46,602 - INFO - Beginning optimization with guess, [3.02159117 0.01865994].
2023-12-13 13:25:47,522 - INFO - Finished optimization with guess, [3.02159117 0.01865994].
2023-12-13 13:25:47,522 - INFO - Best fit parameters: [5.74275697 0.23034988].
2023-12-13 13:25:47,532 - INFO - Maximum log composite likelihood: -11.137401139741996.
2023-12-13 13:25:47,532 - INFO - Optimal value of theta: 9118.098795924323.
2023-12-13 13:25:47,532 - INFO - Beginning optimization with guess, [6.78327206 0.00928   ].
2023-12-13 13:25:48,433 - INFO - Finished optimization with guess, [6.78327206 0.00928   ].
2023-12-13 13:25:48,433 - INFO - Best fit parameters: [20.15444775  0.17679339].
2023-12-13 13:25:48,442 - INFO - Maximum log composite likelihood: -11.137401139741996.
2023-12-13 13:25:48,442 - INFO - Optimal value of theta: 9267.587452995283.
2023-12-13 13:25:48,442 - INFO - Beginning optimization with guess, [7.52070999e+00 7.36835553e-03].
2023-12-13 13:25:49,345 - INFO - Finished optimization with guess, [7.52070999e+00 7.36835553e-03].
2023-12-13 13:25:49,345 - INFO - Best fit parameters: [23.42925609  0.17462574].
2023-12-13 13:25:49,355 - INFO - Maximum log composite likelihood: -11.137401139741996.
2023-12-13 13:25:49,355 - INFO - Optimal value of theta: 9273.445493606067.
2023-12-13 13:25:49,356 - INFO - Beginning demographic inference for three-epoch demographic model.
2023-12-13 13:25:49,360 - INFO - Beginning optimization with guess, [0.00964984 0.0062009  0.00547075 0.01094178].
2023-12-13 13:37:28,713 - INFO - Finished optimization with guess, [0.00964984 0.0062009  0.00547075 0.01094178].
2023-12-13 13:37:28,715 - INFO - Best fit parameters: [0.00379016 0.00057088 0.0031454  0.20067986].
2023-12-13 13:37:34,729 - INFO - Maximum log composite likelihood: -215.5555201143361.
2023-12-13 13:37:34,730 - INFO - Optimal value of theta: 19467000.64304595.
2023-12-13 13:37:34,730 - INFO - Beginning optimization with guess, [0.02268295 0.01965301 0.0090226  0.01068263].
2023-12-13 13:37:35,930 - INFO - Finished optimization with guess, [0.02268295 0.01965301 0.0090226  0.01068263].
2023-12-13 13:37:35,931 - INFO - Best fit parameters: [1.90421384e-03 5.87532216e+00 1.90447657e-08 2.25801008e-01].
2023-12-13 13:37:35,941 - INFO - Maximum log composite likelihood: -11.14745648776443.
2023-12-13 13:37:35,941 - INFO - Optimal value of theta: 9140.287233198853.
2023-12-13 13:37:35,941 - INFO - Beginning optimization with guess, [0.01524296 0.02049044 0.00744369 0.00505692].
2023-12-13 13:37:37,349 - INFO - Finished optimization with guess, [0.01524296 0.02049044 0.00744369 0.00505692].
2023-12-13 13:37:37,349 - INFO - Best fit parameters: [3.98855984e-01 3.03593004e+00 5.76760220e-09 4.04185611e-01].
2023-12-13 13:37:37,361 - INFO - Maximum log composite likelihood: -11.147275197981799.
2023-12-13 13:37:37,361 - INFO - Optimal value of theta: 8630.796862222245.
2023-12-13 13:37:37,361 - INFO - Beginning optimization with guess, [0.0547044  0.04518401 0.00945178 0.00923456].
2023-12-13 13:37:38,287 - INFO - Finished optimization with guess, [0.0547044  0.04518401 0.00945178 0.00923456].
2023-12-13 13:37:38,287 - INFO - Best fit parameters: [3.47064146e+01 1.85668270e+00 1.84501964e-01 2.89796200e-07].
2023-12-13 13:37:38,296 - INFO - Maximum log composite likelihood: -12.14209882531577.
2023-12-13 13:37:38,297 - INFO - Optimal value of theta: 9160.403980973188.
2023-12-13 13:37:38,297 - INFO - Beginning optimization with guess, [0.07155275 0.05548206 0.005524   0.00846912].
2023-12-13 13:37:39,165 - INFO - Finished optimization with guess, [0.07155275 0.05548206 0.005524   0.00846912].
2023-12-13 13:37:39,165 - INFO - Best fit parameters: [2.36038245e-01 6.87644154e+00 1.48365944e-06 2.05796780e-01].
2023-12-13 13:37:39,175 - INFO - Maximum log composite likelihood: -11.345286384887004.
2023-12-13 13:37:39,175 - INFO - Optimal value of theta: 9228.468659127577.
2023-12-13 13:37:39,175 - INFO - Beginning optimization with guess, [0.50019889 0.65670722 0.00938192 0.00799725].
2023-12-13 13:37:40,667 - INFO - Finished optimization with guess, [0.50019889 0.65670722 0.00938192 0.00799725].
2023-12-13 13:37:40,667 - INFO - Best fit parameters: [2.31934031e+00 1.61035610e+00 4.09045746e-09 3.85712630e-01].
2023-12-13 13:37:40,681 - INFO - Maximum log composite likelihood: -77.8899517650134.
2023-12-13 13:37:40,681 - INFO - Optimal value of theta: 9722.12617836973.
2023-12-13 13:37:40,681 - INFO - Beginning optimization with guess, [1.39427781 1.25464186 0.00977509 0.01425858].
2023-12-13 13:37:42,031 - INFO - Finished optimization with guess, [1.39427781 1.25464186 0.00977509 0.01425858].
2023-12-13 13:37:42,031 - INFO - Best fit parameters: [3.52665814 1.24721175 0.8992511  0.04645834].
2023-12-13 13:37:42,046 - INFO - Maximum log composite likelihood: -11.137470894878788.
2023-12-13 13:37:42,046 - INFO - Optimal value of theta: 6950.692668440149.
2023-12-13 13:37:42,046 - INFO - Beginning optimization with guess, [0.82420868 1.07648824 0.00931018 0.01428869].
