2024-02-13 14:30:18,488 - INFO - Beginning execution of fit_demographic_model.py in directory /u/project/kirk/jonmah/sample_size_demography/Scripts

2024-02-13 14:30:18,488 - INFO - Progress is being logged to ../Analysis/TwoEpochExpansion_17/log.log

2024-02-13 14:30:18,488 - INFO - Parsed the following arguments:
	syn_input_sfs = ../Analysis/TwoEpochExpansion_17/syn_downsampled_sfs.txt
	mask_singletons = False
	mask_doubletons = False
	outprefix = ../Analysis/TwoEpochExpansion_17/

2024-02-13 14:30:18,489 - INFO - Beginning demographic inference for one-epoch demographic model.
2024-02-13 14:30:18,490 - INFO - Beginning optimization with guess, [0.09879079].
2024-02-13 14:30:19,781 - INFO - Finished optimization with guess, [0.09879079].
2024-02-13 14:30:19,782 - INFO - Best fit parameters: [0.09879079].
2024-02-13 14:30:19,819 - INFO - Maximum log composite likelihood: -37.358602416995154.
2024-02-13 14:30:19,819 - INFO - Optimal value of theta: 1206.9166604712807.
2024-02-13 14:30:19,819 - INFO - Beginning optimization with guess, [0.1407851].
2024-02-13 14:30:21,004 - INFO - Finished optimization with guess, [0.1407851].
2024-02-13 14:30:21,004 - INFO - Best fit parameters: [0.1407851].
2024-02-13 14:30:21,040 - INFO - Maximum log composite likelihood: -37.358602416995154.
2024-02-13 14:30:21,040 - INFO - Optimal value of theta: 1206.9166604712807.
2024-02-13 14:30:21,041 - INFO - Beginning optimization with guess, [0.15321233].
2024-02-13 14:30:22,231 - INFO - Finished optimization with guess, [0.15321233].
2024-02-13 14:30:22,232 - INFO - Best fit parameters: [0.15321233].
2024-02-13 14:30:22,269 - INFO - Maximum log composite likelihood: -37.358602416995154.
2024-02-13 14:30:22,269 - INFO - Optimal value of theta: 1206.9166604712807.
2024-02-13 14:30:22,270 - INFO - Beginning optimization with guess, [0.35188916].
2024-02-13 14:30:23,439 - INFO - Finished optimization with guess, [0.35188916].
2024-02-13 14:30:23,439 - INFO - Best fit parameters: [0.35188916].
2024-02-13 14:30:23,476 - INFO - Maximum log composite likelihood: -37.358602416995154.
2024-02-13 14:30:23,476 - INFO - Optimal value of theta: 1206.9166604712807.
2024-02-13 14:30:23,477 - INFO - Beginning optimization with guess, [0.8147262].
2024-02-13 14:30:24,320 - INFO - Finished optimization with guess, [0.8147262].
2024-02-13 14:30:24,320 - INFO - Best fit parameters: [0.8147262].
2024-02-13 14:30:24,357 - INFO - Maximum log composite likelihood: -37.358602416995154.
2024-02-13 14:30:24,357 - INFO - Optimal value of theta: 1206.9166604712807.
2024-02-13 14:30:24,357 - INFO - Beginning optimization with guess, [0.84211878].
2024-02-13 14:30:25,203 - INFO - Finished optimization with guess, [0.84211878].
2024-02-13 14:30:25,204 - INFO - Best fit parameters: [0.84211878].
2024-02-13 14:30:25,240 - INFO - Maximum log composite likelihood: -37.358602416995154.
2024-02-13 14:30:25,240 - INFO - Optimal value of theta: 1206.9166604712807.
2024-02-13 14:30:25,240 - INFO - Beginning optimization with guess, [0.79811621].
2024-02-13 14:30:26,102 - INFO - Finished optimization with guess, [0.79811621].
2024-02-13 14:30:26,102 - INFO - Best fit parameters: [0.79811621].
2024-02-13 14:30:26,140 - INFO - Maximum log composite likelihood: -37.358602416995154.
2024-02-13 14:30:26,140 - INFO - Optimal value of theta: 1206.9166604712807.
2024-02-13 14:30:26,140 - INFO - Beginning optimization with guess, [1.25772288].
2024-02-13 14:30:27,005 - INFO - Finished optimization with guess, [1.25772288].
2024-02-13 14:30:27,006 - INFO - Best fit parameters: [1.25772288].
2024-02-13 14:30:27,043 - INFO - Maximum log composite likelihood: -37.358602416995154.
2024-02-13 14:30:27,044 - INFO - Optimal value of theta: 1206.9166604712807.
2024-02-13 14:30:27,044 - INFO - Beginning optimization with guess, [1.76219659].
2024-02-13 14:30:28,128 - INFO - Finished optimization with guess, [1.76219659].
2024-02-13 14:30:28,128 - INFO - Best fit parameters: [1.76219659].
2024-02-13 14:30:28,165 - INFO - Maximum log composite likelihood: -37.358602416995154.
2024-02-13 14:30:28,166 - INFO - Optimal value of theta: 1206.9166604712807.
2024-02-13 14:30:28,166 - INFO - Beginning optimization with guess, [1.20121155].
2024-02-13 14:30:29,026 - INFO - Finished optimization with guess, [1.20121155].
2024-02-13 14:30:29,026 - INFO - Best fit parameters: [1.20121155].
2024-02-13 14:30:29,063 - INFO - Maximum log composite likelihood: -37.358602416995154.
2024-02-13 14:30:29,063 - INFO - Optimal value of theta: 1206.9166604712807.
2024-02-13 14:30:29,064 - INFO - Beginning optimization with guess, [1.53230755].
2024-02-13 14:30:30,041 - INFO - Finished optimization with guess, [1.53230755].
2024-02-13 14:30:30,041 - INFO - Best fit parameters: [1.53230755].
2024-02-13 14:30:30,081 - INFO - Maximum log composite likelihood: -37.358602416995154.
2024-02-13 14:30:30,081 - INFO - Optimal value of theta: 1206.9166604712807.
2024-02-13 14:30:30,082 - INFO - Beginning optimization with guess, [0.78263163].
2024-02-13 14:30:30,972 - INFO - Finished optimization with guess, [0.78263163].
2024-02-13 14:30:30,972 - INFO - Best fit parameters: [0.78263163].
2024-02-13 14:30:31,010 - INFO - Maximum log composite likelihood: -37.358602416995154.
2024-02-13 14:30:31,010 - INFO - Optimal value of theta: 1206.9166604712807.
2024-02-13 14:30:31,010 - INFO - Beginning optimization with guess, [3.47123448].
2024-02-13 14:30:32,240 - INFO - Finished optimization with guess, [3.47123448].
2024-02-13 14:30:32,240 - INFO - Best fit parameters: [3.47123448].
2024-02-13 14:30:32,279 - INFO - Maximum log composite likelihood: -37.358602416995154.
2024-02-13 14:30:32,279 - INFO - Optimal value of theta: 1206.9166604712807.
2024-02-13 14:30:32,279 - INFO - Beginning optimization with guess, [1.25524047].
2024-02-13 14:30:33,169 - INFO - Finished optimization with guess, [1.25524047].
2024-02-13 14:30:33,169 - INFO - Best fit parameters: [1.25524047].
2024-02-13 14:30:33,208 - INFO - Maximum log composite likelihood: -37.358602416995154.
2024-02-13 14:30:33,208 - INFO - Optimal value of theta: 1206.9166604712807.
2024-02-13 14:30:33,208 - INFO - Beginning optimization with guess, [3.85487536].
2024-02-13 14:30:34,405 - INFO - Finished optimization with guess, [3.85487536].
2024-02-13 14:30:34,406 - INFO - Best fit parameters: [3.85487536].
2024-02-13 14:30:34,442 - INFO - Maximum log composite likelihood: -37.358602416995154.
2024-02-13 14:30:34,442 - INFO - Optimal value of theta: 1206.9166604712807.
2024-02-13 14:30:34,442 - INFO - Beginning optimization with guess, [2.34922194].
2024-02-13 14:30:35,496 - INFO - Finished optimization with guess, [2.34922194].
2024-02-13 14:30:35,496 - INFO - Best fit parameters: [2.34922194].
2024-02-13 14:30:35,532 - INFO - Maximum log composite likelihood: -37.358602416995154.
2024-02-13 14:30:35,533 - INFO - Optimal value of theta: 1206.9166604712807.
2024-02-13 14:30:35,533 - INFO - Beginning optimization with guess, [1.42757634].
2024-02-13 14:30:36,478 - INFO - Finished optimization with guess, [1.42757634].
2024-02-13 14:30:36,478 - INFO - Best fit parameters: [1.42757634].
2024-02-13 14:30:36,514 - INFO - Maximum log composite likelihood: -37.358602416995154.
2024-02-13 14:30:36,515 - INFO - Optimal value of theta: 1206.9166604712807.
2024-02-13 14:30:36,515 - INFO - Beginning optimization with guess, [2.03655895].
2024-02-13 14:30:37,589 - INFO - Finished optimization with guess, [2.03655895].
2024-02-13 14:30:37,590 - INFO - Best fit parameters: [2.03655895].
2024-02-13 14:30:37,627 - INFO - Maximum log composite likelihood: -37.358602416995154.
2024-02-13 14:30:37,628 - INFO - Optimal value of theta: 1206.9166604712807.
2024-02-13 14:30:37,628 - INFO - Beginning optimization with guess, [3.4273416].
2024-02-13 14:30:38,827 - INFO - Finished optimization with guess, [3.4273416].
2024-02-13 14:30:38,827 - INFO - Best fit parameters: [3.4273416].
2024-02-13 14:30:38,865 - INFO - Maximum log composite likelihood: -37.358602416995154.
2024-02-13 14:30:38,865 - INFO - Optimal value of theta: 1206.9166604712807.
2024-02-13 14:30:38,865 - INFO - Beginning optimization with guess, [2.49374388].
2024-02-13 14:30:40,028 - INFO - Finished optimization with guess, [2.49374388].
2024-02-13 14:30:40,028 - INFO - Best fit parameters: [2.49374388].
2024-02-13 14:30:40,072 - INFO - Maximum log composite likelihood: -37.358602416995154.
2024-02-13 14:30:40,072 - INFO - Optimal value of theta: 1206.9166604712807.
2024-02-13 14:30:40,072 - INFO - Beginning optimization with guess, [2.62790199].
2024-02-13 14:30:41,190 - INFO - Finished optimization with guess, [2.62790199].
2024-02-13 14:30:41,191 - INFO - Best fit parameters: [2.62790199].
2024-02-13 14:30:41,228 - INFO - Maximum log composite likelihood: -37.358602416995154.
2024-02-13 14:30:41,229 - INFO - Optimal value of theta: 1206.9166604712807.
2024-02-13 14:30:41,229 - INFO - Beginning optimization with guess, [4.93427724].
2024-02-13 14:30:42,430 - INFO - Finished optimization with guess, [4.93427724].
2024-02-13 14:30:42,430 - INFO - Best fit parameters: [4.93427724].
2024-02-13 14:30:42,468 - INFO - Maximum log composite likelihood: -37.358602416995154.
2024-02-13 14:30:42,468 - INFO - Optimal value of theta: 1206.9166604712807.
2024-02-13 14:30:42,468 - INFO - Beginning optimization with guess, [7.69472927].
2024-02-13 14:30:43,678 - INFO - Finished optimization with guess, [7.69472927].
2024-02-13 14:30:43,679 - INFO - Best fit parameters: [7.69472927].
2024-02-13 14:30:43,716 - INFO - Maximum log composite likelihood: -37.358602416995154.
2024-02-13 14:30:43,717 - INFO - Optimal value of theta: 1206.9166604712807.
2024-02-13 14:30:43,717 - INFO - Beginning optimization with guess, [6.97997766].
2024-02-13 14:30:44,917 - INFO - Finished optimization with guess, [6.97997766].
2024-02-13 14:30:44,917 - INFO - Best fit parameters: [6.97997766].
2024-02-13 14:30:44,954 - INFO - Maximum log composite likelihood: -37.358602416995154.
2024-02-13 14:30:44,955 - INFO - Optimal value of theta: 1206.9166604712807.
2024-02-13 14:30:44,955 - INFO - Beginning optimization with guess, [4.96010302].
2024-02-13 14:30:46,160 - INFO - Finished optimization with guess, [4.96010302].
2024-02-13 14:30:46,160 - INFO - Best fit parameters: [4.96010302].
2024-02-13 14:30:46,198 - INFO - Maximum log composite likelihood: -37.358602416995154.
2024-02-13 14:30:46,198 - INFO - Optimal value of theta: 1206.9166604712807.
2024-02-13 14:30:46,199 - INFO - Beginning demographic inference for two-epoch demographic model.
2024-02-13 14:30:46,202 - INFO - Beginning optimization with guess, [0.08286737 0.00640333].
2024-02-13 14:30:48,087 - INFO - Finished optimization with guess, [0.08286737 0.00640333].
2024-02-13 14:30:48,088 - INFO - Best fit parameters: [0.50375543 0.00832221].
2024-02-13 14:30:48,126 - INFO - Maximum log composite likelihood: -35.622293951567144.
2024-02-13 14:30:48,126 - INFO - Optimal value of theta: 1230.4393302842527.
2024-02-13 14:30:48,126 - INFO - Beginning optimization with guess, [0.18837598 0.00650773].
2024-02-13 14:30:50,024 - INFO - Finished optimization with guess, [0.18837598 0.00650773].
2024-02-13 14:30:50,024 - INFO - Best fit parameters: [0.49468459 0.00937859].
2024-02-13 14:30:50,063 - INFO - Maximum log composite likelihood: -35.57412602423324.
2024-02-13 14:30:50,064 - INFO - Optimal value of theta: 1234.2632718646025.
2024-02-13 14:30:50,064 - INFO - Beginning optimization with guess, [0.33243376 0.01565307].
2024-02-13 14:30:51,980 - INFO - Finished optimization with guess, [0.33243376 0.01565307].
2024-02-13 14:30:51,981 - INFO - Best fit parameters: [0.86171901 0.09174552].
2024-02-13 14:30:52,023 - INFO - Maximum log composite likelihood: -34.87369554334873.
2024-02-13 14:30:52,023 - INFO - Optimal value of theta: 1239.9440444734641.
2024-02-13 14:30:52,023 - INFO - Beginning optimization with guess, [0.46211347 0.00931621].
2024-02-13 14:30:54,117 - INFO - Finished optimization with guess, [0.46211347 0.00931621].
2024-02-13 14:30:54,118 - INFO - Best fit parameters: [0.79935618 0.52985468].
2024-02-13 14:30:54,172 - INFO - Maximum log composite likelihood: -33.24877304383972.
2024-02-13 14:30:54,172 - INFO - Optimal value of theta: 1368.8536253539464.
2024-02-13 14:30:54,172 - INFO - Beginning optimization with guess, [0.44137395 0.00903366].
2024-02-13 14:30:55,892 - INFO - Finished optimization with guess, [0.44137395 0.00903366].
2024-02-13 14:30:55,892 - INFO - Best fit parameters: [0.85258978 0.45400505].
2024-02-13 14:30:55,943 - INFO - Maximum log composite likelihood: -33.44662083325056.
2024-02-13 14:30:55,943 - INFO - Optimal value of theta: 1309.0250547359637.
2024-02-13 14:30:55,943 - INFO - Beginning optimization with guess, [0.58976679 0.00520431].
2024-02-13 14:30:57,854 - INFO - Finished optimization with guess, [0.58976679 0.00520431].
2024-02-13 14:30:57,855 - INFO - Best fit parameters: [0.81361866 0.08853321].
2024-02-13 14:30:57,897 - INFO - Maximum log composite likelihood: -34.68709068799876.
2024-02-13 14:30:57,897 - INFO - Optimal value of theta: 1252.629492889649.
2024-02-13 14:30:57,897 - INFO - Beginning optimization with guess, [0.6283766  0.01332203].
2024-02-13 14:31:00,163 - INFO - Finished optimization with guess, [0.6283766  0.01332203].
2024-02-13 14:31:00,164 - INFO - Best fit parameters: [0.7816161  0.65097246].
2024-02-13 14:31:00,222 - INFO - Maximum log composite likelihood: -33.19943000471153.
2024-02-13 14:31:00,222 - INFO - Optimal value of theta: 1408.4607087700106.
2024-02-13 14:31:00,222 - INFO - Beginning optimization with guess, [1.19304063 0.01621724].
2024-02-13 14:31:06,034 - INFO - Finished optimization with guess, [1.19304063 0.01621724].
2024-02-13 14:31:06,035 - INFO - Best fit parameters: [0.8232458  0.54302258].
2024-02-13 14:31:06,089 - INFO - Maximum log composite likelihood: -33.279257949521934.
2024-02-13 14:31:06,089 - INFO - Optimal value of theta: 1346.9617444428332.
2024-02-13 14:31:06,090 - INFO - Beginning optimization with guess, [0.83289335 0.01118605].
2024-02-13 14:31:08,573 - INFO - Finished optimization with guess, [0.83289335 0.01118605].
2024-02-13 14:31:08,574 - INFO - Best fit parameters: [0.74344697 0.79690645].
2024-02-13 14:31:08,637 - INFO - Maximum log composite likelihood: -33.1797410409572.
2024-02-13 14:31:08,637 - INFO - Optimal value of theta: 1484.6109747231824.
2024-02-13 14:31:08,637 - INFO - Beginning optimization with guess, [1.63690994 0.00836199].
2024-02-13 14:31:19,122 - INFO - Finished optimization with guess, [1.63690994 0.00836199].
2024-02-13 14:31:19,125 - INFO - Best fit parameters: [0.77021655 0.73115029].
2024-02-13 14:31:19,183 - INFO - Maximum log composite likelihood: -33.19384783190344.
2024-02-13 14:31:19,183 - INFO - Optimal value of theta: 1435.7174306595607.
2024-02-13 14:31:19,184 - INFO - Beginning optimization with guess, [1.61459664 0.01296259].
2024-02-13 14:31:22,190 - INFO - Finished optimization with guess, [1.61459664 0.01296259].
2024-02-13 14:31:22,191 - INFO - Best fit parameters: [0.74216426 0.73492755].
2024-02-13 14:31:22,250 - INFO - Maximum log composite likelihood: -33.197145625554185.
2024-02-13 14:31:22,250 - INFO - Optimal value of theta: 1475.4699178392864.
2024-02-13 14:31:22,251 - INFO - Beginning optimization with guess, [0.79833661 0.00549835].
2024-02-13 14:31:24,465 - INFO - Finished optimization with guess, [0.79833661 0.00549835].
2024-02-13 14:31:24,465 - INFO - Best fit parameters: [0.83835896 0.53907923].
2024-02-13 14:31:24,518 - INFO - Maximum log composite likelihood: -33.366186260971745.
2024-02-13 14:31:24,518 - INFO - Optimal value of theta: 1332.0230139383186.
2024-02-13 14:31:24,518 - INFO - Beginning optimization with guess, [2.40574521 0.00941451].
2024-02-13 14:31:27,047 - INFO - Finished optimization with guess, [2.40574521 0.00941451].
2024-02-13 14:31:27,047 - INFO - Best fit parameters: [0.71861453 0.83236809].
2024-02-13 14:31:27,111 - INFO - Maximum log composite likelihood: -33.175729450043036.
2024-02-13 14:31:27,111 - INFO - Optimal value of theta: 1530.6042649415997.
2024-02-13 14:31:27,111 - INFO - Beginning optimization with guess, [1.40019644 0.0086786 ].
2024-02-13 14:31:36,658 - INFO - Finished optimization with guess, [1.40019644 0.0086786 ].
2024-02-13 14:31:36,659 - INFO - Best fit parameters: [0.80690826 0.644712  ].
2024-02-13 14:31:36,716 - INFO - Maximum log composite likelihood: -33.25473541536985.
2024-02-13 14:31:36,716 - INFO - Optimal value of theta: 1378.0580994888635.
2024-02-13 14:31:36,716 - INFO - Beginning optimization with guess, [2.04963289 0.01384897].
2024-02-13 14:31:39,557 - INFO - Finished optimization with guess, [2.04963289 0.01384897].
2024-02-13 14:31:39,557 - INFO - Best fit parameters: [0.74773503 0.80925756].
2024-02-13 14:31:39,619 - INFO - Maximum log composite likelihood: -33.18787787864676.
2024-02-13 14:31:39,620 - INFO - Optimal value of theta: 1480.2067770510994.
2024-02-13 14:31:39,620 - INFO - Beginning optimization with guess, [2.23337142 0.00607818].
2024-02-13 14:31:42,658 - INFO - Finished optimization with guess, [2.23337142 0.00607818].
2024-02-13 14:31:42,658 - INFO - Best fit parameters: [0.76639546 0.73679957].
2024-02-13 14:31:42,717 - INFO - Maximum log composite likelihood: -33.190002426241335.
2024-02-13 14:31:42,717 - INFO - Optimal value of theta: 1441.7507639569174.
2024-02-13 14:31:42,717 - INFO - Beginning optimization with guess, [1.46747967 0.01345229].
2024-02-13 14:31:49,311 - INFO - Finished optimization with guess, [1.46747967 0.01345229].
2024-02-13 14:31:49,311 - INFO - Best fit parameters: [0.78312783 0.67137836].
2024-02-13 14:31:49,367 - INFO - Maximum log composite likelihood: -33.20003522592651.
2024-02-13 14:31:49,367 - INFO - Optimal value of theta: 1409.8443477099559.
2024-02-13 14:31:49,367 - INFO - Beginning optimization with guess, [4.18295604 0.0177949 ].
2024-02-13 14:31:51,279 - INFO - Finished optimization with guess, [4.18295604 0.0177949 ].
2024-02-13 14:31:51,280 - INFO - Best fit parameters: [0.82663751 0.05767212].
2024-02-13 14:31:51,320 - INFO - Maximum log composite likelihood: -35.13235046404748.
2024-02-13 14:31:51,320 - INFO - Optimal value of theta: 1236.5697334669846.
2024-02-13 14:31:51,321 - INFO - Beginning optimization with guess, [2.14405361 0.00570054].
2024-02-13 14:31:54,381 - INFO - Finished optimization with guess, [2.14405361 0.00570054].
2024-02-13 14:31:54,381 - INFO - Best fit parameters: [0.7478494  0.81617377].
2024-02-13 14:31:54,444 - INFO - Maximum log composite likelihood: -33.191229868826895.
2024-02-13 14:31:54,444 - INFO - Optimal value of theta: 1481.16828192594.
2024-02-13 14:31:54,445 - INFO - Beginning optimization with guess, [2.03233323 0.01026503].
2024-02-13 14:31:57,072 - INFO - Finished optimization with guess, [2.03233323 0.01026503].
2024-02-13 14:31:57,073 - INFO - Best fit parameters: [0.75030679 0.79736103].
2024-02-13 14:31:57,133 - INFO - Maximum log composite likelihood: -33.18686352509985.
2024-02-13 14:31:57,133 - INFO - Optimal value of theta: 1474.4032779195068.
2024-02-13 14:31:57,134 - INFO - Beginning optimization with guess, [7.98374882 0.01155234].
2024-02-13 14:31:58,810 - INFO - Finished optimization with guess, [7.98374882 0.01155234].
2024-02-13 14:31:58,810 - INFO - Best fit parameters: [2.78413754e-03 2.40477647e-05].
2024-02-13 14:31:58,848 - INFO - Maximum log composite likelihood: -35.692719838623134.
2024-02-13 14:31:58,848 - INFO - Optimal value of theta: 1232.3855899029593.
2024-02-13 14:31:58,848 - INFO - Beginning optimization with guess, [2.79506866 0.01936173].
2024-02-13 14:32:01,640 - INFO - Finished optimization with guess, [2.79506866 0.01936173].
2024-02-13 14:32:01,640 - INFO - Best fit parameters: [0.73296579 0.8044041 ].
2024-02-13 14:32:01,701 - INFO - Maximum log composite likelihood: -33.17686945348191.
2024-02-13 14:32:01,701 - INFO - Optimal value of theta: 1502.1140279629317.
2024-02-13 14:32:01,701 - INFO - Beginning optimization with guess, [6.0098985  0.01124186].
2024-02-13 14:32:03,477 - INFO - Finished optimization with guess, [6.0098985  0.01124186].
2024-02-13 14:32:03,478 - INFO - Best fit parameters: [0.44728038 0.00856522].
2024-02-13 14:32:03,516 - INFO - Maximum log composite likelihood: -35.598460476218634.
2024-02-13 14:32:03,516 - INFO - Optimal value of theta: 1237.179205498796.
2024-02-13 14:32:03,516 - INFO - Beginning optimization with guess, [3.60419882 0.00756632].
2024-02-13 14:32:05,348 - INFO - Finished optimization with guess, [3.60419882 0.00756632].
2024-02-13 14:32:05,348 - INFO - Best fit parameters: [0.86472861 0.14567881].
2024-02-13 14:32:05,389 - INFO - Maximum log composite likelihood: -34.35819630743549.
2024-02-13 14:32:05,389 - INFO - Optimal value of theta: 1252.264317545627.
2024-02-13 14:32:05,389 - INFO - Beginning optimization with guess, [5.74295494 0.00796425].
2024-02-13 14:32:07,186 - INFO - Finished optimization with guess, [5.74295494 0.00796425].
2024-02-13 14:32:07,186 - INFO - Best fit parameters: [0.27254575 0.00328874].
2024-02-13 14:32:07,223 - INFO - Maximum log composite likelihood: -35.650024860953636.
2024-02-13 14:32:07,224 - INFO - Optimal value of theta: 1232.5369928035166.
2024-02-13 14:32:07,226 - INFO - Beginning demographic inference for three-epoch demographic model.
2024-02-13 14:32:07,228 - INFO - Beginning optimization with guess, [0.00832489 0.0062902  0.00702954 0.00985633].
2024-02-13 14:32:16,645 - INFO - Finished optimization with guess, [0.00832489 0.0062902  0.00702954 0.00985633].
2024-02-13 14:32:16,646 - INFO - Best fit parameters: [0.00461083 0.00412251 0.00598451 0.02620042].
2024-02-13 14:32:16,848 - INFO - Maximum log composite likelihood: -33.172875237638664.
2024-02-13 14:32:16,848 - INFO - Optimal value of theta: 268119.27319653647.
2024-02-13 14:32:16,848 - INFO - Beginning optimization with guess, [0.01345555 0.01915384 0.01175174 0.00999278].
2024-02-13 14:32:23,221 - INFO - Finished optimization with guess, [0.01345555 0.01915384 0.01175174 0.00999278].
2024-02-13 14:32:23,221 - INFO - Best fit parameters: [0.00693445 0.01751174 0.03012912 0.00931115].
2024-02-13 14:32:23,364 - INFO - Maximum log composite likelihood: -32.87434106480441.
2024-02-13 14:32:23,364 - INFO - Optimal value of theta: 65038.26893155241.
2024-02-13 14:32:23,364 - INFO - Beginning optimization with guess, [0.01605621 0.02080909 0.00652096 0.01514185].
2024-02-13 14:32:31,909 - INFO - Finished optimization with guess, [0.01605621 0.02080909 0.00652096 0.01514185].
2024-02-13 14:32:31,910 - INFO - Best fit parameters: [0.00430822 0.02182031 0.00733045 0.08918942].
2024-02-13 14:32:32,073 - INFO - Maximum log composite likelihood: -33.17981488718806.
2024-02-13 14:32:32,073 - INFO - Optimal value of theta: 50248.981194508015.
2024-02-13 14:32:32,073 - INFO - Beginning optimization with guess, [0.02485872 0.06118705 0.00729265 0.01985203].
2024-02-13 14:32:34,006 - INFO - Finished optimization with guess, [0.02485872 0.06118705 0.00729265 0.01985203].
2024-02-13 14:32:34,007 - INFO - Best fit parameters: [7.56895630e-02 5.69999144e-01 4.76228660e-04 6.42933007e-03].
2024-02-13 14:32:34,045 - INFO - Maximum log composite likelihood: -35.574603435149356.
2024-02-13 14:32:34,045 - INFO - Optimal value of theta: 1237.2496774696094.
2024-02-13 14:32:34,045 - INFO - Beginning optimization with guess, [0.05523024 0.0856334  0.00708827 0.00621611].
2024-02-13 14:32:35,829 - INFO - Finished optimization with guess, [0.05523024 0.0856334  0.00708827 0.00621611].
2024-02-13 14:32:35,830 - INFO - Best fit parameters: [0.32559423 0.11000703 0.00135636 0.00071217].
2024-02-13 14:32:35,867 - INFO - Maximum log composite likelihood: -35.678661592070966.
2024-02-13 14:32:35,868 - INFO - Optimal value of theta: 1232.152128941386.
2024-02-13 14:32:35,868 - INFO - Beginning optimization with guess, [0.59580277 0.48213166 0.00506578 0.00855724].
2024-02-13 14:32:37,549 - INFO - Finished optimization with guess, [0.59580277 0.48213166 0.00506578 0.00855724].
2024-02-13 14:32:37,549 - INFO - Best fit parameters: [0.51597494 0.64746913 0.00287061 0.01866535].
2024-02-13 14:32:37,587 - INFO - Maximum log composite likelihood: -35.430268860590104.
2024-02-13 14:32:37,587 - INFO - Optimal value of theta: 1241.8277499816625.
2024-02-13 14:32:37,588 - INFO - Beginning optimization with guess, [1.27323765 0.54319056 0.00534526 0.01497138].
2024-02-13 14:32:39,277 - INFO - Finished optimization with guess, [1.27323765 0.54319056 0.00534526 0.01497138].
2024-02-13 14:32:39,277 - INFO - Best fit parameters: [1.39602898e+00 7.58062287e-01 5.53250760e-04 4.35398812e-02].
2024-02-13 14:32:39,316 - INFO - Maximum log composite likelihood: -35.16843143291794.
2024-02-13 14:32:39,316 - INFO - Optimal value of theta: 1241.97982520575.
2024-02-13 14:32:39,316 - INFO - Beginning optimization with guess, [0.71567821 0.89931713 0.01124771 0.00628154].
2024-02-13 14:32:41,035 - INFO - Finished optimization with guess, [0.71567821 0.89931713 0.01124771 0.00628154].
2024-02-13 14:32:41,036 - INFO - Best fit parameters: [0.81971285 0.82207045 0.1397028  0.05446853].
2024-02-13 14:32:41,078 - INFO - Maximum log composite likelihood: -33.953006799186824.
2024-02-13 14:32:41,079 - INFO - Optimal value of theta: 1283.909918511717.
2024-02-13 14:32:41,079 - INFO - Beginning optimization with guess, [0.52305342 1.25733622 0.01161573 0.01256742].
2024-02-13 14:32:42,705 - INFO - Finished optimization with guess, [0.52305342 1.25733622 0.01161573 0.01256742].
2024-02-13 14:32:42,705 - INFO - Best fit parameters: [0.46374126 1.31971445 0.07090324 0.05246016].
2024-02-13 14:32:42,747 - INFO - Maximum log composite likelihood: -33.23971622767567.
2024-02-13 14:32:42,747 - INFO - Optimal value of theta: 1316.9271165457612.
2024-02-13 14:32:42,747 - INFO - Beginning optimization with guess, [0.5650946  0.74825819 0.01332236 0.01818994].
2024-02-13 14:32:44,963 - INFO - Finished optimization with guess, [0.5650946  0.74825819 0.01332236 0.01818994].
2024-02-13 14:32:44,963 - INFO - Best fit parameters: [5.68975985e-01 8.09163643e-01 7.78070755e-04 5.12429090e-01].
2024-02-13 14:32:45,015 - INFO - Maximum log composite likelihood: -33.252288918410386.
2024-02-13 14:32:45,015 - INFO - Optimal value of theta: 1356.5902952315287.
2024-02-13 14:32:45,015 - INFO - Beginning optimization with guess, [2.36564601 1.97547045 0.0073045  0.00770015].
2024-02-13 14:32:46,753 - INFO - Finished optimization with guess, [2.36564601 1.97547045 0.0073045  0.00770015].
2024-02-13 14:32:46,753 - INFO - Best fit parameters: [1.06161417e+00 8.39283371e-01 6.86184201e-05 1.07730504e-04].
2024-02-13 14:32:46,791 - INFO - Maximum log composite likelihood: -37.35174826526509.
2024-02-13 14:32:46,791 - INFO - Optimal value of theta: 1206.9671482583167.
2024-02-13 14:32:46,792 - INFO - Beginning optimization with guess, [1.45232615 1.85955036 0.00798707 0.00567218].
2024-02-13 14:32:48,492 - INFO - Finished optimization with guess, [1.45232615 1.85955036 0.00798707 0.00567218].
2024-02-13 14:32:48,492 - INFO - Best fit parameters: [2.22065643e+00 9.08697351e-01 4.67355205e-04 2.76062824e-02].
2024-02-13 14:32:48,530 - INFO - Maximum log composite likelihood: -36.57016876757825.
2024-02-13 14:32:48,530 - INFO - Optimal value of theta: 1213.7790027158967.
2024-02-13 14:32:48,531 - INFO - Beginning optimization with guess, [1.47552841 1.34464391 0.00681813 0.01129605].
2024-02-13 14:32:50,233 - INFO - Finished optimization with guess, [1.47552841 1.34464391 0.00681813 0.01129605].
2024-02-13 14:32:50,234 - INFO - Best fit parameters: [2.29719371e+00 9.55323806e-01 3.63528230e-04 4.45296110e-02].
2024-02-13 14:32:50,272 - INFO - Maximum log composite likelihood: -36.78060690482175.
2024-02-13 14:32:50,272 - INFO - Optimal value of theta: 1211.8001876644425.
2024-02-13 14:32:50,273 - INFO - Beginning optimization with guess, [2.87484924 1.65775172 0.00584342 0.00724017].
2024-02-13 14:32:52,048 - INFO - Finished optimization with guess, [2.87484924 1.65775172 0.00584342 0.00724017].
2024-02-13 14:32:52,049 - INFO - Best fit parameters: [6.55538370e-01 1.17217717e+00 1.91213070e-05 1.76739564e-05].
2024-02-13 14:32:52,087 - INFO - Maximum log composite likelihood: -37.35555645733575.
2024-02-13 14:32:52,087 - INFO - Optimal value of theta: 1206.9390787341833.
2024-02-13 14:32:52,087 - INFO - Beginning optimization with guess, [1.85588868 3.92930498 0.00658017 0.01327632].
2024-02-13 14:32:53,754 - INFO - Finished optimization with guess, [1.85588868 3.92930498 0.00658017 0.01327632].
2024-02-13 14:32:53,754 - INFO - Best fit parameters: [7.09066182e-01 1.72122043e+00 1.47918835e-04 3.92427913e-05].
2024-02-13 14:32:53,792 - INFO - Maximum log composite likelihood: -37.3405115324274.
2024-02-13 14:32:53,792 - INFO - Optimal value of theta: 1207.0502516154118.
2024-02-13 14:32:53,792 - INFO - Beginning optimization with guess, [2.743347   2.33913328 0.00691373 0.01651483].
2024-02-13 14:32:55,421 - INFO - Finished optimization with guess, [2.743347   2.33913328 0.00691373 0.01651483].
2024-02-13 14:32:55,421 - INFO - Best fit parameters: [7.76234705e-01 1.46407772e+00 4.15724747e-04 9.81491467e-05].
2024-02-13 14:32:55,459 - INFO - Maximum log composite likelihood: -37.322539487334325.
2024-02-13 14:32:55,459 - INFO - Optimal value of theta: 1207.1841750554786.
2024-02-13 14:32:55,459 - INFO - Beginning optimization with guess, [5.10378446 2.91930187 0.01710883 0.01554541].
2024-02-13 14:32:57,195 - INFO - Finished optimization with guess, [5.10378446 2.91930187 0.01710883 0.01554541].
2024-02-13 14:32:57,196 - INFO - Best fit parameters: [2.43256766e-01 9.64628517e-01 1.64009850e-04 9.30709681e-06].
2024-02-13 14:32:57,233 - INFO - Maximum log composite likelihood: -37.15638506636628.
2024-02-13 14:32:57,233 - INFO - Optimal value of theta: 1208.459123051301.
2024-02-13 14:32:57,234 - INFO - Beginning optimization with guess, [2.66621308 4.76445046 0.00658451 0.01461798].
2024-02-13 14:32:58,893 - INFO - Finished optimization with guess, [2.66621308 4.76445046 0.00658451 0.01461798].
2024-02-13 14:32:58,893 - INFO - Best fit parameters: [6.47893020e-01 2.42130773e+00 2.68810241e-04 5.17017193e-05].
2024-02-13 14:32:58,931 - INFO - Maximum log composite likelihood: -37.31158411896536.
2024-02-13 14:32:58,931 - INFO - Optimal value of theta: 1207.2657834599918.
2024-02-13 14:32:58,931 - INFO - Beginning optimization with guess, [2.6444359  3.16865924 0.01160809 0.00587188].
2024-02-13 14:33:00,640 - INFO - Finished optimization with guess, [2.6444359  3.16865924 0.01160809 0.00587188].
2024-02-13 14:33:00,641 - INFO - Best fit parameters: [1.75785363e+00 6.21049139e-01 6.68286643e-05 2.82295266e-04].
2024-02-13 14:33:00,678 - INFO - Maximum log composite likelihood: -37.30025778789832.
2024-02-13 14:33:00,678 - INFO - Optimal value of theta: 1207.3505491417855.
2024-02-13 14:33:00,679 - INFO - Beginning optimization with guess, [5.64960627 6.45803004 0.00904813 0.01041559].
2024-02-13 14:33:02,484 - INFO - Finished optimization with guess, [5.64960627 6.45803004 0.00904813 0.01041559].
2024-02-13 14:33:02,484 - INFO - Best fit parameters: [1.46370202e+01 4.02815838e-01 3.34826641e-04 6.14558998e-03].
2024-02-13 14:33:02,522 - INFO - Maximum log composite likelihood: -35.6210698754503.
2024-02-13 14:33:02,522 - INFO - Optimal value of theta: 1232.3550749104486.
2024-02-13 14:33:02,523 - INFO - Beginning optimization with guess, [6.38106824 2.11635718 0.01435326 0.00775372].
2024-02-13 14:33:04,187 - INFO - Finished optimization with guess, [6.38106824 2.11635718 0.01435326 0.00775372].
2024-02-13 14:33:04,187 - INFO - Best fit parameters: [2.85706123e+00 7.17625165e-01 4.95411030e-05 3.51264902e-04].
2024-02-13 14:33:04,224 - INFO - Maximum log composite likelihood: -37.31539208547156.
2024-02-13 14:33:04,225 - INFO - Optimal value of theta: 1207.2372400756985.
2024-02-13 14:33:04,225 - INFO - Beginning optimization with guess, [3.52297457e+00 9.41069969e+00 6.58292824e-03 1.84345255e-02].
2024-02-13 14:33:05,850 - INFO - Finished optimization with guess, [3.52297457e+00 9.41069969e+00 6.58292824e-03 1.84345255e-02].
2024-02-13 14:33:05,851 - INFO - Best fit parameters: [5.99123530e-01 3.00083559e+00 4.84434371e-04 7.64329991e-05].
2024-02-13 14:33:05,888 - INFO - Maximum log composite likelihood: -37.24916073501004.
2024-02-13 14:33:05,889 - INFO - Optimal value of theta: 1207.738909198063.
2024-02-13 14:33:05,889 - INFO - Beginning optimization with guess, [8.28068359e+00 1.10500910e+01 8.88990775e-03 1.09486865e-02].
2024-02-13 14:33:07,649 - INFO - Finished optimization with guess, [8.28068359e+00 1.10500910e+01 8.88990775e-03 1.09486865e-02].
2024-02-13 14:33:07,651 - INFO - Best fit parameters: [5.50428419e-03 4.06136198e-08 7.36165905e-16 3.52255715e-10].
2024-02-13 14:33:07,693 - INFO - Maximum log composite likelihood: -35.69313416744353.
2024-02-13 14:33:07,694 - INFO - Optimal value of theta: 1232.5641756597588.
2024-02-13 14:33:07,694 - INFO - Beginning optimization with guess, [1.34102494e+01 7.78239004e+00 5.88398664e-03 5.34940917e-03].
2024-02-13 14:33:09,510 - INFO - Finished optimization with guess, [1.34102494e+01 7.78239004e+00 5.88398664e-03 5.34940917e-03].
2024-02-13 14:33:09,510 - INFO - Best fit parameters: [4.15027445e-01 5.73497113e-01 2.91216396e-05 5.07698338e-05].
2024-02-13 14:33:09,548 - INFO - Maximum log composite likelihood: -37.32630378840918.
2024-02-13 14:33:09,548 - INFO - Optimal value of theta: 1207.1555713743446.
2024-02-13 14:33:09,548 - INFO - Beginning optimization with guess, [1.29622070e+01 9.54419198e+00 5.70625649e-03 1.85601963e-02].
2024-02-13 14:33:11,295 - INFO - Finished optimization with guess, [1.29622070e+01 9.54419198e+00 5.70625649e-03 1.85601963e-02].
2024-02-13 14:33:11,296 - INFO - Best fit parameters: [7.47046079e-02 2.52495328e+00 5.64786738e-04 7.69772103e-05].
2024-02-13 14:33:11,333 - INFO - Maximum log composite likelihood: -35.74791876663744.
2024-02-13 14:33:11,333 - INFO - Optimal value of theta: 1227.4474987627575.
2024-02-13 14:33:11,335 - INFO - Finished demographic inference.
2024-02-13 14:33:11,335 - INFO - Pipeline executed succesfully.
