2024-03-14 19:09:26,718 - INFO - Beginning execution of fit_demographic_model.py in directory /u/project/kirk/jonmah/sample_size_demography/Scripts

2024-03-14 19:09:26,719 - INFO - Progress is being logged to ../Analysis/TwoEpochContraction_230/log.log

2024-03-14 19:09:26,719 - INFO - Parsed the following arguments:
	syn_input_sfs = ../Analysis/TwoEpochContraction_230/syn_downsampled_sfs.txt
	mask_singletons = False
	mask_doubletons = False
	outprefix = ../Analysis/TwoEpochContraction_230/

2024-03-14 19:09:26,752 - INFO - Beginning demographic inference for one-epoch demographic model.
2024-03-14 19:09:26,753 - INFO - Beginning optimization with guess, [0.08545623].
2024-03-14 19:09:52,073 - INFO - Finished optimization with guess, [0.08545623].
2024-03-14 19:09:52,075 - INFO - Best fit parameters: [0.08545623].
2024-03-14 19:09:52,815 - INFO - Maximum log composite likelihood: -2240.71769579144.
2024-03-14 19:09:52,815 - INFO - Optimal value of theta: 8771.399595494864.
2024-03-14 19:09:52,816 - INFO - Beginning optimization with guess, [0.12075227].
2024-03-14 19:10:16,660 - INFO - Finished optimization with guess, [0.12075227].
2024-03-14 19:10:16,661 - INFO - Best fit parameters: [0.12075227].
2024-03-14 19:10:17,371 - INFO - Maximum log composite likelihood: -2240.71769579144.
2024-03-14 19:10:17,371 - INFO - Optimal value of theta: 8771.399595494864.
2024-03-14 19:10:17,372 - INFO - Beginning optimization with guess, [0.16405258].
2024-03-14 19:10:40,517 - INFO - Finished optimization with guess, [0.16405258].
2024-03-14 19:10:40,518 - INFO - Best fit parameters: [0.16405258].
2024-03-14 19:10:41,216 - INFO - Maximum log composite likelihood: -2240.71769579144.
2024-03-14 19:10:41,216 - INFO - Optimal value of theta: 8771.399595494864.
2024-03-14 19:10:41,216 - INFO - Beginning optimization with guess, [0.35592402].
2024-03-14 19:11:04,563 - INFO - Finished optimization with guess, [0.35592402].
2024-03-14 19:11:04,564 - INFO - Best fit parameters: [0.35592402].
2024-03-14 19:11:05,303 - INFO - Maximum log composite likelihood: -2240.71769579144.
2024-03-14 19:11:05,303 - INFO - Optimal value of theta: 8771.399595494864.
2024-03-14 19:11:05,303 - INFO - Beginning optimization with guess, [0.50438923].
2024-03-14 19:11:27,239 - INFO - Finished optimization with guess, [0.50438923].
2024-03-14 19:11:27,240 - INFO - Best fit parameters: [0.50438923].
2024-03-14 19:11:28,023 - INFO - Maximum log composite likelihood: -2240.71769579144.
2024-03-14 19:11:28,024 - INFO - Optimal value of theta: 8771.399595494864.
2024-03-14 19:11:28,024 - INFO - Beginning optimization with guess, [0.89435356].
2024-03-14 19:11:43,355 - INFO - Finished optimization with guess, [0.89435356].
2024-03-14 19:11:43,356 - INFO - Best fit parameters: [0.89435356].
2024-03-14 19:11:44,107 - INFO - Maximum log composite likelihood: -2240.71769579144.
2024-03-14 19:11:44,107 - INFO - Optimal value of theta: 8771.399595494864.
2024-03-14 19:11:44,108 - INFO - Beginning optimization with guess, [0.91328189].
2024-03-14 19:11:58,261 - INFO - Finished optimization with guess, [0.91328189].
2024-03-14 19:11:58,262 - INFO - Best fit parameters: [0.91328189].
2024-03-14 19:11:58,948 - INFO - Maximum log composite likelihood: -2240.71769579144.
2024-03-14 19:11:58,948 - INFO - Optimal value of theta: 8771.399595494864.
2024-03-14 19:11:58,948 - INFO - Beginning optimization with guess, [0.72166676].
2024-03-14 19:12:17,054 - INFO - Finished optimization with guess, [0.72166676].
2024-03-14 19:12:17,055 - INFO - Best fit parameters: [0.72166676].
2024-03-14 19:12:17,772 - INFO - Maximum log composite likelihood: -2240.71769579144.
2024-03-14 19:12:17,772 - INFO - Optimal value of theta: 8771.399595494864.
2024-03-14 19:12:17,772 - INFO - Beginning optimization with guess, [0.59793475].
2024-03-14 19:12:38,332 - INFO - Finished optimization with guess, [0.59793475].
2024-03-14 19:12:38,333 - INFO - Best fit parameters: [0.59793475].
2024-03-14 19:12:39,036 - INFO - Maximum log composite likelihood: -2240.71769579144.
2024-03-14 19:12:39,036 - INFO - Optimal value of theta: 8771.399595494864.
2024-03-14 19:12:39,036 - INFO - Beginning optimization with guess, [0.91675981].
2024-03-14 19:12:52,878 - INFO - Finished optimization with guess, [0.91675981].
2024-03-14 19:12:52,879 - INFO - Best fit parameters: [0.91675981].
2024-03-14 19:12:53,563 - INFO - Maximum log composite likelihood: -2240.71769579144.
2024-03-14 19:12:53,563 - INFO - Optimal value of theta: 8771.399595494864.
2024-03-14 19:12:53,563 - INFO - Beginning optimization with guess, [1.37694118].
2024-03-14 19:13:11,432 - INFO - Finished optimization with guess, [1.37694118].
2024-03-14 19:13:11,433 - INFO - Best fit parameters: [1.37694118].
2024-03-14 19:13:12,118 - INFO - Maximum log composite likelihood: -2240.71769579144.
2024-03-14 19:13:12,118 - INFO - Optimal value of theta: 8771.399595494864.
2024-03-14 19:13:12,119 - INFO - Beginning optimization with guess, [0.88173309].
2024-03-14 19:13:25,822 - INFO - Finished optimization with guess, [0.88173309].
2024-03-14 19:13:25,823 - INFO - Best fit parameters: [0.88173309].
2024-03-14 19:13:26,505 - INFO - Maximum log composite likelihood: -2240.71769579144.
2024-03-14 19:13:26,505 - INFO - Optimal value of theta: 8771.399595494864.
2024-03-14 19:13:26,506 - INFO - Beginning optimization with guess, [2.2972403].
2024-03-14 19:13:47,080 - INFO - Finished optimization with guess, [2.2972403].
2024-03-14 19:13:47,081 - INFO - Best fit parameters: [2.2972403].
2024-03-14 19:13:47,765 - INFO - Maximum log composite likelihood: -2240.71769579144.
2024-03-14 19:13:47,766 - INFO - Optimal value of theta: 8771.399595494864.
2024-03-14 19:13:47,766 - INFO - Beginning optimization with guess, [2.13977471].
2024-03-14 19:14:07,756 - INFO - Finished optimization with guess, [2.13977471].
2024-03-14 19:14:07,757 - INFO - Best fit parameters: [2.13977471].
2024-03-14 19:14:08,413 - INFO - Maximum log composite likelihood: -2240.71769579144.
2024-03-14 19:14:08,413 - INFO - Optimal value of theta: 8771.399595494864.
2024-03-14 19:14:08,413 - INFO - Beginning optimization with guess, [3.96979685].
2024-03-14 19:14:32,448 - INFO - Finished optimization with guess, [3.96979685].
2024-03-14 19:14:32,449 - INFO - Best fit parameters: [3.96979685].
2024-03-14 19:14:33,176 - INFO - Maximum log composite likelihood: -2240.71769579144.
2024-03-14 19:14:33,176 - INFO - Optimal value of theta: 8771.399595494864.
2024-03-14 19:14:33,176 - INFO - Beginning optimization with guess, [2.24848737].
2024-03-14 19:14:54,162 - INFO - Finished optimization with guess, [2.24848737].
2024-03-14 19:14:54,163 - INFO - Best fit parameters: [2.24848737].
2024-03-14 19:14:54,882 - INFO - Maximum log composite likelihood: -2240.71769579144.
2024-03-14 19:14:54,882 - INFO - Optimal value of theta: 8771.399595494864.
2024-03-14 19:14:54,882 - INFO - Beginning optimization with guess, [2.85596736].
2024-03-14 19:15:17,696 - INFO - Finished optimization with guess, [2.85596736].
2024-03-14 19:15:17,697 - INFO - Best fit parameters: [2.85596736].
2024-03-14 19:15:18,387 - INFO - Maximum log composite likelihood: -2240.71769579144.
2024-03-14 19:15:18,388 - INFO - Optimal value of theta: 8771.399595494864.
2024-03-14 19:15:18,388 - INFO - Beginning optimization with guess, [2.59537712].
2024-03-14 19:15:38,760 - INFO - Finished optimization with guess, [2.59537712].
2024-03-14 19:15:39,160 - INFO - Best fit parameters: [2.59537712].
2024-03-14 19:15:39,896 - INFO - Maximum log composite likelihood: -2240.71769579144.
2024-03-14 19:15:39,897 - INFO - Optimal value of theta: 8771.399595494864.
2024-03-14 19:15:39,897 - INFO - Beginning optimization with guess, [1.85429384].
2024-03-14 19:16:00,405 - INFO - Finished optimization with guess, [1.85429384].
2024-03-14 19:16:00,407 - INFO - Best fit parameters: [1.85429384].
2024-03-14 19:16:01,086 - INFO - Maximum log composite likelihood: -2240.71769579144.
2024-03-14 19:16:01,086 - INFO - Optimal value of theta: 8771.399595494864.
2024-03-14 19:16:01,087 - INFO - Beginning optimization with guess, [3.51094623].
2024-03-14 19:16:23,012 - INFO - Finished optimization with guess, [3.51094623].
2024-03-14 19:16:23,013 - INFO - Best fit parameters: [3.51094623].
2024-03-14 19:16:23,656 - INFO - Maximum log composite likelihood: -2240.71769579144.
2024-03-14 19:16:23,656 - INFO - Optimal value of theta: 8771.399595494864.
2024-03-14 19:16:23,656 - INFO - Beginning optimization with guess, [4.03076541].
2024-03-14 19:16:47,125 - INFO - Finished optimization with guess, [4.03076541].
2024-03-14 19:16:47,127 - INFO - Best fit parameters: [4.03076541].
2024-03-14 19:16:47,878 - INFO - Maximum log composite likelihood: -2240.71769579144.
2024-03-14 19:16:47,878 - INFO - Optimal value of theta: 8771.399595494864.
2024-03-14 19:16:47,879 - INFO - Beginning optimization with guess, [7.20080755].
2024-03-14 19:17:10,713 - INFO - Finished optimization with guess, [7.20080755].
2024-03-14 19:17:10,715 - INFO - Best fit parameters: [7.20080755].
2024-03-14 19:17:11,462 - INFO - Maximum log composite likelihood: -2240.71769579144.
2024-03-14 19:17:11,463 - INFO - Optimal value of theta: 8771.399595494864.
2024-03-14 19:17:11,463 - INFO - Beginning optimization with guess, [9.64504553].
2024-03-14 19:17:36,893 - INFO - Finished optimization with guess, [9.64504553].
2024-03-14 19:17:36,894 - INFO - Best fit parameters: [9.64504553].
2024-03-14 19:17:37,644 - INFO - Maximum log composite likelihood: -2240.71769579144.
2024-03-14 19:17:37,644 - INFO - Optimal value of theta: 8771.399595494864.
2024-03-14 19:17:37,645 - INFO - Beginning optimization with guess, [11.69964365].
2024-03-14 19:18:03,378 - INFO - Finished optimization with guess, [11.69964365].
2024-03-14 19:18:03,379 - INFO - Best fit parameters: [11.69964365].
2024-03-14 19:18:04,065 - INFO - Maximum log composite likelihood: -2240.71769579144.
2024-03-14 19:18:04,065 - INFO - Optimal value of theta: 8771.399595494864.
2024-03-14 19:18:04,065 - INFO - Beginning optimization with guess, [15.56083614].
2024-03-14 19:18:29,288 - INFO - Finished optimization with guess, [15.56083614].
2024-03-14 19:18:29,289 - INFO - Best fit parameters: [15.56083614].
2024-03-14 19:18:30,035 - INFO - Maximum log composite likelihood: -2240.71769579144.
2024-03-14 19:18:30,035 - INFO - Optimal value of theta: 8771.399595494864.
2024-03-14 19:18:30,039 - INFO - Finished demographic inference.
2024-03-14 19:18:30,039 - INFO - Pipeline executed succesfully.
