2024-01-10 13:55:43,197 - INFO - Beginning execution of fit_demographic_model.py in directory /u/project/kirk/jonmah/sample_size_demography/Scripts

2024-01-10 13:55:43,197 - INFO - Progress is being logged to ../Analysis/1kg_EUR_470/log.log

2024-01-10 13:55:43,197 - INFO - Parsed the following arguments:
	syn_input_sfs = ../Analysis/1kg_EUR_470/syn_downsampled_sfs.txt
	mask_singletons = False
	mask_doubletons = False
	outprefix = ../Analysis/1kg_EUR_470/

2024-01-10 13:55:43,199 - INFO - Beginning demographic inference for one-epoch demographic model.
2024-01-10 13:55:43,200 - INFO - Beginning optimization with guess, [0.0883623].
2024-01-10 13:56:20,544 - INFO - Finished optimization with guess, [0.0883623].
2024-01-10 13:56:20,546 - INFO - Best fit parameters: [0.0883623].
2024-01-10 13:56:21,584 - INFO - Maximum log composite likelihood: -1047.6243004609496.
2024-01-10 13:56:21,584 - INFO - Optimal value of theta: 5193.87053113609.
2024-01-10 13:56:21,584 - INFO - Beginning optimization with guess, [0.14193769].
2024-01-10 13:56:55,528 - INFO - Finished optimization with guess, [0.14193769].
2024-01-10 13:56:55,529 - INFO - Best fit parameters: [0.14193769].
2024-01-10 13:56:56,570 - INFO - Maximum log composite likelihood: -1047.6243004609496.
2024-01-10 13:56:56,570 - INFO - Optimal value of theta: 5193.87053113609.
2024-01-10 13:56:56,570 - INFO - Beginning optimization with guess, [0.30631622].
2024-01-10 13:57:30,934 - INFO - Finished optimization with guess, [0.30631622].
2024-01-10 13:57:30,935 - INFO - Best fit parameters: [0.30631622].
2024-01-10 13:57:31,953 - INFO - Maximum log composite likelihood: -1047.6243004609496.
2024-01-10 13:57:31,953 - INFO - Optimal value of theta: 5193.87053113609.
2024-01-10 13:57:31,953 - INFO - Beginning optimization with guess, [0.20148862].
2024-01-10 13:58:05,645 - INFO - Finished optimization with guess, [0.20148862].
2024-01-10 13:58:05,646 - INFO - Best fit parameters: [0.20148862].
2024-01-10 13:58:06,693 - INFO - Maximum log composite likelihood: -1047.6243004609496.
2024-01-10 13:58:06,693 - INFO - Optimal value of theta: 5193.87053113609.
2024-01-10 13:58:06,693 - INFO - Beginning optimization with guess, [0.77954534].
2024-01-10 13:58:31,211 - INFO - Finished optimization with guess, [0.77954534].
2024-01-10 13:58:31,212 - INFO - Best fit parameters: [0.77954534].
2024-01-10 13:58:32,307 - INFO - Maximum log composite likelihood: -1047.6243004609496.
2024-01-10 13:58:32,307 - INFO - Optimal value of theta: 5193.87053113609.
2024-01-10 13:58:32,307 - INFO - Beginning optimization with guess, [0.3087987].
2024-01-10 13:59:06,138 - INFO - Finished optimization with guess, [0.3087987].
2024-01-10 13:59:06,139 - INFO - Best fit parameters: [0.3087987].
2024-01-10 13:59:07,172 - INFO - Maximum log composite likelihood: -1047.6243004609496.
2024-01-10 13:59:07,173 - INFO - Optimal value of theta: 5193.87053113609.
2024-01-10 13:59:07,173 - INFO - Beginning optimization with guess, [1.06588025].
2024-01-10 13:59:25,255 - INFO - Finished optimization with guess, [1.06588025].
2024-01-10 13:59:25,256 - INFO - Best fit parameters: [1.06588025].
2024-01-10 13:59:26,351 - INFO - Maximum log composite likelihood: -1047.6243004609496.
2024-01-10 13:59:26,351 - INFO - Optimal value of theta: 5193.87053113609.
2024-01-10 13:59:26,351 - INFO - Beginning optimization with guess, [0.64294836].
2024-01-10 13:59:54,028 - INFO - Finished optimization with guess, [0.64294836].
2024-01-10 13:59:54,031 - INFO - Best fit parameters: [0.64294836].
2024-01-10 13:59:55,050 - INFO - Maximum log composite likelihood: -1047.6243004609496.
2024-01-10 13:59:55,050 - INFO - Optimal value of theta: 5193.87053113609.
2024-01-10 13:59:55,050 - INFO - Beginning optimization with guess, [0.93672207].
2024-01-10 14:00:16,063 - INFO - Finished optimization with guess, [0.93672207].
2024-01-10 14:00:16,064 - INFO - Best fit parameters: [0.93672207].
2024-01-10 14:00:17,126 - INFO - Maximum log composite likelihood: -1047.6243004609496.
2024-01-10 14:00:17,126 - INFO - Optimal value of theta: 5193.87053113609.
2024-01-10 14:00:17,127 - INFO - Beginning optimization with guess, [0.64051786].
2024-01-10 14:00:44,519 - INFO - Finished optimization with guess, [0.64051786].
2024-01-10 14:00:44,520 - INFO - Best fit parameters: [0.64051786].
2024-01-10 14:00:45,546 - INFO - Maximum log composite likelihood: -1047.6243004609496.
2024-01-10 14:00:45,546 - INFO - Optimal value of theta: 5193.87053113609.
2024-01-10 14:00:45,546 - INFO - Beginning optimization with guess, [0.6819247].
2024-01-10 14:01:12,556 - INFO - Finished optimization with guess, [0.6819247].
2024-01-10 14:01:12,557 - INFO - Best fit parameters: [0.6819247].
2024-01-10 14:01:13,623 - INFO - Maximum log composite likelihood: -1047.6243004609496.
2024-01-10 14:01:13,623 - INFO - Optimal value of theta: 5193.87053113609.
2024-01-10 14:01:13,624 - INFO - Beginning optimization with guess, [1.08431223].
2024-01-10 14:01:35,167 - INFO - Finished optimization with guess, [1.08431223].
2024-01-10 14:01:35,168 - INFO - Best fit parameters: [1.08431223].
2024-01-10 14:01:36,236 - INFO - Maximum log composite likelihood: -1047.6243004609496.
2024-01-10 14:01:36,236 - INFO - Optimal value of theta: 5193.87053113609.
2024-01-10 14:01:36,236 - INFO - Beginning optimization with guess, [1.12398229].
2024-01-10 14:01:57,325 - INFO - Finished optimization with guess, [1.12398229].
2024-01-10 14:01:57,326 - INFO - Best fit parameters: [1.12398229].
2024-01-10 14:01:58,380 - INFO - Maximum log composite likelihood: -1047.6243004609496.
2024-01-10 14:01:58,380 - INFO - Optimal value of theta: 5193.87053113609.
2024-01-10 14:01:58,381 - INFO - Beginning optimization with guess, [3.12582871].
2024-01-10 14:02:32,121 - INFO - Finished optimization with guess, [3.12582871].
2024-01-10 14:02:32,122 - INFO - Best fit parameters: [3.12582871].
2024-01-10 14:02:33,219 - INFO - Maximum log composite likelihood: -1047.6243004609496.
2024-01-10 14:02:33,219 - INFO - Optimal value of theta: 5193.87053113609.
2024-01-10 14:02:33,219 - INFO - Beginning optimization with guess, [3.21566535].
2024-01-10 14:03:06,880 - INFO - Finished optimization with guess, [3.21566535].
2024-01-10 14:03:06,882 - INFO - Best fit parameters: [3.21566535].
2024-01-10 14:03:07,920 - INFO - Maximum log composite likelihood: -1047.6243004609496.
2024-01-10 14:03:07,920 - INFO - Optimal value of theta: 5193.87053113609.
2024-01-10 14:03:07,920 - INFO - Beginning optimization with guess, [1.4298058].
2024-01-10 14:03:35,262 - INFO - Finished optimization with guess, [1.4298058].
2024-01-10 14:03:35,265 - INFO - Best fit parameters: [1.4298058].
2024-01-10 14:03:36,290 - INFO - Maximum log composite likelihood: -1047.6243004609496.
2024-01-10 14:03:36,290 - INFO - Optimal value of theta: 5193.87053113609.
2024-01-10 14:03:36,290 - INFO - Beginning optimization with guess, [4.88589206].
2024-01-10 14:04:09,902 - INFO - Finished optimization with guess, [4.88589206].
2024-01-10 14:04:09,903 - INFO - Best fit parameters: [4.88589206].
2024-01-10 14:04:10,934 - INFO - Maximum log composite likelihood: -1047.6243004609496.
2024-01-10 14:04:10,935 - INFO - Optimal value of theta: 5193.87053113609.
2024-01-10 14:04:10,935 - INFO - Beginning optimization with guess, [4.76834418].
2024-01-10 14:04:44,844 - INFO - Finished optimization with guess, [4.76834418].
2024-01-10 14:04:44,846 - INFO - Best fit parameters: [4.76834418].
2024-01-10 14:04:45,866 - INFO - Maximum log composite likelihood: -1047.6243004609496.
2024-01-10 14:04:45,866 - INFO - Optimal value of theta: 5193.87053113609.
2024-01-10 14:04:45,866 - INFO - Beginning optimization with guess, [3.40540946].
2024-01-10 14:05:19,810 - INFO - Finished optimization with guess, [3.40540946].
2024-01-10 14:05:19,811 - INFO - Best fit parameters: [3.40540946].
2024-01-10 14:05:20,840 - INFO - Maximum log composite likelihood: -1047.6243004609496.
2024-01-10 14:05:20,840 - INFO - Optimal value of theta: 5193.87053113609.
2024-01-10 14:05:20,841 - INFO - Beginning optimization with guess, [2.46116314].
2024-01-10 14:05:51,450 - INFO - Finished optimization with guess, [2.46116314].
2024-01-10 14:05:51,451 - INFO - Best fit parameters: [2.46116314].
2024-01-10 14:05:52,493 - INFO - Maximum log composite likelihood: -1047.6243004609496.
2024-01-10 14:05:52,493 - INFO - Optimal value of theta: 5193.87053113609.
2024-01-10 14:05:52,494 - INFO - Beginning optimization with guess, [2.25396984].
2024-01-10 14:06:22,993 - INFO - Finished optimization with guess, [2.25396984].
2024-01-10 14:06:22,994 - INFO - Best fit parameters: [2.25396984].
2024-01-10 14:06:24,030 - INFO - Maximum log composite likelihood: -1047.6243004609496.
2024-01-10 14:06:24,030 - INFO - Optimal value of theta: 5193.87053113609.
2024-01-10 14:06:24,030 - INFO - Beginning optimization with guess, [5.69489641].
2024-01-10 14:06:57,690 - INFO - Finished optimization with guess, [5.69489641].
2024-01-10 14:06:57,691 - INFO - Best fit parameters: [5.69489641].
2024-01-10 14:06:58,769 - INFO - Maximum log composite likelihood: -1047.6243004609496.
2024-01-10 14:06:58,769 - INFO - Optimal value of theta: 5193.87053113609.
2024-01-10 14:06:58,770 - INFO - Beginning optimization with guess, [5.64166766].
2024-01-10 14:07:32,607 - INFO - Finished optimization with guess, [5.64166766].
2024-01-10 14:07:32,608 - INFO - Best fit parameters: [5.64166766].
2024-01-10 14:07:33,661 - INFO - Maximum log composite likelihood: -1047.6243004609496.
2024-01-10 14:07:33,662 - INFO - Optimal value of theta: 5193.87053113609.
2024-01-10 14:07:33,662 - INFO - Beginning optimization with guess, [4.08176503].
2024-01-10 14:08:07,190 - INFO - Finished optimization with guess, [4.08176503].
2024-01-10 14:08:07,190 - INFO - Best fit parameters: [4.08176503].
2024-01-10 14:08:08,287 - INFO - Maximum log composite likelihood: -1047.6243004609496.
2024-01-10 14:08:08,287 - INFO - Optimal value of theta: 5193.87053113609.
2024-01-10 14:08:08,287 - INFO - Beginning optimization with guess, [4.18487019].
2024-01-10 14:08:41,983 - INFO - Finished optimization with guess, [4.18487019].
2024-01-10 14:08:41,983 - INFO - Best fit parameters: [4.18487019].
2024-01-10 14:08:43,030 - INFO - Maximum log composite likelihood: -1047.6243004609496.
2024-01-10 14:08:43,030 - INFO - Optimal value of theta: 5193.87053113609.
2024-01-10 14:08:43,035 - INFO - Beginning demographic inference for two-epoch demographic model.
2024-01-10 14:08:43,037 - INFO - Beginning optimization with guess, [0.11006882 0.00975827].
2024-01-10 14:10:20,808 - INFO - Finished optimization with guess, [0.11006882 0.00975827].
2024-01-10 14:10:20,810 - INFO - Best fit parameters: [1.83380895 0.00446649].
2024-01-10 14:10:21,837 - INFO - Maximum log composite likelihood: -928.7646227504437.
2024-01-10 14:10:21,837 - INFO - Optimal value of theta: 4948.231967240765.
2024-01-10 14:10:21,837 - INFO - Beginning optimization with guess, [0.23638362 0.01188901].
2024-01-10 14:11:58,554 - INFO - Finished optimization with guess, [0.23638362 0.01188901].
2024-01-10 14:11:58,555 - INFO - Best fit parameters: [1.83378106 0.00446658].
2024-01-10 14:11:59,582 - INFO - Maximum log composite likelihood: -928.764622731081.
2024-01-10 14:11:59,582 - INFO - Optimal value of theta: 4948.233594272289.
2024-01-10 14:11:59,582 - INFO - Beginning optimization with guess, [0.28860882 0.00568013].
2024-01-10 14:13:38,731 - INFO - Finished optimization with guess, [0.28860882 0.00568013].
2024-01-10 14:13:38,732 - INFO - Best fit parameters: [1.83371907 0.00446672].
2024-01-10 14:13:39,760 - INFO - Maximum log composite likelihood: -928.7646228893276.
2024-01-10 14:13:39,760 - INFO - Optimal value of theta: 4948.239342851177.
2024-01-10 14:13:39,761 - INFO - Beginning optimization with guess, [0.61653321 0.01122651].
2024-01-10 14:15:19,762 - INFO - Finished optimization with guess, [0.61653321 0.01122651].
2024-01-10 14:15:19,763 - INFO - Best fit parameters: [1.83369443 0.0044668 ].
2024-01-10 14:15:20,802 - INFO - Maximum log composite likelihood: -928.7646230173375.
2024-01-10 14:15:20,803 - INFO - Optimal value of theta: 4948.2407588703845.
2024-01-10 14:15:20,803 - INFO - Beginning optimization with guess, [0.28782155 0.01616281].
2024-01-10 14:16:55,575 - INFO - Finished optimization with guess, [0.28782155 0.01616281].
2024-01-10 14:16:55,576 - INFO - Best fit parameters: [1.83381727 0.00446642].
2024-01-10 14:16:56,598 - INFO - Maximum log composite likelihood: -928.7646227536212.
2024-01-10 14:16:56,598 - INFO - Optimal value of theta: 4948.233088515102.
2024-01-10 14:16:56,598 - INFO - Beginning optimization with guess, [1.12000292 0.01007047].
2024-01-10 14:18:34,787 - INFO - Finished optimization with guess, [1.12000292 0.01007047].
2024-01-10 14:18:34,788 - INFO - Best fit parameters: [1.83377793 0.00446661].
2024-01-10 14:18:35,862 - INFO - Maximum log composite likelihood: -928.7646227353227.
2024-01-10 14:18:35,862 - INFO - Optimal value of theta: 4948.232779389799.
2024-01-10 14:18:35,862 - INFO - Beginning optimization with guess, [1.22982526 0.00836477].
2024-01-10 14:19:55,493 - INFO - Finished optimization with guess, [1.22982526 0.00836477].
2024-01-10 14:19:55,494 - INFO - Best fit parameters: [1.83378727 0.00446645].
2024-01-10 14:19:56,511 - INFO - Maximum log composite likelihood: -928.7646227389637.
2024-01-10 14:19:56,512 - INFO - Optimal value of theta: 4948.237289943075.
2024-01-10 14:19:56,512 - INFO - Beginning optimization with guess, [0.93086273 0.00639392].
2024-01-10 14:21:36,435 - INFO - Finished optimization with guess, [0.93086273 0.00639392].
2024-01-10 14:21:36,436 - INFO - Best fit parameters: [1.83415248 0.00446378].
2024-01-10 14:21:37,462 - INFO - Maximum log composite likelihood: -928.7646275764866.
2024-01-10 14:21:37,462 - INFO - Optimal value of theta: 4948.27493490631.
2024-01-10 14:21:37,462 - INFO - Beginning optimization with guess, [1.33303233 0.01867268].
2024-01-10 14:22:57,163 - INFO - Finished optimization with guess, [1.33303233 0.01867268].
2024-01-10 14:22:57,165 - INFO - Best fit parameters: [1.83374747 0.00446663].
2024-01-10 14:22:58,179 - INFO - Maximum log composite likelihood: -928.7646227871433.
2024-01-10 14:22:58,180 - INFO - Optimal value of theta: 4948.23766683643.
2024-01-10 14:22:58,180 - INFO - Beginning optimization with guess, [0.68304029 0.00939361].
2024-01-10 14:24:32,277 - INFO - Finished optimization with guess, [0.68304029 0.00939361].
2024-01-10 14:24:32,278 - INFO - Best fit parameters: [1.83339162 0.0044691 ].
2024-01-10 14:24:33,300 - INFO - Maximum log composite likelihood: -928.764627170928.
2024-01-10 14:24:33,300 - INFO - Optimal value of theta: 4948.206346267813.
2024-01-10 14:24:33,300 - INFO - Beginning optimization with guess, [2.16899709 0.01484479].
2024-01-10 14:25:45,264 - INFO - Finished optimization with guess, [2.16899709 0.01484479].
2024-01-10 14:25:45,265 - INFO - Best fit parameters: [1.83380997 0.00446637].
2024-01-10 14:25:46,288 - INFO - Maximum log composite likelihood: -928.7646227423407.
2024-01-10 14:25:46,288 - INFO - Optimal value of theta: 4948.236284438202.
2024-01-10 14:25:46,288 - INFO - Beginning optimization with guess, [1.01872764 0.00552297].
2024-01-10 14:27:24,195 - INFO - Finished optimization with guess, [1.01872764 0.00552297].
2024-01-10 14:27:24,197 - INFO - Best fit parameters: [1.83376937 0.00446666].
2024-01-10 14:27:25,222 - INFO - Maximum log composite likelihood: -928.7646227412528.
2024-01-10 14:27:25,222 - INFO - Optimal value of theta: 4948.232541788133.
2024-01-10 14:27:25,223 - INFO - Beginning optimization with guess, [1.71880725 0.01262816].
2024-01-10 14:28:44,225 - INFO - Finished optimization with guess, [1.71880725 0.01262816].
2024-01-10 14:28:44,227 - INFO - Best fit parameters: [1.83376256 0.00446664].
2024-01-10 14:28:45,238 - INFO - Maximum log composite likelihood: -928.7646227447494.
2024-01-10 14:28:45,238 - INFO - Optimal value of theta: 4948.234718623405.
2024-01-10 14:28:45,238 - INFO - Beginning optimization with guess, [1.36457595 0.00617161].
2024-01-10 14:29:59,232 - INFO - Finished optimization with guess, [1.36457595 0.00617161].
2024-01-10 14:29:59,234 - INFO - Best fit parameters: [1.83376342 0.00446662].
2024-01-10 14:30:00,246 - INFO - Maximum log composite likelihood: -928.7646227445412.
2024-01-10 14:30:00,247 - INFO - Optimal value of theta: 4948.235172659418.
2024-01-10 14:30:00,247 - INFO - Beginning optimization with guess, [2.49827044 0.00911801].
2024-01-10 14:31:15,709 - INFO - Finished optimization with guess, [2.49827044 0.00911801].
2024-01-10 14:31:15,711 - INFO - Best fit parameters: [1.83376373 0.00446672].
2024-01-10 14:31:16,719 - INFO - Maximum log composite likelihood: -928.7646227571408.
2024-01-10 14:31:16,720 - INFO - Optimal value of theta: 4948.231036792678.
2024-01-10 14:31:16,720 - INFO - Beginning optimization with guess, [2.33468597 0.01849469].
2024-01-10 14:32:32,150 - INFO - Finished optimization with guess, [2.33468597 0.01849469].
2024-01-10 14:32:32,152 - INFO - Best fit parameters: [1.8337997  0.00446642].
2024-01-10 14:32:33,159 - INFO - Maximum log composite likelihood: -928.7646227353265.
2024-01-10 14:32:33,159 - INFO - Optimal value of theta: 4948.236269251728.
2024-01-10 14:32:33,159 - INFO - Beginning optimization with guess, [1.67597532 0.01029887].
2024-01-10 14:34:02,668 - INFO - Finished optimization with guess, [1.67597532 0.01029887].
2024-01-10 14:34:02,670 - INFO - Best fit parameters: [1.83379394 0.00446654].
2024-01-10 14:34:03,684 - INFO - Maximum log composite likelihood: -928.7646227344521.
2024-01-10 14:34:03,684 - INFO - Optimal value of theta: 4948.232587719872.
2024-01-10 14:34:03,684 - INFO - Beginning optimization with guess, [5.9593293  0.01315132].
2024-01-10 14:35:26,642 - INFO - Finished optimization with guess, [5.9593293  0.01315132].
2024-01-10 14:35:26,643 - INFO - Best fit parameters: [1.83380438 0.00446637].
2024-01-10 14:35:27,667 - INFO - Maximum log composite likelihood: -928.7646227449289.
2024-01-10 14:35:27,667 - INFO - Optimal value of theta: 4948.237499158985.
2024-01-10 14:35:27,668 - INFO - Beginning optimization with guess, [2.24708911 0.0130932 ].
2024-01-10 14:36:31,121 - INFO - Finished optimization with guess, [2.24708911 0.0130932 ].
2024-01-10 14:36:31,122 - INFO - Best fit parameters: [1.83382155 0.00446634].
2024-01-10 14:36:32,129 - INFO - Maximum log composite likelihood: -928.7646227543535.
2024-01-10 14:36:32,129 - INFO - Optimal value of theta: 4948.235287772675.
2024-01-10 14:36:32,130 - INFO - Beginning optimization with guess, [4.63095768 0.01920253].
2024-01-10 14:37:48,763 - INFO - Finished optimization with guess, [4.63095768 0.01920253].
2024-01-10 14:37:48,764 - INFO - Best fit parameters: [1.83374721 0.00446666].
2024-01-10 14:37:49,770 - INFO - Maximum log composite likelihood: -928.7646227797921.
2024-01-10 14:37:49,770 - INFO - Optimal value of theta: 4948.236744044313.
2024-01-10 14:37:49,770 - INFO - Beginning optimization with guess, [5.51715286 0.00643059].
2024-01-10 14:39:16,278 - INFO - Finished optimization with guess, [5.51715286 0.00643059].
2024-01-10 14:39:16,279 - INFO - Best fit parameters: [1.83376669 0.00446655].
2024-01-10 14:39:17,285 - INFO - Maximum log composite likelihood: -928.7646227538584.
2024-01-10 14:39:17,285 - INFO - Optimal value of theta: 4948.237445716436.
2024-01-10 14:39:17,285 - INFO - Beginning optimization with guess, [8.68135831 0.01701899].
2024-01-10 14:40:46,774 - INFO - Finished optimization with guess, [8.68135831 0.01701899].
2024-01-10 14:40:46,776 - INFO - Best fit parameters: [1.83377792 0.00446664].
2024-01-10 14:40:47,781 - INFO - Maximum log composite likelihood: -928.7646227422354.
2024-01-10 14:40:47,781 - INFO - Optimal value of theta: 4948.231547920133.
2024-01-10 14:40:47,781 - INFO - Beginning optimization with guess, [3.50235419 0.01646701].
2024-01-10 14:42:12,347 - INFO - Finished optimization with guess, [3.50235419 0.01646701].
2024-01-10 14:42:12,348 - INFO - Best fit parameters: [1.83382271 0.00446631].
2024-01-10 14:42:13,354 - INFO - Maximum log composite likelihood: -928.7646227590201.
2024-01-10 14:42:13,355 - INFO - Optimal value of theta: 4948.236443536681.
2024-01-10 14:42:13,355 - INFO - Beginning optimization with guess, [9.28721930e+00 7.92974202e-03].
2024-01-10 14:43:41,152 - INFO - Finished optimization with guess, [9.28721930e+00 7.92974202e-03].
2024-01-10 14:43:41,153 - INFO - Best fit parameters: [1.83376029 0.00446668].
2024-01-10 14:43:42,174 - INFO - Maximum log composite likelihood: -928.7646227476938.
2024-01-10 14:43:42,174 - INFO - Optimal value of theta: 4948.233592236433.
2024-01-10 14:43:42,174 - INFO - Beginning optimization with guess, [7.24899693 0.01511163].
2024-01-10 14:45:04,705 - INFO - Finished optimization with guess, [7.24899693 0.01511163].
2024-01-10 14:45:04,706 - INFO - Best fit parameters: [1.83378636 0.00446636].
2024-01-10 14:45:05,717 - INFO - Maximum log composite likelihood: -928.7646227917963.
2024-01-10 14:45:05,717 - INFO - Optimal value of theta: 4948.241309544617.
2024-01-10 14:45:05,732 - INFO - Beginning demographic inference for three-epoch demographic model.
2024-01-10 14:45:05,737 - INFO - Beginning optimization with guess, [0.00878751 0.01135443 0.00631571 0.00975864].
2024-01-10 14:47:00,672 - INFO - Finished optimization with guess, [0.00878751 0.01135443 0.00631571 0.00975864].
2024-01-10 14:47:00,673 - INFO - Best fit parameters: [0.00374044 0.00679929 0.0132391  0.02705683].
2024-01-10 14:47:01,820 - INFO - Maximum log composite likelihood: -1025.385836884824.
2024-01-10 14:47:01,820 - INFO - Optimal value of theta: 740143.2745019966.
2024-01-10 14:47:01,821 - INFO - Beginning optimization with guess, [0.01098826 0.03004116 0.0193391  0.00521831].
2024-01-10 14:48:38,773 - INFO - Finished optimization with guess, [0.01098826 0.03004116 0.0193391  0.00521831].
2024-01-10 14:48:38,774 - INFO - Best fit parameters: [0.00801092 0.02988573 0.03120115 0.00377638].
2024-01-10 14:48:39,856 - INFO - Maximum log composite likelihood: -833.6604037660212.
2024-01-10 14:48:39,856 - INFO - Optimal value of theta: 191496.49711112984.
2024-01-10 14:48:39,856 - INFO - Beginning optimization with guess, [0.01890988 0.0388511  0.0109145  0.00749132].
2024-01-10 14:50:19,987 - INFO - Finished optimization with guess, [0.01890988 0.0388511  0.0109145  0.00749132].
2024-01-10 14:50:19,988 - INFO - Best fit parameters: [0.00788327 0.04501564 0.02636597 0.00684245].
2024-01-10 14:50:21,057 - INFO - Maximum log composite likelihood: -845.0923021809034.
2024-01-10 14:50:21,057 - INFO - Optimal value of theta: 125828.09021670475.
2024-01-10 14:50:21,057 - INFO - Beginning optimization with guess, [0.03996372 0.02458588 0.01602532 0.00795491].
2024-01-10 14:51:54,937 - INFO - Finished optimization with guess, [0.03996372 0.02458588 0.01602532 0.00795491].
2024-01-10 14:51:54,939 - INFO - Best fit parameters: [0.01018879 0.10147549 0.02477145 0.0175479 ].
2024-01-10 14:51:55,993 - INFO - Maximum log composite likelihood: -851.7483218983236.
2024-01-10 14:51:55,993 - INFO - Optimal value of theta: 55437.11262790222.
2024-01-10 14:51:55,993 - INFO - Beginning optimization with guess, [0.03066819 0.0798298  0.00743516 0.0163689 ].
2024-01-10 14:53:28,032 - INFO - Finished optimization with guess, [0.03066819 0.0798298  0.00743516 0.0163689 ].
2024-01-10 14:53:28,034 - INFO - Best fit parameters: [0.00729638 0.1910121  0.01258429 0.03591282].
2024-01-10 14:53:29,075 - INFO - Maximum log composite likelihood: -855.9776487867194.
2024-01-10 14:53:29,075 - INFO - Optimal value of theta: 29303.02344002002.
2024-01-10 14:53:29,076 - INFO - Beginning optimization with guess, [0.72944795 0.35645664 0.00877956 0.01818186].
2024-01-10 14:54:53,622 - INFO - Finished optimization with guess, [0.72944795 0.35645664 0.00877956 0.01818186].
2024-01-10 14:54:53,623 - INFO - Best fit parameters: [7.30242487e-01 1.85981715e+00 4.61165180e-04 4.74356934e-03].
2024-01-10 14:54:54,647 - INFO - Maximum log composite likelihood: -928.9080769656381.
2024-01-10 14:54:54,647 - INFO - Optimal value of theta: 4950.104245013601.
2024-01-10 14:54:54,647 - INFO - Beginning optimization with guess, [1.0243475  0.4495963  0.01383762 0.01173847].
2024-01-10 14:56:22,246 - INFO - Finished optimization with guess, [1.0243475  0.4495963  0.01383762 0.01173847].
2024-01-10 14:56:22,247 - INFO - Best fit parameters: [1.12016783 1.93630142 0.00262373 0.00337909].
2024-01-10 14:56:23,254 - INFO - Maximum log composite likelihood: -929.0156474768395.
2024-01-10 14:56:23,254 - INFO - Optimal value of theta: 4952.910525177107.
2024-01-10 14:56:23,254 - INFO - Beginning optimization with guess, [0.43639885 0.6952873  0.01611784 0.0057715 ].
2024-01-10 14:57:57,100 - INFO - Finished optimization with guess, [0.43639885 0.6952873  0.01611784 0.0057715 ].
2024-01-10 14:57:57,102 - INFO - Best fit parameters: [0.36289716 0.71413765 0.00308425 1.20880098].
2024-01-10 14:57:58,139 - INFO - Maximum log composite likelihood: -1025.4020556461708.
2024-01-10 14:57:58,139 - INFO - Optimal value of theta: 7046.054404296252.
2024-01-10 14:57:58,139 - INFO - Beginning optimization with guess, [0.7973365  1.40681006 0.01747708 0.00946454].
2024-01-10 14:59:25,229 - INFO - Finished optimization with guess, [0.7973365  1.40681006 0.01747708 0.00946454].
2024-01-10 14:59:25,230 - INFO - Best fit parameters: [0.65153949 1.13126082 0.28523795 0.01740704].
2024-01-10 14:59:26,244 - INFO - Maximum log composite likelihood: -751.7267957840836.
2024-01-10 14:59:26,245 - INFO - Optimal value of theta: 6053.939668849008.
2024-01-10 14:59:26,245 - INFO - Beginning optimization with guess, [1.05015939 0.51608319 0.01019507 0.00754728].
2024-01-10 15:00:46,759 - INFO - Finished optimization with guess, [1.05015939 0.51608319 0.01019507 0.00754728].
2024-01-10 15:00:46,760 - INFO - Best fit parameters: [1.83303899e+00 6.32476547e+06 4.23969819e-03 9.22207113e-52].
2024-01-10 15:00:47,766 - INFO - Maximum log composite likelihood: -928.8815555099328.
2024-01-10 15:00:47,766 - INFO - Optimal value of theta: 4957.40451832935.
2024-01-10 15:00:47,767 - INFO - Beginning optimization with guess, [0.97218649 2.40574352 0.00521759 0.01276267].
2024-01-10 15:02:17,432 - INFO - Finished optimization with guess, [0.97218649 2.40574352 0.00521759 0.01276267].
2024-01-10 15:02:17,434 - INFO - Best fit parameters: [0.96198568 1.83896816 0.00292338 0.00467586].
2024-01-10 15:02:18,441 - INFO - Maximum log composite likelihood: -928.7168829865013.
2024-01-10 15:02:18,441 - INFO - Optimal value of theta: 4948.517230474722.
2024-01-10 15:02:18,441 - INFO - Beginning optimization with guess, [1.23111859 0.86786819 0.01255544 0.00861675].
2024-01-10 15:03:45,190 - INFO - Finished optimization with guess, [1.23111859 0.86786819 0.01255544 0.00861675].
2024-01-10 15:03:45,191 - INFO - Best fit parameters: [1.83799914e+00 1.50918309e+00 4.44286605e-03 3.81801288e-15].
2024-01-10 15:03:46,198 - INFO - Maximum log composite likelihood: -928.7650541590418.
2024-01-10 15:03:46,198 - INFO - Optimal value of theta: 4948.392617616565.
2024-01-10 15:03:46,198 - INFO - Beginning optimization with guess, [1.15807123 1.65501974 0.01682754 0.01961675].
2024-01-10 15:05:13,991 - INFO - Finished optimization with guess, [1.15807123 1.65501974 0.01682754 0.01961675].
2024-01-10 15:05:14,003 - INFO - Best fit parameters: [1.08447309e+00 1.80694993e+00 1.30805299e-03 4.34557623e-03].
2024-01-10 15:05:15,009 - INFO - Maximum log composite likelihood: -928.6926732449151.
2024-01-10 15:05:15,009 - INFO - Optimal value of theta: 4947.950496508333.
2024-01-10 15:05:15,009 - INFO - Beginning optimization with guess, [1.16230284 2.05568709 0.01633213 0.01199861].
2024-01-10 15:06:38,724 - INFO - Finished optimization with guess, [1.16230284 2.05568709 0.01633213 0.01199861].
2024-01-10 15:06:38,725 - INFO - Best fit parameters: [1.11109686e+00 1.80008194e+00 1.63171967e-03 4.27000131e-03].
2024-01-10 15:06:39,750 - INFO - Maximum log composite likelihood: -928.6688890883582.
2024-01-10 15:06:39,750 - INFO - Optimal value of theta: 4946.558185785808.
2024-01-10 15:06:39,751 - INFO - Beginning optimization with guess, [2.69700785 3.61775625 0.01951204 0.00571594].
2024-01-10 15:08:08,437 - INFO - Finished optimization with guess, [2.69700785 3.61775625 0.01951204 0.00571594].
2024-01-10 15:08:08,438 - INFO - Best fit parameters: [1.72380387e+00 1.81005737e+00 4.80271508e-03 3.60106845e-04].
2024-01-10 15:08:09,458 - INFO - Maximum log composite likelihood: -928.9469948831226.
2024-01-10 15:08:09,458 - INFO - Optimal value of theta: 4939.582315208296.
2024-01-10 15:08:09,459 - INFO - Beginning optimization with guess, [3.40574997 1.72688509 0.00618166 0.00907859].
2024-01-10 15:09:37,374 - INFO - Finished optimization with guess, [3.40574997 1.72688509 0.00618166 0.00907859].
2024-01-10 15:09:37,375 - INFO - Best fit parameters: [3.05886562e+00 1.23391862e+00 2.63293275e-03 1.56947939e-03].
2024-01-10 15:09:38,382 - INFO - Maximum log composite likelihood: -927.2237050562652.
2024-01-10 15:09:38,382 - INFO - Optimal value of theta: 4938.961807591377.
2024-01-10 15:09:38,382 - INFO - Beginning optimization with guess, [2.6132142  5.48250197 0.01613344 0.00599773].
2024-01-10 15:11:03,460 - INFO - Finished optimization with guess, [2.6132142  5.48250197 0.01613344 0.00599773].
2024-01-10 15:11:03,461 - INFO - Best fit parameters: [1.91582878e+00 1.03809286e+00 4.12807850e-03 2.59277846e-04].
2024-01-10 15:11:04,472 - INFO - Maximum log composite likelihood: -928.0551418303464.
2024-01-10 15:11:04,472 - INFO - Optimal value of theta: 4956.205257325273.
2024-01-10 15:11:04,472 - INFO - Beginning optimization with guess, [2.11864252 4.15484433 0.01197667 0.00519897].
2024-01-10 15:12:37,189 - INFO - Finished optimization with guess, [2.11864252 4.15484433 0.01197667 0.00519897].
2024-01-10 15:12:37,190 - INFO - Best fit parameters: [1.68975044e+00 2.10837207e+00 4.02109129e-03 5.83156644e-04].
2024-01-10 15:12:38,201 - INFO - Maximum log composite likelihood: -929.219396547343.
2024-01-10 15:12:38,201 - INFO - Optimal value of theta: 4952.934811612924.
2024-01-10 15:12:38,201 - INFO - Beginning optimization with guess, [3.45629932 5.54383786 0.01168751 0.01513403].
2024-01-10 15:14:05,938 - INFO - Finished optimization with guess, [3.45629932 5.54383786 0.01168751 0.01513403].
2024-01-10 15:14:05,939 - INFO - Best fit parameters: [3.58554357e+00 1.35005466e+00 1.95837315e-03 2.37524391e-03].
2024-01-10 15:14:06,951 - INFO - Maximum log composite likelihood: -927.6047768586049.
2024-01-10 15:14:06,951 - INFO - Optimal value of theta: 4945.382951939604.
2024-01-10 15:14:06,952 - INFO - Beginning optimization with guess, [2.07132036 5.23893053 0.01135754 0.0130103 ].
2024-01-10 15:15:32,624 - INFO - Finished optimization with guess, [2.07132036 5.23893053 0.01135754 0.0130103 ].
2024-01-10 15:15:32,625 - INFO - Best fit parameters: [2.29955716e+00 1.29523357e+00 3.22239642e-03 1.27544403e-03].
2024-01-10 15:15:33,633 - INFO - Maximum log composite likelihood: -927.2401662065214.
2024-01-10 15:15:33,633 - INFO - Optimal value of theta: 4939.194217110967.
2024-01-10 15:15:33,633 - INFO - Beginning optimization with guess, [2.02075276 2.42926397 0.01215997 0.01023635].
2024-01-10 15:16:58,254 - INFO - Finished optimization with guess, [2.02075276 2.42926397 0.01215997 0.01023635].
2024-01-10 15:16:58,255 - INFO - Best fit parameters: [2.05619659e+00 1.39295827e+00 3.20118511e-03 1.40247349e-03].
2024-01-10 15:16:59,290 - INFO - Maximum log composite likelihood: -927.4946471975696.
2024-01-10 15:16:59,290 - INFO - Optimal value of theta: 4948.395409069063.
2024-01-10 15:16:59,290 - INFO - Beginning optimization with guess, [5.22507204 3.4304674  0.01862461 0.01422193].
2024-01-10 15:18:33,986 - INFO - Finished optimization with guess, [5.22507204 3.4304674  0.01862461 0.01422193].
2024-01-10 15:18:33,987 - INFO - Best fit parameters: [3.58190070e+00 1.34282701e+00 1.97268272e-03 2.37010020e-03].
2024-01-10 15:18:34,994 - INFO - Maximum log composite likelihood: -927.5866678750615.
2024-01-10 15:18:34,994 - INFO - Optimal value of theta: 4945.8700615055095.
2024-01-10 15:18:34,994 - INFO - Beginning optimization with guess, [5.5447098  5.26414066 0.00835327 0.00808626].
2024-01-10 15:20:05,718 - INFO - Finished optimization with guess, [5.5447098  5.26414066 0.00835327 0.00808626].
2024-01-10 15:20:05,719 - INFO - Best fit parameters: [8.70261036e+00 7.19574609e-01 2.92267691e-03 1.29903675e-03].
2024-01-10 15:20:06,725 - INFO - Maximum log composite likelihood: -927.1391546219384.
2024-01-10 15:20:06,725 - INFO - Optimal value of theta: 4943.046118180745.
2024-01-10 15:20:06,725 - INFO - Beginning optimization with guess, [3.74861742e+00 1.18002297e+01 1.10053144e-02 6.55697824e-03].
2024-01-10 15:21:35,454 - INFO - Finished optimization with guess, [3.74861742e+00 1.18002297e+01 1.10053144e-02 6.55697824e-03].
2024-01-10 15:21:35,455 - INFO - Best fit parameters: [1.47975444e+00 1.05500210e+01 4.13513394e-03 5.17196613e-04].
2024-01-10 15:21:36,462 - INFO - Maximum log composite likelihood: -933.2668138125704.
2024-01-10 15:21:36,462 - INFO - Optimal value of theta: 4958.088567520065.
2024-01-10 15:21:36,462 - INFO - Beginning optimization with guess, [1.45799433e+01 5.38030377e+00 1.36273437e-02 1.48037576e-02].
2024-01-10 15:23:10,198 - INFO - Finished optimization with guess, [1.45799433e+01 5.38030377e+00 1.36273437e-02 1.48037576e-02].
2024-01-10 15:23:10,199 - INFO - Best fit parameters: [2.03884273e+01 1.10628891e+00 1.86936996e-03 2.41446530e-03].
2024-01-10 15:23:11,211 - INFO - Maximum log composite likelihood: -928.3495399629322.
2024-01-10 15:23:11,211 - INFO - Optimal value of theta: 4947.788017644106.
2024-01-10 15:23:11,215 - INFO - Finished demographic inference.
2024-01-10 15:23:11,215 - INFO - Pipeline executed succesfully.
