2024-01-22 09:40:25,769 - INFO - Beginning execution of fit_demographic_model.py in directory /u/project/kirk/jonmah/sample_size_demography/Scripts

2024-01-22 09:40:25,769 - INFO - Progress is being logged to ../Analysis/1kg_EUR_61/log.log

2024-01-22 09:40:25,769 - INFO - Parsed the following arguments:
	syn_input_sfs = ../Analysis/1kg_EUR_61/syn_downsampled_sfs.txt
	mask_singletons = False
	mask_doubletons = False
	outprefix = ../Analysis/1kg_EUR_61/

2024-01-22 09:40:25,772 - INFO - Beginning demographic inference for three-epoch demographic model.
2024-01-22 09:40:25,774 - INFO - Beginning optimization with guess, [0.0067124  0.00667064 0.00649227 0.01080994].
2024-01-22 09:40:34,688 - INFO - Finished optimization with guess, [0.0067124  0.00667064 0.00649227 0.01080994].
2024-01-22 09:40:34,689 - INFO - Best fit parameters: [0.00456934 0.00485532 0.00486906 0.02790915].
2024-01-22 09:40:34,993 - INFO - Maximum log composite likelihood: -166.55262360607549.
2024-01-22 09:40:34,993 - INFO - Optimal value of theta: 909223.7755327439.
2024-01-22 09:40:34,993 - INFO - Beginning optimization with guess, [0.02135991 0.03414006 0.00892498 0.01102882].
2024-01-22 09:40:40,968 - INFO - Finished optimization with guess, [0.02135991 0.03414006 0.00892498 0.01102882].
2024-01-22 09:40:40,969 - INFO - Best fit parameters: [0.0062605  0.17789347 0.01306907 0.0099675 ].
2024-01-22 09:40:41,191 - INFO - Maximum log composite likelihood: -511.0502803350237.
2024-01-22 09:40:41,191 - INFO - Optimal value of theta: 43766.993209032735.
2024-01-22 09:40:41,191 - INFO - Beginning optimization with guess, [0.05035102 0.01595449 0.01582378 0.01021527].
2024-01-22 09:40:46,578 - INFO - Finished optimization with guess, [0.05035102 0.01595449 0.01582378 0.01021527].
2024-01-22 09:40:46,578 - INFO - Best fit parameters: [5.41437977e-03 5.15197985e+02 1.31163472e-04 2.79975979e-03].
2024-01-22 09:40:46,774 - INFO - Maximum log composite likelihood: -411.5518850503063.
2024-01-22 09:40:46,774 - INFO - Optimal value of theta: 5575.913607832001.
2024-01-22 09:40:46,774 - INFO - Beginning optimization with guess, [0.05370121 0.0685791  0.00862987 0.0077539 ].
2024-01-22 09:40:51,931 - INFO - Finished optimization with guess, [0.05370121 0.0685791  0.00862987 0.0077539 ].
2024-01-22 09:40:51,931 - INFO - Best fit parameters: [2.30781595e-01 1.08299616e+00 2.12062045e-04 9.91861483e-04].
2024-01-22 09:40:52,125 - INFO - Maximum log composite likelihood: -263.73777519727037.
2024-01-22 09:40:52,126 - INFO - Optimal value of theta: 5058.984238433326.
2024-01-22 09:40:52,126 - INFO - Beginning optimization with guess, [0.07879213 0.07703954 0.00512547 0.00629687].
2024-01-22 09:40:57,351 - INFO - Finished optimization with guess, [0.07879213 0.07703954 0.00512547 0.00629687].
2024-01-22 09:40:57,351 - INFO - Best fit parameters: [1.07805210e-01 1.01102029e+00 1.82847551e-04 5.30560613e-04].
2024-01-22 09:40:57,546 - INFO - Maximum log composite likelihood: -263.48031661969526.
2024-01-22 09:40:57,546 - INFO - Optimal value of theta: 5086.2559692408195.
2024-01-22 09:40:57,546 - INFO - Beginning optimization with guess, [0.67839158 0.31172653 0.01968141 0.00806082].
2024-01-22 09:41:03,009 - INFO - Finished optimization with guess, [0.67839158 0.31172653 0.01968141 0.00806082].
2024-01-22 09:41:03,010 - INFO - Best fit parameters: [6.70174070e-01 8.17754439e-01 5.39409211e-03 7.73377744e-04].
2024-01-22 09:41:03,204 - INFO - Maximum log composite likelihood: -261.51625369365274.
2024-01-22 09:41:03,204 - INFO - Optimal value of theta: 5119.32210018379.
2024-01-22 09:41:03,204 - INFO - Beginning optimization with guess, [0.79156327 1.26729492 0.00813495 0.01132903].
2024-01-22 09:41:09,264 - INFO - Finished optimization with guess, [0.79156327 1.26729492 0.00813495 0.01132903].
2024-01-22 09:41:09,264 - INFO - Best fit parameters: [0.7648733  1.28448514 0.42323643 0.00232052].
2024-01-22 09:41:09,469 - INFO - Maximum log composite likelihood: -163.9866898871785.
2024-01-22 09:41:09,469 - INFO - Optimal value of theta: 5884.9462696610635.
2024-01-22 09:41:09,469 - INFO - Beginning optimization with guess, [0.41923786 0.98038038 0.01589261 0.00922979].
2024-01-22 09:41:14,221 - INFO - Finished optimization with guess, [0.41923786 0.98038038 0.01589261 0.00922979].
2024-01-22 09:41:14,221 - INFO - Best fit parameters: [0.38847879 0.978577   0.01307854 0.04120896].
2024-01-22 09:41:14,416 - INFO - Maximum log composite likelihood: -197.91511830522927.
2024-01-22 09:41:14,416 - INFO - Optimal value of theta: 5322.423339251493.
2024-01-22 09:41:14,417 - INFO - Beginning optimization with guess, [1.2223728  0.52399466 0.01222094 0.01160482].
2024-01-22 09:41:19,811 - INFO - Finished optimization with guess, [1.2223728  0.52399466 0.01222094 0.01160482].
2024-01-22 09:41:19,811 - INFO - Best fit parameters: [1.27923001 0.72273542 0.00380776 0.00630963].
2024-01-22 09:41:20,006 - INFO - Maximum log composite likelihood: -262.64498844667014.
2024-01-22 09:41:20,007 - INFO - Optimal value of theta: 5087.239758659746.
2024-01-22 09:41:20,007 - INFO - Beginning optimization with guess, [1.43645771 1.29068248 0.00698723 0.01748944].
2024-01-22 09:41:25,288 - INFO - Finished optimization with guess, [1.43645771 1.29068248 0.00698723 0.01748944].
2024-01-22 09:41:25,288 - INFO - Best fit parameters: [1.25815379e+00 8.47865833e-01 3.81841558e-05 3.30898259e-04].
2024-01-22 09:41:25,499 - INFO - Maximum log composite likelihood: -265.0370239623651.
2024-01-22 09:41:25,499 - INFO - Optimal value of theta: 5040.981839320028.
2024-01-22 09:41:25,499 - INFO - Beginning optimization with guess, [1.17581308 1.13988456 0.00729804 0.00649132].
2024-01-22 09:41:30,962 - INFO - Finished optimization with guess, [1.17581308 1.13988456 0.00729804 0.00649132].
2024-01-22 09:41:30,963 - INFO - Best fit parameters: [9.22105702e-01 1.03507911e+00 8.60249340e-05 1.46635640e-05].
2024-01-22 09:41:31,158 - INFO - Maximum log composite likelihood: -265.15457736019493.
2024-01-22 09:41:31,158 - INFO - Optimal value of theta: 5039.5287520229585.
2024-01-22 09:41:31,158 - INFO - Beginning optimization with guess, [1.52399714 1.78778111 0.00689151 0.00828703].
2024-01-22 09:41:36,540 - INFO - Finished optimization with guess, [1.52399714 1.78778111 0.00689151 0.00828703].
2024-01-22 09:41:36,540 - INFO - Best fit parameters: [1.11734273e+00 7.47589057e-01 1.67357981e-05 1.09554949e-04].
2024-01-22 09:41:36,729 - INFO - Maximum log composite likelihood: -265.08162661566325.
2024-01-22 09:41:36,730 - INFO - Optimal value of theta: 5040.460245740411.
2024-01-22 09:41:36,730 - INFO - Beginning optimization with guess, [1.02253215 2.96789807 0.01076522 0.00601323].
2024-01-22 09:41:42,175 - INFO - Finished optimization with guess, [1.02253215 2.96789807 0.01076522 0.00601323].
2024-01-22 09:41:42,175 - INFO - Best fit parameters: [1.02063535e+00 5.35558688e-01 7.57490374e-04 1.20626553e-08].
2024-01-22 09:41:42,370 - INFO - Maximum log composite likelihood: -265.2157000957402.
2024-01-22 09:41:42,370 - INFO - Optimal value of theta: 5038.815838948551.
2024-01-22 09:41:42,370 - INFO - Beginning optimization with guess, [2.22444663 2.60401431 0.01233616 0.00566871].
2024-01-22 09:41:47,819 - INFO - Finished optimization with guess, [2.22444663 2.60401431 0.01233616 0.00566871].
2024-01-22 09:41:47,819 - INFO - Best fit parameters: [1.28722221e+00 3.33699317e-01 7.91960191e-06 3.89829395e-06].
2024-01-22 09:41:48,013 - INFO - Maximum log composite likelihood: -265.15641250820795.
2024-01-22 09:41:48,013 - INFO - Optimal value of theta: 5039.509044959557.
2024-01-22 09:41:48,014 - INFO - Beginning optimization with guess, [1.18968038 1.39002078 0.01764268 0.01856672].
2024-01-22 09:41:53,423 - INFO - Finished optimization with guess, [1.18968038 1.39002078 0.01764268 0.01856672].
2024-01-22 09:41:53,423 - INFO - Best fit parameters: [1.04679961e+00 8.47983464e-01 1.33566075e-04 5.08355019e-04].
2024-01-22 09:41:53,610 - INFO - Maximum log composite likelihood: -264.94796857622146.
2024-01-22 09:41:53,611 - INFO - Optimal value of theta: 5042.058201191738.
2024-01-22 09:41:53,611 - INFO - Beginning optimization with guess, [2.35655419 1.44038368 0.01162701 0.01222727].
2024-01-22 09:41:59,153 - INFO - Finished optimization with guess, [2.35655419 1.44038368 0.01162701 0.01222727].
2024-01-22 09:41:59,153 - INFO - Best fit parameters: [1.47241131e+00 6.56450861e-01 8.82473219e-06 2.82030606e-05].
2024-01-22 09:41:59,348 - INFO - Maximum log composite likelihood: -265.1413962831823.
2024-01-22 09:41:59,349 - INFO - Optimal value of theta: 5039.70009840328.
2024-01-22 09:41:59,349 - INFO - Beginning optimization with guess, [2.99345391 2.15889291 0.00621385 0.01528782].
2024-01-22 09:42:04,599 - INFO - Finished optimization with guess, [2.99345391 2.15889291 0.00621385 0.01528782].
2024-01-22 09:42:04,600 - INFO - Best fit parameters: [2.00412078e+00 6.07903721e-01 3.00242991e-05 2.53494764e-04].
2024-01-22 09:42:04,800 - INFO - Maximum log composite likelihood: -264.8055305174719.
2024-01-22 09:42:04,800 - INFO - Optimal value of theta: 5044.128965081738.
2024-01-22 09:42:04,800 - INFO - Beginning optimization with guess, [2.76934239 4.36788308 0.00942434 0.01221194].
2024-01-22 09:42:10,459 - INFO - Finished optimization with guess, [2.76934239 4.36788308 0.00942434 0.01221194].
2024-01-22 09:42:10,459 - INFO - Best fit parameters: [4.15061837e-01 2.22289047e+00 3.43693629e-05 2.61004173e-05].
2024-01-22 09:42:10,653 - INFO - Maximum log composite likelihood: -265.0854314884614.
2024-01-22 09:42:10,654 - INFO - Optimal value of theta: 5040.4133624153965.
2024-01-22 09:42:10,654 - INFO - Beginning optimization with guess, [5.95933053 2.71148584 0.01423016 0.01060955].
2024-01-22 09:42:16,299 - INFO - Finished optimization with guess, [5.95933053 2.71148584 0.01423016 0.01060955].
2024-01-22 09:42:16,300 - INFO - Best fit parameters: [2.14190919e-01 1.71681995e+00 3.76510550e-05 4.46204938e-05].
2024-01-22 09:42:16,494 - INFO - Maximum log composite likelihood: -264.87927348848257.
2024-01-22 09:42:16,494 - INFO - Optimal value of theta: 5043.203332569726.
2024-01-22 09:42:16,494 - INFO - Beginning optimization with guess, [6.06119671 5.64072945 0.01115513 0.00786387].
2024-01-22 09:42:22,102 - INFO - Finished optimization with guess, [6.06119671 5.64072945 0.01115513 0.00786387].
2024-01-22 09:42:22,102 - INFO - Best fit parameters: [2.65468892e+00 2.24595165e-01 2.10123825e-05 2.30642748e-05].
2024-01-22 09:42:22,295 - INFO - Maximum log composite likelihood: -265.0057476236973.
2024-01-22 09:42:22,295 - INFO - Optimal value of theta: 5041.488532432757.
2024-01-22 09:42:22,296 - INFO - Beginning optimization with guess, [3.4211392  2.24191025 0.00511411 0.01305491].
2024-01-22 09:42:27,489 - INFO - Finished optimization with guess, [3.4211392  2.24191025 0.00511411 0.01305491].
2024-01-22 09:42:27,489 - INFO - Best fit parameters: [2.18121484e+00 5.93248119e-01 2.01419732e-05 1.85420695e-04].
2024-01-22 09:42:27,684 - INFO - Maximum log composite likelihood: -264.88298215442023.
2024-01-22 09:42:27,684 - INFO - Optimal value of theta: 5043.092787753198.
2024-01-22 09:42:27,684 - INFO - Beginning optimization with guess, [4.47757251 3.43622622 0.01088995 0.00573904].
2024-01-22 09:42:33,220 - INFO - Finished optimization with guess, [4.47757251 3.43622622 0.01088995 0.00573904].
2024-01-22 09:42:33,220 - INFO - Best fit parameters: [1.96721174e+00 2.40797936e-01 7.43688358e-06 4.66562066e-06].
2024-01-22 09:42:33,408 - INFO - Maximum log composite likelihood: -265.1435345699508.
2024-01-22 09:42:33,408 - INFO - Optimal value of theta: 5039.674068724942.
2024-01-22 09:42:33,408 - INFO - Beginning optimization with guess, [3.93752649e+00 9.20517607e+00 1.09617026e-02 6.54540885e-03].
2024-01-22 09:42:38,705 - INFO - Finished optimization with guess, [3.93752649e+00 9.20517607e+00 1.09617026e-02 6.54540885e-03].
2024-01-22 09:42:38,706 - INFO - Best fit parameters: [2.47016906e-01 2.91256856e+00 5.18421712e-05 5.94687312e-06].
2024-01-22 09:42:38,901 - INFO - Maximum log composite likelihood: -264.80448228436376.
2024-01-22 09:42:38,901 - INFO - Optimal value of theta: 5044.332112824447.
2024-01-22 09:42:38,901 - INFO - Beginning optimization with guess, [5.86268847 4.6031953  0.00699211 0.00759596].
2024-01-22 09:42:44,547 - INFO - Finished optimization with guess, [5.86268847 4.6031953  0.00699211 0.00759596].
2024-01-22 09:42:44,548 - INFO - Best fit parameters: [8.71269036e-01 2.26192688e-01 1.46133231e-05 4.01961830e-06].
2024-01-22 09:42:44,742 - INFO - Maximum log composite likelihood: -265.1312144019846.
2024-01-22 09:42:44,742 - INFO - Optimal value of theta: 5039.833128644873.
2024-01-22 09:42:44,743 - INFO - Beginning optimization with guess, [10.65774187  8.32616541  0.0129312   0.01766202].
2024-01-22 09:42:50,155 - INFO - Finished optimization with guess, [10.65774187  8.32616541  0.0129312   0.01766202].
2024-01-22 09:42:50,155 - INFO - Best fit parameters: [3.12551613e+00 1.15059181e-01 3.03250840e-05 1.47093027e-04].
2024-01-22 09:42:50,350 - INFO - Maximum log composite likelihood: -263.78072721294825.
2024-01-22 09:42:50,350 - INFO - Optimal value of theta: 5074.730587060769.
2024-01-22 09:42:50,352 - INFO - Finished demographic inference.
2024-01-22 09:42:50,352 - INFO - Pipeline executed succesfully.
