2025-08-12 10:40:21,284 - INFO - Beginning execution of fit_demographic_model.py in directory /u/project/kirk-bigdata/jonmah/sample_size_demography/Scripts

2025-08-12 10:40:21,286 - INFO - Progress is being logged to ../Analysis/msprime_3EpB_720/log.log

2025-08-12 10:40:21,286 - INFO - Parsed the following arguments:
	syn_input_sfs = ../Simulations/simple_simulations/ThreeEpochBottleneck_720_concat.sfs
	mask_singletons = False
	mask_doubletons = False
	L_syn = 100000000.0
	input_params = []
	outprefix = ../Analysis/msprime_3EpB_720/

2025-08-12 10:40:21,323 - INFO - Beginning demographic inference for one-epoch demographic model.
2025-08-12 10:40:21,326 - INFO - Beginning optimization with guess, [0.12777902].
2025-08-12 10:40:25,319 - INFO - Finished optimization with guess, [0.12777902].
2025-08-12 10:40:25,320 - INFO - Best fit parameters: [0.12777902].
2025-08-12 10:40:27,328 - INFO - Maximum log composite likelihood: -110967.81741460766.
2025-08-12 10:40:27,330 - INFO - Optimal value of theta: 35212.74969782406.
2025-08-12 10:40:27,330 - INFO - Beginning optimization with guess, [0.14236166].
2025-08-12 10:40:31,325 - INFO - Finished optimization with guess, [0.14236166].
2025-08-12 10:40:31,326 - INFO - Best fit parameters: [0.14236166].
2025-08-12 10:40:33,334 - INFO - Maximum log composite likelihood: -110967.81741460766.
2025-08-12 10:40:33,335 - INFO - Optimal value of theta: 35212.74969782406.
2025-08-12 10:40:33,335 - INFO - Beginning optimization with guess, [0.4023201].
2025-08-12 10:40:37,337 - INFO - Finished optimization with guess, [0.4023201].
2025-08-12 10:40:37,337 - INFO - Best fit parameters: [0.4023201].
2025-08-12 10:40:39,338 - INFO - Maximum log composite likelihood: -110967.81741460766.
2025-08-12 10:40:39,341 - INFO - Optimal value of theta: 35212.74969782406.
2025-08-12 10:40:39,341 - INFO - Beginning optimization with guess, [0.53689337].
2025-08-12 10:40:43,336 - INFO - Finished optimization with guess, [0.53689337].
2025-08-12 10:40:43,337 - INFO - Best fit parameters: [0.53689337].
2025-08-12 10:40:45,352 - INFO - Maximum log composite likelihood: -110967.81741460766.
2025-08-12 10:40:45,352 - INFO - Optimal value of theta: 35212.74969782406.
2025-08-12 10:40:45,352 - INFO - Beginning optimization with guess, [0.3409058].
2025-08-12 10:40:49,354 - INFO - Finished optimization with guess, [0.3409058].
2025-08-12 10:40:49,354 - INFO - Best fit parameters: [0.3409058].
2025-08-12 10:40:51,361 - INFO - Maximum log composite likelihood: -110967.81741460766.
2025-08-12 10:40:51,361 - INFO - Optimal value of theta: 35212.74969782406.
2025-08-12 10:40:51,361 - INFO - Beginning optimization with guess, [0.58476154].
2025-08-12 10:40:55,383 - INFO - Finished optimization with guess, [0.58476154].
2025-08-12 10:40:55,384 - INFO - Best fit parameters: [0.58476154].
2025-08-12 10:40:57,384 - INFO - Maximum log composite likelihood: -110967.81741460766.
2025-08-12 10:40:57,384 - INFO - Optimal value of theta: 35212.74969782406.
2025-08-12 10:40:57,384 - INFO - Beginning optimization with guess, [0.59201642].
2025-08-12 10:41:01,371 - INFO - Finished optimization with guess, [0.59201642].
2025-08-12 10:41:01,372 - INFO - Best fit parameters: [0.59201642].
2025-08-12 10:41:03,385 - INFO - Maximum log composite likelihood: -110967.81741460766.
2025-08-12 10:41:03,386 - INFO - Optimal value of theta: 35212.74969782406.
2025-08-12 10:41:03,387 - INFO - Beginning optimization with guess, [0.86919435].
2025-08-12 10:41:07,379 - INFO - Finished optimization with guess, [0.86919435].
2025-08-12 10:41:07,380 - INFO - Best fit parameters: [0.86919435].
2025-08-12 10:41:09,382 - INFO - Maximum log composite likelihood: -110967.81741460766.
2025-08-12 10:41:09,382 - INFO - Optimal value of theta: 35212.74969782406.
2025-08-12 10:41:09,382 - INFO - Beginning optimization with guess, [1.31675044].
2025-08-12 10:41:13,382 - INFO - Finished optimization with guess, [1.31675044].
2025-08-12 10:41:13,382 - INFO - Best fit parameters: [1.31675044].
2025-08-12 10:41:15,392 - INFO - Maximum log composite likelihood: -110967.81741460766.
2025-08-12 10:41:15,393 - INFO - Optimal value of theta: 35212.74969782406.
2025-08-12 10:41:15,394 - INFO - Beginning optimization with guess, [0.72768755].
2025-08-12 10:41:19,382 - INFO - Finished optimization with guess, [0.72768755].
2025-08-12 10:41:19,382 - INFO - Best fit parameters: [0.72768755].
2025-08-12 10:41:21,379 - INFO - Maximum log composite likelihood: -110967.81741460766.
2025-08-12 10:41:21,379 - INFO - Optimal value of theta: 35212.74969782406.
2025-08-12 10:41:21,379 - INFO - Beginning optimization with guess, [0.72417279].
2025-08-12 10:41:25,366 - INFO - Finished optimization with guess, [0.72417279].
2025-08-12 10:41:25,367 - INFO - Best fit parameters: [0.72417279].
2025-08-12 10:41:27,371 - INFO - Maximum log composite likelihood: -110967.81741460766.
2025-08-12 10:41:27,372 - INFO - Optimal value of theta: 35212.74969782406.
2025-08-12 10:41:27,372 - INFO - Beginning optimization with guess, [2.87451402].
2025-08-12 10:41:31,349 - INFO - Finished optimization with guess, [2.87451402].
2025-08-12 10:41:31,349 - INFO - Best fit parameters: [2.87451402].
2025-08-12 10:41:33,345 - INFO - Maximum log composite likelihood: -110967.81741460766.
2025-08-12 10:41:33,345 - INFO - Optimal value of theta: 35212.74969782406.
2025-08-12 10:41:33,346 - INFO - Beginning optimization with guess, [1.29822687].
2025-08-12 10:41:37,328 - INFO - Finished optimization with guess, [1.29822687].
2025-08-12 10:41:37,328 - INFO - Best fit parameters: [1.29822687].
2025-08-12 10:41:39,323 - INFO - Maximum log composite likelihood: -110967.81741460766.
2025-08-12 10:41:39,323 - INFO - Optimal value of theta: 35212.74969782406.
2025-08-12 10:41:39,323 - INFO - Beginning optimization with guess, [2.60284431].
2025-08-12 10:41:43,308 - INFO - Finished optimization with guess, [2.60284431].
2025-08-12 10:41:43,308 - INFO - Best fit parameters: [2.60284431].
2025-08-12 10:41:45,294 - INFO - Maximum log composite likelihood: -110967.81741460766.
2025-08-12 10:41:45,294 - INFO - Optimal value of theta: 35212.74969782406.
2025-08-12 10:41:45,294 - INFO - Beginning optimization with guess, [3.60101011].
2025-08-12 10:41:49,274 - INFO - Finished optimization with guess, [3.60101011].
2025-08-12 10:41:49,275 - INFO - Best fit parameters: [3.60101011].
2025-08-12 10:41:51,306 - INFO - Maximum log composite likelihood: -110967.81741460766.
2025-08-12 10:41:51,306 - INFO - Optimal value of theta: 35212.74969782406.
2025-08-12 10:41:51,306 - INFO - Beginning optimization with guess, [3.71541557].
2025-08-12 10:41:55,349 - INFO - Finished optimization with guess, [3.71541557].
2025-08-12 10:41:55,349 - INFO - Best fit parameters: [3.71541557].
2025-08-12 10:41:57,380 - INFO - Maximum log composite likelihood: -110967.81741460766.
2025-08-12 10:41:57,381 - INFO - Optimal value of theta: 35212.74969782406.
2025-08-12 10:41:57,381 - INFO - Beginning optimization with guess, [1.9119996].
2025-08-12 10:42:01,429 - INFO - Finished optimization with guess, [1.9119996].
2025-08-12 10:42:01,430 - INFO - Best fit parameters: [1.9119996].
2025-08-12 10:42:03,466 - INFO - Maximum log composite likelihood: -110967.81741460766.
2025-08-12 10:42:03,466 - INFO - Optimal value of theta: 35212.74969782406.
2025-08-12 10:42:03,466 - INFO - Beginning optimization with guess, [3.80310168].
2025-08-12 10:42:07,511 - INFO - Finished optimization with guess, [3.80310168].
2025-08-12 10:42:07,513 - INFO - Best fit parameters: [3.80310168].
2025-08-12 10:42:09,543 - INFO - Maximum log composite likelihood: -110967.81741460766.
2025-08-12 10:42:09,543 - INFO - Optimal value of theta: 35212.74969782406.
2025-08-12 10:42:09,544 - INFO - Beginning optimization with guess, [2.91843421].
2025-08-12 10:42:13,584 - INFO - Finished optimization with guess, [2.91843421].
2025-08-12 10:42:13,585 - INFO - Best fit parameters: [2.91843421].
2025-08-12 10:42:15,612 - INFO - Maximum log composite likelihood: -110967.81741460766.
2025-08-12 10:42:15,612 - INFO - Optimal value of theta: 35212.74969782406.
2025-08-12 10:42:15,612 - INFO - Beginning optimization with guess, [5.5598516].
2025-08-12 10:42:19,647 - INFO - Finished optimization with guess, [5.5598516].
2025-08-12 10:42:19,648 - INFO - Best fit parameters: [5.5598516].
2025-08-12 10:42:21,675 - INFO - Maximum log composite likelihood: -110967.81741460766.
2025-08-12 10:42:21,675 - INFO - Optimal value of theta: 35212.74969782406.
2025-08-12 10:42:21,675 - INFO - Beginning optimization with guess, [3.12580074].
2025-08-12 10:42:25,705 - INFO - Finished optimization with guess, [3.12580074].
2025-08-12 10:42:25,705 - INFO - Best fit parameters: [3.12580074].
2025-08-12 10:42:27,690 - INFO - Maximum log composite likelihood: -110967.81741460766.
2025-08-12 10:42:27,690 - INFO - Optimal value of theta: 35212.74969782406.
2025-08-12 10:42:27,690 - INFO - Beginning optimization with guess, [3.27420586].
2025-08-12 10:42:31,612 - INFO - Finished optimization with guess, [3.27420586].
2025-08-12 10:42:31,612 - INFO - Best fit parameters: [3.27420586].
2025-08-12 10:42:33,583 - INFO - Maximum log composite likelihood: -110967.81741460766.
2025-08-12 10:42:33,583 - INFO - Optimal value of theta: 35212.74969782406.
2025-08-12 10:42:33,584 - INFO - Beginning optimization with guess, [8.20804828].
2025-08-12 10:42:37,520 - INFO - Finished optimization with guess, [8.20804828].
2025-08-12 10:42:37,521 - INFO - Best fit parameters: [8.20804828].
2025-08-12 10:42:39,503 - INFO - Maximum log composite likelihood: -110967.81741460766.
2025-08-12 10:42:39,503 - INFO - Optimal value of theta: 35212.74969782406.
2025-08-12 10:42:39,503 - INFO - Beginning optimization with guess, [13.52968907].
2025-08-12 10:42:43,427 - INFO - Finished optimization with guess, [13.52968907].
2025-08-12 10:42:43,427 - INFO - Best fit parameters: [13.52968907].
2025-08-12 10:42:45,392 - INFO - Maximum log composite likelihood: -110967.81741460766.
2025-08-12 10:42:45,393 - INFO - Optimal value of theta: 35212.74969782406.
2025-08-12 10:42:45,394 - INFO - Beginning optimization with guess, [11.01240684].
2025-08-12 10:42:49,314 - INFO - Finished optimization with guess, [11.01240684].
2025-08-12 10:42:49,314 - INFO - Best fit parameters: [11.01240684].
2025-08-12 10:42:51,281 - INFO - Maximum log composite likelihood: -110967.81741460766.
2025-08-12 10:42:51,281 - INFO - Optimal value of theta: 35212.74969782406.
2025-08-12 10:42:51,285 - INFO - Converting and interpreting Tau estimates.
2025-08-12 10:42:51,287 - INFO - Finished demographic inference.
2025-08-12 10:42:51,287 - INFO - Pipeline executed succesfully.
