2024-02-13 14:30:17,943 - INFO - Beginning execution of fit_demographic_model.py in directory /u/project/kirk/jonmah/sample_size_demography/Scripts

2024-02-13 14:30:17,943 - INFO - Progress is being logged to ../Analysis/TwoEpochContraction_13/log.log

2024-02-13 14:30:17,943 - INFO - Parsed the following arguments:
	syn_input_sfs = ../Analysis/TwoEpochContraction_13/syn_downsampled_sfs.txt
	mask_singletons = False
	mask_doubletons = False
	outprefix = ../Analysis/TwoEpochContraction_13/

2024-02-13 14:30:17,944 - INFO - Beginning demographic inference for one-epoch demographic model.
2024-02-13 14:30:17,945 - INFO - Beginning optimization with guess, [0.05337205].
2024-02-13 14:30:18,883 - INFO - Finished optimization with guess, [0.05337205].
2024-02-13 14:30:18,884 - INFO - Best fit parameters: [0.05337205].
2024-02-13 14:30:18,910 - INFO - Maximum log composite likelihood: -27.596379616086494.
2024-02-13 14:30:18,911 - INFO - Optimal value of theta: 345.20650500780783.
2024-02-13 14:30:18,911 - INFO - Beginning optimization with guess, [0.28554819].
2024-02-13 14:30:19,771 - INFO - Finished optimization with guess, [0.28554819].
2024-02-13 14:30:19,771 - INFO - Best fit parameters: [0.28554819].
2024-02-13 14:30:19,797 - INFO - Maximum log composite likelihood: -27.596379616086494.
2024-02-13 14:30:19,798 - INFO - Optimal value of theta: 345.20650500780783.
2024-02-13 14:30:19,798 - INFO - Beginning optimization with guess, [0.31011484].
2024-02-13 14:30:20,656 - INFO - Finished optimization with guess, [0.31011484].
2024-02-13 14:30:20,657 - INFO - Best fit parameters: [0.31011484].
2024-02-13 14:30:20,683 - INFO - Maximum log composite likelihood: -27.596379616086494.
2024-02-13 14:30:20,683 - INFO - Optimal value of theta: 345.20650500780783.
2024-02-13 14:30:20,684 - INFO - Beginning optimization with guess, [0.29152934].
2024-02-13 14:30:21,545 - INFO - Finished optimization with guess, [0.29152934].
2024-02-13 14:30:21,546 - INFO - Best fit parameters: [0.29152934].
2024-02-13 14:30:21,573 - INFO - Maximum log composite likelihood: -27.596379616086494.
2024-02-13 14:30:21,573 - INFO - Optimal value of theta: 345.20650500780783.
2024-02-13 14:30:21,574 - INFO - Beginning optimization with guess, [0.44460057].
2024-02-13 14:30:22,351 - INFO - Finished optimization with guess, [0.44460057].
2024-02-13 14:30:22,351 - INFO - Best fit parameters: [0.44460057].
2024-02-13 14:30:22,378 - INFO - Maximum log composite likelihood: -27.596379616086494.
2024-02-13 14:30:22,378 - INFO - Optimal value of theta: 345.20650500780783.
2024-02-13 14:30:22,378 - INFO - Beginning optimization with guess, [0.31429559].
2024-02-13 14:30:23,236 - INFO - Finished optimization with guess, [0.31429559].
2024-02-13 14:30:23,237 - INFO - Best fit parameters: [0.31429559].
2024-02-13 14:30:23,263 - INFO - Maximum log composite likelihood: -27.596379616086494.
2024-02-13 14:30:23,263 - INFO - Optimal value of theta: 345.20650500780783.
2024-02-13 14:30:23,264 - INFO - Beginning optimization with guess, [0.74056268].
2024-02-13 14:30:23,960 - INFO - Finished optimization with guess, [0.74056268].
2024-02-13 14:30:23,960 - INFO - Best fit parameters: [0.74056268].
2024-02-13 14:30:23,987 - INFO - Maximum log composite likelihood: -27.596379616086494.
2024-02-13 14:30:23,987 - INFO - Optimal value of theta: 345.20650500780783.
2024-02-13 14:30:23,987 - INFO - Beginning optimization with guess, [0.78655271].
2024-02-13 14:30:24,606 - INFO - Finished optimization with guess, [0.78655271].
2024-02-13 14:30:24,607 - INFO - Best fit parameters: [0.78655271].
2024-02-13 14:30:24,633 - INFO - Maximum log composite likelihood: -27.596379616086494.
2024-02-13 14:30:24,633 - INFO - Optimal value of theta: 345.20650500780783.
2024-02-13 14:30:24,634 - INFO - Beginning optimization with guess, [0.49997495].
2024-02-13 14:30:25,412 - INFO - Finished optimization with guess, [0.49997495].
2024-02-13 14:30:25,412 - INFO - Best fit parameters: [0.49997495].
2024-02-13 14:30:25,439 - INFO - Maximum log composite likelihood: -27.596379616086494.
2024-02-13 14:30:25,439 - INFO - Optimal value of theta: 345.20650500780783.
2024-02-13 14:30:25,439 - INFO - Beginning optimization with guess, [0.64748072].
2024-02-13 14:30:26,136 - INFO - Finished optimization with guess, [0.64748072].
2024-02-13 14:30:26,137 - INFO - Best fit parameters: [0.64748072].
2024-02-13 14:30:26,164 - INFO - Maximum log composite likelihood: -27.596379616086494.
2024-02-13 14:30:26,164 - INFO - Optimal value of theta: 345.20650500780783.
2024-02-13 14:30:26,164 - INFO - Beginning optimization with guess, [1.63510084].
2024-02-13 14:30:26,861 - INFO - Finished optimization with guess, [1.63510084].
2024-02-13 14:30:26,861 - INFO - Best fit parameters: [1.63510084].
2024-02-13 14:30:26,888 - INFO - Maximum log composite likelihood: -27.596379616086494.
2024-02-13 14:30:26,888 - INFO - Optimal value of theta: 345.20650500780783.
2024-02-13 14:30:26,888 - INFO - Beginning optimization with guess, [1.32248711].
2024-02-13 14:30:27,582 - INFO - Finished optimization with guess, [1.32248711].
2024-02-13 14:30:27,583 - INFO - Best fit parameters: [1.32248711].
2024-02-13 14:30:27,610 - INFO - Maximum log composite likelihood: -27.596379616086494.
2024-02-13 14:30:27,610 - INFO - Optimal value of theta: 345.20650500780783.
2024-02-13 14:30:27,610 - INFO - Beginning optimization with guess, [1.78993504].
2024-02-13 14:30:28,386 - INFO - Finished optimization with guess, [1.78993504].
2024-02-13 14:30:28,386 - INFO - Best fit parameters: [1.78993504].
2024-02-13 14:30:28,412 - INFO - Maximum log composite likelihood: -27.596379616086494.
2024-02-13 14:30:28,413 - INFO - Optimal value of theta: 345.20650500780783.
2024-02-13 14:30:28,413 - INFO - Beginning optimization with guess, [1.14520842].
2024-02-13 14:30:29,027 - INFO - Finished optimization with guess, [1.14520842].
2024-02-13 14:30:29,028 - INFO - Best fit parameters: [1.14520842].
2024-02-13 14:30:29,054 - INFO - Maximum log composite likelihood: -27.596379616086494.
2024-02-13 14:30:29,054 - INFO - Optimal value of theta: 345.20650500780783.
2024-02-13 14:30:29,055 - INFO - Beginning optimization with guess, [4.00973722].
2024-02-13 14:30:29,912 - INFO - Finished optimization with guess, [4.00973722].
2024-02-13 14:30:29,912 - INFO - Best fit parameters: [4.00973722].
2024-02-13 14:30:29,939 - INFO - Maximum log composite likelihood: -27.596379616086494.
2024-02-13 14:30:29,939 - INFO - Optimal value of theta: 345.20650500780783.
2024-02-13 14:30:29,939 - INFO - Beginning optimization with guess, [2.35233758].
2024-02-13 14:30:30,717 - INFO - Finished optimization with guess, [2.35233758].
2024-02-13 14:30:30,717 - INFO - Best fit parameters: [2.35233758].
2024-02-13 14:30:30,744 - INFO - Maximum log composite likelihood: -27.596379616086494.
2024-02-13 14:30:30,744 - INFO - Optimal value of theta: 345.20650500780783.
2024-02-13 14:30:30,744 - INFO - Beginning optimization with guess, [1.90159508].
2024-02-13 14:30:31,521 - INFO - Finished optimization with guess, [1.90159508].
2024-02-13 14:30:31,522 - INFO - Best fit parameters: [1.90159508].
2024-02-13 14:30:31,548 - INFO - Maximum log composite likelihood: -27.596379616086494.
2024-02-13 14:30:31,548 - INFO - Optimal value of theta: 345.20650500780783.
2024-02-13 14:30:31,549 - INFO - Beginning optimization with guess, [3.8029144].
2024-02-13 14:30:32,406 - INFO - Finished optimization with guess, [3.8029144].
2024-02-13 14:30:32,406 - INFO - Best fit parameters: [3.8029144].
2024-02-13 14:30:32,433 - INFO - Maximum log composite likelihood: -27.596379616086494.
2024-02-13 14:30:32,433 - INFO - Optimal value of theta: 345.20650500780783.
2024-02-13 14:30:32,433 - INFO - Beginning optimization with guess, [2.85528438].
2024-02-13 14:30:33,290 - INFO - Finished optimization with guess, [2.85528438].
2024-02-13 14:30:33,290 - INFO - Best fit parameters: [2.85528438].
2024-02-13 14:30:33,317 - INFO - Maximum log composite likelihood: -27.596379616086494.
2024-02-13 14:30:33,317 - INFO - Optimal value of theta: 345.20650500780783.
2024-02-13 14:30:33,317 - INFO - Beginning optimization with guess, [5.6611359].
2024-02-13 14:30:34,174 - INFO - Finished optimization with guess, [5.6611359].
2024-02-13 14:30:34,174 - INFO - Best fit parameters: [5.6611359].
2024-02-13 14:30:34,201 - INFO - Maximum log composite likelihood: -27.596379616086494.
2024-02-13 14:30:34,201 - INFO - Optimal value of theta: 345.20650500780783.
2024-02-13 14:30:34,201 - INFO - Beginning optimization with guess, [2.59666858].
2024-02-13 14:30:34,978 - INFO - Finished optimization with guess, [2.59666858].
2024-02-13 14:30:34,978 - INFO - Best fit parameters: [2.59666858].
2024-02-13 14:30:35,005 - INFO - Maximum log composite likelihood: -27.596379616086494.
2024-02-13 14:30:35,005 - INFO - Optimal value of theta: 345.20650500780783.
2024-02-13 14:30:35,005 - INFO - Beginning optimization with guess, [5.01344443].
2024-02-13 14:30:35,862 - INFO - Finished optimization with guess, [5.01344443].
2024-02-13 14:30:35,863 - INFO - Best fit parameters: [5.01344443].
2024-02-13 14:30:35,889 - INFO - Maximum log composite likelihood: -27.596379616086494.
2024-02-13 14:30:35,889 - INFO - Optimal value of theta: 345.20650500780783.
2024-02-13 14:30:35,890 - INFO - Beginning optimization with guess, [6.9219441].
2024-02-13 14:30:36,747 - INFO - Finished optimization with guess, [6.9219441].
2024-02-13 14:30:36,748 - INFO - Best fit parameters: [6.9219441].
2024-02-13 14:30:36,774 - INFO - Maximum log composite likelihood: -27.596379616086494.
2024-02-13 14:30:36,775 - INFO - Optimal value of theta: 345.20650500780783.
2024-02-13 14:30:36,775 - INFO - Beginning optimization with guess, [11.98384483].
2024-02-13 14:30:37,712 - INFO - Finished optimization with guess, [11.98384483].
2024-02-13 14:30:37,713 - INFO - Best fit parameters: [11.98384483].
2024-02-13 14:30:37,739 - INFO - Maximum log composite likelihood: -27.596379616086494.
2024-02-13 14:30:37,739 - INFO - Optimal value of theta: 345.20650500780783.
2024-02-13 14:30:37,740 - INFO - Beginning optimization with guess, [4.17555946].
2024-02-13 14:30:38,597 - INFO - Finished optimization with guess, [4.17555946].
2024-02-13 14:30:38,597 - INFO - Best fit parameters: [4.17555946].
2024-02-13 14:30:38,624 - INFO - Maximum log composite likelihood: -27.596379616086494.
2024-02-13 14:30:38,624 - INFO - Optimal value of theta: 345.20650500780783.
2024-02-13 14:30:38,627 - INFO - Beginning demographic inference for two-epoch demographic model.
2024-02-13 14:30:38,630 - INFO - Beginning optimization with guess, [0.0623139  0.00847753].
2024-02-13 14:30:40,514 - INFO - Finished optimization with guess, [0.0623139  0.00847753].
2024-02-13 14:30:40,515 - INFO - Best fit parameters: [2.12344375 0.10592435].
2024-02-13 14:30:40,544 - INFO - Maximum log composite likelihood: -20.93511726223801.
2024-02-13 14:30:40,544 - INFO - Optimal value of theta: 313.28327667516425.
2024-02-13 14:30:40,544 - INFO - Beginning optimization with guess, [0.18320988 0.01069822].
2024-02-13 14:30:43,484 - INFO - Finished optimization with guess, [0.18320988 0.01069822].
2024-02-13 14:30:43,485 - INFO - Best fit parameters: [2.13762931 0.0987622 ].
2024-02-13 14:30:43,513 - INFO - Maximum log composite likelihood: -20.964860129039096.
2024-02-13 14:30:43,513 - INFO - Optimal value of theta: 314.8523168159287.
2024-02-13 14:30:43,513 - INFO - Beginning optimization with guess, [0.2782826  0.00697954].
2024-02-13 14:30:47,750 - INFO - Finished optimization with guess, [0.2782826  0.00697954].
2024-02-13 14:30:47,750 - INFO - Best fit parameters: [2.38682189 0.08966631].
2024-02-13 14:30:47,779 - INFO - Maximum log composite likelihood: -20.88189207880123.
2024-02-13 14:30:47,779 - INFO - Optimal value of theta: 314.51423567049557.
2024-02-13 14:30:47,779 - INFO - Beginning optimization with guess, [0.53918776 0.00658817].
2024-02-13 14:30:52,442 - INFO - Finished optimization with guess, [0.53918776 0.00658817].
2024-02-13 14:30:52,443 - INFO - Best fit parameters: [2.0036944 0.1005565].
2024-02-13 14:30:52,472 - INFO - Maximum log composite likelihood: -21.079943294154475.
2024-02-13 14:30:52,472 - INFO - Optimal value of theta: 316.26108447953953.
2024-02-13 14:30:52,472 - INFO - Beginning optimization with guess, [0.27260124 0.01242367].
2024-02-13 14:30:55,481 - INFO - Finished optimization with guess, [0.27260124 0.01242367].
2024-02-13 14:30:55,481 - INFO - Best fit parameters: [2.83955022 0.07301937].
2024-02-13 14:30:55,509 - INFO - Maximum log composite likelihood: -20.869831771273482.
2024-02-13 14:30:55,509 - INFO - Optimal value of theta: 316.3232927927423.
2024-02-13 14:30:55,510 - INFO - Beginning optimization with guess, [0.48508303 0.01223552].
2024-02-13 14:30:58,799 - INFO - Finished optimization with guess, [0.48508303 0.01223552].
2024-02-13 14:30:58,801 - INFO - Best fit parameters: [2.40575436 0.10399104].
2024-02-13 14:30:58,829 - INFO - Maximum log composite likelihood: -20.85808258380166.
2024-02-13 14:30:58,829 - INFO - Optimal value of theta: 310.3682132245517.
2024-02-13 14:30:58,829 - INFO - Beginning optimization with guess, [1.12358868 0.00700079].
2024-02-13 14:31:00,341 - INFO - Finished optimization with guess, [1.12358868 0.00700079].
2024-02-13 14:31:00,341 - INFO - Best fit parameters: [6.05446896 0.05552558].
2024-02-13 14:31:00,368 - INFO - Maximum log composite likelihood: -20.783666844696768.
2024-02-13 14:31:00,368 - INFO - Optimal value of theta: 315.66337113691765.
2024-02-13 14:31:00,368 - INFO - Beginning optimization with guess, [1.15445817 0.00855888].
2024-02-13 14:31:01,784 - INFO - Finished optimization with guess, [1.15445817 0.00855888].
2024-02-13 14:31:01,785 - INFO - Best fit parameters: [2.2005532  0.12414183].
2024-02-13 14:31:01,809 - INFO - Maximum log composite likelihood: -20.943766968524187.
2024-02-13 14:31:01,809 - INFO - Optimal value of theta: 307.86726801212274.
2024-02-13 14:31:01,809 - INFO - Beginning optimization with guess, [0.49853395 0.01270893].
2024-02-13 14:31:04,485 - INFO - Finished optimization with guess, [0.49853395 0.01270893].
2024-02-13 14:31:04,486 - INFO - Best fit parameters: [2.32721734 0.10604017].
2024-02-13 14:31:04,511 - INFO - Maximum log composite likelihood: -20.86709676400102.
2024-02-13 14:31:04,511 - INFO - Optimal value of theta: 310.69094376627294.
2024-02-13 14:31:04,511 - INFO - Beginning optimization with guess, [1.28439323 0.01479251].
2024-02-13 14:31:05,654 - INFO - Finished optimization with guess, [1.28439323 0.01479251].
2024-02-13 14:31:05,654 - INFO - Best fit parameters: [3.108294   0.07575823].
2024-02-13 14:31:05,678 - INFO - Maximum log composite likelihood: -20.79545847311948.
2024-02-13 14:31:05,678 - INFO - Optimal value of theta: 313.9639589123586.
2024-02-13 14:31:05,678 - INFO - Beginning optimization with guess, [1.61573573 0.01171396].
2024-02-13 14:31:06,928 - INFO - Finished optimization with guess, [1.61573573 0.01171396].
2024-02-13 14:31:06,928 - INFO - Best fit parameters: [2.35146402 0.10070876].
2024-02-13 14:31:06,953 - INFO - Maximum log composite likelihood: -20.85762243516666.
2024-02-13 14:31:06,953 - INFO - Optimal value of theta: 311.8320359387764.
2024-02-13 14:31:06,953 - INFO - Beginning optimization with guess, [0.78482802 0.0072096 ].
2024-02-13 14:31:11,234 - INFO - Finished optimization with guess, [0.78482802 0.0072096 ].
2024-02-13 14:31:11,237 - INFO - Best fit parameters: [1.34586478 0.15775565].
2024-02-13 14:31:11,263 - INFO - Maximum log composite likelihood: -22.79036155941577.
2024-02-13 14:31:11,263 - INFO - Optimal value of theta: 324.4362979225559.
2024-02-13 14:31:11,263 - INFO - Beginning optimization with guess, [1.07604656 0.00703315].
2024-02-13 14:31:12,610 - INFO - Finished optimization with guess, [1.07604656 0.00703315].
2024-02-13 14:31:12,610 - INFO - Best fit parameters: [2.1825135  0.11363185].
2024-02-13 14:31:12,634 - INFO - Maximum log composite likelihood: -20.902202826994255.
2024-02-13 14:31:12,635 - INFO - Optimal value of theta: 310.61614008110206.
2024-02-13 14:31:12,635 - INFO - Beginning optimization with guess, [3.1464925 0.017554 ].
2024-02-13 14:31:13,868 - INFO - Finished optimization with guess, [3.1464925 0.017554 ].
2024-02-13 14:31:13,868 - INFO - Best fit parameters: [4.66319122 0.06293527].
2024-02-13 14:31:13,893 - INFO - Maximum log composite likelihood: -20.7756496297103.
2024-02-13 14:31:13,894 - INFO - Optimal value of theta: 314.2205183401734.
2024-02-13 14:31:13,894 - INFO - Beginning optimization with guess, [3.98457606 0.00800162].
2024-02-13 14:31:15,071 - INFO - Finished optimization with guess, [3.98457606 0.00800162].
2024-02-13 14:31:15,072 - INFO - Best fit parameters: [4.56339036 0.06347207].
2024-02-13 14:31:15,096 - INFO - Maximum log composite likelihood: -20.77567573911216.
2024-02-13 14:31:15,096 - INFO - Optimal value of theta: 314.1809852969873.
2024-02-13 14:31:15,096 - INFO - Beginning optimization with guess, [1.32687362 0.01538019].
2024-02-13 14:31:16,673 - INFO - Finished optimization with guess, [1.32687362 0.01538019].
2024-02-13 14:31:16,673 - INFO - Best fit parameters: [2.38405931 0.09553575].
2024-02-13 14:31:16,699 - INFO - Maximum log composite likelihood: -20.85663260703052.
2024-02-13 14:31:16,699 - INFO - Optimal value of theta: 312.90536063733236.
2024-02-13 14:31:16,700 - INFO - Beginning optimization with guess, [3.03229397 0.00750925].
2024-02-13 14:31:17,851 - INFO - Finished optimization with guess, [3.03229397 0.00750925].
2024-02-13 14:31:17,851 - INFO - Best fit parameters: [4.671681   0.06291525].
2024-02-13 14:31:17,875 - INFO - Maximum log composite likelihood: -20.775649178405786.
2024-02-13 14:31:17,875 - INFO - Optimal value of theta: 314.2133991774374.
2024-02-13 14:31:17,875 - INFO - Beginning optimization with guess, [3.35442178 0.01006969].
2024-02-13 14:31:19,035 - INFO - Finished optimization with guess, [3.35442178 0.01006969].
2024-02-13 14:31:19,035 - INFO - Best fit parameters: [4.6790062  0.06295083].
2024-02-13 14:31:19,060 - INFO - Maximum log composite likelihood: -20.775656452096257.
2024-02-13 14:31:19,060 - INFO - Optimal value of theta: 314.18442959090055.
2024-02-13 14:31:19,061 - INFO - Beginning optimization with guess, [4.83618238 0.00567955].
2024-02-13 14:31:20,279 - INFO - Finished optimization with guess, [4.83618238 0.00567955].
2024-02-13 14:31:20,279 - INFO - Best fit parameters: [5.31340084 0.06008738].
2024-02-13 14:31:20,304 - INFO - Maximum log composite likelihood: -20.776113545283522.
2024-02-13 14:31:20,304 - INFO - Optimal value of theta: 314.4355759942378.
2024-02-13 14:31:20,304 - INFO - Beginning optimization with guess, [5.54075181 0.01615637].
2024-02-13 14:31:21,448 - INFO - Finished optimization with guess, [5.54075181 0.01615637].
2024-02-13 14:31:21,449 - INFO - Best fit parameters: [6.89399283 0.0554686 ].
2024-02-13 14:31:21,472 - INFO - Maximum log composite likelihood: -20.778890295329916.
2024-02-13 14:31:21,472 - INFO - Optimal value of theta: 314.98093647256525.
2024-02-13 14:31:21,473 - INFO - Beginning optimization with guess, [2.34826361 0.00721956].
2024-02-13 14:31:22,627 - INFO - Finished optimization with guess, [2.34826361 0.00721956].
2024-02-13 14:31:22,627 - INFO - Best fit parameters: [4.48308242 0.06441778].
2024-02-13 14:31:22,651 - INFO - Maximum log composite likelihood: -20.775944026874015.
2024-02-13 14:31:22,651 - INFO - Optimal value of theta: 313.9416192212549.
2024-02-13 14:31:22,651 - INFO - Beginning optimization with guess, [4.90991983 0.01890525].
2024-02-13 14:31:23,774 - INFO - Finished optimization with guess, [4.90991983 0.01890525].
2024-02-13 14:31:23,774 - INFO - Best fit parameters: [6.10330284 0.05760822].
2024-02-13 14:31:23,798 - INFO - Maximum log composite likelihood: -20.777595977362864.
2024-02-13 14:31:23,798 - INFO - Optimal value of theta: 314.62793429523725.
2024-02-13 14:31:23,798 - INFO - Beginning optimization with guess, [8.70206155 0.00960128].
2024-02-13 14:31:24,848 - INFO - Finished optimization with guess, [8.70206155 0.00960128].
2024-02-13 14:31:24,848 - INFO - Best fit parameters: [6.02479936 0.05727888].
2024-02-13 14:31:24,872 - INFO - Maximum log composite likelihood: -20.77762206301594.
2024-02-13 14:31:24,872 - INFO - Optimal value of theta: 314.86310796620097.
2024-02-13 14:31:24,872 - INFO - Beginning optimization with guess, [7.0530252  0.01545337].
2024-02-13 14:31:25,975 - INFO - Finished optimization with guess, [7.0530252  0.01545337].
2024-02-13 14:31:25,975 - INFO - Best fit parameters: [5.65610123 0.05801023].
2024-02-13 14:31:25,999 - INFO - Maximum log composite likelihood: -20.77748597954229.
2024-02-13 14:31:25,999 - INFO - Optimal value of theta: 314.93189307774276.
2024-02-13 14:31:25,999 - INFO - Beginning optimization with guess, [5.4313778 0.0073224].
2024-02-13 14:31:27,137 - INFO - Finished optimization with guess, [5.4313778 0.0073224].
2024-02-13 14:31:27,137 - INFO - Best fit parameters: [5.37754774 0.06005767].
2024-02-13 14:31:27,161 - INFO - Maximum log composite likelihood: -20.77629810103332.
2024-02-13 14:31:27,161 - INFO - Optimal value of theta: 314.3586060488582.
2024-02-13 14:31:27,162 - INFO - Beginning demographic inference for three-epoch demographic model.
2024-02-13 14:31:27,165 - INFO - Beginning optimization with guess, [0.01881333 0.00816426 0.00711072 0.01145676].
2024-02-13 14:37:20,250 - INFO - Finished optimization with guess, [0.01881333 0.00816426 0.00711072 0.01145676].
2024-02-13 14:37:20,252 - INFO - Best fit parameters: [0.008487   0.00059653 0.00448616 0.21482289].
2024-02-13 14:37:27,716 - INFO - Maximum log composite likelihood: -27.596379614202533.
2024-02-13 14:37:27,716 - INFO - Optimal value of theta: 578689.5387504026.
2024-02-13 14:37:27,717 - INFO - Beginning optimization with guess, [0.03672401 0.03047257 0.01489703 0.01801673].
2024-02-13 14:37:30,815 - INFO - Finished optimization with guess, [0.03672401 0.03047257 0.01489703 0.01801673].
2024-02-13 14:37:30,815 - INFO - Best fit parameters: [0.00856357 0.40271489 0.0197884  0.02149866].
2024-02-13 14:37:30,887 - INFO - Maximum log composite likelihood: -26.113964827943676.
2024-02-13 14:37:30,887 - INFO - Optimal value of theta: 2781.13258149736.
2024-02-13 14:37:30,887 - INFO - Beginning optimization with guess, [0.03291297 0.01704611 0.01435077 0.01159759].
2024-02-13 14:37:32,363 - INFO - Finished optimization with guess, [0.03291297 0.01704611 0.01435077 0.01159759].
2024-02-13 14:37:32,363 - INFO - Best fit parameters: [7.79328205e-04 1.46384521e+07 4.63550817e-07 1.25602373e-03].
2024-02-13 14:37:32,388 - INFO - Maximum log composite likelihood: -27.366424010071626.
2024-02-13 14:37:32,388 - INFO - Optimal value of theta: 344.72719264310695.
2024-02-13 14:37:32,388 - INFO - Beginning optimization with guess, [0.0476557  0.02393973 0.00783397 0.01261507].
2024-02-13 14:37:33,609 - INFO - Finished optimization with guess, [0.0476557  0.02393973 0.00783397 0.01261507].
2024-02-13 14:37:33,610 - INFO - Best fit parameters: [2.54143131e-02 6.80469618e+28 1.41370035e-22 9.12805095e-26].
2024-02-13 14:37:33,634 - INFO - Maximum log composite likelihood: -27.596379616086267.
2024-02-13 14:37:33,634 - INFO - Optimal value of theta: 345.20650500780835.
2024-02-13 14:37:33,634 - INFO - Beginning optimization with guess, [0.04126476 0.04896586 0.0154788  0.01338722].
2024-02-13 14:37:34,881 - INFO - Finished optimization with guess, [0.04126476 0.04896586 0.0154788  0.01338722].
2024-02-13 14:37:34,881 - INFO - Best fit parameters: [1.43077187e-01 3.21406250e+00 1.80783701e-04 5.81594658e-03].
2024-02-13 14:37:34,905 - INFO - Maximum log composite likelihood: -26.640953671359853.
2024-02-13 14:37:34,905 - INFO - Optimal value of theta: 343.12191868186045.
2024-02-13 14:37:34,906 - INFO - Beginning optimization with guess, [0.64166714 0.81472383 0.0144433  0.01196627].
2024-02-13 14:37:35,971 - INFO - Finished optimization with guess, [0.64166714 0.81472383 0.0144433  0.01196627].
2024-02-13 14:37:35,972 - INFO - Best fit parameters: [1.22529373e+00 1.20852160e+00 7.87181402e-07 5.96756176e-03].
2024-02-13 14:37:35,996 - INFO - Maximum log composite likelihood: -27.2630240115343.
2024-02-13 14:37:35,996 - INFO - Optimal value of theta: 344.4812336062783.
2024-02-13 14:37:35,996 - INFO - Beginning optimization with guess, [1.35415503 1.03934405 0.01113708 0.00992331].
2024-02-13 14:37:37,198 - INFO - Finished optimization with guess, [1.35415503 1.03934405 0.01113708 0.00992331].
2024-02-13 14:37:37,198 - INFO - Best fit parameters: [1.58205834 1.03855195 0.20301356 0.0109087 ].
2024-02-13 14:37:37,225 - INFO - Maximum log composite likelihood: -21.895894542072995.
2024-02-13 14:37:37,225 - INFO - Optimal value of theta: 310.6570647328844.
2024-02-13 14:37:37,225 - INFO - Beginning optimization with guess, [0.68080299 1.06041872 0.01130339 0.01184063].
2024-02-13 14:37:38,538 - INFO - Finished optimization with guess, [0.68080299 1.06041872 0.01130339 0.01184063].
2024-02-13 14:37:38,538 - INFO - Best fit parameters: [8.12850652e-01 1.08518659e+00 3.25592478e-04 2.93294745e-01].
2024-02-13 14:37:38,569 - INFO - Maximum log composite likelihood: -25.7604279781512.
2024-02-13 14:37:38,569 - INFO - Optimal value of theta: 335.59017332542754.
2024-02-13 14:37:38,569 - INFO - Beginning optimization with guess, [0.89378885 0.67157207 0.00772027 0.00635803].
2024-02-13 14:37:39,616 - INFO - Finished optimization with guess, [0.89378885 0.67157207 0.00772027 0.00635803].
2024-02-13 14:37:39,616 - INFO - Best fit parameters: [1.09093298e+00 1.14114370e+00 9.11332676e-02 2.45510209e-08].
2024-02-13 14:37:39,642 - INFO - Maximum log composite likelihood: -26.162545053930728.
2024-02-13 14:37:39,642 - INFO - Optimal value of theta: 340.83693205808805.
2024-02-13 14:37:39,642 - INFO - Beginning optimization with guess, [0.79610151 0.56835871 0.01272043 0.00750283].
2024-02-13 14:37:40,775 - INFO - Finished optimization with guess, [0.79610151 0.56835871 0.01272043 0.00750283].
2024-02-13 14:37:40,776 - INFO - Best fit parameters: [1.19886682e+00 7.91582209e-01 1.14070424e-03 2.49915481e-05].
2024-02-13 14:37:40,800 - INFO - Maximum log composite likelihood: -27.533849560566978.
2024-02-13 14:37:40,800 - INFO - Optimal value of theta: 345.075320498263.
2024-02-13 14:37:40,800 - INFO - Beginning optimization with guess, [1.07303692 1.11859288 0.00656092 0.00992496].
2024-02-13 14:37:42,122 - INFO - Finished optimization with guess, [1.07303692 1.11859288 0.00656092 0.00992496].
2024-02-13 14:37:42,123 - INFO - Best fit parameters: [1.04476309 1.27223111 0.02061015 0.4069228 ].
2024-02-13 14:37:42,154 - INFO - Maximum log composite likelihood: -23.303224597450935.
2024-02-13 14:37:42,154 - INFO - Optimal value of theta: 313.0151304045732.
2024-02-13 14:37:42,154 - INFO - Beginning optimization with guess, [1.48435084 2.32493176 0.00505737 0.00672936].
2024-02-13 14:37:43,304 - INFO - Finished optimization with guess, [1.48435084 2.32493176 0.00505737 0.00672936].
2024-02-13 14:37:43,305 - INFO - Best fit parameters: [1.52296174 2.90148521 0.00385753 0.07877666].
2024-02-13 14:37:43,329 - INFO - Maximum log composite likelihood: -20.801323455152215.
2024-02-13 14:37:43,329 - INFO - Optimal value of theta: 313.3590656121271.
2024-02-13 14:37:43,330 - INFO - Beginning optimization with guess, [1.77852902 1.18876982 0.0133565  0.00634448].
2024-02-13 14:37:44,481 - INFO - Finished optimization with guess, [1.77852902 1.18876982 0.0133565  0.00634448].
2024-02-13 14:37:44,481 - INFO - Best fit parameters: [2.07797488 1.20651364 0.11778312 0.00507982].
2024-02-13 14:37:44,507 - INFO - Maximum log composite likelihood: -21.011491911271207.
2024-02-13 14:37:44,507 - INFO - Optimal value of theta: 311.3193101931967.
2024-02-13 14:37:44,507 - INFO - Beginning optimization with guess, [1.73321981 2.03924443 0.00745411 0.01836782].
2024-02-13 14:37:45,666 - INFO - Finished optimization with guess, [1.73321981 2.03924443 0.00745411 0.01836782].
2024-02-13 14:37:45,666 - INFO - Best fit parameters: [1.8048714  2.32228709 0.00609665 0.09556672].
2024-02-13 14:37:45,691 - INFO - Maximum log composite likelihood: -20.864802568063965.
2024-02-13 14:37:45,691 - INFO - Optimal value of theta: 312.25118411895596.
2024-02-13 14:37:45,692 - INFO - Beginning optimization with guess, [4.02090539 3.82537343 0.0126779  0.00528338].
2024-02-13 14:37:46,850 - INFO - Finished optimization with guess, [4.02090539 3.82537343 0.0126779  0.00528338].
2024-02-13 14:37:46,850 - INFO - Best fit parameters: [5.03630582e+00 4.16744496e+00 5.71113406e-02 4.00721179e-03].
2024-02-13 14:37:46,875 - INFO - Maximum log composite likelihood: -20.775757991945625.
2024-02-13 14:37:46,875 - INFO - Optimal value of theta: 314.49352738135957.
2024-02-13 14:37:46,875 - INFO - Beginning optimization with guess, [4.75014311 3.14605861 0.01874693 0.01491318].
2024-02-13 14:37:48,148 - INFO - Finished optimization with guess, [4.75014311 3.14605861 0.01874693 0.01491318].
2024-02-13 14:37:48,149 - INFO - Best fit parameters: [5.95330246 3.30182495 0.04919625 0.01268055].
2024-02-13 14:37:48,173 - INFO - Maximum log composite likelihood: -20.77534172045665.
2024-02-13 14:37:48,174 - INFO - Optimal value of theta: 314.06943149850457.
2024-02-13 14:37:48,174 - INFO - Beginning optimization with guess, [2.22669762 5.05639554 0.00608128 0.00907445].
2024-02-13 14:37:49,306 - INFO - Finished optimization with guess, [2.22669762 5.05639554 0.00608128 0.00907445].
2024-02-13 14:37:49,306 - INFO - Best fit parameters: [2.39503875e+00 6.68938569e+00 4.67331117e-03 5.36156466e-02].
2024-02-13 14:37:49,331 - INFO - Maximum log composite likelihood: -20.778923058697842.
2024-02-13 14:37:49,331 - INFO - Optimal value of theta: 314.4922117902214.
2024-02-13 14:37:49,331 - INFO - Beginning optimization with guess, [2.67094774 4.68015423 0.00610104 0.01811349].
2024-02-13 14:37:50,538 - INFO - Finished optimization with guess, [2.67094774 4.68015423 0.00610104 0.01811349].
2024-02-13 14:37:50,539 - INFO - Best fit parameters: [2.88396776e+00 5.73472969e+00 5.05526622e-03 5.41545482e-02].
2024-02-13 14:37:50,563 - INFO - Maximum log composite likelihood: -20.777035917173123.
2024-02-13 14:37:50,563 - INFO - Optimal value of theta: 314.7682415518084.
2024-02-13 14:37:50,563 - INFO - Beginning optimization with guess, [2.04310382 5.10265872 0.01794426 0.0118675 ].
2024-02-13 14:37:51,749 - INFO - Finished optimization with guess, [2.04310382 5.10265872 0.01794426 0.0118675 ].
2024-02-13 14:37:51,750 - INFO - Best fit parameters: [2.27013591 5.8115435  0.01543825 0.04853677].
2024-02-13 14:37:51,774 - INFO - Maximum log composite likelihood: -20.77669184087938.
2024-02-13 14:37:51,774 - INFO - Optimal value of theta: 314.3850187142015.
2024-02-13 14:37:51,774 - INFO - Beginning optimization with guess, [5.10748618 5.26532269 0.01810091 0.00770944].
2024-02-13 14:37:53,033 - INFO - Finished optimization with guess, [5.10748618 5.26532269 0.01810091 0.00770944].
2024-02-13 14:37:53,033 - INFO - Best fit parameters: [6.35426111e+00 5.92714828e+00 5.11905992e-02 6.15055642e-03].
2024-02-13 14:37:53,058 - INFO - Maximum log composite likelihood: -20.777972536386358.
2024-02-13 14:37:53,058 - INFO - Optimal value of theta: 314.5658974363356.
2024-02-13 14:37:53,058 - INFO - Beginning optimization with guess, [2.04115724 3.01793577 0.00666217 0.01669964].
2024-02-13 14:37:54,247 - INFO - Finished optimization with guess, [2.04115724 3.01793577 0.00666217 0.01669964].
2024-02-13 14:37:54,248 - INFO - Best fit parameters: [2.11979204 3.59516419 0.00503429 0.06763637].
2024-02-13 14:37:54,273 - INFO - Maximum log composite likelihood: -20.78040641293171.
2024-02-13 14:37:54,273 - INFO - Optimal value of theta: 313.56060574209755.
2024-02-13 14:37:54,273 - INFO - Beginning optimization with guess, [3.27210475 4.39486426 0.01604204 0.00787391].
2024-02-13 14:37:55,483 - INFO - Finished optimization with guess, [3.27210475 4.39486426 0.01604204 0.00787391].
2024-02-13 14:37:55,483 - INFO - Best fit parameters: [3.88744072 4.99850647 0.06034074 0.00659493].
2024-02-13 14:37:55,508 - INFO - Maximum log composite likelihood: -20.776977506309947.
2024-02-13 14:37:55,508 - INFO - Optimal value of theta: 314.06004873931596.
2024-02-13 14:37:55,508 - INFO - Beginning optimization with guess, [8.55793636 3.12684448 0.01889952 0.0139483 ].
2024-02-13 14:37:56,735 - INFO - Finished optimization with guess, [8.55793636 3.12684448 0.01889952 0.0139483 ].
2024-02-13 14:37:56,735 - INFO - Best fit parameters: [9.90077793 3.50513888 0.04374477 0.01270843].
2024-02-13 14:37:56,760 - INFO - Maximum log composite likelihood: -20.77640639170636.
2024-02-13 14:37:56,760 - INFO - Optimal value of theta: 314.55259894245387.
2024-02-13 14:37:56,760 - INFO - Beginning optimization with guess, [6.89369459e+00 5.82458499e+00 1.28658950e-02 5.93845761e-03].
2024-02-13 14:37:57,952 - INFO - Finished optimization with guess, [6.89369459e+00 5.82458499e+00 1.28658950e-02 5.93845761e-03].
2024-02-13 14:37:57,952 - INFO - Best fit parameters: [8.77404990e+00 7.03870714e+00 4.74253369e-02 5.21854164e-03].
2024-02-13 14:37:57,981 - INFO - Maximum log composite likelihood: -20.782750503108502.
2024-02-13 14:37:57,981 - INFO - Optimal value of theta: 315.3193172948063.
2024-02-13 14:37:57,981 - INFO - Beginning optimization with guess, [9.59641557e+00 4.52609614e+00 9.80491954e-03 9.58579404e-03].
2024-02-13 14:37:59,240 - INFO - Finished optimization with guess, [9.59641557e+00 4.52609614e+00 9.80491954e-03 9.58579404e-03].
2024-02-13 14:37:59,240 - INFO - Best fit parameters: [1.14121848e+01 5.71251332e+00 4.42840802e-02 8.32946647e-03].
2024-02-13 14:37:59,267 - INFO - Maximum log composite likelihood: -20.782698912287287.
2024-02-13 14:37:59,267 - INFO - Optimal value of theta: 314.87811624705193.
2024-02-13 14:37:59,268 - INFO - Finished demographic inference.
2024-02-13 14:37:59,269 - INFO - Pipeline executed succesfully.
