2024-03-14 21:18:52,214 - INFO - Beginning execution of fit_demographic_model.py in directory /u/project/kirk/jonmah/sample_size_demography/Scripts

2024-03-14 21:18:52,215 - INFO - Progress is being logged to ../Analysis/TwoEpochExpansion_660/log.log

2024-03-14 21:18:52,215 - INFO - Parsed the following arguments:
	syn_input_sfs = ../Analysis/TwoEpochExpansion_660/syn_downsampled_sfs.txt
	mask_singletons = False
	mask_doubletons = False
	outprefix = ../Analysis/TwoEpochExpansion_660/

2024-03-14 21:18:52,227 - INFO - Beginning demographic inference for one-epoch demographic model.
2024-03-14 21:18:52,228 - INFO - Beginning optimization with guess, [0.05271875].
2024-03-14 21:19:50,094 - INFO - Finished optimization with guess, [0.05271875].
2024-03-14 21:19:50,095 - INFO - Best fit parameters: [0.05271875].
2024-03-14 21:19:51,707 - INFO - Maximum log composite likelihood: -2973.9588267034815.
2024-03-14 21:19:51,707 - INFO - Optimal value of theta: 13599.571358512065.
2024-03-14 21:19:51,707 - INFO - Beginning optimization with guess, [0.27115336].
2024-03-14 21:20:43,309 - INFO - Finished optimization with guess, [0.27115336].
2024-03-14 21:20:43,310 - INFO - Best fit parameters: [0.27115336].
2024-03-14 21:20:44,859 - INFO - Maximum log composite likelihood: -2973.9588267034815.
2024-03-14 21:20:44,859 - INFO - Optimal value of theta: 13599.571358512065.
2024-03-14 21:20:44,860 - INFO - Beginning optimization with guess, [0.17508262].
2024-03-14 21:21:35,072 - INFO - Finished optimization with guess, [0.17508262].
2024-03-14 21:21:35,073 - INFO - Best fit parameters: [0.17508262].
2024-03-14 21:21:36,692 - INFO - Maximum log composite likelihood: -2973.9588267034815.
2024-03-14 21:21:36,692 - INFO - Optimal value of theta: 13599.571358512065.
2024-03-14 21:21:36,692 - INFO - Beginning optimization with guess, [0.2933815].
2024-03-14 21:22:26,479 - INFO - Finished optimization with guess, [0.2933815].
2024-03-14 21:22:26,480 - INFO - Best fit parameters: [0.2933815].
2024-03-14 21:22:27,938 - INFO - Maximum log composite likelihood: -2973.9588267034815.
2024-03-14 21:22:27,938 - INFO - Optimal value of theta: 13599.571358512065.
2024-03-14 21:22:27,938 - INFO - Beginning optimization with guess, [0.69295955].
2024-03-14 21:23:07,448 - INFO - Finished optimization with guess, [0.69295955].
2024-03-14 21:23:07,449 - INFO - Best fit parameters: [0.69295955].
2024-03-14 21:23:08,782 - INFO - Maximum log composite likelihood: -2973.9588267034815.
2024-03-14 21:23:08,782 - INFO - Optimal value of theta: 13599.571358512065.
2024-03-14 21:23:08,782 - INFO - Beginning optimization with guess, [0.90908421].
2024-03-14 21:23:36,219 - INFO - Finished optimization with guess, [0.90908421].
2024-03-14 21:23:36,220 - INFO - Best fit parameters: [0.90908421].
2024-03-14 21:23:37,538 - INFO - Maximum log composite likelihood: -2973.9588267034815.
2024-03-14 21:23:37,538 - INFO - Optimal value of theta: 13599.571358512065.
2024-03-14 21:23:37,538 - INFO - Beginning optimization with guess, [1.01785806].
2024-03-14 21:23:57,135 - INFO - Finished optimization with guess, [1.01785806].
2024-03-14 21:23:57,136 - INFO - Best fit parameters: [1.01785806].
2024-03-14 21:23:58,703 - INFO - Maximum log composite likelihood: -2973.9588267034815.
2024-03-14 21:23:58,703 - INFO - Optimal value of theta: 13599.571358512065.
2024-03-14 21:23:58,704 - INFO - Beginning optimization with guess, [0.41096058].
2024-03-14 21:24:40,725 - INFO - Finished optimization with guess, [0.41096058].
2024-03-14 21:24:40,726 - INFO - Best fit parameters: [0.41096058].
2024-03-14 21:24:42,044 - INFO - Maximum log composite likelihood: -2973.9588267034815.
2024-03-14 21:24:42,044 - INFO - Optimal value of theta: 13599.571358512065.
2024-03-14 21:24:42,044 - INFO - Beginning optimization with guess, [1.09705096].
2024-03-14 21:25:13,546 - INFO - Finished optimization with guess, [1.09705096].
2024-03-14 21:25:13,547 - INFO - Best fit parameters: [1.09705096].
2024-03-14 21:25:15,217 - INFO - Maximum log composite likelihood: -2973.9588267034815.
2024-03-14 21:25:15,217 - INFO - Optimal value of theta: 13599.571358512065.
2024-03-14 21:25:15,218 - INFO - Beginning optimization with guess, [0.70607181].
2024-03-14 21:25:57,173 - INFO - Finished optimization with guess, [0.70607181].
2024-03-14 21:25:57,174 - INFO - Best fit parameters: [0.70607181].
2024-03-14 21:25:58,793 - INFO - Maximum log composite likelihood: -2973.9588267034815.
2024-03-14 21:25:58,793 - INFO - Optimal value of theta: 13599.571358512065.
2024-03-14 21:25:58,794 - INFO - Beginning optimization with guess, [0.79885763].
2024-03-14 21:26:36,268 - INFO - Finished optimization with guess, [0.79885763].
2024-03-14 21:26:36,270 - INFO - Best fit parameters: [0.79885763].
2024-03-14 21:26:37,888 - INFO - Maximum log composite likelihood: -2973.9588267034815.
2024-03-14 21:26:37,888 - INFO - Optimal value of theta: 13599.571358512065.
2024-03-14 21:26:37,888 - INFO - Beginning optimization with guess, [1.35656239].
2024-03-14 21:27:19,822 - INFO - Finished optimization with guess, [1.35656239].
2024-03-14 21:27:19,824 - INFO - Best fit parameters: [1.35656239].
2024-03-14 21:27:21,461 - INFO - Maximum log composite likelihood: -2973.9588267034815.
2024-03-14 21:27:21,461 - INFO - Optimal value of theta: 13599.571358512065.
2024-03-14 21:27:21,461 - INFO - Beginning optimization with guess, [0.93966012].
2024-03-14 21:27:48,149 - INFO - Finished optimization with guess, [0.93966012].
2024-03-14 21:27:48,151 - INFO - Best fit parameters: [0.93966012].
2024-03-14 21:27:49,726 - INFO - Maximum log composite likelihood: -2973.9588267034815.
2024-03-14 21:27:49,726 - INFO - Optimal value of theta: 13599.571358512065.
2024-03-14 21:27:49,727 - INFO - Beginning optimization with guess, [1.58924647].
2024-03-14 21:28:29,947 - INFO - Finished optimization with guess, [1.58924647].
2024-03-14 21:28:29,948 - INFO - Best fit parameters: [1.58924647].
2024-03-14 21:28:31,514 - INFO - Maximum log composite likelihood: -2973.9588267034815.
2024-03-14 21:28:31,514 - INFO - Optimal value of theta: 13599.571358512065.
2024-03-14 21:28:31,514 - INFO - Beginning optimization with guess, [3.20831262].
2024-03-14 21:29:18,753 - INFO - Finished optimization with guess, [3.20831262].
2024-03-14 21:29:18,754 - INFO - Best fit parameters: [3.20831262].
2024-03-14 21:29:20,076 - INFO - Maximum log composite likelihood: -2973.9588267034815.
2024-03-14 21:29:20,076 - INFO - Optimal value of theta: 13599.571358512065.
2024-03-14 21:29:20,076 - INFO - Beginning optimization with guess, [3.81140497].
2024-03-14 21:30:05,865 - INFO - Finished optimization with guess, [3.81140497].
2024-03-14 21:30:05,866 - INFO - Best fit parameters: [3.81140497].
2024-03-14 21:30:07,274 - INFO - Maximum log composite likelihood: -2973.9588267034815.
2024-03-14 21:30:07,275 - INFO - Optimal value of theta: 13599.571358512065.
2024-03-14 21:30:07,275 - INFO - Beginning optimization with guess, [2.75227245].
2024-03-14 21:30:48,283 - INFO - Finished optimization with guess, [2.75227245].
2024-03-14 21:30:48,284 - INFO - Best fit parameters: [2.75227245].
2024-03-14 21:30:49,713 - INFO - Maximum log composite likelihood: -2973.9588267034815.
2024-03-14 21:30:49,713 - INFO - Optimal value of theta: 13599.571358512065.
2024-03-14 21:30:49,713 - INFO - Beginning optimization with guess, [5.55581385].
2024-03-14 21:31:42,261 - INFO - Finished optimization with guess, [5.55581385].
2024-03-14 21:31:42,262 - INFO - Best fit parameters: [5.55581385].
2024-03-14 21:31:43,903 - INFO - Maximum log composite likelihood: -2973.9588267034815.
2024-03-14 21:31:43,904 - INFO - Optimal value of theta: 13599.571358512065.
2024-03-14 21:31:43,904 - INFO - Beginning optimization with guess, [4.46516806].
2024-03-14 21:32:36,620 - INFO - Finished optimization with guess, [4.46516806].
2024-03-14 21:32:36,623 - INFO - Best fit parameters: [4.46516806].
2024-03-14 21:32:38,413 - INFO - Maximum log composite likelihood: -2973.9588267034815.
2024-03-14 21:32:38,414 - INFO - Optimal value of theta: 13599.571358512065.
2024-03-14 21:32:38,414 - INFO - Beginning optimization with guess, [4.67561094].
2024-03-14 21:33:30,486 - INFO - Finished optimization with guess, [4.67561094].
2024-03-14 21:33:30,487 - INFO - Best fit parameters: [4.67561094].
2024-03-14 21:33:32,005 - INFO - Maximum log composite likelihood: -2973.9588267034815.
2024-03-14 21:33:32,005 - INFO - Optimal value of theta: 13599.571358512065.
2024-03-14 21:33:32,005 - INFO - Beginning optimization with guess, [2.16938464].
2024-03-14 21:34:19,071 - INFO - Finished optimization with guess, [2.16938464].
2024-03-14 21:34:19,072 - INFO - Best fit parameters: [2.16938464].
2024-03-14 21:34:20,561 - INFO - Maximum log composite likelihood: -2973.9588267034815.
2024-03-14 21:34:20,561 - INFO - Optimal value of theta: 13599.571358512065.
2024-03-14 21:34:20,561 - INFO - Beginning optimization with guess, [3.43330075].
2024-03-14 21:35:12,539 - INFO - Finished optimization with guess, [3.43330075].
2024-03-14 21:35:12,540 - INFO - Best fit parameters: [3.43330075].
2024-03-14 21:35:14,148 - INFO - Maximum log composite likelihood: -2973.9588267034815.
2024-03-14 21:35:14,148 - INFO - Optimal value of theta: 13599.571358512065.
2024-03-14 21:35:14,148 - INFO - Beginning optimization with guess, [8.049172].
2024-03-14 21:36:02,248 - INFO - Finished optimization with guess, [8.049172].
2024-03-14 21:36:02,249 - INFO - Best fit parameters: [8.049172].
2024-03-14 21:36:03,646 - INFO - Maximum log composite likelihood: -2973.9588267034815.
2024-03-14 21:36:03,647 - INFO - Optimal value of theta: 13599.571358512065.
2024-03-14 21:36:03,647 - INFO - Beginning optimization with guess, [12.17914124].
2024-03-14 21:36:55,782 - INFO - Finished optimization with guess, [12.17914124].
2024-03-14 21:36:55,783 - INFO - Best fit parameters: [12.17914124].
2024-03-14 21:36:57,100 - INFO - Maximum log composite likelihood: -2973.9588267034815.
2024-03-14 21:36:57,100 - INFO - Optimal value of theta: 13599.571358512065.
2024-03-14 21:36:57,100 - INFO - Beginning optimization with guess, [6.52526245].
2024-03-14 21:37:44,434 - INFO - Finished optimization with guess, [6.52526245].
2024-03-14 21:37:44,435 - INFO - Best fit parameters: [6.52526245].
2024-03-14 21:37:46,055 - INFO - Maximum log composite likelihood: -2973.9588267034815.
2024-03-14 21:37:46,055 - INFO - Optimal value of theta: 13599.571358512065.
2024-03-14 21:37:46,062 - INFO - Finished demographic inference.
2024-03-14 21:37:46,062 - INFO - Pipeline executed succesfully.
