2025-07-30 18:12:26,761 - INFO - Beginning execution of fit_demographic_model.py in directory /u/project/kirk/jonmah/sample_size_demography/Scripts

2025-07-30 18:12:26,761 - INFO - Progress is being logged to ../Analysis/msprime_3EpB_620/log.log

2025-07-30 18:12:26,761 - INFO - Parsed the following arguments:
	syn_input_sfs = ../Simulations/simple_simulations/ThreeEpochBottleneck_620_concat.sfs
	mask_singletons = False
	mask_doubletons = False
	L_syn = 100000000.0
	outprefix = ../Analysis/msprime_3EpB_620/

2025-07-30 18:12:26,764 - INFO - Beginning demographic inference for two-epoch demographic model.
2025-07-30 18:12:26,765 - INFO - Beginning optimization with guess, [0.01, 0.1].
2025-07-30 18:15:58,393 - INFO - Finished optimization with guess, [0.01, 0.1].
2025-07-30 18:15:58,396 - INFO - Best fit parameters: [0.00153993 0.26607251].
2025-07-30 18:16:07,744 - INFO - Maximum log composite likelihood: -102037.22218704739.
2025-07-30 18:16:07,746 - INFO - Optimal value of theta: 23095189.590054546.
2025-07-30 18:16:07,746 - INFO - Beginning optimization with guess, [0.025, 0.1].
2025-07-30 18:17:34,891 - INFO - Finished optimization with guess, [0.025, 0.1].
2025-07-30 18:17:34,894 - INFO - Best fit parameters: [0.00399868 0.30725574].
2025-07-30 18:17:40,706 - INFO - Maximum log composite likelihood: -102037.22218783485.
2025-07-30 18:17:40,706 - INFO - Optimal value of theta: 8894162.937032973.
2025-07-30 18:17:40,706 - INFO - Beginning optimization with guess, [0.05, 0.1].
2025-07-30 18:22:21,727 - INFO - Finished optimization with guess, [0.05, 0.1].
2025-07-30 18:22:21,731 - INFO - Best fit parameters: [0.00243076 1.37246096].
2025-07-30 18:22:45,899 - INFO - Maximum log composite likelihood: -102037.22218752414.
2025-07-30 18:22:45,902 - INFO - Optimal value of theta: 14631157.29462804.
2025-07-30 18:22:45,902 - INFO - Beginning optimization with guess, [0.075, 0.1].
2025-07-30 18:24:35,214 - INFO - Finished optimization with guess, [0.075, 0.1].
2025-07-30 18:24:35,217 - INFO - Best fit parameters: [0.01014891 0.84976116].
2025-07-30 18:24:41,379 - INFO - Maximum log composite likelihood: -102037.222186879.
2025-07-30 18:24:41,379 - INFO - Optimal value of theta: 3504305.2361518196.
2025-07-30 18:24:41,380 - INFO - Beginning optimization with guess, [0.1, 0.1].
2025-07-30 18:35:22,134 - INFO - Finished optimization with guess, [0.1, 0.1].
2025-07-30 18:35:22,136 - INFO - Best fit parameters: [0.00777365 5.30884444].
2025-07-30 18:35:51,381 - INFO - Maximum log composite likelihood: -102037.22218737987.
2025-07-30 18:35:51,384 - INFO - Optimal value of theta: 4575057.236985786.
2025-07-30 18:35:51,384 - INFO - Beginning optimization with guess, [0.25, 0.1].
2025-07-30 18:36:49,202 - INFO - Finished optimization with guess, [0.25, 0.1].
2025-07-30 18:36:49,206 - INFO - Best fit parameters: [2.46219821e+01 2.31031860e-02].
2025-07-30 18:36:52,063 - INFO - Maximum log composite likelihood: -17358.200512719337.
2025-07-30 18:36:52,063 - INFO - Optimal value of theta: 19867.18693632501.
2025-07-30 18:36:52,063 - INFO - Beginning optimization with guess, [0.5, 0.1].
2025-07-30 18:37:50,150 - INFO - Finished optimization with guess, [0.5, 0.1].
2025-07-30 18:37:50,152 - INFO - Best fit parameters: [2.18448115e+01 1.67503327e-02].
2025-07-30 18:37:53,014 - INFO - Maximum log composite likelihood: -19778.88560082107.
2025-07-30 18:37:53,014 - INFO - Optimal value of theta: 22391.207810410026.
2025-07-30 18:37:53,014 - INFO - Beginning optimization with guess, [0.75, 0.1].
2025-07-30 18:38:50,652 - INFO - Finished optimization with guess, [0.75, 0.1].
2025-07-30 18:38:50,656 - INFO - Best fit parameters: [3.59649756 0.01675033].
2025-07-30 18:38:53,689 - INFO - Maximum log composite likelihood: -47902.21155318009.
2025-07-30 18:38:53,690 - INFO - Optimal value of theta: 27515.038663346095.
2025-07-30 18:38:53,690 - INFO - Beginning optimization with guess, [1, 0.1].
2025-07-30 18:39:49,117 - INFO - Finished optimization with guess, [1, 0.1].
2025-07-30 18:39:49,119 - INFO - Best fit parameters: [1.02090297 0.30947459].
2025-07-30 18:39:52,028 - INFO - Maximum log composite likelihood: -101615.30800186913.
2025-07-30 18:39:52,028 - INFO - Optimal value of theta: 35083.58913771648.
2025-07-30 18:39:52,029 - INFO - Beginning optimization with guess, [1.25, 0.1].
2025-07-30 18:40:53,746 - INFO - Finished optimization with guess, [1.25, 0.1].
2025-07-30 18:40:53,748 - INFO - Best fit parameters: [1.43159518 0.01559353].
2025-07-30 18:40:56,611 - INFO - Maximum log composite likelihood: -82696.23806892188.
2025-07-30 18:40:56,611 - INFO - Optimal value of theta: 32773.42911012207.
2025-07-30 18:40:56,612 - INFO - Beginning optimization with guess, [1.5, 0.1].
2025-07-30 18:41:51,329 - INFO - Finished optimization with guess, [1.5, 0.1].
2025-07-30 18:41:51,332 - INFO - Best fit parameters: [1.75965364 0.01654817].
2025-07-30 18:41:54,295 - INFO - Maximum log composite likelihood: -72844.6087761867.
2025-07-30 18:41:54,295 - INFO - Optimal value of theta: 31262.935973029696.
2025-07-30 18:41:54,295 - INFO - Beginning optimization with guess, [1.75, 0.1].
2025-07-30 18:42:48,578 - INFO - Finished optimization with guess, [1.75, 0.1].
2025-07-30 18:42:48,580 - INFO - Best fit parameters: [2.18139483 0.01654817].
2025-07-30 18:42:51,491 - INFO - Maximum log composite likelihood: -64296.44384872046.
2025-07-30 18:42:51,492 - INFO - Optimal value of theta: 29999.581543316544.
2025-07-30 18:42:51,492 - INFO - Beginning optimization with guess, [2, 0.1].
2025-07-30 18:43:52,291 - INFO - Finished optimization with guess, [2, 0.1].
2025-07-30 18:43:52,294 - INFO - Best fit parameters: [3.31296968 0.02190912].
2025-07-30 18:43:55,056 - INFO - Maximum log composite likelihood: -48410.03248283531.
2025-07-30 18:43:55,056 - INFO - Optimal value of theta: 26653.09304962231.
2025-07-30 18:43:55,056 - INFO - Beginning optimization with guess, [2.25, 0.1].
2025-07-30 18:44:52,735 - INFO - Finished optimization with guess, [2.25, 0.1].
2025-07-30 18:44:52,739 - INFO - Best fit parameters: [4.06083566 0.02190912].
2025-07-30 18:44:55,657 - INFO - Maximum log composite likelihood: -42525.11233853243.
2025-07-30 18:44:55,657 - INFO - Optimal value of theta: 25658.326935773403.
2025-07-30 18:44:55,657 - INFO - Beginning optimization with guess, [2.5, 0.1].
2025-07-30 18:45:53,127 - INFO - Finished optimization with guess, [2.5, 0.1].
2025-07-30 18:45:53,130 - INFO - Best fit parameters: [4.87180703 0.02190912].
2025-07-30 18:45:56,064 - INFO - Maximum log composite likelihood: -38699.99108503396.
2025-07-30 18:45:56,064 - INFO - Optimal value of theta: 24981.72567530904.
2025-07-30 18:45:56,065 - INFO - Beginning optimization with guess, [2.75, 0.1].
2025-07-30 18:46:53,790 - INFO - Finished optimization with guess, [2.75, 0.1].
2025-07-30 18:46:53,793 - INFO - Best fit parameters: [5.74409761 0.02190912].
2025-07-30 18:46:56,735 - INFO - Maximum log composite likelihood: -36291.89348881515.
2025-07-30 18:46:56,735 - INFO - Optimal value of theta: 24497.822580939694.
2025-07-30 18:46:56,735 - INFO - Beginning optimization with guess, [3, 0.1].
2025-07-30 18:47:55,515 - INFO - Finished optimization with guess, [3, 0.1].
2025-07-30 18:47:55,518 - INFO - Best fit parameters: [6.6761359  0.02190912].
2025-07-30 18:47:58,248 - INFO - Maximum log composite likelihood: -32940.14367288763.
2025-07-30 18:47:58,248 - INFO - Optimal value of theta: 23883.585940101893.
2025-07-30 18:47:58,248 - INFO - Beginning optimization with guess, [3.25, 0.1].
2025-07-30 18:48:55,799 - INFO - Finished optimization with guess, [3.25, 0.1].
2025-07-30 18:48:55,801 - INFO - Best fit parameters: [7.66652283 0.02190912].
2025-07-30 18:48:58,767 - INFO - Maximum log composite likelihood: -30168.627936800443.
2025-07-30 18:48:58,768 - INFO - Optimal value of theta: 23358.668453271654.
2025-07-30 18:48:58,768 - INFO - Beginning optimization with guess, [3.5, 0.1].
2025-07-30 18:49:56,597 - INFO - Finished optimization with guess, [3.5, 0.1].
2025-07-30 18:49:56,604 - INFO - Best fit parameters: [8.71400067 0.02190912].
2025-07-30 18:49:59,466 - INFO - Maximum log composite likelihood: -27863.42707140514.
2025-07-30 18:49:59,466 - INFO - Optimal value of theta: 22905.679796886423.
2025-07-30 18:49:59,466 - INFO - Beginning optimization with guess, [3.75, 0.1].
2025-07-30 18:50:57,074 - INFO - Finished optimization with guess, [3.75, 0.1].
2025-07-30 18:50:57,076 - INFO - Best fit parameters: [9.81742935 0.02190912].
2025-07-30 18:51:00,073 - INFO - Maximum log composite likelihood: -25937.467593808873.
2025-07-30 18:51:00,073 - INFO - Optimal value of theta: 22511.443445992074.
2025-07-30 18:51:00,073 - INFO - Beginning optimization with guess, [4, 0.1].
2025-07-30 18:51:57,874 - INFO - Finished optimization with guess, [4, 0.1].
2025-07-30 18:51:57,877 - INFO - Best fit parameters: [10.9757681   0.02190912].
2025-07-30 18:52:00,680 - INFO - Maximum log composite likelihood: -24323.05485098922.
2025-07-30 18:52:00,681 - INFO - Optimal value of theta: 22165.78697741384.
2025-07-30 18:52:00,681 - INFO - Beginning optimization with guess, [4.25, 0.1].
2025-07-30 18:53:01,955 - INFO - Finished optimization with guess, [4.25, 0.1].
2025-07-30 18:53:01,956 - INFO - Best fit parameters: [12.18806102  0.02190912].
2025-07-30 18:53:04,839 - INFO - Maximum log composite likelihood: -22966.785629277623.
2025-07-30 18:53:04,839 - INFO - Optimal value of theta: 21860.729583578195.
2025-07-30 18:53:04,839 - INFO - Beginning optimization with guess, [4.5, 0.1].
2025-07-30 18:54:02,342 - INFO - Finished optimization with guess, [4.5, 0.1].
2025-07-30 18:54:02,347 - INFO - Best fit parameters: [13.45342541  0.02190912].
2025-07-30 18:54:05,252 - INFO - Maximum log composite likelihood: -21825.99454574285.
2025-07-30 18:54:05,253 - INFO - Optimal value of theta: 21589.921420045346.
2025-07-30 18:54:05,253 - INFO - Beginning optimization with guess, [4.75, 0.1].
2025-07-30 18:55:03,239 - INFO - Finished optimization with guess, [4.75, 0.1].
2025-07-30 18:55:03,241 - INFO - Best fit parameters: [14.77104238  0.02190912].
2025-07-30 18:55:06,277 - INFO - Maximum log composite likelihood: -20866.216910254363.
2025-07-30 18:55:06,278 - INFO - Optimal value of theta: 21348.24758519033.
2025-07-30 18:55:06,278 - INFO - Beginning optimization with guess, [5, 0.1].
2025-07-30 18:56:04,129 - INFO - Finished optimization with guess, [5, 0.1].
2025-07-30 18:56:04,132 - INFO - Best fit parameters: [16.14014897  0.02190912].
2025-07-30 18:56:07,000 - INFO - Maximum log composite likelihood: -20059.341910833165.
2025-07-30 18:56:07,000 - INFO - Optimal value of theta: 21131.542621649107.
2025-07-30 18:56:07,007 - INFO - Converting and interpreting Tau estimates.
2025-07-30 18:56:07,009 - INFO - Finished demographic inference.
2025-07-30 18:56:07,009 - INFO - Pipeline executed succesfully.
