2025-07-30 18:03:32,337 - INFO - Beginning execution of fit_demographic_model.py in directory /u/project/kirk/jonmah/sample_size_demography/Scripts

2025-07-30 18:03:32,337 - INFO - Progress is being logged to ../Analysis/msprime_3EpB_450/log.log

2025-07-30 18:03:32,337 - INFO - Parsed the following arguments:
	syn_input_sfs = ../Simulations/simple_simulations/ThreeEpochBottleneck_450_concat.sfs
	mask_singletons = False
	mask_doubletons = False
	L_syn = 100000000.0
	outprefix = ../Analysis/msprime_3EpB_450/

2025-07-30 18:03:32,339 - INFO - Beginning demographic inference for two-epoch demographic model.
2025-07-30 18:03:32,340 - INFO - Beginning optimization with guess, [0.01, 0.1].
2025-07-30 18:04:21,155 - INFO - Finished optimization with guess, [0.01, 0.1].
2025-07-30 18:04:21,156 - INFO - Best fit parameters: [0.00237137 0.17782794].
2025-07-30 18:04:23,357 - INFO - Maximum log composite likelihood: -70973.11808763994.
2025-07-30 18:04:23,357 - INFO - Optimal value of theta: 12932872.835156502.
2025-07-30 18:04:23,357 - INFO - Beginning optimization with guess, [0.025, 0.1].
2025-07-30 18:04:59,366 - INFO - Finished optimization with guess, [0.025, 0.1].
2025-07-30 18:04:59,367 - INFO - Best fit parameters: [0.00433472 0.31622777].
2025-07-30 18:05:01,572 - INFO - Maximum log composite likelihood: -70973.11808766561.
2025-07-30 18:05:01,572 - INFO - Optimal value of theta: 7075114.856346256.
2025-07-30 18:05:01,573 - INFO - Beginning optimization with guess, [0.05, 0.1].
2025-07-30 18:05:49,630 - INFO - Finished optimization with guess, [0.05, 0.1].
2025-07-30 18:05:49,631 - INFO - Best fit parameters: [0.00901454 0.38681205].
2025-07-30 18:05:51,301 - INFO - Maximum log composite likelihood: -70973.11808758446.
2025-07-30 18:05:51,301 - INFO - Optimal value of theta: 3402134.9131063563.
2025-07-30 18:05:51,301 - INFO - Beginning optimization with guess, [0.075, 0.1].
2025-07-30 18:07:19,609 - INFO - Finished optimization with guess, [0.075, 0.1].
2025-07-30 18:07:19,610 - INFO - Best fit parameters: [0.00983303 1.09018449].
2025-07-30 18:07:22,464 - INFO - Maximum log composite likelihood: -70973.1180872865.
2025-07-30 18:07:22,464 - INFO - Optimal value of theta: 3118943.9159453074.
2025-07-30 18:07:22,464 - INFO - Beginning optimization with guess, [0.1, 0.1].
2025-07-30 18:09:10,414 - INFO - Finished optimization with guess, [0.1, 0.1].
2025-07-30 18:09:10,415 - INFO - Best fit parameters: [0.01       3.16227766].
2025-07-30 18:09:16,876 - INFO - Maximum log composite likelihood: -70973.1180876867.
2025-07-30 18:09:16,877 - INFO - Optimal value of theta: 3066867.4579877765.
2025-07-30 18:09:16,877 - INFO - Beginning optimization with guess, [0.25, 0.1].
2025-07-30 18:09:36,275 - INFO - Finished optimization with guess, [0.25, 0.1].
2025-07-30 18:09:36,276 - INFO - Best fit parameters: [6.52599058e+01 2.46932427e-02].
2025-07-30 18:09:37,190 - INFO - Maximum log composite likelihood: -15553.545336779134.
2025-07-30 18:09:37,190 - INFO - Optimal value of theta: 17441.762996059097.
2025-07-30 18:09:37,190 - INFO - Beginning optimization with guess, [0.5, 0.1].
2025-07-30 18:09:55,717 - INFO - Finished optimization with guess, [0.5, 0.1].
2025-07-30 18:09:55,717 - INFO - Best fit parameters: [2.18448115e+01 1.67503327e-02].
2025-07-30 18:09:56,639 - INFO - Maximum log composite likelihood: -17606.008416913282.
2025-07-30 18:09:56,639 - INFO - Optimal value of theta: 20904.459733877353.
2025-07-30 18:09:56,639 - INFO - Beginning optimization with guess, [0.75, 0.1].
2025-07-30 18:27:50,776 - INFO - Finished optimization with guess, [0.75, 0.1].
2025-07-30 18:27:50,788 - INFO - Best fit parameters: [  0.62453852 204.61501509].
2025-07-30 18:27:57,206 - INFO - Maximum log composite likelihood: -70973.11808783447.
2025-07-30 18:27:57,208 - INFO - Optimal value of theta: 49106.13754410788.
2025-07-30 18:27:57,208 - INFO - Beginning optimization with guess, [1, 0.1].
2025-07-30 18:28:13,866 - INFO - Finished optimization with guess, [1, 0.1].
2025-07-30 18:28:13,869 - INFO - Best fit parameters: [1.02090297 0.30947459].
2025-07-30 18:28:14,748 - INFO - Maximum log composite likelihood: -70735.93561348022.
2025-07-30 18:28:14,748 - INFO - Optimal value of theta: 30263.52611567293.
2025-07-30 18:28:14,748 - INFO - Beginning optimization with guess, [1.25, 0.1].
2025-07-30 18:28:31,456 - INFO - Finished optimization with guess, [1.25, 0.1].
2025-07-30 18:28:31,458 - INFO - Best fit parameters: [1.36479785 0.01654817].
2025-07-30 18:28:32,340 - INFO - Maximum log composite likelihood: -59664.35259664335.
2025-07-30 18:28:32,340 - INFO - Optimal value of theta: 28731.108412374233.
2025-07-30 18:28:32,340 - INFO - Beginning optimization with guess, [1.5, 0.1].
2025-07-30 18:28:51,840 - INFO - Finished optimization with guess, [1.5, 0.1].
2025-07-30 18:28:51,843 - INFO - Best fit parameters: [2.01515152 0.02190912].
2025-07-30 18:28:52,795 - INFO - Maximum log composite likelihood: -47292.919485580656.
2025-07-30 18:28:52,795 - INFO - Optimal value of theta: 26077.98832915169.
2025-07-30 18:28:52,795 - INFO - Beginning optimization with guess, [1.75, 0.1].
2025-07-30 18:29:11,689 - INFO - Finished optimization with guess, [1.75, 0.1].
2025-07-30 18:29:11,690 - INFO - Best fit parameters: [2.63026877 0.02190912].
2025-07-30 18:29:12,620 - INFO - Maximum log composite likelihood: -40701.85296634434.
2025-07-30 18:29:12,620 - INFO - Optimal value of theta: 24802.205314709412.
2025-07-30 18:29:12,620 - INFO - Beginning optimization with guess, [2, 0.1].
2025-07-30 18:29:30,222 - INFO - Finished optimization with guess, [2, 0.1].
2025-07-30 18:29:30,223 - INFO - Best fit parameters: [3.31296968 0.02190912].
2025-07-30 18:29:31,097 - INFO - Maximum log composite likelihood: -35712.99359426792.
2025-07-30 18:29:31,097 - INFO - Optimal value of theta: 23816.996318823793.
2025-07-30 18:29:31,097 - INFO - Beginning optimization with guess, [2.25, 0.1].
2025-07-30 18:29:48,912 - INFO - Finished optimization with guess, [2.25, 0.1].
2025-07-30 18:29:48,913 - INFO - Best fit parameters: [4.06083566 0.02190912].
2025-07-30 18:29:49,787 - INFO - Maximum log composite likelihood: -31986.797356767613.
2025-07-30 18:29:49,788 - INFO - Optimal value of theta: 23072.533308880982.
2025-07-30 18:29:49,788 - INFO - Beginning optimization with guess, [2.5, 0.1].
2025-07-30 18:30:07,750 - INFO - Finished optimization with guess, [2.5, 0.1].
2025-07-30 18:30:07,751 - INFO - Best fit parameters: [4.87180703 0.02190912].
2025-07-30 18:30:08,687 - INFO - Maximum log composite likelihood: -29616.942517140742.
2025-07-30 18:30:08,687 - INFO - Optimal value of theta: 22568.365504678477.
2025-07-30 18:30:08,687 - INFO - Beginning optimization with guess, [2.75, 0.1].
2025-07-30 18:30:26,991 - INFO - Finished optimization with guess, [2.75, 0.1].
2025-07-30 18:30:26,993 - INFO - Best fit parameters: [5.74409761 0.02190912].
2025-07-30 18:30:27,868 - INFO - Maximum log composite likelihood: -28110.573754485195.
2025-07-30 18:30:27,868 - INFO - Optimal value of theta: 22203.234998827633.
2025-07-30 18:30:27,868 - INFO - Beginning optimization with guess, [3, 0.1].
2025-07-30 18:30:45,541 - INFO - Finished optimization with guess, [3, 0.1].
2025-07-30 18:30:45,542 - INFO - Best fit parameters: [6.6761359  0.02190912].
2025-07-30 18:30:46,475 - INFO - Maximum log composite likelihood: -25976.25073410066.
2025-07-30 18:30:46,476 - INFO - Optimal value of theta: 21749.116154225874.
2025-07-30 18:30:46,476 - INFO - Beginning optimization with guess, [3.25, 0.1].
2025-07-30 18:31:04,988 - INFO - Finished optimization with guess, [3.25, 0.1].
2025-07-30 18:31:04,989 - INFO - Best fit parameters: [7.66652283 0.02190912].
2025-07-30 18:31:05,863 - INFO - Maximum log composite likelihood: -24215.216607861108.
2025-07-30 18:31:05,863 - INFO - Optimal value of theta: 21363.130227236947.
2025-07-30 18:31:05,863 - INFO - Beginning optimization with guess, [3.5, 0.1].
2025-07-30 18:31:23,451 - INFO - Finished optimization with guess, [3.5, 0.1].
2025-07-30 18:31:23,453 - INFO - Best fit parameters: [8.71400067 0.02190912].
2025-07-30 18:31:24,427 - INFO - Maximum log composite likelihood: -22752.209408230174.
2025-07-30 18:31:24,427 - INFO - Optimal value of theta: 21031.743466889544.
2025-07-30 18:31:24,427 - INFO - Beginning optimization with guess, [3.75, 0.1].
2025-07-30 18:31:42,544 - INFO - Finished optimization with guess, [3.75, 0.1].
2025-07-30 18:31:42,547 - INFO - Best fit parameters: [9.81742935 0.02190912].
2025-07-30 18:31:43,421 - INFO - Maximum log composite likelihood: -21529.993154030868.
2025-07-30 18:31:43,421 - INFO - Optimal value of theta: 20744.743188196728.
2025-07-30 18:31:43,421 - INFO - Beginning optimization with guess, [4, 0.1].
2025-07-30 18:32:01,575 - INFO - Finished optimization with guess, [4, 0.1].
2025-07-30 18:32:01,576 - INFO - Best fit parameters: [10.9757681   0.02190912].
2025-07-30 18:32:02,516 - INFO - Maximum log composite likelihood: -20504.309932833654.
2025-07-30 18:32:02,516 - INFO - Optimal value of theta: 20494.276293909672.
2025-07-30 18:32:02,516 - INFO - Beginning optimization with guess, [4.25, 0.1].
2025-07-30 18:32:20,553 - INFO - Finished optimization with guess, [4.25, 0.1].
2025-07-30 18:32:20,554 - INFO - Best fit parameters: [11.2353794   0.03625559].
2025-07-30 18:32:21,431 - INFO - Maximum log composite likelihood: -21614.7809462703.
2025-07-30 18:32:21,431 - INFO - Optimal value of theta: 17721.14557412313.
2025-07-30 18:32:21,431 - INFO - Beginning optimization with guess, [4.5, 0.1].
2025-07-30 18:32:40,227 - INFO - Finished optimization with guess, [4.5, 0.1].
2025-07-30 18:32:40,228 - INFO - Best fit parameters: [12.36202654  0.03625559].
2025-07-30 18:32:41,159 - INFO - Maximum log composite likelihood: -20901.59127456922.
2025-07-30 18:32:41,159 - INFO - Optimal value of theta: 17458.516061665367.
2025-07-30 18:32:41,159 - INFO - Beginning optimization with guess, [4.75, 0.1].
2025-07-30 18:32:59,368 - INFO - Finished optimization with guess, [4.75, 0.1].
2025-07-30 18:32:59,370 - INFO - Best fit parameters: [14.77104238  0.02190912].
2025-07-30 18:33:00,243 - INFO - Maximum log composite likelihood: -18293.308664988584.
2025-07-30 18:33:00,243 - INFO - Optimal value of theta: 19906.754313957685.
2025-07-30 18:33:00,243 - INFO - Beginning optimization with guess, [5, 0.1].
2025-07-30 18:33:18,016 - INFO - Finished optimization with guess, [5, 0.1].
2025-07-30 18:33:18,019 - INFO - Best fit parameters: [16.14014897  0.02190912].
2025-07-30 18:33:18,893 - INFO - Maximum log composite likelihood: -17769.959013576055.
2025-07-30 18:33:18,893 - INFO - Optimal value of theta: 19752.3026162534.
2025-07-30 18:33:18,896 - INFO - Converting and interpreting Tau estimates.
2025-07-30 18:33:18,898 - INFO - Finished demographic inference.
2025-07-30 18:33:18,898 - INFO - Pipeline executed succesfully.
