2024-03-15 20:11:10,514 - INFO - Beginning execution of fit_demographic_model.py in directory /u/project/kirk/jonmah/sample_size_demography/Scripts

2024-03-15 20:11:10,515 - INFO - Progress is being logged to ../Analysis/TwoEpochContraction_450/log.log

2024-03-15 20:11:10,515 - INFO - Parsed the following arguments:
	syn_input_sfs = ../Analysis/TwoEpochContraction_450/syn_downsampled_sfs.txt
	mask_singletons = False
	mask_doubletons = False
	outprefix = ../Analysis/TwoEpochContraction_450/

2024-03-15 20:11:10,530 - INFO - Beginning demographic inference for one-epoch demographic model.
2024-03-15 20:11:10,532 - INFO - Beginning optimization with guess, [0.07566346].
2024-03-15 20:11:49,465 - INFO - Finished optimization with guess, [0.07566346].
2024-03-15 20:11:49,466 - INFO - Best fit parameters: [0.07566346].
2024-03-15 20:11:50,575 - INFO - Maximum log composite likelihood: -2897.4138840023356.
2024-03-15 20:11:50,575 - INFO - Optimal value of theta: 8503.755794380997.
2024-03-15 20:11:50,576 - INFO - Beginning optimization with guess, [0.26025569].
2024-03-15 20:12:26,272 - INFO - Finished optimization with guess, [0.26025569].
2024-03-15 20:12:26,273 - INFO - Best fit parameters: [0.26025569].
2024-03-15 20:12:27,390 - INFO - Maximum log composite likelihood: -2897.4138840023356.
2024-03-15 20:12:27,390 - INFO - Optimal value of theta: 8503.755794380997.
2024-03-15 20:12:27,391 - INFO - Beginning optimization with guess, [0.16876418].
2024-03-15 20:13:06,877 - INFO - Finished optimization with guess, [0.16876418].
2024-03-15 20:13:06,878 - INFO - Best fit parameters: [0.16876418].
2024-03-15 20:13:07,988 - INFO - Maximum log composite likelihood: -2897.4138840023356.
2024-03-15 20:13:07,988 - INFO - Optimal value of theta: 8503.755794380997.
2024-03-15 20:13:07,988 - INFO - Beginning optimization with guess, [0.297295].
2024-03-15 20:13:42,858 - INFO - Finished optimization with guess, [0.297295].
2024-03-15 20:13:42,858 - INFO - Best fit parameters: [0.297295].
2024-03-15 20:13:43,941 - INFO - Maximum log composite likelihood: -2897.4138840023356.
2024-03-15 20:13:43,941 - INFO - Optimal value of theta: 8503.755794380997.
2024-03-15 20:13:43,942 - INFO - Beginning optimization with guess, [0.80521618].
2024-03-15 20:14:09,363 - INFO - Finished optimization with guess, [0.80521618].
2024-03-15 20:14:09,364 - INFO - Best fit parameters: [0.80521618].
2024-03-15 20:14:10,470 - INFO - Maximum log composite likelihood: -2897.4138840023356.
2024-03-15 20:14:10,471 - INFO - Optimal value of theta: 8503.755794380997.
2024-03-15 20:14:10,471 - INFO - Beginning optimization with guess, [0.39120775].
2024-03-15 20:14:42,640 - INFO - Finished optimization with guess, [0.39120775].
2024-03-15 20:14:42,643 - INFO - Best fit parameters: [0.39120775].
2024-03-15 20:14:43,756 - INFO - Maximum log composite likelihood: -2897.4138840023356.
2024-03-15 20:14:43,756 - INFO - Optimal value of theta: 8503.755794380997.
2024-03-15 20:14:43,757 - INFO - Beginning optimization with guess, [0.7966269].
2024-03-15 20:15:08,802 - INFO - Finished optimization with guess, [0.7966269].
2024-03-15 20:15:08,803 - INFO - Best fit parameters: [0.7966269].
2024-03-15 20:15:09,808 - INFO - Maximum log composite likelihood: -2897.4138840023356.
2024-03-15 20:15:09,808 - INFO - Optimal value of theta: 8503.755794380997.
2024-03-15 20:15:09,808 - INFO - Beginning optimization with guess, [0.56989646].
2024-03-15 20:15:41,487 - INFO - Finished optimization with guess, [0.56989646].
2024-03-15 20:15:41,490 - INFO - Best fit parameters: [0.56989646].
2024-03-15 20:15:42,599 - INFO - Maximum log composite likelihood: -2897.4138840023356.
2024-03-15 20:15:42,600 - INFO - Optimal value of theta: 8503.755794380997.
2024-03-15 20:15:42,600 - INFO - Beginning optimization with guess, [0.74225274].
2024-03-15 20:16:11,096 - INFO - Finished optimization with guess, [0.74225274].
2024-03-15 20:16:11,097 - INFO - Best fit parameters: [0.74225274].
2024-03-15 20:16:12,191 - INFO - Maximum log composite likelihood: -2897.4138840023356.
2024-03-15 20:16:12,192 - INFO - Optimal value of theta: 8503.755794380997.
2024-03-15 20:16:12,192 - INFO - Beginning optimization with guess, [0.50118065].
2024-03-15 20:16:44,224 - INFO - Finished optimization with guess, [0.50118065].
2024-03-15 20:16:44,225 - INFO - Best fit parameters: [0.50118065].
2024-03-15 20:16:45,355 - INFO - Maximum log composite likelihood: -2897.4138840023356.
2024-03-15 20:16:45,356 - INFO - Optimal value of theta: 8503.755794380997.
2024-03-15 20:16:45,356 - INFO - Beginning optimization with guess, [1.45261871].
2024-03-15 20:17:14,646 - INFO - Finished optimization with guess, [1.45261871].
2024-03-15 20:17:14,647 - INFO - Best fit parameters: [1.45261871].
2024-03-15 20:17:15,783 - INFO - Maximum log composite likelihood: -2897.4138840023356.
2024-03-15 20:17:15,783 - INFO - Optimal value of theta: 8503.755794380997.
2024-03-15 20:17:15,783 - INFO - Beginning optimization with guess, [1.18267203].
2024-03-15 20:17:41,591 - INFO - Finished optimization with guess, [1.18267203].
2024-03-15 20:17:41,592 - INFO - Best fit parameters: [1.18267203].
2024-03-15 20:17:42,728 - INFO - Maximum log composite likelihood: -2897.4138840023356.
2024-03-15 20:17:42,728 - INFO - Optimal value of theta: 8503.755794380997.
2024-03-15 20:17:42,728 - INFO - Beginning optimization with guess, [2.91652612].
2024-03-15 20:18:18,012 - INFO - Finished optimization with guess, [2.91652612].
2024-03-15 20:18:18,014 - INFO - Best fit parameters: [2.91652612].
2024-03-15 20:18:19,139 - INFO - Maximum log composite likelihood: -2897.4138840023356.
2024-03-15 20:18:19,140 - INFO - Optimal value of theta: 8503.755794380997.
2024-03-15 20:18:19,140 - INFO - Beginning optimization with guess, [1.94725186].
2024-03-15 20:18:51,498 - INFO - Finished optimization with guess, [1.94725186].
2024-03-15 20:18:51,499 - INFO - Best fit parameters: [1.94725186].
2024-03-15 20:18:52,596 - INFO - Maximum log composite likelihood: -2897.4138840023356.
2024-03-15 20:18:52,596 - INFO - Optimal value of theta: 8503.755794380997.
2024-03-15 20:18:52,596 - INFO - Beginning optimization with guess, [1.14145258].
2024-03-15 20:19:18,144 - INFO - Finished optimization with guess, [1.14145258].
2024-03-15 20:19:18,146 - INFO - Best fit parameters: [1.14145258].
2024-03-15 20:19:19,242 - INFO - Maximum log composite likelihood: -2897.4138840023356.
2024-03-15 20:19:19,242 - INFO - Optimal value of theta: 8503.755794380997.
2024-03-15 20:19:19,242 - INFO - Beginning optimization with guess, [1.34615254].
2024-03-15 20:19:48,079 - INFO - Finished optimization with guess, [1.34615254].
2024-03-15 20:19:48,081 - INFO - Best fit parameters: [1.34615254].
2024-03-15 20:19:49,130 - INFO - Maximum log composite likelihood: -2897.4138840023356.
2024-03-15 20:19:49,130 - INFO - Optimal value of theta: 8503.755794380997.
2024-03-15 20:19:49,130 - INFO - Beginning optimization with guess, [1.79633072].
2024-03-15 20:20:21,298 - INFO - Finished optimization with guess, [1.79633072].
2024-03-15 20:20:21,299 - INFO - Best fit parameters: [1.79633072].
2024-03-15 20:20:22,414 - INFO - Maximum log composite likelihood: -2897.4138840023356.
2024-03-15 20:20:22,414 - INFO - Optimal value of theta: 8503.755794380997.
2024-03-15 20:20:22,415 - INFO - Beginning optimization with guess, [1.87908239].
2024-03-15 20:20:54,841 - INFO - Finished optimization with guess, [1.87908239].
2024-03-15 20:20:54,843 - INFO - Best fit parameters: [1.87908239].
2024-03-15 20:20:55,975 - INFO - Maximum log composite likelihood: -2897.4138840023356.
2024-03-15 20:20:55,975 - INFO - Optimal value of theta: 8503.755794380997.
2024-03-15 20:20:55,975 - INFO - Beginning optimization with guess, [1.86316407].
2024-03-15 20:21:28,533 - INFO - Finished optimization with guess, [1.86316407].
2024-03-15 20:21:28,534 - INFO - Best fit parameters: [1.86316407].
2024-03-15 20:21:29,650 - INFO - Maximum log composite likelihood: -2897.4138840023356.
2024-03-15 20:21:29,650 - INFO - Optimal value of theta: 8503.755794380997.
2024-03-15 20:21:29,651 - INFO - Beginning optimization with guess, [6.69404818].
2024-03-15 20:22:05,790 - INFO - Finished optimization with guess, [6.69404818].
2024-03-15 20:22:05,791 - INFO - Best fit parameters: [6.69404818].
2024-03-15 20:22:06,936 - INFO - Maximum log composite likelihood: -2897.4138840023356.
2024-03-15 20:22:06,936 - INFO - Optimal value of theta: 8503.755794380997.
2024-03-15 20:22:06,937 - INFO - Beginning optimization with guess, [3.5180442].
2024-03-15 20:22:42,484 - INFO - Finished optimization with guess, [3.5180442].
2024-03-15 20:22:42,485 - INFO - Best fit parameters: [3.5180442].
2024-03-15 20:22:43,603 - INFO - Maximum log composite likelihood: -2897.4138840023356.
2024-03-15 20:22:43,603 - INFO - Optimal value of theta: 8503.755794380997.
2024-03-15 20:22:43,604 - INFO - Beginning optimization with guess, [7.11610814].
2024-03-15 20:23:20,209 - INFO - Finished optimization with guess, [7.11610814].
2024-03-15 20:23:20,210 - INFO - Best fit parameters: [7.11610814].
2024-03-15 20:23:21,328 - INFO - Maximum log composite likelihood: -2897.4138840023356.
2024-03-15 20:23:21,329 - INFO - Optimal value of theta: 8503.755794380997.
2024-03-15 20:23:21,329 - INFO - Beginning optimization with guess, [3.97972654].
2024-03-15 20:23:57,403 - INFO - Finished optimization with guess, [3.97972654].
2024-03-15 20:23:57,406 - INFO - Best fit parameters: [3.97972654].
2024-03-15 20:23:58,531 - INFO - Maximum log composite likelihood: -2897.4138840023356.
2024-03-15 20:23:58,531 - INFO - Optimal value of theta: 8503.755794380997.
2024-03-15 20:23:58,531 - INFO - Beginning optimization with guess, [10.15301793].
2024-03-15 20:24:37,840 - INFO - Finished optimization with guess, [10.15301793].
2024-03-15 20:24:37,842 - INFO - Best fit parameters: [10.15301793].
2024-03-15 20:24:38,930 - INFO - Maximum log composite likelihood: -2897.4138840023356.
2024-03-15 20:24:38,930 - INFO - Optimal value of theta: 8503.755794380997.
2024-03-15 20:24:38,930 - INFO - Beginning optimization with guess, [9.65515237].
2024-03-15 20:25:17,428 - INFO - Finished optimization with guess, [9.65515237].
2024-03-15 20:25:17,431 - INFO - Best fit parameters: [9.65515237].
2024-03-15 20:25:18,528 - INFO - Maximum log composite likelihood: -2897.4138840023356.
2024-03-15 20:25:18,528 - INFO - Optimal value of theta: 8503.755794380997.
2024-03-15 20:25:18,533 - INFO - Finished demographic inference.
2024-03-15 20:25:18,533 - INFO - Pipeline executed succesfully.
