2024-03-16 14:23:04,532 - INFO - Beginning execution of fit_demographic_model.py in directory /u/project/kirk/jonmah/sample_size_demography/Scripts

2024-03-16 14:23:04,532 - INFO - Progress is being logged to ../Analysis/ThreeEpochContraction_460/log.log

2024-03-16 14:23:04,532 - INFO - Parsed the following arguments:
	syn_input_sfs = ../Analysis/ThreeEpochContraction_460/syn_downsampled_sfs.txt
	mask_singletons = False
	mask_doubletons = False
	outprefix = ../Analysis/ThreeEpochContraction_460/

2024-03-16 14:23:04,543 - INFO - Beginning demographic inference for one-epoch demographic model.
2024-03-16 14:23:04,544 - INFO - Beginning optimization with guess, [0.16407576].
2024-03-16 14:23:42,868 - INFO - Finished optimization with guess, [0.16407576].
2024-03-16 14:23:42,869 - INFO - Best fit parameters: [0.16407576].
2024-03-16 14:23:43,881 - INFO - Maximum log composite likelihood: -4945.113893463424.
2024-03-16 14:23:43,881 - INFO - Optimal value of theta: 7291.0198018693.
2024-03-16 14:23:43,881 - INFO - Beginning optimization with guess, [0.11491142].
2024-03-16 14:24:22,305 - INFO - Finished optimization with guess, [0.11491142].
2024-03-16 14:24:22,307 - INFO - Best fit parameters: [0.11491142].
2024-03-16 14:24:23,463 - INFO - Maximum log composite likelihood: -4945.113893463424.
2024-03-16 14:24:23,464 - INFO - Optimal value of theta: 7291.0198018693.
2024-03-16 14:24:23,464 - INFO - Beginning optimization with guess, [0.44837019].
2024-03-16 14:24:56,502 - INFO - Finished optimization with guess, [0.44837019].
2024-03-16 14:24:56,503 - INFO - Best fit parameters: [0.44837019].
2024-03-16 14:24:57,662 - INFO - Maximum log composite likelihood: -4945.113893463424.
2024-03-16 14:24:57,662 - INFO - Optimal value of theta: 7291.0198018693.
2024-03-16 14:24:57,662 - INFO - Beginning optimization with guess, [0.21562874].
2024-03-16 14:25:35,356 - INFO - Finished optimization with guess, [0.21562874].
2024-03-16 14:25:35,357 - INFO - Best fit parameters: [0.21562874].
2024-03-16 14:25:36,705 - INFO - Maximum log composite likelihood: -4945.113893463424.
2024-03-16 14:25:36,705 - INFO - Optimal value of theta: 7291.0198018693.
2024-03-16 14:25:36,706 - INFO - Beginning optimization with guess, [0.422118].
2024-03-16 14:26:12,093 - INFO - Finished optimization with guess, [0.422118].
2024-03-16 14:26:12,095 - INFO - Best fit parameters: [0.422118].
2024-03-16 14:26:13,229 - INFO - Maximum log composite likelihood: -4945.113893463424.
2024-03-16 14:26:13,229 - INFO - Optimal value of theta: 7291.0198018693.
2024-03-16 14:26:13,229 - INFO - Beginning optimization with guess, [0.53704727].
2024-03-16 14:26:48,000 - INFO - Finished optimization with guess, [0.53704727].
2024-03-16 14:26:48,001 - INFO - Best fit parameters: [0.53704727].
2024-03-16 14:26:49,155 - INFO - Maximum log composite likelihood: -4945.113893463424.
2024-03-16 14:26:49,156 - INFO - Optimal value of theta: 7291.0198018693.
2024-03-16 14:26:49,156 - INFO - Beginning optimization with guess, [0.71940925].
2024-03-16 14:27:19,500 - INFO - Finished optimization with guess, [0.71940925].
2024-03-16 14:27:19,501 - INFO - Best fit parameters: [0.71940925].
2024-03-16 14:27:20,630 - INFO - Maximum log composite likelihood: -4945.113893463424.
2024-03-16 14:27:20,630 - INFO - Optimal value of theta: 7291.0198018693.
2024-03-16 14:27:20,631 - INFO - Beginning optimization with guess, [0.4607977].
2024-03-16 14:27:56,092 - INFO - Finished optimization with guess, [0.4607977].
2024-03-16 14:27:56,093 - INFO - Best fit parameters: [0.4607977].
2024-03-16 14:27:57,231 - INFO - Maximum log composite likelihood: -4945.113893463424.
2024-03-16 14:27:57,231 - INFO - Optimal value of theta: 7291.0198018693.
2024-03-16 14:27:57,231 - INFO - Beginning optimization with guess, [1.06691989].
2024-03-16 14:28:19,930 - INFO - Finished optimization with guess, [1.06691989].
2024-03-16 14:28:19,931 - INFO - Best fit parameters: [1.06691989].
2024-03-16 14:28:21,066 - INFO - Maximum log composite likelihood: -4945.113893463424.
2024-03-16 14:28:21,066 - INFO - Optimal value of theta: 7291.0198018693.
2024-03-16 14:28:21,067 - INFO - Beginning optimization with guess, [1.70756933].
2024-03-16 14:28:53,985 - INFO - Finished optimization with guess, [1.70756933].
2024-03-16 14:28:53,986 - INFO - Best fit parameters: [1.70756933].
2024-03-16 14:28:55,122 - INFO - Maximum log composite likelihood: -4945.113893463424.
2024-03-16 14:28:55,122 - INFO - Optimal value of theta: 7291.0198018693.
2024-03-16 14:28:55,122 - INFO - Beginning optimization with guess, [0.68616173].
2024-03-16 14:29:25,359 - INFO - Finished optimization with guess, [0.68616173].
2024-03-16 14:29:25,360 - INFO - Best fit parameters: [0.68616173].
2024-03-16 14:29:26,497 - INFO - Maximum log composite likelihood: -4945.113893463424.
2024-03-16 14:29:26,498 - INFO - Optimal value of theta: 7291.0198018693.
2024-03-16 14:29:26,498 - INFO - Beginning optimization with guess, [0.86566124].
2024-03-16 14:29:52,518 - INFO - Finished optimization with guess, [0.86566124].
2024-03-16 14:29:52,520 - INFO - Best fit parameters: [0.86566124].
2024-03-16 14:29:53,659 - INFO - Maximum log composite likelihood: -4945.113893463424.
2024-03-16 14:29:53,659 - INFO - Optimal value of theta: 7291.0198018693.
2024-03-16 14:29:53,659 - INFO - Beginning optimization with guess, [1.37889903].
2024-03-16 14:30:23,179 - INFO - Finished optimization with guess, [1.37889903].
2024-03-16 14:30:23,180 - INFO - Best fit parameters: [1.37889903].
2024-03-16 14:30:24,300 - INFO - Maximum log composite likelihood: -4945.113893463424.
2024-03-16 14:30:24,300 - INFO - Optimal value of theta: 7291.0198018693.
2024-03-16 14:30:24,301 - INFO - Beginning optimization with guess, [2.86372843].
2024-03-16 14:31:01,753 - INFO - Finished optimization with guess, [2.86372843].
2024-03-16 14:31:01,754 - INFO - Best fit parameters: [2.86372843].
2024-03-16 14:31:02,909 - INFO - Maximum log composite likelihood: -4945.113893463424.
2024-03-16 14:31:02,909 - INFO - Optimal value of theta: 7291.0198018693.
2024-03-16 14:31:02,910 - INFO - Beginning optimization with guess, [1.27438033].
2024-03-16 14:31:28,991 - INFO - Finished optimization with guess, [1.27438033].
2024-03-16 14:31:28,992 - INFO - Best fit parameters: [1.27438033].
2024-03-16 14:31:30,133 - INFO - Maximum log composite likelihood: -4945.113893463424.
2024-03-16 14:31:30,133 - INFO - Optimal value of theta: 7291.0198018693.
2024-03-16 14:31:30,134 - INFO - Beginning optimization with guess, [1.61399559].
2024-03-16 14:31:59,688 - INFO - Finished optimization with guess, [1.61399559].
2024-03-16 14:31:59,689 - INFO - Best fit parameters: [1.61399559].
2024-03-16 14:32:00,844 - INFO - Maximum log composite likelihood: -4945.113893463424.
2024-03-16 14:32:00,844 - INFO - Optimal value of theta: 7291.0198018693.
2024-03-16 14:32:00,844 - INFO - Beginning optimization with guess, [1.92458599].
2024-03-16 14:32:33,986 - INFO - Finished optimization with guess, [1.92458599].
2024-03-16 14:32:33,987 - INFO - Best fit parameters: [1.92458599].
2024-03-16 14:32:35,126 - INFO - Maximum log composite likelihood: -4945.113893463424.
2024-03-16 14:32:35,127 - INFO - Optimal value of theta: 7291.0198018693.
2024-03-16 14:32:35,127 - INFO - Beginning optimization with guess, [4.61079615].
2024-03-16 14:33:11,748 - INFO - Finished optimization with guess, [4.61079615].
2024-03-16 14:33:11,749 - INFO - Best fit parameters: [4.61079615].
2024-03-16 14:33:12,904 - INFO - Maximum log composite likelihood: -4945.113893463424.
2024-03-16 14:33:12,904 - INFO - Optimal value of theta: 7291.0198018693.
2024-03-16 14:33:12,905 - INFO - Beginning optimization with guess, [2.6706224].
2024-03-16 14:33:44,043 - INFO - Finished optimization with guess, [2.6706224].
2024-03-16 14:33:44,044 - INFO - Best fit parameters: [2.6706224].
2024-03-16 14:33:45,053 - INFO - Maximum log composite likelihood: -4945.113893463424.
2024-03-16 14:33:45,053 - INFO - Optimal value of theta: 7291.0198018693.
2024-03-16 14:33:45,054 - INFO - Beginning optimization with guess, [2.26516813].
2024-03-16 14:34:15,276 - INFO - Finished optimization with guess, [2.26516813].
2024-03-16 14:34:15,277 - INFO - Best fit parameters: [2.26516813].
2024-03-16 14:34:16,284 - INFO - Maximum log composite likelihood: -4945.113893463424.
2024-03-16 14:34:16,284 - INFO - Optimal value of theta: 7291.0198018693.
2024-03-16 14:34:16,284 - INFO - Beginning optimization with guess, [2.7317499].
2024-03-16 14:34:47,773 - INFO - Finished optimization with guess, [2.7317499].
2024-03-16 14:34:47,774 - INFO - Best fit parameters: [2.7317499].
2024-03-16 14:34:48,905 - INFO - Maximum log composite likelihood: -4945.113893463424.
2024-03-16 14:34:48,906 - INFO - Optimal value of theta: 7291.0198018693.
2024-03-16 14:34:48,906 - INFO - Beginning optimization with guess, [6.83500577].
2024-03-16 14:35:25,611 - INFO - Finished optimization with guess, [6.83500577].
2024-03-16 14:35:25,612 - INFO - Best fit parameters: [6.83500577].
2024-03-16 14:35:26,767 - INFO - Maximum log composite likelihood: -4945.113893463424.
2024-03-16 14:35:26,767 - INFO - Optimal value of theta: 7291.0198018693.
2024-03-16 14:35:26,767 - INFO - Beginning optimization with guess, [3.16307563].
2024-03-16 14:36:03,652 - INFO - Finished optimization with guess, [3.16307563].
2024-03-16 14:36:03,653 - INFO - Best fit parameters: [3.16307563].
2024-03-16 14:36:04,808 - INFO - Maximum log composite likelihood: -4945.113893463424.
2024-03-16 14:36:04,808 - INFO - Optimal value of theta: 7291.0198018693.
2024-03-16 14:36:04,809 - INFO - Beginning optimization with guess, [6.49943604].
2024-03-16 14:36:41,679 - INFO - Finished optimization with guess, [6.49943604].
2024-03-16 14:36:41,680 - INFO - Best fit parameters: [6.49943604].
2024-03-16 14:36:42,836 - INFO - Maximum log composite likelihood: -4945.113893463424.
2024-03-16 14:36:42,836 - INFO - Optimal value of theta: 7291.0198018693.
2024-03-16 14:36:42,837 - INFO - Beginning optimization with guess, [5.86615625].
2024-03-16 14:37:19,715 - INFO - Finished optimization with guess, [5.86615625].
2024-03-16 14:37:19,716 - INFO - Best fit parameters: [5.86615625].
2024-03-16 14:37:20,871 - INFO - Maximum log composite likelihood: -4945.113893463424.
2024-03-16 14:37:20,871 - INFO - Optimal value of theta: 7291.0198018693.
2024-03-16 14:37:20,876 - INFO - Finished demographic inference.
2024-03-16 14:37:20,876 - INFO - Pipeline executed succesfully.
