2025-01-30 18:14:10,388 - INFO - Beginning execution of fit_demographic_model.py in directory /u/scratch/j/jonmah/sample_size_demography/Scripts

2025-01-30 18:14:10,389 - INFO - Progress is being logged to ../Analysis/TwoEpochContraction_700/log.log

2025-01-30 18:14:10,389 - INFO - Parsed the following arguments:
	syn_input_sfs = ../Analysis/TwoEpochContraction_700/syn_downsampled_sfs.txt
	mask_singletons = False
	mask_doubletons = False
	outprefix = ../Analysis/TwoEpochContraction_700/

2025-01-30 18:14:10,392 - INFO - Beginning demographic inference for two-epoch demographic model.
2025-01-30 18:14:10,398 - INFO - Beginning optimization with guess, [0.00740885 0.0522324 ].
2025-01-30 18:16:38,400 - INFO - Finished optimization with guess, [0.00740885 0.0522324 ].
2025-01-30 18:16:38,400 - INFO - Best fit parameters: [0.00874284 0.04392953].
2025-01-30 18:16:41,418 - INFO - Maximum log composite likelihood: -1336.1546128371983.
2025-01-30 18:16:41,418 - INFO - Optimal value of theta: 725839.5386012315.
2025-01-30 18:16:41,418 - INFO - Beginning optimization with guess, [0.18694736 0.06445248].
2025-01-30 18:19:12,520 - INFO - Finished optimization with guess, [0.18694736 0.06445248].
2025-01-30 18:19:12,521 - INFO - Best fit parameters: [0.48200587 0.10217   ].
2025-01-30 18:19:15,382 - INFO - Maximum log composite likelihood: -1184.3858625365629.
2025-01-30 18:19:15,382 - INFO - Optimal value of theta: 12206.723275935366.
2025-01-30 18:19:15,382 - INFO - Beginning optimization with guess, [1.97187812 0.15995107].
2025-01-30 18:21:38,649 - INFO - Finished optimization with guess, [1.97187812 0.15995107].
2025-01-30 18:21:38,650 - INFO - Best fit parameters: [0.48610475 0.09827958].
2025-01-30 18:21:41,506 - INFO - Maximum log composite likelihood: -1184.8729727702982.
2025-01-30 18:21:41,507 - INFO - Optimal value of theta: 12100.410263436333.
2025-01-30 18:21:41,507 - INFO - Beginning optimization with guess, [2.04634623 0.05702048].
2025-01-30 18:24:08,980 - INFO - Finished optimization with guess, [2.04634623 0.05702048].
2025-01-30 18:24:08,983 - INFO - Best fit parameters: [0.48675312 0.10245783].
2025-01-30 18:24:12,688 - INFO - Maximum log composite likelihood: -1184.730079499754.
2025-01-30 18:24:12,689 - INFO - Optimal value of theta: 12146.164733322037.
2025-01-30 18:24:12,689 - INFO - Beginning optimization with guess, [2.92480366 0.18790108].
2025-01-30 18:26:39,274 - INFO - Finished optimization with guess, [2.92480366 0.18790108].
2025-01-30 18:26:39,276 - INFO - Best fit parameters: [0.48871679 0.10239511].
2025-01-30 18:26:42,036 - INFO - Maximum log composite likelihood: -1185.0860776749844.
2025-01-30 18:26:42,036 - INFO - Optimal value of theta: 12119.045270494687.
2025-01-30 18:26:42,036 - INFO - Beginning optimization with guess, [12.82777685  0.1683812 ].
2025-01-30 18:29:06,789 - INFO - Finished optimization with guess, [12.82777685  0.1683812 ].
2025-01-30 18:29:06,790 - INFO - Best fit parameters: [0.4772871  0.11136785].
2025-01-30 18:29:09,650 - INFO - Maximum log composite likelihood: -1186.376853103579.
2025-01-30 18:29:09,651 - INFO - Optimal value of theta: 12390.7586866961.
2025-01-30 18:29:09,651 - INFO - Beginning optimization with guess, [12.40163524  0.06505847].
2025-01-30 18:31:25,841 - INFO - Finished optimization with guess, [12.40163524  0.06505847].
2025-01-30 18:31:25,842 - INFO - Best fit parameters: [0.49892112 0.08753989].
2025-01-30 18:31:28,698 - INFO - Maximum log composite likelihood: -1193.8932851032025.
2025-01-30 18:31:28,698 - INFO - Optimal value of theta: 11793.431153414664.
2025-01-30 18:31:28,699 - INFO - Beginning optimization with guess, [26.30523235  0.13411036].
2025-01-30 18:33:47,760 - INFO - Finished optimization with guess, [26.30523235  0.13411036].
2025-01-30 18:33:47,762 - INFO - Best fit parameters: [0.46106561 0.11450769].
2025-01-30 18:33:51,491 - INFO - Maximum log composite likelihood: -1194.3219951638605.
2025-01-30 18:33:51,491 - INFO - Optimal value of theta: 12672.978664712291.
2025-01-30 18:33:51,491 - INFO - Beginning optimization with guess, [19.7601371   0.16756512].
2025-01-30 18:36:19,280 - INFO - Finished optimization with guess, [19.7601371   0.16756512].
2025-01-30 18:36:19,281 - INFO - Best fit parameters: [0.49979156 0.09489643].
2025-01-30 18:36:22,135 - INFO - Maximum log composite likelihood: -1190.4553834886617.
2025-01-30 18:36:22,135 - INFO - Optimal value of theta: 11880.321889159823.
2025-01-30 18:36:22,135 - INFO - Beginning optimization with guess, [26.41865788  0.05048978].
2025-01-30 18:38:47,217 - INFO - Finished optimization with guess, [26.41865788  0.05048978].
2025-01-30 18:38:47,218 - INFO - Best fit parameters: [0.49717291 0.134963  ].
2025-01-30 18:38:50,075 - INFO - Maximum log composite likelihood: -1204.789785056257.
2025-01-30 18:38:50,075 - INFO - Optimal value of theta: 12366.791348360364.
2025-01-30 18:38:50,075 - INFO - Beginning optimization with guess, [18.07551972  0.11058845].
2025-01-30 18:41:13,791 - INFO - Finished optimization with guess, [18.07551972  0.11058845].
2025-01-30 18:41:13,792 - INFO - Best fit parameters: [0.45305314 0.0906002 ].
2025-01-30 18:41:17,117 - INFO - Maximum log composite likelihood: -1202.5435275645016.
2025-01-30 18:41:17,117 - INFO - Optimal value of theta: 12444.084138818707.
2025-01-30 18:41:17,118 - INFO - Beginning optimization with guess, [18.6123929   0.05712746].
2025-01-30 18:43:41,094 - INFO - Finished optimization with guess, [18.6123929   0.05712746].
2025-01-30 18:43:41,096 - INFO - Best fit parameters: [0.46970483 0.09082107].
2025-01-30 18:43:44,542 - INFO - Maximum log composite likelihood: -1189.8232553645141.
2025-01-30 18:43:44,542 - INFO - Optimal value of theta: 12214.984500273302.
2025-01-30 18:43:44,542 - INFO - Beginning optimization with guess, [24.61359929  0.18495747].
2025-01-30 18:46:05,314 - INFO - Finished optimization with guess, [24.61359929  0.18495747].
2025-01-30 18:46:05,315 - INFO - Best fit parameters: [0.48406206 0.10428068].
2025-01-30 18:46:08,124 - INFO - Maximum log composite likelihood: -1184.563592500474.
2025-01-30 18:46:08,124 - INFO - Optimal value of theta: 12205.960579535918.
2025-01-30 18:46:08,125 - INFO - Beginning optimization with guess, [34.18199803  0.07918415].
2025-01-30 18:48:35,378 - INFO - Finished optimization with guess, [34.18199803  0.07918415].
2025-01-30 18:48:35,379 - INFO - Best fit parameters: [0.49951789 0.06689356].
2025-01-30 18:48:38,236 - INFO - Maximum log composite likelihood: -1228.4142281541108.
2025-01-30 18:48:38,236 - INFO - Optimal value of theta: 11474.343806504663.
2025-01-30 18:48:38,236 - INFO - Beginning optimization with guess, [91.56043031  0.12203525].
2025-01-30 18:50:47,793 - INFO - Finished optimization with guess, [91.56043031  0.12203525].
2025-01-30 18:50:47,795 - INFO - Best fit parameters: [0.48437604 0.13313408].
2025-01-30 18:50:50,601 - INFO - Maximum log composite likelihood: -1198.792920217867.
2025-01-30 18:50:50,601 - INFO - Optimal value of theta: 12537.663937034968.
2025-01-30 18:50:50,601 - INFO - Beginning optimization with guess, [7.58634464e+01 5.06275072e-02].
2025-01-30 18:53:18,210 - INFO - Finished optimization with guess, [7.58634464e+01 5.06275072e-02].
2025-01-30 18:53:18,211 - INFO - Best fit parameters: [0.47474053 0.09833962].
2025-01-30 18:53:21,984 - INFO - Maximum log composite likelihood: -1185.6005534032588.
2025-01-30 18:53:21,985 - INFO - Optimal value of theta: 12254.776781670782.
2025-01-30 18:53:21,985 - INFO - Beginning optimization with guess, [42.97157579  0.1337476 ].
2025-01-30 18:55:53,367 - INFO - Finished optimization with guess, [42.97157579  0.1337476 ].
2025-01-30 18:55:53,368 - INFO - Best fit parameters: [0.49011582 0.09898104].
2025-01-30 18:55:56,149 - INFO - Maximum log composite likelihood: -1185.5582204576453.
2025-01-30 18:55:56,150 - INFO - Optimal value of theta: 12056.73760347851.
2025-01-30 18:55:56,150 - INFO - Beginning optimization with guess, [57.73678014  0.15370008].
2025-01-30 18:58:26,725 - INFO - Finished optimization with guess, [57.73678014  0.15370008].
2025-01-30 18:58:26,726 - INFO - Best fit parameters: [0.4823911  0.09565229].
2025-01-30 18:58:29,578 - INFO - Maximum log composite likelihood: -1185.1750940886166.
2025-01-30 18:58:29,578 - INFO - Optimal value of theta: 12114.220663092676.
2025-01-30 18:58:29,578 - INFO - Beginning optimization with guess, [9.86629132e+01 9.14334991e-02].
2025-01-30 19:00:56,281 - INFO - Finished optimization with guess, [9.86629132e+01 9.14334991e-02].
2025-01-30 19:00:56,282 - INFO - Best fit parameters: [0.46016594 0.09510193].
2025-01-30 19:00:59,141 - INFO - Maximum log composite likelihood: -1193.9930967838964.
2025-01-30 19:00:59,141 - INFO - Optimal value of theta: 12412.5227662099.
2025-01-30 19:00:59,142 - INFO - Beginning optimization with guess, [76.21338457  0.10579148].
2025-01-30 19:03:16,375 - INFO - Finished optimization with guess, [76.21338457  0.10579148].
2025-01-30 19:03:16,376 - INFO - Best fit parameters: [0.48239324 0.11679651].
2025-01-30 19:03:19,855 - INFO - Maximum log composite likelihood: -1188.2159064086554.
2025-01-30 19:03:19,856 - INFO - Optimal value of theta: 12383.364014090874.
2025-01-30 19:03:19,856 - INFO - Beginning optimization with guess, [66.15609891  0.13563498].
2025-01-30 19:05:34,913 - INFO - Finished optimization with guess, [66.15609891  0.13563498].
2025-01-30 19:05:34,914 - INFO - Best fit parameters: [0.49355372 0.10576561].
2025-01-30 19:05:37,675 - INFO - Maximum log composite likelihood: -1186.8266449077687.
2025-01-30 19:05:37,675 - INFO - Optimal value of theta: 12096.416258056875.
2025-01-30 19:05:37,675 - INFO - Beginning optimization with guess, [1.98919187e+02 8.70236159e-02].
2025-01-30 19:07:47,286 - INFO - Finished optimization with guess, [1.98919187e+02 8.70236159e-02].
2025-01-30 19:07:47,290 - INFO - Best fit parameters: [0.4988408  0.10952798].
2025-01-30 19:07:50,417 - INFO - Maximum log composite likelihood: -1190.090522120354.
2025-01-30 19:07:50,417 - INFO - Optimal value of theta: 12070.719836867507.
2025-01-30 19:07:50,417 - INFO - Beginning optimization with guess, [101.58183199   0.16436638].
2025-01-30 19:10:21,128 - INFO - Finished optimization with guess, [101.58183199   0.16436638].
2025-01-30 19:10:21,129 - INFO - Best fit parameters: [0.48168198 0.09866745].
2025-01-30 19:10:24,066 - INFO - Maximum log composite likelihood: -1184.5829742617323.
2025-01-30 19:10:24,067 - INFO - Optimal value of theta: 12164.66247808887.
2025-01-30 19:10:24,067 - INFO - Beginning optimization with guess, [1.33358568e+02 7.97965842e-02].
2025-01-30 19:12:51,533 - INFO - Finished optimization with guess, [1.33358568e+02 7.97965842e-02].
2025-01-30 19:12:51,536 - INFO - Best fit parameters: [0.47322913 0.08919949].
2025-01-30 19:12:54,858 - INFO - Maximum log composite likelihood: -1189.4108407428262.
2025-01-30 19:12:54,858 - INFO - Optimal value of theta: 12143.226694969848.
2025-01-30 19:12:54,858 - INFO - Beginning optimization with guess, [3.40752196e+02 1.52302573e-01].
2025-01-30 19:15:32,316 - INFO - Finished optimization with guess, [3.40752196e+02 1.52302573e-01].
2025-01-30 19:15:32,318 - INFO - Best fit parameters: [0.50320621 0.06074615].
2025-01-30 19:15:36,326 - INFO - Maximum log composite likelihood: -1251.1059325389417.
2025-01-30 19:15:36,326 - INFO - Optimal value of theta: 11328.942968831097.
2025-01-30 19:15:36,376 - INFO - Beginning demographic inference for three-epoch demographic model.
2025-01-30 19:15:36,386 - INFO - Beginning optimization with guess, [0.01284286 0.01335793 0.09699375 0.09208862].
2025-01-30 19:18:06,730 - INFO - Finished optimization with guess, [0.01284286 0.01335793 0.09699375 0.09208862].
2025-01-30 19:18:06,731 - INFO - Best fit parameters: [0.08247613 0.01391869 0.05156883 0.05630055].
2025-01-30 19:18:10,158 - INFO - Maximum log composite likelihood: -1339.8166343721855.
2025-01-30 19:18:10,159 - INFO - Optimal value of theta: 462183.90466985997.
2025-01-30 19:18:10,159 - INFO - Beginning optimization with guess, [0.1215432  0.0956512  0.0805724  0.19254698].
2025-01-30 19:21:26,040 - INFO - Finished optimization with guess, [0.1215432  0.0956512  0.0805724  0.19254698].
2025-01-30 19:21:26,042 - INFO - Best fit parameters: [0.11452408 0.10500585 0.08722535 0.17657572].
2025-01-30 19:21:29,643 - INFO - Maximum log composite likelihood: -1336.1457698081917.
2025-01-30 19:21:29,643 - INFO - Optimal value of theta: 60428.43844228086.
2025-01-30 19:21:29,644 - INFO - Beginning optimization with guess, [0.62247172 0.82879677 0.19187987 0.06791161].
2025-01-30 19:24:12,658 - INFO - Finished optimization with guess, [0.62247172 0.82879677 0.19187987 0.06791161].
2025-01-30 19:24:12,659 - INFO - Best fit parameters: [6.22491978e+00 4.76370952e-01 4.99269473e-03 1.11379529e-01].
2025-01-30 19:24:15,602 - INFO - Maximum log composite likelihood: -1185.5544193987898.
2025-01-30 19:24:15,602 - INFO - Optimal value of theta: 12356.072844332313.
2025-01-30 19:24:15,603 - INFO - Beginning optimization with guess, [0.62174116 1.44603957 0.10424551 0.08600459].
2025-01-30 19:26:44,249 - INFO - Finished optimization with guess, [0.62174116 1.44603957 0.10424551 0.08600459].
2025-01-30 19:26:44,250 - INFO - Best fit parameters: [0.54526785 0.59057925 0.06242517 0.00534332].
2025-01-30 19:26:47,054 - INFO - Maximum log composite likelihood: -1312.8312155099.
2025-01-30 19:26:47,054 - INFO - Optimal value of theta: 10897.813956475127.
2025-01-30 19:26:47,054 - INFO - Beginning optimization with guess, [2.14584395 3.58339132 0.0592826  0.06764118].
2025-01-30 19:29:08,670 - INFO - Finished optimization with guess, [2.14584395 3.58339132 0.0592826  0.06764118].
2025-01-30 19:29:08,671 - INFO - Best fit parameters: [2.39951106 0.39639275 0.00697914 0.02617105].
2025-01-30 19:29:12,038 - INFO - Maximum log composite likelihood: -1663.0978783165872.
2025-01-30 19:29:12,038 - INFO - Optimal value of theta: 11279.32302499207.
2025-01-30 19:29:12,038 - INFO - Beginning optimization with guess, [3.27036068 2.97251698 0.1399672  0.14627536].
2025-01-30 19:31:47,945 - INFO - Finished optimization with guess, [3.27036068 2.97251698 0.1399672  0.14627536].
2025-01-30 19:31:47,946 - INFO - Best fit parameters: [6.9330852  0.48155068 0.0753579  0.14485078].
2025-01-30 19:31:50,902 - INFO - Maximum log composite likelihood: -1183.8754959537387.
2025-01-30 19:31:50,902 - INFO - Optimal value of theta: 12130.848335558163.
2025-01-30 19:31:50,903 - INFO - Beginning optimization with guess, [ 5.46129258 12.0211172   0.11495691  0.17804555].
2025-01-30 19:34:28,053 - INFO - Finished optimization with guess, [ 5.46129258 12.0211172   0.11495691  0.17804555].
2025-01-30 19:34:28,054 - INFO - Best fit parameters: [6.98386702 0.49838699 0.0450306  0.07285167].
2025-01-30 19:34:31,242 - INFO - Maximum log composite likelihood: -1327.5035339584915.
2025-01-30 19:34:31,242 - INFO - Optimal value of theta: 11018.554890281848.
2025-01-30 19:34:31,243 - INFO - Beginning optimization with guess, [12.3005953  10.89453822  0.07789016  0.05383105].
2025-01-30 19:37:00,161 - INFO - Finished optimization with guess, [12.3005953  10.89453822  0.07789016  0.05383105].
2025-01-30 19:37:00,164 - INFO - Best fit parameters: [1.26494582e+01 4.14246274e-01 8.23931592e-03 1.36529169e-02].
2025-01-30 19:37:03,525 - INFO - Maximum log composite likelihood: -2048.537594932447.
2025-01-30 19:37:03,525 - INFO - Optimal value of theta: 10081.860541053984.
2025-01-30 19:37:03,526 - INFO - Beginning optimization with guess, [4.57835926 5.64810644 0.10232253 0.18929248].
2025-01-30 19:39:49,952 - INFO - Finished optimization with guess, [4.57835926 5.64810644 0.10232253 0.18929248].
2025-01-30 19:39:49,956 - INFO - Best fit parameters: [6.8353504  0.4911129  0.0322818  0.08925289].
2025-01-30 19:39:53,937 - INFO - Maximum log composite likelihood: -1219.645481011108.
2025-01-30 19:39:53,937 - INFO - Optimal value of theta: 11557.465609062054.
2025-01-30 19:39:53,937 - INFO - Beginning optimization with guess, [ 8.39533036 19.28437427  0.10363624  0.13607115].
2025-01-30 19:42:29,144 - INFO - Finished optimization with guess, [ 8.39533036 19.28437427  0.10363624  0.13607115].
2025-01-30 19:42:29,145 - INFO - Best fit parameters: [12.71904564  0.39783292  0.04509414  0.06201581].
2025-01-30 19:42:32,757 - INFO - Maximum log composite likelihood: -1493.2097829073757.
2025-01-30 19:42:32,758 - INFO - Optimal value of theta: 11977.320797847367.
2025-01-30 19:42:32,758 - INFO - Beginning optimization with guess, [15.55761295  6.99721062  0.10391337  0.06607435].
2025-01-30 19:45:28,179 - INFO - Finished optimization with guess, [15.55761295  6.99721062  0.10391337  0.06607435].
2025-01-30 19:45:28,183 - INFO - Best fit parameters: [2.67983280e+01 4.53007710e-01 1.63148917e-02 8.18565971e-02].
2025-01-30 19:45:32,094 - INFO - Maximum log composite likelihood: -1228.5879854074715.
2025-01-30 19:45:32,094 - INFO - Optimal value of theta: 12074.103363382083.
2025-01-30 19:45:32,094 - INFO - Beginning optimization with guess, [19.85900276 15.03447261  0.0788989   0.19897021].
2025-01-30 19:48:06,730 - INFO - Finished optimization with guess, [19.85900276 15.03447261  0.0788989   0.19897021].
2025-01-30 19:48:06,731 - INFO - Best fit parameters: [31.82924417  0.45476644  0.04346549  0.08684517].
2025-01-30 19:48:10,157 - INFO - Maximum log composite likelihood: -1259.8600389945102.
2025-01-30 19:48:10,157 - INFO - Optimal value of theta: 11801.548394272404.
2025-01-30 19:48:10,157 - INFO - Beginning optimization with guess, [33.10942693 21.91465414  0.11681353  0.18404036].
2025-01-30 19:50:56,160 - INFO - Finished optimization with guess, [33.10942693 21.91465414  0.11681353  0.18404036].
2025-01-30 19:50:56,161 - INFO - Best fit parameters: [49.01358464  0.51064881  0.05467523  0.09025853].
2025-01-30 19:50:59,651 - INFO - Maximum log composite likelihood: -1288.7949847355956.
2025-01-30 19:50:59,652 - INFO - Optimal value of theta: 11014.362248191785.
2025-01-30 19:50:59,652 - INFO - Beginning optimization with guess, [11.31028425 31.27780691  0.06199275  0.18698786].
2025-01-30 19:53:35,247 - INFO - Finished optimization with guess, [11.31028425 31.27780691  0.06199275  0.18698786].
2025-01-30 19:53:35,248 - INFO - Best fit parameters: [15.78507489  0.46145758  0.03196613  0.08195998].
2025-01-30 19:53:38,112 - INFO - Maximum log composite likelihood: -1247.3438008178575.
2025-01-30 19:53:38,112 - INFO - Optimal value of theta: 11769.11026401466.
2025-01-30 19:53:38,112 - INFO - Beginning optimization with guess, [12.78219502 43.68980466  0.17319702  0.13584203].
2025-01-30 19:56:02,829 - INFO - Finished optimization with guess, [12.78219502 43.68980466  0.17319702  0.13584203].
2025-01-30 19:56:02,830 - INFO - Best fit parameters: [16.70881399  0.44012566  0.08979621  0.06021959].
2025-01-30 19:56:06,597 - INFO - Maximum log composite likelihood: -1687.1664242100123.
2025-01-30 19:56:06,597 - INFO - Optimal value of theta: 10702.200885429165.
2025-01-30 19:56:06,597 - INFO - Beginning optimization with guess, [15.32722771 14.93103073  0.05192082  0.11809287].
2025-01-30 19:58:47,066 - INFO - Finished optimization with guess, [15.32722771 14.93103073  0.05192082  0.11809287].
2025-01-30 19:58:47,067 - INFO - Best fit parameters: [2.19251938e+01 4.11821847e-01 1.94264936e-02 4.16547620e-02].
2025-01-30 19:58:50,509 - INFO - Maximum log composite likelihood: -1539.9794054504544.
2025-01-30 19:58:50,509 - INFO - Optimal value of theta: 11444.490380716012.
2025-01-30 19:58:50,509 - INFO - Beginning optimization with guess, [54.0314189  48.03000654  0.14140966  0.10582497].
2025-01-30 20:01:35,772 - INFO - Finished optimization with guess, [54.0314189  48.03000654  0.14140966  0.10582497].
2025-01-30 20:01:35,773 - INFO - Best fit parameters: [8.96796414e+01 4.67363964e-01 4.87402830e-02 7.83277562e-02].
2025-01-30 20:01:39,168 - INFO - Maximum log composite likelihood: -1312.2561121588542.
2025-01-30 20:01:39,168 - INFO - Optimal value of theta: 11364.252293911164.
2025-01-30 20:01:39,169 - INFO - Beginning optimization with guess, [24.646815   25.20323537  0.09109329  0.1172344 ].
2025-01-30 20:04:05,718 - INFO - Finished optimization with guess, [24.646815   25.20323537  0.09109329  0.1172344 ].
2025-01-30 20:04:05,719 - INFO - Best fit parameters: [4.48232379e+01 4.14333332e-01 3.68359856e-02 5.25654599e-02].
2025-01-30 20:04:08,625 - INFO - Maximum log composite likelihood: -1519.9993236984976.
2025-01-30 20:04:08,625 - INFO - Optimal value of theta: 11491.432841502883.
2025-01-30 20:04:08,625 - INFO - Beginning optimization with guess, [23.2395811  36.09349537  0.08485485  0.09189338].
2025-01-30 20:06:33,085 - INFO - Finished optimization with guess, [23.2395811  36.09349537  0.08485485  0.09189338].
2025-01-30 20:06:33,086 - INFO - Best fit parameters: [4.40599549e+01 4.49819092e-01 2.04684637e-02 6.25246616e-02].
2025-01-30 20:06:35,934 - INFO - Maximum log composite likelihood: -1315.738573762129.
2025-01-30 20:06:35,934 - INFO - Optimal value of theta: 11621.279379040208.
2025-01-30 20:06:35,934 - INFO - Beginning optimization with guess, [53.6777406  38.06094684  0.0650129   0.12780606].
2025-01-30 20:09:15,756 - INFO - Finished optimization with guess, [53.6777406  38.06094684  0.0650129   0.12780606].
2025-01-30 20:09:15,757 - INFO - Best fit parameters: [6.70005675e+01 5.17056959e-01 9.24625921e-03 5.89815861e-02].
2025-01-30 20:09:18,627 - INFO - Maximum log composite likelihood: -1317.4291595783511.
2025-01-30 20:09:18,627 - INFO - Optimal value of theta: 10990.37030175754.
2025-01-30 20:09:18,627 - INFO - Beginning optimization with guess, [36.89335342 78.83065599  0.12999005  0.16765281].
2025-01-30 20:11:50,816 - INFO - Finished optimization with guess, [36.89335342 78.83065599  0.12999005  0.16765281].
2025-01-30 20:11:50,818 - INFO - Best fit parameters: [59.92216874  0.40450414  0.07983718  0.07060248].
2025-01-30 20:11:53,661 - INFO - Maximum log composite likelihood: -1550.7580283890084.
2025-01-30 20:11:53,661 - INFO - Optimal value of theta: 11624.152941141581.
2025-01-30 20:11:53,662 - INFO - Beginning optimization with guess, [87.16347621 51.33248769  0.12117006  0.10341443].
2025-01-30 20:14:18,684 - INFO - Finished optimization with guess, [87.16347621 51.33248769  0.12117006  0.10341443].
2025-01-30 20:14:18,685 - INFO - Best fit parameters: [1.53729990e+02 4.61298044e-01 3.83950350e-02 7.63076529e-02].
2025-01-30 20:14:21,658 - INFO - Maximum log composite likelihood: -1293.8345138198858.
2025-01-30 20:14:21,659 - INFO - Optimal value of theta: 11531.974863417325.
2025-01-30 20:14:21,659 - INFO - Beginning optimization with guess, [42.35594332 54.87341227  0.11321105  0.14989502].
2025-01-30 20:16:55,835 - INFO - Finished optimization with guess, [42.35594332 54.87341227  0.11321105  0.14989502].
2025-01-30 20:16:55,837 - INFO - Best fit parameters: [6.60671108e+01 5.08230472e-01 6.00373209e-02 6.62084833e-02].
2025-01-30 20:16:59,223 - INFO - Maximum log composite likelihood: -1528.8475529459588.
2025-01-30 20:16:59,223 - INFO - Optimal value of theta: 10444.05473502485.
2025-01-30 20:16:59,223 - INFO - Beginning optimization with guess, [1.15177419e+02 7.36336582e+01 5.08039346e-02 1.21427271e-01].
2025-01-30 20:19:39,989 - INFO - Finished optimization with guess, [1.15177419e+02 7.36336582e+01 5.08039346e-02 1.21427271e-01].
2025-01-30 20:19:39,990 - INFO - Best fit parameters: [2.34869807e+02 4.81343544e-01 2.76498698e-02 4.55940588e-02].
2025-01-30 20:19:43,485 - INFO - Maximum log composite likelihood: -1556.3658183008931.
2025-01-30 20:19:43,485 - INFO - Optimal value of theta: 10635.917243021444.
2025-01-30 20:19:43,485 - INFO - Beginning optimization with guess, [4.09259220e+01 1.34085111e+02 6.58690338e-02 5.80720457e-02].
2025-01-30 20:22:22,525 - INFO - Finished optimization with guess, [4.09259220e+01 1.34085111e+02 6.58690338e-02 5.80720457e-02].
2025-01-30 20:22:22,527 - INFO - Best fit parameters: [2.99273169e+01 3.91663787e-01 2.34000896e-02 1.74684584e-02].
2025-01-30 20:22:25,864 - INFO - Maximum log composite likelihood: -2280.4440265588196.
2025-01-30 20:22:25,865 - INFO - Optimal value of theta: 10006.668074255675.
2025-01-30 20:22:25,872 - INFO - Finished demographic inference.
2025-01-30 20:22:25,872 - INFO - Pipeline executed succesfully.
