2025-08-14 10:36:44,224 - INFO - Beginning execution of evaluate_demography.py in directory /u/project/kirk-bigdata/jonmah/sample_size_demography/Scripts

2025-08-14 10:36:44,224 - INFO - Progress is being logged to ../Analysis/dadi_3EpB_60/evaluate_demography.log

2025-08-14 10:36:44,224 - INFO - Parsed the following arguments:
	syn_input_sfs = ../Simulations/dadi_simulations/ThreeEpochBottleneck_60.sfs
	model_type = two_epoch
	params_list = [0.04138202, 0.1394373]
	L_syn = 100000000.0
	mask_singletons = False
	mask_doubletons = False
	outprefix = ../Analysis/dadi_3EpB_60/

2025-08-14 10:36:44,225 - INFO - Beginning demographic evaluation for two-epoch demographic model.
2025-08-14 10:36:44,227 - INFO - Beginning optimization with guess, [0.04138202, 0.1394373].
2025-08-14 10:36:44,227 - INFO - Finished optimization with guess, [0.04138202, 0.1394373].
2025-08-14 10:36:44,227 - INFO - Best fit parameters: [0.04138202, 0.1394373].
2025-08-14 10:36:44,453 - INFO - Maximum log composite likelihood: -3308.4862598444706.
2025-08-14 10:36:44,453 - INFO - Optimal value of theta: 375492.271593684.
2025-08-14 10:36:44,453 - INFO - Synonymous input SFS: [-- 24182.38792380999 6079.343432240806 4373.903451305643 3811.988452841272 3503.03915477842 3300.324977842839 3155.834066685808 3047.431953804993 2963.103525172779 2895.689766337286 2840.646301748097 2794.947732972468 2756.502322523685 2723.818490490688 2695.804945864755 2671.645848095449 2650.720076097043 2632.547449381007 2616.751975833039 2603.036173425794 2591.162782619233 2580.941527313293 2572.219398864067 2564.873448530277 2558.805401239308 2553.937618431974 2550.210081897505 2547.578169474577 2546.011063209973 1272.745340627559 -- -- -- -- -- -- -- -- -- -- -- -- -- -- -- -- -- -- -- -- -- -- -- -- -- -- -- -- -- --].
2025-08-14 10:36:44,454 - INFO - Scaled spectrum: [-- 17028.362876183815 9263.598952827084 6678.528360910705 5388.510952428148 4616.624714283867 4103.902406124346 3739.3644288425976 3467.527084542376 3257.5720521681787 3091.014235122033 2956.096297102119 2844.985992687077 2752.267104114476 2674.0771905492124 2607.5903143371747 2550.6938282532974 2501.7793290435616 2459.6033936140593 2423.192404727174 2391.7760534042254 2364.739980405345 2341.5914916497154 2321.93439714564 2305.450345888355 2291.884877353193 2281.036966640204 2272.7512136357245 2266.9120828363716 2263.439781022405 1131.1437456171343 -- -- -- -- -- -- -- -- -- -- -- -- -- -- -- -- -- -- -- -- -- -- -- -- -- -- -- -- -- --].
2025-08-14 10:36:44,455 - INFO - Converting and interpreting Tau estimates.
2025-08-14 10:36:44,456 - INFO - Finished demographic inference.
2025-08-14 10:36:44,456 - INFO - Pipeline executed succesfully.
