2025-01-17 13:33:31,683 - INFO - Beginning execution of fit_demographic_model.py in directory /u/project/kirk/jonmah/sample_size_demography/Scripts

2025-01-17 13:33:31,683 - INFO - Progress is being logged to ../Analysis/gnomAD_600/log.log

2025-01-17 13:33:31,683 - INFO - Parsed the following arguments:
	syn_input_sfs = ../Analysis/gnomAD_600/syn_downsampled_sfs.txt
	mask_singletons = False
	mask_doubletons = False
	outprefix = ../Analysis/gnomAD_600/

2025-01-17 13:33:31,687 - INFO - Beginning demographic inference for one-epoch demographic model.
2025-01-17 13:33:31,688 - INFO - Beginning optimization with guess, [0.13805621].
2025-01-17 13:34:20,114 - INFO - Finished optimization with guess, [0.13805621].
2025-01-17 13:34:20,115 - INFO - Best fit parameters: [0.13805621].
2025-01-17 13:34:21,628 - INFO - Maximum log composite likelihood: -14960.162878030118.
2025-01-17 13:34:21,628 - INFO - Optimal value of theta: 8181.93713268285.
2025-01-17 13:34:21,628 - INFO - Beginning optimization with guess, [0.26228139].
2025-01-17 13:35:10,030 - INFO - Finished optimization with guess, [0.26228139].
2025-01-17 13:35:10,030 - INFO - Best fit parameters: [0.26228139].
2025-01-17 13:35:11,544 - INFO - Maximum log composite likelihood: -14960.162878030118.
2025-01-17 13:35:11,544 - INFO - Optimal value of theta: 8181.93713268285.
2025-01-17 13:35:11,544 - INFO - Beginning optimization with guess, [0.47850952].
2025-01-17 13:35:55,409 - INFO - Finished optimization with guess, [0.47850952].
2025-01-17 13:35:55,410 - INFO - Best fit parameters: [0.47850952].
2025-01-17 13:35:56,925 - INFO - Maximum log composite likelihood: -14960.162878030118.
2025-01-17 13:35:56,925 - INFO - Optimal value of theta: 8181.93713268285.
2025-01-17 13:35:56,925 - INFO - Beginning optimization with guess, [0.53130649].
2025-01-17 13:36:40,769 - INFO - Finished optimization with guess, [0.53130649].
2025-01-17 13:36:40,769 - INFO - Best fit parameters: [0.53130649].
2025-01-17 13:36:42,282 - INFO - Maximum log composite likelihood: -14960.162878030118.
2025-01-17 13:36:42,282 - INFO - Optimal value of theta: 8181.93713268285.
2025-01-17 13:36:42,282 - INFO - Beginning optimization with guess, [0.28013935].
2025-01-17 13:37:30,620 - INFO - Finished optimization with guess, [0.28013935].
2025-01-17 13:37:30,621 - INFO - Best fit parameters: [0.28013935].
2025-01-17 13:37:32,122 - INFO - Maximum log composite likelihood: -14960.162878030118.
2025-01-17 13:37:32,122 - INFO - Optimal value of theta: 8181.93713268285.
2025-01-17 13:37:32,123 - INFO - Beginning optimization with guess, [0.48470076].
2025-01-17 13:38:15,963 - INFO - Finished optimization with guess, [0.48470076].
2025-01-17 13:38:15,964 - INFO - Best fit parameters: [0.48470076].
2025-01-17 13:38:17,488 - INFO - Maximum log composite likelihood: -14960.162878030118.
2025-01-17 13:38:17,488 - INFO - Optimal value of theta: 8181.93713268285.
2025-01-17 13:38:17,488 - INFO - Beginning optimization with guess, [0.95690963].
2025-01-17 13:38:43,356 - INFO - Finished optimization with guess, [0.95690963].
2025-01-17 13:38:43,357 - INFO - Best fit parameters: [0.95690963].
2025-01-17 13:38:44,880 - INFO - Maximum log composite likelihood: -14960.162878030118.
2025-01-17 13:38:44,880 - INFO - Optimal value of theta: 8181.93713268285.
2025-01-17 13:38:44,880 - INFO - Beginning optimization with guess, [0.4481315].
2025-01-17 13:39:28,625 - INFO - Finished optimization with guess, [0.4481315].
2025-01-17 13:39:28,626 - INFO - Best fit parameters: [0.4481315].
2025-01-17 13:39:30,139 - INFO - Maximum log composite likelihood: -14960.162878030118.
2025-01-17 13:39:30,139 - INFO - Optimal value of theta: 8181.93713268285.
2025-01-17 13:39:30,140 - INFO - Beginning optimization with guess, [1.05082696].
2025-01-17 13:39:55,698 - INFO - Finished optimization with guess, [1.05082696].
2025-01-17 13:39:55,699 - INFO - Best fit parameters: [1.05082696].
2025-01-17 13:39:57,212 - INFO - Maximum log composite likelihood: -14960.162878030118.
2025-01-17 13:39:57,212 - INFO - Optimal value of theta: 8181.93713268285.
2025-01-17 13:39:57,212 - INFO - Beginning optimization with guess, [1.5537898].
2025-01-17 13:40:36,523 - INFO - Finished optimization with guess, [1.5537898].
2025-01-17 13:40:36,524 - INFO - Best fit parameters: [1.5537898].
2025-01-17 13:40:38,037 - INFO - Maximum log composite likelihood: -14960.162878030118.
2025-01-17 13:40:38,037 - INFO - Optimal value of theta: 8181.93713268285.
2025-01-17 13:40:38,037 - INFO - Beginning optimization with guess, [2.1686577].
2025-01-17 13:41:21,474 - INFO - Finished optimization with guess, [2.1686577].
2025-01-17 13:41:21,475 - INFO - Best fit parameters: [2.1686577].
2025-01-17 13:41:22,951 - INFO - Maximum log composite likelihood: -14960.162878030118.
2025-01-17 13:41:22,952 - INFO - Optimal value of theta: 8181.93713268285.
2025-01-17 13:41:22,952 - INFO - Beginning optimization with guess, [2.15346799].
2025-01-17 13:42:05,792 - INFO - Finished optimization with guess, [2.15346799].
2025-01-17 13:42:05,793 - INFO - Best fit parameters: [2.15346799].
2025-01-17 13:42:07,270 - INFO - Maximum log composite likelihood: -14960.162878030118.
2025-01-17 13:42:07,270 - INFO - Optimal value of theta: 8181.93713268285.
2025-01-17 13:42:07,270 - INFO - Beginning optimization with guess, [2.66950951].
2025-01-17 13:42:50,123 - INFO - Finished optimization with guess, [2.66950951].
2025-01-17 13:42:50,125 - INFO - Best fit parameters: [2.66950951].
2025-01-17 13:42:51,611 - INFO - Maximum log composite likelihood: -14960.162878030118.
2025-01-17 13:42:51,611 - INFO - Optimal value of theta: 8181.93713268285.
2025-01-17 13:42:51,611 - INFO - Beginning optimization with guess, [2.86365739].
2025-01-17 13:43:38,847 - INFO - Finished optimization with guess, [2.86365739].
2025-01-17 13:43:38,847 - INFO - Best fit parameters: [2.86365739].
2025-01-17 13:43:40,324 - INFO - Maximum log composite likelihood: -14960.162878030118.
2025-01-17 13:43:40,324 - INFO - Optimal value of theta: 8181.93713268285.
2025-01-17 13:43:40,324 - INFO - Beginning optimization with guess, [2.77216169].
2025-01-17 13:44:23,153 - INFO - Finished optimization with guess, [2.77216169].
2025-01-17 13:44:23,154 - INFO - Best fit parameters: [2.77216169].
2025-01-17 13:44:24,632 - INFO - Maximum log composite likelihood: -14960.162878030118.
2025-01-17 13:44:24,632 - INFO - Optimal value of theta: 8181.93713268285.
2025-01-17 13:44:24,632 - INFO - Beginning optimization with guess, [3.083609].
2025-01-17 13:45:11,892 - INFO - Finished optimization with guess, [3.083609].
2025-01-17 13:45:11,893 - INFO - Best fit parameters: [3.083609].
2025-01-17 13:45:13,389 - INFO - Maximum log composite likelihood: -14960.162878030118.
2025-01-17 13:45:13,390 - INFO - Optimal value of theta: 8181.93713268285.
2025-01-17 13:45:13,390 - INFO - Beginning optimization with guess, [4.06964355].
2025-01-17 13:46:00,633 - INFO - Finished optimization with guess, [4.06964355].
2025-01-17 13:46:00,634 - INFO - Best fit parameters: [4.06964355].
2025-01-17 13:46:02,112 - INFO - Maximum log composite likelihood: -14960.162878030118.
2025-01-17 13:46:02,112 - INFO - Optimal value of theta: 8181.93713268285.
2025-01-17 13:46:02,112 - INFO - Beginning optimization with guess, [1.65763796].
2025-01-17 13:46:40,504 - INFO - Finished optimization with guess, [1.65763796].
2025-01-17 13:46:40,505 - INFO - Best fit parameters: [1.65763796].
2025-01-17 13:46:41,980 - INFO - Maximum log composite likelihood: -14960.162878030118.
2025-01-17 13:46:41,980 - INFO - Optimal value of theta: 8181.93713268285.
2025-01-17 13:46:41,980 - INFO - Beginning optimization with guess, [3.22855941].
2025-01-17 13:47:29,214 - INFO - Finished optimization with guess, [3.22855941].
2025-01-17 13:47:29,215 - INFO - Best fit parameters: [3.22855941].
2025-01-17 13:47:30,692 - INFO - Maximum log composite likelihood: -14960.162878030118.
2025-01-17 13:47:30,692 - INFO - Optimal value of theta: 8181.93713268285.
2025-01-17 13:47:30,692 - INFO - Beginning optimization with guess, [3.11655734].
2025-01-17 13:48:17,945 - INFO - Finished optimization with guess, [3.11655734].
2025-01-17 13:48:17,946 - INFO - Best fit parameters: [3.11655734].
2025-01-17 13:48:19,422 - INFO - Maximum log composite likelihood: -14960.162878030118.
2025-01-17 13:48:19,423 - INFO - Optimal value of theta: 8181.93713268285.
2025-01-17 13:48:19,423 - INFO - Beginning optimization with guess, [4.71632875].
2025-01-17 13:49:06,669 - INFO - Finished optimization with guess, [4.71632875].
2025-01-17 13:49:06,670 - INFO - Best fit parameters: [4.71632875].
2025-01-17 13:49:08,144 - INFO - Maximum log composite likelihood: -14960.162878030118.
2025-01-17 13:49:08,144 - INFO - Optimal value of theta: 8181.93713268285.
2025-01-17 13:49:08,144 - INFO - Beginning optimization with guess, [3.23755061].
2025-01-17 13:49:55,322 - INFO - Finished optimization with guess, [3.23755061].
2025-01-17 13:49:55,324 - INFO - Best fit parameters: [3.23755061].
2025-01-17 13:49:56,797 - INFO - Maximum log composite likelihood: -14960.162878030118.
2025-01-17 13:49:56,798 - INFO - Optimal value of theta: 8181.93713268285.
2025-01-17 13:49:56,798 - INFO - Beginning optimization with guess, [4.21393467].
2025-01-17 13:50:43,960 - INFO - Finished optimization with guess, [4.21393467].
2025-01-17 13:50:43,961 - INFO - Best fit parameters: [4.21393467].
2025-01-17 13:50:45,435 - INFO - Maximum log composite likelihood: -14960.162878030118.
2025-01-17 13:50:45,435 - INFO - Optimal value of theta: 8181.93713268285.
2025-01-17 13:50:45,436 - INFO - Beginning optimization with guess, [9.94297412].
2025-01-17 13:51:35,313 - INFO - Finished optimization with guess, [9.94297412].
2025-01-17 13:51:35,314 - INFO - Best fit parameters: [9.94297412].
2025-01-17 13:51:36,679 - INFO - Maximum log composite likelihood: -14960.162878030118.
2025-01-17 13:51:36,679 - INFO - Optimal value of theta: 8181.93713268285.
2025-01-17 13:51:36,680 - INFO - Beginning optimization with guess, [6.13417339].
2025-01-17 13:52:19,320 - INFO - Finished optimization with guess, [6.13417339].
2025-01-17 13:52:19,321 - INFO - Best fit parameters: [6.13417339].
2025-01-17 13:52:20,592 - INFO - Maximum log composite likelihood: -14960.162878030118.
2025-01-17 13:52:20,592 - INFO - Optimal value of theta: 8181.93713268285.
2025-01-17 13:52:20,598 - INFO - Finished demographic inference.
2025-01-17 13:52:20,598 - INFO - Pipeline executed succesfully.
