2025-07-30 17:40:08,945 - INFO - Beginning execution of fit_demographic_model.py in directory /u/project/kirk/jonmah/sample_size_demography/Scripts

2025-07-30 17:40:08,945 - INFO - Progress is being logged to ../Analysis/dadi_3EpB_490/log.log

2025-07-30 17:40:08,945 - INFO - Parsed the following arguments:
	syn_input_sfs = ../Simulations/dadi_simulations/ThreeEpochBottleneck_490.sfs
	mask_singletons = False
	mask_doubletons = False
	L_syn = 100000000.0
	outprefix = ../Analysis/dadi_3EpB_490/

2025-07-30 17:40:08,946 - INFO - Beginning demographic inference for two-epoch demographic model.
2025-07-30 17:40:08,947 - INFO - Beginning optimization with guess, [0.01, 0.1].
2025-07-30 17:40:54,884 - INFO - Finished optimization with guess, [0.01, 0.1].
2025-07-30 17:40:54,886 - INFO - Best fit parameters: [0.00266073 0.17782794].
2025-07-30 17:40:57,257 - INFO - Maximum log composite likelihood: -59107.07925204872.
2025-07-30 17:40:57,258 - INFO - Optimal value of theta: 11722990.152573312.
2025-07-30 17:40:57,258 - INFO - Beginning optimization with guess, [0.025, 0.1].
2025-07-30 17:41:41,608 - INFO - Finished optimization with guess, [0.025, 0.1].
2025-07-30 17:41:41,609 - INFO - Best fit parameters: [0.00373145 0.36517413].
2025-07-30 17:41:44,571 - INFO - Maximum log composite likelihood: -59107.07925187075.
2025-07-30 17:41:44,571 - INFO - Optimal value of theta: 8359120.283079452.
2025-07-30 17:41:44,571 - INFO - Beginning optimization with guess, [0.05, 0.1].
2025-07-30 17:42:39,936 - INFO - Finished optimization with guess, [0.05, 0.1].
2025-07-30 17:42:39,937 - INFO - Best fit parameters: [0.00506876 0.6401032 ].
2025-07-30 17:42:43,443 - INFO - Maximum log composite likelihood: -59107.079251806135.
2025-07-30 17:42:43,443 - INFO - Optimal value of theta: 6153704.347615725.
2025-07-30 17:42:43,443 - INFO - Beginning optimization with guess, [0.075, 0.1].
2025-07-30 17:43:31,176 - INFO - Finished optimization with guess, [0.075, 0.1].
2025-07-30 17:43:31,187 - INFO - Best fit parameters: [0.01294828 0.64938163].
2025-07-30 17:43:33,237 - INFO - Maximum log composite likelihood: -59107.07925198174.
2025-07-30 17:43:33,237 - INFO - Optimal value of theta: 2408941.300629688.
2025-07-30 17:43:33,237 - INFO - Beginning optimization with guess, [0.1, 0.1].
2025-07-30 17:46:12,250 - INFO - Finished optimization with guess, [0.1, 0.1].
2025-07-30 17:46:12,251 - INFO - Best fit parameters: [0.01286397 1.88364909].
2025-07-30 17:46:16,198 - INFO - Maximum log composite likelihood: -59107.07925200333.
2025-07-30 17:46:16,199 - INFO - Optimal value of theta: 2424730.080221291.
2025-07-30 17:46:16,199 - INFO - Beginning optimization with guess, [0.25, 0.1].
2025-07-30 17:46:38,692 - INFO - Finished optimization with guess, [0.25, 0.1].
2025-07-30 17:46:38,693 - INFO - Best fit parameters: [2.46219821e+01 2.31031860e-02].
2025-07-30 17:46:39,793 - INFO - Maximum log composite likelihood: -14086.169951872369.
2025-07-30 17:46:39,794 - INFO - Optimal value of theta: 18671.391765552667.
2025-07-30 17:46:39,794 - INFO - Beginning optimization with guess, [0.5, 0.1].
2025-07-30 17:47:01,858 - INFO - Finished optimization with guess, [0.5, 0.1].
2025-07-30 17:47:01,859 - INFO - Best fit parameters: [2.18448115e+01 1.67503327e-02].
2025-07-30 17:47:02,957 - INFO - Maximum log composite likelihood: -14006.535180520385.
2025-07-30 17:47:02,958 - INFO - Optimal value of theta: 20836.43052492875.
2025-07-30 17:47:02,958 - INFO - Beginning optimization with guess, [0.75, 0.1].
2025-07-30 17:47:54,840 - INFO - Finished optimization with guess, [0.75, 0.1].
2025-07-30 17:47:54,841 - INFO - Best fit parameters: [  0.64453842 161.65671525].
2025-07-30 17:48:00,736 - INFO - Maximum log composite likelihood: -59107.07925206439.
2025-07-30 17:48:00,736 - INFO - Optimal value of theta: 48393.78518595543.
2025-07-30 17:48:00,736 - INFO - Beginning optimization with guess, [1, 0.1].
2025-07-30 17:48:21,703 - INFO - Finished optimization with guess, [1, 0.1].
2025-07-30 17:48:21,705 - INFO - Best fit parameters: [1.02090297 0.30947459].
2025-07-30 17:48:22,819 - INFO - Maximum log composite likelihood: -58906.45460538837.
2025-07-30 17:48:22,819 - INFO - Optimal value of theta: 30776.840413926082.
2025-07-30 17:48:22,819 - INFO - Beginning optimization with guess, [1.25, 0.1].
2025-07-30 17:48:43,708 - INFO - Finished optimization with guess, [1.25, 0.1].
2025-07-30 17:48:43,709 - INFO - Best fit parameters: [1.36479785 0.01654817].
2025-07-30 17:48:44,806 - INFO - Maximum log composite likelihood: -48571.31081266743.
2025-07-30 17:48:44,807 - INFO - Optimal value of theta: 29157.374707429823.
2025-07-30 17:48:44,807 - INFO - Beginning optimization with guess, [1.5, 0.1].
2025-07-30 17:49:05,733 - INFO - Finished optimization with guess, [1.5, 0.1].
2025-07-30 17:49:05,735 - INFO - Best fit parameters: [1.75965364 0.01654817].
2025-07-30 17:49:06,837 - INFO - Maximum log composite likelihood: -41264.25979593232.
2025-07-30 17:49:06,838 - INFO - Optimal value of theta: 27731.47728635271.
2025-07-30 17:49:06,838 - INFO - Beginning optimization with guess, [1.75, 0.1].
2025-07-30 17:49:28,813 - INFO - Finished optimization with guess, [1.75, 0.1].
2025-07-30 17:49:28,815 - INFO - Best fit parameters: [2.11379755 0.0273842 ].
2025-07-30 17:49:29,914 - INFO - Maximum log composite likelihood: -36297.99818654719.
2025-07-30 17:49:29,914 - INFO - Optimal value of theta: 25518.100568809805.
2025-07-30 17:49:29,914 - INFO - Beginning optimization with guess, [2, 0.1].
2025-07-30 17:49:50,810 - INFO - Finished optimization with guess, [2, 0.1].
2025-07-30 17:49:50,811 - INFO - Best fit parameters: [2.62760789 0.01654817].
2025-07-30 17:49:51,909 - INFO - Maximum log composite likelihood: -32276.656847650163.
2025-07-30 17:49:51,909 - INFO - Optimal value of theta: 25903.098099444127.
2025-07-30 17:49:51,909 - INFO - Beginning optimization with guess, [2.25, 0.1].
2025-07-30 17:50:13,955 - INFO - Finished optimization with guess, [2.25, 0.1].
2025-07-30 17:50:13,956 - INFO - Best fit parameters: [4.06083566 0.02190912].
2025-07-30 17:50:15,055 - INFO - Maximum log composite likelihood: -24283.442096000825.
2025-07-30 17:50:15,055 - INFO - Optimal value of theta: 23210.06177549948.
2025-07-30 17:50:15,055 - INFO - Beginning optimization with guess, [2.5, 0.1].
2025-07-30 17:50:37,050 - INFO - Finished optimization with guess, [2.5, 0.1].
2025-07-30 17:50:37,051 - INFO - Best fit parameters: [4.87180703 0.02190912].
2025-07-30 17:50:38,149 - INFO - Maximum log composite likelihood: -22383.937227038976.
2025-07-30 17:50:38,149 - INFO - Optimal value of theta: 22676.206889184552.
2025-07-30 17:50:38,149 - INFO - Beginning optimization with guess, [2.75, 0.1].
2025-07-30 17:51:00,163 - INFO - Finished optimization with guess, [2.75, 0.1].
2025-07-30 17:51:00,164 - INFO - Best fit parameters: [5.74409761 0.02190912].
2025-07-30 17:51:01,270 - INFO - Maximum log composite likelihood: -21216.796477930246.
2025-07-30 17:51:01,270 - INFO - Optimal value of theta: 22290.85821111521.
2025-07-30 17:51:01,270 - INFO - Beginning optimization with guess, [3, 0.1].
2025-07-30 17:51:23,258 - INFO - Finished optimization with guess, [3, 0.1].
2025-07-30 17:51:23,259 - INFO - Best fit parameters: [6.6761359  0.02190912].
2025-07-30 17:51:24,358 - INFO - Maximum log composite likelihood: -19592.072367162327.
2025-07-30 17:51:24,358 - INFO - Optimal value of theta: 21808.63292296086.
2025-07-30 17:51:24,358 - INFO - Beginning optimization with guess, [3.25, 0.1].
2025-07-30 17:51:46,355 - INFO - Finished optimization with guess, [3.25, 0.1].
2025-07-30 17:51:46,356 - INFO - Best fit parameters: [7.66652283 0.02190912].
2025-07-30 17:51:47,458 - INFO - Maximum log composite likelihood: -18302.73232661253.
2025-07-30 17:51:47,459 - INFO - Optimal value of theta: 21398.117447441222.
2025-07-30 17:51:47,459 - INFO - Beginning optimization with guess, [3.5, 0.1].
2025-07-30 17:52:09,636 - INFO - Finished optimization with guess, [3.5, 0.1].
2025-07-30 17:52:09,638 - INFO - Best fit parameters: [8.71400067 0.02190912].
2025-07-30 17:52:10,744 - INFO - Maximum log composite likelihood: -17277.10503510386.
2025-07-30 17:52:10,744 - INFO - Optimal value of theta: 21045.151043036247.
2025-07-30 17:52:10,744 - INFO - Beginning optimization with guess, [3.75, 0.1].
2025-07-30 17:52:32,871 - INFO - Finished optimization with guess, [3.75, 0.1].
2025-07-30 17:52:32,872 - INFO - Best fit parameters: [9.81742935 0.02190912].
2025-07-30 17:52:33,976 - INFO - Maximum log composite likelihood: -16461.157553953213.
2025-07-30 17:52:33,976 - INFO - Optimal value of theta: 20739.034792662856.
2025-07-30 17:52:33,977 - INFO - Beginning optimization with guess, [4, 0.1].
2025-07-30 17:52:57,193 - INFO - Finished optimization with guess, [4, 0.1].
2025-07-30 17:52:57,194 - INFO - Best fit parameters: [10.9757681   0.02190912].
2025-07-30 17:52:58,300 - INFO - Maximum log composite likelihood: -15813.485002568506.
2025-07-30 17:52:58,301 - INFO - Optimal value of theta: 20471.531872228883.
2025-07-30 17:52:58,301 - INFO - Beginning optimization with guess, [4.25, 0.1].
2025-07-30 17:53:21,454 - INFO - Finished optimization with guess, [4.25, 0.1].
2025-07-30 17:53:21,455 - INFO - Best fit parameters: [12.18806102  0.02190912].
2025-07-30 17:53:22,556 - INFO - Maximum log composite likelihood: -15301.914079151686.
2025-07-30 17:53:22,556 - INFO - Optimal value of theta: 20236.19752620563.
2025-07-30 17:53:22,556 - INFO - Beginning optimization with guess, [4.5, 0.1].
2025-07-30 17:53:44,584 - INFO - Finished optimization with guess, [4.5, 0.1].
2025-07-30 17:53:44,585 - INFO - Best fit parameters: [8.13607496 0.01654817].
2025-07-30 17:53:45,683 - INFO - Maximum log composite likelihood: -18360.807983344257.
2025-07-30 17:53:45,683 - INFO - Optimal value of theta: 22601.98441118512.
2025-07-30 17:53:45,683 - INFO - Beginning optimization with guess, [4.75, 0.1].
2025-07-30 17:54:07,674 - INFO - Finished optimization with guess, [4.75, 0.1].
2025-07-30 17:54:07,675 - INFO - Best fit parameters: [8.7728705  0.01654817].
2025-07-30 17:54:08,774 - INFO - Maximum log composite likelihood: -17769.999513043476.
2025-07-30 17:54:08,775 - INFO - Optimal value of theta: 22431.476200711346.
2025-07-30 17:54:08,775 - INFO - Beginning optimization with guess, [5, 0.1].
2025-07-30 17:54:30,763 - INFO - Finished optimization with guess, [5, 0.1].
2025-07-30 17:54:30,765 - INFO - Best fit parameters: [9.42300548 0.01654817].
2025-07-30 17:54:31,862 - INFO - Maximum log composite likelihood: -17255.67695187012.
2025-07-30 17:54:31,862 - INFO - Optimal value of theta: 22276.769683809223.
2025-07-30 17:54:31,866 - INFO - Converting and interpreting Tau estimates.
2025-07-30 17:54:31,867 - INFO - Finished demographic inference.
2025-07-30 17:54:31,867 - INFO - Pipeline executed succesfully.
