2024-03-14 21:36:18,177 - INFO - Beginning execution of fit_demographic_model.py in directory /u/project/kirk/jonmah/sample_size_demography/Scripts

2024-03-14 21:36:18,177 - INFO - Progress is being logged to ../Analysis/ThreeEpochExpansion_90/log.log

2024-03-14 21:36:18,178 - INFO - Parsed the following arguments:
	syn_input_sfs = ../Analysis/ThreeEpochExpansion_90/syn_downsampled_sfs.txt
	mask_singletons = False
	mask_doubletons = False
	outprefix = ../Analysis/ThreeEpochExpansion_90/

2024-03-14 21:36:18,198 - INFO - Beginning demographic inference for one-epoch demographic model.
2024-03-14 21:36:18,199 - INFO - Beginning optimization with guess, [0.16134479].
2024-03-14 21:36:27,903 - INFO - Finished optimization with guess, [0.16134479].
2024-03-14 21:36:27,904 - INFO - Best fit parameters: [0.16134479].
2024-03-14 21:36:28,209 - INFO - Maximum log composite likelihood: -2816.2732727551593.
2024-03-14 21:36:28,210 - INFO - Optimal value of theta: 15238.261009849411.
2024-03-14 21:36:28,210 - INFO - Beginning optimization with guess, [0.25912589].
2024-03-14 21:36:37,900 - INFO - Finished optimization with guess, [0.25912589].
2024-03-14 21:36:37,901 - INFO - Best fit parameters: [0.25912589].
2024-03-14 21:36:38,203 - INFO - Maximum log composite likelihood: -2816.2732727551593.
2024-03-14 21:36:38,203 - INFO - Optimal value of theta: 15238.261009849411.
2024-03-14 21:36:38,203 - INFO - Beginning optimization with guess, [0.36957567].
2024-03-14 21:36:47,003 - INFO - Finished optimization with guess, [0.36957567].
2024-03-14 21:36:47,004 - INFO - Best fit parameters: [0.36957567].
2024-03-14 21:36:47,308 - INFO - Maximum log composite likelihood: -2816.2732727551593.
2024-03-14 21:36:47,308 - INFO - Optimal value of theta: 15238.261009849411.
2024-03-14 21:36:47,309 - INFO - Beginning optimization with guess, [0.53660235].
2024-03-14 21:36:56,066 - INFO - Finished optimization with guess, [0.53660235].
2024-03-14 21:36:56,067 - INFO - Best fit parameters: [0.53660235].
2024-03-14 21:36:56,369 - INFO - Maximum log composite likelihood: -2816.2732727551593.
2024-03-14 21:36:56,369 - INFO - Optimal value of theta: 15238.261009849411.
2024-03-14 21:36:56,369 - INFO - Beginning optimization with guess, [0.62999152].
2024-03-14 21:37:04,352 - INFO - Finished optimization with guess, [0.62999152].
2024-03-14 21:37:04,354 - INFO - Best fit parameters: [0.62999152].
2024-03-14 21:37:04,655 - INFO - Maximum log composite likelihood: -2816.2732727551593.
2024-03-14 21:37:04,655 - INFO - Optimal value of theta: 15238.261009849411.
2024-03-14 21:37:04,656 - INFO - Beginning optimization with guess, [0.48981609].
2024-03-14 21:37:13,418 - INFO - Finished optimization with guess, [0.48981609].
2024-03-14 21:37:13,418 - INFO - Best fit parameters: [0.48981609].
2024-03-14 21:37:13,715 - INFO - Maximum log composite likelihood: -2816.2732727551593.
2024-03-14 21:37:13,715 - INFO - Optimal value of theta: 15238.261009849411.
2024-03-14 21:37:13,716 - INFO - Beginning optimization with guess, [1.31049347].
2024-03-14 21:37:21,543 - INFO - Finished optimization with guess, [1.31049347].
2024-03-14 21:37:21,544 - INFO - Best fit parameters: [1.31049347].
2024-03-14 21:37:21,855 - INFO - Maximum log composite likelihood: -2816.2732727551593.
2024-03-14 21:37:21,855 - INFO - Optimal value of theta: 15238.261009849411.
2024-03-14 21:37:21,855 - INFO - Beginning optimization with guess, [0.9574052].
2024-03-14 21:37:27,044 - INFO - Finished optimization with guess, [0.9574052].
2024-03-14 21:37:27,045 - INFO - Best fit parameters: [0.9574052].
2024-03-14 21:37:27,350 - INFO - Maximum log composite likelihood: -2816.2732727551593.
2024-03-14 21:37:27,350 - INFO - Optimal value of theta: 15238.261009849411.
2024-03-14 21:37:27,350 - INFO - Beginning optimization with guess, [0.91076392].
2024-03-14 21:37:33,486 - INFO - Finished optimization with guess, [0.91076392].
2024-03-14 21:37:33,486 - INFO - Best fit parameters: [0.91076392].
2024-03-14 21:37:33,789 - INFO - Maximum log composite likelihood: -2816.2732727551593.
2024-03-14 21:37:33,789 - INFO - Optimal value of theta: 15238.261009849411.
2024-03-14 21:37:33,789 - INFO - Beginning optimization with guess, [0.60286649].
2024-03-14 21:37:41,747 - INFO - Finished optimization with guess, [0.60286649].
2024-03-14 21:37:41,748 - INFO - Best fit parameters: [0.60286649].
2024-03-14 21:37:42,053 - INFO - Maximum log composite likelihood: -2816.2732727551593.
2024-03-14 21:37:42,053 - INFO - Optimal value of theta: 15238.261009849411.
2024-03-14 21:37:42,053 - INFO - Beginning optimization with guess, [1.92016412].
2024-03-14 21:37:50,825 - INFO - Finished optimization with guess, [1.92016412].
2024-03-14 21:37:50,826 - INFO - Best fit parameters: [1.92016412].
2024-03-14 21:37:51,128 - INFO - Maximum log composite likelihood: -2816.2732727551593.
2024-03-14 21:37:51,128 - INFO - Optimal value of theta: 15238.261009849411.
2024-03-14 21:37:51,128 - INFO - Beginning optimization with guess, [1.84198106].
2024-03-14 21:37:59,901 - INFO - Finished optimization with guess, [1.84198106].
2024-03-14 21:37:59,902 - INFO - Best fit parameters: [1.84198106].
2024-03-14 21:38:00,205 - INFO - Maximum log composite likelihood: -2816.2732727551593.
2024-03-14 21:38:00,205 - INFO - Optimal value of theta: 15238.261009849411.
2024-03-14 21:38:00,206 - INFO - Beginning optimization with guess, [3.21977775].
2024-03-14 21:38:09,887 - INFO - Finished optimization with guess, [3.21977775].
2024-03-14 21:38:09,888 - INFO - Best fit parameters: [3.21977775].
2024-03-14 21:38:10,190 - INFO - Maximum log composite likelihood: -2816.2732727551593.
2024-03-14 21:38:10,190 - INFO - Optimal value of theta: 15238.261009849411.
2024-03-14 21:38:10,190 - INFO - Beginning optimization with guess, [2.3806424].
2024-03-14 21:38:18,902 - INFO - Finished optimization with guess, [2.3806424].
2024-03-14 21:38:18,903 - INFO - Best fit parameters: [2.3806424].
2024-03-14 21:38:19,208 - INFO - Maximum log composite likelihood: -2816.2732727551593.
2024-03-14 21:38:19,208 - INFO - Optimal value of theta: 15238.261009849411.
2024-03-14 21:38:19,208 - INFO - Beginning optimization with guess, [3.1453139].
2024-03-14 21:38:28,864 - INFO - Finished optimization with guess, [3.1453139].
2024-03-14 21:38:28,865 - INFO - Best fit parameters: [3.1453139].
2024-03-14 21:38:29,166 - INFO - Maximum log composite likelihood: -2816.2732727551593.
2024-03-14 21:38:29,166 - INFO - Optimal value of theta: 15238.261009849411.
2024-03-14 21:38:29,167 - INFO - Beginning optimization with guess, [2.97081405].
2024-03-14 21:38:38,858 - INFO - Finished optimization with guess, [2.97081405].
2024-03-14 21:38:38,860 - INFO - Best fit parameters: [2.97081405].
2024-03-14 21:38:39,169 - INFO - Maximum log composite likelihood: -2816.2732727551593.
2024-03-14 21:38:39,170 - INFO - Optimal value of theta: 15238.261009849411.
2024-03-14 21:38:39,170 - INFO - Beginning optimization with guess, [2.19796484].
2024-03-14 21:38:48,155 - INFO - Finished optimization with guess, [2.19796484].
2024-03-14 21:38:48,157 - INFO - Best fit parameters: [2.19796484].
2024-03-14 21:38:48,466 - INFO - Maximum log composite likelihood: -2816.2732727551593.
2024-03-14 21:38:48,466 - INFO - Optimal value of theta: 15238.261009849411.
2024-03-14 21:38:48,466 - INFO - Beginning optimization with guess, [5.19335302].
2024-03-14 21:38:58,349 - INFO - Finished optimization with guess, [5.19335302].
2024-03-14 21:38:58,350 - INFO - Best fit parameters: [5.19335302].
2024-03-14 21:38:58,651 - INFO - Maximum log composite likelihood: -2816.2732727551593.
2024-03-14 21:38:58,651 - INFO - Optimal value of theta: 15238.261009849411.
2024-03-14 21:38:58,652 - INFO - Beginning optimization with guess, [3.05989373].
2024-03-14 21:39:08,343 - INFO - Finished optimization with guess, [3.05989373].
2024-03-14 21:39:08,344 - INFO - Best fit parameters: [3.05989373].
2024-03-14 21:39:08,644 - INFO - Maximum log composite likelihood: -2816.2732727551593.
2024-03-14 21:39:08,644 - INFO - Optimal value of theta: 15238.261009849411.
2024-03-14 21:39:08,645 - INFO - Beginning optimization with guess, [2.50873414].
2024-03-14 21:39:17,413 - INFO - Finished optimization with guess, [2.50873414].
2024-03-14 21:39:17,414 - INFO - Best fit parameters: [2.50873414].
2024-03-14 21:39:17,715 - INFO - Maximum log composite likelihood: -2816.2732727551593.
2024-03-14 21:39:17,716 - INFO - Optimal value of theta: 15238.261009849411.
2024-03-14 21:39:17,716 - INFO - Beginning optimization with guess, [4.18544584].
2024-03-14 21:39:27,351 - INFO - Finished optimization with guess, [4.18544584].
2024-03-14 21:39:27,352 - INFO - Best fit parameters: [4.18544584].
2024-03-14 21:39:27,654 - INFO - Maximum log composite likelihood: -2816.2732727551593.
2024-03-14 21:39:27,654 - INFO - Optimal value of theta: 15238.261009849411.
2024-03-14 21:39:27,655 - INFO - Beginning optimization with guess, [6.374771].
2024-03-14 21:39:37,409 - INFO - Finished optimization with guess, [6.374771].
2024-03-14 21:39:37,410 - INFO - Best fit parameters: [6.374771].
2024-03-14 21:39:37,720 - INFO - Maximum log composite likelihood: -2816.2732727551593.
2024-03-14 21:39:37,720 - INFO - Optimal value of theta: 15238.261009849411.
2024-03-14 21:39:37,721 - INFO - Beginning optimization with guess, [3.35430746].
2024-03-14 21:39:47,462 - INFO - Finished optimization with guess, [3.35430746].
2024-03-14 21:39:47,463 - INFO - Best fit parameters: [3.35430746].
2024-03-14 21:39:47,763 - INFO - Maximum log composite likelihood: -2816.2732727551593.
2024-03-14 21:39:47,764 - INFO - Optimal value of theta: 15238.261009849411.
2024-03-14 21:39:47,764 - INFO - Beginning optimization with guess, [7.87383488].
2024-03-14 21:39:58,302 - INFO - Finished optimization with guess, [7.87383488].
2024-03-14 21:39:58,303 - INFO - Best fit parameters: [7.87383488].
2024-03-14 21:39:58,604 - INFO - Maximum log composite likelihood: -2816.2732727551593.
2024-03-14 21:39:58,604 - INFO - Optimal value of theta: 15238.261009849411.
2024-03-14 21:39:58,604 - INFO - Beginning optimization with guess, [9.99088447].
2024-03-14 21:40:09,223 - INFO - Finished optimization with guess, [9.99088447].
2024-03-14 21:40:09,224 - INFO - Best fit parameters: [9.99088447].
2024-03-14 21:40:09,525 - INFO - Maximum log composite likelihood: -2816.2732727551593.
2024-03-14 21:40:09,526 - INFO - Optimal value of theta: 15238.261009849411.
2024-03-14 21:40:09,528 - INFO - Finished demographic inference.
2024-03-14 21:40:09,528 - INFO - Pipeline executed succesfully.
