2024-03-16 14:41:31,094 - INFO - Beginning execution of fit_demographic_model.py in directory /u/project/kirk/jonmah/sample_size_demography/Scripts

2024-03-16 14:41:31,095 - INFO - Progress is being logged to ../Analysis/ThreeEpochContraction_760/log.log

2024-03-16 14:41:31,095 - INFO - Parsed the following arguments:
	syn_input_sfs = ../Analysis/ThreeEpochContraction_760/syn_downsampled_sfs.txt
	mask_singletons = False
	mask_doubletons = False
	outprefix = ../Analysis/ThreeEpochContraction_760/

2024-03-16 14:41:31,117 - INFO - Beginning demographic inference for one-epoch demographic model.
2024-03-16 14:41:31,118 - INFO - Beginning optimization with guess, [0.11697477].
2024-03-16 14:42:43,463 - INFO - Finished optimization with guess, [0.11697477].
2024-03-16 14:42:43,465 - INFO - Best fit parameters: [0.11697477].
2024-03-16 14:42:46,149 - INFO - Maximum log composite likelihood: -6047.857149427458.
2024-03-16 14:42:46,149 - INFO - Optimal value of theta: 7019.7407760455335.
2024-03-16 14:42:46,150 - INFO - Beginning optimization with guess, [0.14507365].
2024-03-16 14:43:49,588 - INFO - Finished optimization with guess, [0.14507365].
2024-03-16 14:43:49,589 - INFO - Best fit parameters: [0.14507365].
2024-03-16 14:43:51,601 - INFO - Maximum log composite likelihood: -6047.857149427458.
2024-03-16 14:43:51,601 - INFO - Optimal value of theta: 7019.7407760455335.
2024-03-16 14:43:51,601 - INFO - Beginning optimization with guess, [0.55723473].
2024-03-16 14:44:50,190 - INFO - Finished optimization with guess, [0.55723473].
2024-03-16 14:44:50,191 - INFO - Best fit parameters: [0.55723473].
2024-03-16 14:44:52,176 - INFO - Maximum log composite likelihood: -6047.857149427458.
2024-03-16 14:44:52,176 - INFO - Optimal value of theta: 7019.7407760455335.
2024-03-16 14:44:52,177 - INFO - Beginning optimization with guess, [0.24562358].
2024-03-16 14:45:56,763 - INFO - Finished optimization with guess, [0.24562358].
2024-03-16 14:45:56,764 - INFO - Best fit parameters: [0.24562358].
2024-03-16 14:45:58,689 - INFO - Maximum log composite likelihood: -6047.857149427458.
2024-03-16 14:45:58,689 - INFO - Optimal value of theta: 7019.7407760455335.
2024-03-16 14:45:58,689 - INFO - Beginning optimization with guess, [0.91992112].
2024-03-16 14:46:37,694 - INFO - Finished optimization with guess, [0.91992112].
2024-03-16 14:46:37,695 - INFO - Best fit parameters: [0.91992112].
2024-03-16 14:46:39,679 - INFO - Maximum log composite likelihood: -6047.857149427458.
2024-03-16 14:46:39,680 - INFO - Optimal value of theta: 7019.7407760455335.
2024-03-16 14:46:39,680 - INFO - Beginning optimization with guess, [1.07734432].
2024-03-16 14:47:20,365 - INFO - Finished optimization with guess, [1.07734432].
2024-03-16 14:47:20,366 - INFO - Best fit parameters: [1.07734432].
2024-03-16 14:47:22,396 - INFO - Maximum log composite likelihood: -6047.857149427458.
2024-03-16 14:47:22,396 - INFO - Optimal value of theta: 7019.7407760455335.
2024-03-16 14:47:22,397 - INFO - Beginning optimization with guess, [1.20740534].
2024-03-16 14:48:10,259 - INFO - Finished optimization with guess, [1.20740534].
2024-03-16 14:48:10,260 - INFO - Best fit parameters: [1.20740534].
2024-03-16 14:48:14,144 - INFO - Maximum log composite likelihood: -6047.857149427458.
2024-03-16 14:48:14,144 - INFO - Optimal value of theta: 7019.7407760455335.
2024-03-16 14:48:14,145 - INFO - Beginning optimization with guess, [0.43378495].
2024-03-16 14:49:14,515 - INFO - Finished optimization with guess, [0.43378495].
2024-03-16 14:49:14,516 - INFO - Best fit parameters: [0.43378495].
2024-03-16 14:49:16,451 - INFO - Maximum log composite likelihood: -6047.857149427458.
2024-03-16 14:49:16,452 - INFO - Optimal value of theta: 7019.7407760455335.
2024-03-16 14:49:16,452 - INFO - Beginning optimization with guess, [1.26431652].
2024-03-16 14:50:04,933 - INFO - Finished optimization with guess, [1.26431652].
2024-03-16 14:50:04,934 - INFO - Best fit parameters: [1.26431652].
2024-03-16 14:50:06,914 - INFO - Maximum log composite likelihood: -6047.857149427458.
2024-03-16 14:50:06,914 - INFO - Optimal value of theta: 7019.7407760455335.
2024-03-16 14:50:06,915 - INFO - Beginning optimization with guess, [0.73726825].
2024-03-16 14:50:59,009 - INFO - Finished optimization with guess, [0.73726825].
2024-03-16 14:50:59,010 - INFO - Best fit parameters: [0.73726825].
2024-03-16 14:51:00,934 - INFO - Maximum log composite likelihood: -6047.857149427458.
2024-03-16 14:51:00,935 - INFO - Optimal value of theta: 7019.7407760455335.
2024-03-16 14:51:00,935 - INFO - Beginning optimization with guess, [1.78955811].
2024-03-16 14:52:00,642 - INFO - Finished optimization with guess, [1.78955811].
2024-03-16 14:52:00,643 - INFO - Best fit parameters: [1.78955811].
2024-03-16 14:52:02,636 - INFO - Maximum log composite likelihood: -6047.857149427458.
2024-03-16 14:52:02,636 - INFO - Optimal value of theta: 7019.7407760455335.
2024-03-16 14:52:02,636 - INFO - Beginning optimization with guess, [1.25904146].
2024-03-16 14:52:48,642 - INFO - Finished optimization with guess, [1.25904146].
2024-03-16 14:52:48,643 - INFO - Best fit parameters: [1.25904146].
2024-03-16 14:52:50,691 - INFO - Maximum log composite likelihood: -6047.857149427458.
2024-03-16 14:52:50,691 - INFO - Optimal value of theta: 7019.7407760455335.
2024-03-16 14:52:50,691 - INFO - Beginning optimization with guess, [0.9620842].
2024-03-16 14:53:29,696 - INFO - Finished optimization with guess, [0.9620842].
2024-03-16 14:53:29,699 - INFO - Best fit parameters: [0.9620842].
2024-03-16 14:53:33,135 - INFO - Maximum log composite likelihood: -6047.857149427458.
2024-03-16 14:53:33,135 - INFO - Optimal value of theta: 7019.7407760455335.
2024-03-16 14:53:33,135 - INFO - Beginning optimization with guess, [2.46287774].
2024-03-16 14:54:38,042 - INFO - Finished optimization with guess, [2.46287774].
2024-03-16 14:54:38,052 - INFO - Best fit parameters: [2.46287774].
2024-03-16 14:54:42,106 - INFO - Maximum log composite likelihood: -6047.857149427458.
2024-03-16 14:54:42,106 - INFO - Optimal value of theta: 7019.7407760455335.
2024-03-16 14:54:42,106 - INFO - Beginning optimization with guess, [3.89992437].
2024-03-16 14:55:52,936 - INFO - Finished optimization with guess, [3.89992437].
2024-03-16 14:55:52,937 - INFO - Best fit parameters: [3.89992437].
2024-03-16 14:55:54,988 - INFO - Maximum log composite likelihood: -6047.857149427458.
2024-03-16 14:55:54,988 - INFO - Optimal value of theta: 7019.7407760455335.
2024-03-16 14:55:54,989 - INFO - Beginning optimization with guess, [3.37692655].
2024-03-16 14:57:04,686 - INFO - Finished optimization with guess, [3.37692655].
2024-03-16 14:57:04,687 - INFO - Best fit parameters: [3.37692655].
2024-03-16 14:57:06,695 - INFO - Maximum log composite likelihood: -6047.857149427458.
2024-03-16 14:57:06,695 - INFO - Optimal value of theta: 7019.7407760455335.
2024-03-16 14:57:06,695 - INFO - Beginning optimization with guess, [2.67561618].
2024-03-16 14:58:02,586 - INFO - Finished optimization with guess, [2.67561618].
2024-03-16 14:58:02,587 - INFO - Best fit parameters: [2.67561618].
2024-03-16 14:58:04,535 - INFO - Maximum log composite likelihood: -6047.857149427458.
2024-03-16 14:58:04,536 - INFO - Optimal value of theta: 7019.7407760455335.
2024-03-16 14:58:04,536 - INFO - Beginning optimization with guess, [1.67070594].
2024-03-16 14:59:00,534 - INFO - Finished optimization with guess, [1.67070594].
2024-03-16 14:59:00,535 - INFO - Best fit parameters: [1.67070594].
2024-03-16 14:59:02,549 - INFO - Maximum log composite likelihood: -6047.857149427458.
2024-03-16 14:59:02,550 - INFO - Optimal value of theta: 7019.7407760455335.
2024-03-16 14:59:02,550 - INFO - Beginning optimization with guess, [3.10268159].
2024-03-16 15:00:04,918 - INFO - Finished optimization with guess, [3.10268159].
2024-03-16 15:00:04,919 - INFO - Best fit parameters: [3.10268159].
2024-03-16 15:00:06,993 - INFO - Maximum log composite likelihood: -6047.857149427458.
2024-03-16 15:00:06,993 - INFO - Optimal value of theta: 7019.7407760455335.
2024-03-16 15:00:06,994 - INFO - Beginning optimization with guess, [6.92390878].
2024-03-16 15:01:12,088 - INFO - Finished optimization with guess, [6.92390878].
2024-03-16 15:01:12,090 - INFO - Best fit parameters: [6.92390878].
2024-03-16 15:01:14,095 - INFO - Maximum log composite likelihood: -6047.857149427458.
2024-03-16 15:01:14,095 - INFO - Optimal value of theta: 7019.7407760455335.
2024-03-16 15:01:14,095 - INFO - Beginning optimization with guess, [6.65543052].
2024-03-16 15:02:28,727 - INFO - Finished optimization with guess, [6.65543052].
2024-03-16 15:02:28,728 - INFO - Best fit parameters: [6.65543052].
2024-03-16 15:02:30,690 - INFO - Maximum log composite likelihood: -6047.857149427458.
2024-03-16 15:02:30,690 - INFO - Optimal value of theta: 7019.7407760455335.
2024-03-16 15:02:30,691 - INFO - Beginning optimization with guess, [3.83392205].
2024-03-16 15:03:35,407 - INFO - Finished optimization with guess, [3.83392205].
2024-03-16 15:03:35,409 - INFO - Best fit parameters: [3.83392205].
2024-03-16 15:03:37,418 - INFO - Maximum log composite likelihood: -6047.857149427458.
2024-03-16 15:03:37,418 - INFO - Optimal value of theta: 7019.7407760455335.
2024-03-16 15:03:37,418 - INFO - Beginning optimization with guess, [4.30001663].
2024-03-16 15:04:41,002 - INFO - Finished optimization with guess, [4.30001663].
2024-03-16 15:04:41,004 - INFO - Best fit parameters: [4.30001663].
2024-03-16 15:04:43,022 - INFO - Maximum log composite likelihood: -6047.857149427458.
2024-03-16 15:04:43,022 - INFO - Optimal value of theta: 7019.7407760455335.
2024-03-16 15:04:43,022 - INFO - Beginning optimization with guess, [13.43975734].
2024-03-16 15:05:59,447 - INFO - Finished optimization with guess, [13.43975734].
2024-03-16 15:05:59,448 - INFO - Best fit parameters: [13.43975734].
2024-03-16 15:06:01,459 - INFO - Maximum log composite likelihood: -6047.857149427458.
2024-03-16 15:06:01,459 - INFO - Optimal value of theta: 7019.7407760455335.
2024-03-16 15:06:01,460 - INFO - Beginning optimization with guess, [4.46883764].
2024-03-16 15:07:05,369 - INFO - Finished optimization with guess, [4.46883764].
2024-03-16 15:07:05,370 - INFO - Best fit parameters: [4.46883764].
2024-03-16 15:07:07,394 - INFO - Maximum log composite likelihood: -6047.857149427458.
2024-03-16 15:07:07,394 - INFO - Optimal value of theta: 7019.7407760455335.
2024-03-16 15:07:07,406 - INFO - Finished demographic inference.
2024-03-16 15:07:07,406 - INFO - Pipeline executed succesfully.
