2025-08-12 10:40:10,653 - INFO - Beginning execution of fit_demographic_model.py in directory /u/project/kirk-bigdata/jonmah/sample_size_demography/Scripts

2025-08-12 10:40:10,653 - INFO - Progress is being logged to ../Analysis/msprime_3EpB_250/log.log

2025-08-12 10:40:10,653 - INFO - Parsed the following arguments:
	syn_input_sfs = ../Simulations/simple_simulations/ThreeEpochBottleneck_250_concat.sfs
	mask_singletons = False
	mask_doubletons = False
	L_syn = 100000000.0
	input_params = []
	outprefix = ../Analysis/msprime_3EpB_250/

2025-08-12 10:40:10,699 - INFO - Beginning demographic inference for one-epoch demographic model.
2025-08-12 10:40:10,701 - INFO - Beginning optimization with guess, [0.13482391].
2025-08-12 10:40:11,295 - INFO - Finished optimization with guess, [0.13482391].
2025-08-12 10:40:11,295 - INFO - Best fit parameters: [0.13482391].
2025-08-12 10:40:11,590 - INFO - Maximum log composite likelihood: -34226.36151468011.
2025-08-12 10:40:11,590 - INFO - Optimal value of theta: 25609.005058746665.
2025-08-12 10:40:11,591 - INFO - Beginning optimization with guess, [0.3857596].
2025-08-12 10:40:12,174 - INFO - Finished optimization with guess, [0.3857596].
2025-08-12 10:40:12,174 - INFO - Best fit parameters: [0.3857596].
2025-08-12 10:40:12,465 - INFO - Maximum log composite likelihood: -34226.36151468011.
2025-08-12 10:40:12,465 - INFO - Optimal value of theta: 25609.005058746665.
2025-08-12 10:40:12,465 - INFO - Beginning optimization with guess, [0.26780599].
2025-08-12 10:40:13,047 - INFO - Finished optimization with guess, [0.26780599].
2025-08-12 10:40:13,047 - INFO - Best fit parameters: [0.26780599].
2025-08-12 10:40:13,338 - INFO - Maximum log composite likelihood: -34226.36151468011.
2025-08-12 10:40:13,338 - INFO - Optimal value of theta: 25609.005058746665.
2025-08-12 10:40:13,338 - INFO - Beginning optimization with guess, [0.20712305].
2025-08-12 10:40:13,922 - INFO - Finished optimization with guess, [0.20712305].
2025-08-12 10:40:13,923 - INFO - Best fit parameters: [0.20712305].
2025-08-12 10:40:14,214 - INFO - Maximum log composite likelihood: -34226.36151468011.
2025-08-12 10:40:14,214 - INFO - Optimal value of theta: 25609.005058746665.
2025-08-12 10:40:14,214 - INFO - Beginning optimization with guess, [0.34713648].
2025-08-12 10:40:14,796 - INFO - Finished optimization with guess, [0.34713648].
2025-08-12 10:40:14,796 - INFO - Best fit parameters: [0.34713648].
2025-08-12 10:40:15,087 - INFO - Maximum log composite likelihood: -34226.36151468011.
2025-08-12 10:40:15,087 - INFO - Optimal value of theta: 25609.005058746665.
2025-08-12 10:40:15,087 - INFO - Beginning optimization with guess, [0.47273827].
2025-08-12 10:40:15,670 - INFO - Finished optimization with guess, [0.47273827].
2025-08-12 10:40:15,670 - INFO - Best fit parameters: [0.47273827].
2025-08-12 10:40:15,962 - INFO - Maximum log composite likelihood: -34226.36151468011.
2025-08-12 10:40:15,962 - INFO - Optimal value of theta: 25609.005058746665.
2025-08-12 10:40:15,962 - INFO - Beginning optimization with guess, [0.49001281].
2025-08-12 10:40:16,545 - INFO - Finished optimization with guess, [0.49001281].
2025-08-12 10:40:16,545 - INFO - Best fit parameters: [0.49001281].
2025-08-12 10:40:16,836 - INFO - Maximum log composite likelihood: -34226.36151468011.
2025-08-12 10:40:16,836 - INFO - Optimal value of theta: 25609.005058746665.
2025-08-12 10:40:16,836 - INFO - Beginning optimization with guess, [0.54801317].
2025-08-12 10:40:17,418 - INFO - Finished optimization with guess, [0.54801317].
2025-08-12 10:40:17,419 - INFO - Best fit parameters: [0.54801317].
2025-08-12 10:40:17,709 - INFO - Maximum log composite likelihood: -34226.36151468011.
2025-08-12 10:40:17,709 - INFO - Optimal value of theta: 25609.005058746665.
2025-08-12 10:40:17,710 - INFO - Beginning optimization with guess, [1.04779326].
2025-08-12 10:40:18,291 - INFO - Finished optimization with guess, [1.04779326].
2025-08-12 10:40:18,291 - INFO - Best fit parameters: [1.04779326].
2025-08-12 10:40:18,582 - INFO - Maximum log composite likelihood: -34226.36151468011.
2025-08-12 10:40:18,582 - INFO - Optimal value of theta: 25609.005058746665.
2025-08-12 10:40:18,582 - INFO - Beginning optimization with guess, [0.5457884].
2025-08-12 10:40:19,164 - INFO - Finished optimization with guess, [0.5457884].
2025-08-12 10:40:19,165 - INFO - Best fit parameters: [0.5457884].
2025-08-12 10:40:19,457 - INFO - Maximum log composite likelihood: -34226.36151468011.
2025-08-12 10:40:19,457 - INFO - Optimal value of theta: 25609.005058746665.
2025-08-12 10:40:19,457 - INFO - Beginning optimization with guess, [1.36907309].
2025-08-12 10:40:20,040 - INFO - Finished optimization with guess, [1.36907309].
2025-08-12 10:40:20,040 - INFO - Best fit parameters: [1.36907309].
2025-08-12 10:40:20,330 - INFO - Maximum log composite likelihood: -34226.36151468011.
2025-08-12 10:40:20,330 - INFO - Optimal value of theta: 25609.005058746665.
2025-08-12 10:40:20,331 - INFO - Beginning optimization with guess, [1.1124489].
2025-08-12 10:40:20,912 - INFO - Finished optimization with guess, [1.1124489].
2025-08-12 10:40:20,912 - INFO - Best fit parameters: [1.1124489].
2025-08-12 10:40:21,203 - INFO - Maximum log composite likelihood: -34226.36151468011.
2025-08-12 10:40:21,203 - INFO - Optimal value of theta: 25609.005058746665.
2025-08-12 10:40:21,203 - INFO - Beginning optimization with guess, [2.15284085].
2025-08-12 10:40:21,785 - INFO - Finished optimization with guess, [2.15284085].
2025-08-12 10:40:21,785 - INFO - Best fit parameters: [2.15284085].
2025-08-12 10:40:22,076 - INFO - Maximum log composite likelihood: -34226.36151468011.
2025-08-12 10:40:22,076 - INFO - Optimal value of theta: 25609.005058746665.
2025-08-12 10:40:22,076 - INFO - Beginning optimization with guess, [1.50784852].
2025-08-12 10:40:22,658 - INFO - Finished optimization with guess, [1.50784852].
2025-08-12 10:40:22,658 - INFO - Best fit parameters: [1.50784852].
2025-08-12 10:40:22,948 - INFO - Maximum log composite likelihood: -34226.36151468011.
2025-08-12 10:40:22,949 - INFO - Optimal value of theta: 25609.005058746665.
2025-08-12 10:40:22,949 - INFO - Beginning optimization with guess, [3.84404215].
2025-08-12 10:40:23,531 - INFO - Finished optimization with guess, [3.84404215].
2025-08-12 10:40:23,531 - INFO - Best fit parameters: [3.84404215].
2025-08-12 10:40:23,822 - INFO - Maximum log composite likelihood: -34226.36151468011.
2025-08-12 10:40:23,824 - INFO - Optimal value of theta: 25609.005058746665.
2025-08-12 10:40:23,824 - INFO - Beginning optimization with guess, [1.2756427].
2025-08-12 10:40:24,407 - INFO - Finished optimization with guess, [1.2756427].
2025-08-12 10:40:24,407 - INFO - Best fit parameters: [1.2756427].
2025-08-12 10:40:24,698 - INFO - Maximum log composite likelihood: -34226.36151468011.
2025-08-12 10:40:24,698 - INFO - Optimal value of theta: 25609.005058746665.
2025-08-12 10:40:24,698 - INFO - Beginning optimization with guess, [4.10021428].
2025-08-12 10:40:25,282 - INFO - Finished optimization with guess, [4.10021428].
2025-08-12 10:40:25,282 - INFO - Best fit parameters: [4.10021428].
2025-08-12 10:40:25,573 - INFO - Maximum log composite likelihood: -34226.36151468011.
2025-08-12 10:40:25,573 - INFO - Optimal value of theta: 25609.005058746665.
2025-08-12 10:40:25,573 - INFO - Beginning optimization with guess, [4.00553483].
2025-08-12 10:40:26,155 - INFO - Finished optimization with guess, [4.00553483].
2025-08-12 10:40:26,155 - INFO - Best fit parameters: [4.00553483].
2025-08-12 10:40:26,446 - INFO - Maximum log composite likelihood: -34226.36151468011.
2025-08-12 10:40:26,446 - INFO - Optimal value of theta: 25609.005058746665.
2025-08-12 10:40:26,446 - INFO - Beginning optimization with guess, [3.75994959].
2025-08-12 10:40:27,028 - INFO - Finished optimization with guess, [3.75994959].
2025-08-12 10:40:27,028 - INFO - Best fit parameters: [3.75994959].
2025-08-12 10:40:27,319 - INFO - Maximum log composite likelihood: -34226.36151468011.
2025-08-12 10:40:27,319 - INFO - Optimal value of theta: 25609.005058746665.
2025-08-12 10:40:27,319 - INFO - Beginning optimization with guess, [1.89601746].
2025-08-12 10:40:27,901 - INFO - Finished optimization with guess, [1.89601746].
2025-08-12 10:40:27,901 - INFO - Best fit parameters: [1.89601746].
2025-08-12 10:40:28,192 - INFO - Maximum log composite likelihood: -34226.36151468011.
2025-08-12 10:40:28,192 - INFO - Optimal value of theta: 25609.005058746665.
2025-08-12 10:40:28,192 - INFO - Beginning optimization with guess, [2.7163238].
2025-08-12 10:40:28,776 - INFO - Finished optimization with guess, [2.7163238].
2025-08-12 10:40:28,778 - INFO - Best fit parameters: [2.7163238].
2025-08-12 10:40:29,068 - INFO - Maximum log composite likelihood: -34226.36151468011.
2025-08-12 10:40:29,068 - INFO - Optimal value of theta: 25609.005058746665.
2025-08-12 10:40:29,068 - INFO - Beginning optimization with guess, [4.87311455].
2025-08-12 10:40:29,653 - INFO - Finished optimization with guess, [4.87311455].
2025-08-12 10:40:29,653 - INFO - Best fit parameters: [4.87311455].
2025-08-12 10:40:29,948 - INFO - Maximum log composite likelihood: -34226.36151468011.
2025-08-12 10:40:29,948 - INFO - Optimal value of theta: 25609.005058746665.
2025-08-12 10:40:29,948 - INFO - Beginning optimization with guess, [3.541592].
2025-08-12 10:40:30,538 - INFO - Finished optimization with guess, [3.541592].
2025-08-12 10:40:30,538 - INFO - Best fit parameters: [3.541592].
2025-08-12 10:40:30,832 - INFO - Maximum log composite likelihood: -34226.36151468011.
2025-08-12 10:40:30,832 - INFO - Optimal value of theta: 25609.005058746665.
2025-08-12 10:40:30,832 - INFO - Beginning optimization with guess, [7.97028515].
2025-08-12 10:40:31,424 - INFO - Finished optimization with guess, [7.97028515].
2025-08-12 10:40:31,424 - INFO - Best fit parameters: [7.97028515].
2025-08-12 10:40:31,718 - INFO - Maximum log composite likelihood: -34226.36151468011.
2025-08-12 10:40:31,718 - INFO - Optimal value of theta: 25609.005058746665.
2025-08-12 10:40:31,719 - INFO - Beginning optimization with guess, [10.04713664].
2025-08-12 10:40:32,295 - INFO - Finished optimization with guess, [10.04713664].
2025-08-12 10:40:32,295 - INFO - Best fit parameters: [10.04713664].
2025-08-12 10:40:32,576 - INFO - Maximum log composite likelihood: -34226.36151468011.
2025-08-12 10:40:32,577 - INFO - Optimal value of theta: 25609.005058746665.
2025-08-12 10:40:32,579 - INFO - Converting and interpreting Tau estimates.
2025-08-12 10:40:32,580 - INFO - Finished demographic inference.
2025-08-12 10:40:32,580 - INFO - Pipeline executed succesfully.
