2024-01-30 09:22:24,289 - INFO - Beginning execution of fit_demographic_model.py in directory /u/project/kirk/jonmah/sample_size_demography/Scripts

2024-01-30 09:22:24,290 - INFO - Progress is being logged to ../Analysis/1kg_EUR_92/log.log

2024-01-30 09:22:24,290 - INFO - Parsed the following arguments:
	syn_input_sfs = ../Analysis/1kg_EUR_92/syn_downsampled_sfs.txt
	mask_singletons = False
	mask_doubletons = False
	outprefix = ../Analysis/1kg_EUR_92/

2024-01-30 09:22:24,334 - INFO - Beginning demographic inference for two-epoch demographic model.
2024-01-30 09:22:24,336 - INFO - Beginning optimization with guess, [0.11410775 0.00815495].
2024-01-30 09:22:51,062 - INFO - Finished optimization with guess, [0.11410775 0.00815495].
2024-01-30 09:22:51,063 - INFO - Best fit parameters: [1.93024647e+03 6.69349543e-04].
2024-01-30 09:22:51,340 - INFO - Maximum log composite likelihood: -337.3800539786286.
2024-01-30 09:22:51,340 - INFO - Optimal value of theta: 5009.860535357473.
2024-01-30 09:22:51,340 - INFO - Beginning optimization with guess, [0.28804101 0.01248161].
2024-01-30 09:23:16,587 - INFO - Finished optimization with guess, [0.28804101 0.01248161].
2024-01-30 09:23:16,589 - INFO - Best fit parameters: [1.37965437e+04 6.91324554e-04].
2024-01-30 09:23:16,866 - INFO - Maximum log composite likelihood: -337.3798821307799.
2024-01-30 09:23:16,866 - INFO - Optimal value of theta: 5009.630349317077.
2024-01-30 09:23:16,866 - INFO - Beginning optimization with guess, [0.44361732 0.00809062].
2024-01-30 09:23:43,650 - INFO - Finished optimization with guess, [0.44361732 0.00809062].
2024-01-30 09:23:43,651 - INFO - Best fit parameters: [4.71598145e+03 6.83336533e-04].
2024-01-30 09:23:43,927 - INFO - Maximum log composite likelihood: -337.3799177649008.
2024-01-30 09:23:43,927 - INFO - Optimal value of theta: 5009.688666991426.
2024-01-30 09:23:43,927 - INFO - Beginning optimization with guess, [0.20988165 0.01170982].
2024-01-30 09:24:10,671 - INFO - Finished optimization with guess, [0.20988165 0.01170982].
2024-01-30 09:24:10,672 - INFO - Best fit parameters: [2.37978333e+04 6.86267533e-04].
2024-01-30 09:24:10,948 - INFO - Maximum log composite likelihood: -337.3799274410547.
2024-01-30 09:24:10,948 - INFO - Optimal value of theta: 5009.936069010874.
2024-01-30 09:24:10,948 - INFO - Beginning optimization with guess, [0.65944732 0.00732111].
2024-01-30 09:24:37,519 - INFO - Finished optimization with guess, [0.65944732 0.00732111].
2024-01-30 09:24:37,520 - INFO - Best fit parameters: [1.00210212e+04 6.88085424e-04].
2024-01-30 09:24:37,796 - INFO - Maximum log composite likelihood: -337.37987141339596.
2024-01-30 09:24:37,796 - INFO - Optimal value of theta: 5009.712310972095.
2024-01-30 09:24:37,796 - INFO - Beginning optimization with guess, [0.71178459 0.00550806].
2024-01-30 09:25:02,274 - INFO - Finished optimization with guess, [0.71178459 0.00550806].
2024-01-30 09:25:02,275 - INFO - Best fit parameters: [1.33305701e+03 6.58580948e-04].
2024-01-30 09:25:02,551 - INFO - Maximum log composite likelihood: -337.38040844353037.
2024-01-30 09:25:02,551 - INFO - Optimal value of theta: 5010.12860139827.
2024-01-30 09:25:02,552 - INFO - Beginning optimization with guess, [0.40767485 0.00692464].
2024-01-30 09:25:28,689 - INFO - Finished optimization with guess, [0.40767485 0.00692464].
2024-01-30 09:25:28,690 - INFO - Best fit parameters: [9.25387663e+02 6.63256437e-04].
2024-01-30 09:25:28,967 - INFO - Maximum log composite likelihood: -337.3802279439223.
2024-01-30 09:25:28,968 - INFO - Optimal value of theta: 5009.673328825981.
2024-01-30 09:25:28,968 - INFO - Beginning optimization with guess, [1.32942243 0.00534449].
2024-01-30 09:25:55,651 - INFO - Finished optimization with guess, [1.32942243 0.00534449].
2024-01-30 09:25:55,652 - INFO - Best fit parameters: [4.96328846e+03 6.81370936e-04].
2024-01-30 09:25:55,932 - INFO - Maximum log composite likelihood: -337.3799171570185.
2024-01-30 09:25:55,932 - INFO - Optimal value of theta: 5009.800610496387.
2024-01-30 09:25:55,932 - INFO - Beginning optimization with guess, [0.73796994 0.00829713].
2024-01-30 09:26:22,579 - INFO - Finished optimization with guess, [0.73796994 0.00829713].
2024-01-30 09:26:22,580 - INFO - Best fit parameters: [1.66948402e+02 6.89368517e-04].
2024-01-30 09:26:22,858 - INFO - Maximum log composite likelihood: -337.3838165490448.
2024-01-30 09:26:22,858 - INFO - Optimal value of theta: 5008.819105639302.
2024-01-30 09:26:22,858 - INFO - Beginning optimization with guess, [1.79998057 0.0072716 ].
2024-01-30 09:26:51,410 - INFO - Finished optimization with guess, [1.79998057 0.0072716 ].
2024-01-30 09:26:51,411 - INFO - Best fit parameters: [1.10406252e+04 6.89455837e-04].
2024-01-30 09:26:51,686 - INFO - Maximum log composite likelihood: -337.3798751037336.
2024-01-30 09:26:51,686 - INFO - Optimal value of theta: 5009.671585854135.
2024-01-30 09:26:51,686 - INFO - Beginning optimization with guess, [1.49833099 0.01066817].
2024-01-30 09:27:17,760 - INFO - Finished optimization with guess, [1.49833099 0.01066817].
2024-01-30 09:27:17,765 - INFO - Best fit parameters: [3.20699403e+03 6.81616565e-04].
2024-01-30 09:27:18,123 - INFO - Maximum log composite likelihood: -337.3799965930545.
2024-01-30 09:27:18,123 - INFO - Optimal value of theta: 5009.585136695426.
2024-01-30 09:27:18,123 - INFO - Beginning optimization with guess, [2.74611607 0.00530492].
2024-01-30 09:27:44,550 - INFO - Finished optimization with guess, [2.74611607 0.00530492].
2024-01-30 09:27:44,551 - INFO - Best fit parameters: [1.63951108e+04 6.91235585e-04].
2024-01-30 09:27:44,829 - INFO - Maximum log composite likelihood: -337.3798658720816.
2024-01-30 09:27:44,829 - INFO - Optimal value of theta: 5009.662931488164.
2024-01-30 09:27:44,829 - INFO - Beginning optimization with guess, [2.49512124 0.01359444].
2024-01-30 09:28:10,244 - INFO - Finished optimization with guess, [2.49512124 0.01359444].
2024-01-30 09:28:10,245 - INFO - Best fit parameters: [6.02894946e+03 6.84849034e-04].
2024-01-30 09:28:10,526 - INFO - Maximum log composite likelihood: -337.37989673170176.
2024-01-30 09:28:10,526 - INFO - Optimal value of theta: 5009.713334879133.
2024-01-30 09:28:10,526 - INFO - Beginning optimization with guess, [3.18538185 0.00883594].
2024-01-30 09:28:36,126 - INFO - Finished optimization with guess, [3.18538185 0.00883594].
2024-01-30 09:28:36,127 - INFO - Best fit parameters: [3.60181808e+04 6.92760131e-04].
2024-01-30 09:28:36,403 - INFO - Maximum log composite likelihood: -337.3798483680867.
2024-01-30 09:28:36,403 - INFO - Optimal value of theta: 5009.679314508144.
2024-01-30 09:28:36,404 - INFO - Beginning optimization with guess, [3.85401306 0.00993476].
2024-01-30 09:29:01,217 - INFO - Finished optimization with guess, [3.85401306 0.00993476].
2024-01-30 09:29:01,218 - INFO - Best fit parameters: [1.56525906e+04 6.90095764e-04].
2024-01-30 09:29:01,503 - INFO - Maximum log composite likelihood: -337.3798578718108.
2024-01-30 09:29:01,504 - INFO - Optimal value of theta: 5009.707487959511.
2024-01-30 09:29:01,504 - INFO - Beginning optimization with guess, [2.56977727 0.01300636].
2024-01-30 09:29:27,372 - INFO - Finished optimization with guess, [2.56977727 0.01300636].
2024-01-30 09:29:27,373 - INFO - Best fit parameters: [4.55244764e+04 6.93096874e-04].
2024-01-30 09:29:27,650 - INFO - Maximum log composite likelihood: -337.3798460053312.
2024-01-30 09:29:27,650 - INFO - Optimal value of theta: 5009.679482005848.
2024-01-30 09:29:27,650 - INFO - Beginning optimization with guess, [3.83375277 0.01787918].
2024-01-30 09:29:55,719 - INFO - Finished optimization with guess, [3.83375277 0.01787918].
2024-01-30 09:29:55,720 - INFO - Best fit parameters: [1.05585836e+03 6.61777628e-04].
2024-01-30 09:29:56,001 - INFO - Maximum log composite likelihood: -337.38018719173135.
2024-01-30 09:29:56,001 - INFO - Optimal value of theta: 5009.824346174022.
2024-01-30 09:29:56,001 - INFO - Beginning optimization with guess, [1.66842791 0.00890681].
2024-01-30 09:30:23,129 - INFO - Finished optimization with guess, [1.66842791 0.00890681].
2024-01-30 09:30:23,131 - INFO - Best fit parameters: [8.13835161e+02 6.62395351e-04].
2024-01-30 09:30:23,405 - INFO - Maximum log composite likelihood: -337.38028858182736.
2024-01-30 09:30:23,406 - INFO - Optimal value of theta: 5009.6436454942905.
2024-01-30 09:30:23,406 - INFO - Beginning optimization with guess, [2.70203972 0.01306716].
2024-01-30 09:30:49,963 - INFO - Finished optimization with guess, [2.70203972 0.01306716].
2024-01-30 09:30:49,964 - INFO - Best fit parameters: [2.57201340e+03 6.77735359e-04].
2024-01-30 09:30:50,296 - INFO - Maximum log composite likelihood: -337.37999610485116.
2024-01-30 09:30:50,297 - INFO - Optimal value of theta: 5009.642918607182.
2024-01-30 09:30:50,297 - INFO - Beginning optimization with guess, [6.92618293 0.01980965].
2024-01-30 09:31:17,431 - INFO - Finished optimization with guess, [6.92618293 0.01980965].
2024-01-30 09:31:17,432 - INFO - Best fit parameters: [1.03040122e+04 6.89242484e-04].
2024-01-30 09:31:17,708 - INFO - Maximum log composite likelihood: -337.37987916859686.
2024-01-30 09:31:17,709 - INFO - Optimal value of theta: 5009.665933779047.
2024-01-30 09:31:17,709 - INFO - Beginning optimization with guess, [6.55196872 0.01580217].
2024-01-30 09:31:43,886 - INFO - Finished optimization with guess, [6.55196872 0.01580217].
2024-01-30 09:31:43,887 - INFO - Best fit parameters: [1.42056471e+04 6.89064562e-04].
2024-01-30 09:31:44,165 - INFO - Maximum log composite likelihood: -337.3798587565052.
2024-01-30 09:31:44,165 - INFO - Optimal value of theta: 5009.738283672541.
2024-01-30 09:31:44,165 - INFO - Beginning optimization with guess, [4.3466092  0.01559854].
2024-01-30 09:32:10,831 - INFO - Finished optimization with guess, [4.3466092  0.01559854].
2024-01-30 09:32:10,832 - INFO - Best fit parameters: [1.04126343e+03 6.63593967e-04].
2024-01-30 09:32:11,110 - INFO - Maximum log composite likelihood: -337.3801779204448.
2024-01-30 09:32:11,110 - INFO - Optimal value of theta: 5009.728520894655.
2024-01-30 09:32:11,110 - INFO - Beginning optimization with guess, [8.29298216 0.00963164].
2024-01-30 09:32:36,972 - INFO - Finished optimization with guess, [8.29298216 0.00963164].
2024-01-30 09:32:36,980 - INFO - Best fit parameters: [4.50366581e+03 6.86401054e-04].
2024-01-30 09:32:37,286 - INFO - Maximum log composite likelihood: -337.3800052818426.
2024-01-30 09:32:37,287 - INFO - Optimal value of theta: 5009.527007778814.
2024-01-30 09:32:37,287 - INFO - Beginning optimization with guess, [3.81162818 0.00594988].
2024-01-30 09:33:03,021 - INFO - Finished optimization with guess, [3.81162818 0.00594988].
2024-01-30 09:33:03,022 - INFO - Best fit parameters: [6.58717388e+02 6.55786163e-04].
2024-01-30 09:33:03,300 - INFO - Maximum log composite likelihood: -337.3803981652181.
2024-01-30 09:33:03,300 - INFO - Optimal value of theta: 5009.865253827909.
2024-01-30 09:33:03,300 - INFO - Beginning optimization with guess, [6.32578984 0.01027237].
2024-01-30 09:33:29,298 - INFO - Finished optimization with guess, [6.32578984 0.01027237].
2024-01-30 09:33:29,299 - INFO - Best fit parameters: [1.09554894e+04 6.90422055e-04].
2024-01-30 09:33:29,682 - INFO - Maximum log composite likelihood: -337.3798914834347.
2024-01-30 09:33:29,682 - INFO - Optimal value of theta: 5009.625828754045.
2024-01-30 09:33:29,684 - INFO - Beginning demographic inference for three-epoch demographic model.
2024-01-30 09:33:29,687 - INFO - Beginning optimization with guess, [0.00878939 0.00842766 0.01363946 0.0197794 ].
2024-01-30 09:34:08,665 - INFO - Finished optimization with guess, [0.00878939 0.00842766 0.01363946 0.0197794 ].
2024-01-30 09:34:08,674 - INFO - Best fit parameters: [0.00571011 0.00693955 0.01295729 0.03049988].
2024-01-30 09:34:09,178 - INFO - Maximum log composite likelihood: -251.23245768026982.
2024-01-30 09:34:09,178 - INFO - Optimal value of theta: 657118.6715715344.
2024-01-30 09:34:09,178 - INFO - Beginning optimization with guess, [0.02647198 0.01061976 0.00774597 0.01399859].
2024-01-30 09:34:49,240 - INFO - Finished optimization with guess, [0.02647198 0.01061976 0.00774597 0.01399859].
2024-01-30 09:34:49,241 - INFO - Best fit parameters: [0.02138931 0.00518911 0.00726346 0.03442589].
2024-01-30 09:34:49,643 - INFO - Maximum log composite likelihood: -251.2324768897127.
2024-01-30 09:34:49,644 - INFO - Optimal value of theta: 878720.2673563793.
2024-01-30 09:34:49,644 - INFO - Beginning optimization with guess, [0.04020492 0.01861157 0.00783939 0.0117267 ].
2024-01-30 09:35:14,460 - INFO - Finished optimization with guess, [0.04020492 0.01861157 0.00783939 0.0117267 ].
2024-01-30 09:35:14,462 - INFO - Best fit parameters: [6.02075170e-03 2.48779669e+00 2.36407482e-04 1.96388271e-02].
2024-01-30 09:35:14,739 - INFO - Maximum log composite likelihood: -280.62080326565837.
2024-01-30 09:35:14,740 - INFO - Optimal value of theta: 5474.046190723852.
2024-01-30 09:35:14,740 - INFO - Beginning optimization with guess, [0.0229237  0.06034154 0.00793834 0.01925856].
2024-01-30 09:35:43,369 - INFO - Finished optimization with guess, [0.0229237  0.06034154 0.00793834 0.01925856].
2024-01-30 09:35:43,370 - INFO - Best fit parameters: [0.00835471 0.10028331 0.01908225 0.02514799].
2024-01-30 09:35:43,690 - INFO - Maximum log composite likelihood: -205.4688180820537.
2024-01-30 09:35:43,690 - INFO - Optimal value of theta: 50340.892305204354.
2024-01-30 09:35:43,690 - INFO - Beginning optimization with guess, [0.03408623 0.05829074 0.00858322 0.00527028].
2024-01-30 09:36:06,749 - INFO - Finished optimization with guess, [0.03408623 0.05829074 0.00858322 0.00527028].
2024-01-30 09:36:06,750 - INFO - Best fit parameters: [5.10949314e-01 4.53569123e+02 1.12052342e-07 6.52129813e-04].
2024-01-30 09:36:07,026 - INFO - Maximum log composite likelihood: -337.3807038514003.
2024-01-30 09:36:07,026 - INFO - Optimal value of theta: 5009.967546292391.
2024-01-30 09:36:07,026 - INFO - Beginning optimization with guess, [0.49697673 0.72727564 0.00554283 0.00665002].
2024-01-30 09:36:30,364 - INFO - Finished optimization with guess, [0.49697673 0.72727564 0.00554283 0.00665002].
2024-01-30 09:36:30,366 - INFO - Best fit parameters: [2.59978332e+00 2.60346737e+00 6.19742332e-14 9.54306866e-04].
2024-01-30 09:36:30,643 - INFO - Maximum log composite likelihood: -337.61783074608223.
2024-01-30 09:36:30,643 - INFO - Optimal value of theta: 5014.907438768808.
2024-01-30 09:36:30,643 - INFO - Beginning optimization with guess, [0.46649845 1.32457876 0.01157728 0.0136347 ].
2024-01-30 09:36:55,934 - INFO - Finished optimization with guess, [0.46649845 1.32457876 0.01157728 0.0136347 ].
2024-01-30 09:36:55,935 - INFO - Best fit parameters: [0.4779201  1.20304654 0.11033724 0.0309535 ].
2024-01-30 09:36:56,214 - INFO - Maximum log composite likelihood: -191.36337389026448.
2024-01-30 09:36:56,214 - INFO - Optimal value of theta: 5975.222269102775.
2024-01-30 09:36:56,214 - INFO - Beginning optimization with guess, [1.39418806 0.57656529 0.007006   0.01806368].
2024-01-30 09:37:20,976 - INFO - Finished optimization with guess, [1.39418806 0.57656529 0.007006   0.01806368].
2024-01-30 09:37:20,977 - INFO - Best fit parameters: [1.03532474e+02 2.34489834e+02 6.54356189e-04 3.63942857e-18].
2024-01-30 09:37:21,254 - INFO - Maximum log composite likelihood: -337.38611652662934.
2024-01-30 09:37:21,254 - INFO - Optimal value of theta: 5010.927790746645.
2024-01-30 09:37:21,254 - INFO - Beginning optimization with guess, [0.74668738 0.71120433 0.00648502 0.00929326].
2024-01-30 09:37:45,211 - INFO - Finished optimization with guess, [0.74668738 0.71120433 0.00648502 0.00929326].
2024-01-30 09:37:45,212 - INFO - Best fit parameters: [4.99462841e-01 7.76993180e+00 1.70848316e-09 7.66609684e-04].
2024-01-30 09:37:45,489 - INFO - Maximum log composite likelihood: -337.43862512588197.
2024-01-30 09:37:45,489 - INFO - Optimal value of theta: 5010.994473671078.
2024-01-30 09:37:45,489 - INFO - Beginning optimization with guess, [1.68667183 1.20363761 0.00631474 0.01097024].
2024-01-30 09:38:10,333 - INFO - Finished optimization with guess, [1.68667183 1.20363761 0.00631474 0.01097024].
2024-01-30 09:38:10,334 - INFO - Best fit parameters: [1.81288272e+00 9.55090390e-01 1.28321053e-03 4.04121498e-07].
2024-01-30 09:38:10,659 - INFO - Maximum log composite likelihood: -337.7926803640688.
2024-01-30 09:38:10,659 - INFO - Optimal value of theta: 5015.825305474721.
2024-01-30 09:38:10,664 - INFO - Beginning optimization with guess, [1.137947   1.71387252 0.0056207  0.00899323].
2024-01-30 09:38:35,530 - INFO - Finished optimization with guess, [1.137947   1.71387252 0.0056207  0.00899323].
2024-01-30 09:38:35,531 - INFO - Best fit parameters: [8.40489953e-01 2.56292482e+00 3.48641563e-03 1.22168073e-03].
2024-01-30 09:38:35,808 - INFO - Maximum log composite likelihood: -336.8901735253456.
2024-01-30 09:38:35,808 - INFO - Optimal value of theta: 5033.396793963887.
2024-01-30 09:38:35,808 - INFO - Beginning optimization with guess, [1.37611484 1.22226595 0.0113045  0.01192208].
2024-01-30 09:38:59,452 - INFO - Finished optimization with guess, [1.37611484 1.22226595 0.0113045  0.01192208].
2024-01-30 09:38:59,454 - INFO - Best fit parameters: [2.68355593e+00 1.25755124e+00 1.08849553e-03 3.79434547e-07].
2024-01-30 09:38:59,729 - INFO - Maximum log composite likelihood: -337.60708378338086.
2024-01-30 09:38:59,730 - INFO - Optimal value of theta: 5010.743040242574.
2024-01-30 09:38:59,730 - INFO - Beginning optimization with guess, [0.96228882 1.35649359 0.01722942 0.01192819].
2024-01-30 09:39:23,501 - INFO - Finished optimization with guess, [0.96228882 1.35649359 0.01722942 0.01192819].
2024-01-30 09:39:23,502 - INFO - Best fit parameters: [0.75205124 2.14977942 0.53834897 0.00414309].
2024-01-30 09:39:23,791 - INFO - Maximum log composite likelihood: -221.56779950536162.
2024-01-30 09:39:23,791 - INFO - Optimal value of theta: 5965.350354528495.
2024-01-30 09:39:23,791 - INFO - Beginning optimization with guess, [3.79713979 1.60017084 0.018852   0.00652875].
2024-01-30 09:39:48,718 - INFO - Finished optimization with guess, [3.79713979 1.60017084 0.018852   0.00652875].
2024-01-30 09:39:48,719 - INFO - Best fit parameters: [1.80604289e+00 1.63722209e+00 7.08415659e-04 7.32449244e-04].
2024-01-30 09:39:49,010 - INFO - Maximum log composite likelihood: -337.7557164931953.
2024-01-30 09:39:49,010 - INFO - Optimal value of theta: 5014.6390489473615.
2024-01-30 09:39:49,010 - INFO - Beginning optimization with guess, [2.04554927 2.75495506 0.0104965  0.00761672].
2024-01-30 09:40:15,965 - INFO - Finished optimization with guess, [2.04554927 2.75495506 0.0104965  0.00761672].
2024-01-30 09:40:15,966 - INFO - Best fit parameters: [1.04175180e+00 2.21762029e+02 1.01056000e-05 6.73224638e-04].
2024-01-30 09:40:16,244 - INFO - Maximum log composite likelihood: -337.38194602475824.
2024-01-30 09:40:16,245 - INFO - Optimal value of theta: 5009.260406267539.
2024-01-30 09:40:16,245 - INFO - Beginning optimization with guess, [3.29016624 1.43125392 0.01542609 0.01281471].
2024-01-30 09:40:41,224 - INFO - Finished optimization with guess, [3.29016624 1.43125392 0.01542609 0.01281471].
2024-01-30 09:40:41,225 - INFO - Best fit parameters: [5.56950950e+01 9.21653688e-02 7.20649963e-04 2.38581629e-14].
2024-01-30 09:40:41,501 - INFO - Maximum log composite likelihood: -337.3894803460914.
2024-01-30 09:40:41,501 - INFO - Optimal value of theta: 5008.710930520694.
2024-01-30 09:40:41,502 - INFO - Beginning optimization with guess, [2.40216889 1.68671101 0.00572081 0.00732292].
2024-01-30 09:41:05,422 - INFO - Finished optimization with guess, [2.40216889 1.68671101 0.00572081 0.00732292].
2024-01-30 09:41:05,423 - INFO - Best fit parameters: [2.13850313e+01 8.66681368e-02 6.70431752e-04 1.78223829e-18].
2024-01-30 09:41:05,698 - INFO - Maximum log composite likelihood: -337.4085062674365.
2024-01-30 09:41:05,699 - INFO - Optimal value of theta: 5012.123523040957.
2024-01-30 09:41:05,699 - INFO - Beginning optimization with guess, [2.34696374 2.15797463 0.00916613 0.01485202].
2024-01-30 09:41:29,909 - INFO - Finished optimization with guess, [2.34696374 2.15797463 0.00916613 0.01485202].
2024-01-30 09:41:29,910 - INFO - Best fit parameters: [1.29312368e+01 2.71519587e+00 4.16014814e-04 3.02481277e-04].
2024-01-30 09:41:30,187 - INFO - Maximum log composite likelihood: -337.5079222893643.
2024-01-30 09:41:30,187 - INFO - Optimal value of theta: 5015.225280721251.
2024-01-30 09:41:30,187 - INFO - Beginning optimization with guess, [4.3144729  2.57492693 0.00510401 0.00838016].
2024-01-30 09:41:54,381 - INFO - Finished optimization with guess, [4.3144729  2.57492693 0.00510401 0.00838016].
2024-01-30 09:41:54,383 - INFO - Best fit parameters: [1.36241612e+00 5.20555000e+00 2.11348416e-04 8.34848969e-04].
2024-01-30 09:41:54,659 - INFO - Maximum log composite likelihood: -337.4860008389039.
2024-01-30 09:41:54,659 - INFO - Optimal value of theta: 5008.30023522077.
2024-01-30 09:41:54,659 - INFO - Beginning optimization with guess, [2.46270576 4.43233503 0.00692513 0.01592489].
2024-01-30 09:42:19,005 - INFO - Finished optimization with guess, [2.46270576 4.43233503 0.00692513 0.01592489].
2024-01-30 09:42:19,006 - INFO - Best fit parameters: [6.85005485e-01 6.01274927e+00 1.85214634e-07 8.36132967e-04].
2024-01-30 09:42:19,291 - INFO - Maximum log composite likelihood: -337.4600639632728.
2024-01-30 09:42:19,291 - INFO - Optimal value of theta: 5009.75554763615.
2024-01-30 09:42:19,291 - INFO - Beginning optimization with guess, [5.75579378 5.8625015  0.00615784 0.00800967].
2024-01-30 09:42:44,333 - INFO - Finished optimization with guess, [5.75579378 5.8625015  0.00615784 0.00800967].
2024-01-30 09:42:44,335 - INFO - Best fit parameters: [5.23162585e+01 5.47630980e+01 3.93464418e-04 3.22149268e-04].
2024-01-30 09:42:44,725 - INFO - Maximum log composite likelihood: -337.38699077269536.
2024-01-30 09:42:44,725 - INFO - Optimal value of theta: 5008.910552393998.
2024-01-30 09:42:44,725 - INFO - Beginning optimization with guess, [3.97660421 4.39563858 0.01992507 0.00870691].
2024-01-30 09:43:08,355 - INFO - Finished optimization with guess, [3.97660421 4.39563858 0.01992507 0.00870691].
2024-01-30 09:43:08,360 - INFO - Best fit parameters: [4.79667997e+00 1.65261086e+02 3.49231384e-04 4.53716458e-04].
2024-01-30 09:43:08,734 - INFO - Maximum log composite likelihood: -337.4104342261891.
2024-01-30 09:43:08,734 - INFO - Optimal value of theta: 5007.210643713032.
2024-01-30 09:43:08,735 - INFO - Beginning optimization with guess, [5.01144233 3.26833821 0.01863377 0.00976237].
2024-01-30 09:43:34,190 - INFO - Finished optimization with guess, [5.01144233 3.26833821 0.01863377 0.00976237].
2024-01-30 09:43:34,191 - INFO - Best fit parameters: [6.91227865e+00 4.34500720e-02 7.29401933e-04 2.40407697e-11].
2024-01-30 09:43:34,467 - INFO - Maximum log composite likelihood: -337.4577545883497.
2024-01-30 09:43:34,467 - INFO - Optimal value of theta: 5012.979139492353.
2024-01-30 09:43:34,467 - INFO - Beginning optimization with guess, [5.11480318e+00 8.40241967e+00 1.92710667e-02 5.01703443e-03].
2024-01-30 09:43:58,206 - INFO - Finished optimization with guess, [5.11480318e+00 8.40241967e+00 1.92710667e-02 5.01703443e-03].
2024-01-30 09:43:58,210 - INFO - Best fit parameters: [4.83248833e+01 8.18104499e-04 7.24344106e-04 2.89768855e-09].
2024-01-30 09:43:58,498 - INFO - Maximum log composite likelihood: -337.39124075701017.
2024-01-30 09:43:58,498 - INFO - Optimal value of theta: 5009.238507963562.
2024-01-30 09:43:58,499 - INFO - Beginning optimization with guess, [1.11669460e+01 4.11880632e+00 1.36692314e-02 7.33762838e-03].
2024-01-30 09:44:24,286 - INFO - Finished optimization with guess, [1.11669460e+01 4.11880632e+00 1.36692314e-02 7.33762838e-03].
2024-01-30 09:44:24,287 - INFO - Best fit parameters: [1.73856883e+00 2.80009449e+00 4.19872134e-04 7.61493226e-04].
2024-01-30 09:44:24,562 - INFO - Maximum log composite likelihood: -337.5705534919352.
2024-01-30 09:44:24,562 - INFO - Optimal value of theta: 5011.319183808625.
2024-01-30 09:44:24,564 - INFO - Finished demographic inference.
2024-01-30 09:44:24,564 - INFO - Pipeline executed succesfully.
