2025-08-14 10:36:58,476 - INFO - Beginning execution of evaluate_demography.py in directory /u/project/kirk-bigdata/jonmah/sample_size_demography/Scripts

2025-08-14 10:36:58,476 - INFO - Progress is being logged to ../Analysis/dadi_3EpB_110/evaluate_demography.log

2025-08-14 10:36:58,476 - INFO - Parsed the following arguments:
	syn_input_sfs = ../Simulations/dadi_simulations/ThreeEpochBottleneck_110.sfs
	model_type = two_epoch
	params_list = [0.0283251, 0.1209987]
	L_syn = 100000000.0
	mask_singletons = False
	mask_doubletons = False
	outprefix = ../Analysis/dadi_3EpB_110/

2025-08-14 10:36:58,478 - INFO - Beginning demographic evaluation for two-epoch demographic model.
2025-08-14 10:36:58,480 - INFO - Beginning optimization with guess, [0.0283251, 0.1209987].
2025-08-14 10:36:58,480 - INFO - Finished optimization with guess, [0.0283251, 0.1209987].
2025-08-14 10:36:58,480 - INFO - Best fit parameters: [0.0283251, 0.1209987].
2025-08-14 10:36:58,898 - INFO - Maximum log composite likelihood: -9509.216988131724.
2025-08-14 10:36:58,898 - INFO - Optimal value of theta: 664383.1221255773.
2025-08-14 10:36:58,898 - INFO - Synonymous input SFS: [-- 34216.73737970858 6391.670903140979 3562.658302945404 2823.124587767724 2480.174436300566 2270.378345342639 2124.588408599045 2016.176787036867 1932.045368228546 1864.74440396109 1809.642138085138 1763.682264447752 1724.758694252616 1691.37036819922 1662.417718347673 1637.076578881006 1614.716970010712 1594.849082456144 1577.086365963663 1561.119708865166 1546.699001934923 1533.619733329441 1521.713082000632 1510.838488649542 1500.87801030699 1491.731978271266 1483.315621492028 1475.55641406178 1468.39197206624 1461.768371653128 1455.638793253941 1449.962420665508 1444.703540987121 1439.830804121952 1435.316609995948 1431.13659873145 1427.269224374528 1423.695396867744 1420.398180109413 1417.36253638221 1414.575109341145 1412.024039250775 1409.698805349068 1407.590091161823 1405.689669350735 1403.990303291168 1402.485663073933 1401.170254033125 1400.039356238369 1399.088973669444 1398.315792025981 1397.71714432417 1397.2909836037 1397.035862217728 698.4754586558513 -- -- -- -- -- -- -- -- -- -- -- -- -- -- -- -- -- -- -- -- -- -- -- -- -- -- -- -- -- -- -- -- -- -- -- -- -- -- -- -- -- -- -- -- -- -- -- -- -- -- -- -- -- -- --].
2025-08-14 10:36:58,899 - INFO - Scaled spectrum: [-- 19482.543051765697 10074.801446078289 6939.977927019869 5373.411024367486 4434.166162937505 3808.599038849261 3362.2912192570784 3028.033997973901 2768.489681151883 2561.256102622183 2392.0777683730307 2251.451429935599 2132.7983173511675 2031.419702008043 1943.8702354884829 1867.5662875027317 1800.5325186611678 1741.232930176992 1688.4552675055868 1641.2301041321039 1598.773045552523 1560.4426971170894 1525.7095981420382 1494.1329239000584 1465.3427805941637 1439.0265876289643 1414.9184876340037 1392.7910274311168 1372.448561926131 1353.7219790568429 1336.4644476514268 1320.547964603474 1305.8605319926742 1292.3038346468259 1279.791318267837 1268.24659045453 1257.6020837766741 1247.7979328886763 1238.781027547348 1230.504211059716 1222.925599663796 1216.0080030547088 1209.7184299872133 1204.027665859492 1198.9099115599447 1194.3424747840122 1190.3055065888007 1186.7817772342908 1183.756486411366 1181.2171038374895 1179.1532369345305 1177.556522929108 1176.4205432529789 1175.740758589666 587.7572316657584 -- -- -- -- -- -- -- -- -- -- -- -- -- -- -- -- -- -- -- -- -- -- -- -- -- -- -- -- -- -- -- -- -- -- -- -- -- -- -- -- -- -- -- -- -- -- -- -- -- -- -- -- -- -- --].
2025-08-14 10:36:58,900 - INFO - Converting and interpreting Tau estimates.
2025-08-14 10:36:58,901 - INFO - Finished demographic inference.
2025-08-14 10:36:58,901 - INFO - Pipeline executed succesfully.
