2025-08-11 17:03:56,458 - INFO - Beginning execution of fit_demographic_model.py in directory /u/project/kirk-bigdata/jonmah/sample_size_demography/Scripts

2025-08-11 17:03:56,459 - INFO - Progress is being logged to ../Analysis/dadi_3EpB_110/log.log

2025-08-11 17:03:56,459 - INFO - Parsed the following arguments:
	syn_input_sfs = ../Simulations/dadi_simulations/ThreeEpochBottleneck_110.sfs
	mask_singletons = False
	mask_doubletons = False
	L_syn = 100000000.0
	input_params = [0.11700294, 5.5441288, 0.07573514, 0.01208038]
	outprefix = ../Analysis/dadi_3EpB_110/

2025-08-11 17:03:56,461 - INFO - Beginning demographic inference for three-epoch demographic model.
2025-08-11 17:03:56,463 - INFO - Beginning optimization with guess, [0.08529302 9.91785081 0.06792115 0.0221727 ].
2025-08-11 17:03:57,883 - INFO - Finished optimization with guess, [0.08529302 9.91785081 0.06792115 0.0221727 ].
2025-08-11 17:03:57,883 - INFO - Best fit parameters: [0.13562393 8.88456609 0.04531176 0.01402318].
2025-08-11 17:03:57,977 - INFO - Maximum log composite likelihood: -662.4255614992576.
2025-08-11 17:03:57,977 - INFO - Optimal value of theta: 37423.8257671191.
2025-08-11 17:03:57,977 - INFO - Beginning optimization with guess, [0.07874194 7.80369234 0.0732169  0.01303526].
2025-08-11 17:03:59,411 - INFO - Finished optimization with guess, [0.07874194 7.80369234 0.0732169  0.01303526].
2025-08-11 17:03:59,411 - INFO - Best fit parameters: [0.09299815 7.54381958 0.06348404 0.01118303].
2025-08-11 17:03:59,507 - INFO - Maximum log composite likelihood: -374.422251656541.
2025-08-11 17:03:59,507 - INFO - Optimal value of theta: 52035.2973521297.
2025-08-11 17:03:59,508 - INFO - Beginning optimization with guess, [1.01058195e-01 1.10557115e+01 7.37212751e-02 6.16269658e-03].
2025-08-11 17:04:00,999 - INFO - Finished optimization with guess, [1.01058195e-01 1.10557115e+01 7.37212751e-02 6.16269658e-03].
2025-08-11 17:04:00,999 - INFO - Best fit parameters: [8.98579446e-02 1.11498573e+01 8.71000973e-02 7.50980735e-03].
2025-08-11 17:04:01,096 - INFO - Maximum log composite likelihood: -485.9374281825526.
2025-08-11 17:04:01,097 - INFO - Optimal value of theta: 66640.1951847621.
2025-08-11 17:04:01,097 - INFO - Beginning optimization with guess, [0.13046858 4.13808991 0.13405729 0.02149368].
2025-08-11 17:04:02,528 - INFO - Finished optimization with guess, [0.13046858 4.13808991 0.13405729 0.02149368].
2025-08-11 17:04:02,528 - INFO - Best fit parameters: [0.20480064 4.0224721  0.08443519 0.01346592].
2025-08-11 17:04:02,622 - INFO - Maximum log composite likelihood: -1192.6805252056415.
2025-08-11 17:04:02,622 - INFO - Optimal value of theta: 38126.05992334526.
2025-08-11 17:04:02,622 - INFO - Beginning optimization with guess, [0.07206066 5.47333439 0.06093351 0.00748277].
2025-08-11 17:04:04,137 - INFO - Finished optimization with guess, [0.07206066 5.47333439 0.06093351 0.00748277].
2025-08-11 17:04:04,137 - INFO - Best fit parameters: [0.06714895 5.50675726 0.06692172 0.00821615].
2025-08-11 17:04:04,235 - INFO - Maximum log composite likelihood: -453.2835545863636.
2025-08-11 17:04:04,235 - INFO - Optimal value of theta: 70534.87729102188.
2025-08-11 17:04:04,235 - INFO - Beginning optimization with guess, [0.18588975 7.95791863 0.07274605 0.00943602].
2025-08-11 17:04:05,668 - INFO - Finished optimization with guess, [0.18588975 7.95791863 0.07274605 0.00943602].
2025-08-11 17:04:05,668 - INFO - Best fit parameters: [0.15688422 8.28657078 0.08611031 0.01250933].
2025-08-11 17:04:05,763 - INFO - Maximum log composite likelihood: -347.77810440015764.
2025-08-11 17:04:05,763 - INFO - Optimal value of theta: 43123.79865091608.
2025-08-11 17:04:05,764 - INFO - Beginning optimization with guess, [0.14332738 5.63863111 0.14564633 0.02205499].
2025-08-11 17:04:07,190 - INFO - Finished optimization with guess, [0.14332738 5.63863111 0.14564633 0.02205499].
2025-08-11 17:04:07,191 - INFO - Best fit parameters: [0.22504833 5.17625338 0.0900781  0.0138414 ].
2025-08-11 17:04:07,284 - INFO - Maximum log composite likelihood: -1086.430941759946.
2025-08-11 17:04:07,285 - INFO - Optimal value of theta: 36699.54050988938.
2025-08-11 17:04:07,285 - INFO - Beginning optimization with guess, [0.08043203 5.66388561 0.10710405 0.00800122].
2025-08-11 17:04:08,748 - INFO - Finished optimization with guess, [0.08043203 5.66388561 0.10710405 0.00800122].
2025-08-11 17:04:08,749 - INFO - Best fit parameters: [0.08928543 5.59540568 0.0967973  0.0074263 ].
2025-08-11 17:04:08,847 - INFO - Maximum log composite likelihood: -311.6873734031087.
2025-08-11 17:04:08,847 - INFO - Optimal value of theta: 71727.68073398435.
2025-08-11 17:04:08,847 - INFO - Beginning optimization with guess, [0.08172613 3.75296548 0.06760726 0.01359515].
2025-08-11 17:04:10,277 - INFO - Finished optimization with guess, [0.08172613 3.75296548 0.06760726 0.01359515].
2025-08-11 17:04:10,277 - INFO - Best fit parameters: [0.08764976 3.70260162 0.06324003 0.01261758].
2025-08-11 17:04:10,373 - INFO - Maximum log composite likelihood: -303.81637063606104.
2025-08-11 17:04:10,373 - INFO - Optimal value of theta: 53353.162861907476.
2025-08-11 17:04:10,373 - INFO - Beginning optimization with guess, [0.22975663 8.58847539 0.08155236 0.0142484 ].
2025-08-11 17:04:11,811 - INFO - Finished optimization with guess, [0.22975663 8.58847539 0.08155236 0.0142484 ].
2025-08-11 17:04:11,811 - INFO - Best fit parameters: [0.18496313 8.83409796 0.08943762 0.01519142].
2025-08-11 17:04:11,905 - INFO - Maximum log composite likelihood: -513.237469849365.
2025-08-11 17:04:11,905 - INFO - Optimal value of theta: 38703.13658578627.
2025-08-11 17:04:11,906 - INFO - Beginning optimization with guess, [0.1305519  8.00888213 0.05757832 0.01461782].
2025-08-11 17:04:13,355 - INFO - Finished optimization with guess, [0.1305519  8.00888213 0.05757832 0.01461782].
2025-08-11 17:04:13,355 - INFO - Best fit parameters: [0.12345776 8.02120263 0.06017559 0.0152091 ].
2025-08-11 17:04:13,449 - INFO - Maximum log composite likelihood: -305.6950752403154.
2025-08-11 17:04:13,450 - INFO - Optimal value of theta: 41470.80292395628.
2025-08-11 17:04:13,450 - INFO - Beginning optimization with guess, [0.13199374 5.6505226  0.14910737 0.01054661].
2025-08-11 17:04:14,896 - INFO - Finished optimization with guess, [0.13199374 5.6505226  0.14910737 0.01054661].
2025-08-11 17:04:14,896 - INFO - Best fit parameters: [0.14897091 5.58260746 0.12822367 0.00941305].
2025-08-11 17:04:14,992 - INFO - Maximum log composite likelihood: -441.1250421484815.
2025-08-11 17:04:14,993 - INFO - Optimal value of theta: 54421.923102485314.
2025-08-11 17:04:14,993 - INFO - Beginning optimization with guess, [2.33196804e-01 9.23056814e+00 8.80598064e-02 8.12945225e-03].
2025-08-11 17:04:16,424 - INFO - Finished optimization with guess, [2.33196804e-01 9.23056814e+00 8.80598064e-02 8.12945225e-03].
2025-08-11 17:04:16,425 - INFO - Best fit parameters: [0.18421092 9.65338932 0.10892151 0.01163164].
2025-08-11 17:04:16,519 - INFO - Maximum log composite likelihood: -455.1346327373708.
2025-08-11 17:04:16,520 - INFO - Optimal value of theta: 43180.74401381.
2025-08-11 17:04:16,520 - INFO - Beginning optimization with guess, [0.09002044 3.62004321 0.05605243 0.00710776].
2025-08-11 17:04:17,991 - INFO - Finished optimization with guess, [0.09002044 3.62004321 0.05605243 0.00710776].
2025-08-11 17:04:17,992 - INFO - Best fit parameters: [0.07694765 3.80208191 0.06935526 0.00935634].
2025-08-11 17:04:18,089 - INFO - Maximum log composite likelihood: -380.16317951109704.
2025-08-11 17:04:18,090 - INFO - Optimal value of theta: 64176.114263270894.
2025-08-11 17:04:18,090 - INFO - Beginning optimization with guess, [0.21255264 4.95077391 0.04602657 0.00846775].
2025-08-11 17:04:19,498 - INFO - Finished optimization with guess, [0.21255264 4.95077391 0.04602657 0.00846775].
2025-08-11 17:04:19,499 - INFO - Best fit parameters: [0.15336686 5.65692039 0.06610132 0.01401262].
2025-08-11 17:04:19,593 - INFO - Maximum log composite likelihood: -523.1670420436685.
2025-08-11 17:04:19,593 - INFO - Optimal value of theta: 39824.85747593934.
2025-08-11 17:04:19,593 - INFO - Beginning optimization with guess, [0.0926326  6.25270128 0.12746301 0.00739303].
2025-08-11 17:04:21,056 - INFO - Finished optimization with guess, [0.0926326  6.25270128 0.12746301 0.00739303].
2025-08-11 17:04:21,057 - INFO - Best fit parameters: [0.10162738 6.20182512 0.11521583 0.00692464].
2025-08-11 17:04:21,155 - INFO - Maximum log composite likelihood: -336.7860182574218.
2025-08-11 17:04:21,155 - INFO - Optimal value of theta: 72256.5971337172.
2025-08-11 17:04:21,155 - INFO - Beginning optimization with guess, [0.09219834 6.39394983 0.06358331 0.00937657].
2025-08-11 17:04:22,632 - INFO - Finished optimization with guess, [0.09219834 6.39394983 0.06358331 0.00937657].
2025-08-11 17:04:22,633 - INFO - Best fit parameters: [0.08716834 6.44027136 0.06885982 0.01037183].
2025-08-11 17:04:22,729 - INFO - Maximum log composite likelihood: -346.90659626335037.
2025-08-11 17:04:22,729 - INFO - Optimal value of theta: 57040.38122128318.
2025-08-11 17:04:22,729 - INFO - Beginning optimization with guess, [0.16539264 4.03670293 0.06664282 0.01229155].
2025-08-11 17:04:24,166 - INFO - Finished optimization with guess, [0.16539264 4.03670293 0.06664282 0.01229155].
2025-08-11 17:04:24,167 - INFO - Best fit parameters: [0.14081649 4.35321233 0.07603275 0.0147213 ].
2025-08-11 17:04:24,261 - INFO - Maximum log composite likelihood: -404.6888779198953.
2025-08-11 17:04:24,261 - INFO - Optimal value of theta: 43080.637481811595.
2025-08-11 17:04:24,262 - INFO - Beginning optimization with guess, [0.0821656  3.27622066 0.05294139 0.01100587].
2025-08-11 17:04:25,735 - INFO - Finished optimization with guess, [0.0821656  3.27622066 0.05294139 0.01100587].
2025-08-11 17:04:25,735 - INFO - Best fit parameters: [0.07644999 3.38138991 0.05764088 0.01220472].
2025-08-11 17:04:25,831 - INFO - Maximum log composite likelihood: -342.0741585912656.
2025-08-11 17:04:25,831 - INFO - Optimal value of theta: 55962.722233199456.
2025-08-11 17:04:25,831 - INFO - Beginning optimization with guess, [0.19015903 4.76737204 0.07272507 0.01530855].
2025-08-11 17:04:27,271 - INFO - Finished optimization with guess, [0.19015903 4.76737204 0.07272507 0.01530855].
2025-08-11 17:04:27,271 - INFO - Best fit parameters: [0.15873057 5.06202246 0.07960691 0.01637201].
2025-08-11 17:04:27,366 - INFO - Maximum log composite likelihood: -485.42539517160776.
2025-08-11 17:04:27,366 - INFO - Optimal value of theta: 40204.381763392375.
2025-08-11 17:04:27,366 - INFO - Beginning optimization with guess, [0.10202478 6.40934696 0.13114895 0.01666041].
2025-08-11 17:04:28,804 - INFO - Finished optimization with guess, [0.10202478 6.40934696 0.13114895 0.01666041].
2025-08-11 17:04:28,804 - INFO - Best fit parameters: [0.17822732 5.99356706 0.07902111 0.01153717].
2025-08-11 17:04:28,898 - INFO - Maximum log composite likelihood: -916.4959598443861.
2025-08-11 17:04:28,898 - INFO - Optimal value of theta: 40443.337965413135.
2025-08-11 17:04:28,898 - INFO - Beginning optimization with guess, [0.14160489 5.45955329 0.06014255 0.01082131].
2025-08-11 17:04:30,334 - INFO - Finished optimization with guess, [0.14160489 5.45955329 0.06014255 0.01082131].
2025-08-11 17:04:30,334 - INFO - Best fit parameters: [0.12463936 5.72026009 0.06893174 0.01347159].
2025-08-11 17:04:30,429 - INFO - Maximum log composite likelihood: -289.91884871075126.
2025-08-11 17:04:30,429 - INFO - Optimal value of theta: 44648.77960043573.
2025-08-11 17:04:30,429 - INFO - Beginning optimization with guess, [0.2218394  3.83518884 0.05181799 0.01152956].
2025-08-11 17:04:31,841 - INFO - Finished optimization with guess, [0.2218394  3.83518884 0.05181799 0.01152956].
2025-08-11 17:04:31,841 - INFO - Best fit parameters: [0.17372832 4.26467674 0.06393464 0.01473726].
2025-08-11 17:04:31,934 - INFO - Maximum log composite likelihood: -978.541323643929.
2025-08-11 17:04:31,935 - INFO - Optimal value of theta: 37485.134799067986.
2025-08-11 17:04:31,935 - INFO - Beginning optimization with guess, [0.06444299 5.28272808 0.13083228 0.01118395].
2025-08-11 17:04:33,408 - INFO - Finished optimization with guess, [0.06444299 5.28272808 0.13083228 0.01118395].
2025-08-11 17:04:33,408 - INFO - Best fit parameters: [0.12406092 5.04348348 0.07536959 0.0085459 ].
2025-08-11 17:04:33,503 - INFO - Maximum log composite likelihood: -1359.2101794795763.
2025-08-11 17:04:33,504 - INFO - Optimal value of theta: 50278.337004809204.
2025-08-11 17:04:33,504 - INFO - Beginning optimization with guess, [0.06072456 7.23506832 0.13065032 0.00984063].
2025-08-11 17:04:34,984 - INFO - Finished optimization with guess, [0.06072456 7.23506832 0.13065032 0.00984063].
2025-08-11 17:04:34,984 - INFO - Best fit parameters: [0.11748593 6.96887323 0.07571812 0.0075385 ].
2025-08-11 17:04:35,080 - INFO - Maximum log composite likelihood: -1583.0300678173635.
2025-08-11 17:04:35,080 - INFO - Optimal value of theta: 52708.67990743747.
2025-08-11 17:04:35,081 - INFO - Converting and interpreting Tau estimates.
2025-08-11 17:04:35,082 - INFO - Finished demographic inference.
2025-08-11 17:04:35,082 - INFO - Pipeline executed succesfully.
