2024-03-15 15:01:52,043 - INFO - Beginning execution of fit_demographic_model.py in directory /u/project/kirk/jonmah/sample_size_demography/Scripts

2024-03-15 15:01:52,044 - INFO - Progress is being logged to ../Analysis/ThreeEpochExpansion_500/log.log

2024-03-15 15:01:52,044 - INFO - Parsed the following arguments:
	syn_input_sfs = ../Analysis/ThreeEpochExpansion_500/syn_downsampled_sfs.txt
	mask_singletons = False
	mask_doubletons = False
	outprefix = ../Analysis/ThreeEpochExpansion_500/

2024-03-15 15:01:52,059 - INFO - Beginning demographic inference for two-epoch demographic model.
2024-03-15 15:01:52,061 - INFO - Beginning optimization with guess, [0.0836009  0.01667389].
2024-03-15 15:02:56,560 - INFO - Finished optimization with guess, [0.0836009  0.01667389].
2024-03-15 15:02:56,561 - INFO - Best fit parameters: [2.77649175 0.05720014].
2024-03-15 15:02:57,889 - INFO - Maximum log composite likelihood: -1105.5741271807603.
2024-03-15 15:02:57,889 - INFO - Optimal value of theta: 12490.861758116416.
2024-03-15 15:02:57,889 - INFO - Beginning optimization with guess, [0.2222425  0.01081963].
2024-03-15 15:03:59,546 - INFO - Finished optimization with guess, [0.2222425  0.01081963].
2024-03-15 15:03:59,547 - INFO - Best fit parameters: [2.86283907 0.04894575].
2024-03-15 15:04:00,825 - INFO - Maximum log composite likelihood: -1130.2538627710996.
2024-03-15 15:04:00,825 - INFO - Optimal value of theta: 12678.414424687899.
2024-03-15 15:04:00,826 - INFO - Beginning optimization with guess, [0.47877343 0.01786033].
2024-03-15 15:05:03,883 - INFO - Finished optimization with guess, [0.47877343 0.01786033].
2024-03-15 15:05:03,887 - INFO - Best fit parameters: [2.72077222 0.06563412].
2024-03-15 15:05:05,159 - INFO - Maximum log composite likelihood: -1110.0710121721459.
2024-03-15 15:05:05,159 - INFO - Optimal value of theta: 12314.386935277196.
2024-03-15 15:05:05,159 - INFO - Beginning optimization with guess, [0.73299318 0.00902103].
2024-03-15 15:06:07,375 - INFO - Finished optimization with guess, [0.73299318 0.00902103].
2024-03-15 15:06:07,376 - INFO - Best fit parameters: [3.15014063 0.02922676].
2024-03-15 15:06:08,637 - INFO - Maximum log composite likelihood: -1406.675555341295.
2024-03-15 15:06:08,637 - INFO - Optimal value of theta: 13468.908532017742.
2024-03-15 15:06:08,637 - INFO - Beginning optimization with guess, [0.33676395 0.00879904].
2024-03-15 15:07:09,675 - INFO - Finished optimization with guess, [0.33676395 0.00879904].
2024-03-15 15:07:09,676 - INFO - Best fit parameters: [2.86201033 0.0527128 ].
2024-03-15 15:07:10,953 - INFO - Maximum log composite likelihood: -1116.3608920816287.
2024-03-15 15:07:10,954 - INFO - Optimal value of theta: 12527.195614944105.
2024-03-15 15:07:10,954 - INFO - Beginning optimization with guess, [0.48413574 0.00787856].
2024-03-15 15:08:10,834 - INFO - Finished optimization with guess, [0.48413574 0.00787856].
2024-03-15 15:08:10,835 - INFO - Best fit parameters: [3.03913011 0.07553116].
2024-03-15 15:08:12,114 - INFO - Maximum log composite likelihood: -1218.124606278518.
2024-03-15 15:08:12,114 - INFO - Optimal value of theta: 11554.585505663561.
2024-03-15 15:08:12,114 - INFO - Beginning optimization with guess, [0.98558672 0.01358576].
2024-03-15 15:09:09,388 - INFO - Finished optimization with guess, [0.98558672 0.01358576].
2024-03-15 15:09:09,389 - INFO - Best fit parameters: [1.20328785 0.17248714].
2024-03-15 15:09:10,647 - INFO - Maximum log composite likelihood: -7141.497890426609.
2024-03-15 15:09:10,648 - INFO - Optimal value of theta: 16443.909200690607.
2024-03-15 15:09:10,648 - INFO - Beginning optimization with guess, [0.72915914 0.00742475].
2024-03-15 15:10:10,186 - INFO - Finished optimization with guess, [0.72915914 0.00742475].
2024-03-15 15:10:10,187 - INFO - Best fit parameters: [2.46266872 0.1187283 ].
2024-03-15 15:10:11,441 - INFO - Maximum log composite likelihood: -1472.8162296948735.
2024-03-15 15:10:11,441 - INFO - Optimal value of theta: 11777.519694555778.
2024-03-15 15:10:11,442 - INFO - Beginning optimization with guess, [0.67316602 0.00763508].
2024-03-15 15:11:12,515 - INFO - Finished optimization with guess, [0.67316602 0.00763508].
2024-03-15 15:11:12,516 - INFO - Best fit parameters: [2.5384066  0.07457208].
2024-03-15 15:11:13,778 - INFO - Maximum log composite likelihood: -1183.1702743086755.
2024-03-15 15:11:13,778 - INFO - Optimal value of theta: 12396.181879225973.
2024-03-15 15:11:13,779 - INFO - Beginning optimization with guess, [1.53016335 0.01668507].
2024-03-15 15:12:14,969 - INFO - Finished optimization with guess, [1.53016335 0.01668507].
2024-03-15 15:12:14,971 - INFO - Best fit parameters: [2.79208267 0.05930986].
2024-03-15 15:12:16,306 - INFO - Maximum log composite likelihood: -1104.3617875843008.
2024-03-15 15:12:16,306 - INFO - Optimal value of theta: 12393.650138935744.
2024-03-15 15:12:16,306 - INFO - Beginning optimization with guess, [2.26194196 0.00732829].
2024-03-15 15:13:20,316 - INFO - Finished optimization with guess, [2.26194196 0.00732829].
2024-03-15 15:13:20,317 - INFO - Best fit parameters: [2.79830276 0.05880824].
2024-03-15 15:13:21,583 - INFO - Maximum log composite likelihood: -1104.34902883537.
2024-03-15 15:13:21,583 - INFO - Optimal value of theta: 12401.657230044208.
2024-03-15 15:13:21,584 - INFO - Beginning optimization with guess, [2.97811391 0.01754733].
2024-03-15 15:14:25,884 - INFO - Finished optimization with guess, [2.97811391 0.01754733].
2024-03-15 15:14:25,887 - INFO - Best fit parameters: [2.79788356 0.05893181].
2024-03-15 15:14:27,156 - INFO - Maximum log composite likelihood: -1104.3483149689396.
2024-03-15 15:14:27,156 - INFO - Optimal value of theta: 12397.994882137942.
2024-03-15 15:14:27,156 - INFO - Beginning optimization with guess, [2.70286006 0.00536198].
2024-03-15 15:15:25,039 - INFO - Finished optimization with guess, [2.70286006 0.00536198].
2024-03-15 15:15:25,041 - INFO - Best fit parameters: [2.78462808 0.05943818].
2024-03-15 15:15:26,298 - INFO - Maximum log composite likelihood: -1104.43529198208.
2024-03-15 15:15:26,298 - INFO - Optimal value of theta: 12400.467737047435.
2024-03-15 15:15:26,298 - INFO - Beginning optimization with guess, [2.95412102 0.01567145].
2024-03-15 15:16:26,100 - INFO - Finished optimization with guess, [2.95412102 0.01567145].
2024-03-15 15:16:26,102 - INFO - Best fit parameters: [2.79782086 0.05882242].
2024-03-15 15:16:27,469 - INFO - Maximum log composite likelihood: -1104.3489420186072.
2024-03-15 15:16:27,469 - INFO - Optimal value of theta: 12401.875500202954.
2024-03-15 15:16:27,470 - INFO - Beginning optimization with guess, [1.13345796 0.00531188].
2024-03-15 15:17:26,707 - INFO - Finished optimization with guess, [1.13345796 0.00531188].
2024-03-15 15:17:26,710 - INFO - Best fit parameters: [2.79489491 0.0621797 ].
2024-03-15 15:17:27,965 - INFO - Maximum log composite likelihood: -1105.346161046109.
2024-03-15 15:17:27,965 - INFO - Optimal value of theta: 12296.459855366598.
2024-03-15 15:17:27,965 - INFO - Beginning optimization with guess, [2.94816919 0.00851046].
2024-03-15 15:18:24,472 - INFO - Finished optimization with guess, [2.94816919 0.00851046].
2024-03-15 15:18:24,473 - INFO - Best fit parameters: [2.78875927 0.05933022].
2024-03-15 15:18:25,725 - INFO - Maximum log composite likelihood: -1104.3854509867745.
2024-03-15 15:18:25,725 - INFO - Optimal value of theta: 12397.922048253082.
2024-03-15 15:18:25,725 - INFO - Beginning optimization with guess, [2.12011452 0.00823828].
2024-03-15 15:19:29,782 - INFO - Finished optimization with guess, [2.12011452 0.00823828].
2024-03-15 15:19:29,784 - INFO - Best fit parameters: [2.79753389 0.05890788].
2024-03-15 15:19:31,043 - INFO - Maximum log composite likelihood: -1104.3481093604532.
2024-03-15 15:19:31,043 - INFO - Optimal value of theta: 12399.338489520096.
2024-03-15 15:19:31,043 - INFO - Beginning optimization with guess, [4.04684288 0.0136506 ].
2024-03-15 15:20:28,887 - INFO - Finished optimization with guess, [4.04684288 0.0136506 ].
2024-03-15 15:20:28,893 - INFO - Best fit parameters: [2.79778786 0.05879857].
2024-03-15 15:20:30,147 - INFO - Maximum log composite likelihood: -1104.3494720798312.
2024-03-15 15:20:30,147 - INFO - Optimal value of theta: 12402.7519315719.
2024-03-15 15:20:30,147 - INFO - Beginning optimization with guess, [5.52287118 0.01066233].
2024-03-15 15:21:32,918 - INFO - Finished optimization with guess, [5.52287118 0.01066233].
2024-03-15 15:21:32,921 - INFO - Best fit parameters: [2.79878068 0.05911917].
2024-03-15 15:21:34,174 - INFO - Maximum log composite likelihood: -1104.3571100779245.
2024-03-15 15:21:34,174 - INFO - Optimal value of theta: 12390.21394853025.
2024-03-15 15:21:34,174 - INFO - Beginning optimization with guess, [3.11897555 0.01845084].
2024-03-15 15:22:36,523 - INFO - Finished optimization with guess, [3.11897555 0.01845084].
2024-03-15 15:22:36,524 - INFO - Best fit parameters: [2.79757418 0.05895058].
2024-03-15 15:22:37,837 - INFO - Maximum log composite likelihood: -1104.3481930616094.
2024-03-15 15:22:37,837 - INFO - Optimal value of theta: 12397.803200052744.
2024-03-15 15:22:37,837 - INFO - Beginning optimization with guess, [3.93231551 0.00507499].
2024-03-15 15:23:39,376 - INFO - Finished optimization with guess, [3.93231551 0.00507499].
2024-03-15 15:23:39,378 - INFO - Best fit parameters: [2.80554454 0.06106316].
2024-03-15 15:23:40,637 - INFO - Maximum log composite likelihood: -1105.0934636923746.
2024-03-15 15:23:40,637 - INFO - Optimal value of theta: 12315.44930573345.
2024-03-15 15:23:40,637 - INFO - Beginning optimization with guess, [3.59154114 0.01184901].
2024-03-15 15:24:39,752 - INFO - Finished optimization with guess, [3.59154114 0.01184901].
2024-03-15 15:24:39,753 - INFO - Best fit parameters: [2.7989846  0.05852506].
2024-03-15 15:24:41,080 - INFO - Maximum log composite likelihood: -1104.3599095627503.
2024-03-15 15:24:41,080 - INFO - Optimal value of theta: 12410.543488997058.
2024-03-15 15:24:41,080 - INFO - Beginning optimization with guess, [4.72899147 0.01899933].
2024-03-15 15:25:40,487 - INFO - Finished optimization with guess, [4.72899147 0.01899933].
2024-03-15 15:25:40,493 - INFO - Best fit parameters: [2.79815339 0.05868761].
2024-03-15 15:25:41,934 - INFO - Maximum log composite likelihood: -1104.3526928435956.
2024-03-15 15:25:41,935 - INFO - Optimal value of theta: 12406.075831489687.
2024-03-15 15:25:41,935 - INFO - Beginning optimization with guess, [7.86643009 0.01938554].
2024-03-15 15:26:37,163 - INFO - Finished optimization with guess, [7.86643009 0.01938554].
2024-03-15 15:26:37,164 - INFO - Best fit parameters: [2.80500093 0.05889236].
2024-03-15 15:26:38,418 - INFO - Maximum log composite likelihood: -1104.3947021812403.
2024-03-15 15:26:38,418 - INFO - Optimal value of theta: 12388.883460748044.
2024-03-15 15:26:38,418 - INFO - Beginning optimization with guess, [1.28571232e+01 5.77668823e-03].
2024-03-15 15:27:37,654 - INFO - Finished optimization with guess, [1.28571232e+01 5.77668823e-03].
2024-03-15 15:27:37,655 - INFO - Best fit parameters: [2.80120288 0.058666  ].
2024-03-15 15:27:38,997 - INFO - Maximum log composite likelihood: -1104.3550444594503.
2024-03-15 15:27:38,997 - INFO - Optimal value of theta: 12402.350271156141.
2024-03-15 15:27:39,003 - INFO - Beginning demographic inference for three-epoch demographic model.
2024-03-15 15:27:39,029 - INFO - Beginning optimization with guess, [0.00760256 0.01595521 0.01488662 0.0153281 ].
2024-03-15 15:28:51,657 - INFO - Finished optimization with guess, [0.00760256 0.01595521 0.01488662 0.0153281 ].
2024-03-15 15:28:51,658 - INFO - Best fit parameters: [0.00447596 0.0210934  0.03127727 0.01270261].
2024-03-15 15:28:53,074 - INFO - Maximum log composite likelihood: -5007.847244328016.
2024-03-15 15:28:53,074 - INFO - Optimal value of theta: 1057670.3288050774.
2024-03-15 15:28:53,074 - INFO - Beginning optimization with guess, [0.02454943 0.02576105 0.01137368 0.00924969].
2024-03-15 15:29:54,054 - INFO - Finished optimization with guess, [0.02454943 0.02576105 0.01137368 0.00924969].
2024-03-15 15:29:54,056 - INFO - Best fit parameters: [0.00821044 0.06756302 0.03401468 0.00485495].
2024-03-15 15:29:55,396 - INFO - Maximum log composite likelihood: -2131.6651046071265.
2024-03-15 15:29:55,396 - INFO - Optimal value of theta: 452050.1285132092.
2024-03-15 15:29:55,396 - INFO - Beginning optimization with guess, [0.03594508 0.05130672 0.00714083 0.01826573].
2024-03-15 15:30:51,416 - INFO - Finished optimization with guess, [0.03594508 0.05130672 0.00714083 0.01826573].
2024-03-15 15:30:51,417 - INFO - Best fit parameters: [0.00808382 0.30951755 0.01665167 0.022247  ].
2024-03-15 15:30:52,713 - INFO - Maximum log composite likelihood: -2784.305813810635.
2024-03-15 15:30:52,713 - INFO - Optimal value of theta: 95859.83420542922.
2024-03-15 15:30:52,713 - INFO - Beginning optimization with guess, [0.06129293 0.03470569 0.01113286 0.00890067].
2024-03-15 15:31:45,979 - INFO - Finished optimization with guess, [0.06129293 0.03470569 0.01113286 0.00890067].
2024-03-15 15:31:45,980 - INFO - Best fit parameters: [0.00567893 0.38656918 0.01007421 0.05390687].
2024-03-15 15:31:47,271 - INFO - Maximum log composite likelihood: -2430.7236283126776.
2024-03-15 15:31:47,271 - INFO - Optimal value of theta: 67048.58986383815.
2024-03-15 15:31:47,272 - INFO - Beginning optimization with guess, [0.03408226 0.08446735 0.00637818 0.00525841].
2024-03-15 15:32:37,405 - INFO - Finished optimization with guess, [0.03408226 0.08446735 0.00637818 0.00525841].
2024-03-15 15:32:37,407 - INFO - Best fit parameters: [9.02971380e-04 2.91126364e+03 7.18198599e-08 3.55629018e-03].
2024-03-15 15:32:38,641 - INFO - Maximum log composite likelihood: -4554.646643392659.
2024-03-15 15:32:38,641 - INFO - Optimal value of theta: 16051.185079380277.
2024-03-15 15:32:38,641 - INFO - Beginning optimization with guess, [0.483807   0.82936703 0.01111677 0.00839139].
