2024-03-14 21:06:10,416 - INFO - Beginning execution of fit_demographic_model.py in directory /u/project/kirk/jonmah/sample_size_demography/Scripts

2024-03-14 21:06:10,416 - INFO - Progress is being logged to ../Analysis/TwoEpochExpansion_430/log.log

2024-03-14 21:06:10,416 - INFO - Parsed the following arguments:
	syn_input_sfs = ../Analysis/TwoEpochExpansion_430/syn_downsampled_sfs.txt
	mask_singletons = False
	mask_doubletons = False
	outprefix = ../Analysis/TwoEpochExpansion_430/

2024-03-14 21:06:10,447 - INFO - Beginning demographic inference for one-epoch demographic model.
2024-03-14 21:06:10,448 - INFO - Beginning optimization with guess, [0.18193559].
2024-03-14 21:08:07,383 - INFO - Finished optimization with guess, [0.18193559].
2024-03-14 21:08:07,400 - INFO - Best fit parameters: [0.18193559].
2024-03-14 21:08:10,451 - INFO - Maximum log composite likelihood: -2038.2637396785244.
2024-03-14 21:08:10,451 - INFO - Optimal value of theta: 13257.94224428522.
2024-03-14 21:08:10,451 - INFO - Beginning optimization with guess, [0.2761229].
2024-03-14 21:10:31,219 - INFO - Finished optimization with guess, [0.2761229].
2024-03-14 21:10:31,232 - INFO - Best fit parameters: [0.2761229].
2024-03-14 21:10:36,252 - INFO - Maximum log composite likelihood: -2038.2637396785244.
2024-03-14 21:10:36,252 - INFO - Optimal value of theta: 13257.94224428522.
2024-03-14 21:10:36,252 - INFO - Beginning optimization with guess, [0.3117431].
2024-03-14 21:12:57,476 - INFO - Finished optimization with guess, [0.3117431].
2024-03-14 21:12:57,488 - INFO - Best fit parameters: [0.3117431].
2024-03-14 21:12:59,942 - INFO - Maximum log composite likelihood: -2038.2637396785244.
2024-03-14 21:12:59,942 - INFO - Optimal value of theta: 13257.94224428522.
2024-03-14 21:12:59,942 - INFO - Beginning optimization with guess, [0.55986866].
2024-03-14 21:14:00,470 - INFO - Finished optimization with guess, [0.55986866].
2024-03-14 21:14:00,476 - INFO - Best fit parameters: [0.55986866].
2024-03-14 21:14:02,792 - INFO - Maximum log composite likelihood: -2038.2637396785244.
2024-03-14 21:14:02,792 - INFO - Optimal value of theta: 13257.94224428522.
2024-03-14 21:14:02,792 - INFO - Beginning optimization with guess, [0.37879996].
2024-03-14 21:14:58,530 - INFO - Finished optimization with guess, [0.37879996].
2024-03-14 21:14:58,546 - INFO - Best fit parameters: [0.37879996].
2024-03-14 21:15:00,570 - INFO - Maximum log composite likelihood: -2038.2637396785244.
2024-03-14 21:15:00,570 - INFO - Optimal value of theta: 13257.94224428522.
2024-03-14 21:15:00,570 - INFO - Beginning optimization with guess, [0.99331492].
2024-03-14 21:15:15,262 - INFO - Finished optimization with guess, [0.99331492].
2024-03-14 21:15:15,263 - INFO - Best fit parameters: [0.99331492].
2024-03-14 21:15:17,028 - INFO - Maximum log composite likelihood: -2038.2637396785244.
2024-03-14 21:15:17,028 - INFO - Optimal value of theta: 13257.94224428522.
2024-03-14 21:15:17,029 - INFO - Beginning optimization with guess, [0.5289589].
2024-03-14 21:16:15,672 - INFO - Finished optimization with guess, [0.5289589].
2024-03-14 21:16:15,679 - INFO - Best fit parameters: [0.5289589].
2024-03-14 21:16:17,771 - INFO - Maximum log composite likelihood: -2038.2637396785244.
2024-03-14 21:16:17,771 - INFO - Optimal value of theta: 13257.94224428522.
2024-03-14 21:16:17,771 - INFO - Beginning optimization with guess, [1.10293784].
2024-03-14 21:16:56,203 - INFO - Finished optimization with guess, [1.10293784].
2024-03-14 21:16:56,205 - INFO - Best fit parameters: [1.10293784].
2024-03-14 21:16:57,337 - INFO - Maximum log composite likelihood: -2038.2637396785244.
2024-03-14 21:16:57,337 - INFO - Optimal value of theta: 13257.94224428522.
2024-03-14 21:16:57,337 - INFO - Beginning optimization with guess, [1.61106293].
2024-03-14 21:17:20,041 - INFO - Finished optimization with guess, [1.61106293].
2024-03-14 21:17:20,042 - INFO - Best fit parameters: [1.61106293].
2024-03-14 21:17:20,880 - INFO - Maximum log composite likelihood: -2038.2637396785244.
2024-03-14 21:17:20,880 - INFO - Optimal value of theta: 13257.94224428522.
2024-03-14 21:17:20,880 - INFO - Beginning optimization with guess, [0.9836428].
2024-03-14 21:17:32,547 - INFO - Finished optimization with guess, [0.9836428].
2024-03-14 21:17:32,548 - INFO - Best fit parameters: [0.9836428].
2024-03-14 21:17:33,381 - INFO - Maximum log composite likelihood: -2038.2637396785244.
2024-03-14 21:17:33,381 - INFO - Optimal value of theta: 13257.94224428522.
2024-03-14 21:17:33,382 - INFO - Beginning optimization with guess, [1.47509171].
2024-03-14 21:18:12,430 - INFO - Finished optimization with guess, [1.47509171].
2024-03-14 21:18:12,440 - INFO - Best fit parameters: [1.47509171].
2024-03-14 21:18:14,286 - INFO - Maximum log composite likelihood: -2038.2637396785244.
2024-03-14 21:18:14,287 - INFO - Optimal value of theta: 13257.94224428522.
2024-03-14 21:18:14,287 - INFO - Beginning optimization with guess, [1.29450219].
2024-03-14 21:18:58,857 - INFO - Finished optimization with guess, [1.29450219].
2024-03-14 21:18:58,866 - INFO - Best fit parameters: [1.29450219].
2024-03-14 21:19:00,588 - INFO - Maximum log composite likelihood: -2038.2637396785244.
2024-03-14 21:19:00,588 - INFO - Optimal value of theta: 13257.94224428522.
2024-03-14 21:19:00,588 - INFO - Beginning optimization with guess, [1.52296735].
2024-03-14 21:19:45,500 - INFO - Finished optimization with guess, [1.52296735].
2024-03-14 21:19:45,514 - INFO - Best fit parameters: [1.52296735].
2024-03-14 21:19:47,329 - INFO - Maximum log composite likelihood: -2038.2637396785244.
2024-03-14 21:19:47,329 - INFO - Optimal value of theta: 13257.94224428522.
2024-03-14 21:19:47,329 - INFO - Beginning optimization with guess, [2.05056812].
2024-03-14 21:20:29,478 - INFO - Finished optimization with guess, [2.05056812].
2024-03-14 21:20:29,483 - INFO - Best fit parameters: [2.05056812].
2024-03-14 21:20:30,378 - INFO - Maximum log composite likelihood: -2038.2637396785244.
2024-03-14 21:20:30,378 - INFO - Optimal value of theta: 13257.94224428522.
2024-03-14 21:20:30,379 - INFO - Beginning optimization with guess, [1.90928234].
2024-03-14 21:20:55,471 - INFO - Finished optimization with guess, [1.90928234].
2024-03-14 21:20:55,472 - INFO - Best fit parameters: [1.90928234].
2024-03-14 21:20:56,345 - INFO - Maximum log composite likelihood: -2038.2637396785244.
2024-03-14 21:20:56,345 - INFO - Optimal value of theta: 13257.94224428522.
2024-03-14 21:20:56,345 - INFO - Beginning optimization with guess, [2.14373312].
2024-03-14 21:21:36,210 - INFO - Finished optimization with guess, [2.14373312].
2024-03-14 21:21:36,232 - INFO - Best fit parameters: [2.14373312].
2024-03-14 21:21:37,646 - INFO - Maximum log composite likelihood: -2038.2637396785244.
2024-03-14 21:21:37,646 - INFO - Optimal value of theta: 13257.94224428522.
2024-03-14 21:21:37,646 - INFO - Beginning optimization with guess, [3.36210816].
2024-03-14 21:22:31,772 - INFO - Finished optimization with guess, [3.36210816].
2024-03-14 21:22:31,786 - INFO - Best fit parameters: [3.36210816].
2024-03-14 21:22:33,298 - INFO - Maximum log composite likelihood: -2038.2637396785244.
2024-03-14 21:22:33,298 - INFO - Optimal value of theta: 13257.94224428522.
2024-03-14 21:22:33,299 - INFO - Beginning optimization with guess, [2.47210598].
2024-03-14 21:23:24,657 - INFO - Finished optimization with guess, [2.47210598].
2024-03-14 21:23:24,662 - INFO - Best fit parameters: [2.47210598].
2024-03-14 21:23:26,233 - INFO - Maximum log composite likelihood: -2038.2637396785244.
2024-03-14 21:23:26,233 - INFO - Optimal value of theta: 13257.94224428522.
2024-03-14 21:23:26,233 - INFO - Beginning optimization with guess, [2.66150464].
2024-03-14 21:24:04,375 - INFO - Finished optimization with guess, [2.66150464].
2024-03-14 21:24:04,376 - INFO - Best fit parameters: [2.66150464].
2024-03-14 21:24:05,246 - INFO - Maximum log composite likelihood: -2038.2637396785244.
2024-03-14 21:24:05,247 - INFO - Optimal value of theta: 13257.94224428522.
2024-03-14 21:24:05,247 - INFO - Beginning optimization with guess, [5.35614697].
2024-03-14 21:24:32,591 - INFO - Finished optimization with guess, [5.35614697].
2024-03-14 21:24:32,593 - INFO - Best fit parameters: [5.35614697].
2024-03-14 21:24:33,443 - INFO - Maximum log composite likelihood: -2038.2637396785244.
2024-03-14 21:24:33,443 - INFO - Optimal value of theta: 13257.94224428522.
2024-03-14 21:24:33,444 - INFO - Beginning optimization with guess, [3.2457127].
2024-03-14 21:25:24,778 - INFO - Finished optimization with guess, [3.2457127].
2024-03-14 21:25:24,782 - INFO - Best fit parameters: [3.2457127].
2024-03-14 21:25:26,475 - INFO - Maximum log composite likelihood: -2038.2637396785244.
2024-03-14 21:25:26,475 - INFO - Optimal value of theta: 13257.94224428522.
2024-03-14 21:25:26,475 - INFO - Beginning optimization with guess, [3.87850874].
2024-03-14 21:26:22,815 - INFO - Finished optimization with guess, [3.87850874].
2024-03-14 21:26:22,820 - INFO - Best fit parameters: [3.87850874].
2024-03-14 21:26:24,521 - INFO - Maximum log composite likelihood: -2038.2637396785244.
2024-03-14 21:26:24,521 - INFO - Optimal value of theta: 13257.94224428522.
2024-03-14 21:26:24,522 - INFO - Beginning optimization with guess, [5.95600058].
2024-03-14 21:27:22,817 - INFO - Finished optimization with guess, [5.95600058].
2024-03-14 21:27:22,830 - INFO - Best fit parameters: [5.95600058].
2024-03-14 21:27:24,674 - INFO - Maximum log composite likelihood: -2038.2637396785244.
2024-03-14 21:27:24,674 - INFO - Optimal value of theta: 13257.94224428522.
2024-03-14 21:27:24,674 - INFO - Beginning optimization with guess, [4.00186194].
2024-03-14 21:27:52,710 - INFO - Finished optimization with guess, [4.00186194].
2024-03-14 21:27:52,711 - INFO - Best fit parameters: [4.00186194].
2024-03-14 21:27:53,547 - INFO - Maximum log composite likelihood: -2038.2637396785244.
2024-03-14 21:27:53,547 - INFO - Optimal value of theta: 13257.94224428522.
2024-03-14 21:27:53,548 - INFO - Beginning optimization with guess, [5.35068834].
2024-03-14 21:28:20,304 - INFO - Finished optimization with guess, [5.35068834].
2024-03-14 21:28:20,306 - INFO - Best fit parameters: [5.35068834].
2024-03-14 21:28:21,138 - INFO - Maximum log composite likelihood: -2038.2637396785244.
2024-03-14 21:28:21,139 - INFO - Optimal value of theta: 13257.94224428522.
2024-03-14 21:28:21,142 - INFO - Finished demographic inference.
2024-03-14 21:28:21,142 - INFO - Pipeline executed succesfully.
