2025-01-30 15:30:25,461 - INFO - Beginning execution of fit_demographic_model.py in directory /u/scratch/j/jonmah/sample_size_demography/Scripts

2025-01-30 15:30:25,462 - INFO - Progress is being logged to ../Analysis/ThreeEpochBottleneck_150/log.log

2025-01-30 15:30:25,462 - INFO - Parsed the following arguments:
	syn_input_sfs = ../Analysis/ThreeEpochBottleneck_150/syn_downsampled_sfs.txt
	mask_singletons = False
	mask_doubletons = False
	outprefix = ../Analysis/ThreeEpochBottleneck_150/

2025-01-30 15:30:25,471 - INFO - Beginning demographic inference for two-epoch demographic model.
2025-01-30 15:30:25,475 - INFO - Beginning optimization with guess, [0.00510966 0.18729002].
2025-01-30 15:31:07,727 - INFO - Finished optimization with guess, [0.00510966 0.18729002].
2025-01-30 15:31:07,730 - INFO - Best fit parameters: [0.00448136 0.18022866].
2025-01-30 15:31:08,466 - INFO - Maximum log composite likelihood: -3822.7998351861543.
2025-01-30 15:31:08,467 - INFO - Optimal value of theta: 1114425.5073465141.
2025-01-30 15:31:08,467 - INFO - Beginning optimization with guess, [0.14741702 0.08053974].
2025-01-30 15:31:20,635 - INFO - Finished optimization with guess, [0.14741702 0.08053974].
2025-01-30 15:31:20,636 - INFO - Best fit parameters: [0.12027872 0.40882704].
2025-01-30 15:31:20,915 - INFO - Maximum log composite likelihood: -3636.3820359321653.
2025-01-30 15:31:20,915 - INFO - Optimal value of theta: 36731.542837470966.
2025-01-30 15:31:20,916 - INFO - Beginning optimization with guess, [1.64122148 0.10356247].
2025-01-30 15:31:31,997 - INFO - Finished optimization with guess, [1.64122148 0.10356247].
2025-01-30 15:31:31,998 - INFO - Best fit parameters: [6.38832823e+01 1.85413397e-02].
2025-01-30 15:31:32,247 - INFO - Maximum log composite likelihood: -2289.401389893741.
2025-01-30 15:31:32,247 - INFO - Optimal value of theta: 4027.4002690830816.
2025-01-30 15:31:32,248 - INFO - Beginning optimization with guess, [3.3666585  0.06109432].
2025-01-30 15:31:43,594 - INFO - Finished optimization with guess, [3.3666585  0.06109432].
2025-01-30 15:31:43,595 - INFO - Best fit parameters: [1.58245324e+04 1.47851518e-02].
2025-01-30 15:31:43,886 - INFO - Maximum log composite likelihood: -2230.4532623456043.
2025-01-30 15:31:43,886 - INFO - Optimal value of theta: 4143.007801037458.
2025-01-30 15:31:43,886 - INFO - Beginning optimization with guess, [4.26863518 0.13973837].
2025-01-30 15:31:54,673 - INFO - Finished optimization with guess, [4.26863518 0.13973837].
2025-01-30 15:31:54,674 - INFO - Best fit parameters: [1.29922432e+02 1.35872754e-02].
2025-01-30 15:31:54,917 - INFO - Maximum log composite likelihood: -2260.8425901172627.
2025-01-30 15:31:54,917 - INFO - Optimal value of theta: 4232.5739431620605.
2025-01-30 15:31:54,917 - INFO - Beginning optimization with guess, [7.21748089 0.05825364].
2025-01-30 15:32:06,181 - INFO - Finished optimization with guess, [7.21748089 0.05825364].
2025-01-30 15:32:06,183 - INFO - Best fit parameters: [4.90973739e+03 1.45686093e-02].
2025-01-30 15:32:06,428 - INFO - Maximum log composite likelihood: -2230.6756286403674.
2025-01-30 15:32:06,428 - INFO - Optimal value of theta: 4138.994200331247.
2025-01-30 15:32:06,429 - INFO - Beginning optimization with guess, [9.15759457 0.10196046].
2025-01-30 15:32:18,459 - INFO - Finished optimization with guess, [9.15759457 0.10196046].
2025-01-30 15:32:18,461 - INFO - Best fit parameters: [8.02556181e+03 1.47280289e-02].
2025-01-30 15:32:18,751 - INFO - Maximum log composite likelihood: -2230.5454290443186.
2025-01-30 15:32:18,751 - INFO - Optimal value of theta: 4135.7033388237915.
2025-01-30 15:32:18,751 - INFO - Beginning optimization with guess, [13.57847426  0.13216914].
2025-01-30 15:32:30,135 - INFO - Finished optimization with guess, [13.57847426  0.13216914].
2025-01-30 15:32:30,136 - INFO - Best fit parameters: [1.97630390e+03 1.51766772e-02].
2025-01-30 15:32:30,381 - INFO - Maximum log composite likelihood: -2232.1272095984414.
2025-01-30 15:32:30,382 - INFO - Optimal value of theta: 4116.315941713537.
2025-01-30 15:32:30,382 - INFO - Beginning optimization with guess, [27.17873642  0.12936681].
2025-01-30 15:32:41,902 - INFO - Finished optimization with guess, [27.17873642  0.12936681].
2025-01-30 15:32:41,903 - INFO - Best fit parameters: [2.79585802e+03 1.47748103e-02].
2025-01-30 15:32:42,149 - INFO - Maximum log composite likelihood: -2231.085015835566.
2025-01-30 15:32:42,149 - INFO - Optimal value of theta: 4130.3856242455995.
2025-01-30 15:32:42,149 - INFO - Beginning optimization with guess, [27.38426493  0.05105619].
2025-01-30 15:32:53,459 - INFO - Finished optimization with guess, [27.38426493  0.05105619].
2025-01-30 15:32:53,462 - INFO - Best fit parameters: [1.88281290e+03 1.47935275e-02].
2025-01-30 15:32:53,707 - INFO - Maximum log composite likelihood: -2231.3354000434265.
2025-01-30 15:32:53,708 - INFO - Optimal value of theta: 4135.076776948769.
2025-01-30 15:32:53,708 - INFO - Beginning optimization with guess, [26.91496023  0.0919668 ].
2025-01-30 15:33:05,016 - INFO - Finished optimization with guess, [26.91496023  0.0919668 ].
2025-01-30 15:33:05,017 - INFO - Best fit parameters: [4.62716173e+03 1.48303118e-02].
2025-01-30 15:33:05,262 - INFO - Maximum log composite likelihood: -2230.9718316516346.
2025-01-30 15:33:05,262 - INFO - Optimal value of theta: 4126.003938120939.
2025-01-30 15:33:05,262 - INFO - Beginning optimization with guess, [20.4275739   0.17784307].
2025-01-30 15:33:17,282 - INFO - Finished optimization with guess, [20.4275739   0.17784307].
2025-01-30 15:33:17,283 - INFO - Best fit parameters: [1.29273342e+03 1.44321620e-02].
2025-01-30 15:33:17,529 - INFO - Maximum log composite likelihood: -2232.5364027576984.
2025-01-30 15:33:17,529 - INFO - Optimal value of theta: 4159.375025363799.
2025-01-30 15:33:17,529 - INFO - Beginning optimization with guess, [28.24145703  0.05658634].
2025-01-30 15:33:28,847 - INFO - Finished optimization with guess, [28.24145703  0.05658634].
2025-01-30 15:33:28,850 - INFO - Best fit parameters: [1.62021922e+05 1.53453658e-02].
2025-01-30 15:33:29,096 - INFO - Maximum log composite likelihood: -2230.309905537297.
2025-01-30 15:33:29,096 - INFO - Optimal value of theta: 4137.294470381349.
2025-01-30 15:33:29,096 - INFO - Beginning optimization with guess, [40.09864089  0.05579795].
2025-01-30 15:33:41,398 - INFO - Finished optimization with guess, [40.09864089  0.05579795].
2025-01-30 15:33:41,399 - INFO - Best fit parameters: [1.37300767e+04 1.47509097e-02].
2025-01-30 15:33:41,645 - INFO - Maximum log composite likelihood: -2230.4635850571485.
2025-01-30 15:33:41,645 - INFO - Optimal value of theta: 4142.4902998951575.
2025-01-30 15:33:41,645 - INFO - Beginning optimization with guess, [26.01520266  0.19143953].
2025-01-30 15:33:53,732 - INFO - Finished optimization with guess, [26.01520266  0.19143953].
2025-01-30 15:33:53,733 - INFO - Best fit parameters: [4.82352878e+02 1.57260310e-02].
2025-01-30 15:33:54,153 - INFO - Maximum log composite likelihood: -2235.399576342171.
2025-01-30 15:33:54,153 - INFO - Optimal value of theta: 4118.709398738748.
2025-01-30 15:33:54,153 - INFO - Beginning optimization with guess, [88.82494829  0.1262166 ].
2025-01-30 15:34:06,257 - INFO - Finished optimization with guess, [88.82494829  0.1262166 ].
2025-01-30 15:34:06,258 - INFO - Best fit parameters: [4.53163288e+01 1.63481639e-02].
2025-01-30 15:34:06,503 - INFO - Maximum log composite likelihood: -2280.433486102316.
2025-01-30 15:34:06,503 - INFO - Optimal value of theta: 4130.029418640044.
2025-01-30 15:34:06,504 - INFO - Beginning optimization with guess, [100.95157765   0.18554128].
2025-01-30 15:34:18,754 - INFO - Finished optimization with guess, [100.95157765   0.18554128].
2025-01-30 15:34:18,755 - INFO - Best fit parameters: [8.81412516e+03 1.53051552e-02].
2025-01-30 15:34:18,997 - INFO - Maximum log composite likelihood: -2232.0326819266843.
2025-01-30 15:34:18,997 - INFO - Optimal value of theta: 4108.777546077129.
2025-01-30 15:34:18,997 - INFO - Beginning optimization with guess, [40.21533533  0.15237811].
2025-01-30 15:34:31,536 - INFO - Finished optimization with guess, [40.21533533  0.15237811].
2025-01-30 15:34:31,537 - INFO - Best fit parameters: [1.67546357e+02 1.66185263e-02].
2025-01-30 15:34:31,782 - INFO - Maximum log composite likelihood: -2247.543598906052.
2025-01-30 15:34:31,782 - INFO - Optimal value of theta: 4091.6205835932815.
2025-01-30 15:34:31,783 - INFO - Beginning optimization with guess, [1.71489221e+02 1.12419975e-01].
2025-01-30 15:34:43,079 - INFO - Finished optimization with guess, [1.71489221e+02 1.12419975e-01].
2025-01-30 15:34:43,082 - INFO - Best fit parameters: [2.59680066e+03 1.51992198e-02].
2025-01-30 15:34:43,327 - INFO - Maximum log composite likelihood: -2232.3271234163253.
2025-01-30 15:34:43,327 - INFO - Optimal value of theta: 4111.101476323422.
2025-01-30 15:34:43,327 - INFO - Beginning optimization with guess, [51.56478133  0.05891183].
2025-01-30 15:34:55,333 - INFO - Finished optimization with guess, [51.56478133  0.05891183].
2025-01-30 15:34:55,335 - INFO - Best fit parameters: [9.68163071e+03 1.47362552e-02].
2025-01-30 15:34:55,580 - INFO - Maximum log composite likelihood: -2230.493327415207.
2025-01-30 15:34:55,580 - INFO - Optimal value of theta: 4137.887564448172.
2025-01-30 15:34:55,581 - INFO - Beginning optimization with guess, [69.93491876  0.08680667].
2025-01-30 15:35:07,118 - INFO - Finished optimization with guess, [69.93491876  0.08680667].
2025-01-30 15:35:07,119 - INFO - Best fit parameters: [1.27735074e+04 1.46919098e-02].
2025-01-30 15:35:07,364 - INFO - Maximum log composite likelihood: -2230.5031672040373.
2025-01-30 15:35:07,365 - INFO - Optimal value of theta: 4144.262483962927.
2025-01-30 15:35:07,365 - INFO - Beginning optimization with guess, [101.0233853    0.19201119].
2025-01-30 15:35:18,660 - INFO - Finished optimization with guess, [101.0233853    0.19201119].
2025-01-30 15:35:18,662 - INFO - Best fit parameters: [1.46901991e+01 1.05955549e-02].
2025-01-30 15:35:18,907 - INFO - Maximum log composite likelihood: -2485.8408023477637.
2025-01-30 15:35:18,907 - INFO - Optimal value of theta: 4434.735167817925.
2025-01-30 15:35:18,908 - INFO - Beginning optimization with guess, [9.23869074e+01 5.58759579e-02].
2025-01-30 15:35:30,811 - INFO - Finished optimization with guess, [9.23869074e+01 5.58759579e-02].
2025-01-30 15:35:30,812 - INFO - Best fit parameters: [3.82184507e+04 1.52009292e-02].
2025-01-30 15:35:31,158 - INFO - Maximum log composite likelihood: -2230.3732863737914.
2025-01-30 15:35:31,158 - INFO - Optimal value of theta: 4134.693335136741.
2025-01-30 15:35:31,159 - INFO - Beginning optimization with guess, [1.49050904e+02 5.55315861e-02].
2025-01-30 15:35:43,004 - INFO - Finished optimization with guess, [1.49050904e+02 5.55315861e-02].
2025-01-30 15:35:43,007 - INFO - Best fit parameters: [7.27190901e+03 1.47295219e-02].
2025-01-30 15:35:43,248 - INFO - Maximum log composite likelihood: -2230.584517282564.
2025-01-30 15:35:43,248 - INFO - Optimal value of theta: 4134.415418819657.
2025-01-30 15:35:43,248 - INFO - Beginning optimization with guess, [1.30361679e+02 6.55549596e-02].
2025-01-30 15:35:54,068 - INFO - Finished optimization with guess, [1.30361679e+02 6.55549596e-02].
2025-01-30 15:35:54,069 - INFO - Best fit parameters: [5.21527423e+03 1.44161828e-02].
2025-01-30 15:35:54,309 - INFO - Maximum log composite likelihood: -2230.769711988971.
2025-01-30 15:35:54,309 - INFO - Optimal value of theta: 4146.8070581314305.
2025-01-30 15:35:54,313 - INFO - Beginning demographic inference for three-epoch demographic model.
2025-01-30 15:35:54,323 - INFO - Beginning optimization with guess, [0.01205357 0.00732779 0.12839452 0.09333088].
2025-01-30 15:36:09,694 - INFO - Finished optimization with guess, [0.01205357 0.00732779 0.12839452 0.09333088].
2025-01-30 15:36:09,695 - INFO - Best fit parameters: [0.03308797 0.02271077 0.12290031 0.03966443].
2025-01-30 15:36:09,991 - INFO - Maximum log composite likelihood: -3637.0568680104625.
2025-01-30 15:36:09,991 - INFO - Optimal value of theta: 193005.94712248465.
2025-01-30 15:36:09,991 - INFO - Beginning optimization with guess, [0.08075223 0.05988594 0.06353883 0.17607795].
2025-01-30 15:36:23,477 - INFO - Finished optimization with guess, [0.08075223 0.05988594 0.06353883 0.17607795].
2025-01-30 15:36:23,478 - INFO - Best fit parameters: [0.07346528 0.05499157 0.06435833 0.18742371].
2025-01-30 15:36:23,761 - INFO - Maximum log composite likelihood: -3636.382992086807.
2025-01-30 15:36:23,762 - INFO - Optimal value of theta: 80361.6093183452.
2025-01-30 15:36:23,762 - INFO - Beginning optimization with guess, [0.97953899 0.58527805 0.05129519 0.11816555].
2025-01-30 15:36:35,712 - INFO - Finished optimization with guess, [0.97953899 0.58527805 0.05129519 0.11816555].
2025-01-30 15:36:35,715 - INFO - Best fit parameters: [0.97206812 0.56279264 0.02195144 0.67512933].
2025-01-30 15:36:35,969 - INFO - Maximum log composite likelihood: -3637.8621197247803.
2025-01-30 15:36:35,970 - INFO - Optimal value of theta: 7892.626473356863.
2025-01-30 15:36:35,970 - INFO - Beginning optimization with guess, [1.59954744 1.4506998  0.11239161 0.05868378].
2025-01-30 15:36:47,295 - INFO - Finished optimization with guess, [1.59954744 1.4506998  0.11239161 0.05868378].
2025-01-30 15:36:47,296 - INFO - Best fit parameters: [0.48632849 1.82591867 0.00270771 0.03066464].
2025-01-30 15:36:47,540 - INFO - Maximum log composite likelihood: -3154.5155172462137.
2025-01-30 15:36:47,540 - INFO - Optimal value of theta: 4539.926385321899.
2025-01-30 15:36:47,540 - INFO - Beginning optimization with guess, [2.02617599 2.33183311 0.12363077 0.06539307].
2025-01-30 15:36:58,359 - INFO - Finished optimization with guess, [2.02617599 2.33183311 0.12363077 0.06539307].
2025-01-30 15:36:58,360 - INFO - Best fit parameters: [0.78283179 2.64533186 0.03711155 0.01200305].
2025-01-30 15:36:58,606 - INFO - Maximum log composite likelihood: -2867.879046856316.
2025-01-30 15:36:58,606 - INFO - Optimal value of theta: 4850.743537053853.
2025-01-30 15:36:58,606 - INFO - Beginning optimization with guess, [8.10654885 5.3761572  0.16596373 0.12632023].
2025-01-30 15:37:09,938 - INFO - Finished optimization with guess, [8.10654885 5.3761572  0.16596373 0.12632023].
2025-01-30 15:37:09,939 - INFO - Best fit parameters: [1.96697617 0.90222955 0.00385528 0.1868186 ].
2025-01-30 15:37:10,187 - INFO - Maximum log composite likelihood: -3795.6449887121253.
2025-01-30 15:37:10,187 - INFO - Optimal value of theta: 5245.634848977593.
2025-01-30 15:37:10,188 - INFO - Beginning optimization with guess, [5.19462679 7.85106806 0.08502532 0.08834917].
2025-01-30 15:37:20,980 - INFO - Finished optimization with guess, [5.19462679 7.85106806 0.08502532 0.08834917].
2025-01-30 15:37:20,980 - INFO - Best fit parameters: [0.90394835 3.61328536 0.0037985  0.02235835].
2025-01-30 15:37:21,229 - INFO - Maximum log composite likelihood: -2765.4943930732634.
2025-01-30 15:37:21,230 - INFO - Optimal value of theta: 4289.418636097684.
2025-01-30 15:37:21,230 - INFO - Beginning optimization with guess, [4.15287571 4.09153652 0.06458913 0.06582324].
2025-01-30 15:37:32,229 - INFO - Finished optimization with guess, [4.15287571 4.09153652 0.06458913 0.06582324].
2025-01-30 15:37:32,230 - INFO - Best fit parameters: [1.81431691 7.02688538 0.02391739 0.01245875].
2025-01-30 15:37:32,569 - INFO - Maximum log composite likelihood: -2758.1316656875797.
2025-01-30 15:37:32,570 - INFO - Optimal value of theta: 4105.701613413443.
2025-01-30 15:37:32,570 - INFO - Beginning optimization with guess, [ 5.54919072 17.01488262  0.05553766  0.08593502].
2025-01-30 15:37:43,699 - INFO - Finished optimization with guess, [ 5.54919072 17.01488262  0.05553766  0.08593502].
2025-01-30 15:37:43,700 - INFO - Best fit parameters: [1.24792328e+00 9.64614660e+00 8.15919361e-03 1.63385063e-02].
2025-01-30 15:37:43,947 - INFO - Maximum log composite likelihood: -2490.626275917008.
2025-01-30 15:37:43,948 - INFO - Optimal value of theta: 4190.631266800438.
2025-01-30 15:37:43,948 - INFO - Beginning optimization with guess, [18.31984328  8.79203024  0.1473424   0.05051051].
2025-01-30 15:37:54,883 - INFO - Finished optimization with guess, [18.31984328  8.79203024  0.1473424   0.05051051].
2025-01-30 15:37:54,884 - INFO - Best fit parameters: [2.06370695 1.90747149 0.01983395 0.03925221].
2025-01-30 15:37:55,154 - INFO - Maximum log composite likelihood: -3528.3856148773625.
2025-01-30 15:37:55,155 - INFO - Optimal value of theta: 4178.356385399235.
2025-01-30 15:37:55,155 - INFO - Beginning optimization with guess, [ 7.4264102  11.2570318   0.09462296  0.15691339].
2025-01-30 15:38:06,916 - INFO - Finished optimization with guess, [ 7.4264102  11.2570318   0.09462296  0.15691339].
2025-01-30 15:38:06,918 - INFO - Best fit parameters: [6.66174502 2.33899173 0.01677486 0.05349904].
2025-01-30 15:38:07,204 - INFO - Maximum log composite likelihood: -3818.6569452085855.
2025-01-30 15:38:07,205 - INFO - Optimal value of theta: 3833.0423602190594.
2025-01-30 15:38:07,205 - INFO - Beginning optimization with guess, [27.68785455 20.35701743  0.16358099  0.1769604 ].
2025-01-30 15:38:19,280 - INFO - Finished optimization with guess, [27.68785455 20.35701743  0.16358099  0.1769604 ].
2025-01-30 15:38:19,281 - INFO - Best fit parameters: [28.18279333  1.03919804  0.05677903  0.0687987 ].
2025-01-30 15:38:19,571 - INFO - Maximum log composite likelihood: -4712.779554215978.
2025-01-30 15:38:19,571 - INFO - Optimal value of theta: 4383.721855856085.
2025-01-30 15:38:19,572 - INFO - Beginning optimization with guess, [16.73947809 15.37792502  0.17077178  0.14453937].
2025-01-30 15:38:32,219 - INFO - Finished optimization with guess, [16.73947809 15.37792502  0.17077178  0.14453937].
2025-01-30 15:38:32,219 - INFO - Best fit parameters: [13.77556823  1.16409185  0.05853132  0.0520628 ].
2025-01-30 15:38:32,495 - INFO - Maximum log composite likelihood: -4773.396345880774.
2025-01-30 15:38:32,495 - INFO - Optimal value of theta: 4131.355624454268.
2025-01-30 15:38:32,495 - INFO - Beginning optimization with guess, [27.05024746 21.62413214  0.06057115  0.06318078].
2025-01-30 15:38:44,783 - INFO - Finished optimization with guess, [27.05024746 21.62413214  0.06057115  0.06318078].
2025-01-30 15:38:44,784 - INFO - Best fit parameters: [4.04482876e+00 2.89415518e+01 1.00152509e-02 1.11460295e-02].
2025-01-30 15:38:45,032 - INFO - Maximum log composite likelihood: -2395.4925188116263.
2025-01-30 15:38:45,032 - INFO - Optimal value of theta: 4074.581825290589.
2025-01-30 15:38:45,032 - INFO - Beginning optimization with guess, [28.73196593 16.95277355  0.12562335  0.16930878].
2025-01-30 15:39:00,965 - INFO - Finished optimization with guess, [28.73196593 16.95277355  0.12562335  0.16930878].
2025-01-30 15:39:00,966 - INFO - Best fit parameters: [29.07606004  1.2426743   0.03970941  0.06769925].
2025-01-30 15:39:01,353 - INFO - Maximum log composite likelihood: -4444.579416253569.
2025-01-30 15:39:01,353 - INFO - Optimal value of theta: 4250.365306481402.
2025-01-30 15:39:01,353 - INFO - Beginning optimization with guess, [13.1656836  13.85254722  0.10183482  0.10815707].
2025-01-30 15:39:17,158 - INFO - Finished optimization with guess, [13.1656836  13.85254722  0.10183482  0.10815707].
2025-01-30 15:39:17,160 - INFO - Best fit parameters: [8.15355878 1.86649572 0.01866433 0.02036691].
2025-01-30 15:39:17,544 - INFO - Maximum log composite likelihood: -3332.5263960388434.
2025-01-30 15:39:17,545 - INFO - Optimal value of theta: 4142.244694534521.
2025-01-30 15:39:17,545 - INFO - Beginning optimization with guess, [31.8111113  14.25776463  0.11261202  0.08924219].
2025-01-30 15:39:33,340 - INFO - Finished optimization with guess, [31.8111113  14.25776463  0.11261202  0.08924219].
2025-01-30 15:39:33,342 - INFO - Best fit parameters: [1.73808794e+01 2.77962253e+00 1.92776896e-02 1.45050434e-02].
2025-01-30 15:39:33,727 - INFO - Maximum log composite likelihood: -2971.337785254118.
2025-01-30 15:39:33,727 - INFO - Optimal value of theta: 3929.328885512859.
2025-01-30 15:39:33,727 - INFO - Beginning optimization with guess, [1.88264179e+01 5.78377615e+01 8.04019946e-02 5.11262342e-02].
2025-01-30 15:39:50,670 - INFO - Finished optimization with guess, [1.88264179e+01 5.78377615e+01 8.04019946e-02 5.11262342e-02].
2025-01-30 15:39:50,671 - INFO - Best fit parameters: [7.56217057e-01 2.36391706e+02 2.24045389e-02 1.29297537e-02].
2025-01-30 15:39:51,056 - INFO - Maximum log composite likelihood: -2101.726406006436.
2025-01-30 15:39:51,057 - INFO - Optimal value of theta: 4446.261744028047.
2025-01-30 15:39:51,057 - INFO - Beginning optimization with guess, [23.76085938 22.82658771  0.11034929  0.08286452].
2025-01-30 15:40:08,454 - INFO - Finished optimization with guess, [23.76085938 22.82658771  0.11034929  0.08286452].
2025-01-30 15:40:08,455 - INFO - Best fit parameters: [7.80926827 1.3825307  0.02265568 0.01839996].
2025-01-30 15:40:08,842 - INFO - Maximum log composite likelihood: -3577.4862174462314.
2025-01-30 15:40:08,842 - INFO - Optimal value of theta: 4257.25465333642.
2025-01-30 15:40:08,842 - INFO - Beginning optimization with guess, [54.96450543 36.91309969  0.14617438  0.10464005].
2025-01-30 15:40:23,404 - INFO - Finished optimization with guess, [54.96450543 36.91309969  0.14617438  0.10464005].
2025-01-30 15:40:23,405 - INFO - Best fit parameters: [2.69513079e+01 1.47445945e+00 2.98326681e-02 2.21438902e-02].
2025-01-30 15:40:23,791 - INFO - Maximum log composite likelihood: -3761.819939103916.
2025-01-30 15:40:23,791 - INFO - Optimal value of theta: 4002.172690270671.
2025-01-30 15:40:23,792 - INFO - Beginning optimization with guess, [2.66868047e+01 5.90552944e+01 5.76116981e-02 6.69120838e-02].
2025-01-30 15:40:38,558 - INFO - Finished optimization with guess, [2.66868047e+01 5.90552944e+01 5.76116981e-02 6.69120838e-02].
2025-01-30 15:40:38,559 - INFO - Best fit parameters: [5.05521751 6.3315103  0.012368   0.01143343].
2025-01-30 15:40:38,838 - INFO - Maximum log composite likelihood: -2604.758561641926.
2025-01-30 15:40:38,838 - INFO - Optimal value of theta: 4096.5671802234665.
2025-01-30 15:40:38,838 - INFO - Beginning optimization with guess, [84.14585605 75.03971398  0.14791034  0.10284129].
2025-01-30 15:40:49,591 - INFO - Finished optimization with guess, [84.14585605 75.03971398  0.14791034  0.10284129].
2025-01-30 15:40:49,592 - INFO - Best fit parameters: [12.26805506  1.28430698  0.03807834  0.02091713].
2025-01-30 15:40:49,839 - INFO - Maximum log composite likelihood: -4018.8408836923313.
2025-01-30 15:40:49,839 - INFO - Optimal value of theta: 4014.5056347738337.
2025-01-30 15:40:49,839 - INFO - Beginning optimization with guess, [8.86327411e+01 7.14909712e+01 6.63461504e-02 7.06563347e-02].
2025-01-30 15:41:03,536 - INFO - Finished optimization with guess, [8.86327411e+01 7.14909712e+01 6.63461504e-02 7.06563347e-02].
2025-01-30 15:41:03,538 - INFO - Best fit parameters: [9.35537498 4.13904979 0.01515089 0.00999106].
2025-01-30 15:41:03,882 - INFO - Maximum log composite likelihood: -2673.2171480539196.
2025-01-30 15:41:03,882 - INFO - Optimal value of theta: 4057.0213589892355.
2025-01-30 15:41:03,882 - INFO - Beginning optimization with guess, [70.51622035 59.03784171  0.10721319  0.10387325].
2025-01-30 15:41:15,715 - INFO - Finished optimization with guess, [70.51622035 59.03784171  0.10721319  0.10387325].
2025-01-30 15:41:15,716 - INFO - Best fit parameters: [3.99956222e+01 1.82644176e+00 2.50238459e-02 2.57795845e-02].
2025-01-30 15:41:15,962 - INFO - Maximum log composite likelihood: -3625.5604490941514.
2025-01-30 15:41:15,962 - INFO - Optimal value of theta: 3937.7521694150155.
2025-01-30 15:41:15,962 - INFO - Beginning optimization with guess, [6.89780948e+01 1.38390252e+02 8.61973901e-02 1.45370111e-01].
2025-01-30 15:41:26,787 - INFO - Finished optimization with guess, [6.89780948e+01 1.38390252e+02 8.61973901e-02 1.45370111e-01].
2025-01-30 15:41:26,789 - INFO - Best fit parameters: [2.52073819e+01 2.78551699e+00 2.15941157e-02 3.48437539e-02].
2025-01-30 15:41:27,034 - INFO - Maximum log composite likelihood: -3638.5898062045453.
2025-01-30 15:41:27,034 - INFO - Optimal value of theta: 3699.8857683531396.
2025-01-30 15:41:27,040 - INFO - Finished demographic inference.
2025-01-30 15:41:27,040 - INFO - Pipeline executed succesfully.
