2025-08-06 09:59:20,087 - INFO - Beginning execution of fit_demographic_model.py in directory /u/project/kirk-bigdata/jonmah/sample_size_demography/Scripts

2025-08-06 09:59:20,087 - INFO - Progress is being logged to ../Analysis/msprime_3EpB_550/log.log

2025-08-06 09:59:20,088 - INFO - Parsed the following arguments:
	syn_input_sfs = ../Simulations/simple_simulations/ThreeEpochBottleneck_550_concat.sfs
	mask_singletons = False
	mask_doubletons = False
	L_syn = 100000000.0
	outprefix = ../Analysis/msprime_3EpB_550/

2025-08-06 09:59:20,099 - INFO - Beginning demographic inference for two-epoch demographic model.
2025-08-06 09:59:20,101 - INFO - Beginning optimization with guess, [0.01, 0.1].
2025-08-06 09:59:43,212 - INFO - Finished optimization with guess, [0.01, 0.1].
2025-08-06 09:59:43,214 - INFO - Best fit parameters: [0.00510954 0.20980873].
2025-08-06 09:59:45,276 - INFO - Maximum log composite likelihood: -90861.7963159289.
2025-08-06 09:59:45,277 - INFO - Optimal value of theta: 6785150.1076321015.
2025-08-06 09:59:45,277 - INFO - Beginning optimization with guess, [0.025, 0.1].
2025-08-06 10:00:26,387 - INFO - Finished optimization with guess, [0.025, 0.1].
2025-08-06 10:00:26,388 - INFO - Best fit parameters: [0.01301891 0.23610711].
2025-08-06 10:00:27,958 - INFO - Maximum log composite likelihood: -90861.81210633584.
2025-08-06 10:00:27,958 - INFO - Optimal value of theta: 2662970.2758410713.
2025-08-06 10:00:27,958 - INFO - Beginning optimization with guess, [0.05, 0.1].
2025-08-06 10:01:05,898 - INFO - Finished optimization with guess, [0.05, 0.1].
2025-08-06 10:01:05,899 - INFO - Best fit parameters: [0.02494833 0.32900806].
2025-08-06 10:01:07,376 - INFO - Maximum log composite likelihood: -90862.93226861721.
2025-08-06 10:01:07,376 - INFO - Optimal value of theta: 1389585.7471158914.
2025-08-06 10:01:07,376 - INFO - Beginning optimization with guess, [0.075, 0.1].
2025-08-06 10:01:45,536 - INFO - Finished optimization with guess, [0.075, 0.1].
2025-08-06 10:01:45,537 - INFO - Best fit parameters: [0.03703725 0.46682382].
2025-08-06 10:01:47,267 - INFO - Maximum log composite likelihood: -90863.14907502917.
2025-08-06 10:01:47,267 - INFO - Optimal value of theta: 936020.7773674953.
2025-08-06 10:01:47,267 - INFO - Beginning optimization with guess, [0.1, 0.1].
2025-08-06 10:02:44,423 - INFO - Finished optimization with guess, [0.1, 0.1].
2025-08-06 10:02:44,426 - INFO - Best fit parameters: [ 0.04051128 12.64186466].
2025-08-06 10:02:53,353 - INFO - Maximum log composite likelihood: -90861.79631701682.
2025-08-06 10:02:53,354 - INFO - Optimal value of theta: 855785.8617066978.
2025-08-06 10:02:53,354 - INFO - Beginning optimization with guess, [0.25, 0.1].
2025-08-06 10:03:31,637 - INFO - Finished optimization with guess, [0.25, 0.1].
2025-08-06 10:03:31,638 - INFO - Best fit parameters: [3.50165808e+01 2.27906586e-02].
2025-08-06 10:03:33,070 - INFO - Maximum log composite likelihood: -17763.551735036905.
2025-08-06 10:03:33,070 - INFO - Optimal value of theta: 19650.549666497853.
2025-08-06 10:03:33,070 - INFO - Beginning optimization with guess, [0.5, 0.1].
2025-08-06 10:04:15,619 - INFO - Finished optimization with guess, [0.5, 0.1].
2025-08-06 10:04:15,621 - INFO - Best fit parameters: [5.16221588e+01 2.88279866e-02].
2025-08-06 10:04:17,048 - INFO - Maximum log composite likelihood: -18989.63046782447.
2025-08-06 10:04:17,048 - INFO - Optimal value of theta: 17392.71630221009.
2025-08-06 10:04:17,049 - INFO - Beginning optimization with guess, [0.75, 0.1].
2025-08-06 10:04:56,073 - INFO - Finished optimization with guess, [0.75, 0.1].
2025-08-06 10:04:56,074 - INFO - Best fit parameters: [3.93305705e+01 2.24421417e-02].
2025-08-06 10:04:57,406 - INFO - Maximum log composite likelihood: -17727.634325493218.
2025-08-06 10:04:57,407 - INFO - Optimal value of theta: 19623.832285259086.
2025-08-06 10:04:57,407 - INFO - Beginning optimization with guess, [1, 0.1].
2025-08-06 10:05:33,220 - INFO - Finished optimization with guess, [1, 0.1].
2025-08-06 10:05:33,221 - INFO - Best fit parameters: [3.96525221e+01 2.24406275e-02].
2025-08-06 10:05:34,697 - INFO - Maximum log composite likelihood: -17727.811664851746.
2025-08-06 10:05:34,697 - INFO - Optimal value of theta: 19614.855871592135.
2025-08-06 10:05:34,697 - INFO - Beginning optimization with guess, [1.25, 0.1].
2025-08-06 10:06:12,865 - INFO - Finished optimization with guess, [1.25, 0.1].
2025-08-06 10:06:12,866 - INFO - Best fit parameters: [6.70047310e+01 1.47506754e-02].
2025-08-06 10:06:14,097 - INFO - Maximum log composite likelihood: -19759.99299500661.
2025-08-06 10:06:14,097 - INFO - Optimal value of theta: 22383.851641883066.
2025-08-06 10:06:14,097 - INFO - Beginning optimization with guess, [1.5, 0.1].
2025-08-06 10:06:47,345 - INFO - Finished optimization with guess, [1.5, 0.1].
2025-08-06 10:06:47,347 - INFO - Best fit parameters: [3.93095560e+01 2.24452374e-02].
2025-08-06 10:06:48,578 - INFO - Maximum log composite likelihood: -17727.633247732243.
2025-08-06 10:06:48,578 - INFO - Optimal value of theta: 19623.4121415727.
2025-08-06 10:06:48,578 - INFO - Beginning optimization with guess, [1.75, 0.1].
2025-08-06 10:07:21,809 - INFO - Finished optimization with guess, [1.75, 0.1].
2025-08-06 10:07:21,809 - INFO - Best fit parameters: [3.93521840e+01 2.24311378e-02].
2025-08-06 10:07:23,039 - INFO - Maximum log composite likelihood: -17727.644554464543.
2025-08-06 10:07:23,039 - INFO - Optimal value of theta: 19626.904292809773.
2025-08-06 10:07:23,039 - INFO - Beginning optimization with guess, [2, 0.1].
2025-08-06 10:07:56,344 - INFO - Finished optimization with guess, [2, 0.1].
2025-08-06 10:07:56,345 - INFO - Best fit parameters: [3.94839753e+01 2.25038562e-02].
2025-08-06 10:07:57,575 - INFO - Maximum log composite likelihood: -17727.764536214105.
2025-08-06 10:07:57,575 - INFO - Optimal value of theta: 19598.494215926006.
2025-08-06 10:07:57,575 - INFO - Beginning optimization with guess, [2.25, 0.1].
2025-08-06 10:08:30,928 - INFO - Finished optimization with guess, [2.25, 0.1].
2025-08-06 10:08:30,929 - INFO - Best fit parameters: [3.90967229e+01 2.24519648e-02].
2025-08-06 10:08:32,159 - INFO - Maximum log composite likelihood: -17727.72156394829.
2025-08-06 10:08:32,160 - INFO - Optimal value of theta: 19627.499458512604.
2025-08-06 10:08:32,160 - INFO - Beginning optimization with guess, [2.5, 0.1].
2025-08-06 10:09:05,381 - INFO - Finished optimization with guess, [2.5, 0.1].
2025-08-06 10:09:05,385 - INFO - Best fit parameters: [3.92660634e+01 2.24492848e-02].
2025-08-06 10:09:06,615 - INFO - Maximum log composite likelihood: -17727.63717952062.
2025-08-06 10:09:06,615 - INFO - Optimal value of theta: 19623.34092980737.
2025-08-06 10:09:06,615 - INFO - Beginning optimization with guess, [2.75, 0.1].
2025-08-06 10:09:39,831 - INFO - Finished optimization with guess, [2.75, 0.1].
2025-08-06 10:09:39,832 - INFO - Best fit parameters: [3.92910283e+01 2.24438315e-02].
2025-08-06 10:09:41,061 - INFO - Maximum log composite likelihood: -17727.63616988367.
2025-08-06 10:09:41,061 - INFO - Optimal value of theta: 19624.43708708476.
2025-08-06 10:09:41,061 - INFO - Beginning optimization with guess, [3, 0.1].
2025-08-06 10:10:16,182 - INFO - Finished optimization with guess, [3, 0.1].
2025-08-06 10:10:16,183 - INFO - Best fit parameters: [3.93102804e+01 2.24453516e-02].
2025-08-06 10:10:17,614 - INFO - Maximum log composite likelihood: -17727.63312981443.
2025-08-06 10:10:17,614 - INFO - Optimal value of theta: 19623.35211070498.
2025-08-06 10:10:17,614 - INFO - Beginning optimization with guess, [3.25, 0.1].
2025-08-06 10:10:56,235 - INFO - Finished optimization with guess, [3.25, 0.1].
2025-08-06 10:10:56,236 - INFO - Best fit parameters: [3.93102780e+01 2.24453775e-02].
2025-08-06 10:10:57,668 - INFO - Maximum log composite likelihood: -17727.633115067918.
2025-08-06 10:10:57,668 - INFO - Optimal value of theta: 19623.343453828.
2025-08-06 10:10:57,668 - INFO - Beginning optimization with guess, [3.5, 0.1].
2025-08-06 10:11:36,425 - INFO - Finished optimization with guess, [3.5, 0.1].
2025-08-06 10:11:36,426 - INFO - Best fit parameters: [3.93723487e+01 2.24326319e-02].
2025-08-06 10:11:37,859 - INFO - Maximum log composite likelihood: -17727.644256519954.
2025-08-06 10:11:37,859 - INFO - Optimal value of theta: 19625.802490339658.
2025-08-06 10:11:37,859 - INFO - Beginning optimization with guess, [3.75, 0.1].
2025-08-06 10:12:16,227 - INFO - Finished optimization with guess, [3.75, 0.1].
2025-08-06 10:12:16,229 - INFO - Best fit parameters: [3.93024867e+01 2.24058305e-02].
2025-08-06 10:12:17,659 - INFO - Maximum log composite likelihood: -17727.697829207853.
2025-08-06 10:12:17,659 - INFO - Optimal value of theta: 19636.924606150835.
2025-08-06 10:12:17,659 - INFO - Beginning optimization with guess, [4, 0.1].
2025-08-06 10:12:56,261 - INFO - Finished optimization with guess, [4, 0.1].
2025-08-06 10:12:56,262 - INFO - Best fit parameters: [3.93103071e+01 2.24453748e-02].
2025-08-06 10:12:57,604 - INFO - Maximum log composite likelihood: -17727.633114573324.
2025-08-06 10:12:57,604 - INFO - Optimal value of theta: 19623.343487380964.
2025-08-06 10:12:57,604 - INFO - Beginning optimization with guess, [4.25, 0.1].
2025-08-06 10:13:40,068 - INFO - Finished optimization with guess, [4.25, 0.1].
2025-08-06 10:13:40,071 - INFO - Best fit parameters: [3.93144977e+01 2.24449694e-02].
2025-08-06 10:13:41,412 - INFO - Maximum log composite likelihood: -17727.63308575556.
2025-08-06 10:13:41,412 - INFO - Optimal value of theta: 19623.355715022968.
2025-08-06 10:13:41,412 - INFO - Beginning optimization with guess, [4.5, 0.1].
2025-08-06 10:14:53,691 - INFO - Finished optimization with guess, [4.5, 0.1].
2025-08-06 10:14:53,692 - INFO - Best fit parameters: [3.93102968e+01 2.24453774e-02].
2025-08-06 10:14:55,024 - INFO - Maximum log composite likelihood: -17727.6331138142.
2025-08-06 10:14:55,024 - INFO - Optimal value of theta: 19623.34292827561.
2025-08-06 10:14:55,024 - INFO - Beginning optimization with guess, [4.75, 0.1].
2025-08-06 10:17:30,973 - INFO - Finished optimization with guess, [4.75, 0.1].
2025-08-06 10:17:30,974 - INFO - Best fit parameters: [3.93103135e+01 2.24453812e-02].
2025-08-06 10:17:32,307 - INFO - Maximum log composite likelihood: -17727.633110442886.
2025-08-06 10:17:32,307 - INFO - Optimal value of theta: 19623.341137433632.
2025-08-06 10:17:32,307 - INFO - Beginning optimization with guess, [5, 0.1].
2025-08-06 10:19:56,905 - INFO - Finished optimization with guess, [5, 0.1].
2025-08-06 10:19:56,916 - INFO - Best fit parameters: [3.93115145e+01 2.24481274e-02].
2025-08-06 10:19:58,224 - INFO - Maximum log composite likelihood: -17727.631655082303.
2025-08-06 10:19:58,224 - INFO - Optimal value of theta: 19622.379274711973.
2025-08-06 10:19:58,228 - INFO - Converting and interpreting Tau estimates.
2025-08-06 10:19:58,229 - INFO - Finished demographic inference.
2025-08-06 10:19:58,229 - INFO - Pipeline executed succesfully.
