2024-02-13 18:16:30,063 - INFO - Beginning execution of fit_demographic_model.py in directory /u/project/kirk/jonmah/sample_size_demography/Scripts

2024-02-13 18:16:30,063 - INFO - Progress is being logged to ../Analysis/ThreeEpochContraction_410/log.log

2024-02-13 18:16:30,063 - INFO - Parsed the following arguments:
	syn_input_sfs = ../Analysis/ThreeEpochContraction_410/syn_downsampled_sfs.txt
	mask_singletons = False
	mask_doubletons = False
	outprefix = ../Analysis/ThreeEpochContraction_410/

2024-02-13 18:16:30,086 - INFO - Beginning demographic inference for one-epoch demographic model.
2024-02-13 18:16:30,087 - INFO - Beginning optimization with guess, [0.12546545].
2024-02-13 18:17:03,034 - INFO - Finished optimization with guess, [0.12546545].
2024-02-13 18:17:03,035 - INFO - Best fit parameters: [0.12546545].
2024-02-13 18:17:03,975 - INFO - Maximum log composite likelihood: -488.6048873248639.
2024-02-13 18:17:03,975 - INFO - Optimal value of theta: 253.8091503989053.
2024-02-13 18:17:03,975 - INFO - Beginning optimization with guess, [0.28511178].
2024-02-13 18:17:34,113 - INFO - Finished optimization with guess, [0.28511178].
2024-02-13 18:17:34,114 - INFO - Best fit parameters: [0.28511178].
2024-02-13 18:17:35,037 - INFO - Maximum log composite likelihood: -488.6048873248639.
2024-02-13 18:17:35,037 - INFO - Optimal value of theta: 253.8091503989053.
2024-02-13 18:17:35,038 - INFO - Beginning optimization with guess, [0.36074829].
2024-02-13 18:18:02,471 - INFO - Finished optimization with guess, [0.36074829].
2024-02-13 18:18:02,472 - INFO - Best fit parameters: [0.36074829].
2024-02-13 18:18:03,372 - INFO - Maximum log composite likelihood: -488.6048873248639.
2024-02-13 18:18:03,372 - INFO - Optimal value of theta: 253.8091503989053.
2024-02-13 18:18:03,372 - INFO - Beginning optimization with guess, [0.44613554].
2024-02-13 18:18:31,209 - INFO - Finished optimization with guess, [0.44613554].
2024-02-13 18:18:31,210 - INFO - Best fit parameters: [0.44613554].
2024-02-13 18:18:32,175 - INFO - Maximum log composite likelihood: -488.6048873248639.
2024-02-13 18:18:32,175 - INFO - Optimal value of theta: 253.8091503989053.
2024-02-13 18:18:32,175 - INFO - Beginning optimization with guess, [0.81901037].
2024-02-13 18:18:54,591 - INFO - Finished optimization with guess, [0.81901037].
2024-02-13 18:18:54,592 - INFO - Best fit parameters: [0.81901037].
2024-02-13 18:18:55,608 - INFO - Maximum log composite likelihood: -488.6048873248639.
2024-02-13 18:18:55,608 - INFO - Optimal value of theta: 253.8091503989053.
2024-02-13 18:18:55,608 - INFO - Beginning optimization with guess, [0.96970697].
2024-02-13 18:19:09,170 - INFO - Finished optimization with guess, [0.96970697].
2024-02-13 18:19:09,171 - INFO - Best fit parameters: [0.96970697].
2024-02-13 18:19:10,189 - INFO - Maximum log composite likelihood: -488.6048873248639.
2024-02-13 18:19:10,189 - INFO - Optimal value of theta: 253.8091503989053.
2024-02-13 18:19:10,189 - INFO - Beginning optimization with guess, [0.37886704].
2024-02-13 18:19:37,809 - INFO - Finished optimization with guess, [0.37886704].
2024-02-13 18:19:37,810 - INFO - Best fit parameters: [0.37886704].
2024-02-13 18:19:38,700 - INFO - Maximum log composite likelihood: -488.6048873248639.
2024-02-13 18:19:38,700 - INFO - Optimal value of theta: 253.8091503989053.
2024-02-13 18:19:38,700 - INFO - Beginning optimization with guess, [1.37787641].
2024-02-13 18:20:03,550 - INFO - Finished optimization with guess, [1.37787641].
2024-02-13 18:20:03,551 - INFO - Best fit parameters: [1.37787641].
2024-02-13 18:20:04,495 - INFO - Maximum log composite likelihood: -488.6048873248639.
2024-02-13 18:20:04,495 - INFO - Optimal value of theta: 253.8091503989053.
2024-02-13 18:20:04,496 - INFO - Beginning optimization with guess, [1.50159045].
2024-02-13 18:20:28,751 - INFO - Finished optimization with guess, [1.50159045].
2024-02-13 18:20:28,752 - INFO - Best fit parameters: [1.50159045].
2024-02-13 18:20:29,763 - INFO - Maximum log composite likelihood: -488.6048873248639.
2024-02-13 18:20:29,763 - INFO - Optimal value of theta: 253.8091503989053.
2024-02-13 18:20:29,763 - INFO - Beginning optimization with guess, [0.71550088].
2024-02-13 18:20:54,800 - INFO - Finished optimization with guess, [0.71550088].
2024-02-13 18:20:54,801 - INFO - Best fit parameters: [0.71550088].
2024-02-13 18:20:55,725 - INFO - Maximum log composite likelihood: -488.6048873248639.
2024-02-13 18:20:55,726 - INFO - Optimal value of theta: 253.8091503989053.
2024-02-13 18:20:55,726 - INFO - Beginning optimization with guess, [1.70468737].
2024-02-13 18:21:23,701 - INFO - Finished optimization with guess, [1.70468737].
2024-02-13 18:21:23,702 - INFO - Best fit parameters: [1.70468737].
2024-02-13 18:21:24,721 - INFO - Maximum log composite likelihood: -488.6048873248639.
2024-02-13 18:21:24,721 - INFO - Optimal value of theta: 253.8091503989053.
2024-02-13 18:21:24,722 - INFO - Beginning optimization with guess, [2.6078657].
2024-02-13 18:21:54,171 - INFO - Finished optimization with guess, [2.6078657].
2024-02-13 18:21:54,174 - INFO - Best fit parameters: [2.6078657].
2024-02-13 18:21:55,191 - INFO - Maximum log composite likelihood: -488.6048873248639.
2024-02-13 18:21:55,191 - INFO - Optimal value of theta: 253.8091503989053.
2024-02-13 18:21:55,191 - INFO - Beginning optimization with guess, [1.59765354].
2024-02-13 18:22:21,879 - INFO - Finished optimization with guess, [1.59765354].
2024-02-13 18:22:21,880 - INFO - Best fit parameters: [1.59765354].
2024-02-13 18:22:22,914 - INFO - Maximum log composite likelihood: -488.6048873248639.
2024-02-13 18:22:22,914 - INFO - Optimal value of theta: 253.8091503989053.
2024-02-13 18:22:22,914 - INFO - Beginning optimization with guess, [2.87536034].
2024-02-13 18:22:53,772 - INFO - Finished optimization with guess, [2.87536034].
2024-02-13 18:22:53,773 - INFO - Best fit parameters: [2.87536034].
2024-02-13 18:22:54,692 - INFO - Maximum log composite likelihood: -488.6048873248639.
2024-02-13 18:22:54,693 - INFO - Optimal value of theta: 253.8091503989053.
2024-02-13 18:22:54,693 - INFO - Beginning optimization with guess, [3.95213798].
2024-02-13 18:23:25,258 - INFO - Finished optimization with guess, [3.95213798].
2024-02-13 18:23:25,259 - INFO - Best fit parameters: [3.95213798].
2024-02-13 18:23:26,270 - INFO - Maximum log composite likelihood: -488.6048873248639.
2024-02-13 18:23:26,270 - INFO - Optimal value of theta: 253.8091503989053.
2024-02-13 18:23:26,270 - INFO - Beginning optimization with guess, [3.32308714].
2024-02-13 18:23:56,908 - INFO - Finished optimization with guess, [3.32308714].
2024-02-13 18:23:56,909 - INFO - Best fit parameters: [3.32308714].
2024-02-13 18:23:57,927 - INFO - Maximum log composite likelihood: -488.6048873248639.
2024-02-13 18:23:57,927 - INFO - Optimal value of theta: 253.8091503989053.
2024-02-13 18:23:57,927 - INFO - Beginning optimization with guess, [1.44152132].
2024-02-13 18:24:22,676 - INFO - Finished optimization with guess, [1.44152132].
2024-02-13 18:24:22,677 - INFO - Best fit parameters: [1.44152132].
2024-02-13 18:24:23,670 - INFO - Maximum log composite likelihood: -488.6048873248639.
2024-02-13 18:24:23,670 - INFO - Optimal value of theta: 253.8091503989053.
2024-02-13 18:24:23,670 - INFO - Beginning optimization with guess, [1.57589425].
2024-02-13 18:24:48,402 - INFO - Finished optimization with guess, [1.57589425].
2024-02-13 18:24:48,404 - INFO - Best fit parameters: [1.57589425].
2024-02-13 18:24:49,467 - INFO - Maximum log composite likelihood: -488.6048873248639.
2024-02-13 18:24:49,467 - INFO - Optimal value of theta: 253.8091503989053.
2024-02-13 18:24:49,467 - INFO - Beginning optimization with guess, [6.48374104].
2024-02-13 18:25:20,609 - INFO - Finished optimization with guess, [6.48374104].
2024-02-13 18:25:20,610 - INFO - Best fit parameters: [6.48374104].
2024-02-13 18:25:21,595 - INFO - Maximum log composite likelihood: -488.6048873248639.
2024-02-13 18:25:21,595 - INFO - Optimal value of theta: 253.8091503989053.
2024-02-13 18:25:21,595 - INFO - Beginning optimization with guess, [2.90524151].
2024-02-13 18:25:53,106 - INFO - Finished optimization with guess, [2.90524151].
2024-02-13 18:25:53,107 - INFO - Best fit parameters: [2.90524151].
2024-02-13 18:25:54,041 - INFO - Maximum log composite likelihood: -488.6048873248639.
2024-02-13 18:25:54,041 - INFO - Optimal value of theta: 253.8091503989053.
2024-02-13 18:25:54,041 - INFO - Beginning optimization with guess, [4.99439405].
2024-02-13 18:26:24,203 - INFO - Finished optimization with guess, [4.99439405].
2024-02-13 18:26:24,203 - INFO - Best fit parameters: [4.99439405].
2024-02-13 18:26:25,098 - INFO - Maximum log composite likelihood: -488.6048873248639.
2024-02-13 18:26:25,098 - INFO - Optimal value of theta: 253.8091503989053.
2024-02-13 18:26:25,098 - INFO - Beginning optimization with guess, [3.90906133].
2024-02-13 18:26:54,052 - INFO - Finished optimization with guess, [3.90906133].
2024-02-13 18:26:54,053 - INFO - Best fit parameters: [3.90906133].
2024-02-13 18:26:54,938 - INFO - Maximum log composite likelihood: -488.6048873248639.
2024-02-13 18:26:54,938 - INFO - Optimal value of theta: 253.8091503989053.
2024-02-13 18:26:54,938 - INFO - Beginning optimization with guess, [3.72532717].
2024-02-13 18:27:24,187 - INFO - Finished optimization with guess, [3.72532717].
2024-02-13 18:27:24,187 - INFO - Best fit parameters: [3.72532717].
2024-02-13 18:27:25,078 - INFO - Maximum log composite likelihood: -488.6048873248639.
2024-02-13 18:27:25,078 - INFO - Optimal value of theta: 253.8091503989053.
2024-02-13 18:27:25,078 - INFO - Beginning optimization with guess, [4.64041742].
2024-02-13 18:27:54,444 - INFO - Finished optimization with guess, [4.64041742].
2024-02-13 18:27:54,445 - INFO - Best fit parameters: [4.64041742].
2024-02-13 18:27:55,330 - INFO - Maximum log composite likelihood: -488.6048873248639.
2024-02-13 18:27:55,331 - INFO - Optimal value of theta: 253.8091503989053.
2024-02-13 18:27:55,331 - INFO - Beginning optimization with guess, [6.15782368].
2024-02-13 18:28:24,200 - INFO - Finished optimization with guess, [6.15782368].
2024-02-13 18:28:24,200 - INFO - Best fit parameters: [6.15782368].
2024-02-13 18:28:25,090 - INFO - Maximum log composite likelihood: -488.6048873248639.
2024-02-13 18:28:25,090 - INFO - Optimal value of theta: 253.8091503989053.
2024-02-13 18:28:25,095 - INFO - Beginning demographic inference for two-epoch demographic model.
2024-02-13 18:28:25,097 - INFO - Beginning optimization with guess, [0.06054984 0.01629549].
2024-02-13 18:29:08,586 - INFO - Finished optimization with guess, [0.06054984 0.01629549].
2024-02-13 18:29:08,587 - INFO - Best fit parameters: [4.98191407 0.01817874].
2024-02-13 18:29:09,486 - INFO - Maximum log composite likelihood: -376.2277771939846.
2024-02-13 18:29:09,486 - INFO - Optimal value of theta: 196.06449737613863.
2024-02-13 18:29:09,486 - INFO - Beginning optimization with guess, [0.25859527 0.00662033].
2024-02-13 18:29:55,799 - INFO - Finished optimization with guess, [0.25859527 0.00662033].
2024-02-13 18:29:55,800 - INFO - Best fit parameters: [5.18525792 0.01920287].
2024-02-13 18:29:56,793 - INFO - Maximum log composite likelihood: -376.1631427734916.
2024-02-13 18:29:56,793 - INFO - Optimal value of theta: 193.32633633721264.
2024-02-13 18:29:56,793 - INFO - Beginning optimization with guess, [0.38763524 0.00777261].
2024-02-13 18:30:40,813 - INFO - Finished optimization with guess, [0.38763524 0.00777261].
2024-02-13 18:30:40,814 - INFO - Best fit parameters: [5.51399229 0.02044407].
2024-02-13 18:30:41,710 - INFO - Maximum log composite likelihood: -376.6445586080386.
2024-02-13 18:30:41,710 - INFO - Optimal value of theta: 189.73443776446186.
2024-02-13 18:30:41,710 - INFO - Beginning optimization with guess, [0.38438593 0.0168977 ].
2024-02-13 18:31:27,257 - INFO - Finished optimization with guess, [0.38438593 0.0168977 ].
2024-02-13 18:31:27,258 - INFO - Best fit parameters: [6.23944459 0.01408858].
2024-02-13 18:31:28,161 - INFO - Maximum log composite likelihood: -377.26186879676936.
2024-02-13 18:31:28,161 - INFO - Optimal value of theta: 199.73397730966337.
2024-02-13 18:31:28,161 - INFO - Beginning optimization with guess, [0.67902219 0.00645481].
2024-02-13 18:32:12,248 - INFO - Finished optimization with guess, [0.67902219 0.00645481].
2024-02-13 18:32:12,248 - INFO - Best fit parameters: [7.77250803 0.01202856].
2024-02-13 18:32:13,128 - INFO - Maximum log composite likelihood: -379.36000282724353.
2024-02-13 18:32:13,128 - INFO - Optimal value of theta: 201.64472753331577.
2024-02-13 18:32:13,128 - INFO - Beginning optimization with guess, [0.35979179 0.00903217].
2024-02-13 18:32:55,427 - INFO - Finished optimization with guess, [0.35979179 0.00903217].
2024-02-13 18:32:55,428 - INFO - Best fit parameters: [5.385406   0.02047217].
2024-02-13 18:32:56,424 - INFO - Maximum log composite likelihood: -376.5149097718223.
2024-02-13 18:32:56,424 - INFO - Optimal value of theta: 190.26510235606864.
2024-02-13 18:32:56,424 - INFO - Beginning optimization with guess, [0.43206586 0.01180584].
2024-02-13 18:33:39,014 - INFO - Finished optimization with guess, [0.43206586 0.01180584].
2024-02-13 18:33:39,015 - INFO - Best fit parameters: [2.77604234 0.02928016].
2024-02-13 18:33:39,920 - INFO - Maximum log composite likelihood: -383.1981990686457.
2024-02-13 18:33:39,920 - INFO - Optimal value of theta: 196.66878702095698.
2024-02-13 18:33:39,920 - INFO - Beginning optimization with guess, [0.46120873 0.0086047 ].
2024-02-13 18:34:23,248 - INFO - Finished optimization with guess, [0.46120873 0.0086047 ].
2024-02-13 18:34:23,249 - INFO - Best fit parameters: [5.67020771 0.01894531].
2024-02-13 18:34:24,241 - INFO - Maximum log composite likelihood: -376.41464691287047.
2024-02-13 18:34:24,242 - INFO - Optimal value of theta: 191.67888456573235.
2024-02-13 18:34:24,242 - INFO - Beginning optimization with guess, [0.57244057 0.00577044].
2024-02-13 18:35:08,297 - INFO - Finished optimization with guess, [0.57244057 0.00577044].
2024-02-13 18:35:08,298 - INFO - Best fit parameters: [4.63134972 0.01834737].
2024-02-13 18:35:09,167 - INFO - Maximum log composite likelihood: -376.62442681044297.
2024-02-13 18:35:09,167 - INFO - Optimal value of theta: 197.55533402652574.
2024-02-13 18:35:09,168 - INFO - Beginning optimization with guess, [0.81808408 0.01385762].
2024-02-13 18:35:47,783 - INFO - Finished optimization with guess, [0.81808408 0.01385762].
2024-02-13 18:35:47,784 - INFO - Best fit parameters: [2.65087054 0.02354311].
2024-02-13 18:35:48,625 - INFO - Maximum log composite likelihood: -384.99322570543734.
2024-02-13 18:35:48,625 - INFO - Optimal value of theta: 204.56259837078315.
2024-02-13 18:35:48,625 - INFO - Beginning optimization with guess, [2.15768218 0.01641229].
2024-02-13 18:36:29,757 - INFO - Finished optimization with guess, [2.15768218 0.01641229].
2024-02-13 18:36:29,758 - INFO - Best fit parameters: [5.22791792 0.0184699 ].
2024-02-13 18:36:30,634 - INFO - Maximum log composite likelihood: -376.12899851467375.
2024-02-13 18:36:30,634 - INFO - Optimal value of theta: 194.4093695359672.
2024-02-13 18:36:30,634 - INFO - Beginning optimization with guess, [0.95940234 0.00949212].
2024-02-13 18:37:11,604 - INFO - Finished optimization with guess, [0.95940234 0.00949212].
2024-02-13 18:37:11,605 - INFO - Best fit parameters: [1.24010673 0.04915831].
2024-02-13 18:37:12,445 - INFO - Maximum log composite likelihood: -453.93671627474833.
2024-02-13 18:37:12,445 - INFO - Optimal value of theta: 235.15641394887282.
2024-02-13 18:37:12,445 - INFO - Beginning optimization with guess, [2.03736268 0.00604626].
2024-02-13 18:37:53,158 - INFO - Finished optimization with guess, [2.03736268 0.00604626].
2024-02-13 18:37:53,159 - INFO - Best fit parameters: [4.6909177  0.02066885].
2024-02-13 18:37:54,044 - INFO - Maximum log composite likelihood: -376.238033891769.
2024-02-13 18:37:54,044 - INFO - Optimal value of theta: 192.36152478320435.
2024-02-13 18:37:54,045 - INFO - Beginning optimization with guess, [2.7247811  0.00593984].
2024-02-13 18:38:37,759 - INFO - Finished optimization with guess, [2.7247811  0.00593984].
2024-02-13 18:38:37,760 - INFO - Best fit parameters: [4.53558807 0.02056758].
2024-02-13 18:38:38,601 - INFO - Maximum log composite likelihood: -376.2075244477248.
2024-02-13 18:38:38,601 - INFO - Optimal value of theta: 193.16362853860957.
2024-02-13 18:38:38,601 - INFO - Beginning optimization with guess, [2.06223288 0.01607363].
2024-02-13 18:39:21,616 - INFO - Finished optimization with guess, [2.06223288 0.01607363].
2024-02-13 18:39:21,617 - INFO - Best fit parameters: [5.21953394 0.01849965].
2024-02-13 18:39:22,603 - INFO - Maximum log composite likelihood: -376.1293523946597.
2024-02-13 18:39:22,603 - INFO - Optimal value of theta: 194.39433568530387.
2024-02-13 18:39:22,603 - INFO - Beginning optimization with guess, [4.27196076 0.00553064].
2024-02-13 18:40:05,275 - INFO - Finished optimization with guess, [4.27196076 0.00553064].
2024-02-13 18:40:05,276 - INFO - Best fit parameters: [5.24452572 0.0183754 ].
2024-02-13 18:40:06,129 - INFO - Maximum log composite likelihood: -376.1285309515354.
2024-02-13 18:40:06,129 - INFO - Optimal value of theta: 194.50327072760186.
2024-02-13 18:40:06,129 - INFO - Beginning optimization with guess, [2.0882253  0.00940927].
2024-02-13 18:40:45,819 - INFO - Finished optimization with guess, [2.0882253  0.00940927].
2024-02-13 18:40:45,820 - INFO - Best fit parameters: [5.23015436 0.01834644].
2024-02-13 18:40:46,673 - INFO - Maximum log composite likelihood: -376.12879968079636.
2024-02-13 18:40:46,673 - INFO - Optimal value of theta: 194.61907956059403.
2024-02-13 18:40:46,673 - INFO - Beginning optimization with guess, [1.87205202 0.0088967 ].
2024-02-13 18:41:29,157 - INFO - Finished optimization with guess, [1.87205202 0.0088967 ].
2024-02-13 18:41:29,158 - INFO - Best fit parameters: [5.28198698 0.01831967].
2024-02-13 18:41:30,012 - INFO - Maximum log composite likelihood: -376.1298608668022.
2024-02-13 18:41:30,012 - INFO - Optimal value of theta: 194.4372229337718.
2024-02-13 18:41:30,012 - INFO - Beginning optimization with guess, [1.77294954 0.01137049].
2024-02-13 18:42:11,577 - INFO - Finished optimization with guess, [1.77294954 0.01137049].
2024-02-13 18:42:11,578 - INFO - Best fit parameters: [5.28647944 0.01819411].
2024-02-13 18:42:12,432 - INFO - Maximum log composite likelihood: -376.13044141078075.
2024-02-13 18:42:12,432 - INFO - Optimal value of theta: 194.6435578826166.
2024-02-13 18:42:12,432 - INFO - Beginning optimization with guess, [5.98789395 0.00657627].
2024-02-13 18:42:54,410 - INFO - Finished optimization with guess, [5.98789395 0.00657627].
2024-02-13 18:42:54,411 - INFO - Best fit parameters: [5.24112873 0.01836889].
2024-02-13 18:42:55,264 - INFO - Maximum log composite likelihood: -376.12851876745276.
2024-02-13 18:42:55,264 - INFO - Optimal value of theta: 194.53002243834902.
2024-02-13 18:42:55,264 - INFO - Beginning optimization with guess, [3.77666159 0.00689705].
2024-02-13 18:43:45,339 - INFO - Finished optimization with guess, [3.77666159 0.00689705].
2024-02-13 18:43:45,340 - INFO - Best fit parameters: [5.24101178 0.01836572].
2024-02-13 18:43:46,186 - INFO - Maximum log composite likelihood: -376.1285209098434.
2024-02-13 18:43:46,186 - INFO - Optimal value of theta: 194.53620416730325.
2024-02-13 18:43:46,186 - INFO - Beginning optimization with guess, [9.78530521 0.01708602].
2024-02-13 18:44:28,687 - INFO - Finished optimization with guess, [9.78530521 0.01708602].
2024-02-13 18:44:28,689 - INFO - Best fit parameters: [5.24332366 0.01834704].
2024-02-13 18:44:29,565 - INFO - Maximum log composite likelihood: -376.1285437915483.
2024-02-13 18:44:29,565 - INFO - Optimal value of theta: 194.5592671651789.
2024-02-13 18:44:29,565 - INFO - Beginning optimization with guess, [8.72365741 0.00924392].
2024-02-13 18:45:13,982 - INFO - Finished optimization with guess, [8.72365741 0.00924392].
2024-02-13 18:45:13,984 - INFO - Best fit parameters: [5.24128049 0.01838005].
2024-02-13 18:45:14,873 - INFO - Maximum log composite likelihood: -376.12852371094766.
2024-02-13 18:45:14,873 - INFO - Optimal value of theta: 194.5094347861665.
2024-02-13 18:45:14,874 - INFO - Beginning optimization with guess, [4.71702311 0.00630465].
2024-02-13 18:46:01,576 - INFO - Finished optimization with guess, [4.71702311 0.00630465].
2024-02-13 18:46:01,578 - INFO - Best fit parameters: [5.24171097 0.01834425].
2024-02-13 18:46:02,524 - INFO - Maximum log composite likelihood: -376.12856268594527.
2024-02-13 18:46:02,524 - INFO - Optimal value of theta: 194.5714334921407.
2024-02-13 18:46:02,524 - INFO - Beginning optimization with guess, [10.64596993  0.01079219].
2024-02-13 18:46:47,012 - INFO - Finished optimization with guess, [10.64596993  0.01079219].
2024-02-13 18:46:47,013 - INFO - Best fit parameters: [4.51548869 0.02057033].
2024-02-13 18:46:47,905 - INFO - Maximum log composite likelihood: -376.207064377015.
2024-02-13 18:46:47,905 - INFO - Optimal value of theta: 193.240869982401.
2024-02-13 18:46:47,909 - INFO - Beginning demographic inference for three-epoch demographic model.
2024-02-13 18:46:47,912 - INFO - Beginning optimization with guess, [0.00712443 0.01203155 0.0126594  0.01950375].
2024-02-13 18:47:53,012 - INFO - Finished optimization with guess, [0.00712443 0.01203155 0.0126594  0.01950375].
2024-02-13 18:47:53,013 - INFO - Best fit parameters: [0.00200708 0.01010747 0.05107913 0.0169644 ].
2024-02-13 18:47:54,444 - INFO - Maximum log composite likelihood: -481.8109494925537.
2024-02-13 18:47:54,444 - INFO - Optimal value of theta: 26942.758974805485.
2024-02-13 18:47:54,445 - INFO - Beginning optimization with guess, [0.01410743 0.0132741  0.00554339 0.00739836].
2024-02-13 19:48:39,941 - INFO - Finished optimization with guess, [0.01410743 0.0132741  0.00554339 0.00739836].
2024-02-13 19:48:39,942 - INFO - Best fit parameters: [1.84763898e-03 2.52999355e-03 1.12040454e-02 7.71659191e+00].
2024-02-13 19:49:34,381 - INFO - Maximum log composite likelihood: -488.60488731606364.
2024-02-13 19:49:34,382 - INFO - Optimal value of theta: 100320.07805852541.
2024-02-13 19:49:34,383 - INFO - Beginning optimization with guess, [0.05824844 0.02768515 0.00784317 0.01022771].
2024-02-13 19:50:13,450 - INFO - Finished optimization with guess, [0.05824844 0.02768515 0.00784317 0.01022771].
2024-02-13 19:50:13,451 - INFO - Best fit parameters: [8.65403498e-03 4.28512107e+00 1.69205978e-04 3.41994998e-02].
2024-02-13 19:50:14,286 - INFO - Maximum log composite likelihood: -371.91812646885404.
2024-02-13 19:50:14,286 - INFO - Optimal value of theta: 195.72879840476904.
2024-02-13 19:50:14,287 - INFO - Beginning optimization with guess, [0.0220771  0.0793801  0.01415053 0.00648673].
2024-02-13 19:50:56,696 - INFO - Finished optimization with guess, [0.0220771  0.0793801  0.01415053 0.00648673].
2024-02-13 19:50:56,698 - INFO - Best fit parameters: [0.01170807 0.07892148 0.04005201 0.0049272 ].
2024-02-13 19:50:57,597 - INFO - Maximum log composite likelihood: -391.0892249037362.
2024-02-13 19:50:57,598 - INFO - Optimal value of theta: 4868.637141001447.
2024-02-13 19:50:57,598 - INFO - Beginning optimization with guess, [0.04339344 0.09875076 0.00687382 0.00547366].
2024-02-13 19:51:32,665 - INFO - Finished optimization with guess, [0.04339344 0.09875076 0.00687382 0.00547366].
2024-02-13 19:51:32,666 - INFO - Best fit parameters: [7.84365713e-03 1.74864597e+01 2.09072337e-05 9.32908723e-03].
2024-02-13 19:51:33,498 - INFO - Maximum log composite likelihood: -393.2801937423552.
2024-02-13 19:51:33,498 - INFO - Optimal value of theta: 212.46606824227587.
2024-02-13 19:51:33,499 - INFO - Beginning optimization with guess, [0.31387277 0.4333545  0.00619187 0.00755866].
2024-02-13 19:52:12,486 - INFO - Finished optimization with guess, [0.31387277 0.4333545  0.00619187 0.00755866].
2024-02-13 19:52:12,487 - INFO - Best fit parameters: [1.68973851e-01 2.65517815e+00 7.47696177e-07 1.87679275e-02].
2024-02-13 19:52:13,320 - INFO - Maximum log composite likelihood: -387.45675999921514.
2024-02-13 19:52:13,320 - INFO - Optimal value of theta: 210.531165239852.
2024-02-13 19:52:13,320 - INFO - Beginning optimization with guess, [0.62586116 0.42190488 0.01463183 0.00551408].
2024-02-13 19:52:50,794 - INFO - Finished optimization with guess, [0.62586116 0.42190488 0.01463183 0.00551408].
2024-02-13 19:52:50,795 - INFO - Best fit parameters: [6.53443832e-01 4.85120979e+08 6.26006755e-26 1.30446466e-34].
2024-02-13 19:52:51,675 - INFO - Maximum log composite likelihood: -488.60488732486493.
2024-02-13 19:52:51,675 - INFO - Optimal value of theta: 253.80915039890584.
2024-02-13 19:52:51,675 - INFO - Beginning optimization with guess, [0.51567222 0.55240151 0.00755068 0.01065458].
2024-02-13 19:53:29,901 - INFO - Finished optimization with guess, [0.51567222 0.55240151 0.00755068 0.01065458].
2024-02-13 19:53:29,904 - INFO - Best fit parameters: [5.57610510e-01 1.33630635e+00 6.66681058e-06 3.65920747e-03].
2024-02-13 19:53:30,790 - INFO - Maximum log composite likelihood: -467.42469474936604.
2024-02-13 19:53:30,790 - INFO - Optimal value of theta: 248.8258719386454.
2024-02-13 19:53:30,790 - INFO - Beginning optimization with guess, [0.46134775 1.28022373 0.01121106 0.01997455].
2024-02-13 19:54:08,550 - INFO - Finished optimization with guess, [0.46134775 1.28022373 0.01121106 0.01997455].
2024-02-13 19:54:08,551 - INFO - Best fit parameters: [0.39441756 1.52682001 0.58581777 0.0158879 ].
2024-02-13 19:54:09,452 - INFO - Maximum log composite likelihood: -361.54955841572587.
2024-02-13 19:54:09,452 - INFO - Optimal value of theta: 396.72221350351447.
2024-02-13 19:54:09,452 - INFO - Beginning optimization with guess, [0.61244772 0.73294389 0.01501151 0.00961968].
2024-02-13 19:54:47,920 - INFO - Finished optimization with guess, [0.61244772 0.73294389 0.01501151 0.00961968].
2024-02-13 19:54:47,921 - INFO - Best fit parameters: [2.50348239e-01 3.94545538e+00 5.94406527e-07 2.95351708e-02].
2024-02-13 19:54:48,792 - INFO - Maximum log composite likelihood: -379.1820492516813.
2024-02-13 19:54:48,792 - INFO - Optimal value of theta: 183.93746049454728.
2024-02-13 19:54:48,792 - INFO - Beginning optimization with guess, [2.49192494 1.06789263 0.01005592 0.01026739].
2024-02-13 19:55:25,349 - INFO - Finished optimization with guess, [2.49192494 1.06789263 0.01005592 0.01026739].
2024-02-13 19:55:25,351 - INFO - Best fit parameters: [4.85353789e+00 9.92851163e-01 1.98794585e-02 8.02018718e-05].
2024-02-13 19:55:26,220 - INFO - Maximum log composite likelihood: -376.18120190928005.
2024-02-13 19:55:26,220 - INFO - Optimal value of theta: 194.06212578416162.
2024-02-13 19:55:26,220 - INFO - Beginning optimization with guess, [1.25532239 1.28298238 0.01220977 0.01379521].
2024-02-13 19:56:03,310 - INFO - Finished optimization with guess, [1.25532239 1.28298238 0.01220977 0.01379521].
2024-02-13 19:56:03,311 - INFO - Best fit parameters: [0.76773646 3.17236166 0.02774119 0.033229  ].
2024-02-13 19:56:04,155 - INFO - Maximum log composite likelihood: -376.2987159318177.
2024-02-13 19:56:04,155 - INFO - Optimal value of theta: 193.8076069331404.
2024-02-13 19:56:04,155 - INFO - Beginning optimization with guess, [1.51159358 1.37435659 0.00767744 0.01342485].
2024-02-13 19:56:42,171 - INFO - Finished optimization with guess, [1.51159358 1.37435659 0.00767744 0.01342485].
2024-02-13 19:56:42,172 - INFO - Best fit parameters: [0.91297699 4.04325189 0.35670787 0.03390307].
2024-02-13 19:56:43,054 - INFO - Maximum log composite likelihood: -378.6705257866477.
2024-02-13 19:56:43,054 - INFO - Optimal value of theta: 184.16974952039337.
2024-02-13 19:56:43,054 - INFO - Beginning optimization with guess, [3.3924751  1.12880515 0.00580341 0.01314082].
2024-02-13 19:57:24,334 - INFO - Finished optimization with guess, [3.3924751  1.12880515 0.00580341 0.01314082].
2024-02-13 19:57:24,337 - INFO - Best fit parameters: [3.08288905e+00 1.14588736e+00 2.11650600e-02 1.15463904e-04].
2024-02-13 19:57:25,219 - INFO - Maximum log composite likelihood: -381.5130989971627.
2024-02-13 19:57:25,219 - INFO - Optimal value of theta: 202.89739700259676.
2024-02-13 19:57:25,219 - INFO - Beginning optimization with guess, [3.29800643 1.91751129 0.00840758 0.01570485].
2024-02-13 19:58:03,146 - INFO - Finished optimization with guess, [3.29800643 1.91751129 0.00840758 0.01570485].
2024-02-13 19:58:03,147 - INFO - Best fit parameters: [4.51318064e+00 3.32095124e+00 1.97903422e-02 5.34532295e-04].
2024-02-13 19:58:04,035 - INFO - Maximum log composite likelihood: -376.20394297460433.
2024-02-13 19:58:04,035 - INFO - Optimal value of theta: 194.14283020779922.
2024-02-13 19:58:04,035 - INFO - Beginning optimization with guess, [1.25524899 3.21484572 0.01262866 0.00653646].
2024-02-13 19:58:46,526 - INFO - Finished optimization with guess, [1.25524899 3.21484572 0.01262866 0.00653646].
2024-02-13 19:58:46,527 - INFO - Best fit parameters: [1.26468946 3.85795551 0.00782264 0.02146247].
2024-02-13 19:58:47,421 - INFO - Maximum log composite likelihood: -377.07898887110446.
2024-02-13 19:58:47,421 - INFO - Optimal value of theta: 192.4736787425644.
2024-02-13 19:58:47,421 - INFO - Beginning optimization with guess, [3.42576429 1.96608028 0.01101854 0.00976311].
2024-02-13 19:59:24,733 - INFO - Finished optimization with guess, [3.42576429 1.96608028 0.01101854 0.00976311].
2024-02-13 19:59:24,734 - INFO - Best fit parameters: [4.63351192e+00 1.98052445e+00 2.37791216e-02 7.54781593e-04].
2024-02-13 19:59:25,612 - INFO - Maximum log composite likelihood: -376.9966640409934.
2024-02-13 19:59:25,612 - INFO - Optimal value of theta: 187.79582890464548.
2024-02-13 19:59:25,612 - INFO - Beginning optimization with guess, [4.05509507 3.52602372 0.00849932 0.01525133].
2024-02-13 20:00:03,661 - INFO - Finished optimization with guess, [4.05509507 3.52602372 0.00849932 0.01525133].
2024-02-13 20:00:03,662 - INFO - Best fit parameters: [5.19816287 4.12144558 0.0101689  0.00933255].
2024-02-13 20:00:04,539 - INFO - Maximum log composite likelihood: -375.6576437324933.
2024-02-13 20:00:04,539 - INFO - Optimal value of theta: 193.51913137862954.
2024-02-13 20:00:04,539 - INFO - Beginning optimization with guess, [4.28040091 3.87793711 0.01958901 0.01344172].
2024-02-13 20:00:41,416 - INFO - Finished optimization with guess, [4.28040091 3.87793711 0.01958901 0.01344172].
2024-02-13 20:00:41,417 - INFO - Best fit parameters: [6.41493466e+00 3.51758132e+00 1.37910110e-02 3.98157225e-03].
2024-02-13 20:00:42,296 - INFO - Maximum log composite likelihood: -375.49690989557996.
2024-02-13 20:00:42,296 - INFO - Optimal value of theta: 194.2505325536691.
2024-02-13 20:00:42,297 - INFO - Beginning optimization with guess, [5.04963922 4.66649748 0.00563191 0.01207947].
2024-02-13 20:01:20,583 - INFO - Finished optimization with guess, [5.04963922 4.66649748 0.00563191 0.01207947].
2024-02-13 20:01:20,585 - INFO - Best fit parameters: [5.3311525  4.26207703 0.0094071  0.00980242].
2024-02-13 20:01:21,460 - INFO - Maximum log composite likelihood: -375.6647506353145.
2024-02-13 20:01:21,460 - INFO - Optimal value of theta: 193.37987184861797.
2024-02-13 20:01:21,460 - INFO - Beginning optimization with guess, [5.69604644 3.38987747 0.01414615 0.00605803].
2024-02-13 20:02:00,380 - INFO - Finished optimization with guess, [5.69604644 3.38987747 0.01414615 0.00605803].
2024-02-13 20:02:00,388 - INFO - Best fit parameters: [1.05555320e+01 2.26219858e+00 1.35573555e-02 4.12561732e-03].
2024-02-13 20:02:01,281 - INFO - Maximum log composite likelihood: -375.23178753109335.
2024-02-13 20:02:01,281 - INFO - Optimal value of theta: 194.65627608314767.
2024-02-13 20:02:01,281 - INFO - Beginning optimization with guess, [6.29133928e+00 2.98878973e+00 5.61686161e-03 1.31856933e-02].
2024-02-13 20:02:42,744 - INFO - Finished optimization with guess, [6.29133928e+00 2.98878973e+00 5.61686161e-03 1.31856933e-02].
2024-02-13 20:02:42,747 - INFO - Best fit parameters: [7.93321502e+00 2.96126547e+00 1.35552041e-02 4.29694360e-03].
2024-02-13 20:02:43,635 - INFO - Maximum log composite likelihood: -375.3350315237827.
2024-02-13 20:02:43,635 - INFO - Optimal value of theta: 193.7883160851927.
2024-02-13 20:02:43,635 - INFO - Beginning optimization with guess, [6.03457364e+00 9.12606791e+00 5.56491372e-03 1.75544737e-02].
2024-02-13 20:03:24,765 - INFO - Finished optimization with guess, [6.03457364e+00 9.12606791e+00 5.56491372e-03 1.75544737e-02].
2024-02-13 20:03:24,766 - INFO - Best fit parameters: [6.69330422e+00 4.78560364e+00 2.48293603e-03 1.64948240e-02].
2024-02-13 20:03:25,752 - INFO - Maximum log composite likelihood: -376.047656487097.
2024-02-13 20:03:25,753 - INFO - Optimal value of theta: 193.7342521219425.
2024-02-13 20:03:25,753 - INFO - Beginning optimization with guess, [4.29838710e+00 1.20066925e+01 1.44091438e-02 9.77277802e-03].
2024-02-13 20:04:05,938 - INFO - Finished optimization with guess, [4.29838710e+00 1.20066925e+01 1.44091438e-02 9.77277802e-03].
2024-02-13 20:04:05,939 - INFO - Best fit parameters: [6.64129648e+00 2.47144653e+00 1.63346990e-02 2.61601286e-03].
2024-02-13 20:04:06,835 - INFO - Maximum log composite likelihood: -375.4262256387449.
2024-02-13 20:04:06,835 - INFO - Optimal value of theta: 193.35098270000236.
2024-02-13 20:04:06,835 - INFO - Beginning optimization with guess, [7.81643838e+00 1.20072049e+01 8.16170165e-03 1.38518597e-02].
2024-02-13 20:04:45,558 - INFO - Finished optimization with guess, [7.81643838e+00 1.20072049e+01 8.16170165e-03 1.38518597e-02].
2024-02-13 20:04:45,559 - INFO - Best fit parameters: [7.28199784e+00 4.43826788e+00 2.18682297e-03 1.66940589e-02].
2024-02-13 20:04:46,432 - INFO - Maximum log composite likelihood: -376.21362395262884.
2024-02-13 20:04:46,432 - INFO - Optimal value of theta: 195.7996766386943.
2024-02-13 20:04:46,436 - INFO - Finished demographic inference.
2024-02-13 20:04:46,436 - INFO - Pipeline executed succesfully.
