2024-02-12 11:56:40,039 - INFO - Beginning execution of fit_demographic_model.py in directory /u/project/kirk/jonmah/sample_size_demography/Scripts

2024-02-12 11:56:40,039 - INFO - Progress is being logged to ../Analysis/ooa_simulated_50/log.log

2024-02-12 11:56:40,039 - INFO - Parsed the following arguments:
	syn_input_sfs = ../Analysis/ooa_simulated_50/syn_downsampled_sfs.txt
	mask_singletons = False
	mask_doubletons = False
	outprefix = ../Analysis/ooa_simulated_50/

2024-02-12 11:56:40,041 - INFO - Beginning demographic inference for one-epoch demographic model.
2024-02-12 11:56:40,048 - INFO - Beginning optimization with guess, [0.14801014].
2024-02-12 11:56:46,077 - INFO - Finished optimization with guess, [0.14801014].
2024-02-12 11:56:46,079 - INFO - Best fit parameters: [0.14801014].
2024-02-12 11:56:46,337 - INFO - Maximum log composite likelihood: -170.34026232574067.
2024-02-12 11:56:46,337 - INFO - Optimal value of theta: 463.36927711422055.
2024-02-12 11:56:46,337 - INFO - Beginning optimization with guess, [0.21036634].
2024-02-12 11:56:51,143 - INFO - Finished optimization with guess, [0.21036634].
2024-02-12 11:56:51,144 - INFO - Best fit parameters: [0.21036634].
2024-02-12 11:56:51,294 - INFO - Maximum log composite likelihood: -170.34026232574067.
2024-02-12 11:56:51,294 - INFO - Optimal value of theta: 463.36927711422055.
2024-02-12 11:56:51,295 - INFO - Beginning optimization with guess, [0.30283028].
2024-02-12 11:56:56,878 - INFO - Finished optimization with guess, [0.30283028].
2024-02-12 11:56:56,880 - INFO - Best fit parameters: [0.30283028].
2024-02-12 11:56:57,081 - INFO - Maximum log composite likelihood: -170.34026232574067.
2024-02-12 11:56:57,081 - INFO - Optimal value of theta: 463.36927711422055.
2024-02-12 11:56:57,082 - INFO - Beginning optimization with guess, [0.24503177].
2024-02-12 11:57:02,908 - INFO - Finished optimization with guess, [0.24503177].
2024-02-12 11:57:02,909 - INFO - Best fit parameters: [0.24503177].
2024-02-12 11:57:03,157 - INFO - Maximum log composite likelihood: -170.34026232574067.
2024-02-12 11:57:03,157 - INFO - Optimal value of theta: 463.36927711422055.
2024-02-12 11:57:03,158 - INFO - Beginning optimization with guess, [0.46056986].
2024-02-12 11:57:08,628 - INFO - Finished optimization with guess, [0.46056986].
2024-02-12 11:57:08,628 - INFO - Best fit parameters: [0.46056986].
2024-02-12 11:57:08,816 - INFO - Maximum log composite likelihood: -170.34026232574067.
2024-02-12 11:57:08,816 - INFO - Optimal value of theta: 463.36927711422055.
2024-02-12 11:57:08,817 - INFO - Beginning optimization with guess, [0.92184626].
2024-02-12 11:57:12,586 - INFO - Finished optimization with guess, [0.92184626].
2024-02-12 11:57:12,587 - INFO - Best fit parameters: [0.92184626].
2024-02-12 11:57:12,841 - INFO - Maximum log composite likelihood: -170.34026232574067.
2024-02-12 11:57:12,841 - INFO - Optimal value of theta: 463.36927711422055.
2024-02-12 11:57:12,841 - INFO - Beginning optimization with guess, [1.04849115].
2024-02-12 11:57:15,839 - INFO - Finished optimization with guess, [1.04849115].
2024-02-12 11:57:15,840 - INFO - Best fit parameters: [1.04849115].
2024-02-12 11:57:16,061 - INFO - Maximum log composite likelihood: -170.34026232574067.
2024-02-12 11:57:16,061 - INFO - Optimal value of theta: 463.36927711422055.
2024-02-12 11:57:16,061 - INFO - Beginning optimization with guess, [1.0830024].
2024-02-12 11:57:19,963 - INFO - Finished optimization with guess, [1.0830024].
2024-02-12 11:57:19,964 - INFO - Best fit parameters: [1.0830024].
2024-02-12 11:57:20,197 - INFO - Maximum log composite likelihood: -170.34026232574067.
2024-02-12 11:57:20,197 - INFO - Optimal value of theta: 463.36927711422055.
2024-02-12 11:57:20,198 - INFO - Beginning optimization with guess, [0.63918999].
2024-02-12 11:57:25,181 - INFO - Finished optimization with guess, [0.63918999].
2024-02-12 11:57:25,183 - INFO - Best fit parameters: [0.63918999].
2024-02-12 11:57:25,434 - INFO - Maximum log composite likelihood: -170.34026232574067.
2024-02-12 11:57:25,434 - INFO - Optimal value of theta: 463.36927711422055.
2024-02-12 11:57:25,434 - INFO - Beginning optimization with guess, [1.81897519].
2024-02-12 11:57:31,084 - INFO - Finished optimization with guess, [1.81897519].
2024-02-12 11:57:31,085 - INFO - Best fit parameters: [1.81897519].
2024-02-12 11:57:31,278 - INFO - Maximum log composite likelihood: -170.34026232574067.
2024-02-12 11:57:31,278 - INFO - Optimal value of theta: 463.36927711422055.
2024-02-12 11:57:31,278 - INFO - Beginning optimization with guess, [1.73831433].
2024-02-12 11:57:36,793 - INFO - Finished optimization with guess, [1.73831433].
2024-02-12 11:57:36,794 - INFO - Best fit parameters: [1.73831433].
2024-02-12 11:57:36,976 - INFO - Maximum log composite likelihood: -170.34026232574067.
2024-02-12 11:57:36,976 - INFO - Optimal value of theta: 463.36927711422055.
2024-02-12 11:57:36,976 - INFO - Beginning optimization with guess, [1.68734015].
2024-02-12 11:57:42,471 - INFO - Finished optimization with guess, [1.68734015].
2024-02-12 11:57:42,472 - INFO - Best fit parameters: [1.68734015].
2024-02-12 11:57:42,665 - INFO - Maximum log composite likelihood: -170.34026232574067.
2024-02-12 11:57:42,665 - INFO - Optimal value of theta: 463.36927711422055.
2024-02-12 11:57:42,666 - INFO - Beginning optimization with guess, [1.54750579].
2024-02-12 11:57:47,451 - INFO - Finished optimization with guess, [1.54750579].
2024-02-12 11:57:47,453 - INFO - Best fit parameters: [1.54750579].
2024-02-12 11:57:47,701 - INFO - Maximum log composite likelihood: -170.34026232574067.
2024-02-12 11:57:47,701 - INFO - Optimal value of theta: 463.36927711422055.
2024-02-12 11:57:47,701 - INFO - Beginning optimization with guess, [1.41501464].
2024-02-12 11:57:52,667 - INFO - Finished optimization with guess, [1.41501464].
2024-02-12 11:57:52,669 - INFO - Best fit parameters: [1.41501464].
2024-02-12 11:57:52,924 - INFO - Maximum log composite likelihood: -170.34026232574067.
2024-02-12 11:57:52,924 - INFO - Optimal value of theta: 463.36927711422055.
2024-02-12 11:57:52,924 - INFO - Beginning optimization with guess, [1.30462056].
2024-02-12 11:57:58,441 - INFO - Finished optimization with guess, [1.30462056].
2024-02-12 11:57:58,442 - INFO - Best fit parameters: [1.30462056].
2024-02-12 11:57:58,656 - INFO - Maximum log composite likelihood: -170.34026232574067.
2024-02-12 11:57:58,656 - INFO - Optimal value of theta: 463.36927711422055.
2024-02-12 11:57:58,656 - INFO - Beginning optimization with guess, [1.99410308].
2024-02-12 11:58:03,758 - INFO - Finished optimization with guess, [1.99410308].
2024-02-12 11:58:03,758 - INFO - Best fit parameters: [1.99410308].
2024-02-12 11:58:03,912 - INFO - Maximum log composite likelihood: -170.34026232574067.
2024-02-12 11:58:03,912 - INFO - Optimal value of theta: 463.36927711422055.
2024-02-12 11:58:03,912 - INFO - Beginning optimization with guess, [1.95353947].
2024-02-12 11:58:08,898 - INFO - Finished optimization with guess, [1.95353947].
2024-02-12 11:58:08,899 - INFO - Best fit parameters: [1.95353947].
2024-02-12 11:58:09,091 - INFO - Maximum log composite likelihood: -170.34026232574067.
2024-02-12 11:58:09,091 - INFO - Optimal value of theta: 463.36927711422055.
2024-02-12 11:58:09,091 - INFO - Beginning optimization with guess, [1.8727612].
2024-02-12 11:58:14,168 - INFO - Finished optimization with guess, [1.8727612].
2024-02-12 11:58:14,168 - INFO - Best fit parameters: [1.8727612].
2024-02-12 11:58:14,321 - INFO - Maximum log composite likelihood: -170.34026232574067.
2024-02-12 11:58:14,321 - INFO - Optimal value of theta: 463.36927711422055.
2024-02-12 11:58:14,321 - INFO - Beginning optimization with guess, [2.53997531].
2024-02-12 11:58:19,470 - INFO - Finished optimization with guess, [2.53997531].
2024-02-12 11:58:19,470 - INFO - Best fit parameters: [2.53997531].
2024-02-12 11:58:19,623 - INFO - Maximum log composite likelihood: -170.34026232574067.
2024-02-12 11:58:19,623 - INFO - Optimal value of theta: 463.36927711422055.
2024-02-12 11:58:19,623 - INFO - Beginning optimization with guess, [2.83507047].
2024-02-12 11:58:25,131 - INFO - Finished optimization with guess, [2.83507047].
2024-02-12 11:58:25,131 - INFO - Best fit parameters: [2.83507047].
2024-02-12 11:58:25,326 - INFO - Maximum log composite likelihood: -170.34026232574067.
2024-02-12 11:58:25,327 - INFO - Optimal value of theta: 463.36927711422055.
2024-02-12 11:58:25,327 - INFO - Beginning optimization with guess, [6.12800797].
2024-02-12 11:58:30,781 - INFO - Finished optimization with guess, [6.12800797].
2024-02-12 11:58:30,782 - INFO - Best fit parameters: [6.12800797].
2024-02-12 11:58:30,978 - INFO - Maximum log composite likelihood: -170.34026232574067.
2024-02-12 11:58:30,978 - INFO - Optimal value of theta: 463.36927711422055.
2024-02-12 11:58:30,979 - INFO - Beginning optimization with guess, [7.19240943].
2024-02-12 11:58:37,400 - INFO - Finished optimization with guess, [7.19240943].
2024-02-12 11:58:37,400 - INFO - Best fit parameters: [7.19240943].
2024-02-12 11:58:37,595 - INFO - Maximum log composite likelihood: -170.34026232574067.
2024-02-12 11:58:37,595 - INFO - Optimal value of theta: 463.36927711422055.
2024-02-12 11:58:37,596 - INFO - Beginning optimization with guess, [3.57672664].
2024-02-12 11:58:43,556 - INFO - Finished optimization with guess, [3.57672664].
2024-02-12 11:58:43,558 - INFO - Best fit parameters: [3.57672664].
2024-02-12 11:58:43,771 - INFO - Maximum log composite likelihood: -170.34026232574067.
2024-02-12 11:58:43,771 - INFO - Optimal value of theta: 463.36927711422055.
2024-02-12 11:58:43,771 - INFO - Beginning optimization with guess, [7.21305313].
2024-02-12 11:58:49,494 - INFO - Finished optimization with guess, [7.21305313].
2024-02-12 11:58:49,494 - INFO - Best fit parameters: [7.21305313].
2024-02-12 11:58:49,691 - INFO - Maximum log composite likelihood: -170.34026232574067.
2024-02-12 11:58:49,691 - INFO - Optimal value of theta: 463.36927711422055.
2024-02-12 11:58:49,691 - INFO - Beginning optimization with guess, [10.83688023].
2024-02-12 11:58:56,431 - INFO - Finished optimization with guess, [10.83688023].
2024-02-12 11:58:56,432 - INFO - Best fit parameters: [10.83688023].
2024-02-12 11:58:56,617 - INFO - Maximum log composite likelihood: -170.34026232574067.
2024-02-12 11:58:56,617 - INFO - Optimal value of theta: 463.36927711422055.
2024-02-12 11:58:56,619 - INFO - Beginning demographic inference for two-epoch demographic model.
2024-02-12 11:58:56,621 - INFO - Beginning optimization with guess, [0.18430479 0.01129922].
2024-02-12 11:59:05,640 - INFO - Finished optimization with guess, [0.18430479 0.01129922].
2024-02-12 11:59:05,641 - INFO - Best fit parameters: [1.50440541e+01 1.21735796e-02].
2024-02-12 11:59:05,794 - INFO - Maximum log composite likelihood: -157.99315898867013.
2024-02-12 11:59:05,794 - INFO - Optimal value of theta: 436.22824338915956.
2024-02-12 11:59:05,795 - INFO - Beginning optimization with guess, [0.38713639 0.00947521].
2024-02-12 11:59:14,447 - INFO - Finished optimization with guess, [0.38713639 0.00947521].
2024-02-12 11:59:14,448 - INFO - Best fit parameters: [2.75689383 0.01423648].
2024-02-12 11:59:14,665 - INFO - Maximum log composite likelihood: -161.73931667742778.
2024-02-12 11:59:14,665 - INFO - Optimal value of theta: 442.91681884830547.
2024-02-12 11:59:14,666 - INFO - Beginning optimization with guess, [0.24327534 0.00814474].
2024-02-12 11:59:23,254 - INFO - Finished optimization with guess, [0.24327534 0.00814474].
2024-02-12 11:59:23,256 - INFO - Best fit parameters: [4.52931718 0.01240032].
2024-02-12 11:59:23,479 - INFO - Maximum log composite likelihood: -160.28413035919345.
2024-02-12 11:59:23,479 - INFO - Optimal value of theta: 441.00163021061854.
2024-02-12 11:59:23,479 - INFO - Beginning optimization with guess, [0.22028327 0.01395588].
2024-02-12 11:59:31,435 - INFO - Finished optimization with guess, [0.22028327 0.01395588].
2024-02-12 11:59:31,436 - INFO - Best fit parameters: [1.38712998e+01 1.24145445e-02].
2024-02-12 11:59:31,626 - INFO - Maximum log composite likelihood: -158.07893055696252.
2024-02-12 11:59:31,626 - INFO - Optimal value of theta: 435.9307888211462.
2024-02-12 11:59:31,626 - INFO - Beginning optimization with guess, [0.75467161 0.01843212].
2024-02-12 11:59:39,947 - INFO - Finished optimization with guess, [0.75467161 0.01843212].
2024-02-12 11:59:39,949 - INFO - Best fit parameters: [1.02251529e+01 8.62426826e-03].
2024-02-12 11:59:40,193 - INFO - Maximum log composite likelihood: -159.3441807901605.
2024-02-12 11:59:40,193 - INFO - Optimal value of theta: 444.4513706919395.
2024-02-12 11:59:40,194 - INFO - Beginning optimization with guess, [0.47123436 0.0117194 ].
2024-02-12 11:59:48,223 - INFO - Finished optimization with guess, [0.47123436 0.0117194 ].
2024-02-12 11:59:48,224 - INFO - Best fit parameters: [6.43645602 0.01418961].
2024-02-12 11:59:48,377 - INFO - Maximum log composite likelihood: -159.46262333787024.
2024-02-12 11:59:48,377 - INFO - Optimal value of theta: 435.6540861499241.
2024-02-12 11:59:48,377 - INFO - Beginning optimization with guess, [0.96495208 0.0190678 ].
2024-02-12 11:59:56,659 - INFO - Finished optimization with guess, [0.96495208 0.0190678 ].
2024-02-12 11:59:56,659 - INFO - Best fit parameters: [1.46813628 0.0089782 ].
2024-02-12 11:59:56,810 - INFO - Maximum log composite likelihood: -166.4102587529183.
2024-02-12 11:59:56,811 - INFO - Optimal value of theta: 456.77715416934814.
2024-02-12 11:59:56,811 - INFO - Beginning optimization with guess, [1.19523113 0.01207878].
2024-02-12 12:00:06,265 - INFO - Finished optimization with guess, [1.19523113 0.01207878].
2024-02-12 12:00:06,266 - INFO - Best fit parameters: [2.16614039e+02 1.27539275e-02].
2024-02-12 12:00:06,471 - INFO - Maximum log composite likelihood: -157.08135312132703.
2024-02-12 12:00:06,471 - INFO - Optimal value of theta: 432.7240839127009.
2024-02-12 12:00:06,472 - INFO - Beginning optimization with guess, [1.49623136 0.00578673].
2024-02-12 12:00:15,534 - INFO - Finished optimization with guess, [1.49623136 0.00578673].
2024-02-12 12:00:15,535 - INFO - Best fit parameters: [1.31822450e+03 1.10048166e-02].
2024-02-12 12:00:15,722 - INFO - Maximum log composite likelihood: -157.03774797685458.
2024-02-12 12:00:15,722 - INFO - Optimal value of theta: 436.03599398463206.
2024-02-12 12:00:15,723 - INFO - Beginning optimization with guess, [1.24476016 0.01935641].
2024-02-12 12:00:24,442 - INFO - Finished optimization with guess, [1.24476016 0.01935641].
2024-02-12 12:00:24,443 - INFO - Best fit parameters: [8.77808500e+02 1.16190378e-02].
2024-02-12 12:00:24,639 - INFO - Maximum log composite likelihood: -157.00005181076335.
2024-02-12 12:00:24,639 - INFO - Optimal value of theta: 434.87344977063276.
2024-02-12 12:00:24,640 - INFO - Beginning optimization with guess, [0.86735116 0.0097252 ].
2024-02-12 12:00:33,426 - INFO - Finished optimization with guess, [0.86735116 0.0097252 ].
2024-02-12 12:00:33,428 - INFO - Best fit parameters: [1.28058417 0.02740562].
2024-02-12 12:00:33,635 - INFO - Maximum log composite likelihood: -167.27653378255852.
2024-02-12 12:00:33,635 - INFO - Optimal value of theta: 451.49205996998944.
2024-02-12 12:00:33,635 - INFO - Beginning optimization with guess, [0.83988076 0.01735787].
2024-02-12 12:00:41,802 - INFO - Finished optimization with guess, [0.83988076 0.01735787].
2024-02-12 12:00:41,803 - INFO - Best fit parameters: [1.26160079 0.01909228].
2024-02-12 12:00:41,957 - INFO - Maximum log composite likelihood: -167.06860980503444.
2024-02-12 12:00:41,957 - INFO - Optimal value of theta: 455.0516622906556.
2024-02-12 12:00:41,957 - INFO - Beginning optimization with guess, [3.302784   0.01656545].
2024-02-12 12:00:49,316 - INFO - Finished optimization with guess, [3.302784   0.01656545].
2024-02-12 12:00:49,317 - INFO - Best fit parameters: [6.57720317e+02 1.22238699e-02].
2024-02-12 12:00:49,502 - INFO - Maximum log composite likelihood: -157.00344268299958.
2024-02-12 12:00:49,502 - INFO - Optimal value of theta: 433.6304273961945.
2024-02-12 12:00:49,503 - INFO - Beginning optimization with guess, [2.25134577 0.00833145].
2024-02-12 12:00:58,352 - INFO - Finished optimization with guess, [2.25134577 0.00833145].
2024-02-12 12:00:58,353 - INFO - Best fit parameters: [3.31044953e+03 1.13776486e-02].
2024-02-12 12:00:58,577 - INFO - Maximum log composite likelihood: -156.98194090863788.
2024-02-12 12:00:58,577 - INFO - Optimal value of theta: 434.5038905355514.
2024-02-12 12:00:58,577 - INFO - Beginning optimization with guess, [2.82647776 0.00715158].
2024-02-12 12:01:08,486 - INFO - Finished optimization with guess, [2.82647776 0.00715158].
2024-02-12 12:01:08,487 - INFO - Best fit parameters: [1.08672331e+03 1.04188117e-02].
2024-02-12 12:01:08,708 - INFO - Maximum log composite likelihood: -157.15012028349616.
2024-02-12 12:01:08,709 - INFO - Optimal value of theta: 437.49377783334177.
2024-02-12 12:01:08,709 - INFO - Beginning optimization with guess, [1.81131809 0.01902892].
2024-02-12 12:01:18,498 - INFO - Finished optimization with guess, [1.81131809 0.01902892].
2024-02-12 12:01:18,499 - INFO - Best fit parameters: [1.54930754e+05 1.17905996e-02].
2024-02-12 12:01:18,718 - INFO - Maximum log composite likelihood: -156.97809391055532.
2024-02-12 12:01:18,718 - INFO - Optimal value of theta: 434.5156950905978.
2024-02-12 12:01:18,718 - INFO - Beginning optimization with guess, [3.61485027 0.01941155].
2024-02-12 12:01:27,257 - INFO - Finished optimization with guess, [3.61485027 0.01941155].
2024-02-12 12:01:27,258 - INFO - Best fit parameters: [7.08043830e+03 1.14733436e-02].
2024-02-12 12:01:27,455 - INFO - Maximum log composite likelihood: -156.97831394255306.
2024-02-12 12:01:27,456 - INFO - Optimal value of theta: 433.9800627191451.
2024-02-12 12:01:27,456 - INFO - Beginning optimization with guess, [4.86422658 0.01261942].
2024-02-12 12:01:36,646 - INFO - Finished optimization with guess, [4.86422658 0.01261942].
2024-02-12 12:01:36,648 - INFO - Best fit parameters: [2.44043233e+04 1.16298863e-02].
2024-02-12 12:01:36,895 - INFO - Maximum log composite likelihood: -156.9766401157948.
2024-02-12 12:01:36,895 - INFO - Optimal value of theta: 434.0880924578487.
2024-02-12 12:01:36,896 - INFO - Beginning optimization with guess, [2.15534576 0.00624909].
2024-02-12 12:01:45,753 - INFO - Finished optimization with guess, [2.15534576 0.00624909].
2024-02-12 12:01:45,755 - INFO - Best fit parameters: [3.67633817 0.01543251].
2024-02-12 12:01:45,935 - INFO - Maximum log composite likelihood: -161.11140530019668.
2024-02-12 12:01:45,935 - INFO - Optimal value of theta: 438.1767798457971.
2024-02-12 12:01:45,935 - INFO - Beginning optimization with guess, [3.89302503 0.0089883 ].
2024-02-12 12:01:55,099 - INFO - Finished optimization with guess, [3.89302503 0.0089883 ].
2024-02-12 12:01:55,100 - INFO - Best fit parameters: [10.04858122  0.0130841 ].
2024-02-12 12:01:55,279 - INFO - Maximum log composite likelihood: -158.52195014301304.
2024-02-12 12:01:55,279 - INFO - Optimal value of theta: 435.5860120776413.
2024-02-12 12:01:55,280 - INFO - Beginning optimization with guess, [3.39828543 0.0076088 ].
2024-02-12 12:02:03,512 - INFO - Finished optimization with guess, [3.39828543 0.0076088 ].
2024-02-12 12:02:03,514 - INFO - Best fit parameters: [2.95856729e+03 1.14522354e-02].
2024-02-12 12:02:03,693 - INFO - Maximum log composite likelihood: -156.98164653915148.
2024-02-12 12:02:03,693 - INFO - Optimal value of theta: 434.41106942951404.
2024-02-12 12:02:03,693 - INFO - Beginning optimization with guess, [5.03285471 0.01100706].
2024-02-12 12:02:12,078 - INFO - Finished optimization with guess, [5.03285471 0.01100706].
2024-02-12 12:02:12,080 - INFO - Best fit parameters: [3.40212955e+04 1.16765247e-02].
2024-02-12 12:02:12,296 - INFO - Maximum log composite likelihood: -156.97644991037737.
2024-02-12 12:02:12,296 - INFO - Optimal value of theta: 434.1755704997283.
2024-02-12 12:02:12,296 - INFO - Beginning optimization with guess, [3.90222032 0.0143113 ].
2024-02-12 12:02:21,311 - INFO - Finished optimization with guess, [3.90222032 0.0143113 ].
2024-02-12 12:02:21,313 - INFO - Best fit parameters: [1.32890029e+01 1.15734556e-02].
2024-02-12 12:02:21,491 - INFO - Maximum log composite likelihood: -158.15791377083815.
2024-02-12 12:02:21,492 - INFO - Optimal value of theta: 437.7559022432718.
2024-02-12 12:02:21,492 - INFO - Beginning optimization with guess, [11.96044745  0.01476065].
2024-02-12 12:02:30,565 - INFO - Finished optimization with guess, [11.96044745  0.01476065].
2024-02-12 12:02:30,566 - INFO - Best fit parameters: [1.06085938e+04 1.14624112e-02].
2024-02-12 12:02:30,740 - INFO - Maximum log composite likelihood: -156.97738269587137.
2024-02-12 12:02:30,740 - INFO - Optimal value of theta: 434.0650850761914.
2024-02-12 12:02:30,740 - INFO - Beginning optimization with guess, [13.06745852  0.01513543].
2024-02-12 12:02:39,004 - INFO - Finished optimization with guess, [13.06745852  0.01513543].
2024-02-12 12:02:39,004 - INFO - Best fit parameters: [3.17645553e+04 1.17055899e-02].
2024-02-12 12:02:39,190 - INFO - Maximum log composite likelihood: -156.97655825216253.
2024-02-12 12:02:39,190 - INFO - Optimal value of theta: 434.0656333506748.
2024-02-12 12:02:39,192 - INFO - Beginning demographic inference for three-epoch demographic model.
2024-02-12 12:02:39,195 - INFO - Beginning optimization with guess, [0.00689507 0.00958274 0.01575533 0.00770856].
2024-02-12 12:02:55,339 - INFO - Finished optimization with guess, [0.00689507 0.00958274 0.01575533 0.00770856].
2024-02-12 12:02:55,340 - INFO - Best fit parameters: [0.00493537 0.0102172  0.0220165  0.00746307].
2024-02-12 12:02:55,665 - INFO - Maximum log composite likelihood: -151.53837763099114.
2024-02-12 12:02:55,665 - INFO - Optimal value of theta: 38095.68218018381.
2024-02-12 12:02:55,665 - INFO - Beginning optimization with guess, [0.02599645 0.03367309 0.00851351 0.01348246].
2024-02-12 12:03:03,832 - INFO - Finished optimization with guess, [0.02599645 0.03367309 0.00851351 0.01348246].
2024-02-12 12:03:03,833 - INFO - Best fit parameters: [4.26541925e-05 2.37516758e+03 9.53967563e-06 3.36731909e-02].
2024-02-12 12:03:04,033 - INFO - Maximum log composite likelihood: -85.72502216094557.
2024-02-12 12:03:04,033 - INFO - Optimal value of theta: 607.5772501117318.
2024-02-12 12:03:04,033 - INFO - Beginning optimization with guess, [0.01541191 0.01721309 0.01900635 0.00890218].
2024-02-12 12:03:17,587 - INFO - Finished optimization with guess, [0.01541191 0.01721309 0.01900635 0.00890218].
2024-02-12 12:03:17,588 - INFO - Best fit parameters: [0.00925023 0.01673036 0.0393815  0.00764824].
2024-02-12 12:03:17,887 - INFO - Maximum log composite likelihood: -149.95007239254863.
2024-02-12 12:03:17,887 - INFO - Optimal value of theta: 23950.88647545671.
2024-02-12 12:03:17,887 - INFO - Beginning optimization with guess, [0.02203926 0.03743061 0.01828975 0.0106968 ].
2024-02-12 12:03:29,344 - INFO - Finished optimization with guess, [0.02203926 0.03743061 0.01828975 0.0106968 ].
2024-02-12 12:03:29,344 - INFO - Best fit parameters: [0.01076829 0.04454193 0.03756523 0.0054656 ].
2024-02-12 12:03:29,628 - INFO - Maximum log composite likelihood: -123.75033141192637.
2024-02-12 12:03:29,629 - INFO - Optimal value of theta: 11962.722440836626.
2024-02-12 12:03:29,629 - INFO - Beginning optimization with guess, [0.04788032 0.0511821  0.01942096 0.01998683].
2024-02-12 12:03:39,557 - INFO - Finished optimization with guess, [0.04788032 0.0511821  0.01942096 0.01998683].
2024-02-12 12:03:39,558 - INFO - Best fit parameters: [0.01233669 0.91172897 0.01540163 0.01756545].
2024-02-12 12:03:39,780 - INFO - Maximum log composite likelihood: -86.697518928998.
2024-02-12 12:03:39,780 - INFO - Optimal value of theta: 1722.475788051714.
2024-02-12 12:03:39,780 - INFO - Beginning optimization with guess, [0.84095792 0.3257591  0.00589901 0.01653211].
2024-02-12 12:03:47,567 - INFO - Finished optimization with guess, [0.84095792 0.3257591  0.00589901 0.01653211].
2024-02-12 12:03:47,568 - INFO - Best fit parameters: [8.20107519e-01 1.20724553e+00 6.96314050e-05 1.45345047e-03].
2024-02-12 12:03:47,761 - INFO - Maximum log composite likelihood: -169.8294769883134.
2024-02-12 12:03:47,762 - INFO - Optimal value of theta: 462.78105932006537.
2024-02-12 12:03:47,762 - INFO - Beginning optimization with guess, [0.59382344 0.70992815 0.00882385 0.01217599].
2024-02-12 12:03:56,204 - INFO - Finished optimization with guess, [0.59382344 0.70992815 0.00882385 0.01217599].
2024-02-12 12:03:56,204 - INFO - Best fit parameters: [6.11882127e-01 2.82031178e+01 1.00036533e-16 1.39650689e-02].
2024-02-12 12:03:56,381 - INFO - Maximum log composite likelihood: -157.730456266173.
2024-02-12 12:03:56,381 - INFO - Optimal value of theta: 431.3265298317971.
2024-02-12 12:03:56,381 - INFO - Beginning optimization with guess, [1.12462327 0.5484001  0.00535605 0.00664137].
2024-02-12 12:04:04,080 - INFO - Finished optimization with guess, [1.12462327 0.5484001  0.00535605 0.00664137].
2024-02-12 12:04:04,080 - INFO - Best fit parameters: [1.28237968e+00 2.92489559e+00 2.16072760e-02 3.47738018e-12].
2024-02-12 12:04:04,262 - INFO - Maximum log composite likelihood: -166.9269213490763.
2024-02-12 12:04:04,263 - INFO - Optimal value of theta: 453.5528984130307.
2024-02-12 12:04:04,263 - INFO - Beginning optimization with guess, [1.00575724 0.60943019 0.00717207 0.00828005].
2024-02-12 12:04:11,938 - INFO - Finished optimization with guess, [1.00575724 0.60943019 0.00717207 0.00828005].
2024-02-12 12:04:11,938 - INFO - Best fit parameters: [1.01507399e+00 4.79553619e+00 2.70888204e-02 3.73044537e-17].
2024-02-12 12:04:12,113 - INFO - Maximum log composite likelihood: -170.10165363133348.
2024-02-12 12:04:12,114 - INFO - Optimal value of theta: 462.58715795223577.
2024-02-12 12:04:12,114 - INFO - Beginning optimization with guess, [0.98127868 0.97219758 0.01748847 0.00578749].
2024-02-12 12:04:19,986 - INFO - Finished optimization with guess, [0.98127868 0.97219758 0.01748847 0.00578749].
2024-02-12 12:04:19,986 - INFO - Best fit parameters: [9.98260681e-01 1.01985799e+00 3.17294561e-04 7.15996632e-05].
2024-02-12 12:04:20,164 - INFO - Maximum log composite likelihood: -170.33814919245725.
2024-02-12 12:04:20,164 - INFO - Optimal value of theta: 463.36709155426973.
2024-02-12 12:04:20,164 - INFO - Beginning optimization with guess, [0.75984886 1.23319245 0.008407   0.00910999].
2024-02-12 12:04:28,911 - INFO - Finished optimization with guess, [0.75984886 1.23319245 0.008407   0.00910999].
2024-02-12 12:04:28,912 - INFO - Best fit parameters: [0.72042604 1.40425191 0.3210066  0.02865502].
2024-02-12 12:04:29,120 - INFO - Maximum log composite likelihood: -137.48685682598273.
2024-02-12 12:04:29,120 - INFO - Optimal value of theta: 515.6256916469362.
2024-02-12 12:04:29,121 - INFO - Beginning optimization with guess, [1.11180583 2.96133196 0.00761132 0.01235747].
2024-02-12 12:04:37,748 - INFO - Finished optimization with guess, [1.11180583 2.96133196 0.00761132 0.01235747].
2024-02-12 12:04:37,749 - INFO - Best fit parameters: [5.51602843e-01 1.44270543e+03 1.93909675e-05 1.14189289e-02].
2024-02-12 12:04:37,927 - INFO - Maximum log composite likelihood: -156.99788158177734.
2024-02-12 12:04:37,927 - INFO - Optimal value of theta: 435.0687735535934.
2024-02-12 12:04:37,928 - INFO - Beginning optimization with guess, [1.97216787 1.58280145 0.00723175 0.01135463].
2024-02-12 12:04:46,102 - INFO - Finished optimization with guess, [1.97216787 1.58280145 0.00723175 0.01135463].
2024-02-12 12:04:46,103 - INFO - Best fit parameters: [2.41344330e+00 2.02714537e+00 1.48690396e-02 8.25293749e-04].
2024-02-12 12:04:46,297 - INFO - Maximum log composite likelihood: -162.3122594645165.
2024-02-12 12:04:46,297 - INFO - Optimal value of theta: 443.0780487386826.
2024-02-12 12:04:46,297 - INFO - Beginning optimization with guess, [3.54942057 1.27254546 0.01449028 0.0057624 ].
2024-02-12 12:04:54,488 - INFO - Finished optimization with guess, [3.54942057 1.27254546 0.01449028 0.0057624 ].
2024-02-12 12:04:54,489 - INFO - Best fit parameters: [9.44249143e+01 7.41433123e-01 1.19805096e-02 2.13685250e-09].
2024-02-12 12:04:54,676 - INFO - Maximum log composite likelihood: -157.13968440008972.
2024-02-12 12:04:54,676 - INFO - Optimal value of theta: 434.69413457964066.
2024-02-12 12:04:54,676 - INFO - Beginning optimization with guess, [1.41292256 1.14236322 0.01280552 0.01217403].
2024-02-12 12:05:02,331 - INFO - Finished optimization with guess, [1.41292256 1.14236322 0.01280552 0.01217403].
2024-02-12 12:05:02,332 - INFO - Best fit parameters: [1.39954550e+00 1.11530321e+00 2.06035436e-02 3.18661932e-04].
2024-02-12 12:05:02,509 - INFO - Maximum log composite likelihood: -166.12635152462119.
2024-02-12 12:05:02,510 - INFO - Optimal value of theta: 451.0598897060947.
2024-02-12 12:05:02,510 - INFO - Beginning optimization with guess, [2.87223162 2.71584126 0.0176039  0.00978276].
2024-02-12 12:05:10,494 - INFO - Finished optimization with guess, [2.87223162 2.71584126 0.0176039  0.00978276].
2024-02-12 12:05:10,494 - INFO - Best fit parameters: [4.34000235e+00 5.87639380e+00 5.56495294e-03 9.29611626e-03].
2024-02-12 12:05:10,678 - INFO - Maximum log composite likelihood: -159.327498827091.
2024-02-12 12:05:10,678 - INFO - Optimal value of theta: 435.54470554454616.
2024-02-12 12:05:10,678 - INFO - Beginning optimization with guess, [3.447545   3.12694246 0.01637609 0.00598953].
2024-02-12 12:05:18,760 - INFO - Finished optimization with guess, [3.447545   3.12694246 0.01637609 0.00598953].
2024-02-12 12:05:18,761 - INFO - Best fit parameters: [2.46006745e+00 5.10668148e+00 1.13647838e-03 1.16487416e-02].
2024-02-12 12:05:18,939 - INFO - Maximum log composite likelihood: -159.79931168310802.
2024-02-12 12:05:18,939 - INFO - Optimal value of theta: 439.9714078822735.
2024-02-12 12:05:18,939 - INFO - Beginning optimization with guess, [1.70781017 2.0859314  0.00800609 0.00616681].
2024-02-12 12:05:27,489 - INFO - Finished optimization with guess, [1.70781017 2.0859314  0.00800609 0.00616681].
2024-02-12 12:05:27,489 - INFO - Best fit parameters: [1.4427719  3.64484143 0.00835397 0.01037719].
2024-02-12 12:05:27,683 - INFO - Maximum log composite likelihood: -161.22551899830682.
2024-02-12 12:05:27,683 - INFO - Optimal value of theta: 440.602193539926.
2024-02-12 12:05:27,684 - INFO - Beginning optimization with guess, [5.51853800e+00 6.05152429e+00 5.36290328e-03 1.95461994e-02].
2024-02-12 12:05:35,697 - INFO - Finished optimization with guess, [5.51853800e+00 6.05152429e+00 5.36290328e-03 1.95461994e-02].
2024-02-12 12:05:35,697 - INFO - Best fit parameters: [5.95134865e+00 1.10949835e+01 8.17963036e-03 5.44144909e-03].
2024-02-12 12:05:35,898 - INFO - Maximum log composite likelihood: -158.49831737452985.
2024-02-12 12:05:35,898 - INFO - Optimal value of theta: 435.63197097134395.
2024-02-12 12:05:35,898 - INFO - Beginning optimization with guess, [2.50439569 3.15887203 0.00656455 0.01729692].
2024-02-12 12:05:44,791 - INFO - Finished optimization with guess, [2.50439569 3.15887203 0.00656455 0.01729692].
2024-02-12 12:05:44,792 - INFO - Best fit parameters: [1.70519865 6.27435046 0.00790714 0.00948625].
2024-02-12 12:05:44,987 - INFO - Maximum log composite likelihood: -159.86003574828158.
2024-02-12 12:05:44,987 - INFO - Optimal value of theta: 437.4955049693758.
2024-02-12 12:05:44,987 - INFO - Beginning optimization with guess, [3.87316446 5.82332827 0.01551505 0.00954441].
2024-02-12 12:05:53,267 - INFO - Finished optimization with guess, [3.87316446 5.82332827 0.01551505 0.00954441].
2024-02-12 12:05:53,268 - INFO - Best fit parameters: [3.84164094e+00 1.10760044e+01 7.60304919e-03 8.13918150e-03].
2024-02-12 12:05:53,463 - INFO - Maximum log composite likelihood: -158.86862994199814.
2024-02-12 12:05:53,463 - INFO - Optimal value of theta: 433.0134347966911.
2024-02-12 12:05:53,463 - INFO - Beginning optimization with guess, [2.6654289  7.27257415 0.0098132  0.01994441].
2024-02-12 12:06:02,264 - INFO - Finished optimization with guess, [2.6654289  7.27257415 0.0098132  0.01994441].
2024-02-12 12:06:02,265 - INFO - Best fit parameters: [8.10202924e-01 9.40072349e+01 4.05892586e-04 1.13229865e-02].
2024-02-12 12:06:02,460 - INFO - Maximum log composite likelihood: -157.19063749237773.
2024-02-12 12:06:02,460 - INFO - Optimal value of theta: 436.3869080484233.
2024-02-12 12:06:02,460 - INFO - Beginning optimization with guess, [5.37406258 3.07999255 0.01051133 0.0183062 ].
2024-02-12 12:06:11,138 - INFO - Finished optimization with guess, [5.37406258 3.07999255 0.01051133 0.0183062 ].
2024-02-12 12:06:11,139 - INFO - Best fit parameters: [8.13560664e+00 4.24738925e+00 1.21999650e-02 2.90555753e-04].
2024-02-12 12:06:11,321 - INFO - Maximum log composite likelihood: -158.85538248696116.
2024-02-12 12:06:11,321 - INFO - Optimal value of theta: 437.6291512649105.
2024-02-12 12:06:11,322 - INFO - Beginning optimization with guess, [1.09577670e+01 1.00599020e+01 1.13891256e-02 1.06213518e-02].
2024-02-12 12:06:19,339 - INFO - Finished optimization with guess, [1.09577670e+01 1.00599020e+01 1.13891256e-02 1.06213518e-02].
2024-02-12 12:06:19,340 - INFO - Best fit parameters: [3.46275178e+00 5.30183860e+01 3.12327212e-03 1.02066400e-02].
2024-02-12 12:06:19,591 - INFO - Maximum log composite likelihood: -157.41388107873146.
2024-02-12 12:06:19,591 - INFO - Optimal value of theta: 433.9827365870931.
2024-02-12 12:06:19,591 - INFO - Beginning optimization with guess, [9.02248377e+00 1.01774990e+01 6.94615784e-03 1.61971938e-02].
2024-02-12 12:06:28,266 - INFO - Finished optimization with guess, [9.02248377e+00 1.01774990e+01 6.94615784e-03 1.61971938e-02].
2024-02-12 12:06:28,267 - INFO - Best fit parameters: [3.11984267e+00 1.97548457e+02 4.31780822e-03 9.18949717e-03].
2024-02-12 12:06:28,462 - INFO - Maximum log composite likelihood: -157.41776822341092.
2024-02-12 12:06:28,462 - INFO - Optimal value of theta: 434.32100325226367.
2024-02-12 12:06:28,464 - INFO - Finished demographic inference.
2024-02-12 12:06:28,465 - INFO - Pipeline executed succesfully.
