2024-03-14 22:11:38,912 - INFO - Beginning execution of fit_demographic_model.py in directory /u/project/kirk/jonmah/sample_size_demography/Scripts

2024-03-14 22:11:38,912 - INFO - Progress is being logged to ../Analysis/ThreeEpochExpansion_750/log.log

2024-03-14 22:11:38,912 - INFO - Parsed the following arguments:
	syn_input_sfs = ../Analysis/ThreeEpochExpansion_750/syn_downsampled_sfs.txt
	mask_singletons = False
	mask_doubletons = False
	outprefix = ../Analysis/ThreeEpochExpansion_750/

2024-03-14 22:11:38,946 - INFO - Beginning demographic inference for one-epoch demographic model.
2024-03-14 22:11:38,947 - INFO - Beginning optimization with guess, [0.07254397].
2024-03-14 22:12:47,915 - INFO - Finished optimization with guess, [0.07254397].
2024-03-14 22:12:47,917 - INFO - Best fit parameters: [0.07254397].
2024-03-14 22:12:49,847 - INFO - Maximum log composite likelihood: -12447.366305252335.
2024-03-14 22:12:49,847 - INFO - Optimal value of theta: 19078.947711141544.
2024-03-14 22:12:49,847 - INFO - Beginning optimization with guess, [0.39889013].
2024-03-14 22:13:44,728 - INFO - Finished optimization with guess, [0.39889013].
2024-03-14 22:13:44,729 - INFO - Best fit parameters: [0.39889013].
2024-03-14 22:13:46,614 - INFO - Maximum log composite likelihood: -12447.366305252335.
2024-03-14 22:13:46,614 - INFO - Optimal value of theta: 19078.947711141544.
2024-03-14 22:13:46,615 - INFO - Beginning optimization with guess, [0.53293861].
2024-03-14 22:14:41,821 - INFO - Finished optimization with guess, [0.53293861].
2024-03-14 22:14:41,822 - INFO - Best fit parameters: [0.53293861].
2024-03-14 22:14:43,715 - INFO - Maximum log composite likelihood: -12447.366305252335.
2024-03-14 22:14:43,715 - INFO - Optimal value of theta: 19078.947711141544.
2024-03-14 22:14:43,715 - INFO - Beginning optimization with guess, [0.39656181].
2024-03-14 22:15:38,420 - INFO - Finished optimization with guess, [0.39656181].
2024-03-14 22:15:38,421 - INFO - Best fit parameters: [0.39656181].
2024-03-14 22:15:40,338 - INFO - Maximum log composite likelihood: -12447.366305252335.
2024-03-14 22:15:40,338 - INFO - Optimal value of theta: 19078.947711141544.
2024-03-14 22:15:40,338 - INFO - Beginning optimization with guess, [0.65491817].
2024-03-14 22:16:30,085 - INFO - Finished optimization with guess, [0.65491817].
2024-03-14 22:16:30,089 - INFO - Best fit parameters: [0.65491817].
2024-03-14 22:16:32,190 - INFO - Maximum log composite likelihood: -12447.366305252335.
2024-03-14 22:16:32,190 - INFO - Optimal value of theta: 19078.947711141544.
2024-03-14 22:16:32,191 - INFO - Beginning optimization with guess, [0.47751725].
2024-03-14 22:17:27,507 - INFO - Finished optimization with guess, [0.47751725].
2024-03-14 22:17:27,509 - INFO - Best fit parameters: [0.47751725].
2024-03-14 22:17:29,397 - INFO - Maximum log composite likelihood: -12447.366305252335.
2024-03-14 22:17:29,398 - INFO - Optimal value of theta: 19078.947711141544.
2024-03-14 22:17:29,398 - INFO - Beginning optimization with guess, [0.69844038].
2024-03-14 22:18:18,507 - INFO - Finished optimization with guess, [0.69844038].
2024-03-14 22:18:18,508 - INFO - Best fit parameters: [0.69844038].
2024-03-14 22:18:20,397 - INFO - Maximum log composite likelihood: -12447.366305252335.
2024-03-14 22:18:20,397 - INFO - Optimal value of theta: 19078.947711141544.
2024-03-14 22:18:20,398 - INFO - Beginning optimization with guess, [0.86658876].
2024-03-14 22:19:04,392 - INFO - Finished optimization with guess, [0.86658876].
2024-03-14 22:19:04,393 - INFO - Best fit parameters: [0.86658876].
2024-03-14 22:19:06,275 - INFO - Maximum log composite likelihood: -12447.366305252335.
2024-03-14 22:19:06,275 - INFO - Optimal value of theta: 19078.947711141544.
2024-03-14 22:19:06,275 - INFO - Beginning optimization with guess, [1.45451035].
2024-03-14 22:19:55,316 - INFO - Finished optimization with guess, [1.45451035].
2024-03-14 22:19:55,318 - INFO - Best fit parameters: [1.45451035].
2024-03-14 22:19:57,209 - INFO - Maximum log composite likelihood: -12447.366305252335.
2024-03-14 22:19:57,210 - INFO - Optimal value of theta: 19078.947711141544.
2024-03-14 22:19:57,210 - INFO - Beginning optimization with guess, [1.32534089].
2024-03-14 22:20:47,581 - INFO - Finished optimization with guess, [1.32534089].
2024-03-14 22:20:47,582 - INFO - Best fit parameters: [1.32534089].
2024-03-14 22:20:49,468 - INFO - Maximum log composite likelihood: -12447.366305252335.
2024-03-14 22:20:49,469 - INFO - Optimal value of theta: 19078.947711141544.
2024-03-14 22:20:49,469 - INFO - Beginning optimization with guess, [2.4068989].
2024-03-14 22:21:44,581 - INFO - Finished optimization with guess, [2.4068989].
2024-03-14 22:21:44,582 - INFO - Best fit parameters: [2.4068989].
2024-03-14 22:21:46,468 - INFO - Maximum log composite likelihood: -12447.366305252335.
2024-03-14 22:21:46,468 - INFO - Optimal value of theta: 19078.947711141544.
2024-03-14 22:21:46,468 - INFO - Beginning optimization with guess, [0.80233817].
2024-03-14 22:22:30,530 - INFO - Finished optimization with guess, [0.80233817].
2024-03-14 22:22:30,531 - INFO - Best fit parameters: [0.80233817].
2024-03-14 22:22:32,550 - INFO - Maximum log composite likelihood: -12447.366305252335.
2024-03-14 22:22:32,551 - INFO - Optimal value of theta: 19078.947711141544.
2024-03-14 22:22:32,551 - INFO - Beginning optimization with guess, [2.49276528].
2024-03-14 22:23:29,633 - INFO - Finished optimization with guess, [2.49276528].
2024-03-14 22:23:29,634 - INFO - Best fit parameters: [2.49276528].
2024-03-14 22:23:31,645 - INFO - Maximum log composite likelihood: -12447.366305252335.
2024-03-14 22:23:31,645 - INFO - Optimal value of theta: 19078.947711141544.
2024-03-14 22:23:31,645 - INFO - Beginning optimization with guess, [2.52682279].
2024-03-14 22:24:27,471 - INFO - Finished optimization with guess, [2.52682279].
2024-03-14 22:24:27,472 - INFO - Best fit parameters: [2.52682279].
2024-03-14 22:24:29,456 - INFO - Maximum log composite likelihood: -12447.366305252335.
2024-03-14 22:24:29,456 - INFO - Optimal value of theta: 19078.947711141544.
2024-03-14 22:24:29,457 - INFO - Beginning optimization with guess, [1.12974794].
2024-03-14 22:25:08,070 - INFO - Finished optimization with guess, [1.12974794].
2024-03-14 22:25:08,071 - INFO - Best fit parameters: [1.12974794].
2024-03-14 22:25:09,954 - INFO - Maximum log composite likelihood: -12447.366305252335.
2024-03-14 22:25:09,955 - INFO - Optimal value of theta: 19078.947711141544.
2024-03-14 22:25:09,955 - INFO - Beginning optimization with guess, [1.34864254].
2024-03-14 22:26:00,872 - INFO - Finished optimization with guess, [1.34864254].
2024-03-14 22:26:00,873 - INFO - Best fit parameters: [1.34864254].
2024-03-14 22:26:02,762 - INFO - Maximum log composite likelihood: -12447.366305252335.
2024-03-14 22:26:02,762 - INFO - Optimal value of theta: 19078.947711141544.
2024-03-14 22:26:02,763 - INFO - Beginning optimization with guess, [3.67127558].
2024-03-14 22:27:04,310 - INFO - Finished optimization with guess, [3.67127558].
2024-03-14 22:27:04,311 - INFO - Best fit parameters: [3.67127558].
2024-03-14 22:27:06,243 - INFO - Maximum log composite likelihood: -12447.366305252335.
2024-03-14 22:27:06,243 - INFO - Optimal value of theta: 19078.947711141544.
2024-03-14 22:27:06,244 - INFO - Beginning optimization with guess, [1.74517292].
2024-03-14 22:28:01,734 - INFO - Finished optimization with guess, [1.74517292].
2024-03-14 22:28:01,735 - INFO - Best fit parameters: [1.74517292].
2024-03-14 22:28:03,659 - INFO - Maximum log composite likelihood: -12447.366305252335.
2024-03-14 22:28:03,659 - INFO - Optimal value of theta: 19078.947711141544.
2024-03-14 22:28:03,660 - INFO - Beginning optimization with guess, [2.43445698].
2024-03-14 22:28:59,390 - INFO - Finished optimization with guess, [2.43445698].
2024-03-14 22:28:59,391 - INFO - Best fit parameters: [2.43445698].
2024-03-14 22:29:01,337 - INFO - Maximum log composite likelihood: -12447.366305252335.
2024-03-14 22:29:01,337 - INFO - Optimal value of theta: 19078.947711141544.
2024-03-14 22:29:01,338 - INFO - Beginning optimization with guess, [3.33245719].
2024-03-14 22:30:03,166 - INFO - Finished optimization with guess, [3.33245719].
2024-03-14 22:30:03,170 - INFO - Best fit parameters: [3.33245719].
2024-03-14 22:30:05,180 - INFO - Maximum log composite likelihood: -12447.366305252335.
2024-03-14 22:30:05,180 - INFO - Optimal value of theta: 19078.947711141544.
2024-03-14 22:30:05,180 - INFO - Beginning optimization with guess, [2.25689706].
2024-03-14 22:31:01,184 - INFO - Finished optimization with guess, [2.25689706].
2024-03-14 22:31:01,185 - INFO - Best fit parameters: [2.25689706].
2024-03-14 22:31:03,146 - INFO - Maximum log composite likelihood: -12447.366305252335.
2024-03-14 22:31:03,146 - INFO - Optimal value of theta: 19078.947711141544.
2024-03-14 22:31:03,146 - INFO - Beginning optimization with guess, [4.33497613].
2024-03-14 22:32:05,166 - INFO - Finished optimization with guess, [4.33497613].
2024-03-14 22:32:05,167 - INFO - Best fit parameters: [4.33497613].
2024-03-14 22:32:07,104 - INFO - Maximum log composite likelihood: -12447.366305252335.
2024-03-14 22:32:07,104 - INFO - Optimal value of theta: 19078.947711141544.
2024-03-14 22:32:07,104 - INFO - Beginning optimization with guess, [5.2065916].
2024-03-14 22:33:09,619 - INFO - Finished optimization with guess, [5.2065916].
2024-03-14 22:33:09,620 - INFO - Best fit parameters: [5.2065916].
2024-03-14 22:33:11,516 - INFO - Maximum log composite likelihood: -12447.366305252335.
2024-03-14 22:33:11,516 - INFO - Optimal value of theta: 19078.947711141544.
2024-03-14 22:33:11,516 - INFO - Beginning optimization with guess, [7.81865474].
2024-03-14 22:34:21,473 - INFO - Finished optimization with guess, [7.81865474].
2024-03-14 22:34:21,474 - INFO - Best fit parameters: [7.81865474].
2024-03-14 22:34:23,483 - INFO - Maximum log composite likelihood: -12447.366305252335.
2024-03-14 22:34:23,483 - INFO - Optimal value of theta: 19078.947711141544.
2024-03-14 22:34:23,483 - INFO - Beginning optimization with guess, [10.49176681].
2024-03-14 22:35:31,673 - INFO - Finished optimization with guess, [10.49176681].
2024-03-14 22:35:31,674 - INFO - Best fit parameters: [10.49176681].
2024-03-14 22:35:33,570 - INFO - Maximum log composite likelihood: -12447.366305252335.
2024-03-14 22:35:33,570 - INFO - Optimal value of theta: 19078.947711141544.
2024-03-14 22:35:33,580 - INFO - Finished demographic inference.
2024-03-14 22:35:33,580 - INFO - Pipeline executed succesfully.
