2025-01-17 13:33:41,501 - INFO - Beginning execution of fit_demographic_model.py in directory /u/project/kirk/jonmah/sample_size_demography/Scripts

2025-01-17 13:33:41,501 - INFO - Progress is being logged to ../Analysis/gnomAD_400/log.log

2025-01-17 13:33:41,501 - INFO - Parsed the following arguments:
	syn_input_sfs = ../Analysis/gnomAD_400/syn_downsampled_sfs.txt
	mask_singletons = False
	mask_doubletons = False
	outprefix = ../Analysis/gnomAD_400/

2025-01-17 13:33:41,523 - INFO - Beginning demographic inference for one-epoch demographic model.
2025-01-17 13:33:41,526 - INFO - Beginning optimization with guess, [0.08583005].
2025-01-17 13:34:14,279 - INFO - Finished optimization with guess, [0.08583005].
2025-01-17 13:34:14,279 - INFO - Best fit parameters: [0.08583005].
2025-01-17 13:34:15,206 - INFO - Maximum log composite likelihood: -9033.094826433171.
2025-01-17 13:34:15,208 - INFO - Optimal value of theta: 7363.179797107497.
2025-01-17 13:34:15,208 - INFO - Beginning optimization with guess, [0.27437256].
2025-01-17 13:34:44,524 - INFO - Finished optimization with guess, [0.27437256].
2025-01-17 13:34:44,525 - INFO - Best fit parameters: [0.27437256].
2025-01-17 13:34:45,418 - INFO - Maximum log composite likelihood: -9033.094826433171.
2025-01-17 13:34:45,418 - INFO - Optimal value of theta: 7363.179797107497.
2025-01-17 13:34:45,418 - INFO - Beginning optimization with guess, [0.54009024].
2025-01-17 13:35:12,178 - INFO - Finished optimization with guess, [0.54009024].
2025-01-17 13:35:12,180 - INFO - Best fit parameters: [0.54009024].
2025-01-17 13:35:13,197 - INFO - Maximum log composite likelihood: -9033.094826433171.
2025-01-17 13:35:13,198 - INFO - Optimal value of theta: 7363.179797107497.
2025-01-17 13:35:13,198 - INFO - Beginning optimization with guess, [0.56985902].
2025-01-17 13:35:39,936 - INFO - Finished optimization with guess, [0.56985902].
2025-01-17 13:35:39,937 - INFO - Best fit parameters: [0.56985902].
2025-01-17 13:35:40,868 - INFO - Maximum log composite likelihood: -9033.094826433171.
2025-01-17 13:35:40,868 - INFO - Optimal value of theta: 7363.179797107497.
2025-01-17 13:35:40,868 - INFO - Beginning optimization with guess, [0.6234764].
2025-01-17 13:36:05,128 - INFO - Finished optimization with guess, [0.6234764].
2025-01-17 13:36:05,129 - INFO - Best fit parameters: [0.6234764].
2025-01-17 13:36:06,153 - INFO - Maximum log composite likelihood: -9033.094826433171.
2025-01-17 13:36:06,153 - INFO - Optimal value of theta: 7363.179797107497.
2025-01-17 13:36:06,153 - INFO - Beginning optimization with guess, [0.42184733].
2025-01-17 13:36:32,901 - INFO - Finished optimization with guess, [0.42184733].
2025-01-17 13:36:32,902 - INFO - Best fit parameters: [0.42184733].
2025-01-17 13:36:33,827 - INFO - Maximum log composite likelihood: -9033.094826433171.
2025-01-17 13:36:33,827 - INFO - Optimal value of theta: 7363.179797107497.
2025-01-17 13:36:33,828 - INFO - Beginning optimization with guess, [1.11218179].
2025-01-17 13:36:52,378 - INFO - Finished optimization with guess, [1.11218179].
2025-01-17 13:36:52,379 - INFO - Best fit parameters: [1.11218179].
2025-01-17 13:36:53,294 - INFO - Maximum log composite likelihood: -9033.094826433171.
2025-01-17 13:36:53,294 - INFO - Optimal value of theta: 7363.179797107497.
2025-01-17 13:36:53,294 - INFO - Beginning optimization with guess, [0.77051758].
2025-01-17 13:37:17,121 - INFO - Finished optimization with guess, [0.77051758].
2025-01-17 13:37:17,122 - INFO - Best fit parameters: [0.77051758].
2025-01-17 13:37:17,931 - INFO - Maximum log composite likelihood: -9033.094826433171.
2025-01-17 13:37:17,931 - INFO - Optimal value of theta: 7363.179797107497.
2025-01-17 13:37:17,931 - INFO - Beginning optimization with guess, [0.48508306].
2025-01-17 13:37:41,437 - INFO - Finished optimization with guess, [0.48508306].
2025-01-17 13:37:41,438 - INFO - Best fit parameters: [0.48508306].
2025-01-17 13:37:42,247 - INFO - Maximum log composite likelihood: -9033.094826433171.
2025-01-17 13:37:42,247 - INFO - Optimal value of theta: 7363.179797107497.
2025-01-17 13:37:42,247 - INFO - Beginning optimization with guess, [0.73676431].
2025-01-17 13:38:03,299 - INFO - Finished optimization with guess, [0.73676431].
2025-01-17 13:38:03,300 - INFO - Best fit parameters: [0.73676431].
2025-01-17 13:38:04,110 - INFO - Maximum log composite likelihood: -9033.094826433171.
2025-01-17 13:38:04,110 - INFO - Optimal value of theta: 7363.179797107497.
2025-01-17 13:38:04,110 - INFO - Beginning optimization with guess, [1.53929277].
2025-01-17 13:38:25,399 - INFO - Finished optimization with guess, [1.53929277].
2025-01-17 13:38:25,400 - INFO - Best fit parameters: [1.53929277].
2025-01-17 13:38:26,245 - INFO - Maximum log composite likelihood: -9033.094826433171.
2025-01-17 13:38:26,245 - INFO - Optimal value of theta: 7363.179797107497.
2025-01-17 13:38:26,245 - INFO - Beginning optimization with guess, [0.92118712].
2025-01-17 13:38:42,785 - INFO - Finished optimization with guess, [0.92118712].
2025-01-17 13:38:42,786 - INFO - Best fit parameters: [0.92118712].
2025-01-17 13:38:43,726 - INFO - Maximum log composite likelihood: -9033.094826433171.
2025-01-17 13:38:43,726 - INFO - Optimal value of theta: 7363.179797107497.
2025-01-17 13:38:43,726 - INFO - Beginning optimization with guess, [2.44970858].
2025-01-17 13:39:08,050 - INFO - Finished optimization with guess, [2.44970858].
2025-01-17 13:39:08,051 - INFO - Best fit parameters: [2.44970858].
2025-01-17 13:39:08,893 - INFO - Maximum log composite likelihood: -9033.094826433171.
2025-01-17 13:39:08,893 - INFO - Optimal value of theta: 7363.179797107497.
2025-01-17 13:39:08,893 - INFO - Beginning optimization with guess, [2.30816406].
2025-01-17 13:39:33,688 - INFO - Finished optimization with guess, [2.30816406].
2025-01-17 13:39:33,689 - INFO - Best fit parameters: [2.30816406].
2025-01-17 13:39:34,691 - INFO - Maximum log composite likelihood: -9033.094826433171.
2025-01-17 13:39:34,691 - INFO - Optimal value of theta: 7363.179797107497.
2025-01-17 13:39:34,691 - INFO - Beginning optimization with guess, [1.51026275].
2025-01-17 13:39:56,096 - INFO - Finished optimization with guess, [1.51026275].
2025-01-17 13:39:56,096 - INFO - Best fit parameters: [1.51026275].
2025-01-17 13:39:56,911 - INFO - Maximum log composite likelihood: -9033.094826433171.
2025-01-17 13:39:56,911 - INFO - Optimal value of theta: 7363.179797107497.
2025-01-17 13:39:56,912 - INFO - Beginning optimization with guess, [3.36251546].
2025-01-17 13:40:23,054 - INFO - Finished optimization with guess, [3.36251546].
2025-01-17 13:40:23,057 - INFO - Best fit parameters: [3.36251546].
2025-01-17 13:40:23,896 - INFO - Maximum log composite likelihood: -9033.094826433171.
2025-01-17 13:40:23,896 - INFO - Optimal value of theta: 7363.179797107497.
2025-01-17 13:40:23,896 - INFO - Beginning optimization with guess, [1.7305223].
2025-01-17 13:40:49,935 - INFO - Finished optimization with guess, [1.7305223].
2025-01-17 13:40:49,937 - INFO - Best fit parameters: [1.7305223].
2025-01-17 13:40:51,073 - INFO - Maximum log composite likelihood: -9033.094826433171.
2025-01-17 13:40:51,074 - INFO - Optimal value of theta: 7363.179797107497.
2025-01-17 13:40:51,074 - INFO - Beginning optimization with guess, [2.76880842].
2025-01-17 13:41:14,856 - INFO - Finished optimization with guess, [2.76880842].
2025-01-17 13:41:14,858 - INFO - Best fit parameters: [2.76880842].
2025-01-17 13:41:15,798 - INFO - Maximum log composite likelihood: -9033.094826433171.
2025-01-17 13:41:15,798 - INFO - Optimal value of theta: 7363.179797107497.
2025-01-17 13:41:15,799 - INFO - Beginning optimization with guess, [1.87331171].
2025-01-17 13:41:40,667 - INFO - Finished optimization with guess, [1.87331171].
2025-01-17 13:41:40,669 - INFO - Best fit parameters: [1.87331171].
2025-01-17 13:41:41,617 - INFO - Maximum log composite likelihood: -9033.094826433171.
2025-01-17 13:41:41,617 - INFO - Optimal value of theta: 7363.179797107497.
2025-01-17 13:41:41,617 - INFO - Beginning optimization with guess, [4.78716027].
2025-01-17 13:42:08,970 - INFO - Finished optimization with guess, [4.78716027].
2025-01-17 13:42:08,971 - INFO - Best fit parameters: [4.78716027].
2025-01-17 13:42:09,924 - INFO - Maximum log composite likelihood: -9033.094826433171.
2025-01-17 13:42:09,924 - INFO - Optimal value of theta: 7363.179797107497.
2025-01-17 13:42:09,924 - INFO - Beginning optimization with guess, [6.424144].
2025-01-17 13:42:37,170 - INFO - Finished optimization with guess, [6.424144].
2025-01-17 13:42:37,172 - INFO - Best fit parameters: [6.424144].
2025-01-17 13:42:38,124 - INFO - Maximum log composite likelihood: -9033.094826433171.
2025-01-17 13:42:38,124 - INFO - Optimal value of theta: 7363.179797107497.
2025-01-17 13:42:38,124 - INFO - Beginning optimization with guess, [6.56724308].
2025-01-17 13:43:04,353 - INFO - Finished optimization with guess, [6.56724308].
2025-01-17 13:43:04,354 - INFO - Best fit parameters: [6.56724308].
2025-01-17 13:43:05,172 - INFO - Maximum log composite likelihood: -9033.094826433171.
2025-01-17 13:43:05,172 - INFO - Optimal value of theta: 7363.179797107497.
2025-01-17 13:43:05,172 - INFO - Beginning optimization with guess, [8.38071068].
2025-01-17 13:43:34,085 - INFO - Finished optimization with guess, [8.38071068].
2025-01-17 13:43:34,087 - INFO - Best fit parameters: [8.38071068].
2025-01-17 13:43:35,028 - INFO - Maximum log composite likelihood: -9033.094826433171.
2025-01-17 13:43:35,028 - INFO - Optimal value of theta: 7363.179797107497.
2025-01-17 13:43:35,029 - INFO - Beginning optimization with guess, [7.25268357].
2025-01-17 13:44:01,635 - INFO - Finished optimization with guess, [7.25268357].
2025-01-17 13:44:01,636 - INFO - Best fit parameters: [7.25268357].
2025-01-17 13:44:02,450 - INFO - Maximum log composite likelihood: -9033.094826433171.
2025-01-17 13:44:02,450 - INFO - Optimal value of theta: 7363.179797107497.
2025-01-17 13:44:02,450 - INFO - Beginning optimization with guess, [6.4934706].
2025-01-17 13:44:29,631 - INFO - Finished optimization with guess, [6.4934706].
2025-01-17 13:44:29,633 - INFO - Best fit parameters: [6.4934706].
2025-01-17 13:44:30,584 - INFO - Maximum log composite likelihood: -9033.094826433171.
2025-01-17 13:44:30,584 - INFO - Optimal value of theta: 7363.179797107497.
2025-01-17 13:44:30,590 - INFO - Finished demographic inference.
2025-01-17 13:44:30,590 - INFO - Pipeline executed succesfully.
