2024-01-19 15:17:41,012 - INFO - Beginning execution of fit_demographic_model.py in directory /u/project/kirk/jonmah/sample_size_demography/Scripts

2024-01-19 15:17:41,013 - INFO - Progress is being logged to ../Analysis/1kg_EUR_23/log.log

2024-01-19 15:17:41,013 - INFO - Parsed the following arguments:
	syn_input_sfs = ../Analysis/1kg_EUR_23/syn_downsampled_sfs.txt
	mask_singletons = False
	mask_doubletons = False
	outprefix = ../Analysis/1kg_EUR_23/

2024-01-19 15:17:41,022 - INFO - Beginning demographic inference for one-epoch demographic model.
2024-01-19 15:17:41,023 - INFO - Beginning optimization with guess, [0.08437927].
2024-01-19 15:17:42,666 - INFO - Finished optimization with guess, [0.08437927].
2024-01-19 15:17:42,666 - INFO - Best fit parameters: [0.08437927].
2024-01-19 15:17:42,711 - INFO - Maximum log composite likelihood: -150.68054909847706.
2024-01-19 15:17:42,711 - INFO - Optimal value of theta: 5108.636033563735.
2024-01-19 15:17:42,711 - INFO - Beginning optimization with guess, [0.20088499].
2024-01-19 15:17:44,067 - INFO - Finished optimization with guess, [0.20088499].
2024-01-19 15:17:44,067 - INFO - Best fit parameters: [0.20088499].
2024-01-19 15:17:44,109 - INFO - Maximum log composite likelihood: -150.68054909847706.
2024-01-19 15:17:44,109 - INFO - Optimal value of theta: 5108.636033563735.
2024-01-19 15:17:44,109 - INFO - Beginning optimization with guess, [0.15973307].
2024-01-19 15:17:45,462 - INFO - Finished optimization with guess, [0.15973307].
2024-01-19 15:17:45,462 - INFO - Best fit parameters: [0.15973307].
2024-01-19 15:17:45,504 - INFO - Maximum log composite likelihood: -150.68054909847706.
2024-01-19 15:17:45,504 - INFO - Optimal value of theta: 5108.636033563735.
2024-01-19 15:17:45,504 - INFO - Beginning optimization with guess, [0.35826691].
2024-01-19 15:17:46,850 - INFO - Finished optimization with guess, [0.35826691].
2024-01-19 15:17:46,850 - INFO - Best fit parameters: [0.35826691].
2024-01-19 15:17:46,892 - INFO - Maximum log composite likelihood: -150.68054909847706.
2024-01-19 15:17:46,892 - INFO - Optimal value of theta: 5108.636033563735.
2024-01-19 15:17:46,893 - INFO - Beginning optimization with guess, [0.25742516].
2024-01-19 15:17:48,238 - INFO - Finished optimization with guess, [0.25742516].
2024-01-19 15:17:48,238 - INFO - Best fit parameters: [0.25742516].
2024-01-19 15:17:48,280 - INFO - Maximum log composite likelihood: -150.68054909847706.
2024-01-19 15:17:48,280 - INFO - Optimal value of theta: 5108.636033563735.
2024-01-19 15:17:48,281 - INFO - Beginning optimization with guess, [0.66848647].
2024-01-19 15:17:49,433 - INFO - Finished optimization with guess, [0.66848647].
2024-01-19 15:17:49,434 - INFO - Best fit parameters: [0.66848647].
2024-01-19 15:17:49,476 - INFO - Maximum log composite likelihood: -150.68054909847706.
2024-01-19 15:17:49,476 - INFO - Optimal value of theta: 5108.636033563735.
2024-01-19 15:17:49,476 - INFO - Beginning optimization with guess, [1.14465005].
2024-01-19 15:17:50,445 - INFO - Finished optimization with guess, [1.14465005].
2024-01-19 15:17:50,445 - INFO - Best fit parameters: [1.14465005].
2024-01-19 15:17:50,489 - INFO - Maximum log composite likelihood: -150.68054909847706.
2024-01-19 15:17:50,490 - INFO - Optimal value of theta: 5108.636033563735.
2024-01-19 15:17:50,490 - INFO - Beginning optimization with guess, [1.0859699].
2024-01-19 15:17:51,342 - INFO - Finished optimization with guess, [1.0859699].
2024-01-19 15:17:51,342 - INFO - Best fit parameters: [1.0859699].
2024-01-19 15:17:51,385 - INFO - Maximum log composite likelihood: -150.68054909847706.
2024-01-19 15:17:51,385 - INFO - Optimal value of theta: 5108.636033563735.
2024-01-19 15:17:51,385 - INFO - Beginning optimization with guess, [1.36472547].
2024-01-19 15:17:52,481 - INFO - Finished optimization with guess, [1.36472547].
2024-01-19 15:17:52,481 - INFO - Best fit parameters: [1.36472547].
2024-01-19 15:17:52,523 - INFO - Maximum log composite likelihood: -150.68054909847706.
2024-01-19 15:17:52,523 - INFO - Optimal value of theta: 5108.636033563735.
2024-01-19 15:17:52,524 - INFO - Beginning optimization with guess, [1.65878353].
2024-01-19 15:17:53,636 - INFO - Finished optimization with guess, [1.65878353].
2024-01-19 15:17:53,636 - INFO - Best fit parameters: [1.65878353].
2024-01-19 15:17:53,679 - INFO - Maximum log composite likelihood: -150.68054909847706.
2024-01-19 15:17:53,679 - INFO - Optimal value of theta: 5108.636033563735.
2024-01-19 15:17:53,679 - INFO - Beginning optimization with guess, [0.88274147].
2024-01-19 15:17:54,530 - INFO - Finished optimization with guess, [0.88274147].
2024-01-19 15:17:54,530 - INFO - Best fit parameters: [0.88274147].
2024-01-19 15:17:54,572 - INFO - Maximum log composite likelihood: -150.68054909847706.
2024-01-19 15:17:54,572 - INFO - Optimal value of theta: 5108.636033563735.
2024-01-19 15:17:54,572 - INFO - Beginning optimization with guess, [2.20641324].
2024-01-19 15:17:55,816 - INFO - Finished optimization with guess, [2.20641324].
2024-01-19 15:17:55,817 - INFO - Best fit parameters: [2.20641324].
2024-01-19 15:17:55,860 - INFO - Maximum log composite likelihood: -150.68054909847706.
2024-01-19 15:17:55,860 - INFO - Optimal value of theta: 5108.636033563735.
2024-01-19 15:17:55,860 - INFO - Beginning optimization with guess, [1.95413769].
2024-01-19 15:17:57,102 - INFO - Finished optimization with guess, [1.95413769].
2024-01-19 15:17:57,102 - INFO - Best fit parameters: [1.95413769].
2024-01-19 15:17:57,145 - INFO - Maximum log composite likelihood: -150.68054909847706.
2024-01-19 15:17:57,145 - INFO - Optimal value of theta: 5108.636033563735.
2024-01-19 15:17:57,145 - INFO - Beginning optimization with guess, [2.26820479].
2024-01-19 15:17:58,385 - INFO - Finished optimization with guess, [2.26820479].
2024-01-19 15:17:58,385 - INFO - Best fit parameters: [2.26820479].
2024-01-19 15:17:58,428 - INFO - Maximum log composite likelihood: -150.68054909847706.
2024-01-19 15:17:58,428 - INFO - Optimal value of theta: 5108.636033563735.
2024-01-19 15:17:58,428 - INFO - Beginning optimization with guess, [4.07900573].
2024-01-19 15:17:59,809 - INFO - Finished optimization with guess, [4.07900573].
2024-01-19 15:17:59,809 - INFO - Best fit parameters: [4.07900573].
2024-01-19 15:17:59,853 - INFO - Maximum log composite likelihood: -150.68054909847706.
2024-01-19 15:17:59,853 - INFO - Optimal value of theta: 5108.636033563735.
2024-01-19 15:17:59,854 - INFO - Beginning optimization with guess, [4.09433513].
2024-01-19 15:18:01,247 - INFO - Finished optimization with guess, [4.09433513].
2024-01-19 15:18:01,248 - INFO - Best fit parameters: [4.09433513].
2024-01-19 15:18:01,290 - INFO - Maximum log composite likelihood: -150.68054909847706.
2024-01-19 15:18:01,290 - INFO - Optimal value of theta: 5108.636033563735.
2024-01-19 15:18:01,290 - INFO - Beginning optimization with guess, [2.53228656].
2024-01-19 15:18:02,556 - INFO - Finished optimization with guess, [2.53228656].
2024-01-19 15:18:02,557 - INFO - Best fit parameters: [2.53228656].
2024-01-19 15:18:02,599 - INFO - Maximum log composite likelihood: -150.68054909847706.
2024-01-19 15:18:02,599 - INFO - Optimal value of theta: 5108.636033563735.
2024-01-19 15:18:02,599 - INFO - Beginning optimization with guess, [2.36735653].
2024-01-19 15:18:03,820 - INFO - Finished optimization with guess, [2.36735653].
2024-01-19 15:18:03,821 - INFO - Best fit parameters: [2.36735653].
2024-01-19 15:18:03,862 - INFO - Maximum log composite likelihood: -150.68054909847706.
2024-01-19 15:18:03,862 - INFO - Optimal value of theta: 5108.636033563735.
2024-01-19 15:18:03,863 - INFO - Beginning optimization with guess, [4.01405875].
2024-01-19 15:18:05,208 - INFO - Finished optimization with guess, [4.01405875].
2024-01-19 15:18:05,208 - INFO - Best fit parameters: [4.01405875].
2024-01-19 15:18:05,250 - INFO - Maximum log composite likelihood: -150.68054909847706.
2024-01-19 15:18:05,250 - INFO - Optimal value of theta: 5108.636033563735.
2024-01-19 15:18:05,250 - INFO - Beginning optimization with guess, [3.10851669].
2024-01-19 15:18:06,602 - INFO - Finished optimization with guess, [3.10851669].
2024-01-19 15:18:06,602 - INFO - Best fit parameters: [3.10851669].
2024-01-19 15:18:06,644 - INFO - Maximum log composite likelihood: -150.68054909847706.
2024-01-19 15:18:06,644 - INFO - Optimal value of theta: 5108.636033563735.
2024-01-19 15:18:06,645 - INFO - Beginning optimization with guess, [6.60637845].
2024-01-19 15:18:07,989 - INFO - Finished optimization with guess, [6.60637845].
2024-01-19 15:18:07,989 - INFO - Best fit parameters: [6.60637845].
2024-01-19 15:18:08,031 - INFO - Maximum log composite likelihood: -150.68054909847706.
2024-01-19 15:18:08,031 - INFO - Optimal value of theta: 5108.636033563735.
2024-01-19 15:18:08,031 - INFO - Beginning optimization with guess, [7.53497532].
2024-01-19 15:18:09,375 - INFO - Finished optimization with guess, [7.53497532].
2024-01-19 15:18:09,375 - INFO - Best fit parameters: [7.53497532].
2024-01-19 15:18:09,417 - INFO - Maximum log composite likelihood: -150.68054909847706.
2024-01-19 15:18:09,417 - INFO - Optimal value of theta: 5108.636033563735.
2024-01-19 15:18:09,417 - INFO - Beginning optimization with guess, [6.13978376].
2024-01-19 15:18:10,762 - INFO - Finished optimization with guess, [6.13978376].
2024-01-19 15:18:10,762 - INFO - Best fit parameters: [6.13978376].
2024-01-19 15:18:10,804 - INFO - Maximum log composite likelihood: -150.68054909847706.
2024-01-19 15:18:10,804 - INFO - Optimal value of theta: 5108.636033563735.
2024-01-19 15:18:10,804 - INFO - Beginning optimization with guess, [7.75375681].
2024-01-19 15:18:12,285 - INFO - Finished optimization with guess, [7.75375681].
2024-01-19 15:18:12,286 - INFO - Best fit parameters: [7.75375681].
2024-01-19 15:18:12,327 - INFO - Maximum log composite likelihood: -150.68054909847706.
2024-01-19 15:18:12,328 - INFO - Optimal value of theta: 5108.636033563735.
2024-01-19 15:18:12,328 - INFO - Beginning optimization with guess, [5.67346938].
2024-01-19 15:18:13,671 - INFO - Finished optimization with guess, [5.67346938].
2024-01-19 15:18:13,671 - INFO - Best fit parameters: [5.67346938].
2024-01-19 15:18:13,713 - INFO - Maximum log composite likelihood: -150.68054909847706.
2024-01-19 15:18:13,713 - INFO - Optimal value of theta: 5108.636033563735.
2024-01-19 15:18:13,715 - INFO - Beginning demographic inference for two-epoch demographic model.
2024-01-19 15:18:13,717 - INFO - Beginning optimization with guess, [0.07951117 0.01052037].
2024-01-19 15:18:18,076 - INFO - Finished optimization with guess, [0.07951117 0.01052037].
2024-01-19 15:18:18,077 - INFO - Best fit parameters: [0.60362125 0.50668311].
2024-01-19 15:18:18,134 - INFO - Maximum log composite likelihood: -57.98286239462141.
2024-01-19 15:18:18,134 - INFO - Optimal value of theta: 6979.740143554714.
2024-01-19 15:18:18,135 - INFO - Beginning optimization with guess, [0.35082252 0.01797593].
2024-01-19 15:18:23,049 - INFO - Finished optimization with guess, [0.35082252 0.01797593].
2024-01-19 15:18:23,049 - INFO - Best fit parameters: [0.43340337 0.68210794].
2024-01-19 15:18:23,123 - INFO - Maximum log composite likelihood: -57.58219344319241.
2024-01-19 15:18:23,123 - INFO - Optimal value of theta: 9802.040283634087.
2024-01-19 15:18:23,123 - INFO - Beginning optimization with guess, [0.44844364 0.01641612].
2024-01-19 15:18:28,562 - INFO - Finished optimization with guess, [0.44844364 0.01641612].
2024-01-19 15:18:28,562 - INFO - Best fit parameters: [0.42205441 0.68394252].
2024-01-19 15:18:28,632 - INFO - Maximum log composite likelihood: -57.58035142137214.
2024-01-19 15:18:28,633 - INFO - Optimal value of theta: 10066.001905336296.
2024-01-19 15:18:28,633 - INFO - Beginning optimization with guess, [0.71993242 0.01552043].
2024-01-19 15:18:34,410 - INFO - Finished optimization with guess, [0.71993242 0.01552043].
2024-01-19 15:18:34,411 - INFO - Best fit parameters: [0.4419733  0.68071667].
2024-01-19 15:18:34,480 - INFO - Maximum log composite likelihood: -57.584724984076274.
2024-01-19 15:18:34,480 - INFO - Optimal value of theta: 9613.923546933778.
2024-01-19 15:18:34,480 - INFO - Beginning optimization with guess, [0.28240986 0.0150275 ].
2024-01-19 15:18:39,291 - INFO - Finished optimization with guess, [0.28240986 0.0150275 ].
2024-01-19 15:18:39,291 - INFO - Best fit parameters: [0.495103  0.6563009].
2024-01-19 15:18:39,359 - INFO - Maximum log composite likelihood: -57.60564226074257.
2024-01-19 15:18:39,359 - INFO - Optimal value of theta: 8581.049459101107.
2024-01-19 15:18:39,359 - INFO - Beginning optimization with guess, [0.52634294 0.01773909].
2024-01-19 15:18:44,913 - INFO - Finished optimization with guess, [0.52634294 0.01773909].
2024-01-19 15:18:44,914 - INFO - Best fit parameters: [0.38110736 0.68262298].
2024-01-19 15:18:44,987 - INFO - Maximum log composite likelihood: -57.575927203716674.
2024-01-19 15:18:44,987 - INFO - Optimal value of theta: 11147.238261120034.
2024-01-19 15:18:44,988 - INFO - Beginning optimization with guess, [1.20850128 0.01446543].
2024-01-19 15:18:53,150 - INFO - Finished optimization with guess, [1.20850128 0.01446543].
2024-01-19 15:18:53,151 - INFO - Best fit parameters: [0.45455351 0.67556686].
2024-01-19 15:18:53,221 - INFO - Maximum log composite likelihood: -57.58650445947933.
2024-01-19 15:18:53,221 - INFO - Optimal value of theta: 9343.100158047353.
2024-01-19 15:18:53,221 - INFO - Beginning optimization with guess, [0.54592977 0.01258957].
2024-01-19 15:18:58,802 - INFO - Finished optimization with guess, [0.54592977 0.01258957].
2024-01-19 15:18:58,802 - INFO - Best fit parameters: [0.41548697 0.68290342].
2024-01-19 15:18:58,873 - INFO - Maximum log composite likelihood: -57.578201060456195.
2024-01-19 15:18:58,873 - INFO - Optimal value of theta: 10218.37787541894.
2024-01-19 15:18:58,873 - INFO - Beginning optimization with guess, [1.23494675 0.00796301].
2024-01-19 15:19:10,316 - INFO - Finished optimization with guess, [1.23494675 0.00796301].
2024-01-19 15:19:10,317 - INFO - Best fit parameters: [0.49495047 0.65185706].
2024-01-19 15:19:10,382 - INFO - Maximum log composite likelihood: -57.60546427947156.
2024-01-19 15:19:10,383 - INFO - Optimal value of theta: 8570.38780269776.
2024-01-19 15:19:10,383 - INFO - Beginning optimization with guess, [0.77183232 0.00535854].
2024-01-19 15:19:16,395 - INFO - Finished optimization with guess, [0.77183232 0.00535854].
2024-01-19 15:19:16,395 - INFO - Best fit parameters: [0.37740392 0.68083411].
2024-01-19 15:19:16,469 - INFO - Maximum log composite likelihood: -57.5746659488841.
2024-01-19 15:19:16,469 - INFO - Optimal value of theta: 11251.085829693904.
2024-01-19 15:19:16,469 - INFO - Beginning optimization with guess, [0.87294313 0.01666499].
2024-01-19 15:19:22,189 - INFO - Finished optimization with guess, [0.87294313 0.01666499].
2024-01-19 15:19:22,190 - INFO - Best fit parameters: [0.40672881 0.68399827].
2024-01-19 15:19:22,265 - INFO - Maximum log composite likelihood: -57.57743328824563.
2024-01-19 15:19:22,265 - INFO - Optimal value of theta: 10441.664015865665.
2024-01-19 15:19:22,265 - INFO - Beginning optimization with guess, [1.07907409 0.01016148].
2024-01-19 15:19:31,766 - INFO - Finished optimization with guess, [1.07907409 0.01016148].
2024-01-19 15:19:31,768 - INFO - Best fit parameters: [0.51695235 0.63203142].
2024-01-19 15:19:31,831 - INFO - Maximum log composite likelihood: -57.62950552660641.
2024-01-19 15:19:31,831 - INFO - Optimal value of theta: 8196.687972611457.
2024-01-19 15:19:31,831 - INFO - Beginning optimization with guess, [1.91424886 0.00599914].
2024-01-19 15:19:37,990 - INFO - Finished optimization with guess, [1.91424886 0.00599914].
2024-01-19 15:19:37,990 - INFO - Best fit parameters: [0.47085935 0.67024485].
2024-01-19 15:19:38,057 - INFO - Maximum log composite likelihood: -57.59353308733807.
2024-01-19 15:19:38,058 - INFO - Optimal value of theta: 9023.938419280717.
2024-01-19 15:19:38,058 - INFO - Beginning optimization with guess, [3.174477   0.01708464].
2024-01-19 15:19:44,118 - INFO - Finished optimization with guess, [3.174477   0.01708464].
2024-01-19 15:19:44,119 - INFO - Best fit parameters: [0.37554148 0.67945646].
2024-01-19 15:19:44,193 - INFO - Maximum log composite likelihood: -57.574571887483216.
2024-01-19 15:19:44,193 - INFO - Optimal value of theta: 11301.794626561485.
2024-01-19 15:19:44,193 - INFO - Beginning optimization with guess, [2.31771227 0.00618199].
2024-01-19 15:19:50,763 - INFO - Finished optimization with guess, [2.31771227 0.00618199].
2024-01-19 15:19:50,763 - INFO - Best fit parameters: [0.4091937  0.68206041].
2024-01-19 15:19:50,834 - INFO - Maximum log composite likelihood: -57.57773759837164.
2024-01-19 15:19:50,834 - INFO - Optimal value of theta: 10370.637317604947.
2024-01-19 15:19:50,834 - INFO - Beginning optimization with guess, [1.66582472 0.01943737].
2024-01-19 15:19:56,223 - INFO - Finished optimization with guess, [1.66582472 0.01943737].
2024-01-19 15:19:56,224 - INFO - Best fit parameters: [0.44435962 0.67658799].
2024-01-19 15:19:56,293 - INFO - Maximum log composite likelihood: -57.583850870472816.
2024-01-19 15:19:56,293 - INFO - Optimal value of theta: 9549.604033154767.
2024-01-19 15:19:56,293 - INFO - Beginning optimization with guess, [2.37266606 0.01164354].
2024-01-19 15:20:02,519 - INFO - Finished optimization with guess, [2.37266606 0.01164354].
2024-01-19 15:20:02,519 - INFO - Best fit parameters: [0.43090743 0.68103837].
2024-01-19 15:20:02,593 - INFO - Maximum log composite likelihood: -57.58065089261618.
2024-01-19 15:20:02,593 - INFO - Optimal value of theta: 9852.918459661112.
2024-01-19 15:20:02,593 - INFO - Beginning optimization with guess, [3.44089701 0.01765146].
2024-01-19 15:20:08,810 - INFO - Finished optimization with guess, [3.44089701 0.01765146].
2024-01-19 15:20:08,810 - INFO - Best fit parameters: [0.51200402 0.6435459 ].
2024-01-19 15:20:08,878 - INFO - Maximum log composite likelihood: -57.618188370223834.
2024-01-19 15:20:08,878 - INFO - Optimal value of theta: 8296.304263806192.
2024-01-19 15:20:08,878 - INFO - Beginning optimization with guess, [4.43222531 0.00593229].
2024-01-19 15:20:15,790 - INFO - Finished optimization with guess, [4.43222531 0.00593229].
2024-01-19 15:20:15,791 - INFO - Best fit parameters: [0.43000092 0.6800694 ].
2024-01-19 15:20:15,865 - INFO - Maximum log composite likelihood: -57.58072441690638.
2024-01-19 15:20:15,865 - INFO - Optimal value of theta: 9869.31702606356.
2024-01-19 15:20:15,865 - INFO - Beginning optimization with guess, [3.72909797 0.00598866].
2024-01-19 15:20:23,132 - INFO - Finished optimization with guess, [3.72909797 0.00598866].
2024-01-19 15:20:23,132 - INFO - Best fit parameters: [0.43084093 0.68292112].
2024-01-19 15:20:23,206 - INFO - Maximum log composite likelihood: -57.58216599359821.
2024-01-19 15:20:23,206 - INFO - Optimal value of theta: 9861.647461812105.
2024-01-19 15:20:23,206 - INFO - Beginning optimization with guess, [3.17759177 0.00750242].
2024-01-19 15:20:30,076 - INFO - Finished optimization with guess, [3.17759177 0.00750242].
2024-01-19 15:20:30,077 - INFO - Best fit parameters: [0.41710797 0.6842024 ].
2024-01-19 15:20:30,152 - INFO - Maximum log composite likelihood: -57.579359614474924.
2024-01-19 15:20:30,153 - INFO - Optimal value of theta: 10184.51124331326.
2024-01-19 15:20:30,153 - INFO - Beginning optimization with guess, [3.83708257 0.00927864].
2024-01-19 15:20:36,649 - INFO - Finished optimization with guess, [3.83708257 0.00927864].
2024-01-19 15:20:36,650 - INFO - Best fit parameters: [0.44986188 0.67690368].
2024-01-19 15:20:36,722 - INFO - Maximum log composite likelihood: -57.58506230245803.
2024-01-19 15:20:36,722 - INFO - Optimal value of theta: 9439.756926282109.
2024-01-19 15:20:36,722 - INFO - Beginning optimization with guess, [1.14377024e+01 8.81492724e-03].
2024-01-19 15:20:40,873 - INFO - Finished optimization with guess, [1.14377024e+01 8.81492724e-03].
2024-01-19 15:20:40,874 - INFO - Best fit parameters: [0.74565928 0.27304069].
2024-01-19 15:20:40,924 - INFO - Maximum log composite likelihood: -65.71635806262384.
2024-01-19 15:20:40,924 - INFO - Optimal value of theta: 5787.82216444805.
2024-01-19 15:20:40,924 - INFO - Beginning optimization with guess, [8.83882488e+00 5.66690129e-03].
2024-01-19 15:20:46,839 - INFO - Finished optimization with guess, [8.83882488e+00 5.66690129e-03].
2024-01-19 15:20:46,840 - INFO - Best fit parameters: [0.42324716 0.68369711].
2024-01-19 15:20:46,910 - INFO - Maximum log composite likelihood: -57.580402912861246.
2024-01-19 15:20:46,911 - INFO - Optimal value of theta: 10037.211888955513.
2024-01-19 15:20:46,911 - INFO - Beginning optimization with guess, [4.85482115 0.01499196].
2024-01-19 15:20:51,509 - INFO - Finished optimization with guess, [4.85482115 0.01499196].
2024-01-19 15:20:51,510 - INFO - Best fit parameters: [0.47210395 0.67101243].
2024-01-19 15:20:51,577 - INFO - Maximum log composite likelihood: -57.59648265623764.
2024-01-19 15:20:51,577 - INFO - Optimal value of theta: 9004.492085786871.
2024-01-19 15:20:51,578 - INFO - Beginning demographic inference for three-epoch demographic model.
2024-01-19 15:20:51,580 - INFO - Beginning optimization with guess, [0.00914258 0.01707022 0.01064899 0.00915918].
2024-01-19 15:21:02,428 - INFO - Finished optimization with guess, [0.00914258 0.01707022 0.01064899 0.00915918].
2024-01-19 15:21:02,429 - INFO - Best fit parameters: [0.00502738 0.02228922 0.01920008 0.00652683].
2024-01-19 15:21:02,545 - INFO - Maximum log composite likelihood: -52.39358732911114.
2024-01-19 15:21:02,545 - INFO - Optimal value of theta: 209844.53543623586.
2024-01-19 15:21:02,546 - INFO - Beginning optimization with guess, [0.01121548 0.01491861 0.01111123 0.00561939].
2024-01-19 15:21:14,063 - INFO - Finished optimization with guess, [0.01121548 0.01491861 0.01111123 0.00561939].
2024-01-19 15:21:14,065 - INFO - Best fit parameters: [0.00701446 0.01454453 0.03139602 0.00425806].
2024-01-19 15:21:14,190 - INFO - Maximum log composite likelihood: -52.77965113038681.
2024-01-19 15:21:14,190 - INFO - Optimal value of theta: 310666.4712210945.
2024-01-19 15:21:14,190 - INFO - Beginning optimization with guess, [0.02144246 0.04084702 0.01501076 0.0053363 ].
2024-01-19 15:21:22,683 - INFO - Finished optimization with guess, [0.02144246 0.04084702 0.01501076 0.0053363 ].
2024-01-19 15:21:22,683 - INFO - Best fit parameters: [0.00743837 0.05514609 0.02089238 0.01822444].
2024-01-19 15:21:22,786 - INFO - Maximum log composite likelihood: -52.31320102397967.
2024-01-19 15:21:22,786 - INFO - Optimal value of theta: 84380.47475789682.
2024-01-19 15:21:22,787 - INFO - Beginning optimization with guess, [0.04529079 0.07347451 0.01171402 0.01666784].
2024-01-19 15:21:26,850 - INFO - Finished optimization with guess, [0.04529079 0.07347451 0.01171402 0.01666784].
2024-01-19 15:21:26,850 - INFO - Best fit parameters: [6.91502227e-03 2.00899885e+00 6.49809697e-04 4.00618831e-02].
2024-01-19 15:21:26,896 - INFO - Maximum log composite likelihood: -56.70518075364089.
2024-01-19 15:21:26,896 - INFO - Optimal value of theta: 5783.380764175153.
2024-01-19 15:21:26,896 - INFO - Beginning optimization with guess, [0.07248194 0.02693797 0.0092943  0.00807218].
2024-01-19 15:21:30,867 - INFO - Finished optimization with guess, [0.07248194 0.02693797 0.0092943  0.00807218].
2024-01-19 15:21:30,868 - INFO - Best fit parameters: [0.07604117 0.59252651 0.00072607 0.24312492].
2024-01-19 15:21:30,921 - INFO - Maximum log composite likelihood: -73.25011621530939.
2024-01-19 15:21:30,921 - INFO - Optimal value of theta: 6420.484216917114.
2024-01-19 15:21:30,921 - INFO - Beginning optimization with guess, [0.85552922 0.81788269 0.00546258 0.0053542 ].
2024-01-19 15:21:35,713 - INFO - Finished optimization with guess, [0.85552922 0.81788269 0.00546258 0.0053542 ].
2024-01-19 15:21:35,713 - INFO - Best fit parameters: [0.9355056  0.55048887 0.00105681 0.59552542].
2024-01-19 15:21:35,775 - INFO - Maximum log composite likelihood: -57.68817376000152.
2024-01-19 15:21:35,775 - INFO - Optimal value of theta: 7689.244300784125.
2024-01-19 15:21:35,776 - INFO - Beginning optimization with guess, [1.2537118  0.99204901 0.00948822 0.01107757].
2024-01-19 15:21:46,149 - INFO - Finished optimization with guess, [1.2537118  0.99204901 0.00948822 0.01107757].
2024-01-19 15:21:46,150 - INFO - Best fit parameters: [  1.3930662    0.97491233 115.37257675   0.4264423 ].
2024-01-19 15:21:47,674 - INFO - Maximum log composite likelihood: -60.92391347950979.
2024-01-19 15:21:47,674 - INFO - Optimal value of theta: 4321.458183120651.
2024-01-19 15:21:47,674 - INFO - Beginning optimization with guess, [0.53885548 0.54279666 0.00875026 0.00647142].
2024-01-19 15:21:52,487 - INFO - Finished optimization with guess, [0.53885548 0.54279666 0.00875026 0.00647142].
2024-01-19 15:21:52,487 - INFO - Best fit parameters: [0.89876627 0.57683552 0.67563628 0.51084466].
2024-01-19 15:21:52,559 - INFO - Maximum log composite likelihood: -57.910715827198146.
2024-01-19 15:21:52,559 - INFO - Optimal value of theta: 7393.277201680637.
2024-01-19 15:21:52,559 - INFO - Beginning optimization with guess, [1.57735928 0.51660855 0.00505673 0.0070811 ].
2024-01-19 15:21:56,614 - INFO - Finished optimization with guess, [1.57735928 0.51660855 0.00505673 0.0070811 ].
2024-01-19 15:21:56,615 - INFO - Best fit parameters: [1.27195438e+00 5.97510672e-01 3.30385052e-05 5.62861632e-01].
2024-01-19 15:21:56,674 - INFO - Maximum log composite likelihood: -57.90492478406486.
2024-01-19 15:21:56,674 - INFO - Optimal value of theta: 7145.684420237869.
2024-01-19 15:21:56,674 - INFO - Beginning optimization with guess, [0.94697042 1.21460157 0.01125167 0.01929547].
2024-01-19 15:22:00,948 - INFO - Finished optimization with guess, [0.94697042 1.21460157 0.01125167 0.01929547].
2024-01-19 15:22:00,949 - INFO - Best fit parameters: [0.89321825 1.07849863 0.22722914 0.00388504].
2024-01-19 15:22:00,996 - INFO - Maximum log composite likelihood: -107.62648467519739.
2024-01-19 15:22:00,996 - INFO - Optimal value of theta: 5314.927047967359.
2024-01-19 15:22:00,996 - INFO - Beginning optimization with guess, [1.20925043 1.33140554 0.0146612  0.00704657].
2024-01-19 15:22:05,821 - INFO - Finished optimization with guess, [1.20925043 1.33140554 0.0146612  0.00704657].
2024-01-19 15:22:05,821 - INFO - Best fit parameters: [5.96453727e-01 3.14555739e+00 5.28709854e-01 7.67687409e-06].
2024-01-19 15:22:05,881 - INFO - Maximum log composite likelihood: -57.849789818078534.
2024-01-19 15:22:05,881 - INFO - Optimal value of theta: 7085.432437697178.
2024-01-19 15:22:05,881 - INFO - Beginning optimization with guess, [0.872737   1.25979702 0.01346227 0.01222893].
2024-01-19 15:22:10,278 - INFO - Finished optimization with guess, [0.872737   1.25979702 0.01346227 0.01222893].
2024-01-19 15:22:10,279 - INFO - Best fit parameters: [0.6566186  1.22155421 0.30200678 0.00939025].
2024-01-19 15:22:10,329 - INFO - Maximum log composite likelihood: -54.87885633835231.
2024-01-19 15:22:10,330 - INFO - Optimal value of theta: 6126.564886094616.
2024-01-19 15:22:10,330 - INFO - Beginning optimization with guess, [2.05123574 1.0256958  0.0056765  0.01223502].
2024-01-19 15:22:14,687 - INFO - Finished optimization with guess, [2.05123574 1.0256958  0.0056765  0.01223502].
2024-01-19 15:22:14,687 - INFO - Best fit parameters: [1.17870392e-01 9.79470029e-01 2.69099795e-15 2.34802179e-01].
2024-01-19 15:22:14,737 - INFO - Maximum log composite likelihood: -141.108452598065.
2024-01-19 15:22:14,737 - INFO - Optimal value of theta: 5147.377914635767.
2024-01-19 15:22:14,737 - INFO - Beginning optimization with guess, [1.28973641 3.79910547 0.00630601 0.01463862].
2024-01-19 15:22:19,409 - INFO - Finished optimization with guess, [1.28973641 3.79910547 0.00630601 0.01463862].
2024-01-19 15:22:19,410 - INFO - Best fit parameters: [1.10313241e+00 2.73027883e-15 4.08134123e-27 8.42649519e-76].
2024-01-19 15:22:19,454 - INFO - Maximum log composite likelihood: -150.68054909845523.
2024-01-19 15:22:19,454 - INFO - Optimal value of theta: 5108.636033563739.
2024-01-19 15:22:19,454 - INFO - Beginning optimization with guess, [4.06268569 1.70954615 0.01845592 0.00581206].
2024-01-19 15:22:28,526 - INFO - Finished optimization with guess, [4.06268569 1.70954615 0.01845592 0.00581206].
2024-01-19 15:22:28,526 - INFO - Best fit parameters: [0.65338373 0.89297716 0.18806347 0.00485241].
2024-01-19 15:22:28,574 - INFO - Maximum log composite likelihood: -63.17896792410738.
2024-01-19 15:22:28,575 - INFO - Optimal value of theta: 5928.875137758786.
2024-01-19 15:22:28,575 - INFO - Beginning optimization with guess, [1.93847066 1.70053743 0.01518079 0.01358046].
2024-01-19 15:22:34,094 - INFO - Finished optimization with guess, [1.93847066 1.70053743 0.01518079 0.01358046].
2024-01-19 15:22:34,095 - INFO - Best fit parameters: [5.94422815e-01 2.58955704e+00 5.23265995e-01 1.16869040e-05].
2024-01-19 15:22:34,154 - INFO - Maximum log composite likelihood: -57.88879662277304.
2024-01-19 15:22:34,154 - INFO - Optimal value of theta: 7091.484396626004.
2024-01-19 15:22:34,154 - INFO - Beginning optimization with guess, [3.49064119 3.7608003  0.00580546 0.01413749].
2024-01-19 15:22:38,798 - INFO - Finished optimization with guess, [3.49064119 3.7608003  0.00580546 0.01413749].
2024-01-19 15:22:38,798 - INFO - Best fit parameters: [5.41416135e-01 7.94321059e-01 6.83061973e-01 3.20745878e-07].
2024-01-19 15:22:38,864 - INFO - Maximum log composite likelihood: -58.57894161772947.
2024-01-19 15:22:38,864 - INFO - Optimal value of theta: 8001.339255003728.
2024-01-19 15:22:38,865 - INFO - Beginning optimization with guess, [3.20513386 2.26512668 0.00533686 0.00836652].
2024-01-19 15:22:43,512 - INFO - Finished optimization with guess, [3.20513386 2.26512668 0.00533686 0.00836652].
2024-01-19 15:22:43,513 - INFO - Best fit parameters: [4.85623166e+01 5.86781984e-01 2.79198926e-04 5.63990346e-01].
2024-01-19 15:22:43,572 - INFO - Maximum log composite likelihood: -57.785701963341126.
2024-01-19 15:22:43,573 - INFO - Optimal value of theta: 7245.296148178227.
2024-01-19 15:22:43,573 - INFO - Beginning optimization with guess, [4.52894733 2.85888472 0.01716706 0.01433708].
2024-01-19 15:22:47,852 - INFO - Finished optimization with guess, [4.52894733 2.85888472 0.01716706 0.01433708].
2024-01-19 15:22:47,852 - INFO - Best fit parameters: [7.11801965e-01 3.29958153e-01 2.98915777e-01 1.71039659e-07].
2024-01-19 15:22:47,903 - INFO - Maximum log composite likelihood: -61.74723022659782.
2024-01-19 15:22:47,903 - INFO - Optimal value of theta: 5957.410767933241.
2024-01-19 15:22:47,903 - INFO - Beginning optimization with guess, [2.17633542 1.93711866 0.01495739 0.01696661].
2024-01-19 15:22:52,140 - INFO - Finished optimization with guess, [2.17633542 1.93711866 0.01495739 0.01696661].
2024-01-19 15:22:52,141 - INFO - Best fit parameters: [3.67816360e-01 6.08110201e-01 7.76731221e-05 5.59833132e-01].
2024-01-19 15:22:52,203 - INFO - Maximum log composite likelihood: -58.090541098436006.
2024-01-19 15:22:52,204 - INFO - Optimal value of theta: 7047.460225688889.
2024-01-19 15:22:52,204 - INFO - Beginning optimization with guess, [5.97009006 5.15455122 0.01075846 0.01854269].
2024-01-19 15:22:56,133 - INFO - Finished optimization with guess, [5.97009006 5.15455122 0.01075846 0.01854269].
2024-01-19 15:22:56,133 - INFO - Best fit parameters: [7.59474639e+01 7.23188379e-01 1.73161558e-03 9.64258998e-02].
2024-01-19 15:22:56,179 - INFO - Maximum log composite likelihood: -83.69978022048144.
2024-01-19 15:22:56,179 - INFO - Optimal value of theta: 5483.38230231737.
2024-01-19 15:22:56,179 - INFO - Beginning optimization with guess, [5.06454222e+00 8.99340771e+00 8.41654752e-03 5.59691707e-03].
2024-01-19 15:23:00,419 - INFO - Finished optimization with guess, [5.06454222e+00 8.99340771e+00 8.41654752e-03 5.59691707e-03].
2024-01-19 15:23:00,420 - INFO - Best fit parameters: [5.92512223e-01 5.34631066e+02 4.42483659e-01 3.08834478e-03].
2024-01-19 15:23:00,476 - INFO - Maximum log composite likelihood: -52.53704851228758.
2024-01-19 15:23:00,476 - INFO - Optimal value of theta: 6834.9213541917115.
2024-01-19 15:23:00,476 - INFO - Beginning optimization with guess, [8.24888638 5.37423814 0.0102185  0.01718728].
2024-01-19 15:23:04,596 - INFO - Finished optimization with guess, [8.24888638 5.37423814 0.0102185  0.01718728].
2024-01-19 15:23:04,597 - INFO - Best fit parameters: [1.04554440e+03 6.69578183e-01 5.63718794e-03 3.64077837e-01].
2024-01-19 15:23:04,650 - INFO - Maximum log composite likelihood: -59.4209498623959.
2024-01-19 15:23:04,650 - INFO - Optimal value of theta: 6246.59104713966.
2024-01-19 15:23:04,650 - INFO - Beginning optimization with guess, [1.26027619e+01 6.95041261e+00 8.72522595e-03 1.89827042e-02].
2024-01-19 15:23:08,535 - INFO - Finished optimization with guess, [1.26027619e+01 6.95041261e+00 8.72522595e-03 1.89827042e-02].
2024-01-19 15:23:08,536 - INFO - Best fit parameters: [5.40896013e-01 3.75439465e+00 1.98524917e-02 5.59513020e-04].
2024-01-19 15:23:08,581 - INFO - Maximum log composite likelihood: -105.94005144686616.
2024-01-19 15:23:08,581 - INFO - Optimal value of theta: 5333.790526441745.
2024-01-19 15:23:08,581 - INFO - Beginning optimization with guess, [4.93330409e+00 1.05474394e+01 1.27454790e-02 6.07507124e-03].
2024-01-19 15:23:12,753 - INFO - Finished optimization with guess, [4.93330409e+00 1.05474394e+01 1.27454790e-02 6.07507124e-03].
2024-01-19 15:23:12,754 - INFO - Best fit parameters: [3.82713396e+00 7.62817880e-01 1.34105993e-04 1.85993941e-01].
2024-01-19 15:23:12,804 - INFO - Maximum log composite likelihood: -72.9278722905974.
2024-01-19 15:23:12,804 - INFO - Optimal value of theta: 5599.829492977566.
2024-01-19 15:23:12,805 - INFO - Finished demographic inference.
2024-01-19 15:23:12,805 - INFO - Pipeline executed succesfully.
