2025-07-31 21:48:47,501 - INFO - Beginning execution of fit_demographic_model.py in directory /u/project/kirk/jonmah/sample_size_demography/Scripts

2025-07-31 21:48:47,501 - INFO - Progress is being logged to ../Analysis/dadi_3EpB_280/log.log

2025-07-31 21:48:47,502 - INFO - Parsed the following arguments:
	syn_input_sfs = ../Simulations/dadi_simulations/ThreeEpochBottleneck_280.sfs
	mask_singletons = False
	mask_doubletons = False
	L_syn = 100000000.0
	outprefix = ../Analysis/dadi_3EpB_280/

2025-07-31 21:48:47,523 - INFO - Beginning demographic inference for one-epoch demographic model.
2025-07-31 21:48:47,525 - INFO - Beginning optimization with guess, [0.1].
2025-07-31 21:49:00,024 - INFO - Finished optimization with guess, [0.1].
2025-07-31 21:49:00,026 - INFO - Best fit parameters: [0.1].
2025-07-31 21:49:00,380 - INFO - Maximum log composite likelihood: -33071.106157567614.
2025-07-31 21:49:00,380 - INFO - Optimal value of theta: 27332.990886223324.
2025-07-31 21:49:00,380 - INFO - Beginning optimization with guess, [0.2].
2025-07-31 21:49:11,750 - INFO - Finished optimization with guess, [0.2].
2025-07-31 21:49:11,752 - INFO - Best fit parameters: [0.2].
2025-07-31 21:49:12,105 - INFO - Maximum log composite likelihood: -33071.106157567614.
2025-07-31 21:49:12,105 - INFO - Optimal value of theta: 27332.990886223324.
2025-07-31 21:49:12,105 - INFO - Beginning optimization with guess, [0.3].
2025-07-31 21:49:23,476 - INFO - Finished optimization with guess, [0.3].
2025-07-31 21:49:23,476 - INFO - Best fit parameters: [0.3].
2025-07-31 21:49:23,830 - INFO - Maximum log composite likelihood: -33071.106157567614.
2025-07-31 21:49:23,830 - INFO - Optimal value of theta: 27332.990886223324.
2025-07-31 21:49:23,830 - INFO - Beginning optimization with guess, [0.4].
2025-07-31 21:49:34,102 - INFO - Finished optimization with guess, [0.4].
2025-07-31 21:49:34,106 - INFO - Best fit parameters: [0.4].
2025-07-31 21:49:34,460 - INFO - Maximum log composite likelihood: -33071.106157567614.
2025-07-31 21:49:34,460 - INFO - Optimal value of theta: 27332.990886223324.
2025-07-31 21:49:34,460 - INFO - Beginning optimization with guess, [0.5].
2025-07-31 21:49:44,728 - INFO - Finished optimization with guess, [0.5].
2025-07-31 21:49:44,730 - INFO - Best fit parameters: [0.5].
2025-07-31 21:49:45,084 - INFO - Maximum log composite likelihood: -33071.106157567614.
2025-07-31 21:49:45,084 - INFO - Optimal value of theta: 27332.990886223324.
2025-07-31 21:49:45,084 - INFO - Beginning optimization with guess, [0.6].
2025-07-31 21:49:54,294 - INFO - Finished optimization with guess, [0.6].
2025-07-31 21:49:54,297 - INFO - Best fit parameters: [0.6].
2025-07-31 21:49:54,650 - INFO - Maximum log composite likelihood: -33071.106157567614.
2025-07-31 21:49:54,650 - INFO - Optimal value of theta: 27332.990886223324.
2025-07-31 21:49:54,650 - INFO - Beginning optimization with guess, [0.7].
2025-07-31 21:50:03,935 - INFO - Finished optimization with guess, [0.7].
2025-07-31 21:50:03,937 - INFO - Best fit parameters: [0.7].
2025-07-31 21:50:04,291 - INFO - Maximum log composite likelihood: -33071.106157567614.
2025-07-31 21:50:04,291 - INFO - Optimal value of theta: 27332.990886223324.
2025-07-31 21:50:04,291 - INFO - Beginning optimization with guess, [0.8].
2025-07-31 21:50:12,441 - INFO - Finished optimization with guess, [0.8].
2025-07-31 21:50:12,443 - INFO - Best fit parameters: [0.8].
2025-07-31 21:50:12,796 - INFO - Maximum log composite likelihood: -33071.106157567614.
2025-07-31 21:50:12,796 - INFO - Optimal value of theta: 27332.990886223324.
2025-07-31 21:50:12,796 - INFO - Beginning optimization with guess, [0.9].
2025-07-31 21:50:19,876 - INFO - Finished optimization with guess, [0.9].
2025-07-31 21:50:19,876 - INFO - Best fit parameters: [0.9].
2025-07-31 21:50:20,232 - INFO - Maximum log composite likelihood: -33071.106157567614.
2025-07-31 21:50:20,233 - INFO - Optimal value of theta: 27332.990886223324.
2025-07-31 21:50:20,233 - INFO - Beginning optimization with guess, [1].
2025-07-31 21:50:23,063 - INFO - Finished optimization with guess, [1].
2025-07-31 21:50:23,064 - INFO - Best fit parameters: [1.].
2025-07-31 21:50:23,417 - INFO - Maximum log composite likelihood: -33071.106157567614.
2025-07-31 21:50:23,417 - INFO - Optimal value of theta: 27332.990886223324.
2025-07-31 21:50:23,417 - INFO - Beginning optimization with guess, [1.25].
2025-07-31 21:50:31,560 - INFO - Finished optimization with guess, [1.25].
2025-07-31 21:50:31,561 - INFO - Best fit parameters: [1.25].
2025-07-31 21:50:31,914 - INFO - Maximum log composite likelihood: -33071.106157567614.
2025-07-31 21:50:31,914 - INFO - Optimal value of theta: 27332.990886223324.
2025-07-31 21:50:31,915 - INFO - Beginning optimization with guess, [1.5].
2025-07-31 21:50:41,117 - INFO - Finished optimization with guess, [1.5].
2025-07-31 21:50:41,118 - INFO - Best fit parameters: [1.5].
2025-07-31 21:50:41,471 - INFO - Maximum log composite likelihood: -33071.106157567614.
2025-07-31 21:50:41,471 - INFO - Optimal value of theta: 27332.990886223324.
2025-07-31 21:50:41,471 - INFO - Beginning optimization with guess, [1.75].
2025-07-31 21:50:51,740 - INFO - Finished optimization with guess, [1.75].
2025-07-31 21:50:51,742 - INFO - Best fit parameters: [1.75].
2025-07-31 21:50:52,095 - INFO - Maximum log composite likelihood: -33071.106157567614.
2025-07-31 21:50:52,095 - INFO - Optimal value of theta: 27332.990886223324.
2025-07-31 21:50:52,095 - INFO - Beginning optimization with guess, [2].
2025-07-31 21:51:02,376 - INFO - Finished optimization with guess, [2].
2025-07-31 21:51:02,377 - INFO - Best fit parameters: [2.].
2025-07-31 21:51:02,730 - INFO - Maximum log composite likelihood: -33071.106157567614.
2025-07-31 21:51:02,730 - INFO - Optimal value of theta: 27332.990886223324.
2025-07-31 21:51:02,730 - INFO - Beginning optimization with guess, [2.25].
2025-07-31 21:51:12,996 - INFO - Finished optimization with guess, [2.25].
2025-07-31 21:51:12,999 - INFO - Best fit parameters: [2.25].
2025-07-31 21:51:13,353 - INFO - Maximum log composite likelihood: -33071.106157567614.
2025-07-31 21:51:13,353 - INFO - Optimal value of theta: 27332.990886223324.
2025-07-31 21:51:13,353 - INFO - Beginning optimization with guess, [2.5].
2025-07-31 21:51:23,642 - INFO - Finished optimization with guess, [2.5].
2025-07-31 21:51:23,643 - INFO - Best fit parameters: [2.5].
2025-07-31 21:51:23,997 - INFO - Maximum log composite likelihood: -33071.106157567614.
2025-07-31 21:51:23,997 - INFO - Optimal value of theta: 27332.990886223324.
2025-07-31 21:51:23,997 - INFO - Beginning optimization with guess, [2.75].
2025-07-31 21:51:34,271 - INFO - Finished optimization with guess, [2.75].
2025-07-31 21:51:34,272 - INFO - Best fit parameters: [2.75].
2025-07-31 21:51:34,625 - INFO - Maximum log composite likelihood: -33071.106157567614.
2025-07-31 21:51:34,625 - INFO - Optimal value of theta: 27332.990886223324.
2025-07-31 21:51:34,626 - INFO - Beginning optimization with guess, [3].
2025-07-31 21:51:45,965 - INFO - Finished optimization with guess, [3].
2025-07-31 21:51:45,967 - INFO - Best fit parameters: [3.].
2025-07-31 21:51:46,320 - INFO - Maximum log composite likelihood: -33071.106157567614.
2025-07-31 21:51:46,320 - INFO - Optimal value of theta: 27332.990886223324.
2025-07-31 21:51:46,320 - INFO - Beginning optimization with guess, [3.33].
2025-07-31 21:51:57,653 - INFO - Finished optimization with guess, [3.33].
2025-07-31 21:51:57,654 - INFO - Best fit parameters: [3.33].
2025-07-31 21:51:58,007 - INFO - Maximum log composite likelihood: -33071.106157567614.
2025-07-31 21:51:58,007 - INFO - Optimal value of theta: 27332.990886223324.
2025-07-31 21:51:58,007 - INFO - Beginning optimization with guess, [3.66].
2025-07-31 21:52:09,374 - INFO - Finished optimization with guess, [3.66].
2025-07-31 21:52:09,375 - INFO - Best fit parameters: [3.66].
2025-07-31 21:52:09,728 - INFO - Maximum log composite likelihood: -33071.106157567614.
2025-07-31 21:52:09,728 - INFO - Optimal value of theta: 27332.990886223324.
2025-07-31 21:52:09,728 - INFO - Beginning optimization with guess, [4].
2025-07-31 21:52:21,112 - INFO - Finished optimization with guess, [4].
2025-07-31 21:52:21,114 - INFO - Best fit parameters: [4.].
2025-07-31 21:52:21,468 - INFO - Maximum log composite likelihood: -33071.106157567614.
2025-07-31 21:52:21,468 - INFO - Optimal value of theta: 27332.990886223324.
2025-07-31 21:52:21,468 - INFO - Beginning optimization with guess, [5].
2025-07-31 21:52:32,841 - INFO - Finished optimization with guess, [5].
2025-07-31 21:52:32,842 - INFO - Best fit parameters: [5.].
2025-07-31 21:52:33,197 - INFO - Maximum log composite likelihood: -33071.106157567614.
2025-07-31 21:52:33,198 - INFO - Optimal value of theta: 27332.990886223324.
2025-07-31 21:52:33,198 - INFO - Beginning optimization with guess, [6].
2025-07-31 21:52:44,595 - INFO - Finished optimization with guess, [6].
2025-07-31 21:52:44,597 - INFO - Best fit parameters: [6.].
2025-07-31 21:52:44,950 - INFO - Maximum log composite likelihood: -33071.106157567614.
2025-07-31 21:52:44,951 - INFO - Optimal value of theta: 27332.990886223324.
2025-07-31 21:52:44,951 - INFO - Beginning optimization with guess, [7].
2025-07-31 21:52:56,865 - INFO - Finished optimization with guess, [7].
2025-07-31 21:52:56,867 - INFO - Best fit parameters: [7.].
2025-07-31 21:52:57,229 - INFO - Maximum log composite likelihood: -33071.106157567614.
2025-07-31 21:52:57,229 - INFO - Optimal value of theta: 27332.990886223324.
2025-07-31 21:52:57,229 - INFO - Beginning optimization with guess, [8].
2025-07-31 21:53:09,947 - INFO - Finished optimization with guess, [8].
2025-07-31 21:53:09,948 - INFO - Best fit parameters: [8.].
2025-07-31 21:53:10,311 - INFO - Maximum log composite likelihood: -33071.106157567614.
2025-07-31 21:53:10,311 - INFO - Optimal value of theta: 27332.990886223324.
2025-07-31 21:53:10,313 - INFO - Converting and interpreting Tau estimates.
2025-07-31 21:53:10,316 - INFO - Beginning demographic inference for three-epoch demographic model.
2025-07-31 21:53:10,321 - INFO - Beginning optimization with guess, [0.01, 0.01, 0.1, 0.1].
2025-07-31 21:53:33,984 - INFO - Finished optimization with guess, [0.01, 0.01, 0.1, 0.1].
2025-07-31 21:53:33,986 - INFO - Best fit parameters: [0.07707649 0.00910319 0.06533006 0.05967974].
2025-07-31 21:53:34,435 - INFO - Maximum log composite likelihood: -32948.464919114296.
2025-07-31 21:53:34,435 - INFO - Optimal value of theta: 2900421.821547638.
2025-07-31 21:53:34,435 - INFO - Beginning optimization with guess, [0.1, 0.1, 0.1, 0.1].
2025-07-31 21:53:53,036 - INFO - Finished optimization with guess, [0.1, 0.1, 0.1, 0.1].
2025-07-31 21:53:53,038 - INFO - Best fit parameters: [0.05710009 0.07447518 0.14743133 0.17104096].
2025-07-31 21:53:53,456 - INFO - Maximum log composite likelihood: -32948.48435856.
2025-07-31 21:53:53,456 - INFO - Optimal value of theta: 354480.52687273605.
2025-07-31 21:53:53,456 - INFO - Beginning optimization with guess, [0.5, 0.5, 0.1, 0.1].
2025-07-31 21:54:09,734 - INFO - Finished optimization with guess, [0.5, 0.5, 0.1, 0.1].
2025-07-31 21:54:09,736 - INFO - Best fit parameters: [0.19233868 8.6664815  0.14742285 0.00983877].
2025-07-31 21:54:10,104 - INFO - Maximum log composite likelihood: -1186.5024774073263.
2025-07-31 21:54:10,104 - INFO - Optimal value of theta: 48456.44361051666.
2025-07-31 21:54:10,104 - INFO - Beginning optimization with guess, [1, 1, 0.1, 0.1].
2025-07-31 21:54:26,136 - INFO - Finished optimization with guess, [1, 1, 0.1, 0.1].
2025-07-31 21:54:26,138 - INFO - Best fit parameters: [0.98255914 1.01597898 0.68600721 0.02257578].
2025-07-31 21:54:26,505 - INFO - Maximum log composite likelihood: -32430.482446117327.
2025-07-31 21:54:26,505 - INFO - Optimal value of theta: 27496.68760139712.
2025-07-31 21:54:26,505 - INFO - Beginning optimization with guess, [3, 3, 0.1, 0.1].
2025-07-31 21:54:42,775 - INFO - Finished optimization with guess, [3, 3, 0.1, 0.1].
2025-07-31 21:54:42,776 - INFO - Best fit parameters: [0.19264148 4.39596199 0.00453447 0.01896975].
2025-07-31 21:54:43,147 - INFO - Maximum log composite likelihood: -15341.076309501377.
2025-07-31 21:54:43,148 - INFO - Optimal value of theta: 25174.62276417221.
2025-07-31 21:54:43,148 - INFO - Beginning optimization with guess, [5, 5, 0.1, 0.1].
2025-07-31 21:54:59,394 - INFO - Finished optimization with guess, [5, 5, 0.1, 0.1].
2025-07-31 21:54:59,395 - INFO - Best fit parameters: [3.40617081e-01 1.97461627e+02 1.64295182e-02 1.34059590e-02].
2025-07-31 21:54:59,749 - INFO - Maximum log composite likelihood: -9935.292958403226.
2025-07-31 21:54:59,749 - INFO - Optimal value of theta: 25206.194018793965.
2025-07-31 21:54:59,749 - INFO - Beginning optimization with guess, [7, 7, 0.1, 0.1].
2025-07-31 21:55:15,442 - INFO - Finished optimization with guess, [7, 7, 0.1, 0.1].
2025-07-31 21:55:15,443 - INFO - Best fit parameters: [5.21296132e-01 7.72781571e+01 3.21322294e-02 1.98624177e-02].
2025-07-31 21:55:15,798 - INFO - Maximum log composite likelihood: -9148.073279957407.
2025-07-31 21:55:15,798 - INFO - Optimal value of theta: 21758.42629682359.
2025-07-31 21:55:15,798 - INFO - Beginning optimization with guess, [8, 8, 0.1, 0.1].
2025-07-31 21:55:31,072 - INFO - Finished optimization with guess, [8, 8, 0.1, 0.1].
2025-07-31 21:55:31,073 - INFO - Best fit parameters: [2.81972210e-01 1.14441641e+02 1.25767587e-02 1.99853907e-02].
2025-07-31 21:55:31,428 - INFO - Maximum log composite likelihood: -9691.313155308047.
2025-07-31 21:55:31,428 - INFO - Optimal value of theta: 22539.008753493938.
2025-07-31 21:55:31,428 - INFO - Beginning optimization with guess, [9, 9, 0.1, 0.1].
2025-07-31 21:55:46,715 - INFO - Finished optimization with guess, [9, 9, 0.1, 0.1].
2025-07-31 21:55:46,717 - INFO - Best fit parameters: [8.12506599e-01 2.55073614e+01 1.22862462e-02 1.63760932e-02].
2025-07-31 21:55:47,070 - INFO - Maximum log composite likelihood: -12052.824907960745.
2025-07-31 21:55:47,070 - INFO - Optimal value of theta: 21085.267224882602.
2025-07-31 21:55:47,070 - INFO - Beginning optimization with guess, [10, 10, 0.1, 0.1].
2025-07-31 21:56:02,388 - INFO - Finished optimization with guess, [10, 10, 0.1, 0.1].
2025-07-31 21:56:02,388 - INFO - Best fit parameters: [4.31980013 3.57681791 0.02828599 0.00577538].
2025-07-31 21:56:02,745 - INFO - Maximum log composite likelihood: -18073.303236706874.
2025-07-31 21:56:02,745 - INFO - Optimal value of theta: 20100.12894711553.
2025-07-31 21:56:02,746 - INFO - Beginning optimization with guess, [12.5, 12.5, 0.1, 0.1].
2025-07-31 21:56:17,667 - INFO - Finished optimization with guess, [12.5, 12.5, 0.1, 0.1].
2025-07-31 21:56:17,668 - INFO - Best fit parameters: [8.30033272e-01 1.03868111e+02 1.28884471e-02 1.66291942e-02].
2025-07-31 21:56:18,022 - INFO - Maximum log composite likelihood: -11870.452226388017.
2025-07-31 21:56:18,022 - INFO - Optimal value of theta: 20494.598698020123.
2025-07-31 21:56:18,022 - INFO - Beginning optimization with guess, [15, 15, 0.1, 0.1].
2025-07-31 21:56:33,657 - INFO - Finished optimization with guess, [15, 15, 0.1, 0.1].
2025-07-31 21:56:33,658 - INFO - Best fit parameters: [10.68893529  3.47952741  0.01601464  0.01875528].
2025-07-31 21:56:34,013 - INFO - Maximum log composite likelihood: -18231.823257479307.
2025-07-31 21:56:34,013 - INFO - Optimal value of theta: 19702.780207126667.
2025-07-31 21:56:34,013 - INFO - Beginning optimization with guess, [17.5, 17.5, 0.1, 0.1].
2025-07-31 21:56:49,672 - INFO - Finished optimization with guess, [17.5, 17.5, 0.1, 0.1].
2025-07-31 21:56:49,674 - INFO - Best fit parameters: [12.2322011   3.7354703   0.01601464  0.01875528].
2025-07-31 21:56:50,028 - INFO - Maximum log composite likelihood: -17801.782655058938.
2025-07-31 21:56:50,028 - INFO - Optimal value of theta: 19452.168638003506.
2025-07-31 21:56:50,028 - INFO - Beginning optimization with guess, [20, 20, 0.1, 0.1].
2025-07-31 21:57:05,688 - INFO - Finished optimization with guess, [20, 20, 0.1, 0.1].
2025-07-31 21:57:05,689 - INFO - Best fit parameters: [13.74802762  3.97234664  0.01875528  0.01601464].
2025-07-31 21:57:06,048 - INFO - Maximum log composite likelihood: -17181.564239049843.
2025-07-31 21:57:06,048 - INFO - Optimal value of theta: 19056.92837210137.
2025-07-31 21:57:06,048 - INFO - Beginning optimization with guess, [22.5, 22.5, 0.1, 0.1].
2025-07-31 21:57:21,009 - INFO - Finished optimization with guess, [22.5, 22.5, 0.1, 0.1].
2025-07-31 21:57:21,010 - INFO - Best fit parameters: [5.68461895 6.66817494 0.01141474 0.01802533].
2025-07-31 21:57:21,364 - INFO - Maximum log composite likelihood: -15452.18495044438.
2025-07-31 21:57:21,364 - INFO - Optimal value of theta: 19495.701898919873.
2025-07-31 21:57:21,364 - INFO - Beginning optimization with guess, [25, 25, 0.1, 0.1].
2025-07-31 21:57:37,362 - INFO - Finished optimization with guess, [25, 25, 0.1, 0.1].
2025-07-31 21:57:37,363 - INFO - Best fit parameters: [1.59814430e+00 1.67518464e+01 4.18398837e-02 1.34066343e-02].
2025-07-31 21:57:37,717 - INFO - Maximum log composite likelihood: -15776.351110899774.
2025-07-31 21:57:37,717 - INFO - Optimal value of theta: 19593.81252666046.
2025-07-31 21:57:37,717 - INFO - Beginning optimization with guess, [27.5, 27.5, 0.1, 0.1].
2025-07-31 21:57:52,992 - INFO - Finished optimization with guess, [27.5, 27.5, 0.1, 0.1].
2025-07-31 21:57:52,993 - INFO - Best fit parameters: [3.37076307 4.89745668 0.02535768 0.01948085].
2025-07-31 21:57:53,347 - INFO - Maximum log composite likelihood: -18802.327187602747.
2025-07-31 21:57:53,347 - INFO - Optimal value of theta: 18967.672141477186.
2025-07-31 21:57:53,347 - INFO - Beginning optimization with guess, [30, 30, 0.1, 0.1].
2025-07-31 21:58:09,362 - INFO - Finished optimization with guess, [30, 30, 0.1, 0.1].
2025-07-31 21:58:09,363 - INFO - Best fit parameters: [3.21602187e+00 1.04265249e+01 1.06875884e-02 9.84533609e-03].
2025-07-31 21:58:09,717 - INFO - Maximum log composite likelihood: -14361.37010284407.
2025-07-31 21:58:09,717 - INFO - Optimal value of theta: 21172.631968649686.
2025-07-31 21:58:09,717 - INFO - Beginning optimization with guess, [33.3, 33.3, 0.1, 0.1].
2025-07-31 21:58:26,216 - INFO - Finished optimization with guess, [33.3, 33.3, 0.1, 0.1].
2025-07-31 21:58:26,217 - INFO - Best fit parameters: [3.33338305e+00 1.12041647e+01 1.06875884e-02 9.84533609e-03].
2025-07-31 21:58:26,570 - INFO - Maximum log composite likelihood: -14182.341143219213.
2025-07-31 21:58:26,571 - INFO - Optimal value of theta: 21077.669137496992.
2025-07-31 21:58:26,571 - INFO - Beginning optimization with guess, [36.6, 36.6, 0.1, 0.1].
2025-07-31 21:58:42,558 - INFO - Finished optimization with guess, [36.6, 36.6, 0.1, 0.1].
2025-07-31 21:58:42,559 - INFO - Best fit parameters: [3.44333579e+00 1.19581796e+01 1.06875884e-02 9.84533609e-03].
2025-07-31 21:58:42,913 - INFO - Maximum log composite likelihood: -14032.038708851913.
2025-07-31 21:58:42,913 - INFO - Optimal value of theta: 20994.93348681157.
2025-07-31 21:58:42,913 - INFO - Beginning optimization with guess, [40, 40, 0.1, 0.1].
2025-07-31 21:58:58,541 - INFO - Finished optimization with guess, [40, 40, 0.1, 0.1].
2025-07-31 21:58:58,542 - INFO - Best fit parameters: [8.39543553 9.74900448 0.02204937 0.01186081].
2025-07-31 21:58:58,896 - INFO - Maximum log composite likelihood: -15533.129218652051.
2025-07-31 21:58:58,896 - INFO - Optimal value of theta: 18100.859595118276.
2025-07-31 21:58:58,896 - INFO - Beginning optimization with guess, [50, 50, 0.1, 0.1].
2025-07-31 21:59:14,197 - INFO - Finished optimization with guess, [50, 50, 0.1, 0.1].
2025-07-31 21:59:14,198 - INFO - Best fit parameters: [7.02374449 3.88871853 0.01447766 0.00819469].
2025-07-31 21:59:14,552 - INFO - Maximum log composite likelihood: -16105.59825109552.
2025-07-31 21:59:14,552 - INFO - Optimal value of theta: 21064.16124062138.
2025-07-31 21:59:14,552 - INFO - Beginning optimization with guess, [60, 60, 0.1, 0.1].
2025-07-31 21:59:29,478 - INFO - Finished optimization with guess, [60, 60, 0.1, 0.1].
2025-07-31 21:59:29,479 - INFO - Best fit parameters: [4.95356767e+00 1.71593070e+01 8.59430704e-03 1.24818952e-02].
2025-07-31 21:59:29,833 - INFO - Maximum log composite likelihood: -12997.912663899591.
2025-07-31 21:59:29,833 - INFO - Optimal value of theta: 20081.457303966123.
2025-07-31 21:59:29,833 - INFO - Beginning optimization with guess, [70, 70, 0.1, 0.1].
2025-07-31 21:59:44,756 - INFO - Finished optimization with guess, [70, 70, 0.1, 0.1].
2025-07-31 21:59:44,758 - INFO - Best fit parameters: [8.35277702 7.77797913 0.0110327  0.01295833].
2025-07-31 21:59:45,112 - INFO - Maximum log composite likelihood: -14170.094308022924.
2025-07-31 21:59:45,112 - INFO - Optimal value of theta: 19910.454461248442.
2025-07-31 21:59:45,112 - INFO - Beginning optimization with guess, [80, 80, 0.1, 0.1].
2025-07-31 22:00:00,026 - INFO - Finished optimization with guess, [80, 80, 0.1, 0.1].
2025-07-31 22:00:00,027 - INFO - Best fit parameters: [8.92903017 8.29596604 0.0110327  0.01295833].
2025-07-31 22:00:00,382 - INFO - Maximum log composite likelihood: -14002.724592792712.
2025-07-31 22:00:00,382 - INFO - Optimal value of theta: 19796.454286667606.
2025-07-31 22:00:00,385 - INFO - Converting and interpreting Tau estimates.
2025-07-31 22:00:00,387 - INFO - Finished demographic inference.
2025-07-31 22:00:00,387 - INFO - Pipeline executed succesfully.
