2024-03-16 14:23:06,983 - INFO - Beginning execution of fit_demographic_model.py in directory /u/project/kirk/jonmah/sample_size_demography/Scripts

2024-03-16 14:23:06,983 - INFO - Progress is being logged to ../Analysis/ThreeEpochContraction_470/log.log

2024-03-16 14:23:06,983 - INFO - Parsed the following arguments:
	syn_input_sfs = ../Analysis/ThreeEpochContraction_470/syn_downsampled_sfs.txt
	mask_singletons = False
	mask_doubletons = False
	outprefix = ../Analysis/ThreeEpochContraction_470/

2024-03-16 14:23:07,015 - INFO - Beginning demographic inference for one-epoch demographic model.
2024-03-16 14:23:07,016 - INFO - Beginning optimization with guess, [0.10629431].
2024-03-16 14:24:16,366 - INFO - Finished optimization with guess, [0.10629431].
2024-03-16 14:24:16,367 - INFO - Best fit parameters: [0.10629431].
2024-03-16 14:24:17,276 - INFO - Maximum log composite likelihood: -4988.803716109612.
2024-03-16 14:24:17,277 - INFO - Optimal value of theta: 7278.932221751462.
2024-03-16 14:24:17,277 - INFO - Beginning optimization with guess, [0.29081095].
2024-03-16 14:24:46,344 - INFO - Finished optimization with guess, [0.29081095].
2024-03-16 14:24:46,345 - INFO - Best fit parameters: [0.29081095].
2024-03-16 14:24:47,260 - INFO - Maximum log composite likelihood: -4988.803716109612.
2024-03-16 14:24:47,260 - INFO - Optimal value of theta: 7278.932221751462.
2024-03-16 14:24:47,260 - INFO - Beginning optimization with guess, [0.33081628].
2024-03-16 14:25:55,023 - INFO - Finished optimization with guess, [0.33081628].
2024-03-16 14:25:55,038 - INFO - Best fit parameters: [0.33081628].
2024-03-16 14:25:56,964 - INFO - Maximum log composite likelihood: -4988.803716109612.
2024-03-16 14:25:56,964 - INFO - Optimal value of theta: 7278.932221751462.
2024-03-16 14:25:56,964 - INFO - Beginning optimization with guess, [0.25908291].
2024-03-16 14:27:10,627 - INFO - Finished optimization with guess, [0.25908291].
2024-03-16 14:27:10,638 - INFO - Best fit parameters: [0.25908291].
2024-03-16 14:27:12,707 - INFO - Maximum log composite likelihood: -4988.803716109612.
2024-03-16 14:27:12,707 - INFO - Optimal value of theta: 7278.932221751462.
2024-03-16 14:27:12,707 - INFO - Beginning optimization with guess, [0.38908367].
2024-03-16 14:27:50,716 - INFO - Finished optimization with guess, [0.38908367].
2024-03-16 14:27:50,717 - INFO - Best fit parameters: [0.38908367].
2024-03-16 14:27:51,627 - INFO - Maximum log composite likelihood: -4988.803716109612.
2024-03-16 14:27:51,627 - INFO - Optimal value of theta: 7278.932221751462.
2024-03-16 14:27:51,627 - INFO - Beginning optimization with guess, [0.51190203].
2024-03-16 14:28:26,064 - INFO - Finished optimization with guess, [0.51190203].
2024-03-16 14:28:26,066 - INFO - Best fit parameters: [0.51190203].
2024-03-16 14:28:28,289 - INFO - Maximum log composite likelihood: -4988.803716109612.
2024-03-16 14:28:28,293 - INFO - Optimal value of theta: 7278.932221751462.
2024-03-16 14:28:28,293 - INFO - Beginning optimization with guess, [0.54411672].
2024-03-16 14:29:26,589 - INFO - Finished optimization with guess, [0.54411672].
2024-03-16 14:29:26,598 - INFO - Best fit parameters: [0.54411672].
2024-03-16 14:29:28,737 - INFO - Maximum log composite likelihood: -4988.803716109612.
2024-03-16 14:29:28,737 - INFO - Optimal value of theta: 7278.932221751462.
2024-03-16 14:29:28,737 - INFO - Beginning optimization with guess, [0.8082788].
2024-03-16 14:30:17,881 - INFO - Finished optimization with guess, [0.8082788].
2024-03-16 14:30:17,881 - INFO - Best fit parameters: [0.8082788].
2024-03-16 14:30:19,833 - INFO - Maximum log composite likelihood: -4988.803716109612.
2024-03-16 14:30:19,833 - INFO - Optimal value of theta: 7278.932221751462.
2024-03-16 14:30:19,833 - INFO - Beginning optimization with guess, [0.70740569].
2024-03-16 14:30:47,083 - INFO - Finished optimization with guess, [0.70740569].
2024-03-16 14:30:47,084 - INFO - Best fit parameters: [0.70740569].
2024-03-16 14:30:47,996 - INFO - Maximum log composite likelihood: -4988.803716109612.
2024-03-16 14:30:47,997 - INFO - Optimal value of theta: 7278.932221751462.
2024-03-16 14:30:47,997 - INFO - Beginning optimization with guess, [1.25057871].
2024-03-16 14:31:08,905 - INFO - Finished optimization with guess, [1.25057871].
2024-03-16 14:31:08,906 - INFO - Best fit parameters: [1.25057871].
2024-03-16 14:31:09,817 - INFO - Maximum log composite likelihood: -4988.803716109612.
2024-03-16 14:31:09,817 - INFO - Optimal value of theta: 7278.932221751462.
2024-03-16 14:31:09,817 - INFO - Beginning optimization with guess, [2.30005958].
2024-03-16 14:31:36,147 - INFO - Finished optimization with guess, [2.30005958].
2024-03-16 14:31:36,148 - INFO - Best fit parameters: [2.30005958].
2024-03-16 14:31:37,060 - INFO - Maximum log composite likelihood: -4988.803716109612.
2024-03-16 14:31:37,060 - INFO - Optimal value of theta: 7278.932221751462.
2024-03-16 14:31:37,060 - INFO - Beginning optimization with guess, [2.87916694].
2024-03-16 14:32:05,998 - INFO - Finished optimization with guess, [2.87916694].
2024-03-16 14:32:05,999 - INFO - Best fit parameters: [2.87916694].
2024-03-16 14:32:06,909 - INFO - Maximum log composite likelihood: -4988.803716109612.
2024-03-16 14:32:06,909 - INFO - Optimal value of theta: 7278.932221751462.
2024-03-16 14:32:06,909 - INFO - Beginning optimization with guess, [0.91335368].
2024-03-16 14:32:24,881 - INFO - Finished optimization with guess, [0.91335368].
2024-03-16 14:32:24,882 - INFO - Best fit parameters: [0.91335368].
2024-03-16 14:32:25,780 - INFO - Maximum log composite likelihood: -4988.803716109612.
2024-03-16 14:32:25,780 - INFO - Optimal value of theta: 7278.932221751462.
2024-03-16 14:32:25,780 - INFO - Beginning optimization with guess, [1.85458949].
2024-03-16 14:32:51,801 - INFO - Finished optimization with guess, [1.85458949].
2024-03-16 14:32:51,802 - INFO - Best fit parameters: [1.85458949].
2024-03-16 14:32:52,700 - INFO - Maximum log composite likelihood: -4988.803716109612.
2024-03-16 14:32:52,700 - INFO - Optimal value of theta: 7278.932221751462.
2024-03-16 14:32:52,700 - INFO - Beginning optimization with guess, [1.76671434].
2024-03-16 14:33:18,927 - INFO - Finished optimization with guess, [1.76671434].
2024-03-16 14:33:18,928 - INFO - Best fit parameters: [1.76671434].
2024-03-16 14:33:19,838 - INFO - Maximum log composite likelihood: -4988.803716109612.
2024-03-16 14:33:19,838 - INFO - Optimal value of theta: 7278.932221751462.
2024-03-16 14:33:19,839 - INFO - Beginning optimization with guess, [2.98104855].
2024-03-16 14:33:48,485 - INFO - Finished optimization with guess, [2.98104855].
2024-03-16 14:33:48,487 - INFO - Best fit parameters: [2.98104855].
2024-03-16 14:33:49,382 - INFO - Maximum log composite likelihood: -4988.803716109612.
2024-03-16 14:33:49,382 - INFO - Optimal value of theta: 7278.932221751462.
2024-03-16 14:33:49,382 - INFO - Beginning optimization with guess, [4.83939136].
2024-03-16 14:34:18,016 - INFO - Finished optimization with guess, [4.83939136].
2024-03-16 14:34:18,017 - INFO - Best fit parameters: [4.83939136].
2024-03-16 14:34:18,917 - INFO - Maximum log composite likelihood: -4988.803716109612.
2024-03-16 14:34:18,917 - INFO - Optimal value of theta: 7278.932221751462.
2024-03-16 14:34:18,917 - INFO - Beginning optimization with guess, [3.85314827].
2024-03-16 14:34:47,603 - INFO - Finished optimization with guess, [3.85314827].
2024-03-16 14:34:47,604 - INFO - Best fit parameters: [3.85314827].
2024-03-16 14:34:48,509 - INFO - Maximum log composite likelihood: -4988.803716109612.
2024-03-16 14:34:48,510 - INFO - Optimal value of theta: 7278.932221751462.
2024-03-16 14:34:48,510 - INFO - Beginning optimization with guess, [2.2934844].
2024-03-16 14:35:15,535 - INFO - Finished optimization with guess, [2.2934844].
2024-03-16 14:35:15,536 - INFO - Best fit parameters: [2.2934844].
2024-03-16 14:35:16,549 - INFO - Maximum log composite likelihood: -4988.803716109612.
2024-03-16 14:35:16,549 - INFO - Optimal value of theta: 7278.932221751462.
2024-03-16 14:35:16,549 - INFO - Beginning optimization with guess, [3.10308325].
2024-03-16 14:35:50,186 - INFO - Finished optimization with guess, [3.10308325].
2024-03-16 14:35:50,193 - INFO - Best fit parameters: [3.10308325].
2024-03-16 14:35:51,862 - INFO - Maximum log composite likelihood: -4988.803716109612.
2024-03-16 14:35:51,863 - INFO - Optimal value of theta: 7278.932221751462.
2024-03-16 14:35:51,863 - INFO - Beginning optimization with guess, [4.81079647].
2024-03-16 14:36:29,516 - INFO - Finished optimization with guess, [4.81079647].
2024-03-16 14:36:29,517 - INFO - Best fit parameters: [4.81079647].
2024-03-16 14:36:31,354 - INFO - Maximum log composite likelihood: -4988.803716109612.
2024-03-16 14:36:31,355 - INFO - Optimal value of theta: 7278.932221751462.
2024-03-16 14:36:31,355 - INFO - Beginning optimization with guess, [4.29240589].
2024-03-16 14:37:19,676 - INFO - Finished optimization with guess, [4.29240589].
2024-03-16 14:37:19,698 - INFO - Best fit parameters: [4.29240589].
2024-03-16 14:37:22,098 - INFO - Maximum log composite likelihood: -4988.803716109612.
2024-03-16 14:37:22,112 - INFO - Optimal value of theta: 7278.932221751462.
2024-03-16 14:37:22,112 - INFO - Beginning optimization with guess, [4.63706994].
2024-03-16 14:38:42,295 - INFO - Finished optimization with guess, [4.63706994].
2024-03-16 14:38:42,317 - INFO - Best fit parameters: [4.63706994].
2024-03-16 14:38:44,444 - INFO - Maximum log composite likelihood: -4988.803716109612.
2024-03-16 14:38:44,444 - INFO - Optimal value of theta: 7278.932221751462.
2024-03-16 14:38:44,444 - INFO - Beginning optimization with guess, [9.7312102].
2024-03-16 14:40:11,374 - INFO - Finished optimization with guess, [9.7312102].
2024-03-16 14:40:11,375 - INFO - Best fit parameters: [9.7312102].
2024-03-16 14:40:13,805 - INFO - Maximum log composite likelihood: -4988.803716109612.
2024-03-16 14:40:13,805 - INFO - Optimal value of theta: 7278.932221751462.
2024-03-16 14:40:13,805 - INFO - Beginning optimization with guess, [9.97188499].
2024-03-16 14:40:58,343 - INFO - Finished optimization with guess, [9.97188499].
2024-03-16 14:40:58,343 - INFO - Best fit parameters: [9.97188499].
2024-03-16 14:40:59,295 - INFO - Maximum log composite likelihood: -4988.803716109612.
2024-03-16 14:40:59,295 - INFO - Optimal value of theta: 7278.932221751462.
2024-03-16 14:40:59,299 - INFO - Finished demographic inference.
2024-03-16 14:40:59,299 - INFO - Pipeline executed succesfully.
