2024-03-16 14:45:31,838 - INFO - Beginning execution of fit_demographic_model.py in directory /u/project/kirk/jonmah/sample_size_demography/Scripts

2024-03-16 14:45:31,839 - INFO - Progress is being logged to ../Analysis/ThreeEpochContraction_800/log.log

2024-03-16 14:45:31,839 - INFO - Parsed the following arguments:
	syn_input_sfs = ../Analysis/ThreeEpochContraction_800/syn_downsampled_sfs.txt
	mask_singletons = False
	mask_doubletons = False
	outprefix = ../Analysis/ThreeEpochContraction_800/

2024-03-16 14:45:31,870 - INFO - Beginning demographic inference for one-epoch demographic model.
2024-03-16 14:45:31,871 - INFO - Beginning optimization with guess, [0.16894752].
2024-03-16 14:46:51,523 - INFO - Finished optimization with guess, [0.16894752].
2024-03-16 14:46:51,527 - INFO - Best fit parameters: [0.16894752].
2024-03-16 14:46:54,199 - INFO - Maximum log composite likelihood: -6171.406553575589.
2024-03-16 14:46:54,199 - INFO - Optimal value of theta: 6993.329518796922.
2024-03-16 14:46:54,199 - INFO - Beginning optimization with guess, [0.27736657].
2024-03-16 14:48:14,374 - INFO - Finished optimization with guess, [0.27736657].
2024-03-16 14:48:14,375 - INFO - Best fit parameters: [0.27736657].
2024-03-16 14:48:16,828 - INFO - Maximum log composite likelihood: -6171.406553575589.
2024-03-16 14:48:16,828 - INFO - Optimal value of theta: 6993.329518796922.
2024-03-16 14:48:16,828 - INFO - Beginning optimization with guess, [0.57022471].
2024-03-16 14:49:28,676 - INFO - Finished optimization with guess, [0.57022471].
2024-03-16 14:49:28,677 - INFO - Best fit parameters: [0.57022471].
2024-03-16 14:49:31,083 - INFO - Maximum log composite likelihood: -6171.406553575589.
2024-03-16 14:49:31,083 - INFO - Optimal value of theta: 6993.329518796922.
2024-03-16 14:49:31,084 - INFO - Beginning optimization with guess, [0.40934542].
2024-03-16 14:50:39,787 - INFO - Finished optimization with guess, [0.40934542].
2024-03-16 14:50:39,788 - INFO - Best fit parameters: [0.40934542].
2024-03-16 14:50:42,115 - INFO - Maximum log composite likelihood: -6171.406553575589.
2024-03-16 14:50:42,115 - INFO - Optimal value of theta: 6993.329518796922.
2024-03-16 14:50:42,116 - INFO - Beginning optimization with guess, [0.29015919].
2024-03-16 14:51:58,963 - INFO - Finished optimization with guess, [0.29015919].
2024-03-16 14:51:58,965 - INFO - Best fit parameters: [0.29015919].
2024-03-16 14:52:01,335 - INFO - Maximum log composite likelihood: -6171.406553575589.
2024-03-16 14:52:01,335 - INFO - Optimal value of theta: 6993.329518796922.
2024-03-16 14:52:01,335 - INFO - Beginning optimization with guess, [0.71068192].
2024-03-16 14:53:04,303 - INFO - Finished optimization with guess, [0.71068192].
2024-03-16 14:53:04,304 - INFO - Best fit parameters: [0.71068192].
2024-03-16 14:53:06,787 - INFO - Maximum log composite likelihood: -6171.406553575589.
2024-03-16 14:53:06,787 - INFO - Optimal value of theta: 6993.329518796922.
2024-03-16 14:53:06,787 - INFO - Beginning optimization with guess, [1.11525335].
2024-03-16 14:53:55,257 - INFO - Finished optimization with guess, [1.11525335].
2024-03-16 14:53:55,258 - INFO - Best fit parameters: [1.11525335].
2024-03-16 14:53:57,855 - INFO - Maximum log composite likelihood: -6171.406553575589.
2024-03-16 14:53:57,855 - INFO - Optimal value of theta: 6993.329518796922.
2024-03-16 14:53:57,856 - INFO - Beginning optimization with guess, [0.85143585].
2024-03-16 14:54:53,158 - INFO - Finished optimization with guess, [0.85143585].
2024-03-16 14:54:53,159 - INFO - Best fit parameters: [0.85143585].
2024-03-16 14:54:55,531 - INFO - Maximum log composite likelihood: -6171.406553575589.
2024-03-16 14:54:55,531 - INFO - Optimal value of theta: 6993.329518796922.
2024-03-16 14:54:55,531 - INFO - Beginning optimization with guess, [0.9853415].
2024-03-16 14:55:22,136 - INFO - Finished optimization with guess, [0.9853415].
2024-03-16 14:55:22,137 - INFO - Best fit parameters: [0.9853415].
2024-03-16 14:55:24,482 - INFO - Maximum log composite likelihood: -6171.406553575589.
2024-03-16 14:55:24,482 - INFO - Optimal value of theta: 6993.329518796922.
2024-03-16 14:55:24,483 - INFO - Beginning optimization with guess, [1.18563045].
2024-03-16 14:56:19,729 - INFO - Finished optimization with guess, [1.18563045].
2024-03-16 14:56:19,730 - INFO - Best fit parameters: [1.18563045].
2024-03-16 14:56:22,310 - INFO - Maximum log composite likelihood: -6171.406553575589.
2024-03-16 14:56:22,310 - INFO - Optimal value of theta: 6993.329518796922.
2024-03-16 14:56:22,311 - INFO - Beginning optimization with guess, [1.03024534].
2024-03-16 14:56:55,771 - INFO - Finished optimization with guess, [1.03024534].
2024-03-16 14:56:55,772 - INFO - Best fit parameters: [1.03024534].
2024-03-16 14:56:58,087 - INFO - Maximum log composite likelihood: -6171.406553575589.
2024-03-16 14:56:58,087 - INFO - Optimal value of theta: 6993.329518796922.
2024-03-16 14:56:58,087 - INFO - Beginning optimization with guess, [1.52292522].
2024-03-16 14:57:59,245 - INFO - Finished optimization with guess, [1.52292522].
2024-03-16 14:57:59,248 - INFO - Best fit parameters: [1.52292522].
2024-03-16 14:58:01,654 - INFO - Maximum log composite likelihood: -6171.406553575589.
2024-03-16 14:58:01,655 - INFO - Optimal value of theta: 6993.329518796922.
2024-03-16 14:58:01,655 - INFO - Beginning optimization with guess, [0.91122799].
2024-03-16 14:58:49,279 - INFO - Finished optimization with guess, [0.91122799].
2024-03-16 14:58:49,280 - INFO - Best fit parameters: [0.91122799].
2024-03-16 14:58:51,625 - INFO - Maximum log composite likelihood: -6171.406553575589.
2024-03-16 14:58:51,625 - INFO - Optimal value of theta: 6993.329518796922.
2024-03-16 14:58:51,625 - INFO - Beginning optimization with guess, [1.76571788].
2024-03-16 15:00:02,021 - INFO - Finished optimization with guess, [1.76571788].
2024-03-16 15:00:02,025 - INFO - Best fit parameters: [1.76571788].
2024-03-16 15:00:04,487 - INFO - Maximum log composite likelihood: -6171.406553575589.
2024-03-16 15:00:04,487 - INFO - Optimal value of theta: 6993.329518796922.
2024-03-16 15:00:04,488 - INFO - Beginning optimization with guess, [2.57859383].
2024-03-16 15:01:17,187 - INFO - Finished optimization with guess, [2.57859383].
2024-03-16 15:01:17,188 - INFO - Best fit parameters: [2.57859383].
2024-03-16 15:01:19,584 - INFO - Maximum log composite likelihood: -6171.406553575589.
2024-03-16 15:01:19,585 - INFO - Optimal value of theta: 6993.329518796922.
2024-03-16 15:01:19,585 - INFO - Beginning optimization with guess, [2.42210599].
2024-03-16 15:02:28,663 - INFO - Finished optimization with guess, [2.42210599].
2024-03-16 15:02:28,664 - INFO - Best fit parameters: [2.42210599].
2024-03-16 15:02:31,011 - INFO - Maximum log composite likelihood: -6171.406553575589.
2024-03-16 15:02:31,012 - INFO - Optimal value of theta: 6993.329518796922.
2024-03-16 15:02:31,012 - INFO - Beginning optimization with guess, [3.0624579].
2024-03-16 15:03:46,294 - INFO - Finished optimization with guess, [3.0624579].
2024-03-16 15:03:46,295 - INFO - Best fit parameters: [3.0624579].
2024-03-16 15:03:48,550 - INFO - Maximum log composite likelihood: -6171.406553575589.
2024-03-16 15:03:48,551 - INFO - Optimal value of theta: 6993.329518796922.
2024-03-16 15:03:48,551 - INFO - Beginning optimization with guess, [1.97953621].
2024-03-16 15:04:55,875 - INFO - Finished optimization with guess, [1.97953621].
2024-03-16 15:04:55,876 - INFO - Best fit parameters: [1.97953621].
2024-03-16 15:04:58,256 - INFO - Maximum log composite likelihood: -6171.406553575589.
2024-03-16 15:04:58,256 - INFO - Optimal value of theta: 6993.329518796922.
2024-03-16 15:04:58,257 - INFO - Beginning optimization with guess, [2.48207066].
2024-03-16 15:06:06,181 - INFO - Finished optimization with guess, [2.48207066].
2024-03-16 15:06:06,182 - INFO - Best fit parameters: [2.48207066].
2024-03-16 15:06:08,510 - INFO - Maximum log composite likelihood: -6171.406553575589.
2024-03-16 15:06:08,510 - INFO - Optimal value of theta: 6993.329518796922.
2024-03-16 15:06:08,510 - INFO - Beginning optimization with guess, [4.79283997].
2024-03-16 15:07:22,903 - INFO - Finished optimization with guess, [4.79283997].
2024-03-16 15:07:22,904 - INFO - Best fit parameters: [4.79283997].
2024-03-16 15:07:25,234 - INFO - Maximum log composite likelihood: -6171.406553575589.
2024-03-16 15:07:25,234 - INFO - Optimal value of theta: 6993.329518796922.
2024-03-16 15:07:25,234 - INFO - Beginning optimization with guess, [3.26021356].
2024-03-16 15:08:39,436 - INFO - Finished optimization with guess, [3.26021356].
2024-03-16 15:08:39,437 - INFO - Best fit parameters: [3.26021356].
2024-03-16 15:08:41,781 - INFO - Maximum log composite likelihood: -6171.406553575589.
2024-03-16 15:08:41,781 - INFO - Optimal value of theta: 6993.329518796922.
2024-03-16 15:08:41,781 - INFO - Beginning optimization with guess, [9.45512656].
2024-03-16 15:10:03,330 - INFO - Finished optimization with guess, [9.45512656].
2024-03-16 15:10:03,332 - INFO - Best fit parameters: [9.45512656].
2024-03-16 15:10:05,701 - INFO - Maximum log composite likelihood: -6171.406553575589.
2024-03-16 15:10:05,701 - INFO - Optimal value of theta: 6993.329518796922.
2024-03-16 15:10:05,702 - INFO - Beginning optimization with guess, [11.7598522].
2024-03-16 15:11:27,416 - INFO - Finished optimization with guess, [11.7598522].
2024-03-16 15:11:27,417 - INFO - Best fit parameters: [11.7598522].
2024-03-16 15:11:29,731 - INFO - Maximum log composite likelihood: -6171.406553575589.
2024-03-16 15:11:29,731 - INFO - Optimal value of theta: 6993.329518796922.
2024-03-16 15:11:29,731 - INFO - Beginning optimization with guess, [12.97312486].
2024-03-16 15:12:52,584 - INFO - Finished optimization with guess, [12.97312486].
2024-03-16 15:12:52,585 - INFO - Best fit parameters: [12.97312486].
2024-03-16 15:12:55,040 - INFO - Maximum log composite likelihood: -6171.406553575589.
2024-03-16 15:12:55,040 - INFO - Optimal value of theta: 6993.329518796922.
2024-03-16 15:12:55,041 - INFO - Beginning optimization with guess, [4.48580986].
2024-03-16 15:14:14,361 - INFO - Finished optimization with guess, [4.48580986].
2024-03-16 15:14:14,362 - INFO - Best fit parameters: [4.48580986].
2024-03-16 15:14:16,837 - INFO - Maximum log composite likelihood: -6171.406553575589.
2024-03-16 15:14:16,837 - INFO - Optimal value of theta: 6993.329518796922.
2024-03-16 15:14:16,872 - INFO - Finished demographic inference.
2024-03-16 15:14:16,872 - INFO - Pipeline executed succesfully.
