2024-01-17 10:48:22,072 - INFO - Beginning execution of fit_demographic_model.py in directory /u/project/kirk/jonmah/sample_size_demography/Scripts

2024-01-17 10:48:22,072 - INFO - Progress is being logged to ../Analysis/1kg_EUR_210/log.log

2024-01-17 10:48:22,072 - INFO - Parsed the following arguments:
	syn_input_sfs = ../Analysis/1kg_EUR_210/syn_downsampled_sfs.txt
	mask_singletons = False
	mask_doubletons = False
	outprefix = ../Analysis/1kg_EUR_210/

2024-01-17 10:48:22,089 - INFO - Beginning demographic inference for three-epoch demographic model.
2024-01-17 10:48:22,090 - INFO - Beginning optimization with guess, [0.01073838 0.01485929 0.00688463 0.00580485].
2024-01-17 10:48:36,382 - INFO - Finished optimization with guess, [0.01073838 0.01485929 0.00688463 0.00580485].
2024-01-17 10:48:36,383 - INFO - Best fit parameters: [0.00416017 0.02126061 0.0179086  0.00423991].
2024-01-17 10:48:36,892 - INFO - Maximum log composite likelihood: -533.6640362347559.
2024-01-17 10:48:36,892 - INFO - Optimal value of theta: 272059.7919675652.
2024-01-17 10:48:36,892 - INFO - Beginning optimization with guess, [0.01089765 0.01754164 0.00802642 0.00925865].
2024-01-17 10:48:49,954 - INFO - Finished optimization with guess, [0.01089765 0.01754164 0.00802642 0.00925865].
2024-01-17 10:48:49,956 - INFO - Best fit parameters: [0.00500303 0.01543518 0.02075243 0.00890978].
2024-01-17 10:48:50,468 - INFO - Maximum log composite likelihood: -534.6268353368616.
2024-01-17 10:48:50,468 - INFO - Optimal value of theta: 301442.68761965574.
2024-01-17 10:48:50,468 - INFO - Beginning optimization with guess, [0.0150387  0.02055481 0.01582764 0.00679275].
2024-01-17 10:49:05,293 - INFO - Finished optimization with guess, [0.0150387  0.02055481 0.01582764 0.00679275].
2024-01-17 10:49:05,303 - INFO - Best fit parameters: [0.00886302 0.01980467 0.04101926 0.0056496 ].
2024-01-17 10:49:05,819 - INFO - Maximum log composite likelihood: -527.4824160026376.
2024-01-17 10:49:05,819 - INFO - Optimal value of theta: 268523.8631263858.
2024-01-17 10:49:05,819 - INFO - Beginning optimization with guess, [0.0240838  0.0520656  0.00820359 0.00783233].
2024-01-17 10:49:17,468 - INFO - Finished optimization with guess, [0.0240838  0.0520656  0.00820359 0.00783233].
2024-01-17 10:49:17,469 - INFO - Best fit parameters: [0.00735619 0.22819823 0.01078075 0.00867273].
2024-01-17 10:49:17,926 - INFO - Maximum log composite likelihood: -1720.6747895183664.
2024-01-17 10:49:17,926 - INFO - Optimal value of theta: 28713.23535359877.
2024-01-17 10:49:17,926 - INFO - Beginning optimization with guess, [0.08130826 0.05433152 0.00715904 0.00555765].
2024-01-17 10:49:29,585 - INFO - Finished optimization with guess, [0.08130826 0.05433152 0.00715904 0.00555765].
2024-01-17 10:49:29,586 - INFO - Best fit parameters: [8.83116510e-02 4.74769799e+01 1.11469108e-05 2.34778757e-05].
2024-01-17 10:49:30,016 - INFO - Maximum log composite likelihood: -591.260346475785.
2024-01-17 10:49:30,017 - INFO - Optimal value of theta: 5102.231243202631.
2024-01-17 10:49:30,017 - INFO - Beginning optimization with guess, [0.51127553 0.43170716 0.01037203 0.01140375].
2024-01-17 10:49:41,219 - INFO - Finished optimization with guess, [0.51127553 0.43170716 0.01037203 0.01140375].
2024-01-17 10:49:41,220 - INFO - Best fit parameters: [4.91061280e-01 2.35010462e+00 6.20907885e-05 1.76102107e-04].
2024-01-17 10:49:41,651 - INFO - Maximum log composite likelihood: -583.3421830135021.
2024-01-17 10:49:41,651 - INFO - Optimal value of theta: 5090.738750303756.
2024-01-17 10:49:41,651 - INFO - Beginning optimization with guess, [0.90354935 0.41016915 0.01690278 0.01228853].
2024-01-17 10:49:53,285 - INFO - Finished optimization with guess, [0.90354935 0.41016915 0.01690278 0.01228853].
2024-01-17 10:49:53,285 - INFO - Best fit parameters: [8.69448780e-01 3.61044576e+00 6.19703434e-04 3.32655152e-06].
2024-01-17 10:49:53,716 - INFO - Maximum log composite likelihood: -590.6074603066397.
2024-01-17 10:49:53,716 - INFO - Optimal value of theta: 5101.754310303303.
2024-01-17 10:49:53,716 - INFO - Beginning optimization with guess, [0.60388608 1.14816458 0.00734521 0.00881867].
2024-01-17 10:50:05,355 - INFO - Finished optimization with guess, [0.60388608 1.14816458 0.00734521 0.00881867].
2024-01-17 10:50:05,356 - INFO - Best fit parameters: [0.57872003 1.1978173  0.0397686  0.03590992].
2024-01-17 10:50:05,788 - INFO - Maximum log composite likelihood: -451.21611761164775.
2024-01-17 10:50:05,788 - INFO - Optimal value of theta: 5237.964437845529.
2024-01-17 10:50:05,788 - INFO - Beginning optimization with guess, [1.59906242 1.32814336 0.01041216 0.00810397].
2024-01-17 10:50:18,272 - INFO - Finished optimization with guess, [1.59906242 1.32814336 0.01041216 0.00810397].
2024-01-17 10:50:18,273 - INFO - Best fit parameters: [1.50366444 1.25795163 0.00372627 0.00325049].
2024-01-17 10:50:18,704 - INFO - Maximum log composite likelihood: -553.6886562364369.
2024-01-17 10:50:18,704 - INFO - Optimal value of theta: 4970.56769778454.
2024-01-17 10:50:18,704 - INFO - Beginning optimization with guess, [1.3434261  0.97521316 0.00525603 0.0093867 ].
2024-01-17 10:50:30,761 - INFO - Finished optimization with guess, [1.3434261  0.97521316 0.00525603 0.0093867 ].
2024-01-17 10:50:30,762 - INFO - Best fit parameters: [1.37717452e+00 9.88483322e-01 8.14017023e-03 1.45526518e-04].
2024-01-17 10:50:31,193 - INFO - Maximum log composite likelihood: -554.1146807310527.
2024-01-17 10:50:31,193 - INFO - Optimal value of theta: 4954.42869077625.
2024-01-17 10:50:31,193 - INFO - Beginning optimization with guess, [1.00295666 1.78286683 0.01285911 0.00544125].
2024-01-17 10:50:42,390 - INFO - Finished optimization with guess, [1.00295666 1.78286683 0.01285911 0.00544125].
2024-01-17 10:50:42,391 - INFO - Best fit parameters: [1.00273567 1.93657551 0.01749749 0.00365806].
2024-01-17 10:50:42,822 - INFO - Maximum log composite likelihood: -548.1247447288317.
2024-01-17 10:50:42,823 - INFO - Optimal value of theta: 4959.264342481931.
2024-01-17 10:50:42,823 - INFO - Beginning optimization with guess, [0.9612153  1.62174796 0.01934437 0.00707897].
2024-01-17 10:50:54,113 - INFO - Finished optimization with guess, [0.9612153  1.62174796 0.01934437 0.00707897].
2024-01-17 10:50:54,114 - INFO - Best fit parameters: [0.94796781 1.73560314 0.47794385 0.00375054].
2024-01-17 10:50:54,554 - INFO - Maximum log composite likelihood: -512.8284889786731.
2024-01-17 10:50:54,554 - INFO - Optimal value of theta: 5148.210834002048.
2024-01-17 10:50:54,554 - INFO - Beginning optimization with guess, [1.02291396 1.25621917 0.01137951 0.01101469].
2024-01-17 10:51:06,180 - INFO - Finished optimization with guess, [1.02291396 1.25621917 0.01137951 0.01101469].
2024-01-17 10:51:06,181 - INFO - Best fit parameters: [1.01270031 1.45521964 0.00146812 0.00693746].
2024-01-17 10:51:06,611 - INFO - Maximum log composite likelihood: -552.2676958521988.
2024-01-17 10:51:06,612 - INFO - Optimal value of theta: 4951.1182929606275.
2024-01-17 10:51:06,612 - INFO - Beginning optimization with guess, [2.11890665 2.70086697 0.00526335 0.01229339].
2024-01-17 10:51:18,233 - INFO - Finished optimization with guess, [2.11890665 2.70086697 0.00526335 0.01229339].
2024-01-17 10:51:18,234 - INFO - Best fit parameters: [1.56257860e+00 2.34699564e+00 8.09720209e-04 2.41228234e-03].
2024-01-17 10:51:18,664 - INFO - Maximum log composite likelihood: -546.6568119520043.
2024-01-17 10:51:18,664 - INFO - Optimal value of theta: 4960.9689233465215.
2024-01-17 10:51:18,665 - INFO - Beginning optimization with guess, [1.32521208 2.26612391 0.01355933 0.00823319].
2024-01-17 10:51:31,147 - INFO - Finished optimization with guess, [1.32521208 2.26612391 0.01355933 0.00823319].
2024-01-17 10:51:31,148 - INFO - Best fit parameters: [1.22240023 2.05465112 0.00460493 0.00209559].
2024-01-17 10:51:31,579 - INFO - Maximum log composite likelihood: -548.8751243662098.
2024-01-17 10:51:31,579 - INFO - Optimal value of theta: 4956.049911108601.
2024-01-17 10:51:31,579 - INFO - Beginning optimization with guess, [2.43329644 3.62583877 0.0052163  0.00786873].
2024-01-17 10:51:44,061 - INFO - Finished optimization with guess, [2.43329644 3.62583877 0.0052163  0.00786873].
2024-01-17 10:51:44,062 - INFO - Best fit parameters: [2.10720230e+00 2.28759989e+00 1.21175494e-03 2.03162074e-03].
2024-01-17 10:51:44,492 - INFO - Maximum log composite likelihood: -546.8080586624176.
2024-01-17 10:51:44,492 - INFO - Optimal value of theta: 4952.747958544949.
2024-01-17 10:51:44,493 - INFO - Beginning optimization with guess, [2.73229029 2.34843716 0.00698782 0.01813357].
2024-01-17 10:51:55,684 - INFO - Finished optimization with guess, [2.73229029 2.34843716 0.00698782 0.01813357].
2024-01-17 10:51:55,684 - INFO - Best fit parameters: [2.65762261e+00 1.43630317e+00 1.09422822e-03 5.40693597e-03].
2024-01-17 10:51:56,115 - INFO - Maximum log composite likelihood: -552.0154075646574.
2024-01-17 10:51:56,115 - INFO - Optimal value of theta: 4940.497301034485.
2024-01-17 10:51:56,115 - INFO - Beginning optimization with guess, [4.57965433 4.36401598 0.00672639 0.00946599].
2024-01-17 10:52:08,600 - INFO - Finished optimization with guess, [4.57965433 4.36401598 0.00672639 0.00946599].
2024-01-17 10:52:08,600 - INFO - Best fit parameters: [3.93408909e+00 1.93331544e+00 1.09006911e-03 2.17723631e-03].
2024-01-17 10:52:09,031 - INFO - Maximum log composite likelihood: -547.1867357550072.
2024-01-17 10:52:09,031 - INFO - Optimal value of theta: 4948.025359364709.
2024-01-17 10:52:09,031 - INFO - Beginning optimization with guess, [6.6219911  2.07300055 0.01371331 0.01384861].
2024-01-17 10:52:20,654 - INFO - Finished optimization with guess, [6.6219911  2.07300055 0.01371331 0.01384861].
2024-01-17 10:52:20,654 - INFO - Best fit parameters: [2.58382905e+00 1.47004666e+00 8.87080677e-04 3.51241710e-03].
2024-01-17 10:52:21,085 - INFO - Maximum log composite likelihood: -549.6696185589929.
2024-01-17 10:52:21,085 - INFO - Optimal value of theta: 4973.892808327842.
2024-01-17 10:52:21,085 - INFO - Beginning optimization with guess, [5.96053688 3.33784585 0.01998168 0.00905706].
2024-01-17 10:52:32,706 - INFO - Finished optimization with guess, [5.96053688 3.33784585 0.01998168 0.00905706].
2024-01-17 10:52:32,707 - INFO - Best fit parameters: [4.02452428e+00 1.44915316e+00 1.85923650e-03 1.17971363e-03].
2024-01-17 10:52:33,138 - INFO - Maximum log composite likelihood: -546.8133029656477.
2024-01-17 10:52:33,138 - INFO - Optimal value of theta: 4955.301537632264.
2024-01-17 10:52:33,138 - INFO - Beginning optimization with guess, [6.64174904 7.9682674  0.01771101 0.00872034].
2024-01-17 10:52:45,190 - INFO - Finished optimization with guess, [6.64174904 7.9682674  0.01771101 0.00872034].
2024-01-17 10:52:45,191 - INFO - Best fit parameters: [1.28547562e+00 6.62875676e+00 3.14899610e-03 7.83954390e-04].
2024-01-17 10:52:45,622 - INFO - Maximum log composite likelihood: -548.0147539288342.
2024-01-17 10:52:45,622 - INFO - Optimal value of theta: 4985.649866926549.
2024-01-17 10:52:45,622 - INFO - Beginning optimization with guess, [9.33767959e+00 4.35829354e+00 5.69490225e-03 1.47098505e-02].
2024-01-17 10:52:57,244 - INFO - Finished optimization with guess, [9.33767959e+00 4.35829354e+00 5.69490225e-03 1.47098505e-02].
2024-01-17 10:52:57,245 - INFO - Best fit parameters: [8.95348704e+00 1.57274000e+00 6.28666759e-04 3.40846918e-03].
2024-01-17 10:52:57,675 - INFO - Maximum log composite likelihood: -548.4547553355633.
2024-01-17 10:52:57,676 - INFO - Optimal value of theta: 4961.752488710393.
2024-01-17 10:52:57,676 - INFO - Beginning optimization with guess, [1.16589020e+01 8.43090359e+00 1.11739480e-02 1.22247444e-02].
2024-01-17 10:53:09,299 - INFO - Finished optimization with guess, [1.16589020e+01 8.43090359e+00 1.11739480e-02 1.22247444e-02].
2024-01-17 10:53:09,300 - INFO - Best fit parameters: [6.02399164e+00 1.68569162e+00 1.31502405e-03 1.36308386e-03].
2024-01-17 10:53:09,731 - INFO - Maximum log composite likelihood: -546.4442743150285.
2024-01-17 10:53:09,731 - INFO - Optimal value of theta: 4961.292191944127.
2024-01-17 10:53:09,731 - INFO - Beginning optimization with guess, [6.16760196e+00 5.58433035e+00 5.28120272e-03 1.19371573e-02].
2024-01-17 10:53:21,350 - INFO - Finished optimization with guess, [6.16760196e+00 5.58433035e+00 5.28120272e-03 1.19371573e-02].
2024-01-17 10:53:21,351 - INFO - Best fit parameters: [6.16331076e+00 1.91752775e+00 8.02370636e-04 2.45868339e-03].
2024-01-17 10:53:21,781 - INFO - Maximum log composite likelihood: -547.1897872633565.
2024-01-17 10:53:21,781 - INFO - Optimal value of theta: 4949.980507538985.
2024-01-17 10:53:21,781 - INFO - Beginning optimization with guess, [9.43517319e+00 4.81330269e+00 8.53192493e-03 7.28823359e-03].
2024-01-17 10:53:32,973 - INFO - Finished optimization with guess, [9.43517319e+00 4.81330269e+00 8.53192493e-03 7.28823359e-03].
2024-01-17 10:53:32,974 - INFO - Best fit parameters: [5.36407375e+00 1.87755961e+00 1.49209629e-03 5.90191406e-04].
2024-01-17 10:53:33,405 - INFO - Maximum log composite likelihood: -546.0625219858597.
2024-01-17 10:53:33,405 - INFO - Optimal value of theta: 4969.673899408397.
2024-01-17 10:53:33,408 - INFO - Finished demographic inference.
2024-01-17 10:53:33,408 - INFO - Pipeline executed succesfully.
