2025-08-01 02:48:30,073 - INFO - Beginning execution of fit_demographic_model.py in directory /u/project/kirk/jonmah/sample_size_demography/Scripts

2025-08-01 02:48:30,073 - INFO - Progress is being logged to ../Analysis/dadi_3EpB_680/log.log

2025-08-01 02:48:30,073 - INFO - Parsed the following arguments:
	syn_input_sfs = ../Simulations/dadi_simulations/ThreeEpochBottleneck_680.sfs
	mask_singletons = False
	mask_doubletons = False
	L_syn = 100000000.0
	outprefix = ../Analysis/dadi_3EpB_680/

2025-08-01 02:48:30,082 - INFO - Beginning demographic inference for one-epoch demographic model.
2025-08-01 02:48:30,083 - INFO - Beginning optimization with guess, [0.1].
2025-08-01 02:49:37,228 - INFO - Finished optimization with guess, [0.1].
2025-08-01 02:49:37,229 - INFO - Best fit parameters: [0.1].
2025-08-01 02:49:39,138 - INFO - Maximum log composite likelihood: -80261.98480082744.
2025-08-01 02:49:39,138 - INFO - Optimal value of theta: 34138.08883559972.
2025-08-01 02:49:39,138 - INFO - Beginning optimization with guess, [0.2].
2025-08-01 02:50:40,441 - INFO - Finished optimization with guess, [0.2].
2025-08-01 02:50:40,442 - INFO - Best fit parameters: [0.2].
2025-08-01 02:50:42,352 - INFO - Maximum log composite likelihood: -80261.98480082744.
2025-08-01 02:50:42,352 - INFO - Optimal value of theta: 34138.08883559972.
2025-08-01 02:50:42,352 - INFO - Beginning optimization with guess, [0.3].
2025-08-01 02:51:43,649 - INFO - Finished optimization with guess, [0.3].
2025-08-01 02:51:43,650 - INFO - Best fit parameters: [0.3].
2025-08-01 02:51:45,574 - INFO - Maximum log composite likelihood: -80261.98480082744.
2025-08-01 02:51:45,574 - INFO - Optimal value of theta: 34138.08883559972.
2025-08-01 02:51:45,574 - INFO - Beginning optimization with guess, [0.4].
2025-08-01 02:52:41,496 - INFO - Finished optimization with guess, [0.4].
2025-08-01 02:52:41,497 - INFO - Best fit parameters: [0.4].
2025-08-01 02:52:43,407 - INFO - Maximum log composite likelihood: -80261.98480082744.
2025-08-01 02:52:43,407 - INFO - Optimal value of theta: 34138.08883559972.
2025-08-01 02:52:43,407 - INFO - Beginning optimization with guess, [0.5].
2025-08-01 02:53:38,953 - INFO - Finished optimization with guess, [0.5].
2025-08-01 02:53:38,953 - INFO - Best fit parameters: [0.5].
2025-08-01 02:53:40,867 - INFO - Maximum log composite likelihood: -80261.98480082744.
2025-08-01 02:53:40,867 - INFO - Optimal value of theta: 34138.08883559972.
2025-08-01 02:53:40,867 - INFO - Beginning optimization with guess, [0.6].
2025-08-01 02:54:30,684 - INFO - Finished optimization with guess, [0.6].
2025-08-01 02:54:30,685 - INFO - Best fit parameters: [0.6].
2025-08-01 02:54:32,599 - INFO - Maximum log composite likelihood: -80261.98480082744.
2025-08-01 02:54:32,599 - INFO - Optimal value of theta: 34138.08883559972.
2025-08-01 02:54:32,599 - INFO - Beginning optimization with guess, [0.7].
2025-08-01 02:55:22,416 - INFO - Finished optimization with guess, [0.7].
2025-08-01 02:55:22,417 - INFO - Best fit parameters: [0.7].
2025-08-01 02:55:24,330 - INFO - Maximum log composite likelihood: -80261.98480082744.
2025-08-01 02:55:24,330 - INFO - Optimal value of theta: 34138.08883559972.
2025-08-01 02:55:24,330 - INFO - Beginning optimization with guess, [0.8].
2025-08-01 02:56:08,390 - INFO - Finished optimization with guess, [0.8].
2025-08-01 02:56:08,391 - INFO - Best fit parameters: [0.8].
2025-08-01 02:56:10,301 - INFO - Maximum log composite likelihood: -80261.98480082744.
2025-08-01 02:56:10,301 - INFO - Optimal value of theta: 34138.08883559972.
2025-08-01 02:56:10,301 - INFO - Beginning optimization with guess, [0.9].
2025-08-01 02:56:48,619 - INFO - Finished optimization with guess, [0.9].
2025-08-01 02:56:48,620 - INFO - Best fit parameters: [0.9].
2025-08-01 02:56:50,530 - INFO - Maximum log composite likelihood: -80261.98480082744.
2025-08-01 02:56:50,530 - INFO - Optimal value of theta: 34138.08883559972.
2025-08-01 02:56:50,530 - INFO - Beginning optimization with guess, [1].
2025-08-01 02:57:05,862 - INFO - Finished optimization with guess, [1].
2025-08-01 02:57:05,863 - INFO - Best fit parameters: [1.].
2025-08-01 02:57:07,774 - INFO - Maximum log composite likelihood: -80261.98480082744.
2025-08-01 02:57:07,774 - INFO - Optimal value of theta: 34138.08883559972.
2025-08-01 02:57:07,774 - INFO - Beginning optimization with guess, [1.25].
2025-08-01 02:57:51,842 - INFO - Finished optimization with guess, [1.25].
2025-08-01 02:57:51,844 - INFO - Best fit parameters: [1.25].
2025-08-01 02:57:53,755 - INFO - Maximum log composite likelihood: -80261.98480082744.
2025-08-01 02:57:53,755 - INFO - Optimal value of theta: 34138.08883559972.
2025-08-01 02:57:53,755 - INFO - Beginning optimization with guess, [1.5].
2025-08-01 02:58:43,566 - INFO - Finished optimization with guess, [1.5].
2025-08-01 02:58:43,567 - INFO - Best fit parameters: [1.5].
2025-08-01 02:58:45,477 - INFO - Maximum log composite likelihood: -80261.98480082744.
2025-08-01 02:58:45,477 - INFO - Optimal value of theta: 34138.08883559972.
2025-08-01 02:58:45,477 - INFO - Beginning optimization with guess, [1.75].
2025-08-01 02:59:41,246 - INFO - Finished optimization with guess, [1.75].
2025-08-01 02:59:41,247 - INFO - Best fit parameters: [1.75].
2025-08-01 02:59:43,157 - INFO - Maximum log composite likelihood: -80261.98480082744.
2025-08-01 02:59:43,157 - INFO - Optimal value of theta: 34138.08883559972.
2025-08-01 02:59:43,158 - INFO - Beginning optimization with guess, [2].
2025-08-01 03:00:38,730 - INFO - Finished optimization with guess, [2].
2025-08-01 03:00:38,732 - INFO - Best fit parameters: [2.].
2025-08-01 03:00:40,642 - INFO - Maximum log composite likelihood: -80261.98480082744.
2025-08-01 03:00:40,642 - INFO - Optimal value of theta: 34138.08883559972.
2025-08-01 03:00:40,642 - INFO - Beginning optimization with guess, [2.25].
2025-08-01 03:01:36,262 - INFO - Finished optimization with guess, [2.25].
2025-08-01 03:01:36,264 - INFO - Best fit parameters: [2.25].
2025-08-01 03:01:38,175 - INFO - Maximum log composite likelihood: -80261.98480082744.
2025-08-01 03:01:38,175 - INFO - Optimal value of theta: 34138.08883559972.
2025-08-01 03:01:38,175 - INFO - Beginning optimization with guess, [2.5].
2025-08-01 03:02:33,714 - INFO - Finished optimization with guess, [2.5].
2025-08-01 03:02:33,715 - INFO - Best fit parameters: [2.5].
2025-08-01 03:02:35,631 - INFO - Maximum log composite likelihood: -80261.98480082744.
2025-08-01 03:02:35,631 - INFO - Optimal value of theta: 34138.08883559972.
2025-08-01 03:02:35,632 - INFO - Beginning optimization with guess, [2.75].
2025-08-01 03:03:31,175 - INFO - Finished optimization with guess, [2.75].
2025-08-01 03:03:31,176 - INFO - Best fit parameters: [2.75].
2025-08-01 03:03:33,087 - INFO - Maximum log composite likelihood: -80261.98480082744.
2025-08-01 03:03:33,087 - INFO - Optimal value of theta: 34138.08883559972.
2025-08-01 03:03:33,087 - INFO - Beginning optimization with guess, [3].
2025-08-01 03:04:34,371 - INFO - Finished optimization with guess, [3].
2025-08-01 03:04:34,373 - INFO - Best fit parameters: [3.].
2025-08-01 03:04:36,284 - INFO - Maximum log composite likelihood: -80261.98480082744.
2025-08-01 03:04:36,284 - INFO - Optimal value of theta: 34138.08883559972.
2025-08-01 03:04:36,284 - INFO - Beginning optimization with guess, [3.33].
2025-08-01 03:05:40,311 - INFO - Finished optimization with guess, [3.33].
2025-08-01 03:05:40,312 - INFO - Best fit parameters: [3.33].
2025-08-01 03:05:42,357 - INFO - Maximum log composite likelihood: -80261.98480082744.
2025-08-01 03:05:42,357 - INFO - Optimal value of theta: 34138.08883559972.
2025-08-01 03:05:42,357 - INFO - Beginning optimization with guess, [3.66].
2025-08-01 03:06:47,879 - INFO - Finished optimization with guess, [3.66].
2025-08-01 03:06:47,880 - INFO - Best fit parameters: [3.66].
2025-08-01 03:06:49,922 - INFO - Maximum log composite likelihood: -80261.98480082744.
2025-08-01 03:06:49,922 - INFO - Optimal value of theta: 34138.08883559972.
2025-08-01 03:06:49,923 - INFO - Beginning optimization with guess, [4].
2025-08-01 03:07:55,476 - INFO - Finished optimization with guess, [4].
2025-08-01 03:07:55,477 - INFO - Best fit parameters: [4.].
2025-08-01 03:07:57,528 - INFO - Maximum log composite likelihood: -80261.98480082744.
2025-08-01 03:07:57,528 - INFO - Optimal value of theta: 34138.08883559972.
2025-08-01 03:07:57,528 - INFO - Beginning optimization with guess, [5].
2025-08-01 03:09:03,033 - INFO - Finished optimization with guess, [5].
2025-08-01 03:09:03,034 - INFO - Best fit parameters: [5.].
2025-08-01 03:09:05,076 - INFO - Maximum log composite likelihood: -80261.98480082744.
2025-08-01 03:09:05,076 - INFO - Optimal value of theta: 34138.08883559972.
2025-08-01 03:09:05,076 - INFO - Beginning optimization with guess, [6].
2025-08-01 03:10:10,620 - INFO - Finished optimization with guess, [6].
2025-08-01 03:10:10,623 - INFO - Best fit parameters: [6.].
2025-08-01 03:10:12,691 - INFO - Maximum log composite likelihood: -80261.98480082744.
2025-08-01 03:10:12,691 - INFO - Optimal value of theta: 34138.08883559972.
2025-08-01 03:10:12,691 - INFO - Beginning optimization with guess, [7].
2025-08-01 03:11:18,215 - INFO - Finished optimization with guess, [7].
2025-08-01 03:11:18,216 - INFO - Best fit parameters: [7.].
2025-08-01 03:11:20,260 - INFO - Maximum log composite likelihood: -80261.98480082744.
2025-08-01 03:11:20,260 - INFO - Optimal value of theta: 34138.08883559972.
2025-08-01 03:11:20,260 - INFO - Beginning optimization with guess, [8].
2025-08-01 03:12:32,299 - INFO - Finished optimization with guess, [8].
2025-08-01 03:12:32,300 - INFO - Best fit parameters: [8.].
2025-08-01 03:12:34,342 - INFO - Maximum log composite likelihood: -80261.98480082744.
2025-08-01 03:12:34,342 - INFO - Optimal value of theta: 34138.08883559972.
2025-08-01 03:12:34,347 - INFO - Converting and interpreting Tau estimates.
2025-08-01 03:12:34,349 - INFO - Beginning demographic inference for three-epoch demographic model.
2025-08-01 03:12:34,353 - INFO - Beginning optimization with guess, [0.01, 0.01, 0.1, 0.1].
2025-08-01 03:14:33,608 - INFO - Finished optimization with guess, [0.01, 0.01, 0.1, 0.1].
2025-08-01 03:14:33,609 - INFO - Best fit parameters: [0.0042591  0.0603609  0.07856309 0.09084211].
2025-08-01 03:14:36,147 - INFO - Maximum log composite likelihood: -78335.76191797237.
2025-08-01 03:14:36,147 - INFO - Optimal value of theta: 619618.760859324.
2025-08-01 03:14:36,147 - INFO - Beginning optimization with guess, [0.1, 0.1, 0.1, 0.1].
2025-08-01 03:16:15,835 - INFO - Finished optimization with guess, [0.1, 0.1, 0.1, 0.1].
2025-08-01 03:16:15,837 - INFO - Best fit parameters: [0.07281514 0.28815167 0.11724091 0.01385506].
2025-08-01 03:16:17,923 - INFO - Maximum log composite likelihood: -56604.62548576728.
2025-08-01 03:16:17,923 - INFO - Optimal value of theta: 146413.27644678715.
2025-08-01 03:16:17,923 - INFO - Beginning optimization with guess, [0.5, 0.5, 0.1, 0.1].
2025-08-01 03:17:48,659 - INFO - Finished optimization with guess, [0.5, 0.5, 0.1, 0.1].
2025-08-01 03:17:48,660 - INFO - Best fit parameters: [0.11167095 8.2822372  0.06850404 0.01414823].
2025-08-01 03:17:50,720 - INFO - Maximum log composite likelihood: -2143.632067651282.
2025-08-01 03:17:50,720 - INFO - Optimal value of theta: 43536.66984718376.
2025-08-01 03:17:50,720 - INFO - Beginning optimization with guess, [1, 1, 0.1, 0.1].
