2024-03-14 22:38:14,420 - INFO - Beginning execution of fit_demographic_model.py in directory /u/project/kirk/jonmah/sample_size_demography/Scripts

2024-03-14 22:38:14,420 - INFO - Progress is being logged to ../Analysis/ThreeEpochBottleneck_510/log.log

2024-03-14 22:38:14,420 - INFO - Parsed the following arguments:
	syn_input_sfs = ../Analysis/ThreeEpochExpansion_510/syn_downsampled_sfs.txt
	mask_singletons = False
	mask_doubletons = False
	outprefix = ../Analysis/ThreeEpochBottleneck_510/

2024-03-14 22:38:14,422 - INFO - Beginning demographic inference for one-epoch demographic model.
2024-03-14 22:38:14,422 - INFO - Beginning optimization with guess, [0.05556423].
2024-03-14 22:42:53,174 - INFO - Finished optimization with guess, [0.05556423].
2024-03-14 22:42:53,202 - INFO - Best fit parameters: [0.05556423].
2024-03-14 22:43:01,425 - INFO - Maximum log composite likelihood: -9865.92993437682.
2024-03-14 22:43:01,452 - INFO - Optimal value of theta: 18264.86412769395.
2024-03-14 22:43:01,452 - INFO - Beginning optimization with guess, [0.27543262].
2024-03-14 22:45:43,379 - INFO - Finished optimization with guess, [0.27543262].
2024-03-14 22:45:43,397 - INFO - Best fit parameters: [0.27543262].
2024-03-14 22:45:47,504 - INFO - Maximum log composite likelihood: -9865.92993437682.
2024-03-14 22:45:47,505 - INFO - Optimal value of theta: 18264.86412769395.
2024-03-14 22:45:47,505 - INFO - Beginning optimization with guess, [0.36590706].
2024-03-14 22:47:31,557 - INFO - Finished optimization with guess, [0.36590706].
2024-03-14 22:47:31,566 - INFO - Best fit parameters: [0.36590706].
2024-03-14 22:47:35,531 - INFO - Maximum log composite likelihood: -9865.92993437682.
2024-03-14 22:47:35,531 - INFO - Optimal value of theta: 18264.86412769395.
2024-03-14 22:47:35,531 - INFO - Beginning optimization with guess, [0.6080827].
2024-03-14 22:49:37,206 - INFO - Finished optimization with guess, [0.6080827].
2024-03-14 22:49:37,212 - INFO - Best fit parameters: [0.6080827].
2024-03-14 22:49:43,358 - INFO - Maximum log composite likelihood: -9865.92993437682.
2024-03-14 22:49:43,370 - INFO - Optimal value of theta: 18264.86412769395.
2024-03-14 22:49:43,370 - INFO - Beginning optimization with guess, [0.35728073].
2024-03-14 22:53:52,851 - INFO - Finished optimization with guess, [0.35728073].
2024-03-14 22:53:52,856 - INFO - Best fit parameters: [0.35728073].
2024-03-14 22:54:01,057 - INFO - Maximum log composite likelihood: -9865.92993437682.
2024-03-14 22:54:01,071 - INFO - Optimal value of theta: 18264.86412769395.
2024-03-14 22:54:01,071 - INFO - Beginning optimization with guess, [0.94934403].
2024-03-14 22:56:16,215 - INFO - Finished optimization with guess, [0.94934403].
2024-03-14 22:56:16,240 - INFO - Best fit parameters: [0.94934403].
2024-03-14 22:56:23,019 - INFO - Maximum log composite likelihood: -9865.92993437682.
2024-03-14 22:56:23,040 - INFO - Optimal value of theta: 18264.86412769395.
2024-03-14 22:56:23,040 - INFO - Beginning optimization with guess, [0.9210218].
2024-03-14 22:58:28,557 - INFO - Finished optimization with guess, [0.9210218].
2024-03-14 22:58:28,562 - INFO - Best fit parameters: [0.9210218].
2024-03-14 22:58:34,864 - INFO - Maximum log composite likelihood: -9865.92993437682.
2024-03-14 22:58:34,890 - INFO - Optimal value of theta: 18264.86412769395.
2024-03-14 22:58:34,890 - INFO - Beginning optimization with guess, [0.70425105].
2024-03-14 23:00:47,680 - INFO - Finished optimization with guess, [0.70425105].
2024-03-14 23:00:47,685 - INFO - Best fit parameters: [0.70425105].
2024-03-14 23:00:52,098 - INFO - Maximum log composite likelihood: -9865.92993437682.
2024-03-14 23:00:52,098 - INFO - Optimal value of theta: 18264.86412769395.
2024-03-14 23:00:52,098 - INFO - Beginning optimization with guess, [0.49782838].
2024-03-14 23:02:52,594 - INFO - Finished optimization with guess, [0.49782838].
2024-03-14 23:02:52,612 - INFO - Best fit parameters: [0.49782838].
2024-03-14 23:02:57,145 - INFO - Maximum log composite likelihood: -9865.92993437682.
2024-03-14 23:02:57,145 - INFO - Optimal value of theta: 18264.86412769395.
2024-03-14 23:02:57,145 - INFO - Beginning optimization with guess, [1.49497549].
2024-03-14 23:06:05,865 - INFO - Finished optimization with guess, [1.49497549].
2024-03-14 23:06:05,902 - INFO - Best fit parameters: [1.49497549].
2024-03-14 23:06:13,517 - INFO - Maximum log composite likelihood: -9865.92993437682.
2024-03-14 23:06:13,521 - INFO - Optimal value of theta: 18264.86412769395.
2024-03-14 23:06:13,530 - INFO - Beginning optimization with guess, [1.52355842].
