2025-01-17 13:33:31,881 - INFO - Beginning execution of fit_demographic_model.py in directory /u/project/kirk/jonmah/sample_size_demography/Scripts

2025-01-17 13:33:31,882 - INFO - Progress is being logged to ../Analysis/gnomAD_630/log.log

2025-01-17 13:33:31,882 - INFO - Parsed the following arguments:
	syn_input_sfs = ../Analysis/gnomAD_630/syn_downsampled_sfs.txt
	mask_singletons = False
	mask_doubletons = False
	outprefix = ../Analysis/gnomAD_630/

2025-01-17 13:33:31,884 - INFO - Beginning demographic inference for one-epoch demographic model.
2025-01-17 13:33:31,886 - INFO - Beginning optimization with guess, [0.07477198].
2025-01-17 13:34:27,426 - INFO - Finished optimization with guess, [0.07477198].
2025-01-17 13:34:27,428 - INFO - Best fit parameters: [0.07477198].
2025-01-17 13:34:29,008 - INFO - Maximum log composite likelihood: -15870.0517751158.
2025-01-17 13:34:29,009 - INFO - Optimal value of theta: 8296.76986918774.
2025-01-17 13:34:29,009 - INFO - Beginning optimization with guess, [0.11358293].
2025-01-17 13:35:24,501 - INFO - Finished optimization with guess, [0.11358293].
2025-01-17 13:35:24,502 - INFO - Best fit parameters: [0.11358293].
2025-01-17 13:35:26,089 - INFO - Maximum log composite likelihood: -15870.0517751158.
2025-01-17 13:35:26,089 - INFO - Optimal value of theta: 8296.76986918774.
2025-01-17 13:35:26,089 - INFO - Beginning optimization with guess, [0.56973874].
2025-01-17 13:36:12,087 - INFO - Finished optimization with guess, [0.56973874].
2025-01-17 13:36:12,088 - INFO - Best fit parameters: [0.56973874].
2025-01-17 13:36:13,676 - INFO - Maximum log composite likelihood: -15870.0517751158.
2025-01-17 13:36:13,676 - INFO - Optimal value of theta: 8296.76986918774.
2025-01-17 13:36:13,676 - INFO - Beginning optimization with guess, [0.20985048].
2025-01-17 13:37:04,395 - INFO - Finished optimization with guess, [0.20985048].
2025-01-17 13:37:04,397 - INFO - Best fit parameters: [0.20985048].
2025-01-17 13:37:05,984 - INFO - Maximum log composite likelihood: -15870.0517751158.
2025-01-17 13:37:05,984 - INFO - Optimal value of theta: 8296.76986918774.
2025-01-17 13:37:05,985 - INFO - Beginning optimization with guess, [0.66010815].
2025-01-17 13:37:46,666 - INFO - Finished optimization with guess, [0.66010815].
2025-01-17 13:37:46,667 - INFO - Best fit parameters: [0.66010815].
2025-01-17 13:37:48,255 - INFO - Maximum log composite likelihood: -15870.0517751158.
2025-01-17 13:37:48,255 - INFO - Optimal value of theta: 8296.76986918774.
2025-01-17 13:37:48,255 - INFO - Beginning optimization with guess, [0.9266362].
2025-01-17 13:38:19,984 - INFO - Finished optimization with guess, [0.9266362].
2025-01-17 13:38:19,984 - INFO - Best fit parameters: [0.9266362].
2025-01-17 13:38:21,573 - INFO - Maximum log composite likelihood: -15870.0517751158.
2025-01-17 13:38:21,574 - INFO - Optimal value of theta: 8296.76986918774.
2025-01-17 13:38:21,574 - INFO - Beginning optimization with guess, [1.18857906].
2025-01-17 13:38:58,024 - INFO - Finished optimization with guess, [1.18857906].
2025-01-17 13:38:58,025 - INFO - Best fit parameters: [1.18857906].
2025-01-17 13:38:59,613 - INFO - Maximum log composite likelihood: -15870.0517751158.
2025-01-17 13:38:59,613 - INFO - Optimal value of theta: 8296.76986918774.
2025-01-17 13:38:59,614 - INFO - Beginning optimization with guess, [1.266843].
2025-01-17 13:39:36,041 - INFO - Finished optimization with guess, [1.266843].
2025-01-17 13:39:36,042 - INFO - Best fit parameters: [1.266843].
2025-01-17 13:39:37,583 - INFO - Maximum log composite likelihood: -15870.0517751158.
2025-01-17 13:39:37,584 - INFO - Optimal value of theta: 8296.76986918774.
2025-01-17 13:39:37,584 - INFO - Beginning optimization with guess, [0.55287709].
2025-01-17 13:40:23,505 - INFO - Finished optimization with guess, [0.55287709].
2025-01-17 13:40:23,506 - INFO - Best fit parameters: [0.55287709].
2025-01-17 13:40:25,093 - INFO - Maximum log composite likelihood: -15870.0517751158.
2025-01-17 13:40:25,093 - INFO - Optimal value of theta: 8296.76986918774.
2025-01-17 13:40:25,093 - INFO - Beginning optimization with guess, [0.74887424].
2025-01-17 13:41:06,247 - INFO - Finished optimization with guess, [0.74887424].
2025-01-17 13:41:06,249 - INFO - Best fit parameters: [0.74887424].
2025-01-17 13:41:07,797 - INFO - Maximum log composite likelihood: -15870.0517751158.
2025-01-17 13:41:07,797 - INFO - Optimal value of theta: 8296.76986918774.
2025-01-17 13:41:07,797 - INFO - Beginning optimization with guess, [1.01709716].
2025-01-17 13:41:29,479 - INFO - Finished optimization with guess, [1.01709716].
2025-01-17 13:41:29,479 - INFO - Best fit parameters: [1.01709716].
2025-01-17 13:41:31,031 - INFO - Maximum log composite likelihood: -15870.0517751158.
2025-01-17 13:41:31,031 - INFO - Optimal value of theta: 8296.76986918774.
2025-01-17 13:41:31,032 - INFO - Beginning optimization with guess, [2.70579704].
2025-01-17 13:42:15,946 - INFO - Finished optimization with guess, [2.70579704].
2025-01-17 13:42:15,947 - INFO - Best fit parameters: [2.70579704].
2025-01-17 13:42:17,496 - INFO - Maximum log composite likelihood: -15870.0517751158.
2025-01-17 13:42:17,496 - INFO - Optimal value of theta: 8296.76986918774.
2025-01-17 13:42:17,496 - INFO - Beginning optimization with guess, [1.02399837].
2025-01-17 13:42:39,175 - INFO - Finished optimization with guess, [1.02399837].
2025-01-17 13:42:39,176 - INFO - Best fit parameters: [1.02399837].
2025-01-17 13:42:40,726 - INFO - Maximum log composite likelihood: -15870.0517751158.
2025-01-17 13:42:40,726 - INFO - Optimal value of theta: 8296.76986918774.
2025-01-17 13:42:40,726 - INFO - Beginning optimization with guess, [1.7200824].
2025-01-17 13:43:25,634 - INFO - Finished optimization with guess, [1.7200824].
2025-01-17 13:43:25,635 - INFO - Best fit parameters: [1.7200824].
2025-01-17 13:43:27,184 - INFO - Maximum log composite likelihood: -15870.0517751158.
2025-01-17 13:43:27,184 - INFO - Optimal value of theta: 8296.76986918774.
2025-01-17 13:43:27,184 - INFO - Beginning optimization with guess, [2.97663302].
2025-01-17 13:44:16,720 - INFO - Finished optimization with guess, [2.97663302].
2025-01-17 13:44:16,721 - INFO - Best fit parameters: [2.97663302].
2025-01-17 13:44:18,269 - INFO - Maximum log composite likelihood: -15870.0517751158.
2025-01-17 13:44:18,270 - INFO - Optimal value of theta: 8296.76986918774.
2025-01-17 13:44:18,270 - INFO - Beginning optimization with guess, [4.77214762].
2025-01-17 13:45:07,818 - INFO - Finished optimization with guess, [4.77214762].
2025-01-17 13:45:07,818 - INFO - Best fit parameters: [4.77214762].
2025-01-17 13:45:09,367 - INFO - Maximum log composite likelihood: -15870.0517751158.
2025-01-17 13:45:09,367 - INFO - Optimal value of theta: 8296.76986918774.
2025-01-17 13:45:09,367 - INFO - Beginning optimization with guess, [5.17262742].
2025-01-17 13:45:58,908 - INFO - Finished optimization with guess, [5.17262742].
2025-01-17 13:45:58,909 - INFO - Best fit parameters: [5.17262742].
2025-01-17 13:46:00,457 - INFO - Maximum log composite likelihood: -15870.0517751158.
2025-01-17 13:46:00,457 - INFO - Optimal value of theta: 8296.76986918774.
2025-01-17 13:46:00,457 - INFO - Beginning optimization with guess, [5.85427452].
2025-01-17 13:46:49,961 - INFO - Finished optimization with guess, [5.85427452].
2025-01-17 13:46:49,961 - INFO - Best fit parameters: [5.85427452].
2025-01-17 13:46:51,509 - INFO - Maximum log composite likelihood: -15870.0517751158.
2025-01-17 13:46:51,509 - INFO - Optimal value of theta: 8296.76986918774.
2025-01-17 13:46:51,509 - INFO - Beginning optimization with guess, [2.72914011].
2025-01-17 13:47:36,393 - INFO - Finished optimization with guess, [2.72914011].
2025-01-17 13:47:36,394 - INFO - Best fit parameters: [2.72914011].
2025-01-17 13:47:37,943 - INFO - Maximum log composite likelihood: -15870.0517751158.
2025-01-17 13:47:37,943 - INFO - Optimal value of theta: 8296.76986918774.
2025-01-17 13:47:37,943 - INFO - Beginning optimization with guess, [4.88689564].
2025-01-17 13:48:27,488 - INFO - Finished optimization with guess, [4.88689564].
2025-01-17 13:48:27,490 - INFO - Best fit parameters: [4.88689564].
2025-01-17 13:48:29,039 - INFO - Maximum log composite likelihood: -15870.0517751158.
2025-01-17 13:48:29,039 - INFO - Optimal value of theta: 8296.76986918774.
2025-01-17 13:48:29,039 - INFO - Beginning optimization with guess, [3.69675855].
2025-01-17 13:49:18,556 - INFO - Finished optimization with guess, [3.69675855].
2025-01-17 13:49:18,557 - INFO - Best fit parameters: [3.69675855].
2025-01-17 13:49:20,104 - INFO - Maximum log composite likelihood: -15870.0517751158.
2025-01-17 13:49:20,104 - INFO - Optimal value of theta: 8296.76986918774.
2025-01-17 13:49:20,104 - INFO - Beginning optimization with guess, [7.44644849].
2025-01-17 13:50:09,566 - INFO - Finished optimization with guess, [7.44644849].
2025-01-17 13:50:09,567 - INFO - Best fit parameters: [7.44644849].
2025-01-17 13:50:11,114 - INFO - Maximum log composite likelihood: -15870.0517751158.
2025-01-17 13:50:11,114 - INFO - Optimal value of theta: 8296.76986918774.
2025-01-17 13:50:11,115 - INFO - Beginning optimization with guess, [10.56748883].
2025-01-17 13:51:05,168 - INFO - Finished optimization with guess, [10.56748883].
2025-01-17 13:51:05,169 - INFO - Best fit parameters: [10.56748883].
2025-01-17 13:51:06,713 - INFO - Maximum log composite likelihood: -15870.0517751158.
2025-01-17 13:51:06,713 - INFO - Optimal value of theta: 8296.76986918774.
2025-01-17 13:51:06,713 - INFO - Beginning optimization with guess, [5.84429256].
2025-01-17 13:51:53,048 - INFO - Finished optimization with guess, [5.84429256].
2025-01-17 13:51:53,048 - INFO - Best fit parameters: [5.84429256].
2025-01-17 13:51:54,482 - INFO - Maximum log composite likelihood: -15870.0517751158.
2025-01-17 13:51:54,482 - INFO - Optimal value of theta: 8296.76986918774.
2025-01-17 13:51:54,482 - INFO - Beginning optimization with guess, [11.44648217].
2025-01-17 13:52:41,849 - INFO - Finished optimization with guess, [11.44648217].
2025-01-17 13:52:41,851 - INFO - Best fit parameters: [11.44648217].
2025-01-17 13:52:43,183 - INFO - Maximum log composite likelihood: -15870.0517751158.
2025-01-17 13:52:43,183 - INFO - Optimal value of theta: 8296.76986918774.
2025-01-17 13:52:43,189 - INFO - Finished demographic inference.
2025-01-17 13:52:43,189 - INFO - Pipeline executed succesfully.
