2024-03-14 22:45:15,597 - INFO - Beginning execution of fit_demographic_model.py in directory /u/project/kirk/jonmah/sample_size_demography/Scripts

2024-03-14 22:45:15,598 - INFO - Progress is being logged to ../Analysis/ThreeEpochBottleneck_590/log.log

2024-03-14 22:45:15,598 - INFO - Parsed the following arguments:
	syn_input_sfs = ../Analysis/ThreeEpochExpansion_590/syn_downsampled_sfs.txt
	mask_singletons = False
	mask_doubletons = False
	outprefix = ../Analysis/ThreeEpochBottleneck_590/

2024-03-14 22:45:15,614 - INFO - Beginning demographic inference for one-epoch demographic model.
2024-03-14 22:45:15,615 - INFO - Beginning optimization with guess, [0.17532993].
2024-03-14 22:46:06,656 - INFO - Finished optimization with guess, [0.17532993].
2024-03-14 22:46:06,665 - INFO - Best fit parameters: [0.17532993].
2024-03-14 22:46:07,806 - INFO - Maximum log composite likelihood: -10788.773252284876.
2024-03-14 22:46:07,806 - INFO - Optimal value of theta: 18566.56634362773.
2024-03-14 22:46:07,806 - INFO - Beginning optimization with guess, [0.10029606].
2024-03-14 22:47:14,938 - INFO - Finished optimization with guess, [0.10029606].
2024-03-14 22:47:14,954 - INFO - Best fit parameters: [0.10029606].
2024-03-14 22:47:17,164 - INFO - Maximum log composite likelihood: -10788.773252284876.
2024-03-14 22:47:17,164 - INFO - Optimal value of theta: 18566.56634362773.
2024-03-14 22:47:17,164 - INFO - Beginning optimization with guess, [0.49624763].
2024-03-14 22:48:24,894 - INFO - Finished optimization with guess, [0.49624763].
2024-03-14 22:48:24,895 - INFO - Best fit parameters: [0.49624763].
2024-03-14 22:48:27,145 - INFO - Maximum log composite likelihood: -10788.773252284876.
2024-03-14 22:48:27,145 - INFO - Optimal value of theta: 18566.56634362773.
2024-03-14 22:48:27,145 - INFO - Beginning optimization with guess, [0.77727008].
2024-03-14 22:48:59,730 - INFO - Finished optimization with guess, [0.77727008].
2024-03-14 22:48:59,733 - INFO - Best fit parameters: [0.77727008].
2024-03-14 22:49:00,875 - INFO - Maximum log composite likelihood: -10788.773252284876.
2024-03-14 22:49:00,875 - INFO - Optimal value of theta: 18566.56634362773.
2024-03-14 22:49:00,875 - INFO - Beginning optimization with guess, [0.76612821].
2024-03-14 22:49:42,975 - INFO - Finished optimization with guess, [0.76612821].
2024-03-14 22:49:42,976 - INFO - Best fit parameters: [0.76612821].
2024-03-14 22:49:44,816 - INFO - Maximum log composite likelihood: -10788.773252284876.
2024-03-14 22:49:44,816 - INFO - Optimal value of theta: 18566.56634362773.
2024-03-14 22:49:44,817 - INFO - Beginning optimization with guess, [0.53326649].
2024-03-14 22:50:51,175 - INFO - Finished optimization with guess, [0.53326649].
2024-03-14 22:50:51,176 - INFO - Best fit parameters: [0.53326649].
2024-03-14 22:50:53,169 - INFO - Maximum log composite likelihood: -10788.773252284876.
2024-03-14 22:50:53,169 - INFO - Optimal value of theta: 18566.56634362773.
2024-03-14 22:50:53,169 - INFO - Beginning optimization with guess, [0.51892918].
2024-03-14 22:51:41,997 - INFO - Finished optimization with guess, [0.51892918].
2024-03-14 22:51:41,998 - INFO - Best fit parameters: [0.51892918].
2024-03-14 22:51:43,199 - INFO - Maximum log composite likelihood: -10788.773252284876.
2024-03-14 22:51:43,199 - INFO - Optimal value of theta: 18566.56634362773.
2024-03-14 22:51:43,200 - INFO - Beginning optimization with guess, [0.70022381].
2024-03-14 22:52:22,844 - INFO - Finished optimization with guess, [0.70022381].
2024-03-14 22:52:22,849 - INFO - Best fit parameters: [0.70022381].
2024-03-14 22:52:24,477 - INFO - Maximum log composite likelihood: -10788.773252284876.
2024-03-14 22:52:24,479 - INFO - Optimal value of theta: 18566.56634362773.
2024-03-14 22:52:24,479 - INFO - Beginning optimization with guess, [0.8007971].
2024-03-14 22:53:07,858 - INFO - Finished optimization with guess, [0.8007971].
2024-03-14 22:53:07,867 - INFO - Best fit parameters: [0.8007971].
2024-03-14 22:53:09,969 - INFO - Maximum log composite likelihood: -10788.773252284876.
2024-03-14 22:53:09,969 - INFO - Optimal value of theta: 18566.56634362773.
2024-03-14 22:53:09,970 - INFO - Beginning optimization with guess, [0.63931713].
2024-03-14 22:54:00,040 - INFO - Finished optimization with guess, [0.63931713].
2024-03-14 22:54:00,041 - INFO - Best fit parameters: [0.63931713].
2024-03-14 22:54:01,192 - INFO - Maximum log composite likelihood: -10788.773252284876.
2024-03-14 22:54:01,192 - INFO - Optimal value of theta: 18566.56634362773.
2024-03-14 22:54:01,192 - INFO - Beginning optimization with guess, [1.59568929].
2024-03-14 22:54:31,604 - INFO - Finished optimization with guess, [1.59568929].
2024-03-14 22:54:31,605 - INFO - Best fit parameters: [1.59568929].
2024-03-14 22:54:32,840 - INFO - Maximum log composite likelihood: -10788.773252284876.
2024-03-14 22:54:32,840 - INFO - Optimal value of theta: 18566.56634362773.
2024-03-14 22:54:32,840 - INFO - Beginning optimization with guess, [0.98282645].
2024-03-14 22:55:01,540 - INFO - Finished optimization with guess, [0.98282645].
2024-03-14 22:55:01,541 - INFO - Best fit parameters: [0.98282645].
2024-03-14 22:55:03,553 - INFO - Maximum log composite likelihood: -10788.773252284876.
2024-03-14 22:55:03,553 - INFO - Optimal value of theta: 18566.56634362773.
2024-03-14 22:55:03,553 - INFO - Beginning optimization with guess, [1.39278861].
2024-03-14 22:55:56,277 - INFO - Finished optimization with guess, [1.39278861].
2024-03-14 22:55:56,284 - INFO - Best fit parameters: [1.39278861].
2024-03-14 22:55:58,083 - INFO - Maximum log composite likelihood: -10788.773252284876.
2024-03-14 22:55:58,083 - INFO - Optimal value of theta: 18566.56634362773.
2024-03-14 22:55:58,083 - INFO - Beginning optimization with guess, [1.45633322].
2024-03-14 22:56:38,441 - INFO - Finished optimization with guess, [1.45633322].
2024-03-14 22:56:38,443 - INFO - Best fit parameters: [1.45633322].
2024-03-14 22:56:39,676 - INFO - Maximum log composite likelihood: -10788.773252284876.
2024-03-14 22:56:39,676 - INFO - Optimal value of theta: 18566.56634362773.
2024-03-14 22:56:39,676 - INFO - Beginning optimization with guess, [3.4596677].
2024-03-14 22:57:27,655 - INFO - Finished optimization with guess, [3.4596677].
2024-03-14 22:57:27,656 - INFO - Best fit parameters: [3.4596677].
2024-03-14 22:57:29,882 - INFO - Maximum log composite likelihood: -10788.773252284876.
2024-03-14 22:57:29,882 - INFO - Optimal value of theta: 18566.56634362773.
2024-03-14 22:57:29,882 - INFO - Beginning optimization with guess, [4.09735476].
2024-03-14 22:58:34,315 - INFO - Finished optimization with guess, [4.09735476].
2024-03-14 22:58:34,316 - INFO - Best fit parameters: [4.09735476].
2024-03-14 22:58:35,442 - INFO - Maximum log composite likelihood: -10788.773252284876.
2024-03-14 22:58:35,442 - INFO - Optimal value of theta: 18566.56634362773.
2024-03-14 22:58:35,442 - INFO - Beginning optimization with guess, [1.5155645].
2024-03-14 22:59:21,784 - INFO - Finished optimization with guess, [1.5155645].
2024-03-14 22:59:21,796 - INFO - Best fit parameters: [1.5155645].
2024-03-14 22:59:26,704 - INFO - Maximum log composite likelihood: -10788.773252284876.
2024-03-14 22:59:26,708 - INFO - Optimal value of theta: 18566.56634362773.
2024-03-14 22:59:26,709 - INFO - Beginning optimization with guess, [4.27581857].
2024-03-14 23:01:45,181 - INFO - Finished optimization with guess, [4.27581857].
2024-03-14 23:01:45,193 - INFO - Best fit parameters: [4.27581857].
2024-03-14 23:01:49,638 - INFO - Maximum log composite likelihood: -10788.773252284876.
2024-03-14 23:01:49,638 - INFO - Optimal value of theta: 18566.56634362773.
2024-03-14 23:01:49,638 - INFO - Beginning optimization with guess, [6.35530469].
2024-03-14 23:04:03,618 - INFO - Finished optimization with guess, [6.35530469].
2024-03-14 23:04:03,627 - INFO - Best fit parameters: [6.35530469].
2024-03-14 23:04:07,961 - INFO - Maximum log composite likelihood: -10788.773252284876.
2024-03-14 23:04:07,962 - INFO - Optimal value of theta: 18566.56634362773.
2024-03-14 23:04:07,962 - INFO - Beginning optimization with guess, [6.13473661].
2024-03-14 23:04:57,005 - INFO - Finished optimization with guess, [6.13473661].
2024-03-14 23:04:57,006 - INFO - Best fit parameters: [6.13473661].
2024-03-14 23:04:58,176 - INFO - Maximum log composite likelihood: -10788.773252284876.
2024-03-14 23:04:58,176 - INFO - Optimal value of theta: 18566.56634362773.
2024-03-14 23:04:58,176 - INFO - Beginning optimization with guess, [3.48242556].
2024-03-14 23:06:42,459 - INFO - Finished optimization with guess, [3.48242556].
2024-03-14 23:06:42,464 - INFO - Best fit parameters: [3.48242556].
2024-03-14 23:06:47,245 - INFO - Maximum log composite likelihood: -10788.773252284876.
2024-03-14 23:06:47,245 - INFO - Optimal value of theta: 18566.56634362773.
2024-03-14 23:06:47,245 - INFO - Beginning optimization with guess, [8.32489793].
2024-03-14 23:09:07,118 - INFO - Finished optimization with guess, [8.32489793].
2024-03-14 23:09:07,130 - INFO - Best fit parameters: [8.32489793].
2024-03-14 23:09:11,572 - INFO - Maximum log composite likelihood: -10788.773252284876.
2024-03-14 23:09:11,573 - INFO - Optimal value of theta: 18566.56634362773.
2024-03-14 23:09:11,573 - INFO - Beginning optimization with guess, [4.86795506].
2024-03-14 23:10:52,178 - INFO - Finished optimization with guess, [4.86795506].
2024-03-14 23:10:52,184 - INFO - Best fit parameters: [4.86795506].
2024-03-14 23:10:53,376 - INFO - Maximum log composite likelihood: -10788.773252284876.
2024-03-14 23:10:53,376 - INFO - Optimal value of theta: 18566.56634362773.
2024-03-14 23:10:53,376 - INFO - Beginning optimization with guess, [6.61008637].
2024-03-14 23:11:49,327 - INFO - Finished optimization with guess, [6.61008637].
2024-03-14 23:11:49,334 - INFO - Best fit parameters: [6.61008637].
2024-03-14 23:11:53,472 - INFO - Maximum log composite likelihood: -10788.773252284876.
2024-03-14 23:11:53,472 - INFO - Optimal value of theta: 18566.56634362773.
2024-03-14 23:11:53,472 - INFO - Beginning optimization with guess, [5.0894008].
2024-03-14 23:14:18,467 - INFO - Finished optimization with guess, [5.0894008].
2024-03-14 23:14:18,474 - INFO - Best fit parameters: [5.0894008].
2024-03-14 23:14:23,188 - INFO - Maximum log composite likelihood: -10788.773252284876.
2024-03-14 23:14:23,188 - INFO - Optimal value of theta: 18566.56634362773.
2024-03-14 23:14:23,223 - INFO - Finished demographic inference.
2024-03-14 23:14:23,223 - INFO - Pipeline executed succesfully.
