2025-08-14 10:41:05,880 - INFO - Beginning execution of evaluate_demography.py in directory /u/project/kirk-bigdata/jonmah/sample_size_demography/Scripts

2025-08-14 10:41:05,880 - INFO - Progress is being logged to ../Analysis/msprime_3EpB_220/evaluate_demography.log

2025-08-14 10:41:05,880 - INFO - Parsed the following arguments:
	syn_input_sfs = ../Simulations/simple_simulations/ThreeEpochBottleneck_220_concat.sfs
	model_type = two_epoch
	params_list = [29934.92, 0.01603721]
	L_syn = 100000000.0
	mask_singletons = False
	mask_doubletons = False
	outprefix = ../Analysis/msprime_3EpB_220/

2025-08-14 10:41:05,891 - INFO - Beginning demographic evaluation for two-epoch demographic model.
2025-08-14 10:41:05,914 - INFO - Beginning optimization with guess, [29934.92, 0.01603721].
2025-08-14 10:41:05,914 - INFO - Finished optimization with guess, [29934.92, 0.01603721].
2025-08-14 10:41:05,914 - INFO - Best fit parameters: [29934.92, 0.01603721].
2025-08-14 10:41:06,349 - INFO - Maximum log composite likelihood: -14087.920158283892.
2025-08-14 10:41:06,349 - INFO - Optimal value of theta: 20844.66582906681.
2025-08-14 10:41:06,350 - INFO - Synonymous input SFS: [-- 59282.77942121318 8288.966324780862 3166.833503826972 2198.444144695328 1846.196116574721 1643.636166061906 1506.255521157354 1402.667547811755 1318.682404501263 1248.320079414382 1189.057623812157 1140.726822619281 1104.077126368938 1079.024656758047 1063.428478728195 1052.724497137678 1041.031297406173 1023.580258066643 998.9147217782719 969.2905473097533 939.1436320030018 912.7935937007088 892.7215424572478 879.054097151506 870.1075597979095 863.4749429872531 857.1284695457964 850.1429467339738 842.8287463446114 836.2958621657491 831.7011956714846 829.5495062065834 829.3562023514397 829.7792669468714 829.1072450696065 825.8600673669988 819.2593078211095 809.4226128936774 797.267280334903 784.2101434327918 771.794399466931 761.3608060594858 753.8341166180173 749.6437556725289 748.7596399289133 750.8050451035572 755.2041887041431 761.3267165164533 768.6012803429 776.5835701910821 784.9762550631087 793.6059690095373 802.3683622120519 811.1603851927639 819.8242692786762 828.1196932443497 835.7222778099853 842.2357896098652 847.2115801821188 850.1803190523461 850.7033384070445 848.442787131785 843.238754123326 835.1737735384573 824.6040488668863 812.1434032842499 798.5983037622652 784.8657541855227 771.8156868750234 760.1828199245845 750.4894661240451 743.012242058756 737.7948147361991 734.6985287332388 733.4751769464467 733.8426866291077 735.5455767256499 738.3872707056972 742.2294010722409 746.962123661426 752.4569591105646 758.5179615029224 764.847145328758 771.0362726180814 776.5904776035959 780.9814896271878 783.7211410293653 784.440809726998 782.9603391048191 779.3311760417823 773.8428329842384 766.9886286900996 759.3947623915449 751.72448412776 744.5747150654928 738.3845858528995 733.3734035199117 729.5198950472019 726.5864532985231 724.1833122629265 721.8599486757554 719.2060040723317 715.9424454775948 711.9856414872814 707.4720714206611 702.7386638670389 698.2621379523675 694.5688028026246 692.1325056132538 345.640675817487 -- -- -- -- -- -- -- -- -- -- -- -- -- -- -- -- -- -- -- -- -- -- -- -- -- -- -- -- -- -- -- -- -- -- -- -- -- -- -- -- -- -- -- -- -- -- -- -- -- -- -- -- -- -- -- -- -- -- -- -- -- -- -- -- -- -- -- -- -- -- -- -- -- -- -- -- -- -- -- -- -- -- -- -- -- -- -- -- -- -- -- -- -- -- -- -- -- -- -- -- -- -- -- -- -- -- -- -- -- --].
2025-08-14 10:41:06,350 - INFO - Scaled spectrum: [-- 59251.56640316784 10520.057178823328 7044.278811509689 5307.668218315316 4265.884063562543 3571.5151026353888 3075.670967266642 2703.9065040190762 2414.8633218922428 2183.7264118605362 1994.704428413927 1837.2698303097618 1704.134340981844 1590.0920687832595 1491.325379141657 1404.9710646702372 1328.8396317192776 1261.2281580904469 1200.7922483265609 1146.45640242508 1097.3499935030743 1052.760706109674 1012.1001210769175 974.8779041689048 940.6821894669096 909.1644896757268 880.027959707227 853.0181752199021 827.9158190595587 804.5308304213206 782.6976864440935 762.2715685165687 743.1252256298053 725.1463912673751 708.2356431253502 692.3046195571569 677.2745252557787 663.0748728915511 649.6424183567553 636.9202557351923 624.8570447280689 613.4063484587062 602.5260636905241 592.1779287542213 582.3270970984878 572.9417664770081 563.99285548735 555.4537205557197 547.2999075907135 539.5089334531956 532.0600931496456 524.9342892876011 518.1138808531247 511.58254880650554 505.32517635565114 499.32774207420204 493.57722428662737 488.06151536192476 482.7693447405669 477.6902096767076 472.81431281152175 468.1325058061551 463.6362383633983 459.3175120477005 455.16883838932347 451.1832008183121 447.35402002916294 443.67512242426733 440.14071132474305 436.7453406728313 433.483890981566 430.3515473142026 427.3437791001098 424.4563216145518 421.6851589683783 419.02650847001695 416.4768062362914 414.03269394154813 411.69100660591414 409.4487613327592 407.30314691605713 405.2515142440961 403.2913674348816 401.42035564384014 399.63626549070676 397.9370140571047 396.3206424111619 394.7853096197215 393.3292872118741 391.95095406165956 390.64879166003016 389.42137974954437 388.26739229712086 387.1855937833287 386.1748357874331 385.23405385077234 384.36226460151283 383.55856312645517 382.8221205756902 382.1521819892232 381.5480643333399 381.0091547384331 380.53490892868297 380.12484983622903 379.7785663939505 379.4957124997857 379.27600614881635 379.1192287285987 379.0252244743157 189.49695004073612 -- -- -- -- -- -- -- -- -- -- -- -- -- -- -- -- -- -- -- -- -- -- -- -- -- -- -- -- -- -- -- -- -- -- -- -- -- -- -- -- -- -- -- -- -- -- -- -- -- -- -- -- -- -- -- -- -- -- -- -- -- -- -- -- -- -- -- -- -- -- -- -- -- -- -- -- -- -- -- -- -- -- -- -- -- -- -- -- -- -- -- -- -- -- -- -- -- -- -- -- -- -- -- -- -- -- -- -- -- --].
2025-08-14 10:41:06,352 - INFO - Converting and interpreting Tau estimates.
2025-08-14 10:41:06,354 - INFO - Finished demographic inference.
2025-08-14 10:41:06,354 - INFO - Pipeline executed succesfully.
