2024-02-13 14:41:54,786 - INFO - Beginning execution of fit_demographic_model.py in directory /u/project/kirk/jonmah/sample_size_demography/Scripts

2024-02-13 14:41:54,786 - INFO - Progress is being logged to ../Analysis/ThreeEpochContraction_14/log.log

2024-02-13 14:41:54,786 - INFO - Parsed the following arguments:
	syn_input_sfs = ../Analysis/ThreeEpochContraction_14/syn_downsampled_sfs.txt
	mask_singletons = False
	mask_doubletons = False
	outprefix = ../Analysis/ThreeEpochContraction_14/

2024-02-13 14:41:54,795 - INFO - Beginning demographic inference for one-epoch demographic model.
2024-02-13 14:41:54,796 - INFO - Beginning optimization with guess, [0.12543185].
2024-02-13 14:41:55,833 - INFO - Finished optimization with guess, [0.12543185].
2024-02-13 14:41:55,833 - INFO - Best fit parameters: [0.12543185].
2024-02-13 14:41:55,862 - INFO - Maximum log composite likelihood: -29.75969771048048.
2024-02-13 14:41:55,862 - INFO - Optimal value of theta: 213.14280244385458.
2024-02-13 14:41:55,863 - INFO - Beginning optimization with guess, [0.23226987].
2024-02-13 14:41:56,836 - INFO - Finished optimization with guess, [0.23226987].
2024-02-13 14:41:56,836 - INFO - Best fit parameters: [0.23226987].
2024-02-13 14:41:56,865 - INFO - Maximum log composite likelihood: -29.75969771048048.
2024-02-13 14:41:56,865 - INFO - Optimal value of theta: 213.14280244385458.
2024-02-13 14:41:56,866 - INFO - Beginning optimization with guess, [0.21254628].
2024-02-13 14:41:57,801 - INFO - Finished optimization with guess, [0.21254628].
2024-02-13 14:41:57,802 - INFO - Best fit parameters: [0.21254628].
2024-02-13 14:41:57,854 - INFO - Maximum log composite likelihood: -29.75969771048048.
2024-02-13 14:41:57,854 - INFO - Optimal value of theta: 213.14280244385458.
2024-02-13 14:41:57,855 - INFO - Beginning optimization with guess, [0.2230525].
2024-02-13 14:41:58,804 - INFO - Finished optimization with guess, [0.2230525].
2024-02-13 14:41:58,805 - INFO - Best fit parameters: [0.2230525].
2024-02-13 14:41:58,833 - INFO - Maximum log composite likelihood: -29.75969771048048.
2024-02-13 14:41:58,834 - INFO - Optimal value of theta: 213.14280244385458.
2024-02-13 14:41:58,834 - INFO - Beginning optimization with guess, [0.81229053].
2024-02-13 14:41:59,503 - INFO - Finished optimization with guess, [0.81229053].
2024-02-13 14:41:59,503 - INFO - Best fit parameters: [0.81229053].
2024-02-13 14:41:59,532 - INFO - Maximum log composite likelihood: -29.75969771048048.
2024-02-13 14:41:59,532 - INFO - Optimal value of theta: 213.14280244385458.
2024-02-13 14:41:59,532 - INFO - Beginning optimization with guess, [0.63170886].
2024-02-13 14:42:00,308 - INFO - Finished optimization with guess, [0.63170886].
2024-02-13 14:42:00,308 - INFO - Best fit parameters: [0.63170886].
2024-02-13 14:42:00,339 - INFO - Maximum log composite likelihood: -29.75969771048048.
2024-02-13 14:42:00,339 - INFO - Optimal value of theta: 213.14280244385458.
2024-02-13 14:42:00,340 - INFO - Beginning optimization with guess, [1.15175001].
2024-02-13 14:42:01,011 - INFO - Finished optimization with guess, [1.15175001].
2024-02-13 14:42:01,012 - INFO - Best fit parameters: [1.15175001].
2024-02-13 14:42:01,041 - INFO - Maximum log composite likelihood: -29.75969771048048.
2024-02-13 14:42:01,041 - INFO - Optimal value of theta: 213.14280244385458.
2024-02-13 14:42:01,042 - INFO - Beginning optimization with guess, [0.86522663].
2024-02-13 14:42:01,741 - INFO - Finished optimization with guess, [0.86522663].
2024-02-13 14:42:01,741 - INFO - Best fit parameters: [0.86522663].
2024-02-13 14:42:01,770 - INFO - Maximum log composite likelihood: -29.75969771048048.
2024-02-13 14:42:01,770 - INFO - Optimal value of theta: 213.14280244385458.
2024-02-13 14:42:01,770 - INFO - Beginning optimization with guess, [1.15945155].
2024-02-13 14:42:02,439 - INFO - Finished optimization with guess, [1.15945155].
2024-02-13 14:42:02,439 - INFO - Best fit parameters: [1.15945155].
2024-02-13 14:42:02,468 - INFO - Maximum log composite likelihood: -29.75969771048048.
2024-02-13 14:42:02,468 - INFO - Optimal value of theta: 213.14280244385458.
2024-02-13 14:42:02,469 - INFO - Beginning optimization with guess, [0.66688149].
2024-02-13 14:42:03,225 - INFO - Finished optimization with guess, [0.66688149].
2024-02-13 14:42:03,225 - INFO - Best fit parameters: [0.66688149].
2024-02-13 14:42:03,254 - INFO - Maximum log composite likelihood: -29.75969771048048.
2024-02-13 14:42:03,254 - INFO - Optimal value of theta: 213.14280244385458.
2024-02-13 14:42:03,254 - INFO - Beginning optimization with guess, [1.27867011].
2024-02-13 14:42:03,923 - INFO - Finished optimization with guess, [1.27867011].
2024-02-13 14:42:03,923 - INFO - Best fit parameters: [1.27867011].
2024-02-13 14:42:03,952 - INFO - Maximum log composite likelihood: -29.75969771048048.
2024-02-13 14:42:03,952 - INFO - Optimal value of theta: 213.14280244385458.
2024-02-13 14:42:03,953 - INFO - Beginning optimization with guess, [2.55040189].
2024-02-13 14:42:04,795 - INFO - Finished optimization with guess, [2.55040189].
2024-02-13 14:42:04,796 - INFO - Best fit parameters: [2.55040189].
2024-02-13 14:42:04,825 - INFO - Maximum log composite likelihood: -29.75969771048048.
2024-02-13 14:42:04,825 - INFO - Optimal value of theta: 213.14280244385458.
2024-02-13 14:42:04,825 - INFO - Beginning optimization with guess, [2.39870542].
2024-02-13 14:42:05,671 - INFO - Finished optimization with guess, [2.39870542].
2024-02-13 14:42:05,671 - INFO - Best fit parameters: [2.39870542].
2024-02-13 14:42:05,700 - INFO - Maximum log composite likelihood: -29.75969771048048.
2024-02-13 14:42:05,700 - INFO - Optimal value of theta: 213.14280244385458.
2024-02-13 14:42:05,700 - INFO - Beginning optimization with guess, [1.95889546].
2024-02-13 14:42:06,545 - INFO - Finished optimization with guess, [1.95889546].
2024-02-13 14:42:06,545 - INFO - Best fit parameters: [1.95889546].
2024-02-13 14:42:06,574 - INFO - Maximum log composite likelihood: -29.75969771048048.
2024-02-13 14:42:06,574 - INFO - Optimal value of theta: 213.14280244385458.
2024-02-13 14:42:06,575 - INFO - Beginning optimization with guess, [2.14794025].
2024-02-13 14:42:07,418 - INFO - Finished optimization with guess, [2.14794025].
2024-02-13 14:42:07,419 - INFO - Best fit parameters: [2.14794025].
2024-02-13 14:42:07,448 - INFO - Maximum log composite likelihood: -29.75969771048048.
2024-02-13 14:42:07,448 - INFO - Optimal value of theta: 213.14280244385458.
2024-02-13 14:42:07,448 - INFO - Beginning optimization with guess, [3.06044816].
2024-02-13 14:42:08,385 - INFO - Finished optimization with guess, [3.06044816].
2024-02-13 14:42:08,385 - INFO - Best fit parameters: [3.06044816].
2024-02-13 14:42:08,414 - INFO - Maximum log composite likelihood: -29.75969771048048.
2024-02-13 14:42:08,414 - INFO - Optimal value of theta: 213.14280244385458.
2024-02-13 14:42:08,414 - INFO - Beginning optimization with guess, [1.56844744].
2024-02-13 14:42:09,170 - INFO - Finished optimization with guess, [1.56844744].
2024-02-13 14:42:09,170 - INFO - Best fit parameters: [1.56844744].
2024-02-13 14:42:09,199 - INFO - Maximum log composite likelihood: -29.75969771048048.
2024-02-13 14:42:09,199 - INFO - Optimal value of theta: 213.14280244385458.
2024-02-13 14:42:09,200 - INFO - Beginning optimization with guess, [4.33378785].
2024-02-13 14:42:10,130 - INFO - Finished optimization with guess, [4.33378785].
2024-02-13 14:42:10,131 - INFO - Best fit parameters: [4.33378785].
2024-02-13 14:42:10,160 - INFO - Maximum log composite likelihood: -29.75969771048048.
2024-02-13 14:42:10,160 - INFO - Optimal value of theta: 213.14280244385458.
2024-02-13 14:42:10,160 - INFO - Beginning optimization with guess, [6.48139337].
2024-02-13 14:42:11,093 - INFO - Finished optimization with guess, [6.48139337].
2024-02-13 14:42:11,093 - INFO - Best fit parameters: [6.48139337].
2024-02-13 14:42:11,122 - INFO - Maximum log composite likelihood: -29.75969771048048.
2024-02-13 14:42:11,122 - INFO - Optimal value of theta: 213.14280244385458.
2024-02-13 14:42:11,123 - INFO - Beginning optimization with guess, [4.02010261].
2024-02-13 14:42:12,051 - INFO - Finished optimization with guess, [4.02010261].
2024-02-13 14:42:12,051 - INFO - Best fit parameters: [4.02010261].
2024-02-13 14:42:12,080 - INFO - Maximum log composite likelihood: -29.75969771048048.
2024-02-13 14:42:12,080 - INFO - Optimal value of theta: 213.14280244385458.
2024-02-13 14:42:12,081 - INFO - Beginning optimization with guess, [3.09165916].
2024-02-13 14:42:13,009 - INFO - Finished optimization with guess, [3.09165916].
2024-02-13 14:42:13,009 - INFO - Best fit parameters: [3.09165916].
2024-02-13 14:42:13,038 - INFO - Maximum log composite likelihood: -29.75969771048048.
2024-02-13 14:42:13,039 - INFO - Optimal value of theta: 213.14280244385458.
2024-02-13 14:42:13,039 - INFO - Beginning optimization with guess, [4.41851261].
2024-02-13 14:42:13,968 - INFO - Finished optimization with guess, [4.41851261].
2024-02-13 14:42:13,968 - INFO - Best fit parameters: [4.41851261].
2024-02-13 14:42:13,998 - INFO - Maximum log composite likelihood: -29.75969771048048.
2024-02-13 14:42:13,998 - INFO - Optimal value of theta: 213.14280244385458.
2024-02-13 14:42:13,998 - INFO - Beginning optimization with guess, [7.27640891].
2024-02-13 14:42:14,976 - INFO - Finished optimization with guess, [7.27640891].
2024-02-13 14:42:14,976 - INFO - Best fit parameters: [7.27640891].
2024-02-13 14:42:15,005 - INFO - Maximum log composite likelihood: -29.75969771048048.
2024-02-13 14:42:15,005 - INFO - Optimal value of theta: 213.14280244385458.
2024-02-13 14:42:15,006 - INFO - Beginning optimization with guess, [12.9390443].
2024-02-13 14:42:16,023 - INFO - Finished optimization with guess, [12.9390443].
2024-02-13 14:42:16,024 - INFO - Best fit parameters: [12.9390443].
2024-02-13 14:42:16,052 - INFO - Maximum log composite likelihood: -29.75969771048048.
2024-02-13 14:42:16,053 - INFO - Optimal value of theta: 213.14280244385458.
2024-02-13 14:42:16,053 - INFO - Beginning optimization with guess, [5.19717811].
2024-02-13 14:42:16,983 - INFO - Finished optimization with guess, [5.19717811].
2024-02-13 14:42:16,983 - INFO - Best fit parameters: [5.19717811].
2024-02-13 14:42:17,012 - INFO - Maximum log composite likelihood: -29.75969771048048.
2024-02-13 14:42:17,012 - INFO - Optimal value of theta: 213.14280244385458.
2024-02-13 14:42:17,014 - INFO - Beginning demographic inference for two-epoch demographic model.
2024-02-13 14:42:17,015 - INFO - Beginning optimization with guess, [0.08556787 0.0115188 ].
2024-02-13 14:42:18,578 - INFO - Finished optimization with guess, [0.08556787 0.0115188 ].
2024-02-13 14:42:18,578 - INFO - Best fit parameters: [0.51794596 0.25164789].
2024-02-13 14:42:18,619 - INFO - Maximum log composite likelihood: -24.302080956389545.
2024-02-13 14:42:18,619 - INFO - Optimal value of theta: 278.68692246214357.
2024-02-13 14:42:18,619 - INFO - Beginning optimization with guess, [0.38767434 0.01869363].
2024-02-13 14:42:20,523 - INFO - Finished optimization with guess, [0.38767434 0.01869363].
2024-02-13 14:42:20,523 - INFO - Best fit parameters: [0.48121467 0.43214773].
2024-02-13 14:42:20,572 - INFO - Maximum log composite likelihood: -24.014540603812918.
2024-02-13 14:42:20,573 - INFO - Optimal value of theta: 325.55888776220485.
2024-02-13 14:42:20,573 - INFO - Beginning optimization with guess, [0.54636612 0.00753557].
2024-02-13 14:42:23,777 - INFO - Finished optimization with guess, [0.54636612 0.00753557].
2024-02-13 14:42:23,777 - INFO - Best fit parameters: [0.34696762 0.50096909].
2024-02-13 14:42:23,838 - INFO - Maximum log composite likelihood: -23.98221900356478.
2024-02-13 14:42:23,838 - INFO - Optimal value of theta: 450.27554152827463.
2024-02-13 14:42:23,838 - INFO - Beginning optimization with guess, [0.44839809 0.01034865].
2024-02-13 14:42:25,744 - INFO - Finished optimization with guess, [0.44839809 0.01034865].
2024-02-13 14:42:25,744 - INFO - Best fit parameters: [0.47632315 0.40793503].
2024-02-13 14:42:25,793 - INFO - Maximum log composite likelihood: -24.018372207290852.
2024-02-13 14:42:25,793 - INFO - Optimal value of theta: 323.452639516439.
2024-02-13 14:42:25,793 - INFO - Beginning optimization with guess, [0.73620072 0.00668487].
2024-02-13 14:42:28,131 - INFO - Finished optimization with guess, [0.73620072 0.00668487].
2024-02-13 14:42:28,132 - INFO - Best fit parameters: [0.3761241  0.49214093].
2024-02-13 14:42:28,189 - INFO - Maximum log composite likelihood: -23.98356860203357.
2024-02-13 14:42:28,189 - INFO - Optimal value of theta: 414.3809945041828.
2024-02-13 14:42:28,190 - INFO - Beginning optimization with guess, [0.35597705 0.00596424].
2024-02-13 14:42:29,877 - INFO - Finished optimization with guess, [0.35597705 0.00596424].
2024-02-13 14:42:29,878 - INFO - Best fit parameters: [0.51040865 0.38853075].
2024-02-13 14:42:29,924 - INFO - Maximum log composite likelihood: -24.042841370947414.
2024-02-13 14:42:29,924 - INFO - Optimal value of theta: 305.14799111076957.
2024-02-13 14:42:29,924 - INFO - Beginning optimization with guess, [0.76453529 0.00798809].
2024-02-13 14:42:32,140 - INFO - Finished optimization with guess, [0.76453529 0.00798809].
2024-02-13 14:42:32,140 - INFO - Best fit parameters: [0.40527836 0.48503842].
2024-02-13 14:42:32,196 - INFO - Maximum log composite likelihood: -23.987579947090637.
2024-02-13 14:42:32,196 - INFO - Optimal value of theta: 385.6923130841385.
2024-02-13 14:42:32,196 - INFO - Beginning optimization with guess, [0.54120388 0.01533283].
2024-02-13 14:42:35,206 - INFO - Finished optimization with guess, [0.54120388 0.01533283].
2024-02-13 14:42:35,208 - INFO - Best fit parameters: [0.29234021 0.49411013].
2024-02-13 14:42:35,276 - INFO - Maximum log composite likelihood: -23.980264424945872.
2024-02-13 14:42:35,276 - INFO - Optimal value of theta: 533.601650760036.
2024-02-13 14:42:35,276 - INFO - Beginning optimization with guess, [0.48864409 0.01701059].
2024-02-13 14:42:37,025 - INFO - Finished optimization with guess, [0.48864409 0.01701059].
2024-02-13 14:42:37,025 - INFO - Best fit parameters: [0.53911331 0.39399489].
2024-02-13 14:42:37,071 - INFO - Maximum log composite likelihood: -24.08978742006272.
2024-02-13 14:42:37,071 - INFO - Optimal value of theta: 295.3136705592762.
2024-02-13 14:42:37,071 - INFO - Beginning optimization with guess, [0.69403462 0.01591382].
2024-02-13 14:42:39,401 - INFO - Finished optimization with guess, [0.69403462 0.01591382].
2024-02-13 14:42:39,401 - INFO - Best fit parameters: [0.37137125 0.48667858].
2024-02-13 14:42:39,459 - INFO - Maximum log composite likelihood: -23.983639439110632.
2024-02-13 14:42:39,459 - INFO - Optimal value of theta: 417.6149485815216.
2024-02-13 14:42:39,459 - INFO - Beginning optimization with guess, [0.75854214 0.007204  ].
2024-02-13 14:42:41,616 - INFO - Finished optimization with guess, [0.75854214 0.007204  ].
2024-02-13 14:42:41,617 - INFO - Best fit parameters: [0.56309651 0.39654741].
2024-02-13 14:42:41,661 - INFO - Maximum log composite likelihood: -24.161067595083054.
2024-02-13 14:42:41,661 - INFO - Optimal value of theta: 287.6366165639145.
2024-02-13 14:42:41,662 - INFO - Beginning optimization with guess, [1.28575682 0.0061397 ].
2024-02-13 14:42:47,549 - INFO - Finished optimization with guess, [1.28575682 0.0061397 ].
2024-02-13 14:42:47,550 - INFO - Best fit parameters: [0.43624399 0.52431766].
2024-02-13 14:42:47,605 - INFO - Maximum log composite likelihood: -24.052885276145858.
2024-02-13 14:42:47,605 - INFO - Optimal value of theta: 370.54885331546456.
2024-02-13 14:42:47,605 - INFO - Beginning optimization with guess, [1.07251218 0.00900512].
2024-02-13 14:42:55,902 - INFO - Finished optimization with guess, [1.07251218 0.00900512].
2024-02-13 14:42:55,903 - INFO - Best fit parameters: [0.90829359 0.32556436].
2024-02-13 14:42:55,941 - INFO - Maximum log composite likelihood: -28.021458789960434.
2024-02-13 14:42:55,941 - INFO - Optimal value of theta: 221.4643967278155.
2024-02-13 14:42:55,941 - INFO - Beginning optimization with guess, [1.1210808  0.01593281].
2024-02-13 14:43:00,937 - INFO - Finished optimization with guess, [1.1210808  0.01593281].
2024-02-13 14:43:00,938 - INFO - Best fit parameters: [0.80321513 0.46050785].
2024-02-13 14:43:00,979 - INFO - Maximum log composite likelihood: -26.425666466784264.
2024-02-13 14:43:00,980 - INFO - Optimal value of theta: 238.1439307065911.
2024-02-13 14:43:00,980 - INFO - Beginning optimization with guess, [1.8286308  0.00628732].
2024-02-13 14:43:04,251 - INFO - Finished optimization with guess, [1.8286308  0.00628732].
2024-02-13 14:43:04,252 - INFO - Best fit parameters: [0.41171256 0.51749763].
2024-02-13 14:43:04,309 - INFO - Maximum log composite likelihood: -24.0177756742613.
2024-02-13 14:43:04,309 - INFO - Optimal value of theta: 388.26956813041977.
2024-02-13 14:43:04,309 - INFO - Beginning optimization with guess, [2.88899928 0.00524737].
2024-02-13 14:43:07,692 - INFO - Finished optimization with guess, [2.88899928 0.00524737].
2024-02-13 14:43:07,692 - INFO - Best fit parameters: [0.43849967 0.51026991].
2024-02-13 14:43:07,747 - INFO - Maximum log composite likelihood: -24.032294576235188.
2024-02-13 14:43:07,747 - INFO - Optimal value of theta: 366.0332814641651.
2024-02-13 14:43:07,747 - INFO - Beginning optimization with guess, [1.78751866 0.0065556 ].
2024-02-13 14:43:19,931 - INFO - Finished optimization with guess, [1.78751866 0.0065556 ].
2024-02-13 14:43:19,932 - INFO - Best fit parameters: [0.58329829 0.24533356].
2024-02-13 14:43:19,971 - INFO - Maximum log composite likelihood: -24.352828395130942.
2024-02-13 14:43:19,971 - INFO - Optimal value of theta: 262.3192451028084.
2024-02-13 14:43:19,972 - INFO - Beginning optimization with guess, [5.55952245 0.00829613].
2024-02-13 14:43:23,123 - INFO - Finished optimization with guess, [5.55952245 0.00829613].
2024-02-13 14:43:23,123 - INFO - Best fit parameters: [0.4656745  0.46358538].
2024-02-13 14:43:23,174 - INFO - Maximum log composite likelihood: -24.01265355385435.
2024-02-13 14:43:23,174 - INFO - Optimal value of theta: 339.58763539515945.
2024-02-13 14:43:23,174 - INFO - Beginning optimization with guess, [5.01764318 0.00875816].
2024-02-13 14:43:26,251 - INFO - Finished optimization with guess, [5.01764318 0.00875816].
2024-02-13 14:43:26,252 - INFO - Best fit parameters: [0.45193367 0.40689559].
2024-02-13 14:43:26,301 - INFO - Maximum log composite likelihood: -24.028455659138302.
2024-02-13 14:43:26,301 - INFO - Optimal value of theta: 335.7728678060262.
2024-02-13 14:43:26,301 - INFO - Beginning optimization with guess, [3.92001576 0.00631864].
2024-02-13 14:43:29,731 - INFO - Finished optimization with guess, [3.92001576 0.00631864].
2024-02-13 14:43:29,732 - INFO - Best fit parameters: [0.26777091 0.47240642].
2024-02-13 14:43:29,799 - INFO - Maximum log composite likelihood: -23.984367511878247.
2024-02-13 14:43:29,799 - INFO - Optimal value of theta: 574.9781695306062.
2024-02-13 14:43:29,800 - INFO - Beginning optimization with guess, [4.07025965 0.00889783].
2024-02-13 14:43:33,025 - INFO - Finished optimization with guess, [4.07025965 0.00889783].
2024-02-13 14:43:33,026 - INFO - Best fit parameters: [0.39034159 0.46716204].
2024-02-13 14:43:33,082 - INFO - Maximum log composite likelihood: -23.991901009510556.
2024-02-13 14:43:33,082 - INFO - Optimal value of theta: 393.6970728150539.
2024-02-13 14:43:33,082 - INFO - Beginning optimization with guess, [3.89262682 0.01133377].
2024-02-13 14:43:35,838 - INFO - Finished optimization with guess, [3.89262682 0.01133377].
2024-02-13 14:43:35,838 - INFO - Best fit parameters: [0.40299209 0.49592881].
2024-02-13 14:43:35,897 - INFO - Maximum log composite likelihood: -23.991160277830872.
2024-02-13 14:43:35,897 - INFO - Optimal value of theta: 390.38251143750375.
2024-02-13 14:43:35,897 - INFO - Beginning optimization with guess, [7.13262616 0.00826831].
2024-02-13 14:43:39,292 - INFO - Finished optimization with guess, [7.13262616 0.00826831].
2024-02-13 14:43:39,293 - INFO - Best fit parameters: [0.46934365 0.41448873].
2024-02-13 14:43:39,342 - INFO - Maximum log composite likelihood: -24.014051385067845.
2024-02-13 14:43:39,342 - INFO - Optimal value of theta: 328.1703330819083.
2024-02-13 14:43:39,342 - INFO - Beginning optimization with guess, [1.06435229e+01 8.13290274e-03].
2024-02-13 14:43:41,631 - INFO - Finished optimization with guess, [1.06435229e+01 8.13290274e-03].
2024-02-13 14:43:41,631 - INFO - Best fit parameters: [0.50488533 0.38930818].
2024-02-13 14:43:41,677 - INFO - Maximum log composite likelihood: -24.03810040250825.
2024-02-13 14:43:41,678 - INFO - Optimal value of theta: 307.48317184539616.
2024-02-13 14:43:41,678 - INFO - Beginning optimization with guess, [4.41049263 0.00719551].
2024-02-13 14:43:44,996 - INFO - Finished optimization with guess, [4.41049263 0.00719551].
2024-02-13 14:43:44,997 - INFO - Best fit parameters: [0.41510743 0.47508313].
2024-02-13 14:43:45,051 - INFO - Maximum log composite likelihood: -23.988649417288343.
2024-02-13 14:43:45,051 - INFO - Optimal value of theta: 375.3777810512215.
2024-02-13 14:43:45,053 - INFO - Beginning demographic inference for three-epoch demographic model.
2024-02-13 14:43:45,075 - INFO - Beginning optimization with guess, [0.01555047 0.01199099 0.00689035 0.00847214].
2024-02-13 14:43:46,821 - INFO - Finished optimization with guess, [0.01555047 0.01199099 0.00689035 0.00847214].
2024-02-13 14:43:46,822 - INFO - Best fit parameters: [1.77261383e-03 4.52601726e+01 9.28079238e-05 3.14642789e-03].
2024-02-13 14:43:46,853 - INFO - Maximum log composite likelihood: -26.973570214630428.
2024-02-13 14:43:46,853 - INFO - Optimal value of theta: 234.58587778701812.
2024-02-13 14:43:46,854 - INFO - Beginning optimization with guess, [0.01466348 0.0110942  0.00702473 0.01653481].
2024-02-13 14:43:54,802 - INFO - Finished optimization with guess, [0.01466348 0.0110942  0.00702473 0.01653481].
2024-02-13 14:43:54,802 - INFO - Best fit parameters: [0.01277869 0.0071209  0.00549282 0.03805549].
2024-02-13 14:43:54,956 - INFO - Maximum log composite likelihood: -23.981899003289115.
2024-02-13 14:43:54,956 - INFO - Optimal value of theta: 22018.491729686724.
2024-02-13 14:43:54,956 - INFO - Beginning optimization with guess, [0.04946215 0.03617507 0.00776355 0.00660762].
2024-02-13 14:43:56,497 - INFO - Finished optimization with guess, [0.04946215 0.03617507 0.00776355 0.00660762].
2024-02-13 14:43:56,498 - INFO - Best fit parameters: [0.08894766 0.165291   0.00350246 0.00187626].
2024-02-13 14:43:56,529 - INFO - Maximum log composite likelihood: -27.024282150185783.
2024-02-13 14:43:56,529 - INFO - Optimal value of theta: 233.04405142005777.
2024-02-13 14:43:56,529 - INFO - Beginning optimization with guess, [0.0328811  0.04580955 0.01652106 0.01303565].
2024-02-13 14:43:59,682 - INFO - Finished optimization with guess, [0.0328811  0.04580955 0.01652106 0.01303565].
2024-02-13 14:43:59,683 - INFO - Best fit parameters: [0.00740302 0.25169739 0.01588182 0.01486234].
2024-02-13 14:43:59,762 - INFO - Maximum log composite likelihood: -22.463053950181703.
2024-02-13 14:43:59,762 - INFO - Optimal value of theta: 1718.9450198447278.
2024-02-13 14:43:59,762 - INFO - Beginning optimization with guess, [0.02718452 0.03260277 0.00701617 0.0067398 ].
2024-02-13 14:44:01,385 - INFO - Finished optimization with guess, [0.02718452 0.03260277 0.00701617 0.0067398 ].
2024-02-13 14:44:01,385 - INFO - Best fit parameters: [0.04909646 0.18436316 0.00160893 0.00297415].
2024-02-13 14:44:01,417 - INFO - Maximum log composite likelihood: -27.014387097822848.
2024-02-13 14:44:01,417 - INFO - Optimal value of theta: 232.59641087624516.
2024-02-13 14:44:01,417 - INFO - Beginning optimization with guess, [1.01810939 0.46340987 0.01776122 0.01061467].
2024-02-13 14:44:03,738 - INFO - Finished optimization with guess, [1.01810939 0.46340987 0.01776122 0.01061467].
2024-02-13 14:44:03,739 - INFO - Best fit parameters: [1.02079012 0.38557654 0.00725295 0.46625035].
2024-02-13 14:44:03,795 - INFO - Maximum log composite likelihood: -23.993865294080607.
2024-02-13 14:44:03,795 - INFO - Optimal value of theta: 397.6852102894996.
2024-02-13 14:44:03,795 - INFO - Beginning optimization with guess, [0.38043028 1.38595903 0.00864058 0.00504606].
2024-02-13 14:44:05,215 - INFO - Finished optimization with guess, [0.38043028 1.38595903 0.00864058 0.00504606].
2024-02-13 14:44:05,215 - INFO - Best fit parameters: [0.33204168 1.47848609 0.07775924 0.01928512].
2024-02-13 14:44:05,251 - INFO - Maximum log composite likelihood: -24.159716328972806.
2024-02-13 14:44:05,251 - INFO - Optimal value of theta: 261.7621769262833.
2024-02-13 14:44:05,251 - INFO - Beginning optimization with guess, [0.40472404 1.01016588 0.01177928 0.00871886].
2024-02-13 14:44:06,729 - INFO - Finished optimization with guess, [0.40472404 1.01016588 0.01177928 0.00871886].
2024-02-13 14:44:06,730 - INFO - Best fit parameters: [0.33561778 1.01399711 0.07760858 0.03793873].
2024-02-13 14:44:06,766 - INFO - Maximum log composite likelihood: -23.649933949215992.
2024-02-13 14:44:06,766 - INFO - Optimal value of theta: 259.3617116450449.
2024-02-13 14:44:06,766 - INFO - Beginning optimization with guess, [1.51406245 0.62695496 0.01478655 0.01103901].
2024-02-13 14:44:08,668 - INFO - Finished optimization with guess, [1.51406245 0.62695496 0.01478655 0.01103901].
2024-02-13 14:44:08,669 - INFO - Best fit parameters: [1.5707855  0.56774953 0.00550347 0.33038106].
2024-02-13 14:44:08,711 - INFO - Maximum log composite likelihood: -24.167576453117803.
2024-02-13 14:44:08,712 - INFO - Optimal value of theta: 277.32923105630556.
2024-02-13 14:44:08,712 - INFO - Beginning optimization with guess, [1.36619232 1.44170462 0.00879179 0.00872967].
2024-02-13 14:44:10,086 - INFO - Finished optimization with guess, [1.36619232 1.44170462 0.00879179 0.00872967].
2024-02-13 14:44:10,086 - INFO - Best fit parameters: [1.94856301e+00 9.45102359e-01 5.44299294e-04 3.72362221e-02].
2024-02-13 14:44:10,118 - INFO - Maximum log composite likelihood: -29.50327416909387.
2024-02-13 14:44:10,118 - INFO - Optimal value of theta: 213.942007064942.
2024-02-13 14:44:10,118 - INFO - Beginning optimization with guess, [1.83468103 0.62717548 0.01000915 0.01966855].
2024-02-13 14:44:12,101 - INFO - Finished optimization with guess, [1.83468103 0.62717548 0.01000915 0.01966855].
2024-02-13 14:44:12,102 - INFO - Best fit parameters: [2.07710757 0.51377715 0.01746794 0.41584484].
2024-02-13 14:44:12,150 - INFO - Maximum log composite likelihood: -24.045644855377006.
2024-02-13 14:44:12,150 - INFO - Optimal value of theta: 306.6893942545037.
2024-02-13 14:44:12,150 - INFO - Beginning optimization with guess, [1.02009886 1.14975742 0.00764568 0.00715908].
2024-02-13 14:44:13,533 - INFO - Finished optimization with guess, [1.02009886 1.14975742 0.00764568 0.00715908].
2024-02-13 14:44:13,533 - INFO - Best fit parameters: [9.95411535e-01 9.40800612e-01 1.19272093e-04 1.61572802e-06].
2024-02-13 14:44:13,564 - INFO - Maximum log composite likelihood: -29.759598269497516.
2024-02-13 14:44:13,564 - INFO - Optimal value of theta: 213.14311046472764.
2024-02-13 14:44:13,564 - INFO - Beginning optimization with guess, [2.51510195 3.37158343 0.00969275 0.01083529].
2024-02-13 14:44:14,965 - INFO - Finished optimization with guess, [2.51510195 3.37158343 0.00969275 0.01083529].
2024-02-13 14:44:14,965 - INFO - Best fit parameters: [2.47280646e+00 4.00724636e-01 5.15620187e-06 1.25871003e-02].
2024-02-13 14:44:14,996 - INFO - Maximum log composite likelihood: -27.77275810325179.
2024-02-13 14:44:14,996 - INFO - Optimal value of theta: 221.41107375026212.
2024-02-13 14:44:14,996 - INFO - Beginning optimization with guess, [1.80286044 1.21043237 0.01380579 0.01836854].
2024-02-13 14:44:16,402 - INFO - Finished optimization with guess, [1.80286044 1.21043237 0.01380579 0.01836854].
2024-02-13 14:44:16,404 - INFO - Best fit parameters: [1.26042353e+00 8.00459857e-01 1.67897848e-05 3.72856690e-04].
2024-02-13 14:44:16,435 - INFO - Maximum log composite likelihood: -29.74619686646595.
2024-02-13 14:44:16,435 - INFO - Optimal value of theta: 213.1846640916492.
2024-02-13 14:44:16,435 - INFO - Beginning optimization with guess, [1.73028762 3.32192058 0.01349917 0.00701099].
2024-02-13 14:44:17,783 - INFO - Finished optimization with guess, [1.73028762 3.32192058 0.01349917 0.00701099].
2024-02-13 14:44:17,783 - INFO - Best fit parameters: [7.86606399e-01 1.65616866e+00 4.25629639e-04 3.30429420e-05].
2024-02-13 14:44:17,813 - INFO - Maximum log composite likelihood: -29.744282569716304.
2024-02-13 14:44:17,813 - INFO - Optimal value of theta: 213.19059516219622.
2024-02-13 14:44:17,814 - INFO - Beginning optimization with guess, [1.48771046 3.86100084 0.00750283 0.00762522].
2024-02-13 14:44:19,191 - INFO - Finished optimization with guess, [1.48771046 3.86100084 0.00750283 0.00762522].
2024-02-13 14:44:19,191 - INFO - Best fit parameters: [8.61002459e-01 2.90060071e+00 3.18292766e-04 3.43061169e-05].
2024-02-13 14:44:19,222 - INFO - Maximum log composite likelihood: -29.755386252453874.
2024-02-13 14:44:19,222 - INFO - Optimal value of theta: 213.15614860268923.
2024-02-13 14:44:19,222 - INFO - Beginning optimization with guess, [1.49281865 2.35064352 0.01627668 0.00538885].
2024-02-13 14:44:20,511 - INFO - Finished optimization with guess, [1.49281865 2.35064352 0.01627668 0.00538885].
2024-02-13 14:44:20,511 - INFO - Best fit parameters: [6.10792084e-01 2.69574739e+00 7.13064112e-04 1.03986745e-05].
2024-02-13 14:44:20,542 - INFO - Maximum log composite likelihood: -29.692812973833114.
2024-02-13 14:44:20,542 - INFO - Optimal value of theta: 213.35134939951922.
2024-02-13 14:44:20,542 - INFO - Beginning optimization with guess, [3.36082742 3.21706843 0.01271172 0.00902184].
2024-02-13 14:44:21,937 - INFO - Finished optimization with guess, [3.36082742 3.21706843 0.01271172 0.00902184].
2024-02-13 14:44:21,937 - INFO - Best fit parameters: [2.17176344e-01 2.30386772e+00 2.53713332e-03 1.17124550e-06].
2024-02-13 14:44:21,967 - INFO - Maximum log composite likelihood: -28.611195147328658.
2024-02-13 14:44:21,968 - INFO - Optimal value of theta: 217.31231063885434.
2024-02-13 14:44:21,968 - INFO - Beginning optimization with guess, [2.12208214 3.83414478 0.01287948 0.01364824].
2024-02-13 14:44:23,316 - INFO - Finished optimization with guess, [2.12208214 3.83414478 0.01287948 0.01364824].
2024-02-13 14:44:23,316 - INFO - Best fit parameters: [7.31241514e-01 2.37998799e+00 1.78703478e-03 6.01428231e-05].
2024-02-13 14:44:23,347 - INFO - Maximum log composite likelihood: -29.6676015223688.
2024-02-13 14:44:23,347 - INFO - Optimal value of theta: 213.4300957301601.
2024-02-13 14:44:23,347 - INFO - Beginning optimization with guess, [2.03174518 2.76721284 0.00636535 0.00881313].
2024-02-13 14:44:24,751 - INFO - Finished optimization with guess, [2.03174518 2.76721284 0.00636535 0.00881313].
2024-02-13 14:44:24,751 - INFO - Best fit parameters: [7.29125893e-01 1.92357822e+00 3.66219016e-04 2.72564878e-05].
2024-02-13 14:44:24,782 - INFO - Maximum log composite likelihood: -29.741191348183165.
2024-02-13 14:44:24,782 - INFO - Optimal value of theta: 213.20020975258004.
2024-02-13 14:44:24,782 - INFO - Beginning optimization with guess, [3.09659754e+00 6.57967598e+00 9.71779653e-03 6.19338404e-03].
2024-02-13 14:44:26,245 - INFO - Finished optimization with guess, [3.09659754e+00 6.57967598e+00 9.71779653e-03 6.19338404e-03].
2024-02-13 14:44:26,245 - INFO - Best fit parameters: [5.25481436e-01 3.39602204e+01 4.83498482e-01 9.56621084e-06].
2024-02-13 14:44:26,298 - INFO - Maximum log composite likelihood: -24.159507251029325.
2024-02-13 14:44:26,298 - INFO - Optimal value of theta: 313.1272960851966.
2024-02-13 14:44:26,299 - INFO - Beginning optimization with guess, [4.48481415 3.90794652 0.01044906 0.01063321].
2024-02-13 14:44:27,645 - INFO - Finished optimization with guess, [4.48481415 3.90794652 0.01044906 0.01063321].
2024-02-13 14:44:27,645 - INFO - Best fit parameters: [1.29881549e+00 5.51656809e-01 1.73002089e-04 6.63224684e-04].
2024-02-13 14:44:27,676 - INFO - Maximum log composite likelihood: -29.685149791873442.
2024-02-13 14:44:27,676 - INFO - Optimal value of theta: 213.37548068414054.
2024-02-13 14:44:27,676 - INFO - Beginning optimization with guess, [7.87690255e+00 1.01491115e+01 5.40418444e-03 1.96100250e-02].
2024-02-13 14:44:29,014 - INFO - Finished optimization with guess, [7.87690255e+00 1.01491115e+01 5.40418444e-03 1.96100250e-02].
2024-02-13 14:44:29,015 - INFO - Best fit parameters: [2.76138263e-01 9.84215343e+00 1.71012124e-03 2.39997506e-04].
2024-02-13 14:44:29,046 - INFO - Maximum log composite likelihood: -29.171353771333074.
2024-02-13 14:44:29,046 - INFO - Optimal value of theta: 215.09997033424298.
2024-02-13 14:44:29,046 - INFO - Beginning optimization with guess, [5.27052920e+00 1.15423527e+01 1.38304222e-02 9.90956469e-03].
2024-02-13 14:44:30,413 - INFO - Finished optimization with guess, [5.27052920e+00 1.15423527e+01 1.38304222e-02 9.90956469e-03].
2024-02-13 14:44:30,413 - INFO - Best fit parameters: [4.31966165e-01 3.73206870e+01 6.03977185e-03 2.56527598e-04].
2024-02-13 14:44:30,444 - INFO - Maximum log composite likelihood: -28.769987246645442.
2024-02-13 14:44:30,444 - INFO - Optimal value of theta: 216.60752624657195.
2024-02-13 14:44:30,444 - INFO - Beginning optimization with guess, [6.20279007e+00 1.48317196e+01 7.02341894e-03 5.51086707e-03].
2024-02-13 14:44:31,861 - INFO - Finished optimization with guess, [6.20279007e+00 1.48317196e+01 7.02341894e-03 5.51086707e-03].
2024-02-13 14:44:31,862 - INFO - Best fit parameters: [6.33609474e-01 7.46748596e+01 3.65869469e-02 3.07077099e-05].
2024-02-13 14:44:31,893 - INFO - Maximum log composite likelihood: -27.588690235070473.
2024-02-13 14:44:31,893 - INFO - Optimal value of theta: 221.83266053854422.
2024-02-13 14:44:31,895 - INFO - Finished demographic inference.
2024-02-13 14:44:31,895 - INFO - Pipeline executed succesfully.
