2025-01-17 13:33:07,349 - INFO - Beginning execution of fit_demographic_model.py in directory /u/project/kirk/jonmah/sample_size_demography/Scripts

2025-01-17 13:33:07,349 - INFO - Progress is being logged to ../Analysis/gnomAD_80/log.log

2025-01-17 13:33:07,349 - INFO - Parsed the following arguments:
	syn_input_sfs = ../Analysis/gnomAD_80/syn_downsampled_sfs.txt
	mask_singletons = False
	mask_doubletons = False
	outprefix = ../Analysis/gnomAD_80/

2025-01-17 13:33:07,353 - INFO - Beginning demographic inference for one-epoch demographic model.
2025-01-17 13:33:07,355 - INFO - Beginning optimization with guess, [0.0805839].
2025-01-17 13:33:15,887 - INFO - Finished optimization with guess, [0.0805839].
2025-01-17 13:33:15,889 - INFO - Best fit parameters: [0.0805839].
2025-01-17 13:33:16,133 - INFO - Maximum log composite likelihood: -925.0098031920852.
2025-01-17 13:33:16,134 - INFO - Optimal value of theta: 5701.331182444802.
2025-01-17 13:33:16,134 - INFO - Beginning optimization with guess, [0.21070975].
2025-01-17 13:33:23,898 - INFO - Finished optimization with guess, [0.21070975].
2025-01-17 13:33:23,899 - INFO - Best fit parameters: [0.21070975].
2025-01-17 13:33:24,145 - INFO - Maximum log composite likelihood: -925.0098031920852.
2025-01-17 13:33:24,145 - INFO - Optimal value of theta: 5701.331182444802.
2025-01-17 13:33:24,145 - INFO - Beginning optimization with guess, [0.19280894].
2025-01-17 13:33:32,397 - INFO - Finished optimization with guess, [0.19280894].
2025-01-17 13:33:32,398 - INFO - Best fit parameters: [0.19280894].
2025-01-17 13:33:32,659 - INFO - Maximum log composite likelihood: -925.0098031920852.
2025-01-17 13:33:32,660 - INFO - Optimal value of theta: 5701.331182444802.
2025-01-17 13:33:32,660 - INFO - Beginning optimization with guess, [0.68249735].
2025-01-17 13:33:39,447 - INFO - Finished optimization with guess, [0.68249735].
2025-01-17 13:33:39,448 - INFO - Best fit parameters: [0.68249735].
2025-01-17 13:33:39,709 - INFO - Maximum log composite likelihood: -925.0098031920852.
2025-01-17 13:33:39,709 - INFO - Optimal value of theta: 5701.331182444802.
2025-01-17 13:33:39,709 - INFO - Beginning optimization with guess, [0.63488689].
2025-01-17 13:33:46,514 - INFO - Finished optimization with guess, [0.63488689].
2025-01-17 13:33:46,525 - INFO - Best fit parameters: [0.63488689].
2025-01-17 13:33:46,787 - INFO - Maximum log composite likelihood: -925.0098031920852.
2025-01-17 13:33:46,787 - INFO - Optimal value of theta: 5701.331182444802.
2025-01-17 13:33:46,787 - INFO - Beginning optimization with guess, [0.40205123].
2025-01-17 13:33:54,348 - INFO - Finished optimization with guess, [0.40205123].
2025-01-17 13:33:54,349 - INFO - Best fit parameters: [0.40205123].
2025-01-17 13:33:54,611 - INFO - Maximum log composite likelihood: -925.0098031920852.
2025-01-17 13:33:54,611 - INFO - Optimal value of theta: 5701.331182444802.
2025-01-17 13:33:54,611 - INFO - Beginning optimization with guess, [1.1263237].
2025-01-17 13:33:59,839 - INFO - Finished optimization with guess, [1.1263237].
2025-01-17 13:33:59,840 - INFO - Best fit parameters: [1.1263237].
2025-01-17 13:34:00,102 - INFO - Maximum log composite likelihood: -925.0098031920852.
2025-01-17 13:34:00,103 - INFO - Optimal value of theta: 5701.331182444802.
2025-01-17 13:34:00,103 - INFO - Beginning optimization with guess, [0.60229614].
2025-01-17 13:34:06,916 - INFO - Finished optimization with guess, [0.60229614].
2025-01-17 13:34:06,917 - INFO - Best fit parameters: [0.60229614].
2025-01-17 13:34:07,181 - INFO - Maximum log composite likelihood: -925.0098031920852.
2025-01-17 13:34:07,181 - INFO - Optimal value of theta: 5701.331182444802.
2025-01-17 13:34:07,181 - INFO - Beginning optimization with guess, [1.35731629].
2025-01-17 13:34:13,956 - INFO - Finished optimization with guess, [1.35731629].
2025-01-17 13:34:13,957 - INFO - Best fit parameters: [1.35731629].
2025-01-17 13:34:14,217 - INFO - Maximum log composite likelihood: -925.0098031920852.
2025-01-17 13:34:14,217 - INFO - Optimal value of theta: 5701.331182444802.
2025-01-17 13:34:14,217 - INFO - Beginning optimization with guess, [0.68514342].
2025-01-17 13:34:20,984 - INFO - Finished optimization with guess, [0.68514342].
2025-01-17 13:34:20,984 - INFO - Best fit parameters: [0.68514342].
2025-01-17 13:34:21,245 - INFO - Maximum log composite likelihood: -925.0098031920852.
2025-01-17 13:34:21,245 - INFO - Optimal value of theta: 5701.331182444802.
2025-01-17 13:34:21,245 - INFO - Beginning optimization with guess, [2.48175148].
2025-01-17 13:34:28,796 - INFO - Finished optimization with guess, [2.48175148].
2025-01-17 13:34:28,797 - INFO - Best fit parameters: [2.48175148].
2025-01-17 13:34:29,058 - INFO - Maximum log composite likelihood: -925.0098031920852.
2025-01-17 13:34:29,058 - INFO - Optimal value of theta: 5701.331182444802.
2025-01-17 13:34:29,058 - INFO - Beginning optimization with guess, [0.83037684].
2025-01-17 13:34:35,063 - INFO - Finished optimization with guess, [0.83037684].
2025-01-17 13:34:35,063 - INFO - Best fit parameters: [0.83037684].
2025-01-17 13:34:35,325 - INFO - Maximum log composite likelihood: -925.0098031920852.
2025-01-17 13:34:35,325 - INFO - Optimal value of theta: 5701.331182444802.
2025-01-17 13:34:35,325 - INFO - Beginning optimization with guess, [1.13324099].
2025-01-17 13:34:40,542 - INFO - Finished optimization with guess, [1.13324099].
2025-01-17 13:34:40,543 - INFO - Best fit parameters: [1.13324099].
2025-01-17 13:34:40,804 - INFO - Maximum log composite likelihood: -925.0098031920852.
2025-01-17 13:34:40,804 - INFO - Optimal value of theta: 5701.331182444802.
2025-01-17 13:34:40,805 - INFO - Beginning optimization with guess, [2.78561539].
2025-01-17 13:34:49,158 - INFO - Finished optimization with guess, [2.78561539].
2025-01-17 13:34:49,158 - INFO - Best fit parameters: [2.78561539].
2025-01-17 13:34:49,421 - INFO - Maximum log composite likelihood: -925.0098031920852.
2025-01-17 13:34:49,421 - INFO - Optimal value of theta: 5701.331182444802.
2025-01-17 13:34:49,421 - INFO - Beginning optimization with guess, [2.41217446].
2025-01-17 13:34:57,003 - INFO - Finished optimization with guess, [2.41217446].
2025-01-17 13:34:57,004 - INFO - Best fit parameters: [2.41217446].
2025-01-17 13:34:57,265 - INFO - Maximum log composite likelihood: -925.0098031920852.
2025-01-17 13:34:57,266 - INFO - Optimal value of theta: 5701.331182444802.
2025-01-17 13:34:57,266 - INFO - Beginning optimization with guess, [1.31244606].
2025-01-17 13:35:04,061 - INFO - Finished optimization with guess, [1.31244606].
2025-01-17 13:35:04,062 - INFO - Best fit parameters: [1.31244606].
2025-01-17 13:35:04,324 - INFO - Maximum log composite likelihood: -925.0098031920852.
2025-01-17 13:35:04,324 - INFO - Optimal value of theta: 5701.331182444802.
2025-01-17 13:35:04,324 - INFO - Beginning optimization with guess, [1.92688493].
2025-01-17 13:35:11,885 - INFO - Finished optimization with guess, [1.92688493].
2025-01-17 13:35:11,886 - INFO - Best fit parameters: [1.92688493].
2025-01-17 13:35:12,146 - INFO - Maximum log composite likelihood: -925.0098031920852.
2025-01-17 13:35:12,147 - INFO - Optimal value of theta: 5701.331182444802.
2025-01-17 13:35:12,147 - INFO - Beginning optimization with guess, [2.21012527].
2025-01-17 13:35:19,695 - INFO - Finished optimization with guess, [2.21012527].
2025-01-17 13:35:19,696 - INFO - Best fit parameters: [2.21012527].
2025-01-17 13:35:19,960 - INFO - Maximum log composite likelihood: -925.0098031920852.
2025-01-17 13:35:19,960 - INFO - Optimal value of theta: 5701.331182444802.
2025-01-17 13:35:19,960 - INFO - Beginning optimization with guess, [3.10271809].
2025-01-17 13:35:28,204 - INFO - Finished optimization with guess, [3.10271809].
2025-01-17 13:35:28,205 - INFO - Best fit parameters: [3.10271809].
2025-01-17 13:35:28,462 - INFO - Maximum log composite likelihood: -925.0098031920852.
2025-01-17 13:35:28,462 - INFO - Optimal value of theta: 5701.331182444802.
2025-01-17 13:35:28,462 - INFO - Beginning optimization with guess, [5.88657772].
2025-01-17 13:35:36,724 - INFO - Finished optimization with guess, [5.88657772].
2025-01-17 13:35:36,724 - INFO - Best fit parameters: [5.88657772].
2025-01-17 13:35:36,982 - INFO - Maximum log composite likelihood: -925.0098031920852.
2025-01-17 13:35:36,982 - INFO - Optimal value of theta: 5701.331182444802.
2025-01-17 13:35:36,982 - INFO - Beginning optimization with guess, [3.33748327].
2025-01-17 13:35:45,251 - INFO - Finished optimization with guess, [3.33748327].
2025-01-17 13:35:45,253 - INFO - Best fit parameters: [3.33748327].
2025-01-17 13:35:45,512 - INFO - Maximum log composite likelihood: -925.0098031920852.
2025-01-17 13:35:45,512 - INFO - Optimal value of theta: 5701.331182444802.
2025-01-17 13:35:45,512 - INFO - Beginning optimization with guess, [9.21783866].
2025-01-17 13:35:54,582 - INFO - Finished optimization with guess, [9.21783866].
2025-01-17 13:35:54,583 - INFO - Best fit parameters: [9.21783866].
2025-01-17 13:35:54,842 - INFO - Maximum log composite likelihood: -925.0098031920852.
2025-01-17 13:35:54,842 - INFO - Optimal value of theta: 5701.331182444802.
2025-01-17 13:35:54,842 - INFO - Beginning optimization with guess, [6.1431842].
2025-01-17 13:36:03,145 - INFO - Finished optimization with guess, [6.1431842].
2025-01-17 13:36:03,145 - INFO - Best fit parameters: [6.1431842].
2025-01-17 13:36:03,403 - INFO - Maximum log composite likelihood: -925.0098031920852.
2025-01-17 13:36:03,403 - INFO - Optimal value of theta: 5701.331182444802.
2025-01-17 13:36:03,403 - INFO - Beginning optimization with guess, [5.12223347].
2025-01-17 13:36:11,705 - INFO - Finished optimization with guess, [5.12223347].
2025-01-17 13:36:11,706 - INFO - Best fit parameters: [5.12223347].
2025-01-17 13:36:11,967 - INFO - Maximum log composite likelihood: -925.0098031920852.
2025-01-17 13:36:11,967 - INFO - Optimal value of theta: 5701.331182444802.
2025-01-17 13:36:11,968 - INFO - Beginning optimization with guess, [12.28384873].
2025-01-17 13:36:20,994 - INFO - Finished optimization with guess, [12.28384873].
2025-01-17 13:36:20,995 - INFO - Best fit parameters: [12.28384873].
2025-01-17 13:36:21,254 - INFO - Maximum log composite likelihood: -925.0098031920852.
2025-01-17 13:36:21,254 - INFO - Optimal value of theta: 5701.331182444802.
2025-01-17 13:36:21,256 - INFO - Finished demographic inference.
2025-01-17 13:36:21,256 - INFO - Pipeline executed succesfully.
