2024-03-14 19:25:21,588 - INFO - Beginning execution of fit_demographic_model.py in directory /u/project/kirk/jonmah/sample_size_demography/Scripts

2024-03-14 19:25:21,593 - INFO - Progress is being logged to ../Analysis/TwoEpochContraction_390/log.log

2024-03-14 19:25:21,593 - INFO - Parsed the following arguments:
	syn_input_sfs = ../Analysis/TwoEpochContraction_390/syn_downsampled_sfs.txt
	mask_singletons = False
	mask_doubletons = False
	outprefix = ../Analysis/TwoEpochContraction_390/

2024-03-14 19:25:21,632 - INFO - Beginning demographic inference for one-epoch demographic model.
2024-03-14 19:25:21,642 - INFO - Beginning optimization with guess, [0.11579936].
2024-03-14 19:26:17,720 - INFO - Finished optimization with guess, [0.11579936].
2024-03-14 19:26:17,728 - INFO - Best fit parameters: [0.11579936].
2024-03-14 19:26:19,435 - INFO - Maximum log composite likelihood: -2743.576096820722.
2024-03-14 19:26:19,435 - INFO - Optimal value of theta: 8557.061966394287.
2024-03-14 19:26:19,436 - INFO - Beginning optimization with guess, [0.15221125].
2024-03-14 19:27:10,436 - INFO - Finished optimization with guess, [0.15221125].
2024-03-14 19:27:10,444 - INFO - Best fit parameters: [0.15221125].
2024-03-14 19:27:12,140 - INFO - Maximum log composite likelihood: -2743.576096820722.
2024-03-14 19:27:12,140 - INFO - Optimal value of theta: 8557.061966394287.
2024-03-14 19:27:12,140 - INFO - Beginning optimization with guess, [0.25500558].
2024-03-14 19:28:03,739 - INFO - Finished optimization with guess, [0.25500558].
2024-03-14 19:28:03,743 - INFO - Best fit parameters: [0.25500558].
2024-03-14 19:28:05,337 - INFO - Maximum log composite likelihood: -2743.576096820722.
2024-03-14 19:28:05,338 - INFO - Optimal value of theta: 8557.061966394287.
2024-03-14 19:28:05,338 - INFO - Beginning optimization with guess, [0.3430014].
2024-03-14 19:28:57,063 - INFO - Finished optimization with guess, [0.3430014].
2024-03-14 19:28:57,070 - INFO - Best fit parameters: [0.3430014].
2024-03-14 19:28:58,679 - INFO - Maximum log composite likelihood: -2743.576096820722.
2024-03-14 19:28:58,679 - INFO - Optimal value of theta: 8557.061966394287.
2024-03-14 19:28:58,680 - INFO - Beginning optimization with guess, [0.71278908].
2024-03-14 19:29:41,327 - INFO - Finished optimization with guess, [0.71278908].
2024-03-14 19:29:41,341 - INFO - Best fit parameters: [0.71278908].
2024-03-14 19:29:42,925 - INFO - Maximum log composite likelihood: -2743.576096820722.
2024-03-14 19:29:42,925 - INFO - Optimal value of theta: 8557.061966394287.
2024-03-14 19:29:42,925 - INFO - Beginning optimization with guess, [0.44968067].
2024-03-14 19:30:30,247 - INFO - Finished optimization with guess, [0.44968067].
2024-03-14 19:30:30,251 - INFO - Best fit parameters: [0.44968067].
2024-03-14 19:30:31,833 - INFO - Maximum log composite likelihood: -2743.576096820722.
2024-03-14 19:30:31,833 - INFO - Optimal value of theta: 8557.061966394287.
2024-03-14 19:30:31,833 - INFO - Beginning optimization with guess, [0.42730618].
2024-03-14 19:31:19,687 - INFO - Finished optimization with guess, [0.42730618].
2024-03-14 19:31:19,698 - INFO - Best fit parameters: [0.42730618].
2024-03-14 19:31:21,446 - INFO - Maximum log composite likelihood: -2743.576096820722.
2024-03-14 19:31:21,446 - INFO - Optimal value of theta: 8557.061966394287.
2024-03-14 19:31:21,446 - INFO - Beginning optimization with guess, [1.44043862].
2024-03-14 19:32:04,586 - INFO - Finished optimization with guess, [1.44043862].
2024-03-14 19:32:04,596 - INFO - Best fit parameters: [1.44043862].
2024-03-14 19:32:06,339 - INFO - Maximum log composite likelihood: -2743.576096820722.
2024-03-14 19:32:06,339 - INFO - Optimal value of theta: 8557.061966394287.
2024-03-14 19:32:06,339 - INFO - Beginning optimization with guess, [1.14897003].
2024-03-14 19:32:44,741 - INFO - Finished optimization with guess, [1.14897003].
2024-03-14 19:32:44,750 - INFO - Best fit parameters: [1.14897003].
2024-03-14 19:32:46,303 - INFO - Maximum log composite likelihood: -2743.576096820722.
2024-03-14 19:32:46,303 - INFO - Optimal value of theta: 8557.061966394287.
2024-03-14 19:32:46,303 - INFO - Beginning optimization with guess, [0.86260617].
2024-03-14 19:33:24,564 - INFO - Finished optimization with guess, [0.86260617].
2024-03-14 19:33:24,575 - INFO - Best fit parameters: [0.86260617].
2024-03-14 19:33:26,200 - INFO - Maximum log composite likelihood: -2743.576096820722.
2024-03-14 19:33:26,201 - INFO - Optimal value of theta: 8557.061966394287.
2024-03-14 19:33:26,201 - INFO - Beginning optimization with guess, [0.84718828].
2024-03-14 19:34:03,154 - INFO - Finished optimization with guess, [0.84718828].
2024-03-14 19:34:03,156 - INFO - Best fit parameters: [0.84718828].
2024-03-14 19:34:04,722 - INFO - Maximum log composite likelihood: -2743.576096820722.
2024-03-14 19:34:04,722 - INFO - Optimal value of theta: 8557.061966394287.
2024-03-14 19:34:04,723 - INFO - Beginning optimization with guess, [2.60824136].
2024-03-14 19:34:52,068 - INFO - Finished optimization with guess, [2.60824136].
2024-03-14 19:34:52,072 - INFO - Best fit parameters: [2.60824136].
2024-03-14 19:34:53,831 - INFO - Maximum log composite likelihood: -2743.576096820722.
2024-03-14 19:34:53,831 - INFO - Optimal value of theta: 8557.061966394287.
2024-03-14 19:34:53,831 - INFO - Beginning optimization with guess, [0.95920977].
2024-03-14 19:35:22,249 - INFO - Finished optimization with guess, [0.95920977].
2024-03-14 19:35:22,254 - INFO - Best fit parameters: [0.95920977].
2024-03-14 19:35:23,875 - INFO - Maximum log composite likelihood: -2743.576096820722.
2024-03-14 19:35:23,875 - INFO - Optimal value of theta: 8557.061966394287.
2024-03-14 19:35:23,875 - INFO - Beginning optimization with guess, [2.87642642].
2024-03-14 19:36:16,644 - INFO - Finished optimization with guess, [2.87642642].
2024-03-14 19:36:16,652 - INFO - Best fit parameters: [2.87642642].
2024-03-14 19:36:18,432 - INFO - Maximum log composite likelihood: -2743.576096820722.
2024-03-14 19:36:18,432 - INFO - Optimal value of theta: 8557.061966394287.
2024-03-14 19:36:18,433 - INFO - Beginning optimization with guess, [1.55447568].
2024-03-14 19:37:01,197 - INFO - Finished optimization with guess, [1.55447568].
2024-03-14 19:37:01,210 - INFO - Best fit parameters: [1.55447568].
2024-03-14 19:37:02,881 - INFO - Maximum log composite likelihood: -2743.576096820722.
2024-03-14 19:37:02,881 - INFO - Optimal value of theta: 8557.061966394287.
2024-03-14 19:37:02,882 - INFO - Beginning optimization with guess, [3.44607402].
2024-03-14 19:37:55,407 - INFO - Finished optimization with guess, [3.44607402].
2024-03-14 19:37:55,413 - INFO - Best fit parameters: [3.44607402].
2024-03-14 19:37:56,991 - INFO - Maximum log composite likelihood: -2743.576096820722.
2024-03-14 19:37:56,991 - INFO - Optimal value of theta: 8557.061966394287.
2024-03-14 19:37:56,991 - INFO - Beginning optimization with guess, [2.7764662].
2024-03-14 19:38:45,086 - INFO - Finished optimization with guess, [2.7764662].
2024-03-14 19:38:45,097 - INFO - Best fit parameters: [2.7764662].
2024-03-14 19:38:46,851 - INFO - Maximum log composite likelihood: -2743.576096820722.
2024-03-14 19:38:46,851 - INFO - Optimal value of theta: 8557.061966394287.
2024-03-14 19:38:46,851 - INFO - Beginning optimization with guess, [5.33006779].
2024-03-14 19:39:38,746 - INFO - Finished optimization with guess, [5.33006779].
2024-03-14 19:39:38,760 - INFO - Best fit parameters: [5.33006779].
2024-03-14 19:39:40,385 - INFO - Maximum log composite likelihood: -2743.576096820722.
2024-03-14 19:39:40,385 - INFO - Optimal value of theta: 8557.061966394287.
2024-03-14 19:39:40,385 - INFO - Beginning optimization with guess, [4.93994485].
2024-03-14 19:40:31,864 - INFO - Finished optimization with guess, [4.93994485].
2024-03-14 19:40:31,867 - INFO - Best fit parameters: [4.93994485].
2024-03-14 19:40:33,497 - INFO - Maximum log composite likelihood: -2743.576096820722.
2024-03-14 19:40:33,497 - INFO - Optimal value of theta: 8557.061966394287.
2024-03-14 19:40:33,498 - INFO - Beginning optimization with guess, [2.27157415].
2024-03-14 19:41:20,278 - INFO - Finished optimization with guess, [2.27157415].
2024-03-14 19:41:20,289 - INFO - Best fit parameters: [2.27157415].
2024-03-14 19:41:22,028 - INFO - Maximum log composite likelihood: -2743.576096820722.
2024-03-14 19:41:22,028 - INFO - Optimal value of theta: 8557.061966394287.
2024-03-14 19:41:22,029 - INFO - Beginning optimization with guess, [3.18572777].
2024-03-14 19:42:13,617 - INFO - Finished optimization with guess, [3.18572777].
2024-03-14 19:42:13,624 - INFO - Best fit parameters: [3.18572777].
2024-03-14 19:42:15,206 - INFO - Maximum log composite likelihood: -2743.576096820722.
2024-03-14 19:42:15,206 - INFO - Optimal value of theta: 8557.061966394287.
2024-03-14 19:42:15,207 - INFO - Beginning optimization with guess, [3.22320611].
2024-03-14 19:43:07,077 - INFO - Finished optimization with guess, [3.22320611].
2024-03-14 19:43:07,086 - INFO - Best fit parameters: [3.22320611].
2024-03-14 19:43:08,662 - INFO - Maximum log composite likelihood: -2743.576096820722.
2024-03-14 19:43:08,662 - INFO - Optimal value of theta: 8557.061966394287.
2024-03-14 19:43:08,662 - INFO - Beginning optimization with guess, [3.68541286].
2024-03-14 19:44:01,337 - INFO - Finished optimization with guess, [3.68541286].
2024-03-14 19:44:01,348 - INFO - Best fit parameters: [3.68541286].
2024-03-14 19:44:02,985 - INFO - Maximum log composite likelihood: -2743.576096820722.
2024-03-14 19:44:02,985 - INFO - Optimal value of theta: 8557.061966394287.
2024-03-14 19:44:02,986 - INFO - Beginning optimization with guess, [11.71779409].
2024-03-14 19:45:00,194 - INFO - Finished optimization with guess, [11.71779409].
2024-03-14 19:45:00,207 - INFO - Best fit parameters: [11.71779409].
2024-03-14 19:45:01,818 - INFO - Maximum log composite likelihood: -2743.576096820722.
2024-03-14 19:45:01,818 - INFO - Optimal value of theta: 8557.061966394287.
2024-03-14 19:45:01,819 - INFO - Beginning optimization with guess, [15.0184303].
2024-03-14 19:46:00,119 - INFO - Finished optimization with guess, [15.0184303].
2024-03-14 19:46:00,128 - INFO - Best fit parameters: [15.0184303].
2024-03-14 19:46:01,730 - INFO - Maximum log composite likelihood: -2743.576096820722.
2024-03-14 19:46:01,730 - INFO - Optimal value of theta: 8557.061966394287.
2024-03-14 19:46:01,775 - INFO - Finished demographic inference.
2024-03-14 19:46:01,775 - INFO - Pipeline executed succesfully.
