2024-03-14 19:18:42,623 - INFO - Beginning execution of fit_demographic_model.py in directory /u/project/kirk/jonmah/sample_size_demography/Scripts

2024-03-14 19:18:42,625 - INFO - Progress is being logged to ../Analysis/TwoEpochContraction_320/log.log

2024-03-14 19:18:42,625 - INFO - Parsed the following arguments:
	syn_input_sfs = ../Analysis/TwoEpochContraction_320/syn_downsampled_sfs.txt
	mask_singletons = False
	mask_doubletons = False
	outprefix = ../Analysis/TwoEpochContraction_320/

2024-03-14 19:18:42,664 - INFO - Beginning demographic inference for one-epoch demographic model.
2024-03-14 19:18:42,666 - INFO - Beginning optimization with guess, [0.07426681].
2024-03-14 19:19:15,288 - INFO - Finished optimization with guess, [0.07426681].
2024-03-14 19:19:15,289 - INFO - Best fit parameters: [0.07426681].
2024-03-14 19:19:16,381 - INFO - Maximum log composite likelihood: -2544.5852229069587.
2024-03-14 19:19:16,381 - INFO - Optimal value of theta: 8634.047412958553.
2024-03-14 19:19:16,381 - INFO - Beginning optimization with guess, [0.10111154].
2024-03-14 19:19:56,256 - INFO - Finished optimization with guess, [0.10111154].
2024-03-14 19:19:56,259 - INFO - Best fit parameters: [0.10111154].
2024-03-14 19:19:57,360 - INFO - Maximum log composite likelihood: -2544.5852229069587.
2024-03-14 19:19:57,360 - INFO - Optimal value of theta: 8634.047412958553.
2024-03-14 19:19:57,360 - INFO - Beginning optimization with guess, [0.20497126].
2024-03-14 19:20:33,824 - INFO - Finished optimization with guess, [0.20497126].
2024-03-14 19:20:33,826 - INFO - Best fit parameters: [0.20497126].
2024-03-14 19:20:34,966 - INFO - Maximum log composite likelihood: -2544.5852229069587.
2024-03-14 19:20:34,967 - INFO - Optimal value of theta: 8634.047412958553.
2024-03-14 19:20:34,967 - INFO - Beginning optimization with guess, [0.50960619].
2024-03-14 19:21:08,407 - INFO - Finished optimization with guess, [0.50960619].
2024-03-14 19:21:08,409 - INFO - Best fit parameters: [0.50960619].
2024-03-14 19:21:09,516 - INFO - Maximum log composite likelihood: -2544.5852229069587.
2024-03-14 19:21:09,517 - INFO - Optimal value of theta: 8634.047412958553.
2024-03-14 19:21:09,517 - INFO - Beginning optimization with guess, [0.52958253].
2024-03-14 19:21:43,362 - INFO - Finished optimization with guess, [0.52958253].
2024-03-14 19:21:43,363 - INFO - Best fit parameters: [0.52958253].
2024-03-14 19:21:44,770 - INFO - Maximum log composite likelihood: -2544.5852229069587.
2024-03-14 19:21:44,770 - INFO - Optimal value of theta: 8634.047412958553.
2024-03-14 19:21:44,771 - INFO - Beginning optimization with guess, [0.52206897].
2024-03-14 19:22:13,754 - INFO - Finished optimization with guess, [0.52206897].
2024-03-14 19:22:13,755 - INFO - Best fit parameters: [0.52206897].
2024-03-14 19:22:14,714 - INFO - Maximum log composite likelihood: -2544.5852229069587.
2024-03-14 19:22:14,714 - INFO - Optimal value of theta: 8634.047412958553.
2024-03-14 19:22:14,714 - INFO - Beginning optimization with guess, [0.46412169].
2024-03-14 19:22:42,501 - INFO - Finished optimization with guess, [0.46412169].
2024-03-14 19:22:42,502 - INFO - Best fit parameters: [0.46412169].
2024-03-14 19:22:43,523 - INFO - Maximum log composite likelihood: -2544.5852229069587.
2024-03-14 19:22:43,523 - INFO - Optimal value of theta: 8634.047412958553.
2024-03-14 19:22:43,524 - INFO - Beginning optimization with guess, [0.41927087].
2024-03-14 19:23:10,679 - INFO - Finished optimization with guess, [0.41927087].
2024-03-14 19:23:10,682 - INFO - Best fit parameters: [0.41927087].
2024-03-14 19:23:11,792 - INFO - Maximum log composite likelihood: -2544.5852229069587.
2024-03-14 19:23:11,793 - INFO - Optimal value of theta: 8634.047412958553.
2024-03-14 19:23:11,793 - INFO - Beginning optimization with guess, [0.8301368].
2024-03-14 19:23:33,762 - INFO - Finished optimization with guess, [0.8301368].
2024-03-14 19:23:33,763 - INFO - Best fit parameters: [0.8301368].
2024-03-14 19:23:34,654 - INFO - Maximum log composite likelihood: -2544.5852229069587.
2024-03-14 19:23:34,654 - INFO - Optimal value of theta: 8634.047412958553.
2024-03-14 19:23:34,654 - INFO - Beginning optimization with guess, [0.70659078].
2024-03-14 19:23:58,531 - INFO - Finished optimization with guess, [0.70659078].
2024-03-14 19:23:58,532 - INFO - Best fit parameters: [0.70659078].
2024-03-14 19:23:59,415 - INFO - Maximum log composite likelihood: -2544.5852229069587.
2024-03-14 19:23:59,415 - INFO - Optimal value of theta: 8634.047412958553.
2024-03-14 19:23:59,415 - INFO - Beginning optimization with guess, [0.96680414].
2024-03-14 19:24:12,518 - INFO - Finished optimization with guess, [0.96680414].
2024-03-14 19:24:12,521 - INFO - Best fit parameters: [0.96680414].
2024-03-14 19:24:13,248 - INFO - Maximum log composite likelihood: -2544.5852229069587.
2024-03-14 19:24:13,248 - INFO - Optimal value of theta: 8634.047412958553.
2024-03-14 19:24:13,249 - INFO - Beginning optimization with guess, [0.87130469].
2024-03-14 19:24:30,293 - INFO - Finished optimization with guess, [0.87130469].
2024-03-14 19:24:30,296 - INFO - Best fit parameters: [0.87130469].
2024-03-14 19:24:31,056 - INFO - Maximum log composite likelihood: -2544.5852229069587.
2024-03-14 19:24:31,056 - INFO - Optimal value of theta: 8634.047412958553.
2024-03-14 19:24:31,056 - INFO - Beginning optimization with guess, [1.73825876].
2024-03-14 19:25:03,183 - INFO - Finished optimization with guess, [1.73825876].
2024-03-14 19:25:03,184 - INFO - Best fit parameters: [1.73825876].
2024-03-14 19:25:04,278 - INFO - Maximum log composite likelihood: -2544.5852229069587.
2024-03-14 19:25:04,278 - INFO - Optimal value of theta: 8634.047412958553.
2024-03-14 19:25:04,278 - INFO - Beginning optimization with guess, [1.80987097].
2024-03-14 19:25:36,959 - INFO - Finished optimization with guess, [1.80987097].
2024-03-14 19:25:36,961 - INFO - Best fit parameters: [1.80987097].
2024-03-14 19:25:38,102 - INFO - Maximum log composite likelihood: -2544.5852229069587.
2024-03-14 19:25:38,102 - INFO - Optimal value of theta: 8634.047412958553.
2024-03-14 19:25:38,102 - INFO - Beginning optimization with guess, [2.4274677].
2024-03-14 19:26:11,175 - INFO - Finished optimization with guess, [2.4274677].
2024-03-14 19:26:11,177 - INFO - Best fit parameters: [2.4274677].
2024-03-14 19:26:12,288 - INFO - Maximum log composite likelihood: -2544.5852229069587.
2024-03-14 19:26:12,289 - INFO - Optimal value of theta: 8634.047412958553.
2024-03-14 19:26:12,289 - INFO - Beginning optimization with guess, [2.76184075].
2024-03-14 19:26:41,990 - INFO - Finished optimization with guess, [2.76184075].
2024-03-14 19:26:41,993 - INFO - Best fit parameters: [2.76184075].
2024-03-14 19:26:42,883 - INFO - Maximum log composite likelihood: -2544.5852229069587.
2024-03-14 19:26:42,883 - INFO - Optimal value of theta: 8634.047412958553.
2024-03-14 19:26:42,883 - INFO - Beginning optimization with guess, [2.76047518].
2024-03-14 19:27:10,189 - INFO - Finished optimization with guess, [2.76047518].
2024-03-14 19:27:10,190 - INFO - Best fit parameters: [2.76047518].
2024-03-14 19:27:11,122 - INFO - Maximum log composite likelihood: -2544.5852229069587.
2024-03-14 19:27:11,123 - INFO - Optimal value of theta: 8634.047412958553.
2024-03-14 19:27:11,123 - INFO - Beginning optimization with guess, [1.54701474].
2024-03-14 19:27:35,565 - INFO - Finished optimization with guess, [1.54701474].
2024-03-14 19:27:35,566 - INFO - Best fit parameters: [1.54701474].
2024-03-14 19:27:36,351 - INFO - Maximum log composite likelihood: -2544.5852229069587.
2024-03-14 19:27:36,352 - INFO - Optimal value of theta: 8634.047412958553.
2024-03-14 19:27:36,352 - INFO - Beginning optimization with guess, [3.10144508].
2024-03-14 19:28:07,327 - INFO - Finished optimization with guess, [3.10144508].
2024-03-14 19:28:07,330 - INFO - Best fit parameters: [3.10144508].
2024-03-14 19:28:08,500 - INFO - Maximum log composite likelihood: -2544.5852229069587.
2024-03-14 19:28:08,501 - INFO - Optimal value of theta: 8634.047412958553.
2024-03-14 19:28:08,501 - INFO - Beginning optimization with guess, [3.00634646].
2024-03-14 19:28:41,614 - INFO - Finished optimization with guess, [3.00634646].
2024-03-14 19:28:41,616 - INFO - Best fit parameters: [3.00634646].
2024-03-14 19:28:42,526 - INFO - Maximum log composite likelihood: -2544.5852229069587.
2024-03-14 19:28:42,526 - INFO - Optimal value of theta: 8634.047412958553.
2024-03-14 19:28:42,526 - INFO - Beginning optimization with guess, [7.18850847].
2024-03-14 19:29:11,581 - INFO - Finished optimization with guess, [7.18850847].
2024-03-14 19:29:11,582 - INFO - Best fit parameters: [7.18850847].
2024-03-14 19:29:12,675 - INFO - Maximum log composite likelihood: -2544.5852229069587.
2024-03-14 19:29:12,675 - INFO - Optimal value of theta: 8634.047412958553.
2024-03-14 19:29:12,676 - INFO - Beginning optimization with guess, [4.82716998].
2024-03-14 19:29:47,873 - INFO - Finished optimization with guess, [4.82716998].
2024-03-14 19:29:47,878 - INFO - Best fit parameters: [4.82716998].
2024-03-14 19:29:49,019 - INFO - Maximum log composite likelihood: -2544.5852229069587.
2024-03-14 19:29:49,020 - INFO - Optimal value of theta: 8634.047412958553.
2024-03-14 19:29:49,020 - INFO - Beginning optimization with guess, [4.74116951].
2024-03-14 19:30:21,664 - INFO - Finished optimization with guess, [4.74116951].
2024-03-14 19:30:21,665 - INFO - Best fit parameters: [4.74116951].
2024-03-14 19:30:22,656 - INFO - Maximum log composite likelihood: -2544.5852229069587.
2024-03-14 19:30:22,656 - INFO - Optimal value of theta: 8634.047412958553.
2024-03-14 19:30:22,656 - INFO - Beginning optimization with guess, [3.94809269].
2024-03-14 19:30:52,991 - INFO - Finished optimization with guess, [3.94809269].
2024-03-14 19:30:52,992 - INFO - Best fit parameters: [3.94809269].
2024-03-14 19:30:53,907 - INFO - Maximum log composite likelihood: -2544.5852229069587.
2024-03-14 19:30:53,907 - INFO - Optimal value of theta: 8634.047412958553.
2024-03-14 19:30:53,907 - INFO - Beginning optimization with guess, [11.88179666].
2024-03-14 19:31:23,812 - INFO - Finished optimization with guess, [11.88179666].
2024-03-14 19:31:23,813 - INFO - Best fit parameters: [11.88179666].
2024-03-14 19:31:24,510 - INFO - Maximum log composite likelihood: -2544.5852229069587.
2024-03-14 19:31:24,510 - INFO - Optimal value of theta: 8634.047412958553.
2024-03-14 19:31:24,514 - INFO - Finished demographic inference.
2024-03-14 19:31:24,514 - INFO - Pipeline executed succesfully.
