2025-08-01 00:16:54,945 - INFO - Beginning execution of fit_demographic_model.py in directory /u/project/kirk/jonmah/sample_size_demography/Scripts

2025-08-01 00:16:54,948 - INFO - Progress is being logged to ../Analysis/dadi_3EpB_560/log.log

2025-08-01 00:16:54,948 - INFO - Parsed the following arguments:
	syn_input_sfs = ../Simulations/dadi_simulations/ThreeEpochBottleneck_560.sfs
	mask_singletons = False
	mask_doubletons = False
	L_syn = 100000000.0
	outprefix = ../Analysis/dadi_3EpB_560/

2025-08-01 00:16:54,966 - INFO - Beginning demographic inference for one-epoch demographic model.
2025-08-01 00:16:54,968 - INFO - Beginning optimization with guess, [0.1].
2025-08-01 00:17:44,320 - INFO - Finished optimization with guess, [0.1].
2025-08-01 00:17:44,322 - INFO - Best fit parameters: [0.1].
2025-08-01 00:17:45,716 - INFO - Maximum log composite likelihood: -67179.33854669784.
2025-08-01 00:17:45,716 - INFO - Optimal value of theta: 32330.585428982653.
2025-08-01 00:17:45,716 - INFO - Beginning optimization with guess, [0.2].
2025-08-01 00:18:30,396 - INFO - Finished optimization with guess, [0.2].
2025-08-01 00:18:30,399 - INFO - Best fit parameters: [0.2].
2025-08-01 00:18:31,789 - INFO - Maximum log composite likelihood: -67179.33854669784.
2025-08-01 00:18:31,789 - INFO - Optimal value of theta: 32330.585428982653.
2025-08-01 00:18:31,789 - INFO - Beginning optimization with guess, [0.3].
2025-08-01 00:19:16,538 - INFO - Finished optimization with guess, [0.3].
2025-08-01 00:19:16,539 - INFO - Best fit parameters: [0.3].
2025-08-01 00:19:17,933 - INFO - Maximum log composite likelihood: -67179.33854669784.
2025-08-01 00:19:17,933 - INFO - Optimal value of theta: 32330.585428982653.
2025-08-01 00:19:17,933 - INFO - Beginning optimization with guess, [0.4].
2025-08-01 00:19:58,854 - INFO - Finished optimization with guess, [0.4].
2025-08-01 00:19:58,856 - INFO - Best fit parameters: [0.4].
2025-08-01 00:20:00,236 - INFO - Maximum log composite likelihood: -67179.33854669784.
2025-08-01 00:20:00,236 - INFO - Optimal value of theta: 32330.585428982653.
2025-08-01 00:20:00,236 - INFO - Beginning optimization with guess, [0.5].
2025-08-01 00:20:41,283 - INFO - Finished optimization with guess, [0.5].
2025-08-01 00:20:41,287 - INFO - Best fit parameters: [0.5].
2025-08-01 00:20:42,787 - INFO - Maximum log composite likelihood: -67179.33854669784.
2025-08-01 00:20:42,788 - INFO - Optimal value of theta: 32330.585428982653.
2025-08-01 00:20:42,788 - INFO - Beginning optimization with guess, [0.6].
2025-08-01 00:21:19,551 - INFO - Finished optimization with guess, [0.6].
2025-08-01 00:21:19,554 - INFO - Best fit parameters: [0.6].
2025-08-01 00:21:20,943 - INFO - Maximum log composite likelihood: -67179.33854669784.
2025-08-01 00:21:20,943 - INFO - Optimal value of theta: 32330.585428982653.
2025-08-01 00:21:20,943 - INFO - Beginning optimization with guess, [0.7].
2025-08-01 00:21:57,304 - INFO - Finished optimization with guess, [0.7].
2025-08-01 00:21:57,306 - INFO - Best fit parameters: [0.7].
2025-08-01 00:21:58,696 - INFO - Maximum log composite likelihood: -67179.33854669784.
2025-08-01 00:21:58,697 - INFO - Optimal value of theta: 32330.585428982653.
2025-08-01 00:21:58,697 - INFO - Beginning optimization with guess, [0.8].
2025-08-01 00:22:30,912 - INFO - Finished optimization with guess, [0.8].
2025-08-01 00:22:30,914 - INFO - Best fit parameters: [0.8].
2025-08-01 00:22:32,296 - INFO - Maximum log composite likelihood: -67179.33854669784.
2025-08-01 00:22:32,296 - INFO - Optimal value of theta: 32330.585428982653.
2025-08-01 00:22:32,296 - INFO - Beginning optimization with guess, [0.9].
2025-08-01 00:23:00,782 - INFO - Finished optimization with guess, [0.9].
2025-08-01 00:23:00,784 - INFO - Best fit parameters: [0.9].
2025-08-01 00:23:02,195 - INFO - Maximum log composite likelihood: -67179.33854669784.
2025-08-01 00:23:02,195 - INFO - Optimal value of theta: 32330.585428982653.
2025-08-01 00:23:02,195 - INFO - Beginning optimization with guess, [1].
2025-08-01 00:23:13,590 - INFO - Finished optimization with guess, [1].
2025-08-01 00:23:13,591 - INFO - Best fit parameters: [1.].
2025-08-01 00:23:15,292 - INFO - Maximum log composite likelihood: -67179.33854669784.
2025-08-01 00:23:15,292 - INFO - Optimal value of theta: 32330.585428982653.
2025-08-01 00:23:15,292 - INFO - Beginning optimization with guess, [1.25].
2025-08-01 00:23:47,396 - INFO - Finished optimization with guess, [1.25].
2025-08-01 00:23:47,398 - INFO - Best fit parameters: [1.25].
2025-08-01 00:23:48,782 - INFO - Maximum log composite likelihood: -67179.33854669784.
2025-08-01 00:23:48,782 - INFO - Optimal value of theta: 32330.585428982653.
2025-08-01 00:23:48,782 - INFO - Beginning optimization with guess, [1.5].
2025-08-01 00:24:25,196 - INFO - Finished optimization with guess, [1.5].
2025-08-01 00:24:25,199 - INFO - Best fit parameters: [1.5].
2025-08-01 00:24:26,608 - INFO - Maximum log composite likelihood: -67179.33854669784.
2025-08-01 00:24:26,608 - INFO - Optimal value of theta: 32330.585428982653.
2025-08-01 00:24:26,608 - INFO - Beginning optimization with guess, [1.75].
2025-08-01 00:25:07,298 - INFO - Finished optimization with guess, [1.75].
2025-08-01 00:25:07,301 - INFO - Best fit parameters: [1.75].
2025-08-01 00:25:08,711 - INFO - Maximum log composite likelihood: -67179.33854669784.
2025-08-01 00:25:08,711 - INFO - Optimal value of theta: 32330.585428982653.
2025-08-01 00:25:08,711 - INFO - Beginning optimization with guess, [2].
2025-08-01 00:25:49,483 - INFO - Finished optimization with guess, [2].
2025-08-01 00:25:49,486 - INFO - Best fit parameters: [2.].
2025-08-01 00:25:50,882 - INFO - Maximum log composite likelihood: -67179.33854669784.
2025-08-01 00:25:50,882 - INFO - Optimal value of theta: 32330.585428982653.
2025-08-01 00:25:50,882 - INFO - Beginning optimization with guess, [2.25].
2025-08-01 00:26:31,505 - INFO - Finished optimization with guess, [2.25].
2025-08-01 00:26:31,507 - INFO - Best fit parameters: [2.25].
2025-08-01 00:26:32,888 - INFO - Maximum log composite likelihood: -67179.33854669784.
2025-08-01 00:26:32,888 - INFO - Optimal value of theta: 32330.585428982653.
2025-08-01 00:26:32,888 - INFO - Beginning optimization with guess, [2.5].
2025-08-01 00:27:13,474 - INFO - Finished optimization with guess, [2.5].
2025-08-01 00:27:13,476 - INFO - Best fit parameters: [2.5].
2025-08-01 00:27:14,872 - INFO - Maximum log composite likelihood: -67179.33854669784.
2025-08-01 00:27:14,872 - INFO - Optimal value of theta: 32330.585428982653.
2025-08-01 00:27:14,873 - INFO - Beginning optimization with guess, [2.75].
2025-08-01 00:27:55,606 - INFO - Finished optimization with guess, [2.75].
2025-08-01 00:27:55,609 - INFO - Best fit parameters: [2.75].
2025-08-01 00:27:57,148 - INFO - Maximum log composite likelihood: -67179.33854669784.
2025-08-01 00:27:57,148 - INFO - Optimal value of theta: 32330.585428982653.
2025-08-01 00:27:57,148 - INFO - Beginning optimization with guess, [3].
2025-08-01 00:28:42,379 - INFO - Finished optimization with guess, [3].
2025-08-01 00:28:42,382 - INFO - Best fit parameters: [3.].
2025-08-01 00:28:43,790 - INFO - Maximum log composite likelihood: -67179.33854669784.
2025-08-01 00:28:43,790 - INFO - Optimal value of theta: 32330.585428982653.
2025-08-01 00:28:43,790 - INFO - Beginning optimization with guess, [3.33].
2025-08-01 00:29:28,599 - INFO - Finished optimization with guess, [3.33].
2025-08-01 00:29:28,601 - INFO - Best fit parameters: [3.33].
2025-08-01 00:29:29,990 - INFO - Maximum log composite likelihood: -67179.33854669784.
2025-08-01 00:29:29,990 - INFO - Optimal value of theta: 32330.585428982653.
2025-08-01 00:29:29,990 - INFO - Beginning optimization with guess, [3.66].
2025-08-01 00:30:15,009 - INFO - Finished optimization with guess, [3.66].
2025-08-01 00:30:15,011 - INFO - Best fit parameters: [3.66].
2025-08-01 00:30:16,398 - INFO - Maximum log composite likelihood: -67179.33854669784.
2025-08-01 00:30:16,398 - INFO - Optimal value of theta: 32330.585428982653.
2025-08-01 00:30:16,398 - INFO - Beginning optimization with guess, [4].
2025-08-01 00:31:01,367 - INFO - Finished optimization with guess, [4].
2025-08-01 00:31:01,369 - INFO - Best fit parameters: [4.].
2025-08-01 00:31:02,777 - INFO - Maximum log composite likelihood: -67179.33854669784.
2025-08-01 00:31:02,778 - INFO - Optimal value of theta: 32330.585428982653.
2025-08-01 00:31:02,778 - INFO - Beginning optimization with guess, [5].
2025-08-01 00:31:47,667 - INFO - Finished optimization with guess, [5].
2025-08-01 00:31:47,668 - INFO - Best fit parameters: [5.].
2025-08-01 00:31:49,077 - INFO - Maximum log composite likelihood: -67179.33854669784.
2025-08-01 00:31:49,077 - INFO - Optimal value of theta: 32330.585428982653.
2025-08-01 00:31:49,077 - INFO - Beginning optimization with guess, [6].
2025-08-01 00:32:33,827 - INFO - Finished optimization with guess, [6].
2025-08-01 00:32:33,829 - INFO - Best fit parameters: [6.].
2025-08-01 00:32:35,238 - INFO - Maximum log composite likelihood: -67179.33854669784.
2025-08-01 00:32:35,238 - INFO - Optimal value of theta: 32330.585428982653.
2025-08-01 00:32:35,238 - INFO - Beginning optimization with guess, [7].
2025-08-01 00:33:20,047 - INFO - Finished optimization with guess, [7].
2025-08-01 00:33:20,049 - INFO - Best fit parameters: [7.].
2025-08-01 00:33:21,439 - INFO - Maximum log composite likelihood: -67179.33854669784.
2025-08-01 00:33:21,439 - INFO - Optimal value of theta: 32330.585428982653.
2025-08-01 00:33:21,440 - INFO - Beginning optimization with guess, [8].
2025-08-01 00:34:11,054 - INFO - Finished optimization with guess, [8].
2025-08-01 00:34:11,058 - INFO - Best fit parameters: [8.].
2025-08-01 00:34:12,466 - INFO - Maximum log composite likelihood: -67179.33854669784.
2025-08-01 00:34:12,466 - INFO - Optimal value of theta: 32330.585428982653.
2025-08-01 00:34:12,471 - INFO - Converting and interpreting Tau estimates.
2025-08-01 00:34:12,472 - INFO - Beginning demographic inference for three-epoch demographic model.
2025-08-01 00:34:12,476 - INFO - Beginning optimization with guess, [0.01, 0.01, 0.1, 0.1].
2025-08-01 00:35:37,377 - INFO - Finished optimization with guess, [0.01, 0.01, 0.1, 0.1].
2025-08-01 00:35:37,379 - INFO - Best fit parameters: [0.00517584 0.04991501 0.07776324 0.08779797].
2025-08-01 00:35:39,123 - INFO - Maximum log composite likelihood: -66232.69920974126.
2025-08-01 00:35:39,123 - INFO - Optimal value of theta: 694281.1798042414.
2025-08-01 00:35:39,123 - INFO - Beginning optimization with guess, [0.1, 0.1, 0.1, 0.1].
2025-08-01 00:36:41,043 - INFO - Finished optimization with guess, [0.1, 0.1, 0.1, 0.1].
2025-08-01 00:36:41,045 - INFO - Best fit parameters: [0.04838482 0.15956706 0.11994816 0.07779903].
2025-08-01 00:36:42,515 - INFO - Maximum log composite likelihood: -65141.248577760634.
2025-08-01 00:36:42,515 - INFO - Optimal value of theta: 215134.48707740018.
2025-08-01 00:36:42,515 - INFO - Beginning optimization with guess, [0.5, 0.5, 0.1, 0.1].
2025-08-01 00:37:43,171 - INFO - Finished optimization with guess, [0.5, 0.5, 0.1, 0.1].
2025-08-01 00:37:43,173 - INFO - Best fit parameters: [0.19595943 8.46564346 0.17962288 0.0100952 ].
2025-08-01 00:37:44,584 - INFO - Maximum log composite likelihood: -2213.270821326896.
2025-08-01 00:37:44,584 - INFO - Optimal value of theta: 49717.885974821686.
2025-08-01 00:37:44,584 - INFO - Beginning optimization with guess, [1, 1, 0.1, 0.1].
2025-08-01 00:38:46,280 - INFO - Finished optimization with guess, [1, 1, 0.1, 0.1].
2025-08-01 00:38:46,283 - INFO - Best fit parameters: [0.92744084 1.13821372 1.6123536  0.07161931].
2025-08-01 00:38:47,702 - INFO - Maximum log composite likelihood: -61069.64773408003.
2025-08-01 00:38:47,702 - INFO - Optimal value of theta: 31654.327193352914.
2025-08-01 00:38:47,702 - INFO - Beginning optimization with guess, [3, 3, 0.1, 0.1].
2025-08-01 00:39:47,634 - INFO - Finished optimization with guess, [3, 3, 0.1, 0.1].
2025-08-01 00:39:47,637 - INFO - Best fit parameters: [ 0.20088485 10.12402853  0.03842578  0.0181812 ].
2025-08-01 00:39:49,040 - INFO - Maximum log composite likelihood: -2836.3219081083425.
2025-08-01 00:39:49,040 - INFO - Optimal value of theta: 30636.767602881842.
2025-08-01 00:39:49,040 - INFO - Beginning optimization with guess, [5, 5, 0.1, 0.1].
2025-08-01 00:40:47,432 - INFO - Finished optimization with guess, [5, 5, 0.1, 0.1].
2025-08-01 00:40:47,434 - INFO - Best fit parameters: [1.09803042e-01 1.20944052e+01 1.08609903e-02 1.84197542e-02].
2025-08-01 00:40:48,857 - INFO - Maximum log composite likelihood: -5255.569316309473.
2025-08-01 00:40:48,857 - INFO - Optimal value of theta: 28867.224137521076.
2025-08-01 00:40:48,857 - INFO - Beginning optimization with guess, [7, 7, 0.1, 0.1].
2025-08-01 00:41:49,675 - INFO - Finished optimization with guess, [7, 7, 0.1, 0.1].
2025-08-01 00:41:49,677 - INFO - Best fit parameters: [1.11116811e-01 1.86224665e+01 1.52748626e-02 1.55430628e-02].
2025-08-01 00:41:51,085 - INFO - Maximum log composite likelihood: -6791.684299493917.
2025-08-01 00:41:51,085 - INFO - Optimal value of theta: 30868.913084685322.
2025-08-01 00:41:51,085 - INFO - Beginning optimization with guess, [8, 8, 0.1, 0.1].
2025-08-01 00:42:52,494 - INFO - Finished optimization with guess, [8, 8, 0.1, 0.1].
2025-08-01 00:42:52,497 - INFO - Best fit parameters: [0.43232374 9.15015965 0.07487399 0.01802692].
2025-08-01 00:42:53,892 - INFO - Maximum log composite likelihood: -6818.21739677551.
2025-08-01 00:42:53,892 - INFO - Optimal value of theta: 27663.747312816005.
2025-08-01 00:42:53,892 - INFO - Beginning optimization with guess, [9, 9, 0.1, 0.1].
2025-08-01 00:43:55,311 - INFO - Finished optimization with guess, [9, 9, 0.1, 0.1].
2025-08-01 00:43:55,314 - INFO - Best fit parameters: [0.19390587 8.23808741 0.02624261 0.02148047].
2025-08-01 00:43:56,700 - INFO - Maximum log composite likelihood: -4502.104921196818.
2025-08-01 00:43:56,701 - INFO - Optimal value of theta: 28674.818986150865.
2025-08-01 00:43:56,701 - INFO - Beginning optimization with guess, [10, 10, 0.1, 0.1].
2025-08-01 00:44:54,456 - INFO - Finished optimization with guess, [10, 10, 0.1, 0.1].
2025-08-01 00:44:54,458 - INFO - Best fit parameters: [ 0.20747613 13.4255091   0.01474635  0.01958797].
2025-08-01 00:44:55,845 - INFO - Maximum log composite likelihood: -6973.560158775061.
2025-08-01 00:44:55,846 - INFO - Optimal value of theta: 26042.886832739892.
2025-08-01 00:44:55,846 - INFO - Beginning optimization with guess, [12.5, 12.5, 0.1, 0.1].
2025-08-01 00:45:56,756 - INFO - Finished optimization with guess, [12.5, 12.5, 0.1, 0.1].
2025-08-01 00:45:56,761 - INFO - Best fit parameters: [ 0.31197395 12.41564163  0.02953259  0.02613795].
2025-08-01 00:45:58,159 - INFO - Maximum log composite likelihood: -6608.061030437909.
2025-08-01 00:45:58,159 - INFO - Optimal value of theta: 23330.195747472175.
2025-08-01 00:45:58,159 - INFO - Beginning optimization with guess, [15, 15, 0.1, 0.1].
2025-08-01 00:46:58,989 - INFO - Finished optimization with guess, [15, 15, 0.1, 0.1].
2025-08-01 00:46:58,991 - INFO - Best fit parameters: [4.27397421e-01 3.57413031e+01 1.84502227e-02 2.38127487e-02].
2025-08-01 00:47:00,400 - INFO - Maximum log composite likelihood: -12353.015744742235.
2025-08-01 00:47:00,400 - INFO - Optimal value of theta: 20097.381790821357.
2025-08-01 00:47:00,400 - INFO - Beginning optimization with guess, [17.5, 17.5, 0.1, 0.1].
2025-08-01 00:48:02,432 - INFO - Finished optimization with guess, [17.5, 17.5, 0.1, 0.1].
2025-08-01 00:48:02,435 - INFO - Best fit parameters: [3.02899439e-01 2.77541489e+01 1.70760955e-02 1.95609430e-02].
2025-08-01 00:48:03,822 - INFO - Maximum log composite likelihood: -9955.249488401478.
2025-08-01 00:48:03,822 - INFO - Optimal value of theta: 23324.364357345752.
2025-08-01 00:48:03,822 - INFO - Beginning optimization with guess, [20, 20, 0.1, 0.1].
2025-08-01 00:49:05,670 - INFO - Finished optimization with guess, [20, 20, 0.1, 0.1].
2025-08-01 00:49:05,677 - INFO - Best fit parameters: [1.50106657e-01 3.31620332e+01 9.78078729e-03 1.71818240e-02].
2025-08-01 00:49:07,087 - INFO - Maximum log composite likelihood: -11827.541019908456.
2025-08-01 00:49:07,087 - INFO - Optimal value of theta: 25841.910453459168.
2025-08-01 00:49:07,087 - INFO - Beginning optimization with guess, [22.5, 22.5, 0.1, 0.1].
2025-08-01 00:50:13,157 - INFO - Finished optimization with guess, [22.5, 22.5, 0.1, 0.1].
2025-08-01 00:50:13,160 - INFO - Best fit parameters: [8.55675921e-01 3.22610773e+01 3.28339172e-02 2.56930647e-02].
2025-08-01 00:50:14,563 - INFO - Maximum log composite likelihood: -14459.14642887448.
2025-08-01 00:50:14,563 - INFO - Optimal value of theta: 17955.767846539595.
2025-08-01 00:50:14,563 - INFO - Beginning optimization with guess, [25, 25, 0.1, 0.1].
2025-08-01 00:51:15,365 - INFO - Finished optimization with guess, [25, 25, 0.1, 0.1].
2025-08-01 00:51:15,372 - INFO - Best fit parameters: [5.28180610e-01 2.81618751e+01 2.60954562e-02 1.50878792e-02].
2025-08-01 00:51:16,767 - INFO - Maximum log composite likelihood: -11986.73694110626.
2025-08-01 00:51:16,767 - INFO - Optimal value of theta: 24012.600359182547.
2025-08-01 00:51:16,767 - INFO - Beginning optimization with guess, [27.5, 27.5, 0.1, 0.1].
2025-08-01 00:52:17,140 - INFO - Finished optimization with guess, [27.5, 27.5, 0.1, 0.1].
2025-08-01 00:52:17,143 - INFO - Best fit parameters: [1.01329625e+00 4.52969614e+01 3.71912400e-02 1.27418481e-02].
2025-08-01 00:52:18,535 - INFO - Maximum log composite likelihood: -15649.060698435713.
2025-08-01 00:52:18,535 - INFO - Optimal value of theta: 21916.298328586217.
2025-08-01 00:52:18,536 - INFO - Beginning optimization with guess, [30, 30, 0.1, 0.1].
2025-08-01 00:53:20,837 - INFO - Finished optimization with guess, [30, 30, 0.1, 0.1].
2025-08-01 00:53:20,839 - INFO - Best fit parameters: [1.01364770e+00 5.00665742e+01 3.71912400e-02 1.27418481e-02].
2025-08-01 00:53:22,234 - INFO - Maximum log composite likelihood: -15712.28198230577.
2025-08-01 00:53:22,235 - INFO - Optimal value of theta: 21855.872204209812.
2025-08-01 00:53:22,235 - INFO - Beginning optimization with guess, [33.3, 33.3, 0.1, 0.1].
2025-08-01 00:54:19,740 - INFO - Finished optimization with guess, [33.3, 33.3, 0.1, 0.1].
2025-08-01 00:54:19,741 - INFO - Best fit parameters: [2.82651738e+00 2.67005829e+01 1.60337802e-02 1.23440982e-02].
2025-08-01 00:54:21,129 - INFO - Maximum log composite likelihood: -15481.574321101012.
2025-08-01 00:54:21,129 - INFO - Optimal value of theta: 19677.682508732596.
2025-08-01 00:54:21,129 - INFO - Beginning optimization with guess, [36.6, 36.6, 0.1, 0.1].
2025-08-01 00:55:17,397 - INFO - Finished optimization with guess, [36.6, 36.6, 0.1, 0.1].
2025-08-01 00:55:17,398 - INFO - Best fit parameters: [4.06199502e+00 1.48842404e+01 1.31485526e-02 1.04990277e-02].
2025-08-01 00:55:18,796 - INFO - Maximum log composite likelihood: -16304.098281813622.
2025-08-01 00:55:18,796 - INFO - Optimal value of theta: 20726.627390824626.
2025-08-01 00:55:18,797 - INFO - Beginning optimization with guess, [40, 40, 0.1, 0.1].
2025-08-01 00:56:17,742 - INFO - Finished optimization with guess, [40, 40, 0.1, 0.1].
2025-08-01 00:56:17,743 - INFO - Best fit parameters: [2.05160861e+00 3.02878020e+01 8.03308165e-03 1.72235600e-02].
2025-08-01 00:56:19,129 - INFO - Maximum log composite likelihood: -14485.093775442494.
2025-08-01 00:56:19,129 - INFO - Optimal value of theta: 19242.63004825104.
2025-08-01 00:56:19,129 - INFO - Beginning optimization with guess, [50, 50, 0.1, 0.1].
2025-08-01 00:57:18,116 - INFO - Finished optimization with guess, [50, 50, 0.1, 0.1].
2025-08-01 00:57:18,120 - INFO - Best fit parameters: [2.85358087e+00 3.42621360e+01 6.42608226e-03 1.54075797e-02].
2025-08-01 00:57:19,509 - INFO - Maximum log composite likelihood: -14348.789801415056.
2025-08-01 00:57:19,509 - INFO - Optimal value of theta: 19581.292898462623.
2025-08-01 00:57:19,509 - INFO - Beginning optimization with guess, [60, 60, 0.1, 0.1].
2025-08-01 00:58:19,762 - INFO - Finished optimization with guess, [60, 60, 0.1, 0.1].
2025-08-01 00:58:19,764 - INFO - Best fit parameters: [9.67387682 8.19126025 0.0149333  0.0147598 ].
2025-08-01 00:58:21,145 - INFO - Maximum log composite likelihood: -17718.906499208195.
2025-08-01 00:58:21,146 - INFO - Optimal value of theta: 19148.33733704723.
2025-08-01 00:58:21,146 - INFO - Beginning optimization with guess, [70, 70, 0.1, 0.1].
2025-08-01 00:59:20,338 - INFO - Finished optimization with guess, [70, 70, 0.1, 0.1].
2025-08-01 00:59:20,340 - INFO - Best fit parameters: [5.01155327e+00 2.00823443e+01 1.79869466e-02 2.10160238e-02].
2025-08-01 00:59:21,748 - INFO - Maximum log composite likelihood: -17628.282557827755.
2025-08-01 00:59:21,749 - INFO - Optimal value of theta: 16585.0938305843.
2025-08-01 00:59:21,749 - INFO - Beginning optimization with guess, [80, 80, 0.1, 0.1].
2025-08-01 01:00:19,777 - INFO - Finished optimization with guess, [80, 80, 0.1, 0.1].
2025-08-01 01:00:19,782 - INFO - Best fit parameters: [5.09792588e+00 1.37228841e+01 1.40461150e-02 1.26551196e-02].
2025-08-01 01:00:21,191 - INFO - Maximum log composite likelihood: -16056.18287678106.
2025-08-01 01:00:21,191 - INFO - Optimal value of theta: 19639.197652880044.
2025-08-01 01:00:21,195 - INFO - Converting and interpreting Tau estimates.
2025-08-01 01:00:21,196 - INFO - Finished demographic inference.
2025-08-01 01:00:21,196 - INFO - Pipeline executed succesfully.
