2024-02-13 14:40:18,706 - INFO - Beginning execution of fit_demographic_model.py in directory /u/project/kirk/jonmah/sample_size_demography/Scripts

2024-02-13 14:40:18,707 - INFO - Progress is being logged to ../Analysis/ThreeEpochContraction_13/log.log

2024-02-13 14:40:18,707 - INFO - Parsed the following arguments:
	syn_input_sfs = ../Analysis/ThreeEpochContraction_13/syn_downsampled_sfs.txt
	mask_singletons = False
	mask_doubletons = False
	outprefix = ../Analysis/ThreeEpochContraction_13/

2024-02-13 14:40:18,730 - INFO - Beginning demographic inference for one-epoch demographic model.
2024-02-13 14:40:18,732 - INFO - Beginning optimization with guess, [0.17358228].
2024-02-13 14:40:19,763 - INFO - Finished optimization with guess, [0.17358228].
2024-02-13 14:40:19,764 - INFO - Best fit parameters: [0.17358228].
2024-02-13 14:40:19,795 - INFO - Maximum log composite likelihood: -26.66451345156014.
2024-02-13 14:40:19,795 - INFO - Optimal value of theta: 213.67905314793938.
2024-02-13 14:40:19,795 - INFO - Beginning optimization with guess, [0.26074314].
2024-02-13 14:40:20,815 - INFO - Finished optimization with guess, [0.26074314].
2024-02-13 14:40:20,815 - INFO - Best fit parameters: [0.26074314].
2024-02-13 14:40:20,846 - INFO - Maximum log composite likelihood: -26.66451345156014.
2024-02-13 14:40:20,847 - INFO - Optimal value of theta: 213.67905314793938.
2024-02-13 14:40:20,847 - INFO - Beginning optimization with guess, [0.44375626].
2024-02-13 14:40:21,767 - INFO - Finished optimization with guess, [0.44375626].
2024-02-13 14:40:21,768 - INFO - Best fit parameters: [0.44375626].
2024-02-13 14:40:21,799 - INFO - Maximum log composite likelihood: -26.66451345156014.
2024-02-13 14:40:21,799 - INFO - Optimal value of theta: 213.67905314793938.
2024-02-13 14:40:21,800 - INFO - Beginning optimization with guess, [0.32291437].
2024-02-13 14:40:22,813 - INFO - Finished optimization with guess, [0.32291437].
2024-02-13 14:40:22,813 - INFO - Best fit parameters: [0.32291437].
2024-02-13 14:40:22,845 - INFO - Maximum log composite likelihood: -26.66451345156014.
2024-02-13 14:40:22,845 - INFO - Optimal value of theta: 213.67905314793938.
2024-02-13 14:40:22,846 - INFO - Beginning optimization with guess, [0.45505234].
2024-02-13 14:40:23,761 - INFO - Finished optimization with guess, [0.45505234].
2024-02-13 14:40:23,762 - INFO - Best fit parameters: [0.45505234].
2024-02-13 14:40:23,793 - INFO - Maximum log composite likelihood: -26.66451345156014.
2024-02-13 14:40:23,793 - INFO - Optimal value of theta: 213.67905314793938.
2024-02-13 14:40:23,793 - INFO - Beginning optimization with guess, [0.41147029].
2024-02-13 14:40:24,837 - INFO - Finished optimization with guess, [0.41147029].
2024-02-13 14:40:24,837 - INFO - Best fit parameters: [0.41147029].
2024-02-13 14:40:24,873 - INFO - Maximum log composite likelihood: -26.66451345156014.
2024-02-13 14:40:24,873 - INFO - Optimal value of theta: 213.67905314793938.
2024-02-13 14:40:24,873 - INFO - Beginning optimization with guess, [0.96636014].
2024-02-13 14:40:25,415 - INFO - Finished optimization with guess, [0.96636014].
2024-02-13 14:40:25,416 - INFO - Best fit parameters: [0.96636014].
2024-02-13 14:40:25,448 - INFO - Maximum log composite likelihood: -26.66451345156014.
2024-02-13 14:40:25,448 - INFO - Optimal value of theta: 213.67905314793938.
2024-02-13 14:40:25,448 - INFO - Beginning optimization with guess, [1.56866086].
2024-02-13 14:40:26,309 - INFO - Finished optimization with guess, [1.56866086].
2024-02-13 14:40:26,310 - INFO - Best fit parameters: [1.56866086].
2024-02-13 14:40:26,341 - INFO - Maximum log composite likelihood: -26.66451345156014.
2024-02-13 14:40:26,342 - INFO - Optimal value of theta: 213.67905314793938.
2024-02-13 14:40:26,342 - INFO - Beginning optimization with guess, [0.55580101].
2024-02-13 14:40:27,319 - INFO - Finished optimization with guess, [0.55580101].
2024-02-13 14:40:27,332 - INFO - Best fit parameters: [0.55580101].
2024-02-13 14:40:27,394 - INFO - Maximum log composite likelihood: -26.66451345156014.
2024-02-13 14:40:27,394 - INFO - Optimal value of theta: 213.67905314793938.
2024-02-13 14:40:27,395 - INFO - Beginning optimization with guess, [0.82927353].
2024-02-13 14:40:28,733 - INFO - Finished optimization with guess, [0.82927353].
2024-02-13 14:40:28,734 - INFO - Best fit parameters: [0.82927353].
2024-02-13 14:40:28,765 - INFO - Maximum log composite likelihood: -26.66451345156014.
2024-02-13 14:40:28,765 - INFO - Optimal value of theta: 213.67905314793938.
2024-02-13 14:40:28,766 - INFO - Beginning optimization with guess, [0.78005641].
2024-02-13 14:40:29,672 - INFO - Finished optimization with guess, [0.78005641].
2024-02-13 14:40:29,673 - INFO - Best fit parameters: [0.78005641].
2024-02-13 14:40:29,705 - INFO - Maximum log composite likelihood: -26.66451345156014.
2024-02-13 14:40:29,705 - INFO - Optimal value of theta: 213.67905314793938.
2024-02-13 14:40:29,705 - INFO - Beginning optimization with guess, [0.87179504].
2024-02-13 14:40:31,010 - INFO - Finished optimization with guess, [0.87179504].
2024-02-13 14:40:31,011 - INFO - Best fit parameters: [0.87179504].
2024-02-13 14:40:31,083 - INFO - Maximum log composite likelihood: -26.66451345156014.
2024-02-13 14:40:31,084 - INFO - Optimal value of theta: 213.67905314793938.
2024-02-13 14:40:31,084 - INFO - Beginning optimization with guess, [3.24724275].
2024-02-13 14:40:32,710 - INFO - Finished optimization with guess, [3.24724275].
2024-02-13 14:40:32,711 - INFO - Best fit parameters: [3.24724275].
2024-02-13 14:40:32,777 - INFO - Maximum log composite likelihood: -26.66451345156014.
2024-02-13 14:40:32,777 - INFO - Optimal value of theta: 213.67905314793938.
2024-02-13 14:40:32,778 - INFO - Beginning optimization with guess, [1.57708234].
2024-02-13 14:40:34,174 - INFO - Finished optimization with guess, [1.57708234].
2024-02-13 14:40:34,175 - INFO - Best fit parameters: [1.57708234].
2024-02-13 14:40:34,211 - INFO - Maximum log composite likelihood: -26.66451345156014.
2024-02-13 14:40:34,211 - INFO - Optimal value of theta: 213.67905314793938.
2024-02-13 14:40:34,211 - INFO - Beginning optimization with guess, [1.17890351].
2024-02-13 14:40:35,152 - INFO - Finished optimization with guess, [1.17890351].
2024-02-13 14:40:35,152 - INFO - Best fit parameters: [1.17890351].
2024-02-13 14:40:35,202 - INFO - Maximum log composite likelihood: -26.66451345156014.
2024-02-13 14:40:35,202 - INFO - Optimal value of theta: 213.67905314793938.
2024-02-13 14:40:35,202 - INFO - Beginning optimization with guess, [2.12312613].
2024-02-13 14:40:36,857 - INFO - Finished optimization with guess, [2.12312613].
2024-02-13 14:40:36,861 - INFO - Best fit parameters: [2.12312613].
2024-02-13 14:40:36,923 - INFO - Maximum log composite likelihood: -26.66451345156014.
2024-02-13 14:40:36,923 - INFO - Optimal value of theta: 213.67905314793938.
2024-02-13 14:40:36,923 - INFO - Beginning optimization with guess, [2.09876727].
2024-02-13 14:40:38,434 - INFO - Finished optimization with guess, [2.09876727].
2024-02-13 14:40:38,434 - INFO - Best fit parameters: [2.09876727].
2024-02-13 14:40:38,519 - INFO - Maximum log composite likelihood: -26.66451345156014.
2024-02-13 14:40:38,519 - INFO - Optimal value of theta: 213.67905314793938.
2024-02-13 14:40:38,519 - INFO - Beginning optimization with guess, [2.44169581].
2024-02-13 14:40:39,775 - INFO - Finished optimization with guess, [2.44169581].
2024-02-13 14:40:39,775 - INFO - Best fit parameters: [2.44169581].
2024-02-13 14:40:39,838 - INFO - Maximum log composite likelihood: -26.66451345156014.
2024-02-13 14:40:39,838 - INFO - Optimal value of theta: 213.67905314793938.
2024-02-13 14:40:39,839 - INFO - Beginning optimization with guess, [4.01103825].
2024-02-13 14:40:41,078 - INFO - Finished optimization with guess, [4.01103825].
2024-02-13 14:40:41,078 - INFO - Best fit parameters: [4.01103825].
2024-02-13 14:40:41,108 - INFO - Maximum log composite likelihood: -26.66451345156014.
2024-02-13 14:40:41,109 - INFO - Optimal value of theta: 213.67905314793938.
2024-02-13 14:40:41,109 - INFO - Beginning optimization with guess, [3.41672671].
2024-02-13 14:40:42,115 - INFO - Finished optimization with guess, [3.41672671].
2024-02-13 14:40:42,116 - INFO - Best fit parameters: [3.41672671].
2024-02-13 14:40:42,177 - INFO - Maximum log composite likelihood: -26.66451345156014.
2024-02-13 14:40:42,177 - INFO - Optimal value of theta: 213.67905314793938.
2024-02-13 14:40:42,178 - INFO - Beginning optimization with guess, [4.40473405].
2024-02-13 14:40:43,809 - INFO - Finished optimization with guess, [4.40473405].
2024-02-13 14:40:43,814 - INFO - Best fit parameters: [4.40473405].
2024-02-13 14:40:43,876 - INFO - Maximum log composite likelihood: -26.66451345156014.
2024-02-13 14:40:43,876 - INFO - Optimal value of theta: 213.67905314793938.
2024-02-13 14:40:43,876 - INFO - Beginning optimization with guess, [6.0851934].
2024-02-13 14:40:44,882 - INFO - Finished optimization with guess, [6.0851934].
2024-02-13 14:40:44,882 - INFO - Best fit parameters: [6.0851934].
2024-02-13 14:40:44,913 - INFO - Maximum log composite likelihood: -26.66451345156014.
2024-02-13 14:40:44,913 - INFO - Optimal value of theta: 213.67905314793938.
2024-02-13 14:40:44,913 - INFO - Beginning optimization with guess, [6.68309805].
2024-02-13 14:40:46,282 - INFO - Finished optimization with guess, [6.68309805].
2024-02-13 14:40:46,283 - INFO - Best fit parameters: [6.68309805].
2024-02-13 14:40:46,313 - INFO - Maximum log composite likelihood: -26.66451345156014.
2024-02-13 14:40:46,313 - INFO - Optimal value of theta: 213.67905314793938.
2024-02-13 14:40:46,314 - INFO - Beginning optimization with guess, [4.80578153].
2024-02-13 14:40:47,596 - INFO - Finished optimization with guess, [4.80578153].
2024-02-13 14:40:47,597 - INFO - Best fit parameters: [4.80578153].
2024-02-13 14:40:47,627 - INFO - Maximum log composite likelihood: -26.66451345156014.
2024-02-13 14:40:47,627 - INFO - Optimal value of theta: 213.67905314793938.
2024-02-13 14:40:47,628 - INFO - Beginning optimization with guess, [7.77796833].
2024-02-13 14:40:49,059 - INFO - Finished optimization with guess, [7.77796833].
2024-02-13 14:40:49,072 - INFO - Best fit parameters: [7.77796833].
2024-02-13 14:40:49,133 - INFO - Maximum log composite likelihood: -26.66451345156014.
2024-02-13 14:40:49,133 - INFO - Optimal value of theta: 213.67905314793938.
2024-02-13 14:40:49,135 - INFO - Beginning demographic inference for two-epoch demographic model.
2024-02-13 14:40:49,137 - INFO - Beginning optimization with guess, [0.07843582 0.01198311].
2024-02-13 14:40:51,157 - INFO - Finished optimization with guess, [0.07843582 0.01198311].
2024-02-13 14:40:51,157 - INFO - Best fit parameters: [0.58519075 0.16257189].
2024-02-13 14:40:51,196 - INFO - Maximum log composite likelihood: -21.76649750121794.
2024-02-13 14:40:51,196 - INFO - Optimal value of theta: 249.14670022865386.
2024-02-13 14:40:51,197 - INFO - Beginning optimization with guess, [0.320138   0.01994459].
2024-02-13 14:40:53,395 - INFO - Finished optimization with guess, [0.320138   0.01994459].
2024-02-13 14:40:53,402 - INFO - Best fit parameters: [0.44057262 0.45870098].
2024-02-13 14:40:53,523 - INFO - Maximum log composite likelihood: -21.0612847597331.
2024-02-13 14:40:53,523 - INFO - Optimal value of theta: 353.33755870649094.
2024-02-13 14:40:53,524 - INFO - Beginning optimization with guess, [0.3528992  0.01522711].
2024-02-13 14:40:56,230 - INFO - Finished optimization with guess, [0.3528992  0.01522711].
2024-02-13 14:40:56,230 - INFO - Best fit parameters: [0.37569666 0.48954239].
2024-02-13 14:40:56,294 - INFO - Maximum log composite likelihood: -21.048950309716815.
2024-02-13 14:40:56,295 - INFO - Optimal value of theta: 413.5752557690478.
2024-02-13 14:40:56,295 - INFO - Beginning optimization with guess, [0.4088023  0.00733382].
2024-02-13 14:40:58,726 - INFO - Finished optimization with guess, [0.4088023  0.00733382].
2024-02-13 14:40:58,726 - INFO - Best fit parameters: [0.48724455 0.41454512].
2024-02-13 14:40:58,830 - INFO - Maximum log composite likelihood: -21.083639016471636.
2024-02-13 14:40:58,830 - INFO - Optimal value of theta: 319.16244321698844.
2024-02-13 14:40:58,831 - INFO - Beginning optimization with guess, [0.27243594 0.00574975].
2024-02-13 14:41:01,297 - INFO - Finished optimization with guess, [0.27243594 0.00574975].
2024-02-13 14:41:01,297 - INFO - Best fit parameters: [0.61863806 0.23823844].
2024-02-13 14:41:01,339 - INFO - Maximum log composite likelihood: -21.571123066138284.
2024-02-13 14:41:01,339 - INFO - Optimal value of theta: 254.50630097195952.
2024-02-13 14:41:01,339 - INFO - Beginning optimization with guess, [0.35748755 0.00675236].
2024-02-13 14:41:03,572 - INFO - Finished optimization with guess, [0.35748755 0.00675236].
2024-02-13 14:41:03,572 - INFO - Best fit parameters: [0.48495317 0.32419487].
2024-02-13 14:41:03,620 - INFO - Maximum log composite likelihood: -21.162279824744417.
2024-02-13 14:41:03,621 - INFO - Optimal value of theta: 302.91623481257477.
2024-02-13 14:41:03,621 - INFO - Beginning optimization with guess, [0.83720684 0.0102108 ].
2024-02-13 14:41:06,145 - INFO - Finished optimization with guess, [0.83720684 0.0102108 ].
2024-02-13 14:41:06,150 - INFO - Best fit parameters: [0.68513868 0.42334914].
2024-02-13 14:41:06,246 - INFO - Maximum log composite likelihood: -22.083698787071455.
2024-02-13 14:41:06,246 - INFO - Optimal value of theta: 258.33104548815567.
2024-02-13 14:41:06,246 - INFO - Beginning optimization with guess, [0.90954625 0.01612615].
2024-02-13 14:41:09,047 - INFO - Finished optimization with guess, [0.90954625 0.01612615].
2024-02-13 14:41:09,047 - INFO - Best fit parameters: [0.81631789 0.39002547].
2024-02-13 14:41:09,138 - INFO - Maximum log composite likelihood: -23.570821131771197.
2024-02-13 14:41:09,138 - INFO - Optimal value of theta: 234.1948204661507.
2024-02-13 14:41:09,138 - INFO - Beginning optimization with guess, [1.02982297 0.01034695].
2024-02-13 14:41:19,632 - INFO - Finished optimization with guess, [1.02982297 0.01034695].
2024-02-13 14:41:19,633 - INFO - Best fit parameters: [0.94893018 0.28723775].
2024-02-13 14:41:19,675 - INFO - Maximum log composite likelihood: -25.73448288159051.
2024-02-13 14:41:19,675 - INFO - Optimal value of theta: 217.71069844057828.
2024-02-13 14:41:19,675 - INFO - Beginning optimization with guess, [0.76749747 0.00846055].
2024-02-13 14:41:22,153 - INFO - Finished optimization with guess, [0.76749747 0.00846055].
2024-02-13 14:41:22,154 - INFO - Best fit parameters: [0.41556985 0.43623811].
2024-02-13 14:41:22,212 - INFO - Maximum log composite likelihood: -21.059036198751755.
2024-02-13 14:41:22,212 - INFO - Optimal value of theta: 364.88386019327515.
2024-02-13 14:41:22,212 - INFO - Beginning optimization with guess, [1.04408839 0.0055244 ].
2024-02-13 14:41:29,909 - INFO - Finished optimization with guess, [1.04408839 0.0055244 ].
2024-02-13 14:41:29,910 - INFO - Best fit parameters: [0.86727946 0.51734511].
2024-02-13 14:41:29,983 - INFO - Maximum log composite likelihood: -24.4666730352983.
2024-02-13 14:41:29,983 - INFO - Optimal value of theta: 230.1361244725696.
2024-02-13 14:41:29,984 - INFO - Beginning optimization with guess, [0.95770022 0.00854093].
2024-02-13 14:41:32,422 - INFO - Finished optimization with guess, [0.95770022 0.00854093].
2024-02-13 14:41:32,422 - INFO - Best fit parameters: [0.47473128 0.38698116].
2024-02-13 14:41:32,474 - INFO - Maximum log composite likelihood: -21.08283841106612.
2024-02-13 14:41:32,474 - INFO - Optimal value of theta: 319.73852746320097.
2024-02-13 14:41:32,474 - INFO - Beginning optimization with guess, [1.08223286 0.01749028].
2024-02-13 14:41:37,688 - INFO - Finished optimization with guess, [1.08223286 0.01749028].
2024-02-13 14:41:37,688 - INFO - Best fit parameters: [0.85940406 0.4686242 ].
2024-02-13 14:41:37,734 - INFO - Maximum log composite likelihood: -24.28582669375095.
2024-02-13 14:41:37,734 - INFO - Optimal value of theta: 230.29955426300037.
2024-02-13 14:41:37,734 - INFO - Beginning optimization with guess, [2.22103563 0.00504085].
2024-02-13 14:41:41,574 - INFO - Finished optimization with guess, [2.22103563 0.00504085].
2024-02-13 14:41:41,575 - INFO - Best fit parameters: [0.41568656 0.48775795].
2024-02-13 14:41:41,647 - INFO - Maximum log composite likelihood: -21.065033064219733.
2024-02-13 14:41:41,647 - INFO - Optimal value of theta: 377.60042424994026.
2024-02-13 14:41:41,647 - INFO - Beginning optimization with guess, [1.80466128 0.01911282].
2024-02-13 14:41:44,540 - INFO - Finished optimization with guess, [1.80466128 0.01911282].
2024-02-13 14:41:44,540 - INFO - Best fit parameters: [0.47454013 0.38011378].
2024-02-13 14:41:44,650 - INFO - Maximum log composite likelihood: -21.088373678053813.
2024-02-13 14:41:44,650 - INFO - Optimal value of theta: 318.46283029351355.
2024-02-13 14:41:44,651 - INFO - Beginning optimization with guess, [1.74046575 0.01075412].
2024-02-13 14:41:50,506 - INFO - Finished optimization with guess, [1.74046575 0.01075412].
2024-02-13 14:41:50,507 - INFO - Best fit parameters: [0.55197984 0.36104647].
2024-02-13 14:41:50,614 - INFO - Maximum log composite likelihood: -21.18652159320237.
2024-02-13 14:41:50,614 - INFO - Optimal value of theta: 286.1966349437109.
2024-02-13 14:41:50,614 - INFO - Beginning optimization with guess, [3.61226285 0.01189009].
2024-02-13 14:41:55,795 - INFO - Finished optimization with guess, [3.61226285 0.01189009].
2024-02-13 14:41:55,795 - INFO - Best fit parameters: [0.41474677 0.46107669].
2024-02-13 14:41:55,856 - INFO - Maximum log composite likelihood: -21.050736486630797.
2024-02-13 14:41:55,856 - INFO - Optimal value of theta: 371.76425009433325.
2024-02-13 14:41:55,857 - INFO - Beginning optimization with guess, [4.58968202 0.01747057].
2024-02-13 14:41:59,125 - INFO - Finished optimization with guess, [4.58968202 0.01747057].
2024-02-13 14:41:59,132 - INFO - Best fit parameters: [0.29389405 0.52361827].
2024-02-13 14:41:59,285 - INFO - Maximum log composite likelihood: -21.10014181151587.
2024-02-13 14:41:59,285 - INFO - Optimal value of theta: 544.052041312869.
2024-02-13 14:41:59,285 - INFO - Beginning optimization with guess, [2.16616163 0.01531867].
2024-02-13 14:42:03,604 - INFO - Finished optimization with guess, [2.16616163 0.01531867].
2024-02-13 14:42:03,605 - INFO - Best fit parameters: [0.46235464 0.44641364].
2024-02-13 14:42:03,660 - INFO - Maximum log composite likelihood: -21.072047875444525.
2024-02-13 14:42:03,661 - INFO - Optimal value of theta: 337.78739302267144.
2024-02-13 14:42:03,661 - INFO - Beginning optimization with guess, [3.73388808 0.01314694].
2024-02-13 14:42:07,301 - INFO - Finished optimization with guess, [3.73388808 0.01314694].
2024-02-13 14:42:07,302 - INFO - Best fit parameters: [0.41367566 0.48431494].
2024-02-13 14:42:07,368 - INFO - Maximum log composite likelihood: -21.060724813880086.
2024-02-13 14:42:07,369 - INFO - Optimal value of theta: 378.33480407115786.
2024-02-13 14:42:07,369 - INFO - Beginning optimization with guess, [6.64983439 0.01066197].
2024-02-13 14:42:11,159 - INFO - Finished optimization with guess, [6.64983439 0.01066197].
2024-02-13 14:42:11,160 - INFO - Best fit parameters: [0.41497147 0.4321282 ].
2024-02-13 14:42:11,220 - INFO - Maximum log composite likelihood: -21.062670385593947.
2024-02-13 14:42:11,220 - INFO - Optimal value of theta: 364.2529452041938.
2024-02-13 14:42:11,220 - INFO - Beginning optimization with guess, [7.83974969e+00 6.94898803e-03].
2024-02-13 14:42:16,407 - INFO - Finished optimization with guess, [7.83974969e+00 6.94898803e-03].
2024-02-13 14:42:16,408 - INFO - Best fit parameters: [0.38953053 0.48125506].
2024-02-13 14:42:16,473 - INFO - Maximum log composite likelihood: -21.04871491647782.
2024-02-13 14:42:16,473 - INFO - Optimal value of theta: 397.9100369510481.
2024-02-13 14:42:16,473 - INFO - Beginning optimization with guess, [4.19581246 0.00838359].
2024-02-13 14:42:20,330 - INFO - Finished optimization with guess, [4.19581246 0.00838359].
2024-02-13 14:42:20,332 - INFO - Best fit parameters: [0.45910152 0.4302204 ].
2024-02-13 14:42:20,392 - INFO - Maximum log composite likelihood: -21.064591369043228.
2024-02-13 14:42:20,392 - INFO - Optimal value of theta: 336.32735823426333.
2024-02-13 14:42:20,392 - INFO - Beginning optimization with guess, [1.37164314e+01 1.32328266e-02].
2024-02-13 14:42:22,760 - INFO - Finished optimization with guess, [1.37164314e+01 1.32328266e-02].
2024-02-13 14:42:22,760 - INFO - Best fit parameters: [1.58157344e-04 7.39701969e-06].
2024-02-13 14:42:22,794 - INFO - Maximum log composite likelihood: -23.81551310375812.
2024-02-13 14:42:22,795 - INFO - Optimal value of theta: 233.69628081500468.
2024-02-13 14:42:22,795 - INFO - Beginning optimization with guess, [8.29629344e+00 5.65315857e-03].
2024-02-13 14:42:27,418 - INFO - Finished optimization with guess, [8.29629344e+00 5.65315857e-03].
2024-02-13 14:42:27,432 - INFO - Best fit parameters: [0.39595544 0.47874583].
2024-02-13 14:42:27,547 - INFO - Maximum log composite likelihood: -21.049562994534995.
2024-02-13 14:42:27,547 - INFO - Optimal value of theta: 391.51282224373006.
2024-02-13 14:42:27,551 - INFO - Beginning demographic inference for three-epoch demographic model.
2024-02-13 14:42:27,563 - INFO - Beginning optimization with guess, [0.00609615 0.01444158 0.01537619 0.00679577].
2024-02-13 14:42:35,566 - INFO - Finished optimization with guess, [0.00609615 0.01444158 0.01537619 0.00679577].
2024-02-13 14:42:35,572 - INFO - Best fit parameters: [0.00499719 0.01710992 0.02065613 0.00408184].
2024-02-13 14:42:35,860 - INFO - Maximum log composite likelihood: -20.39210606212822.
2024-02-13 14:42:35,860 - INFO - Optimal value of theta: 11096.520463445444.
2024-02-13 14:42:35,860 - INFO - Beginning optimization with guess, [0.03256304 0.01072337 0.01441955 0.00918737].
2024-02-13 14:42:49,053 - INFO - Finished optimization with guess, [0.03256304 0.01072337 0.01441955 0.00918737].
2024-02-13 14:42:49,062 - INFO - Best fit parameters: [0.01948822 0.00680129 0.01374414 0.0337598 ].
2024-02-13 14:42:49,414 - INFO - Maximum log composite likelihood: -21.06842740014264.
2024-02-13 14:42:49,414 - INFO - Optimal value of theta: 22002.618911645535.
2024-02-13 14:42:49,415 - INFO - Beginning optimization with guess, [0.03536749 0.01740474 0.00604796 0.00806469].
2024-02-13 14:42:51,198 - INFO - Finished optimization with guess, [0.03536749 0.01740474 0.00604796 0.00806469].
2024-02-13 14:42:51,198 - INFO - Best fit parameters: [0.0289457  0.20196663 0.00117529 0.00228716].
2024-02-13 14:42:51,232 - INFO - Maximum log composite likelihood: -23.68312539419935.
2024-02-13 14:42:51,232 - INFO - Optimal value of theta: 234.12223031866498.
2024-02-13 14:42:51,233 - INFO - Beginning optimization with guess, [0.02643624 0.04886614 0.00904616 0.00890666].
2024-02-13 14:42:52,937 - INFO - Finished optimization with guess, [0.02643624 0.04886614 0.00904616 0.00890666].
2024-02-13 14:42:52,937 - INFO - Best fit parameters: [0.14516442 0.12454873 0.00055984 0.00675994].
2024-02-13 14:42:52,970 - INFO - Maximum log composite likelihood: -23.64869934185424.
2024-02-13 14:42:52,971 - INFO - Optimal value of theta: 234.98298411105563.
2024-02-13 14:42:52,971 - INFO - Beginning optimization with guess, [0.05492575 0.027696   0.00797783 0.00886034].
2024-02-13 14:42:54,888 - INFO - Finished optimization with guess, [0.05492575 0.027696   0.00797783 0.00886034].
2024-02-13 14:42:54,889 - INFO - Best fit parameters: [0.04878102 0.17408603 0.0019396  0.002933  ].
2024-02-13 14:42:54,922 - INFO - Maximum log composite likelihood: -23.654334733127826.
2024-02-13 14:42:54,922 - INFO - Optimal value of theta: 235.38638179704765.
2024-02-13 14:42:54,923 - INFO - Beginning optimization with guess, [0.39806038 0.49212776 0.00873955 0.00574769].
2024-02-13 14:42:56,538 - INFO - Finished optimization with guess, [0.39806038 0.49212776 0.00873955 0.00574769].
2024-02-13 14:42:56,538 - INFO - Best fit parameters: [0.38682285 0.4018899  0.0676772  0.00540478].
2024-02-13 14:42:56,575 - INFO - Maximum log composite likelihood: -22.71376566375983.
2024-02-13 14:42:56,575 - INFO - Optimal value of theta: 254.76430499477897.
2024-02-13 14:42:56,575 - INFO - Beginning optimization with guess, [1.01679305 1.30795172 0.01200799 0.0132146 ].
2024-02-13 14:42:58,053 - INFO - Finished optimization with guess, [1.01679305 1.30795172 0.01200799 0.0132146 ].
2024-02-13 14:42:58,055 - INFO - Best fit parameters: [1.01082538e+00 1.94302472e-02 4.08341023e-15 1.18623882e-47].
2024-02-13 14:42:58,115 - INFO - Maximum log composite likelihood: -26.664513451559685.
2024-02-13 14:42:58,115 - INFO - Optimal value of theta: 213.67905314793998.
2024-02-13 14:42:58,115 - INFO - Beginning optimization with guess, [0.49102949 1.30128025 0.00716405 0.00530546].
2024-02-13 14:43:01,636 - INFO - Finished optimization with guess, [0.49102949 1.30128025 0.00716405 0.00530546].
2024-02-13 14:43:01,636 - INFO - Best fit parameters: [0.3629889  1.33302881 0.44178826 0.00651342].
2024-02-13 14:43:01,700 - INFO - Maximum log composite likelihood: -20.64447677170341.
2024-02-13 14:43:01,700 - INFO - Optimal value of theta: 404.1924128385477.
2024-02-13 14:43:01,701 - INFO - Beginning optimization with guess, [0.84010346 0.91298292 0.00703018 0.0100375 ].
2024-02-13 14:43:04,260 - INFO - Finished optimization with guess, [0.84010346 0.91298292 0.00703018 0.0100375 ].
2024-02-13 14:43:04,281 - INFO - Best fit parameters: [0.7663055  0.90588583 0.33754452 0.01255214].
2024-02-13 14:43:04,356 - INFO - Maximum log composite likelihood: -23.0114844137575.
2024-02-13 14:43:04,356 - INFO - Optimal value of theta: 238.60048313086227.
2024-02-13 14:43:04,357 - INFO - Beginning optimization with guess, [0.7063496  0.70186922 0.0126597  0.01080465].
2024-02-13 14:43:09,004 - INFO - Finished optimization with guess, [0.7063496  0.70186922 0.0126597  0.01080465].
2024-02-13 14:43:09,004 - INFO - Best fit parameters: [0.59769599 0.64445881 0.2927977  0.01135905].
2024-02-13 14:43:09,090 - INFO - Maximum log composite likelihood: -21.34509308389829.
2024-02-13 14:43:09,090 - INFO - Optimal value of theta: 266.0531635399213.
2024-02-13 14:43:09,091 - INFO - Beginning optimization with guess, [0.65114138 1.19949717 0.0130423  0.01542235].
2024-02-13 14:43:11,867 - INFO - Finished optimization with guess, [0.65114138 1.19949717 0.0130423  0.01542235].
2024-02-13 14:43:11,871 - INFO - Best fit parameters: [0.55379684 1.23685129 0.29607778 0.01428057].
2024-02-13 14:43:11,958 - INFO - Maximum log composite likelihood: -21.059210779508476.
2024-02-13 14:43:11,959 - INFO - Optimal value of theta: 271.66097394859406.
2024-02-13 14:43:11,959 - INFO - Beginning optimization with guess, [2.16906122 1.50915298 0.01362693 0.01752975].
2024-02-13 14:43:13,910 - INFO - Finished optimization with guess, [2.16906122 1.50915298 0.01362693 0.01752975].
2024-02-13 14:43:13,910 - INFO - Best fit parameters: [6.84362533e-01 1.09517370e+00 6.03409373e-05 8.92853008e-05].
2024-02-13 14:43:13,943 - INFO - Maximum log composite likelihood: -26.661556521539524.
2024-02-13 14:43:13,943 - INFO - Optimal value of theta: 213.68801789913073.
2024-02-13 14:43:13,944 - INFO - Beginning optimization with guess, [1.12644096 1.35307384 0.00861532 0.0051832 ].
2024-02-13 14:43:15,498 - INFO - Finished optimization with guess, [1.12644096 1.35307384 0.00861532 0.0051832 ].
2024-02-13 14:43:15,498 - INFO - Best fit parameters: [8.93181231e-01 1.18683822e+00 1.46124354e-04 4.02065601e-06].
2024-02-13 14:43:15,531 - INFO - Maximum log composite likelihood: -26.662036164672884.
2024-02-13 14:43:15,531 - INFO - Optimal value of theta: 213.68656353585774.
2024-02-13 14:43:15,531 - INFO - Beginning optimization with guess, [2.41402471 1.253111   0.00846678 0.00727293].
2024-02-13 14:43:17,122 - INFO - Finished optimization with guess, [2.41402471 1.253111   0.00846678 0.00727293].
2024-02-13 14:43:17,361 - INFO - Best fit parameters: [1.55043115e+00 9.14480136e-01 2.55279309e-05 1.98864866e-04].
2024-02-13 14:43:17,395 - INFO - Maximum log composite likelihood: -26.663106334402528.
2024-02-13 14:43:17,395 - INFO - Optimal value of theta: 213.68331844891435.
2024-02-13 14:43:17,395 - INFO - Beginning optimization with guess, [1.31465328 3.17493362 0.01999978 0.00974997].
2024-02-13 14:43:18,943 - INFO - Finished optimization with guess, [1.31465328 3.17493362 0.01999978 0.00974997].
2024-02-13 14:43:18,943 - INFO - Best fit parameters: [1.10439896e+00 7.49631131e-01 2.03953219e-04 1.20569480e-04].
2024-02-13 14:43:18,975 - INFO - Maximum log composite likelihood: -26.66141432277061.
2024-02-13 14:43:18,976 - INFO - Optimal value of theta: 213.68845115785643.
2024-02-13 14:43:18,976 - INFO - Beginning optimization with guess, [3.22450035 1.25567861 0.01727262 0.00563599].
2024-02-13 14:43:20,709 - INFO - Finished optimization with guess, [3.22450035 1.25567861 0.01727262 0.00563599].
2024-02-13 14:43:20,710 - INFO - Best fit parameters: [3.43531361e-08 1.15858733e+00 9.52394178e-45 1.41201125e-17].
2024-02-13 14:43:20,753 - INFO - Maximum log composite likelihood: -26.664513451559856.
2024-02-13 14:43:20,753 - INFO - Optimal value of theta: 213.67905314793978.
2024-02-13 14:43:20,754 - INFO - Beginning optimization with guess, [1.60656685 2.77068006 0.006098   0.00531786].
2024-02-13 14:43:22,366 - INFO - Finished optimization with guess, [1.60656685 2.77068006 0.006098   0.00531786].
2024-02-13 14:43:22,367 - INFO - Best fit parameters: [8.07515632e-01 1.92600439e+00 3.94300449e-04 1.52830412e-05].
2024-02-13 14:43:22,435 - INFO - Maximum log composite likelihood: -26.651802311678182.
2024-02-13 14:43:22,436 - INFO - Optimal value of theta: 213.71762221628703.
2024-02-13 14:43:22,438 - INFO - Beginning optimization with guess, [4.65540933 4.24475345 0.00586029 0.00865779].
2024-02-13 14:43:23,966 - INFO - Finished optimization with guess, [4.65540933 4.24475345 0.00586029 0.00865779].
2024-02-13 14:43:23,966 - INFO - Best fit parameters: [4.09424106e+00 2.41198365e-01 9.34598781e-07 2.90958667e-03].
2024-02-13 14:43:24,000 - INFO - Maximum log composite likelihood: -25.52530711947412.
2024-02-13 14:43:24,000 - INFO - Optimal value of theta: 217.6657652708444.
2024-02-13 14:43:24,001 - INFO - Beginning optimization with guess, [5.80787188 1.88993597 0.00747267 0.00869201].
2024-02-13 14:43:25,458 - INFO - Finished optimization with guess, [5.80787188 1.88993597 0.00747267 0.00869201].
2024-02-13 14:43:25,459 - INFO - Best fit parameters: [1.74387291e-01 1.19243688e+00 2.55991034e-05 3.61546974e-06].
2024-02-13 14:43:25,491 - INFO - Maximum log composite likelihood: -26.64677227628391.
2024-02-13 14:43:25,491 - INFO - Optimal value of theta: 213.73293754756358.
2024-02-13 14:43:25,492 - INFO - Beginning optimization with guess, [1.93437361 6.24002293 0.01004064 0.01516735].
2024-02-13 14:43:26,898 - INFO - Finished optimization with guess, [1.93437361 6.24002293 0.01004064 0.01516735].
2024-02-13 14:43:26,898 - INFO - Best fit parameters: [8.47382255e-01 2.27370233e+00 7.45483654e-04 8.10497099e-05].
2024-02-13 14:43:26,930 - INFO - Maximum log composite likelihood: -26.651517887401894.
2024-02-13 14:43:26,931 - INFO - Optimal value of theta: 213.71845541445273.
2024-02-13 14:43:26,931 - INFO - Beginning optimization with guess, [2.61135155 2.00049202 0.01411772 0.00751674].
2024-02-13 14:43:28,346 - INFO - Finished optimization with guess, [2.61135155 2.00049202 0.01411772 0.00751674].
2024-02-13 14:43:28,347 - INFO - Best fit parameters: [1.53819945e+00 8.40263896e-01 6.89769766e-05 4.73856926e-04].
2024-02-13 14:43:28,381 - INFO - Maximum log composite likelihood: -26.654812428568505.
2024-02-13 14:43:28,382 - INFO - Optimal value of theta: 213.70847812994444.
2024-02-13 14:43:28,382 - INFO - Beginning optimization with guess, [2.54341858e+00 7.06344931e+00 6.64004408e-03 1.12041684e-02].
2024-02-13 14:43:29,799 - INFO - Finished optimization with guess, [2.54341858e+00 7.06344931e+00 6.64004408e-03 1.12041684e-02].
2024-02-13 14:43:29,800 - INFO - Best fit parameters: [7.91118483e-01 2.40371471e+00 3.90256652e-04 4.10139907e-05].
2024-02-13 14:43:29,832 - INFO - Maximum log composite likelihood: -26.652921765322446.
2024-02-13 14:43:29,833 - INFO - Optimal value of theta: 213.71421655327006.
2024-02-13 14:43:29,833 - INFO - Beginning optimization with guess, [4.60213324 5.90392441 0.01545083 0.01746844].
2024-02-13 14:43:31,422 - INFO - Finished optimization with guess, [4.60213324 5.90392441 0.01545083 0.01746844].
2024-02-13 14:43:31,422 - INFO - Best fit parameters: [4.25308958e+00 4.93743636e-02 2.25701741e-05 1.07721144e-03].
2024-02-13 14:43:31,456 - INFO - Maximum log composite likelihood: -24.55548791065837.
2024-02-13 14:43:31,456 - INFO - Optimal value of theta: 222.6783206052883.
2024-02-13 14:43:31,457 - INFO - Beginning optimization with guess, [3.54522820e+00 7.45912287e+00 5.65758447e-03 1.55767130e-02].
2024-02-13 14:43:32,952 - INFO - Finished optimization with guess, [3.54522820e+00 7.45912287e+00 5.65758447e-03 1.55767130e-02].
2024-02-13 14:43:32,952 - INFO - Best fit parameters: [3.53021641e-01 1.77749585e+00 3.84943849e-04 8.02524190e-06].
2024-02-13 14:43:32,985 - INFO - Maximum log composite likelihood: -26.562560586269.
2024-02-13 14:43:32,985 - INFO - Optimal value of theta: 213.99152989694457.
2024-02-13 14:43:32,986 - INFO - Beginning optimization with guess, [6.3845656  4.03010747 0.01136072 0.00996306].
2024-02-13 14:43:34,475 - INFO - Finished optimization with guess, [6.3845656  4.03010747 0.01136072 0.00996306].
2024-02-13 14:43:34,477 - INFO - Best fit parameters: [2.00323666e-01 9.54229563e-01 6.82216259e-05 2.69949364e-06].
2024-02-13 14:43:34,509 - INFO - Maximum log composite likelihood: -26.624536360402146.
2024-02-13 14:43:34,510 - INFO - Optimal value of theta: 213.80077096475063.
2024-02-13 14:43:34,512 - INFO - Finished demographic inference.
2024-02-13 14:43:34,512 - INFO - Pipeline executed succesfully.
