2026-01-08 14:20:15,710 - INFO - Beginning execution of msprime_bottleneck_simulations.py in directory /u/project/kirk-bigdata/jonmah/sample_size_demography/Scripts

2026-01-08 14:20:15,711 - INFO - Progress is being logged to ../Simulations/simple_simulations/bottleneck_270_4.log

2026-01-08 14:20:15,711 - INFO - Parsed the following arguments:
	sample_size = 270
	replicate = 4
	outprefix = ../Simulations/simple_simulations/

2026-01-08 14:20:29,812 - INFO - Writing coalescent times for TwoEpC.
2026-01-08 14:20:30,914 - INFO - Writing branch lengths for 200_200.
2026-01-08 14:20:42,950 - INFO - Writing coalescent times for TwoEpC.
2026-01-08 14:20:44,441 - INFO - Writing branch lengths for 400_200.
2026-01-08 14:20:55,394 - INFO - Writing coalescent times for TwoEpC.
2026-01-08 14:20:56,752 - INFO - Writing branch lengths for 600_200.
2026-01-08 14:21:07,409 - INFO - Writing coalescent times for TwoEpC.
2026-01-08 14:21:08,744 - INFO - Writing branch lengths for 800_200.
2026-01-08 14:21:19,319 - INFO - Writing coalescent times for TwoEpC.
2026-01-08 14:21:20,598 - INFO - Writing branch lengths for 1000_200.
2026-01-08 14:21:31,551 - INFO - Writing coalescent times for TwoEpC.
2026-01-08 14:21:33,035 - INFO - Writing branch lengths for 1200_200.
2026-01-08 14:21:43,667 - INFO - Writing coalescent times for TwoEpC.
2026-01-08 14:21:44,999 - INFO - Writing branch lengths for 1400_200.
2026-01-08 14:21:55,071 - INFO - Writing coalescent times for TwoEpC.
2026-01-08 14:21:56,285 - INFO - Writing branch lengths for 1600_200.
2026-01-08 14:21:56,292 - INFO - Pipeline executed succesfully.
