2026-01-09 12:38:55,143 - INFO - Beginning execution of msprime_bottleneck_simulations.py in directory /u/project/kirk-bigdata/jonmah/sample_size_demography/Scripts

2026-01-09 12:38:55,144 - INFO - Progress is being logged to ../Simulations/simple_simulations/bottleneck_460_19.log

2026-01-09 12:38:55,144 - INFO - Parsed the following arguments:
	sample_size = 460
	replicate = 19
	outprefix = ../Simulations/simple_simulations/

2026-01-09 12:39:14,453 - INFO - Writing coalescent times for TwoEpC.
2026-01-09 12:39:18,341 - INFO - Writing branch lengths for 200_200.
2026-01-09 12:39:33,651 - INFO - Writing coalescent times for TwoEpC.
2026-01-09 12:39:36,682 - INFO - Writing branch lengths for 400_200.
2026-01-09 12:39:50,958 - INFO - Writing coalescent times for TwoEpC.
2026-01-09 12:39:53,790 - INFO - Writing branch lengths for 600_200.
2026-01-09 12:40:07,440 - INFO - Writing coalescent times for TwoEpC.
2026-01-09 12:40:12,303 - INFO - Writing branch lengths for 800_200.
2026-01-09 12:40:27,034 - INFO - Writing coalescent times for TwoEpC.
2026-01-09 12:40:30,208 - INFO - Writing branch lengths for 1000_200.
2026-01-09 12:40:43,344 - INFO - Writing coalescent times for TwoEpC.
2026-01-09 12:40:45,960 - INFO - Writing branch lengths for 1200_200.
2026-01-09 12:40:59,354 - INFO - Writing coalescent times for TwoEpC.
2026-01-09 12:41:01,994 - INFO - Writing branch lengths for 1400_200.
2026-01-09 12:41:14,224 - INFO - Writing coalescent times for TwoEpC.
2026-01-09 12:41:18,961 - INFO - Writing branch lengths for 1600_200.
2026-01-09 12:41:18,972 - INFO - Pipeline executed succesfully.
