2026-01-09 08:06:33,852 - INFO - Beginning execution of msprime_bottleneck_simulations.py in directory /u/project/kirk-bigdata/jonmah/sample_size_demography/Scripts

2026-01-09 08:06:33,852 - INFO - Progress is being logged to ../Simulations/simple_simulations/bottleneck_110_16.log

2026-01-09 08:06:33,852 - INFO - Parsed the following arguments:
	sample_size = 110
	replicate = 16
	outprefix = ../Simulations/simple_simulations/

2026-01-09 08:06:40,986 - INFO - Writing coalescent times for TwoEpC.
2026-01-09 08:06:41,154 - INFO - Writing branch lengths for 200_200.
2026-01-09 08:06:47,015 - INFO - Writing coalescent times for TwoEpC.
2026-01-09 08:06:47,524 - INFO - Writing branch lengths for 400_200.
2026-01-09 08:06:52,655 - INFO - Writing coalescent times for TwoEpC.
2026-01-09 08:06:53,101 - INFO - Writing branch lengths for 600_200.
2026-01-09 08:06:58,076 - INFO - Writing coalescent times for TwoEpC.
2026-01-09 08:06:58,503 - INFO - Writing branch lengths for 800_200.
2026-01-09 08:07:03,193 - INFO - Writing coalescent times for TwoEpC.
2026-01-09 08:07:03,598 - INFO - Writing branch lengths for 1000_200.
2026-01-09 08:07:08,063 - INFO - Writing coalescent times for TwoEpC.
2026-01-09 08:07:08,454 - INFO - Writing branch lengths for 1200_200.
2026-01-09 08:07:12,890 - INFO - Writing coalescent times for TwoEpC.
2026-01-09 08:07:13,276 - INFO - Writing branch lengths for 1400_200.
2026-01-09 08:07:17,490 - INFO - Writing coalescent times for TwoEpC.
2026-01-09 08:07:17,859 - INFO - Writing branch lengths for 1600_200.
2026-01-09 08:07:17,862 - INFO - Pipeline executed succesfully.
