2026-01-09 01:01:50,810 - INFO - Beginning execution of msprime_bottleneck_simulations.py in directory /u/project/kirk-bigdata/jonmah/sample_size_demography/Scripts

2026-01-09 01:01:50,811 - INFO - Progress is being logged to ../Simulations/simple_simulations/bottleneck_320_11.log

2026-01-09 01:01:50,811 - INFO - Parsed the following arguments:
	sample_size = 320
	replicate = 11
	outprefix = ../Simulations/simple_simulations/

2026-01-09 01:01:56,354 - INFO - Writing coalescent times for TwoEpC.
2026-01-09 01:01:56,448 - INFO - Writing branch lengths for 200_200.
2026-01-09 01:02:01,624 - INFO - Writing coalescent times for TwoEpC.
2026-01-09 01:02:01,834 - INFO - Writing branch lengths for 400_200.
2026-01-09 01:02:06,631 - INFO - Writing coalescent times for TwoEpC.
2026-01-09 01:02:06,813 - INFO - Writing branch lengths for 600_200.
2026-01-09 01:02:11,174 - INFO - Writing coalescent times for TwoEpC.
2026-01-09 01:02:11,351 - INFO - Writing branch lengths for 800_200.
2026-01-09 01:02:15,472 - INFO - Writing coalescent times for TwoEpC.
2026-01-09 01:02:15,658 - INFO - Writing branch lengths for 1000_200.
2026-01-09 01:02:19,685 - INFO - Writing coalescent times for TwoEpC.
2026-01-09 01:02:19,852 - INFO - Writing branch lengths for 1200_200.
2026-01-09 01:02:23,809 - INFO - Writing coalescent times for TwoEpC.
2026-01-09 01:02:23,984 - INFO - Writing branch lengths for 1400_200.
2026-01-09 01:02:27,773 - INFO - Writing coalescent times for TwoEpC.
2026-01-09 01:02:27,921 - INFO - Writing branch lengths for 1600_200.
2026-01-09 01:02:27,927 - INFO - Pipeline executed succesfully.
