2025-07-30 21:40:24,138 - INFO - Beginning execution of fit_demographic_model.py in directory /u/project/kirk/jonmah/sample_size_demography/Scripts

2025-07-30 21:40:24,139 - INFO - Progress is being logged to ../Analysis/dadi_3EpB_410/log.log

2025-07-30 21:40:24,139 - INFO - Parsed the following arguments:
	syn_input_sfs = ../Simulations/dadi_simulations/ThreeEpochBottleneck_410.sfs
	mask_singletons = False
	mask_doubletons = False
	L_syn = 100000000.0
	outprefix = ../Analysis/dadi_3EpB_410/

2025-07-30 21:40:24,153 - INFO - Beginning demographic inference for two-epoch demographic model.
2025-07-30 21:40:24,153 - INFO - Beginning optimization with guess, [0.01, 0.1].
2025-07-30 21:40:40,994 - INFO - Finished optimization with guess, [0.01, 0.1].
2025-07-30 21:40:40,995 - INFO - Best fit parameters: [0.00398107 0.15848932].
2025-07-30 21:40:42,437 - INFO - Maximum log composite likelihood: -49482.96902761992.
2025-07-30 21:40:42,437 - INFO - Optimal value of theta: 7486327.21236811.
2025-07-30 21:40:42,437 - INFO - Beginning optimization with guess, [0.025, 0.1].
2025-07-30 21:40:55,010 - INFO - Finished optimization with guess, [0.025, 0.1].
2025-07-30 21:40:55,012 - INFO - Best fit parameters: [0.00558603 0.26607251].
2025-07-30 21:40:56,496 - INFO - Maximum log composite likelihood: -49482.96902809789.
2025-07-30 21:40:56,496 - INFO - Optimal value of theta: 5335383.828838702.
2025-07-30 21:40:56,496 - INFO - Beginning optimization with guess, [0.05, 0.1].
2025-07-30 21:41:06,681 - INFO - Finished optimization with guess, [0.05, 0.1].
2025-07-30 21:41:06,682 - INFO - Best fit parameters: [0.00901454 0.38681205].
2025-07-30 21:41:08,145 - INFO - Maximum log composite likelihood: -49482.969028087486.
2025-07-30 21:41:08,145 - INFO - Optimal value of theta: 3306171.1340077054.
2025-07-30 21:41:08,145 - INFO - Beginning optimization with guess, [0.075, 0.1].
2025-07-30 21:41:17,290 - INFO - Finished optimization with guess, [0.075, 0.1].
2025-07-30 21:41:17,291 - INFO - Best fit parameters: [0.01705049 0.38681205].
2025-07-30 21:41:18,379 - INFO - Maximum log composite likelihood: -49482.969060095624.
2025-07-30 21:41:18,379 - INFO - Optimal value of theta: 1747961.5703912135.
2025-07-30 21:41:18,379 - INFO - Beginning optimization with guess, [0.1, 0.1].
2025-07-30 21:41:27,536 - INFO - Finished optimization with guess, [0.1, 0.1].
2025-07-30 21:41:27,537 - INFO - Best fit parameters: [0.05158222 0.25118864].
2025-07-30 21:41:28,540 - INFO - Maximum log composite likelihood: -50503.38000734938.
2025-07-30 21:41:28,541 - INFO - Optimal value of theta: 542759.4029804027.
2025-07-30 21:41:28,541 - INFO - Beginning optimization with guess, [0.25, 0.1].
2025-07-30 21:41:38,477 - INFO - Finished optimization with guess, [0.25, 0.1].
2025-07-30 21:41:38,478 - INFO - Best fit parameters: [0.5644822  0.08597556].
2025-07-30 21:41:39,308 - INFO - Maximum log composite likelihood: -63125.41786170327.
2025-07-30 21:41:39,309 - INFO - Optimal value of theta: 38719.847965898014.
2025-07-30 21:41:39,309 - INFO - Beginning optimization with guess, [0.5, 0.1].
2025-07-30 21:41:49,222 - INFO - Finished optimization with guess, [0.5, 0.1].
2025-07-30 21:41:49,225 - INFO - Best fit parameters: [0.75132031 0.08597556].
2025-07-30 21:41:50,146 - INFO - Maximum log composite likelihood: -55819.51338410733.
2025-07-30 21:41:50,147 - INFO - Optimal value of theta: 33894.96716030055.
2025-07-30 21:41:50,147 - INFO - Beginning optimization with guess, [0.75, 0.1].
2025-07-30 21:42:00,163 - INFO - Finished optimization with guess, [0.75, 0.1].
2025-07-30 21:42:00,166 - INFO - Best fit parameters: [0.73597347 0.38681205].
2025-07-30 21:42:01,068 - INFO - Maximum log composite likelihood: -51569.08391494303.
2025-07-30 21:42:01,069 - INFO - Optimal value of theta: 36850.842355486246.
2025-07-30 21:42:01,069 - INFO - Beginning optimization with guess, [1, 0.1].
2025-07-30 21:42:09,608 - INFO - Finished optimization with guess, [1, 0.1].
2025-07-30 21:42:09,609 - INFO - Best fit parameters: [1.00212726 0.13528511].
2025-07-30 21:42:10,410 - INFO - Maximum log composite likelihood: -49451.03825296423.
2025-07-30 21:42:10,410 - INFO - Optimal value of theta: 29771.2824303782.
2025-07-30 21:42:10,410 - INFO - Beginning optimization with guess, [1.25, 0.1].
2025-07-30 21:42:20,017 - INFO - Finished optimization with guess, [1.25, 0.1].
2025-07-30 21:42:20,018 - INFO - Best fit parameters: [1.26843943 0.0267994 ].
2025-07-30 21:42:20,795 - INFO - Maximum log composite likelihood: -42725.56441080049.
2025-07-30 21:42:20,795 - INFO - Optimal value of theta: 27961.121023769472.
2025-07-30 21:42:20,795 - INFO - Beginning optimization with guess, [1.5, 0.1].
2025-07-30 21:42:29,831 - INFO - Finished optimization with guess, [1.5, 0.1].
2025-07-30 21:42:29,833 - INFO - Best fit parameters: [1.54044873 0.0267994 ].
2025-07-30 21:42:30,644 - INFO - Maximum log composite likelihood: -37824.72548531984.
2025-07-30 21:42:30,645 - INFO - Optimal value of theta: 26622.685533431337.
2025-07-30 21:42:30,645 - INFO - Beginning optimization with guess, [1.75, 0.1].
2025-07-30 21:42:39,560 - INFO - Finished optimization with guess, [1.75, 0.1].
2025-07-30 21:42:39,561 - INFO - Best fit parameters: [1.81546308 0.0267994 ].
2025-07-30 21:42:40,307 - INFO - Maximum log composite likelihood: -34138.18711746932.
2025-07-30 21:42:40,307 - INFO - Optimal value of theta: 25603.19677614192.
2025-07-30 21:42:40,307 - INFO - Beginning optimization with guess, [2, 0.1].
2025-07-30 21:42:48,526 - INFO - Finished optimization with guess, [2, 0.1].
2025-07-30 21:42:48,529 - INFO - Best fit parameters: [2.09307644 0.0267994 ].
2025-07-30 21:42:49,291 - INFO - Maximum log composite likelihood: -31274.739071495802.
2025-07-30 21:42:49,291 - INFO - Optimal value of theta: 24799.069165777764.
2025-07-30 21:42:49,291 - INFO - Beginning optimization with guess, [2.25, 0.1].
2025-07-30 21:42:57,819 - INFO - Finished optimization with guess, [2.25, 0.1].
2025-07-30 21:42:57,820 - INFO - Best fit parameters: [2.37298228 0.0267994 ].
2025-07-30 21:42:58,603 - INFO - Maximum log composite likelihood: -29028.742097808172.
2025-07-30 21:42:58,603 - INFO - Optimal value of theta: 24149.768755410856.
2025-07-30 21:42:58,603 - INFO - Beginning optimization with guess, [2.5, 0.1].
2025-07-30 21:43:07,069 - INFO - Finished optimization with guess, [2.5, 0.1].
2025-07-30 21:43:07,069 - INFO - Best fit parameters: [2.65494068 0.0267994 ].
2025-07-30 21:43:07,822 - INFO - Maximum log composite likelihood: -27126.942729318922.
2025-07-30 21:43:07,823 - INFO - Optimal value of theta: 23591.593766437265.
2025-07-30 21:43:07,823 - INFO - Beginning optimization with guess, [2.75, 0.1].
2025-07-30 21:43:16,151 - INFO - Finished optimization with guess, [2.75, 0.1].
2025-07-30 21:43:16,152 - INFO - Best fit parameters: [2.93875852 0.0267994 ].
2025-07-30 21:43:17,068 - INFO - Maximum log composite likelihood: -25617.996410945834.
2025-07-30 21:43:17,068 - INFO - Optimal value of theta: 23137.412515617863.
2025-07-30 21:43:17,068 - INFO - Beginning optimization with guess, [3, 0.1].
2025-07-30 21:43:25,274 - INFO - Finished optimization with guess, [3, 0.1].
2025-07-30 21:43:25,274 - INFO - Best fit parameters: [3.22427694 0.0267994 ].
2025-07-30 21:43:26,007 - INFO - Maximum log composite likelihood: -24471.571879097144.
2025-07-30 21:43:26,007 - INFO - Optimal value of theta: 22775.496672048117.
2025-07-30 21:43:26,007 - INFO - Beginning optimization with guess, [3.25, 0.1].
2025-07-30 21:43:34,095 - INFO - Finished optimization with guess, [3.25, 0.1].
2025-07-30 21:43:34,096 - INFO - Best fit parameters: [3.51136282 0.0267994 ].
2025-07-30 21:43:34,828 - INFO - Maximum log composite likelihood: -23454.657715431327.
2025-07-30 21:43:34,828 - INFO - Optimal value of theta: 22443.24178445435.
2025-07-30 21:43:34,828 - INFO - Beginning optimization with guess, [3.5, 0.1].
2025-07-30 21:43:42,916 - INFO - Finished optimization with guess, [3.5, 0.1].
2025-07-30 21:43:42,917 - INFO - Best fit parameters: [3.79990299 0.0267994 ].
2025-07-30 21:43:43,649 - INFO - Maximum log composite likelihood: -22460.303427535655.
2025-07-30 21:43:43,649 - INFO - Optimal value of theta: 22120.791363034587.
2025-07-30 21:43:43,649 - INFO - Beginning optimization with guess, [3.75, 0.1].
2025-07-30 21:43:51,736 - INFO - Finished optimization with guess, [3.75, 0.1].
2025-07-30 21:43:51,737 - INFO - Best fit parameters: [4.08979999 0.0267994 ].
2025-07-30 21:43:52,469 - INFO - Maximum log composite likelihood: -21612.600827940616.
2025-07-30 21:43:52,469 - INFO - Optimal value of theta: 21838.98718461745.
2025-07-30 21:43:52,469 - INFO - Beginning optimization with guess, [4, 0.1].
2025-07-30 21:44:01,319 - INFO - Finished optimization with guess, [4, 0.1].
2025-07-30 21:44:01,320 - INFO - Best fit parameters: [4.38096898 0.0267994 ].
2025-07-30 21:44:02,281 - INFO - Maximum log composite likelihood: -20890.622670847104.
2025-07-30 21:44:02,282 - INFO - Optimal value of theta: 21592.60152158386.
2025-07-30 21:44:02,282 - INFO - Beginning optimization with guess, [4.25, 0.1].
2025-07-30 21:44:10,511 - INFO - Finished optimization with guess, [4.25, 0.1].
2025-07-30 21:44:10,512 - INFO - Best fit parameters: [4.67333543 0.0267994 ].
2025-07-30 21:44:11,244 - INFO - Maximum log composite likelihood: -20278.08397096978.
2025-07-30 21:44:11,244 - INFO - Optimal value of theta: 21377.520379382084.
2025-07-30 21:44:11,244 - INFO - Beginning optimization with guess, [4.5, 0.1].
2025-07-30 21:44:19,333 - INFO - Finished optimization with guess, [4.5, 0.1].
2025-07-30 21:44:19,334 - INFO - Best fit parameters: [4.96683331 0.0267994 ].
2025-07-30 21:44:20,066 - INFO - Maximum log composite likelihood: -19762.320567883435.
2025-07-30 21:44:20,066 - INFO - Optimal value of theta: 21190.484145295646.
2025-07-30 21:44:20,066 - INFO - Beginning optimization with guess, [4.75, 0.1].
2025-07-30 21:44:28,152 - INFO - Finished optimization with guess, [4.75, 0.1].
2025-07-30 21:44:28,152 - INFO - Best fit parameters: [5.26140372 0.0267994 ].
2025-07-30 21:44:28,884 - INFO - Maximum log composite likelihood: -19333.59642919316.
2025-07-30 21:44:28,884 - INFO - Optimal value of theta: 21028.905717746868.
2025-07-30 21:44:28,884 - INFO - Beginning optimization with guess, [5, 0.1].
2025-07-30 21:44:36,972 - INFO - Finished optimization with guess, [5, 0.1].
2025-07-30 21:44:36,973 - INFO - Best fit parameters: [5.55699378 0.0267994 ].
2025-07-30 21:44:37,705 - INFO - Maximum log composite likelihood: -18984.65392987239.
2025-07-30 21:44:37,705 - INFO - Optimal value of theta: 20890.74242479474.
2025-07-30 21:44:37,708 - INFO - Converting and interpreting Tau estimates.
2025-07-30 21:44:37,709 - INFO - Finished demographic inference.
2025-07-30 21:44:37,709 - INFO - Pipeline executed succesfully.
