2024-03-14 21:25:14,684 - INFO - Beginning execution of fit_demographic_model.py in directory /u/project/kirk/jonmah/sample_size_demography/Scripts

2024-03-14 21:25:14,684 - INFO - Progress is being logged to ../Analysis/TwoEpochExpansion_690/log.log

2024-03-14 21:25:14,684 - INFO - Parsed the following arguments:
	syn_input_sfs = ../Analysis/TwoEpochExpansion_690/syn_downsampled_sfs.txt
	mask_singletons = False
	mask_doubletons = False
	outprefix = ../Analysis/TwoEpochExpansion_690/

2024-03-14 21:25:14,716 - INFO - Beginning demographic inference for one-epoch demographic model.
2024-03-14 21:25:14,718 - INFO - Beginning optimization with guess, [0.10087869].
2024-03-14 21:26:52,302 - INFO - Finished optimization with guess, [0.10087869].
2024-03-14 21:26:52,303 - INFO - Best fit parameters: [0.10087869].
2024-03-14 21:26:55,093 - INFO - Maximum log composite likelihood: -3085.523712573644.
2024-03-14 21:26:55,093 - INFO - Optimal value of theta: 13636.947986521829.
2024-03-14 21:26:55,094 - INFO - Beginning optimization with guess, [0.26123915].
2024-03-14 21:28:24,641 - INFO - Finished optimization with guess, [0.26123915].
2024-03-14 21:28:24,643 - INFO - Best fit parameters: [0.26123915].
2024-03-14 21:28:27,427 - INFO - Maximum log composite likelihood: -3085.523712573644.
2024-03-14 21:28:27,427 - INFO - Optimal value of theta: 13636.947986521829.
2024-03-14 21:28:27,427 - INFO - Beginning optimization with guess, [0.15937232].
2024-03-14 21:29:55,826 - INFO - Finished optimization with guess, [0.15937232].
2024-03-14 21:29:55,827 - INFO - Best fit parameters: [0.15937232].
2024-03-14 21:29:58,625 - INFO - Maximum log composite likelihood: -3085.523712573644.
2024-03-14 21:29:58,625 - INFO - Optimal value of theta: 13636.947986521829.
2024-03-14 21:29:58,626 - INFO - Beginning optimization with guess, [0.20107443].
2024-03-14 21:31:27,391 - INFO - Finished optimization with guess, [0.20107443].
2024-03-14 21:31:27,392 - INFO - Best fit parameters: [0.20107443].
2024-03-14 21:31:30,005 - INFO - Maximum log composite likelihood: -3085.523712573644.
2024-03-14 21:31:30,005 - INFO - Optimal value of theta: 13636.947986521829.
2024-03-14 21:31:30,006 - INFO - Beginning optimization with guess, [0.48086235].
2024-03-14 21:32:50,174 - INFO - Finished optimization with guess, [0.48086235].
2024-03-14 21:32:50,175 - INFO - Best fit parameters: [0.48086235].
2024-03-14 21:32:53,054 - INFO - Maximum log composite likelihood: -3085.523712573644.
2024-03-14 21:32:53,054 - INFO - Optimal value of theta: 13636.947986521829.
2024-03-14 21:32:53,055 - INFO - Beginning optimization with guess, [0.79431203].
2024-03-14 21:33:56,632 - INFO - Finished optimization with guess, [0.79431203].
2024-03-14 21:33:56,633 - INFO - Best fit parameters: [0.79431203].
2024-03-14 21:33:59,401 - INFO - Maximum log composite likelihood: -3085.523712573644.
2024-03-14 21:33:59,402 - INFO - Optimal value of theta: 13636.947986521829.
2024-03-14 21:33:59,402 - INFO - Beginning optimization with guess, [0.74496793].
2024-03-14 21:35:10,598 - INFO - Finished optimization with guess, [0.74496793].
2024-03-14 21:35:10,599 - INFO - Best fit parameters: [0.74496793].
2024-03-14 21:35:13,369 - INFO - Maximum log composite likelihood: -3085.523712573644.
2024-03-14 21:35:13,369 - INFO - Optimal value of theta: 13636.947986521829.
2024-03-14 21:35:13,370 - INFO - Beginning optimization with guess, [1.04646988].
2024-03-14 21:36:00,948 - INFO - Finished optimization with guess, [1.04646988].
2024-03-14 21:36:00,949 - INFO - Best fit parameters: [1.04646988].
2024-03-14 21:36:03,651 - INFO - Maximum log composite likelihood: -3085.523712573644.
2024-03-14 21:36:03,651 - INFO - Optimal value of theta: 13636.947986521829.
2024-03-14 21:36:03,652 - INFO - Beginning optimization with guess, [1.34592835].
2024-03-14 21:37:15,316 - INFO - Finished optimization with guess, [1.34592835].
2024-03-14 21:37:15,318 - INFO - Best fit parameters: [1.34592835].
2024-03-14 21:37:18,091 - INFO - Maximum log composite likelihood: -3085.523712573644.
2024-03-14 21:37:18,092 - INFO - Optimal value of theta: 13636.947986521829.
2024-03-14 21:37:18,092 - INFO - Beginning optimization with guess, [1.00446586].
2024-03-14 21:37:40,539 - INFO - Finished optimization with guess, [1.00446586].
2024-03-14 21:37:40,540 - INFO - Best fit parameters: [1.00446586].
2024-03-14 21:37:43,318 - INFO - Maximum log composite likelihood: -3085.523712573644.
2024-03-14 21:37:43,318 - INFO - Optimal value of theta: 13636.947986521829.
2024-03-14 21:37:43,318 - INFO - Beginning optimization with guess, [1.22358329].
2024-03-14 21:38:47,637 - INFO - Finished optimization with guess, [1.22358329].
2024-03-14 21:38:47,639 - INFO - Best fit parameters: [1.22358329].
2024-03-14 21:38:50,423 - INFO - Maximum log composite likelihood: -3085.523712573644.
2024-03-14 21:38:50,423 - INFO - Optimal value of theta: 13636.947986521829.
2024-03-14 21:38:50,424 - INFO - Beginning optimization with guess, [0.83610908].
2024-03-14 21:39:54,609 - INFO - Finished optimization with guess, [0.83610908].
2024-03-14 21:39:54,611 - INFO - Best fit parameters: [0.83610908].
2024-03-14 21:39:57,393 - INFO - Maximum log composite likelihood: -3085.523712573644.
2024-03-14 21:39:57,393 - INFO - Optimal value of theta: 13636.947986521829.
2024-03-14 21:39:57,393 - INFO - Beginning optimization with guess, [2.34472455].
2024-03-14 21:41:18,162 - INFO - Finished optimization with guess, [2.34472455].
2024-03-14 21:41:18,163 - INFO - Best fit parameters: [2.34472455].
2024-03-14 21:41:20,974 - INFO - Maximum log composite likelihood: -3085.523712573644.
2024-03-14 21:41:20,975 - INFO - Optimal value of theta: 13636.947986521829.
2024-03-14 21:41:20,975 - INFO - Beginning optimization with guess, [1.01732222].
2024-03-14 21:41:58,495 - INFO - Finished optimization with guess, [1.01732222].
2024-03-14 21:41:58,497 - INFO - Best fit parameters: [1.01732222].
2024-03-14 21:42:01,148 - INFO - Maximum log composite likelihood: -3085.523712573644.
2024-03-14 21:42:01,148 - INFO - Optimal value of theta: 13636.947986521829.
2024-03-14 21:42:01,148 - INFO - Beginning optimization with guess, [1.98426875].
2024-03-14 21:43:21,185 - INFO - Finished optimization with guess, [1.98426875].
2024-03-14 21:43:21,186 - INFO - Best fit parameters: [1.98426875].
2024-03-14 21:43:24,087 - INFO - Maximum log composite likelihood: -3085.523712573644.
2024-03-14 21:43:24,087 - INFO - Optimal value of theta: 13636.947986521829.
2024-03-14 21:43:24,088 - INFO - Beginning optimization with guess, [1.41329416].
2024-03-14 21:44:37,380 - INFO - Finished optimization with guess, [1.41329416].
2024-03-14 21:44:37,382 - INFO - Best fit parameters: [1.41329416].
2024-03-14 21:44:40,032 - INFO - Maximum log composite likelihood: -3085.523712573644.
2024-03-14 21:44:40,032 - INFO - Optimal value of theta: 13636.947986521829.
2024-03-14 21:44:40,033 - INFO - Beginning optimization with guess, [4.05031807].
2024-03-14 21:46:09,610 - INFO - Finished optimization with guess, [4.05031807].
2024-03-14 21:46:09,611 - INFO - Best fit parameters: [4.05031807].
2024-03-14 21:46:12,326 - INFO - Maximum log composite likelihood: -3085.523712573644.
2024-03-14 21:46:12,326 - INFO - Optimal value of theta: 13636.947986521829.
2024-03-14 21:46:12,326 - INFO - Beginning optimization with guess, [3.50725271].
2024-03-14 21:47:39,807 - INFO - Finished optimization with guess, [3.50725271].
2024-03-14 21:47:39,808 - INFO - Best fit parameters: [3.50725271].
2024-03-14 21:47:42,422 - INFO - Maximum log composite likelihood: -3085.523712573644.
2024-03-14 21:47:42,423 - INFO - Optimal value of theta: 13636.947986521829.
2024-03-14 21:47:42,424 - INFO - Beginning optimization with guess, [1.77997908].
2024-03-14 21:48:58,459 - INFO - Finished optimization with guess, [1.77997908].
2024-03-14 21:48:58,460 - INFO - Best fit parameters: [1.77997908].
2024-03-14 21:49:01,098 - INFO - Maximum log composite likelihood: -3085.523712573644.
2024-03-14 21:49:01,098 - INFO - Optimal value of theta: 13636.947986521829.
2024-03-14 21:49:01,099 - INFO - Beginning optimization with guess, [2.66800115].
2024-03-14 21:50:17,438 - INFO - Finished optimization with guess, [2.66800115].
2024-03-14 21:50:17,440 - INFO - Best fit parameters: [2.66800115].
2024-03-14 21:50:20,066 - INFO - Maximum log composite likelihood: -3085.523712573644.
2024-03-14 21:50:20,066 - INFO - Optimal value of theta: 13636.947986521829.
2024-03-14 21:50:20,066 - INFO - Beginning optimization with guess, [4.88274963].
2024-03-14 21:51:44,144 - INFO - Finished optimization with guess, [4.88274963].
2024-03-14 21:51:44,145 - INFO - Best fit parameters: [4.88274963].
2024-03-14 21:51:46,800 - INFO - Maximum log composite likelihood: -3085.523712573644.
2024-03-14 21:51:46,800 - INFO - Optimal value of theta: 13636.947986521829.
2024-03-14 21:51:46,800 - INFO - Beginning optimization with guess, [5.8011619].
2024-03-14 21:53:10,949 - INFO - Finished optimization with guess, [5.8011619].
2024-03-14 21:53:10,951 - INFO - Best fit parameters: [5.8011619].
2024-03-14 21:53:13,568 - INFO - Maximum log composite likelihood: -3085.523712573644.
2024-03-14 21:53:13,569 - INFO - Optimal value of theta: 13636.947986521829.
2024-03-14 21:53:13,569 - INFO - Beginning optimization with guess, [10.97730755].
2024-03-14 21:54:45,630 - INFO - Finished optimization with guess, [10.97730755].
2024-03-14 21:54:45,631 - INFO - Best fit parameters: [10.97730755].
2024-03-14 21:54:48,304 - INFO - Maximum log composite likelihood: -3085.523712573644.
2024-03-14 21:54:48,304 - INFO - Optimal value of theta: 13636.947986521829.
2024-03-14 21:54:48,305 - INFO - Beginning optimization with guess, [4.22146122].
