2025-01-17 13:33:28,875 - INFO - Beginning execution of fit_demographic_model.py in directory /u/project/kirk/jonmah/sample_size_demography/Scripts

2025-01-17 13:33:28,875 - INFO - Progress is being logged to ../Analysis/gnomAD_190/log.log

2025-01-17 13:33:28,875 - INFO - Parsed the following arguments:
	syn_input_sfs = ../Analysis/gnomAD_190/syn_downsampled_sfs.txt
	mask_singletons = False
	mask_doubletons = False
	outprefix = ../Analysis/gnomAD_190/

2025-01-17 13:33:28,877 - INFO - Beginning demographic inference for one-epoch demographic model.
2025-01-17 13:33:28,880 - INFO - Beginning optimization with guess, [0.11406698].
2025-01-17 13:33:45,976 - INFO - Finished optimization with guess, [0.11406698].
2025-01-17 13:33:45,977 - INFO - Best fit parameters: [0.11406698].
2025-01-17 13:33:46,465 - INFO - Maximum log composite likelihood: -3336.7779080324435.
2025-01-17 13:33:46,465 - INFO - Optimal value of theta: 6350.358432184732.
2025-01-17 13:33:46,465 - INFO - Beginning optimization with guess, [0.19143234].
2025-01-17 13:34:02,084 - INFO - Finished optimization with guess, [0.19143234].
2025-01-17 13:34:02,085 - INFO - Best fit parameters: [0.19143234].
2025-01-17 13:34:02,573 - INFO - Maximum log composite likelihood: -3336.7779080324435.
2025-01-17 13:34:02,573 - INFO - Optimal value of theta: 6350.358432184732.
2025-01-17 13:34:02,573 - INFO - Beginning optimization with guess, [0.52093882].
2025-01-17 13:34:16,718 - INFO - Finished optimization with guess, [0.52093882].
2025-01-17 13:34:16,719 - INFO - Best fit parameters: [0.52093882].
2025-01-17 13:34:17,207 - INFO - Maximum log composite likelihood: -3336.7779080324435.
2025-01-17 13:34:17,207 - INFO - Optimal value of theta: 6350.358432184732.
2025-01-17 13:34:17,207 - INFO - Beginning optimization with guess, [0.22729141].
2025-01-17 13:34:32,800 - INFO - Finished optimization with guess, [0.22729141].
2025-01-17 13:34:32,801 - INFO - Best fit parameters: [0.22729141].
2025-01-17 13:34:33,288 - INFO - Maximum log composite likelihood: -3336.7779080324435.
2025-01-17 13:34:33,288 - INFO - Optimal value of theta: 6350.358432184732.
2025-01-17 13:34:33,289 - INFO - Beginning optimization with guess, [0.45213531].
2025-01-17 13:34:47,434 - INFO - Finished optimization with guess, [0.45213531].
2025-01-17 13:34:47,434 - INFO - Best fit parameters: [0.45213531].
2025-01-17 13:34:47,922 - INFO - Maximum log composite likelihood: -3336.7779080324435.
2025-01-17 13:34:47,922 - INFO - Optimal value of theta: 6350.358432184732.
2025-01-17 13:34:47,922 - INFO - Beginning optimization with guess, [0.31952599].
2025-01-17 13:35:03,510 - INFO - Finished optimization with guess, [0.31952599].
2025-01-17 13:35:03,511 - INFO - Best fit parameters: [0.31952599].
2025-01-17 13:35:03,999 - INFO - Maximum log composite likelihood: -3336.7779080324435.
2025-01-17 13:35:03,999 - INFO - Optimal value of theta: 6350.358432184732.
2025-01-17 13:35:03,999 - INFO - Beginning optimization with guess, [1.1376045].
2025-01-17 13:35:15,216 - INFO - Finished optimization with guess, [1.1376045].
2025-01-17 13:35:15,217 - INFO - Best fit parameters: [1.1376045].
2025-01-17 13:35:15,705 - INFO - Maximum log composite likelihood: -3336.7779080324435.
2025-01-17 13:35:15,705 - INFO - Optimal value of theta: 6350.358432184732.
2025-01-17 13:35:15,706 - INFO - Beginning optimization with guess, [0.4678755].
2025-01-17 13:35:29,850 - INFO - Finished optimization with guess, [0.4678755].
2025-01-17 13:35:29,851 - INFO - Best fit parameters: [0.4678755].
2025-01-17 13:35:30,338 - INFO - Maximum log composite likelihood: -3336.7779080324435.
2025-01-17 13:35:30,339 - INFO - Optimal value of theta: 6350.358432184732.
2025-01-17 13:35:30,339 - INFO - Beginning optimization with guess, [1.09945274].
2025-01-17 13:35:40,095 - INFO - Finished optimization with guess, [1.09945274].
2025-01-17 13:35:40,096 - INFO - Best fit parameters: [1.09945274].
2025-01-17 13:35:40,583 - INFO - Maximum log composite likelihood: -3336.7779080324435.
2025-01-17 13:35:40,583 - INFO - Optimal value of theta: 6350.358432184732.
2025-01-17 13:35:40,583 - INFO - Beginning optimization with guess, [0.87914692].
2025-01-17 13:35:51,804 - INFO - Finished optimization with guess, [0.87914692].
2025-01-17 13:35:51,805 - INFO - Best fit parameters: [0.87914692].
2025-01-17 13:35:52,292 - INFO - Maximum log composite likelihood: -3336.7779080324435.
2025-01-17 13:35:52,293 - INFO - Optimal value of theta: 6350.358432184732.
2025-01-17 13:35:52,293 - INFO - Beginning optimization with guess, [1.47002912].
2025-01-17 13:36:04,977 - INFO - Finished optimization with guess, [1.47002912].
2025-01-17 13:36:04,977 - INFO - Best fit parameters: [1.47002912].
2025-01-17 13:36:05,465 - INFO - Maximum log composite likelihood: -3336.7779080324435.
2025-01-17 13:36:05,465 - INFO - Optimal value of theta: 6350.358432184732.
2025-01-17 13:36:05,465 - INFO - Beginning optimization with guess, [0.88800386].
2025-01-17 13:36:15,221 - INFO - Finished optimization with guess, [0.88800386].
2025-01-17 13:36:15,222 - INFO - Best fit parameters: [0.88800386].
2025-01-17 13:36:15,709 - INFO - Maximum log composite likelihood: -3336.7779080324435.
2025-01-17 13:36:15,710 - INFO - Optimal value of theta: 6350.358432184732.
2025-01-17 13:36:15,710 - INFO - Beginning optimization with guess, [1.7207281].
2025-01-17 13:36:29,827 - INFO - Finished optimization with guess, [1.7207281].
2025-01-17 13:36:29,829 - INFO - Best fit parameters: [1.7207281].
2025-01-17 13:36:30,317 - INFO - Maximum log composite likelihood: -3336.7779080324435.
2025-01-17 13:36:30,317 - INFO - Optimal value of theta: 6350.358432184732.
2025-01-17 13:36:30,317 - INFO - Beginning optimization with guess, [1.42387864].
2025-01-17 13:36:42,998 - INFO - Finished optimization with guess, [1.42387864].
2025-01-17 13:36:42,999 - INFO - Best fit parameters: [1.42387864].
2025-01-17 13:36:43,487 - INFO - Maximum log composite likelihood: -3336.7779080324435.
2025-01-17 13:36:43,487 - INFO - Optimal value of theta: 6350.358432184732.
2025-01-17 13:36:43,487 - INFO - Beginning optimization with guess, [2.31969569].
2025-01-17 13:36:57,632 - INFO - Finished optimization with guess, [2.31969569].
2025-01-17 13:36:57,633 - INFO - Best fit parameters: [2.31969569].
2025-01-17 13:36:58,121 - INFO - Maximum log composite likelihood: -3336.7779080324435.
2025-01-17 13:36:58,121 - INFO - Optimal value of theta: 6350.358432184732.
2025-01-17 13:36:58,121 - INFO - Beginning optimization with guess, [1.65998663].
2025-01-17 13:37:10,793 - INFO - Finished optimization with guess, [1.65998663].
2025-01-17 13:37:10,794 - INFO - Best fit parameters: [1.65998663].
2025-01-17 13:37:11,281 - INFO - Maximum log composite likelihood: -3336.7779080324435.
2025-01-17 13:37:11,282 - INFO - Optimal value of theta: 6350.358432184732.
2025-01-17 13:37:11,282 - INFO - Beginning optimization with guess, [5.21608023].
2025-01-17 13:37:26,858 - INFO - Finished optimization with guess, [5.21608023].
2025-01-17 13:37:26,859 - INFO - Best fit parameters: [5.21608023].
2025-01-17 13:37:27,334 - INFO - Maximum log composite likelihood: -3336.7779080324435.
2025-01-17 13:37:27,334 - INFO - Optimal value of theta: 6350.358432184732.
2025-01-17 13:37:27,334 - INFO - Beginning optimization with guess, [1.56498937].
2025-01-17 13:37:39,946 - INFO - Finished optimization with guess, [1.56498937].
2025-01-17 13:37:39,947 - INFO - Best fit parameters: [1.56498937].
2025-01-17 13:37:40,435 - INFO - Maximum log composite likelihood: -3336.7779080324435.
2025-01-17 13:37:40,435 - INFO - Optimal value of theta: 6350.358432184732.
2025-01-17 13:37:40,435 - INFO - Beginning optimization with guess, [6.61684971].
2025-01-17 13:37:56,045 - INFO - Finished optimization with guess, [6.61684971].
2025-01-17 13:37:56,046 - INFO - Best fit parameters: [6.61684971].
2025-01-17 13:37:56,534 - INFO - Maximum log composite likelihood: -3336.7779080324435.
2025-01-17 13:37:56,534 - INFO - Optimal value of theta: 6350.358432184732.
2025-01-17 13:37:56,534 - INFO - Beginning optimization with guess, [2.34116667].
2025-01-17 13:38:10,678 - INFO - Finished optimization with guess, [2.34116667].
2025-01-17 13:38:10,679 - INFO - Best fit parameters: [2.34116667].
2025-01-17 13:38:11,166 - INFO - Maximum log composite likelihood: -3336.7779080324435.
2025-01-17 13:38:11,166 - INFO - Optimal value of theta: 6350.358432184732.
2025-01-17 13:38:11,167 - INFO - Beginning optimization with guess, [3.64040786].
2025-01-17 13:38:26,780 - INFO - Finished optimization with guess, [3.64040786].
2025-01-17 13:38:26,781 - INFO - Best fit parameters: [3.64040786].
2025-01-17 13:38:27,269 - INFO - Maximum log composite likelihood: -3336.7779080324435.
2025-01-17 13:38:27,269 - INFO - Optimal value of theta: 6350.358432184732.
2025-01-17 13:38:27,269 - INFO - Beginning optimization with guess, [3.16640521].
2025-01-17 13:38:42,880 - INFO - Finished optimization with guess, [3.16640521].
2025-01-17 13:38:42,881 - INFO - Best fit parameters: [3.16640521].
2025-01-17 13:38:43,368 - INFO - Maximum log composite likelihood: -3336.7779080324435.
2025-01-17 13:38:43,368 - INFO - Optimal value of theta: 6350.358432184732.
2025-01-17 13:38:43,368 - INFO - Beginning optimization with guess, [8.00747873].
2025-01-17 13:39:00,261 - INFO - Finished optimization with guess, [8.00747873].
2025-01-17 13:39:00,262 - INFO - Best fit parameters: [8.00747873].
2025-01-17 13:39:00,750 - INFO - Maximum log composite likelihood: -3336.7779080324435.
2025-01-17 13:39:00,750 - INFO - Optimal value of theta: 6350.358432184732.
2025-01-17 13:39:00,750 - INFO - Beginning optimization with guess, [6.64154258].
2025-01-17 13:39:16,267 - INFO - Finished optimization with guess, [6.64154258].
2025-01-17 13:39:16,268 - INFO - Best fit parameters: [6.64154258].
2025-01-17 13:39:16,759 - INFO - Maximum log composite likelihood: -3336.7779080324435.
2025-01-17 13:39:16,759 - INFO - Optimal value of theta: 6350.358432184732.
2025-01-17 13:39:16,759 - INFO - Beginning optimization with guess, [9.52029307].
2025-01-17 13:39:33,935 - INFO - Finished optimization with guess, [9.52029307].
2025-01-17 13:39:33,936 - INFO - Best fit parameters: [9.52029307].
2025-01-17 13:39:34,427 - INFO - Maximum log composite likelihood: -3336.7779080324435.
2025-01-17 13:39:34,427 - INFO - Optimal value of theta: 6350.358432184732.
2025-01-17 13:39:34,431 - INFO - Finished demographic inference.
2025-01-17 13:39:34,431 - INFO - Pipeline executed succesfully.
