2024-01-17 15:57:35,836 - INFO - Beginning execution of fit_demographic_model.py in directory /u/project/kirk/jonmah/sample_size_demography/Scripts

2024-01-17 15:57:35,837 - INFO - Progress is being logged to ../Analysis/1kg_EUR_66/log.log

2024-01-17 15:57:35,837 - INFO - Parsed the following arguments:
	syn_input_sfs = ../Analysis/1kg_EUR_66/syn_downsampled_sfs.txt
	mask_singletons = False
	mask_doubletons = False
	outprefix = ../Analysis/1kg_EUR_66/

2024-01-17 15:57:35,845 - INFO - Beginning demographic inference for one-epoch demographic model.
2024-01-17 15:57:35,847 - INFO - Beginning optimization with guess, [0.08625878].
2024-01-17 15:58:05,981 - INFO - Finished optimization with guess, [0.08625878].
2024-01-17 15:58:05,983 - INFO - Best fit parameters: [0.08625878].
2024-01-17 15:58:06,888 - INFO - Maximum log composite likelihood: -278.9905434863732.
2024-01-17 15:58:06,889 - INFO - Optimal value of theta: 5038.270612936721.
2024-01-17 15:58:06,890 - INFO - Beginning optimization with guess, [0.15106962].
2024-01-17 15:58:35,111 - INFO - Finished optimization with guess, [0.15106962].
2024-01-17 15:58:35,114 - INFO - Best fit parameters: [0.15106962].
2024-01-17 15:58:35,880 - INFO - Maximum log composite likelihood: -278.9905434863732.
2024-01-17 15:58:35,881 - INFO - Optimal value of theta: 5038.270612936721.
2024-01-17 15:58:35,882 - INFO - Beginning optimization with guess, [0.32050996].
2024-01-17 15:59:04,166 - INFO - Finished optimization with guess, [0.32050996].
2024-01-17 15:59:04,169 - INFO - Best fit parameters: [0.32050996].
2024-01-17 15:59:05,077 - INFO - Maximum log composite likelihood: -278.9905434863732.
2024-01-17 15:59:05,077 - INFO - Optimal value of theta: 5038.270612936721.
2024-01-17 15:59:05,078 - INFO - Beginning optimization with guess, [0.78748901].
2024-01-17 15:59:25,403 - INFO - Finished optimization with guess, [0.78748901].
2024-01-17 15:59:25,404 - INFO - Best fit parameters: [0.78748901].
2024-01-17 15:59:26,313 - INFO - Maximum log composite likelihood: -278.9905434863732.
2024-01-17 15:59:26,313 - INFO - Optimal value of theta: 5038.270612936721.
2024-01-17 15:59:26,314 - INFO - Beginning optimization with guess, [0.28812482].
2024-01-17 15:59:43,315 - INFO - Finished optimization with guess, [0.28812482].
2024-01-17 15:59:43,317 - INFO - Best fit parameters: [0.28812482].
2024-01-17 15:59:43,646 - INFO - Maximum log composite likelihood: -278.9905434863732.
2024-01-17 15:59:43,646 - INFO - Optimal value of theta: 5038.270612936721.
2024-01-17 15:59:43,646 - INFO - Beginning optimization with guess, [0.69507619].
2024-01-17 15:59:52,149 - INFO - Finished optimization with guess, [0.69507619].
2024-01-17 15:59:52,150 - INFO - Best fit parameters: [0.69507619].
2024-01-17 15:59:52,485 - INFO - Maximum log composite likelihood: -278.9905434863732.
2024-01-17 15:59:52,485 - INFO - Optimal value of theta: 5038.270612936721.
2024-01-17 15:59:52,486 - INFO - Beginning optimization with guess, [0.67285143].
2024-01-17 16:00:00,981 - INFO - Finished optimization with guess, [0.67285143].
2024-01-17 16:00:00,983 - INFO - Best fit parameters: [0.67285143].
2024-01-17 16:00:01,311 - INFO - Maximum log composite likelihood: -278.9905434863732.
2024-01-17 16:00:01,311 - INFO - Optimal value of theta: 5038.270612936721.
2024-01-17 16:00:01,312 - INFO - Beginning optimization with guess, [0.50882763].
2024-01-17 16:00:11,585 - INFO - Finished optimization with guess, [0.50882763].
2024-01-17 16:00:11,586 - INFO - Best fit parameters: [0.50882763].
2024-01-17 16:00:11,920 - INFO - Maximum log composite likelihood: -278.9905434863732.
2024-01-17 16:00:11,920 - INFO - Optimal value of theta: 5038.270612936721.
2024-01-17 16:00:11,920 - INFO - Beginning optimization with guess, [0.55777542].
2024-01-17 16:00:21,554 - INFO - Finished optimization with guess, [0.55777542].
2024-01-17 16:00:21,555 - INFO - Best fit parameters: [0.55777542].
2024-01-17 16:00:21,883 - INFO - Maximum log composite likelihood: -278.9905434863732.
2024-01-17 16:00:21,883 - INFO - Optimal value of theta: 5038.270612936721.
2024-01-17 16:00:21,883 - INFO - Beginning optimization with guess, [0.72104294].
2024-01-17 16:00:42,718 - INFO - Finished optimization with guess, [0.72104294].
2024-01-17 16:00:42,720 - INFO - Best fit parameters: [0.72104294].
2024-01-17 16:00:43,517 - INFO - Maximum log composite likelihood: -278.9905434863732.
2024-01-17 16:00:43,518 - INFO - Optimal value of theta: 5038.270612936721.
2024-01-17 16:00:43,518 - INFO - Beginning optimization with guess, [1.02609109].
2024-01-17 16:00:55,730 - INFO - Finished optimization with guess, [1.02609109].
2024-01-17 16:00:55,732 - INFO - Best fit parameters: [1.02609109].
2024-01-17 16:00:56,633 - INFO - Maximum log composite likelihood: -278.9905434863732.
2024-01-17 16:00:56,633 - INFO - Optimal value of theta: 5038.270612936721.
2024-01-17 16:00:56,634 - INFO - Beginning optimization with guess, [2.20273111].
2024-01-17 16:01:21,762 - INFO - Finished optimization with guess, [2.20273111].
2024-01-17 16:01:21,764 - INFO - Best fit parameters: [2.20273111].
2024-01-17 16:01:22,672 - INFO - Maximum log composite likelihood: -278.9905434863732.
2024-01-17 16:01:22,673 - INFO - Optimal value of theta: 5038.270612936721.
2024-01-17 16:01:22,673 - INFO - Beginning optimization with guess, [1.87127896].
2024-01-17 16:01:48,212 - INFO - Finished optimization with guess, [1.87127896].
2024-01-17 16:01:48,214 - INFO - Best fit parameters: [1.87127896].
2024-01-17 16:01:49,133 - INFO - Maximum log composite likelihood: -278.9905434863732.
2024-01-17 16:01:49,134 - INFO - Optimal value of theta: 5038.270612936721.
2024-01-17 16:01:49,135 - INFO - Beginning optimization with guess, [2.05922187].
2024-01-17 16:02:14,241 - INFO - Finished optimization with guess, [2.05922187].
2024-01-17 16:02:14,242 - INFO - Best fit parameters: [2.05922187].
2024-01-17 16:02:15,152 - INFO - Maximum log composite likelihood: -278.9905434863732.
2024-01-17 16:02:15,152 - INFO - Optimal value of theta: 5038.270612936721.
2024-01-17 16:02:15,153 - INFO - Beginning optimization with guess, [3.49714854].
2024-01-17 16:02:43,269 - INFO - Finished optimization with guess, [3.49714854].
2024-01-17 16:02:43,271 - INFO - Best fit parameters: [3.49714854].
2024-01-17 16:02:44,183 - INFO - Maximum log composite likelihood: -278.9905434863732.
2024-01-17 16:02:44,183 - INFO - Optimal value of theta: 5038.270612936721.
2024-01-17 16:02:44,184 - INFO - Beginning optimization with guess, [1.43116177].
2024-01-17 16:03:06,893 - INFO - Finished optimization with guess, [1.43116177].
2024-01-17 16:03:06,895 - INFO - Best fit parameters: [1.43116177].
2024-01-17 16:03:07,658 - INFO - Maximum log composite likelihood: -278.9905434863732.
2024-01-17 16:03:07,659 - INFO - Optimal value of theta: 5038.270612936721.
2024-01-17 16:03:07,660 - INFO - Beginning optimization with guess, [3.92132837].
2024-01-17 16:03:35,483 - INFO - Finished optimization with guess, [3.92132837].
2024-01-17 16:03:35,486 - INFO - Best fit parameters: [3.92132837].
2024-01-17 16:03:36,393 - INFO - Maximum log composite likelihood: -278.9905434863732.
2024-01-17 16:03:36,394 - INFO - Optimal value of theta: 5038.270612936721.
2024-01-17 16:03:36,394 - INFO - Beginning optimization with guess, [3.66232183].
2024-01-17 16:04:04,374 - INFO - Finished optimization with guess, [3.66232183].
2024-01-17 16:04:04,376 - INFO - Best fit parameters: [3.66232183].
2024-01-17 16:04:05,280 - INFO - Maximum log composite likelihood: -278.9905434863732.
2024-01-17 16:04:05,280 - INFO - Optimal value of theta: 5038.270612936721.
2024-01-17 16:04:05,281 - INFO - Beginning optimization with guess, [6.41132161].
2024-01-17 16:04:33,332 - INFO - Finished optimization with guess, [6.41132161].
2024-01-17 16:04:33,334 - INFO - Best fit parameters: [6.41132161].
2024-01-17 16:04:34,244 - INFO - Maximum log composite likelihood: -278.9905434863732.
2024-01-17 16:04:34,245 - INFO - Optimal value of theta: 5038.270612936721.
2024-01-17 16:04:34,245 - INFO - Beginning optimization with guess, [2.30794144].
2024-01-17 16:04:59,090 - INFO - Finished optimization with guess, [2.30794144].
2024-01-17 16:04:59,092 - INFO - Best fit parameters: [2.30794144].
2024-01-17 16:04:59,996 - INFO - Maximum log composite likelihood: -278.9905434863732.
2024-01-17 16:04:59,997 - INFO - Optimal value of theta: 5038.270612936721.
2024-01-17 16:04:59,998 - INFO - Beginning optimization with guess, [2.77952787].
2024-01-17 16:05:25,550 - INFO - Finished optimization with guess, [2.77952787].
2024-01-17 16:05:25,553 - INFO - Best fit parameters: [2.77952787].
2024-01-17 16:05:26,326 - INFO - Maximum log composite likelihood: -278.9905434863732.
2024-01-17 16:05:26,327 - INFO - Optimal value of theta: 5038.270612936721.
2024-01-17 16:05:26,328 - INFO - Beginning optimization with guess, [7.68012247].
2024-01-17 16:05:54,219 - INFO - Finished optimization with guess, [7.68012247].
2024-01-17 16:05:54,221 - INFO - Best fit parameters: [7.68012247].
2024-01-17 16:05:55,131 - INFO - Maximum log composite likelihood: -278.9905434863732.
2024-01-17 16:05:55,131 - INFO - Optimal value of theta: 5038.270612936721.
2024-01-17 16:05:55,132 - INFO - Beginning optimization with guess, [3.26370123].
2024-01-17 16:06:19,478 - INFO - Finished optimization with guess, [3.26370123].
2024-01-17 16:06:19,479 - INFO - Best fit parameters: [3.26370123].
2024-01-17 16:06:19,806 - INFO - Maximum log composite likelihood: -278.9905434863732.
2024-01-17 16:06:19,807 - INFO - Optimal value of theta: 5038.270612936721.
2024-01-17 16:06:19,807 - INFO - Beginning optimization with guess, [8.26376563].
2024-01-17 16:06:46,210 - INFO - Finished optimization with guess, [8.26376563].
2024-01-17 16:06:46,212 - INFO - Best fit parameters: [8.26376563].
2024-01-17 16:06:47,117 - INFO - Maximum log composite likelihood: -278.9905434863732.
2024-01-17 16:06:47,117 - INFO - Optimal value of theta: 5038.270612936721.
2024-01-17 16:06:47,118 - INFO - Beginning optimization with guess, [4.91511939].
2024-01-17 16:07:14,938 - INFO - Finished optimization with guess, [4.91511939].
2024-01-17 16:07:14,939 - INFO - Best fit parameters: [4.91511939].
2024-01-17 16:07:15,848 - INFO - Maximum log composite likelihood: -278.9905434863732.
2024-01-17 16:07:15,849 - INFO - Optimal value of theta: 5038.270612936721.
2024-01-17 16:07:15,855 - INFO - Beginning demographic inference for two-epoch demographic model.
2024-01-17 16:07:15,861 - INFO - Beginning optimization with guess, [0.05180376 0.01325994].
2024-01-17 16:07:41,493 - INFO - Finished optimization with guess, [0.05180376 0.01325994].
2024-01-17 16:07:41,495 - INFO - Best fit parameters: [0.54757877 0.00097575].
2024-01-17 16:07:42,397 - INFO - Maximum log composite likelihood: -278.31469857540185.
2024-01-17 16:07:42,398 - INFO - Optimal value of theta: 5065.10746287824.
2024-01-17 16:07:42,398 - INFO - Beginning optimization with guess, [0.17240913 0.01442331].
2024-01-17 16:08:07,673 - INFO - Finished optimization with guess, [0.17240913 0.01442331].
2024-01-17 16:08:07,675 - INFO - Best fit parameters: [0.55203462 0.00105897].
2024-01-17 16:08:08,588 - INFO - Maximum log composite likelihood: -278.2922017363759.
2024-01-17 16:08:08,589 - INFO - Optimal value of theta: 5066.7779173793.
2024-01-17 16:08:08,589 - INFO - Beginning optimization with guess, [0.1509142 0.0149292].
2024-01-17 16:08:34,112 - INFO - Finished optimization with guess, [0.1509142 0.0149292].
2024-01-17 16:08:34,114 - INFO - Best fit parameters: [0.66489532 0.00256324].
2024-01-17 16:08:35,021 - INFO - Maximum log composite likelihood: -277.71890792946976.
2024-01-17 16:08:35,022 - INFO - Optimal value of theta: 5079.12927070355.
2024-01-17 16:08:35,023 - INFO - Beginning optimization with guess, [0.72579128 0.01613938].
2024-01-17 16:09:00,705 - INFO - Finished optimization with guess, [0.72579128 0.01613938].
2024-01-17 16:09:00,707 - INFO - Best fit parameters: [0.74047604 0.29374226].
2024-01-17 16:09:01,682 - INFO - Maximum log composite likelihood: -192.99475232006068.
2024-01-17 16:09:01,682 - INFO - Optimal value of theta: 5910.524003134348.
2024-01-17 16:09:01,683 - INFO - Beginning optimization with guess, [0.5267209  0.01332576].
2024-01-17 16:09:27,063 - INFO - Finished optimization with guess, [0.5267209  0.01332576].
2024-01-17 16:09:27,065 - INFO - Best fit parameters: [0.73868229 0.00321484].
2024-01-17 16:09:27,733 - INFO - Maximum log composite likelihood: -277.5470907832266.
2024-01-17 16:09:27,734 - INFO - Optimal value of theta: 5074.0491220643025.
2024-01-17 16:09:27,734 - INFO - Beginning optimization with guess, [0.46651889 0.00532988].
2024-01-17 16:09:53,233 - INFO - Finished optimization with guess, [0.46651889 0.00532988].
2024-01-17 16:09:53,236 - INFO - Best fit parameters: [0.66992626 0.00273811].
2024-01-17 16:09:54,145 - INFO - Maximum log composite likelihood: -277.69254676878336.
2024-01-17 16:09:54,146 - INFO - Optimal value of theta: 5080.800803295873.
2024-01-17 16:09:54,147 - INFO - Beginning optimization with guess, [0.57297352 0.00884373].
2024-01-17 16:10:19,816 - INFO - Finished optimization with guess, [0.57297352 0.00884373].
2024-01-17 16:10:19,818 - INFO - Best fit parameters: [0.74933154 0.00319728].
2024-01-17 16:10:20,720 - INFO - Maximum log composite likelihood: -277.5395405707625.
2024-01-17 16:10:20,720 - INFO - Optimal value of theta: 5071.915784580892.
2024-01-17 16:10:20,721 - INFO - Beginning optimization with guess, [0.4821398  0.00770248].
2024-01-17 16:10:32,086 - INFO - Finished optimization with guess, [0.4821398  0.00770248].
2024-01-17 16:10:32,087 - INFO - Best fit parameters: [0.750218   0.00282123].
2024-01-17 16:10:32,423 - INFO - Maximum log composite likelihood: -277.63326828973607.
2024-01-17 16:10:32,423 - INFO - Optimal value of theta: 5067.982271059321.
2024-01-17 16:10:32,423 - INFO - Beginning optimization with guess, [0.62124821 0.01558157].
2024-01-17 16:10:41,484 - INFO - Finished optimization with guess, [0.62124821 0.01558157].
2024-01-17 16:10:41,485 - INFO - Best fit parameters: [0.84542972 0.0495581 ].
2024-01-17 16:10:41,824 - INFO - Maximum log composite likelihood: -257.7260735562047.
2024-01-17 16:10:41,824 - INFO - Optimal value of theta: 5219.616665740513.
2024-01-17 16:10:41,825 - INFO - Beginning optimization with guess, [0.96487393 0.00722378].
2024-01-17 16:10:53,161 - INFO - Finished optimization with guess, [0.96487393 0.00722378].
2024-01-17 16:10:53,162 - INFO - Best fit parameters: [0.90713136 0.33489861].
2024-01-17 16:10:53,510 - INFO - Maximum log composite likelihood: -227.8174582726441.
2024-01-17 16:10:53,511 - INFO - Optimal value of theta: 5311.332281351289.
2024-01-17 16:10:53,511 - INFO - Beginning optimization with guess, [2.20051786 0.01342718].
2024-01-17 16:11:03,131 - INFO - Finished optimization with guess, [2.20051786 0.01342718].
2024-01-17 16:11:03,132 - INFO - Best fit parameters: [0.82663226 0.01459426].
2024-01-17 16:11:03,467 - INFO - Maximum log composite likelihood: -274.12733299924537.
2024-01-17 16:11:03,467 - INFO - Optimal value of theta: 5121.6580149725905.
2024-01-17 16:11:03,467 - INFO - Beginning optimization with guess, [1.31310668 0.00713858].
2024-01-17 16:11:19,161 - INFO - Finished optimization with guess, [1.31310668 0.00713858].
2024-01-17 16:11:19,162 - INFO - Best fit parameters: [0.96785512 0.43272486].
2024-01-17 16:11:20,059 - INFO - Maximum log composite likelihood: -259.6977704029995.
2024-01-17 16:11:20,059 - INFO - Optimal value of theta: 5136.347232231923.
2024-01-17 16:11:20,059 - INFO - Beginning optimization with guess, [0.96155562 0.00504674].
2024-01-17 16:11:43,191 - INFO - Finished optimization with guess, [0.96155562 0.00504674].
2024-01-17 16:11:43,193 - INFO - Best fit parameters: [0.90899184 0.3443604 ].
2024-01-17 16:11:43,536 - INFO - Maximum log composite likelihood: -228.63716637056098.
2024-01-17 16:11:43,536 - INFO - Optimal value of theta: 5308.313596068683.
2024-01-17 16:11:43,536 - INFO - Beginning optimization with guess, [1.9872169  0.00624493].
2024-01-17 16:11:53,008 - INFO - Finished optimization with guess, [1.9872169  0.00624493].
2024-01-17 16:11:53,009 - INFO - Best fit parameters: [0.99145255 0.06851143].
2024-01-17 16:11:53,342 - INFO - Maximum log composite likelihood: -276.44834793645464.
2024-01-17 16:11:53,342 - INFO - Optimal value of theta: 5049.0033596991025.
2024-01-17 16:11:53,342 - INFO - Beginning optimization with guess, [2.44055218 0.01540888].
2024-01-17 16:12:04,990 - INFO - Finished optimization with guess, [2.44055218 0.01540888].
2024-01-17 16:12:04,991 - INFO - Best fit parameters: [0.75958251 0.00223948].
2024-01-17 16:12:05,899 - INFO - Maximum log composite likelihood: -277.93594949528404.
2024-01-17 16:12:05,900 - INFO - Optimal value of theta: 5061.1221165066845.
2024-01-17 16:12:05,901 - INFO - Beginning optimization with guess, [2.8623708  0.00840665].
2024-01-17 16:12:31,140 - INFO - Finished optimization with guess, [2.8623708  0.00840665].
2024-01-17 16:12:31,142 - INFO - Best fit parameters: [0.9869404  0.08015701].
2024-01-17 16:12:31,918 - INFO - Maximum log composite likelihood: -274.59038920914736.
2024-01-17 16:12:31,918 - INFO - Optimal value of theta: 5056.327953248279.
2024-01-17 16:12:31,919 - INFO - Beginning optimization with guess, [3.86506547 0.01569955].
2024-01-17 16:12:57,293 - INFO - Finished optimization with guess, [3.86506547 0.01569955].
2024-01-17 16:12:57,295 - INFO - Best fit parameters: [0.78266844 0.00288501].
2024-01-17 16:12:58,062 - INFO - Maximum log composite likelihood: -277.69813722951665.
2024-01-17 16:12:58,062 - INFO - Optimal value of theta: 5063.635142476733.
2024-01-17 16:12:58,063 - INFO - Beginning optimization with guess, [1.74976989 0.00614095].
2024-01-17 16:13:23,252 - INFO - Finished optimization with guess, [1.74976989 0.00614095].
2024-01-17 16:13:23,254 - INFO - Best fit parameters: [0.89135618 0.53325059].
2024-01-17 16:13:24,230 - INFO - Maximum log composite likelihood: -224.5425236036391.
2024-01-17 16:13:24,230 - INFO - Optimal value of theta: 5425.852029695145.
2024-01-17 16:13:24,231 - INFO - Beginning optimization with guess, [5.09946767 0.01246771].
2024-01-17 16:13:49,702 - INFO - Finished optimization with guess, [5.09946767 0.01246771].
2024-01-17 16:13:49,704 - INFO - Best fit parameters: [0.74432246 0.00208557].
2024-01-17 16:13:50,609 - INFO - Maximum log composite likelihood: -277.97217717971125.
2024-01-17 16:13:50,610 - INFO - Optimal value of theta: 5061.4555778943595.
2024-01-17 16:13:50,611 - INFO - Beginning optimization with guess, [3.8007687 0.0102339].
2024-01-17 16:14:14,881 - INFO - Finished optimization with guess, [3.8007687 0.0102339].
2024-01-17 16:14:14,883 - INFO - Best fit parameters: [0.66264635 0.00123103].
2024-01-17 16:14:15,784 - INFO - Maximum log composite likelihood: -278.2505514493049.
2024-01-17 16:14:15,785 - INFO - Optimal value of theta: 5059.064298148173.
2024-01-17 16:14:15,785 - INFO - Beginning optimization with guess, [5.59417666 0.0188709 ].
2024-01-17 16:14:41,125 - INFO - Finished optimization with guess, [5.59417666 0.0188709 ].
2024-01-17 16:14:41,127 - INFO - Best fit parameters: [0.6012265  0.00123499].
2024-01-17 16:14:42,026 - INFO - Maximum log composite likelihood: -278.2170079097124.
2024-01-17 16:14:42,026 - INFO - Optimal value of theta: 5065.334928292735.
2024-01-17 16:14:42,027 - INFO - Beginning optimization with guess, [3.05575341 0.0185219 ].
2024-01-17 16:15:07,322 - INFO - Finished optimization with guess, [3.05575341 0.0185219 ].
2024-01-17 16:15:07,324 - INFO - Best fit parameters: [0.81671834 0.00364105].
2024-01-17 16:15:08,238 - INFO - Maximum log composite likelihood: -277.58943104185744.
2024-01-17 16:15:08,238 - INFO - Optimal value of theta: 5063.911167185787.
2024-01-17 16:15:08,239 - INFO - Beginning optimization with guess, [7.92864314e+00 5.14492580e-03].
2024-01-17 16:15:32,598 - INFO - Finished optimization with guess, [7.92864314e+00 5.14492580e-03].
2024-01-17 16:15:32,600 - INFO - Best fit parameters: [5.28279913e-01 4.50362739e-04].
2024-01-17 16:15:33,516 - INFO - Maximum log composite likelihood: -278.54013395488346.
2024-01-17 16:15:33,517 - INFO - Optimal value of theta: 5051.987156550524.
2024-01-17 16:15:33,517 - INFO - Beginning optimization with guess, [7.58131437 0.0169931 ].
2024-01-17 16:15:57,734 - INFO - Finished optimization with guess, [7.58131437 0.0169931 ].
2024-01-17 16:15:57,736 - INFO - Best fit parameters: [0.58479704 0.00116168].
2024-01-17 16:15:58,646 - INFO - Maximum log composite likelihood: -278.2453257554363.
2024-01-17 16:15:58,646 - INFO - Optimal value of theta: 5065.5738933516095.
2024-01-17 16:15:58,647 - INFO - Beginning optimization with guess, [4.33866552 0.00659278].
2024-01-17 16:16:23,066 - INFO - Finished optimization with guess, [4.33866552 0.00659278].
2024-01-17 16:16:23,068 - INFO - Best fit parameters: [0.98182265 0.07050107].
2024-01-17 16:16:23,985 - INFO - Maximum log composite likelihood: -273.54876832638683.
2024-01-17 16:16:23,985 - INFO - Optimal value of theta: 5061.681403984822.
2024-01-17 16:16:23,991 - INFO - Beginning demographic inference for three-epoch demographic model.
2024-01-17 16:16:23,995 - INFO - Beginning optimization with guess, [0.0081836  0.0059832  0.00840672 0.01170802].
2024-01-17 16:17:09,020 - INFO - Finished optimization with guess, [0.0081836  0.0059832  0.00840672 0.01170802].
2024-01-17 16:17:09,023 - INFO - Best fit parameters: [0.00582461 0.00377315 0.00758261 0.02187357].
2024-01-17 16:17:10,658 - INFO - Maximum log composite likelihood: -181.98190566472203.
2024-01-17 16:17:10,658 - INFO - Optimal value of theta: 1175432.1511428487.
2024-01-17 16:17:10,659 - INFO - Beginning optimization with guess, [0.0102188  0.02017594 0.00571454 0.00995901].
2024-01-17 16:17:44,946 - INFO - Finished optimization with guess, [0.0102188  0.02017594 0.00571454 0.00995901].
2024-01-17 16:17:44,947 - INFO - Best fit parameters: [0.00413335 0.02698446 0.01589504 0.00765137].
2024-01-17 16:17:46,286 - INFO - Maximum log composite likelihood: -205.05192638938718.
2024-01-17 16:17:46,287 - INFO - Optimal value of theta: 198099.49709530687.
2024-01-17 16:17:46,288 - INFO - Beginning optimization with guess, [0.05112583 0.04418215 0.00859078 0.01704781].
2024-01-17 16:18:11,363 - INFO - Finished optimization with guess, [0.05112583 0.04418215 0.00859078 0.01704781].
2024-01-17 16:18:11,365 - INFO - Best fit parameters: [3.62300677e-02 4.11331779e+02 9.08098308e-06 1.39303337e-05].
2024-01-17 16:18:12,274 - INFO - Maximum log composite likelihood: -278.7234748588693.
2024-01-17 16:18:12,274 - INFO - Optimal value of theta: 5046.166973358924.
2024-01-17 16:18:12,275 - INFO - Beginning optimization with guess, [0.03605664 0.05291508 0.00928821 0.01132667].
2024-01-17 16:18:23,771 - INFO - Finished optimization with guess, [0.03605664 0.05291508 0.00928821 0.01132667].
2024-01-17 16:18:23,773 - INFO - Best fit parameters: [5.33268677e-02 2.97110135e+00 8.39131362e-05 8.45181923e-04].
2024-01-17 16:18:24,116 - INFO - Maximum log composite likelihood: -277.8343919817555.
2024-01-17 16:18:24,116 - INFO - Optimal value of theta: 5068.221939792653.
2024-01-17 16:18:24,116 - INFO - Beginning optimization with guess, [0.084556   0.0317511  0.01302638 0.0108863 ].
2024-01-17 16:18:46,368 - INFO - Finished optimization with guess, [0.084556   0.0317511  0.01302638 0.0108863 ].
2024-01-17 16:18:46,369 - INFO - Best fit parameters: [6.35157346e-02 7.78167635e+02 2.50808793e-05 4.06490240e-06].
2024-01-17 16:18:47,216 - INFO - Maximum log composite likelihood: -278.6389290650359.
2024-01-17 16:18:47,217 - INFO - Optimal value of theta: 5050.917230593398.
2024-01-17 16:18:47,217 - INFO - Beginning optimization with guess, [0.74642516 0.39504383 0.00657805 0.00826563].
2024-01-17 16:19:11,278 - INFO - Finished optimization with guess, [0.74642516 0.39504383 0.00657805 0.00826563].
2024-01-17 16:19:11,280 - INFO - Best fit parameters: [7.01999786e-01 7.91247298e-01 3.04476197e-03 6.16758320e-04].
2024-01-17 16:19:12,072 - INFO - Maximum log composite likelihood: -277.5358931838955.
2024-01-17 16:19:12,073 - INFO - Optimal value of theta: 5083.7184070988715.
2024-01-17 16:19:12,073 - INFO - Beginning optimization with guess, [0.74006222 1.06789032 0.00620007 0.00586708].
2024-01-17 16:19:38,251 - INFO - Finished optimization with guess, [0.74006222 1.06789032 0.00620007 0.00586708].
2024-01-17 16:19:38,253 - INFO - Best fit parameters: [0.6374219  1.07582912 0.41715613 0.00453486].
2024-01-17 16:19:39,229 - INFO - Maximum log composite likelihood: -160.74569413043935.
2024-01-17 16:19:39,229 - INFO - Optimal value of theta: 6583.525894766633.
2024-01-17 16:19:39,230 - INFO - Beginning optimization with guess, [0.75278838 0.40925056 0.006884   0.00991586].
2024-01-17 16:20:02,325 - INFO - Finished optimization with guess, [0.75278838 0.40925056 0.006884   0.00991586].
2024-01-17 16:20:02,328 - INFO - Best fit parameters: [7.11892513e-01 9.17735707e-01 3.93215522e-03 5.59651999e-04].
2024-01-17 16:20:03,248 - INFO - Maximum log composite likelihood: -277.31121169236246.
2024-01-17 16:20:03,248 - INFO - Optimal value of theta: 5088.837580073574.
2024-01-17 16:20:03,249 - INFO - Beginning optimization with guess, [1.38539529 0.49748745 0.00695149 0.00851511].
2024-01-17 16:20:29,990 - INFO - Finished optimization with guess, [1.38539529 0.49748745 0.00695149 0.00851511].
2024-01-17 16:20:29,993 - INFO - Best fit parameters: [1.32452408e+00 5.93605206e-01 1.28584110e-03 2.26819994e-03].
2024-01-17 16:20:30,894 - INFO - Maximum log composite likelihood: -277.8455343632588.
2024-01-17 16:20:30,894 - INFO - Optimal value of theta: 5077.711186575269.
2024-01-17 16:20:30,895 - INFO - Beginning optimization with guess, [0.62211515 1.31327062 0.01174209 0.00589783].
2024-01-17 16:20:56,316 - INFO - Finished optimization with guess, [0.62211515 1.31327062 0.01174209 0.00589783].
2024-01-17 16:20:56,318 - INFO - Best fit parameters: [0.51813136 1.43245135 0.31444069 0.01125002].
2024-01-17 16:20:57,288 - INFO - Maximum log composite likelihood: -143.07632582904898.
2024-01-17 16:20:57,289 - INFO - Optimal value of theta: 6970.711247590383.
2024-01-17 16:20:57,290 - INFO - Beginning optimization with guess, [1.42943528 0.73263873 0.01641123 0.01030816].
2024-01-17 16:21:20,333 - INFO - Finished optimization with guess, [1.42943528 0.73263873 0.01641123 0.01030816].
2024-01-17 16:21:20,335 - INFO - Best fit parameters: [1.29270913e+00 8.11868822e-01 2.75716627e-04 8.25959329e-02].
2024-01-17 16:21:21,187 - INFO - Maximum log composite likelihood: -241.34176665126404.
2024-01-17 16:21:21,187 - INFO - Optimal value of theta: 5349.643693394114.
2024-01-17 16:21:21,188 - INFO - Beginning optimization with guess, [0.93944578 1.18864994 0.00715151 0.00601006].
2024-01-17 16:21:48,897 - INFO - Finished optimization with guess, [0.93944578 1.18864994 0.00715151 0.00601006].
2024-01-17 16:21:48,899 - INFO - Best fit parameters: [9.20005438e-01 1.19946795e+00 4.12357606e-01 5.97085103e-04].
2024-01-17 16:21:49,856 - INFO - Maximum log composite likelihood: -233.92576576309898.
2024-01-17 16:21:49,856 - INFO - Optimal value of theta: 5284.697841694378.
2024-01-17 16:21:49,857 - INFO - Beginning optimization with guess, [1.66543544 1.15356802 0.00504004 0.01768889].
2024-01-17 16:22:15,368 - INFO - Finished optimization with guess, [1.66543544 1.15356802 0.00504004 0.01768889].
2024-01-17 16:22:15,371 - INFO - Best fit parameters: [1.02628223e+00 9.07378844e-01 1.58930847e-05 9.00820385e-05].
2024-01-17 16:22:16,277 - INFO - Maximum log composite likelihood: -278.9769833014915.
2024-01-17 16:22:16,278 - INFO - Optimal value of theta: 5038.576782206462.
2024-01-17 16:22:16,278 - INFO - Beginning optimization with guess, [1.46339028 2.40282479 0.01235148 0.00624525].
2024-01-17 16:22:41,902 - INFO - Finished optimization with guess, [1.46339028 2.40282479 0.01235148 0.00624525].
2024-01-17 16:22:41,904 - INFO - Best fit parameters: [6.90261450e-01 9.33975137e-01 1.38585048e-05 1.13421446e-05].
2024-01-17 16:22:42,601 - INFO - Maximum log composite likelihood: -278.97993790090766.
2024-01-17 16:22:42,601 - INFO - Optimal value of theta: 5038.515051143412.
2024-01-17 16:22:42,602 - INFO - Beginning optimization with guess, [2.97036362 1.65287818 0.00814646 0.00750773].
2024-01-17 16:23:08,264 - INFO - Finished optimization with guess, [2.97036362 1.65287818 0.00814646 0.00750773].
2024-01-17 16:23:08,275 - INFO - Best fit parameters: [1.63457485e+00 5.60103867e-01 3.48373667e-06 8.83961783e-06].
2024-01-17 16:23:08,818 - INFO - Maximum log composite likelihood: -278.9820092989951.
2024-01-17 16:23:08,819 - INFO - Optimal value of theta: 5038.467946393056.
2024-01-17 16:23:08,819 - INFO - Beginning optimization with guess, [1.56245372 1.27479255 0.01673261 0.01888833].
2024-01-17 16:23:34,441 - INFO - Finished optimization with guess, [1.56245372 1.27479255 0.01673261 0.01888833].
2024-01-17 16:23:34,444 - INFO - Best fit parameters: [6.99481163e-01 1.06197271e+00 4.95226848e-05 5.76518286e-05].
2024-01-17 16:23:35,360 - INFO - Maximum log composite likelihood: -278.9629495778554.
2024-01-17 16:23:35,360 - INFO - Optimal value of theta: 5038.8928978808935.
2024-01-17 16:23:35,361 - INFO - Beginning optimization with guess, [2.84780445 3.06975511 0.01237223 0.00789582].
2024-01-17 16:24:00,980 - INFO - Finished optimization with guess, [2.84780445 3.06975511 0.01237223 0.00789582].
2024-01-17 16:24:00,982 - INFO - Best fit parameters: [4.32487789e-01 1.32019189e+00 2.38256547e-05 6.74957908e-06].
2024-01-17 16:24:01,918 - INFO - Maximum log composite likelihood: -278.9468018785677.
2024-01-17 16:24:01,919 - INFO - Optimal value of theta: 5039.299020463843.
2024-01-17 16:24:01,919 - INFO - Beginning optimization with guess, [3.80005363 3.05203348 0.00579393 0.01101502].
2024-01-17 16:24:25,456 - INFO - Finished optimization with guess, [3.80005363 3.05203348 0.00579393 0.01101502].
2024-01-17 16:24:25,459 - INFO - Best fit parameters: [2.33143760e+00 4.85948320e-01 2.60131349e-05 1.32438592e-04].
2024-01-17 16:24:26,363 - INFO - Maximum log composite likelihood: -278.81715091646663.
2024-01-17 16:24:26,364 - INFO - Optimal value of theta: 5042.612112210392.
2024-01-17 16:24:26,364 - INFO - Beginning optimization with guess, [6.37263238e+00 3.08613004e+00 1.83631483e-02 6.29915426e-03].
2024-01-17 16:24:50,733 - INFO - Finished optimization with guess, [6.37263238e+00 3.08613004e+00 1.83631483e-02 6.29915426e-03].
2024-01-17 16:24:50,735 - INFO - Best fit parameters: [1.79475758e+00 2.74636077e-01 2.29309013e-05 5.02512353e-06].
2024-01-17 16:24:51,390 - INFO - Maximum log composite likelihood: -278.98565899847995.
2024-01-17 16:24:51,391 - INFO - Optimal value of theta: 5038.384637421417.
2024-01-17 16:24:51,392 - INFO - Beginning optimization with guess, [5.69826785 6.72800662 0.00862656 0.01969923].
2024-01-17 16:25:16,731 - INFO - Finished optimization with guess, [5.69826785 6.72800662 0.00862656 0.01969923].
2024-01-17 16:25:16,733 - INFO - Best fit parameters: [1.34364059e-01 2.36412463e+00 1.23009796e-05 3.49908303e-05].
2024-01-17 16:25:17,646 - INFO - Maximum log composite likelihood: -278.9049046097035.
2024-01-17 16:25:17,647 - INFO - Optimal value of theta: 5040.314145584359.
2024-01-17 16:25:17,648 - INFO - Beginning optimization with guess, [2.32087999 3.19961557 0.00652188 0.00529212].
2024-01-17 16:25:43,282 - INFO - Finished optimization with guess, [2.32087999 3.19961557 0.00652188 0.00529212].
2024-01-17 16:25:43,284 - INFO - Best fit parameters: [4.40573987e-01 9.13364961e-01 2.72659766e-06 7.82266553e-06].
2024-01-17 16:25:44,196 - INFO - Maximum log composite likelihood: -278.98417143949166.
2024-01-17 16:25:44,196 - INFO - Optimal value of theta: 5038.417731133008.
2024-01-17 16:25:44,197 - INFO - Beginning optimization with guess, [6.46243916e+00 4.75801993e+00 5.62399514e-03 1.79071635e-02].
2024-01-17 16:26:08,309 - INFO - Finished optimization with guess, [6.46243916e+00 4.75801993e+00 5.62399514e-03 1.79071635e-02].
2024-01-17 16:26:08,312 - INFO - Best fit parameters: [1.17670292e-01 1.63656331e+00 3.82466971e-06 2.14405860e-05].
2024-01-17 16:26:09,234 - INFO - Maximum log composite likelihood: -278.9603169487747.
2024-01-17 16:26:09,234 - INFO - Optimal value of theta: 5038.972951433463.
2024-01-17 16:26:09,235 - INFO - Beginning optimization with guess, [7.27997457e+00 7.59951154e+00 9.17356686e-03 5.78602825e-03].
2024-01-17 16:26:34,820 - INFO - Finished optimization with guess, [7.27997457e+00 7.59951154e+00 9.17356686e-03 5.78602825e-03].
2024-01-17 16:26:34,823 - INFO - Best fit parameters: [2.93175623e+00 1.73640374e-01 1.31522218e-05 1.17301941e-05].
2024-01-17 16:26:35,733 - INFO - Maximum log composite likelihood: -278.92219444992065.
2024-01-17 16:26:35,733 - INFO - Optimal value of theta: 5039.91701793155.
2024-01-17 16:26:35,734 - INFO - Beginning optimization with guess, [4.13838411e+00 1.08956563e+01 8.45929498e-03 1.24769703e-02].
2024-01-17 16:27:01,116 - INFO - Finished optimization with guess, [4.13838411e+00 1.08956563e+01 8.45929498e-03 1.24769703e-02].
2024-01-17 16:27:01,118 - INFO - Best fit parameters: [1.94317629e-01 2.93879389e+00 1.17411925e-05 1.06110068e-05].
2024-01-17 16:27:02,005 - INFO - Maximum log composite likelihood: -278.93012473197325.
2024-01-17 16:27:02,005 - INFO - Optimal value of theta: 5039.709260171009.
2024-01-17 16:27:02,006 - INFO - Beginning optimization with guess, [ 5.80963077 15.64343586  0.01596815  0.01858259].
2024-01-17 16:27:27,399 - INFO - Finished optimization with guess, [ 5.80963077 15.64343586  0.01596815  0.01858259].
2024-01-17 16:27:27,401 - INFO - Best fit parameters: [2.18947098e-01 4.43736377e+00 1.09847716e-04 7.13546036e-05].
2024-01-17 16:27:28,323 - INFO - Maximum log composite likelihood: -278.61167798899703.
2024-01-17 16:27:28,323 - INFO - Optimal value of theta: 5049.811883516571.
2024-01-17 16:27:28,329 - INFO - Finished demographic inference.
2024-01-17 16:27:28,329 - INFO - Pipeline executed succesfully.
