2024-03-14 21:24:56,515 - INFO - Beginning execution of fit_demographic_model.py in directory /u/project/kirk/jonmah/sample_size_demography/Scripts

2024-03-14 21:24:56,515 - INFO - Progress is being logged to ../Analysis/TwoEpochExpansion_680/log.log

2024-03-14 21:24:56,515 - INFO - Parsed the following arguments:
	syn_input_sfs = ../Analysis/TwoEpochExpansion_680/syn_downsampled_sfs.txt
	mask_singletons = False
	mask_doubletons = False
	outprefix = ../Analysis/TwoEpochExpansion_680/

2024-03-14 21:24:56,537 - INFO - Beginning demographic inference for one-epoch demographic model.
2024-03-14 21:24:56,538 - INFO - Beginning optimization with guess, [0.06819123].
2024-03-14 21:25:57,119 - INFO - Finished optimization with guess, [0.06819123].
2024-03-14 21:25:57,120 - INFO - Best fit parameters: [0.06819123].
2024-03-14 21:25:58,905 - INFO - Maximum log composite likelihood: -3048.5727703533644.
2024-03-14 21:25:58,906 - INFO - Optimal value of theta: 13624.637547062166.
2024-03-14 21:25:58,906 - INFO - Beginning optimization with guess, [0.16289851].
2024-03-14 21:26:55,722 - INFO - Finished optimization with guess, [0.16289851].
2024-03-14 21:26:55,724 - INFO - Best fit parameters: [0.16289851].
2024-03-14 21:26:57,473 - INFO - Maximum log composite likelihood: -3048.5727703533644.
2024-03-14 21:26:57,473 - INFO - Optimal value of theta: 13624.637547062166.
2024-03-14 21:26:57,474 - INFO - Beginning optimization with guess, [0.5693375].
2024-03-14 21:27:47,660 - INFO - Finished optimization with guess, [0.5693375].
2024-03-14 21:27:47,661 - INFO - Best fit parameters: [0.5693375].
2024-03-14 21:27:49,426 - INFO - Maximum log composite likelihood: -3048.5727703533644.
2024-03-14 21:27:49,426 - INFO - Optimal value of theta: 13624.637547062166.
2024-03-14 21:27:49,426 - INFO - Beginning optimization with guess, [0.45535253].
2024-03-14 21:28:40,037 - INFO - Finished optimization with guess, [0.45535253].
2024-03-14 21:28:40,038 - INFO - Best fit parameters: [0.45535253].
2024-03-14 21:28:41,969 - INFO - Maximum log composite likelihood: -3048.5727703533644.
2024-03-14 21:28:41,969 - INFO - Optimal value of theta: 13624.637547062166.
2024-03-14 21:28:41,970 - INFO - Beginning optimization with guess, [0.43320062].
2024-03-14 21:29:31,898 - INFO - Finished optimization with guess, [0.43320062].
2024-03-14 21:29:31,899 - INFO - Best fit parameters: [0.43320062].
2024-03-14 21:29:33,353 - INFO - Maximum log composite likelihood: -3048.5727703533644.
2024-03-14 21:29:33,353 - INFO - Optimal value of theta: 13624.637547062166.
2024-03-14 21:29:33,354 - INFO - Beginning optimization with guess, [0.70571325].
2024-03-14 21:30:17,087 - INFO - Finished optimization with guess, [0.70571325].
2024-03-14 21:30:17,090 - INFO - Best fit parameters: [0.70571325].
2024-03-14 21:30:18,769 - INFO - Maximum log composite likelihood: -3048.5727703533644.
2024-03-14 21:30:18,769 - INFO - Optimal value of theta: 13624.637547062166.
2024-03-14 21:30:18,770 - INFO - Beginning optimization with guess, [0.94445198].
2024-03-14 21:30:46,822 - INFO - Finished optimization with guess, [0.94445198].
2024-03-14 21:30:46,823 - INFO - Best fit parameters: [0.94445198].
2024-03-14 21:30:48,338 - INFO - Maximum log composite likelihood: -3048.5727703533644.
2024-03-14 21:30:48,338 - INFO - Optimal value of theta: 13624.637547062166.
2024-03-14 21:30:48,338 - INFO - Beginning optimization with guess, [1.13315379].
2024-03-14 21:31:21,528 - INFO - Finished optimization with guess, [1.13315379].
2024-03-14 21:31:21,529 - INFO - Best fit parameters: [1.13315379].
2024-03-14 21:31:23,116 - INFO - Maximum log composite likelihood: -3048.5727703533644.
2024-03-14 21:31:23,116 - INFO - Optimal value of theta: 13624.637547062166.
2024-03-14 21:31:23,117 - INFO - Beginning optimization with guess, [1.75250491].
2024-03-14 21:32:13,507 - INFO - Finished optimization with guess, [1.75250491].
2024-03-14 21:32:13,508 - INFO - Best fit parameters: [1.75250491].
2024-03-14 21:32:15,300 - INFO - Maximum log composite likelihood: -3048.5727703533644.
2024-03-14 21:32:15,300 - INFO - Optimal value of theta: 13624.637547062166.
2024-03-14 21:32:15,300 - INFO - Beginning optimization with guess, [0.8026344].
2024-03-14 21:32:55,914 - INFO - Finished optimization with guess, [0.8026344].
2024-03-14 21:32:55,916 - INFO - Best fit parameters: [0.8026344].
2024-03-14 21:32:57,631 - INFO - Maximum log composite likelihood: -3048.5727703533644.
2024-03-14 21:32:57,631 - INFO - Optimal value of theta: 13624.637547062166.
2024-03-14 21:32:57,632 - INFO - Beginning optimization with guess, [1.72672979].
2024-03-14 21:33:49,065 - INFO - Finished optimization with guess, [1.72672979].
2024-03-14 21:33:49,066 - INFO - Best fit parameters: [1.72672979].
2024-03-14 21:33:51,033 - INFO - Maximum log composite likelihood: -3048.5727703533644.
2024-03-14 21:33:51,033 - INFO - Optimal value of theta: 13624.637547062166.
2024-03-14 21:33:51,034 - INFO - Beginning optimization with guess, [2.74592994].
2024-03-14 21:34:41,907 - INFO - Finished optimization with guess, [2.74592994].
2024-03-14 21:34:41,908 - INFO - Best fit parameters: [2.74592994].
2024-03-14 21:34:43,626 - INFO - Maximum log composite likelihood: -3048.5727703533644.
2024-03-14 21:34:43,627 - INFO - Optimal value of theta: 13624.637547062166.
2024-03-14 21:34:43,627 - INFO - Beginning optimization with guess, [2.45767508].
2024-03-14 21:35:33,617 - INFO - Finished optimization with guess, [2.45767508].
2024-03-14 21:35:33,618 - INFO - Best fit parameters: [2.45767508].
2024-03-14 21:35:35,303 - INFO - Maximum log composite likelihood: -3048.5727703533644.
2024-03-14 21:35:35,303 - INFO - Optimal value of theta: 13624.637547062166.
2024-03-14 21:35:35,304 - INFO - Beginning optimization with guess, [3.11002621].
2024-03-14 21:36:31,110 - INFO - Finished optimization with guess, [3.11002621].
2024-03-14 21:36:31,112 - INFO - Best fit parameters: [3.11002621].
2024-03-14 21:36:32,830 - INFO - Maximum log composite likelihood: -3048.5727703533644.
2024-03-14 21:36:32,830 - INFO - Optimal value of theta: 13624.637547062166.
2024-03-14 21:36:32,831 - INFO - Beginning optimization with guess, [2.95847565].
2024-03-14 21:37:30,570 - INFO - Finished optimization with guess, [2.95847565].
2024-03-14 21:37:30,572 - INFO - Best fit parameters: [2.95847565].
2024-03-14 21:37:32,373 - INFO - Maximum log composite likelihood: -3048.5727703533644.
2024-03-14 21:37:32,373 - INFO - Optimal value of theta: 13624.637547062166.
2024-03-14 21:37:32,373 - INFO - Beginning optimization with guess, [3.97409129].
2024-03-14 21:38:28,400 - INFO - Finished optimization with guess, [3.97409129].
2024-03-14 21:38:28,402 - INFO - Best fit parameters: [3.97409129].
2024-03-14 21:38:30,089 - INFO - Maximum log composite likelihood: -3048.5727703533644.
2024-03-14 21:38:30,090 - INFO - Optimal value of theta: 13624.637547062166.
2024-03-14 21:38:30,090 - INFO - Beginning optimization with guess, [4.83736815].
2024-03-14 21:39:24,713 - INFO - Finished optimization with guess, [4.83736815].
2024-03-14 21:39:24,714 - INFO - Best fit parameters: [4.83736815].
2024-03-14 21:39:26,416 - INFO - Maximum log composite likelihood: -3048.5727703533644.
2024-03-14 21:39:26,416 - INFO - Optimal value of theta: 13624.637547062166.
2024-03-14 21:39:26,416 - INFO - Beginning optimization with guess, [5.48040673].
2024-03-14 21:40:21,082 - INFO - Finished optimization with guess, [5.48040673].
2024-03-14 21:40:21,083 - INFO - Best fit parameters: [5.48040673].
2024-03-14 21:40:22,768 - INFO - Maximum log composite likelihood: -3048.5727703533644.
2024-03-14 21:40:22,768 - INFO - Optimal value of theta: 13624.637547062166.
2024-03-14 21:40:22,768 - INFO - Beginning optimization with guess, [1.86651657].
2024-03-14 21:41:11,870 - INFO - Finished optimization with guess, [1.86651657].
2024-03-14 21:41:11,871 - INFO - Best fit parameters: [1.86651657].
2024-03-14 21:41:13,555 - INFO - Maximum log composite likelihood: -3048.5727703533644.
2024-03-14 21:41:13,555 - INFO - Optimal value of theta: 13624.637547062166.
2024-03-14 21:41:13,556 - INFO - Beginning optimization with guess, [5.74328755].
2024-03-14 21:42:08,294 - INFO - Finished optimization with guess, [5.74328755].
2024-03-14 21:42:08,295 - INFO - Best fit parameters: [5.74328755].
2024-03-14 21:42:09,995 - INFO - Maximum log composite likelihood: -3048.5727703533644.
2024-03-14 21:42:09,996 - INFO - Optimal value of theta: 13624.637547062166.
2024-03-14 21:42:09,996 - INFO - Beginning optimization with guess, [4.62901279].
2024-03-14 21:43:04,479 - INFO - Finished optimization with guess, [4.62901279].
2024-03-14 21:43:04,480 - INFO - Best fit parameters: [4.62901279].
2024-03-14 21:43:06,167 - INFO - Maximum log composite likelihood: -3048.5727703533644.
2024-03-14 21:43:06,168 - INFO - Optimal value of theta: 13624.637547062166.
2024-03-14 21:43:06,168 - INFO - Beginning optimization with guess, [5.80038181].
2024-03-14 21:44:01,034 - INFO - Finished optimization with guess, [5.80038181].
2024-03-14 21:44:01,035 - INFO - Best fit parameters: [5.80038181].
2024-03-14 21:44:02,794 - INFO - Maximum log composite likelihood: -3048.5727703533644.
2024-03-14 21:44:02,794 - INFO - Optimal value of theta: 13624.637547062166.
2024-03-14 21:44:02,794 - INFO - Beginning optimization with guess, [11.88921527].
2024-03-14 21:45:02,304 - INFO - Finished optimization with guess, [11.88921527].
2024-03-14 21:45:02,305 - INFO - Best fit parameters: [11.88921527].
2024-03-14 21:45:03,989 - INFO - Maximum log composite likelihood: -3048.5727703533644.
2024-03-14 21:45:03,989 - INFO - Optimal value of theta: 13624.637547062166.
2024-03-14 21:45:03,990 - INFO - Beginning optimization with guess, [11.04783665].
2024-03-14 21:46:03,391 - INFO - Finished optimization with guess, [11.04783665].
2024-03-14 21:46:03,393 - INFO - Best fit parameters: [11.04783665].
2024-03-14 21:46:05,213 - INFO - Maximum log composite likelihood: -3048.5727703533644.
2024-03-14 21:46:05,213 - INFO - Optimal value of theta: 13624.637547062166.
2024-03-14 21:46:05,213 - INFO - Beginning optimization with guess, [13.61768987].
2024-03-14 21:47:04,913 - INFO - Finished optimization with guess, [13.61768987].
2024-03-14 21:47:04,915 - INFO - Best fit parameters: [13.61768987].
2024-03-14 21:47:06,604 - INFO - Maximum log composite likelihood: -3048.5727703533644.
2024-03-14 21:47:06,604 - INFO - Optimal value of theta: 13624.637547062166.
2024-03-14 21:47:06,611 - INFO - Finished demographic inference.
2024-03-14 21:47:06,611 - INFO - Pipeline executed succesfully.
