2025-01-17 13:33:34,073 - INFO - Beginning execution of fit_demographic_model.py in directory /u/project/kirk/jonmah/sample_size_demography/Scripts

2025-01-17 13:33:34,074 - INFO - Progress is being logged to ../Analysis/gnomAD_430/log.log

2025-01-17 13:33:34,074 - INFO - Parsed the following arguments:
	syn_input_sfs = ../Analysis/gnomAD_430/syn_downsampled_sfs.txt
	mask_singletons = False
	mask_doubletons = False
	outprefix = ../Analysis/gnomAD_430/

2025-01-17 13:33:34,093 - INFO - Beginning demographic inference for one-epoch demographic model.
2025-01-17 13:33:34,096 - INFO - Beginning optimization with guess, [0.06767089].
2025-01-17 13:34:06,563 - INFO - Finished optimization with guess, [0.06767089].
2025-01-17 13:34:06,565 - INFO - Best fit parameters: [0.06767089].
2025-01-17 13:34:07,491 - INFO - Maximum log composite likelihood: -9901.95214118822.
2025-01-17 13:34:07,491 - INFO - Optimal value of theta: 7492.914451678348.
2025-01-17 13:34:07,492 - INFO - Beginning optimization with guess, [0.24389353].
2025-01-17 13:34:37,102 - INFO - Finished optimization with guess, [0.24389353].
2025-01-17 13:34:37,103 - INFO - Best fit parameters: [0.24389353].
2025-01-17 13:34:38,027 - INFO - Maximum log composite likelihood: -9901.95214118822.
2025-01-17 13:34:38,027 - INFO - Optimal value of theta: 7492.914451678348.
2025-01-17 13:34:38,027 - INFO - Beginning optimization with guess, [0.16013623].
2025-01-17 13:35:07,748 - INFO - Finished optimization with guess, [0.16013623].
2025-01-17 13:35:07,749 - INFO - Best fit parameters: [0.16013623].
2025-01-17 13:35:08,673 - INFO - Maximum log composite likelihood: -9901.95214118822.
2025-01-17 13:35:08,673 - INFO - Optimal value of theta: 7492.914451678348.
2025-01-17 13:35:08,673 - INFO - Beginning optimization with guess, [0.4512343].
2025-01-17 13:35:35,302 - INFO - Finished optimization with guess, [0.4512343].
2025-01-17 13:35:35,303 - INFO - Best fit parameters: [0.4512343].
2025-01-17 13:35:36,213 - INFO - Maximum log composite likelihood: -9901.95214118822.
2025-01-17 13:35:36,213 - INFO - Optimal value of theta: 7492.914451678348.
2025-01-17 13:35:36,214 - INFO - Beginning optimization with guess, [0.37706722].
2025-01-17 13:36:03,208 - INFO - Finished optimization with guess, [0.37706722].
2025-01-17 13:36:03,209 - INFO - Best fit parameters: [0.37706722].
2025-01-17 13:36:04,213 - INFO - Maximum log composite likelihood: -9901.95214118822.
2025-01-17 13:36:04,213 - INFO - Optimal value of theta: 7492.914451678348.
2025-01-17 13:36:04,213 - INFO - Beginning optimization with guess, [0.32728857].
2025-01-17 13:36:33,662 - INFO - Finished optimization with guess, [0.32728857].
2025-01-17 13:36:33,663 - INFO - Best fit parameters: [0.32728857].
2025-01-17 13:36:34,537 - INFO - Maximum log composite likelihood: -9901.95214118822.
2025-01-17 13:36:34,538 - INFO - Optimal value of theta: 7492.914451678348.
2025-01-17 13:36:34,538 - INFO - Beginning optimization with guess, [1.33274394].
2025-01-17 13:36:58,287 - INFO - Finished optimization with guess, [1.33274394].
2025-01-17 13:36:58,288 - INFO - Best fit parameters: [1.33274394].
2025-01-17 13:36:59,159 - INFO - Maximum log composite likelihood: -9901.95214118822.
2025-01-17 13:36:59,160 - INFO - Optimal value of theta: 7492.914451678348.
2025-01-17 13:36:59,160 - INFO - Beginning optimization with guess, [0.54256753].
2025-01-17 13:37:24,454 - INFO - Finished optimization with guess, [0.54256753].
2025-01-17 13:37:24,455 - INFO - Best fit parameters: [0.54256753].
2025-01-17 13:37:25,326 - INFO - Maximum log composite likelihood: -9901.95214118822.
2025-01-17 13:37:25,327 - INFO - Optimal value of theta: 7492.914451678348.
2025-01-17 13:37:25,327 - INFO - Beginning optimization with guess, [1.35023629].
2025-01-17 13:37:48,001 - INFO - Finished optimization with guess, [1.35023629].
2025-01-17 13:37:48,002 - INFO - Best fit parameters: [1.35023629].
2025-01-17 13:37:48,874 - INFO - Maximum log composite likelihood: -9901.95214118822.
2025-01-17 13:37:48,874 - INFO - Optimal value of theta: 7492.914451678348.
2025-01-17 13:37:48,874 - INFO - Beginning optimization with guess, [0.82340014].
2025-01-17 13:38:09,346 - INFO - Finished optimization with guess, [0.82340014].
2025-01-17 13:38:09,346 - INFO - Best fit parameters: [0.82340014].
2025-01-17 13:38:10,218 - INFO - Maximum log composite likelihood: -9901.95214118822.
2025-01-17 13:38:10,218 - INFO - Optimal value of theta: 7492.914451678348.
2025-01-17 13:38:10,218 - INFO - Beginning optimization with guess, [2.11606652].
2025-01-17 13:38:35,805 - INFO - Finished optimization with guess, [2.11606652].
2025-01-17 13:38:35,806 - INFO - Best fit parameters: [2.11606652].
2025-01-17 13:38:36,681 - INFO - Maximum log composite likelihood: -9901.95214118822.
2025-01-17 13:38:36,681 - INFO - Optimal value of theta: 7492.914451678348.
2025-01-17 13:38:36,681 - INFO - Beginning optimization with guess, [1.16516194].
2025-01-17 13:38:57,853 - INFO - Finished optimization with guess, [1.16516194].
2025-01-17 13:38:57,854 - INFO - Best fit parameters: [1.16516194].
2025-01-17 13:38:58,729 - INFO - Maximum log composite likelihood: -9901.95214118822.
2025-01-17 13:38:58,729 - INFO - Optimal value of theta: 7492.914451678348.
2025-01-17 13:38:58,729 - INFO - Beginning optimization with guess, [1.41112735].
2025-01-17 13:39:22,134 - INFO - Finished optimization with guess, [1.41112735].
2025-01-17 13:39:22,135 - INFO - Best fit parameters: [1.41112735].
2025-01-17 13:39:23,032 - INFO - Maximum log composite likelihood: -9901.95214118822.
2025-01-17 13:39:23,032 - INFO - Optimal value of theta: 7492.914451678348.
2025-01-17 13:39:23,033 - INFO - Beginning optimization with guess, [1.14275487].
2025-01-17 13:39:43,639 - INFO - Finished optimization with guess, [1.14275487].
2025-01-17 13:39:43,640 - INFO - Best fit parameters: [1.14275487].
2025-01-17 13:39:44,511 - INFO - Maximum log composite likelihood: -9901.95214118822.
2025-01-17 13:39:44,511 - INFO - Optimal value of theta: 7492.914451678348.
2025-01-17 13:39:44,512 - INFO - Beginning optimization with guess, [2.90438321].
2025-01-17 13:40:12,441 - INFO - Finished optimization with guess, [2.90438321].
2025-01-17 13:40:12,442 - INFO - Best fit parameters: [2.90438321].
2025-01-17 13:40:13,316 - INFO - Maximum log composite likelihood: -9901.95214118822.
2025-01-17 13:40:13,316 - INFO - Optimal value of theta: 7492.914451678348.
2025-01-17 13:40:13,316 - INFO - Beginning optimization with guess, [4.58983011].
2025-01-17 13:40:41,409 - INFO - Finished optimization with guess, [4.58983011].
2025-01-17 13:40:41,410 - INFO - Best fit parameters: [4.58983011].
2025-01-17 13:40:42,280 - INFO - Maximum log composite likelihood: -9901.95214118822.
2025-01-17 13:40:42,280 - INFO - Optimal value of theta: 7492.914451678348.
2025-01-17 13:40:42,281 - INFO - Beginning optimization with guess, [2.81831211].
2025-01-17 13:41:10,242 - INFO - Finished optimization with guess, [2.81831211].
2025-01-17 13:41:10,243 - INFO - Best fit parameters: [2.81831211].
2025-01-17 13:41:11,114 - INFO - Maximum log composite likelihood: -9901.95214118822.
2025-01-17 13:41:11,114 - INFO - Optimal value of theta: 7492.914451678348.
2025-01-17 13:41:11,115 - INFO - Beginning optimization with guess, [2.84012564].
2025-01-17 13:41:39,238 - INFO - Finished optimization with guess, [2.84012564].
2025-01-17 13:41:39,239 - INFO - Best fit parameters: [2.84012564].
2025-01-17 13:41:40,115 - INFO - Maximum log composite likelihood: -9901.95214118822.
2025-01-17 13:41:40,116 - INFO - Optimal value of theta: 7492.914451678348.
2025-01-17 13:41:40,116 - INFO - Beginning optimization with guess, [6.65292107].
2025-01-17 13:42:09,000 - INFO - Finished optimization with guess, [6.65292107].
2025-01-17 13:42:09,001 - INFO - Best fit parameters: [6.65292107].
2025-01-17 13:42:09,925 - INFO - Maximum log composite likelihood: -9901.95214118822.
2025-01-17 13:42:09,925 - INFO - Optimal value of theta: 7492.914451678348.
2025-01-17 13:42:09,925 - INFO - Beginning optimization with guess, [2.31406512].
2025-01-17 13:42:36,356 - INFO - Finished optimization with guess, [2.31406512].
2025-01-17 13:42:36,357 - INFO - Best fit parameters: [2.31406512].
2025-01-17 13:42:37,264 - INFO - Maximum log composite likelihood: -9901.95214118822.
2025-01-17 13:42:37,264 - INFO - Optimal value of theta: 7492.914451678348.
2025-01-17 13:42:37,265 - INFO - Beginning optimization with guess, [6.96651542].
2025-01-17 13:43:05,526 - INFO - Finished optimization with guess, [6.96651542].
2025-01-17 13:43:05,527 - INFO - Best fit parameters: [6.96651542].
2025-01-17 13:43:06,448 - INFO - Maximum log composite likelihood: -9901.95214118822.
2025-01-17 13:43:06,448 - INFO - Optimal value of theta: 7492.914451678348.
2025-01-17 13:43:06,448 - INFO - Beginning optimization with guess, [7.91133891].
2025-01-17 13:43:38,098 - INFO - Finished optimization with guess, [7.91133891].
2025-01-17 13:43:38,099 - INFO - Best fit parameters: [7.91133891].
2025-01-17 13:43:38,998 - INFO - Maximum log composite likelihood: -9901.95214118822.
2025-01-17 13:43:38,999 - INFO - Optimal value of theta: 7492.914451678348.
2025-01-17 13:43:38,999 - INFO - Beginning optimization with guess, [7.30641726].
2025-01-17 13:44:07,787 - INFO - Finished optimization with guess, [7.30641726].
2025-01-17 13:44:07,788 - INFO - Best fit parameters: [7.30641726].
2025-01-17 13:44:08,660 - INFO - Maximum log composite likelihood: -9901.95214118822.
2025-01-17 13:44:08,660 - INFO - Optimal value of theta: 7492.914451678348.
2025-01-17 13:44:08,660 - INFO - Beginning optimization with guess, [6.40015885].
2025-01-17 13:44:36,552 - INFO - Finished optimization with guess, [6.40015885].
2025-01-17 13:44:36,556 - INFO - Best fit parameters: [6.40015885].
2025-01-17 13:44:37,428 - INFO - Maximum log composite likelihood: -9901.95214118822.
2025-01-17 13:44:37,428 - INFO - Optimal value of theta: 7492.914451678348.
2025-01-17 13:44:37,428 - INFO - Beginning optimization with guess, [4.53728802].
2025-01-17 13:45:05,855 - INFO - Finished optimization with guess, [4.53728802].
2025-01-17 13:45:05,856 - INFO - Best fit parameters: [4.53728802].
2025-01-17 13:45:06,727 - INFO - Maximum log composite likelihood: -9901.95214118822.
2025-01-17 13:45:06,728 - INFO - Optimal value of theta: 7492.914451678348.
2025-01-17 13:45:06,733 - INFO - Finished demographic inference.
2025-01-17 13:45:06,733 - INFO - Pipeline executed succesfully.
