2024-03-14 20:42:40,122 - INFO - Beginning execution of fit_demographic_model.py in directory /u/project/kirk/jonmah/sample_size_demography/Scripts

2024-03-14 20:42:40,122 - INFO - Progress is being logged to ../Analysis/TwoEpochExpansion_70/log.log

2024-03-14 20:42:40,123 - INFO - Parsed the following arguments:
	syn_input_sfs = ../Analysis/TwoEpochExpansion_70/syn_downsampled_sfs.txt
	mask_singletons = False
	mask_doubletons = False
	outprefix = ../Analysis/TwoEpochExpansion_70/

2024-03-14 20:42:40,124 - INFO - Beginning demographic inference for one-epoch demographic model.
2024-03-14 20:42:40,125 - INFO - Beginning optimization with guess, [0.12474722].
2024-03-14 20:42:50,569 - INFO - Finished optimization with guess, [0.12474722].
2024-03-14 20:42:50,570 - INFO - Best fit parameters: [0.12474722].
2024-03-14 20:42:50,877 - INFO - Maximum log composite likelihood: -258.4598393111644.
2024-03-14 20:42:50,877 - INFO - Optimal value of theta: 12320.150028054875.
2024-03-14 20:42:50,878 - INFO - Beginning optimization with guess, [0.36377655].
2024-03-14 20:42:59,497 - INFO - Finished optimization with guess, [0.36377655].
2024-03-14 20:42:59,731 - INFO - Best fit parameters: [0.36377655].
2024-03-14 20:43:00,088 - INFO - Maximum log composite likelihood: -258.4598393111644.
2024-03-14 20:43:00,088 - INFO - Optimal value of theta: 12320.150028054875.
2024-03-14 20:43:00,089 - INFO - Beginning optimization with guess, [0.51565936].
2024-03-14 20:43:08,807 - INFO - Finished optimization with guess, [0.51565936].
2024-03-14 20:43:08,808 - INFO - Best fit parameters: [0.51565936].
2024-03-14 20:43:09,109 - INFO - Maximum log composite likelihood: -258.4598393111644.
2024-03-14 20:43:09,109 - INFO - Optimal value of theta: 12320.150028054875.
2024-03-14 20:43:09,109 - INFO - Beginning optimization with guess, [0.74143773].
2024-03-14 20:43:16,484 - INFO - Finished optimization with guess, [0.74143773].
2024-03-14 20:43:16,485 - INFO - Best fit parameters: [0.74143773].
2024-03-14 20:43:16,766 - INFO - Maximum log composite likelihood: -258.4598393111644.
2024-03-14 20:43:16,767 - INFO - Optimal value of theta: 12320.150028054875.
2024-03-14 20:43:16,767 - INFO - Beginning optimization with guess, [0.37107635].
2024-03-14 20:43:25,312 - INFO - Finished optimization with guess, [0.37107635].
2024-03-14 20:43:25,313 - INFO - Best fit parameters: [0.37107635].
2024-03-14 20:43:25,611 - INFO - Maximum log composite likelihood: -258.4598393111644.
2024-03-14 20:43:25,611 - INFO - Optimal value of theta: 12320.150028054875.
2024-03-14 20:43:25,611 - INFO - Beginning optimization with guess, [1.04260007].
2024-03-14 20:43:30,624 - INFO - Finished optimization with guess, [1.04260007].
2024-03-14 20:43:30,624 - INFO - Best fit parameters: [1.04260007].
2024-03-14 20:43:30,927 - INFO - Maximum log composite likelihood: -258.4598393111644.
2024-03-14 20:43:30,927 - INFO - Optimal value of theta: 12320.150028054875.
2024-03-14 20:43:30,927 - INFO - Beginning optimization with guess, [1.04916937].
2024-03-14 20:43:36,039 - INFO - Finished optimization with guess, [1.04916937].
2024-03-14 20:43:36,039 - INFO - Best fit parameters: [1.04916937].
2024-03-14 20:43:36,338 - INFO - Maximum log composite likelihood: -258.4598393111644.
2024-03-14 20:43:36,338 - INFO - Optimal value of theta: 12320.150028054875.
2024-03-14 20:43:36,338 - INFO - Beginning optimization with guess, [0.77771294].
2024-03-14 20:43:43,239 - INFO - Finished optimization with guess, [0.77771294].
2024-03-14 20:43:43,240 - INFO - Best fit parameters: [0.77771294].
2024-03-14 20:43:43,541 - INFO - Maximum log composite likelihood: -258.4598393111644.
2024-03-14 20:43:43,541 - INFO - Optimal value of theta: 12320.150028054875.
2024-03-14 20:43:43,542 - INFO - Beginning optimization with guess, [0.67392999].
2024-03-14 20:43:51,186 - INFO - Finished optimization with guess, [0.67392999].
2024-03-14 20:43:51,188 - INFO - Best fit parameters: [0.67392999].
2024-03-14 20:43:51,479 - INFO - Maximum log composite likelihood: -258.4598393111644.
2024-03-14 20:43:51,480 - INFO - Optimal value of theta: 12320.150028054875.
2024-03-14 20:43:51,480 - INFO - Beginning optimization with guess, [0.55743766].
2024-03-14 20:43:59,270 - INFO - Finished optimization with guess, [0.55743766].
2024-03-14 20:43:59,271 - INFO - Best fit parameters: [0.55743766].
2024-03-14 20:43:59,534 - INFO - Maximum log composite likelihood: -258.4598393111644.
2024-03-14 20:43:59,534 - INFO - Optimal value of theta: 12320.150028054875.
2024-03-14 20:43:59,534 - INFO - Beginning optimization with guess, [0.72732025].
2024-03-14 20:44:06,678 - INFO - Finished optimization with guess, [0.72732025].
2024-03-14 20:44:06,678 - INFO - Best fit parameters: [0.72732025].
2024-03-14 20:44:06,994 - INFO - Maximum log composite likelihood: -258.4598393111644.
2024-03-14 20:44:06,995 - INFO - Optimal value of theta: 12320.150028054875.
2024-03-14 20:44:06,995 - INFO - Beginning optimization with guess, [2.01341919].
2024-03-14 20:44:15,870 - INFO - Finished optimization with guess, [2.01341919].
2024-03-14 20:44:16,135 - INFO - Best fit parameters: [2.01341919].
2024-03-14 20:44:16,468 - INFO - Maximum log composite likelihood: -258.4598393111644.
2024-03-14 20:44:16,469 - INFO - Optimal value of theta: 12320.150028054875.
2024-03-14 20:44:16,469 - INFO - Beginning optimization with guess, [1.06502249].
2024-03-14 20:44:21,481 - INFO - Finished optimization with guess, [1.06502249].
2024-03-14 20:44:21,481 - INFO - Best fit parameters: [1.06502249].
2024-03-14 20:44:21,775 - INFO - Maximum log composite likelihood: -258.4598393111644.
2024-03-14 20:44:21,775 - INFO - Optimal value of theta: 12320.150028054875.
2024-03-14 20:44:21,775 - INFO - Beginning optimization with guess, [1.85178168].
2024-03-14 20:44:30,023 - INFO - Finished optimization with guess, [1.85178168].
2024-03-14 20:44:30,025 - INFO - Best fit parameters: [1.85178168].
2024-03-14 20:44:30,314 - INFO - Maximum log composite likelihood: -258.4598393111644.
2024-03-14 20:44:30,314 - INFO - Optimal value of theta: 12320.150028054875.
2024-03-14 20:44:30,314 - INFO - Beginning optimization with guess, [1.14596909].
2024-03-14 20:44:36,858 - INFO - Finished optimization with guess, [1.14596909].
2024-03-14 20:44:36,858 - INFO - Best fit parameters: [1.14596909].
2024-03-14 20:44:37,149 - INFO - Maximum log composite likelihood: -258.4598393111644.
2024-03-14 20:44:37,149 - INFO - Optimal value of theta: 12320.150028054875.
2024-03-14 20:44:37,149 - INFO - Beginning optimization with guess, [2.84014414].
2024-03-14 20:44:46,439 - INFO - Finished optimization with guess, [2.84014414].
2024-03-14 20:44:46,625 - INFO - Best fit parameters: [2.84014414].
2024-03-14 20:44:47,020 - INFO - Maximum log composite likelihood: -258.4598393111644.
2024-03-14 20:44:47,020 - INFO - Optimal value of theta: 12320.150028054875.
2024-03-14 20:44:47,021 - INFO - Beginning optimization with guess, [1.59534163].
2024-03-14 20:44:54,686 - INFO - Finished optimization with guess, [1.59534163].
2024-03-14 20:44:54,690 - INFO - Best fit parameters: [1.59534163].
2024-03-14 20:44:54,975 - INFO - Maximum log composite likelihood: -258.4598393111644.
2024-03-14 20:44:54,975 - INFO - Optimal value of theta: 12320.150028054875.
2024-03-14 20:44:54,976 - INFO - Beginning optimization with guess, [5.02979901].
2024-03-14 20:45:04,745 - INFO - Finished optimization with guess, [5.02979901].
2024-03-14 20:45:04,746 - INFO - Best fit parameters: [5.02979901].
2024-03-14 20:45:05,055 - INFO - Maximum log composite likelihood: -258.4598393111644.
2024-03-14 20:45:05,055 - INFO - Optimal value of theta: 12320.150028054875.
2024-03-14 20:45:05,055 - INFO - Beginning optimization with guess, [2.2478978].
2024-03-14 20:45:13,579 - INFO - Finished optimization with guess, [2.2478978].
2024-03-14 20:45:13,581 - INFO - Best fit parameters: [2.2478978].
2024-03-14 20:45:13,869 - INFO - Maximum log composite likelihood: -258.4598393111644.
2024-03-14 20:45:13,869 - INFO - Optimal value of theta: 12320.150028054875.
2024-03-14 20:45:13,869 - INFO - Beginning optimization with guess, [4.65647473].
2024-03-14 20:45:23,212 - INFO - Finished optimization with guess, [4.65647473].
2024-03-14 20:45:23,457 - INFO - Best fit parameters: [4.65647473].
2024-03-14 20:45:23,796 - INFO - Maximum log composite likelihood: -258.4598393111644.
2024-03-14 20:45:23,796 - INFO - Optimal value of theta: 12320.150028054875.
2024-03-14 20:45:23,796 - INFO - Beginning optimization with guess, [3.99453503].
2024-03-14 20:45:33,094 - INFO - Finished optimization with guess, [3.99453503].
2024-03-14 20:45:33,100 - INFO - Best fit parameters: [3.99453503].
2024-03-14 20:45:33,399 - INFO - Maximum log composite likelihood: -258.4598393111644.
2024-03-14 20:45:33,400 - INFO - Optimal value of theta: 12320.150028054875.
2024-03-14 20:45:33,400 - INFO - Beginning optimization with guess, [3.69194659].
2024-03-14 20:45:42,950 - INFO - Finished optimization with guess, [3.69194659].
2024-03-14 20:45:42,951 - INFO - Best fit parameters: [3.69194659].
2024-03-14 20:45:43,252 - INFO - Maximum log composite likelihood: -258.4598393111644.
2024-03-14 20:45:43,252 - INFO - Optimal value of theta: 12320.150028054875.
2024-03-14 20:45:43,252 - INFO - Beginning optimization with guess, [10.72991051].
2024-03-14 20:45:52,877 - INFO - Finished optimization with guess, [10.72991051].
2024-03-14 20:45:52,878 - INFO - Best fit parameters: [10.72991051].
2024-03-14 20:45:53,182 - INFO - Maximum log composite likelihood: -258.4598393111644.
2024-03-14 20:45:53,182 - INFO - Optimal value of theta: 12320.150028054875.
2024-03-14 20:45:53,182 - INFO - Beginning optimization with guess, [10.63012303].
2024-03-14 20:46:03,284 - INFO - Finished optimization with guess, [10.63012303].
2024-03-14 20:46:03,286 - INFO - Best fit parameters: [10.63012303].
2024-03-14 20:46:03,594 - INFO - Maximum log composite likelihood: -258.4598393111644.
2024-03-14 20:46:03,594 - INFO - Optimal value of theta: 12320.150028054875.
2024-03-14 20:46:03,595 - INFO - Beginning optimization with guess, [5.76521498].
2024-03-14 20:46:13,426 - INFO - Finished optimization with guess, [5.76521498].
2024-03-14 20:46:13,429 - INFO - Best fit parameters: [5.76521498].
2024-03-14 20:46:13,725 - INFO - Maximum log composite likelihood: -258.4598393111644.
2024-03-14 20:46:13,726 - INFO - Optimal value of theta: 12320.150028054875.
2024-03-14 20:46:13,733 - INFO - Finished demographic inference.
2024-03-14 20:46:13,733 - INFO - Pipeline executed succesfully.
