2025-08-06 09:17:50,870 - INFO - Beginning execution of fit_demographic_model.py in directory /u/project/kirk-bigdata/jonmah/sample_size_demography/Scripts

2025-08-06 09:17:50,871 - INFO - Progress is being logged to ../Analysis/msprime_3EpB_460/log.log

2025-08-06 09:17:50,871 - INFO - Parsed the following arguments:
	syn_input_sfs = ../Simulations/simple_simulations/ThreeEpochBottleneck_460_concat.sfs
	mask_singletons = False
	mask_doubletons = False
	L_syn = 100000000.0
	outprefix = ../Analysis/msprime_3EpB_460/

2025-08-06 09:17:50,898 - INFO - Beginning demographic inference for two-epoch demographic model.
2025-08-06 09:17:50,900 - INFO - Beginning optimization with guess, [0.01, 0.1].
2025-08-06 09:18:09,795 - INFO - Finished optimization with guess, [0.01, 0.1].
2025-08-06 09:18:09,796 - INFO - Best fit parameters: [0.0051095  0.20980738].
2025-08-06 09:18:11,502 - INFO - Maximum log composite likelihood: -71418.26720255028.
2025-08-06 09:18:11,502 - INFO - Optimal value of theta: 5956132.140813105.
2025-08-06 09:18:11,502 - INFO - Beginning optimization with guess, [0.025, 0.1].
2025-08-06 09:18:45,898 - INFO - Finished optimization with guess, [0.025, 0.1].
2025-08-06 09:18:45,900 - INFO - Best fit parameters: [0.01302015 0.23604129].
2025-08-06 09:18:47,200 - INFO - Maximum log composite likelihood: -71418.27978180771.
2025-08-06 09:18:47,200 - INFO - Optimal value of theta: 2337365.7383879246.
2025-08-06 09:18:47,200 - INFO - Beginning optimization with guess, [0.05, 0.1].
2025-08-06 09:19:17,935 - INFO - Finished optimization with guess, [0.05, 0.1].
2025-08-06 09:19:17,947 - INFO - Best fit parameters: [0.02496794 0.32881618].
2025-08-06 09:19:19,149 - INFO - Maximum log composite likelihood: -71419.18169242723.
2025-08-06 09:19:19,149 - INFO - Optimal value of theta: 1218836.16681829.
2025-08-06 09:19:19,149 - INFO - Beginning optimization with guess, [0.075, 0.1].
2025-08-06 09:19:51,981 - INFO - Finished optimization with guess, [0.075, 0.1].
2025-08-06 09:19:51,982 - INFO - Best fit parameters: [0.03712465 0.4657649 ].
2025-08-06 09:19:53,171 - INFO - Maximum log composite likelihood: -71419.39891565201.
2025-08-06 09:19:53,172 - INFO - Optimal value of theta: 819713.6027916049.
2025-08-06 09:19:53,172 - INFO - Beginning optimization with guess, [0.1, 0.1].
2025-08-06 09:21:07,046 - INFO - Finished optimization with guess, [0.1, 0.1].
2025-08-06 09:21:07,047 - INFO - Best fit parameters: [ 0.04062307 13.86388944].
2025-08-06 09:21:14,541 - INFO - Maximum log composite likelihood: -71418.26720276446.
2025-08-06 09:21:14,541 - INFO - Optimal value of theta: 749152.2314248589.
2025-08-06 09:21:14,541 - INFO - Beginning optimization with guess, [0.25, 0.1].
2025-08-06 09:21:42,215 - INFO - Finished optimization with guess, [0.25, 0.1].
2025-08-06 09:21:42,216 - INFO - Best fit parameters: [4.70136620e+01 2.32674602e-02].
2025-08-06 09:21:43,186 - INFO - Maximum log composite likelihood: -13853.173389146816.
2025-08-06 09:21:43,186 - INFO - Optimal value of theta: 17822.961098274973.
2025-08-06 09:21:43,186 - INFO - Beginning optimization with guess, [0.5, 0.1].
2025-08-06 09:22:11,364 - INFO - Finished optimization with guess, [0.5, 0.1].
2025-08-06 09:22:11,365 - INFO - Best fit parameters: [4.62473027e+01 2.31335567e-02].
2025-08-06 09:22:12,504 - INFO - Maximum log composite likelihood: -13849.258582444389.
2025-08-06 09:22:12,504 - INFO - Optimal value of theta: 17875.088961571477.
2025-08-06 09:22:12,504 - INFO - Beginning optimization with guess, [0.75, 0.1].
2025-08-06 09:22:41,658 - INFO - Finished optimization with guess, [0.75, 0.1].
2025-08-06 09:22:41,659 - INFO - Best fit parameters: [4.52111524e+01 2.29603699e-02].
2025-08-06 09:22:42,626 - INFO - Maximum log composite likelihood: -13847.41142929388.
2025-08-06 09:22:42,626 - INFO - Optimal value of theta: 17944.04929741636.
2025-08-06 09:22:42,626 - INFO - Beginning optimization with guess, [1, 0.1].
2025-08-06 09:23:11,433 - INFO - Finished optimization with guess, [1, 0.1].
2025-08-06 09:23:11,435 - INFO - Best fit parameters: [4.52096849e+01 2.29600884e-02].
2025-08-06 09:23:12,487 - INFO - Maximum log composite likelihood: -13847.411609969362.
2025-08-06 09:23:12,487 - INFO - Optimal value of theta: 17944.158172523184.
2025-08-06 09:23:12,487 - INFO - Beginning optimization with guess, [1.25, 0.1].
2025-08-06 09:23:44,005 - INFO - Finished optimization with guess, [1.25, 0.1].
2025-08-06 09:23:44,006 - INFO - Best fit parameters: [4.57577966e+01 2.29359456e-02].
2025-08-06 09:23:45,140 - INFO - Maximum log composite likelihood: -13847.617852775596.
2025-08-06 09:23:45,140 - INFO - Optimal value of theta: 17941.39264867535.
2025-08-06 09:23:45,140 - INFO - Beginning optimization with guess, [1.5, 0.1].
2025-08-06 09:24:14,747 - INFO - Finished optimization with guess, [1.5, 0.1].
2025-08-06 09:24:14,758 - INFO - Best fit parameters: [5.43236662e+01 2.03044476e-02].
2025-08-06 09:24:15,876 - INFO - Maximum log composite likelihood: -14001.749158207254.
2025-08-06 09:24:15,876 - INFO - Optimal value of theta: 18637.160101576454.
2025-08-06 09:24:15,877 - INFO - Beginning optimization with guess, [1.75, 0.1].
2025-08-06 09:24:42,772 - INFO - Finished optimization with guess, [1.75, 0.1].
2025-08-06 09:24:42,773 - INFO - Best fit parameters: [4.52028601e+01 2.29601616e-02].
2025-08-06 09:24:43,952 - INFO - Maximum log composite likelihood: -13847.411835296474.
2025-08-06 09:24:43,952 - INFO - Optimal value of theta: 17944.26057081465.
2025-08-06 09:24:43,952 - INFO - Beginning optimization with guess, [2, 0.1].
2025-08-06 09:25:11,698 - INFO - Finished optimization with guess, [2, 0.1].
2025-08-06 09:25:11,699 - INFO - Best fit parameters: [4.50829825e+01 2.29663904e-02].
2025-08-06 09:25:12,665 - INFO - Maximum log composite likelihood: -13847.424273499933.
2025-08-06 09:25:12,665 - INFO - Optimal value of theta: 17944.62087002546.
2025-08-06 09:25:12,665 - INFO - Beginning optimization with guess, [2.25, 0.1].
2025-08-06 09:25:39,591 - INFO - Finished optimization with guess, [2.25, 0.1].
2025-08-06 09:25:39,592 - INFO - Best fit parameters: [4.50489210e+01 2.29708028e-02].
2025-08-06 09:25:40,562 - INFO - Maximum log composite likelihood: -13847.430194865314.
2025-08-06 09:25:40,563 - INFO - Optimal value of theta: 17943.953626085746.
2025-08-06 09:25:40,563 - INFO - Beginning optimization with guess, [2.5, 0.1].
2025-08-06 09:26:07,889 - INFO - Finished optimization with guess, [2.5, 0.1].
2025-08-06 09:26:07,890 - INFO - Best fit parameters: [4.51580254e+01 2.29643941e-02].
2025-08-06 09:26:08,857 - INFO - Maximum log composite likelihood: -13847.413140617546.
2025-08-06 09:26:08,857 - INFO - Optimal value of theta: 17943.837927865905.
2025-08-06 09:26:08,857 - INFO - Beginning optimization with guess, [2.75, 0.1].
2025-08-06 09:26:36,267 - INFO - Finished optimization with guess, [2.75, 0.1].
2025-08-06 09:26:36,269 - INFO - Best fit parameters: [4.51353734e+01 2.29620030e-02].
2025-08-06 09:26:37,235 - INFO - Maximum log composite likelihood: -13847.41724693487.
2025-08-06 09:26:37,235 - INFO - Optimal value of theta: 17944.94847576941.
2025-08-06 09:26:37,235 - INFO - Beginning optimization with guess, [3, 0.1].
2025-08-06 09:27:04,207 - INFO - Finished optimization with guess, [3, 0.1].
2025-08-06 09:27:04,209 - INFO - Best fit parameters: [4.52178534e+01 2.29537144e-02].
2025-08-06 09:27:05,181 - INFO - Maximum log composite likelihood: -13847.415215076711.
2025-08-06 09:27:05,181 - INFO - Optimal value of theta: 17945.873196524873.
2025-08-06 09:27:05,181 - INFO - Beginning optimization with guess, [3.25, 0.1].
2025-08-06 09:27:34,492 - INFO - Finished optimization with guess, [3.25, 0.1].
2025-08-06 09:27:34,493 - INFO - Best fit parameters: [4.52341776e+01 2.29523549e-02].
2025-08-06 09:27:35,599 - INFO - Maximum log composite likelihood: -13847.415794669201.
2025-08-06 09:27:35,600 - INFO - Optimal value of theta: 17945.974858420857.
2025-08-06 09:27:35,600 - INFO - Beginning optimization with guess, [3.5, 0.1].
2025-08-06 09:28:03,929 - INFO - Finished optimization with guess, [3.5, 0.1].
2025-08-06 09:28:03,930 - INFO - Best fit parameters: [4.52084450e+01 2.29599156e-02].
2025-08-06 09:28:05,033 - INFO - Maximum log composite likelihood: -13847.41173730995.
2025-08-06 09:28:05,033 - INFO - Optimal value of theta: 17944.231163437453.
2025-08-06 09:28:05,033 - INFO - Beginning optimization with guess, [3.75, 0.1].
2025-08-06 09:28:32,314 - INFO - Finished optimization with guess, [3.75, 0.1].
2025-08-06 09:28:32,315 - INFO - Best fit parameters: [4.52096362e+01 2.29595921e-02].
2025-08-06 09:28:33,351 - INFO - Maximum log composite likelihood: -13847.411858226204.
2025-08-06 09:28:33,351 - INFO - Optimal value of theta: 17944.304106634874.
2025-08-06 09:28:33,351 - INFO - Beginning optimization with guess, [4, 0.1].
2025-08-06 09:29:18,747 - INFO - Finished optimization with guess, [4, 0.1].
2025-08-06 09:29:18,758 - INFO - Best fit parameters: [4.52084995e+01 2.29606142e-02].
2025-08-06 09:29:19,724 - INFO - Maximum log composite likelihood: -13847.411398639955.
2025-08-06 09:29:19,724 - INFO - Optimal value of theta: 17944.026008609697.
2025-08-06 09:29:19,724 - INFO - Beginning optimization with guess, [4.25, 0.1].
2025-08-06 09:30:13,513 - INFO - Finished optimization with guess, [4.25, 0.1].
2025-08-06 09:30:13,517 - INFO - Best fit parameters: [4.52075342e+01 2.29602082e-02].
2025-08-06 09:30:14,545 - INFO - Maximum log composite likelihood: -13847.411625876091.
2025-08-06 09:30:14,545 - INFO - Optimal value of theta: 17944.162167312665.
2025-08-06 09:30:14,545 - INFO - Beginning optimization with guess, [4.5, 0.1].
2025-08-06 09:30:43,858 - INFO - Finished optimization with guess, [4.5, 0.1].
2025-08-06 09:30:43,859 - INFO - Best fit parameters: [4.52075122e+01 2.29601825e-02].
2025-08-06 09:30:44,979 - INFO - Maximum log composite likelihood: -13847.411639224269.
2025-08-06 09:30:44,979 - INFO - Optimal value of theta: 17944.170088634008.
2025-08-06 09:30:44,979 - INFO - Beginning optimization with guess, [4.75, 0.1].
2025-08-06 09:32:46,438 - INFO - Finished optimization with guess, [4.75, 0.1].
2025-08-06 09:32:46,439 - INFO - Best fit parameters: [4.52105849e+01 2.29609190e-02].
2025-08-06 09:32:47,545 - INFO - Maximum log composite likelihood: -13847.41119382565.
2025-08-06 09:32:47,545 - INFO - Optimal value of theta: 17943.89911839344.
2025-08-06 09:32:47,545 - INFO - Beginning optimization with guess, [5, 0.1].
2025-08-06 09:33:51,565 - INFO - Finished optimization with guess, [5, 0.1].
2025-08-06 09:33:51,567 - INFO - Best fit parameters: [4.51865152e+01 2.29653412e-02].
2025-08-06 09:33:52,678 - INFO - Maximum log composite likelihood: -13847.410500854676.
2025-08-06 09:33:52,679 - INFO - Optimal value of theta: 17943.043632250665.
2025-08-06 09:33:52,682 - INFO - Converting and interpreting Tau estimates.
2025-08-06 09:33:52,684 - INFO - Finished demographic inference.
2025-08-06 09:33:52,684 - INFO - Pipeline executed succesfully.
