2024-03-14 22:34:54,390 - INFO - Beginning execution of fit_demographic_model.py in directory /u/project/kirk/jonmah/sample_size_demography/Scripts

2024-03-14 22:34:54,391 - INFO - Progress is being logged to ../Analysis/ThreeEpochBottleneck_380/log.log

2024-03-14 22:34:54,391 - INFO - Parsed the following arguments:
	syn_input_sfs = ../Analysis/ThreeEpochExpansion_380/syn_downsampled_sfs.txt
	mask_singletons = False
	mask_doubletons = False
	outprefix = ../Analysis/ThreeEpochBottleneck_380/

2024-03-14 22:34:54,394 - INFO - Beginning demographic inference for one-epoch demographic model.
2024-03-14 22:34:54,395 - INFO - Beginning optimization with guess, [0.14792291].
2024-03-14 22:35:54,800 - INFO - Finished optimization with guess, [0.14792291].
2024-03-14 22:35:54,802 - INFO - Best fit parameters: [0.14792291].
2024-03-14 22:35:56,697 - INFO - Maximum log composite likelihood: -8187.526528637477.
2024-03-14 22:35:56,697 - INFO - Optimal value of theta: 17678.30623923321.
2024-03-14 22:35:56,698 - INFO - Beginning optimization with guess, [0.34851978].
2024-03-14 22:36:57,301 - INFO - Finished optimization with guess, [0.34851978].
2024-03-14 22:36:57,303 - INFO - Best fit parameters: [0.34851978].
2024-03-14 22:36:59,184 - INFO - Maximum log composite likelihood: -8187.526528637477.
2024-03-14 22:36:59,184 - INFO - Optimal value of theta: 17678.30623923321.
2024-03-14 22:36:59,184 - INFO - Beginning optimization with guess, [0.48845022].
2024-03-14 22:37:54,562 - INFO - Finished optimization with guess, [0.48845022].
2024-03-14 22:37:54,564 - INFO - Best fit parameters: [0.48845022].
2024-03-14 22:37:56,450 - INFO - Maximum log composite likelihood: -8187.526528637477.
2024-03-14 22:37:56,451 - INFO - Optimal value of theta: 17678.30623923321.
2024-03-14 22:37:56,451 - INFO - Beginning optimization with guess, [0.72109535].
2024-03-14 22:38:45,753 - INFO - Finished optimization with guess, [0.72109535].
2024-03-14 22:38:45,755 - INFO - Best fit parameters: [0.72109535].
2024-03-14 22:38:47,746 - INFO - Maximum log composite likelihood: -8187.526528637477.
2024-03-14 22:38:47,747 - INFO - Optimal value of theta: 17678.30623923321.
2024-03-14 22:38:47,747 - INFO - Beginning optimization with guess, [0.6427557].
2024-03-14 22:39:36,958 - INFO - Finished optimization with guess, [0.6427557].
2024-03-14 22:39:36,960 - INFO - Best fit parameters: [0.6427557].
2024-03-14 22:39:38,823 - INFO - Maximum log composite likelihood: -8187.526528637477.
2024-03-14 22:39:38,823 - INFO - Optimal value of theta: 17678.30623923321.
2024-03-14 22:39:38,823 - INFO - Beginning optimization with guess, [0.47672769].
2024-03-14 22:40:33,405 - INFO - Finished optimization with guess, [0.47672769].
2024-03-14 22:40:33,406 - INFO - Best fit parameters: [0.47672769].
2024-03-14 22:40:35,279 - INFO - Maximum log composite likelihood: -8187.526528637477.
2024-03-14 22:40:35,279 - INFO - Optimal value of theta: 17678.30623923321.
2024-03-14 22:40:35,280 - INFO - Beginning optimization with guess, [0.51116789].
2024-03-14 22:41:29,656 - INFO - Finished optimization with guess, [0.51116789].
2024-03-14 22:41:29,658 - INFO - Best fit parameters: [0.51116789].
2024-03-14 22:41:31,553 - INFO - Maximum log composite likelihood: -8187.526528637477.
2024-03-14 22:41:31,553 - INFO - Optimal value of theta: 17678.30623923321.
2024-03-14 22:41:31,553 - INFO - Beginning optimization with guess, [0.96896852].
2024-03-14 22:41:57,947 - INFO - Finished optimization with guess, [0.96896852].
2024-03-14 22:41:57,949 - INFO - Best fit parameters: [0.96896852].
2024-03-14 22:41:59,863 - INFO - Maximum log composite likelihood: -8187.526528637477.
2024-03-14 22:41:59,863 - INFO - Optimal value of theta: 17678.30623923321.
2024-03-14 22:41:59,864 - INFO - Beginning optimization with guess, [1.28225491].
2024-03-14 22:42:43,210 - INFO - Finished optimization with guess, [1.28225491].
2024-03-14 22:42:43,212 - INFO - Best fit parameters: [1.28225491].
2024-03-14 22:42:45,106 - INFO - Maximum log composite likelihood: -8187.526528637477.
2024-03-14 22:42:45,107 - INFO - Optimal value of theta: 17678.30623923321.
2024-03-14 22:42:45,107 - INFO - Beginning optimization with guess, [0.62090586].
2024-03-14 22:43:33,986 - INFO - Finished optimization with guess, [0.62090586].
2024-03-14 22:43:33,987 - INFO - Best fit parameters: [0.62090586].
2024-03-14 22:43:35,871 - INFO - Maximum log composite likelihood: -8187.526528637477.
2024-03-14 22:43:35,871 - INFO - Optimal value of theta: 17678.30623923321.
2024-03-14 22:43:35,872 - INFO - Beginning optimization with guess, [1.08311004].
2024-03-14 22:44:13,548 - INFO - Finished optimization with guess, [1.08311004].
2024-03-14 22:44:13,550 - INFO - Best fit parameters: [1.08311004].
2024-03-14 22:44:15,425 - INFO - Maximum log composite likelihood: -8187.526528637477.
2024-03-14 22:44:15,425 - INFO - Optimal value of theta: 17678.30623923321.
2024-03-14 22:44:15,426 - INFO - Beginning optimization with guess, [0.92189977].
2024-03-14 22:44:53,030 - INFO - Finished optimization with guess, [0.92189977].
2024-03-14 22:44:53,031 - INFO - Best fit parameters: [0.92189977].
2024-03-14 22:44:54,919 - INFO - Maximum log composite likelihood: -8187.526528637477.
2024-03-14 22:44:54,920 - INFO - Optimal value of theta: 17678.30623923321.
2024-03-14 22:44:54,920 - INFO - Beginning optimization with guess, [1.42777198].
2024-03-14 22:45:43,893 - INFO - Finished optimization with guess, [1.42777198].
2024-03-14 22:45:43,894 - INFO - Best fit parameters: [1.42777198].
2024-03-14 22:45:45,859 - INFO - Maximum log composite likelihood: -8187.526528637477.
2024-03-14 22:45:45,860 - INFO - Optimal value of theta: 17678.30623923321.
2024-03-14 22:45:45,860 - INFO - Beginning optimization with guess, [2.99102588].
2024-03-14 22:46:47,670 - INFO - Finished optimization with guess, [2.99102588].
2024-03-14 22:46:47,672 - INFO - Best fit parameters: [2.99102588].
2024-03-14 22:46:49,564 - INFO - Maximum log composite likelihood: -8187.526528637477.
2024-03-14 22:46:49,564 - INFO - Optimal value of theta: 17678.30623923321.
2024-03-14 22:46:49,564 - INFO - Beginning optimization with guess, [2.63858261].
2024-03-14 22:47:44,287 - INFO - Finished optimization with guess, [2.63858261].
2024-03-14 22:47:44,289 - INFO - Best fit parameters: [2.63858261].
2024-03-14 22:47:46,165 - INFO - Maximum log composite likelihood: -8187.526528637477.
2024-03-14 22:47:46,165 - INFO - Optimal value of theta: 17678.30623923321.
2024-03-14 22:47:46,165 - INFO - Beginning optimization with guess, [1.37270636].
2024-03-14 22:48:35,278 - INFO - Finished optimization with guess, [1.37270636].
2024-03-14 22:48:35,280 - INFO - Best fit parameters: [1.37270636].
2024-03-14 22:48:37,177 - INFO - Maximum log composite likelihood: -8187.526528637477.
2024-03-14 22:48:37,177 - INFO - Optimal value of theta: 17678.30623923321.
2024-03-14 22:48:37,177 - INFO - Beginning optimization with guess, [4.4121791].
2024-03-14 22:49:38,063 - INFO - Finished optimization with guess, [4.4121791].
2024-03-14 22:49:38,065 - INFO - Best fit parameters: [4.4121791].
2024-03-14 22:49:39,962 - INFO - Maximum log composite likelihood: -8187.526528637477.
2024-03-14 22:49:39,962 - INFO - Optimal value of theta: 17678.30623923321.
2024-03-14 22:49:39,962 - INFO - Beginning optimization with guess, [1.94544746].
2024-03-14 22:50:34,407 - INFO - Finished optimization with guess, [1.94544746].
2024-03-14 22:50:34,409 - INFO - Best fit parameters: [1.94544746].
2024-03-14 22:50:36,279 - INFO - Maximum log composite likelihood: -8187.526528637477.
2024-03-14 22:50:36,279 - INFO - Optimal value of theta: 17678.30623923321.
2024-03-14 22:50:36,279 - INFO - Beginning optimization with guess, [6.18565546].
2024-03-14 22:51:36,530 - INFO - Finished optimization with guess, [6.18565546].
2024-03-14 22:51:36,532 - INFO - Best fit parameters: [6.18565546].
2024-03-14 22:51:38,522 - INFO - Maximum log composite likelihood: -8187.526528637477.
2024-03-14 22:51:38,522 - INFO - Optimal value of theta: 17678.30623923321.
2024-03-14 22:51:38,523 - INFO - Beginning optimization with guess, [7.20794225].
2024-03-14 22:52:39,010 - INFO - Finished optimization with guess, [7.20794225].
2024-03-14 22:52:39,012 - INFO - Best fit parameters: [7.20794225].
2024-03-14 22:52:40,896 - INFO - Maximum log composite likelihood: -8187.526528637477.
2024-03-14 22:52:40,897 - INFO - Optimal value of theta: 17678.30623923321.
2024-03-14 22:52:40,897 - INFO - Beginning optimization with guess, [4.15075753].
2024-03-14 22:53:40,813 - INFO - Finished optimization with guess, [4.15075753].
2024-03-14 22:53:40,815 - INFO - Best fit parameters: [4.15075753].
2024-03-14 22:53:42,703 - INFO - Maximum log composite likelihood: -8187.526528637477.
2024-03-14 22:53:42,703 - INFO - Optimal value of theta: 17678.30623923321.
2024-03-14 22:53:42,703 - INFO - Beginning optimization with guess, [2.67934863].
2024-03-14 22:54:36,663 - INFO - Finished optimization with guess, [2.67934863].
2024-03-14 22:54:36,667 - INFO - Best fit parameters: [2.67934863].
2024-03-14 22:54:38,619 - INFO - Maximum log composite likelihood: -8187.526528637477.
2024-03-14 22:54:38,620 - INFO - Optimal value of theta: 17678.30623923321.
2024-03-14 22:54:38,620 - INFO - Beginning optimization with guess, [7.82093875].
2024-03-14 22:55:43,350 - INFO - Finished optimization with guess, [7.82093875].
2024-03-14 22:55:43,352 - INFO - Best fit parameters: [7.82093875].
2024-03-14 22:55:45,229 - INFO - Maximum log composite likelihood: -8187.526528637477.
2024-03-14 22:55:45,229 - INFO - Optimal value of theta: 17678.30623923321.
2024-03-14 22:55:45,230 - INFO - Beginning optimization with guess, [3.88722009].
2024-03-14 22:56:46,781 - INFO - Finished optimization with guess, [3.88722009].
2024-03-14 22:56:46,783 - INFO - Best fit parameters: [3.88722009].
2024-03-14 22:56:48,724 - INFO - Maximum log composite likelihood: -8187.526528637477.
2024-03-14 22:56:48,724 - INFO - Optimal value of theta: 17678.30623923321.
2024-03-14 22:56:48,724 - INFO - Beginning optimization with guess, [5.16409601].
2024-03-14 22:57:49,864 - INFO - Finished optimization with guess, [5.16409601].
2024-03-14 22:57:49,865 - INFO - Best fit parameters: [5.16409601].
2024-03-14 22:57:51,733 - INFO - Maximum log composite likelihood: -8187.526528637477.
2024-03-14 22:57:51,733 - INFO - Optimal value of theta: 17678.30623923321.
2024-03-14 22:57:51,741 - INFO - Finished demographic inference.
2024-03-14 22:57:51,741 - INFO - Pipeline executed succesfully.
