2025-01-30 15:17:49,662 - INFO - Beginning execution of fit_demographic_model.py in directory /u/scratch/j/jonmah/sample_size_demography/Scripts

2025-01-30 15:17:49,662 - INFO - Progress is being logged to ../Analysis/ThreeEpochContraction_50/log.log

2025-01-30 15:17:49,662 - INFO - Parsed the following arguments:
	syn_input_sfs = ../Analysis/ThreeEpochContraction_50/syn_downsampled_sfs.txt
	mask_singletons = False
	mask_doubletons = False
	outprefix = ../Analysis/ThreeEpochContraction_50/

2025-01-30 15:17:49,664 - INFO - Beginning demographic inference for two-epoch demographic model.
2025-01-30 15:17:49,668 - INFO - Beginning optimization with guess, [0.00971364 0.06267455].
2025-01-30 15:17:52,645 - INFO - Finished optimization with guess, [0.00971364 0.06267455].
2025-01-30 15:17:52,646 - INFO - Best fit parameters: [0.01185039 0.05422479].
2025-01-30 15:17:52,704 - INFO - Maximum log composite likelihood: -247.469196375695.
2025-01-30 15:17:52,705 - INFO - Optimal value of theta: 474307.69555929094.
2025-01-30 15:17:52,705 - INFO - Beginning optimization with guess, [0.06994517 0.07816121].
2025-01-30 15:17:55,088 - INFO - Finished optimization with guess, [0.06994517 0.07816121].
2025-01-30 15:17:55,088 - INFO - Best fit parameters: [0.04015912 0.13347411].
2025-01-30 15:17:55,139 - INFO - Maximum log composite likelihood: -247.4691651911371.
2025-01-30 15:17:55,140 - INFO - Optimal value of theta: 139956.64711142605.
2025-01-30 15:17:55,140 - INFO - Beginning optimization with guess, [1.24159908 0.0584125 ].
2025-01-30 15:17:56,575 - INFO - Finished optimization with guess, [1.24159908 0.0584125 ].
2025-01-30 15:17:56,576 - INFO - Best fit parameters: [0.32224344 0.04955893].
2025-01-30 15:17:56,605 - INFO - Maximum log composite likelihood: -117.02500234932995.
2025-01-30 15:17:56,605 - INFO - Optimal value of theta: 11534.659533339063.
2025-01-30 15:17:56,605 - INFO - Beginning optimization with guess, [1.51186945 0.05033391].
2025-01-30 15:17:58,082 - INFO - Finished optimization with guess, [1.51186945 0.05033391].
2025-01-30 15:17:58,083 - INFO - Best fit parameters: [0.35874705 0.07005789].
2025-01-30 15:17:58,112 - INFO - Maximum log composite likelihood: -118.38864328878253.
2025-01-30 15:17:58,112 - INFO - Optimal value of theta: 11782.354171318635.
2025-01-30 15:17:58,113 - INFO - Beginning optimization with guess, [3.71705731 0.12231621].
2025-01-30 15:17:59,525 - INFO - Finished optimization with guess, [3.71705731 0.12231621].
2025-01-30 15:17:59,526 - INFO - Best fit parameters: [0.30947581 0.04190849].
2025-01-30 15:17:59,555 - INFO - Maximum log composite likelihood: -120.1344729516859.
2025-01-30 15:17:59,555 - INFO - Optimal value of theta: 11364.124307312799.
2025-01-30 15:17:59,555 - INFO - Beginning optimization with guess, [12.05494121  0.07362945].
2025-01-30 15:18:00,920 - INFO - Finished optimization with guess, [12.05494121  0.07362945].
2025-01-30 15:18:00,920 - INFO - Best fit parameters: [0.08514296 0.00425226].
2025-01-30 15:18:00,949 - INFO - Maximum log composite likelihood: -248.94819629022913.
2025-01-30 15:18:00,949 - INFO - Optimal value of theta: 10475.836798195938.
2025-01-30 15:18:00,949 - INFO - Beginning optimization with guess, [7.88861661 0.18312963].
2025-01-30 15:18:02,423 - INFO - Finished optimization with guess, [7.88861661 0.18312963].
2025-01-30 15:18:02,423 - INFO - Best fit parameters: [0.36292874 0.0635291 ].
2025-01-30 15:18:02,453 - INFO - Maximum log composite likelihood: -116.19315599828906.
2025-01-30 15:18:02,453 - INFO - Optimal value of theta: 11548.802210933502.
2025-01-30 15:18:02,453 - INFO - Beginning optimization with guess, [12.7044463   0.13571648].
2025-01-30 15:18:03,817 - INFO - Finished optimization with guess, [12.7044463   0.13571648].
2025-01-30 15:18:03,817 - INFO - Best fit parameters: [0.29970272 0.04065619].
2025-01-30 15:18:03,847 - INFO - Maximum log composite likelihood: -121.91017851835022.
2025-01-30 15:18:03,847 - INFO - Optimal value of theta: 11415.483051352348.
2025-01-30 15:18:03,848 - INFO - Beginning optimization with guess, [15.38266994  0.07563804].
2025-01-30 15:18:05,293 - INFO - Finished optimization with guess, [15.38266994  0.07563804].
2025-01-30 15:18:05,294 - INFO - Best fit parameters: [0.06107705 0.00305166].
2025-01-30 15:18:05,323 - INFO - Maximum log composite likelihood: -248.53389091198824.
2025-01-30 15:18:05,323 - INFO - Optimal value of theta: 10530.917352846815.
2025-01-30 15:18:05,323 - INFO - Beginning optimization with guess, [15.79433596  0.07808108].
2025-01-30 15:18:06,706 - INFO - Finished optimization with guess, [15.79433596  0.07808108].
2025-01-30 15:18:06,707 - INFO - Best fit parameters: [0.05249915 0.00270895].
2025-01-30 15:18:06,736 - INFO - Maximum log composite likelihood: -245.12480690675966.
2025-01-30 15:18:06,736 - INFO - Optimal value of theta: 10599.491850349003.
2025-01-30 15:18:06,736 - INFO - Beginning optimization with guess, [33.05723976  0.11361321].
2025-01-30 15:18:08,179 - INFO - Finished optimization with guess, [33.05723976  0.11361321].
2025-01-30 15:18:08,179 - INFO - Best fit parameters: [0.32791429 0.04635076].
2025-01-30 15:18:08,207 - INFO - Maximum log composite likelihood: -117.82873837561374.
2025-01-30 15:18:08,207 - INFO - Optimal value of theta: 11350.033636978213.
2025-01-30 15:18:08,208 - INFO - Beginning optimization with guess, [35.39400587  0.05472191].
2025-01-30 15:18:09,563 - INFO - Finished optimization with guess, [35.39400587  0.05472191].
2025-01-30 15:18:09,564 - INFO - Best fit parameters: [1.43107918e-03 7.17722381e-05].
2025-01-30 15:18:09,593 - INFO - Maximum log composite likelihood: -262.0249005774599.
2025-01-30 15:18:09,593 - INFO - Optimal value of theta: 10674.51581889564.
2025-01-30 15:18:09,593 - INFO - Beginning optimization with guess, [63.39059327  0.19438565].
2025-01-30 15:18:10,995 - INFO - Finished optimization with guess, [63.39059327  0.19438565].
2025-01-30 15:18:10,995 - INFO - Best fit parameters: [0.31109264 0.03952742].
2025-01-30 15:18:11,024 - INFO - Maximum log composite likelihood: -122.84797639068665.
2025-01-30 15:18:11,024 - INFO - Optimal value of theta: 11242.953178198024.
2025-01-30 15:18:11,024 - INFO - Beginning optimization with guess, [41.66860357  0.07977096].
2025-01-30 15:18:12,255 - INFO - Finished optimization with guess, [41.66860357  0.07977096].
2025-01-30 15:18:12,256 - INFO - Best fit parameters: [0.16737475 0.01213996].
2025-01-30 15:18:12,283 - INFO - Maximum log composite likelihood: -187.85119205480441.
2025-01-30 15:18:12,283 - INFO - Optimal value of theta: 10834.377370418295.
2025-01-30 15:18:12,284 - INFO - Beginning optimization with guess, [8.45998135e+01 5.77333048e-02].
2025-01-30 15:18:13,627 - INFO - Finished optimization with guess, [8.45998135e+01 5.77333048e-02].
2025-01-30 15:18:13,627 - INFO - Best fit parameters: [0.15337576 0.00906335].
2025-01-30 15:18:13,654 - INFO - Maximum log composite likelihood: -220.34633036984133.
2025-01-30 15:18:13,654 - INFO - Optimal value of theta: 10556.134577682.
2025-01-30 15:18:13,654 - INFO - Beginning optimization with guess, [41.03824399  0.10367692].
2025-01-30 15:18:15,089 - INFO - Finished optimization with guess, [41.03824399  0.10367692].
2025-01-30 15:18:15,090 - INFO - Best fit parameters: [0.22924244 0.01807216].
2025-01-30 15:18:15,119 - INFO - Maximum log composite likelihood: -173.80452494391147.
2025-01-30 15:18:15,119 - INFO - Optimal value of theta: 10772.34494513762.
2025-01-30 15:18:15,119 - INFO - Beginning optimization with guess, [72.31524111  0.08040759].
2025-01-30 15:18:16,501 - INFO - Finished optimization with guess, [72.31524111  0.08040759].
2025-01-30 15:18:16,501 - INFO - Best fit parameters: [0.24111756 0.0177189 ].
2025-01-30 15:18:16,530 - INFO - Maximum log composite likelihood: -190.7982162610274.
2025-01-30 15:18:16,530 - INFO - Optimal value of theta: 10630.230000533533.
2025-01-30 15:18:16,530 - INFO - Beginning optimization with guess, [9.59660029e+01 5.72798744e-02].
2025-01-30 15:18:17,939 - INFO - Finished optimization with guess, [9.59660029e+01 5.72798744e-02].
2025-01-30 15:18:17,939 - INFO - Best fit parameters: [0.08302839 0.00488971].
2025-01-30 15:18:17,968 - INFO - Maximum log composite likelihood: -226.71375204060587.
2025-01-30 15:18:17,968 - INFO - Optimal value of theta: 10734.179633114276.
2025-01-30 15:18:17,968 - INFO - Beginning optimization with guess, [1.15775116e+02 7.83433291e-02].
2025-01-30 15:18:19,295 - INFO - Finished optimization with guess, [1.15775116e+02 7.83433291e-02].
2025-01-30 15:18:19,295 - INFO - Best fit parameters: [0.16808133 0.01062165].
2025-01-30 15:18:19,324 - INFO - Maximum log composite likelihood: -208.24111613127207.
2025-01-30 15:18:19,324 - INFO - Optimal value of theta: 10616.439248191797.
2025-01-30 15:18:19,324 - INFO - Beginning optimization with guess, [166.92972376   0.18982168].
2025-01-30 15:18:20,717 - INFO - Finished optimization with guess, [166.92972376   0.18982168].
2025-01-30 15:18:20,718 - INFO - Best fit parameters: [0.34290931 0.05719067].
2025-01-30 15:18:20,745 - INFO - Maximum log composite likelihood: -115.1654961324216.
2025-01-30 15:18:20,745 - INFO - Optimal value of theta: 11573.451387439703.
2025-01-30 15:18:20,746 - INFO - Beginning optimization with guess, [1.51269733e+02 1.22390099e-01].
2025-01-30 15:18:22,073 - INFO - Finished optimization with guess, [1.51269733e+02 1.22390099e-01].
2025-01-30 15:18:22,073 - INFO - Best fit parameters: [0.34226216 0.0372186 ].
2025-01-30 15:18:22,102 - INFO - Maximum log composite likelihood: -151.33943043086128.
2025-01-30 15:18:22,102 - INFO - Optimal value of theta: 10857.92295792364.
2025-01-30 15:18:22,103 - INFO - Beginning optimization with guess, [84.02810139  0.13895445].
2025-01-30 15:18:23,504 - INFO - Finished optimization with guess, [84.02810139  0.13895445].
2025-01-30 15:18:23,504 - INFO - Best fit parameters: [0.37050138 0.06583505].
2025-01-30 15:18:23,532 - INFO - Maximum log composite likelihood: -117.48743350033146.
2025-01-30 15:18:23,532 - INFO - Optimal value of theta: 11532.339733716466.
2025-01-30 15:18:23,532 - INFO - Beginning optimization with guess, [1.45216074e+02 5.38642811e-02].
2025-01-30 15:18:24,976 - INFO - Finished optimization with guess, [1.45216074e+02 5.38642811e-02].
2025-01-30 15:18:24,976 - INFO - Best fit parameters: [0.01718268 0.00089483].
2025-01-30 15:18:25,005 - INFO - Maximum log composite likelihood: -255.12093174491838.
2025-01-30 15:18:25,005 - INFO - Optimal value of theta: 10698.326443979031.
2025-01-30 15:18:25,005 - INFO - Beginning optimization with guess, [1.80876339e+02 1.39401899e-01].
2025-01-30 15:18:26,493 - INFO - Finished optimization with guess, [1.80876339e+02 1.39401899e-01].
2025-01-30 15:18:26,494 - INFO - Best fit parameters: [0.35134356 0.05692508].
2025-01-30 15:18:26,524 - INFO - Maximum log composite likelihood: -115.49364006606675.
2025-01-30 15:18:26,524 - INFO - Optimal value of theta: 11472.863250133478.
2025-01-30 15:18:26,524 - INFO - Beginning optimization with guess, [1.26326347e+02 7.94192851e-02].
2025-01-30 15:18:27,937 - INFO - Finished optimization with guess, [1.26326347e+02 7.94192851e-02].
2025-01-30 15:18:27,937 - INFO - Best fit parameters: [0.06949701 0.00432885].
2025-01-30 15:18:27,965 - INFO - Maximum log composite likelihood: -232.35940970541878.
2025-01-30 15:18:27,966 - INFO - Optimal value of theta: 10865.737203219061.
2025-01-30 15:18:27,968 - INFO - Beginning demographic inference for three-epoch demographic model.
2025-01-30 15:18:27,972 - INFO - Beginning optimization with guess, [0.00675277 0.00726702 0.05224378 0.07435823].
2025-01-30 15:18:31,789 - INFO - Finished optimization with guess, [0.00675277 0.00726702 0.05224378 0.07435823].
2025-01-30 15:18:31,789 - INFO - Best fit parameters: [0.02882138 0.01326497 0.02519715 0.04864841].
2025-01-30 15:18:31,850 - INFO - Maximum log composite likelihood: -249.26138892729978.
2025-01-30 15:18:31,850 - INFO - Optimal value of theta: 432519.1916202792.
2025-01-30 15:18:31,850 - INFO - Beginning optimization with guess, [0.15999352 0.06759548 0.13752409 0.05392867].
2025-01-30 15:18:34,163 - INFO - Finished optimization with guess, [0.15999352 0.06759548 0.13752409 0.05392867].
2025-01-30 15:18:34,163 - INFO - Best fit parameters: [0.11614946 0.06611458 0.12986766 0.11725356].
2025-01-30 15:18:34,209 - INFO - Maximum log composite likelihood: -247.50648152953363.
2025-01-30 15:18:34,209 - INFO - Optimal value of theta: 84721.27195616894.
2025-01-30 15:18:34,209 - INFO - Beginning optimization with guess, [0.39205714 0.92946978 0.15771482 0.1279336 ].
2025-01-30 15:18:35,567 - INFO - Finished optimization with guess, [0.39205714 0.92946978 0.15771482 0.1279336 ].
2025-01-30 15:18:35,567 - INFO - Best fit parameters: [0.44887531 0.96734689 0.2631221  0.01024611].
2025-01-30 15:18:35,600 - INFO - Maximum log composite likelihood: -579.4606380240598.
2025-01-30 15:18:35,600 - INFO - Optimal value of theta: 12987.96675032663.
2025-01-30 15:18:35,600 - INFO - Beginning optimization with guess, [1.91038417 0.92727565 0.18051977 0.11252561].
2025-01-30 15:18:37,034 - INFO - Finished optimization with guess, [1.91038417 0.92727565 0.18051977 0.11252561].
2025-01-30 15:18:37,034 - INFO - Best fit parameters: [1.50061007 0.77310721 6.96969252 0.37232301].
2025-01-30 15:18:37,095 - INFO - Maximum log composite likelihood: -317.8185263733644.
2025-01-30 15:18:37,095 - INFO - Optimal value of theta: 8187.759186730307.
2025-01-30 15:18:37,095 - INFO - Beginning optimization with guess, [4.93503984 3.43534372 0.10164926 0.09948908].
2025-01-30 15:18:38,438 - INFO - Finished optimization with guess, [4.93503984 3.43534372 0.10164926 0.09948908].
2025-01-30 15:18:38,438 - INFO - Best fit parameters: [4.82466460e+00 2.02265668e-01 3.62551949e-03 1.90080864e-02].
2025-01-30 15:18:38,467 - INFO - Maximum log composite likelihood: -164.06935246466537.
2025-01-30 15:18:38,468 - INFO - Optimal value of theta: 11093.123429119929.
2025-01-30 15:18:38,468 - INFO - Beginning optimization with guess, [5.1286426  3.96792164 0.06802584 0.06872421].
2025-01-30 15:18:39,718 - INFO - Finished optimization with guess, [5.1286426  3.96792164 0.06802584 0.06872421].
2025-01-30 15:18:39,718 - INFO - Best fit parameters: [3.99985945e+01 2.51542506e-10 7.18510776e-11 1.34852791e-11].
2025-01-30 15:18:39,747 - INFO - Maximum log composite likelihood: -265.8207635172089.
2025-01-30 15:18:39,747 - INFO - Optimal value of theta: 10790.177072344883.
2025-01-30 15:18:39,748 - INFO - Beginning optimization with guess, [6.38657632 4.89340517 0.14832536 0.08588275].
2025-01-30 15:18:41,083 - INFO - Finished optimization with guess, [6.38657632 4.89340517 0.14832536 0.08588275].
2025-01-30 15:18:41,084 - INFO - Best fit parameters: [6.3732975  0.19554669 0.01248873 0.0182823 ].
2025-01-30 15:18:41,113 - INFO - Maximum log composite likelihood: -173.28961926844022.
2025-01-30 15:18:41,114 - INFO - Optimal value of theta: 10927.275551397697.
2025-01-30 15:18:41,114 - INFO - Beginning optimization with guess, [10.51047897 10.34472979  0.05953578  0.12095718].
2025-01-30 15:18:42,433 - INFO - Finished optimization with guess, [10.51047897 10.34472979  0.05953578  0.12095718].
2025-01-30 15:18:42,433 - INFO - Best fit parameters: [1.19691144e+01 2.23782486e-01 4.65377246e-03 1.94387549e-02].
2025-01-30 15:18:42,462 - INFO - Maximum log composite likelihood: -168.43219793532126.
2025-01-30 15:18:42,463 - INFO - Optimal value of theta: 10840.970618990903.
2025-01-30 15:18:42,463 - INFO - Beginning optimization with guess, [9.49992812 6.21170612 0.09998941 0.0701215 ].
2025-01-30 15:18:43,810 - INFO - Finished optimization with guess, [9.49992812 6.21170612 0.09998941 0.0701215 ].
2025-01-30 15:18:43,810 - INFO - Best fit parameters: [9.60439306e+00 1.70211280e-01 5.47206227e-03 1.30775853e-02].
2025-01-30 15:18:43,840 - INFO - Maximum log composite likelihood: -189.92550375665905.
2025-01-30 15:18:43,840 - INFO - Optimal value of theta: 10791.043046848956.
2025-01-30 15:18:43,840 - INFO - Beginning optimization with guess, [13.66200947  5.46143529  0.09050891  0.14147968].
2025-01-30 15:18:45,151 - INFO - Finished optimization with guess, [13.66200947  5.46143529  0.09050891  0.14147968].
2025-01-30 15:18:45,152 - INFO - Best fit parameters: [1.44482809e+01 3.00126675e-01 8.13360004e-03 4.89653799e-02].
2025-01-30 15:18:45,180 - INFO - Maximum log composite likelihood: -124.43630762070916.
2025-01-30 15:18:45,181 - INFO - Optimal value of theta: 11638.982986399453.
2025-01-30 15:18:45,181 - INFO - Beginning optimization with guess, [13.72323764 22.03294017  0.1206873   0.05337929].
2025-01-30 15:18:46,488 - INFO - Finished optimization with guess, [13.72323764 22.03294017  0.1206873   0.05337929].
2025-01-30 15:18:46,489 - INFO - Best fit parameters: [1.58556715e-01 8.89058493e+00 1.72603965e-02 2.83518402e-03].
2025-01-30 15:18:46,518 - INFO - Maximum log composite likelihood: -138.8075055880695.
2025-01-30 15:18:46,518 - INFO - Optimal value of theta: 11413.236485464073.
2025-01-30 15:18:46,518 - INFO - Beginning optimization with guess, [27.26494862 14.47411728  0.06157177  0.11754579].
2025-01-30 15:18:47,777 - INFO - Finished optimization with guess, [27.26494862 14.47411728  0.06157177  0.11754579].
2025-01-30 15:18:47,777 - INFO - Best fit parameters: [3.43629099e+01 2.07609281e-01 5.73876487e-03 1.96424081e-02].
2025-01-30 15:18:47,805 - INFO - Maximum log composite likelihood: -163.43114637445888.
2025-01-30 15:18:47,805 - INFO - Optimal value of theta: 11019.908913327201.
2025-01-30 15:18:47,806 - INFO - Beginning optimization with guess, [15.39147336 28.73451756  0.08348331  0.10231505].
2025-01-30 15:18:49,147 - INFO - Finished optimization with guess, [15.39147336 28.73451756  0.08348331  0.10231505].
2025-01-30 15:18:49,148 - INFO - Best fit parameters: [7.85229921 0.16216125 0.0088852  0.01466771].
2025-01-30 15:18:49,176 - INFO - Maximum log composite likelihood: -185.82245898941392.
2025-01-30 15:18:49,176 - INFO - Optimal value of theta: 11050.772286773445.
2025-01-30 15:18:49,177 - INFO - Beginning optimization with guess, [23.34174594 36.62685305  0.08373017  0.07902763].
2025-01-30 15:18:50,525 - INFO - Finished optimization with guess, [23.34174594 36.62685305  0.08373017  0.07902763].
2025-01-30 15:18:50,526 - INFO - Best fit parameters: [1.14441737e+01 1.08891699e-01 9.45001433e-03 8.85420755e-03].
2025-01-30 15:18:50,555 - INFO - Maximum log composite likelihood: -216.0760309767652.
2025-01-30 15:18:50,555 - INFO - Optimal value of theta: 11002.873360917347.
2025-01-30 15:18:50,555 - INFO - Beginning optimization with guess, [12.45225922 13.46594916  0.05236769  0.11174098].
2025-01-30 15:18:51,873 - INFO - Finished optimization with guess, [12.45225922 13.46594916  0.05236769  0.11174098].
2025-01-30 15:18:51,873 - INFO - Best fit parameters: [1.42912595e+01 1.83342081e-01 3.57160083e-03 1.70780531e-02].
2025-01-30 15:18:51,902 - INFO - Maximum log composite likelihood: -173.90208872970015.
2025-01-30 15:18:51,903 - INFO - Optimal value of theta: 11137.188185147506.
2025-01-30 15:18:51,903 - INFO - Beginning optimization with guess, [31.43591586 22.75602949  0.05876848  0.07386269].
2025-01-30 15:18:53,238 - INFO - Finished optimization with guess, [31.43591586 22.75602949  0.05876848  0.07386269].
2025-01-30 15:18:53,238 - INFO - Best fit parameters: [3.63392838e+01 9.26471468e-02 3.42766364e-03 6.44362009e-03].
2025-01-30 15:18:53,268 - INFO - Maximum log composite likelihood: -220.71054455392004.
2025-01-30 15:18:53,268 - INFO - Optimal value of theta: 10896.660794750613.
2025-01-30 15:18:53,268 - INFO - Beginning optimization with guess, [25.8302144  34.74275121  0.07429044  0.14649451].
2025-01-30 15:18:54,549 - INFO - Finished optimization with guess, [25.8302144  34.74275121  0.07429044  0.14649451].
2025-01-30 15:18:54,549 - INFO - Best fit parameters: [2.60928940e+01 2.56823390e-01 9.49678878e-03 3.62777299e-02].
2025-01-30 15:18:54,577 - INFO - Maximum log composite likelihood: -141.71561574351608.
2025-01-30 15:18:54,577 - INFO - Optimal value of theta: 11534.410921631834.
2025-01-30 15:18:54,578 - INFO - Beginning optimization with guess, [20.44699035 58.48853946  0.10625423  0.06567407].
2025-01-30 15:18:55,967 - INFO - Finished optimization with guess, [20.44699035 58.48853946  0.10625423  0.06567407].
2025-01-30 15:18:55,974 - INFO - Best fit parameters: [5.07293157e+00 4.68818544e-02 1.02225126e-02 3.11109485e-03].
2025-01-30 15:18:56,003 - INFO - Maximum log composite likelihood: -245.45439307504012.
2025-01-30 15:18:56,003 - INFO - Optimal value of theta: 10806.931866952982.
2025-01-30 15:18:56,003 - INFO - Beginning optimization with guess, [33.96169791 46.55880767  0.05433702  0.19623627].
2025-01-30 15:18:57,285 - INFO - Finished optimization with guess, [33.96169791 46.55880767  0.05433702  0.19623627].
2025-01-30 15:18:57,285 - INFO - Best fit parameters: [3.56700933e+01 3.11561605e-01 6.16409070e-03 6.15502781e-02].
2025-01-30 15:18:57,316 - INFO - Maximum log composite likelihood: -134.95623179834547.
2025-01-30 15:18:57,316 - INFO - Optimal value of theta: 12017.115262536177.
2025-01-30 15:18:57,316 - INFO - Beginning optimization with guess, [34.39007083 46.96586518  0.1389876   0.11608587].
2025-01-30 15:18:58,661 - INFO - Finished optimization with guess, [34.39007083 46.96586518  0.1389876   0.11608587].
2025-01-30 15:18:58,661 - INFO - Best fit parameters: [15.11373092  0.17965589  0.02616411  0.02027863].
2025-01-30 15:18:58,689 - INFO - Maximum log composite likelihood: -182.77482816879046.
2025-01-30 15:18:58,689 - INFO - Optimal value of theta: 11080.418922076531.
2025-01-30 15:18:58,690 - INFO - Beginning optimization with guess, [26.6050451  53.40653184  0.14101453  0.0546966 ].
2025-01-30 15:18:59,982 - INFO - Finished optimization with guess, [26.6050451  53.40653184  0.14101453  0.0546966 ].
2025-01-30 15:18:59,982 - INFO - Best fit parameters: [2.28632278e-01 2.01084175e+01 2.74591358e-02 4.20822005e-03].
2025-01-30 15:19:00,010 - INFO - Maximum log composite likelihood: -144.84951263712264.
2025-01-30 15:19:00,010 - INFO - Optimal value of theta: 11185.48272760136.
2025-01-30 15:19:00,010 - INFO - Beginning optimization with guess, [58.90222928 54.8671056   0.11364362  0.12518081].
2025-01-30 15:19:01,285 - INFO - Finished optimization with guess, [58.90222928 54.8671056   0.11364362  0.12518081].
2025-01-30 15:19:01,286 - INFO - Best fit parameters: [6.19978482e+01 2.51205919e-01 2.17516075e-02 2.82193576e-02].
2025-01-30 15:19:01,315 - INFO - Maximum log composite likelihood: -162.86540705211746.
2025-01-30 15:19:01,315 - INFO - Optimal value of theta: 10834.123723427649.
2025-01-30 15:19:01,316 - INFO - Beginning optimization with guess, [4.76533596e+01 1.16385971e+02 9.98573615e-02 1.52302634e-01].
2025-01-30 15:19:02,685 - INFO - Finished optimization with guess, [4.76533596e+01 1.16385971e+02 9.98573615e-02 1.52302634e-01].
2025-01-30 15:19:02,685 - INFO - Best fit parameters: [2.29266706e+01 2.70234343e-01 1.89546349e-02 4.14210785e-02].
2025-01-30 15:19:02,714 - INFO - Maximum log composite likelihood: -134.56911777498.
2025-01-30 15:19:02,714 - INFO - Optimal value of theta: 11476.712549805026.
2025-01-30 15:19:02,714 - INFO - Beginning optimization with guess, [76.13391343 37.70223734  0.16217988  0.16414818].
2025-01-30 15:19:04,013 - INFO - Finished optimization with guess, [76.13391343 37.70223734  0.16217988  0.16414818].
2025-01-30 15:19:04,014 - INFO - Best fit parameters: [7.91680637e+01 2.78708610e-01 4.40569796e-02 3.97264040e-02].
2025-01-30 15:19:04,042 - INFO - Maximum log composite likelihood: -156.28723278559664.
2025-01-30 15:19:04,042 - INFO - Optimal value of theta: 10820.531222918196.
2025-01-30 15:19:04,042 - INFO - Beginning optimization with guess, [9.47279056e+01 1.50745324e+02 9.34523333e-02 1.41229946e-01].
2025-01-30 15:19:05,379 - INFO - Finished optimization with guess, [9.47279056e+01 1.50745324e+02 9.34523333e-02 1.41229946e-01].
2025-01-30 15:19:05,379 - INFO - Best fit parameters: [4.00152314e+01 2.51674212e-01 1.69107036e-02 3.64552283e-02].
2025-01-30 15:19:05,408 - INFO - Maximum log composite likelihood: -143.95122718842367.
2025-01-30 15:19:05,408 - INFO - Optimal value of theta: 11475.288261937216.
2025-01-30 15:19:05,411 - INFO - Finished demographic inference.
2025-01-30 15:19:05,411 - INFO - Pipeline executed succesfully.
