2024-03-14 22:53:38,102 - INFO - Beginning execution of fit_demographic_model.py in directory /u/project/kirk/jonmah/sample_size_demography/Scripts

2024-03-14 22:53:38,102 - INFO - Progress is being logged to ../Analysis/ThreeEpochBottleneck_730/log.log

2024-03-14 22:53:38,102 - INFO - Parsed the following arguments:
	syn_input_sfs = ../Analysis/ThreeEpochExpansion_730/syn_downsampled_sfs.txt
	mask_singletons = False
	mask_doubletons = False
	outprefix = ../Analysis/ThreeEpochBottleneck_730/

2024-03-14 22:53:38,104 - INFO - Beginning demographic inference for one-epoch demographic model.
2024-03-14 22:53:38,105 - INFO - Beginning optimization with guess, [0.18095195].
2024-03-14 22:57:34,393 - INFO - Finished optimization with guess, [0.18095195].
2024-03-14 22:57:34,410 - INFO - Best fit parameters: [0.18095195].
2024-03-14 22:57:42,042 - INFO - Maximum log composite likelihood: -12251.741798434108.
2024-03-14 22:57:42,060 - INFO - Optimal value of theta: 19020.297966440256.
2024-03-14 22:57:42,060 - INFO - Beginning optimization with guess, [0.37128352].
2024-03-14 23:01:02,072 - INFO - Finished optimization with guess, [0.37128352].
2024-03-14 23:01:02,080 - INFO - Best fit parameters: [0.37128352].
2024-03-14 23:01:05,278 - INFO - Maximum log composite likelihood: -12251.741798434108.
2024-03-14 23:01:05,279 - INFO - Optimal value of theta: 19020.297966440256.
2024-03-14 23:01:05,279 - INFO - Beginning optimization with guess, [0.45378889].
2024-03-14 23:02:01,308 - INFO - Finished optimization with guess, [0.45378889].
2024-03-14 23:02:01,316 - INFO - Best fit parameters: [0.45378889].
2024-03-14 23:02:08,770 - INFO - Maximum log composite likelihood: -12251.741798434108.
2024-03-14 23:02:08,775 - INFO - Optimal value of theta: 19020.297966440256.
2024-03-14 23:02:08,776 - INFO - Beginning optimization with guess, [0.76619814].
2024-03-14 23:05:22,372 - INFO - Finished optimization with guess, [0.76619814].
2024-03-14 23:05:22,413 - INFO - Best fit parameters: [0.76619814].
2024-03-14 23:05:29,727 - INFO - Maximum log composite likelihood: -12251.741798434108.
2024-03-14 23:05:29,738 - INFO - Optimal value of theta: 19020.297966440256.
2024-03-14 23:05:29,738 - INFO - Beginning optimization with guess, [0.32135663].
2024-03-14 23:09:36,724 - INFO - Finished optimization with guess, [0.32135663].
2024-03-14 23:09:36,734 - INFO - Best fit parameters: [0.32135663].
2024-03-14 23:09:43,905 - INFO - Maximum log composite likelihood: -12251.741798434108.
2024-03-14 23:09:43,905 - INFO - Optimal value of theta: 19020.297966440256.
2024-03-14 23:09:43,905 - INFO - Beginning optimization with guess, [1.01723675].
2024-03-14 23:11:14,706 - INFO - Finished optimization with guess, [1.01723675].
2024-03-14 23:11:14,713 - INFO - Best fit parameters: [1.01723675].
2024-03-14 23:11:17,676 - INFO - Maximum log composite likelihood: -12251.741798434108.
2024-03-14 23:11:17,676 - INFO - Optimal value of theta: 19020.297966440256.
2024-03-14 23:11:17,677 - INFO - Beginning optimization with guess, [0.71110675].
2024-03-14 23:12:05,311 - INFO - Finished optimization with guess, [0.71110675].
2024-03-14 23:12:05,316 - INFO - Best fit parameters: [0.71110675].
2024-03-14 23:12:10,395 - INFO - Maximum log composite likelihood: -12251.741798434108.
2024-03-14 23:12:10,395 - INFO - Optimal value of theta: 19020.297966440256.
2024-03-14 23:12:10,395 - INFO - Beginning optimization with guess, [0.77589222].
2024-03-14 23:16:19,849 - INFO - Finished optimization with guess, [0.77589222].
2024-03-14 23:16:19,851 - INFO - Best fit parameters: [0.77589222].
2024-03-14 23:16:31,654 - INFO - Maximum log composite likelihood: -12251.741798434108.
2024-03-14 23:16:31,665 - INFO - Optimal value of theta: 19020.297966440256.
2024-03-14 23:16:31,666 - INFO - Beginning optimization with guess, [0.89517189].
2024-03-14 23:20:18,522 - INFO - Finished optimization with guess, [0.89517189].
2024-03-14 23:20:18,545 - INFO - Best fit parameters: [0.89517189].
2024-03-14 23:20:29,793 - INFO - Maximum log composite likelihood: -12251.741798434108.
2024-03-14 23:20:29,815 - INFO - Optimal value of theta: 19020.297966440256.
2024-03-14 23:20:29,816 - INFO - Beginning optimization with guess, [0.60921534].
