2025-07-30 17:53:21,370 - INFO - Beginning execution of fit_demographic_model.py in directory /u/project/kirk/jonmah/sample_size_demography/Scripts

2025-07-30 17:53:21,370 - INFO - Progress is being logged to ../Analysis/msprime_3EpB_110/log.log

2025-07-30 17:53:21,370 - INFO - Parsed the following arguments:
	syn_input_sfs = ../Simulations/simple_simulations/ThreeEpochBottleneck_110_concat.sfs
	mask_singletons = False
	mask_doubletons = False
	L_syn = 100000000.0
	outprefix = ../Analysis/msprime_3EpB_110/

2025-07-30 17:53:21,372 - INFO - Beginning demographic inference for two-epoch demographic model.
2025-07-30 17:53:21,374 - INFO - Beginning optimization with guess, [0.01, 0.1].
2025-07-30 17:53:25,063 - INFO - Finished optimization with guess, [0.01, 0.1].
2025-07-30 17:53:25,064 - INFO - Best fit parameters: [0.01562248 0.07858009].
2025-07-30 17:53:25,246 - INFO - Maximum log composite likelihood: -11252.63884077728.
2025-07-30 17:53:25,246 - INFO - Optimal value of theta: 1242710.5832203145.
2025-07-30 17:53:25,246 - INFO - Beginning optimization with guess, [0.025, 0.1].
2025-07-30 17:53:28,652 - INFO - Finished optimization with guess, [0.025, 0.1].
2025-07-30 17:53:28,652 - INFO - Best fit parameters: [0.0214105 0.1008553].
2025-07-30 17:53:28,831 - INFO - Maximum log composite likelihood: -11252.659414828735.
2025-07-30 17:53:28,831 - INFO - Optimal value of theta: 907158.2773235572.
2025-07-30 17:53:28,831 - INFO - Beginning optimization with guess, [0.05, 0.1].
2025-07-30 17:53:32,308 - INFO - Finished optimization with guess, [0.05, 0.1].
2025-07-30 17:53:32,309 - INFO - Best fit parameters: [0.03311909 0.14125375].
2025-07-30 17:53:32,482 - INFO - Maximum log composite likelihood: -11252.719048619123.
2025-07-30 17:53:32,483 - INFO - Optimal value of theta: 586850.8014619494.
2025-07-30 17:53:32,483 - INFO - Beginning optimization with guess, [0.075, 0.1].
2025-07-30 17:53:35,846 - INFO - Finished optimization with guess, [0.075, 0.1].
2025-07-30 17:53:35,847 - INFO - Best fit parameters: [0.04311056 0.1686371 ].
2025-07-30 17:53:36,017 - INFO - Maximum log composite likelihood: -11259.26876082145.
2025-07-30 17:53:36,018 - INFO - Optimal value of theta: 444028.58341353183.
2025-07-30 17:53:36,018 - INFO - Beginning optimization with guess, [0.1, 0.1].
2025-07-30 17:53:39,098 - INFO - Finished optimization with guess, [0.1, 0.1].
2025-07-30 17:53:39,099 - INFO - Best fit parameters: [0.06070202 0.21673922].
2025-07-30 17:53:39,266 - INFO - Maximum log composite likelihood: -11255.954004703286.
2025-07-30 17:53:39,266 - INFO - Optimal value of theta: 316618.7668938779.
2025-07-30 17:53:39,266 - INFO - Beginning optimization with guess, [0.25, 0.1].
2025-07-30 17:53:41,837 - INFO - Finished optimization with guess, [0.25, 0.1].
2025-07-30 17:53:41,838 - INFO - Best fit parameters: [13.28061453  0.01355287].
2025-07-30 17:53:41,972 - INFO - Maximum log composite likelihood: -10223.853514931156.
2025-07-30 17:53:41,972 - INFO - Optimal value of theta: 21286.402100133437.
2025-07-30 17:53:41,972 - INFO - Beginning optimization with guess, [0.5, 0.1].
2025-07-30 17:53:44,647 - INFO - Finished optimization with guess, [0.5, 0.1].
2025-07-30 17:53:44,647 - INFO - Best fit parameters: [0.45368587 0.51028464].
2025-07-30 17:53:44,792 - INFO - Maximum log composite likelihood: -11269.140046107079.
2025-07-30 17:53:44,792 - INFO - Optimal value of theta: 43257.69230421291.
2025-07-30 17:53:44,792 - INFO - Beginning optimization with guess, [0.75, 0.1].
2025-07-30 17:53:47,566 - INFO - Finished optimization with guess, [0.75, 0.1].
2025-07-30 17:53:47,567 - INFO - Best fit parameters: [0.64341672 0.48696753].
2025-07-30 17:53:47,708 - INFO - Maximum log composite likelihood: -11521.67924866751.
2025-07-30 17:53:47,708 - INFO - Optimal value of theta: 32431.41584762613.
2025-07-30 17:53:47,708 - INFO - Beginning optimization with guess, [1, 0.1].
2025-07-30 17:53:50,463 - INFO - Finished optimization with guess, [1, 0.1].
2025-07-30 17:53:50,463 - INFO - Best fit parameters: [0.99336585 0.53279789].
2025-07-30 17:53:50,601 - INFO - Maximum log composite likelihood: -13217.611755075272.
2025-07-30 17:53:50,601 - INFO - Optimal value of theta: 24034.342805022636.
2025-07-30 17:53:50,601 - INFO - Beginning optimization with guess, [1.25, 0.1].
2025-07-30 17:53:53,479 - INFO - Finished optimization with guess, [1.25, 0.1].
2025-07-30 17:53:53,480 - INFO - Best fit parameters: [1.17002903 0.02978342].
2025-07-30 17:53:53,614 - INFO - Maximum log composite likelihood: -12857.670272669708.
2025-07-30 17:53:53,614 - INFO - Optimal value of theta: 23287.252552044465.
2025-07-30 17:53:53,614 - INFO - Beginning optimization with guess, [1.5, 0.1].
2025-07-30 17:53:56,169 - INFO - Finished optimization with guess, [1.5, 0.1].
2025-07-30 17:53:56,169 - INFO - Best fit parameters: [1.24350934 0.02566699].
2025-07-30 17:53:56,304 - INFO - Maximum log composite likelihood: -12675.374980240005.
2025-07-30 17:53:56,304 - INFO - Optimal value of theta: 23142.201442398236.
2025-07-30 17:53:56,304 - INFO - Beginning optimization with guess, [1.75, 0.1].
2025-07-30 17:53:58,872 - INFO - Finished optimization with guess, [1.75, 0.1].
2025-07-30 17:53:58,873 - INFO - Best fit parameters: [1.35093033 0.02566699].
2025-07-30 17:53:59,007 - INFO - Maximum log composite likelihood: -12491.635341988884.
2025-07-30 17:53:59,008 - INFO - Optimal value of theta: 22874.14168680128.
2025-07-30 17:53:59,008 - INFO - Beginning optimization with guess, [2, 0.1].
2025-07-30 17:54:01,560 - INFO - Finished optimization with guess, [2, 0.1].
2025-07-30 17:54:01,561 - INFO - Best fit parameters: [1.45145516 0.02566699].
2025-07-30 17:54:01,695 - INFO - Maximum log composite likelihood: -12346.999459828277.
2025-07-30 17:54:01,695 - INFO - Optimal value of theta: 22654.36815942619.
2025-07-30 17:54:01,695 - INFO - Beginning optimization with guess, [2.25, 0.1].
2025-07-30 17:54:04,260 - INFO - Finished optimization with guess, [2.25, 0.1].
2025-07-30 17:54:04,261 - INFO - Best fit parameters: [1.54631548 0.02566699].
2025-07-30 17:54:04,397 - INFO - Maximum log composite likelihood: -12234.377624062428.
2025-07-30 17:54:04,397 - INFO - Optimal value of theta: 22471.99059754259.
2025-07-30 17:54:04,397 - INFO - Beginning optimization with guess, [2.5, 0.1].
2025-07-30 17:54:06,967 - INFO - Finished optimization with guess, [2.5, 0.1].
2025-07-30 17:54:06,967 - INFO - Best fit parameters: [1.63641237 0.02566699].
2025-07-30 17:54:07,103 - INFO - Maximum log composite likelihood: -12142.73474458517.
2025-07-30 17:54:07,103 - INFO - Optimal value of theta: 22316.14697702415.
2025-07-30 17:54:07,103 - INFO - Beginning optimization with guess, [2.75, 0.1].
2025-07-30 17:54:09,647 - INFO - Finished optimization with guess, [2.75, 0.1].
2025-07-30 17:54:09,648 - INFO - Best fit parameters: [1.72242898 0.02566699].
2025-07-30 17:54:09,781 - INFO - Maximum log composite likelihood: -12060.523045670143.
2025-07-30 17:54:09,781 - INFO - Optimal value of theta: 22177.822322838223.
2025-07-30 17:54:09,781 - INFO - Beginning optimization with guess, [3, 0.1].
2025-07-30 17:54:12,332 - INFO - Finished optimization with guess, [3, 0.1].
2025-07-30 17:54:12,333 - INFO - Best fit parameters: [1.57330353 0.0267994 ].
2025-07-30 17:54:12,466 - INFO - Maximum log composite likelihood: -12229.778230974833.
2025-07-30 17:54:12,466 - INFO - Optimal value of theta: 22375.50201297443.
2025-07-30 17:54:12,467 - INFO - Beginning optimization with guess, [3.25, 0.1].
2025-07-30 17:54:15,008 - INFO - Finished optimization with guess, [3.25, 0.1].
2025-07-30 17:54:15,010 - INFO - Best fit parameters: [1.62611736 0.0267994 ].
2025-07-30 17:54:15,144 - INFO - Maximum log composite likelihood: -12179.610221581715.
2025-07-30 17:54:15,144 - INFO - Optimal value of theta: 22282.657098745934.
2025-07-30 17:54:15,144 - INFO - Beginning optimization with guess, [3.5, 0.1].
2025-07-30 17:54:17,716 - INFO - Finished optimization with guess, [3.5, 0.1].
2025-07-30 17:54:17,716 - INFO - Best fit parameters: [1.67659462 0.0267994 ].
2025-07-30 17:54:17,856 - INFO - Maximum log composite likelihood: -12137.034768320542.
2025-07-30 17:54:17,856 - INFO - Optimal value of theta: 22199.493138817237.
2025-07-30 17:54:17,856 - INFO - Beginning optimization with guess, [3.75, 0.1].
2025-07-30 17:54:20,564 - INFO - Finished optimization with guess, [3.75, 0.1].
2025-07-30 17:54:20,565 - INFO - Best fit parameters: [1.72499523 0.0267994 ].
2025-07-30 17:54:20,707 - INFO - Maximum log composite likelihood: -12093.775431577324.
2025-07-30 17:54:20,707 - INFO - Optimal value of theta: 22120.62061263084.
2025-07-30 17:54:20,707 - INFO - Beginning optimization with guess, [4, 0.1].
2025-07-30 17:54:23,624 - INFO - Finished optimization with guess, [4, 0.1].
2025-07-30 17:54:23,624 - INFO - Best fit parameters: [1.77153504 0.0267994 ].
2025-07-30 17:54:23,777 - INFO - Maximum log composite likelihood: -12055.179020710064.
2025-07-30 17:54:23,777 - INFO - Optimal value of theta: 22048.519916072455.
2025-07-30 17:54:23,777 - INFO - Beginning optimization with guess, [4.25, 0.1].
2025-07-30 17:54:26,511 - INFO - Finished optimization with guess, [4.25, 0.1].
2025-07-30 17:54:26,512 - INFO - Best fit parameters: [1.81639557 0.0267994 ].
2025-07-30 17:54:26,656 - INFO - Maximum log composite likelihood: -12020.613502959282.
2025-07-30 17:54:26,656 - INFO - Optimal value of theta: 21982.299731188727.
2025-07-30 17:54:26,656 - INFO - Beginning optimization with guess, [4.5, 0.1].
2025-07-30 17:54:29,318 - INFO - Finished optimization with guess, [4.5, 0.1].
2025-07-30 17:54:29,319 - INFO - Best fit parameters: [1.85973113 0.0267994 ].
2025-07-30 17:54:29,460 - INFO - Maximum log composite likelihood: -11989.568956339746.
2025-07-30 17:54:29,460 - INFO - Optimal value of theta: 21921.23045739714.
2025-07-30 17:54:29,460 - INFO - Beginning optimization with guess, [4.75, 0.1].
2025-07-30 17:54:32,182 - INFO - Finished optimization with guess, [4.75, 0.1].
2025-07-30 17:54:32,183 - INFO - Best fit parameters: [1.9016742 0.0267994].
2025-07-30 17:54:32,328 - INFO - Maximum log composite likelihood: -11961.629249215563.
2025-07-30 17:54:32,328 - INFO - Optimal value of theta: 21864.707788405067.
2025-07-30 17:54:32,329 - INFO - Beginning optimization with guess, [5, 0.1].
2025-07-30 17:54:35,011 - INFO - Finished optimization with guess, [5, 0.1].
2025-07-30 17:54:35,011 - INFO - Best fit parameters: [1.94233943 0.0267994 ].
2025-07-30 17:54:35,163 - INFO - Maximum log composite likelihood: -11936.451415304437.
2025-07-30 17:54:35,163 - INFO - Optimal value of theta: 21812.225937162442.
2025-07-30 17:54:35,165 - INFO - Converting and interpreting Tau estimates.
2025-07-30 17:54:35,166 - INFO - Finished demographic inference.
2025-07-30 17:54:35,166 - INFO - Pipeline executed succesfully.
