2024-03-14 21:14:29,918 - INFO - Beginning execution of fit_demographic_model.py in directory /u/project/kirk/jonmah/sample_size_demography/Scripts

2024-03-14 21:14:29,919 - INFO - Progress is being logged to ../Analysis/TwoEpochExpansion_610/log.log

2024-03-14 21:14:29,919 - INFO - Parsed the following arguments:
	syn_input_sfs = ../Analysis/TwoEpochExpansion_610/syn_downsampled_sfs.txt
	mask_singletons = False
	mask_doubletons = False
	outprefix = ../Analysis/TwoEpochExpansion_610/

2024-03-14 21:14:29,931 - INFO - Beginning demographic inference for one-epoch demographic model.
2024-03-14 21:14:29,932 - INFO - Beginning optimization with guess, [0.1522032].
2024-03-14 21:15:51,447 - INFO - Finished optimization with guess, [0.1522032].
2024-03-14 21:15:51,448 - INFO - Best fit parameters: [0.1522032].
2024-03-14 21:15:53,965 - INFO - Maximum log composite likelihood: -2783.10830594571.
2024-03-14 21:15:53,965 - INFO - Optimal value of theta: 13534.142041327385.
2024-03-14 21:15:53,965 - INFO - Beginning optimization with guess, [0.28518765].
2024-03-14 21:16:53,094 - INFO - Finished optimization with guess, [0.28518765].
2024-03-14 21:16:53,102 - INFO - Best fit parameters: [0.28518765].
2024-03-14 21:16:55,453 - INFO - Maximum log composite likelihood: -2783.10830594571.
2024-03-14 21:16:55,453 - INFO - Optimal value of theta: 13534.142041327385.
2024-03-14 21:16:55,453 - INFO - Beginning optimization with guess, [0.32143941].
2024-03-14 21:17:50,559 - INFO - Finished optimization with guess, [0.32143941].
2024-03-14 21:17:50,568 - INFO - Best fit parameters: [0.32143941].
2024-03-14 21:17:53,167 - INFO - Maximum log composite likelihood: -2783.10830594571.
2024-03-14 21:17:53,167 - INFO - Optimal value of theta: 13534.142041327385.
2024-03-14 21:17:53,167 - INFO - Beginning optimization with guess, [0.26071367].
2024-03-14 21:18:52,058 - INFO - Finished optimization with guess, [0.26071367].
2024-03-14 21:18:52,066 - INFO - Best fit parameters: [0.26071367].
2024-03-14 21:18:54,966 - INFO - Maximum log composite likelihood: -2783.10830594571.
2024-03-14 21:18:54,967 - INFO - Optimal value of theta: 13534.142041327385.
2024-03-14 21:18:54,967 - INFO - Beginning optimization with guess, [0.67433925].
2024-03-14 21:19:41,636 - INFO - Finished optimization with guess, [0.67433925].
2024-03-14 21:19:41,640 - INFO - Best fit parameters: [0.67433925].
2024-03-14 21:19:44,651 - INFO - Maximum log composite likelihood: -2783.10830594571.
2024-03-14 21:19:44,653 - INFO - Optimal value of theta: 13534.142041327385.
2024-03-14 21:19:44,653 - INFO - Beginning optimization with guess, [0.36421149].
2024-03-14 21:21:02,909 - INFO - Finished optimization with guess, [0.36421149].
2024-03-14 21:21:02,910 - INFO - Best fit parameters: [0.36421149].
2024-03-14 21:21:05,388 - INFO - Maximum log composite likelihood: -2783.10830594571.
2024-03-14 21:21:05,388 - INFO - Optimal value of theta: 13534.142041327385.
2024-03-14 21:21:05,388 - INFO - Beginning optimization with guess, [0.55838763].
2024-03-14 21:22:21,467 - INFO - Finished optimization with guess, [0.55838763].
2024-03-14 21:22:21,469 - INFO - Best fit parameters: [0.55838763].
2024-03-14 21:22:24,736 - INFO - Maximum log composite likelihood: -2783.10830594571.
2024-03-14 21:22:24,736 - INFO - Optimal value of theta: 13534.142041327385.
2024-03-14 21:22:24,737 - INFO - Beginning optimization with guess, [0.43370272].
2024-03-14 21:23:59,016 - INFO - Finished optimization with guess, [0.43370272].
2024-03-14 21:23:59,031 - INFO - Best fit parameters: [0.43370272].
2024-03-14 21:24:03,477 - INFO - Maximum log composite likelihood: -2783.10830594571.
2024-03-14 21:24:03,477 - INFO - Optimal value of theta: 13534.142041327385.
2024-03-14 21:24:03,477 - INFO - Beginning optimization with guess, [1.34712852].
2024-03-14 21:25:56,517 - INFO - Finished optimization with guess, [1.34712852].
2024-03-14 21:25:56,534 - INFO - Best fit parameters: [1.34712852].
2024-03-14 21:26:01,329 - INFO - Maximum log composite likelihood: -2783.10830594571.
2024-03-14 21:26:01,329 - INFO - Optimal value of theta: 13534.142041327385.
2024-03-14 21:26:01,330 - INFO - Beginning optimization with guess, [1.30519253].
2024-03-14 21:27:53,225 - INFO - Finished optimization with guess, [1.30519253].
2024-03-14 21:27:53,231 - INFO - Best fit parameters: [1.30519253].
2024-03-14 21:27:57,219 - INFO - Maximum log composite likelihood: -2783.10830594571.
2024-03-14 21:27:57,219 - INFO - Optimal value of theta: 13534.142041327385.
2024-03-14 21:27:57,219 - INFO - Beginning optimization with guess, [1.98763677].
2024-03-14 21:29:09,856 - INFO - Finished optimization with guess, [1.98763677].
2024-03-14 21:29:09,857 - INFO - Best fit parameters: [1.98763677].
2024-03-14 21:29:11,535 - INFO - Maximum log composite likelihood: -2783.10830594571.
2024-03-14 21:29:11,536 - INFO - Optimal value of theta: 13534.142041327385.
2024-03-14 21:29:11,536 - INFO - Beginning optimization with guess, [0.8808042].
2024-03-14 21:30:23,208 - INFO - Finished optimization with guess, [0.8808042].
2024-03-14 21:30:23,224 - INFO - Best fit parameters: [0.8808042].
2024-03-14 21:30:27,273 - INFO - Maximum log composite likelihood: -2783.10830594571.
2024-03-14 21:30:27,274 - INFO - Optimal value of theta: 13534.142041327385.
2024-03-14 21:30:27,275 - INFO - Beginning optimization with guess, [1.42082671].
2024-03-14 21:32:11,502 - INFO - Finished optimization with guess, [1.42082671].
2024-03-14 21:32:11,503 - INFO - Best fit parameters: [1.42082671].
2024-03-14 21:32:15,031 - INFO - Maximum log composite likelihood: -2783.10830594571.
2024-03-14 21:32:15,031 - INFO - Optimal value of theta: 13534.142041327385.
2024-03-14 21:32:15,031 - INFO - Beginning optimization with guess, [1.4808196].
2024-03-14 21:34:05,583 - INFO - Finished optimization with guess, [1.4808196].
2024-03-14 21:34:05,591 - INFO - Best fit parameters: [1.4808196].
2024-03-14 21:34:09,713 - INFO - Maximum log composite likelihood: -2783.10830594571.
2024-03-14 21:34:09,713 - INFO - Optimal value of theta: 13534.142041327385.
2024-03-14 21:34:09,714 - INFO - Beginning optimization with guess, [1.89568635].
2024-03-14 21:35:13,694 - INFO - Finished optimization with guess, [1.89568635].
2024-03-14 21:35:13,695 - INFO - Best fit parameters: [1.89568635].
2024-03-14 21:35:16,478 - INFO - Maximum log composite likelihood: -2783.10830594571.
2024-03-14 21:35:16,478 - INFO - Optimal value of theta: 13534.142041327385.
2024-03-14 21:35:16,478 - INFO - Beginning optimization with guess, [3.43876938].
2024-03-14 21:37:17,678 - INFO - Finished optimization with guess, [3.43876938].
2024-03-14 21:37:17,690 - INFO - Best fit parameters: [3.43876938].
2024-03-14 21:37:22,290 - INFO - Maximum log composite likelihood: -2783.10830594571.
2024-03-14 21:37:22,290 - INFO - Optimal value of theta: 13534.142041327385.
2024-03-14 21:37:22,290 - INFO - Beginning optimization with guess, [3.36973724].
2024-03-14 21:39:37,773 - INFO - Finished optimization with guess, [3.36973724].
2024-03-14 21:39:37,780 - INFO - Best fit parameters: [3.36973724].
2024-03-14 21:39:42,325 - INFO - Maximum log composite likelihood: -2783.10830594571.
2024-03-14 21:39:42,325 - INFO - Optimal value of theta: 13534.142041327385.
2024-03-14 21:39:42,325 - INFO - Beginning optimization with guess, [5.74887139].
2024-03-14 21:41:01,825 - INFO - Finished optimization with guess, [5.74887139].
2024-03-14 21:41:01,829 - INFO - Best fit parameters: [5.74887139].
2024-03-14 21:41:03,360 - INFO - Maximum log composite likelihood: -2783.10830594571.
2024-03-14 21:41:03,360 - INFO - Optimal value of theta: 13534.142041327385.
2024-03-14 21:41:03,360 - INFO - Beginning optimization with guess, [2.31416846].
2024-03-14 21:43:00,254 - INFO - Finished optimization with guess, [2.31416846].
2024-03-14 21:43:00,265 - INFO - Best fit parameters: [2.31416846].
2024-03-14 21:43:05,180 - INFO - Maximum log composite likelihood: -2783.10830594571.
2024-03-14 21:43:05,181 - INFO - Optimal value of theta: 13534.142041327385.
2024-03-14 21:43:05,182 - INFO - Beginning optimization with guess, [2.47329585].
