2025-07-31 01:45:25,931 - INFO - Beginning execution of fit_demographic_model.py in directory /u/project/kirk/jonmah/sample_size_demography/Scripts

2025-07-31 01:45:25,931 - INFO - Progress is being logged to ../Analysis/dadi_3EpB_50/log.log

2025-07-31 01:45:25,931 - INFO - Parsed the following arguments:
	syn_input_sfs = ../Simulations/dadi_simulations/ThreeEpochBottleneck_50.sfs
	mask_singletons = False
	mask_doubletons = False
	L_syn = 100000000.0
	outprefix = ../Analysis/dadi_3EpB_50/

2025-07-31 01:45:25,933 - INFO - Beginning demographic inference for two-epoch demographic model.
2025-07-31 01:45:25,936 - INFO - Beginning optimization with guess, [0.01, 0.1].
2025-07-31 01:45:28,164 - INFO - Finished optimization with guess, [0.01, 0.1].
2025-07-31 01:45:28,165 - INFO - Best fit parameters: [0.01790779 0.07366853].
2025-07-31 01:45:28,210 - INFO - Maximum log composite likelihood: -2294.910286311293.
2025-07-31 01:45:28,210 - INFO - Optimal value of theta: 823295.0943213761.
2025-07-31 01:45:28,210 - INFO - Beginning optimization with guess, [0.025, 0.1].
2025-07-31 01:45:30,180 - INFO - Finished optimization with guess, [0.025, 0.1].
2025-07-31 01:45:30,181 - INFO - Best fit parameters: [0.02560724 0.09596317].
2025-07-31 01:45:30,224 - INFO - Maximum log composite likelihood: -2294.9102957001123.
2025-07-31 01:45:30,224 - INFO - Optimal value of theta: 575744.6899170491.
2025-07-31 01:45:30,224 - INFO - Beginning optimization with guess, [0.05, 0.1].
2025-07-31 01:45:32,042 - INFO - Finished optimization with guess, [0.05, 0.1].
2025-07-31 01:45:32,042 - INFO - Best fit parameters: [0.0366754  0.12382215].
2025-07-31 01:45:32,082 - INFO - Maximum log composite likelihood: -2294.910402816746.
2025-07-31 01:45:32,083 - INFO - Optimal value of theta: 402000.91483302176.
2025-07-31 01:45:32,083 - INFO - Beginning optimization with guess, [0.075, 0.1].
2025-07-31 01:45:33,919 - INFO - Finished optimization with guess, [0.075, 0.1].
2025-07-31 01:45:33,919 - INFO - Best fit parameters: [0.04746558 0.14744478].
2025-07-31 01:45:33,958 - INFO - Maximum log composite likelihood: -2294.910783357558.
2025-07-31 01:45:33,958 - INFO - Optimal value of theta: 310603.0203536041.
2025-07-31 01:45:33,959 - INFO - Beginning optimization with guess, [0.1, 0.1].
2025-07-31 01:45:35,592 - INFO - Finished optimization with guess, [0.1, 0.1].
2025-07-31 01:45:35,592 - INFO - Best fit parameters: [0.07260453 0.19269486].
2025-07-31 01:45:35,628 - INFO - Maximum log composite likelihood: -2294.915368487247.
2025-07-31 01:45:35,628 - INFO - Optimal value of theta: 203084.6023556482.
2025-07-31 01:45:35,628 - INFO - Beginning optimization with guess, [0.25, 0.1].
2025-07-31 01:45:36,899 - INFO - Finished optimization with guess, [0.25, 0.1].
2025-07-31 01:45:36,900 - INFO - Best fit parameters: [0.18617107 0.29728187].
2025-07-31 01:45:36,930 - INFO - Maximum log composite likelihood: -2296.3709578076105.
2025-07-31 01:45:36,930 - INFO - Optimal value of theta: 79695.82459193768.
2025-07-31 01:45:36,931 - INFO - Beginning optimization with guess, [0.5, 0.1].
2025-07-31 01:45:38,241 - INFO - Finished optimization with guess, [0.5, 0.1].
2025-07-31 01:45:38,241 - INFO - Best fit parameters: [0.21657952 0.30001878].
2025-07-31 01:45:38,271 - INFO - Maximum log composite likelihood: -2297.5724260151146.
2025-07-31 01:45:38,271 - INFO - Optimal value of theta: 67956.7158456312.
2025-07-31 01:45:38,271 - INFO - Beginning optimization with guess, [0.75, 0.1].
2025-07-31 01:45:39,480 - INFO - Finished optimization with guess, [0.75, 0.1].
2025-07-31 01:45:39,480 - INFO - Best fit parameters: [0.25695    0.32013597].
2025-07-31 01:45:39,508 - INFO - Maximum log composite likelihood: -2311.2674889875416.
2025-07-31 01:45:39,509 - INFO - Optimal value of theta: 59042.71435131087.
2025-07-31 01:45:39,509 - INFO - Beginning optimization with guess, [1, 0.1].
2025-07-31 01:45:40,506 - INFO - Finished optimization with guess, [1, 0.1].
2025-07-31 01:45:40,508 - INFO - Best fit parameters: [0.76395001 0.33634287].
2025-07-31 01:45:40,533 - INFO - Maximum log composite likelihood: -4504.998047006515.
2025-07-31 01:45:40,533 - INFO - Optimal value of theta: 26945.108788370573.
2025-07-31 01:45:40,533 - INFO - Beginning optimization with guess, [1.25, 0.1].
2025-07-31 01:45:41,651 - INFO - Finished optimization with guess, [1.25, 0.1].
2025-07-31 01:45:41,651 - INFO - Best fit parameters: [0.46901184 0.38189929].
2025-07-31 01:45:41,678 - INFO - Maximum log composite likelihood: -2820.3964745112517.
2025-07-31 01:45:41,678 - INFO - Optimal value of theta: 37520.85579146573.
2025-07-31 01:45:41,678 - INFO - Beginning optimization with guess, [1.5, 0.1].
2025-07-31 01:45:42,977 - INFO - Finished optimization with guess, [1.5, 0.1].
2025-07-31 01:45:42,977 - INFO - Best fit parameters: [0.49116408 0.15380935].
2025-07-31 01:45:43,001 - INFO - Maximum log composite likelihood: -2993.1387945712286.
2025-07-31 01:45:43,001 - INFO - Optimal value of theta: 31196.567128901715.
2025-07-31 01:45:43,001 - INFO - Beginning optimization with guess, [1.75, 0.1].
2025-07-31 01:45:44,045 - INFO - Finished optimization with guess, [1.75, 0.1].
2025-07-31 01:45:44,046 - INFO - Best fit parameters: [0.58000203 0.27963675].
2025-07-31 01:45:44,070 - INFO - Maximum log composite likelihood: -3190.3769254825747.
2025-07-31 01:45:44,070 - INFO - Optimal value of theta: 31008.54495894986.
2025-07-31 01:45:44,070 - INFO - Beginning optimization with guess, [2, 0.1].
2025-07-31 01:45:45,254 - INFO - Finished optimization with guess, [2, 0.1].
2025-07-31 01:45:45,255 - INFO - Best fit parameters: [0.25505342 0.3174685 ].
2025-07-31 01:45:45,283 - INFO - Maximum log composite likelihood: -2308.4915175518745.
2025-07-31 01:45:45,284 - INFO - Optimal value of theta: 59249.54280655734.
2025-07-31 01:45:45,284 - INFO - Beginning optimization with guess, [2.25, 0.1].
2025-07-31 01:45:46,471 - INFO - Finished optimization with guess, [2.25, 0.1].
2025-07-31 01:45:46,472 - INFO - Best fit parameters: [0.27038366 0.26696078].
2025-07-31 01:45:46,500 - INFO - Maximum log composite likelihood: -2333.4887052094928.
2025-07-31 01:45:46,500 - INFO - Optimal value of theta: 52273.8254956845.
2025-07-31 01:45:46,500 - INFO - Beginning optimization with guess, [2.5, 0.1].
2025-07-31 01:45:47,632 - INFO - Finished optimization with guess, [2.5, 0.1].
2025-07-31 01:45:47,632 - INFO - Best fit parameters: [0.31597417 0.24717493].
2025-07-31 01:45:47,658 - INFO - Maximum log composite likelihood: -2359.8836901980685.
2025-07-31 01:45:47,658 - INFO - Optimal value of theta: 44932.367516286715.
2025-07-31 01:45:47,658 - INFO - Beginning optimization with guess, [2.75, 0.1].
2025-07-31 01:45:48,802 - INFO - Finished optimization with guess, [2.75, 0.1].
2025-07-31 01:45:48,802 - INFO - Best fit parameters: [0.30003661 0.207878  ].
2025-07-31 01:45:48,828 - INFO - Maximum log composite likelihood: -2484.626569753347.
2025-07-31 01:45:48,828 - INFO - Optimal value of theta: 44164.24271556601.
2025-07-31 01:45:48,828 - INFO - Beginning optimization with guess, [3, 0.1].
2025-07-31 01:45:50,024 - INFO - Finished optimization with guess, [3, 0.1].
2025-07-31 01:45:50,024 - INFO - Best fit parameters: [0.37275595 0.2594497 ].
2025-07-31 01:45:50,050 - INFO - Maximum log composite likelihood: -2387.94864944612.
2025-07-31 01:45:50,050 - INFO - Optimal value of theta: 40459.155032095056.
2025-07-31 01:45:50,050 - INFO - Beginning optimization with guess, [3.25, 0.1].
2025-07-31 01:45:51,235 - INFO - Finished optimization with guess, [3.25, 0.1].
2025-07-31 01:45:51,236 - INFO - Best fit parameters: [0.30470372 0.28630685].
2025-07-31 01:45:51,262 - INFO - Maximum log composite likelihood: -2319.241784633421.
2025-07-31 01:45:51,262 - INFO - Optimal value of theta: 48537.92924677377.
2025-07-31 01:45:51,262 - INFO - Beginning optimization with guess, [3.5, 0.1].
2025-07-31 01:45:52,383 - INFO - Finished optimization with guess, [3.5, 0.1].
2025-07-31 01:45:52,384 - INFO - Best fit parameters: [0.28312202 0.33499369].
2025-07-31 01:45:52,412 - INFO - Maximum log composite likelihood: -2339.8971057477665.
2025-07-31 01:45:52,412 - INFO - Optimal value of theta: 54881.89335584694.
2025-07-31 01:45:52,412 - INFO - Beginning optimization with guess, [3.75, 0.1].
2025-07-31 01:45:53,606 - INFO - Finished optimization with guess, [3.75, 0.1].
2025-07-31 01:45:53,607 - INFO - Best fit parameters: [0.31437804 0.25871731].
2025-07-31 01:45:53,633 - INFO - Maximum log composite likelihood: -2342.563634205135.
2025-07-31 01:45:53,633 - INFO - Optimal value of theta: 45766.30177846861.
2025-07-31 01:45:53,633 - INFO - Beginning optimization with guess, [4, 0.1].
2025-07-31 01:45:54,720 - INFO - Finished optimization with guess, [4, 0.1].
2025-07-31 01:45:54,720 - INFO - Best fit parameters: [0.3347299  0.27512073].
2025-07-31 01:45:54,746 - INFO - Maximum log composite likelihood: -2340.507208762223.
2025-07-31 01:45:54,746 - INFO - Optimal value of theta: 44477.93844380949.
2025-07-31 01:45:54,746 - INFO - Beginning optimization with guess, [4.25, 0.1].
2025-07-31 01:45:55,867 - INFO - Finished optimization with guess, [4.25, 0.1].
2025-07-31 01:45:55,868 - INFO - Best fit parameters: [0.33482049 0.23644612].
2025-07-31 01:45:55,893 - INFO - Maximum log composite likelihood: -2380.655206073865.
2025-07-31 01:45:55,893 - INFO - Optimal value of theta: 42517.74575933975.
2025-07-31 01:45:55,893 - INFO - Beginning optimization with guess, [4.5, 0.1].
2025-07-31 01:45:57,034 - INFO - Finished optimization with guess, [4.5, 0.1].
2025-07-31 01:45:57,035 - INFO - Best fit parameters: [0.25015973 0.33243502].
2025-07-31 01:45:57,064 - INFO - Maximum log composite likelihood: -2325.5021437157247.
2025-07-31 01:45:57,064 - INFO - Optimal value of theta: 61637.63766853295.
2025-07-31 01:45:57,064 - INFO - Beginning optimization with guess, [4.75, 0.1].
2025-07-31 01:45:58,229 - INFO - Finished optimization with guess, [4.75, 0.1].
2025-07-31 01:45:58,229 - INFO - Best fit parameters: [0.24642121 0.32092815].
2025-07-31 01:45:58,259 - INFO - Maximum log composite likelihood: -2310.055749349005.
2025-07-31 01:45:58,259 - INFO - Optimal value of theta: 61578.15662589445.
2025-07-31 01:45:58,259 - INFO - Beginning optimization with guess, [5, 0.1].
2025-07-31 01:45:59,408 - INFO - Finished optimization with guess, [5, 0.1].
2025-07-31 01:45:59,408 - INFO - Best fit parameters: [0.24911036 0.32127289].
2025-07-31 01:45:59,436 - INFO - Maximum log composite likelihood: -2310.808671527784.
2025-07-31 01:45:59,436 - INFO - Optimal value of theta: 60950.54724184519.
2025-07-31 01:45:59,437 - INFO - Converting and interpreting Tau estimates.
2025-07-31 01:45:59,438 - INFO - Finished demographic inference.
2025-07-31 01:45:59,438 - INFO - Pipeline executed succesfully.
