2024-02-12 11:53:32,552 - INFO - Beginning execution of fit_demographic_model.py in directory /u/project/kirk/jonmah/sample_size_demography/Scripts

2024-02-12 11:53:32,553 - INFO - Progress is being logged to ../Analysis/ooa_simulated_410/log.log

2024-02-12 11:53:32,553 - INFO - Parsed the following arguments:
	syn_input_sfs = ../Analysis/ooa_simulated_410/syn_downsampled_sfs.txt
	mask_singletons = False
	mask_doubletons = False
	outprefix = ../Analysis/ooa_simulated_410/

2024-02-12 11:53:32,555 - INFO - Beginning demographic inference for one-epoch demographic model.
2024-02-12 11:53:32,557 - INFO - Beginning optimization with guess, [0.08296883].
2024-02-12 11:54:32,594 - INFO - Finished optimization with guess, [0.08296883].
2024-02-12 11:54:32,596 - INFO - Best fit parameters: [0.08296883].
2024-02-12 11:54:34,306 - INFO - Maximum log composite likelihood: -1884.6725985661344.
2024-02-12 11:54:34,307 - INFO - Optimal value of theta: 684.9833212694452.
2024-02-12 11:54:34,307 - INFO - Beginning optimization with guess, [0.18316869].
2024-02-12 11:55:33,227 - INFO - Finished optimization with guess, [0.18316869].
2024-02-12 11:55:33,228 - INFO - Best fit parameters: [0.18316869].
2024-02-12 11:55:35,237 - INFO - Maximum log composite likelihood: -1884.6725985661344.
2024-02-12 11:55:35,237 - INFO - Optimal value of theta: 684.9833212694452.
2024-02-12 11:55:35,237 - INFO - Beginning optimization with guess, [0.37916888].
2024-02-12 11:56:28,357 - INFO - Finished optimization with guess, [0.37916888].
2024-02-12 11:56:28,358 - INFO - Best fit parameters: [0.37916888].
2024-02-12 11:56:30,375 - INFO - Maximum log composite likelihood: -1884.6725985661344.
2024-02-12 11:56:30,376 - INFO - Optimal value of theta: 684.9833212694452.
2024-02-12 11:56:30,376 - INFO - Beginning optimization with guess, [0.29701634].
2024-02-12 11:57:27,565 - INFO - Finished optimization with guess, [0.29701634].
2024-02-12 11:57:27,567 - INFO - Best fit parameters: [0.29701634].
2024-02-12 11:57:29,591 - INFO - Maximum log composite likelihood: -1884.6725985661344.
2024-02-12 11:57:29,591 - INFO - Optimal value of theta: 684.9833212694452.
2024-02-12 11:57:29,592 - INFO - Beginning optimization with guess, [0.39768513].
2024-02-12 11:58:29,046 - INFO - Finished optimization with guess, [0.39768513].
2024-02-12 11:58:29,048 - INFO - Best fit parameters: [0.39768513].
2024-02-12 11:58:31,185 - INFO - Maximum log composite likelihood: -1884.6725985661344.
2024-02-12 11:58:31,185 - INFO - Optimal value of theta: 684.9833212694452.
2024-02-12 11:58:31,186 - INFO - Beginning optimization with guess, [0.48987929].
2024-02-12 11:59:26,388 - INFO - Finished optimization with guess, [0.48987929].
2024-02-12 11:59:26,389 - INFO - Best fit parameters: [0.48987929].
2024-02-12 11:59:28,085 - INFO - Maximum log composite likelihood: -1884.6725985661344.
2024-02-12 11:59:28,085 - INFO - Optimal value of theta: 684.9833212694452.
2024-02-12 11:59:28,085 - INFO - Beginning optimization with guess, [0.54218344].
2024-02-12 12:00:19,936 - INFO - Finished optimization with guess, [0.54218344].
2024-02-12 12:00:19,937 - INFO - Best fit parameters: [0.54218344].
2024-02-12 12:00:21,966 - INFO - Maximum log composite likelihood: -1884.6725985661344.
2024-02-12 12:00:21,967 - INFO - Optimal value of theta: 684.9833212694452.
2024-02-12 12:00:21,967 - INFO - Beginning optimization with guess, [0.69883903].
2024-02-12 12:01:12,287 - INFO - Finished optimization with guess, [0.69883903].
2024-02-12 12:01:12,289 - INFO - Best fit parameters: [0.69883903].
2024-02-12 12:01:13,965 - INFO - Maximum log composite likelihood: -1884.6725985661344.
2024-02-12 12:01:13,965 - INFO - Optimal value of theta: 684.9833212694452.
2024-02-12 12:01:13,965 - INFO - Beginning optimization with guess, [0.67509932].
2024-02-12 12:01:57,942 - INFO - Finished optimization with guess, [0.67509932].
2024-02-12 12:01:57,944 - INFO - Best fit parameters: [0.67509932].
2024-02-12 12:01:59,629 - INFO - Maximum log composite likelihood: -1884.6725985661344.
2024-02-12 12:01:59,629 - INFO - Optimal value of theta: 684.9833212694452.
2024-02-12 12:01:59,629 - INFO - Beginning optimization with guess, [0.6567648].
2024-02-12 12:02:52,277 - INFO - Finished optimization with guess, [0.6567648].
2024-02-12 12:02:52,278 - INFO - Best fit parameters: [0.6567648].
2024-02-12 12:02:54,314 - INFO - Maximum log composite likelihood: -1884.6725985661344.
2024-02-12 12:02:54,314 - INFO - Optimal value of theta: 684.9833212694452.
2024-02-12 12:02:54,315 - INFO - Beginning optimization with guess, [1.25925299].
2024-02-12 12:03:40,987 - INFO - Finished optimization with guess, [1.25925299].
2024-02-12 12:03:40,988 - INFO - Best fit parameters: [1.25925299].
2024-02-12 12:03:43,029 - INFO - Maximum log composite likelihood: -1884.6725985661344.
2024-02-12 12:03:43,029 - INFO - Optimal value of theta: 684.9833212694452.
2024-02-12 12:03:43,029 - INFO - Beginning optimization with guess, [1.7622241].
2024-02-12 12:04:35,447 - INFO - Finished optimization with guess, [1.7622241].
2024-02-12 12:04:35,449 - INFO - Best fit parameters: [1.7622241].
2024-02-12 12:04:37,118 - INFO - Maximum log composite likelihood: -1884.6725985661344.
2024-02-12 12:04:37,118 - INFO - Optimal value of theta: 684.9833212694452.
2024-02-12 12:04:37,118 - INFO - Beginning optimization with guess, [1.13420208].
2024-02-12 12:05:12,748 - INFO - Finished optimization with guess, [1.13420208].
2024-02-12 12:05:12,749 - INFO - Best fit parameters: [1.13420208].
2024-02-12 12:05:14,784 - INFO - Maximum log composite likelihood: -1884.6725985661344.
2024-02-12 12:05:14,784 - INFO - Optimal value of theta: 684.9833212694452.
2024-02-12 12:05:14,785 - INFO - Beginning optimization with guess, [2.62677839].
2024-02-12 12:06:13,471 - INFO - Finished optimization with guess, [2.62677839].
2024-02-12 12:06:13,473 - INFO - Best fit parameters: [2.62677839].
2024-02-12 12:06:15,490 - INFO - Maximum log composite likelihood: -1884.6725985661344.
2024-02-12 12:06:15,490 - INFO - Optimal value of theta: 684.9833212694452.
2024-02-12 12:06:15,490 - INFO - Beginning optimization with guess, [1.7845007].
2024-02-12 12:07:10,346 - INFO - Finished optimization with guess, [1.7845007].
2024-02-12 12:07:10,347 - INFO - Best fit parameters: [1.7845007].
2024-02-12 12:07:12,045 - INFO - Maximum log composite likelihood: -1884.6725985661344.
2024-02-12 12:07:12,046 - INFO - Optimal value of theta: 684.9833212694452.
2024-02-12 12:07:12,046 - INFO - Beginning optimization with guess, [4.47595282].
2024-02-12 12:08:11,417 - INFO - Finished optimization with guess, [4.47595282].
2024-02-12 12:08:11,418 - INFO - Best fit parameters: [4.47595282].
2024-02-12 12:08:13,452 - INFO - Maximum log composite likelihood: -1884.6725985661344.
2024-02-12 12:08:13,452 - INFO - Optimal value of theta: 684.9833212694452.
2024-02-12 12:08:13,453 - INFO - Beginning optimization with guess, [1.87902437].
2024-02-12 12:09:04,569 - INFO - Finished optimization with guess, [1.87902437].
2024-02-12 12:09:04,571 - INFO - Best fit parameters: [1.87902437].
2024-02-12 12:09:06,612 - INFO - Maximum log composite likelihood: -1884.6725985661344.
2024-02-12 12:09:06,612 - INFO - Optimal value of theta: 684.9833212694452.
2024-02-12 12:09:06,612 - INFO - Beginning optimization with guess, [1.60892033].
2024-02-12 12:09:59,466 - INFO - Finished optimization with guess, [1.60892033].
2024-02-12 12:09:59,467 - INFO - Best fit parameters: [1.60892033].
2024-02-12 12:10:01,536 - INFO - Maximum log composite likelihood: -1884.6725985661344.
2024-02-12 12:10:01,537 - INFO - Optimal value of theta: 684.9833212694452.
2024-02-12 12:10:01,537 - INFO - Beginning optimization with guess, [5.73814798].
2024-02-12 12:11:03,474 - INFO - Finished optimization with guess, [5.73814798].
2024-02-12 12:11:03,476 - INFO - Best fit parameters: [5.73814798].
2024-02-12 12:11:05,496 - INFO - Maximum log composite likelihood: -1884.6725985661344.
2024-02-12 12:11:05,496 - INFO - Optimal value of theta: 684.9833212694452.
2024-02-12 12:11:05,497 - INFO - Beginning optimization with guess, [4.4677148].
2024-02-12 12:12:10,436 - INFO - Finished optimization with guess, [4.4677148].
2024-02-12 12:12:10,437 - INFO - Best fit parameters: [4.4677148].
2024-02-12 12:12:12,478 - INFO - Maximum log composite likelihood: -1884.6725985661344.
2024-02-12 12:12:12,478 - INFO - Optimal value of theta: 684.9833212694452.
2024-02-12 12:12:12,478 - INFO - Beginning optimization with guess, [4.88942791].
2024-02-12 12:13:17,421 - INFO - Finished optimization with guess, [4.88942791].
2024-02-12 12:13:17,422 - INFO - Best fit parameters: [4.88942791].
2024-02-12 12:13:19,465 - INFO - Maximum log composite likelihood: -1884.6725985661344.
2024-02-12 12:13:19,465 - INFO - Optimal value of theta: 684.9833212694452.
2024-02-12 12:13:19,466 - INFO - Beginning optimization with guess, [9.67924798].
2024-02-12 12:14:30,568 - INFO - Finished optimization with guess, [9.67924798].
2024-02-12 12:14:30,569 - INFO - Best fit parameters: [9.67924798].
2024-02-12 12:14:32,639 - INFO - Maximum log composite likelihood: -1884.6725985661344.
2024-02-12 12:14:32,640 - INFO - Optimal value of theta: 684.9833212694452.
2024-02-12 12:14:32,640 - INFO - Beginning optimization with guess, [5.75469778].
2024-02-12 12:15:32,736 - INFO - Finished optimization with guess, [5.75469778].
2024-02-12 12:15:32,737 - INFO - Best fit parameters: [5.75469778].
2024-02-12 12:15:34,444 - INFO - Maximum log composite likelihood: -1884.6725985661344.
2024-02-12 12:15:34,445 - INFO - Optimal value of theta: 684.9833212694452.
2024-02-12 12:15:34,445 - INFO - Beginning optimization with guess, [7.19809899].
2024-02-12 12:16:33,991 - INFO - Finished optimization with guess, [7.19809899].
2024-02-12 12:16:33,993 - INFO - Best fit parameters: [7.19809899].
2024-02-12 12:16:36,028 - INFO - Maximum log composite likelihood: -1884.6725985661344.
2024-02-12 12:16:36,028 - INFO - Optimal value of theta: 684.9833212694452.
2024-02-12 12:16:36,029 - INFO - Beginning optimization with guess, [11.01792213].
2024-02-12 12:17:44,436 - INFO - Finished optimization with guess, [11.01792213].
2024-02-12 12:17:44,437 - INFO - Best fit parameters: [11.01792213].
2024-02-12 12:17:46,161 - INFO - Maximum log composite likelihood: -1884.6725985661344.
2024-02-12 12:17:46,161 - INFO - Optimal value of theta: 684.9833212694452.
2024-02-12 12:17:46,168 - INFO - Beginning demographic inference for two-epoch demographic model.
2024-02-12 12:17:46,192 - INFO - Beginning optimization with guess, [0.15227113 0.01633165].
2024-02-12 12:19:21,590 - INFO - Finished optimization with guess, [0.15227113 0.01633165].
2024-02-12 12:19:21,592 - INFO - Best fit parameters: [5.17047932e+01 3.11317869e-02].
2024-02-12 12:19:23,622 - INFO - Maximum log composite likelihood: -575.1015645413667.
2024-02-12 12:19:23,622 - INFO - Optimal value of theta: 369.46706912009023.
2024-02-12 12:19:23,623 - INFO - Beginning optimization with guess, [0.27188418 0.00654531].
2024-02-12 12:21:04,078 - INFO - Finished optimization with guess, [0.27188418 0.00654531].
2024-02-12 12:21:04,079 - INFO - Best fit parameters: [5.39117394e+01 2.22541119e-02].
2024-02-12 12:21:06,113 - INFO - Maximum log composite likelihood: -573.7573945062505.
2024-02-12 12:21:06,113 - INFO - Optimal value of theta: 420.313963516766.
2024-02-12 12:21:06,113 - INFO - Beginning optimization with guess, [0.24615175 0.00646125].
2024-02-12 12:22:46,102 - INFO - Finished optimization with guess, [0.24615175 0.00646125].
2024-02-12 12:22:46,103 - INFO - Best fit parameters: [7.30946871e+01 2.20375009e-02].
2024-02-12 12:22:48,148 - INFO - Maximum log composite likelihood: -575.5704326252354.
2024-02-12 12:22:48,148 - INFO - Optimal value of theta: 418.0200564587205.
2024-02-12 12:22:48,149 - INFO - Beginning optimization with guess, [0.60446865 0.00889769].
2024-02-12 12:24:26,482 - INFO - Finished optimization with guess, [0.60446865 0.00889769].
2024-02-12 12:24:26,484 - INFO - Best fit parameters: [4.01340667e+01 3.07190478e-02].
2024-02-12 12:24:28,503 - INFO - Maximum log composite likelihood: -570.3112165544426.
2024-02-12 12:24:28,503 - INFO - Optimal value of theta: 376.84264780986786.
2024-02-12 12:24:28,503 - INFO - Beginning optimization with guess, [0.99032858 0.01918   ].
2024-02-12 12:26:00,170 - INFO - Finished optimization with guess, [0.99032858 0.01918   ].
2024-02-12 12:26:00,171 - INFO - Best fit parameters: [1.12488102 0.01866854].
2024-02-12 12:26:02,248 - INFO - Maximum log composite likelihood: -1774.278492309693.
2024-02-12 12:26:02,248 - INFO - Optimal value of theta: 667.0683660733534.
2024-02-12 12:26:02,248 - INFO - Beginning optimization with guess, [0.61274429 0.00583608].
2024-02-12 12:27:32,564 - INFO - Finished optimization with guess, [0.61274429 0.00583608].
2024-02-12 12:27:32,566 - INFO - Best fit parameters: [14.23803666  0.03322479].
2024-02-12 12:27:34,240 - INFO - Maximum log composite likelihood: -626.0969673010114.
2024-02-12 12:27:34,240 - INFO - Optimal value of theta: 402.52324108576596.
2024-02-12 12:27:34,240 - INFO - Beginning optimization with guess, [1.02055772 0.00618323].
2024-02-12 12:29:06,197 - INFO - Finished optimization with guess, [1.02055772 0.00618323].
2024-02-12 12:29:06,199 - INFO - Best fit parameters: [4.21252135e+01 2.88209670e-02].
2024-02-12 12:29:08,236 - INFO - Maximum log composite likelihood: -567.8405373080924.
2024-02-12 12:29:08,236 - INFO - Optimal value of theta: 385.4018765394461.
2024-02-12 12:29:08,237 - INFO - Beginning optimization with guess, [0.68174478 0.01863296].
2024-02-12 12:30:35,877 - INFO - Finished optimization with guess, [0.68174478 0.01863296].
2024-02-12 12:30:35,878 - INFO - Best fit parameters: [10.00443105  0.05358023].
2024-02-12 12:30:37,593 - INFO - Maximum log composite likelihood: -702.0941065478615.
2024-02-12 12:30:37,593 - INFO - Optimal value of theta: 357.2575147829415.
2024-02-12 12:30:37,594 - INFO - Beginning optimization with guess, [0.63004051 0.01525398].
2024-02-12 12:32:01,825 - INFO - Finished optimization with guess, [0.63004051 0.01525398].
2024-02-12 12:32:01,827 - INFO - Best fit parameters: [16.07342602  0.04625422].
2024-02-12 12:32:03,900 - INFO - Maximum log composite likelihood: -639.1536162069934.
2024-02-12 12:32:03,900 - INFO - Optimal value of theta: 353.618724439889.
2024-02-12 12:32:03,901 - INFO - Beginning optimization with guess, [0.54816219 0.01145524].
2024-02-12 12:33:43,564 - INFO - Finished optimization with guess, [0.54816219 0.01145524].
2024-02-12 12:33:43,566 - INFO - Best fit parameters: [2.53492    0.01887442].
2024-02-12 12:33:45,587 - INFO - Maximum log composite likelihood: -1195.7301611486378.
2024-02-12 12:33:45,587 - INFO - Optimal value of theta: 572.1153130875656.
2024-02-12 12:33:45,587 - INFO - Beginning optimization with guess, [1.26726543 0.00901318].
2024-02-12 12:35:10,974 - INFO - Finished optimization with guess, [1.26726543 0.00901318].
2024-02-12 12:35:10,976 - INFO - Best fit parameters: [4.51347085e+01 3.02926510e-02].
2024-02-12 12:35:13,010 - INFO - Maximum log composite likelihood: -570.6086136435672.
2024-02-12 12:35:13,010 - INFO - Optimal value of theta: 376.37832338518126.
2024-02-12 12:35:13,011 - INFO - Beginning optimization with guess, [1.25119443 0.00842855].
2024-02-12 12:36:48,557 - INFO - Finished optimization with guess, [1.25119443 0.00842855].
2024-02-12 12:36:48,559 - INFO - Best fit parameters: [4.63080643e+01 2.35202866e-02].
2024-02-12 12:36:50,595 - INFO - Maximum log composite likelihood: -570.6696738189916.
2024-02-12 12:36:50,596 - INFO - Optimal value of theta: 414.32072633334724.
2024-02-12 12:36:50,596 - INFO - Beginning optimization with guess, [3.19231376 0.0162648 ].
2024-02-12 12:38:28,696 - INFO - Finished optimization with guess, [3.19231376 0.0162648 ].
2024-02-12 12:38:28,698 - INFO - Best fit parameters: [4.28621602e+01 2.71375447e-02].
2024-02-12 12:38:30,725 - INFO - Maximum log composite likelihood: -566.9090760382065.
2024-02-12 12:38:30,726 - INFO - Optimal value of theta: 394.1502891718452.
2024-02-12 12:38:30,726 - INFO - Beginning optimization with guess, [1.63037433 0.00978144].
2024-02-12 12:39:51,267 - INFO - Finished optimization with guess, [1.63037433 0.00978144].
2024-02-12 12:39:51,269 - INFO - Best fit parameters: [4.24588123e+01 2.83137485e-02].
2024-02-12 12:39:52,956 - INFO - Maximum log composite likelihood: -567.411813234124.
2024-02-12 12:39:52,956 - INFO - Optimal value of theta: 387.9232395492617.
2024-02-12 12:39:52,956 - INFO - Beginning optimization with guess, [4.15386264 0.01051093].
2024-02-12 12:41:27,032 - INFO - Finished optimization with guess, [4.15386264 0.01051093].
2024-02-12 12:41:27,033 - INFO - Best fit parameters: [4.24145217e+01 2.68050115e-02].
2024-02-12 12:41:29,067 - INFO - Maximum log composite likelihood: -566.9296050004303.
2024-02-12 12:41:29,067 - INFO - Optimal value of theta: 396.2243683705445.
2024-02-12 12:41:29,067 - INFO - Beginning optimization with guess, [3.89079194 0.01868443].
2024-02-12 12:43:06,698 - INFO - Finished optimization with guess, [3.89079194 0.01868443].
2024-02-12 12:43:06,700 - INFO - Best fit parameters: [4.24532768e+01 2.70271012e-02].
2024-02-12 12:43:08,730 - INFO - Maximum log composite likelihood: -566.9107845180765.
2024-02-12 12:43:08,730 - INFO - Optimal value of theta: 394.95983474485274.
2024-02-12 12:43:08,731 - INFO - Beginning optimization with guess, [1.84369018 0.01112298].
2024-02-12 12:44:46,167 - INFO - Finished optimization with guess, [1.84369018 0.01112298].
2024-02-12 12:44:46,169 - INFO - Best fit parameters: [4.29846825e+01 2.74396883e-02].
2024-02-12 12:44:48,216 - INFO - Maximum log composite likelihood: -566.9683550538771.
2024-02-12 12:44:48,216 - INFO - Optimal value of theta: 392.41736417425017.
2024-02-12 12:44:48,217 - INFO - Beginning optimization with guess, [3.55285902 0.00996549].
2024-02-12 12:46:27,927 - INFO - Finished optimization with guess, [3.55285902 0.00996549].
2024-02-12 12:46:27,928 - INFO - Best fit parameters: [4.07352244e+01 2.58214235e-02].
2024-02-12 12:46:29,962 - INFO - Maximum log composite likelihood: -567.6608285262363.
2024-02-12 12:46:29,963 - INFO - Optimal value of theta: 402.6631399645597.
2024-02-12 12:46:29,963 - INFO - Beginning optimization with guess, [2.37232732 0.00876128].
2024-02-12 12:48:23,268 - INFO - Finished optimization with guess, [2.37232732 0.00876128].
2024-02-12 12:48:23,270 - INFO - Best fit parameters: [4.50257147e+01 2.67842837e-02].
2024-02-12 12:48:25,288 - INFO - Maximum log composite likelihood: -566.937079979972.
2024-02-12 12:48:25,289 - INFO - Optimal value of theta: 395.17025246525446.
2024-02-12 12:48:25,289 - INFO - Beginning optimization with guess, [6.31451495 0.00872144].
2024-02-12 12:50:04,807 - INFO - Finished optimization with guess, [6.31451495 0.00872144].
2024-02-12 12:50:04,809 - INFO - Best fit parameters: [4.27779836e+01 2.71437973e-02].
2024-02-12 12:50:06,836 - INFO - Maximum log composite likelihood: -566.9101453663109.
2024-02-12 12:50:06,836 - INFO - Optimal value of theta: 394.15499708193147.
2024-02-12 12:50:06,837 - INFO - Beginning optimization with guess, [7.50041557 0.00825698].
2024-02-12 12:51:44,751 - INFO - Finished optimization with guess, [7.50041557 0.00825698].
2024-02-12 12:51:44,752 - INFO - Best fit parameters: [4.33650219e+01 2.70107685e-02].
2024-02-12 12:51:46,774 - INFO - Maximum log composite likelihood: -566.9003906246463.
2024-02-12 12:51:46,774 - INFO - Optimal value of theta: 394.6258746411087.
2024-02-12 12:51:46,774 - INFO - Beginning optimization with guess, [5.39211631 0.01396449].
2024-02-12 12:53:22,235 - INFO - Finished optimization with guess, [5.39211631 0.01396449].
2024-02-12 12:53:22,246 - INFO - Best fit parameters: [4.24214775e+01 2.71402381e-02].
2024-02-12 12:53:24,280 - INFO - Maximum log composite likelihood: -566.9149432483489.
2024-02-12 12:53:24,281 - INFO - Optimal value of theta: 394.34388592454235.
2024-02-12 12:53:24,281 - INFO - Beginning optimization with guess, [9.89769954 0.01410858].
2024-02-12 12:54:59,908 - INFO - Finished optimization with guess, [9.89769954 0.01410858].
2024-02-12 12:54:59,909 - INFO - Best fit parameters: [4.30325080e+01 2.72362791e-02].
2024-02-12 12:55:01,992 - INFO - Maximum log composite likelihood: -566.9223787000855.
2024-02-12 12:55:01,992 - INFO - Optimal value of theta: 393.5211338838817.
2024-02-12 12:55:01,993 - INFO - Beginning optimization with guess, [5.84809524 0.01054873].
2024-02-12 12:56:39,538 - INFO - Finished optimization with guess, [5.84809524 0.01054873].
2024-02-12 12:56:39,540 - INFO - Best fit parameters: [4.27437647e+01 2.73503313e-02].
2024-02-12 12:56:41,584 - INFO - Maximum log composite likelihood: -566.9423080114484.
2024-02-12 12:56:41,584 - INFO - Optimal value of theta: 393.024720885551.
2024-02-12 12:56:41,585 - INFO - Beginning optimization with guess, [6.16436192 0.01573639].
2024-02-12 12:58:14,936 - INFO - Finished optimization with guess, [6.16436192 0.01573639].
2024-02-12 12:58:14,938 - INFO - Best fit parameters: [4.15978794e+01 2.63498806e-02].
2024-02-12 12:58:16,974 - INFO - Maximum log composite likelihood: -567.1447131331946.
2024-02-12 12:58:16,975 - INFO - Optimal value of theta: 399.1969668554399.
2024-02-12 12:58:16,982 - INFO - Beginning demographic inference for three-epoch demographic model.
2024-02-12 12:58:17,011 - INFO - Beginning optimization with guess, [0.0117317  0.00828742 0.01521222 0.01171888].
2024-02-12 13:03:34,896 - INFO - Finished optimization with guess, [0.0117317  0.00828742 0.01521222 0.01171888].
2024-02-12 13:03:34,908 - INFO - Best fit parameters: [0.0042343  0.0014803  0.01182057 0.16823091].
2024-02-12 13:03:42,450 - INFO - Maximum log composite likelihood: -1884.6725984837956.
2024-02-12 13:03:42,450 - INFO - Optimal value of theta: 462732.4407531722.
2024-02-12 13:03:42,451 - INFO - Beginning optimization with guess, [0.02902171 0.02258216 0.01397714 0.01859929].
2024-02-12 13:09:22,612 - INFO - Finished optimization with guess, [0.02902171 0.02258216 0.01397714 0.01859929].
2024-02-12 13:09:22,615 - INFO - Best fit parameters: [0.00518437 0.00720999 0.00971095 0.95891032].
2024-02-12 13:09:30,930 - INFO - Maximum log composite likelihood: -1884.6725985319738.
2024-02-12 13:09:30,932 - INFO - Optimal value of theta: 95004.7300761297.
2024-02-12 13:09:30,932 - INFO - Beginning optimization with guess, [0.01506953 0.02234475 0.01964169 0.00878965].
2024-02-12 13:11:03,469 - INFO - Finished optimization with guess, [0.01506953 0.02234475 0.01964169 0.00878965].
2024-02-12 13:11:03,470 - INFO - Best fit parameters: [0.00537785 0.12976964 0.02286142 0.00040856].
2024-02-12 13:11:05,710 - INFO - Maximum log composite likelihood: -607.4424551548555.
2024-02-12 13:11:05,710 - INFO - Optimal value of theta: 34084.37705016394.
2024-02-12 13:11:05,711 - INFO - Beginning optimization with guess, [0.0263796  0.02175552 0.0075288  0.010826  ].
2024-02-12 13:12:38,818 - INFO - Finished optimization with guess, [0.0263796  0.02175552 0.0075288  0.010826  ].
2024-02-12 13:12:38,820 - INFO - Best fit parameters: [0.00470672 1.13934813 0.00881038 0.00607167].
2024-02-12 13:12:40,927 - INFO - Maximum log composite likelihood: -533.2402635316541.
2024-02-12 13:12:40,927 - INFO - Optimal value of theta: 3622.5999441887543.
2024-02-12 13:12:40,928 - INFO - Beginning optimization with guess, [0.06239053 0.05740231 0.0190045  0.01034299].
2024-02-12 13:14:19,336 - INFO - Finished optimization with guess, [0.06239053 0.05740231 0.0190045  0.01034299].
2024-02-12 13:14:19,338 - INFO - Best fit parameters: [0.01083728 1.27052816 0.01961015 0.00922689].
2024-02-12 13:14:21,468 - INFO - Maximum log composite likelihood: -539.2127680218912.
2024-02-12 13:14:21,469 - INFO - Optimal value of theta: 2816.2827293894.
2024-02-12 13:14:21,469 - INFO - Beginning optimization with guess, [1.12193526 0.46713702 0.00741754 0.00635846].
2024-02-12 13:15:52,834 - INFO - Finished optimization with guess, [1.12193526 0.46713702 0.00741754 0.00635846].
2024-02-12 13:15:52,836 - INFO - Best fit parameters: [1.22760504e+00 1.70229575e+00 4.31447542e-02 1.14658047e-06].
2024-02-12 13:15:54,867 - INFO - Maximum log composite likelihood: -1694.727730393615.
2024-02-12 13:15:54,868 - INFO - Optimal value of theta: 639.3417638902135.
2024-02-12 13:15:54,868 - INFO - Beginning optimization with guess, [0.56617986 0.79367302 0.00683967 0.01610377].
2024-02-12 13:17:24,876 - INFO - Finished optimization with guess, [0.56617986 0.79367302 0.00683967 0.01610377].
2024-02-12 13:17:24,877 - INFO - Best fit parameters: [3.53026789e-01 7.69137973e+00 7.37702620e-17 7.74977058e-02].
2024-02-12 13:17:26,939 - INFO - Maximum log composite likelihood: -825.6213381445843.
2024-02-12 13:17:26,939 - INFO - Optimal value of theta: 331.96574785513036.
2024-02-12 13:17:26,940 - INFO - Beginning optimization with guess, [0.65198054 0.44797657 0.01859999 0.00641023].
2024-02-12 13:18:53,852 - INFO - Finished optimization with guess, [0.65198054 0.44797657 0.01859999 0.00641023].
2024-02-12 13:18:53,853 - INFO - Best fit parameters: [6.94889364e-01 1.60761839e+06 9.25489538e-20 1.14075720e-26].
2024-02-12 13:18:55,869 - INFO - Maximum log composite likelihood: -1884.6725985661244.
2024-02-12 13:18:55,870 - INFO - Optimal value of theta: 684.9833212694448.
2024-02-12 13:18:55,870 - INFO - Beginning optimization with guess, [0.82941007 0.84476431 0.01519747 0.0069029 ].
2024-02-12 13:20:25,114 - INFO - Finished optimization with guess, [0.82941007 0.84476431 0.01519747 0.0069029 ].
2024-02-12 13:20:25,116 - INFO - Best fit parameters: [4.68436787e-01 1.38049708e+01 4.47460091e-22 2.54132507e-02].
2024-02-12 13:20:27,137 - INFO - Maximum log composite likelihood: -640.3355568308825.
2024-02-12 13:20:27,137 - INFO - Optimal value of theta: 438.2180798763233.
2024-02-12 13:20:27,137 - INFO - Beginning optimization with guess, [1.64184573 1.90548494 0.00614542 0.01824476].
2024-02-12 13:21:58,605 - INFO - Finished optimization with guess, [1.64184573 1.90548494 0.00614542 0.01824476].
2024-02-12 13:21:58,606 - INFO - Best fit parameters: [3.60438109e-01 3.94500319e+01 3.14884583e-08 3.29577157e-02].
2024-02-12 13:22:00,659 - INFO - Maximum log composite likelihood: -575.1320035972088.
2024-02-12 13:22:00,659 - INFO - Optimal value of theta: 366.66579919220635.
2024-02-12 13:22:00,660 - INFO - Beginning optimization with guess, [1.63654173 1.22822026 0.01881839 0.01020406].
2024-02-12 13:23:15,475 - INFO - Finished optimization with guess, [1.63654173 1.22822026 0.01881839 0.01020406].
2024-02-12 13:23:15,476 - INFO - Best fit parameters: [2.75359772e+00 1.47838424e+00 4.01049490e-02 9.72527252e-09].
2024-02-12 13:23:17,179 - INFO - Maximum log composite likelihood: -1101.0038925438485.
2024-02-12 13:23:17,179 - INFO - Optimal value of theta: 507.351143052316.
2024-02-12 13:23:17,179 - INFO - Beginning optimization with guess, [2.97568535 2.06015938 0.01219655 0.00520938].
2024-02-12 13:24:31,656 - INFO - Finished optimization with guess, [2.97568535 2.06015938 0.01219655 0.00520938].
2024-02-12 13:24:31,658 - INFO - Best fit parameters: [3.20684029e+01 7.08014142e-01 3.76474561e-02 6.58629044e-06].
2024-02-12 13:24:33,372 - INFO - Maximum log composite likelihood: -587.8212742194597.
2024-02-12 13:24:33,372 - INFO - Optimal value of theta: 353.05180070238384.
2024-02-12 13:24:33,373 - INFO - Beginning optimization with guess, [1.05640465 1.20211132 0.00624976 0.01179005].
2024-02-12 13:25:53,185 - INFO - Finished optimization with guess, [1.05640465 1.20211132 0.00624976 0.01179005].
2024-02-12 13:25:53,187 - INFO - Best fit parameters: [1.01067297 2.25482347 2.71916037 0.04812999].
2024-02-12 13:25:55,338 - INFO - Maximum log composite likelihood: -1239.1263403717485.
2024-02-12 13:25:55,338 - INFO - Optimal value of theta: 519.9366399898084.
2024-02-12 13:25:55,339 - INFO - Beginning optimization with guess, [2.90638384 3.23725649 0.00540122 0.01965187].
2024-02-12 13:27:22,942 - INFO - Finished optimization with guess, [2.90638384 3.23725649 0.00540122 0.01965187].
2024-02-12 13:27:22,944 - INFO - Best fit parameters: [4.30661582e+00 1.95016288e+01 3.77432880e-02 1.65868277e-02].
2024-02-12 13:27:24,972 - INFO - Maximum log composite likelihood: -665.1771369910875.
2024-02-12 13:27:24,973 - INFO - Optimal value of theta: 368.28959039940577.
2024-02-12 13:27:24,973 - INFO - Beginning optimization with guess, [2.12334302 2.12291177 0.01925809 0.01990881].
2024-02-12 13:28:44,898 - INFO - Finished optimization with guess, [2.12334302 2.12291177 0.01925809 0.01990881].
2024-02-12 13:28:44,910 - INFO - Best fit parameters: [1.28854643e+00 1.01786087e+01 3.10546894e-03 4.64023283e-02].
2024-02-12 13:28:46,613 - INFO - Maximum log composite likelihood: -686.5127175509114.
2024-02-12 13:28:46,613 - INFO - Optimal value of theta: 374.5079196567901.
2024-02-12 13:28:46,614 - INFO - Beginning optimization with guess, [1.64777734 2.44825391 0.01035519 0.00993994].
2024-02-12 13:30:13,371 - INFO - Finished optimization with guess, [1.64777734 2.44825391 0.01035519 0.00993994].
2024-02-12 13:30:13,372 - INFO - Best fit parameters: [ 1.36707114 10.76305107  0.19120954  0.05687687].
2024-02-12 13:30:15,405 - INFO - Maximum log composite likelihood: -788.2828531032832.
2024-02-12 13:30:15,405 - INFO - Optimal value of theta: 320.2823582496293.
2024-02-12 13:30:15,405 - INFO - Beginning optimization with guess, [2.86242994 3.27690531 0.01384277 0.01708529].
2024-02-12 13:31:39,321 - INFO - Finished optimization with guess, [2.86242994 3.27690531 0.01384277 0.01708529].
2024-02-12 13:31:39,323 - INFO - Best fit parameters: [1.30925513e+00 2.94639310e+01 2.46585513e-04 3.56361757e-02].
2024-02-12 13:31:41,403 - INFO - Maximum log composite likelihood: -582.136064489621.
2024-02-12 13:31:41,403 - INFO - Optimal value of theta: 363.08787753937014.
2024-02-12 13:31:41,404 - INFO - Beginning optimization with guess, [2.1362575  1.53490701 0.00529949 0.01788361].
2024-02-12 13:33:12,807 - INFO - Finished optimization with guess, [2.1362575  1.53490701 0.00529949 0.01788361].
2024-02-12 13:33:12,809 - INFO - Best fit parameters: [1.96724381 3.41098532 0.02193549 0.07900647].
2024-02-12 13:33:14,845 - INFO - Maximum log composite likelihood: -1125.9340710846043.
2024-02-12 13:33:14,846 - INFO - Optimal value of theta: 409.74935307908413.
2024-02-12 13:33:14,846 - INFO - Beginning optimization with guess, [1.8720495  2.51740049 0.01755767 0.01985122].
2024-02-12 13:34:46,229 - INFO - Finished optimization with guess, [1.8720495  2.51740049 0.01755767 0.01985122].
2024-02-12 13:34:46,231 - INFO - Best fit parameters: [ 0.65141557 18.30640168  0.0788371   0.02504354].
2024-02-12 13:34:48,278 - INFO - Maximum log composite likelihood: -536.9512007269144.
2024-02-12 13:34:48,278 - INFO - Optimal value of theta: 476.95142129072053.
2024-02-12 13:34:48,279 - INFO - Beginning optimization with guess, [2.23804624 5.97361357 0.01099909 0.01866495].
2024-02-12 13:36:17,908 - INFO - Finished optimization with guess, [2.23804624 5.97361357 0.01099909 0.01866495].
2024-02-12 13:36:17,912 - INFO - Best fit parameters: [1.20389710e+00 5.49187736e+01 5.24880131e-03 2.43036807e-02].
2024-02-12 13:36:19,972 - INFO - Maximum log composite likelihood: -568.5375388110843.
2024-02-12 13:36:19,972 - INFO - Optimal value of theta: 402.681456113454.
2024-02-12 13:36:19,972 - INFO - Beginning optimization with guess, [2.17957213 2.35582597 0.00670328 0.01218056].
2024-02-12 13:37:45,155 - INFO - Finished optimization with guess, [2.17957213 2.35582597 0.00670328 0.01218056].
2024-02-12 13:37:45,162 - INFO - Best fit parameters: [ 1.39196375 11.88777785  0.04189998  0.03202372].
2024-02-12 13:37:47,197 - INFO - Maximum log composite likelihood: -689.1699466326352.
2024-02-12 13:37:47,197 - INFO - Optimal value of theta: 393.6248754674518.
2024-02-12 13:37:47,197 - INFO - Beginning optimization with guess, [9.45245374 6.80705014 0.01841305 0.01015281].
2024-02-12 13:39:14,530 - INFO - Finished optimization with guess, [9.45245374 6.80705014 0.01841305 0.01015281].
2024-02-12 13:39:14,532 - INFO - Best fit parameters: [4.81954889e+01 1.87115774e+01 2.23727118e-02 2.40751496e-03].
2024-02-12 13:39:16,554 - INFO - Maximum log composite likelihood: -568.4066939792345.
2024-02-12 13:39:16,554 - INFO - Optimal value of theta: 407.52467537142826.
2024-02-12 13:39:16,555 - INFO - Beginning optimization with guess, [7.15458090e+00 6.24959334e+00 6.37502454e-03 1.95318376e-02].
2024-02-12 13:40:37,815 - INFO - Finished optimization with guess, [7.15458090e+00 6.24959334e+00 6.37502454e-03 1.95318376e-02].
2024-02-12 13:40:37,819 - INFO - Best fit parameters: [1.60643863e+00 8.30531918e+01 1.64040689e-02 2.60425861e-02].
2024-02-12 13:40:39,852 - INFO - Maximum log composite likelihood: -578.0189383461293.
2024-02-12 13:40:39,852 - INFO - Optimal value of theta: 370.62998925310694.
2024-02-12 13:40:39,852 - INFO - Beginning optimization with guess, [1.01470405e+01 1.28098437e+01 9.40976034e-03 1.28443587e-02].
2024-02-12 13:42:15,147 - INFO - Finished optimization with guess, [1.01470405e+01 1.28098437e+01 9.40976034e-03 1.28443587e-02].
2024-02-12 13:42:15,150 - INFO - Best fit parameters: [9.42867714e+00 4.41329334e+01 4.13597902e-03 2.24928984e-02].
2024-02-12 13:42:17,167 - INFO - Maximum log composite likelihood: -567.0108304000257.
2024-02-12 13:42:17,167 - INFO - Optimal value of theta: 397.9407206171815.
2024-02-12 13:42:17,167 - INFO - Beginning optimization with guess, [5.49338383e+00 8.18969925e+00 6.70619948e-03 1.92762984e-02].
2024-02-12 13:43:49,181 - INFO - Finished optimization with guess, [5.49338383e+00 8.18969925e+00 6.70619948e-03 1.92762984e-02].
2024-02-12 13:43:49,183 - INFO - Best fit parameters: [3.83639089e+00 4.81711318e+01 3.99975427e-03 2.37718786e-02].
2024-02-12 13:43:51,208 - INFO - Maximum log composite likelihood: -567.0436795776454.
2024-02-12 13:43:51,208 - INFO - Optimal value of theta: 394.9780274789224.
2024-02-12 13:43:51,221 - INFO - Finished demographic inference.
2024-02-12 13:43:51,221 - INFO - Pipeline executed succesfully.
