2024-02-13 14:42:14,324 - INFO - Beginning execution of fit_demographic_model.py in directory /u/project/kirk/jonmah/sample_size_demography/Scripts

2024-02-13 14:42:14,325 - INFO - Progress is being logged to ../Analysis/ThreeEpochContraction_15/log.log

2024-02-13 14:42:14,325 - INFO - Parsed the following arguments:
	syn_input_sfs = ../Analysis/ThreeEpochContraction_15/syn_downsampled_sfs.txt
	mask_singletons = False
	mask_doubletons = False
	outprefix = ../Analysis/ThreeEpochContraction_15/

2024-02-13 14:42:14,326 - INFO - Beginning demographic inference for one-epoch demographic model.
2024-02-13 14:42:14,327 - INFO - Beginning optimization with guess, [0.15506694].
2024-02-13 14:42:15,756 - INFO - Finished optimization with guess, [0.15506694].
2024-02-13 14:42:15,756 - INFO - Best fit parameters: [0.15506694].
2024-02-13 14:42:15,800 - INFO - Maximum log composite likelihood: -30.371996321627847.
2024-02-13 14:42:15,801 - INFO - Optimal value of theta: 212.68331744713117.
2024-02-13 14:42:15,801 - INFO - Beginning optimization with guess, [0.24066452].
2024-02-13 14:42:17,208 - INFO - Finished optimization with guess, [0.24066452].
2024-02-13 14:42:17,208 - INFO - Best fit parameters: [0.24066452].
2024-02-13 14:42:17,252 - INFO - Maximum log composite likelihood: -30.371996321627847.
2024-02-13 14:42:17,252 - INFO - Optimal value of theta: 212.68331744713117.
2024-02-13 14:42:17,252 - INFO - Beginning optimization with guess, [0.5452356].
2024-02-13 14:42:18,549 - INFO - Finished optimization with guess, [0.5452356].
2024-02-13 14:42:18,550 - INFO - Best fit parameters: [0.5452356].
2024-02-13 14:42:18,595 - INFO - Maximum log composite likelihood: -30.371996321627847.
2024-02-13 14:42:18,595 - INFO - Optimal value of theta: 212.68331744713117.
2024-02-13 14:42:18,595 - INFO - Beginning optimization with guess, [0.26756769].
2024-02-13 14:42:20,011 - INFO - Finished optimization with guess, [0.26756769].
2024-02-13 14:42:20,012 - INFO - Best fit parameters: [0.26756769].
2024-02-13 14:42:20,057 - INFO - Maximum log composite likelihood: -30.371996321627847.
2024-02-13 14:42:20,057 - INFO - Optimal value of theta: 212.68331744713117.
2024-02-13 14:42:20,058 - INFO - Beginning optimization with guess, [0.72127667].
2024-02-13 14:42:21,214 - INFO - Finished optimization with guess, [0.72127667].
2024-02-13 14:42:21,215 - INFO - Best fit parameters: [0.72127667].
2024-02-13 14:42:21,258 - INFO - Maximum log composite likelihood: -30.371996321627847.
2024-02-13 14:42:21,258 - INFO - Optimal value of theta: 212.68331744713117.
2024-02-13 14:42:21,258 - INFO - Beginning optimization with guess, [0.47979164].
2024-02-13 14:42:22,545 - INFO - Finished optimization with guess, [0.47979164].
2024-02-13 14:42:22,546 - INFO - Best fit parameters: [0.47979164].
2024-02-13 14:42:22,593 - INFO - Maximum log composite likelihood: -30.371996321627847.
2024-02-13 14:42:22,593 - INFO - Optimal value of theta: 212.68331744713117.
2024-02-13 14:42:22,593 - INFO - Beginning optimization with guess, [0.4190702].
2024-02-13 14:42:23,876 - INFO - Finished optimization with guess, [0.4190702].
2024-02-13 14:42:23,876 - INFO - Best fit parameters: [0.4190702].
2024-02-13 14:42:23,919 - INFO - Maximum log composite likelihood: -30.371996321627847.
2024-02-13 14:42:23,919 - INFO - Optimal value of theta: 212.68331744713117.
2024-02-13 14:42:23,920 - INFO - Beginning optimization with guess, [0.48935275].
2024-02-13 14:42:25,201 - INFO - Finished optimization with guess, [0.48935275].
2024-02-13 14:42:25,201 - INFO - Best fit parameters: [0.48935275].
2024-02-13 14:42:25,246 - INFO - Maximum log composite likelihood: -30.371996321627847.
2024-02-13 14:42:25,246 - INFO - Optimal value of theta: 212.68331744713117.
2024-02-13 14:42:25,247 - INFO - Beginning optimization with guess, [1.61506253].
2024-02-13 14:42:26,400 - INFO - Finished optimization with guess, [1.61506253].
2024-02-13 14:42:26,400 - INFO - Best fit parameters: [1.61506253].
2024-02-13 14:42:26,445 - INFO - Maximum log composite likelihood: -30.371996321627847.
2024-02-13 14:42:26,445 - INFO - Optimal value of theta: 212.68331744713117.
2024-02-13 14:42:26,445 - INFO - Beginning optimization with guess, [1.23024351].
2024-02-13 14:42:27,465 - INFO - Finished optimization with guess, [1.23024351].
2024-02-13 14:42:27,465 - INFO - Best fit parameters: [1.23024351].
2024-02-13 14:42:27,508 - INFO - Maximum log composite likelihood: -30.371996321627847.
2024-02-13 14:42:27,509 - INFO - Optimal value of theta: 212.68331744713117.
2024-02-13 14:42:27,509 - INFO - Beginning optimization with guess, [1.11663215].
2024-02-13 14:42:28,396 - INFO - Finished optimization with guess, [1.11663215].
2024-02-13 14:42:28,397 - INFO - Best fit parameters: [1.11663215].
2024-02-13 14:42:28,441 - INFO - Maximum log composite likelihood: -30.371996321627847.
2024-02-13 14:42:28,441 - INFO - Optimal value of theta: 212.68331744713117.
2024-02-13 14:42:28,441 - INFO - Beginning optimization with guess, [1.57410221].
2024-02-13 14:42:29,581 - INFO - Finished optimization with guess, [1.57410221].
2024-02-13 14:42:29,581 - INFO - Best fit parameters: [1.57410221].
2024-02-13 14:42:29,627 - INFO - Maximum log composite likelihood: -30.371996321627847.
2024-02-13 14:42:29,627 - INFO - Optimal value of theta: 212.68331744713117.
2024-02-13 14:42:29,627 - INFO - Beginning optimization with guess, [1.53902534].
2024-02-13 14:42:30,799 - INFO - Finished optimization with guess, [1.53902534].
2024-02-13 14:42:30,799 - INFO - Best fit parameters: [1.53902534].
2024-02-13 14:42:30,843 - INFO - Maximum log composite likelihood: -30.371996321627847.
2024-02-13 14:42:30,843 - INFO - Optimal value of theta: 212.68331744713117.
2024-02-13 14:42:30,844 - INFO - Beginning optimization with guess, [2.69374825].
2024-02-13 14:42:32,127 - INFO - Finished optimization with guess, [2.69374825].
2024-02-13 14:42:32,127 - INFO - Best fit parameters: [2.69374825].
2024-02-13 14:42:32,170 - INFO - Maximum log composite likelihood: -30.371996321627847.
2024-02-13 14:42:32,170 - INFO - Optimal value of theta: 212.68331744713117.
2024-02-13 14:42:32,171 - INFO - Beginning optimization with guess, [3.47829683].
2024-02-13 14:42:33,596 - INFO - Finished optimization with guess, [3.47829683].
2024-02-13 14:42:33,597 - INFO - Best fit parameters: [3.47829683].
2024-02-13 14:42:33,642 - INFO - Maximum log composite likelihood: -30.371996321627847.
2024-02-13 14:42:33,642 - INFO - Optimal value of theta: 212.68331744713117.
2024-02-13 14:42:33,642 - INFO - Beginning optimization with guess, [1.68032297].
2024-02-13 14:42:34,985 - INFO - Finished optimization with guess, [1.68032297].
2024-02-13 14:42:34,985 - INFO - Best fit parameters: [1.68032297].
2024-02-13 14:42:35,029 - INFO - Maximum log composite likelihood: -30.371996321627847.
2024-02-13 14:42:35,029 - INFO - Optimal value of theta: 212.68331744713117.
2024-02-13 14:42:35,029 - INFO - Beginning optimization with guess, [3.44403404].
2024-02-13 14:42:36,454 - INFO - Finished optimization with guess, [3.44403404].
2024-02-13 14:42:36,454 - INFO - Best fit parameters: [3.44403404].
2024-02-13 14:42:36,498 - INFO - Maximum log composite likelihood: -30.371996321627847.
2024-02-13 14:42:36,498 - INFO - Optimal value of theta: 212.68331744713117.
2024-02-13 14:42:36,499 - INFO - Beginning optimization with guess, [2.0896986].
2024-02-13 14:42:37,775 - INFO - Finished optimization with guess, [2.0896986].
2024-02-13 14:42:37,775 - INFO - Best fit parameters: [2.0896986].
2024-02-13 14:42:37,820 - INFO - Maximum log composite likelihood: -30.371996321627847.
2024-02-13 14:42:37,820 - INFO - Optimal value of theta: 212.68331744713117.
2024-02-13 14:42:37,820 - INFO - Beginning optimization with guess, [1.68987511].
2024-02-13 14:42:39,111 - INFO - Finished optimization with guess, [1.68987511].
2024-02-13 14:42:39,112 - INFO - Best fit parameters: [1.68987511].
2024-02-13 14:42:39,157 - INFO - Maximum log composite likelihood: -30.371996321627847.
2024-02-13 14:42:39,157 - INFO - Optimal value of theta: 212.68331744713117.
2024-02-13 14:42:39,157 - INFO - Beginning optimization with guess, [6.82192909].
2024-02-13 14:42:40,608 - INFO - Finished optimization with guess, [6.82192909].
2024-02-13 14:42:40,608 - INFO - Best fit parameters: [6.82192909].
2024-02-13 14:42:40,653 - INFO - Maximum log composite likelihood: -30.371996321627847.
2024-02-13 14:42:40,653 - INFO - Optimal value of theta: 212.68331744713117.
2024-02-13 14:42:40,654 - INFO - Beginning optimization with guess, [2.35187446].
2024-02-13 14:42:41,977 - INFO - Finished optimization with guess, [2.35187446].
2024-02-13 14:42:41,977 - INFO - Best fit parameters: [2.35187446].
2024-02-13 14:42:42,022 - INFO - Maximum log composite likelihood: -30.371996321627847.
2024-02-13 14:42:42,022 - INFO - Optimal value of theta: 212.68331744713117.
2024-02-13 14:42:42,022 - INFO - Beginning optimization with guess, [8.00818696].
2024-02-13 14:42:43,620 - INFO - Finished optimization with guess, [8.00818696].
2024-02-13 14:42:43,620 - INFO - Best fit parameters: [8.00818696].
2024-02-13 14:42:43,665 - INFO - Maximum log composite likelihood: -30.371996321627847.
2024-02-13 14:42:43,665 - INFO - Optimal value of theta: 212.68331744713117.
2024-02-13 14:42:43,666 - INFO - Beginning optimization with guess, [5.82519906].
2024-02-13 14:42:45,114 - INFO - Finished optimization with guess, [5.82519906].
2024-02-13 14:42:45,115 - INFO - Best fit parameters: [5.82519906].
2024-02-13 14:42:45,161 - INFO - Maximum log composite likelihood: -30.371996321627847.
2024-02-13 14:42:45,161 - INFO - Optimal value of theta: 212.68331744713117.
2024-02-13 14:42:45,161 - INFO - Beginning optimization with guess, [7.21371715].
2024-02-13 14:42:46,620 - INFO - Finished optimization with guess, [7.21371715].
2024-02-13 14:42:46,620 - INFO - Best fit parameters: [7.21371715].
2024-02-13 14:42:46,664 - INFO - Maximum log composite likelihood: -30.371996321627847.
2024-02-13 14:42:46,665 - INFO - Optimal value of theta: 212.68331744713117.
2024-02-13 14:42:46,665 - INFO - Beginning optimization with guess, [11.19170815].
2024-02-13 14:42:48,262 - INFO - Finished optimization with guess, [11.19170815].
2024-02-13 14:42:48,262 - INFO - Best fit parameters: [11.19170815].
2024-02-13 14:42:48,306 - INFO - Maximum log composite likelihood: -30.371996321627847.
2024-02-13 14:42:48,307 - INFO - Optimal value of theta: 212.68331744713117.
2024-02-13 14:42:48,309 - INFO - Beginning demographic inference for two-epoch demographic model.
2024-02-13 14:42:48,311 - INFO - Beginning optimization with guess, [0.09033861 0.01732734].
2024-02-13 14:42:50,755 - INFO - Finished optimization with guess, [0.09033861 0.01732734].
2024-02-13 14:42:50,756 - INFO - Best fit parameters: [0.56026724 0.11831405].
2024-02-13 14:42:50,812 - INFO - Maximum log composite likelihood: -25.78876704972882.
2024-02-13 14:42:50,812 - INFO - Optimal value of theta: 244.8790935885023.
2024-02-13 14:42:50,812 - INFO - Beginning optimization with guess, [0.27188069 0.00597447].
2024-02-13 14:42:53,560 - INFO - Finished optimization with guess, [0.27188069 0.00597447].
2024-02-13 14:42:53,560 - INFO - Best fit parameters: [0.50234501 0.32545934].
2024-02-13 14:42:53,631 - INFO - Maximum log composite likelihood: -24.664267600904736.
2024-02-13 14:42:53,631 - INFO - Optimal value of theta: 297.663490042889.
2024-02-13 14:42:53,631 - INFO - Beginning optimization with guess, [0.33816085 0.01484961].
2024-02-13 14:42:56,995 - INFO - Finished optimization with guess, [0.33816085 0.01484961].
2024-02-13 14:42:56,997 - INFO - Best fit parameters: [0.38387008 0.50193724].
2024-02-13 14:42:57,091 - INFO - Maximum log composite likelihood: -24.48151271152213.
2024-02-13 14:42:57,092 - INFO - Optimal value of theta: 409.95257571917494.
2024-02-13 14:42:57,092 - INFO - Beginning optimization with guess, [0.32307434 0.00880474].
2024-02-13 14:42:59,898 - INFO - Finished optimization with guess, [0.32307434 0.00880474].
2024-02-13 14:42:59,898 - INFO - Best fit parameters: [0.51208048 0.39610706].
2024-02-13 14:42:59,974 - INFO - Maximum log composite likelihood: -24.542337715652366.
2024-02-13 14:42:59,975 - INFO - Optimal value of theta: 306.0651596600719.
2024-02-13 14:42:59,975 - INFO - Beginning optimization with guess, [0.31079375 0.00684473].
2024-02-13 14:43:02,694 - INFO - Finished optimization with guess, [0.31079375 0.00684473].
2024-02-13 14:43:02,695 - INFO - Best fit parameters: [0.57434961 0.22269551].
2024-02-13 14:43:02,756 - INFO - Maximum log composite likelihood: -24.961775411727928.
2024-02-13 14:43:02,756 - INFO - Optimal value of theta: 261.09076447226107.
2024-02-13 14:43:02,757 - INFO - Beginning optimization with guess, [0.59122901 0.01232685].
2024-02-13 14:43:06,917 - INFO - Finished optimization with guess, [0.59122901 0.01232685].
2024-02-13 14:43:06,917 - INFO - Best fit parameters: [0.34693997 0.51161871].
2024-02-13 14:43:07,020 - INFO - Maximum log composite likelihood: -24.47926413954974.
2024-02-13 14:43:07,020 - INFO - Optimal value of theta: 454.48153797131715.
2024-02-13 14:43:07,021 - INFO - Beginning optimization with guess, [0.55059227 0.00847194].
2024-02-13 14:43:12,359 - INFO - Finished optimization with guess, [0.55059227 0.00847194].
2024-02-13 14:43:12,360 - INFO - Best fit parameters: [0.31503915 0.50933534].
2024-02-13 14:43:12,468 - INFO - Maximum log composite likelihood: -24.47808522288122.
2024-02-13 14:43:12,469 - INFO - Optimal value of theta: 500.20619082034125.
2024-02-13 14:43:12,469 - INFO - Beginning optimization with guess, [1.12058759 0.00898176].
2024-02-13 14:43:26,419 - INFO - Finished optimization with guess, [1.12058759 0.00898176].
2024-02-13 14:43:26,420 - INFO - Best fit parameters: [0.81620473 0.2763577 ].
2024-02-13 14:43:26,478 - INFO - Maximum log composite likelihood: -27.049488926909873.
2024-02-13 14:43:26,478 - INFO - Optimal value of theta: 229.6730626594333.
2024-02-13 14:43:26,478 - INFO - Beginning optimization with guess, [0.54344652 0.00670501].
2024-02-13 14:43:32,006 - INFO - Finished optimization with guess, [0.54344652 0.00670501].
2024-02-13 14:43:32,006 - INFO - Best fit parameters: [0.37888446 0.50401606].
2024-02-13 14:43:32,098 - INFO - Maximum log composite likelihood: -24.481070729999402.
2024-02-13 14:43:32,098 - INFO - Optimal value of theta: 415.51434599976886.
2024-02-13 14:43:32,099 - INFO - Beginning optimization with guess, [0.97977956 0.0080855 ].
2024-02-13 14:43:34,912 - INFO - Finished optimization with guess, [0.97977956 0.0080855 ].
2024-02-13 14:43:34,913 - INFO - Best fit parameters: [0.63534186 0.34402478].
2024-02-13 14:43:34,978 - INFO - Maximum log composite likelihood: -24.960581117528903.
2024-02-13 14:43:34,978 - INFO - Optimal value of theta: 262.8360192359209.
2024-02-13 14:43:34,978 - INFO - Beginning optimization with guess, [0.62658233 0.013802  ].
2024-02-13 14:43:39,092 - INFO - Finished optimization with guess, [0.62658233 0.013802  ].
2024-02-13 14:43:39,092 - INFO - Best fit parameters: [0.36951222 0.50860855].
2024-02-13 14:43:39,187 - INFO - Maximum log composite likelihood: -24.480557903131796.
2024-02-13 14:43:39,188 - INFO - Optimal value of theta: 426.72851327728216.
2024-02-13 14:43:39,188 - INFO - Beginning optimization with guess, [1.58023187 0.00668334].
2024-02-13 14:43:58,879 - INFO - Finished optimization with guess, [1.58023187 0.00668334].
2024-02-13 14:43:58,881 - INFO - Best fit parameters: [0.55350101 0.41479539].
2024-02-13 14:43:58,953 - INFO - Maximum log composite likelihood: -24.62035094577061.
2024-02-13 14:43:58,953 - INFO - Optimal value of theta: 293.3696058025364.
2024-02-13 14:43:58,953 - INFO - Beginning optimization with guess, [1.40454155 0.00880147].
2024-02-13 14:44:13,690 - INFO - Finished optimization with guess, [1.40454155 0.00880147].
2024-02-13 14:44:13,691 - INFO - Best fit parameters: [0.54554353 0.2748326 ].
2024-02-13 14:44:13,754 - INFO - Maximum log composite likelihood: -24.753708452168553.
2024-02-13 14:44:13,754 - INFO - Optimal value of theta: 275.80679203930174.
2024-02-13 14:44:13,755 - INFO - Beginning optimization with guess, [2.29738763 0.00834596].
2024-02-13 14:44:18,535 - INFO - Finished optimization with guess, [2.29738763 0.00834596].
2024-02-13 14:44:18,536 - INFO - Best fit parameters: [0.42931009 0.46713692].
2024-02-13 14:44:18,620 - INFO - Maximum log composite likelihood: -24.492276845020996.
2024-02-13 14:44:18,620 - INFO - Optimal value of theta: 363.56984104236324.
2024-02-13 14:44:18,620 - INFO - Beginning optimization with guess, [1.42648135 0.01389253].
2024-02-13 14:44:28,119 - INFO - Finished optimization with guess, [1.42648135 0.01389253].
2024-02-13 14:44:28,120 - INFO - Best fit parameters: [0.53066668 0.31128938].
2024-02-13 14:44:28,187 - INFO - Maximum log composite likelihood: -24.663390641983085.
2024-02-13 14:44:28,187 - INFO - Optimal value of theta: 285.8718778893013.
2024-02-13 14:44:28,187 - INFO - Beginning optimization with guess, [4.48549689 0.00787957].
2024-02-13 14:44:33,435 - INFO - Finished optimization with guess, [4.48549689 0.00787957].
2024-02-13 14:44:33,435 - INFO - Best fit parameters: [0.42378883 0.52500823].
2024-02-13 14:44:33,527 - INFO - Maximum log composite likelihood: -24.51543141000326.
2024-02-13 14:44:33,527 - INFO - Optimal value of theta: 380.5034415895692.
2024-02-13 14:44:33,527 - INFO - Beginning optimization with guess, [3.61765862 0.00588588].
2024-02-13 14:44:39,054 - INFO - Finished optimization with guess, [3.61765862 0.00588588].
2024-02-13 14:44:39,054 - INFO - Best fit parameters: [0.45327012 0.5037479 ].
2024-02-13 14:44:39,139 - INFO - Maximum log composite likelihood: -24.51755315884901.
2024-02-13 14:44:39,139 - INFO - Optimal value of theta: 355.07919603124185.
2024-02-13 14:44:39,140 - INFO - Beginning optimization with guess, [1.73473901 0.01478649].
2024-02-13 14:44:42,937 - INFO - Finished optimization with guess, [1.73473901 0.01478649].
2024-02-13 14:44:42,938 - INFO - Best fit parameters: [0.5539341  0.38783427].
2024-02-13 14:44:43,011 - INFO - Maximum log composite likelihood: -24.60903543423146.
2024-02-13 14:44:43,011 - INFO - Optimal value of theta: 289.7165282178861.
2024-02-13 14:44:43,011 - INFO - Beginning optimization with guess, [5.23361755 0.01123423].
2024-02-13 14:44:47,424 - INFO - Finished optimization with guess, [5.23361755 0.01123423].
2024-02-13 14:44:47,425 - INFO - Best fit parameters: [0.55331097 0.37781558].
2024-02-13 14:44:47,495 - INFO - Maximum log composite likelihood: -24.607075298503872.
2024-02-13 14:44:47,495 - INFO - Optimal value of theta: 288.58592984654643.
2024-02-13 14:44:47,495 - INFO - Beginning optimization with guess, [1.85459931 0.01369492].
2024-02-13 14:44:51,425 - INFO - Finished optimization with guess, [1.85459931 0.01369492].
2024-02-13 14:44:51,426 - INFO - Best fit parameters: [0.46241158 0.42534363].
2024-02-13 14:44:51,504 - INFO - Maximum log composite likelihood: -24.51731088594886.
2024-02-13 14:44:51,504 - INFO - Optimal value of theta: 334.36473050497517.
2024-02-13 14:44:51,504 - INFO - Beginning optimization with guess, [3.72992537 0.01029505].
2024-02-13 14:44:56,174 - INFO - Finished optimization with guess, [3.72992537 0.01029505].
2024-02-13 14:44:56,175 - INFO - Best fit parameters: [0.41386556 0.47827462].
2024-02-13 14:44:56,262 - INFO - Maximum log composite likelihood: -24.487987117472073.
2024-02-13 14:44:56,262 - INFO - Optimal value of theta: 377.5689540868831.
2024-02-13 14:44:56,262 - INFO - Beginning optimization with guess, [7.32703277e+00 7.06321997e-03].
2024-02-13 14:45:01,995 - INFO - Finished optimization with guess, [7.32703277e+00 7.06321997e-03].
2024-02-13 14:45:01,995 - INFO - Best fit parameters: [0.31037653 0.48067801].
2024-02-13 14:45:02,097 - INFO - Maximum log composite likelihood: -24.50043999944893.
2024-02-13 14:45:02,097 - INFO - Optimal value of theta: 495.67930567693054.
2024-02-13 14:45:02,097 - INFO - Beginning optimization with guess, [11.26763864  0.01131831].
2024-02-13 14:45:04,349 - INFO - Finished optimization with guess, [11.26763864  0.01131831].
2024-02-13 14:45:04,350 - INFO - Best fit parameters: [0.34626806 0.01525115].
2024-02-13 14:45:04,399 - INFO - Maximum log composite likelihood: -27.91060880773597.
2024-02-13 14:45:04,399 - INFO - Optimal value of theta: 225.626601559962.
2024-02-13 14:45:04,399 - INFO - Beginning optimization with guess, [1.21472486e+01 7.49559969e-03].
2024-02-13 14:45:08,083 - INFO - Finished optimization with guess, [1.21472486e+01 7.49559969e-03].
2024-02-13 14:45:08,084 - INFO - Best fit parameters: [0.53462976 0.41734936].
2024-02-13 14:45:08,159 - INFO - Maximum log composite likelihood: -24.57397867547988.
2024-02-13 14:45:08,159 - INFO - Optimal value of theta: 300.5114823170732.
2024-02-13 14:45:08,159 - INFO - Beginning optimization with guess, [15.63347734  0.01800258].
2024-02-13 14:45:10,558 - INFO - Finished optimization with guess, [15.63347734  0.01800258].
2024-02-13 14:45:10,558 - INFO - Best fit parameters: [0.59591144 0.0574528 ].
2024-02-13 14:45:10,608 - INFO - Maximum log composite likelihood: -27.206654561806943.
2024-02-13 14:45:10,609 - INFO - Optimal value of theta: 228.27044426751607.
2024-02-13 14:45:10,611 - INFO - Beginning demographic inference for three-epoch demographic model.
2024-02-13 14:45:10,614 - INFO - Beginning optimization with guess, [0.00738604 0.01209689 0.00570431 0.01517692].
2024-02-13 14:45:21,626 - INFO - Finished optimization with guess, [0.00738604 0.01209689 0.00570431 0.01517692].
2024-02-13 14:45:21,627 - INFO - Best fit parameters: [0.00440562 0.00746403 0.004899   0.03415954].
2024-02-13 14:45:21,884 - INFO - Maximum log composite likelihood: -24.48100370822945.
2024-02-13 14:45:21,884 - INFO - Optimal value of theta: 20872.336040185397.
2024-02-13 14:45:21,885 - INFO - Beginning optimization with guess, [0.02224679 0.01498048 0.01118955 0.01552203].
2024-02-13 14:45:33,970 - INFO - Finished optimization with guess, [0.02224679 0.01498048 0.01118955 0.01552203].
2024-02-13 14:45:33,971 - INFO - Best fit parameters: [0.01329793 0.00869785 0.00968827 0.04285969].
2024-02-13 14:45:34,229 - INFO - Maximum log composite likelihood: -24.49455028449833.
2024-02-13 14:45:34,230 - INFO - Optimal value of theta: 18428.01008554044.
2024-02-13 14:45:34,230 - INFO - Beginning optimization with guess, [0.02650129 0.01950021 0.00509489 0.00766387].
2024-02-13 14:45:36,611 - INFO - Finished optimization with guess, [0.02650129 0.01950021 0.00509489 0.00766387].
2024-02-13 14:45:36,611 - INFO - Best fit parameters: [0.02383621 0.2726036  0.00083707 0.00152181].
2024-02-13 14:45:36,659 - INFO - Maximum log composite likelihood: -27.969559336265007.
2024-02-13 14:45:36,659 - INFO - Optimal value of theta: 230.37719019626005.
2024-02-13 14:45:36,660 - INFO - Beginning optimization with guess, [0.04172898 0.06994501 0.01388496 0.01263349].
2024-02-13 14:45:39,058 - INFO - Finished optimization with guess, [0.04172898 0.06994501 0.01388496 0.01263349].
2024-02-13 14:45:39,059 - INFO - Best fit parameters: [0.04221061 0.59295637 0.0017656  0.00649624].
2024-02-13 14:45:39,108 - INFO - Maximum log composite likelihood: -27.639780777595035.
2024-02-13 14:45:39,108 - INFO - Optimal value of theta: 232.48512779168607.
2024-02-13 14:45:39,109 - INFO - Beginning optimization with guess, [0.08807215 0.03230443 0.01002023 0.00617633].
2024-02-13 14:45:41,382 - INFO - Finished optimization with guess, [0.08807215 0.03230443 0.01002023 0.00617633].
2024-02-13 14:45:41,382 - INFO - Best fit parameters: [0.0869795  0.1695812  0.00312297 0.0014404 ].
2024-02-13 14:45:41,431 - INFO - Maximum log composite likelihood: -27.93566413718645.
2024-02-13 14:45:41,431 - INFO - Optimal value of theta: 230.96163955957024.
2024-02-13 14:45:41,431 - INFO - Beginning optimization with guess, [0.41512747 0.64185267 0.01642593 0.00561849].
2024-02-13 14:45:43,731 - INFO - Finished optimization with guess, [0.41512747 0.64185267 0.01642593 0.00561849].
2024-02-13 14:45:43,732 - INFO - Best fit parameters: [0.55654754 0.4827383  0.32362798 0.02711107].
2024-02-13 14:45:43,802 - INFO - Maximum log composite likelihood: -24.896245130663345.
2024-02-13 14:45:43,802 - INFO - Optimal value of theta: 287.5558261056518.
2024-02-13 14:45:43,802 - INFO - Beginning optimization with guess, [0.54123771 1.10357717 0.01795423 0.01035445].
2024-02-13 14:45:46,996 - INFO - Finished optimization with guess, [0.54123771 1.10357717 0.01795423 0.01035445].
2024-02-13 14:45:46,996 - INFO - Best fit parameters: [0.44208007 1.11005461 0.41556682 0.00639672].
2024-02-13 14:45:47,076 - INFO - Maximum log composite likelihood: -24.034599532230857.
2024-02-13 14:45:47,076 - INFO - Optimal value of theta: 339.5993858531904.
2024-02-13 14:45:47,077 - INFO - Beginning optimization with guess, [1.49061182 0.40775585 0.01075349 0.01468229].
2024-02-13 14:45:49,309 - INFO - Finished optimization with guess, [1.49061182 0.40775585 0.01075349 0.01468229].
2024-02-13 14:45:49,309 - INFO - Best fit parameters: [1.44524114e+00 5.43546763e-01 2.31850530e-04 2.33394875e-01].
2024-02-13 14:45:49,371 - INFO - Maximum log composite likelihood: -24.910318926177013.
2024-02-13 14:45:49,371 - INFO - Optimal value of theta: 269.42270117511606.
2024-02-13 14:45:49,371 - INFO - Beginning optimization with guess, [0.5509319  0.92734597 0.01357101 0.0079464 ].
2024-02-13 14:45:53,022 - INFO - Finished optimization with guess, [0.5509319  0.92734597 0.01357101 0.0079464 ].
2024-02-13 14:45:53,022 - INFO - Best fit parameters: [0.38429836 0.92115281 0.41808102 0.0119203 ].
2024-02-13 14:45:53,109 - INFO - Maximum log composite likelihood: -23.737300016441054.
2024-02-13 14:45:53,109 - INFO - Optimal value of theta: 376.2383499979852.
2024-02-13 14:45:53,110 - INFO - Beginning optimization with guess, [0.62237222 1.53727411 0.00820905 0.01735754].
2024-02-13 14:45:56,556 - INFO - Finished optimization with guess, [0.62237222 1.53727411 0.00820905 0.01735754].
2024-02-13 14:45:56,557 - INFO - Best fit parameters: [0.49786985 1.57330723 0.36352673 0.00371113].
2024-02-13 14:45:56,633 - INFO - Maximum log composite likelihood: -24.246259100409105.
2024-02-13 14:45:56,633 - INFO - Optimal value of theta: 303.91308138186776.
2024-02-13 14:45:56,633 - INFO - Beginning optimization with guess, [1.39042381 1.32992578 0.00707604 0.01079911].
2024-02-13 14:45:58,746 - INFO - Finished optimization with guess, [1.39042381 1.32992578 0.00707604 0.01079911].
2024-02-13 14:45:58,746 - INFO - Best fit parameters: [2.02319753e+00 9.56947987e-01 3.85601905e-04 4.31606944e-02].
2024-02-13 14:45:58,794 - INFO - Maximum log composite likelihood: -30.133681314587506.
2024-02-13 14:45:58,794 - INFO - Optimal value of theta: 213.43349091777495.
2024-02-13 14:45:58,794 - INFO - Beginning optimization with guess, [1.56359309 0.77081777 0.00820974 0.00569543].
2024-02-13 14:46:01,870 - INFO - Finished optimization with guess, [1.56359309 0.77081777 0.00820974 0.00569543].
2024-02-13 14:46:01,871 - INFO - Best fit parameters: [1.59764184e+00 6.81336447e-01 1.29726821e-03 3.26128074e-01].
2024-02-13 14:46:01,935 - INFO - Maximum log composite likelihood: -25.320699253624866.
2024-02-13 14:46:01,935 - INFO - Optimal value of theta: 251.94858623069229.
2024-02-13 14:46:01,935 - INFO - Beginning optimization with guess, [1.60273175 1.86436441 0.01297138 0.00660984].
2024-02-13 14:46:03,947 - INFO - Finished optimization with guess, [1.60273175 1.86436441 0.01297138 0.00660984].
2024-02-13 14:46:03,947 - INFO - Best fit parameters: [6.57038147e-01 1.57778325e+00 1.42443392e-03 4.28266569e-06].
2024-02-13 14:46:03,995 - INFO - Maximum log composite likelihood: -30.260736559631255.
2024-02-13 14:46:03,995 - INFO - Optimal value of theta: 213.0424602574087.
2024-02-13 14:46:03,995 - INFO - Beginning optimization with guess, [1.28832738 3.10092397 0.00938242 0.006722  ].
2024-02-13 14:46:06,051 - INFO - Finished optimization with guess, [1.28832738 3.10092397 0.00938242 0.006722  ].
2024-02-13 14:46:06,051 - INFO - Best fit parameters: [8.99967932e-01 2.07540664e+00 1.12748654e-03 1.21074588e-05].
2024-02-13 14:46:06,097 - INFO - Maximum log composite likelihood: -30.3538956091636.
2024-02-13 14:46:06,098 - INFO - Optimal value of theta: 212.74109603816513.
2024-02-13 14:46:06,098 - INFO - Beginning optimization with guess, [2.71978188 3.44124432 0.00943424 0.01320149].
2024-02-13 14:46:08,285 - INFO - Finished optimization with guess, [2.71978188 3.44124432 0.00943424 0.01320149].
2024-02-13 14:46:08,286 - INFO - Best fit parameters: [3.74288839e-01 1.92120896e+00 3.38816448e-04 2.74944120e-05].
2024-02-13 14:46:08,332 - INFO - Maximum log composite likelihood: -30.288393601061387.
2024-02-13 14:46:08,332 - INFO - Optimal value of theta: 212.95317255658645.
2024-02-13 14:46:08,333 - INFO - Beginning optimization with guess, [3.46713482 2.52821238 0.00964346 0.00851696].
2024-02-13 14:46:10,499 - INFO - Finished optimization with guess, [3.46713482 2.52821238 0.00964346 0.00851696].
2024-02-13 14:46:10,499 - INFO - Best fit parameters: [2.67514387e+00 7.73805201e-01 6.73869699e-05 2.17086651e-03].
2024-02-13 14:46:10,546 - INFO - Maximum log composite likelihood: -30.28308253825466.
2024-02-13 14:46:10,546 - INFO - Optimal value of theta: 212.96881298155142.
2024-02-13 14:46:10,546 - INFO - Beginning optimization with guess, [3.76200854 3.86797116 0.01011428 0.01942385].
2024-02-13 14:46:12,665 - INFO - Finished optimization with guess, [3.76200854 3.86797116 0.01011428 0.01942385].
2024-02-13 14:46:12,665 - INFO - Best fit parameters: [5.54449674e-01 2.46505441e+00 4.49918372e-04 1.99745785e-04].
2024-02-13 14:46:12,713 - INFO - Maximum log composite likelihood: -30.335105306829547.
2024-02-13 14:46:12,713 - INFO - Optimal value of theta: 212.80140920494773.
2024-02-13 14:46:12,713 - INFO - Beginning optimization with guess, [4.88670597 5.70149393 0.00851792 0.00974685].
2024-02-13 14:46:14,818 - INFO - Finished optimization with guess, [4.88670597 5.70149393 0.00851792 0.00974685].
2024-02-13 14:46:14,818 - INFO - Best fit parameters: [3.10675155e+00 2.21593684e-01 4.73826420e-06 3.28746336e-03].
2024-02-13 14:46:14,864 - INFO - Maximum log composite likelihood: -29.003061263233434.
2024-02-13 14:46:14,864 - INFO - Optimal value of theta: 218.1490438985069.
2024-02-13 14:46:14,865 - INFO - Beginning optimization with guess, [3.8866004  4.27821915 0.01198033 0.0063232 ].
2024-02-13 14:46:17,041 - INFO - Finished optimization with guess, [3.8866004  4.27821915 0.01198033 0.0063232 ].
2024-02-13 14:46:17,041 - INFO - Best fit parameters: [1.89312885e+00 3.16458746e-01 1.90249176e-05 5.65081860e-05].
2024-02-13 14:46:17,087 - INFO - Maximum log composite likelihood: -30.354695785060557.
2024-02-13 14:46:17,087 - INFO - Optimal value of theta: 212.73874539864335.
2024-02-13 14:46:17,087 - INFO - Beginning optimization with guess, [2.74633976 3.07220123 0.00972824 0.01486214].
2024-02-13 14:46:19,242 - INFO - Finished optimization with guess, [2.74633976 3.07220123 0.00972824 0.01486214].
2024-02-13 14:46:19,243 - INFO - Best fit parameters: [4.86859679e-01 1.80533264e+00 2.17624071e-04 7.07238631e-05].
2024-02-13 14:46:19,290 - INFO - Maximum log composite likelihood: -30.34184533304071.
2024-02-13 14:46:19,290 - INFO - Optimal value of theta: 212.77997756401314.
2024-02-13 14:46:19,290 - INFO - Beginning optimization with guess, [2.15034008 5.16411712 0.01222955 0.01265328].
2024-02-13 14:46:21,360 - INFO - Finished optimization with guess, [2.15034008 5.16411712 0.01222955 0.01265328].
2024-02-13 14:46:21,361 - INFO - Best fit parameters: [7.27228397e-01 2.88413185e+00 1.65744650e-03 5.06736310e-05].
2024-02-13 14:46:21,406 - INFO - Maximum log composite likelihood: -30.283570854382873.
2024-02-13 14:46:21,407 - INFO - Optimal value of theta: 212.96753769306858.
2024-02-13 14:46:21,407 - INFO - Beginning optimization with guess, [5.04907438 3.49840343 0.00602518 0.01226691].
2024-02-13 14:46:23,509 - INFO - Finished optimization with guess, [5.04907438 3.49840343 0.00602518 0.01226691].
2024-02-13 14:46:23,510 - INFO - Best fit parameters: [5.41069990e-01 2.41763487e+00 1.80444400e-04 7.70599119e-05].
2024-02-13 14:46:23,556 - INFO - Maximum log composite likelihood: -30.355540582022286.
2024-02-13 14:46:23,556 - INFO - Optimal value of theta: 212.73597255961832.
2024-02-13 14:46:23,556 - INFO - Beginning optimization with guess, [7.48934899 3.96001134 0.01965556 0.01497383].
2024-02-13 14:46:25,762 - INFO - Finished optimization with guess, [7.48934899 3.96001134 0.01965556 0.01497383].
2024-02-13 14:46:25,763 - INFO - Best fit parameters: [1.82599284e-03 9.38807492e-01 4.45730596e-06 1.07424773e-07].
2024-02-13 14:46:25,810 - INFO - Maximum log composite likelihood: -30.019299556581615.
2024-02-13 14:46:25,810 - INFO - Optimal value of theta: 213.86540110045487.
2024-02-13 14:46:25,810 - INFO - Beginning optimization with guess, [1.02614342e+01 9.14039211e+00 1.08490240e-02 6.15456719e-03].
2024-02-13 14:46:27,953 - INFO - Finished optimization with guess, [1.02614342e+01 9.14039211e+00 1.08490240e-02 6.15456719e-03].
2024-02-13 14:46:27,953 - INFO - Best fit parameters: [3.83014046e+00 1.17370529e-01 1.71907491e-05 7.87363128e-05].
2024-02-13 14:46:28,006 - INFO - Maximum log composite likelihood: -30.284370835918878.
2024-02-13 14:46:28,006 - INFO - Optimal value of theta: 212.96660621230254.
2024-02-13 14:46:28,006 - INFO - Beginning optimization with guess, [4.25255613 4.36300794 0.00973002 0.01220824].
2024-02-13 14:46:30,127 - INFO - Finished optimization with guess, [4.25255613 4.36300794 0.00973002 0.01220824].
2024-02-13 14:46:30,127 - INFO - Best fit parameters: [4.53554859e+00 2.82250514e-01 5.38908717e-05 3.17261883e-03].
2024-02-13 14:46:30,174 - INFO - Maximum log composite likelihood: -29.345499470858016.
2024-02-13 14:46:30,174 - INFO - Optimal value of theta: 216.49754389160606.
2024-02-13 14:46:30,176 - INFO - Finished demographic inference.
2024-02-13 14:46:30,176 - INFO - Pipeline executed succesfully.
