2024-02-13 14:30:20,416 - INFO - Beginning execution of fit_demographic_model.py in directory /u/project/kirk/jonmah/sample_size_demography/Scripts

2024-02-13 14:30:20,416 - INFO - Progress is being logged to ../Analysis/TwoEpochExpansion_13/log.log

2024-02-13 14:30:20,416 - INFO - Parsed the following arguments:
	syn_input_sfs = ../Analysis/TwoEpochExpansion_13/syn_downsampled_sfs.txt
	mask_singletons = False
	mask_doubletons = False
	outprefix = ../Analysis/TwoEpochExpansion_13/

2024-02-13 14:30:20,423 - INFO - Beginning demographic inference for one-epoch demographic model.
2024-02-13 14:30:20,425 - INFO - Beginning optimization with guess, [0.12453958].
2024-02-13 14:30:21,376 - INFO - Finished optimization with guess, [0.12453958].
2024-02-13 14:30:21,377 - INFO - Best fit parameters: [0.12453958].
2024-02-13 14:30:21,404 - INFO - Maximum log composite likelihood: -28.978948371170645.
2024-02-13 14:30:21,404 - INFO - Optimal value of theta: 1211.0781494119656.
2024-02-13 14:30:21,404 - INFO - Beginning optimization with guess, [0.36409153].
2024-02-13 14:30:22,184 - INFO - Finished optimization with guess, [0.36409153].
2024-02-13 14:30:22,185 - INFO - Best fit parameters: [0.36409153].
2024-02-13 14:30:22,211 - INFO - Maximum log composite likelihood: -28.978948371170645.
2024-02-13 14:30:22,212 - INFO - Optimal value of theta: 1211.0781494119656.
2024-02-13 14:30:22,212 - INFO - Beginning optimization with guess, [0.38938409].
2024-02-13 14:30:22,992 - INFO - Finished optimization with guess, [0.38938409].
2024-02-13 14:30:22,992 - INFO - Best fit parameters: [0.38938409].
2024-02-13 14:30:23,019 - INFO - Maximum log composite likelihood: -28.978948371170645.
2024-02-13 14:30:23,019 - INFO - Optimal value of theta: 1211.0781494119656.
2024-02-13 14:30:23,019 - INFO - Beginning optimization with guess, [0.46750316].
2024-02-13 14:30:23,801 - INFO - Finished optimization with guess, [0.46750316].
2024-02-13 14:30:23,801 - INFO - Best fit parameters: [0.46750316].
2024-02-13 14:30:23,828 - INFO - Maximum log composite likelihood: -28.978948371170645.
2024-02-13 14:30:23,828 - INFO - Optimal value of theta: 1211.0781494119656.
2024-02-13 14:30:23,828 - INFO - Beginning optimization with guess, [0.31051447].
2024-02-13 14:30:24,688 - INFO - Finished optimization with guess, [0.31051447].
2024-02-13 14:30:24,688 - INFO - Best fit parameters: [0.31051447].
2024-02-13 14:30:24,715 - INFO - Maximum log composite likelihood: -28.978948371170645.
2024-02-13 14:30:24,715 - INFO - Optimal value of theta: 1211.0781494119656.
2024-02-13 14:30:24,715 - INFO - Beginning optimization with guess, [0.37419658].
2024-02-13 14:30:25,494 - INFO - Finished optimization with guess, [0.37419658].
2024-02-13 14:30:25,494 - INFO - Best fit parameters: [0.37419658].
2024-02-13 14:30:25,521 - INFO - Maximum log composite likelihood: -28.978948371170645.
2024-02-13 14:30:25,521 - INFO - Optimal value of theta: 1211.0781494119656.
2024-02-13 14:30:25,521 - INFO - Beginning optimization with guess, [0.41685007].
2024-02-13 14:30:26,300 - INFO - Finished optimization with guess, [0.41685007].
2024-02-13 14:30:26,300 - INFO - Best fit parameters: [0.41685007].
2024-02-13 14:30:26,327 - INFO - Maximum log composite likelihood: -28.978948371170645.
2024-02-13 14:30:26,327 - INFO - Optimal value of theta: 1211.0781494119656.
2024-02-13 14:30:26,327 - INFO - Beginning optimization with guess, [0.78271833].
2024-02-13 14:30:26,947 - INFO - Finished optimization with guess, [0.78271833].
2024-02-13 14:30:26,947 - INFO - Best fit parameters: [0.78271833].
2024-02-13 14:30:26,974 - INFO - Maximum log composite likelihood: -28.978948371170645.
2024-02-13 14:30:26,974 - INFO - Optimal value of theta: 1211.0781494119656.
2024-02-13 14:30:26,974 - INFO - Beginning optimization with guess, [1.58935922].
2024-02-13 14:30:27,672 - INFO - Finished optimization with guess, [1.58935922].
2024-02-13 14:30:27,672 - INFO - Best fit parameters: [1.58935922].
2024-02-13 14:30:27,699 - INFO - Maximum log composite likelihood: -28.978948371170645.
2024-02-13 14:30:27,699 - INFO - Optimal value of theta: 1211.0781494119656.
2024-02-13 14:30:27,699 - INFO - Beginning optimization with guess, [0.68139042].
2024-02-13 14:30:28,397 - INFO - Finished optimization with guess, [0.68139042].
2024-02-13 14:30:28,397 - INFO - Best fit parameters: [0.68139042].
2024-02-13 14:30:28,424 - INFO - Maximum log composite likelihood: -28.978948371170645.
2024-02-13 14:30:28,425 - INFO - Optimal value of theta: 1211.0781494119656.
2024-02-13 14:30:28,425 - INFO - Beginning optimization with guess, [0.77697022].
2024-02-13 14:30:29,043 - INFO - Finished optimization with guess, [0.77697022].
2024-02-13 14:30:29,043 - INFO - Best fit parameters: [0.77697022].
2024-02-13 14:30:29,070 - INFO - Maximum log composite likelihood: -28.978948371170645.
2024-02-13 14:30:29,070 - INFO - Optimal value of theta: 1211.0781494119656.
2024-02-13 14:30:29,070 - INFO - Beginning optimization with guess, [1.08805991].
2024-02-13 14:30:29,607 - INFO - Finished optimization with guess, [1.08805991].
2024-02-13 14:30:29,608 - INFO - Best fit parameters: [1.08805991].
2024-02-13 14:30:29,634 - INFO - Maximum log composite likelihood: -28.978948371170645.
2024-02-13 14:30:29,634 - INFO - Optimal value of theta: 1211.0781494119656.
2024-02-13 14:30:29,635 - INFO - Beginning optimization with guess, [2.94143368].
2024-02-13 14:30:30,509 - INFO - Finished optimization with guess, [2.94143368].
2024-02-13 14:30:30,510 - INFO - Best fit parameters: [2.94143368].
2024-02-13 14:30:30,536 - INFO - Maximum log composite likelihood: -28.978948371170645.
2024-02-13 14:30:30,536 - INFO - Optimal value of theta: 1211.0781494119656.
2024-02-13 14:30:30,537 - INFO - Beginning optimization with guess, [1.81558317].
2024-02-13 14:30:31,316 - INFO - Finished optimization with guess, [1.81558317].
2024-02-13 14:30:31,316 - INFO - Best fit parameters: [1.81558317].
2024-02-13 14:30:31,343 - INFO - Maximum log composite likelihood: -28.978948371170645.
2024-02-13 14:30:31,343 - INFO - Optimal value of theta: 1211.0781494119656.
2024-02-13 14:30:31,343 - INFO - Beginning optimization with guess, [3.90174645].
2024-02-13 14:30:32,202 - INFO - Finished optimization with guess, [3.90174645].
2024-02-13 14:30:32,202 - INFO - Best fit parameters: [3.90174645].
2024-02-13 14:30:32,229 - INFO - Maximum log composite likelihood: -28.978948371170645.
2024-02-13 14:30:32,229 - INFO - Optimal value of theta: 1211.0781494119656.
2024-02-13 14:30:32,229 - INFO - Beginning optimization with guess, [2.05196713].
2024-02-13 14:30:33,010 - INFO - Finished optimization with guess, [2.05196713].
2024-02-13 14:30:33,010 - INFO - Best fit parameters: [2.05196713].
2024-02-13 14:30:33,037 - INFO - Maximum log composite likelihood: -28.978948371170645.
2024-02-13 14:30:33,037 - INFO - Optimal value of theta: 1211.0781494119656.
2024-02-13 14:30:33,037 - INFO - Beginning optimization with guess, [3.43347412].
2024-02-13 14:30:33,896 - INFO - Finished optimization with guess, [3.43347412].
2024-02-13 14:30:33,897 - INFO - Best fit parameters: [3.43347412].
2024-02-13 14:30:33,924 - INFO - Maximum log composite likelihood: -28.978948371170645.
2024-02-13 14:30:33,924 - INFO - Optimal value of theta: 1211.0781494119656.
2024-02-13 14:30:33,924 - INFO - Beginning optimization with guess, [3.64741071].
2024-02-13 14:30:34,784 - INFO - Finished optimization with guess, [3.64741071].
2024-02-13 14:30:34,784 - INFO - Best fit parameters: [3.64741071].
2024-02-13 14:30:34,811 - INFO - Maximum log composite likelihood: -28.978948371170645.
2024-02-13 14:30:34,811 - INFO - Optimal value of theta: 1211.0781494119656.
2024-02-13 14:30:34,811 - INFO - Beginning optimization with guess, [5.82088705].
2024-02-13 14:30:35,671 - INFO - Finished optimization with guess, [5.82088705].
2024-02-13 14:30:35,671 - INFO - Best fit parameters: [5.82088705].
2024-02-13 14:30:35,698 - INFO - Maximum log composite likelihood: -28.978948371170645.
2024-02-13 14:30:35,698 - INFO - Optimal value of theta: 1211.0781494119656.
2024-02-13 14:30:35,699 - INFO - Beginning optimization with guess, [3.42033269].
2024-02-13 14:30:36,557 - INFO - Finished optimization with guess, [3.42033269].
2024-02-13 14:30:36,557 - INFO - Best fit parameters: [3.42033269].
2024-02-13 14:30:36,584 - INFO - Maximum log composite likelihood: -28.978948371170645.
2024-02-13 14:30:36,584 - INFO - Optimal value of theta: 1211.0781494119656.
2024-02-13 14:30:36,584 - INFO - Beginning optimization with guess, [6.44371873].
2024-02-13 14:30:37,443 - INFO - Finished optimization with guess, [6.44371873].
2024-02-13 14:30:37,443 - INFO - Best fit parameters: [6.44371873].
2024-02-13 14:30:37,469 - INFO - Maximum log composite likelihood: -28.978948371170645.
2024-02-13 14:30:37,470 - INFO - Optimal value of theta: 1211.0781494119656.
2024-02-13 14:30:37,470 - INFO - Beginning optimization with guess, [7.78973819].
2024-02-13 14:30:38,409 - INFO - Finished optimization with guess, [7.78973819].
2024-02-13 14:30:38,409 - INFO - Best fit parameters: [7.78973819].
2024-02-13 14:30:38,436 - INFO - Maximum log composite likelihood: -28.978948371170645.
2024-02-13 14:30:38,436 - INFO - Optimal value of theta: 1211.0781494119656.
2024-02-13 14:30:38,436 - INFO - Beginning optimization with guess, [7.84419757].
2024-02-13 14:30:39,378 - INFO - Finished optimization with guess, [7.84419757].
2024-02-13 14:30:39,378 - INFO - Best fit parameters: [7.84419757].
2024-02-13 14:30:39,405 - INFO - Maximum log composite likelihood: -28.978948371170645.
2024-02-13 14:30:39,405 - INFO - Optimal value of theta: 1211.0781494119656.
2024-02-13 14:30:39,405 - INFO - Beginning optimization with guess, [11.06324085].
2024-02-13 14:30:40,345 - INFO - Finished optimization with guess, [11.06324085].
2024-02-13 14:30:40,345 - INFO - Best fit parameters: [11.06324085].
2024-02-13 14:30:40,372 - INFO - Maximum log composite likelihood: -28.978948371170645.
2024-02-13 14:30:40,372 - INFO - Optimal value of theta: 1211.0781494119656.
2024-02-13 14:30:40,372 - INFO - Beginning optimization with guess, [14.57075333].
2024-02-13 14:30:41,311 - INFO - Finished optimization with guess, [14.57075333].
2024-02-13 14:30:41,312 - INFO - Best fit parameters: [14.57075333].
2024-02-13 14:30:41,338 - INFO - Maximum log composite likelihood: -28.978948371170645.
2024-02-13 14:30:41,338 - INFO - Optimal value of theta: 1211.0781494119656.
2024-02-13 14:30:41,340 - INFO - Beginning demographic inference for two-epoch demographic model.
2024-02-13 14:30:41,341 - INFO - Beginning optimization with guess, [0.08562007 0.01329009].
2024-02-13 14:30:42,672 - INFO - Finished optimization with guess, [0.08562007 0.01329009].
2024-02-13 14:30:42,672 - INFO - Best fit parameters: [0.67805306 0.02638053].
2024-02-13 14:30:42,701 - INFO - Maximum log composite likelihood: -27.00838287139095.
2024-02-13 14:30:42,701 - INFO - Optimal value of theta: 1240.0757217325302.
2024-02-13 14:30:42,701 - INFO - Beginning optimization with guess, [0.34369596 0.01090114].
2024-02-13 14:30:44,161 - INFO - Finished optimization with guess, [0.34369596 0.01090114].
2024-02-13 14:30:44,161 - INFO - Best fit parameters: [0.84889142 0.259087  ].
2024-02-13 14:30:44,195 - INFO - Maximum log composite likelihood: -25.731428108662385.
2024-02-13 14:30:44,195 - INFO - Optimal value of theta: 1281.6741301460831.
2024-02-13 14:30:44,196 - INFO - Beginning optimization with guess, [0.44871456 0.00785868].
2024-02-13 14:30:45,567 - INFO - Finished optimization with guess, [0.44871456 0.00785868].
2024-02-13 14:30:45,567 - INFO - Best fit parameters: [0.76627854 0.07993856].
2024-02-13 14:30:45,597 - INFO - Maximum log composite likelihood: -26.455955779072156.
2024-02-13 14:30:45,597 - INFO - Optimal value of theta: 1260.8324919843149.
2024-02-13 14:30:45,597 - INFO - Beginning optimization with guess, [0.69005879 0.00509711].
2024-02-13 14:30:47,004 - INFO - Finished optimization with guess, [0.69005879 0.00509711].
2024-02-13 14:30:47,005 - INFO - Best fit parameters: [0.81713971 0.18541386].
2024-02-13 14:30:47,037 - INFO - Maximum log composite likelihood: -25.86766238526843.
2024-02-13 14:30:47,037 - INFO - Optimal value of theta: 1281.375021103113.
2024-02-13 14:30:47,037 - INFO - Beginning optimization with guess, [0.46306946 0.01026117].
2024-02-13 14:30:48,512 - INFO - Finished optimization with guess, [0.46306946 0.01026117].
2024-02-13 14:30:48,512 - INFO - Best fit parameters: [0.789209   0.63894385].
2024-02-13 14:30:48,557 - INFO - Maximum log composite likelihood: -25.388860309964457.
2024-02-13 14:30:48,557 - INFO - Optimal value of theta: 1396.3379151862448.
2024-02-13 14:30:48,557 - INFO - Beginning optimization with guess, [0.71801887 0.01518259].
2024-02-13 14:30:50,109 - INFO - Finished optimization with guess, [0.71801887 0.01518259].
2024-02-13 14:30:50,109 - INFO - Best fit parameters: [0.78617525 0.64290148].
2024-02-13 14:30:50,154 - INFO - Maximum log composite likelihood: -25.383222426326938.
2024-02-13 14:30:50,154 - INFO - Optimal value of theta: 1400.4751240766877.
2024-02-13 14:30:50,155 - INFO - Beginning optimization with guess, [0.73618234 0.00567143].
2024-02-13 14:30:51,598 - INFO - Finished optimization with guess, [0.73618234 0.00567143].
2024-02-13 14:30:51,599 - INFO - Best fit parameters: [0.84955655 0.37653131].
2024-02-13 14:30:51,635 - INFO - Maximum log composite likelihood: -25.599552608270187.
2024-02-13 14:30:51,636 - INFO - Optimal value of theta: 1300.4622610964097.
2024-02-13 14:30:51,636 - INFO - Beginning optimization with guess, [0.51140732 0.00820638].
2024-02-13 14:30:52,984 - INFO - Finished optimization with guess, [0.51140732 0.00820638].
2024-02-13 14:30:52,985 - INFO - Best fit parameters: [0.8328262  0.32776279].
2024-02-13 14:30:53,020 - INFO - Maximum log composite likelihood: -25.551908256915794.
2024-02-13 14:30:53,021 - INFO - Optimal value of theta: 1303.9698783502638.
2024-02-13 14:30:53,021 - INFO - Beginning optimization with guess, [0.50061444 0.01693854].
2024-02-13 14:30:54,502 - INFO - Finished optimization with guess, [0.50061444 0.01693854].
2024-02-13 14:30:54,503 - INFO - Best fit parameters: [0.81008912 0.45316391].
2024-02-13 14:30:54,542 - INFO - Maximum log composite likelihood: -25.42513299763732.
2024-02-13 14:30:54,543 - INFO - Optimal value of theta: 1343.9232958102598.
2024-02-13 14:30:54,543 - INFO - Beginning optimization with guess, [0.57687646 0.01121543].
2024-02-13 14:30:56,051 - INFO - Finished optimization with guess, [0.57687646 0.01121543].
2024-02-13 14:30:56,052 - INFO - Best fit parameters: [0.81932315 0.5493793 ].
2024-02-13 14:30:56,093 - INFO - Maximum log composite likelihood: -25.453042886717412.
2024-02-13 14:30:56,094 - INFO - Optimal value of theta: 1350.9010564165342.
2024-02-13 14:30:56,094 - INFO - Beginning optimization with guess, [1.94401148 0.01489881].
2024-02-13 14:30:58,515 - INFO - Finished optimization with guess, [1.94401148 0.01489881].
2024-02-13 14:30:58,515 - INFO - Best fit parameters: [0.77815287 0.55294044].
2024-02-13 14:30:58,557 - INFO - Maximum log composite likelihood: -25.394271541946637.
2024-02-13 14:30:58,557 - INFO - Optimal value of theta: 1393.4973944108815.
2024-02-13 14:30:58,558 - INFO - Beginning optimization with guess, [1.35698206 0.00510717].
2024-02-13 14:31:05,232 - INFO - Finished optimization with guess, [1.35698206 0.00510717].
2024-02-13 14:31:05,233 - INFO - Best fit parameters: [0.802725   0.61958934].
2024-02-13 14:31:05,277 - INFO - Maximum log composite likelihood: -25.421761571372826.
2024-02-13 14:31:05,277 - INFO - Optimal value of theta: 1378.2783376472696.
2024-02-13 14:31:05,277 - INFO - Beginning optimization with guess, [1.52165085 0.01846495].
2024-02-13 14:31:07,546 - INFO - Finished optimization with guess, [1.52165085 0.01846495].
2024-02-13 14:31:07,547 - INFO - Best fit parameters: [0.75491782 0.64968101].
2024-02-13 14:31:07,593 - INFO - Maximum log composite likelihood: -25.371900145970358.
2024-02-13 14:31:07,593 - INFO - Optimal value of theta: 1439.7520662351333.
2024-02-13 14:31:07,593 - INFO - Beginning optimization with guess, [1.04851298 0.01033224].
2024-02-13 14:31:14,616 - INFO - Finished optimization with guess, [1.04851298 0.01033224].
2024-02-13 14:31:14,617 - INFO - Best fit parameters: [0.91896858 0.28712628].
2024-02-13 14:31:14,651 - INFO - Maximum log composite likelihood: -26.658923914246316.
2024-02-13 14:31:14,651 - INFO - Optimal value of theta: 1248.5054334065762.
2024-02-13 14:31:14,651 - INFO - Beginning optimization with guess, [3.43832532 0.00511492].
2024-02-13 14:31:16,734 - INFO - Finished optimization with guess, [3.43832532 0.00511492].
2024-02-13 14:31:16,734 - INFO - Best fit parameters: [0.75460522 0.65755428].
2024-02-13 14:31:16,780 - INFO - Maximum log composite likelihood: -25.36815044715695.
2024-02-13 14:31:16,780 - INFO - Optimal value of theta: 1441.7040731202883.
2024-02-13 14:31:16,780 - INFO - Beginning optimization with guess, [3.19299882 0.0092701 ].
2024-02-13 14:31:18,494 - INFO - Finished optimization with guess, [3.19299882 0.0092701 ].
2024-02-13 14:31:18,495 - INFO - Best fit parameters: [0.78768699 0.5610639 ].
2024-02-13 14:31:18,537 - INFO - Maximum log composite likelihood: -25.381144543551727.
2024-02-13 14:31:18,537 - INFO - Optimal value of theta: 1384.7760970217344.
2024-02-13 14:31:18,537 - INFO - Beginning optimization with guess, [4.18674172 0.00512013].
2024-02-13 14:31:20,884 - INFO - Finished optimization with guess, [4.18674172 0.00512013].
2024-02-13 14:31:20,884 - INFO - Best fit parameters: [0.75662161 0.64259849].
2024-02-13 14:31:20,930 - INFO - Maximum log composite likelihood: -25.373418396012312.
2024-02-13 14:31:20,930 - INFO - Optimal value of theta: 1436.1869637204522.
2024-02-13 14:31:20,930 - INFO - Beginning optimization with guess, [1.89762914 0.00833805].
2024-02-13 14:31:23,611 - INFO - Finished optimization with guess, [1.89762914 0.00833805].
2024-02-13 14:31:23,612 - INFO - Best fit parameters: [0.78805058 0.68161224].
2024-02-13 14:31:23,657 - INFO - Maximum log composite likelihood: -25.40928952481363.
2024-02-13 14:31:23,658 - INFO - Optimal value of theta: 1404.4461114834337.
2024-02-13 14:31:23,658 - INFO - Beginning optimization with guess, [2.94274161 0.00791202].
2024-02-13 14:31:25,719 - INFO - Finished optimization with guess, [2.94274161 0.00791202].
2024-02-13 14:31:25,719 - INFO - Best fit parameters: [0.76620472 0.68281808].
2024-02-13 14:31:25,765 - INFO - Maximum log composite likelihood: -25.362437889726152.
2024-02-13 14:31:25,765 - INFO - Optimal value of theta: 1431.5599588558769.
2024-02-13 14:31:25,766 - INFO - Beginning optimization with guess, [6.27150929 0.01505708].
2024-02-13 14:31:27,056 - INFO - Finished optimization with guess, [6.27150929 0.01505708].
2024-02-13 14:31:27,056 - INFO - Best fit parameters: [0.70367664 0.0385587 ].
2024-02-13 14:31:27,084 - INFO - Maximum log composite likelihood: -26.821194849126186.
2024-02-13 14:31:27,085 - INFO - Optimal value of theta: 1247.4890025896261.
2024-02-13 14:31:27,085 - INFO - Beginning optimization with guess, [3.40494793 0.01133949].
2024-02-13 14:31:28,940 - INFO - Finished optimization with guess, [3.40494793 0.01133949].
2024-02-13 14:31:28,941 - INFO - Best fit parameters: [0.77734885 0.57519672].
2024-02-13 14:31:28,984 - INFO - Maximum log composite likelihood: -25.381914264070474.
2024-02-13 14:31:28,984 - INFO - Optimal value of theta: 1398.605329629522.
2024-02-13 14:31:28,985 - INFO - Beginning optimization with guess, [3.62776435 0.00627945].
2024-02-13 14:31:30,784 - INFO - Finished optimization with guess, [3.62776435 0.00627945].
2024-02-13 14:31:30,784 - INFO - Best fit parameters: [0.79222018 0.58047544].
2024-02-13 14:31:30,827 - INFO - Maximum log composite likelihood: -25.381500912453703.
2024-02-13 14:31:30,827 - INFO - Optimal value of theta: 1383.3207173441303.
2024-02-13 14:31:30,827 - INFO - Beginning optimization with guess, [9.05886058 0.00942105].
2024-02-13 14:31:32,094 - INFO - Finished optimization with guess, [9.05886058 0.00942105].
2024-02-13 14:31:32,094 - INFO - Best fit parameters: [1.67134993e-04 1.96755915e-06].
2024-02-13 14:31:32,122 - INFO - Maximum log composite likelihood: -27.230795576569562.
2024-02-13 14:31:32,122 - INFO - Optimal value of theta: 1240.3195981646388.
2024-02-13 14:31:32,122 - INFO - Beginning optimization with guess, [5.64697869 0.0082909 ].
2024-02-13 14:31:33,445 - INFO - Finished optimization with guess, [5.64697869 0.0082909 ].
2024-02-13 14:31:33,445 - INFO - Best fit parameters: [0.74330843 0.03448434].
2024-02-13 14:31:33,474 - INFO - Maximum log composite likelihood: -27.014477418799743.
2024-02-13 14:31:33,474 - INFO - Optimal value of theta: 1238.1099966823804.
2024-02-13 14:31:33,474 - INFO - Beginning optimization with guess, [9.32705822e+00 8.99046830e-03].
2024-02-13 14:31:34,722 - INFO - Finished optimization with guess, [9.32705822e+00 8.99046830e-03].
2024-02-13 14:31:34,723 - INFO - Best fit parameters: [1.41348882e-04 1.71210762e-06].
2024-02-13 14:31:34,750 - INFO - Maximum log composite likelihood: -27.2297190135223.
2024-02-13 14:31:34,751 - INFO - Optimal value of theta: 1241.155153248961.
2024-02-13 14:31:34,752 - INFO - Beginning demographic inference for three-epoch demographic model.
2024-02-13 14:31:34,754 - INFO - Beginning optimization with guess, [0.01004069 0.00657387 0.01893321 0.00668503].
2024-02-13 14:31:47,787 - INFO - Finished optimization with guess, [0.01004069 0.00657387 0.01893321 0.00668503].
2024-02-13 14:31:47,788 - INFO - Best fit parameters: [0.00550062 0.00303268 0.06208585 0.00562841].
2024-02-13 14:31:48,095 - INFO - Maximum log composite likelihood: -25.344509103514156.
2024-02-13 14:31:48,096 - INFO - Optimal value of theta: 360957.13432884705.
2024-02-13 14:31:48,096 - INFO - Beginning optimization with guess, [0.01861574 0.01194904 0.01267185 0.01757983].
2024-02-13 14:31:56,104 - INFO - Finished optimization with guess, [0.01861574 0.01194904 0.01267185 0.01757983].
2024-02-13 14:31:56,105 - INFO - Best fit parameters: [0.01137588 0.00700285 0.01166747 0.04206414].
2024-02-13 14:31:56,282 - INFO - Maximum log composite likelihood: -25.344417568064273.
2024-02-13 14:31:56,282 - INFO - Optimal value of theta: 156362.41445869918.
2024-02-13 14:31:56,283 - INFO - Beginning optimization with guess, [0.01545149 0.03273844 0.00867197 0.00828874].
2024-02-13 14:31:57,756 - INFO - Finished optimization with guess, [0.01545149 0.03273844 0.00867197 0.00828874].
2024-02-13 14:31:57,756 - INFO - Best fit parameters: [2.45512398e-02 1.24700473e+00 3.14152553e-04 3.59916023e-03].
2024-02-13 14:31:57,784 - INFO - Maximum log composite likelihood: -27.151797913818882.
2024-02-13 14:31:57,784 - INFO - Optimal value of theta: 1239.679139365141.
2024-02-13 14:31:57,785 - INFO - Beginning optimization with guess, [0.03441825 0.06388053 0.01374891 0.00821741].
2024-02-13 14:31:59,215 - INFO - Finished optimization with guess, [0.03441825 0.06388053 0.01374891 0.00821741].
2024-02-13 14:31:59,216 - INFO - Best fit parameters: [0.5117879  0.06795139 0.00213639 0.00079269].
2024-02-13 14:31:59,244 - INFO - Maximum log composite likelihood: -27.221764539650394.
2024-02-13 14:31:59,244 - INFO - Optimal value of theta: 1243.017909430939.
2024-02-13 14:31:59,245 - INFO - Beginning optimization with guess, [0.02558441 0.03436868 0.01955211 0.01804998].
2024-02-13 14:32:04,649 - INFO - Finished optimization with guess, [0.02558441 0.03436868 0.01955211 0.01804998].
2024-02-13 14:32:04,651 - INFO - Best fit parameters: [0.01386874 0.0323151  0.05268925 0.01545558].
2024-02-13 14:32:04,770 - INFO - Maximum log composite likelihood: -25.16705535913934.
2024-02-13 14:32:04,770 - INFO - Optimal value of theta: 35505.99628327845.
2024-02-13 14:32:04,770 - INFO - Beginning optimization with guess, [0.52914814 0.73296557 0.01195827 0.01849074].
2024-02-13 14:32:06,447 - INFO - Finished optimization with guess, [0.52914814 0.73296557 0.01195827 0.01849074].
2024-02-13 14:32:06,448 - INFO - Best fit parameters: [0.4059689  0.7956842  0.00254042 0.57497903].
2024-02-13 14:32:06,492 - INFO - Maximum log composite likelihood: -25.38821181787307.
2024-02-13 14:32:06,493 - INFO - Optimal value of theta: 1381.126677753597.
2024-02-13 14:32:06,493 - INFO - Beginning optimization with guess, [0.45919917 0.37856127 0.0128009  0.01599627].
2024-02-13 14:32:07,806 - INFO - Finished optimization with guess, [0.45919917 0.37856127 0.0128009  0.01599627].
2024-02-13 14:32:07,807 - INFO - Best fit parameters: [0.34932901 0.78772275 0.00159295 0.04096907].
2024-02-13 14:32:07,836 - INFO - Maximum log composite likelihood: -26.840599948698582.
2024-02-13 14:32:07,836 - INFO - Optimal value of theta: 1241.6802518243564.
2024-02-13 14:32:07,836 - INFO - Beginning optimization with guess, [0.73179488 0.72039499 0.01481643 0.00756183].
2024-02-13 14:32:09,198 - INFO - Finished optimization with guess, [0.73179488 0.72039499 0.01481643 0.00756183].
2024-02-13 14:32:09,198 - INFO - Best fit parameters: [0.72214005 0.71127582 0.03603925 0.02048471].
2024-02-13 14:32:09,228 - INFO - Maximum log composite likelihood: -26.6881453997662.
2024-02-13 14:32:09,228 - INFO - Optimal value of theta: 1258.7704939064981.
2024-02-13 14:32:09,228 - INFO - Beginning optimization with guess, [0.59565291 1.75630065 0.0104563  0.01876888].
2024-02-13 14:32:10,471 - INFO - Finished optimization with guess, [0.59565291 1.75630065 0.0104563  0.01876888].
2024-02-13 14:32:10,471 - INFO - Best fit parameters: [0.58644267 2.06587469 0.07923294 0.01881806].
2024-02-13 14:32:10,502 - INFO - Maximum log composite likelihood: -25.646873675831557.
2024-02-13 14:32:10,502 - INFO - Optimal value of theta: 1291.8204753539933.
2024-02-13 14:32:10,502 - INFO - Beginning optimization with guess, [1.48994065 1.05011984 0.01242615 0.01042182].
2024-02-13 14:32:11,776 - INFO - Finished optimization with guess, [1.48994065 1.05011984 0.01242615 0.01042182].
2024-02-13 14:32:11,776 - INFO - Best fit parameters: [1.77077343e-03 1.03519793e+00 5.69789556e-52 5.45451705e-17].
2024-02-13 14:32:11,804 - INFO - Maximum log composite likelihood: -28.97894837117019.
2024-02-13 14:32:11,804 - INFO - Optimal value of theta: 1211.0781494119656.
2024-02-13 14:32:11,804 - INFO - Beginning optimization with guess, [1.86483339 1.68637521 0.01186032 0.01512197].
2024-02-13 14:32:12,991 - INFO - Finished optimization with guess, [1.86483339 1.68637521 0.01186032 0.01512197].
2024-02-13 14:32:12,991 - INFO - Best fit parameters: [1.49698557e+00 7.92546285e-01 5.75363162e-05 2.99692406e-03].
2024-02-13 14:32:13,019 - INFO - Maximum log composite likelihood: -28.755429849308257.
2024-02-13 14:32:13,020 - INFO - Optimal value of theta: 1212.98047845938.
2024-02-13 14:32:13,020 - INFO - Beginning optimization with guess, [1.22375371 1.59390814 0.0140261  0.0057553 ].
2024-02-13 14:32:14,291 - INFO - Finished optimization with guess, [1.22375371 1.59390814 0.0140261  0.0057553 ].
2024-02-13 14:32:14,291 - INFO - Best fit parameters: [8.39107148e-01 1.04661088e+00 7.38970888e-05 1.53706340e-05].
2024-02-13 14:32:14,319 - INFO - Maximum log composite likelihood: -28.974771811429946.
2024-02-13 14:32:14,319 - INFO - Optimal value of theta: 1211.1122614203002.
2024-02-13 14:32:14,319 - INFO - Beginning optimization with guess, [1.62650506 0.96556279 0.00773079 0.00761833].
2024-02-13 14:32:15,777 - INFO - Finished optimization with guess, [1.62650506 0.96556279 0.00773079 0.00761833].
2024-02-13 14:32:15,777 - INFO - Best fit parameters: [1.25165517e+00 9.54675955e-01 2.07909690e-04 3.29995144e-01].
2024-02-13 14:32:15,812 - INFO - Maximum log composite likelihood: -27.517223574625405.
2024-02-13 14:32:15,813 - INFO - Optimal value of theta: 1233.0594943195272.
2024-02-13 14:32:15,813 - INFO - Beginning optimization with guess, [2.45308996 2.35606449 0.00790342 0.01184335].
2024-02-13 14:32:17,086 - INFO - Finished optimization with guess, [2.45308996 2.35606449 0.00790342 0.01184335].
2024-02-13 14:32:17,086 - INFO - Best fit parameters: [1.89663988e+00 6.27522441e-01 9.93847409e-06 3.31362745e-03].
2024-02-13 14:32:17,114 - INFO - Maximum log composite likelihood: -28.43830156134436.
2024-02-13 14:32:17,114 - INFO - Optimal value of theta: 1215.9524032860113.
2024-02-13 14:32:17,115 - INFO - Beginning optimization with guess, [2.11491477 1.20381497 0.00594896 0.00612462].
2024-02-13 14:32:18,356 - INFO - Finished optimization with guess, [2.11491477 1.20381497 0.00594896 0.00612462].
2024-02-13 14:32:18,356 - INFO - Best fit parameters: [1.37424764e+00 9.51227197e-01 1.65222543e-05 1.73134847e-04].
2024-02-13 14:32:18,384 - INFO - Maximum log composite likelihood: -28.977588200214086.
2024-02-13 14:32:18,384 - INFO - Optimal value of theta: 1211.0892550019464.
2024-02-13 14:32:18,384 - INFO - Beginning optimization with guess, [2.68573889 1.6091905  0.00813531 0.0133445 ].
2024-02-13 14:32:19,598 - INFO - Finished optimization with guess, [2.68573889 1.6091905  0.00813531 0.0133445 ].
2024-02-13 14:32:19,599 - INFO - Best fit parameters: [1.11426605e+00 7.39477325e-01 6.70834927e-05 1.23199511e-04].
2024-02-13 14:32:19,627 - INFO - Maximum log composite likelihood: -28.967625661923194.
2024-02-13 14:32:19,627 - INFO - Optimal value of theta: 1211.1707392043495.
2024-02-13 14:32:19,627 - INFO - Beginning optimization with guess, [1.53961198 1.72444466 0.01237102 0.01113159].
2024-02-13 14:32:20,819 - INFO - Finished optimization with guess, [1.53961198 1.72444466 0.01237102 0.01113159].
2024-02-13 14:32:20,819 - INFO - Best fit parameters: [1.32231128e+00 7.84713562e-01 6.31322512e-05 1.95996160e-03].
2024-02-13 14:32:20,847 - INFO - Maximum log composite likelihood: -28.823353399823645.
2024-02-13 14:32:20,847 - INFO - Optimal value of theta: 1212.3852813940193.
2024-02-13 14:32:20,848 - INFO - Beginning optimization with guess, [5.80639059 2.58122121 0.00604598 0.00925447].
2024-02-13 14:32:22,116 - INFO - Finished optimization with guess, [5.80639059 2.58122121 0.00604598 0.00925447].
2024-02-13 14:32:22,116 - INFO - Best fit parameters: [3.50670109e+00 5.97140756e-01 5.25340228e-06 2.41224953e-03].
2024-02-13 14:32:22,144 - INFO - Maximum log composite likelihood: -28.523596391973115.
2024-02-13 14:32:22,144 - INFO - Optimal value of theta: 1215.1159232607722.
2024-02-13 14:32:22,144 - INFO - Beginning optimization with guess, [4.00559258 2.97018895 0.01849281 0.00532609].
2024-02-13 14:32:23,385 - INFO - Finished optimization with guess, [4.00559258 2.97018895 0.01849281 0.00532609].
2024-02-13 14:32:23,385 - INFO - Best fit parameters: [1.88783493e+00 3.48960965e-01 3.98197508e-05 2.31796430e-05].
2024-02-13 14:32:23,413 - INFO - Maximum log composite likelihood: -28.971319161595147.
2024-02-13 14:32:23,413 - INFO - Optimal value of theta: 1211.1404878896788.
2024-02-13 14:32:23,413 - INFO - Beginning optimization with guess, [5.0812251  4.11081269 0.00659509 0.01678613].
2024-02-13 14:32:24,654 - INFO - Finished optimization with guess, [5.0812251  4.11081269 0.00659509 0.01678613].
2024-02-13 14:32:24,654 - INFO - Best fit parameters: [2.64802021e-01 2.52363320e+00 4.97680978e-05 6.38897546e-05].
2024-02-13 14:32:24,682 - INFO - Maximum log composite likelihood: -28.948275155865304.
2024-02-13 14:32:24,683 - INFO - Optimal value of theta: 1211.329800238405.
2024-02-13 14:32:24,683 - INFO - Beginning optimization with guess, [4.08717410e+00 5.32311673e+00 1.22773022e-02 5.13828704e-03].
2024-02-13 14:32:25,922 - INFO - Finished optimization with guess, [4.08717410e+00 5.32311673e+00 1.22773022e-02 5.13828704e-03].
2024-02-13 14:32:25,922 - INFO - Best fit parameters: [2.30203364e+00 5.55521278e-01 7.79725861e-05 2.04390127e-04].
2024-02-13 14:32:25,950 - INFO - Maximum log composite likelihood: -28.942125970363577.
2024-02-13 14:32:25,951 - INFO - Optimal value of theta: 1211.3805805269874.
2024-02-13 14:32:25,951 - INFO - Beginning optimization with guess, [6.10880796 3.61609843 0.01381186 0.00660617].
2024-02-13 14:32:27,191 - INFO - Finished optimization with guess, [6.10880796 3.61609843 0.01381186 0.00660617].
2024-02-13 14:32:27,191 - INFO - Best fit parameters: [4.42153455e+00 7.07307404e-01 1.32806772e-04 5.78266499e-04].
2024-02-13 14:32:27,219 - INFO - Maximum log composite likelihood: -28.93703233998349.
2024-02-13 14:32:27,219 - INFO - Optimal value of theta: 1211.4229630987152.
2024-02-13 14:32:27,220 - INFO - Beginning optimization with guess, [6.42366724e+00 9.93324250e+00 1.28076949e-02 5.42478807e-03].
2024-02-13 14:32:28,459 - INFO - Finished optimization with guess, [6.42366724e+00 9.93324250e+00 1.28076949e-02 5.42478807e-03].
2024-02-13 14:32:28,460 - INFO - Best fit parameters: [3.45746014e+00 3.59884117e-01 8.12016355e-05 1.58220488e-04].
2024-02-13 14:32:28,488 - INFO - Maximum log composite likelihood: -28.91035426900862.
2024-02-13 14:32:28,488 - INFO - Optimal value of theta: 1211.6444650514538.
2024-02-13 14:32:28,488 - INFO - Beginning optimization with guess, [3.94775350e+00 6.96068731e+00 1.86552629e-02 5.83805188e-03].
2024-02-13 14:32:29,729 - INFO - Finished optimization with guess, [3.94775350e+00 6.96068731e+00 1.86552629e-02 5.83805188e-03].
2024-02-13 14:32:29,730 - INFO - Best fit parameters: [3.08910800e+00 5.92907152e-01 2.48518848e-04 4.81280920e-04].
2024-02-13 14:32:29,760 - INFO - Maximum log composite likelihood: -28.929129160268985.
2024-02-13 14:32:29,760 - INFO - Optimal value of theta: 1211.4884402603475.
2024-02-13 14:32:29,760 - INFO - Beginning optimization with guess, [7.07137712e+00 1.10450956e+01 7.04035829e-03 1.57318534e-02].
2024-02-13 14:32:31,073 - INFO - Finished optimization with guess, [7.07137712e+00 1.10450956e+01 7.04035829e-03 1.57318534e-02].
2024-02-13 14:32:31,073 - INFO - Best fit parameters: [5.61175179e-01 7.03691073e+00 1.21175978e-03 1.25492130e-04].
2024-02-13 14:32:31,101 - INFO - Maximum log composite likelihood: -28.73254653070353.
2024-02-13 14:32:31,102 - INFO - Optimal value of theta: 1213.1795701691526.
2024-02-13 14:32:31,103 - INFO - Finished demographic inference.
2024-02-13 14:32:31,103 - INFO - Pipeline executed succesfully.
