2025-08-14 10:37:11,680 - INFO - Beginning execution of evaluate_demography.py in directory /u/project/kirk-bigdata/jonmah/sample_size_demography/Scripts

2025-08-14 10:37:11,680 - INFO - Progress is being logged to ../Analysis/dadi_3EpB_160/evaluate_demography.log

2025-08-14 10:37:11,680 - INFO - Parsed the following arguments:
	syn_input_sfs = ../Simulations/dadi_simulations/ThreeEpochBottleneck_160.sfs
	model_type = two_epoch
	params_list = [19986.09, 0.01283401]
	L_syn = 100000000.0
	mask_singletons = False
	mask_doubletons = False
	outprefix = ../Analysis/dadi_3EpB_160/

2025-08-14 10:37:11,682 - INFO - Beginning demographic evaluation for two-epoch demographic model.
2025-08-14 10:37:11,684 - INFO - Beginning optimization with guess, [19986.09, 0.01283401].
2025-08-14 10:37:11,684 - INFO - Finished optimization with guess, [19986.09, 0.01283401].
2025-08-14 10:37:11,684 - INFO - Best fit parameters: [19986.09, 0.01283401].
2025-08-14 10:37:12,214 - INFO - Maximum log composite likelihood: -10685.361674340358.
2025-08-14 10:37:12,214 - INFO - Optimal value of theta: 20892.26596983814.
2025-08-14 10:37:12,215 - INFO - Synonymous input SFS: [-- 43487.30979454098 7642.782337060206 3538.151296558702 2528.914062546377 2117.492728716087 1888.010128053937 1736.093413486316 1625.728348744091 1541.02817175235 1473.639747272292 1418.617098132531 1372.787838455215 1334.000659948599 1300.73598527592 1271.886251897856 1246.623609345059 1224.316215716831 1204.473188977266 1186.707251747227 1170.708714263463 1156.226948417905 1143.056940279868 1131.029362637171 1120.00313506817 1109.859772339953 1100.49903838378 1091.835566748877 1083.796205612698 1076.317912304273 1069.346069045251 1062.833124756723 1056.737491585814 1051.022642111248 1045.65636590753 1040.610153594648 1035.858683584638 1031.379392096861 1027.152111104577 1023.158762021849 1019.383095378275 1015.810468632208 1012.427655768422 1009.222683508494 1006.184689902717 1003.3038018247 1000.571028495078 997.9781686500322 995.5177293679487 993.1828548921098 990.9672640534911 988.8651951169638 986.8713570554953 984.9808864074837 983.1893089978287 981.4925059083064 979.8866831709371 978.3683447322783 976.9342682993185 975.5814837308669 974.3072536836015 973.1090562605639 971.9845694429649 970.9316571145471 969.9483565122064 969.032866957693 968.1835397435188 967.3988690621062 966.6774838810928 966.0181406798621 965.4197169730325 964.8812055560709 964.4017094165316 963.9804372618653 963.616699621393 963.309905486052 963.0595594549568 962.8652593628087 962.7266943667864 962.6436434758352 481.3079872546582 -- -- -- -- -- -- -- -- -- -- -- -- -- -- -- -- -- -- -- -- -- -- -- -- -- -- -- -- -- -- -- -- -- -- -- -- -- -- -- -- -- -- -- -- -- -- -- -- -- -- -- -- -- -- -- -- -- -- -- -- -- -- -- -- -- -- -- -- -- -- -- -- -- -- -- -- -- -- -- --].
2025-08-14 10:37:12,215 - INFO - Scaled spectrum: [-- 43459.654739158235 10579.428429212554 7097.158772993361 5356.989983444749 4313.240995795352 3617.7075658317667 3121.159484777742 2748.9817635728004 2459.7217366281657 2228.5079033977763 2039.5130382363186 1882.1857454189956 1749.2212965603278 1635.402109241014 1536.9020342861822 1450.8515354142871 1375.0563349927427 1307.809844640155 1247.7648283690176 1193.8435668836746 1145.1736893202024 1101.0415055201365 1060.8575125919429 1024.1305249333902 990.4480131488694 959.460980242146 930.8721987587007 904.4269686460009 879.9057873871401 857.1184862174669 835.899501377709 816.104032121211 797.6048973815058 780.2899472647559 764.0599184086684 748.8266469071648 734.5115711600704 721.0444712480399 708.3624023868088 696.4087885045932 685.1326486128708 674.4879338466383 664.4329571671208 654.9299009940296 645.9443906554034 637.4451236484363 629.4035464104195 621.7935716818603 614.5913306748405 607.7749551858765 601.3243855562745 595.2212010141537 589.4484694563299 583.9906141652001 578.8332953211795 573.9633044782814 569.3684704286923 565.0375751007134 560.9602783199305 557.1270504208129 553.5291118306085 550.1583788625982 547.0074150543423 544.0693874721425 541.3380274760875 538.8075955036138 536.4728494861855 534.329016559514 532.3717677732706 530.597195540371 529.0017936009779 527.5824393038222 526.3363780345552 525.2612096433229 524.3548767446293 523.6156547819648 523.0421437667464 522.6332616170635 522.3882390368062 261.15330794487346 -- -- -- -- -- -- -- -- -- -- -- -- -- -- -- -- -- -- -- -- -- -- -- -- -- -- -- -- -- -- -- -- -- -- -- -- -- -- -- -- -- -- -- -- -- -- -- -- -- -- -- -- -- -- -- -- -- -- -- -- -- -- -- -- -- -- -- -- -- -- -- -- -- -- -- -- -- -- -- --].
2025-08-14 10:37:12,217 - INFO - Converting and interpreting Tau estimates.
2025-08-14 10:37:12,218 - INFO - Finished demographic inference.
2025-08-14 10:37:12,218 - INFO - Pipeline executed succesfully.
