2024-01-17 15:55:30,369 - INFO - Beginning execution of fit_demographic_model.py in directory /u/project/kirk/jonmah/sample_size_demography/Scripts

2024-01-17 15:55:30,369 - INFO - Progress is being logged to ../Analysis/1kg_EUR_36/log.log

2024-01-17 15:55:30,369 - INFO - Parsed the following arguments:
	syn_input_sfs = ../Analysis/1kg_EUR_36/syn_downsampled_sfs.txt
	mask_singletons = False
	mask_doubletons = False
	outprefix = ../Analysis/1kg_EUR_36/

2024-01-17 15:55:30,376 - INFO - Beginning demographic inference for one-epoch demographic model.
2024-01-17 15:55:30,378 - INFO - Beginning optimization with guess, [0.06005125].
2024-01-17 15:55:35,991 - INFO - Finished optimization with guess, [0.06005125].
2024-01-17 15:55:35,992 - INFO - Best fit parameters: [0.06005125].
2024-01-17 15:55:36,120 - INFO - Maximum log composite likelihood: -199.0263392704651.
2024-01-17 15:55:36,120 - INFO - Optimal value of theta: 5063.784494817619.
2024-01-17 15:55:36,121 - INFO - Beginning optimization with guess, [0.11484518].
2024-01-17 15:55:41,893 - INFO - Finished optimization with guess, [0.11484518].
2024-01-17 15:55:41,895 - INFO - Best fit parameters: [0.11484518].
2024-01-17 15:55:42,023 - INFO - Maximum log composite likelihood: -199.0263392704651.
2024-01-17 15:55:42,023 - INFO - Optimal value of theta: 5063.784494817619.
2024-01-17 15:55:42,023 - INFO - Beginning optimization with guess, [0.3461411].
2024-01-17 15:55:46,357 - INFO - Finished optimization with guess, [0.3461411].
2024-01-17 15:55:46,358 - INFO - Best fit parameters: [0.3461411].
2024-01-17 15:55:46,486 - INFO - Maximum log composite likelihood: -199.0263392704651.
2024-01-17 15:55:46,486 - INFO - Optimal value of theta: 5063.784494817619.
2024-01-17 15:55:46,487 - INFO - Beginning optimization with guess, [0.20190586].
2024-01-17 15:55:50,848 - INFO - Finished optimization with guess, [0.20190586].
2024-01-17 15:55:50,851 - INFO - Best fit parameters: [0.20190586].
2024-01-17 15:55:51,106 - INFO - Maximum log composite likelihood: -199.0263392704651.
2024-01-17 15:55:51,106 - INFO - Optimal value of theta: 5063.784494817619.
2024-01-17 15:55:51,106 - INFO - Beginning optimization with guess, [0.44191601].
2024-01-17 15:55:54,999 - INFO - Finished optimization with guess, [0.44191601].
2024-01-17 15:55:55,001 - INFO - Best fit parameters: [0.44191601].
2024-01-17 15:55:55,131 - INFO - Maximum log composite likelihood: -199.0263392704651.
2024-01-17 15:55:55,131 - INFO - Optimal value of theta: 5063.784494817619.
2024-01-17 15:55:55,131 - INFO - Beginning optimization with guess, [1.18392715].
2024-01-17 15:55:58,114 - INFO - Finished optimization with guess, [1.18392715].
2024-01-17 15:55:58,114 - INFO - Best fit parameters: [1.18392715].
2024-01-17 15:55:58,241 - INFO - Maximum log composite likelihood: -199.0263392704651.
2024-01-17 15:55:58,241 - INFO - Optimal value of theta: 5063.784494817619.
2024-01-17 15:55:58,241 - INFO - Beginning optimization with guess, [0.74564019].
2024-01-17 15:56:01,785 - INFO - Finished optimization with guess, [0.74564019].
2024-01-17 15:56:01,786 - INFO - Best fit parameters: [0.74564019].
2024-01-17 15:56:01,912 - INFO - Maximum log composite likelihood: -199.0263392704651.
2024-01-17 15:56:01,913 - INFO - Optimal value of theta: 5063.784494817619.
2024-01-17 15:56:01,913 - INFO - Beginning optimization with guess, [0.6321421].
2024-01-17 15:56:05,222 - INFO - Finished optimization with guess, [0.6321421].
2024-01-17 15:56:05,222 - INFO - Best fit parameters: [0.6321421].
2024-01-17 15:56:05,347 - INFO - Maximum log composite likelihood: -199.0263392704651.
2024-01-17 15:56:05,347 - INFO - Optimal value of theta: 5063.784494817619.
2024-01-17 15:56:05,348 - INFO - Beginning optimization with guess, [0.49559565].
2024-01-17 15:56:09,838 - INFO - Finished optimization with guess, [0.49559565].
2024-01-17 15:56:09,847 - INFO - Best fit parameters: [0.49559565].
2024-01-17 15:56:10,110 - INFO - Maximum log composite likelihood: -199.0263392704651.
2024-01-17 15:56:10,110 - INFO - Optimal value of theta: 5063.784494817619.
2024-01-17 15:56:10,110 - INFO - Beginning optimization with guess, [0.72353629].
2024-01-17 15:56:14,332 - INFO - Finished optimization with guess, [0.72353629].
2024-01-17 15:56:14,333 - INFO - Best fit parameters: [0.72353629].
2024-01-17 15:56:14,578 - INFO - Maximum log composite likelihood: -199.0263392704651.
2024-01-17 15:56:14,579 - INFO - Optimal value of theta: 5063.784494817619.
2024-01-17 15:56:14,579 - INFO - Beginning optimization with guess, [1.56723167].
2024-01-17 15:56:18,499 - INFO - Finished optimization with guess, [1.56723167].
2024-01-17 15:56:18,500 - INFO - Best fit parameters: [1.56723167].
2024-01-17 15:56:18,632 - INFO - Maximum log composite likelihood: -199.0263392704651.
2024-01-17 15:56:18,632 - INFO - Optimal value of theta: 5063.784494817619.
2024-01-17 15:56:18,632 - INFO - Beginning optimization with guess, [1.05405898].
2024-01-17 15:56:21,051 - INFO - Finished optimization with guess, [1.05405898].
2024-01-17 15:56:21,051 - INFO - Best fit parameters: [1.05405898].
2024-01-17 15:56:21,290 - INFO - Maximum log composite likelihood: -199.0263392704651.
2024-01-17 15:56:21,290 - INFO - Optimal value of theta: 5063.784494817619.
2024-01-17 15:56:21,290 - INFO - Beginning optimization with guess, [1.85121816].
2024-01-17 15:56:25,014 - INFO - Finished optimization with guess, [1.85121816].
2024-01-17 15:56:25,015 - INFO - Best fit parameters: [1.85121816].
2024-01-17 15:56:25,140 - INFO - Maximum log composite likelihood: -199.0263392704651.
2024-01-17 15:56:25,140 - INFO - Optimal value of theta: 5063.784494817619.
2024-01-17 15:56:25,140 - INFO - Beginning optimization with guess, [2.47549625].
2024-01-17 15:56:28,795 - INFO - Finished optimization with guess, [2.47549625].
2024-01-17 15:56:28,795 - INFO - Best fit parameters: [2.47549625].
2024-01-17 15:56:28,920 - INFO - Maximum log composite likelihood: -199.0263392704651.
2024-01-17 15:56:28,920 - INFO - Optimal value of theta: 5063.784494817619.
2024-01-17 15:56:28,920 - INFO - Beginning optimization with guess, [2.66896831].
2024-01-17 15:56:32,593 - INFO - Finished optimization with guess, [2.66896831].
2024-01-17 15:56:32,594 - INFO - Best fit parameters: [2.66896831].
2024-01-17 15:56:32,720 - INFO - Maximum log composite likelihood: -199.0263392704651.
2024-01-17 15:56:32,721 - INFO - Optimal value of theta: 5063.784494817619.
2024-01-17 15:56:32,721 - INFO - Beginning optimization with guess, [4.64769502].
2024-01-17 15:56:37,102 - INFO - Finished optimization with guess, [4.64769502].
2024-01-17 15:56:37,102 - INFO - Best fit parameters: [4.64769502].
2024-01-17 15:56:37,227 - INFO - Maximum log composite likelihood: -199.0263392704651.
2024-01-17 15:56:37,227 - INFO - Optimal value of theta: 5063.784494817619.
2024-01-17 15:56:37,227 - INFO - Beginning optimization with guess, [2.54104632].
2024-01-17 15:56:40,969 - INFO - Finished optimization with guess, [2.54104632].
2024-01-17 15:56:40,969 - INFO - Best fit parameters: [2.54104632].
2024-01-17 15:56:41,094 - INFO - Maximum log composite likelihood: -199.0263392704651.
2024-01-17 15:56:41,094 - INFO - Optimal value of theta: 5063.784494817619.
2024-01-17 15:56:41,094 - INFO - Beginning optimization with guess, [4.58069094].
2024-01-17 15:56:45,126 - INFO - Finished optimization with guess, [4.58069094].
2024-01-17 15:56:45,127 - INFO - Best fit parameters: [4.58069094].
2024-01-17 15:56:45,253 - INFO - Maximum log composite likelihood: -199.0263392704651.
2024-01-17 15:56:45,253 - INFO - Optimal value of theta: 5063.784494817619.
2024-01-17 15:56:45,254 - INFO - Beginning optimization with guess, [4.75493005].
2024-01-17 15:56:49,299 - INFO - Finished optimization with guess, [4.75493005].
2024-01-17 15:56:49,299 - INFO - Best fit parameters: [4.75493005].
2024-01-17 15:56:49,425 - INFO - Maximum log composite likelihood: -199.0263392704651.
2024-01-17 15:56:49,425 - INFO - Optimal value of theta: 5063.784494817619.
2024-01-17 15:56:49,425 - INFO - Beginning optimization with guess, [5.55749717].
2024-01-17 15:56:53,477 - INFO - Finished optimization with guess, [5.55749717].
2024-01-17 15:56:53,478 - INFO - Best fit parameters: [5.55749717].
2024-01-17 15:56:53,608 - INFO - Maximum log composite likelihood: -199.0263392704651.
2024-01-17 15:56:53,608 - INFO - Optimal value of theta: 5063.784494817619.
2024-01-17 15:56:53,608 - INFO - Beginning optimization with guess, [2.97677929].
2024-01-17 15:56:57,669 - INFO - Finished optimization with guess, [2.97677929].
2024-01-17 15:56:57,669 - INFO - Best fit parameters: [2.97677929].
2024-01-17 15:56:57,794 - INFO - Maximum log composite likelihood: -199.0263392704651.
2024-01-17 15:56:57,794 - INFO - Optimal value of theta: 5063.784494817619.
2024-01-17 15:56:57,794 - INFO - Beginning optimization with guess, [4.75254057].
2024-01-17 15:57:02,225 - INFO - Finished optimization with guess, [4.75254057].
2024-01-17 15:57:02,226 - INFO - Best fit parameters: [4.75254057].
2024-01-17 15:57:02,350 - INFO - Maximum log composite likelihood: -199.0263392704651.
2024-01-17 15:57:02,351 - INFO - Optimal value of theta: 5063.784494817619.
2024-01-17 15:57:02,351 - INFO - Beginning optimization with guess, [9.45250178].
2024-01-17 15:57:07,636 - INFO - Finished optimization with guess, [9.45250178].
2024-01-17 15:57:07,637 - INFO - Best fit parameters: [9.45250178].
2024-01-17 15:57:07,763 - INFO - Maximum log composite likelihood: -199.0263392704651.
2024-01-17 15:57:07,764 - INFO - Optimal value of theta: 5063.784494817619.
2024-01-17 15:57:07,764 - INFO - Beginning optimization with guess, [11.37990159].
2024-01-17 15:57:13,283 - INFO - Finished optimization with guess, [11.37990159].
2024-01-17 15:57:13,283 - INFO - Best fit parameters: [11.37990159].
2024-01-17 15:57:13,408 - INFO - Maximum log composite likelihood: -199.0263392704651.
2024-01-17 15:57:13,409 - INFO - Optimal value of theta: 5063.784494817619.
2024-01-17 15:57:13,409 - INFO - Beginning optimization with guess, [12.25087665].
2024-01-17 15:57:19,502 - INFO - Finished optimization with guess, [12.25087665].
2024-01-17 15:57:19,503 - INFO - Best fit parameters: [12.25087665].
2024-01-17 15:57:19,717 - INFO - Maximum log composite likelihood: -199.0263392704651.
2024-01-17 15:57:19,717 - INFO - Optimal value of theta: 5063.784494817619.
2024-01-17 15:57:19,719 - INFO - Beginning demographic inference for two-epoch demographic model.
2024-01-17 15:57:19,722 - INFO - Beginning optimization with guess, [0.12879703 0.0072516 ].
2024-01-17 15:57:23,730 - INFO - Finished optimization with guess, [0.12879703 0.0072516 ].
2024-01-17 15:57:23,739 - INFO - Best fit parameters: [0.22917043 0.0024987 ].
2024-01-17 15:57:23,989 - INFO - Maximum log composite likelihood: -179.17241114010744.
2024-01-17 15:57:23,989 - INFO - Optimal value of theta: 5234.436685871115.
2024-01-17 15:57:23,989 - INFO - Beginning optimization with guess, [0.24774386 0.01718582].
2024-01-17 15:57:27,932 - INFO - Finished optimization with guess, [0.24774386 0.01718582].
2024-01-17 15:57:27,934 - INFO - Best fit parameters: [0.44779396 0.00800259].
2024-01-17 15:57:28,069 - INFO - Maximum log composite likelihood: -175.78461431343658.
2024-01-17 15:57:28,069 - INFO - Optimal value of theta: 5255.575391708588.
2024-01-17 15:57:28,070 - INFO - Beginning optimization with guess, [0.15556981 0.00747298].
2024-01-17 15:57:31,964 - INFO - Finished optimization with guess, [0.15556981 0.00747298].
2024-01-17 15:57:31,964 - INFO - Best fit parameters: [0.57521027 0.01138802].
2024-01-17 15:57:32,092 - INFO - Maximum log composite likelihood: -174.1469265670171.
2024-01-17 15:57:32,092 - INFO - Optimal value of theta: 5224.066461437411.
2024-01-17 15:57:32,093 - INFO - Beginning optimization with guess, [0.65738215 0.01998725].
2024-01-17 15:57:36,933 - INFO - Finished optimization with guess, [0.65738215 0.01998725].
2024-01-17 15:57:36,934 - INFO - Best fit parameters: [0.55953786 0.64269513].
2024-01-17 15:57:37,091 - INFO - Maximum log composite likelihood: -96.88010696705533.
2024-01-17 15:57:37,091 - INFO - Optimal value of theta: 7725.8926161993.
2024-01-17 15:57:37,091 - INFO - Beginning optimization with guess, [0.52074553 0.00648676].
2024-01-17 15:57:40,969 - INFO - Finished optimization with guess, [0.52074553 0.00648676].
2024-01-17 15:57:40,969 - INFO - Best fit parameters: [0.80767966 0.17283369].
2024-01-17 15:57:41,105 - INFO - Maximum log composite likelihood: -124.39647014190632.
2024-01-17 15:57:41,105 - INFO - Optimal value of theta: 5471.112576650354.
2024-01-17 15:57:41,105 - INFO - Beginning optimization with guess, [0.48045911 0.01293546].
2024-01-17 15:57:45,498 - INFO - Finished optimization with guess, [0.48045911 0.01293546].
2024-01-17 15:57:45,499 - INFO - Best fit parameters: [0.7558122  0.52669792].
2024-01-17 15:57:45,645 - INFO - Maximum log composite likelihood: -108.3748254434829.
2024-01-17 15:57:45,645 - INFO - Optimal value of theta: 6028.579551114045.
2024-01-17 15:57:45,645 - INFO - Beginning optimization with guess, [0.56850017 0.01473851].
2024-01-17 15:57:50,702 - INFO - Finished optimization with guess, [0.56850017 0.01473851].
2024-01-17 15:57:50,702 - INFO - Best fit parameters: [0.6878742  0.36728885].
2024-01-17 15:57:50,844 - INFO - Maximum log composite likelihood: -100.01731052122454.
2024-01-17 15:57:50,844 - INFO - Optimal value of theta: 6206.364442399896.
2024-01-17 15:57:50,845 - INFO - Beginning optimization with guess, [1.09312054 0.00569518].
2024-01-17 15:57:56,253 - INFO - Finished optimization with guess, [1.09312054 0.00569518].
2024-01-17 15:57:56,253 - INFO - Best fit parameters: [0.98937723 0.41647047].
2024-01-17 15:57:56,532 - INFO - Maximum log composite likelihood: -192.9705126576248.
2024-01-17 15:57:56,533 - INFO - Optimal value of theta: 5092.652547789871.
2024-01-17 15:57:56,533 - INFO - Beginning optimization with guess, [0.51240701 0.01432815].
2024-01-17 15:58:01,379 - INFO - Finished optimization with guess, [0.51240701 0.01432815].
2024-01-17 15:58:01,379 - INFO - Best fit parameters: [0.75816283 0.46632682].
2024-01-17 15:58:01,537 - INFO - Maximum log composite likelihood: -106.70228972932955.
2024-01-17 15:58:01,537 - INFO - Optimal value of theta: 5964.305037994497.
2024-01-17 15:58:01,538 - INFO - Beginning optimization with guess, [0.91242976 0.00922454].
2024-01-17 15:58:05,787 - INFO - Finished optimization with guess, [0.91242976 0.00922454].
2024-01-17 15:58:05,788 - INFO - Best fit parameters: [0.80180831 0.21847512].
2024-01-17 15:58:05,964 - INFO - Maximum log composite likelihood: -118.03392523991738.
2024-01-17 15:58:05,964 - INFO - Optimal value of theta: 5544.036710374812.
2024-01-17 15:58:05,964 - INFO - Beginning optimization with guess, [2.36187751 0.01452856].
2024-01-17 15:58:09,859 - INFO - Finished optimization with guess, [2.36187751 0.01452856].
2024-01-17 15:58:09,861 - INFO - Best fit parameters: [0.83805172 0.59306796].
2024-01-17 15:58:10,007 - INFO - Maximum log composite likelihood: -131.87581171568627.
2024-01-17 15:58:10,007 - INFO - Optimal value of theta: 5669.034533109367.
2024-01-17 15:58:10,007 - INFO - Beginning optimization with guess, [0.76273022 0.01249249].
2024-01-17 15:58:14,569 - INFO - Finished optimization with guess, [0.76273022 0.01249249].
2024-01-17 15:58:14,570 - INFO - Best fit parameters: [0.6101715  0.57832779].
2024-01-17 15:58:14,719 - INFO - Maximum log composite likelihood: -97.1057148835414.
2024-01-17 15:58:14,720 - INFO - Optimal value of theta: 7091.619003470146.
2024-01-17 15:58:14,720 - INFO - Beginning optimization with guess, [2.61882108 0.01578039].
2024-01-17 15:58:19,068 - INFO - Finished optimization with guess, [2.61882108 0.01578039].
2024-01-17 15:58:19,069 - INFO - Best fit parameters: [0.76279482 0.87272162].
2024-01-17 15:58:19,300 - INFO - Maximum log composite likelihood: -128.67112912745847.
2024-01-17 15:58:19,301 - INFO - Optimal value of theta: 6215.745258130388.
2024-01-17 15:58:19,301 - INFO - Beginning optimization with guess, [2.08247138 0.01198273].
2024-01-17 15:58:24,309 - INFO - Finished optimization with guess, [2.08247138 0.01198273].
2024-01-17 15:58:24,310 - INFO - Best fit parameters: [0.86002455 0.57912837].
2024-01-17 15:58:24,598 - INFO - Maximum log composite likelihood: -138.36041669254678.
2024-01-17 15:58:24,598 - INFO - Optimal value of theta: 5567.88469656222.
2024-01-17 15:58:24,598 - INFO - Beginning optimization with guess, [1.76788926 0.00535108].
2024-01-17 15:58:29,848 - INFO - Finished optimization with guess, [1.76788926 0.00535108].
2024-01-17 15:58:29,849 - INFO - Best fit parameters: [0.88947051 0.52426283].
2024-01-17 15:58:29,989 - INFO - Maximum log composite likelihood: -147.06572116301436.
2024-01-17 15:58:29,989 - INFO - Optimal value of theta: 5432.360527292806.
2024-01-17 15:58:29,990 - INFO - Beginning optimization with guess, [4.31555034 0.00641833].
2024-01-17 15:58:34,031 - INFO - Finished optimization with guess, [4.31555034 0.00641833].
2024-01-17 15:58:34,032 - INFO - Best fit parameters: [0.74038548 0.53616704].
2024-01-17 15:58:34,177 - INFO - Maximum log composite likelihood: -106.0648436620761.
2024-01-17 15:58:34,178 - INFO - Optimal value of theta: 6120.529906153587.
2024-01-17 15:58:34,178 - INFO - Beginning optimization with guess, [1.61555023 0.01255902].
2024-01-17 15:58:37,879 - INFO - Finished optimization with guess, [1.61555023 0.01255902].
2024-01-17 15:58:37,880 - INFO - Best fit parameters: [0.90610038 0.58249668].
2024-01-17 15:58:38,025 - INFO - Maximum log composite likelihood: -155.56971803471856.
2024-01-17 15:58:38,025 - INFO - Optimal value of theta: 5385.002001868568.
2024-01-17 15:58:38,026 - INFO - Beginning optimization with guess, [1.82634272 0.01195453].
2024-01-17 15:58:41,726 - INFO - Finished optimization with guess, [1.82634272 0.01195453].
2024-01-17 15:58:41,727 - INFO - Best fit parameters: [0.88354255 0.57895988].
2024-01-17 15:58:42,021 - INFO - Maximum log composite likelihood: -146.72004516825177.
2024-01-17 15:58:42,021 - INFO - Optimal value of theta: 5471.603723686753.
2024-01-17 15:58:42,021 - INFO - Beginning optimization with guess, [3.2373584  0.01260931].
2024-01-17 15:58:45,777 - INFO - Finished optimization with guess, [3.2373584  0.01260931].
2024-01-17 15:58:45,777 - INFO - Best fit parameters: [0.7854561  0.58278414].
2024-01-17 15:58:45,922 - INFO - Maximum log composite likelihood: -117.1479493597858.
2024-01-17 15:58:45,922 - INFO - Optimal value of theta: 5915.607081247678.
2024-01-17 15:58:45,923 - INFO - Beginning optimization with guess, [5.85717175 0.01225283].
2024-01-17 15:58:49,742 - INFO - Finished optimization with guess, [5.85717175 0.01225283].
2024-01-17 15:58:49,742 - INFO - Best fit parameters: [0.18117637 0.00199873].
2024-01-17 15:58:49,868 - INFO - Maximum log composite likelihood: -179.93608210252023.
2024-01-17 15:58:49,868 - INFO - Optimal value of theta: 5247.460798322561.
2024-01-17 15:58:49,869 - INFO - Beginning optimization with guess, [7.89166459e+00 5.41992167e-03].
2024-01-17 15:58:53,425 - INFO - Finished optimization with guess, [7.89166459e+00 5.41992167e-03].
2024-01-17 15:58:53,425 - INFO - Best fit parameters: [0.20755611 0.00268774].
2024-01-17 15:58:53,551 - INFO - Maximum log composite likelihood: -180.64020905221014.
2024-01-17 15:58:53,551 - INFO - Optimal value of theta: 5270.527988873579.
2024-01-17 15:58:53,552 - INFO - Beginning optimization with guess, [3.61999543 0.01759051].
2024-01-17 15:58:57,699 - INFO - Finished optimization with guess, [3.61999543 0.01759051].
2024-01-17 15:58:57,700 - INFO - Best fit parameters: [0.69640739 0.87583681].
2024-01-17 15:58:57,866 - INFO - Maximum log composite likelihood: -118.01995339052382.
2024-01-17 15:58:57,867 - INFO - Optimal value of theta: 6701.120418377791.
2024-01-17 15:58:57,867 - INFO - Beginning optimization with guess, [3.12137784 0.01219415].
2024-01-17 15:59:01,781 - INFO - Finished optimization with guess, [3.12137784 0.01219415].
2024-01-17 15:59:01,781 - INFO - Best fit parameters: [0.79136894 0.58038019].
2024-01-17 15:59:01,961 - INFO - Maximum log composite likelihood: -118.43861767619364.
2024-01-17 15:59:01,961 - INFO - Optimal value of theta: 5884.116409208307.
2024-01-17 15:59:01,962 - INFO - Beginning optimization with guess, [8.29264846 0.00915351].
2024-01-17 15:59:05,272 - INFO - Finished optimization with guess, [8.29264846 0.00915351].
2024-01-17 15:59:05,273 - INFO - Best fit parameters: [1.02436544e-02 4.71141816e-05].
2024-01-17 15:59:05,399 - INFO - Maximum log composite likelihood: -182.70399756167922.
2024-01-17 15:59:05,399 - INFO - Optimal value of theta: 5159.3092778481805.
2024-01-17 15:59:05,399 - INFO - Beginning optimization with guess, [8.54328605 0.01251341].
2024-01-17 15:59:09,563 - INFO - Finished optimization with guess, [8.54328605 0.01251341].
2024-01-17 15:59:09,564 - INFO - Best fit parameters: [0.05416943 0.0004456 ].
2024-01-17 15:59:09,692 - INFO - Maximum log composite likelihood: -180.27794911740216.
2024-01-17 15:59:09,693 - INFO - Optimal value of theta: 5224.324075657016.
2024-01-17 15:59:09,695 - INFO - Beginning demographic inference for three-epoch demographic model.
2024-01-17 15:59:09,697 - INFO - Beginning optimization with guess, [0.01967041 0.01488658 0.01157252 0.00804768].
2024-01-17 15:59:16,621 - INFO - Finished optimization with guess, [0.01967041 0.01488658 0.01157252 0.00804768].
2024-01-17 15:59:16,622 - INFO - Best fit parameters: [0.00799903 0.02589762 0.03381869 0.00518808].
2024-01-17 15:59:16,865 - INFO - Maximum log composite likelihood: -153.65223439244596.
2024-01-17 15:59:16,865 - INFO - Optimal value of theta: 221440.67565174037.
2024-01-17 15:59:16,866 - INFO - Beginning optimization with guess, [0.03034811 0.01492618 0.0137513  0.00683456].
2024-01-17 15:59:21,480 - INFO - Finished optimization with guess, [0.03034811 0.01492618 0.0137513  0.00683456].
2024-01-17 15:59:21,480 - INFO - Best fit parameters: [0.00454767 0.36429287 0.00876189 0.00822493].
2024-01-17 15:59:21,671 - INFO - Maximum log composite likelihood: -669.077614398599.
2024-01-17 15:59:21,671 - INFO - Optimal value of theta: 38638.8411438507.
2024-01-17 15:59:21,672 - INFO - Beginning optimization with guess, [0.03375274 0.02111829 0.0050875  0.00720999].
2024-01-17 15:59:25,367 - INFO - Finished optimization with guess, [0.03375274 0.02111829 0.0050875  0.00720999].
2024-01-17 15:59:25,367 - INFO - Best fit parameters: [3.43813641e-02 8.93714768e-01 2.20792340e-04 5.23561404e-04].
2024-01-17 15:59:25,495 - INFO - Maximum log composite likelihood: -180.21208556969418.
2024-01-17 15:59:25,495 - INFO - Optimal value of theta: 5193.280948549253.
2024-01-17 15:59:25,495 - INFO - Beginning optimization with guess, [0.02608905 0.02527409 0.00872379 0.01524302].
2024-01-17 15:59:29,324 - INFO - Finished optimization with guess, [0.02608905 0.02527409 0.00872379 0.01524302].
2024-01-17 15:59:29,325 - INFO - Best fit parameters: [1.71768532e-03 2.57319944e+02 3.63307362e-05 4.67760978e-03].
2024-01-17 15:59:29,456 - INFO - Maximum log composite likelihood: -174.0263060963557.
2024-01-17 15:59:29,456 - INFO - Optimal value of theta: 5364.330212750733.
2024-01-17 15:59:29,457 - INFO - Beginning optimization with guess, [0.06626696 0.06885498 0.0178843  0.01556491].
2024-01-17 15:59:33,281 - INFO - Finished optimization with guess, [0.06626696 0.06885498 0.0178843  0.01556491].
2024-01-17 15:59:33,282 - INFO - Best fit parameters: [8.91087567e-02 1.31982979e+00 7.07794410e-04 2.08174388e-03].
2024-01-17 15:59:33,409 - INFO - Maximum log composite likelihood: -177.69893207241557.
2024-01-17 15:59:33,409 - INFO - Optimal value of theta: 5197.877332392663.
2024-01-17 15:59:33,410 - INFO - Beginning optimization with guess, [0.4316582  0.37645637 0.01607756 0.01368419].
2024-01-17 15:59:37,123 - INFO - Finished optimization with guess, [0.4316582  0.37645637 0.01607756 0.01368419].
2024-01-17 15:59:37,124 - INFO - Best fit parameters: [0.39634256 0.58113764 0.00554422 0.00965733].
2024-01-17 15:59:37,252 - INFO - Maximum log composite likelihood: -170.9376813204301.
2024-01-17 15:59:37,252 - INFO - Optimal value of theta: 5339.873139421391.
2024-01-17 15:59:37,252 - INFO - Beginning optimization with guess, [1.19091509 0.65144931 0.01133364 0.01519408].
2024-01-17 15:59:41,836 - INFO - Finished optimization with guess, [1.19091509 0.65144931 0.01133364 0.01519408].
2024-01-17 15:59:41,836 - INFO - Best fit parameters: [1.22580488 0.60197782 0.00231163 0.58671258].
2024-01-17 15:59:41,990 - INFO - Maximum log composite likelihood: -97.06942978519487.
2024-01-17 15:59:41,990 - INFO - Optimal value of theta: 7179.457959464041.
2024-01-17 15:59:41,991 - INFO - Beginning optimization with guess, [0.43896947 0.43620808 0.01255105 0.01025364].
2024-01-17 15:59:45,656 - INFO - Finished optimization with guess, [0.43896947 0.43620808 0.01255105 0.01025364].
2024-01-17 15:59:45,657 - INFO - Best fit parameters: [0.4345203  0.58494442 0.00519423 0.00777196].
2024-01-17 15:59:45,790 - INFO - Maximum log composite likelihood: -171.36489789593702.
2024-01-17 15:59:45,790 - INFO - Optimal value of theta: 5289.8248636431035.
2024-01-17 15:59:45,791 - INFO - Beginning optimization with guess, [0.62191572 1.03091675 0.00526155 0.01132042].
2024-01-17 15:59:49,883 - INFO - Finished optimization with guess, [0.62191572 1.03091675 0.00526155 0.01132042].
2024-01-17 15:59:49,884 - INFO - Best fit parameters: [0.53198058 1.03252145 0.50477036 0.00559872].
2024-01-17 15:59:50,037 - INFO - Maximum log composite likelihood: -84.71268422023081.
2024-01-17 15:59:50,037 - INFO - Optimal value of theta: 7593.3330316115025.
2024-01-17 15:59:50,038 - INFO - Beginning optimization with guess, [0.76572615 0.551108   0.01914158 0.01332497].
2024-01-17 15:59:54,179 - INFO - Finished optimization with guess, [0.76572615 0.551108   0.01914158 0.01332497].
2024-01-17 15:59:54,184 - INFO - Best fit parameters: [0.69166683 0.65180388 0.48476491 0.00330648].
2024-01-17 15:59:54,512 - INFO - Maximum log composite likelihood: -99.90971519600248.
2024-01-17 15:59:54,512 - INFO - Optimal value of theta: 6360.729383249453.
2024-01-17 15:59:54,512 - INFO - Beginning optimization with guess, [0.88289493 2.05213535 0.00559246 0.00530878].
2024-01-17 15:59:58,461 - INFO - Finished optimization with guess, [0.88289493 2.05213535 0.00559246 0.00530878].
2024-01-17 15:59:58,462 - INFO - Best fit parameters: [8.38836230e-01 1.12978859e+00 3.98580295e-01 1.67500147e-05].
2024-01-17 15:59:58,603 - INFO - Maximum log composite likelihood: -125.01247276139907.
2024-01-17 15:59:58,603 - INFO - Optimal value of theta: 5567.96450910448.
2024-01-17 15:59:58,604 - INFO - Beginning optimization with guess, [0.97337147 1.26646263 0.01238326 0.00694623].
2024-01-17 16:00:02,938 - INFO - Finished optimization with guess, [0.97337147 1.26646263 0.01238326 0.00694623].
2024-01-17 16:00:02,938 - INFO - Best fit parameters: [9.66613903e-01 1.16489946e+00 3.49403337e-01 1.77445093e-04].
2024-01-17 16:00:03,078 - INFO - Maximum log composite likelihood: -180.31248866530404.
2024-01-17 16:00:03,078 - INFO - Optimal value of theta: 5148.885652278293.
2024-01-17 16:00:03,079 - INFO - Beginning optimization with guess, [1.62158417 1.47111109 0.01242066 0.01972607].
2024-01-17 16:00:07,121 - INFO - Finished optimization with guess, [1.62158417 1.47111109 0.01242066 0.01972607].
2024-01-17 16:00:07,122 - INFO - Best fit parameters: [1.40163777e+00 7.46007414e-01 1.32501612e-04 5.30600116e-04].
2024-01-17 16:00:07,253 - INFO - Maximum log composite likelihood: -198.23223869912476.
2024-01-17 16:00:07,254 - INFO - Optimal value of theta: 5066.885923144064.
2024-01-17 16:00:07,254 - INFO - Beginning optimization with guess, [1.33051407 1.99955231 0.00535649 0.01079354].
2024-01-17 16:00:11,375 - INFO - Finished optimization with guess, [1.33051407 1.99955231 0.00535649 0.01079354].
2024-01-17 16:00:11,375 - INFO - Best fit parameters: [8.56677094e-01 9.93238522e-01 1.01072935e-04 7.69096496e-07].
2024-01-17 16:00:11,502 - INFO - Maximum log composite likelihood: -198.93100567669876.
2024-01-17 16:00:11,502 - INFO - Optimal value of theta: 5064.155508031805.
2024-01-17 16:00:11,502 - INFO - Beginning optimization with guess, [2.70978481 2.72998245 0.01035473 0.00716498].
2024-01-17 16:00:15,117 - INFO - Finished optimization with guess, [2.70978481 2.72998245 0.01035473 0.00716498].
2024-01-17 16:00:15,117 - INFO - Best fit parameters: [6.07049255e-01 1.30273720e+00 1.67372794e-04 1.82385478e-05].
2024-01-17 16:00:15,244 - INFO - Maximum log composite likelihood: -198.44517986680762.
2024-01-17 16:00:15,244 - INFO - Optimal value of theta: 5066.059452147819.
2024-01-17 16:00:15,244 - INFO - Beginning optimization with guess, [1.66780969 1.68189808 0.01527459 0.00594276].
2024-01-17 16:00:19,032 - INFO - Finished optimization with guess, [1.66780969 1.68189808 0.01527459 0.00594276].
2024-01-17 16:00:19,033 - INFO - Best fit parameters: [1.17531529e+00 5.50885259e-01 1.40178787e-05 4.36761003e-06].
2024-01-17 16:00:19,160 - INFO - Maximum log composite likelihood: -199.01753014396309.
2024-01-17 16:00:19,160 - INFO - Optimal value of theta: 5063.818794186009.
2024-01-17 16:00:19,160 - INFO - Beginning optimization with guess, [1.53393288 1.6807034  0.00944578 0.01119824].
2024-01-17 16:00:22,894 - INFO - Finished optimization with guess, [1.53393288 1.6807034  0.00944578 0.01119824].
2024-01-17 16:00:22,895 - INFO - Best fit parameters: [1.11925643e+00 7.71069799e-01 3.35881539e-05 1.94264270e-04].
2024-01-17 16:00:23,047 - INFO - Maximum log composite likelihood: -198.7225357989464.
2024-01-17 16:00:23,048 - INFO - Optimal value of theta: 5064.968774077413.
2024-01-17 16:00:23,048 - INFO - Beginning optimization with guess, [3.67340563 2.34241581 0.01555083 0.00921219].
2024-01-17 16:00:27,085 - INFO - Finished optimization with guess, [3.67340563 2.34241581 0.01555083 0.00921219].
2024-01-17 16:00:27,087 - INFO - Best fit parameters: [1.50816927e+00 3.76775619e-01 1.47056653e-05 1.25494753e-05].
2024-01-17 16:00:27,215 - INFO - Maximum log composite likelihood: -198.93682755343548.
2024-01-17 16:00:27,215 - INFO - Optimal value of theta: 5064.133310154242.
2024-01-17 16:00:27,215 - INFO - Beginning optimization with guess, [2.19554722 3.66736479 0.01015258 0.00571131].
2024-01-17 16:00:30,816 - INFO - Finished optimization with guess, [2.19554722 3.66736479 0.01015258 0.00571131].
2024-01-17 16:00:30,816 - INFO - Best fit parameters: [6.74504887e-01 1.40804017e+00 1.61211153e-04 1.10508109e-05].
2024-01-17 16:00:30,970 - INFO - Maximum log composite likelihood: -198.60902880104345.
2024-01-17 16:00:30,970 - INFO - Optimal value of theta: 5065.414369358888.
2024-01-17 16:00:30,971 - INFO - Beginning optimization with guess, [2.84221343 2.39486212 0.01600221 0.01323802].
2024-01-17 16:00:34,692 - INFO - Finished optimization with guess, [2.84221343 2.39486212 0.01600221 0.01323802].
2024-01-17 16:00:34,692 - INFO - Best fit parameters: [9.21833484e-01 4.27318286e-01 9.36238416e-05 1.65332565e-05].
2024-01-17 16:00:34,818 - INFO - Maximum log composite likelihood: -198.8566807204486.
2024-01-17 16:00:34,818 - INFO - Optimal value of theta: 5064.446214389618.
2024-01-17 16:00:34,819 - INFO - Beginning optimization with guess, [4.27164153 2.58777501 0.0166924  0.01449358].
2024-01-17 16:00:38,534 - INFO - Finished optimization with guess, [4.27164153 2.58777501 0.0166924  0.01449358].
2024-01-17 16:00:38,535 - INFO - Best fit parameters: [3.12567770e-01 1.26551176e+00 4.92347246e-05 3.00580616e-05].
2024-01-17 16:00:38,662 - INFO - Maximum log composite likelihood: -198.45690935373364.
2024-01-17 16:00:38,662 - INFO - Optimal value of theta: 5066.01707738076.
2024-01-17 16:00:38,662 - INFO - Beginning optimization with guess, [4.10043658e+00 9.72001720e+00 6.92788703e-03 8.44355143e-03].
2024-01-17 16:00:42,381 - INFO - Finished optimization with guess, [4.10043658e+00 9.72001720e+00 6.92788703e-03 8.44355143e-03].
2024-01-17 16:00:42,382 - INFO - Best fit parameters: [1.41832153e+00 1.61792358e-01 4.89330994e-06 9.43910330e-06].
2024-01-17 16:00:42,508 - INFO - Maximum log composite likelihood: -198.7593302448015.
2024-01-17 16:00:42,509 - INFO - Optimal value of theta: 5064.8278748008415.
2024-01-17 16:00:42,509 - INFO - Beginning optimization with guess, [9.62634275e+00 4.27816862e+00 5.45713583e-03 1.06891726e-02].
2024-01-17 16:00:45,970 - INFO - Finished optimization with guess, [9.62634275e+00 4.27816862e+00 5.45713583e-03 1.06891726e-02].
2024-01-17 16:00:45,971 - INFO - Best fit parameters: [4.20317455e+00 3.90599447e-01 2.30084922e-05 1.24791655e-04].
2024-01-17 16:00:46,097 - INFO - Maximum log composite likelihood: -198.0432503217187.
2024-01-17 16:00:46,098 - INFO - Optimal value of theta: 5067.660285063083.
2024-01-17 16:00:46,098 - INFO - Beginning optimization with guess, [3.50196275e+00 1.17752547e+01 5.96548323e-03 8.98555703e-03].
2024-01-17 16:00:49,925 - INFO - Finished optimization with guess, [3.50196275e+00 1.17752547e+01 5.96548323e-03 8.98555703e-03].
2024-01-17 16:00:49,926 - INFO - Best fit parameters: [2.35591745e-01 3.04359886e+00 5.11549809e-06 4.50073235e-06].
2024-01-17 16:00:50,053 - INFO - Maximum log composite likelihood: -198.95059730758226.
2024-01-17 16:00:50,053 - INFO - Optimal value of theta: 5064.07958628914.
2024-01-17 16:00:50,053 - INFO - Beginning optimization with guess, [6.49826392e+00 1.54211394e+01 9.62584259e-03 1.06829828e-02].
2024-01-17 16:00:53,851 - INFO - Finished optimization with guess, [6.49826392e+00 1.54211394e+01 9.62584259e-03 1.06829828e-02].
2024-01-17 16:00:53,853 - INFO - Best fit parameters: [1.58964070e+00 1.11792870e-01 1.09867695e-05 1.66929665e-05].
2024-01-17 16:00:53,981 - INFO - Maximum log composite likelihood: -198.30947001371283.
2024-01-17 16:00:53,981 - INFO - Optimal value of theta: 5066.60479978157.
2024-01-17 16:00:53,983 - INFO - Finished demographic inference.
2024-01-17 16:00:53,983 - INFO - Pipeline executed succesfully.
