2025-01-30 15:17:29,663 - INFO - Beginning execution of fit_demographic_model.py in directory /u/scratch/j/jonmah/sample_size_demography/Scripts

2025-01-30 15:17:29,664 - INFO - Progress is being logged to ../Analysis/TwoEpochContraction_50/log.log

2025-01-30 15:17:29,664 - INFO - Parsed the following arguments:
	syn_input_sfs = ../Analysis/TwoEpochContraction_50/syn_downsampled_sfs.txt
	mask_singletons = False
	mask_doubletons = False
	outprefix = ../Analysis/TwoEpochContraction_50/

2025-01-30 15:17:29,669 - INFO - Beginning demographic inference for two-epoch demographic model.
2025-01-30 15:17:29,673 - INFO - Beginning optimization with guess, [0.00768837 0.05577655].
2025-01-30 15:17:34,923 - INFO - Finished optimization with guess, [0.00768837 0.05577655].
2025-01-30 15:17:34,923 - INFO - Best fit parameters: [0.00906791 0.04715681].
2025-01-30 15:17:35,036 - INFO - Maximum log composite likelihood: -198.02084995246423.
2025-01-30 15:17:35,036 - INFO - Optimal value of theta: 757564.8359460924.
2025-01-30 15:17:35,036 - INFO - Beginning optimization with guess, [0.16816112 0.05732724].
2025-01-30 15:17:37,077 - INFO - Finished optimization with guess, [0.16816112 0.05732724].
2025-01-30 15:17:37,077 - INFO - Best fit parameters: [0.46153918 0.08620412].
2025-01-30 15:17:37,124 - INFO - Maximum log composite likelihood: -118.59593805839222.
2025-01-30 15:17:37,124 - INFO - Optimal value of theta: 12119.810066695354.
2025-01-30 15:17:37,124 - INFO - Beginning optimization with guess, [1.4387739 0.1262443].
2025-01-30 15:17:39,167 - INFO - Finished optimization with guess, [1.4387739 0.1262443].
2025-01-30 15:17:39,167 - INFO - Best fit parameters: [0.43409359 0.07289979].
2025-01-30 15:17:39,214 - INFO - Maximum log composite likelihood: -122.7196799774897.
2025-01-30 15:17:39,214 - INFO - Optimal value of theta: 12109.568419908057.
2025-01-30 15:17:39,214 - INFO - Beginning optimization with guess, [1.85316987 0.06122299].
2025-01-30 15:17:41,440 - INFO - Finished optimization with guess, [1.85316987 0.06122299].
2025-01-30 15:17:41,440 - INFO - Best fit parameters: [0.19209662 0.00521486].
2025-01-30 15:17:41,484 - INFO - Maximum log composite likelihood: -374.9942207413719.
2025-01-30 15:17:41,485 - INFO - Optimal value of theta: 10528.067913679673.
2025-01-30 15:17:41,485 - INFO - Beginning optimization with guess, [2.86028547 0.0911725 ].
2025-01-30 15:17:43,683 - INFO - Finished optimization with guess, [2.86028547 0.0911725 ].
2025-01-30 15:17:43,683 - INFO - Best fit parameters: [0.46219406 0.09066215].
2025-01-30 15:17:43,730 - INFO - Maximum log composite likelihood: -119.02034201056495.
2025-01-30 15:17:43,730 - INFO - Optimal value of theta: 12194.39366098258.
2025-01-30 15:17:43,730 - INFO - Beginning optimization with guess, [8.41576644 0.16949063].
2025-01-30 15:17:45,853 - INFO - Finished optimization with guess, [8.41576644 0.16949063].
2025-01-30 15:17:45,853 - INFO - Best fit parameters: [0.46461695 0.06844711].
2025-01-30 15:17:45,899 - INFO - Maximum log composite likelihood: -125.28877142386364.
2025-01-30 15:17:45,899 - INFO - Optimal value of theta: 11747.766863856856.
2025-01-30 15:17:45,899 - INFO - Beginning optimization with guess, [5.44717601 0.07546783].
2025-01-30 15:17:47,911 - INFO - Finished optimization with guess, [5.44717601 0.07546783].
2025-01-30 15:17:47,911 - INFO - Best fit parameters: [0.29231123 0.02026799].
2025-01-30 15:17:47,956 - INFO - Maximum log composite likelihood: -203.23843896331937.
2025-01-30 15:17:47,956 - INFO - Optimal value of theta: 11361.639673074174.
2025-01-30 15:17:47,957 - INFO - Beginning optimization with guess, [7.73449002 0.12949554].
2025-01-30 15:17:50,159 - INFO - Finished optimization with guess, [7.73449002 0.12949554].
2025-01-30 15:17:50,160 - INFO - Best fit parameters: [0.3878573  0.04769021].
2025-01-30 15:17:50,206 - INFO - Maximum log composite likelihood: -141.21640467931184.
2025-01-30 15:17:50,206 - INFO - Optimal value of theta: 11849.320748194874.
2025-01-30 15:17:50,207 - INFO - Beginning optimization with guess, [13.91981686  0.0572272 ].
2025-01-30 15:17:52,304 - INFO - Finished optimization with guess, [13.91981686  0.0572272 ].
2025-01-30 15:17:52,304 - INFO - Best fit parameters: [1.86098774e-07 5.99536977e-09].
2025-01-30 15:17:52,349 - INFO - Maximum log composite likelihood: -321.6398124352354.
2025-01-30 15:17:52,349 - INFO - Optimal value of theta: 10989.183272139479.
2025-01-30 15:17:52,349 - INFO - Beginning optimization with guess, [28.20278622  0.14290453].
2025-01-30 15:17:54,486 - INFO - Finished optimization with guess, [28.20278622  0.14290453].
2025-01-30 15:17:54,486 - INFO - Best fit parameters: [0.47295229 0.09717184].
2025-01-30 15:17:54,533 - INFO - Maximum log composite likelihood: -119.24801937563097.
2025-01-30 15:17:54,533 - INFO - Optimal value of theta: 12201.246797026433.
2025-01-30 15:17:54,534 - INFO - Beginning optimization with guess, [52.8762224   0.18714283].
2025-01-30 15:17:56,820 - INFO - Finished optimization with guess, [52.8762224   0.18714283].
2025-01-30 15:17:56,821 - INFO - Best fit parameters: [0.46525113 0.08775783].
2025-01-30 15:17:56,869 - INFO - Maximum log composite likelihood: -118.4888667489804.
2025-01-30 15:17:56,869 - INFO - Optimal value of theta: 12112.988801540472.
2025-01-30 15:17:56,870 - INFO - Beginning optimization with guess, [23.01896577  0.0569478 ].
2025-01-30 15:17:59,066 - INFO - Finished optimization with guess, [23.01896577  0.0569478 ].
2025-01-30 15:17:59,066 - INFO - Best fit parameters: [0.07988469 0.00277797].
2025-01-30 15:17:59,111 - INFO - Maximum log composite likelihood: -303.0868030808001.
2025-01-30 15:17:59,111 - INFO - Optimal value of theta: 10949.731932879704.
2025-01-30 15:17:59,111 - INFO - Beginning optimization with guess, [37.08929853  0.06396856].
2025-01-30 15:18:01,346 - INFO - Finished optimization with guess, [37.08929853  0.06396856].
2025-01-30 15:18:01,347 - INFO - Best fit parameters: [0.26901576 0.01541103].
2025-01-30 15:18:01,391 - INFO - Maximum log composite likelihood: -226.77858898507384.
2025-01-30 15:18:01,392 - INFO - Optimal value of theta: 11172.877625602207.
2025-01-30 15:18:01,392 - INFO - Beginning optimization with guess, [52.68849537  0.19866735].
2025-01-30 15:18:03,664 - INFO - Finished optimization with guess, [52.68849537  0.19866735].
2025-01-30 15:18:03,665 - INFO - Best fit parameters: [0.4686446  0.08859277].
2025-01-30 15:18:03,712 - INFO - Maximum log composite likelihood: -118.48534838257365.
2025-01-30 15:18:03,713 - INFO - Optimal value of theta: 12095.969216120207.
2025-01-30 15:18:03,713 - INFO - Beginning optimization with guess, [9.28513824e+01 5.65646998e-02].
2025-01-30 15:18:05,949 - INFO - Finished optimization with guess, [9.28513824e+01 5.65646998e-02].
2025-01-30 15:18:05,949 - INFO - Best fit parameters: [0.26862363 0.01746694].
2025-01-30 15:18:05,994 - INFO - Maximum log composite likelihood: -214.71002110289328.
2025-01-30 15:18:05,994 - INFO - Optimal value of theta: 11342.64514526698.
2025-01-30 15:18:05,994 - INFO - Beginning optimization with guess, [33.22860092  0.14049128].
2025-01-30 15:18:08,260 - INFO - Finished optimization with guess, [33.22860092  0.14049128].
2025-01-30 15:18:08,260 - INFO - Best fit parameters: [0.4518865  0.08354516].
2025-01-30 15:18:08,307 - INFO - Maximum log composite likelihood: -119.57919730027834.
2025-01-30 15:18:08,307 - INFO - Optimal value of theta: 12161.619042097665.
2025-01-30 15:18:08,308 - INFO - Beginning optimization with guess, [43.36785671  0.05519616].
2025-01-30 15:18:10,410 - INFO - Finished optimization with guess, [43.36785671  0.05519616].
2025-01-30 15:18:10,411 - INFO - Best fit parameters: [0.06781854 0.0022285 ].
2025-01-30 15:18:10,456 - INFO - Maximum log composite likelihood: -309.9054512370981.
2025-01-30 15:18:10,456 - INFO - Optimal value of theta: 10902.48992809154.
2025-01-30 15:18:10,456 - INFO - Beginning optimization with guess, [1.05532491e+02 9.48338781e-02].
2025-01-30 15:18:12,535 - INFO - Finished optimization with guess, [1.05532491e+02 9.48338781e-02].
2025-01-30 15:18:12,535 - INFO - Best fit parameters: [0.50444655 0.09362003].
2025-01-30 15:18:12,582 - INFO - Maximum log composite likelihood: -126.70754001883506.
2025-01-30 15:18:12,583 - INFO - Optimal value of theta: 11857.864580720698.
2025-01-30 15:18:12,583 - INFO - Beginning optimization with guess, [1.00424479e+02 7.07496650e-02].
2025-01-30 15:18:14,640 - INFO - Finished optimization with guess, [1.00424479e+02 7.07496650e-02].
2025-01-30 15:18:14,640 - INFO - Best fit parameters: [0.19340173 0.0078685 ].
2025-01-30 15:18:14,685 - INFO - Maximum log composite likelihood: -278.06609460240406.
2025-01-30 15:18:14,685 - INFO - Optimal value of theta: 10926.753331319167.
2025-01-30 15:18:14,685 - INFO - Beginning optimization with guess, [1.48105841e+02 6.57895261e-02].
2025-01-30 15:18:16,877 - INFO - Finished optimization with guess, [1.48105841e+02 6.57895261e-02].
2025-01-30 15:18:16,878 - INFO - Best fit parameters: [0.30201809 0.01437604].
2025-01-30 15:18:16,922 - INFO - Maximum log composite likelihood: -263.9628556503171.
2025-01-30 15:18:16,922 - INFO - Optimal value of theta: 10878.733914264909.
2025-01-30 15:18:16,923 - INFO - Beginning optimization with guess, [1.20563830e+02 9.88908804e-02].
2025-01-30 15:18:19,082 - INFO - Finished optimization with guess, [1.20563830e+02 9.88908804e-02].
2025-01-30 15:18:19,082 - INFO - Best fit parameters: [0.35766238 0.02468017].
2025-01-30 15:18:19,127 - INFO - Maximum log composite likelihood: -201.0998764855608.
2025-01-30 15:18:19,127 - INFO - Optimal value of theta: 11161.586604678065.
2025-01-30 15:18:19,127 - INFO - Beginning optimization with guess, [2.76101175e+02 1.21477456e-01].
2025-01-30 15:18:21,358 - INFO - Finished optimization with guess, [2.76101175e+02 1.21477456e-01].
2025-01-30 15:18:21,358 - INFO - Best fit parameters: [0.47106842 0.09349948].
2025-01-30 15:18:21,405 - INFO - Maximum log composite likelihood: -118.78552177659867.
2025-01-30 15:18:21,405 - INFO - Optimal value of theta: 12157.978763760757.
2025-01-30 15:18:21,405 - INFO - Beginning optimization with guess, [2.84343159e+02 5.04169018e-02].
2025-01-30 15:18:23,561 - INFO - Finished optimization with guess, [2.84343159e+02 5.04169018e-02].
2025-01-30 15:18:23,562 - INFO - Best fit parameters: [0.2157014 0.0085916].
2025-01-30 15:18:23,608 - INFO - Maximum log composite likelihood: -284.2996706123349.
2025-01-30 15:18:23,608 - INFO - Optimal value of theta: 10860.229665637218.
2025-01-30 15:18:23,609 - INFO - Beginning optimization with guess, [3.49525127e+02 1.58450613e-01].
2025-01-30 15:18:25,847 - INFO - Finished optimization with guess, [3.49525127e+02 1.58450613e-01].
2025-01-30 15:18:25,847 - INFO - Best fit parameters: [0.40887994 0.04388299].
2025-01-30 15:18:25,892 - INFO - Maximum log composite likelihood: -145.47715480598254.
2025-01-30 15:18:25,893 - INFO - Optimal value of theta: 11557.620093487763.
2025-01-30 15:18:25,893 - INFO - Beginning optimization with guess, [2.14267930e+02 6.62246194e-02].
2025-01-30 15:18:28,101 - INFO - Finished optimization with guess, [2.14267930e+02 6.62246194e-02].
2025-01-30 15:18:28,101 - INFO - Best fit parameters: [0.50744221 0.07985414].
2025-01-30 15:18:28,148 - INFO - Maximum log composite likelihood: -136.60148713117133.
2025-01-30 15:18:28,148 - INFO - Optimal value of theta: 11620.39483720459.
2025-01-30 15:18:28,151 - INFO - Beginning demographic inference for three-epoch demographic model.
2025-01-30 15:18:28,155 - INFO - Beginning optimization with guess, [0.01732488 0.00796112 0.13425552 0.18371823].
2025-01-30 15:18:37,965 - INFO - Finished optimization with guess, [0.01732488 0.00796112 0.13425552 0.18371823].
2025-01-30 15:18:37,965 - INFO - Best fit parameters: [0.03813355 0.03103927 0.07301144 0.06632046].
2025-01-30 15:18:38,065 - INFO - Maximum log composite likelihood: -199.86465961605472.
2025-01-30 15:18:38,065 - INFO - Optimal value of theta: 225297.93184744933.
2025-01-30 15:18:38,066 - INFO - Beginning optimization with guess, [0.12892664 0.05162812 0.08918097 0.13120664].
2025-01-30 15:18:42,766 - INFO - Finished optimization with guess, [0.12892664 0.05162812 0.08918097 0.13120664].
2025-01-30 15:18:42,766 - INFO - Best fit parameters: [0.1237883  0.04739576 0.08906173 0.13575058].
2025-01-30 15:18:42,858 - INFO - Maximum log composite likelihood: -198.02145385820086.
2025-01-30 15:18:42,858 - INFO - Optimal value of theta: 144892.60647543534.
2025-01-30 15:18:42,859 - INFO - Beginning optimization with guess, [0.37327268 0.40946867 0.1336001  0.06977379].
2025-01-30 15:18:45,042 - INFO - Finished optimization with guess, [0.37327268 0.40946867 0.1336001  0.06977379].
2025-01-30 15:18:45,043 - INFO - Best fit parameters: [0.60116951 0.45371223 0.08620535 0.04416576].
2025-01-30 15:18:45,091 - INFO - Maximum log composite likelihood: -120.20067501154654.
2025-01-30 15:18:45,091 - INFO - Optimal value of theta: 12211.101915602143.
2025-01-30 15:18:45,091 - INFO - Beginning optimization with guess, [1.4050432  1.21268928 0.05967725 0.06545992].
2025-01-30 15:18:47,233 - INFO - Finished optimization with guess, [1.4050432  1.21268928 0.05967725 0.06545992].
2025-01-30 15:18:47,233 - INFO - Best fit parameters: [1.89663204e+00 4.79802231e-01 7.38204659e-06 1.15250505e-01].
2025-01-30 15:18:47,281 - INFO - Maximum log composite likelihood: -123.71159262951414.
2025-01-30 15:18:47,281 - INFO - Optimal value of theta: 12412.335980834896.
2025-01-30 15:18:47,282 - INFO - Beginning optimization with guess, [3.77212501 5.16842071 0.05085993 0.19244165].
2025-01-30 15:18:49,435 - INFO - Finished optimization with guess, [3.77212501 5.16842071 0.05085993 0.19244165].
2025-01-30 15:18:49,435 - INFO - Best fit parameters: [4.79621325 0.40177104 0.02191309 0.06908189].
2025-01-30 15:18:49,483 - INFO - Maximum log composite likelihood: -135.08976150142917.
2025-01-30 15:18:49,483 - INFO - Optimal value of theta: 12045.818391080638.
2025-01-30 15:18:49,483 - INFO - Beginning optimization with guess, [9.12833841 8.22949635 0.13669844 0.10802921].
2025-01-30 15:18:51,751 - INFO - Finished optimization with guess, [9.12833841 8.22949635 0.13669844 0.10802921].
2025-01-30 15:18:51,751 - INFO - Best fit parameters: [9.16398479 0.31367152 0.02156864 0.03420826].
2025-01-30 15:18:51,797 - INFO - Maximum log composite likelihood: -189.50010869355538.
2025-01-30 15:18:51,798 - INFO - Optimal value of theta: 11558.77550656586.
2025-01-30 15:18:51,798 - INFO - Beginning optimization with guess, [5.06088412 6.06624087 0.13885602 0.14439065].
2025-01-30 15:18:53,824 - INFO - Finished optimization with guess, [5.06088412 6.06624087 0.13885602 0.14439065].
2025-01-30 15:18:53,824 - INFO - Best fit parameters: [5.54378406 0.30758042 0.02296281 0.02672252].
2025-01-30 15:18:53,870 - INFO - Maximum log composite likelihood: -217.1764120366297.
2025-01-30 15:18:53,871 - INFO - Optimal value of theta: 11184.399983582896.
2025-01-30 15:18:53,871 - INFO - Beginning optimization with guess, [13.1167005  13.63926575  0.07236373  0.14534137].
2025-01-30 15:18:55,900 - INFO - Finished optimization with guess, [13.1167005  13.63926575  0.07236373  0.14534137].
2025-01-30 15:18:55,900 - INFO - Best fit parameters: [1.40363708e+01 3.76015549e-01 9.25542981e-03 3.51384851e-02].
2025-01-30 15:18:55,946 - INFO - Maximum log composite likelihood: -179.4636105705872.
2025-01-30 15:18:55,947 - INFO - Optimal value of theta: 11291.620393376155.
2025-01-30 15:18:55,947 - INFO - Beginning optimization with guess, [11.41321913  4.96849232  0.06325289  0.18243541].
2025-01-30 15:18:58,148 - INFO - Finished optimization with guess, [11.41321913  4.96849232  0.06325289  0.18243541].
2025-01-30 15:18:58,148 - INFO - Best fit parameters: [17.7269566   0.40576142  0.03198018  0.05864091].
2025-01-30 15:18:58,195 - INFO - Maximum log composite likelihood: -151.70589697534888.
2025-01-30 15:18:58,195 - INFO - Optimal value of theta: 11472.775128526679.
2025-01-30 15:18:58,195 - INFO - Beginning optimization with guess, [18.71217194  8.21124237  0.13067723  0.05505724].
2025-01-30 15:19:00,202 - INFO - Finished optimization with guess, [18.71217194  8.21124237  0.13067723  0.05505724].
2025-01-30 15:19:00,202 - INFO - Best fit parameters: [0.08416015 0.38780258 0.00207031 0.01214641].
2025-01-30 15:19:00,248 - INFO - Maximum log composite likelihood: -209.17912242517787.
2025-01-30 15:19:00,249 - INFO - Optimal value of theta: 11107.071956126796.
2025-01-30 15:19:00,249 - INFO - Beginning optimization with guess, [11.80897823 23.15055829  0.13719198  0.19472636].
2025-01-30 15:19:02,273 - INFO - Finished optimization with guess, [11.80897823 23.15055829  0.13719198  0.19472636].
2025-01-30 15:19:02,274 - INFO - Best fit parameters: [12.31032319  0.37232124  0.0309316   0.062392  ].
2025-01-30 15:19:02,322 - INFO - Maximum log composite likelihood: -152.62758651315107.
2025-01-30 15:19:02,323 - INFO - Optimal value of theta: 11972.831361880299.
2025-01-30 15:19:02,323 - INFO - Beginning optimization with guess, [11.30216363 25.47460354  0.0659639   0.06597035].
2025-01-30 15:19:04,468 - INFO - Finished optimization with guess, [11.30216363 25.47460354  0.0659639   0.06597035].
2025-01-30 15:19:04,468 - INFO - Best fit parameters: [6.20800984e+00 1.30630728e-01 5.50656298e-03 5.73625509e-03].
2025-01-30 15:19:04,514 - INFO - Maximum log composite likelihood: -287.60345714024015.
2025-01-30 15:19:04,514 - INFO - Optimal value of theta: 10986.948543503338.
2025-01-30 15:19:04,514 - INFO - Beginning optimization with guess, [ 8.96917745 29.09136934  0.13614971  0.17560108].
2025-01-30 15:19:06,469 - INFO - Finished optimization with guess, [ 8.96917745 29.09136934  0.13614971  0.17560108].
2025-01-30 15:19:06,470 - INFO - Best fit parameters: [9.0757604  0.33445027 0.02947801 0.05029374].
2025-01-30 15:19:06,517 - INFO - Maximum log composite likelihood: -180.191702055527.
2025-01-30 15:19:06,517 - INFO - Optimal value of theta: 11983.76904715017.
2025-01-30 15:19:06,517 - INFO - Beginning optimization with guess, [34.03574509 18.49764683  0.07873985  0.05368084].
2025-01-30 15:19:08,564 - INFO - Finished optimization with guess, [34.03574509 18.49764683  0.07873985  0.05368084].
2025-01-30 15:19:08,564 - INFO - Best fit parameters: [3.52637501e+00 1.86449087e-02 2.27202268e-03 7.18507505e-04].
2025-01-30 15:19:08,609 - INFO - Maximum log composite likelihood: -319.0920568752872.
2025-01-30 15:19:08,610 - INFO - Optimal value of theta: 11135.154368602927.
2025-01-30 15:19:08,610 - INFO - Beginning optimization with guess, [36.32800108 31.4757498   0.12718888  0.1426848 ].
2025-01-30 15:19:10,606 - INFO - Finished optimization with guess, [36.32800108 31.4757498   0.12718888  0.1426848 ].
2025-01-30 15:19:10,606 - INFO - Best fit parameters: [3.87639224e+01 3.47322296e-01 2.78346979e-02 3.63050690e-02].
2025-01-30 15:19:10,657 - INFO - Maximum log composite likelihood: -204.20491616371555.
2025-01-30 15:19:10,658 - INFO - Optimal value of theta: 11174.072200580862.
2025-01-30 15:19:10,658 - INFO - Beginning optimization with guess, [15.33347302 33.48139157  0.13492956  0.06771057].
2025-01-30 15:19:12,901 - INFO - Finished optimization with guess, [15.33347302 33.48139157  0.13492956  0.06771057].
2025-01-30 15:19:12,902 - INFO - Best fit parameters: [2.09205893e-01 1.27975466e+01 2.27469911e-02 5.65131101e-03].
2025-01-30 15:19:12,952 - INFO - Maximum log composite likelihood: -134.78302421584112.
2025-01-30 15:19:12,952 - INFO - Optimal value of theta: 11991.528040914116.
2025-01-30 15:19:12,952 - INFO - Beginning optimization with guess, [14.84862155 22.25144131  0.09584509  0.09839638].
2025-01-30 15:19:15,196 - INFO - Finished optimization with guess, [14.84862155 22.25144131  0.09584509  0.09839638].
2025-01-30 15:19:15,197 - INFO - Best fit parameters: [7.57252774 0.20024461 0.01194369 0.01358916].
2025-01-30 15:19:15,243 - INFO - Maximum log composite likelihood: -251.372371412539.
2025-01-30 15:19:15,243 - INFO - Optimal value of theta: 11309.50580957837.
2025-01-30 15:19:15,243 - INFO - Beginning optimization with guess, [48.5621411  20.68936475  0.19506903  0.12482033].
2025-01-30 15:19:17,537 - INFO - Finished optimization with guess, [48.5621411  20.68936475  0.19506903  0.12482033].
2025-01-30 15:19:17,538 - INFO - Best fit parameters: [5.07095080e+01 3.26945169e-01 4.62905686e-02 4.69863653e-02].
2025-01-30 15:19:17,585 - INFO - Maximum log composite likelihood: -189.66626644714415.
2025-01-30 15:19:17,585 - INFO - Optimal value of theta: 11567.611740635151.
2025-01-30 15:19:17,585 - INFO - Beginning optimization with guess, [17.36482094 54.20526787  0.09733427  0.06101188].
2025-01-30 15:19:19,694 - INFO - Finished optimization with guess, [17.36482094 54.20526787  0.09733427  0.06101188].
2025-01-30 15:19:19,695 - INFO - Best fit parameters: [1.75773213e-01 1.87686429e+01 1.17215242e-02 4.26415736e-03].
2025-01-30 15:19:19,741 - INFO - Maximum log composite likelihood: -161.72634233774306.
2025-01-30 15:19:19,742 - INFO - Optimal value of theta: 11340.205121246956.
2025-01-30 15:19:19,742 - INFO - Beginning optimization with guess, [3.35980310e+01 7.08583409e+01 1.96220098e-01 5.85149773e-02].
2025-01-30 15:19:21,813 - INFO - Finished optimization with guess, [3.35980310e+01 7.08583409e+01 1.96220098e-01 5.85149773e-02].
2025-01-30 15:19:21,813 - INFO - Best fit parameters: [2.67249691e-01 8.14310050e+01 5.42253601e-02 6.08846197e-03].
2025-01-30 15:19:21,861 - INFO - Maximum log composite likelihood: -229.01518487995236.
2025-01-30 15:19:21,861 - INFO - Optimal value of theta: 13004.631465292574.
2025-01-30 15:19:21,861 - INFO - Beginning optimization with guess, [7.06506157e+01 6.22003357e+01 1.95262049e-01 6.08482752e-02].
2025-01-30 15:19:23,897 - INFO - Finished optimization with guess, [7.06506157e+01 6.22003357e+01 1.95262049e-01 6.08482752e-02].
2025-01-30 15:19:23,897 - INFO - Best fit parameters: [2.77340720e-01 6.63230761e+01 6.31141487e-02 7.54175176e-03].
2025-01-30 15:19:23,945 - INFO - Maximum log composite likelihood: -283.7564919918045.
2025-01-30 15:19:23,945 - INFO - Optimal value of theta: 13083.971690483686.
2025-01-30 15:19:23,945 - INFO - Beginning optimization with guess, [9.94268725e+01 4.16873794e+01 1.26633281e-01 6.71530249e-02].
2025-01-30 15:19:26,050 - INFO - Finished optimization with guess, [9.94268725e+01 4.16873794e+01 1.26633281e-01 6.71530249e-02].
2025-01-30 15:19:26,051 - INFO - Best fit parameters: [9.92884928e+00 6.20072092e-02 1.36658939e-02 3.32409252e-03].
2025-01-30 15:19:26,098 - INFO - Maximum log composite likelihood: -316.602762219311.
2025-01-30 15:19:26,098 - INFO - Optimal value of theta: 11207.770206420193.
2025-01-30 15:19:26,099 - INFO - Beginning optimization with guess, [6.82001914e+01 8.19282337e+01 1.13427514e-01 5.82646849e-02].
2025-01-30 15:19:28,259 - INFO - Finished optimization with guess, [6.82001914e+01 8.19282337e+01 1.13427514e-01 5.82646849e-02].
2025-01-30 15:19:28,259 - INFO - Best fit parameters: [1.87004531e-01 1.03531682e+01 1.55441351e-02 4.42040698e-03].
2025-01-30 15:19:28,305 - INFO - Maximum log composite likelihood: -144.25572267148027.
2025-01-30 15:19:28,305 - INFO - Optimal value of theta: 11671.09648493274.
2025-01-30 15:19:28,305 - INFO - Beginning optimization with guess, [1.19020475e+02 1.35754401e+02 1.37244333e-01 5.36518633e-02].
2025-01-30 15:19:30,363 - INFO - Finished optimization with guess, [1.19020475e+02 1.35754401e+02 1.37244333e-01 5.36518633e-02].
2025-01-30 15:19:30,363 - INFO - Best fit parameters: [1.32474311e+01 4.88767823e-02 1.08007872e-02 1.97633177e-03].
2025-01-30 15:19:30,409 - INFO - Maximum log composite likelihood: -325.59374977527614.
2025-01-30 15:19:30,409 - INFO - Optimal value of theta: 10843.764275389267.
2025-01-30 15:19:30,409 - INFO - Beginning optimization with guess, [6.76187526e+01 1.50184735e+02 1.24437021e-01 6.15675822e-02].
2025-01-30 15:19:32,596 - INFO - Finished optimization with guess, [6.76187526e+01 1.50184735e+02 1.24437021e-01 6.15675822e-02].
2025-01-30 15:19:32,597 - INFO - Best fit parameters: [2.34546398e-01 5.27044395e+01 2.49699467e-02 6.89965226e-03].
2025-01-30 15:19:32,644 - INFO - Maximum log composite likelihood: -140.49546559083137.
2025-01-30 15:19:32,644 - INFO - Optimal value of theta: 11722.64766065772.
2025-01-30 15:19:32,648 - INFO - Finished demographic inference.
2025-01-30 15:19:32,648 - INFO - Pipeline executed succesfully.
