2024-03-14 21:36:27,301 - INFO - Beginning execution of fit_demographic_model.py in directory /u/project/kirk/jonmah/sample_size_demography/Scripts

2024-03-14 21:36:27,301 - INFO - Progress is being logged to ../Analysis/ThreeEpochExpansion_110/log.log

2024-03-14 21:36:27,301 - INFO - Parsed the following arguments:
	syn_input_sfs = ../Analysis/ThreeEpochExpansion_110/syn_downsampled_sfs.txt
	mask_singletons = False
	mask_doubletons = False
	outprefix = ../Analysis/ThreeEpochExpansion_110/

2024-03-14 21:36:27,303 - INFO - Beginning demographic inference for one-epoch demographic model.
2024-03-14 21:36:27,304 - INFO - Beginning optimization with guess, [0.1111929].
2024-03-14 21:37:22,916 - INFO - Finished optimization with guess, [0.1111929].
2024-03-14 21:37:22,926 - INFO - Best fit parameters: [0.1111929].
2024-03-14 21:37:24,387 - INFO - Maximum log composite likelihood: -3340.4828355780164.
2024-03-14 21:37:24,387 - INFO - Optimal value of theta: 15536.602162256637.
2024-03-14 21:37:24,410 - INFO - Beginning optimization with guess, [0.34186662].
2024-03-14 21:38:04,694 - INFO - Finished optimization with guess, [0.34186662].
2024-03-14 21:38:04,703 - INFO - Best fit parameters: [0.34186662].
2024-03-14 21:38:05,704 - INFO - Maximum log composite likelihood: -3340.4828355780164.
2024-03-14 21:38:05,704 - INFO - Optimal value of theta: 15536.602162256637.
2024-03-14 21:38:05,718 - INFO - Beginning optimization with guess, [0.57112851].
2024-03-14 21:38:41,822 - INFO - Finished optimization with guess, [0.57112851].
2024-03-14 21:38:41,834 - INFO - Best fit parameters: [0.57112851].
2024-03-14 21:38:43,066 - INFO - Maximum log composite likelihood: -3340.4828355780164.
2024-03-14 21:38:43,066 - INFO - Optimal value of theta: 15536.602162256637.
2024-03-14 21:38:43,066 - INFO - Beginning optimization with guess, [0.39805961].
2024-03-14 21:39:05,318 - INFO - Finished optimization with guess, [0.39805961].
2024-03-14 21:39:05,330 - INFO - Best fit parameters: [0.39805961].
2024-03-14 21:39:06,033 - INFO - Maximum log composite likelihood: -3340.4828355780164.
2024-03-14 21:39:06,033 - INFO - Optimal value of theta: 15536.602162256637.
2024-03-14 21:39:06,034 - INFO - Beginning optimization with guess, [0.34562421].
2024-03-14 21:39:42,920 - INFO - Finished optimization with guess, [0.34562421].
2024-03-14 21:39:42,922 - INFO - Best fit parameters: [0.34562421].
2024-03-14 21:39:44,225 - INFO - Maximum log composite likelihood: -3340.4828355780164.
2024-03-14 21:39:44,225 - INFO - Optimal value of theta: 15536.602162256637.
2024-03-14 21:39:44,229 - INFO - Beginning optimization with guess, [0.59527072].
2024-03-14 21:40:22,730 - INFO - Finished optimization with guess, [0.59527072].
2024-03-14 21:40:22,738 - INFO - Best fit parameters: [0.59527072].
2024-03-14 21:40:24,348 - INFO - Maximum log composite likelihood: -3340.4828355780164.
2024-03-14 21:40:24,349 - INFO - Optimal value of theta: 15536.602162256637.
2024-03-14 21:40:24,349 - INFO - Beginning optimization with guess, [0.38287181].
2024-03-14 21:41:02,308 - INFO - Finished optimization with guess, [0.38287181].
2024-03-14 21:41:02,318 - INFO - Best fit parameters: [0.38287181].
2024-03-14 21:41:03,866 - INFO - Maximum log composite likelihood: -3340.4828355780164.
2024-03-14 21:41:03,866 - INFO - Optimal value of theta: 15536.602162256637.
2024-03-14 21:41:03,866 - INFO - Beginning optimization with guess, [0.94469307].
2024-03-14 21:41:27,293 - INFO - Finished optimization with guess, [0.94469307].
2024-03-14 21:41:27,302 - INFO - Best fit parameters: [0.94469307].
2024-03-14 21:41:28,937 - INFO - Maximum log composite likelihood: -3340.4828355780164.
2024-03-14 21:41:28,937 - INFO - Optimal value of theta: 15536.602162256637.
2024-03-14 21:41:28,938 - INFO - Beginning optimization with guess, [1.26410514].
2024-03-14 21:42:00,967 - INFO - Finished optimization with guess, [1.26410514].
2024-03-14 21:42:00,973 - INFO - Best fit parameters: [1.26410514].
2024-03-14 21:42:02,497 - INFO - Maximum log composite likelihood: -3340.4828355780164.
2024-03-14 21:42:02,497 - INFO - Optimal value of theta: 15536.602162256637.
2024-03-14 21:42:02,497 - INFO - Beginning optimization with guess, [0.86549947].
2024-03-14 21:42:35,023 - INFO - Finished optimization with guess, [0.86549947].
2024-03-14 21:42:35,044 - INFO - Best fit parameters: [0.86549947].
2024-03-14 21:42:36,411 - INFO - Maximum log composite likelihood: -3340.4828355780164.
2024-03-14 21:42:36,411 - INFO - Optimal value of theta: 15536.602162256637.
2024-03-14 21:42:36,411 - INFO - Beginning optimization with guess, [2.32537689].
2024-03-14 21:43:18,459 - INFO - Finished optimization with guess, [2.32537689].
2024-03-14 21:43:18,468 - INFO - Best fit parameters: [2.32537689].
2024-03-14 21:43:19,620 - INFO - Maximum log composite likelihood: -3340.4828355780164.
2024-03-14 21:43:19,620 - INFO - Optimal value of theta: 15536.602162256637.
2024-03-14 21:43:19,620 - INFO - Beginning optimization with guess, [2.31991945].
2024-03-14 21:43:58,397 - INFO - Finished optimization with guess, [2.31991945].
2024-03-14 21:43:58,407 - INFO - Best fit parameters: [2.31991945].
2024-03-14 21:43:59,549 - INFO - Maximum log composite likelihood: -3340.4828355780164.
2024-03-14 21:43:59,559 - INFO - Optimal value of theta: 15536.602162256637.
2024-03-14 21:43:59,559 - INFO - Beginning optimization with guess, [2.10662814].
2024-03-14 21:44:21,212 - INFO - Finished optimization with guess, [2.10662814].
2024-03-14 21:44:21,218 - INFO - Best fit parameters: [2.10662814].
2024-03-14 21:44:22,157 - INFO - Maximum log composite likelihood: -3340.4828355780164.
2024-03-14 21:44:22,157 - INFO - Optimal value of theta: 15536.602162256637.
2024-03-14 21:44:22,157 - INFO - Beginning optimization with guess, [1.18113662].
2024-03-14 21:44:35,606 - INFO - Finished optimization with guess, [1.18113662].
2024-03-14 21:44:35,620 - INFO - Best fit parameters: [1.18113662].
2024-03-14 21:44:36,303 - INFO - Maximum log composite likelihood: -3340.4828355780164.
2024-03-14 21:44:36,303 - INFO - Optimal value of theta: 15536.602162256637.
2024-03-14 21:44:36,303 - INFO - Beginning optimization with guess, [1.61761232].
2024-03-14 21:44:49,430 - INFO - Finished optimization with guess, [1.61761232].
2024-03-14 21:44:49,431 - INFO - Best fit parameters: [1.61761232].
2024-03-14 21:44:49,772 - INFO - Maximum log composite likelihood: -3340.4828355780164.
2024-03-14 21:44:49,772 - INFO - Optimal value of theta: 15536.602162256637.
2024-03-14 21:44:49,772 - INFO - Beginning optimization with guess, [4.03690691].
2024-03-14 21:45:07,566 - INFO - Finished optimization with guess, [4.03690691].
2024-03-14 21:45:07,570 - INFO - Best fit parameters: [4.03690691].
2024-03-14 21:45:08,275 - INFO - Maximum log composite likelihood: -3340.4828355780164.
2024-03-14 21:45:08,276 - INFO - Optimal value of theta: 15536.602162256637.
2024-03-14 21:45:08,276 - INFO - Beginning optimization with guess, [3.94876183].
2024-03-14 21:45:25,680 - INFO - Finished optimization with guess, [3.94876183].
2024-03-14 21:45:25,690 - INFO - Best fit parameters: [3.94876183].
2024-03-14 21:45:26,388 - INFO - Maximum log composite likelihood: -3340.4828355780164.
2024-03-14 21:45:26,389 - INFO - Optimal value of theta: 15536.602162256637.
2024-03-14 21:45:26,389 - INFO - Beginning optimization with guess, [3.42377418].
2024-03-14 21:45:53,575 - INFO - Finished optimization with guess, [3.42377418].
2024-03-14 21:45:53,579 - INFO - Best fit parameters: [3.42377418].
2024-03-14 21:45:55,144 - INFO - Maximum log composite likelihood: -3340.4828355780164.
2024-03-14 21:45:55,144 - INFO - Optimal value of theta: 15536.602162256637.
2024-03-14 21:45:55,144 - INFO - Beginning optimization with guess, [5.6466218].
2024-03-14 21:46:42,126 - INFO - Finished optimization with guess, [5.6466218].
2024-03-14 21:46:42,149 - INFO - Best fit parameters: [5.6466218].
2024-03-14 21:46:44,664 - INFO - Maximum log composite likelihood: -3340.4828355780164.
2024-03-14 21:46:44,664 - INFO - Optimal value of theta: 15536.602162256637.
2024-03-14 21:46:44,679 - INFO - Beginning optimization with guess, [2.76704182].
2024-03-14 21:47:24,501 - INFO - Finished optimization with guess, [2.76704182].
2024-03-14 21:47:24,506 - INFO - Best fit parameters: [2.76704182].
2024-03-14 21:47:25,732 - INFO - Maximum log composite likelihood: -3340.4828355780164.
2024-03-14 21:47:25,732 - INFO - Optimal value of theta: 15536.602162256637.
2024-03-14 21:47:25,732 - INFO - Beginning optimization with guess, [2.96237566].
2024-03-14 21:48:09,607 - INFO - Finished optimization with guess, [2.96237566].
2024-03-14 21:48:09,609 - INFO - Best fit parameters: [2.96237566].
2024-03-14 21:48:11,038 - INFO - Maximum log composite likelihood: -3340.4828355780164.
2024-03-14 21:48:11,038 - INFO - Optimal value of theta: 15536.602162256637.
2024-03-14 21:48:11,038 - INFO - Beginning optimization with guess, [5.68924149].
2024-03-14 21:48:55,655 - INFO - Finished optimization with guess, [5.68924149].
2024-03-14 21:48:55,684 - INFO - Best fit parameters: [5.68924149].
2024-03-14 21:48:57,285 - INFO - Maximum log composite likelihood: -3340.4828355780164.
2024-03-14 21:48:57,285 - INFO - Optimal value of theta: 15536.602162256637.
2024-03-14 21:48:57,286 - INFO - Beginning optimization with guess, [3.07317579].
2024-03-14 21:49:36,982 - INFO - Finished optimization with guess, [3.07317579].
2024-03-14 21:49:36,992 - INFO - Best fit parameters: [3.07317579].
2024-03-14 21:49:38,515 - INFO - Maximum log composite likelihood: -3340.4828355780164.
2024-03-14 21:49:38,515 - INFO - Optimal value of theta: 15536.602162256637.
2024-03-14 21:49:38,516 - INFO - Beginning optimization with guess, [6.41248548].
2024-03-14 21:50:23,913 - INFO - Finished optimization with guess, [6.41248548].
2024-03-14 21:50:23,929 - INFO - Best fit parameters: [6.41248548].
2024-03-14 21:50:25,505 - INFO - Maximum log composite likelihood: -3340.4828355780164.
2024-03-14 21:50:25,505 - INFO - Optimal value of theta: 15536.602162256637.
2024-03-14 21:50:25,506 - INFO - Beginning optimization with guess, [13.52659457].
2024-03-14 21:50:59,258 - INFO - Finished optimization with guess, [13.52659457].
2024-03-14 21:50:59,260 - INFO - Best fit parameters: [13.52659457].
2024-03-14 21:50:59,929 - INFO - Maximum log composite likelihood: -3340.4828355780164.
2024-03-14 21:50:59,929 - INFO - Optimal value of theta: 15536.602162256637.
2024-03-14 21:50:59,932 - INFO - Finished demographic inference.
2024-03-14 21:50:59,932 - INFO - Pipeline executed succesfully.
