2025-07-31 21:11:08,445 - INFO - Beginning execution of fit_demographic_model.py in directory /u/project/kirk/jonmah/sample_size_demography/Scripts

2025-07-31 21:11:08,445 - INFO - Progress is being logged to ../Analysis/dadi_3EpB_170/log.log

2025-07-31 21:11:08,445 - INFO - Parsed the following arguments:
	syn_input_sfs = ../Simulations/dadi_simulations/ThreeEpochBottleneck_170.sfs
	mask_singletons = False
	mask_doubletons = False
	L_syn = 100000000.0
	outprefix = ../Analysis/dadi_3EpB_170/

2025-07-31 21:11:08,474 - INFO - Beginning demographic inference for one-epoch demographic model.
2025-07-31 21:11:08,476 - INFO - Beginning optimization with guess, [0.1].
2025-07-31 21:11:13,059 - INFO - Finished optimization with guess, [0.1].
2025-07-31 21:11:13,060 - INFO - Best fit parameters: [0.1].
2025-07-31 21:11:13,191 - INFO - Maximum log composite likelihood: -19045.633584982854.
2025-07-31 21:11:13,191 - INFO - Optimal value of theta: 25069.716601500506.
2025-07-31 21:11:13,191 - INFO - Beginning optimization with guess, [0.2].
2025-07-31 21:11:17,378 - INFO - Finished optimization with guess, [0.2].
2025-07-31 21:11:17,379 - INFO - Best fit parameters: [0.2].
2025-07-31 21:11:17,510 - INFO - Maximum log composite likelihood: -19045.633584982854.
2025-07-31 21:11:17,510 - INFO - Optimal value of theta: 25069.716601500506.
2025-07-31 21:11:17,510 - INFO - Beginning optimization with guess, [0.3].
2025-07-31 21:11:21,697 - INFO - Finished optimization with guess, [0.3].
2025-07-31 21:11:21,697 - INFO - Best fit parameters: [0.3].
2025-07-31 21:11:21,828 - INFO - Maximum log composite likelihood: -19045.633584982854.
2025-07-31 21:11:21,828 - INFO - Optimal value of theta: 25069.716601500506.
2025-07-31 21:11:21,828 - INFO - Beginning optimization with guess, [0.4].
2025-07-31 21:11:25,620 - INFO - Finished optimization with guess, [0.4].
2025-07-31 21:11:25,621 - INFO - Best fit parameters: [0.4].
2025-07-31 21:11:25,752 - INFO - Maximum log composite likelihood: -19045.633584982854.
2025-07-31 21:11:25,752 - INFO - Optimal value of theta: 25069.716601500506.
2025-07-31 21:11:25,752 - INFO - Beginning optimization with guess, [0.5].
2025-07-31 21:11:29,547 - INFO - Finished optimization with guess, [0.5].
2025-07-31 21:11:29,547 - INFO - Best fit parameters: [0.5].
2025-07-31 21:11:29,678 - INFO - Maximum log composite likelihood: -19045.633584982854.
2025-07-31 21:11:29,678 - INFO - Optimal value of theta: 25069.716601500506.
2025-07-31 21:11:29,678 - INFO - Beginning optimization with guess, [0.6].
2025-07-31 21:11:33,078 - INFO - Finished optimization with guess, [0.6].
2025-07-31 21:11:33,078 - INFO - Best fit parameters: [0.6].
2025-07-31 21:11:33,209 - INFO - Maximum log composite likelihood: -19045.633584982854.
2025-07-31 21:11:33,209 - INFO - Optimal value of theta: 25069.716601500506.
2025-07-31 21:11:33,209 - INFO - Beginning optimization with guess, [0.7].
2025-07-31 21:11:36,610 - INFO - Finished optimization with guess, [0.7].
2025-07-31 21:11:36,611 - INFO - Best fit parameters: [0.7].
2025-07-31 21:11:36,742 - INFO - Maximum log composite likelihood: -19045.633584982854.
2025-07-31 21:11:36,742 - INFO - Optimal value of theta: 25069.716601500506.
2025-07-31 21:11:36,742 - INFO - Beginning optimization with guess, [0.8].
2025-07-31 21:11:39,751 - INFO - Finished optimization with guess, [0.8].
2025-07-31 21:11:39,751 - INFO - Best fit parameters: [0.8].
2025-07-31 21:11:39,882 - INFO - Maximum log composite likelihood: -19045.633584982854.
2025-07-31 21:11:39,882 - INFO - Optimal value of theta: 25069.716601500506.
2025-07-31 21:11:39,882 - INFO - Beginning optimization with guess, [0.9].
2025-07-31 21:11:42,501 - INFO - Finished optimization with guess, [0.9].
2025-07-31 21:11:42,502 - INFO - Best fit parameters: [0.9].
2025-07-31 21:11:42,633 - INFO - Maximum log composite likelihood: -19045.633584982854.
2025-07-31 21:11:42,633 - INFO - Optimal value of theta: 25069.716601500506.
2025-07-31 21:11:42,633 - INFO - Beginning optimization with guess, [1].
2025-07-31 21:11:43,680 - INFO - Finished optimization with guess, [1].
2025-07-31 21:11:43,680 - INFO - Best fit parameters: [1.].
2025-07-31 21:11:43,811 - INFO - Maximum log composite likelihood: -19045.633584982854.
2025-07-31 21:11:43,811 - INFO - Optimal value of theta: 25069.716601500506.
2025-07-31 21:11:43,811 - INFO - Beginning optimization with guess, [1.25].
2025-07-31 21:11:46,819 - INFO - Finished optimization with guess, [1.25].
2025-07-31 21:11:46,819 - INFO - Best fit parameters: [1.25].
2025-07-31 21:11:46,949 - INFO - Maximum log composite likelihood: -19045.633584982854.
2025-07-31 21:11:46,950 - INFO - Optimal value of theta: 25069.716601500506.
2025-07-31 21:11:46,950 - INFO - Beginning optimization with guess, [1.5].
2025-07-31 21:11:50,349 - INFO - Finished optimization with guess, [1.5].
2025-07-31 21:11:50,351 - INFO - Best fit parameters: [1.5].
2025-07-31 21:11:50,481 - INFO - Maximum log composite likelihood: -19045.633584982854.
2025-07-31 21:11:50,482 - INFO - Optimal value of theta: 25069.716601500506.
2025-07-31 21:11:50,482 - INFO - Beginning optimization with guess, [1.75].
2025-07-31 21:11:54,273 - INFO - Finished optimization with guess, [1.75].
2025-07-31 21:11:54,273 - INFO - Best fit parameters: [1.75].
2025-07-31 21:11:54,404 - INFO - Maximum log composite likelihood: -19045.633584982854.
2025-07-31 21:11:54,404 - INFO - Optimal value of theta: 25069.716601500506.
2025-07-31 21:11:54,404 - INFO - Beginning optimization with guess, [2].
2025-07-31 21:11:58,197 - INFO - Finished optimization with guess, [2].
2025-07-31 21:11:58,197 - INFO - Best fit parameters: [2.].
2025-07-31 21:11:58,328 - INFO - Maximum log composite likelihood: -19045.633584982854.
2025-07-31 21:11:58,328 - INFO - Optimal value of theta: 25069.716601500506.
2025-07-31 21:11:58,328 - INFO - Beginning optimization with guess, [2.25].
2025-07-31 21:12:02,125 - INFO - Finished optimization with guess, [2.25].
2025-07-31 21:12:02,125 - INFO - Best fit parameters: [2.25].
2025-07-31 21:12:02,256 - INFO - Maximum log composite likelihood: -19045.633584982854.
2025-07-31 21:12:02,256 - INFO - Optimal value of theta: 25069.716601500506.
2025-07-31 21:12:02,256 - INFO - Beginning optimization with guess, [2.5].
2025-07-31 21:12:06,047 - INFO - Finished optimization with guess, [2.5].
2025-07-31 21:12:06,048 - INFO - Best fit parameters: [2.5].
2025-07-31 21:12:06,179 - INFO - Maximum log composite likelihood: -19045.633584982854.
2025-07-31 21:12:06,179 - INFO - Optimal value of theta: 25069.716601500506.
2025-07-31 21:12:06,179 - INFO - Beginning optimization with guess, [2.75].
2025-07-31 21:12:09,971 - INFO - Finished optimization with guess, [2.75].
2025-07-31 21:12:09,971 - INFO - Best fit parameters: [2.75].
2025-07-31 21:12:10,102 - INFO - Maximum log composite likelihood: -19045.633584982854.
2025-07-31 21:12:10,102 - INFO - Optimal value of theta: 25069.716601500506.
2025-07-31 21:12:10,102 - INFO - Beginning optimization with guess, [3].
2025-07-31 21:12:14,286 - INFO - Finished optimization with guess, [3].
2025-07-31 21:12:14,287 - INFO - Best fit parameters: [3.].
2025-07-31 21:12:14,418 - INFO - Maximum log composite likelihood: -19045.633584982854.
2025-07-31 21:12:14,418 - INFO - Optimal value of theta: 25069.716601500506.
2025-07-31 21:12:14,418 - INFO - Beginning optimization with guess, [3.33].
2025-07-31 21:12:18,601 - INFO - Finished optimization with guess, [3.33].
2025-07-31 21:12:18,602 - INFO - Best fit parameters: [3.33].
2025-07-31 21:12:18,734 - INFO - Maximum log composite likelihood: -19045.633584982854.
2025-07-31 21:12:18,734 - INFO - Optimal value of theta: 25069.716601500506.
2025-07-31 21:12:18,734 - INFO - Beginning optimization with guess, [3.66].
2025-07-31 21:12:22,917 - INFO - Finished optimization with guess, [3.66].
2025-07-31 21:12:22,917 - INFO - Best fit parameters: [3.66].
2025-07-31 21:12:23,048 - INFO - Maximum log composite likelihood: -19045.633584982854.
2025-07-31 21:12:23,048 - INFO - Optimal value of theta: 25069.716601500506.
2025-07-31 21:12:23,048 - INFO - Beginning optimization with guess, [4].
2025-07-31 21:12:27,232 - INFO - Finished optimization with guess, [4].
2025-07-31 21:12:27,233 - INFO - Best fit parameters: [4.].
2025-07-31 21:12:27,364 - INFO - Maximum log composite likelihood: -19045.633584982854.
2025-07-31 21:12:27,364 - INFO - Optimal value of theta: 25069.716601500506.
2025-07-31 21:12:27,364 - INFO - Beginning optimization with guess, [5].
2025-07-31 21:12:31,549 - INFO - Finished optimization with guess, [5].
2025-07-31 21:12:31,549 - INFO - Best fit parameters: [5.].
2025-07-31 21:12:31,680 - INFO - Maximum log composite likelihood: -19045.633584982854.
2025-07-31 21:12:31,680 - INFO - Optimal value of theta: 25069.716601500506.
2025-07-31 21:12:31,680 - INFO - Beginning optimization with guess, [6].
2025-07-31 21:12:35,864 - INFO - Finished optimization with guess, [6].
2025-07-31 21:12:35,865 - INFO - Best fit parameters: [6.].
2025-07-31 21:12:35,996 - INFO - Maximum log composite likelihood: -19045.633584982854.
2025-07-31 21:12:35,996 - INFO - Optimal value of theta: 25069.716601500506.
2025-07-31 21:12:35,996 - INFO - Beginning optimization with guess, [7].
2025-07-31 21:12:40,179 - INFO - Finished optimization with guess, [7].
2025-07-31 21:12:40,180 - INFO - Best fit parameters: [7.].
2025-07-31 21:12:40,311 - INFO - Maximum log composite likelihood: -19045.633584982854.
2025-07-31 21:12:40,311 - INFO - Optimal value of theta: 25069.716601500506.
2025-07-31 21:12:40,311 - INFO - Beginning optimization with guess, [8].
2025-07-31 21:12:44,886 - INFO - Finished optimization with guess, [8].
2025-07-31 21:12:44,886 - INFO - Best fit parameters: [8.].
2025-07-31 21:12:45,017 - INFO - Maximum log composite likelihood: -19045.633584982854.
2025-07-31 21:12:45,017 - INFO - Optimal value of theta: 25069.716601500506.
2025-07-31 21:12:45,019 - INFO - Converting and interpreting Tau estimates.
2025-07-31 21:12:45,020 - INFO - Beginning demographic inference for three-epoch demographic model.
2025-07-31 21:12:45,023 - INFO - Beginning optimization with guess, [0.01, 0.01, 0.1, 0.1].
2025-07-31 21:12:54,382 - INFO - Finished optimization with guess, [0.01, 0.01, 0.1, 0.1].
2025-07-31 21:12:54,383 - INFO - Best fit parameters: [0.03638419 0.01629124 0.07310306 0.05679914].
2025-07-31 21:12:54,560 - INFO - Maximum log composite likelihood: -17832.40608523534.
2025-07-31 21:12:54,560 - INFO - Optimal value of theta: 1341407.7095221155.
2025-07-31 21:12:54,560 - INFO - Beginning optimization with guess, [0.1, 0.1, 0.1, 0.1].
2025-07-31 21:13:02,067 - INFO - Finished optimization with guess, [0.1, 0.1, 0.1, 0.1].
2025-07-31 21:13:02,067 - INFO - Best fit parameters: [0.06693745 0.08273304 0.12764962 0.13841831].
2025-07-31 21:13:02,229 - INFO - Maximum log composite likelihood: -17831.924944048238.
2025-07-31 21:13:02,229 - INFO - Optimal value of theta: 264477.0168276431.
2025-07-31 21:13:02,229 - INFO - Beginning optimization with guess, [0.5, 0.5, 0.1, 0.1].
2025-07-31 21:13:08,205 - INFO - Finished optimization with guess, [0.5, 0.5, 0.1, 0.1].
2025-07-31 21:13:08,205 - INFO - Best fit parameters: [0.12942188 8.26564551 0.08124007 0.01145174].
2025-07-31 21:13:08,342 - INFO - Maximum log composite likelihood: -465.2105055386105.
2025-07-31 21:13:08,342 - INFO - Optimal value of theta: 47633.83480474416.
2025-07-31 21:13:08,342 - INFO - Beginning optimization with guess, [1, 1, 0.1, 0.1].
2025-07-31 21:13:14,178 - INFO - Finished optimization with guess, [1, 1, 0.1, 0.1].
2025-07-31 21:13:14,179 - INFO - Best fit parameters: [0.97957585 1.01206629 0.02571965 0.02560124].
2025-07-31 21:13:14,312 - INFO - Maximum log composite likelihood: -18908.19725836177.
2025-07-31 21:13:14,312 - INFO - Optimal value of theta: 25059.85533620577.
2025-07-31 21:13:14,312 - INFO - Beginning optimization with guess, [3, 3, 0.1, 0.1].
2025-07-31 21:13:19,987 - INFO - Finished optimization with guess, [3, 3, 0.1, 0.1].
2025-07-31 21:13:19,987 - INFO - Best fit parameters: [0.78371261 2.659545   0.00450454 0.01990495].
2025-07-31 21:13:20,119 - INFO - Maximum log composite likelihood: -14026.937131169541.
2025-07-31 21:13:20,119 - INFO - Optimal value of theta: 22308.4207350693.
2025-07-31 21:13:20,119 - INFO - Beginning optimization with guess, [5, 5, 0.1, 0.1].
2025-07-31 21:13:25,921 - INFO - Finished optimization with guess, [5, 5, 0.1, 0.1].
2025-07-31 21:13:25,922 - INFO - Best fit parameters: [0.9236798  4.87087027 0.00887057 0.02332359].
2025-07-31 21:13:26,053 - INFO - Maximum log composite likelihood: -12853.067641469384.
2025-07-31 21:13:26,053 - INFO - Optimal value of theta: 20742.20285049845.
2025-07-31 21:13:26,053 - INFO - Beginning optimization with guess, [7, 7, 0.1, 0.1].
2025-07-31 21:13:31,725 - INFO - Finished optimization with guess, [7, 7, 0.1, 0.1].
2025-07-31 21:13:31,725 - INFO - Best fit parameters: [1.70820548 5.25169687 0.01389366 0.00980154].
2025-07-31 21:13:31,857 - INFO - Maximum log composite likelihood: -13066.464188698352.
2025-07-31 21:13:31,857 - INFO - Optimal value of theta: 21637.810686154582.
2025-07-31 21:13:31,857 - INFO - Beginning optimization with guess, [8, 8, 0.1, 0.1].
2025-07-31 21:13:37,658 - INFO - Finished optimization with guess, [8, 8, 0.1, 0.1].
2025-07-31 21:13:37,659 - INFO - Best fit parameters: [1.99903148 4.99979828 0.01011932 0.01516065].
2025-07-31 21:13:37,790 - INFO - Maximum log composite likelihood: -12986.40034707011.
2025-07-31 21:13:37,790 - INFO - Optimal value of theta: 20927.310240453477.
2025-07-31 21:13:37,790 - INFO - Beginning optimization with guess, [9, 9, 0.1, 0.1].
2025-07-31 21:13:43,458 - INFO - Finished optimization with guess, [9, 9, 0.1, 0.1].
2025-07-31 21:13:43,459 - INFO - Best fit parameters: [1.83051243 6.50618487 0.01389366 0.00980154].
2025-07-31 21:13:43,590 - INFO - Maximum log composite likelihood: -12756.586310694467.
2025-07-31 21:13:43,590 - INFO - Optimal value of theta: 21375.67221764865.
2025-07-31 21:13:43,590 - INFO - Beginning optimization with guess, [10, 10, 0.1, 0.1].
2025-07-31 21:13:49,257 - INFO - Finished optimization with guess, [10, 10, 0.1, 0.1].
2025-07-31 21:13:49,259 - INFO - Best fit parameters: [1.88435825 7.1174878  0.01389366 0.00980154].
2025-07-31 21:13:49,391 - INFO - Maximum log composite likelihood: -12645.073349058943.
2025-07-31 21:13:49,391 - INFO - Optimal value of theta: 21273.609965408432.
2025-07-31 21:13:49,391 - INFO - Beginning optimization with guess, [12.5, 12.5, 0.1, 0.1].
2025-07-31 21:13:55,190 - INFO - Finished optimization with guess, [12.5, 12.5, 0.1, 0.1].
2025-07-31 21:13:55,190 - INFO - Best fit parameters: [2.31942942 7.06253767 0.01011932 0.01516065].
2025-07-31 21:13:55,321 - INFO - Maximum log composite likelihood: -12565.271607741895.
2025-07-31 21:13:55,321 - INFO - Optimal value of theta: 20440.925970455755.
2025-07-31 21:13:55,321 - INFO - Beginning optimization with guess, [15, 15, 0.1, 0.1].
2025-07-31 21:14:00,857 - INFO - Finished optimization with guess, [15, 15, 0.1, 0.1].
2025-07-31 21:14:00,857 - INFO - Best fit parameters: [6.74003774 1.63182277 0.01025971 0.01541162].
2025-07-31 21:14:00,988 - INFO - Maximum log composite likelihood: -15614.168175280833.
2025-07-31 21:14:00,988 - INFO - Optimal value of theta: 22119.692664589977.
2025-07-31 21:14:00,989 - INFO - Beginning optimization with guess, [17.5, 17.5, 0.1, 0.1].
2025-07-31 21:14:06,526 - INFO - Finished optimization with guess, [17.5, 17.5, 0.1, 0.1].
2025-07-31 21:14:06,527 - INFO - Best fit parameters: [7.5133285  1.67794994 0.01025971 0.01541162].
2025-07-31 21:14:06,659 - INFO - Maximum log composite likelihood: -15458.52800242806.
2025-07-31 21:14:06,659 - INFO - Optimal value of theta: 22009.800509657198.
2025-07-31 21:14:06,659 - INFO - Beginning optimization with guess, [20, 20, 0.1, 0.1].
2025-07-31 21:14:12,457 - INFO - Finished optimization with guess, [20, 20, 0.1, 0.1].
2025-07-31 21:14:12,457 - INFO - Best fit parameters: [7.39271145e+00 2.27609234e+00 6.13464666e-03 7.32669654e-03].
2025-07-31 21:14:12,589 - INFO - Maximum log composite likelihood: -13832.011448613568.
2025-07-31 21:14:12,589 - INFO - Optimal value of theta: 22570.534450506017.
2025-07-31 21:14:12,589 - INFO - Beginning optimization with guess, [22.5, 22.5, 0.1, 0.1].
2025-07-31 21:14:18,386 - INFO - Finished optimization with guess, [22.5, 22.5, 0.1, 0.1].
2025-07-31 21:14:18,386 - INFO - Best fit parameters: [3.67198633e+00 1.28223452e+01 7.34781254e-03 6.06349891e-03].
2025-07-31 21:14:18,517 - INFO - Maximum log composite likelihood: -12027.54369011497.
2025-07-31 21:14:18,517 - INFO - Optimal value of theta: 21854.911933699477.
2025-07-31 21:14:18,517 - INFO - Beginning optimization with guess, [25, 25, 0.1, 0.1].
2025-07-31 21:14:24,182 - INFO - Finished optimization with guess, [25, 25, 0.1, 0.1].
2025-07-31 21:14:24,182 - INFO - Best fit parameters: [6.29672954 2.9019614  0.01977403 0.03275243].
2025-07-31 21:14:24,314 - INFO - Maximum log composite likelihood: -17077.20385415144.
2025-07-31 21:14:24,314 - INFO - Optimal value of theta: 18821.843733157257.
2025-07-31 21:14:24,314 - INFO - Beginning optimization with guess, [27.5, 27.5, 0.1, 0.1].
2025-07-31 21:14:30,113 - INFO - Finished optimization with guess, [27.5, 27.5, 0.1, 0.1].
2025-07-31 21:14:30,114 - INFO - Best fit parameters: [6.50784459 2.30561537 0.01979295 0.02873236].
2025-07-31 21:14:30,246 - INFO - Maximum log composite likelihood: -16902.53885783604.
2025-07-31 21:14:30,246 - INFO - Optimal value of theta: 19696.490374887533.
2025-07-31 21:14:30,246 - INFO - Beginning optimization with guess, [30, 30, 0.1, 0.1].
2025-07-31 21:14:36,068 - INFO - Finished optimization with guess, [30, 30, 0.1, 0.1].
2025-07-31 21:14:36,069 - INFO - Best fit parameters: [6.83586274 2.35673931 0.01979295 0.02873236].
2025-07-31 21:14:36,200 - INFO - Maximum log composite likelihood: -16871.8016521573.
2025-07-31 21:14:36,200 - INFO - Optimal value of theta: 19600.868322394224.
2025-07-31 21:14:36,201 - INFO - Beginning optimization with guess, [33.3, 33.3, 0.1, 0.1].
2025-07-31 21:14:41,751 - INFO - Finished optimization with guess, [33.3, 33.3, 0.1, 0.1].
2025-07-31 21:14:41,752 - INFO - Best fit parameters: [1.19896408e+01 2.16021066e+00 8.19775960e-03 1.25239118e-02].
2025-07-31 21:14:41,884 - INFO - Maximum log composite likelihood: -14042.646522295357.
2025-07-31 21:14:41,884 - INFO - Optimal value of theta: 21763.579878592736.
2025-07-31 21:14:41,884 - INFO - Beginning optimization with guess, [36.6, 36.6, 0.1, 0.1].
2025-07-31 21:14:47,422 - INFO - Finished optimization with guess, [36.6, 36.6, 0.1, 0.1].
2025-07-31 21:14:47,422 - INFO - Best fit parameters: [1.28199091e+01 2.20552664e+00 8.19775960e-03 1.25239118e-02].
2025-07-31 21:14:47,554 - INFO - Maximum log composite likelihood: -13962.826582767913.
2025-07-31 21:14:47,554 - INFO - Optimal value of theta: 21712.96454554656.
2025-07-31 21:14:47,554 - INFO - Beginning optimization with guess, [40, 40, 0.1, 0.1].
2025-07-31 21:14:53,088 - INFO - Finished optimization with guess, [40, 40, 0.1, 0.1].
2025-07-31 21:14:53,089 - INFO - Best fit parameters: [3.03515295e+01 2.57847629e+00 2.04690068e-02 2.47516770e-02].
2025-07-31 21:14:53,221 - INFO - Maximum log composite likelihood: -16447.02847434013.
2025-07-31 21:14:53,221 - INFO - Optimal value of theta: 18939.494261258144.
2025-07-31 21:14:53,221 - INFO - Beginning optimization with guess, [50, 50, 0.1, 0.1].
2025-07-31 21:14:59,018 - INFO - Finished optimization with guess, [50, 50, 0.1, 0.1].
2025-07-31 21:14:59,019 - INFO - Best fit parameters: [3.38189805e+01 2.14411768e+00 2.13164298e-02 2.31619009e-02].
2025-07-31 21:14:59,150 - INFO - Maximum log composite likelihood: -16617.288185722075.
2025-07-31 21:14:59,150 - INFO - Optimal value of theta: 19420.224630952118.
2025-07-31 21:14:59,150 - INFO - Beginning optimization with guess, [60, 60, 0.1, 0.1].
2025-07-31 21:15:04,953 - INFO - Finished optimization with guess, [60, 60, 0.1, 0.1].
2025-07-31 21:15:04,953 - INFO - Best fit parameters: [3.50526463e+01 2.15982291e+00 1.89796504e-02 2.32869271e-02].
2025-07-31 21:15:05,085 - INFO - Maximum log composite likelihood: -16294.801615529263.
2025-07-31 21:15:05,085 - INFO - Optimal value of theta: 19662.80540061874.
2025-07-31 21:15:05,085 - INFO - Beginning optimization with guess, [70, 70, 0.1, 0.1].
2025-07-31 21:15:10,882 - INFO - Finished optimization with guess, [70, 70, 0.1, 0.1].
2025-07-31 21:15:10,883 - INFO - Best fit parameters: [4.00755068e+01 2.22335532e+00 1.89796504e-02 2.32869271e-02].
2025-07-31 21:15:11,014 - INFO - Maximum log composite likelihood: -16232.432084274573.
2025-07-31 21:15:11,014 - INFO - Optimal value of theta: 19556.900490348307.
2025-07-31 21:15:11,014 - INFO - Beginning optimization with guess, [80, 80, 0.1, 0.1].
2025-07-31 21:15:16,942 - INFO - Finished optimization with guess, [80, 80, 0.1, 0.1].
2025-07-31 21:15:16,942 - INFO - Best fit parameters: [3.08825922e+01 5.94120361e+00 1.60235789e-02 1.47611564e-02].
2025-07-31 21:15:17,074 - INFO - Maximum log composite likelihood: -13545.410867592485.
2025-07-31 21:15:17,074 - INFO - Optimal value of theta: 18664.04236907636.
2025-07-31 21:15:17,075 - INFO - Converting and interpreting Tau estimates.
2025-07-31 21:15:17,079 - INFO - Finished demographic inference.
2025-07-31 21:15:17,079 - INFO - Pipeline executed succesfully.
