2025-07-30 22:45:24,982 - INFO - Beginning execution of fit_demographic_model.py in directory /u/project/kirk/jonmah/sample_size_demography/Scripts

2025-07-30 22:45:24,982 - INFO - Progress is being logged to ../Analysis/msprime_3EpB_330/log.log

2025-07-30 22:45:24,982 - INFO - Parsed the following arguments:
	syn_input_sfs = ../Simulations/simple_simulations/ThreeEpochBottleneck_330_concat.sfs
	mask_singletons = False
	mask_doubletons = False
	L_syn = 100000000.0
	outprefix = ../Analysis/msprime_3EpB_330/

2025-07-30 22:45:24,983 - INFO - Beginning demographic inference for two-epoch demographic model.
2025-07-30 22:45:24,984 - INFO - Beginning optimization with guess, [0.01, 0.1].
2025-07-30 22:45:43,553 - INFO - Finished optimization with guess, [0.01, 0.1].
2025-07-30 22:45:43,554 - INFO - Best fit parameters: [0.00153993 0.26607251].
2025-07-30 22:45:46,321 - INFO - Maximum log composite likelihood: -52146.014498023345.
2025-07-30 22:45:46,321 - INFO - Optimal value of theta: 18800315.50547251.
2025-07-30 22:45:46,321 - INFO - Beginning optimization with guess, [0.025, 0.1].
2025-07-30 22:45:55,144 - INFO - Finished optimization with guess, [0.025, 0.1].
2025-07-30 22:45:55,145 - INFO - Best fit parameters: [0.00303223 0.38681205].
2025-07-30 22:45:57,362 - INFO - Maximum log composite likelihood: -52146.014498225246.
2025-07-30 22:45:57,362 - INFO - Optimal value of theta: 9547797.215045294.
2025-07-30 22:45:57,362 - INFO - Beginning optimization with guess, [0.05, 0.1].
2025-07-30 22:46:04,027 - INFO - Finished optimization with guess, [0.05, 0.1].
2025-07-30 22:46:04,027 - INFO - Best fit parameters: [0.00901454 0.38681205].
2025-07-30 22:46:05,111 - INFO - Maximum log composite likelihood: -52146.01449826789.
2025-07-30 22:46:05,111 - INFO - Optimal value of theta: 3211601.5737135387.
2025-07-30 22:46:05,111 - INFO - Beginning optimization with guess, [0.075, 0.1].
2025-07-30 22:46:11,266 - INFO - Finished optimization with guess, [0.075, 0.1].
2025-07-30 22:46:11,267 - INFO - Best fit parameters: [0.01705049 0.38681205].
2025-07-30 22:46:12,084 - INFO - Maximum log composite likelihood: -52146.01453298884.
2025-07-30 22:46:12,084 - INFO - Optimal value of theta: 1697962.9613793963.
2025-07-30 22:46:12,084 - INFO - Beginning optimization with guess, [0.1, 0.1].
2025-07-30 22:46:17,169 - INFO - Finished optimization with guess, [0.1, 0.1].
2025-07-30 22:46:17,169 - INFO - Best fit parameters: [0.05158222 0.25118864].
2025-07-30 22:46:17,698 - INFO - Maximum log composite likelihood: -53183.64773276695.
2025-07-30 22:46:17,698 - INFO - Optimal value of theta: 526185.6051424644.
2025-07-30 22:46:17,698 - INFO - Beginning optimization with guess, [0.25, 0.1].
2025-07-30 22:46:23,040 - INFO - Finished optimization with guess, [0.25, 0.1].
2025-07-30 22:46:23,040 - INFO - Best fit parameters: [0.5644822  0.08597556].
2025-07-30 22:46:23,550 - INFO - Maximum log composite likelihood: -65370.46288464036.
2025-07-30 22:46:23,550 - INFO - Optimal value of theta: 37299.28705769604.
2025-07-30 22:46:23,550 - INFO - Beginning optimization with guess, [0.5, 0.1].
2025-07-30 22:46:28,917 - INFO - Finished optimization with guess, [0.5, 0.1].
2025-07-30 22:46:28,918 - INFO - Best fit parameters: [0.75132031 0.08597556].
2025-07-30 22:46:29,419 - INFO - Maximum log composite likelihood: -58341.4126964033.
2025-07-30 22:46:29,419 - INFO - Optimal value of theta: 32777.875713485046.
2025-07-30 22:46:29,419 - INFO - Beginning optimization with guess, [0.75, 0.1].
2025-07-30 22:46:34,826 - INFO - Finished optimization with guess, [0.75, 0.1].
2025-07-30 22:46:34,826 - INFO - Best fit parameters: [0.73597347 0.38681205].
2025-07-30 22:46:35,326 - INFO - Maximum log composite likelihood: -54236.833814637095.
2025-07-30 22:46:35,327 - INFO - Optimal value of theta: 35691.70809087793.
2025-07-30 22:46:35,327 - INFO - Beginning optimization with guess, [1, 0.1].
2025-07-30 22:46:40,169 - INFO - Finished optimization with guess, [1, 0.1].
2025-07-30 22:46:40,169 - INFO - Best fit parameters: [1.00212726 0.13528511].
2025-07-30 22:46:40,638 - INFO - Maximum log composite likelihood: -52114.0328846505.
2025-07-30 22:46:40,638 - INFO - Optimal value of theta: 28920.646711784237.
2025-07-30 22:46:40,638 - INFO - Beginning optimization with guess, [1.25, 0.1].
2025-07-30 22:46:46,062 - INFO - Finished optimization with guess, [1.25, 0.1].
2025-07-30 22:46:46,063 - INFO - Best fit parameters: [1.26843943 0.0267994 ].
2025-07-30 22:46:46,532 - INFO - Maximum log composite likelihood: -45685.13046136181.
2025-07-30 22:46:46,532 - INFO - Optimal value of theta: 27284.226995989455.
2025-07-30 22:46:46,532 - INFO - Beginning optimization with guess, [1.5, 0.1].
2025-07-30 22:46:51,894 - INFO - Finished optimization with guess, [1.5, 0.1].
2025-07-30 22:46:51,894 - INFO - Best fit parameters: [1.54044873 0.0267994 ].
2025-07-30 22:46:52,423 - INFO - Maximum log composite likelihood: -40957.292990288566.
2025-07-30 22:46:52,424 - INFO - Optimal value of theta: 26079.800354482468.
2025-07-30 22:46:52,424 - INFO - Beginning optimization with guess, [1.75, 0.1].
2025-07-30 22:46:57,785 - INFO - Finished optimization with guess, [1.75, 0.1].
2025-07-30 22:46:57,786 - INFO - Best fit parameters: [1.81546308 0.0267994 ].
2025-07-30 22:46:58,283 - INFO - Maximum log composite likelihood: -37366.58408636192.
2025-07-30 22:46:58,283 - INFO - Optimal value of theta: 25166.4778621222.
2025-07-30 22:46:58,283 - INFO - Beginning optimization with guess, [2, 0.1].
2025-07-30 22:47:03,702 - INFO - Finished optimization with guess, [2, 0.1].
2025-07-30 22:47:03,702 - INFO - Best fit parameters: [2.09307644 0.0267994 ].
2025-07-30 22:47:04,178 - INFO - Maximum log composite likelihood: -34549.5161909074.
2025-07-30 22:47:04,178 - INFO - Optimal value of theta: 24448.989909735268.
2025-07-30 22:47:04,178 - INFO - Beginning optimization with guess, [2.25, 0.1].
2025-07-30 22:47:09,584 - INFO - Finished optimization with guess, [2.25, 0.1].
2025-07-30 22:47:09,584 - INFO - Best fit parameters: [2.37298228 0.0267994 ].
2025-07-30 22:47:10,079 - INFO - Maximum log composite likelihood: -32314.77517898547.
2025-07-30 22:47:10,079 - INFO - Optimal value of theta: 23871.27506681897.
2025-07-30 22:47:10,080 - INFO - Beginning optimization with guess, [2.5, 0.1].
2025-07-30 22:47:15,456 - INFO - Finished optimization with guess, [2.5, 0.1].
2025-07-30 22:47:15,457 - INFO - Best fit parameters: [2.65494068 0.0267994 ].
2025-07-30 22:47:15,945 - INFO - Maximum log composite likelihood: -30396.97625060923.
2025-07-30 22:47:15,946 - INFO - Optimal value of theta: 23376.354448256283.
2025-07-30 22:47:15,946 - INFO - Beginning optimization with guess, [2.75, 0.1].
2025-07-30 22:47:21,312 - INFO - Finished optimization with guess, [2.75, 0.1].
2025-07-30 22:47:21,313 - INFO - Best fit parameters: [2.93875852 0.0267994 ].
2025-07-30 22:47:21,788 - INFO - Maximum log composite likelihood: -28861.43637443021.
2025-07-30 22:47:21,788 - INFO - Optimal value of theta: 22974.792413565407.
2025-07-30 22:47:21,788 - INFO - Beginning optimization with guess, [3, 0.1].
2025-07-30 22:47:27,146 - INFO - Finished optimization with guess, [3, 0.1].
2025-07-30 22:47:27,146 - INFO - Best fit parameters: [3.22427694 0.0267994 ].
2025-07-30 22:47:27,642 - INFO - Maximum log composite likelihood: -27684.1221805795.
2025-07-30 22:47:27,642 - INFO - Optimal value of theta: 22655.068553536217.
2025-07-30 22:47:27,642 - INFO - Beginning optimization with guess, [3.25, 0.1].
2025-07-30 22:47:33,031 - INFO - Finished optimization with guess, [3.25, 0.1].
2025-07-30 22:47:33,031 - INFO - Best fit parameters: [3.51136282 0.0267994 ].
2025-07-30 22:47:33,520 - INFO - Maximum log composite likelihood: -26620.30158390815.
2025-07-30 22:47:33,520 - INFO - Optimal value of theta: 22361.78098235943.
2025-07-30 22:47:33,520 - INFO - Beginning optimization with guess, [3.5, 0.1].
2025-07-30 22:47:38,829 - INFO - Finished optimization with guess, [3.5, 0.1].
2025-07-30 22:47:38,829 - INFO - Best fit parameters: [3.79990299 0.0267994 ].
2025-07-30 22:47:39,336 - INFO - Maximum log composite likelihood: -25565.00867162606.
2025-07-30 22:47:39,336 - INFO - Optimal value of theta: 22078.359545207335.
2025-07-30 22:47:39,336 - INFO - Beginning optimization with guess, [3.75, 0.1].
2025-07-30 22:47:44,729 - INFO - Finished optimization with guess, [3.75, 0.1].
2025-07-30 22:47:44,730 - INFO - Best fit parameters: [4.08979999 0.0267994 ].
2025-07-30 22:47:45,251 - INFO - Maximum log composite likelihood: -24654.16127070792.
2025-07-30 22:47:45,251 - INFO - Optimal value of theta: 21831.23186139508.
2025-07-30 22:47:45,251 - INFO - Beginning optimization with guess, [4, 0.1].
2025-07-30 22:47:50,600 - INFO - Finished optimization with guess, [4, 0.1].
2025-07-30 22:47:50,600 - INFO - Best fit parameters: [4.38096898 0.0267994 ].
2025-07-30 22:47:51,075 - INFO - Maximum log composite likelihood: -23868.87271745892.
2025-07-30 22:47:51,075 - INFO - Optimal value of theta: 21615.61442137579.
2025-07-30 22:47:51,076 - INFO - Beginning optimization with guess, [4.25, 0.1].
2025-07-30 22:47:56,549 - INFO - Finished optimization with guess, [4.25, 0.1].
2025-07-30 22:47:56,550 - INFO - Best fit parameters: [4.67333543 0.0267994 ].
2025-07-30 22:47:57,017 - INFO - Maximum log composite likelihood: -23194.544452804497.
2025-07-30 22:47:57,018 - INFO - Optimal value of theta: 21427.728056166143.
2025-07-30 22:47:57,018 - INFO - Beginning optimization with guess, [4.5, 0.1].
2025-07-30 22:48:02,420 - INFO - Finished optimization with guess, [4.5, 0.1].
2025-07-30 22:48:02,421 - INFO - Best fit parameters: [4.96683331 0.0267994 ].
2025-07-30 22:48:02,921 - INFO - Maximum log composite likelihood: -22619.933628620125.
2025-07-30 22:48:02,921 - INFO - Optimal value of theta: 21264.55876320685.
2025-07-30 22:48:02,921 - INFO - Beginning optimization with guess, [4.75, 0.1].
2025-07-30 22:48:08,424 - INFO - Finished optimization with guess, [4.75, 0.1].
2025-07-30 22:48:08,424 - INFO - Best fit parameters: [5.26140372 0.0267994 ].
2025-07-30 22:48:08,942 - INFO - Maximum log composite likelihood: -22136.516204908196.
2025-07-30 22:48:08,942 - INFO - Optimal value of theta: 21123.68876304004.
2025-07-30 22:48:08,942 - INFO - Beginning optimization with guess, [5, 0.1].
2025-07-30 22:48:14,322 - INFO - Finished optimization with guess, [5, 0.1].
2025-07-30 22:48:14,322 - INFO - Best fit parameters: [5.55699378 0.0267994 ].
2025-07-30 22:48:14,838 - INFO - Maximum log composite likelihood: -21738.064981931722.
2025-07-30 22:48:14,839 - INFO - Optimal value of theta: 21003.17565027625.
2025-07-30 22:48:14,842 - INFO - Converting and interpreting Tau estimates.
2025-07-30 22:48:14,842 - INFO - Finished demographic inference.
2025-07-30 22:48:14,843 - INFO - Pipeline executed succesfully.
