2024-02-14 08:50:29,364 - INFO - Beginning execution of fit_demographic_model.py in directory /u/project/kirk/jonmah/sample_size_demography/Scripts

2024-02-14 08:50:29,365 - INFO - Progress is being logged to ../Analysis/ThreeEpochExpansion_16/log.log

2024-02-14 08:50:29,365 - INFO - Parsed the following arguments:
	syn_input_sfs = ../Analysis/ThreeEpochExpansion_16/syn_downsampled_sfs.txt
	mask_singletons = False
	mask_doubletons = False
	outprefix = ../Analysis/ThreeEpochExpansion_16/

2024-02-14 08:50:29,373 - INFO - Beginning demographic inference for three-epoch demographic model.
2024-02-14 08:50:29,374 - INFO - Beginning optimization with guess, [0.00726168 0.01749839 0.00944089 0.01314975].
2024-02-14 08:50:37,398 - INFO - Finished optimization with guess, [0.00726168 0.01749839 0.00944089 0.01314975].
2024-02-14 08:50:37,399 - INFO - Best fit parameters: [0.00414812 0.0137707  0.02192254 0.01362917].
2024-02-14 08:50:37,545 - INFO - Maximum log composite likelihood: -31.56455364140629.
2024-02-14 08:50:37,545 - INFO - Optimal value of theta: 100962.28219055399.
2024-02-14 08:50:37,545 - INFO - Beginning optimization with guess, [0.01072665 0.01380248 0.0198198  0.0139112 ].
2024-02-14 08:50:50,081 - INFO - Finished optimization with guess, [0.01072665 0.01380248 0.0198198  0.0139112 ].
2024-02-14 08:50:50,082 - INFO - Best fit parameters: [0.00502932 0.0090964  0.05835608 0.01124407].
2024-02-14 08:50:50,352 - INFO - Maximum log composite likelihood: -31.5362976842041.
2024-02-14 08:50:50,352 - INFO - Optimal value of theta: 153829.60990905305.
2024-02-14 08:50:50,353 - INFO - Beginning optimization with guess, [0.03036726 0.05845029 0.01730084 0.00857494].
2024-02-14 08:50:51,932 - INFO - Finished optimization with guess, [0.03036726 0.05845029 0.01730084 0.00857494].
2024-02-14 08:50:51,932 - INFO - Best fit parameters: [2.52514133e-01 2.13372626e+00 2.06099036e-04 1.09075737e-02].
2024-02-14 08:50:51,963 - INFO - Maximum log composite likelihood: -35.802228624509326.
2024-02-14 08:50:51,964 - INFO - Optimal value of theta: 1239.1615784698865.
2024-02-14 08:50:51,964 - INFO - Beginning optimization with guess, [0.02910521 0.05748516 0.01654811 0.00618394].
2024-02-14 08:50:53,614 - INFO - Finished optimization with guess, [0.02910521 0.05748516 0.01654811 0.00618394].
2024-02-14 08:50:53,615 - INFO - Best fit parameters: [4.41666728e+01 9.50347286e-01 2.42601570e-05 3.31121698e-05].
2024-02-14 08:50:53,650 - INFO - Maximum log composite likelihood: -38.380323849409365.
2024-02-14 08:50:53,650 - INFO - Optimal value of theta: 1254.142876549824.
2024-02-14 08:50:53,651 - INFO - Beginning optimization with guess, [0.05173749 0.06949802 0.01141235 0.00745374].
2024-02-14 08:50:55,119 - INFO - Finished optimization with guess, [0.05173749 0.06949802 0.01141235 0.00745374].
2024-02-14 08:50:55,119 - INFO - Best fit parameters: [1.55771735e+00 5.31857154e-01 1.58304002e-03 2.87555286e-05].
2024-02-14 08:50:55,154 - INFO - Maximum log composite likelihood: -38.05438251338387.
2024-02-14 08:50:55,154 - INFO - Optimal value of theta: 1252.5879580062315.
2024-02-14 08:50:55,154 - INFO - Beginning optimization with guess, [0.53885482 0.38646879 0.00583881 0.00770456].
2024-02-14 08:50:56,634 - INFO - Finished optimization with guess, [0.53885482 0.38646879 0.00583881 0.00770456].
2024-02-14 08:50:56,634 - INFO - Best fit parameters: [4.10359968e-01 1.30814463e+00 3.29558280e-04 1.65916528e-02].
2024-02-14 08:50:56,670 - INFO - Maximum log composite likelihood: -36.58902744743955.
2024-02-14 08:50:56,670 - INFO - Optimal value of theta: 1244.4369464810459.
2024-02-14 08:50:56,670 - INFO - Beginning optimization with guess, [0.98805742 1.12753836 0.01079284 0.00986953].
2024-02-14 08:50:58,414 - INFO - Finished optimization with guess, [0.98805742 1.12753836 0.01079284 0.00986953].
2024-02-14 08:50:58,415 - INFO - Best fit parameters: [0.98626446 1.20771881 0.0071571  0.534674  ].
2024-02-14 08:50:58,454 - INFO - Maximum log composite likelihood: -31.920340138941583.
2024-02-14 08:50:58,454 - INFO - Optimal value of theta: 1141.599787332841.
2024-02-14 08:50:58,454 - INFO - Beginning optimization with guess, [0.92678568 1.39851309 0.00846502 0.00639265].
2024-02-14 08:50:59,962 - INFO - Finished optimization with guess, [0.92678568 1.39851309 0.00846502 0.00639265].
2024-02-14 08:50:59,962 - INFO - Best fit parameters: [0.92266939 1.42811275 0.00243375 0.09763798].
2024-02-14 08:50:59,994 - INFO - Maximum log composite likelihood: -32.91831711074701.
2024-02-14 08:50:59,994 - INFO - Optimal value of theta: 1187.4589031917972.
2024-02-14 08:50:59,994 - INFO - Beginning optimization with guess, [1.35408613 0.49122953 0.01143357 0.00688921].
2024-02-14 08:51:01,563 - INFO - Finished optimization with guess, [1.35408613 0.49122953 0.01143357 0.00688921].
2024-02-14 08:51:01,563 - INFO - Best fit parameters: [1.29434373e+00 4.87361665e-01 2.16525967e-01 1.49983582e-04].
2024-02-14 08:51:01,602 - INFO - Maximum log composite likelihood: -32.01094043578178.
2024-02-14 08:51:01,602 - INFO - Optimal value of theta: 1165.3346595361231.
2024-02-14 08:51:01,602 - INFO - Beginning optimization with guess, [1.91902871 1.67076136 0.01983704 0.00936709].
2024-02-14 08:51:03,140 - INFO - Finished optimization with guess, [1.91902871 1.67076136 0.01983704 0.00936709].
2024-02-14 08:51:03,141 - INFO - Best fit parameters: [1.63517431 1.3915278  0.0562614  0.00185081].
2024-02-14 08:51:03,213 - INFO - Maximum log composite likelihood: -33.40621389768637.
2024-02-14 08:51:03,213 - INFO - Optimal value of theta: 1197.6292792320578.
2024-02-14 08:51:03,213 - INFO - Beginning optimization with guess, [0.69211914 0.89165668 0.00718295 0.01010952].
2024-02-14 08:51:04,818 - INFO - Finished optimization with guess, [0.69211914 0.89165668 0.00718295 0.01010952].
2024-02-14 08:51:04,819 - INFO - Best fit parameters: [8.20214216e-01 1.07273548e+00 6.35659272e-06 4.24009070e-04].
2024-02-14 08:51:04,854 - INFO - Maximum log composite likelihood: -38.37693083946408.
2024-02-14 08:51:04,854 - INFO - Optimal value of theta: 1254.126967959183.
2024-02-14 08:51:04,855 - INFO - Beginning optimization with guess, [1.38872737 1.23973064 0.00525478 0.00874246].
2024-02-14 08:51:07,424 - INFO - Finished optimization with guess, [1.38872737 1.23973064 0.00525478 0.00874246].
2024-02-14 08:51:07,424 - INFO - Best fit parameters: [1.61445789 1.39423376 0.00388994 1.04920603].
2024-02-14 08:51:07,476 - INFO - Maximum log composite likelihood: -31.542417028015734.
2024-02-14 08:51:07,476 - INFO - Optimal value of theta: 1006.8695755730245.
2024-02-14 08:51:07,476 - INFO - Beginning optimization with guess, [2.34585777 1.24590945 0.01282752 0.00557596].
2024-02-14 08:51:09,194 - INFO - Finished optimization with guess, [2.34585777 1.24590945 0.01282752 0.00557596].
2024-02-14 08:51:09,195 - INFO - Best fit parameters: [1.78167764 1.3711377  0.03798879 0.00531449].
2024-02-14 08:51:09,230 - INFO - Maximum log composite likelihood: -33.53207063083198.
2024-02-14 08:51:09,230 - INFO - Optimal value of theta: 1206.7877754866447.
2024-02-14 08:51:09,231 - INFO - Beginning optimization with guess, [2.85362011 1.07726865 0.00810209 0.00614625].
2024-02-14 08:51:10,829 - INFO - Finished optimization with guess, [2.85362011 1.07726865 0.00810209 0.00614625].
2024-02-14 08:51:10,830 - INFO - Best fit parameters: [3.46270352 1.07023722 0.03236796 0.04883272].
2024-02-14 08:51:10,878 - INFO - Maximum log composite likelihood: -32.55724347772616.
2024-02-14 08:51:10,878 - INFO - Optimal value of theta: 1198.1877343004667.
2024-02-14 08:51:10,878 - INFO - Beginning optimization with guess, [1.78737666 2.11820124 0.00680156 0.0073721 ].
2024-02-14 08:51:12,597 - INFO - Finished optimization with guess, [1.78737666 2.11820124 0.00680156 0.0073721 ].
2024-02-14 08:51:12,597 - INFO - Best fit parameters: [1.88702008 2.2933079  0.00701769 0.02353692].
2024-02-14 08:51:12,633 - INFO - Maximum log composite likelihood: -33.85879689247781.
2024-02-14 08:51:12,633 - INFO - Optimal value of theta: 1208.6647021570186.
2024-02-14 08:51:12,633 - INFO - Beginning optimization with guess, [1.27326989 4.57140622 0.01432181 0.00735941].
2024-02-14 08:51:14,228 - INFO - Finished optimization with guess, [1.27326989 4.57140622 0.01432181 0.00735941].
2024-02-14 08:51:14,229 - INFO - Best fit parameters: [1.46744224 3.09419138 0.02529708 0.01151128].
2024-02-14 08:51:14,264 - INFO - Maximum log composite likelihood: -33.839525389885466.
2024-02-14 08:51:14,264 - INFO - Optimal value of theta: 1210.743974660226.
2024-02-14 08:51:14,265 - INFO - Beginning optimization with guess, [3.24899583 1.94485792 0.01454374 0.00893445].
2024-02-14 08:51:15,936 - INFO - Finished optimization with guess, [3.24899583 1.94485792 0.01454374 0.00893445].
2024-02-14 08:51:15,937 - INFO - Best fit parameters: [3.74689687e+00 1.21599141e+00 1.39825685e-03 3.91891413e-01].
2024-02-14 08:51:16,005 - INFO - Maximum log composite likelihood: -31.79475549095207.
2024-02-14 08:51:16,005 - INFO - Optimal value of theta: 1154.372823495302.
2024-02-14 08:51:16,005 - INFO - Beginning optimization with guess, [5.7244881  1.85887237 0.01973188 0.00676036].
2024-02-14 08:51:17,525 - INFO - Finished optimization with guess, [5.7244881  1.85887237 0.01973188 0.00676036].
2024-02-14 08:51:17,525 - INFO - Best fit parameters: [5.86799257 1.75816693 0.0081172  0.03026896].
2024-02-14 08:51:17,561 - INFO - Maximum log composite likelihood: -33.674979914129494.
2024-02-14 08:51:17,561 - INFO - Optimal value of theta: 1201.874749360244.
2024-02-14 08:51:17,561 - INFO - Beginning optimization with guess, [2.09936799 4.0095055  0.00698439 0.01486365].
2024-02-14 08:51:19,200 - INFO - Finished optimization with guess, [2.09936799 4.0095055  0.00698439 0.01486365].
2024-02-14 08:51:19,201 - INFO - Best fit parameters: [3.96542092 0.50490081 0.06409219 0.01537039].
2024-02-14 08:51:19,237 - INFO - Maximum log composite likelihood: -32.123415713133454.
2024-02-14 08:51:19,237 - INFO - Optimal value of theta: 1186.816231051844.
2024-02-14 08:51:19,237 - INFO - Beginning optimization with guess, [4.78322298e+00 6.77208683e+00 1.51676670e-02 5.02513638e-03].
2024-02-14 08:51:20,804 - INFO - Finished optimization with guess, [4.78322298e+00 6.77208683e+00 1.51676670e-02 5.02513638e-03].
2024-02-14 08:51:20,805 - INFO - Best fit parameters: [1.66171058e+00 5.48637023e+00 3.47907357e-02 4.16253060e-04].
2024-02-14 08:51:20,836 - INFO - Maximum log composite likelihood: -33.826925402525376.
2024-02-14 08:51:20,836 - INFO - Optimal value of theta: 1215.9335821698473.
2024-02-14 08:51:20,837 - INFO - Beginning optimization with guess, [3.33079679 7.33164866 0.00838295 0.01013634].
2024-02-14 08:51:22,450 - INFO - Finished optimization with guess, [3.33079679 7.33164866 0.00838295 0.01013634].
2024-02-14 08:51:22,450 - INFO - Best fit parameters: [5.59733017e+00 1.38266795e+00 1.81383186e-02 3.67952301e-03].
2024-02-14 08:51:22,486 - INFO - Maximum log composite likelihood: -33.98689333209825.
2024-02-14 08:51:22,486 - INFO - Optimal value of theta: 1209.6540850027498.
2024-02-14 08:51:22,486 - INFO - Beginning optimization with guess, [7.33587904e+00 3.01252378e+00 9.98395570e-03 5.41965769e-03].
2024-02-14 08:51:24,221 - INFO - Finished optimization with guess, [7.33587904e+00 3.01252378e+00 9.98395570e-03 5.41965769e-03].
2024-02-14 08:51:24,221 - INFO - Best fit parameters: [5.78728271 2.54737905 0.00698163 0.01530792].
2024-02-14 08:51:24,257 - INFO - Maximum log composite likelihood: -33.982202009324055.
2024-02-14 08:51:24,257 - INFO - Optimal value of theta: 1211.911468517323.
2024-02-14 08:51:24,257 - INFO - Beginning optimization with guess, [ 4.83673856 11.37026555  0.01239627  0.01571672].
2024-02-14 08:51:25,880 - INFO - Finished optimization with guess, [ 4.83673856 11.37026555  0.01239627  0.01571672].
2024-02-14 08:51:25,880 - INFO - Best fit parameters: [3.51009776e+00 9.89290274e+00 8.87812324e-03 8.45550527e-03].
2024-02-14 08:51:25,915 - INFO - Maximum log composite likelihood: -34.17392833910378.
2024-02-14 08:51:25,916 - INFO - Optimal value of theta: 1213.9759747359042.
2024-02-14 08:51:25,916 - INFO - Beginning optimization with guess, [7.30410484e+00 5.71692418e+00 1.29501605e-02 5.56206854e-03].
2024-02-14 08:51:27,550 - INFO - Finished optimization with guess, [7.30410484e+00 5.71692418e+00 1.29501605e-02 5.56206854e-03].
2024-02-14 08:51:27,551 - INFO - Best fit parameters: [1.93797847e+00 7.71367983e+00 2.68145885e-02 1.53728097e-03].
2024-02-14 08:51:27,626 - INFO - Maximum log composite likelihood: -33.9119531080114.
2024-02-14 08:51:27,626 - INFO - Optimal value of theta: 1214.608888348597.
2024-02-14 08:51:27,626 - INFO - Beginning optimization with guess, [1.11904971e+01 6.46315547e+00 8.33986837e-03 1.39986218e-02].
2024-02-14 08:51:29,157 - INFO - Finished optimization with guess, [1.11904971e+01 6.46315547e+00 8.33986837e-03 1.39986218e-02].
2024-02-14 08:51:29,158 - INFO - Best fit parameters: [3.48485771e+01 1.85233445e+00 5.03201352e-03 1.90179077e-02].
2024-02-14 08:51:29,193 - INFO - Maximum log composite likelihood: -33.94828257907375.
2024-02-14 08:51:29,193 - INFO - Optimal value of theta: 1216.456651892082.
2024-02-14 08:51:29,195 - INFO - Finished demographic inference.
2024-02-14 08:51:29,195 - INFO - Pipeline executed succesfully.
