2024-02-12 11:57:39,820 - INFO - Beginning execution of fit_demographic_model.py in directory /u/project/kirk/jonmah/sample_size_demography/Scripts

2024-02-12 11:57:39,821 - INFO - Progress is being logged to ../Analysis/ooa_simulated_19/log.log

2024-02-12 11:57:39,821 - INFO - Parsed the following arguments:
	syn_input_sfs = ../Analysis/ooa_simulated_19/syn_downsampled_sfs.txt
	mask_singletons = False
	mask_doubletons = False
	outprefix = ../Analysis/ooa_simulated_19/

2024-02-12 11:57:39,825 - INFO - Beginning demographic inference for one-epoch demographic model.
2024-02-12 11:57:39,826 - INFO - Beginning optimization with guess, [0.1589806].
2024-02-12 11:57:41,290 - INFO - Finished optimization with guess, [0.1589806].
2024-02-12 11:57:41,291 - INFO - Best fit parameters: [0.1589806].
2024-02-12 11:57:41,336 - INFO - Maximum log composite likelihood: -63.95316429697846.
2024-02-12 11:57:41,336 - INFO - Optimal value of theta: 464.45105487068525.
2024-02-12 11:57:41,336 - INFO - Beginning optimization with guess, [0.12510985].
2024-02-12 11:57:42,894 - INFO - Finished optimization with guess, [0.12510985].
2024-02-12 11:57:42,894 - INFO - Best fit parameters: [0.12510985].
2024-02-12 11:57:42,939 - INFO - Maximum log composite likelihood: -63.95316429697846.
2024-02-12 11:57:42,939 - INFO - Optimal value of theta: 464.45105487068525.
2024-02-12 11:57:42,939 - INFO - Beginning optimization with guess, [0.1874184].
2024-02-12 11:57:44,361 - INFO - Finished optimization with guess, [0.1874184].
2024-02-12 11:57:44,361 - INFO - Best fit parameters: [0.1874184].
2024-02-12 11:57:44,405 - INFO - Maximum log composite likelihood: -63.95316429697846.
2024-02-12 11:57:44,406 - INFO - Optimal value of theta: 464.45105487068525.
2024-02-12 11:57:44,406 - INFO - Beginning optimization with guess, [0.37256372].
2024-02-12 11:57:45,687 - INFO - Finished optimization with guess, [0.37256372].
2024-02-12 11:57:45,687 - INFO - Best fit parameters: [0.37256372].
2024-02-12 11:57:45,731 - INFO - Maximum log composite likelihood: -63.95316429697846.
2024-02-12 11:57:45,731 - INFO - Optimal value of theta: 464.45105487068525.
2024-02-12 11:57:45,731 - INFO - Beginning optimization with guess, [0.57752305].
2024-02-12 11:57:47,017 - INFO - Finished optimization with guess, [0.57752305].
2024-02-12 11:57:47,018 - INFO - Best fit parameters: [0.57752305].
2024-02-12 11:57:47,062 - INFO - Maximum log composite likelihood: -63.95316429697846.
2024-02-12 11:57:47,062 - INFO - Optimal value of theta: 464.45105487068525.
2024-02-12 11:57:47,063 - INFO - Beginning optimization with guess, [1.00067523].
2024-02-12 11:57:47,151 - INFO - Finished optimization with guess, [1.00067523].
2024-02-12 11:57:47,151 - INFO - Best fit parameters: [1.00067523].
2024-02-12 11:57:47,195 - INFO - Maximum log composite likelihood: -63.95316429697846.
2024-02-12 11:57:47,196 - INFO - Optimal value of theta: 464.45105487068525.
2024-02-12 11:57:47,196 - INFO - Beginning optimization with guess, [0.48153597].
2024-02-12 11:57:48,481 - INFO - Finished optimization with guess, [0.48153597].
2024-02-12 11:57:48,482 - INFO - Best fit parameters: [0.48153597].
2024-02-12 11:57:48,526 - INFO - Maximum log composite likelihood: -63.95316429697846.
2024-02-12 11:57:48,526 - INFO - Optimal value of theta: 464.45105487068525.
2024-02-12 11:57:48,526 - INFO - Beginning optimization with guess, [1.09350878].
2024-02-12 11:57:49,412 - INFO - Finished optimization with guess, [1.09350878].
2024-02-12 11:57:49,412 - INFO - Best fit parameters: [1.09350878].
2024-02-12 11:57:49,456 - INFO - Maximum log composite likelihood: -63.95316429697846.
2024-02-12 11:57:49,456 - INFO - Optimal value of theta: 464.45105487068525.
2024-02-12 11:57:49,457 - INFO - Beginning optimization with guess, [0.9002115].
2024-02-12 11:57:50,336 - INFO - Finished optimization with guess, [0.9002115].
2024-02-12 11:57:50,336 - INFO - Best fit parameters: [0.9002115].
2024-02-12 11:57:50,381 - INFO - Maximum log composite likelihood: -63.95316429697846.
2024-02-12 11:57:50,381 - INFO - Optimal value of theta: 464.45105487068525.
2024-02-12 11:57:50,381 - INFO - Beginning optimization with guess, [0.86086918].
2024-02-12 11:57:51,405 - INFO - Finished optimization with guess, [0.86086918].
2024-02-12 11:57:51,406 - INFO - Best fit parameters: [0.86086918].
2024-02-12 11:57:51,450 - INFO - Maximum log composite likelihood: -63.95316429697846.
2024-02-12 11:57:51,451 - INFO - Optimal value of theta: 464.45105487068525.
2024-02-12 11:57:51,451 - INFO - Beginning optimization with guess, [1.08722834].
2024-02-12 11:57:52,353 - INFO - Finished optimization with guess, [1.08722834].
2024-02-12 11:57:52,353 - INFO - Best fit parameters: [1.08722834].
2024-02-12 11:57:52,399 - INFO - Maximum log composite likelihood: -63.95316429697846.
2024-02-12 11:57:52,400 - INFO - Optimal value of theta: 464.45105487068525.
2024-02-12 11:57:52,400 - INFO - Beginning optimization with guess, [1.33760415].
2024-02-12 11:57:53,571 - INFO - Finished optimization with guess, [1.33760415].
2024-02-12 11:57:53,572 - INFO - Best fit parameters: [1.33760415].
2024-02-12 11:57:53,617 - INFO - Maximum log composite likelihood: -63.95316429697846.
2024-02-12 11:57:53,617 - INFO - Optimal value of theta: 464.45105487068525.
2024-02-12 11:57:53,617 - INFO - Beginning optimization with guess, [0.91975273].
2024-02-12 11:57:54,521 - INFO - Finished optimization with guess, [0.91975273].
2024-02-12 11:57:54,522 - INFO - Best fit parameters: [0.91975273].
2024-02-12 11:57:54,567 - INFO - Maximum log composite likelihood: -63.95316429697846.
2024-02-12 11:57:54,567 - INFO - Optimal value of theta: 464.45105487068525.
2024-02-12 11:57:54,568 - INFO - Beginning optimization with guess, [1.35918887].
2024-02-12 11:57:55,743 - INFO - Finished optimization with guess, [1.35918887].
2024-02-12 11:57:55,743 - INFO - Best fit parameters: [1.35918887].
2024-02-12 11:57:55,789 - INFO - Maximum log composite likelihood: -63.95316429697846.
2024-02-12 11:57:55,789 - INFO - Optimal value of theta: 464.45105487068525.
2024-02-12 11:57:55,789 - INFO - Beginning optimization with guess, [1.67792107].
2024-02-12 11:57:57,078 - INFO - Finished optimization with guess, [1.67792107].
2024-02-12 11:57:57,078 - INFO - Best fit parameters: [1.67792107].
2024-02-12 11:57:57,121 - INFO - Maximum log composite likelihood: -63.95316429697846.
2024-02-12 11:57:57,122 - INFO - Optimal value of theta: 464.45105487068525.
2024-02-12 11:57:57,122 - INFO - Beginning optimization with guess, [2.34285728].
2024-02-12 11:57:58,390 - INFO - Finished optimization with guess, [2.34285728].
2024-02-12 11:57:58,391 - INFO - Best fit parameters: [2.34285728].
2024-02-12 11:57:58,435 - INFO - Maximum log composite likelihood: -63.95316429697846.
2024-02-12 11:57:58,435 - INFO - Optimal value of theta: 464.45105487068525.
2024-02-12 11:57:58,435 - INFO - Beginning optimization with guess, [3.95459926].
2024-02-12 11:57:59,832 - INFO - Finished optimization with guess, [3.95459926].
2024-02-12 11:57:59,833 - INFO - Best fit parameters: [3.95459926].
2024-02-12 11:57:59,876 - INFO - Maximum log composite likelihood: -63.95316429697846.
2024-02-12 11:57:59,877 - INFO - Optimal value of theta: 464.45105487068525.
2024-02-12 11:57:59,877 - INFO - Beginning optimization with guess, [1.97606301].
2024-02-12 11:58:01,153 - INFO - Finished optimization with guess, [1.97606301].
2024-02-12 11:58:01,154 - INFO - Best fit parameters: [1.97606301].
2024-02-12 11:58:01,198 - INFO - Maximum log composite likelihood: -63.95316429697846.
2024-02-12 11:58:01,198 - INFO - Optimal value of theta: 464.45105487068525.
2024-02-12 11:58:01,199 - INFO - Beginning optimization with guess, [2.49001687].
2024-02-12 11:58:02,498 - INFO - Finished optimization with guess, [2.49001687].
2024-02-12 11:58:02,498 - INFO - Best fit parameters: [2.49001687].
2024-02-12 11:58:02,542 - INFO - Maximum log composite likelihood: -63.95316429697846.
2024-02-12 11:58:02,542 - INFO - Optimal value of theta: 464.45105487068525.
2024-02-12 11:58:02,542 - INFO - Beginning optimization with guess, [2.35959981].
2024-02-12 11:58:03,831 - INFO - Finished optimization with guess, [2.35959981].
2024-02-12 11:58:03,831 - INFO - Best fit parameters: [2.35959981].
2024-02-12 11:58:03,876 - INFO - Maximum log composite likelihood: -63.95316429697846.
2024-02-12 11:58:03,876 - INFO - Optimal value of theta: 464.45105487068525.
2024-02-12 11:58:03,876 - INFO - Beginning optimization with guess, [3.36289737].
2024-02-12 11:58:05,378 - INFO - Finished optimization with guess, [3.36289737].
2024-02-12 11:58:05,379 - INFO - Best fit parameters: [3.36289737].
2024-02-12 11:58:05,425 - INFO - Maximum log composite likelihood: -63.95316429697846.
2024-02-12 11:58:05,425 - INFO - Optimal value of theta: 464.45105487068525.
2024-02-12 11:58:05,425 - INFO - Beginning optimization with guess, [9.48339133].
2024-02-12 11:58:06,978 - INFO - Finished optimization with guess, [9.48339133].
2024-02-12 11:58:06,978 - INFO - Best fit parameters: [9.48339133].
2024-02-12 11:58:07,023 - INFO - Maximum log composite likelihood: -63.95316429697846.
2024-02-12 11:58:07,023 - INFO - Optimal value of theta: 464.45105487068525.
2024-02-12 11:58:07,023 - INFO - Beginning optimization with guess, [6.58916977].
2024-02-12 11:58:08,437 - INFO - Finished optimization with guess, [6.58916977].
2024-02-12 11:58:08,437 - INFO - Best fit parameters: [6.58916977].
2024-02-12 11:58:08,482 - INFO - Maximum log composite likelihood: -63.95316429697846.
2024-02-12 11:58:08,482 - INFO - Optimal value of theta: 464.45105487068525.
2024-02-12 11:58:08,483 - INFO - Beginning optimization with guess, [6.23596705].
2024-02-12 11:58:09,926 - INFO - Finished optimization with guess, [6.23596705].
2024-02-12 11:58:09,926 - INFO - Best fit parameters: [6.23596705].
2024-02-12 11:58:09,971 - INFO - Maximum log composite likelihood: -63.95316429697846.
2024-02-12 11:58:09,971 - INFO - Optimal value of theta: 464.45105487068525.
2024-02-12 11:58:09,972 - INFO - Beginning optimization with guess, [5.68787557].
2024-02-12 11:58:11,415 - INFO - Finished optimization with guess, [5.68787557].
2024-02-12 11:58:11,416 - INFO - Best fit parameters: [5.68787557].
2024-02-12 11:58:11,482 - INFO - Maximum log composite likelihood: -63.95316429697846.
2024-02-12 11:58:11,482 - INFO - Optimal value of theta: 464.45105487068525.
2024-02-12 11:58:11,484 - INFO - Beginning demographic inference for two-epoch demographic model.
2024-02-12 11:58:11,488 - INFO - Beginning optimization with guess, [0.05884032 0.00566196].
2024-02-12 11:58:13,832 - INFO - Finished optimization with guess, [0.05884032 0.00566196].
2024-02-12 11:58:13,832 - INFO - Best fit parameters: [0.43995982 0.20989153].
2024-02-12 11:58:13,891 - INFO - Maximum log composite likelihood: -37.09709092099814.
2024-02-12 11:58:13,891 - INFO - Optimal value of theta: 649.9596360896581.
2024-02-12 11:58:13,891 - INFO - Beginning optimization with guess, [0.25445757 0.00697212].
2024-02-12 11:58:16,309 - INFO - Finished optimization with guess, [0.25445757 0.00697212].
2024-02-12 11:58:16,310 - INFO - Best fit parameters: [0.45637011 0.33632702].
2024-02-12 11:58:16,373 - INFO - Maximum log composite likelihood: -36.711121325334204.
2024-02-12 11:58:16,373 - INFO - Optimal value of theta: 704.9304040617805.
2024-02-12 11:58:16,373 - INFO - Beginning optimization with guess, [0.41701097 0.00501549].
2024-02-12 11:58:19,206 - INFO - Finished optimization with guess, [0.41701097 0.00501549].
2024-02-12 11:58:19,206 - INFO - Best fit parameters: [0.33863871 0.36446032].
2024-02-12 11:58:19,278 - INFO - Maximum log composite likelihood: -36.263515264087516.
2024-02-12 11:58:19,278 - INFO - Optimal value of theta: 904.7200847994437.
2024-02-12 11:58:19,278 - INFO - Beginning optimization with guess, [0.26683524 0.01789028].
2024-02-12 11:58:21,990 - INFO - Finished optimization with guess, [0.26683524 0.01789028].
2024-02-12 11:58:21,991 - INFO - Best fit parameters: [0.34377888 0.3634595 ].
2024-02-12 11:58:22,060 - INFO - Maximum log composite likelihood: -36.26533569086274.
2024-02-12 11:58:22,060 - INFO - Optimal value of theta: 892.3422020144278.
2024-02-12 11:58:22,061 - INFO - Beginning optimization with guess, [0.69628358 0.01523465].
2024-02-12 11:58:24,839 - INFO - Finished optimization with guess, [0.69628358 0.01523465].
2024-02-12 11:58:24,839 - INFO - Best fit parameters: [0.43309372 0.32339971].
2024-02-12 11:58:24,903 - INFO - Maximum log composite likelihood: -36.47333848134258.
2024-02-12 11:58:24,903 - INFO - Optimal value of theta: 723.2765204465736.
2024-02-12 11:58:24,903 - INFO - Beginning optimization with guess, [0.64618165 0.00562384].
2024-02-12 11:58:28,038 - INFO - Finished optimization with guess, [0.64618165 0.00562384].
2024-02-12 11:58:28,039 - INFO - Best fit parameters: [0.276417   0.38110317].
2024-02-12 11:58:28,118 - INFO - Maximum log composite likelihood: -36.23441985212128.
2024-02-12 11:58:28,118 - INFO - Optimal value of theta: 1112.0693471664506.
2024-02-12 11:58:28,118 - INFO - Beginning optimization with guess, [0.43091623 0.00777078].
2024-02-12 11:58:31,430 - INFO - Finished optimization with guess, [0.43091623 0.00777078].
2024-02-12 11:58:31,430 - INFO - Best fit parameters: [0.33869682 0.37528726].
2024-02-12 11:58:31,503 - INFO - Maximum log composite likelihood: -36.25715414005049.
2024-02-12 11:58:31,503 - INFO - Optimal value of theta: 914.4090845523802.
2024-02-12 11:58:31,503 - INFO - Beginning optimization with guess, [0.84807136 0.00724283].
2024-02-12 11:58:34,364 - INFO - Finished optimization with guess, [0.84807136 0.00724283].
2024-02-12 11:58:34,365 - INFO - Best fit parameters: [0.71295605 0.24250666].
2024-02-12 11:58:34,419 - INFO - Maximum log composite likelihood: -45.023014699538294.
2024-02-12 11:58:34,419 - INFO - Optimal value of theta: 529.1599771000903.
2024-02-12 11:58:34,419 - INFO - Beginning optimization with guess, [1.00328024 0.01295726].
2024-02-12 11:58:41,478 - INFO - Finished optimization with guess, [1.00328024 0.01295726].
2024-02-12 11:58:41,479 - INFO - Best fit parameters: [0.99374081 0.44301534].
2024-02-12 11:58:41,543 - INFO - Maximum log composite likelihood: -63.49064365715071.
2024-02-12 11:58:41,544 - INFO - Optimal value of theta: 465.886559435077.
2024-02-12 11:58:41,544 - INFO - Beginning optimization with guess, [0.64551572 0.01036192].
2024-02-12 11:58:44,780 - INFO - Finished optimization with guess, [0.64551572 0.01036192].
2024-02-12 11:58:44,780 - INFO - Best fit parameters: [0.34893133 0.37461294].
2024-02-12 11:58:44,852 - INFO - Maximum log composite likelihood: -36.26851821797834.
2024-02-12 11:58:44,852 - INFO - Optimal value of theta: 890.7842601997797.
2024-02-12 11:58:44,853 - INFO - Beginning optimization with guess, [1.84988239 0.006694  ].
2024-02-12 11:58:48,681 - INFO - Finished optimization with guess, [1.84988239 0.006694  ].
2024-02-12 11:58:48,681 - INFO - Best fit parameters: [0.41297724 0.20801785].
2024-02-12 11:58:48,738 - INFO - Maximum log composite likelihood: -37.331119281906126.
2024-02-12 11:58:48,738 - INFO - Optimal value of theta: 670.6478041624962.
2024-02-12 11:58:48,738 - INFO - Beginning optimization with guess, [2.53784026 0.00516847].
2024-02-12 11:58:53,049 - INFO - Finished optimization with guess, [2.53784026 0.00516847].
2024-02-12 11:58:53,050 - INFO - Best fit parameters: [0.31256064 0.35028762].
2024-02-12 11:58:53,122 - INFO - Maximum log composite likelihood: -36.36310110862087.
2024-02-12 11:58:53,122 - INFO - Optimal value of theta: 955.15727518755.
2024-02-12 11:58:53,123 - INFO - Beginning optimization with guess, [2.4717616  0.00774799].
2024-02-12 11:58:56,877 - INFO - Finished optimization with guess, [2.4717616  0.00774799].
2024-02-12 11:58:56,878 - INFO - Best fit parameters: [0.32302924 0.37971294].
2024-02-12 11:58:56,950 - INFO - Maximum log composite likelihood: -36.247292490732036.
2024-02-12 11:58:56,950 - INFO - Optimal value of theta: 957.7386096190633.
2024-02-12 11:58:56,950 - INFO - Beginning optimization with guess, [1.95673835 0.01988317].
2024-02-12 11:59:00,085 - INFO - Finished optimization with guess, [1.95673835 0.01988317].
2024-02-12 11:59:00,085 - INFO - Best fit parameters: [0.31830835 0.37706433].
2024-02-12 11:59:00,160 - INFO - Maximum log composite likelihood: -36.24537829863084.
2024-02-12 11:59:00,160 - INFO - Optimal value of theta: 967.8630269056302.
2024-02-12 11:59:00,161 - INFO - Beginning optimization with guess, [3.1653009  0.00522206].
2024-02-12 11:59:04,339 - INFO - Finished optimization with guess, [3.1653009  0.00522206].
2024-02-12 11:59:04,340 - INFO - Best fit parameters: [0.45965074 0.25538231].
2024-02-12 11:59:04,397 - INFO - Maximum log composite likelihood: -36.733321508411336.
2024-02-12 11:59:04,397 - INFO - Optimal value of theta: 660.711207331963.
2024-02-12 11:59:04,397 - INFO - Beginning optimization with guess, [4.28713926 0.00687242].
2024-02-12 11:59:08,491 - INFO - Finished optimization with guess, [4.28713926 0.00687242].
2024-02-12 11:59:08,492 - INFO - Best fit parameters: [0.43559318 0.34737224].
2024-02-12 11:59:08,556 - INFO - Maximum log composite likelihood: -36.56215864330869.
2024-02-12 11:59:08,557 - INFO - Optimal value of theta: 733.5026536319771.
2024-02-12 11:59:08,557 - INFO - Beginning optimization with guess, [4.63671157 0.00555533].
2024-02-12 11:59:12,990 - INFO - Finished optimization with guess, [4.63671157 0.00555533].
2024-02-12 11:59:12,991 - INFO - Best fit parameters: [0.34532631 0.39177976].
2024-02-12 11:59:13,063 - INFO - Maximum log composite likelihood: -36.309586008147676.
2024-02-12 11:59:13,063 - INFO - Optimal value of theta: 913.4330692593328.
2024-02-12 11:59:13,063 - INFO - Beginning optimization with guess, [4.62759042 0.00772884].
2024-02-12 11:59:17,186 - INFO - Finished optimization with guess, [4.62759042 0.00772884].
2024-02-12 11:59:17,186 - INFO - Best fit parameters: [0.35628971 0.32608556].
2024-02-12 11:59:17,253 - INFO - Maximum log composite likelihood: -36.4160543611257.
2024-02-12 11:59:17,253 - INFO - Optimal value of theta: 834.9311343984712.
2024-02-12 11:59:17,253 - INFO - Beginning optimization with guess, [2.00647072 0.00806181].
2024-02-12 11:59:20,863 - INFO - Finished optimization with guess, [2.00647072 0.00806181].
2024-02-12 11:59:20,864 - INFO - Best fit parameters: [0.47390056 0.33840384].
2024-02-12 11:59:20,925 - INFO - Maximum log composite likelihood: -36.93983415223545.
2024-02-12 11:59:20,925 - INFO - Optimal value of theta: 688.5535624783842.
2024-02-12 11:59:20,925 - INFO - Beginning optimization with guess, [4.05086531 0.01768423].
2024-02-12 11:59:23,836 - INFO - Finished optimization with guess, [4.05086531 0.01768423].
2024-02-12 11:59:23,836 - INFO - Best fit parameters: [0.36797695 0.36203838].
2024-02-12 11:59:23,904 - INFO - Maximum log composite likelihood: -36.286181978584125.
2024-02-12 11:59:23,904 - INFO - Optimal value of theta: 842.6185986671982.
2024-02-12 11:59:23,904 - INFO - Beginning optimization with guess, [3.7798122  0.01621112].
2024-02-12 11:59:27,142 - INFO - Finished optimization with guess, [3.7798122  0.01621112].
2024-02-12 11:59:27,142 - INFO - Best fit parameters: [0.40457609 0.35884448].
2024-02-12 11:59:27,208 - INFO - Maximum log composite likelihood: -36.40020829510746.
2024-02-12 11:59:27,208 - INFO - Optimal value of theta: 780.6914516819922.
2024-02-12 11:59:27,208 - INFO - Beginning optimization with guess, [4.16746398 0.00918865].
2024-02-12 11:59:31,015 - INFO - Finished optimization with guess, [4.16746398 0.00918865].
2024-02-12 11:59:31,015 - INFO - Best fit parameters: [0.32492105 0.32809015].
2024-02-12 11:59:31,085 - INFO - Maximum log composite likelihood: -36.54204236817162.
2024-02-12 11:59:31,085 - INFO - Optimal value of theta: 900.8110033226433.
2024-02-12 11:59:31,085 - INFO - Beginning optimization with guess, [7.43950864 0.01058836].
2024-02-12 11:59:33,265 - INFO - Finished optimization with guess, [7.43950864 0.01058836].
2024-02-12 11:59:33,266 - INFO - Best fit parameters: [1.30633252e-03 7.34634204e-05].
2024-02-12 11:59:33,312 - INFO - Maximum log composite likelihood: -49.30426051211532.
2024-02-12 11:59:33,312 - INFO - Optimal value of theta: 529.2182099948647.
2024-02-12 11:59:33,312 - INFO - Beginning optimization with guess, [3.97804906 0.00932523].
2024-02-12 11:59:37,078 - INFO - Finished optimization with guess, [3.97804906 0.00932523].
2024-02-12 11:59:37,078 - INFO - Best fit parameters: [0.33704593 0.32924248].
2024-02-12 11:59:37,147 - INFO - Maximum log composite likelihood: -36.46958209952953.
2024-02-12 11:59:37,147 - INFO - Optimal value of theta: 875.3359784887627.
2024-02-12 11:59:37,148 - INFO - Beginning optimization with guess, [4.16932844 0.01297757].
2024-02-12 11:59:40,781 - INFO - Finished optimization with guess, [4.16932844 0.01297757].
2024-02-12 11:59:40,782 - INFO - Best fit parameters: [0.40455618 0.31675157].
2024-02-12 11:59:40,846 - INFO - Maximum log composite likelihood: -36.37869939607788.
2024-02-12 11:59:40,846 - INFO - Optimal value of theta: 753.8123388626324.
2024-02-12 11:59:40,848 - INFO - Beginning demographic inference for three-epoch demographic model.
2024-02-12 11:59:40,851 - INFO - Beginning optimization with guess, [0.01668406 0.00501711 0.01825207 0.01166331].
2024-02-12 11:59:49,862 - INFO - Finished optimization with guess, [0.01668406 0.00501711 0.01825207 0.01166331].
2024-02-12 11:59:49,863 - INFO - Best fit parameters: [0.01318397 0.00358385 0.01800948 0.01690581].
2024-02-12 11:59:50,055 - INFO - Maximum log composite likelihood: -36.226296388673745.
2024-02-12 11:59:50,056 - INFO - Optimal value of theta: 85839.43829816412.
2024-02-12 11:59:50,056 - INFO - Beginning optimization with guess, [0.01191493 0.02812995 0.008818   0.01664501].
2024-02-12 11:59:56,045 - INFO - Finished optimization with guess, [0.01191493 0.02812995 0.008818   0.01664501].
2024-02-12 11:59:56,045 - INFO - Best fit parameters: [0.00723652 0.0280908  0.02120154 0.01606814].
2024-02-12 11:59:56,176 - INFO - Maximum log composite likelihood: -35.99084863385542.
2024-02-12 11:59:56,176 - INFO - Optimal value of theta: 11020.886625033687.
2024-02-12 11:59:56,177 - INFO - Beginning optimization with guess, [0.02733368 0.05854679 0.00522765 0.01009933].
2024-02-12 11:59:58,504 - INFO - Finished optimization with guess, [0.02733368 0.05854679 0.00522765 0.01009933].
2024-02-12 11:59:58,505 - INFO - Best fit parameters: [0.02957943 0.3504943  0.00169953 0.00925544].
2024-02-12 11:59:58,552 - INFO - Maximum log composite likelihood: -45.83172555889598.
2024-02-12 11:59:58,552 - INFO - Optimal value of theta: 542.1231153765269.
2024-02-12 11:59:58,552 - INFO - Beginning optimization with guess, [0.0570147  0.06154094 0.00606824 0.01344953].
2024-02-12 12:00:00,677 - INFO - Finished optimization with guess, [0.0570147  0.06154094 0.00606824 0.01344953].
2024-02-12 12:00:00,677 - INFO - Best fit parameters: [0.05092854 0.198315   0.00212075 0.00721425].
2024-02-12 12:00:00,724 - INFO - Maximum log composite likelihood: -47.068825644994774.
2024-02-12 12:00:00,724 - INFO - Optimal value of theta: 539.3599359219598.
2024-02-12 12:00:00,724 - INFO - Beginning optimization with guess, [0.0992857  0.08530007 0.00976028 0.00601171].
2024-02-12 12:00:02,789 - INFO - Finished optimization with guess, [0.0992857  0.08530007 0.00976028 0.00601171].
2024-02-12 12:00:02,789 - INFO - Best fit parameters: [0.02674447 0.52166422 0.00069458 0.10233012].
2024-02-12 12:00:02,840 - INFO - Maximum log composite likelihood: -39.575520353838044.
2024-02-12 12:00:02,840 - INFO - Optimal value of theta: 560.3623690258728.
2024-02-12 12:00:02,840 - INFO - Beginning optimization with guess, [0.63372913 0.35442911 0.01772341 0.01475698].
2024-02-12 12:00:05,088 - INFO - Finished optimization with guess, [0.63372913 0.35442911 0.01772341 0.01475698].
2024-02-12 12:00:05,089 - INFO - Best fit parameters: [0.50693806 0.44968177 0.0133532  0.25564811].
2024-02-12 12:00:05,148 - INFO - Maximum log composite likelihood: -36.63777260134714.
2024-02-12 12:00:05,148 - INFO - Optimal value of theta: 675.0308533046929.
2024-02-12 12:00:05,149 - INFO - Beginning optimization with guess, [0.39225715 0.61950268 0.00580477 0.01711505].
2024-02-12 12:00:08,410 - INFO - Finished optimization with guess, [0.39225715 0.61950268 0.00580477 0.01711505].
2024-02-12 12:00:08,410 - INFO - Best fit parameters: [0.25239626 0.53837664 0.26229342 0.01716643].
2024-02-12 12:00:08,480 - INFO - Maximum log composite likelihood: -33.605203581599824.
2024-02-12 12:00:08,480 - INFO - Optimal value of theta: 983.0455852037845.
2024-02-12 12:00:08,481 - INFO - Beginning optimization with guess, [0.48428322 0.96135353 0.00889546 0.00993406].
2024-02-12 12:00:11,235 - INFO - Finished optimization with guess, [0.48428322 0.96135353 0.00889546 0.00993406].
2024-02-12 12:00:11,236 - INFO - Best fit parameters: [0.28331755 0.96539203 0.22699519 0.01895584].
2024-02-12 12:00:11,302 - INFO - Maximum log composite likelihood: -33.04438818324695.
2024-02-12 12:00:11,302 - INFO - Optimal value of theta: 827.3065288902948.
2024-02-12 12:00:11,302 - INFO - Beginning optimization with guess, [1.4607529  0.60213416 0.00858084 0.00578148].
2024-02-12 12:00:13,899 - INFO - Finished optimization with guess, [1.4607529  0.60213416 0.00858084 0.00578148].
2024-02-12 12:00:13,899 - INFO - Best fit parameters: [1.52968647 0.5213353  0.00431352 0.28287295].
2024-02-12 12:00:13,958 - INFO - Maximum log composite likelihood: -37.5219762182079.
2024-02-12 12:00:13,958 - INFO - Optimal value of theta: 627.1061509034005.
2024-02-12 12:00:13,958 - INFO - Beginning optimization with guess, [0.79807545 1.83214122 0.00645787 0.00529136].
2024-02-12 12:00:16,698 - INFO - Finished optimization with guess, [0.79807545 1.83214122 0.00645787 0.00529136].
2024-02-12 12:00:16,699 - INFO - Best fit parameters: [6.91887827e-01 1.84953952e+00 3.24748758e-01 8.13963299e-04].
2024-02-12 12:00:16,757 - INFO - Maximum log composite likelihood: -44.0390751885912.
2024-02-12 12:00:16,757 - INFO - Optimal value of theta: 549.2734868693772.
2024-02-12 12:00:16,757 - INFO - Beginning optimization with guess, [2.15261646 1.80156624 0.00783724 0.0193504 ].
2024-02-12 12:00:18,720 - INFO - Finished optimization with guess, [2.15261646 1.80156624 0.00783724 0.0193504 ].
2024-02-12 12:00:18,720 - INFO - Best fit parameters: [2.43431615e+00 4.77198870e-01 2.15458262e-05 9.37371498e-04].
2024-02-12 12:00:18,766 - INFO - Maximum log composite likelihood: -63.28186997533828.
2024-02-12 12:00:18,767 - INFO - Optimal value of theta: 465.71300515083766.
2024-02-12 12:00:18,767 - INFO - Beginning optimization with guess, [1.28654356 2.54005939 0.00612076 0.0177757 ].
2024-02-12 12:00:20,787 - INFO - Finished optimization with guess, [1.28654356 2.54005939 0.00612076 0.0177757 ].
2024-02-12 12:00:20,788 - INFO - Best fit parameters: [1.17692063e+00 1.14037345e-06 2.62010629e-17 1.95081444e-44].
2024-02-12 12:00:20,833 - INFO - Maximum log composite likelihood: -63.95316429697863.
2024-02-12 12:00:20,833 - INFO - Optimal value of theta: 464.4510548706857.
2024-02-12 12:00:20,833 - INFO - Beginning optimization with guess, [1.31273189 1.40816815 0.01616655 0.01094154].
2024-02-12 12:00:22,896 - INFO - Finished optimization with guess, [1.31273189 1.40816815 0.01616655 0.01094154].
2024-02-12 12:00:22,897 - INFO - Best fit parameters: [8.62469405e-01 1.27654500e+00 4.94595911e-03 2.15522430e-05].
2024-02-12 12:00:22,944 - INFO - Maximum log composite likelihood: -63.43790810023086.
2024-02-12 12:00:22,944 - INFO - Optimal value of theta: 465.40478375915967.
2024-02-12 12:00:22,945 - INFO - Beginning optimization with guess, [1.46442873 1.69509845 0.01159575 0.00908444].
2024-02-12 12:00:25,073 - INFO - Finished optimization with guess, [1.46442873 1.69509845 0.01159575 0.00908444].
2024-02-12 12:00:25,073 - INFO - Best fit parameters: [9.30548119e-01 1.16421236e+00 8.76285015e-04 1.34013943e-04].
2024-02-12 12:00:25,120 - INFO - Maximum log composite likelihood: -63.921872729565564.
2024-02-12 12:00:25,120 - INFO - Optimal value of theta: 464.50900743468475.
2024-02-12 12:00:25,120 - INFO - Beginning optimization with guess, [4.16582554 1.4276335  0.0064924  0.01290553].
2024-02-12 12:00:27,222 - INFO - Finished optimization with guess, [4.16582554 1.4276335  0.0064924  0.01290553].
2024-02-12 12:00:27,222 - INFO - Best fit parameters: [4.97113959e-01 1.08182136e+00 1.12815572e-05 4.40687432e-05].
2024-02-12 12:00:27,270 - INFO - Maximum log composite likelihood: -63.94771838129316.
2024-02-12 12:00:27,270 - INFO - Optimal value of theta: 464.4612068701429.
2024-02-12 12:00:27,270 - INFO - Beginning optimization with guess, [1.94162175 4.42145311 0.0157013  0.01017652].
2024-02-12 12:00:29,320 - INFO - Finished optimization with guess, [1.94162175 4.42145311 0.0157013  0.01017652].
2024-02-12 12:00:29,321 - INFO - Best fit parameters: [7.48587715e-01 1.29559981e+00 1.24249891e-03 1.64533290e-04].
2024-02-12 12:00:29,368 - INFO - Maximum log composite likelihood: -63.699377089953316.
2024-02-12 12:00:29,368 - INFO - Optimal value of theta: 464.9227459226747.
2024-02-12 12:00:29,368 - INFO - Beginning optimization with guess, [3.51149343 1.92570664 0.01797684 0.01934711].
2024-02-12 12:00:31,500 - INFO - Finished optimization with guess, [3.51149343 1.92570664 0.01797684 0.01934711].
2024-02-12 12:00:31,500 - INFO - Best fit parameters: [3.36442054e-01 9.78213784e-01 1.82354582e-04 1.71062627e-05].
2024-02-12 12:00:31,547 - INFO - Maximum log composite likelihood: -63.71132170377456.
2024-02-12 12:00:31,547 - INFO - Optimal value of theta: 464.9036257908777.
2024-02-12 12:00:31,548 - INFO - Beginning optimization with guess, [5.5206201  3.59572018 0.01152441 0.00787976].
2024-02-12 12:00:33,699 - INFO - Finished optimization with guess, [5.5206201  3.59572018 0.01152441 0.00787976].
2024-02-12 12:00:33,699 - INFO - Best fit parameters: [2.46621322e+00 2.84521500e-01 1.97722741e-05 2.48880485e-04].
2024-02-12 12:00:33,745 - INFO - Maximum log composite likelihood: -63.54264494958585.
2024-02-12 12:00:33,745 - INFO - Optimal value of theta: 465.2215653447119.
2024-02-12 12:00:33,745 - INFO - Beginning optimization with guess, [5.18916675 2.97763839 0.01073149 0.014624  ].
2024-02-12 12:00:35,808 - INFO - Finished optimization with guess, [5.18916675 2.97763839 0.01073149 0.014624  ].
2024-02-12 12:00:35,811 - INFO - Best fit parameters: [3.24163525e+00 2.52954625e-01 1.93761712e-06 3.07378353e-03].
2024-02-12 12:00:35,857 - INFO - Maximum log composite likelihood: -58.713155993299154.
2024-02-12 12:00:35,858 - INFO - Optimal value of theta: 475.4185972409994.
2024-02-12 12:00:35,858 - INFO - Beginning optimization with guess, [5.80213177 4.13858182 0.00699959 0.00628495].
2024-02-12 12:00:38,026 - INFO - Finished optimization with guess, [5.80213177 4.13858182 0.00699959 0.00628495].
2024-02-12 12:00:38,026 - INFO - Best fit parameters: [5.51228966e-01 6.80532787e-01 4.14531732e-05 6.88535131e-05].
2024-02-12 12:00:38,073 - INFO - Maximum log composite likelihood: -63.908505108877364.
2024-02-12 12:00:38,073 - INFO - Optimal value of theta: 464.5343655275189.
2024-02-12 12:00:38,073 - INFO - Beginning optimization with guess, [5.23005859 2.98626682 0.01947447 0.01515727].
2024-02-12 12:00:40,221 - INFO - Finished optimization with guess, [5.23005859 2.98626682 0.01947447 0.01515727].
2024-02-12 12:00:40,221 - INFO - Best fit parameters: [2.38873731e+00 4.58657431e-01 1.30646174e-04 4.87824880e-04].
2024-02-12 12:00:40,267 - INFO - Maximum log composite likelihood: -63.618652901369956.
2024-02-12 12:00:40,267 - INFO - Optimal value of theta: 465.07698998462746.
2024-02-12 12:00:40,268 - INFO - Beginning optimization with guess, [2.60126784e+00 7.10337117e+00 7.23900915e-03 5.94602284e-03].
2024-02-12 12:00:42,462 - INFO - Finished optimization with guess, [2.60126784e+00 7.10337117e+00 7.23900915e-03 5.94602284e-03].
2024-02-12 12:00:42,463 - INFO - Best fit parameters: [7.71783510e-01 5.14710960e-01 8.99400020e-05 2.97494569e-05].
2024-02-12 12:00:42,508 - INFO - Maximum log composite likelihood: -63.91620628969247.
2024-02-12 12:00:42,508 - INFO - Optimal value of theta: 464.5199941869594.
2024-02-12 12:00:42,509 - INFO - Beginning optimization with guess, [4.3582837  3.30209012 0.00791087 0.01579061].
2024-02-12 12:00:44,562 - INFO - Finished optimization with guess, [4.3582837  3.30209012 0.00791087 0.01579061].
2024-02-12 12:00:44,562 - INFO - Best fit parameters: [5.44435985e-01 1.99955736e+00 4.53545074e-04 1.29798666e-04].
2024-02-12 12:00:44,608 - INFO - Maximum log composite likelihood: -63.74204277917846.
2024-02-12 12:00:44,609 - INFO - Optimal value of theta: 464.84471095435543.
2024-02-12 12:00:44,609 - INFO - Beginning optimization with guess, [1.08676130e+01 4.04307543e+00 7.45572198e-03 1.34060303e-02].
2024-02-12 12:00:46,548 - INFO - Finished optimization with guess, [1.08676130e+01 4.04307543e+00 7.45572198e-03 1.34060303e-02].
2024-02-12 12:00:46,548 - INFO - Best fit parameters: [3.08389147e+01 2.90370203e-01 9.97746083e-05 3.20109322e-03].
2024-02-12 12:00:46,596 - INFO - Maximum log composite likelihood: -59.39530659870957.
2024-02-12 12:00:46,596 - INFO - Optimal value of theta: 473.80857794518727.
2024-02-12 12:00:46,596 - INFO - Beginning optimization with guess, [1.02221603e+01 7.86249940e+00 1.72330754e-02 5.38179339e-03].
2024-02-12 12:00:48,703 - INFO - Finished optimization with guess, [1.02221603e+01 7.86249940e+00 1.72330754e-02 5.38179339e-03].
2024-02-12 12:00:48,704 - INFO - Best fit parameters: [4.53762051e+00 5.22342177e-01 1.06841079e-04 4.10152735e-04].
2024-02-12 12:00:48,751 - INFO - Maximum log composite likelihood: -63.75705900356911.
2024-02-12 12:00:48,751 - INFO - Optimal value of theta: 464.817145838825.
2024-02-12 12:00:48,753 - INFO - Finished demographic inference.
2024-02-12 12:00:48,753 - INFO - Pipeline executed succesfully.
