2024-03-14 22:39:25,344 - INFO - Beginning execution of fit_demographic_model.py in directory /u/project/kirk/jonmah/sample_size_demography/Scripts

2024-03-14 22:39:25,349 - INFO - Progress is being logged to ../Analysis/ThreeEpochBottleneck_530/log.log

2024-03-14 22:39:25,349 - INFO - Parsed the following arguments:
	syn_input_sfs = ../Analysis/ThreeEpochExpansion_530/syn_downsampled_sfs.txt
	mask_singletons = False
	mask_doubletons = False
	outprefix = ../Analysis/ThreeEpochBottleneck_530/

2024-03-14 22:39:25,401 - INFO - Beginning demographic inference for one-epoch demographic model.
2024-03-14 22:39:25,410 - INFO - Beginning optimization with guess, [0.14506912].
2024-03-14 22:40:32,071 - INFO - Finished optimization with guess, [0.14506912].
2024-03-14 22:40:32,078 - INFO - Best fit parameters: [0.14506912].
2024-03-14 22:40:34,179 - INFO - Maximum log composite likelihood: -10103.4871959249.
2024-03-14 22:40:34,179 - INFO - Optimal value of theta: 18343.797592013143.
2024-03-14 22:40:34,180 - INFO - Beginning optimization with guess, [0.36380565].
2024-03-14 22:41:34,669 - INFO - Finished optimization with guess, [0.36380565].
2024-03-14 22:41:34,674 - INFO - Best fit parameters: [0.36380565].
2024-03-14 22:41:36,758 - INFO - Maximum log composite likelihood: -10103.4871959249.
2024-03-14 22:41:36,758 - INFO - Optimal value of theta: 18343.797592013143.
2024-03-14 22:41:36,758 - INFO - Beginning optimization with guess, [0.4570074].
2024-03-14 22:42:37,387 - INFO - Finished optimization with guess, [0.4570074].
2024-03-14 22:42:37,398 - INFO - Best fit parameters: [0.4570074].
2024-03-14 22:42:39,498 - INFO - Maximum log composite likelihood: -10103.4871959249.
2024-03-14 22:42:39,498 - INFO - Optimal value of theta: 18343.797592013143.
2024-03-14 22:42:39,499 - INFO - Beginning optimization with guess, [0.25760294].
2024-03-14 22:43:46,374 - INFO - Finished optimization with guess, [0.25760294].
2024-03-14 22:43:46,386 - INFO - Best fit parameters: [0.25760294].
2024-03-14 22:43:48,465 - INFO - Maximum log composite likelihood: -10103.4871959249.
2024-03-14 22:43:48,466 - INFO - Optimal value of theta: 18343.797592013143.
2024-03-14 22:43:48,466 - INFO - Beginning optimization with guess, [0.37302044].
2024-03-14 22:44:48,862 - INFO - Finished optimization with guess, [0.37302044].
2024-03-14 22:44:48,869 - INFO - Best fit parameters: [0.37302044].
2024-03-14 22:44:50,973 - INFO - Maximum log composite likelihood: -10103.4871959249.
2024-03-14 22:44:50,973 - INFO - Optimal value of theta: 18343.797592013143.
2024-03-14 22:44:50,974 - INFO - Beginning optimization with guess, [1.00172517].
2024-03-14 22:44:55,159 - INFO - Finished optimization with guess, [1.00172517].
2024-03-14 22:44:55,164 - INFO - Best fit parameters: [1.00172517].
2024-03-14 22:44:57,233 - INFO - Maximum log composite likelihood: -10103.4871959249.
2024-03-14 22:44:57,238 - INFO - Optimal value of theta: 18343.797592013143.
2024-03-14 22:44:57,239 - INFO - Beginning optimization with guess, [0.36539784].
2024-03-14 22:45:57,512 - INFO - Finished optimization with guess, [0.36539784].
2024-03-14 22:45:57,518 - INFO - Best fit parameters: [0.36539784].
2024-03-14 22:45:59,602 - INFO - Maximum log composite likelihood: -10103.4871959249.
2024-03-14 22:45:59,603 - INFO - Optimal value of theta: 18343.797592013143.
2024-03-14 22:45:59,603 - INFO - Beginning optimization with guess, [0.40902846].
2024-03-14 22:47:01,361 - INFO - Finished optimization with guess, [0.40902846].
2024-03-14 22:47:01,363 - INFO - Best fit parameters: [0.40902846].
2024-03-14 22:47:03,539 - INFO - Maximum log composite likelihood: -10103.4871959249.
2024-03-14 22:47:03,539 - INFO - Optimal value of theta: 18343.797592013143.
2024-03-14 22:47:03,539 - INFO - Beginning optimization with guess, [0.50844765].
2024-03-14 22:48:04,225 - INFO - Finished optimization with guess, [0.50844765].
2024-03-14 22:48:04,232 - INFO - Best fit parameters: [0.50844765].
2024-03-14 22:48:06,317 - INFO - Maximum log composite likelihood: -10103.4871959249.
2024-03-14 22:48:06,318 - INFO - Optimal value of theta: 18343.797592013143.
2024-03-14 22:48:06,318 - INFO - Beginning optimization with guess, [1.22411137].
2024-03-14 22:48:54,270 - INFO - Finished optimization with guess, [1.22411137].
2024-03-14 22:48:54,274 - INFO - Best fit parameters: [1.22411137].
2024-03-14 22:48:56,354 - INFO - Maximum log composite likelihood: -10103.4871959249.
2024-03-14 22:48:56,354 - INFO - Optimal value of theta: 18343.797592013143.
2024-03-14 22:48:56,355 - INFO - Beginning optimization with guess, [1.19294318].
2024-03-14 22:49:44,380 - INFO - Finished optimization with guess, [1.19294318].
2024-03-14 22:49:44,386 - INFO - Best fit parameters: [1.19294318].
2024-03-14 22:49:46,459 - INFO - Maximum log composite likelihood: -10103.4871959249.
2024-03-14 22:49:46,459 - INFO - Optimal value of theta: 18343.797592013143.
2024-03-14 22:49:46,460 - INFO - Beginning optimization with guess, [0.79159562].
2024-03-14 22:50:34,457 - INFO - Finished optimization with guess, [0.79159562].
2024-03-14 22:50:34,459 - INFO - Best fit parameters: [0.79159562].
2024-03-14 22:50:36,551 - INFO - Maximum log composite likelihood: -10103.4871959249.
2024-03-14 22:50:36,551 - INFO - Optimal value of theta: 18343.797592013143.
2024-03-14 22:50:36,552 - INFO - Beginning optimization with guess, [3.34064265].
2024-03-14 22:51:43,523 - INFO - Finished optimization with guess, [3.34064265].
2024-03-14 22:51:43,524 - INFO - Best fit parameters: [3.34064265].
2024-03-14 22:51:45,630 - INFO - Maximum log composite likelihood: -10103.4871959249.
2024-03-14 22:51:45,631 - INFO - Optimal value of theta: 18343.797592013143.
2024-03-14 22:51:45,631 - INFO - Beginning optimization with guess, [3.21530958].
2024-03-14 22:52:52,469 - INFO - Finished optimization with guess, [3.21530958].
2024-03-14 22:52:52,474 - INFO - Best fit parameters: [3.21530958].
2024-03-14 22:52:54,596 - INFO - Maximum log composite likelihood: -10103.4871959249.
2024-03-14 22:52:54,596 - INFO - Optimal value of theta: 18343.797592013143.
2024-03-14 22:52:54,597 - INFO - Beginning optimization with guess, [1.26965775].
2024-03-14 22:53:42,515 - INFO - Finished optimization with guess, [1.26965775].
2024-03-14 22:53:42,517 - INFO - Best fit parameters: [1.26965775].
2024-03-14 22:53:44,611 - INFO - Maximum log composite likelihood: -10103.4871959249.
2024-03-14 22:53:44,611 - INFO - Optimal value of theta: 18343.797592013143.
2024-03-14 22:53:44,611 - INFO - Beginning optimization with guess, [4.47892644].
2024-03-14 22:54:51,551 - INFO - Finished optimization with guess, [4.47892644].
2024-03-14 22:54:51,556 - INFO - Best fit parameters: [4.47892644].
2024-03-14 22:54:53,654 - INFO - Maximum log composite likelihood: -10103.4871959249.
2024-03-14 22:54:53,654 - INFO - Optimal value of theta: 18343.797592013143.
2024-03-14 22:54:53,654 - INFO - Beginning optimization with guess, [2.35535729].
2024-03-14 22:55:54,200 - INFO - Finished optimization with guess, [2.35535729].
2024-03-14 22:55:54,202 - INFO - Best fit parameters: [2.35535729].
2024-03-14 22:55:56,305 - INFO - Maximum log composite likelihood: -10103.4871959249.
2024-03-14 22:55:56,305 - INFO - Optimal value of theta: 18343.797592013143.
2024-03-14 22:55:56,305 - INFO - Beginning optimization with guess, [4.57189639].
2024-03-14 22:57:02,776 - INFO - Finished optimization with guess, [4.57189639].
2024-03-14 22:57:02,777 - INFO - Best fit parameters: [4.57189639].
2024-03-14 22:57:04,835 - INFO - Maximum log composite likelihood: -10103.4871959249.
2024-03-14 22:57:04,836 - INFO - Optimal value of theta: 18343.797592013143.
2024-03-14 22:57:04,836 - INFO - Beginning optimization with guess, [3.34486261].
2024-03-14 22:58:11,213 - INFO - Finished optimization with guess, [3.34486261].
2024-03-14 22:58:11,218 - INFO - Best fit parameters: [3.34486261].
2024-03-14 22:58:13,253 - INFO - Maximum log composite likelihood: -10103.4871959249.
2024-03-14 22:58:13,253 - INFO - Optimal value of theta: 18343.797592013143.
2024-03-14 22:58:13,253 - INFO - Beginning optimization with guess, [2.3142187].
2024-03-14 22:59:13,709 - INFO - Finished optimization with guess, [2.3142187].
2024-03-14 22:59:13,716 - INFO - Best fit parameters: [2.3142187].
2024-03-14 22:59:15,811 - INFO - Maximum log composite likelihood: -10103.4871959249.
2024-03-14 22:59:15,812 - INFO - Optimal value of theta: 18343.797592013143.
2024-03-14 22:59:15,812 - INFO - Beginning optimization with guess, [2.16821228].
2024-03-14 23:00:16,614 - INFO - Finished optimization with guess, [2.16821228].
2024-03-14 23:00:16,628 - INFO - Best fit parameters: [2.16821228].
2024-03-14 23:00:18,828 - INFO - Maximum log composite likelihood: -10103.4871959249.
2024-03-14 23:00:18,829 - INFO - Optimal value of theta: 18343.797592013143.
2024-03-14 23:00:18,829 - INFO - Beginning optimization with guess, [2.81185185].
2024-03-14 23:01:24,831 - INFO - Finished optimization with guess, [2.81185185].
2024-03-14 23:01:24,833 - INFO - Best fit parameters: [2.81185185].
2024-03-14 23:01:26,859 - INFO - Maximum log composite likelihood: -10103.4871959249.
2024-03-14 23:01:26,859 - INFO - Optimal value of theta: 18343.797592013143.
2024-03-14 23:01:26,859 - INFO - Beginning optimization with guess, [11.76660234].
2024-03-14 23:02:39,368 - INFO - Finished optimization with guess, [11.76660234].
2024-03-14 23:02:39,372 - INFO - Best fit parameters: [11.76660234].
2024-03-14 23:02:41,413 - INFO - Maximum log composite likelihood: -10103.4871959249.
2024-03-14 23:02:41,413 - INFO - Optimal value of theta: 18343.797592013143.
2024-03-14 23:02:41,413 - INFO - Beginning optimization with guess, [6.08756672].
2024-03-14 23:03:46,845 - INFO - Finished optimization with guess, [6.08756672].
2024-03-14 23:03:46,848 - INFO - Best fit parameters: [6.08756672].
2024-03-14 23:03:48,901 - INFO - Maximum log composite likelihood: -10103.4871959249.
2024-03-14 23:03:48,901 - INFO - Optimal value of theta: 18343.797592013143.
2024-03-14 23:03:48,901 - INFO - Beginning optimization with guess, [13.06811921].
2024-03-14 23:05:01,785 - INFO - Finished optimization with guess, [13.06811921].
2024-03-14 23:05:01,787 - INFO - Best fit parameters: [13.06811921].
2024-03-14 23:05:03,826 - INFO - Maximum log composite likelihood: -10103.4871959249.
2024-03-14 23:05:03,826 - INFO - Optimal value of theta: 18343.797592013143.
2024-03-14 23:05:03,837 - INFO - Finished demographic inference.
2024-03-14 23:05:03,837 - INFO - Pipeline executed succesfully.
