2024-03-14 20:31:16,347 - INFO - Beginning execution of fit_demographic_model.py in directory /u/project/kirk/jonmah/sample_size_demography/Scripts

2024-03-14 20:31:16,347 - INFO - Progress is being logged to ../Analysis/TwoEpochContraction_780/log.log

2024-03-14 20:31:16,348 - INFO - Parsed the following arguments:
	syn_input_sfs = ../Analysis/TwoEpochContraction_780/syn_downsampled_sfs.txt
	mask_singletons = False
	mask_doubletons = False
	outprefix = ../Analysis/TwoEpochContraction_780/

2024-03-14 20:31:16,374 - INFO - Beginning demographic inference for one-epoch demographic model.
2024-03-14 20:31:16,375 - INFO - Beginning optimization with guess, [0.06231694].
2024-03-14 20:32:25,000 - INFO - Finished optimization with guess, [0.06231694].
2024-03-14 20:32:25,003 - INFO - Best fit parameters: [0.06231694].
2024-03-14 20:32:27,137 - INFO - Maximum log composite likelihood: -3594.1518918979905.
2024-03-14 20:32:27,138 - INFO - Optimal value of theta: 8316.232075374493.
2024-03-14 20:32:27,138 - INFO - Beginning optimization with guess, [0.33521538].
2024-03-14 20:33:32,169 - INFO - Finished optimization with guess, [0.33521538].
2024-03-14 20:33:32,170 - INFO - Best fit parameters: [0.33521538].
2024-03-14 20:33:34,202 - INFO - Maximum log composite likelihood: -3594.1518918979905.
2024-03-14 20:33:34,203 - INFO - Optimal value of theta: 8316.232075374493.
2024-03-14 20:33:34,203 - INFO - Beginning optimization with guess, [0.18159852].
2024-03-14 20:34:37,556 - INFO - Finished optimization with guess, [0.18159852].
2024-03-14 20:34:37,558 - INFO - Best fit parameters: [0.18159852].
2024-03-14 20:34:39,505 - INFO - Maximum log composite likelihood: -3594.1518918979905.
2024-03-14 20:34:39,505 - INFO - Optimal value of theta: 8316.232075374493.
2024-03-14 20:34:39,506 - INFO - Beginning optimization with guess, [0.20984938].
2024-03-14 20:35:42,279 - INFO - Finished optimization with guess, [0.20984938].
2024-03-14 20:35:42,281 - INFO - Best fit parameters: [0.20984938].
2024-03-14 20:35:44,291 - INFO - Maximum log composite likelihood: -3594.1518918979905.
2024-03-14 20:35:44,292 - INFO - Optimal value of theta: 8316.232075374493.
2024-03-14 20:35:44,292 - INFO - Beginning optimization with guess, [0.4734961].
2024-03-14 20:36:41,701 - INFO - Finished optimization with guess, [0.4734961].
2024-03-14 20:36:41,702 - INFO - Best fit parameters: [0.4734961].
2024-03-14 20:36:43,746 - INFO - Maximum log composite likelihood: -3594.1518918979905.
2024-03-14 20:36:43,746 - INFO - Optimal value of theta: 8316.232075374493.
2024-03-14 20:36:43,747 - INFO - Beginning optimization with guess, [0.3246305].
2024-03-14 20:37:48,636 - INFO - Finished optimization with guess, [0.3246305].
2024-03-14 20:37:48,638 - INFO - Best fit parameters: [0.3246305].
2024-03-14 20:37:50,665 - INFO - Maximum log composite likelihood: -3594.1518918979905.
2024-03-14 20:37:50,665 - INFO - Optimal value of theta: 8316.232075374493.
2024-03-14 20:37:50,665 - INFO - Beginning optimization with guess, [0.53285029].
2024-03-14 20:38:50,200 - INFO - Finished optimization with guess, [0.53285029].
2024-03-14 20:38:50,201 - INFO - Best fit parameters: [0.53285029].
2024-03-14 20:38:52,219 - INFO - Maximum log composite likelihood: -3594.1518918979905.
2024-03-14 20:38:52,219 - INFO - Optimal value of theta: 8316.232075374493.
2024-03-14 20:38:52,220 - INFO - Beginning optimization with guess, [0.47771563].
2024-03-14 20:39:51,230 - INFO - Finished optimization with guess, [0.47771563].
2024-03-14 20:39:51,232 - INFO - Best fit parameters: [0.47771563].
2024-03-14 20:39:53,181 - INFO - Maximum log composite likelihood: -3594.1518918979905.
2024-03-14 20:39:53,181 - INFO - Optimal value of theta: 8316.232075374493.
2024-03-14 20:39:53,181 - INFO - Beginning optimization with guess, [1.46185769].
2024-03-14 20:40:45,515 - INFO - Finished optimization with guess, [1.46185769].
2024-03-14 20:40:45,516 - INFO - Best fit parameters: [1.46185769].
2024-03-14 20:40:47,581 - INFO - Maximum log composite likelihood: -3594.1518918979905.
2024-03-14 20:40:47,581 - INFO - Optimal value of theta: 8316.232075374493.
2024-03-14 20:40:47,581 - INFO - Beginning optimization with guess, [0.59266378].
2024-03-14 20:41:45,729 - INFO - Finished optimization with guess, [0.59266378].
2024-03-14 20:41:45,730 - INFO - Best fit parameters: [0.59266378].
2024-03-14 20:41:47,769 - INFO - Maximum log composite likelihood: -3594.1518918979905.
2024-03-14 20:41:47,769 - INFO - Optimal value of theta: 8316.232075374493.
2024-03-14 20:41:47,769 - INFO - Beginning optimization with guess, [0.91011609].
2024-03-14 20:42:28,512 - INFO - Finished optimization with guess, [0.91011609].
2024-03-14 20:42:28,515 - INFO - Best fit parameters: [0.91011609].
2024-03-14 20:42:30,790 - INFO - Maximum log composite likelihood: -3594.1518918979905.
2024-03-14 20:42:30,791 - INFO - Optimal value of theta: 8316.232075374493.
2024-03-14 20:42:30,791 - INFO - Beginning optimization with guess, [1.29552401].
2024-03-14 20:43:25,997 - INFO - Finished optimization with guess, [1.29552401].
2024-03-14 20:43:26,000 - INFO - Best fit parameters: [1.29552401].
2024-03-14 20:43:28,182 - INFO - Maximum log composite likelihood: -3594.1518918979905.
2024-03-14 20:43:28,182 - INFO - Optimal value of theta: 8316.232075374493.
2024-03-14 20:43:28,182 - INFO - Beginning optimization with guess, [0.99939988].
2024-03-14 20:43:32,388 - INFO - Finished optimization with guess, [0.99939988].
2024-03-14 20:43:32,389 - INFO - Best fit parameters: [0.99939988].
2024-03-14 20:43:34,359 - INFO - Maximum log composite likelihood: -3594.1518918979905.
2024-03-14 20:43:34,360 - INFO - Optimal value of theta: 8316.232075374493.
2024-03-14 20:43:34,361 - INFO - Beginning optimization with guess, [1.01758827].
2024-03-14 20:44:03,347 - INFO - Finished optimization with guess, [1.01758827].
2024-03-14 20:44:03,348 - INFO - Best fit parameters: [1.01758827].
2024-03-14 20:44:05,412 - INFO - Maximum log composite likelihood: -3594.1518918979905.
2024-03-14 20:44:05,413 - INFO - Optimal value of theta: 8316.232075374493.
2024-03-14 20:44:05,414 - INFO - Beginning optimization with guess, [2.81167942].
2024-03-14 20:45:09,276 - INFO - Finished optimization with guess, [2.81167942].
2024-03-14 20:45:09,278 - INFO - Best fit parameters: [2.81167942].
2024-03-14 20:45:11,248 - INFO - Maximum log composite likelihood: -3594.1518918979905.
2024-03-14 20:45:11,248 - INFO - Optimal value of theta: 8316.232075374493.
2024-03-14 20:45:11,248 - INFO - Beginning optimization with guess, [1.65109365].
2024-03-14 20:46:01,877 - INFO - Finished optimization with guess, [1.65109365].
2024-03-14 20:46:01,878 - INFO - Best fit parameters: [1.65109365].
2024-03-14 20:46:03,840 - INFO - Maximum log composite likelihood: -3594.1518918979905.
2024-03-14 20:46:03,840 - INFO - Optimal value of theta: 8316.232075374493.
2024-03-14 20:46:03,840 - INFO - Beginning optimization with guess, [1.608248].
2024-03-14 20:46:54,630 - INFO - Finished optimization with guess, [1.608248].
2024-03-14 20:46:54,631 - INFO - Best fit parameters: [1.608248].
2024-03-14 20:46:56,598 - INFO - Maximum log composite likelihood: -3594.1518918979905.
2024-03-14 20:46:56,598 - INFO - Optimal value of theta: 8316.232075374493.
2024-03-14 20:46:56,599 - INFO - Beginning optimization with guess, [1.78763579].
2024-03-14 20:47:53,289 - INFO - Finished optimization with guess, [1.78763579].
2024-03-14 20:47:53,290 - INFO - Best fit parameters: [1.78763579].
2024-03-14 20:47:55,282 - INFO - Maximum log composite likelihood: -3594.1518918979905.
2024-03-14 20:47:55,282 - INFO - Optimal value of theta: 8316.232075374493.
2024-03-14 20:47:55,282 - INFO - Beginning optimization with guess, [4.64125571].
2024-03-14 20:48:58,174 - INFO - Finished optimization with guess, [4.64125571].
2024-03-14 20:48:58,176 - INFO - Best fit parameters: [4.64125571].
2024-03-14 20:49:00,131 - INFO - Maximum log composite likelihood: -3594.1518918979905.
2024-03-14 20:49:00,132 - INFO - Optimal value of theta: 8316.232075374493.
2024-03-14 20:49:00,132 - INFO - Beginning optimization with guess, [2.33807345].
2024-03-14 20:49:57,116 - INFO - Finished optimization with guess, [2.33807345].
2024-03-14 20:49:57,117 - INFO - Best fit parameters: [2.33807345].
2024-03-14 20:49:59,073 - INFO - Maximum log composite likelihood: -3594.1518918979905.
2024-03-14 20:49:59,074 - INFO - Optimal value of theta: 8316.232075374493.
2024-03-14 20:49:59,074 - INFO - Beginning optimization with guess, [5.7168564].
2024-03-14 20:51:01,706 - INFO - Finished optimization with guess, [5.7168564].
2024-03-14 20:51:01,708 - INFO - Best fit parameters: [5.7168564].
2024-03-14 20:51:03,654 - INFO - Maximum log composite likelihood: -3594.1518918979905.
2024-03-14 20:51:03,655 - INFO - Optimal value of theta: 8316.232075374493.
2024-03-14 20:51:03,655 - INFO - Beginning optimization with guess, [7.6408509].
2024-03-14 20:52:09,484 - INFO - Finished optimization with guess, [7.6408509].
2024-03-14 20:52:09,485 - INFO - Best fit parameters: [7.6408509].
2024-03-14 20:52:11,685 - INFO - Maximum log composite likelihood: -3594.1518918979905.
2024-03-14 20:52:11,685 - INFO - Optimal value of theta: 8316.232075374493.
2024-03-14 20:52:11,686 - INFO - Beginning optimization with guess, [5.26636699].
2024-03-14 20:53:17,403 - INFO - Finished optimization with guess, [5.26636699].
2024-03-14 20:53:17,404 - INFO - Best fit parameters: [5.26636699].
2024-03-14 20:53:19,503 - INFO - Maximum log composite likelihood: -3594.1518918979905.
2024-03-14 20:53:19,503 - INFO - Optimal value of theta: 8316.232075374493.
2024-03-14 20:53:19,503 - INFO - Beginning optimization with guess, [10.04542534].
2024-03-14 20:54:34,078 - INFO - Finished optimization with guess, [10.04542534].
2024-03-14 20:54:34,080 - INFO - Best fit parameters: [10.04542534].
2024-03-14 20:54:36,035 - INFO - Maximum log composite likelihood: -3594.1518918979905.
2024-03-14 20:54:36,035 - INFO - Optimal value of theta: 8316.232075374493.
2024-03-14 20:54:36,035 - INFO - Beginning optimization with guess, [8.32861294].
2024-03-14 20:55:46,954 - INFO - Finished optimization with guess, [8.32861294].
2024-03-14 20:55:46,955 - INFO - Best fit parameters: [8.32861294].
2024-03-14 20:55:48,923 - INFO - Maximum log composite likelihood: -3594.1518918979905.
2024-03-14 20:55:48,923 - INFO - Optimal value of theta: 8316.232075374493.
2024-03-14 20:55:48,935 - INFO - Finished demographic inference.
2024-03-14 20:55:48,935 - INFO - Pipeline executed succesfully.
