2025-01-17 13:33:29,849 - INFO - Beginning execution of fit_demographic_model.py in directory /u/project/kirk/jonmah/sample_size_demography/Scripts

2025-01-17 13:33:29,849 - INFO - Progress is being logged to ../Analysis/gnomAD_310/log.log

2025-01-17 13:33:29,850 - INFO - Parsed the following arguments:
	syn_input_sfs = ../Analysis/gnomAD_310/syn_downsampled_sfs.txt
	mask_singletons = False
	mask_doubletons = False
	outprefix = ../Analysis/gnomAD_310/

2025-01-17 13:33:29,868 - INFO - Beginning demographic inference for one-epoch demographic model.
2025-01-17 13:33:29,869 - INFO - Beginning optimization with guess, [0.1244127].
2025-01-17 13:33:52,670 - INFO - Finished optimization with guess, [0.1244127].
2025-01-17 13:33:52,671 - INFO - Best fit parameters: [0.1244127].
2025-01-17 13:33:53,317 - INFO - Maximum log composite likelihood: -6491.585994305444.
2025-01-17 13:33:53,317 - INFO - Optimal value of theta: 6954.791373240889.
2025-01-17 13:33:53,317 - INFO - Beginning optimization with guess, [0.10024921].
2025-01-17 13:34:16,080 - INFO - Finished optimization with guess, [0.10024921].
2025-01-17 13:34:16,081 - INFO - Best fit parameters: [0.10024921].
2025-01-17 13:34:16,727 - INFO - Maximum log composite likelihood: -6491.585994305444.
2025-01-17 13:34:16,727 - INFO - Optimal value of theta: 6954.791373240889.
2025-01-17 13:34:16,727 - INFO - Beginning optimization with guess, [0.20594871].
2025-01-17 13:34:37,421 - INFO - Finished optimization with guess, [0.20594871].
2025-01-17 13:34:37,422 - INFO - Best fit parameters: [0.20594871].
2025-01-17 13:34:38,069 - INFO - Maximum log composite likelihood: -6491.585994305444.
2025-01-17 13:34:38,069 - INFO - Optimal value of theta: 6954.791373240889.
2025-01-17 13:34:38,069 - INFO - Beginning optimization with guess, [0.53408159].
2025-01-17 13:34:56,842 - INFO - Finished optimization with guess, [0.53408159].
2025-01-17 13:34:56,846 - INFO - Best fit parameters: [0.53408159].
2025-01-17 13:34:57,494 - INFO - Maximum log composite likelihood: -6491.585994305444.
2025-01-17 13:34:57,494 - INFO - Optimal value of theta: 6954.791373240889.
2025-01-17 13:34:57,494 - INFO - Beginning optimization with guess, [0.35280853].
2025-01-17 13:35:18,256 - INFO - Finished optimization with guess, [0.35280853].
2025-01-17 13:35:18,257 - INFO - Best fit parameters: [0.35280853].
2025-01-17 13:35:18,903 - INFO - Maximum log composite likelihood: -6491.585994305444.
2025-01-17 13:35:18,903 - INFO - Optimal value of theta: 6954.791373240889.
2025-01-17 13:35:18,903 - INFO - Beginning optimization with guess, [0.30486123].
2025-01-17 13:35:39,604 - INFO - Finished optimization with guess, [0.30486123].
2025-01-17 13:35:39,606 - INFO - Best fit parameters: [0.30486123].
2025-01-17 13:35:40,253 - INFO - Maximum log composite likelihood: -6491.585994305444.
2025-01-17 13:35:40,253 - INFO - Optimal value of theta: 6954.791373240889.
2025-01-17 13:35:40,253 - INFO - Beginning optimization with guess, [0.35858168].
2025-01-17 13:36:00,948 - INFO - Finished optimization with guess, [0.35858168].
2025-01-17 13:36:00,952 - INFO - Best fit parameters: [0.35858168].
2025-01-17 13:36:01,604 - INFO - Maximum log composite likelihood: -6491.585994305444.
2025-01-17 13:36:01,604 - INFO - Optimal value of theta: 6954.791373240889.
2025-01-17 13:36:01,604 - INFO - Beginning optimization with guess, [0.52408742].
2025-01-17 13:36:20,447 - INFO - Finished optimization with guess, [0.52408742].
2025-01-17 13:36:20,448 - INFO - Best fit parameters: [0.52408742].
2025-01-17 13:36:21,093 - INFO - Maximum log composite likelihood: -6491.585994305444.
2025-01-17 13:36:21,093 - INFO - Optimal value of theta: 6954.791373240889.
2025-01-17 13:36:21,094 - INFO - Beginning optimization with guess, [1.18792559].
2025-01-17 13:36:35,995 - INFO - Finished optimization with guess, [1.18792559].
2025-01-17 13:36:35,997 - INFO - Best fit parameters: [1.18792559].
2025-01-17 13:36:36,642 - INFO - Maximum log composite likelihood: -6491.585994305444.
2025-01-17 13:36:36,642 - INFO - Optimal value of theta: 6954.791373240889.
2025-01-17 13:36:36,642 - INFO - Beginning optimization with guess, [1.3507923].
2025-01-17 13:36:53,461 - INFO - Finished optimization with guess, [1.3507923].
2025-01-17 13:36:53,462 - INFO - Best fit parameters: [1.3507923].
2025-01-17 13:36:54,114 - INFO - Maximum log composite likelihood: -6491.585994305444.
2025-01-17 13:36:54,114 - INFO - Optimal value of theta: 6954.791373240889.
2025-01-17 13:36:54,115 - INFO - Beginning optimization with guess, [2.25537387].
2025-01-17 13:37:13,010 - INFO - Finished optimization with guess, [2.25537387].
2025-01-17 13:37:13,012 - INFO - Best fit parameters: [2.25537387].
2025-01-17 13:37:13,658 - INFO - Maximum log composite likelihood: -6491.585994305444.
2025-01-17 13:37:13,658 - INFO - Optimal value of theta: 6954.791373240889.
2025-01-17 13:37:13,658 - INFO - Beginning optimization with guess, [1.21637354].
2025-01-17 13:37:28,533 - INFO - Finished optimization with guess, [1.21637354].
2025-01-17 13:37:28,534 - INFO - Best fit parameters: [1.21637354].
2025-01-17 13:37:29,187 - INFO - Maximum log composite likelihood: -6491.585994305444.
2025-01-17 13:37:29,187 - INFO - Optimal value of theta: 6954.791373240889.
2025-01-17 13:37:29,187 - INFO - Beginning optimization with guess, [1.34330132].
2025-01-17 13:37:46,008 - INFO - Finished optimization with guess, [1.34330132].
2025-01-17 13:37:46,009 - INFO - Best fit parameters: [1.34330132].
2025-01-17 13:37:46,664 - INFO - Maximum log composite likelihood: -6491.585994305444.
2025-01-17 13:37:46,664 - INFO - Optimal value of theta: 6954.791373240889.
2025-01-17 13:37:46,664 - INFO - Beginning optimization with guess, [1.32421281].
2025-01-17 13:38:03,533 - INFO - Finished optimization with guess, [1.32421281].
2025-01-17 13:38:03,537 - INFO - Best fit parameters: [1.32421281].
2025-01-17 13:38:04,190 - INFO - Maximum log composite likelihood: -6491.585994305444.
2025-01-17 13:38:04,190 - INFO - Optimal value of theta: 6954.791373240889.
2025-01-17 13:38:04,190 - INFO - Beginning optimization with guess, [1.33366796].
2025-01-17 13:38:21,060 - INFO - Finished optimization with guess, [1.33366796].
2025-01-17 13:38:21,061 - INFO - Best fit parameters: [1.33366796].
2025-01-17 13:38:21,706 - INFO - Maximum log composite likelihood: -6491.585994305444.
2025-01-17 13:38:21,706 - INFO - Optimal value of theta: 6954.791373240889.
2025-01-17 13:38:21,707 - INFO - Beginning optimization with guess, [1.91748273].
2025-01-17 13:38:40,571 - INFO - Finished optimization with guess, [1.91748273].
2025-01-17 13:38:40,572 - INFO - Best fit parameters: [1.91748273].
2025-01-17 13:38:41,226 - INFO - Maximum log composite likelihood: -6491.585994305444.
2025-01-17 13:38:41,227 - INFO - Optimal value of theta: 6954.791373240889.
2025-01-17 13:38:41,227 - INFO - Beginning optimization with guess, [1.50333907].
2025-01-17 13:38:57,946 - INFO - Finished optimization with guess, [1.50333907].
2025-01-17 13:38:57,949 - INFO - Best fit parameters: [1.50333907].
2025-01-17 13:38:58,584 - INFO - Maximum log composite likelihood: -6491.585994305444.
2025-01-17 13:38:58,584 - INFO - Optimal value of theta: 6954.791373240889.
2025-01-17 13:38:58,584 - INFO - Beginning optimization with guess, [1.7340918].
2025-01-17 13:39:17,069 - INFO - Finished optimization with guess, [1.7340918].
2025-01-17 13:39:17,070 - INFO - Best fit parameters: [1.7340918].
2025-01-17 13:39:17,719 - INFO - Maximum log composite likelihood: -6491.585994305444.
2025-01-17 13:39:17,719 - INFO - Optimal value of theta: 6954.791373240889.
2025-01-17 13:39:17,720 - INFO - Beginning optimization with guess, [4.93723245].
2025-01-17 13:39:38,219 - INFO - Finished optimization with guess, [4.93723245].
2025-01-17 13:39:38,220 - INFO - Best fit parameters: [4.93723245].
2025-01-17 13:39:38,870 - INFO - Maximum log composite likelihood: -6491.585994305444.
2025-01-17 13:39:38,870 - INFO - Optimal value of theta: 6954.791373240889.
2025-01-17 13:39:38,870 - INFO - Beginning optimization with guess, [7.03808471].
2025-01-17 13:39:59,160 - INFO - Finished optimization with guess, [7.03808471].
2025-01-17 13:39:59,164 - INFO - Best fit parameters: [7.03808471].
2025-01-17 13:39:59,794 - INFO - Maximum log composite likelihood: -6491.585994305444.
2025-01-17 13:39:59,795 - INFO - Optimal value of theta: 6954.791373240889.
2025-01-17 13:39:59,795 - INFO - Beginning optimization with guess, [2.66374643].
2025-01-17 13:40:18,331 - INFO - Finished optimization with guess, [2.66374643].
2025-01-17 13:40:18,333 - INFO - Best fit parameters: [2.66374643].
2025-01-17 13:40:18,979 - INFO - Maximum log composite likelihood: -6491.585994305444.
2025-01-17 13:40:18,979 - INFO - Optimal value of theta: 6954.791373240889.
2025-01-17 13:40:18,979 - INFO - Beginning optimization with guess, [2.72367402].
2025-01-17 13:40:37,420 - INFO - Finished optimization with guess, [2.72367402].
2025-01-17 13:40:37,423 - INFO - Best fit parameters: [2.72367402].
2025-01-17 13:40:38,066 - INFO - Maximum log composite likelihood: -6491.585994305444.
2025-01-17 13:40:38,067 - INFO - Optimal value of theta: 6954.791373240889.
2025-01-17 13:40:38,067 - INFO - Beginning optimization with guess, [3.63506695].
2025-01-17 13:40:58,130 - INFO - Finished optimization with guess, [3.63506695].
2025-01-17 13:40:58,131 - INFO - Best fit parameters: [3.63506695].
2025-01-17 13:40:58,738 - INFO - Maximum log composite likelihood: -6491.585994305444.
2025-01-17 13:40:58,738 - INFO - Optimal value of theta: 6954.791373240889.
2025-01-17 13:40:58,738 - INFO - Beginning optimization with guess, [4.18786173].
2025-01-17 13:41:18,205 - INFO - Finished optimization with guess, [4.18786173].
2025-01-17 13:41:18,206 - INFO - Best fit parameters: [4.18786173].
2025-01-17 13:41:18,819 - INFO - Maximum log composite likelihood: -6491.585994305444.
2025-01-17 13:41:18,819 - INFO - Optimal value of theta: 6954.791373240889.
2025-01-17 13:41:18,819 - INFO - Beginning optimization with guess, [15.12394336].
2025-01-17 13:41:40,101 - INFO - Finished optimization with guess, [15.12394336].
2025-01-17 13:41:40,102 - INFO - Best fit parameters: [15.12394336].
2025-01-17 13:41:40,709 - INFO - Maximum log composite likelihood: -6491.585994305444.
2025-01-17 13:41:40,710 - INFO - Optimal value of theta: 6954.791373240889.
2025-01-17 13:41:40,714 - INFO - Finished demographic inference.
2025-01-17 13:41:40,714 - INFO - Pipeline executed succesfully.
