2023-12-13 12:10:12,606 - INFO - Beginning execution of fit_demographic_model.py in directory /u/project/klohmuel/jonmah/sample_size_demography/Scripts

2023-12-13 12:10:12,607 - INFO - Progress is being logged to ../Analysis/p_copri_core_7/log.log

2023-12-13 12:10:12,607 - INFO - Parsed the following arguments:
	syn_input_sfs = ../Analysis/p_copri_core_7/syn_downsampled_sfs.txt
	mask_singletons = False
	mask_doubletons = False
	outprefix = ../Analysis/p_copri_core_7/

2023-12-13 12:10:12,609 - INFO - Beginning demographic inference for one-epoch demographic model.
2023-12-13 12:10:12,611 - INFO - Beginning optimization with guess, [0.11983467].
2023-12-13 12:10:13,026 - INFO - Finished optimization with guess, [0.11983467].
2023-12-13 12:10:13,026 - INFO - Best fit parameters: [0.11983467].
2023-12-13 12:10:13,037 - INFO - Maximum log composite likelihood: -485.45631381794374.
2023-12-13 12:10:13,037 - INFO - Optimal value of theta: 11433.74642828291.
2023-12-13 12:10:13,038 - INFO - Beginning optimization with guess, [0.2119932].
2023-12-13 12:10:13,414 - INFO - Finished optimization with guess, [0.2119932].
2023-12-13 12:10:13,414 - INFO - Best fit parameters: [0.2119932].
2023-12-13 12:10:13,425 - INFO - Maximum log composite likelihood: -485.45631381794374.
2023-12-13 12:10:13,425 - INFO - Optimal value of theta: 11433.74642828291.
2023-12-13 12:10:13,426 - INFO - Beginning optimization with guess, [0.31568327].
2023-12-13 12:10:13,799 - INFO - Finished optimization with guess, [0.31568327].
2023-12-13 12:10:13,799 - INFO - Best fit parameters: [0.31568327].
2023-12-13 12:10:13,811 - INFO - Maximum log composite likelihood: -485.45631381794374.
2023-12-13 12:10:13,811 - INFO - Optimal value of theta: 11433.74642828291.
2023-12-13 12:10:13,811 - INFO - Beginning optimization with guess, [0.71121104].
2023-12-13 12:10:14,114 - INFO - Finished optimization with guess, [0.71121104].
2023-12-13 12:10:14,114 - INFO - Best fit parameters: [0.71121104].
2023-12-13 12:10:14,126 - INFO - Maximum log composite likelihood: -485.45631381794374.
2023-12-13 12:10:14,126 - INFO - Optimal value of theta: 11433.74642828291.
2023-12-13 12:10:14,126 - INFO - Beginning optimization with guess, [0.5538182].
2023-12-13 12:10:14,464 - INFO - Finished optimization with guess, [0.5538182].
2023-12-13 12:10:14,464 - INFO - Best fit parameters: [0.5538182].
2023-12-13 12:10:14,476 - INFO - Maximum log composite likelihood: -485.45631381794374.
2023-12-13 12:10:14,476 - INFO - Optimal value of theta: 11433.74642828291.
2023-12-13 12:10:14,476 - INFO - Beginning optimization with guess, [0.38999367].
2023-12-13 12:10:14,815 - INFO - Finished optimization with guess, [0.38999367].
2023-12-13 12:10:14,816 - INFO - Best fit parameters: [0.38999367].
2023-12-13 12:10:14,827 - INFO - Maximum log composite likelihood: -485.45631381794374.
2023-12-13 12:10:14,827 - INFO - Optimal value of theta: 11433.74642828291.
2023-12-13 12:10:14,828 - INFO - Beginning optimization with guess, [0.45764758].
2023-12-13 12:10:15,168 - INFO - Finished optimization with guess, [0.45764758].
2023-12-13 12:10:15,168 - INFO - Best fit parameters: [0.45764758].
2023-12-13 12:10:15,179 - INFO - Maximum log composite likelihood: -485.45631381794374.
2023-12-13 12:10:15,180 - INFO - Optimal value of theta: 11433.74642828291.
2023-12-13 12:10:15,180 - INFO - Beginning optimization with guess, [0.61146693].
2023-12-13 12:10:15,483 - INFO - Finished optimization with guess, [0.61146693].
2023-12-13 12:10:15,483 - INFO - Best fit parameters: [0.61146693].
2023-12-13 12:10:15,494 - INFO - Maximum log composite likelihood: -485.45631381794374.
2023-12-13 12:10:15,494 - INFO - Optimal value of theta: 11433.74642828291.
2023-12-13 12:10:15,494 - INFO - Beginning optimization with guess, [0.78009576].
2023-12-13 12:10:15,762 - INFO - Finished optimization with guess, [0.78009576].
2023-12-13 12:10:15,763 - INFO - Best fit parameters: [0.78009576].
2023-12-13 12:10:15,775 - INFO - Maximum log composite likelihood: -485.45631381794374.
2023-12-13 12:10:15,775 - INFO - Optimal value of theta: 11433.74642828291.
2023-12-13 12:10:15,775 - INFO - Beginning optimization with guess, [0.59410135].
2023-12-13 12:10:16,113 - INFO - Finished optimization with guess, [0.59410135].
2023-12-13 12:10:16,113 - INFO - Best fit parameters: [0.59410135].
2023-12-13 12:10:16,125 - INFO - Maximum log composite likelihood: -485.45631381794374.
2023-12-13 12:10:16,125 - INFO - Optimal value of theta: 11433.74642828291.
2023-12-13 12:10:16,125 - INFO - Beginning optimization with guess, [0.99033972].
2023-12-13 12:10:16,253 - INFO - Finished optimization with guess, [0.99033972].
2023-12-13 12:10:16,253 - INFO - Best fit parameters: [0.99033972].
2023-12-13 12:10:16,265 - INFO - Maximum log composite likelihood: -485.45631381794374.
2023-12-13 12:10:16,265 - INFO - Optimal value of theta: 11433.74642828291.
2023-12-13 12:10:16,265 - INFO - Beginning optimization with guess, [1.58606812].
2023-12-13 12:10:16,568 - INFO - Finished optimization with guess, [1.58606812].
2023-12-13 12:10:16,568 - INFO - Best fit parameters: [1.58606812].
2023-12-13 12:10:16,579 - INFO - Maximum log composite likelihood: -485.45631381794374.
2023-12-13 12:10:16,579 - INFO - Optimal value of theta: 11433.74642828291.
2023-12-13 12:10:16,579 - INFO - Beginning optimization with guess, [2.1509124].
2023-12-13 12:10:16,917 - INFO - Finished optimization with guess, [2.1509124].
2023-12-13 12:10:16,917 - INFO - Best fit parameters: [2.1509124].
2023-12-13 12:10:16,929 - INFO - Maximum log composite likelihood: -485.45631381794374.
2023-12-13 12:10:16,929 - INFO - Optimal value of theta: 11433.74642828291.
2023-12-13 12:10:16,929 - INFO - Beginning optimization with guess, [2.64509698].
2023-12-13 12:10:17,266 - INFO - Finished optimization with guess, [2.64509698].
2023-12-13 12:10:17,266 - INFO - Best fit parameters: [2.64509698].
2023-12-13 12:10:17,278 - INFO - Maximum log composite likelihood: -485.45631381794374.
2023-12-13 12:10:17,278 - INFO - Optimal value of theta: 11433.74642828291.
2023-12-13 12:10:17,278 - INFO - Beginning optimization with guess, [4.37633903].
2023-12-13 12:10:17,650 - INFO - Finished optimization with guess, [4.37633903].
2023-12-13 12:10:17,650 - INFO - Best fit parameters: [4.37633903].
2023-12-13 12:10:17,662 - INFO - Maximum log composite likelihood: -485.45631381794374.
2023-12-13 12:10:17,662 - INFO - Optimal value of theta: 11433.74642828291.
2023-12-13 12:10:17,662 - INFO - Beginning optimization with guess, [4.84118206].
2023-12-13 12:10:18,034 - INFO - Finished optimization with guess, [4.84118206].
2023-12-13 12:10:18,034 - INFO - Best fit parameters: [4.84118206].
2023-12-13 12:10:18,046 - INFO - Maximum log composite likelihood: -485.45631381794374.
2023-12-13 12:10:18,046 - INFO - Optimal value of theta: 11433.74642828291.
2023-12-13 12:10:18,046 - INFO - Beginning optimization with guess, [2.17502202].
2023-12-13 12:10:18,386 - INFO - Finished optimization with guess, [2.17502202].
2023-12-13 12:10:18,386 - INFO - Best fit parameters: [2.17502202].
2023-12-13 12:10:18,397 - INFO - Maximum log composite likelihood: -485.45631381794374.
2023-12-13 12:10:18,397 - INFO - Optimal value of theta: 11433.74642828291.
2023-12-13 12:10:18,398 - INFO - Beginning optimization with guess, [5.40051067].
2023-12-13 12:10:18,770 - INFO - Finished optimization with guess, [5.40051067].
2023-12-13 12:10:18,771 - INFO - Best fit parameters: [5.40051067].
2023-12-13 12:10:18,783 - INFO - Maximum log composite likelihood: -485.45631381794374.
2023-12-13 12:10:18,783 - INFO - Optimal value of theta: 11433.74642828291.
2023-12-13 12:10:18,783 - INFO - Beginning optimization with guess, [2.71161182].
2023-12-13 12:10:19,121 - INFO - Finished optimization with guess, [2.71161182].
2023-12-13 12:10:19,121 - INFO - Best fit parameters: [2.71161182].
2023-12-13 12:10:19,132 - INFO - Maximum log composite likelihood: -485.45631381794374.
2023-12-13 12:10:19,133 - INFO - Optimal value of theta: 11433.74642828291.
2023-12-13 12:10:19,133 - INFO - Beginning optimization with guess, [1.86905359].
2023-12-13 12:10:19,470 - INFO - Finished optimization with guess, [1.86905359].
2023-12-13 12:10:19,470 - INFO - Best fit parameters: [1.86905359].
2023-12-13 12:10:19,482 - INFO - Maximum log composite likelihood: -485.45631381794374.
2023-12-13 12:10:19,482 - INFO - Optimal value of theta: 11433.74642828291.
2023-12-13 12:10:19,482 - INFO - Beginning optimization with guess, [4.04333879].
2023-12-13 12:10:19,854 - INFO - Finished optimization with guess, [4.04333879].
2023-12-13 12:10:19,854 - INFO - Best fit parameters: [4.04333879].
2023-12-13 12:10:19,866 - INFO - Maximum log composite likelihood: -485.45631381794374.
2023-12-13 12:10:19,866 - INFO - Optimal value of theta: 11433.74642828291.
2023-12-13 12:10:19,866 - INFO - Beginning optimization with guess, [2.51396709].
2023-12-13 12:10:20,203 - INFO - Finished optimization with guess, [2.51396709].
2023-12-13 12:10:20,204 - INFO - Best fit parameters: [2.51396709].
2023-12-13 12:10:20,215 - INFO - Maximum log composite likelihood: -485.45631381794374.
2023-12-13 12:10:20,215 - INFO - Optimal value of theta: 11433.74642828291.
2023-12-13 12:10:20,215 - INFO - Beginning optimization with guess, [5.06097014].
2023-12-13 12:10:20,587 - INFO - Finished optimization with guess, [5.06097014].
2023-12-13 12:10:20,587 - INFO - Best fit parameters: [5.06097014].
2023-12-13 12:10:20,599 - INFO - Maximum log composite likelihood: -485.45631381794374.
2023-12-13 12:10:20,599 - INFO - Optimal value of theta: 11433.74642828291.
2023-12-13 12:10:20,599 - INFO - Beginning optimization with guess, [5.09551027].
2023-12-13 12:10:20,971 - INFO - Finished optimization with guess, [5.09551027].
2023-12-13 12:10:20,972 - INFO - Best fit parameters: [5.09551027].
2023-12-13 12:10:20,983 - INFO - Maximum log composite likelihood: -485.45631381794374.
2023-12-13 12:10:20,983 - INFO - Optimal value of theta: 11433.74642828291.
2023-12-13 12:10:20,983 - INFO - Beginning optimization with guess, [12.22939544].
2023-12-13 12:10:21,391 - INFO - Finished optimization with guess, [12.22939544].
2023-12-13 12:10:21,391 - INFO - Best fit parameters: [12.22939544].
2023-12-13 12:10:21,402 - INFO - Maximum log composite likelihood: -485.45631381794374.
2023-12-13 12:10:21,402 - INFO - Optimal value of theta: 11433.74642828291.
2023-12-13 12:10:21,404 - INFO - Beginning demographic inference for two-epoch demographic model.
2023-12-13 12:10:21,406 - INFO - Beginning optimization with guess, [0.06281488 0.00564969].
2023-12-13 12:10:25,025 - INFO - Finished optimization with guess, [0.06281488 0.00564969].
2023-12-13 12:10:25,026 - INFO - Best fit parameters: [2.86043225 0.48316699].
2023-12-13 12:10:25,042 - INFO - Maximum log composite likelihood: -16.294522496646096.
2023-12-13 12:10:25,042 - INFO - Optimal value of theta: 8392.753487073813.
2023-12-13 12:10:25,042 - INFO - Beginning optimization with guess, [0.33842432 0.00809557].
2023-12-13 12:10:28,686 - INFO - Finished optimization with guess, [0.33842432 0.00809557].
2023-12-13 12:10:28,686 - INFO - Best fit parameters: [2.87042512 0.47267158].
2023-12-13 12:10:28,701 - INFO - Maximum log composite likelihood: -16.300343986637017.
2023-12-13 12:10:28,702 - INFO - Optimal value of theta: 8427.56912187569.
2023-12-13 12:10:28,702 - INFO - Beginning optimization with guess, [0.5667323 0.0097842].
2023-12-13 12:10:32,003 - INFO - Finished optimization with guess, [0.5667323 0.0097842].
2023-12-13 12:10:32,004 - INFO - Best fit parameters: [2.86070822 0.48305592].
2023-12-13 12:10:32,019 - INFO - Maximum log composite likelihood: -16.294523327545903.
2023-12-13 12:10:32,019 - INFO - Optimal value of theta: 8393.023964754373.
2023-12-13 12:10:32,019 - INFO - Beginning optimization with guess, [0.25221641 0.0079175 ].
2023-12-13 12:10:35,470 - INFO - Finished optimization with guess, [0.25221641 0.0079175 ].
2023-12-13 12:10:35,470 - INFO - Best fit parameters: [2.86055478 0.48301589].
2023-12-13 12:10:35,485 - INFO - Maximum log composite likelihood: -16.294522152864374.
2023-12-13 12:10:35,485 - INFO - Optimal value of theta: 8393.261910881505.
2023-12-13 12:10:35,485 - INFO - Beginning optimization with guess, [0.29132064 0.00799823].
2023-12-13 12:10:39,077 - INFO - Finished optimization with guess, [0.29132064 0.00799823].
2023-12-13 12:10:39,077 - INFO - Best fit parameters: [2.865662   0.48761932].
2023-12-13 12:10:39,093 - INFO - Maximum log composite likelihood: -16.301863315522496.
2023-12-13 12:10:39,093 - INFO - Optimal value of theta: 8372.931280601242.
2023-12-13 12:10:39,093 - INFO - Beginning optimization with guess, [0.82116092 0.00531366].
2023-12-13 12:10:44,070 - INFO - Finished optimization with guess, [0.82116092 0.00531366].
2023-12-13 12:10:44,070 - INFO - Best fit parameters: [2.85112332 0.48215226].
2023-12-13 12:10:44,085 - INFO - Maximum log composite likelihood: -16.300081570763723.
2023-12-13 12:10:44,085 - INFO - Optimal value of theta: 8401.809570490783.
2023-12-13 12:10:44,085 - INFO - Beginning optimization with guess, [0.4004607  0.01268356].
2023-12-13 12:10:46,986 - INFO - Finished optimization with guess, [0.4004607  0.01268356].
2023-12-13 12:10:46,988 - INFO - Best fit parameters: [2.86081857 0.48293573].
2023-12-13 12:10:47,003 - INFO - Maximum log composite likelihood: -16.294523104734253.
2023-12-13 12:10:47,003 - INFO - Optimal value of theta: 8393.42139355409.
2023-12-13 12:10:47,004 - INFO - Beginning optimization with guess, [0.78533106 0.01081491].
2023-12-13 12:10:50,222 - INFO - Finished optimization with guess, [0.78533106 0.01081491].
2023-12-13 12:10:50,222 - INFO - Best fit parameters: [2.86332084 0.48110517].
2023-12-13 12:10:50,237 - INFO - Maximum log composite likelihood: -16.294670778494037.
2023-12-13 12:10:50,237 - INFO - Optimal value of theta: 8399.04070643505.
2023-12-13 12:10:50,238 - INFO - Beginning optimization with guess, [0.5177859  0.01724176].
2023-12-13 12:10:52,798 - INFO - Finished optimization with guess, [0.5177859  0.01724176].
2023-12-13 12:10:52,798 - INFO - Best fit parameters: [2.86093352 0.48278514].
2023-12-13 12:10:52,813 - INFO - Maximum log composite likelihood: -16.29452498367027.
2023-12-13 12:10:52,814 - INFO - Optimal value of theta: 8393.932495841436.
2023-12-13 12:10:52,814 - INFO - Beginning optimization with guess, [1.10007366 0.01273063].
2023-12-13 12:10:54,366 - INFO - Finished optimization with guess, [1.10007366 0.01273063].
2023-12-13 12:10:54,368 - INFO - Best fit parameters: [2.86048179 0.48307569].
2023-12-13 12:10:54,383 - INFO - Maximum log composite likelihood: -16.294522003001475.
2023-12-13 12:10:54,383 - INFO - Optimal value of theta: 8393.074270305717.
2023-12-13 12:10:54,383 - INFO - Beginning optimization with guess, [1.91028676 0.013424  ].
2023-12-13 12:10:55,597 - INFO - Finished optimization with guess, [1.91028676 0.013424  ].
2023-12-13 12:10:55,597 - INFO - Best fit parameters: [2.86050145 0.48307696].
2023-12-13 12:10:55,612 - INFO - Maximum log composite likelihood: -16.294521968105983.
2023-12-13 12:10:55,612 - INFO - Optimal value of theta: 8393.058505587771.
2023-12-13 12:10:55,612 - INFO - Beginning optimization with guess, [1.85931968 0.00763304].
2023-12-13 12:10:56,792 - INFO - Finished optimization with guess, [1.85931968 0.00763304].
2023-12-13 12:10:56,792 - INFO - Best fit parameters: [2.86049804 0.4830852 ].
2023-12-13 12:10:56,807 - INFO - Maximum log composite likelihood: -16.29452197495266.
2023-12-13 12:10:56,807 - INFO - Optimal value of theta: 8393.028953681222.
2023-12-13 12:10:56,807 - INFO - Beginning optimization with guess, [0.95483181 0.01324054].
2023-12-13 12:11:01,502 - INFO - Finished optimization with guess, [0.95483181 0.01324054].
2023-12-13 12:11:01,503 - INFO - Best fit parameters: [2.84878356 0.49292309].
2023-12-13 12:11:01,518 - INFO - Maximum log composite likelihood: -16.29820836608269.
2023-12-13 12:11:01,518 - INFO - Optimal value of theta: 8362.48457068293.
2023-12-13 12:11:01,518 - INFO - Beginning optimization with guess, [3.66048649 0.01408804].
2023-12-13 12:11:02,797 - INFO - Finished optimization with guess, [3.66048649 0.01408804].
2023-12-13 12:11:02,797 - INFO - Best fit parameters: [2.8617461  0.48061651].
2023-12-13 12:11:02,812 - INFO - Maximum log composite likelihood: -16.29503854637005.
2023-12-13 12:11:02,812 - INFO - Optimal value of theta: 8401.780256903101.
2023-12-13 12:11:02,812 - INFO - Beginning optimization with guess, [2.05263285 0.01294717].
2023-12-13 12:11:04,200 - INFO - Finished optimization with guess, [2.05263285 0.01294717].
2023-12-13 12:11:04,200 - INFO - Best fit parameters: [2.86051984 0.48308304].
2023-12-13 12:11:04,215 - INFO - Maximum log composite likelihood: -16.294521992422233.
2023-12-13 12:11:04,215 - INFO - Optimal value of theta: 8393.025089107197.
2023-12-13 12:11:04,216 - INFO - Beginning optimization with guess, [1.34713348 0.01720861].
2023-12-13 12:11:05,740 - INFO - Finished optimization with guess, [1.34713348 0.01720861].
2023-12-13 12:11:05,740 - INFO - Best fit parameters: [2.86050626 0.48308569].
2023-12-13 12:11:05,755 - INFO - Maximum log composite likelihood: -16.29452198123181.
2023-12-13 12:11:05,755 - INFO - Optimal value of theta: 8393.022551040534.
2023-12-13 12:11:05,756 - INFO - Beginning optimization with guess, [1.47316002 0.01226519].
2023-12-13 12:11:07,386 - INFO - Finished optimization with guess, [1.47316002 0.01226519].
2023-12-13 12:11:07,387 - INFO - Best fit parameters: [2.85384833 0.48632943].
2023-12-13 12:11:07,402 - INFO - Maximum log composite likelihood: -16.295110944505723.
2023-12-13 12:11:07,402 - INFO - Optimal value of theta: 8384.423316452509.
2023-12-13 12:11:07,403 - INFO - Beginning optimization with guess, [2.55865052 0.00600907].
2023-12-13 12:11:08,779 - INFO - Finished optimization with guess, [2.55865052 0.00600907].
2023-12-13 12:11:08,779 - INFO - Best fit parameters: [2.86043141 0.48312559].
2023-12-13 12:11:08,794 - INFO - Maximum log composite likelihood: -16.294522093048727.
2023-12-13 12:11:08,794 - INFO - Optimal value of theta: 8392.911872221548.
2023-12-13 12:11:08,794 - INFO - Beginning optimization with guess, [3.226005   0.01129557].
2023-12-13 12:11:10,050 - INFO - Finished optimization with guess, [3.226005   0.01129557].
2023-12-13 12:11:10,050 - INFO - Best fit parameters: [2.85944948 0.48074408].
2023-12-13 12:11:10,065 - INFO - Maximum log composite likelihood: -16.29571741813561.
2023-12-13 12:11:10,065 - INFO - Optimal value of theta: 8402.564820241456.
2023-12-13 12:11:10,065 - INFO - Beginning optimization with guess, [2.80423789 0.01077466].
2023-12-13 12:11:11,390 - INFO - Finished optimization with guess, [2.80423789 0.01077466].
2023-12-13 12:11:11,390 - INFO - Best fit parameters: [2.86062077 0.48301773].
2023-12-13 12:11:11,405 - INFO - Maximum log composite likelihood: -16.29452208441944.
2023-12-13 12:11:11,405 - INFO - Optimal value of theta: 8393.218262407381.
2023-12-13 12:11:11,405 - INFO - Beginning optimization with guess, [5.98822964 0.00637212].
2023-12-13 12:11:12,705 - INFO - Finished optimization with guess, [5.98822964 0.00637212].
2023-12-13 12:11:12,705 - INFO - Best fit parameters: [2.86327118 0.4820965 ].
2023-12-13 12:11:12,720 - INFO - Maximum log composite likelihood: -16.294637650295044.
2023-12-13 12:11:12,720 - INFO - Optimal value of theta: 8395.270068866057.
2023-12-13 12:11:12,720 - INFO - Beginning optimization with guess, [4.96812478 0.01216988].
2023-12-13 12:11:13,947 - INFO - Finished optimization with guess, [4.96812478 0.01216988].
2023-12-13 12:11:13,948 - INFO - Best fit parameters: [2.89986823 0.45923168].
2023-12-13 12:11:13,962 - INFO - Maximum log composite likelihood: -16.317806228573318.
2023-12-13 12:11:13,962 - INFO - Optimal value of theta: 8464.568686676806.
2023-12-13 12:11:13,963 - INFO - Beginning optimization with guess, [4.95043402 0.01710938].
2023-12-13 12:11:15,257 - INFO - Finished optimization with guess, [4.95043402 0.01710938].
2023-12-13 12:11:15,257 - INFO - Best fit parameters: [2.86557658 0.4809225 ].
2023-12-13 12:11:15,272 - INFO - Maximum log composite likelihood: -16.294860305381007.
2023-12-13 12:11:15,272 - INFO - Optimal value of theta: 8398.483506820643.
2023-12-13 12:11:15,273 - INFO - Beginning optimization with guess, [9.84923923e+00 9.62636949e-03].
2023-12-13 12:11:16,536 - INFO - Finished optimization with guess, [9.84923923e+00 9.62636949e-03].
2023-12-13 12:11:16,536 - INFO - Best fit parameters: [2.88531126 0.46558193].
2023-12-13 12:11:16,551 - INFO - Maximum log composite likelihood: -16.30704961425363.
2023-12-13 12:11:16,551 - INFO - Optimal value of theta: 8447.179648202402.
2023-12-13 12:11:16,551 - INFO - Beginning optimization with guess, [4.20640115 0.00926225].
2023-12-13 12:11:17,922 - INFO - Finished optimization with guess, [4.20640115 0.00926225].
2023-12-13 12:11:17,922 - INFO - Best fit parameters: [2.86053972 0.48307783].
2023-12-13 12:11:17,937 - INFO - Maximum log composite likelihood: -16.29452201825916.
2023-12-13 12:11:17,937 - INFO - Optimal value of theta: 8393.033921354421.
2023-12-13 12:11:17,939 - INFO - Beginning demographic inference for three-epoch demographic model.
2023-12-13 12:11:17,942 - INFO - Beginning optimization with guess, [0.01122288 0.01585012 0.00581409 0.00910331].
2023-12-13 12:11:25,731 - INFO - Finished optimization with guess, [0.01122288 0.01585012 0.00581409 0.00910331].
2023-12-13 12:11:25,732 - INFO - Best fit parameters: [0.00268395 0.05624958 0.01129588 0.01407429].
2023-12-13 12:11:25,821 - INFO - Maximum log composite likelihood: -16.310354376204486.
2023-12-13 12:11:25,821 - INFO - Optimal value of theta: 413424.25386565865.
2023-12-13 12:11:25,822 - INFO - Beginning optimization with guess, [0.0389253  0.01244624 0.00585826 0.01997008].
2023-12-13 12:21:55,004 - INFO - Finished optimization with guess, [0.0389253  0.01244624 0.00585826 0.01997008].
2023-12-13 12:21:55,005 - INFO - Best fit parameters: [0.03562476 0.00168681 0.00234313 0.32023107].
2023-12-13 12:21:58,262 - INFO - Maximum log composite likelihood: -485.45631374158984.
2023-12-13 12:21:58,262 - INFO - Optimal value of theta: 6778309.835876697.
2023-12-13 12:21:58,263 - INFO - Beginning optimization with guess, [0.02672368 0.02407439 0.00994721 0.00628202].
2023-12-13 12:21:59,540 - INFO - Finished optimization with guess, [0.02672368 0.02407439 0.00994721 0.00628202].
2023-12-13 12:21:59,540 - INFO - Best fit parameters: [1.54088738e-03 1.38158203e+02 4.76718467e-06 1.53945039e-01].
2023-12-13 12:21:59,553 - INFO - Maximum log composite likelihood: -35.164334651046374.
2023-12-13 12:21:59,553 - INFO - Optimal value of theta: 9424.109539956522.
2023-12-13 12:21:59,553 - INFO - Beginning optimization with guess, [0.02326777 0.04074502 0.01645928 0.00596666].
2023-12-13 12:22:01,022 - INFO - Finished optimization with guess, [0.02326777 0.04074502 0.01645928 0.00596666].
2023-12-13 12:22:01,023 - INFO - Best fit parameters: [6.46260712e-01 3.10623188e+00 1.94320013e-06 3.43156489e-01].
2023-12-13 12:22:01,038 - INFO - Maximum log composite likelihood: -18.270397167558258.
2023-12-13 12:22:01,038 - INFO - Optimal value of theta: 8890.338639848362.
2023-12-13 12:22:01,038 - INFO - Beginning optimization with guess, [0.08311305 0.08589738 0.00658861 0.01867175].
2023-12-13 12:22:02,192 - INFO - Finished optimization with guess, [0.08311305 0.08589738 0.00658861 0.01867175].
2023-12-13 12:22:02,192 - INFO - Best fit parameters: [4.39051198e-02 4.01334721e+00 1.18558247e-04 2.97248635e-01].
2023-12-13 12:22:02,206 - INFO - Maximum log composite likelihood: -20.43376905331388.
2023-12-13 12:22:02,206 - INFO - Optimal value of theta: 8906.877132542473.
2023-12-13 12:22:02,206 - INFO - Beginning optimization with guess, [0.86135175 0.47428013 0.01413216 0.01095338].
2023-12-13 12:22:03,922 - INFO - Finished optimization with guess, [0.86135175 0.47428013 0.01413216 0.01095338].
2023-12-13 12:22:03,922 - INFO - Best fit parameters: [2.92539399e+00 2.38483926e+02 6.33357740e-01 4.53544351e-28].
2023-12-13 12:22:03,939 - INFO - Maximum log composite likelihood: -18.775169154389005.
2023-12-13 12:22:03,939 - INFO - Optimal value of theta: 7840.651124436611.
2023-12-13 12:22:03,939 - INFO - Beginning optimization with guess, [0.81612596 0.70432478 0.01302474 0.01688732].
2023-12-13 12:22:05,409 - INFO - Finished optimization with guess, [0.81612596 0.70432478 0.01302474 0.01688732].
2023-12-13 12:22:05,410 - INFO - Best fit parameters: [5.85952016e-01 3.10802871e+00 1.64944523e-08 3.56305736e-01].
2023-12-13 12:22:05,424 - INFO - Maximum log composite likelihood: -17.5578189477892.
2023-12-13 12:22:05,424 - INFO - Optimal value of theta: 8824.353093063373.
2023-12-13 12:22:05,424 - INFO - Beginning optimization with guess, [0.83095964 0.58751903 0.01576338 0.00519588].
2023-12-13 12:22:12,283 - INFO - Finished optimization with guess, [0.83095964 0.58751903 0.01576338 0.00519588].
2023-12-13 12:22:12,283 - INFO - Best fit parameters: [1.04718537e+00 2.79745423e+00 5.07892975e-10 4.61406737e-01].
2023-12-13 12:22:12,299 - INFO - Maximum log composite likelihood: -16.755523568463104.
2023-12-13 12:22:12,299 - INFO - Optimal value of theta: 8511.97255198116.
2023-12-13 12:22:12,299 - INFO - Beginning optimization with guess, [1.31774323 0.8901393  0.019384   0.00777765].
2023-12-13 12:22:13,863 - INFO - Finished optimization with guess, [1.31774323 0.8901393  0.019384   0.00777765].
2023-12-13 12:22:13,864 - INFO - Best fit parameters: [4.36389506e+00 6.96937736e-01 2.55418396e+00 4.85112913e-04].
2023-12-13 12:22:13,887 - INFO - Maximum log composite likelihood: -20.981309972616145.
2023-12-13 12:22:13,887 - INFO - Optimal value of theta: 4346.393353280719.
2023-12-13 12:22:13,887 - INFO - Beginning optimization with guess, [1.77638337 1.48410207 0.01639792 0.01081817].
2023-12-13 12:22:15,382 - INFO - Finished optimization with guess, [1.77638337 1.48410207 0.01639792 0.01081817].
2023-12-13 12:22:15,383 - INFO - Best fit parameters: [2.95146629 1.44574533 0.51330023 0.01094706].
2023-12-13 12:22:15,398 - INFO - Maximum log composite likelihood: -16.48141184693668.
2023-12-13 12:22:15,398 - INFO - Optimal value of theta: 8243.033893481857.
2023-12-13 12:22:15,398 - INFO - Beginning optimization with guess, [1.11752666 1.90116715 0.01151882 0.01468691].
2023-12-13 12:22:16,808 - INFO - Finished optimization with guess, [1.11752666 1.90116715 0.01151882 0.01468691].
2023-12-13 12:22:16,808 - INFO - Best fit parameters: [1.13007978 2.85983246 0.01143544 0.47992957].
2023-12-13 12:22:16,824 - INFO - Maximum log composite likelihood: -16.294898686486704.
2023-12-13 12:22:16,824 - INFO - Optimal value of theta: 8397.799543001733.
2023-12-13 12:22:16,824 - INFO - Beginning optimization with guess, [1.97435561 1.80788918 0.01891857 0.01105333].
2023-12-13 12:22:18,211 - INFO - Finished optimization with guess, [1.97435561 1.80788918 0.01891857 0.01105333].
2023-12-13 12:22:18,212 - INFO - Best fit parameters: [2.94888228 1.88143706 0.46653284 0.01016841].
2023-12-13 12:22:18,227 - INFO - Maximum log composite likelihood: -16.29791220623156.
2023-12-13 12:22:18,227 - INFO - Optimal value of theta: 8397.49693335031.
2023-12-13 12:22:18,227 - INFO - Beginning optimization with guess, [1.18578498 3.39151758 0.00605181 0.01904087].
2023-12-13 12:22:19,466 - INFO - Finished optimization with guess, [1.18578498 3.39151758 0.00605181 0.01904087].
2023-12-13 12:22:19,466 - INFO - Best fit parameters: [1.24652222e+00 3.42065601e+00 1.63675235e-03 3.30606525e-01].
2023-12-13 12:22:19,480 - INFO - Maximum log composite likelihood: -17.955255306282197.
2023-12-13 12:22:19,480 - INFO - Optimal value of theta: 8844.693802726437.
2023-12-13 12:22:19,480 - INFO - Beginning optimization with guess, [2.39151443 3.70441627 0.00951993 0.01680761].
2023-12-13 12:22:20,654 - INFO - Finished optimization with guess, [2.39151443 3.70441627 0.00951993 0.01680761].
2023-12-13 12:22:20,654 - INFO - Best fit parameters: [2.92388461 3.14353885 0.00343748 0.35602473].
2023-12-13 12:22:20,669 - INFO - Maximum log composite likelihood: -17.300747100409353.
2023-12-13 12:22:20,669 - INFO - Optimal value of theta: 8795.58294404978.
2023-12-13 12:22:20,669 - INFO - Beginning optimization with guess, [4.26214421 1.24285441 0.01339486 0.00821902].
2023-12-13 12:22:21,831 - INFO - Finished optimization with guess, [4.26214421 1.24285441 0.01339486 0.00821902].
2023-12-13 12:22:21,831 - INFO - Best fit parameters: [5.16143768e+00 1.29145476e+00 2.33993433e-01 5.05281275e-03].
2023-12-13 12:22:21,844 - INFO - Maximum log composite likelihood: -21.97846184613445.
2023-12-13 12:22:21,845 - INFO - Optimal value of theta: 9144.052797523369.
2023-12-13 12:22:21,845 - INFO - Beginning optimization with guess, [1.78301738 2.1134825  0.00986896 0.00861721].
2023-12-13 12:22:23,242 - INFO - Finished optimization with guess, [1.78301738 2.1134825  0.00986896 0.00861721].
2023-12-13 12:22:23,242 - INFO - Best fit parameters: [2.2704348  2.85935894 0.0072343  0.47789199].
2023-12-13 12:22:23,257 - INFO - Maximum log composite likelihood: -16.294568150311534.
2023-12-13 12:22:23,257 - INFO - Optimal value of theta: 8389.744122838381.
2023-12-13 12:22:23,258 - INFO - Beginning optimization with guess, [3.85308773 4.631801   0.0106605  0.01977425].
2023-12-13 12:22:24,491 - INFO - Finished optimization with guess, [3.85308773 4.631801   0.0106605  0.01977425].
2023-12-13 12:22:24,492 - INFO - Best fit parameters: [9.95260694e+00 2.89829323e+00 1.57126130e-03 3.97997530e-01].
2023-12-13 12:22:24,507 - INFO - Maximum log composite likelihood: -17.350205029462813.
2023-12-13 12:22:24,507 - INFO - Optimal value of theta: 8712.403398071747.
2023-12-13 12:22:24,507 - INFO - Beginning optimization with guess, [2.73417308 4.48814688 0.0122603  0.00575363].
2023-12-13 12:22:25,799 - INFO - Finished optimization with guess, [2.73417308 4.48814688 0.0122603  0.00575363].
2023-12-13 12:22:25,799 - INFO - Best fit parameters: [2.85543001e+00 6.62762432e+00 4.76816054e-01 1.93987970e-03].
2023-12-13 12:22:25,814 - INFO - Maximum log composite likelihood: -16.29767479257862.
2023-12-13 12:22:25,814 - INFO - Optimal value of theta: 8406.845576973003.
2023-12-13 12:22:25,814 - INFO - Beginning optimization with guess, [4.61606399 3.81258601 0.00881385 0.00826567].
2023-12-13 12:22:27,037 - INFO - Finished optimization with guess, [4.61606399 3.81258601 0.00881385 0.00826567].
2023-12-13 12:22:27,037 - INFO - Best fit parameters: [ 2.81390294 15.83224985  0.29429896  0.04406077].
2023-12-13 12:22:27,052 - INFO - Maximum log composite likelihood: -19.70708201896923.
2023-12-13 12:22:27,052 - INFO - Optimal value of theta: 8851.965000257502.
2023-12-13 12:22:27,052 - INFO - Beginning optimization with guess, [2.85625245 2.42997201 0.01966692 0.00827774].
2023-12-13 12:22:28,362 - INFO - Finished optimization with guess, [2.85625245 2.42997201 0.01966692 0.00827774].
2023-12-13 12:22:28,363 - INFO - Best fit parameters: [2.86014520e+00 3.35736430e+00 4.81956674e-01 2.34709769e-03].
2023-12-13 12:22:28,378 - INFO - Maximum log composite likelihood: -16.29644380780519.
2023-12-13 12:22:28,378 - INFO - Optimal value of theta: 8386.8484329645.
2023-12-13 12:22:28,379 - INFO - Beginning optimization with guess, [2.94532961 3.27814999 0.00844743 0.00535166].
2023-12-13 12:22:29,617 - INFO - Finished optimization with guess, [2.94532961 3.27814999 0.00844743 0.00535166].
2023-12-13 12:22:29,617 - INFO - Best fit parameters: [2.84529758e+00 5.10900610e+00 4.88283206e-01 2.06182057e-03].
2023-12-13 12:22:29,633 - INFO - Maximum log composite likelihood: -16.2980809417204.
2023-12-13 12:22:29,633 - INFO - Optimal value of theta: 8369.564878650994.
2023-12-13 12:22:29,633 - INFO - Beginning optimization with guess, [4.91871533e+00 8.60208347e+00 9.28589594e-03 5.10823676e-03].
2023-12-13 12:22:30,802 - INFO - Finished optimization with guess, [4.91871533e+00 8.60208347e+00 9.28589594e-03 5.10823676e-03].
2023-12-13 12:22:30,803 - INFO - Best fit parameters: [4.84710217e+00 2.74349819e+01 2.20883541e-01 2.25996434e-03].
2023-12-13 12:22:30,816 - INFO - Maximum log composite likelihood: -23.85426616924815.
2023-12-13 12:22:30,816 - INFO - Optimal value of theta: 9245.472503646766.
2023-12-13 12:22:30,816 - INFO - Beginning optimization with guess, [8.51701527 5.23143444 0.0156607  0.01547968].
2023-12-13 12:22:32,005 - INFO - Finished optimization with guess, [8.51701527 5.23143444 0.0156607  0.01547968].
2023-12-13 12:22:32,005 - INFO - Best fit parameters: [3.48378515e+00 5.44528672e+00 2.85382243e-01 5.07086733e-03].
2023-12-13 12:22:32,019 - INFO - Maximum log composite likelihood: -19.747480743550113.
2023-12-13 12:22:32,019 - INFO - Optimal value of theta: 9044.990180155193.
2023-12-13 12:22:32,020 - INFO - Beginning optimization with guess, [5.06916845 3.52555266 0.00520067 0.01054869].
2023-12-13 12:22:33,217 - INFO - Finished optimization with guess, [5.06916845 3.52555266 0.00520067 0.01054869].
2023-12-13 12:22:33,217 - INFO - Best fit parameters: [8.84281431e+00 3.06732001e+00 1.22202705e-03 3.67408273e-01].
2023-12-13 12:22:33,232 - INFO - Maximum log composite likelihood: -17.26475010003196.
2023-12-13 12:22:33,232 - INFO - Optimal value of theta: 8779.283456006333.
2023-12-13 12:22:33,232 - INFO - Beginning optimization with guess, [8.07103703 8.50383644 0.01695944 0.01240116].
2023-12-13 12:22:34,345 - INFO - Finished optimization with guess, [8.07103703 8.50383644 0.01695944 0.01240116].
2023-12-13 12:22:34,345 - INFO - Best fit parameters: [5.23540193e+00 1.40164079e+01 2.08009697e-01 2.52172355e-03].
2023-12-13 12:22:34,358 - INFO - Maximum log composite likelihood: -25.168786668677058.
2023-12-13 12:22:34,358 - INFO - Optimal value of theta: 9301.614241217294.
2023-12-13 12:22:34,360 - INFO - Finished demographic inference.
2023-12-13 12:22:34,360 - INFO - Pipeline executed succesfully.
