2024-03-15 18:58:03,240 - INFO - Beginning execution of fit_demographic_model.py in directory /u/project/kirk/jonmah/sample_size_demography/Scripts

2024-03-15 18:58:03,242 - INFO - Progress is being logged to ../Analysis/TwoEpochContraction_110/log.log

2024-03-15 18:58:03,242 - INFO - Parsed the following arguments:
	syn_input_sfs = ../Analysis/TwoEpochContraction_110/syn_downsampled_sfs.txt
	mask_singletons = False
	mask_doubletons = False
	outprefix = ../Analysis/TwoEpochContraction_110/

2024-03-15 18:58:03,250 - INFO - Beginning demographic inference for one-epoch demographic model.
2024-03-15 18:58:03,251 - INFO - Beginning optimization with guess, [0.11459585].
2024-03-15 18:58:17,454 - INFO - Finished optimization with guess, [0.11459585].
2024-03-15 18:58:17,455 - INFO - Best fit parameters: [0.11459585].
2024-03-15 18:58:17,861 - INFO - Maximum log composite likelihood: -1647.021757405113.
2024-03-15 18:58:17,861 - INFO - Optimal value of theta: 9120.030948914578.
2024-03-15 18:58:17,862 - INFO - Beginning optimization with guess, [0.11540666].
2024-03-15 18:58:32,207 - INFO - Finished optimization with guess, [0.11540666].
2024-03-15 18:58:32,208 - INFO - Best fit parameters: [0.11540666].
2024-03-15 18:58:32,620 - INFO - Maximum log composite likelihood: -1647.021757405113.
2024-03-15 18:58:32,620 - INFO - Optimal value of theta: 9120.030948914578.
2024-03-15 18:58:32,620 - INFO - Beginning optimization with guess, [0.34199693].
2024-03-15 18:58:45,674 - INFO - Finished optimization with guess, [0.34199693].
2024-03-15 18:58:45,675 - INFO - Best fit parameters: [0.34199693].
2024-03-15 18:58:46,078 - INFO - Maximum log composite likelihood: -1647.021757405113.
2024-03-15 18:58:46,078 - INFO - Optimal value of theta: 9120.030948914578.
2024-03-15 18:58:46,078 - INFO - Beginning optimization with guess, [0.30071287].
2024-03-15 18:58:59,570 - INFO - Finished optimization with guess, [0.30071287].
2024-03-15 18:58:59,571 - INFO - Best fit parameters: [0.30071287].
2024-03-15 18:59:00,002 - INFO - Maximum log composite likelihood: -1647.021757405113.
2024-03-15 18:59:00,002 - INFO - Optimal value of theta: 9120.030948914578.
2024-03-15 18:59:00,003 - INFO - Beginning optimization with guess, [0.3843117].
2024-03-15 18:59:12,555 - INFO - Finished optimization with guess, [0.3843117].
2024-03-15 18:59:12,556 - INFO - Best fit parameters: [0.3843117].
2024-03-15 18:59:12,988 - INFO - Maximum log composite likelihood: -1647.021757405113.
2024-03-15 18:59:12,988 - INFO - Optimal value of theta: 9120.030948914578.
2024-03-15 18:59:12,989 - INFO - Beginning optimization with guess, [1.16952442].
2024-03-15 18:59:22,944 - INFO - Finished optimization with guess, [1.16952442].
2024-03-15 18:59:22,945 - INFO - Best fit parameters: [1.16952442].
2024-03-15 18:59:23,377 - INFO - Maximum log composite likelihood: -1647.021757405113.
2024-03-15 18:59:23,377 - INFO - Optimal value of theta: 9120.030948914578.
2024-03-15 18:59:23,377 - INFO - Beginning optimization with guess, [0.89425211].
2024-03-15 18:59:32,020 - INFO - Finished optimization with guess, [0.89425211].
2024-03-15 18:59:32,021 - INFO - Best fit parameters: [0.89425211].
2024-03-15 18:59:32,453 - INFO - Maximum log composite likelihood: -1647.021757405113.
2024-03-15 18:59:32,453 - INFO - Optimal value of theta: 9120.030948914578.
2024-03-15 18:59:32,453 - INFO - Beginning optimization with guess, [0.85128637].
2024-03-15 18:59:42,386 - INFO - Finished optimization with guess, [0.85128637].
2024-03-15 18:59:42,388 - INFO - Best fit parameters: [0.85128637].
2024-03-15 18:59:42,820 - INFO - Maximum log composite likelihood: -1647.021757405113.
2024-03-15 18:59:42,820 - INFO - Optimal value of theta: 9120.030948914578.
2024-03-15 18:59:42,821 - INFO - Beginning optimization with guess, [0.67956547].
2024-03-15 18:59:54,045 - INFO - Finished optimization with guess, [0.67956547].
2024-03-15 18:59:54,047 - INFO - Best fit parameters: [0.67956547].
2024-03-15 18:59:54,478 - INFO - Maximum log composite likelihood: -1647.021757405113.
2024-03-15 18:59:54,478 - INFO - Optimal value of theta: 9120.030948914578.
2024-03-15 18:59:54,478 - INFO - Beginning optimization with guess, [1.13634804].
2024-03-15 19:00:03,155 - INFO - Finished optimization with guess, [1.13634804].
2024-03-15 19:00:03,155 - INFO - Best fit parameters: [1.13634804].
2024-03-15 19:00:03,587 - INFO - Maximum log composite likelihood: -1647.021757405113.
2024-03-15 19:00:03,587 - INFO - Optimal value of theta: 9120.030948914578.
2024-03-15 19:00:03,587 - INFO - Beginning optimization with guess, [0.78592003].
2024-03-15 19:00:13,560 - INFO - Finished optimization with guess, [0.78592003].
2024-03-15 19:00:13,561 - INFO - Best fit parameters: [0.78592003].
2024-03-15 19:00:13,992 - INFO - Maximum log composite likelihood: -1647.021757405113.
2024-03-15 19:00:13,992 - INFO - Optimal value of theta: 9120.030948914578.
2024-03-15 19:00:13,992 - INFO - Beginning optimization with guess, [0.90715919].
2024-03-15 19:00:22,631 - INFO - Finished optimization with guess, [0.90715919].
2024-03-15 19:00:22,632 - INFO - Best fit parameters: [0.90715919].
2024-03-15 19:00:23,073 - INFO - Maximum log composite likelihood: -1647.021757405113.
2024-03-15 19:00:23,073 - INFO - Optimal value of theta: 9120.030948914578.
2024-03-15 19:00:23,073 - INFO - Beginning optimization with guess, [1.51012593].
2024-03-15 19:00:34,729 - INFO - Finished optimization with guess, [1.51012593].
2024-03-15 19:00:34,730 - INFO - Best fit parameters: [1.51012593].
2024-03-15 19:00:35,192 - INFO - Maximum log composite likelihood: -1647.021757405113.
2024-03-15 19:00:35,192 - INFO - Optimal value of theta: 9120.030948914578.
2024-03-15 19:00:35,192 - INFO - Beginning optimization with guess, [2.95912501].
2024-03-15 19:00:49,111 - INFO - Finished optimization with guess, [2.95912501].
2024-03-15 19:00:49,112 - INFO - Best fit parameters: [2.95912501].
2024-03-15 19:00:49,548 - INFO - Maximum log composite likelihood: -1647.021757405113.
2024-03-15 19:00:49,548 - INFO - Optimal value of theta: 9120.030948914578.
2024-03-15 19:00:49,548 - INFO - Beginning optimization with guess, [2.79657329].
2024-03-15 19:01:03,599 - INFO - Finished optimization with guess, [2.79657329].
2024-03-15 19:01:03,600 - INFO - Best fit parameters: [2.79657329].
2024-03-15 19:01:04,018 - INFO - Maximum log composite likelihood: -1647.021757405113.
2024-03-15 19:01:04,018 - INFO - Optimal value of theta: 9120.030948914578.
2024-03-15 19:01:04,018 - INFO - Beginning optimization with guess, [4.88576062].
2024-03-15 19:01:17,982 - INFO - Finished optimization with guess, [4.88576062].
2024-03-15 19:01:17,983 - INFO - Best fit parameters: [4.88576062].
2024-03-15 19:01:18,414 - INFO - Maximum log composite likelihood: -1647.021757405113.
2024-03-15 19:01:18,414 - INFO - Optimal value of theta: 9120.030948914578.
2024-03-15 19:01:18,415 - INFO - Beginning optimization with guess, [3.53524246].
2024-03-15 19:01:32,506 - INFO - Finished optimization with guess, [3.53524246].
2024-03-15 19:01:32,507 - INFO - Best fit parameters: [3.53524246].
2024-03-15 19:01:32,950 - INFO - Maximum log composite likelihood: -1647.021757405113.
2024-03-15 19:01:32,950 - INFO - Optimal value of theta: 9120.030948914578.
2024-03-15 19:01:32,950 - INFO - Beginning optimization with guess, [2.03844573].
2024-03-15 19:01:45,484 - INFO - Finished optimization with guess, [2.03844573].
2024-03-15 19:01:45,485 - INFO - Best fit parameters: [2.03844573].
2024-03-15 19:01:45,918 - INFO - Maximum log composite likelihood: -1647.021757405113.
2024-03-15 19:01:45,918 - INFO - Optimal value of theta: 9120.030948914578.
2024-03-15 19:01:45,918 - INFO - Beginning optimization with guess, [1.92971651].
2024-03-15 19:01:58,479 - INFO - Finished optimization with guess, [1.92971651].
2024-03-15 19:01:58,485 - INFO - Best fit parameters: [1.92971651].
2024-03-15 19:01:58,917 - INFO - Maximum log composite likelihood: -1647.021757405113.
2024-03-15 19:01:58,917 - INFO - Optimal value of theta: 9120.030948914578.
2024-03-15 19:01:58,918 - INFO - Beginning optimization with guess, [3.40405208].
2024-03-15 19:02:12,879 - INFO - Finished optimization with guess, [3.40405208].
2024-03-15 19:02:12,880 - INFO - Best fit parameters: [3.40405208].
2024-03-15 19:02:13,311 - INFO - Maximum log composite likelihood: -1647.021757405113.
2024-03-15 19:02:13,312 - INFO - Optimal value of theta: 9120.030948914578.
2024-03-15 19:02:13,312 - INFO - Beginning optimization with guess, [3.14723228].
2024-03-15 19:02:27,180 - INFO - Finished optimization with guess, [3.14723228].
2024-03-15 19:02:27,182 - INFO - Best fit parameters: [3.14723228].
2024-03-15 19:02:27,613 - INFO - Maximum log composite likelihood: -1647.021757405113.
2024-03-15 19:02:27,613 - INFO - Optimal value of theta: 9120.030948914578.
2024-03-15 19:02:27,614 - INFO - Beginning optimization with guess, [6.02342672].
2024-03-15 19:02:41,557 - INFO - Finished optimization with guess, [6.02342672].
2024-03-15 19:02:41,560 - INFO - Best fit parameters: [6.02342672].
2024-03-15 19:02:41,992 - INFO - Maximum log composite likelihood: -1647.021757405113.
2024-03-15 19:02:41,992 - INFO - Optimal value of theta: 9120.030948914578.
2024-03-15 19:02:41,992 - INFO - Beginning optimization with guess, [5.79004092].
2024-03-15 19:02:55,844 - INFO - Finished optimization with guess, [5.79004092].
2024-03-15 19:02:55,845 - INFO - Best fit parameters: [5.79004092].
2024-03-15 19:02:56,277 - INFO - Maximum log composite likelihood: -1647.021757405113.
2024-03-15 19:02:56,278 - INFO - Optimal value of theta: 9120.030948914578.
2024-03-15 19:02:56,278 - INFO - Beginning optimization with guess, [6.12701259].
2024-03-15 19:03:10,568 - INFO - Finished optimization with guess, [6.12701259].
2024-03-15 19:03:10,569 - INFO - Best fit parameters: [6.12701259].
2024-03-15 19:03:11,010 - INFO - Maximum log composite likelihood: -1647.021757405113.
2024-03-15 19:03:11,010 - INFO - Optimal value of theta: 9120.030948914578.
2024-03-15 19:03:11,010 - INFO - Beginning optimization with guess, [10.02045584].
2024-03-15 19:03:26,827 - INFO - Finished optimization with guess, [10.02045584].
2024-03-15 19:03:26,828 - INFO - Best fit parameters: [10.02045584].
2024-03-15 19:03:27,277 - INFO - Maximum log composite likelihood: -1647.021757405113.
2024-03-15 19:03:27,278 - INFO - Optimal value of theta: 9120.030948914578.
2024-03-15 19:03:27,280 - INFO - Finished demographic inference.
2024-03-15 19:03:27,280 - INFO - Pipeline executed succesfully.
