2024-03-16 14:22:50,472 - INFO - Beginning execution of fit_demographic_model.py in directory /u/project/kirk/jonmah/sample_size_demography/Scripts

2024-03-16 14:22:50,472 - INFO - Progress is being logged to ../Analysis/ThreeEpochContraction_450/log.log

2024-03-16 14:22:50,472 - INFO - Parsed the following arguments:
	syn_input_sfs = ../Analysis/ThreeEpochContraction_450/syn_downsampled_sfs.txt
	mask_singletons = False
	mask_doubletons = False
	outprefix = ../Analysis/ThreeEpochContraction_450/

2024-03-16 14:22:50,496 - INFO - Beginning demographic inference for one-epoch demographic model.
2024-03-16 14:22:50,497 - INFO - Beginning optimization with guess, [0.06255966].
2024-03-16 14:23:32,373 - INFO - Finished optimization with guess, [0.06255966].
2024-03-16 14:23:32,374 - INFO - Best fit parameters: [0.06255966].
2024-03-16 14:23:33,519 - INFO - Maximum log composite likelihood: -4900.759439463127.
2024-03-16 14:23:33,519 - INFO - Optimal value of theta: 7303.415632216575.
2024-03-16 14:23:33,520 - INFO - Beginning optimization with guess, [0.12166144].
2024-03-16 14:24:15,757 - INFO - Finished optimization with guess, [0.12166144].
2024-03-16 14:24:15,759 - INFO - Best fit parameters: [0.12166144].
2024-03-16 14:24:16,990 - INFO - Maximum log composite likelihood: -4900.759439463127.
2024-03-16 14:24:16,990 - INFO - Optimal value of theta: 7303.415632216575.
2024-03-16 14:24:16,990 - INFO - Beginning optimization with guess, [0.43872474].
2024-03-16 14:24:51,362 - INFO - Finished optimization with guess, [0.43872474].
2024-03-16 14:24:51,366 - INFO - Best fit parameters: [0.43872474].
2024-03-16 14:24:52,604 - INFO - Maximum log composite likelihood: -4900.759439463127.
2024-03-16 14:24:52,605 - INFO - Optimal value of theta: 7303.415632216575.
2024-03-16 14:24:52,605 - INFO - Beginning optimization with guess, [0.37098659].
2024-03-16 14:25:27,484 - INFO - Finished optimization with guess, [0.37098659].
2024-03-16 14:25:27,485 - INFO - Best fit parameters: [0.37098659].
2024-03-16 14:25:28,640 - INFO - Maximum log composite likelihood: -4900.759439463127.
2024-03-16 14:25:28,640 - INFO - Optimal value of theta: 7303.415632216575.
2024-03-16 14:25:28,640 - INFO - Beginning optimization with guess, [0.61266916].
2024-03-16 14:25:58,512 - INFO - Finished optimization with guess, [0.61266916].
2024-03-16 14:25:58,513 - INFO - Best fit parameters: [0.61266916].
2024-03-16 14:25:59,654 - INFO - Maximum log composite likelihood: -4900.759439463127.
2024-03-16 14:25:59,655 - INFO - Optimal value of theta: 7303.415632216575.
2024-03-16 14:25:59,655 - INFO - Beginning optimization with guess, [1.04579017].
2024-03-16 14:26:19,378 - INFO - Finished optimization with guess, [1.04579017].
2024-03-16 14:26:19,379 - INFO - Best fit parameters: [1.04579017].
2024-03-16 14:26:20,513 - INFO - Maximum log composite likelihood: -4900.759439463127.
2024-03-16 14:26:20,513 - INFO - Optimal value of theta: 7303.415632216575.
2024-03-16 14:26:20,514 - INFO - Beginning optimization with guess, [0.62734981].
2024-03-16 14:26:50,809 - INFO - Finished optimization with guess, [0.62734981].
2024-03-16 14:26:50,810 - INFO - Best fit parameters: [0.62734981].
2024-03-16 14:26:51,965 - INFO - Maximum log composite likelihood: -4900.759439463127.
2024-03-16 14:26:51,965 - INFO - Optimal value of theta: 7303.415632216575.
2024-03-16 14:26:51,966 - INFO - Beginning optimization with guess, [0.427914].
2024-03-16 14:27:25,943 - INFO - Finished optimization with guess, [0.427914].
2024-03-16 14:27:25,945 - INFO - Best fit parameters: [0.427914].
2024-03-16 14:27:27,087 - INFO - Maximum log composite likelihood: -4900.759439463127.
2024-03-16 14:27:27,087 - INFO - Optimal value of theta: 7303.415632216575.
2024-03-16 14:27:27,088 - INFO - Beginning optimization with guess, [0.76825353].
2024-03-16 14:27:57,993 - INFO - Finished optimization with guess, [0.76825353].
2024-03-16 14:27:57,994 - INFO - Best fit parameters: [0.76825353].
2024-03-16 14:27:59,149 - INFO - Maximum log composite likelihood: -4900.759439463127.
2024-03-16 14:27:59,150 - INFO - Optimal value of theta: 7303.415632216575.
2024-03-16 14:27:59,150 - INFO - Beginning optimization with guess, [1.07190063].
2024-03-16 14:28:22,698 - INFO - Finished optimization with guess, [1.07190063].
2024-03-16 14:28:22,701 - INFO - Best fit parameters: [1.07190063].
2024-03-16 14:28:23,849 - INFO - Maximum log composite likelihood: -4900.759439463127.
2024-03-16 14:28:23,849 - INFO - Optimal value of theta: 7303.415632216575.
2024-03-16 14:28:23,850 - INFO - Beginning optimization with guess, [1.089872].
2024-03-16 14:28:47,370 - INFO - Finished optimization with guess, [1.089872].
2024-03-16 14:28:47,373 - INFO - Best fit parameters: [1.089872].
2024-03-16 14:28:48,555 - INFO - Maximum log composite likelihood: -4900.759439463127.
2024-03-16 14:28:48,555 - INFO - Optimal value of theta: 7303.415632216575.
2024-03-16 14:28:48,555 - INFO - Beginning optimization with guess, [1.8456451].
2024-03-16 14:29:22,798 - INFO - Finished optimization with guess, [1.8456451].
2024-03-16 14:29:22,799 - INFO - Best fit parameters: [1.8456451].
2024-03-16 14:29:23,990 - INFO - Maximum log composite likelihood: -4900.759439463127.
2024-03-16 14:29:23,990 - INFO - Optimal value of theta: 7303.415632216575.
2024-03-16 14:29:23,990 - INFO - Beginning optimization with guess, [1.57461229].
2024-03-16 14:29:55,080 - INFO - Finished optimization with guess, [1.57461229].
2024-03-16 14:29:55,081 - INFO - Best fit parameters: [1.57461229].
2024-03-16 14:29:56,239 - INFO - Maximum log composite likelihood: -4900.759439463127.
2024-03-16 14:29:56,239 - INFO - Optimal value of theta: 7303.415632216575.
2024-03-16 14:29:56,240 - INFO - Beginning optimization with guess, [1.91318868].
2024-03-16 14:30:30,041 - INFO - Finished optimization with guess, [1.91318868].
2024-03-16 14:30:30,043 - INFO - Best fit parameters: [1.91318868].
2024-03-16 14:30:31,311 - INFO - Maximum log composite likelihood: -4900.759439463127.
2024-03-16 14:30:31,311 - INFO - Optimal value of theta: 7303.415632216575.
2024-03-16 14:30:31,311 - INFO - Beginning optimization with guess, [2.02807269].
2024-03-16 14:31:08,018 - INFO - Finished optimization with guess, [2.02807269].
2024-03-16 14:31:08,020 - INFO - Best fit parameters: [2.02807269].
2024-03-16 14:31:09,241 - INFO - Maximum log composite likelihood: -4900.759439463127.
2024-03-16 14:31:09,241 - INFO - Optimal value of theta: 7303.415632216575.
2024-03-16 14:31:09,242 - INFO - Beginning optimization with guess, [2.34968107].
2024-03-16 14:31:43,657 - INFO - Finished optimization with guess, [2.34968107].
2024-03-16 14:31:43,660 - INFO - Best fit parameters: [2.34968107].
2024-03-16 14:31:44,871 - INFO - Maximum log composite likelihood: -4900.759439463127.
2024-03-16 14:31:44,871 - INFO - Optimal value of theta: 7303.415632216575.
2024-03-16 14:31:44,871 - INFO - Beginning optimization with guess, [2.05277147].
2024-03-16 14:32:19,377 - INFO - Finished optimization with guess, [2.05277147].
2024-03-16 14:32:19,379 - INFO - Best fit parameters: [2.05277147].
2024-03-16 14:32:20,550 - INFO - Maximum log composite likelihood: -4900.759439463127.
2024-03-16 14:32:20,550 - INFO - Optimal value of theta: 7303.415632216575.
2024-03-16 14:32:20,550 - INFO - Beginning optimization with guess, [5.62777351].
2024-03-16 14:32:58,388 - INFO - Finished optimization with guess, [5.62777351].
2024-03-16 14:32:58,389 - INFO - Best fit parameters: [5.62777351].
2024-03-16 14:32:59,564 - INFO - Maximum log composite likelihood: -4900.759439463127.
2024-03-16 14:32:59,564 - INFO - Optimal value of theta: 7303.415632216575.
2024-03-16 14:32:59,564 - INFO - Beginning optimization with guess, [1.69506074].
2024-03-16 14:33:33,828 - INFO - Finished optimization with guess, [1.69506074].
2024-03-16 14:33:33,829 - INFO - Best fit parameters: [1.69506074].
2024-03-16 14:33:35,095 - INFO - Maximum log composite likelihood: -4900.759439463127.
2024-03-16 14:33:35,095 - INFO - Optimal value of theta: 7303.415632216575.
2024-03-16 14:33:35,096 - INFO - Beginning optimization with guess, [7.15069606].
2024-03-16 14:34:13,061 - INFO - Finished optimization with guess, [7.15069606].
2024-03-16 14:34:13,062 - INFO - Best fit parameters: [7.15069606].
2024-03-16 14:34:14,340 - INFO - Maximum log composite likelihood: -4900.759439463127.
2024-03-16 14:34:14,341 - INFO - Optimal value of theta: 7303.415632216575.
2024-03-16 14:34:14,341 - INFO - Beginning optimization with guess, [3.69996752].
2024-03-16 14:34:52,233 - INFO - Finished optimization with guess, [3.69996752].
2024-03-16 14:34:52,234 - INFO - Best fit parameters: [3.69996752].
2024-03-16 14:34:53,370 - INFO - Maximum log composite likelihood: -4900.759439463127.
2024-03-16 14:34:53,371 - INFO - Optimal value of theta: 7303.415632216575.
2024-03-16 14:34:53,371 - INFO - Beginning optimization with guess, [3.96702769].
2024-03-16 14:35:31,652 - INFO - Finished optimization with guess, [3.96702769].
2024-03-16 14:35:31,653 - INFO - Best fit parameters: [3.96702769].
2024-03-16 14:35:32,845 - INFO - Maximum log composite likelihood: -4900.759439463127.
2024-03-16 14:35:32,845 - INFO - Optimal value of theta: 7303.415632216575.
2024-03-16 14:35:32,845 - INFO - Beginning optimization with guess, [4.02178514].
2024-03-16 14:36:11,076 - INFO - Finished optimization with guess, [4.02178514].
2024-03-16 14:36:11,078 - INFO - Best fit parameters: [4.02178514].
2024-03-16 14:36:12,285 - INFO - Maximum log composite likelihood: -4900.759439463127.
2024-03-16 14:36:12,285 - INFO - Optimal value of theta: 7303.415632216575.
2024-03-16 14:36:12,285 - INFO - Beginning optimization with guess, [4.99332217].
2024-03-16 14:36:49,444 - INFO - Finished optimization with guess, [4.99332217].
2024-03-16 14:36:49,445 - INFO - Best fit parameters: [4.99332217].
2024-03-16 14:36:50,706 - INFO - Maximum log composite likelihood: -4900.759439463127.
2024-03-16 14:36:50,706 - INFO - Optimal value of theta: 7303.415632216575.
2024-03-16 14:36:50,706 - INFO - Beginning optimization with guess, [13.99275767].
2024-03-16 14:37:32,371 - INFO - Finished optimization with guess, [13.99275767].
2024-03-16 14:37:32,372 - INFO - Best fit parameters: [13.99275767].
2024-03-16 14:37:33,525 - INFO - Maximum log composite likelihood: -4900.759439463127.
2024-03-16 14:37:33,525 - INFO - Optimal value of theta: 7303.415632216575.
2024-03-16 14:37:33,530 - INFO - Finished demographic inference.
2024-03-16 14:37:33,530 - INFO - Pipeline executed succesfully.
