2024-01-16 15:23:55,309 - INFO - Beginning execution of fit_demographic_model.py in directory /u/project/kirk/jonmah/sample_size_demography/Scripts

2024-01-16 15:23:55,310 - INFO - Progress is being logged to ../Analysis/1kg_EUR_670/log.log

2024-01-16 15:23:55,310 - INFO - Parsed the following arguments:
	syn_input_sfs = ../Analysis/1kg_EUR_670/syn_downsampled_sfs.txt
	mask_singletons = False
	mask_doubletons = False
	outprefix = ../Analysis/1kg_EUR_670/

2024-01-16 15:23:55,317 - INFO - Beginning demographic inference for three-epoch demographic model.
2024-01-16 15:23:55,318 - INFO - Beginning optimization with guess, [0.01891573 0.01848167 0.00786702 0.00711729].
2024-01-16 15:26:00,487 - INFO - Finished optimization with guess, [0.01891573 0.01848167 0.00786702 0.00711729].
2024-01-16 15:26:00,489 - INFO - Best fit parameters: [0.00358814 0.10806372 0.0083073  0.01933134].
2024-01-16 15:26:01,888 - INFO - Maximum log composite likelihood: -1141.4294114193845.
2024-01-16 15:26:01,888 - INFO - Optimal value of theta: 52775.61653598011.
2024-01-16 15:26:01,888 - INFO - Beginning optimization with guess, [0.01060811 0.02364994 0.01031421 0.00781868].
2024-01-16 15:28:10,348 - INFO - Finished optimization with guess, [0.01060811 0.02364994 0.01031421 0.00781868].
2024-01-16 15:28:10,349 - INFO - Best fit parameters: [0.01195042 0.01986538 0.06172263 0.00101738].
2024-01-16 15:28:11,798 - INFO - Maximum log composite likelihood: -1055.374925458657.
2024-01-16 15:28:11,798 - INFO - Optimal value of theta: 300631.1946510478.
2024-01-16 15:28:11,799 - INFO - Beginning optimization with guess, [0.02081679 0.04759996 0.01339591 0.00846686].
2024-01-16 15:30:16,873 - INFO - Finished optimization with guess, [0.02081679 0.04759996 0.01339591 0.00846686].
2024-01-16 15:30:16,874 - INFO - Best fit parameters: [0.00951297 0.04959715 0.03130411 0.00690588].
2024-01-16 15:30:18,267 - INFO - Maximum log composite likelihood: -1124.55999579698.
2024-01-16 15:30:18,267 - INFO - Optimal value of theta: 116390.97791660672.
2024-01-16 15:30:18,267 - INFO - Beginning optimization with guess, [0.03082892 0.02033377 0.01730093 0.00530659].
2024-01-16 15:32:21,255 - INFO - Finished optimization with guess, [0.03082892 0.02033377 0.01730093 0.00530659].
2024-01-16 15:32:21,257 - INFO - Best fit parameters: [0.00825759 0.07781242 0.02248097 0.01258813].
2024-01-16 15:32:22,642 - INFO - Maximum log composite likelihood: -1134.8870435634838.
2024-01-16 15:32:22,642 - INFO - Optimal value of theta: 73539.64757234075.
2024-01-16 15:32:22,642 - INFO - Beginning optimization with guess, [0.0578091  0.04397107 0.01440129 0.00610104].
2024-01-16 15:34:18,704 - INFO - Finished optimization with guess, [0.0578091  0.04397107 0.01440129 0.00610104].
2024-01-16 15:34:18,705 - INFO - Best fit parameters: [0.01970895 0.0957477  0.05226716 0.01355524].
2024-01-16 15:34:20,092 - INFO - Maximum log composite likelihood: -1123.6208783084421.
2024-01-16 15:34:20,092 - INFO - Optimal value of theta: 60334.80157566193.
2024-01-16 15:34:20,092 - INFO - Beginning optimization with guess, [0.62767776 0.70877982 0.01422535 0.01939513].
2024-01-16 15:36:15,400 - INFO - Finished optimization with guess, [0.62767776 0.70877982 0.01422535 0.01939513].
2024-01-16 15:36:15,401 - INFO - Best fit parameters: [5.22783226e-01 1.55830646e+00 5.95508569e-04 8.42075333e-03].
2024-01-16 15:36:16,740 - INFO - Maximum log composite likelihood: -1195.3925835257878.
2024-01-16 15:36:16,740 - INFO - Optimal value of theta: 4932.230874041141.
2024-01-16 15:36:16,740 - INFO - Beginning optimization with guess, [0.35720991 0.72532859 0.01739823 0.00544254].
2024-01-16 15:38:25,676 - INFO - Finished optimization with guess, [0.35720991 0.72532859 0.01739823 0.00544254].
2024-01-16 15:38:25,677 - INFO - Best fit parameters: [0.28641871 0.68215339 0.00298877 1.48719223].
2024-01-16 15:38:27,050 - INFO - Maximum log composite likelihood: -1345.782328957021.
2024-01-16 15:38:27,050 - INFO - Optimal value of theta: 7525.60503982433.
2024-01-16 15:38:27,050 - INFO - Beginning optimization with guess, [0.85793432 0.42669513 0.00609652 0.01971112].
2024-01-16 15:40:29,071 - INFO - Finished optimization with guess, [0.85793432 0.42669513 0.00609652 0.01971112].
2024-01-16 15:40:29,072 - INFO - Best fit parameters: [8.15532781e-01 1.70336805e+00 2.06078768e-04 5.64489218e-03].
2024-01-16 15:40:30,408 - INFO - Maximum log composite likelihood: -1195.5464119369196.
2024-01-16 15:40:30,409 - INFO - Optimal value of theta: 4937.785119259259.
2024-01-16 15:40:30,409 - INFO - Beginning optimization with guess, [0.68229445 0.61592246 0.00687907 0.00801522].
2024-01-16 15:42:24,372 - INFO - Finished optimization with guess, [0.68229445 0.61592246 0.00687907 0.00801522].
2024-01-16 15:42:24,373 - INFO - Best fit parameters: [5.59532985e-01 1.55400876e+00 6.34283936e-05 7.48516446e-03].
2024-01-16 15:42:25,711 - INFO - Maximum log composite likelihood: -1195.7848096175069.
2024-01-16 15:42:25,712 - INFO - Optimal value of theta: 4923.017145641377.
2024-01-16 15:42:25,712 - INFO - Beginning optimization with guess, [1.40850254 1.62992496 0.01836443 0.00602262].
2024-01-16 15:44:15,620 - INFO - Finished optimization with guess, [1.40850254 1.62992496 0.01836443 0.00602262].
2024-01-16 15:44:15,621 - INFO - Best fit parameters: [1.19481074 1.64909545 0.00283568 0.00465496].
2024-01-16 15:44:16,961 - INFO - Maximum log composite likelihood: -1195.0840506624072.
2024-01-16 15:44:16,961 - INFO - Optimal value of theta: 4938.792459586684.
2024-01-16 15:44:16,961 - INFO - Beginning optimization with guess, [0.97514364 1.18450915 0.00897992 0.00628826].
2024-01-16 15:46:04,704 - INFO - Finished optimization with guess, [0.97514364 1.18450915 0.00897992 0.00628826].
2024-01-16 15:46:04,705 - INFO - Best fit parameters: [0.94182514 1.36659603 0.38410075 0.01092254].
2024-01-16 15:46:06,049 - INFO - Maximum log composite likelihood: -1154.1768661685426.
2024-01-16 15:46:06,049 - INFO - Optimal value of theta: 5093.558238444024.
2024-01-16 15:46:06,049 - INFO - Beginning optimization with guess, [1.96995166 1.93496396 0.01041414 0.00607062].
2024-01-16 15:48:05,291 - INFO - Finished optimization with guess, [1.96995166 1.93496396 0.01041414 0.00607062].
2024-01-16 15:48:05,292 - INFO - Best fit parameters: [1.68725531 1.53123479 0.00327199 0.00278029].
2024-01-16 15:48:06,630 - INFO - Maximum log composite likelihood: -1193.6665843495841.
2024-01-16 15:48:06,630 - INFO - Optimal value of theta: 4933.587154322912.
2024-01-16 15:48:06,630 - INFO - Beginning optimization with guess, [2.40598215 3.07777254 0.00803205 0.00979269].
2024-01-16 15:50:00,531 - INFO - Finished optimization with guess, [2.40598215 3.07777254 0.00803205 0.00979269].
2024-01-16 15:50:00,532 - INFO - Best fit parameters: [2.84131697e+00 1.19864268e+00 3.02921196e-03 2.31171589e-03].
2024-01-16 15:50:01,882 - INFO - Maximum log composite likelihood: -1191.9827539205874.
2024-01-16 15:50:01,882 - INFO - Optimal value of theta: 4929.98650084712.
2024-01-16 15:50:01,882 - INFO - Beginning optimization with guess, [2.00551622 1.51812077 0.01691218 0.00643177].
2024-01-16 15:51:59,808 - INFO - Finished optimization with guess, [2.00551622 1.51812077 0.01691218 0.00643177].
2024-01-16 15:51:59,810 - INFO - Best fit parameters: [1.73267393 1.48182367 0.00339409 0.00248342].
2024-01-16 15:52:01,146 - INFO - Maximum log composite likelihood: -1193.4199936783882.
2024-01-16 15:52:01,146 - INFO - Optimal value of theta: 4941.201334461582.
2024-01-16 15:52:01,147 - INFO - Beginning optimization with guess, [3.28584403 3.99980654 0.00577987 0.0112984 ].
2024-01-16 15:53:56,376 - INFO - Finished optimization with guess, [3.28584403 3.99980654 0.00577987 0.0112984 ].
2024-01-16 15:53:56,377 - INFO - Best fit parameters: [4.49884224e+00 1.45830228e+00 1.07073463e-03 4.29526908e-03].
2024-01-16 15:53:57,712 - INFO - Maximum log composite likelihood: -1194.695911743712.
2024-01-16 15:53:57,712 - INFO - Optimal value of theta: 4945.379141988309.
2024-01-16 15:53:57,712 - INFO - Beginning optimization with guess, [4.98464369 2.79524856 0.01178668 0.00730602].
2024-01-16 15:55:55,630 - INFO - Finished optimization with guess, [4.98464369 2.79524856 0.01178668 0.00730602].
2024-01-16 15:55:55,631 - INFO - Best fit parameters: [2.50524452e+00 1.61977761e+00 4.68812965e-04 5.08538057e-03].
2024-01-16 15:55:56,967 - INFO - Maximum log composite likelihood: -1195.2694757528266.
2024-01-16 15:55:56,967 - INFO - Optimal value of theta: 4941.554185511758.
2024-01-16 15:55:56,967 - INFO - Beginning optimization with guess, [3.87253602 2.102965   0.00991354 0.01145367].
2024-01-16 15:57:54,958 - INFO - Finished optimization with guess, [3.87253602 2.102965   0.00991354 0.01145367].
2024-01-16 15:57:54,960 - INFO - Best fit parameters: [3.92286649e+00 1.31416726e+00 2.04949826e-03 3.73742508e-03].
2024-01-16 15:57:56,295 - INFO - Maximum log composite likelihood: -1193.5648369085698.
2024-01-16 15:57:56,295 - INFO - Optimal value of theta: 4924.843524279183.
2024-01-16 15:57:56,295 - INFO - Beginning optimization with guess, [5.8811217  1.50490541 0.01624248 0.0074242 ].
2024-01-16 15:59:55,553 - INFO - Finished optimization with guess, [5.8811217  1.50490541 0.01624248 0.0074242 ].
2024-01-16 15:59:55,554 - INFO - Best fit parameters: [2.24933503e+00 1.31960032e+00 3.09662682e-03 1.85597114e-03].
2024-01-16 15:59:56,891 - INFO - Maximum log composite likelihood: -1192.3531231635084.
2024-01-16 15:59:56,891 - INFO - Optimal value of theta: 4939.507922098215.
2024-01-16 15:59:56,891 - INFO - Beginning optimization with guess, [6.49753874e+00 3.52546699e+00 5.29522175e-03 6.50832642e-03].
2024-01-16 16:01:57,569 - INFO - Finished optimization with guess, [6.49753874e+00 3.52546699e+00 5.29522175e-03 6.50832642e-03].
2024-01-16 16:01:57,570 - INFO - Best fit parameters: [1.09886220e+01 1.64556845e+00 1.34580420e-04 5.48848856e-03].
2024-01-16 16:01:58,907 - INFO - Maximum log composite likelihood: -1195.4709184708652.
2024-01-16 16:01:58,907 - INFO - Optimal value of theta: 4939.866272990745.
2024-01-16 16:01:58,907 - INFO - Beginning optimization with guess, [5.31556436 7.28386557 0.00780872 0.01359148].
2024-01-16 16:03:48,803 - INFO - Finished optimization with guess, [5.31556436 7.28386557 0.00780872 0.01359148].
2024-01-16 16:03:48,804 - INFO - Best fit parameters: [7.21776623e+00 1.25310878e+00 1.72579903e-03 3.79954762e-03].
2024-01-16 16:03:50,140 - INFO - Maximum log composite likelihood: -1194.1225421845443.
2024-01-16 16:03:50,140 - INFO - Optimal value of theta: 4942.807025531523.
2024-01-16 16:03:50,141 - INFO - Beginning optimization with guess, [3.87639472 3.32867465 0.00505657 0.00539935].
2024-01-16 16:05:57,462 - INFO - Finished optimization with guess, [3.87639472 3.32867465 0.00505657 0.00539935].
2024-01-16 16:05:57,463 - INFO - Best fit parameters: [4.70944732e+00 1.56574507e+00 5.38615794e-04 5.03783824e-03].
2024-01-16 16:05:58,799 - INFO - Maximum log composite likelihood: -1195.2498634464223.
2024-01-16 16:05:58,799 - INFO - Optimal value of theta: 4941.611700162155.
2024-01-16 16:05:58,799 - INFO - Beginning optimization with guess, [6.0221305  2.80701493 0.00658399 0.01263024].
2024-01-16 16:07:58,073 - INFO - Finished optimization with guess, [6.0221305  2.80701493 0.00658399 0.01263024].
2024-01-16 16:07:58,075 - INFO - Best fit parameters: [6.77295917e+00 1.38067374e+00 1.26143014e-03 4.22474727e-03].
2024-01-16 16:07:59,410 - INFO - Maximum log composite likelihood: -1194.6168533571868.
2024-01-16 16:07:59,410 - INFO - Optimal value of theta: 4941.4922134627495.
2024-01-16 16:07:59,410 - INFO - Beginning optimization with guess, [8.08789302 6.99567105 0.01922899 0.01307926].
2024-01-16 16:10:01,367 - INFO - Finished optimization with guess, [8.08789302 6.99567105 0.01922899 0.01307926].
2024-01-16 16:10:01,369 - INFO - Best fit parameters: [6.19326448e+00 1.33476641e+00 1.49113488e-03 3.81399530e-03].
2024-01-16 16:10:02,705 - INFO - Maximum log composite likelihood: -1194.2611708593893.
2024-01-16 16:10:02,705 - INFO - Optimal value of theta: 4942.226370156236.
2024-01-16 16:10:02,705 - INFO - Beginning optimization with guess, [12.48090321  3.77929417  0.01878009  0.01362752].
2024-01-16 16:12:00,723 - INFO - Finished optimization with guess, [12.48090321  3.77929417  0.01878009  0.01362752].
2024-01-16 16:12:00,724 - INFO - Best fit parameters: [1.84609207e+00 1.63556828e+00 5.65967045e-04 5.10923645e-03].
2024-01-16 16:12:02,067 - INFO - Maximum log composite likelihood: -1195.2171093369002.
2024-01-16 16:12:02,068 - INFO - Optimal value of theta: 4939.462020447317.
2024-01-16 16:12:02,068 - INFO - Beginning optimization with guess, [7.97182884e+00 1.51777418e+01 6.71351691e-03 1.06770722e-02].
2024-01-16 16:13:53,296 - INFO - Finished optimization with guess, [7.97182884e+00 1.51777418e+01 6.71351691e-03 1.06770722e-02].
2024-01-16 16:13:53,298 - INFO - Best fit parameters: [1.44177155e+01 1.19672235e+00 1.75811621e-03 3.75230474e-03].
2024-01-16 16:13:54,634 - INFO - Maximum log composite likelihood: -1194.5673549586595.
2024-01-16 16:13:54,634 - INFO - Optimal value of theta: 4942.200765993029.
2024-01-16 16:13:54,639 - INFO - Finished demographic inference.
2024-01-16 16:13:54,639 - INFO - Pipeline executed succesfully.
