2024-03-14 21:59:24,364 - INFO - Beginning execution of fit_demographic_model.py in directory /u/project/kirk/jonmah/sample_size_demography/Scripts

2024-03-14 21:59:24,364 - INFO - Progress is being logged to ../Analysis/ThreeEpochExpansion_580/log.log

2024-03-14 21:59:24,364 - INFO - Parsed the following arguments:
	syn_input_sfs = ../Analysis/ThreeEpochExpansion_580/syn_downsampled_sfs.txt
	mask_singletons = False
	mask_doubletons = False
	outprefix = ../Analysis/ThreeEpochExpansion_580/

2024-03-14 21:59:24,381 - INFO - Beginning demographic inference for one-epoch demographic model.
2024-03-14 21:59:24,383 - INFO - Beginning optimization with guess, [0.19997116].
2024-03-14 22:02:00,433 - INFO - Finished optimization with guess, [0.19997116].
2024-03-14 22:02:00,439 - INFO - Best fit parameters: [0.19997116].
2024-03-14 22:02:05,477 - INFO - Maximum log composite likelihood: -10677.256873655326.
2024-03-14 22:02:05,478 - INFO - Optimal value of theta: 18530.794069279604.
2024-03-14 22:02:05,478 - INFO - Beginning optimization with guess, [0.1247551].
2024-03-14 22:04:38,772 - INFO - Finished optimization with guess, [0.1247551].
2024-03-14 22:04:38,783 - INFO - Best fit parameters: [0.1247551].
2024-03-14 22:04:44,037 - INFO - Maximum log composite likelihood: -10677.256873655326.
2024-03-14 22:04:44,038 - INFO - Optimal value of theta: 18530.794069279604.
2024-03-14 22:04:44,038 - INFO - Beginning optimization with guess, [0.36587251].
2024-03-14 22:07:00,371 - INFO - Finished optimization with guess, [0.36587251].
2024-03-14 22:07:00,376 - INFO - Best fit parameters: [0.36587251].
2024-03-14 22:07:05,569 - INFO - Maximum log composite likelihood: -10677.256873655326.
2024-03-14 22:07:05,569 - INFO - Optimal value of theta: 18530.794069279604.
2024-03-14 22:07:05,570 - INFO - Beginning optimization with guess, [0.53112633].
2024-03-14 22:09:30,050 - INFO - Finished optimization with guess, [0.53112633].
2024-03-14 22:09:30,055 - INFO - Best fit parameters: [0.53112633].
2024-03-14 22:09:34,251 - INFO - Maximum log composite likelihood: -10677.256873655326.
2024-03-14 22:09:34,251 - INFO - Optimal value of theta: 18530.794069279604.
2024-03-14 22:09:34,252 - INFO - Beginning optimization with guess, [0.4387657].
2024-03-14 22:11:36,140 - INFO - Finished optimization with guess, [0.4387657].
2024-03-14 22:11:36,146 - INFO - Best fit parameters: [0.4387657].
2024-03-14 22:11:41,228 - INFO - Maximum log composite likelihood: -10677.256873655326.
2024-03-14 22:11:41,229 - INFO - Optimal value of theta: 18530.794069279604.
2024-03-14 22:11:41,229 - INFO - Beginning optimization with guess, [0.31108862].
2024-03-14 22:14:13,184 - INFO - Finished optimization with guess, [0.31108862].
2024-03-14 22:14:13,186 - INFO - Best fit parameters: [0.31108862].
2024-03-14 22:14:17,043 - INFO - Maximum log composite likelihood: -10677.256873655326.
2024-03-14 22:14:17,043 - INFO - Optimal value of theta: 18530.794069279604.
2024-03-14 22:14:17,044 - INFO - Beginning optimization with guess, [0.80876162].
2024-03-14 22:15:58,955 - INFO - Finished optimization with guess, [0.80876162].
2024-03-14 22:15:58,966 - INFO - Best fit parameters: [0.80876162].
2024-03-14 22:16:04,180 - INFO - Maximum log composite likelihood: -10677.256873655326.
2024-03-14 22:16:04,180 - INFO - Optimal value of theta: 18530.794069279604.
2024-03-14 22:16:04,180 - INFO - Beginning optimization with guess, [0.43088717].
2024-03-14 22:18:08,198 - INFO - Finished optimization with guess, [0.43088717].
2024-03-14 22:18:08,206 - INFO - Best fit parameters: [0.43088717].
2024-03-14 22:18:11,263 - INFO - Maximum log composite likelihood: -10677.256873655326.
2024-03-14 22:18:11,264 - INFO - Optimal value of theta: 18530.794069279604.
2024-03-14 22:18:11,264 - INFO - Beginning optimization with guess, [0.55904688].
2024-03-14 22:20:05,447 - INFO - Finished optimization with guess, [0.55904688].
2024-03-14 22:20:05,451 - INFO - Best fit parameters: [0.55904688].
2024-03-14 22:20:09,493 - INFO - Maximum log composite likelihood: -10677.256873655326.
2024-03-14 22:20:09,493 - INFO - Optimal value of theta: 18530.794069279604.
2024-03-14 22:20:09,493 - INFO - Beginning optimization with guess, [1.0850752].
2024-03-14 22:21:32,685 - INFO - Finished optimization with guess, [1.0850752].
2024-03-14 22:21:32,688 - INFO - Best fit parameters: [1.0850752].
2024-03-14 22:21:37,105 - INFO - Maximum log composite likelihood: -10677.256873655326.
2024-03-14 22:21:37,105 - INFO - Optimal value of theta: 18530.794069279604.
2024-03-14 22:21:37,123 - INFO - Beginning optimization with guess, [2.3157611].
2024-03-14 22:23:30,199 - INFO - Finished optimization with guess, [2.3157611].
2024-03-14 22:23:30,203 - INFO - Best fit parameters: [2.3157611].
2024-03-14 22:23:33,426 - INFO - Maximum log composite likelihood: -10677.256873655326.
2024-03-14 22:23:33,426 - INFO - Optimal value of theta: 18530.794069279604.
2024-03-14 22:23:33,427 - INFO - Beginning optimization with guess, [1.24401791].
2024-03-14 22:24:43,405 - INFO - Finished optimization with guess, [1.24401791].
2024-03-14 22:24:43,408 - INFO - Best fit parameters: [1.24401791].
2024-03-14 22:24:46,705 - INFO - Maximum log composite likelihood: -10677.256873655326.
2024-03-14 22:24:46,707 - INFO - Optimal value of theta: 18530.794069279604.
2024-03-14 22:24:46,708 - INFO - Beginning optimization with guess, [2.19524527].
2024-03-14 22:26:25,379 - INFO - Finished optimization with guess, [2.19524527].
2024-03-14 22:26:25,380 - INFO - Best fit parameters: [2.19524527].
2024-03-14 22:26:28,892 - INFO - Maximum log composite likelihood: -10677.256873655326.
2024-03-14 22:26:28,892 - INFO - Optimal value of theta: 18530.794069279604.
2024-03-14 22:26:28,893 - INFO - Beginning optimization with guess, [2.94911529].
2024-03-14 22:28:14,956 - INFO - Finished optimization with guess, [2.94911529].
2024-03-14 22:28:14,963 - INFO - Best fit parameters: [2.94911529].
2024-03-14 22:28:18,050 - INFO - Maximum log composite likelihood: -10677.256873655326.
2024-03-14 22:28:18,050 - INFO - Optimal value of theta: 18530.794069279604.
2024-03-14 22:28:18,051 - INFO - Beginning optimization with guess, [1.39692517].
