2025-03-19 17:34:49,419 - INFO - Beginning execution of evaluate_true_demography_fit.py in directory /u/project/kirk/jonmah/sample_size_demography/Scripts

2025-03-19 17:34:49,420 - INFO - Progress is being logged to ../Analysis/ThreeEpochContraction_200/evaluate_demography.log

2025-03-19 17:34:49,420 - INFO - Parsed the following arguments:
	syn_input_sfs = ../Analysis/ThreeEpochContraction_200/syn_downsampled_sfs.txt
	model_type = three_epoch
	params_list = [0.5, 0.25, 0.09, 0.01]
	mask_singletons = False
	mask_doubletons = False
	outprefix = ../Analysis/ThreeEpochContraction_200/

2025-03-19 17:34:49,421 - INFO - Beginning demographic evaluation for three-epoch demographic model.
2025-03-19 17:34:49,423 - INFO - Beginning optimization with guess, [0.5, 0.25, 0.09, 0.01].
2025-03-19 17:34:49,423 - INFO - Finished optimization with guess, [0.5, 0.25, 0.09, 0.01].
2025-03-19 17:34:49,423 - INFO - Best fit parameters: [0.5, 0.25, 0.09, 0.01].
2025-03-19 17:34:49,660 - INFO - Maximum log composite likelihood: -404.3334031289184.
2025-03-19 17:34:49,660 - INFO - Optimal value of theta: 11746.12827901949.
2025-03-19 17:34:49,661 - INFO - Synonymous input SFS: [-- 4077.677281725964 2426.374242937501 1798.081047423469 1464.625593379229 1258.584429303442 1115.41972201143 1009.237337071006 928.7841510539316 866.6528800619733 816.4165242479244 772.9392680670319 732.9628999710807 695.063686921939 659.0930395353962 625.4846505543106 594.7268431650781 567.1056146411893 542.6649362583812 521.2693023287663 502.676362195187 486.582621340127 472.6472777679301 460.5121040913865 449.8271695443993 440.2793183211282 431.6138005651114 423.6414753874359 416.2307316729375 409.2895963138018 402.7462539660977 396.5349597583448 390.5905804684243 384.8508660633537 379.2627350521711 373.7881312227178 368.4061931394906 363.1107199467641 357.9041435609508 352.7905640538809 347.7704981342848 342.839001234993 337.9873102368102 333.2067842878746 328.4932006368213 323.8495698591608 319.2864120601495 314.8195039217222 310.4660426723822 306.2406674750029 302.1527218353268 298.205623562787 294.3984569450211 290.729179068314 287.1983539553564 283.8122070599554 280.5840253588558 277.5334163955922 274.6835304903698 272.0568830623591 269.6707591036813 267.5332673469801 265.6409334241318 263.9783376788448 262.5198171100527 261.2327831507488 260.0818677342045 259.0329733034174 258.0563898644164 257.1284204654976 256.2313476245097 255.3519759917027 254.4793029046086 253.6020282470926 252.7065919687658 251.7762434406378 250.7913618824785 249.7309413840713 248.5749040228892 247.3067628843316 245.916140453578 244.4007380477091 242.7675044630354 241.0329142136036 239.2223942566393 237.3690112339044 235.5115525028535 233.6921266276188 231.9534029596712 230.3356295008124 228.8736207032698 227.5939793392604 226.5128803487897 225.6347654136946 224.9522476911789 224.4473970431956 224.0943803809661 223.8632037012968 223.7240895485374 223.6518749308516 111.8148840377672 -- -- -- -- -- -- -- -- -- -- -- -- -- -- -- -- -- -- -- -- -- -- -- -- -- -- -- -- -- -- -- -- -- -- -- -- -- -- -- -- -- -- -- -- -- -- -- -- -- -- -- -- -- -- -- -- -- -- -- -- -- -- -- -- -- -- -- -- -- -- -- -- -- -- -- -- -- -- -- -- -- -- -- -- -- -- -- -- -- -- -- -- -- -- -- -- -- -- -- --].
2025-03-19 17:34:49,662 - INFO - Scaled spectrum: [-- 3856.32523354816 2314.5208453092696 1762.6089030809912 1464.3901050729814 1271.4069993028875 1133.4274669475308 1028.4480256273937 945.1552577485162 877.0548574346371 820.1072896799546 771.6425978771813 729.8107907354853 693.2811330750981 661.0670346059042 632.4187013577068 606.7544369701712 583.6150493798966 562.6326370163372 543.5086404589165 525.9980477317044 509.8977963254878 495.0381049650279 481.2758933234522 468.4897173160268 456.5758226603315 445.4450357264911 435.0202896090493 425.23463788014215 416.0296468021329 407.3540841276386 399.1628424111056 391.4160492720349 384.07832782096614 377.1181785393519 370.5074600275408 364.22095071771207 358.23597726160375 352.5320981126002 347.09083302263974 341.89543091128826 336.9306699434911 332.182684753462 327.63881663863754 323.2874832610312 319.11806497555216 315.1208053768918 311.286724045889 307.6075397946786 304.07560297475385 300.6838356301549 297.42567846091185 294.2950437138683 291.28627324589684 288.394101111784 285.6136201196829 282.9402518740386 280.3697198905044 277.89802542324514 275.5214256918977 273.2364142363039 271.0397031614159 268.92820706500675 266.89902846625284 264.94944457546 263.07689526477304 261.2789721158606 259.55340843559816 257.89807014291614 256.31094744154575 254.79014720247818 253.33388598885335 251.94048366326552 250.6083575237888 249.33601692130208 248.12205831515345 246.9651607292147 245.86408157401064 244.8176528044514 243.8247773853901 242.88442604072085 241.99563426336272 241.15749956661358 240.36917895862092 239.62988662397677 238.93889179786834 238.29551681973825 237.6991353547229 237.14917077230922 236.64509467282912 236.18642555325386 235.77272760484647 235.40360963590854 235.07872411376133 234.79776632066444 234.56047361924925 234.3666248234706 234.21603967176952 234.10857839975176 234.04414141004884 117.0113345188621 -- -- -- -- -- -- -- -- -- -- -- -- -- -- -- -- -- -- -- -- -- -- -- -- -- -- -- -- -- -- -- -- -- -- -- -- -- -- -- -- -- -- -- -- -- -- -- -- -- -- -- -- -- -- -- -- -- -- -- -- -- -- -- -- -- -- -- -- -- -- -- -- -- -- -- -- -- -- -- -- -- -- -- -- -- -- -- -- -- -- -- -- -- -- -- -- -- -- -- --].
2025-03-19 17:34:49,663 - INFO - Converting and interpreting Tau estimates.
2025-03-19 17:34:49,665 - INFO - Finished demographic evaluation.
2025-03-19 17:34:49,666 - INFO - Pipeline executed succesfully.
