2024-01-17 16:01:22,430 - INFO - Beginning execution of fit_demographic_model.py in directory /u/project/kirk/jonmah/sample_size_demography/Scripts

2024-01-17 16:01:22,430 - INFO - Progress is being logged to ../Analysis/1kg_EUR_95/log.log

2024-01-17 16:01:22,430 - INFO - Parsed the following arguments:
	syn_input_sfs = ../Analysis/1kg_EUR_95/syn_downsampled_sfs.txt
	mask_singletons = False
	mask_doubletons = False
	outprefix = ../Analysis/1kg_EUR_95/

2024-01-17 16:01:22,431 - INFO - Beginning demographic inference for one-epoch demographic model.
2024-01-17 16:01:22,432 - INFO - Beginning optimization with guess, [0.06867838].
2024-01-17 16:01:36,321 - INFO - Finished optimization with guess, [0.06867838].
2024-01-17 16:01:36,322 - INFO - Best fit parameters: [0.06867838].
2024-01-17 16:01:36,716 - INFO - Maximum log composite likelihood: -344.6111886589997.
2024-01-17 16:01:36,716 - INFO - Optimal value of theta: 5041.970050171462.
2024-01-17 16:01:36,717 - INFO - Beginning optimization with guess, [0.15644757].
2024-01-17 16:01:49,323 - INFO - Finished optimization with guess, [0.15644757].
2024-01-17 16:01:49,324 - INFO - Best fit parameters: [0.15644757].
2024-01-17 16:01:49,699 - INFO - Maximum log composite likelihood: -344.6111886589997.
2024-01-17 16:01:49,699 - INFO - Optimal value of theta: 5041.970050171462.
2024-01-17 16:01:49,700 - INFO - Beginning optimization with guess, [0.32530167].
2024-01-17 16:02:02,279 - INFO - Finished optimization with guess, [0.32530167].
2024-01-17 16:02:02,280 - INFO - Best fit parameters: [0.32530167].
2024-01-17 16:02:02,679 - INFO - Maximum log composite likelihood: -344.6111886589997.
2024-01-17 16:02:02,679 - INFO - Optimal value of theta: 5041.970050171462.
2024-01-17 16:02:02,679 - INFO - Beginning optimization with guess, [0.26863718].
2024-01-17 16:02:15,256 - INFO - Finished optimization with guess, [0.26863718].
2024-01-17 16:02:15,258 - INFO - Best fit parameters: [0.26863718].
2024-01-17 16:02:15,650 - INFO - Maximum log composite likelihood: -344.6111886589997.
2024-01-17 16:02:15,650 - INFO - Optimal value of theta: 5041.970050171462.
2024-01-17 16:02:15,651 - INFO - Beginning optimization with guess, [0.32204178].
2024-01-17 16:02:28,225 - INFO - Finished optimization with guess, [0.32204178].
2024-01-17 16:02:28,227 - INFO - Best fit parameters: [0.32204178].
2024-01-17 16:02:28,630 - INFO - Maximum log composite likelihood: -344.6111886589997.
2024-01-17 16:02:28,630 - INFO - Optimal value of theta: 5041.970050171462.
2024-01-17 16:02:28,631 - INFO - Beginning optimization with guess, [1.14569301].
2024-01-17 16:02:37,697 - INFO - Finished optimization with guess, [1.14569301].
2024-01-17 16:02:37,698 - INFO - Best fit parameters: [1.14569301].
2024-01-17 16:02:38,067 - INFO - Maximum log composite likelihood: -344.6111886589997.
2024-01-17 16:02:38,067 - INFO - Optimal value of theta: 5041.970050171462.
2024-01-17 16:02:38,067 - INFO - Beginning optimization with guess, [0.69896705].
2024-01-17 16:02:47,852 - INFO - Finished optimization with guess, [0.69896705].
2024-01-17 16:02:47,853 - INFO - Best fit parameters: [0.69896705].
2024-01-17 16:02:48,230 - INFO - Maximum log composite likelihood: -344.6111886589997.
2024-01-17 16:02:48,230 - INFO - Optimal value of theta: 5041.970050171462.
2024-01-17 16:02:48,231 - INFO - Beginning optimization with guess, [1.57241558].
2024-01-17 16:02:58,331 - INFO - Finished optimization with guess, [1.57241558].
2024-01-17 16:02:58,332 - INFO - Best fit parameters: [1.57241558].
2024-01-17 16:02:58,707 - INFO - Maximum log composite likelihood: -344.6111886589997.
2024-01-17 16:02:58,708 - INFO - Optimal value of theta: 5041.970050171462.
2024-01-17 16:02:58,708 - INFO - Beginning optimization with guess, [0.48235802].
2024-01-17 16:03:10,044 - INFO - Finished optimization with guess, [0.48235802].
2024-01-17 16:03:10,045 - INFO - Best fit parameters: [0.48235802].
2024-01-17 16:03:10,434 - INFO - Maximum log composite likelihood: -344.6111886589997.
2024-01-17 16:03:10,435 - INFO - Optimal value of theta: 5041.970050171462.
2024-01-17 16:03:10,435 - INFO - Beginning optimization with guess, [1.27322327].
2024-01-17 16:03:19,604 - INFO - Finished optimization with guess, [1.27322327].
2024-01-17 16:03:19,605 - INFO - Best fit parameters: [1.27322327].
2024-01-17 16:03:20,001 - INFO - Maximum log composite likelihood: -344.6111886589997.
2024-01-17 16:03:20,001 - INFO - Optimal value of theta: 5041.970050171462.
2024-01-17 16:03:20,001 - INFO - Beginning optimization with guess, [1.60917624].
2024-01-17 16:03:30,060 - INFO - Finished optimization with guess, [1.60917624].
2024-01-17 16:03:30,061 - INFO - Best fit parameters: [1.60917624].
2024-01-17 16:03:30,432 - INFO - Maximum log composite likelihood: -344.6111886589997.
2024-01-17 16:03:30,432 - INFO - Optimal value of theta: 5041.970050171462.
2024-01-17 16:03:30,432 - INFO - Beginning optimization with guess, [1.55510497].
2024-01-17 16:03:40,470 - INFO - Finished optimization with guess, [1.55510497].
2024-01-17 16:03:40,471 - INFO - Best fit parameters: [1.55510497].
2024-01-17 16:03:40,850 - INFO - Maximum log composite likelihood: -344.6111886589997.
2024-01-17 16:03:40,850 - INFO - Optimal value of theta: 5041.970050171462.
2024-01-17 16:03:40,850 - INFO - Beginning optimization with guess, [1.644364].
2024-01-17 16:03:51,628 - INFO - Finished optimization with guess, [1.644364].
2024-01-17 16:03:51,629 - INFO - Best fit parameters: [1.644364].
2024-01-17 16:03:52,063 - INFO - Maximum log composite likelihood: -344.6111886589997.
2024-01-17 16:03:52,063 - INFO - Optimal value of theta: 5041.970050171462.
2024-01-17 16:03:52,063 - INFO - Beginning optimization with guess, [2.54968773].
2024-01-17 16:04:03,585 - INFO - Finished optimization with guess, [2.54968773].
2024-01-17 16:04:03,586 - INFO - Best fit parameters: [2.54968773].
2024-01-17 16:04:03,975 - INFO - Maximum log composite likelihood: -344.6111886589997.
2024-01-17 16:04:03,975 - INFO - Optimal value of theta: 5041.970050171462.
2024-01-17 16:04:03,976 - INFO - Beginning optimization with guess, [1.584547].
2024-01-17 16:04:14,457 - INFO - Finished optimization with guess, [1.584547].
2024-01-17 16:04:14,457 - INFO - Best fit parameters: [1.584547].
2024-01-17 16:04:14,854 - INFO - Maximum log composite likelihood: -344.6111886589997.
2024-01-17 16:04:14,854 - INFO - Optimal value of theta: 5041.970050171462.
2024-01-17 16:04:14,854 - INFO - Beginning optimization with guess, [4.88760263].
2024-01-17 16:04:27,574 - INFO - Finished optimization with guess, [4.88760263].
2024-01-17 16:04:27,575 - INFO - Best fit parameters: [4.88760263].
2024-01-17 16:04:27,958 - INFO - Maximum log composite likelihood: -344.6111886589997.
2024-01-17 16:04:27,958 - INFO - Optimal value of theta: 5041.970050171462.
2024-01-17 16:04:27,959 - INFO - Beginning optimization with guess, [4.85331957].
2024-01-17 16:04:40,480 - INFO - Finished optimization with guess, [4.85331957].
2024-01-17 16:04:40,481 - INFO - Best fit parameters: [4.85331957].
2024-01-17 16:04:40,851 - INFO - Maximum log composite likelihood: -344.6111886589997.
2024-01-17 16:04:40,851 - INFO - Optimal value of theta: 5041.970050171462.
2024-01-17 16:04:40,851 - INFO - Beginning optimization with guess, [1.54464312].
2024-01-17 16:04:50,758 - INFO - Finished optimization with guess, [1.54464312].
2024-01-17 16:04:50,759 - INFO - Best fit parameters: [1.54464312].
2024-01-17 16:04:51,155 - INFO - Maximum log composite likelihood: -344.6111886589997.
2024-01-17 16:04:51,156 - INFO - Optimal value of theta: 5041.970050171462.
2024-01-17 16:04:51,156 - INFO - Beginning optimization with guess, [4.19077801].
2024-01-17 16:05:03,671 - INFO - Finished optimization with guess, [4.19077801].
2024-01-17 16:05:03,672 - INFO - Best fit parameters: [4.19077801].
2024-01-17 16:05:04,076 - INFO - Maximum log composite likelihood: -344.6111886589997.
2024-01-17 16:05:04,076 - INFO - Optimal value of theta: 5041.970050171462.
2024-01-17 16:05:04,076 - INFO - Beginning optimization with guess, [2.65106772].
2024-01-17 16:05:15,498 - INFO - Finished optimization with guess, [2.65106772].
2024-01-17 16:05:15,499 - INFO - Best fit parameters: [2.65106772].
2024-01-17 16:05:15,892 - INFO - Maximum log composite likelihood: -344.6111886589997.
2024-01-17 16:05:15,892 - INFO - Optimal value of theta: 5041.970050171462.
2024-01-17 16:05:15,892 - INFO - Beginning optimization with guess, [3.03068634].
2024-01-17 16:05:28,131 - INFO - Finished optimization with guess, [3.03068634].
2024-01-17 16:05:28,132 - INFO - Best fit parameters: [3.03068634].
2024-01-17 16:05:28,504 - INFO - Maximum log composite likelihood: -344.6111886589997.
2024-01-17 16:05:28,504 - INFO - Optimal value of theta: 5041.970050171462.
2024-01-17 16:05:28,505 - INFO - Beginning optimization with guess, [7.13170461].
2024-01-17 16:05:40,707 - INFO - Finished optimization with guess, [7.13170461].
2024-01-17 16:05:40,710 - INFO - Best fit parameters: [7.13170461].
2024-01-17 16:05:41,082 - INFO - Maximum log composite likelihood: -344.6111886589997.
2024-01-17 16:05:41,082 - INFO - Optimal value of theta: 5041.970050171462.
2024-01-17 16:05:41,083 - INFO - Beginning optimization with guess, [4.57831311].
2024-01-17 16:05:53,559 - INFO - Finished optimization with guess, [4.57831311].
2024-01-17 16:05:53,561 - INFO - Best fit parameters: [4.57831311].
2024-01-17 16:05:53,945 - INFO - Maximum log composite likelihood: -344.6111886589997.
2024-01-17 16:05:53,945 - INFO - Optimal value of theta: 5041.970050171462.
2024-01-17 16:05:53,945 - INFO - Beginning optimization with guess, [5.01744025].
2024-01-17 16:06:06,738 - INFO - Finished optimization with guess, [5.01744025].
2024-01-17 16:06:06,740 - INFO - Best fit parameters: [5.01744025].
2024-01-17 16:06:07,142 - INFO - Maximum log composite likelihood: -344.6111886589997.
2024-01-17 16:06:07,143 - INFO - Optimal value of theta: 5041.970050171462.
2024-01-17 16:06:07,143 - INFO - Beginning optimization with guess, [13.50263661].
2024-01-17 16:06:20,969 - INFO - Finished optimization with guess, [13.50263661].
2024-01-17 16:06:20,970 - INFO - Best fit parameters: [13.50263661].
2024-01-17 16:06:21,364 - INFO - Maximum log composite likelihood: -344.6111886589997.
2024-01-17 16:06:21,364 - INFO - Optimal value of theta: 5041.970050171462.
2024-01-17 16:06:21,367 - INFO - Beginning demographic inference for two-epoch demographic model.
2024-01-17 16:06:21,393 - INFO - Beginning optimization with guess, [0.06966743 0.0069419 ].
2024-01-17 16:06:32,854 - INFO - Finished optimization with guess, [0.06966743 0.0069419 ].
2024-01-17 16:06:32,856 - INFO - Best fit parameters: [2.23014911e+00 1.02318070e-03].
2024-01-17 16:06:33,229 - INFO - Maximum log composite likelihood: -342.469574600452.
2024-01-17 16:06:33,229 - INFO - Optimal value of theta: 5016.277624811576.
2024-01-17 16:06:33,230 - INFO - Beginning optimization with guess, [0.24249296 0.01375323].
2024-01-17 16:06:44,752 - INFO - Finished optimization with guess, [0.24249296 0.01375323].
2024-01-17 16:06:44,753 - INFO - Best fit parameters: [1.94600225e+00 1.36709062e-03].
2024-01-17 16:06:45,129 - INFO - Maximum log composite likelihood: -342.49966369752383.
2024-01-17 16:06:45,129 - INFO - Optimal value of theta: 5012.061265410983.
2024-01-17 16:06:45,130 - INFO - Beginning optimization with guess, [0.25879498 0.01660733].
2024-01-17 16:06:56,755 - INFO - Finished optimization with guess, [0.25879498 0.01660733].
2024-01-17 16:06:56,756 - INFO - Best fit parameters: [1.88740409e+00 1.82725471e-03].
2024-01-17 16:06:57,148 - INFO - Maximum log composite likelihood: -342.6842027138432.
2024-01-17 16:06:57,148 - INFO - Optimal value of theta: 5003.80034536745.
2024-01-17 16:06:57,148 - INFO - Beginning optimization with guess, [0.31253035 0.00892594].
2024-01-17 16:07:09,015 - INFO - Finished optimization with guess, [0.31253035 0.00892594].
2024-01-17 16:07:09,016 - INFO - Best fit parameters: [1.4193024  0.00144939].
2024-01-17 16:07:09,416 - INFO - Maximum log composite likelihood: -342.9855825279908.
2024-01-17 16:07:09,416 - INFO - Optimal value of theta: 5022.915389673388.
2024-01-17 16:07:09,417 - INFO - Beginning optimization with guess, [0.89806759 0.00605228].
2024-01-17 16:07:21,291 - INFO - Finished optimization with guess, [0.89806759 0.00605228].
2024-01-17 16:07:21,291 - INFO - Best fit parameters: [1.04263311 0.00220204].
2024-01-17 16:07:21,683 - INFO - Maximum log composite likelihood: -344.25507259391907.
2024-01-17 16:07:21,683 - INFO - Optimal value of theta: 5038.118703065559.
2024-01-17 16:07:21,684 - INFO - Beginning optimization with guess, [0.92339195 0.01670331].
2024-01-17 16:07:34,050 - INFO - Finished optimization with guess, [0.92339195 0.01670331].
2024-01-17 16:07:34,051 - INFO - Best fit parameters: [0.86937933 0.35493344].
2024-01-17 16:07:34,442 - INFO - Maximum log composite likelihood: -281.85699089974173.
2024-01-17 16:07:34,443 - INFO - Optimal value of theta: 5471.19259035044.
2024-01-17 16:07:34,443 - INFO - Beginning optimization with guess, [0.6129119  0.00522727].
2024-01-17 16:07:46,103 - INFO - Finished optimization with guess, [0.6129119  0.00522727].
2024-01-17 16:07:46,104 - INFO - Best fit parameters: [1.2093715  0.00184749].
2024-01-17 16:07:46,485 - INFO - Maximum log composite likelihood: -343.4212977578277.
2024-01-17 16:07:46,486 - INFO - Optimal value of theta: 5028.009752331996.
2024-01-17 16:07:46,486 - INFO - Beginning optimization with guess, [0.54260511 0.01161401].
2024-01-17 16:07:58,265 - INFO - Finished optimization with guess, [0.54260511 0.01161401].
2024-01-17 16:07:58,266 - INFO - Best fit parameters: [1.20209851 0.00208716].
2024-01-17 16:07:58,656 - INFO - Maximum log composite likelihood: -343.40717834853035.
2024-01-17 16:07:58,656 - INFO - Optimal value of theta: 5026.7814478897.
2024-01-17 16:07:58,656 - INFO - Beginning optimization with guess, [0.45421005 0.00713424].
2024-01-17 16:08:10,370 - INFO - Finished optimization with guess, [0.45421005 0.00713424].
2024-01-17 16:08:10,371 - INFO - Best fit parameters: [1.35861847 0.0026816 ].
2024-01-17 16:08:10,763 - INFO - Maximum log composite likelihood: -343.1293241297608.
2024-01-17 16:08:10,763 - INFO - Optimal value of theta: 5011.697244489701.
2024-01-17 16:08:10,763 - INFO - Beginning optimization with guess, [0.97929918 0.01759934].
2024-01-17 16:08:23,118 - INFO - Finished optimization with guess, [0.97929918 0.01759934].
2024-01-17 16:08:23,119 - INFO - Best fit parameters: [0.96147494 0.46884641].
2024-01-17 16:08:23,518 - INFO - Maximum log composite likelihood: -322.44347006721637.
2024-01-17 16:08:23,518 - INFO - Optimal value of theta: 5168.717630512051.
2024-01-17 16:08:23,519 - INFO - Beginning optimization with guess, [1.08134432 0.00776799].
2024-01-17 16:08:33,091 - INFO - Finished optimization with guess, [1.08134432 0.00776799].
2024-01-17 16:08:33,092 - INFO - Best fit parameters: [1.16445756 0.00213758].
2024-01-17 16:08:33,452 - INFO - Maximum log composite likelihood: -343.55177125840487.
2024-01-17 16:08:33,452 - INFO - Optimal value of theta: 5028.946475695083.
2024-01-17 16:08:33,452 - INFO - Beginning optimization with guess, [2.43819162 0.00645202].
2024-01-17 16:08:44,416 - INFO - Finished optimization with guess, [2.43819162 0.00645202].
2024-01-17 16:08:44,417 - INFO - Best fit parameters: [3.84981711e+00 8.18540808e-04].
2024-01-17 16:08:44,793 - INFO - Maximum log composite likelihood: -342.27453434589415.
2024-01-17 16:08:44,793 - INFO - Optimal value of theta: 5014.090865133182.
2024-01-17 16:08:44,794 - INFO - Beginning optimization with guess, [1.5694504  0.01014034].
2024-01-17 16:08:55,594 - INFO - Finished optimization with guess, [1.5694504  0.01014034].
2024-01-17 16:08:55,595 - INFO - Best fit parameters: [1.46259404 0.00183517].
2024-01-17 16:08:55,979 - INFO - Maximum log composite likelihood: -342.8477991838515.
2024-01-17 16:08:55,979 - INFO - Optimal value of theta: 5016.418651115647.
2024-01-17 16:08:55,979 - INFO - Beginning optimization with guess, [1.90071746 0.01471524].
2024-01-17 16:09:06,936 - INFO - Finished optimization with guess, [1.90071746 0.01471524].
2024-01-17 16:09:06,937 - INFO - Best fit parameters: [1.58621863 0.00176676].
2024-01-17 16:09:07,327 - INFO - Maximum log composite likelihood: -342.72481310629246.
2024-01-17 16:09:07,327 - INFO - Optimal value of theta: 5013.081088554937.
2024-01-17 16:09:07,328 - INFO - Beginning optimization with guess, [2.70934567 0.00578217].
2024-01-17 16:09:17,549 - INFO - Finished optimization with guess, [2.70934567 0.00578217].
2024-01-17 16:09:17,549 - INFO - Best fit parameters: [2.62625810e+00 1.22242255e-03].
2024-01-17 16:09:17,942 - INFO - Maximum log composite likelihood: -342.33644172583536.
2024-01-17 16:09:17,943 - INFO - Optimal value of theta: 5007.580960323938.
2024-01-17 16:09:17,943 - INFO - Beginning optimization with guess, [4.38224865 0.00877626].
2024-01-17 16:09:29,271 - INFO - Finished optimization with guess, [4.38224865 0.00877626].
2024-01-17 16:09:29,272 - INFO - Best fit parameters: [3.70661398e+00 1.07711773e-03].
2024-01-17 16:09:29,659 - INFO - Maximum log composite likelihood: -342.23258611089614.
2024-01-17 16:09:29,659 - INFO - Optimal value of theta: 5005.968630113269.
2024-01-17 16:09:29,659 - INFO - Beginning optimization with guess, [3.05860941 0.00554453].
2024-01-17 16:09:40,721 - INFO - Finished optimization with guess, [3.05860941 0.00554453].
2024-01-17 16:09:40,722 - INFO - Best fit parameters: [3.3736669e+00 1.0470922e-03].
2024-01-17 16:09:41,098 - INFO - Maximum log composite likelihood: -342.2422930171588.
2024-01-17 16:09:41,098 - INFO - Optimal value of theta: 5008.263081722882.
2024-01-17 16:09:41,098 - INFO - Beginning optimization with guess, [3.07616922 0.00921584].
2024-01-17 16:09:51,837 - INFO - Finished optimization with guess, [3.07616922 0.00921584].
2024-01-17 16:09:51,838 - INFO - Best fit parameters: [2.39184015e+00 1.24405902e-03].
2024-01-17 16:09:52,222 - INFO - Maximum log composite likelihood: -342.371579898291.
2024-01-17 16:09:52,222 - INFO - Optimal value of theta: 5009.150263939865.
2024-01-17 16:09:52,222 - INFO - Beginning optimization with guess, [4.17834409 0.00893667].
2024-01-17 16:10:03,371 - INFO - Finished optimization with guess, [4.17834409 0.00893667].
2024-01-17 16:10:03,371 - INFO - Best fit parameters: [3.55328086e+00 1.10563932e-03].
2024-01-17 16:10:03,761 - INFO - Maximum log composite likelihood: -342.24785006110847.
2024-01-17 16:10:03,761 - INFO - Optimal value of theta: 5005.640770262266.
2024-01-17 16:10:03,761 - INFO - Beginning optimization with guess, [2.21604776 0.01914887].
2024-01-17 16:10:15,066 - INFO - Finished optimization with guess, [2.21604776 0.01914887].
2024-01-17 16:10:15,066 - INFO - Best fit parameters: [1.74761333e+00 1.31796982e-03].
2024-01-17 16:10:15,459 - INFO - Maximum log composite likelihood: -342.62410830392855.
2024-01-17 16:10:15,459 - INFO - Optimal value of theta: 5016.628918338376.
2024-01-17 16:10:15,460 - INFO - Beginning optimization with guess, [4.86831865 0.01287416].
2024-01-17 16:10:26,966 - INFO - Finished optimization with guess, [4.86831865 0.01287416].
2024-01-17 16:10:26,968 - INFO - Best fit parameters: [2.76072685e+00 1.28287309e-03].
2024-01-17 16:10:27,361 - INFO - Maximum log composite likelihood: -342.3538797057738.
2024-01-17 16:10:27,362 - INFO - Optimal value of theta: 5004.818687219059.
2024-01-17 16:10:27,362 - INFO - Beginning optimization with guess, [3.49622114 0.00516171].
2024-01-17 16:10:37,639 - INFO - Finished optimization with guess, [3.49622114 0.00516171].
2024-01-17 16:10:37,640 - INFO - Best fit parameters: [3.36210621e+00 1.05452883e-03].
2024-01-17 16:10:38,020 - INFO - Maximum log composite likelihood: -342.2437877137204.
2024-01-17 16:10:38,020 - INFO - Optimal value of theta: 5008.0791358216675.
2024-01-17 16:10:38,021 - INFO - Beginning optimization with guess, [4.15983763 0.00663986].
2024-01-17 16:10:48,964 - INFO - Finished optimization with guess, [4.15983763 0.00663986].
2024-01-17 16:10:48,965 - INFO - Best fit parameters: [2.42287304e+00 1.27634060e-03].
2024-01-17 16:10:49,350 - INFO - Maximum log composite likelihood: -342.3732044124047.
2024-01-17 16:10:49,350 - INFO - Optimal value of theta: 5008.006465950048.
2024-01-17 16:10:49,350 - INFO - Beginning optimization with guess, [4.31483666 0.01546119].
2024-01-17 16:11:00,325 - INFO - Finished optimization with guess, [4.31483666 0.01546119].
2024-01-17 16:11:00,326 - INFO - Best fit parameters: [2.03494649e+00 1.25471395e-03].
2024-01-17 16:11:00,695 - INFO - Maximum log composite likelihood: -342.47079121981415.
2024-01-17 16:11:00,695 - INFO - Optimal value of theta: 5013.138677057458.
2024-01-17 16:11:00,695 - INFO - Beginning optimization with guess, [8.16704725 0.01032138].
2024-01-17 16:11:11,433 - INFO - Finished optimization with guess, [8.16704725 0.01032138].
2024-01-17 16:11:11,434 - INFO - Best fit parameters: [3.21614925e+00 1.06368660e-03].
2024-01-17 16:11:11,818 - INFO - Maximum log composite likelihood: -342.255463153449.
2024-01-17 16:11:11,818 - INFO - Optimal value of theta: 5008.464878614496.
2024-01-17 16:11:11,820 - INFO - Beginning demographic inference for three-epoch demographic model.
2024-01-17 16:11:11,823 - INFO - Beginning optimization with guess, [0.00517525 0.01937021 0.01780018 0.01020923].
2024-01-17 16:11:26,330 - INFO - Finished optimization with guess, [0.00517525 0.01937021 0.01780018 0.01020923].
2024-01-17 16:11:26,331 - INFO - Best fit parameters: [0.00474791 0.01831749 0.01859152 0.01012252].
2024-01-17 16:11:26,829 - INFO - Maximum log composite likelihood: -248.99140980334596.
2024-01-17 16:11:26,829 - INFO - Optimal value of theta: 247971.6894890621.
2024-01-17 16:11:26,830 - INFO - Beginning optimization with guess, [0.02907402 0.01479668 0.01223051 0.00826971].
2024-01-17 16:11:38,708 - INFO - Finished optimization with guess, [0.02907402 0.01479668 0.01223051 0.00826971].
2024-01-17 16:11:38,709 - INFO - Best fit parameters: [0.00803513 0.26478006 0.01597345 0.00789471].
2024-01-17 16:11:39,138 - INFO - Maximum log composite likelihood: -1104.855411723097.
2024-01-17 16:11:39,138 - INFO - Optimal value of theta: 39634.153388519626.
2024-01-17 16:11:39,138 - INFO - Beginning optimization with guess, [0.03308466 0.03381193 0.01501679 0.01057401].
2024-01-17 16:11:50,081 - INFO - Finished optimization with guess, [0.03308466 0.03381193 0.01501679 0.01057401].
2024-01-17 16:11:50,083 - INFO - Best fit parameters: [0.0084301  0.17701731 0.01366607 0.01527307].
2024-01-17 16:11:50,497 - INFO - Maximum log composite likelihood: -618.5617922420784.
2024-01-17 16:11:50,497 - INFO - Optimal value of theta: 30493.50084036543.
2024-01-17 16:11:50,498 - INFO - Beginning optimization with guess, [0.06503258 0.03056918 0.00784475 0.00839022].
2024-01-17 16:12:00,967 - INFO - Finished optimization with guess, [0.06503258 0.03056918 0.00784475 0.00839022].
2024-01-17 16:12:00,968 - INFO - Best fit parameters: [7.11554477e-02 1.01744313e+02 1.37680739e-05 5.46855730e-05].
2024-01-17 16:12:01,370 - INFO - Maximum log composite likelihood: -345.46794785775364.
2024-01-17 16:12:01,371 - INFO - Optimal value of theta: 5047.661850469665.
2024-01-17 16:12:01,371 - INFO - Beginning optimization with guess, [0.03431202 0.03672935 0.0161404  0.00775402].
2024-01-17 16:12:12,588 - INFO - Finished optimization with guess, [0.03431202 0.03672935 0.0161404  0.00775402].
2024-01-17 16:12:12,589 - INFO - Best fit parameters: [0.00887152 0.18466774 0.01471242 0.01148421].
2024-01-17 16:12:13,018 - INFO - Maximum log composite likelihood: -806.2379305163868.
2024-01-17 16:12:13,018 - INFO - Optimal value of theta: 31966.299406828464.
2024-01-17 16:12:13,018 - INFO - Beginning optimization with guess, [0.77640383 0.95306164 0.01846759 0.00713299].
2024-01-17 16:12:23,542 - INFO - Finished optimization with guess, [0.77640383 0.95306164 0.01846759 0.00713299].
2024-01-17 16:12:23,543 - INFO - Best fit parameters: [0.7387032  0.94281391 0.01769362 0.25830877].
2024-01-17 16:12:23,933 - INFO - Maximum log composite likelihood: -310.64619243527386.
2024-01-17 16:12:23,933 - INFO - Optimal value of theta: 5219.934012337729.
2024-01-17 16:12:23,934 - INFO - Beginning optimization with guess, [0.67469406 0.56585624 0.0072474  0.01474696].
2024-01-17 16:12:35,058 - INFO - Finished optimization with guess, [0.67469406 0.56585624 0.0072474  0.01474696].
2024-01-17 16:12:35,059 - INFO - Best fit parameters: [6.63412410e-01 1.79392425e+00 6.29342727e-05 1.19577082e-04].
2024-01-17 16:12:35,456 - INFO - Maximum log composite likelihood: -344.4668753610631.
2024-01-17 16:12:35,456 - INFO - Optimal value of theta: 5040.983422125779.
2024-01-17 16:12:35,456 - INFO - Beginning optimization with guess, [0.64204779 0.65283154 0.01208524 0.01721612].
2024-01-17 16:12:46,146 - INFO - Finished optimization with guess, [0.64204779 0.65283154 0.01208524 0.01721612].
2024-01-17 16:12:46,147 - INFO - Best fit parameters: [6.07801782e-01 1.51027728e+00 4.25065246e-05 7.23736345e-04].
2024-01-17 16:12:46,543 - INFO - Maximum log composite likelihood: -343.477371544579.
2024-01-17 16:12:46,544 - INFO - Optimal value of theta: 5032.060730724904.
2024-01-17 16:12:46,544 - INFO - Beginning optimization with guess, [0.45927337 1.15438819 0.00973657 0.00676763].
2024-01-17 16:12:56,949 - INFO - Finished optimization with guess, [0.45927337 1.15438819 0.00973657 0.00676763].
2024-01-17 16:12:56,950 - INFO - Best fit parameters: [0.39428194 1.21085392 0.01848236 0.04086961].
2024-01-17 16:12:57,350 - INFO - Maximum log composite likelihood: -259.51349969585567.
2024-01-17 16:12:57,350 - INFO - Optimal value of theta: 5230.21518138811.
2024-01-17 16:12:57,350 - INFO - Beginning optimization with guess, [0.70652969 0.50555393 0.00504925 0.0167981 ].
2024-01-17 16:13:08,305 - INFO - Finished optimization with guess, [0.70652969 0.50555393 0.00504925 0.0167981 ].
2024-01-17 16:13:08,306 - INFO - Best fit parameters: [6.62898732e-01 1.35988068e+00 2.41774510e-04 7.47020314e-04].
2024-01-17 16:13:08,716 - INFO - Maximum log composite likelihood: -344.1238817442918.
2024-01-17 16:13:08,716 - INFO - Optimal value of theta: 5038.47525106881.
2024-01-17 16:13:08,716 - INFO - Beginning optimization with guess, [2.47140315 0.89905967 0.01074676 0.01227412].
2024-01-17 16:13:19,073 - INFO - Finished optimization with guess, [2.47140315 0.89905967 0.01074676 0.01227412].
2024-01-17 16:13:19,074 - INFO - Best fit parameters: [2.46678559e+00 8.83035165e-01 6.92520360e-05 4.33087472e-01].
2024-01-17 16:13:19,451 - INFO - Maximum log composite likelihood: -286.5544021108665.
2024-01-17 16:13:19,451 - INFO - Optimal value of theta: 5448.254157751897.
2024-01-17 16:13:19,451 - INFO - Beginning optimization with guess, [1.14283242 1.04095064 0.00974049 0.00721752].
2024-01-17 16:13:29,442 - INFO - Finished optimization with guess, [1.14283242 1.04095064 0.00974049 0.00721752].
2024-01-17 16:13:29,444 - INFO - Best fit parameters: [1.12146828 1.02414282 0.00175352 0.00124274].
2024-01-17 16:13:29,833 - INFO - Maximum log composite likelihood: -343.9463140479668.
2024-01-17 16:13:29,833 - INFO - Optimal value of theta: 5032.790367636714.
2024-01-17 16:13:29,833 - INFO - Beginning optimization with guess, [1.7755893  1.27533655 0.01376744 0.00862536].
2024-01-17 16:13:40,373 - INFO - Finished optimization with guess, [1.7755893  1.27533655 0.01376744 0.00862536].
2024-01-17 16:13:40,374 - INFO - Best fit parameters: [1.50150554e+00 1.10362250e+00 1.27732330e-03 8.28541129e-04].
2024-01-17 16:13:40,754 - INFO - Maximum log composite likelihood: -343.0566988560288.
2024-01-17 16:13:40,754 - INFO - Optimal value of theta: 5019.970899096166.
2024-01-17 16:13:40,754 - INFO - Beginning optimization with guess, [1.29557512 1.75307043 0.00978198 0.01982566].
2024-01-17 16:13:51,696 - INFO - Finished optimization with guess, [1.29557512 1.75307043 0.00978198 0.01982566].
2024-01-17 16:13:51,697 - INFO - Best fit parameters: [1.13886879 1.34540915 0.00221936 0.00162271].
2024-01-17 16:13:52,077 - INFO - Maximum log composite likelihood: -343.12861228407405.
2024-01-17 16:13:52,077 - INFO - Optimal value of theta: 5012.5747285232555.
2024-01-17 16:13:52,077 - INFO - Beginning optimization with guess, [2.83157181 2.12828997 0.0152909  0.0088148 ].
2024-01-17 16:14:02,646 - INFO - Finished optimization with guess, [2.83157181 2.12828997 0.0152909  0.0088148 ].
2024-01-17 16:14:02,646 - INFO - Best fit parameters: [2.12518217e+00 1.17011444e+00 1.14145747e-03 5.65126257e-04].
2024-01-17 16:14:03,027 - INFO - Maximum log composite likelihood: -342.64252200578426.
2024-01-17 16:14:03,027 - INFO - Optimal value of theta: 5011.429248030123.
2024-01-17 16:14:03,028 - INFO - Beginning optimization with guess, [2.78752147 1.4009848  0.0060628  0.01271103].
2024-01-17 16:14:13,230 - INFO - Finished optimization with guess, [2.78752147 1.4009848  0.0060628  0.01271103].
2024-01-17 16:14:13,232 - INFO - Best fit parameters: [2.15376161e+00 1.14473680e+00 9.35657542e-04 1.36748770e-03].
2024-01-17 16:14:13,631 - INFO - Maximum log composite likelihood: -342.9399984536906.
2024-01-17 16:14:13,631 - INFO - Optimal value of theta: 5012.657779159117.
2024-01-17 16:14:13,631 - INFO - Beginning optimization with guess, [1.93270318 2.11815108 0.00680528 0.00631069].
2024-01-17 16:14:23,889 - INFO - Finished optimization with guess, [1.93270318 2.11815108 0.00680528 0.00631069].
2024-01-17 16:14:23,891 - INFO - Best fit parameters: [1.60360657e+00 1.44980191e+00 8.84748341e-04 9.61157474e-04].
2024-01-17 16:14:24,279 - INFO - Maximum log composite likelihood: -342.6647075630565.
2024-01-17 16:14:24,279 - INFO - Optimal value of theta: 5013.864334231003.
2024-01-17 16:14:24,280 - INFO - Beginning optimization with guess, [3.34375595 2.06680974 0.01342307 0.00878162].
2024-01-17 16:14:35,076 - INFO - Finished optimization with guess, [3.34375595 2.06680974 0.01342307 0.00878162].
2024-01-17 16:14:35,077 - INFO - Best fit parameters: [2.39714610e+00 1.16300215e+00 9.24181845e-04 5.61767437e-04].
2024-01-17 16:14:35,466 - INFO - Maximum log composite likelihood: -342.6085775090469.
2024-01-17 16:14:35,467 - INFO - Optimal value of theta: 5014.326087942787.
2024-01-17 16:14:35,467 - INFO - Beginning optimization with guess, [2.70462045 3.45284882 0.01265555 0.01158651].
2024-01-17 16:14:46,516 - INFO - Finished optimization with guess, [2.70462045 3.45284882 0.01265555 0.01158651].
2024-01-17 16:14:46,517 - INFO - Best fit parameters: [1.67303670e+00 1.34116378e+00 1.11339869e-03 8.78791103e-04].
2024-01-17 16:14:46,904 - INFO - Maximum log composite likelihood: -342.72235447970115.
2024-01-17 16:14:46,904 - INFO - Optimal value of theta: 5012.268921049574.
2024-01-17 16:14:46,905 - INFO - Beginning optimization with guess, [2.97210461 4.41501514 0.01370608 0.01075162].
2024-01-17 16:14:57,074 - INFO - Finished optimization with guess, [2.97210461 4.41501514 0.01370608 0.01075162].
2024-01-17 16:14:57,075 - INFO - Best fit parameters: [1.75667219e+00 1.42157416e+00 1.26051311e-03 7.80938969e-04].
2024-01-17 16:14:57,440 - INFO - Maximum log composite likelihood: -342.6927076958766.
2024-01-17 16:14:57,440 - INFO - Optimal value of theta: 5007.6713227049595.
2024-01-17 16:14:57,440 - INFO - Beginning optimization with guess, [5.1094473  5.42352934 0.0150511  0.0067099 ].
2024-01-17 16:15:07,384 - INFO - Finished optimization with guess, [5.1094473  5.42352934 0.0150511  0.0067099 ].
2024-01-17 16:15:07,384 - INFO - Best fit parameters: [3.25884433e+00 1.42143180e+00 1.11258679e-03 3.67152862e-04].
2024-01-17 16:15:07,736 - INFO - Maximum log composite likelihood: -342.4649220751214.
2024-01-17 16:15:07,736 - INFO - Optimal value of theta: 5002.205081329173.
2024-01-17 16:15:07,736 - INFO - Beginning optimization with guess, [4.54542145 5.16710909 0.01027338 0.00802558].
2024-01-17 16:15:18,288 - INFO - Finished optimization with guess, [4.54542145 5.16710909 0.01027338 0.00802558].
2024-01-17 16:15:18,289 - INFO - Best fit parameters: [2.54826866e+00 1.35127268e+00 9.79477502e-04 3.34352468e-04].
2024-01-17 16:15:18,646 - INFO - Maximum log composite likelihood: -342.42805211224436.
2024-01-17 16:15:18,646 - INFO - Optimal value of theta: 5011.131513317965.
2024-01-17 16:15:18,646 - INFO - Beginning optimization with guess, [3.55291431 4.30534801 0.01178495 0.00618525].
2024-01-17 16:15:29,040 - INFO - Finished optimization with guess, [3.55291431 4.30534801 0.01178495 0.00618525].
2024-01-17 16:15:29,041 - INFO - Best fit parameters: [1.43185717e+00 3.23435376e+00 1.33335875e-03 5.86739888e-04].
2024-01-17 16:15:29,404 - INFO - Maximum log composite likelihood: -342.44780832158904.
2024-01-17 16:15:29,404 - INFO - Optimal value of theta: 5005.568781937721.
2024-01-17 16:15:29,405 - INFO - Beginning optimization with guess, [7.06926614e+00 7.18081587e+00 5.04669076e-03 5.38708941e-03].
2024-01-17 16:15:39,617 - INFO - Finished optimization with guess, [7.06926614e+00 7.18081587e+00 5.04669076e-03 5.38708941e-03].
2024-01-17 16:15:39,618 - INFO - Best fit parameters: [4.32180055e+00 2.20415898e+00 3.38732087e-04 7.96187101e-04].
2024-01-17 16:15:40,001 - INFO - Maximum log composite likelihood: -342.3044688157115.
2024-01-17 16:15:40,001 - INFO - Optimal value of theta: 5010.261814448231.
2024-01-17 16:15:40,002 - INFO - Beginning optimization with guess, [5.01613631e+00 1.29830794e+01 6.56282779e-03 1.12386523e-02].
2024-01-17 16:15:50,517 - INFO - Finished optimization with guess, [5.01613631e+00 1.29830794e+01 6.56282779e-03 1.12386523e-02].
2024-01-17 16:15:50,518 - INFO - Best fit parameters: [1.39853200e+00 6.40326121e+00 3.54513937e-04 6.93007822e-04].
2024-01-17 16:15:50,904 - INFO - Maximum log composite likelihood: -342.1586907861256.
2024-01-17 16:15:50,905 - INFO - Optimal value of theta: 5010.336569936284.
2024-01-17 16:15:50,908 - INFO - Finished demographic inference.
2024-01-17 16:15:50,908 - INFO - Pipeline executed succesfully.
