2025-08-01 00:01:21,303 - INFO - Beginning execution of fit_demographic_model.py in directory /u/project/kirk/jonmah/sample_size_demography/Scripts

2025-08-01 00:01:21,303 - INFO - Progress is being logged to ../Analysis/dadi_3EpB_530/log.log

2025-08-01 00:01:21,303 - INFO - Parsed the following arguments:
	syn_input_sfs = ../Simulations/dadi_simulations/ThreeEpochBottleneck_530.sfs
	mask_singletons = False
	mask_doubletons = False
	L_syn = 100000000.0
	outprefix = ../Analysis/dadi_3EpB_530/

2025-08-01 00:01:21,317 - INFO - Beginning demographic inference for one-epoch demographic model.
2025-08-01 00:01:21,319 - INFO - Beginning optimization with guess, [0.1].
2025-08-01 00:02:07,294 - INFO - Finished optimization with guess, [0.1].
2025-08-01 00:02:07,296 - INFO - Best fit parameters: [0.1].
2025-08-01 00:02:08,565 - INFO - Maximum log composite likelihood: -63760.13827873615.
2025-08-01 00:02:08,565 - INFO - Optimal value of theta: 31850.657586882113.
2025-08-01 00:02:08,565 - INFO - Beginning optimization with guess, [0.2].
2025-08-01 00:02:49,159 - INFO - Finished optimization with guess, [0.2].
2025-08-01 00:02:49,160 - INFO - Best fit parameters: [0.2].
2025-08-01 00:02:50,433 - INFO - Maximum log composite likelihood: -63760.13827873615.
2025-08-01 00:02:50,433 - INFO - Optimal value of theta: 31850.657586882113.
2025-08-01 00:02:50,433 - INFO - Beginning optimization with guess, [0.3].
2025-08-01 00:03:30,726 - INFO - Finished optimization with guess, [0.3].
2025-08-01 00:03:30,727 - INFO - Best fit parameters: [0.3].
2025-08-01 00:03:31,999 - INFO - Maximum log composite likelihood: -63760.13827873615.
2025-08-01 00:03:31,999 - INFO - Optimal value of theta: 31850.657586882113.
2025-08-01 00:03:31,999 - INFO - Beginning optimization with guess, [0.4].
2025-08-01 00:04:08,701 - INFO - Finished optimization with guess, [0.4].
2025-08-01 00:04:08,702 - INFO - Best fit parameters: [0.4].
2025-08-01 00:04:09,973 - INFO - Maximum log composite likelihood: -63760.13827873615.
2025-08-01 00:04:09,973 - INFO - Optimal value of theta: 31850.657586882113.
2025-08-01 00:04:09,973 - INFO - Beginning optimization with guess, [0.5].
2025-08-01 00:04:46,731 - INFO - Finished optimization with guess, [0.5].
2025-08-01 00:04:46,732 - INFO - Best fit parameters: [0.5].
2025-08-01 00:04:47,993 - INFO - Maximum log composite likelihood: -63760.13827873615.
2025-08-01 00:04:47,993 - INFO - Optimal value of theta: 31850.657586882113.
2025-08-01 00:04:47,993 - INFO - Beginning optimization with guess, [0.6].
2025-08-01 00:05:21,034 - INFO - Finished optimization with guess, [0.6].
2025-08-01 00:05:21,035 - INFO - Best fit parameters: [0.6].
2025-08-01 00:05:22,297 - INFO - Maximum log composite likelihood: -63760.13827873615.
2025-08-01 00:05:22,297 - INFO - Optimal value of theta: 31850.657586882113.
2025-08-01 00:05:22,297 - INFO - Beginning optimization with guess, [0.7].
2025-08-01 00:05:55,283 - INFO - Finished optimization with guess, [0.7].
2025-08-01 00:05:55,285 - INFO - Best fit parameters: [0.7].
2025-08-01 00:05:56,554 - INFO - Maximum log composite likelihood: -63760.13827873615.
2025-08-01 00:05:56,554 - INFO - Optimal value of theta: 31850.657586882113.
2025-08-01 00:05:56,554 - INFO - Beginning optimization with guess, [0.8].
2025-08-01 00:06:25,879 - INFO - Finished optimization with guess, [0.8].
2025-08-01 00:06:25,880 - INFO - Best fit parameters: [0.8].
2025-08-01 00:06:27,142 - INFO - Maximum log composite likelihood: -63760.13827873615.
2025-08-01 00:06:27,142 - INFO - Optimal value of theta: 31850.657586882113.
2025-08-01 00:06:27,142 - INFO - Beginning optimization with guess, [0.9].
2025-08-01 00:06:52,562 - INFO - Finished optimization with guess, [0.9].
2025-08-01 00:06:52,563 - INFO - Best fit parameters: [0.9].
2025-08-01 00:06:53,836 - INFO - Maximum log composite likelihood: -63760.13827873615.
2025-08-01 00:06:53,836 - INFO - Optimal value of theta: 31850.657586882113.
2025-08-01 00:06:53,837 - INFO - Beginning optimization with guess, [1].
2025-08-01 00:07:04,000 - INFO - Finished optimization with guess, [1].
2025-08-01 00:07:04,001 - INFO - Best fit parameters: [1.].
2025-08-01 00:07:05,270 - INFO - Maximum log composite likelihood: -63760.13827873615.
2025-08-01 00:07:05,270 - INFO - Optimal value of theta: 31850.657586882113.
2025-08-01 00:07:05,270 - INFO - Beginning optimization with guess, [1.25].
2025-08-01 00:07:34,356 - INFO - Finished optimization with guess, [1.25].
2025-08-01 00:07:34,357 - INFO - Best fit parameters: [1.25].
2025-08-01 00:07:35,625 - INFO - Maximum log composite likelihood: -63760.13827873615.
2025-08-01 00:07:35,626 - INFO - Optimal value of theta: 31850.657586882113.
2025-08-01 00:07:35,626 - INFO - Beginning optimization with guess, [1.5].
2025-08-01 00:08:09,184 - INFO - Finished optimization with guess, [1.5].
2025-08-01 00:08:09,186 - INFO - Best fit parameters: [1.5].
2025-08-01 00:08:10,449 - INFO - Maximum log composite likelihood: -63760.13827873615.
2025-08-01 00:08:10,449 - INFO - Optimal value of theta: 31850.657586882113.
2025-08-01 00:08:10,449 - INFO - Beginning optimization with guess, [1.75].
2025-08-01 00:08:47,488 - INFO - Finished optimization with guess, [1.75].
2025-08-01 00:08:47,489 - INFO - Best fit parameters: [1.75].
2025-08-01 00:08:48,760 - INFO - Maximum log composite likelihood: -63760.13827873615.
2025-08-01 00:08:48,760 - INFO - Optimal value of theta: 31850.657586882113.
2025-08-01 00:08:48,760 - INFO - Beginning optimization with guess, [2].
2025-08-01 00:09:25,059 - INFO - Finished optimization with guess, [2].
2025-08-01 00:09:25,060 - INFO - Best fit parameters: [2.].
2025-08-01 00:09:26,300 - INFO - Maximum log composite likelihood: -63760.13827873615.
2025-08-01 00:09:26,300 - INFO - Optimal value of theta: 31850.657586882113.
2025-08-01 00:09:26,300 - INFO - Beginning optimization with guess, [2.25].
2025-08-01 00:10:02,183 - INFO - Finished optimization with guess, [2.25].
2025-08-01 00:10:03,239 - INFO - Best fit parameters: [2.25].
2025-08-01 00:10:04,602 - INFO - Maximum log composite likelihood: -63760.13827873615.
2025-08-01 00:10:04,602 - INFO - Optimal value of theta: 31850.657586882113.
2025-08-01 00:10:04,602 - INFO - Beginning optimization with guess, [2.5].
2025-08-01 00:10:41,519 - INFO - Finished optimization with guess, [2.5].
2025-08-01 00:10:41,522 - INFO - Best fit parameters: [2.5].
2025-08-01 00:10:42,785 - INFO - Maximum log composite likelihood: -63760.13827873615.
2025-08-01 00:10:42,785 - INFO - Optimal value of theta: 31850.657586882113.
2025-08-01 00:10:42,785 - INFO - Beginning optimization with guess, [2.75].
2025-08-01 00:11:19,656 - INFO - Finished optimization with guess, [2.75].
2025-08-01 00:11:19,657 - INFO - Best fit parameters: [2.75].
2025-08-01 00:11:20,928 - INFO - Maximum log composite likelihood: -63760.13827873615.
2025-08-01 00:11:20,929 - INFO - Optimal value of theta: 31850.657586882113.
2025-08-01 00:11:20,929 - INFO - Beginning optimization with guess, [3].
2025-08-01 00:12:01,305 - INFO - Finished optimization with guess, [3].
2025-08-01 00:12:01,306 - INFO - Best fit parameters: [3.].
2025-08-01 00:12:02,588 - INFO - Maximum log composite likelihood: -63760.13827873615.
2025-08-01 00:12:02,588 - INFO - Optimal value of theta: 31850.657586882113.
2025-08-01 00:12:02,588 - INFO - Beginning optimization with guess, [3.33].
2025-08-01 00:12:42,880 - INFO - Finished optimization with guess, [3.33].
2025-08-01 00:12:42,882 - INFO - Best fit parameters: [3.33].
2025-08-01 00:12:44,121 - INFO - Maximum log composite likelihood: -63760.13827873615.
2025-08-01 00:12:44,121 - INFO - Optimal value of theta: 31850.657586882113.
2025-08-01 00:12:44,122 - INFO - Beginning optimization with guess, [3.66].
2025-08-01 00:13:24,000 - INFO - Finished optimization with guess, [3.66].
2025-08-01 00:13:24,001 - INFO - Best fit parameters: [3.66].
2025-08-01 00:13:25,272 - INFO - Maximum log composite likelihood: -63760.13827873615.
2025-08-01 00:13:25,272 - INFO - Optimal value of theta: 31850.657586882113.
2025-08-01 00:13:25,272 - INFO - Beginning optimization with guess, [4].
2025-08-01 00:14:05,743 - INFO - Finished optimization with guess, [4].
2025-08-01 00:14:05,744 - INFO - Best fit parameters: [4.].
2025-08-01 00:14:07,009 - INFO - Maximum log composite likelihood: -63760.13827873615.
2025-08-01 00:14:07,009 - INFO - Optimal value of theta: 31850.657586882113.
2025-08-01 00:14:07,009 - INFO - Beginning optimization with guess, [5].
2025-08-01 00:14:47,314 - INFO - Finished optimization with guess, [5].
2025-08-01 00:14:47,315 - INFO - Best fit parameters: [5.].
2025-08-01 00:14:48,583 - INFO - Maximum log composite likelihood: -63760.13827873615.
2025-08-01 00:14:48,583 - INFO - Optimal value of theta: 31850.657586882113.
2025-08-01 00:14:48,583 - INFO - Beginning optimization with guess, [6].
2025-08-01 00:15:29,233 - INFO - Finished optimization with guess, [6].
2025-08-01 00:15:29,234 - INFO - Best fit parameters: [6.].
2025-08-01 00:15:30,496 - INFO - Maximum log composite likelihood: -63760.13827873615.
2025-08-01 00:15:30,496 - INFO - Optimal value of theta: 31850.657586882113.
2025-08-01 00:15:30,496 - INFO - Beginning optimization with guess, [7].
2025-08-01 00:16:10,866 - INFO - Finished optimization with guess, [7].
2025-08-01 00:16:10,867 - INFO - Best fit parameters: [7.].
2025-08-01 00:16:12,094 - INFO - Maximum log composite likelihood: -63760.13827873615.
2025-08-01 00:16:12,094 - INFO - Optimal value of theta: 31850.657586882113.
2025-08-01 00:16:12,094 - INFO - Beginning optimization with guess, [8].
2025-08-01 00:16:56,140 - INFO - Finished optimization with guess, [8].
2025-08-01 00:16:56,141 - INFO - Best fit parameters: [8.].
2025-08-01 00:16:57,411 - INFO - Maximum log composite likelihood: -63760.13827873615.
2025-08-01 00:16:57,411 - INFO - Optimal value of theta: 31850.657586882113.
2025-08-01 00:16:57,415 - INFO - Converting and interpreting Tau estimates.
2025-08-01 00:16:57,417 - INFO - Beginning demographic inference for three-epoch demographic model.
2025-08-01 00:16:57,441 - INFO - Beginning optimization with guess, [0.01, 0.01, 0.1, 0.1].
2025-08-01 00:18:14,272 - INFO - Finished optimization with guess, [0.01, 0.01, 0.1, 0.1].
2025-08-01 00:18:14,274 - INFO - Best fit parameters: [0.00525205 0.0467091  0.07918636 0.08839688].
2025-08-01 00:18:15,977 - INFO - Maximum log composite likelihood: -63023.448320437026.
2025-08-01 00:18:15,978 - INFO - Optimal value of theta: 724329.4608681509.
2025-08-01 00:18:15,978 - INFO - Beginning optimization with guess, [0.1, 0.1, 0.1, 0.1].
2025-08-01 00:19:15,990 - INFO - Finished optimization with guess, [0.1, 0.1, 0.1, 0.1].
2025-08-01 00:19:15,994 - INFO - Best fit parameters: [0.03487151 0.09308977 0.19815044 0.14209404].
2025-08-01 00:19:17,494 - INFO - Maximum log composite likelihood: -63024.328885219926.
2025-08-01 00:19:17,494 - INFO - Optimal value of theta: 362485.61882360553.
2025-08-01 00:19:17,494 - INFO - Beginning optimization with guess, [0.5, 0.5, 0.1, 0.1].
2025-08-01 00:20:12,824 - INFO - Finished optimization with guess, [0.5, 0.5, 0.1, 0.1].
2025-08-01 00:20:12,825 - INFO - Best fit parameters: [0.19595943 8.46564346 0.17962288 0.0100952 ].
2025-08-01 00:20:14,091 - INFO - Maximum log composite likelihood: -2121.11151851599.
2025-08-01 00:20:14,091 - INFO - Optimal value of theta: 49771.205595570485.
2025-08-01 00:20:14,091 - INFO - Beginning optimization with guess, [1, 1, 0.1, 0.1].
2025-08-01 00:21:10,628 - INFO - Finished optimization with guess, [1, 1, 0.1, 0.1].
2025-08-01 00:21:10,630 - INFO - Best fit parameters: [0.92744084 1.13821372 1.6123536  0.07161931].
2025-08-01 00:21:11,987 - INFO - Maximum log composite likelihood: -58008.34376763282.
2025-08-01 00:21:11,987 - INFO - Optimal value of theta: 31210.146119120895.
2025-08-01 00:21:11,987 - INFO - Beginning optimization with guess, [3, 3, 0.1, 0.1].
2025-08-01 00:22:09,191 - INFO - Finished optimization with guess, [3, 3, 0.1, 0.1].
2025-08-01 00:22:09,192 - INFO - Best fit parameters: [ 0.09190282 11.0642023   0.01641505  0.02360639].
2025-08-01 00:22:10,446 - INFO - Maximum log composite likelihood: -2615.803944013823.
2025-08-01 00:22:10,446 - INFO - Optimal value of theta: 28500.91159013836.
2025-08-01 00:22:10,446 - INFO - Beginning optimization with guess, [5, 5, 0.1, 0.1].
2025-08-01 00:23:03,193 - INFO - Finished optimization with guess, [5, 5, 0.1, 0.1].
2025-08-01 00:23:03,194 - INFO - Best fit parameters: [1.09803042e-01 1.20944052e+01 1.08609903e-02 1.84197542e-02].
2025-08-01 00:23:04,468 - INFO - Maximum log composite likelihood: -5170.0954545767445.
2025-08-01 00:23:04,469 - INFO - Optimal value of theta: 28849.112021672474.
2025-08-01 00:23:04,469 - INFO - Beginning optimization with guess, [7, 7, 0.1, 0.1].
2025-08-01 00:23:59,019 - INFO - Finished optimization with guess, [7, 7, 0.1, 0.1].
2025-08-01 00:23:59,020 - INFO - Best fit parameters: [1.11116811e-01 1.86224665e+01 1.52748626e-02 1.55430628e-02].
2025-08-01 00:24:00,296 - INFO - Maximum log composite likelihood: -6499.668742432833.
2025-08-01 00:24:00,296 - INFO - Optimal value of theta: 30909.488114293614.
2025-08-01 00:24:00,296 - INFO - Beginning optimization with guess, [8, 8, 0.1, 0.1].
2025-08-01 00:24:55,797 - INFO - Finished optimization with guess, [8, 8, 0.1, 0.1].
2025-08-01 00:24:55,798 - INFO - Best fit parameters: [0.43232374 9.15015965 0.07487399 0.01802692].
2025-08-01 00:24:57,074 - INFO - Maximum log composite likelihood: -6694.144060621834.
2025-08-01 00:24:57,074 - INFO - Optimal value of theta: 27594.458202446815.
2025-08-01 00:24:57,074 - INFO - Beginning optimization with guess, [9, 9, 0.1, 0.1].
2025-08-01 00:25:52,558 - INFO - Finished optimization with guess, [9, 9, 0.1, 0.1].
2025-08-01 00:25:52,559 - INFO - Best fit parameters: [0.19390587 8.23808741 0.02624261 0.02148047].
2025-08-01 00:25:53,833 - INFO - Maximum log composite likelihood: -4409.549257058332.
2025-08-01 00:25:53,833 - INFO - Optimal value of theta: 28619.842471773227.
2025-08-01 00:25:53,833 - INFO - Beginning optimization with guess, [10, 10, 0.1, 0.1].
2025-08-01 00:26:45,663 - INFO - Finished optimization with guess, [10, 10, 0.1, 0.1].
2025-08-01 00:26:45,664 - INFO - Best fit parameters: [ 0.20747613 13.4255091   0.01474635  0.01958797].
2025-08-01 00:26:46,910 - INFO - Maximum log composite likelihood: -6888.488328962278.
2025-08-01 00:26:46,911 - INFO - Optimal value of theta: 26023.88555560122.
2025-08-01 00:26:46,911 - INFO - Beginning optimization with guess, [12.5, 12.5, 0.1, 0.1].
2025-08-01 00:27:41,619 - INFO - Finished optimization with guess, [12.5, 12.5, 0.1, 0.1].
2025-08-01 00:27:41,620 - INFO - Best fit parameters: [1.39147315e-01 3.01928171e+01 1.32625109e-02 2.13619394e-02].
2025-08-01 00:27:42,997 - INFO - Maximum log composite likelihood: -9249.546525962309.
2025-08-01 00:27:42,997 - INFO - Optimal value of theta: 24578.700482248154.
2025-08-01 00:27:42,998 - INFO - Beginning optimization with guess, [15, 15, 0.1, 0.1].
2025-08-01 00:28:33,860 - INFO - Finished optimization with guess, [15, 15, 0.1, 0.1].
2025-08-01 00:28:33,871 - INFO - Best fit parameters: [4.85417488e-01 4.65015438e+01 1.28541903e-02 2.00728623e-02].
2025-08-01 00:28:35,143 - INFO - Maximum log composite likelihood: -13678.019880830656.
2025-08-01 00:28:35,143 - INFO - Optimal value of theta: 20651.735677884622.
2025-08-01 00:28:35,143 - INFO - Beginning optimization with guess, [17.5, 17.5, 0.1, 0.1].
2025-08-01 00:29:29,932 - INFO - Finished optimization with guess, [17.5, 17.5, 0.1, 0.1].
2025-08-01 00:29:29,934 - INFO - Best fit parameters: [8.72469817e-01 3.52517178e+01 2.33566856e-02 1.93657591e-02].
2025-08-01 00:29:31,189 - INFO - Maximum log composite likelihood: -13650.398565832244.
2025-08-01 00:29:31,189 - INFO - Optimal value of theta: 19804.143019200175.
2025-08-01 00:29:31,189 - INFO - Beginning optimization with guess, [20, 20, 0.1, 0.1].
2025-08-01 00:30:30,755 - INFO - Finished optimization with guess, [20, 20, 0.1, 0.1].
2025-08-01 00:30:30,761 - INFO - Best fit parameters: [8.60736109e-01 2.82882544e+01 3.28339172e-02 2.56930647e-02].
2025-08-01 00:30:32,028 - INFO - Maximum log composite likelihood: -13977.282613068204.
2025-08-01 00:30:32,028 - INFO - Optimal value of theta: 18182.98934991839.
2025-08-01 00:30:32,028 - INFO - Beginning optimization with guess, [22.5, 22.5, 0.1, 0.1].
2025-08-01 00:31:26,490 - INFO - Finished optimization with guess, [22.5, 22.5, 0.1, 0.1].
2025-08-01 00:31:26,491 - INFO - Best fit parameters: [7.89492570e-01 8.39120043e+01 4.01710180e-02 1.30504303e-02].
2025-08-01 00:31:27,758 - INFO - Maximum log composite likelihood: -14851.157047559938.
2025-08-01 00:31:27,758 - INFO - Optimal value of theta: 22755.40102611012.
2025-08-01 00:31:27,758 - INFO - Beginning optimization with guess, [25, 25, 0.1, 0.1].
2025-08-01 00:32:22,743 - INFO - Finished optimization with guess, [25, 25, 0.1, 0.1].
2025-08-01 00:32:22,744 - INFO - Best fit parameters: [7.83202983e-01 9.74823032e+01 4.01710180e-02 1.30504303e-02].
2025-08-01 00:32:23,999 - INFO - Maximum log composite likelihood: -15051.348871573735.
2025-08-01 00:32:23,999 - INFO - Optimal value of theta: 22746.94486203094.
2025-08-01 00:32:23,999 - INFO - Beginning optimization with guess, [27.5, 27.5, 0.1, 0.1].
2025-08-01 00:33:17,574 - INFO - Finished optimization with guess, [27.5, 27.5, 0.1, 0.1].
2025-08-01 00:33:17,576 - INFO - Best fit parameters: [2.99205113e-01 3.91202853e+01 1.88934898e-02 1.54345816e-02].
2025-08-01 00:33:18,845 - INFO - Maximum log composite likelihood: -11820.66996533263.
2025-08-01 00:33:18,845 - INFO - Optimal value of theta: 25526.849937539.
2025-08-01 00:33:18,845 - INFO - Beginning optimization with guess, [30, 30, 0.1, 0.1].
2025-08-01 00:34:13,678 - INFO - Finished optimization with guess, [30, 30, 0.1, 0.1].
2025-08-01 00:34:13,679 - INFO - Best fit parameters: [2.89875148e-01 4.30734135e+01 1.88934898e-02 1.54345816e-02].
2025-08-01 00:34:14,946 - INFO - Maximum log composite likelihood: -12238.488165969091.
2025-08-01 00:34:14,946 - INFO - Optimal value of theta: 25577.154708706017.
2025-08-01 00:34:14,946 - INFO - Beginning optimization with guess, [33.3, 33.3, 0.1, 0.1].
2025-08-01 00:35:09,868 - INFO - Finished optimization with guess, [33.3, 33.3, 0.1, 0.1].
2025-08-01 00:35:09,869 - INFO - Best fit parameters: [1.49260057e+00 3.76635713e+01 5.07423107e-03 1.61630112e-02].
2025-08-01 00:35:11,137 - INFO - Maximum log composite likelihood: -14233.729880387196.
2025-08-01 00:35:11,137 - INFO - Optimal value of theta: 20046.450253142397.
2025-08-01 00:35:11,137 - INFO - Beginning optimization with guess, [36.6, 36.6, 0.1, 0.1].
2025-08-01 00:36:04,183 - INFO - Finished optimization with guess, [36.6, 36.6, 0.1, 0.1].
2025-08-01 00:36:04,184 - INFO - Best fit parameters: [2.62466496e+00 2.58473809e+01 6.42608226e-03 1.54075797e-02].
2025-08-01 00:36:05,454 - INFO - Maximum log composite likelihood: -14172.608996542629.
2025-08-01 00:36:05,454 - INFO - Optimal value of theta: 19943.179001674052.
2025-08-01 00:36:05,454 - INFO - Beginning optimization with guess, [40, 40, 0.1, 0.1].
2025-08-01 00:36:58,526 - INFO - Finished optimization with guess, [40, 40, 0.1, 0.1].
2025-08-01 00:36:58,527 - INFO - Best fit parameters: [2.68790877e+00 2.80070863e+01 6.42608226e-03 1.54075797e-02].
2025-08-01 00:36:59,796 - INFO - Maximum log composite likelihood: -14143.567615659542.
2025-08-01 00:36:59,796 - INFO - Optimal value of theta: 19836.9667915512.
2025-08-01 00:36:59,796 - INFO - Beginning optimization with guess, [50, 50, 0.1, 0.1].
2025-08-01 00:37:59,642 - INFO - Finished optimization with guess, [50, 50, 0.1, 0.1].
2025-08-01 00:37:59,646 - INFO - Best fit parameters: [1.27596042e+01 2.18760640e+01 1.17656876e-02 1.19993472e-02].
2025-08-01 00:38:01,027 - INFO - Maximum log composite likelihood: -14250.821185737537.
2025-08-01 00:38:01,027 - INFO - Optimal value of theta: 18682.073915740497.
2025-08-01 00:38:01,027 - INFO - Beginning optimization with guess, [60, 60, 0.1, 0.1].
2025-08-01 00:38:55,188 - INFO - Finished optimization with guess, [60, 60, 0.1, 0.1].
2025-08-01 00:38:55,190 - INFO - Best fit parameters: [ 7.14443178 10.87199333  0.01606895  0.0112708 ].
2025-08-01 00:38:56,422 - INFO - Maximum log composite likelihood: -16410.16793921005.
2025-08-01 00:38:56,423 - INFO - Optimal value of theta: 19452.515359026846.
2025-08-01 00:38:56,423 - INFO - Beginning optimization with guess, [70, 70, 0.1, 0.1].
2025-08-01 00:39:47,972 - INFO - Finished optimization with guess, [70, 70, 0.1, 0.1].
2025-08-01 00:39:47,973 - INFO - Best fit parameters: [4.85106903e+00 1.26702320e+01 1.40461150e-02 1.26551196e-02].
2025-08-01 00:39:49,244 - INFO - Maximum log composite likelihood: -16200.093893961068.
2025-08-01 00:39:49,245 - INFO - Optimal value of theta: 19792.22671798259.
2025-08-01 00:39:49,245 - INFO - Beginning optimization with guess, [80, 80, 0.1, 0.1].
2025-08-01 00:40:41,414 - INFO - Finished optimization with guess, [80, 80, 0.1, 0.1].
2025-08-01 00:40:41,415 - INFO - Best fit parameters: [5.09792588e+00 1.37228841e+01 1.40461150e-02 1.26551196e-02].
2025-08-01 00:40:42,687 - INFO - Maximum log composite likelihood: -15876.749189287037.
2025-08-01 00:40:42,687 - INFO - Optimal value of theta: 19601.88175655853.
2025-08-01 00:40:42,691 - INFO - Converting and interpreting Tau estimates.
2025-08-01 00:40:42,693 - INFO - Finished demographic inference.
2025-08-01 00:40:42,693 - INFO - Pipeline executed succesfully.
