2024-03-16 14:45:16,662 - INFO - Beginning execution of fit_demographic_model.py in directory /u/project/kirk/jonmah/sample_size_demography/Scripts

2024-03-16 14:45:16,663 - INFO - Progress is being logged to ../Analysis/ThreeEpochContraction_790/log.log

2024-03-16 14:45:16,663 - INFO - Parsed the following arguments:
	syn_input_sfs = ../Analysis/ThreeEpochContraction_790/syn_downsampled_sfs.txt
	mask_singletons = False
	mask_doubletons = False
	outprefix = ../Analysis/ThreeEpochContraction_790/

2024-03-16 14:45:16,670 - INFO - Beginning demographic inference for one-epoch demographic model.
2024-03-16 14:45:16,671 - INFO - Beginning optimization with guess, [0.06072472].
2024-03-16 14:46:29,670 - INFO - Finished optimization with guess, [0.06072472].
2024-03-16 14:46:29,671 - INFO - Best fit parameters: [0.06072472].
2024-03-16 14:46:31,678 - INFO - Maximum log composite likelihood: -6140.896979112911.
2024-03-16 14:46:31,679 - INFO - Optimal value of theta: 6999.783907204294.
2024-03-16 14:46:31,679 - INFO - Beginning optimization with guess, [0.1587746].
2024-03-16 14:47:36,340 - INFO - Finished optimization with guess, [0.1587746].
2024-03-16 14:47:36,344 - INFO - Best fit parameters: [0.1587746].
2024-03-16 14:47:38,374 - INFO - Maximum log composite likelihood: -6140.896979112911.
2024-03-16 14:47:38,374 - INFO - Optimal value of theta: 6999.783907204294.
2024-03-16 14:47:38,374 - INFO - Beginning optimization with guess, [0.25021162].
2024-03-16 14:48:42,278 - INFO - Finished optimization with guess, [0.25021162].
2024-03-16 14:48:42,279 - INFO - Best fit parameters: [0.25021162].
2024-03-16 14:48:44,254 - INFO - Maximum log composite likelihood: -6140.896979112911.
2024-03-16 14:48:44,254 - INFO - Optimal value of theta: 6999.783907204294.
2024-03-16 14:48:44,254 - INFO - Beginning optimization with guess, [0.56673643].
2024-03-16 14:49:41,587 - INFO - Finished optimization with guess, [0.56673643].
2024-03-16 14:49:41,589 - INFO - Best fit parameters: [0.56673643].
2024-03-16 14:49:43,533 - INFO - Maximum log composite likelihood: -6140.896979112911.
2024-03-16 14:49:43,533 - INFO - Optimal value of theta: 6999.783907204294.
2024-03-16 14:49:43,533 - INFO - Beginning optimization with guess, [0.36881073].
2024-03-16 14:50:41,126 - INFO - Finished optimization with guess, [0.36881073].
2024-03-16 14:50:41,127 - INFO - Best fit parameters: [0.36881073].
2024-03-16 14:50:43,085 - INFO - Maximum log composite likelihood: -6140.896979112911.
2024-03-16 14:50:43,085 - INFO - Optimal value of theta: 6999.783907204294.
2024-03-16 14:50:43,085 - INFO - Beginning optimization with guess, [0.77610029].
2024-03-16 14:51:28,845 - INFO - Finished optimization with guess, [0.77610029].
2024-03-16 14:51:28,846 - INFO - Best fit parameters: [0.77610029].
2024-03-16 14:51:30,824 - INFO - Maximum log composite likelihood: -6140.896979112911.
2024-03-16 14:51:30,824 - INFO - Optimal value of theta: 6999.783907204294.
2024-03-16 14:51:30,824 - INFO - Beginning optimization with guess, [0.40483736].
2024-03-16 14:52:28,685 - INFO - Finished optimization with guess, [0.40483736].
2024-03-16 14:52:28,686 - INFO - Best fit parameters: [0.40483736].
2024-03-16 14:52:30,662 - INFO - Maximum log composite likelihood: -6140.896979112911.
2024-03-16 14:52:30,662 - INFO - Optimal value of theta: 6999.783907204294.
2024-03-16 14:52:30,662 - INFO - Beginning optimization with guess, [0.560062].
2024-03-16 14:53:28,350 - INFO - Finished optimization with guess, [0.560062].
2024-03-16 14:53:28,351 - INFO - Best fit parameters: [0.560062].
2024-03-16 14:53:30,310 - INFO - Maximum log composite likelihood: -6140.896979112911.
2024-03-16 14:53:30,310 - INFO - Optimal value of theta: 6999.783907204294.
2024-03-16 14:53:30,310 - INFO - Beginning optimization with guess, [0.58106958].
2024-03-16 14:54:27,863 - INFO - Finished optimization with guess, [0.58106958].
2024-03-16 14:54:27,864 - INFO - Best fit parameters: [0.58106958].
2024-03-16 14:54:29,847 - INFO - Maximum log composite likelihood: -6140.896979112911.
2024-03-16 14:54:29,847 - INFO - Optimal value of theta: 6999.783907204294.
2024-03-16 14:54:29,847 - INFO - Beginning optimization with guess, [0.52878895].
2024-03-16 14:55:27,716 - INFO - Finished optimization with guess, [0.52878895].
2024-03-16 14:55:27,718 - INFO - Best fit parameters: [0.52878895].
2024-03-16 14:55:29,696 - INFO - Maximum log composite likelihood: -6140.896979112911.
2024-03-16 14:55:29,696 - INFO - Optimal value of theta: 6999.783907204294.
2024-03-16 14:55:29,696 - INFO - Beginning optimization with guess, [2.22003329].
2024-03-16 14:56:27,196 - INFO - Finished optimization with guess, [2.22003329].
2024-03-16 14:56:27,197 - INFO - Best fit parameters: [2.22003329].
2024-03-16 14:56:29,161 - INFO - Maximum log composite likelihood: -6140.896979112911.
2024-03-16 14:56:29,162 - INFO - Optimal value of theta: 6999.783907204294.
2024-03-16 14:56:29,162 - INFO - Beginning optimization with guess, [0.96717958].
2024-03-16 14:57:02,825 - INFO - Finished optimization with guess, [0.96717958].
2024-03-16 14:57:02,826 - INFO - Best fit parameters: [0.96717958].
2024-03-16 14:57:04,787 - INFO - Maximum log composite likelihood: -6140.896979112911.
2024-03-16 14:57:04,787 - INFO - Optimal value of theta: 6999.783907204294.
2024-03-16 14:57:04,787 - INFO - Beginning optimization with guess, [0.97414084].
2024-03-16 14:57:32,439 - INFO - Finished optimization with guess, [0.97414084].
2024-03-16 14:57:32,441 - INFO - Best fit parameters: [0.97414084].
2024-03-16 14:57:34,407 - INFO - Maximum log composite likelihood: -6140.896979112911.
2024-03-16 14:57:34,407 - INFO - Optimal value of theta: 6999.783907204294.
2024-03-16 14:57:34,408 - INFO - Beginning optimization with guess, [1.70395145].
2024-03-16 14:58:32,006 - INFO - Finished optimization with guess, [1.70395145].
2024-03-16 14:58:32,007 - INFO - Best fit parameters: [1.70395145].
2024-03-16 14:58:33,979 - INFO - Maximum log composite likelihood: -6140.896979112911.
2024-03-16 14:58:33,979 - INFO - Optimal value of theta: 6999.783907204294.
2024-03-16 14:58:33,980 - INFO - Beginning optimization with guess, [3.24824939].
2024-03-16 14:59:37,623 - INFO - Finished optimization with guess, [3.24824939].
2024-03-16 14:59:37,624 - INFO - Best fit parameters: [3.24824939].
2024-03-16 14:59:39,595 - INFO - Maximum log composite likelihood: -6140.896979112911.
2024-03-16 14:59:39,595 - INFO - Optimal value of theta: 6999.783907204294.
2024-03-16 14:59:39,595 - INFO - Beginning optimization with guess, [1.61022185].
2024-03-16 15:00:30,847 - INFO - Finished optimization with guess, [1.61022185].
2024-03-16 15:00:30,848 - INFO - Best fit parameters: [1.61022185].
2024-03-16 15:00:32,784 - INFO - Maximum log composite likelihood: -6140.896979112911.
2024-03-16 15:00:32,784 - INFO - Optimal value of theta: 6999.783907204294.
2024-03-16 15:00:32,784 - INFO - Beginning optimization with guess, [2.48890317].
2024-03-16 15:01:29,382 - INFO - Finished optimization with guess, [2.48890317].
2024-03-16 15:01:29,383 - INFO - Best fit parameters: [2.48890317].
2024-03-16 15:01:31,337 - INFO - Maximum log composite likelihood: -6140.896979112911.
2024-03-16 15:01:31,337 - INFO - Optimal value of theta: 6999.783907204294.
2024-03-16 15:01:31,338 - INFO - Beginning optimization with guess, [2.23752377].
2024-03-16 15:02:28,757 - INFO - Finished optimization with guess, [2.23752377].
2024-03-16 15:02:28,758 - INFO - Best fit parameters: [2.23752377].
2024-03-16 15:02:30,630 - INFO - Maximum log composite likelihood: -6140.896979112911.
2024-03-16 15:02:30,630 - INFO - Optimal value of theta: 6999.783907204294.
2024-03-16 15:02:30,631 - INFO - Beginning optimization with guess, [2.71217895].
2024-03-16 15:03:26,632 - INFO - Finished optimization with guess, [2.71217895].
2024-03-16 15:03:26,633 - INFO - Best fit parameters: [2.71217895].
2024-03-16 15:03:28,504 - INFO - Maximum log composite likelihood: -6140.896979112911.
2024-03-16 15:03:28,504 - INFO - Optimal value of theta: 6999.783907204294.
2024-03-16 15:03:28,504 - INFO - Beginning optimization with guess, [4.98958871].
2024-03-16 15:04:28,716 - INFO - Finished optimization with guess, [4.98958871].
2024-03-16 15:04:28,718 - INFO - Best fit parameters: [4.98958871].
2024-03-16 15:04:30,474 - INFO - Maximum log composite likelihood: -6140.896979112911.
2024-03-16 15:04:30,474 - INFO - Optimal value of theta: 6999.783907204294.
2024-03-16 15:04:30,474 - INFO - Beginning optimization with guess, [6.33198427].
2024-03-16 15:05:28,576 - INFO - Finished optimization with guess, [6.33198427].
2024-03-16 15:05:28,577 - INFO - Best fit parameters: [6.33198427].
2024-03-16 15:05:30,291 - INFO - Maximum log composite likelihood: -6140.896979112911.
2024-03-16 15:05:30,291 - INFO - Optimal value of theta: 6999.783907204294.
2024-03-16 15:05:30,292 - INFO - Beginning optimization with guess, [2.7619902].
2024-03-16 15:06:24,103 - INFO - Finished optimization with guess, [2.7619902].
2024-03-16 15:06:24,104 - INFO - Best fit parameters: [2.7619902].
2024-03-16 15:06:25,833 - INFO - Maximum log composite likelihood: -6140.896979112911.
2024-03-16 15:06:25,833 - INFO - Optimal value of theta: 6999.783907204294.
2024-03-16 15:06:25,833 - INFO - Beginning optimization with guess, [6.90314666].
2024-03-16 15:07:24,995 - INFO - Finished optimization with guess, [6.90314666].
2024-03-16 15:07:24,996 - INFO - Best fit parameters: [6.90314666].
2024-03-16 15:07:26,751 - INFO - Maximum log composite likelihood: -6140.896979112911.
2024-03-16 15:07:26,751 - INFO - Optimal value of theta: 6999.783907204294.
2024-03-16 15:07:26,751 - INFO - Beginning optimization with guess, [4.83572241].
2024-03-16 15:08:24,429 - INFO - Finished optimization with guess, [4.83572241].
2024-03-16 15:08:24,430 - INFO - Best fit parameters: [4.83572241].
2024-03-16 15:08:26,173 - INFO - Maximum log composite likelihood: -6140.896979112911.
2024-03-16 15:08:26,173 - INFO - Optimal value of theta: 6999.783907204294.
2024-03-16 15:08:26,173 - INFO - Beginning optimization with guess, [4.28609673].
2024-03-16 15:09:28,286 - INFO - Finished optimization with guess, [4.28609673].
2024-03-16 15:09:28,287 - INFO - Best fit parameters: [4.28609673].
2024-03-16 15:09:30,260 - INFO - Maximum log composite likelihood: -6140.896979112911.
2024-03-16 15:09:30,261 - INFO - Optimal value of theta: 6999.783907204294.
2024-03-16 15:09:30,268 - INFO - Finished demographic inference.
2024-03-16 15:09:30,268 - INFO - Pipeline executed succesfully.
