2024-03-15 19:28:51,192 - INFO - Beginning execution of fit_demographic_model.py in directory /u/project/kirk/jonmah/sample_size_demography/Scripts

2024-03-15 19:28:51,193 - INFO - Progress is being logged to ../Analysis/TwoEpochContraction_280/log.log

2024-03-15 19:28:51,193 - INFO - Parsed the following arguments:
	syn_input_sfs = ../Analysis/TwoEpochContraction_280/syn_downsampled_sfs.txt
	mask_singletons = False
	mask_doubletons = False
	outprefix = ../Analysis/TwoEpochContraction_280/

2024-03-15 19:28:51,215 - INFO - Beginning demographic inference for one-epoch demographic model.
2024-03-15 19:28:51,217 - INFO - Beginning optimization with guess, [0.09454567].
2024-03-15 19:29:16,674 - INFO - Finished optimization with guess, [0.09454567].
2024-03-15 19:29:16,675 - INFO - Best fit parameters: [0.09454567].
2024-03-15 19:29:17,345 - INFO - Maximum log composite likelihood: -2417.915203131003.
2024-03-15 19:29:17,345 - INFO - Optimal value of theta: 8688.233909581857.
2024-03-15 19:29:17,346 - INFO - Beginning optimization with guess, [0.15878246].
2024-03-15 19:29:38,899 - INFO - Finished optimization with guess, [0.15878246].
2024-03-15 19:29:38,901 - INFO - Best fit parameters: [0.15878246].
2024-03-15 19:29:39,567 - INFO - Maximum log composite likelihood: -2417.915203131003.
2024-03-15 19:29:39,567 - INFO - Optimal value of theta: 8688.233909581857.
2024-03-15 19:29:39,568 - INFO - Beginning optimization with guess, [0.35982848].
2024-03-15 19:29:57,704 - INFO - Finished optimization with guess, [0.35982848].
2024-03-15 19:29:57,705 - INFO - Best fit parameters: [0.35982848].
2024-03-15 19:29:58,307 - INFO - Maximum log composite likelihood: -2417.915203131003.
2024-03-15 19:29:58,307 - INFO - Optimal value of theta: 8688.233909581857.
2024-03-15 19:29:58,307 - INFO - Beginning optimization with guess, [0.60125977].
2024-03-15 19:30:14,747 - INFO - Finished optimization with guess, [0.60125977].
2024-03-15 19:30:14,748 - INFO - Best fit parameters: [0.60125977].
2024-03-15 19:30:15,361 - INFO - Maximum log composite likelihood: -2417.915203131003.
2024-03-15 19:30:15,361 - INFO - Optimal value of theta: 8688.233909581857.
2024-03-15 19:30:15,361 - INFO - Beginning optimization with guess, [0.31141392].
2024-03-15 19:30:35,257 - INFO - Finished optimization with guess, [0.31141392].
2024-03-15 19:30:35,258 - INFO - Best fit parameters: [0.31141392].
2024-03-15 19:30:35,914 - INFO - Maximum log composite likelihood: -2417.915203131003.
2024-03-15 19:30:35,914 - INFO - Optimal value of theta: 8688.233909581857.
2024-03-15 19:30:35,915 - INFO - Beginning optimization with guess, [1.16219715].
2024-03-15 19:30:50,676 - INFO - Finished optimization with guess, [1.16219715].
2024-03-15 19:30:50,676 - INFO - Best fit parameters: [1.16219715].
2024-03-15 19:30:51,294 - INFO - Maximum log composite likelihood: -2417.915203131003.
2024-03-15 19:30:51,294 - INFO - Optimal value of theta: 8688.233909581857.
2024-03-15 19:30:51,294 - INFO - Beginning optimization with guess, [0.40983521].
2024-03-15 19:31:09,965 - INFO - Finished optimization with guess, [0.40983521].
2024-03-15 19:31:09,966 - INFO - Best fit parameters: [0.40983521].
2024-03-15 19:31:10,675 - INFO - Maximum log composite likelihood: -2417.915203131003.
2024-03-15 19:31:10,675 - INFO - Optimal value of theta: 8688.233909581857.
2024-03-15 19:31:10,675 - INFO - Beginning optimization with guess, [0.98202722].
2024-03-15 19:31:20,041 - INFO - Finished optimization with guess, [0.98202722].
2024-03-15 19:31:20,042 - INFO - Best fit parameters: [0.98202722].
2024-03-15 19:31:20,668 - INFO - Maximum log composite likelihood: -2417.915203131003.
2024-03-15 19:31:20,668 - INFO - Optimal value of theta: 8688.233909581857.
2024-03-15 19:31:20,668 - INFO - Beginning optimization with guess, [0.45514911].
2024-03-15 19:31:40,507 - INFO - Finished optimization with guess, [0.45514911].
2024-03-15 19:31:40,508 - INFO - Best fit parameters: [0.45514911].
2024-03-15 19:31:41,202 - INFO - Maximum log composite likelihood: -2417.915203131003.
2024-03-15 19:31:41,202 - INFO - Optimal value of theta: 8688.233909581857.
2024-03-15 19:31:41,203 - INFO - Beginning optimization with guess, [0.59536486].
2024-03-15 19:32:01,332 - INFO - Finished optimization with guess, [0.59536486].
2024-03-15 19:32:01,333 - INFO - Best fit parameters: [0.59536486].
2024-03-15 19:32:02,032 - INFO - Maximum log composite likelihood: -2417.915203131003.
2024-03-15 19:32:02,032 - INFO - Optimal value of theta: 8688.233909581857.
2024-03-15 19:32:02,032 - INFO - Beginning optimization with guess, [1.5092792].
2024-03-15 19:32:19,057 - INFO - Finished optimization with guess, [1.5092792].
2024-03-15 19:32:19,058 - INFO - Best fit parameters: [1.5092792].
2024-03-15 19:32:19,729 - INFO - Maximum log composite likelihood: -2417.915203131003.
2024-03-15 19:32:19,729 - INFO - Optimal value of theta: 8688.233909581857.
2024-03-15 19:32:19,729 - INFO - Beginning optimization with guess, [1.10360947].
2024-03-15 19:32:32,714 - INFO - Finished optimization with guess, [1.10360947].
2024-03-15 19:32:32,714 - INFO - Best fit parameters: [1.10360947].
2024-03-15 19:32:33,367 - INFO - Maximum log composite likelihood: -2417.915203131003.
2024-03-15 19:32:33,367 - INFO - Optimal value of theta: 8688.233909581857.
2024-03-15 19:32:33,368 - INFO - Beginning optimization with guess, [2.07396833].
2024-03-15 19:32:51,585 - INFO - Finished optimization with guess, [2.07396833].
2024-03-15 19:32:51,585 - INFO - Best fit parameters: [2.07396833].
2024-03-15 19:32:52,281 - INFO - Maximum log composite likelihood: -2417.915203131003.
2024-03-15 19:32:52,281 - INFO - Optimal value of theta: 8688.233909581857.
2024-03-15 19:32:52,282 - INFO - Beginning optimization with guess, [2.20581148].
2024-03-15 19:33:11,556 - INFO - Finished optimization with guess, [2.20581148].
2024-03-15 19:33:11,557 - INFO - Best fit parameters: [2.20581148].
2024-03-15 19:33:12,266 - INFO - Maximum log composite likelihood: -2417.915203131003.
2024-03-15 19:33:12,266 - INFO - Optimal value of theta: 8688.233909581857.
2024-03-15 19:33:12,266 - INFO - Beginning optimization with guess, [3.32947251].
2024-03-15 19:33:33,289 - INFO - Finished optimization with guess, [3.32947251].
2024-03-15 19:33:33,290 - INFO - Best fit parameters: [3.32947251].
2024-03-15 19:33:33,917 - INFO - Maximum log composite likelihood: -2417.915203131003.
2024-03-15 19:33:33,917 - INFO - Optimal value of theta: 8688.233909581857.
2024-03-15 19:33:33,917 - INFO - Beginning optimization with guess, [2.0776842].
2024-03-15 19:33:52,674 - INFO - Finished optimization with guess, [2.0776842].
2024-03-15 19:33:52,675 - INFO - Best fit parameters: [2.0776842].
2024-03-15 19:33:53,292 - INFO - Maximum log composite likelihood: -2417.915203131003.
2024-03-15 19:33:53,292 - INFO - Optimal value of theta: 8688.233909581857.
2024-03-15 19:33:53,292 - INFO - Beginning optimization with guess, [1.43450982].
2024-03-15 19:34:09,929 - INFO - Finished optimization with guess, [1.43450982].
2024-03-15 19:34:09,930 - INFO - Best fit parameters: [1.43450982].
2024-03-15 19:34:10,597 - INFO - Maximum log composite likelihood: -2417.915203131003.
2024-03-15 19:34:10,597 - INFO - Optimal value of theta: 8688.233909581857.
2024-03-15 19:34:10,597 - INFO - Beginning optimization with guess, [2.56075761].
2024-03-15 19:34:29,879 - INFO - Finished optimization with guess, [2.56075761].
2024-03-15 19:34:29,879 - INFO - Best fit parameters: [2.56075761].
2024-03-15 19:34:30,509 - INFO - Maximum log composite likelihood: -2417.915203131003.
2024-03-15 19:34:30,510 - INFO - Optimal value of theta: 8688.233909581857.
2024-03-15 19:34:30,510 - INFO - Beginning optimization with guess, [6.06909472].
2024-03-15 19:34:51,100 - INFO - Finished optimization with guess, [6.06909472].
2024-03-15 19:34:51,101 - INFO - Best fit parameters: [6.06909472].
2024-03-15 19:34:51,761 - INFO - Maximum log composite likelihood: -2417.915203131003.
2024-03-15 19:34:51,761 - INFO - Optimal value of theta: 8688.233909581857.
2024-03-15 19:34:51,761 - INFO - Beginning optimization with guess, [3.49083523].
2024-03-15 19:35:11,889 - INFO - Finished optimization with guess, [3.49083523].
2024-03-15 19:35:11,890 - INFO - Best fit parameters: [3.49083523].
2024-03-15 19:35:12,494 - INFO - Maximum log composite likelihood: -2417.915203131003.
2024-03-15 19:35:12,494 - INFO - Optimal value of theta: 8688.233909581857.
2024-03-15 19:35:12,495 - INFO - Beginning optimization with guess, [6.90517014].
2024-03-15 19:35:32,615 - INFO - Finished optimization with guess, [6.90517014].
2024-03-15 19:35:32,628 - INFO - Best fit parameters: [6.90517014].
2024-03-15 19:35:33,340 - INFO - Maximum log composite likelihood: -2417.915203131003.
2024-03-15 19:35:33,340 - INFO - Optimal value of theta: 8688.233909581857.
2024-03-15 19:35:33,341 - INFO - Beginning optimization with guess, [3.96720989].
2024-03-15 19:35:55,080 - INFO - Finished optimization with guess, [3.96720989].
2024-03-15 19:35:55,081 - INFO - Best fit parameters: [3.96720989].
2024-03-15 19:35:55,710 - INFO - Maximum log composite likelihood: -2417.915203131003.
2024-03-15 19:35:55,710 - INFO - Optimal value of theta: 8688.233909581857.
2024-03-15 19:35:55,710 - INFO - Beginning optimization with guess, [5.05689652].
2024-03-15 19:36:18,033 - INFO - Finished optimization with guess, [5.05689652].
2024-03-15 19:36:18,034 - INFO - Best fit parameters: [5.05689652].
2024-03-15 19:36:18,752 - INFO - Maximum log composite likelihood: -2417.915203131003.
2024-03-15 19:36:18,752 - INFO - Optimal value of theta: 8688.233909581857.
2024-03-15 19:36:18,752 - INFO - Beginning optimization with guess, [6.22913337].
2024-03-15 19:36:41,607 - INFO - Finished optimization with guess, [6.22913337].
2024-03-15 19:36:41,608 - INFO - Best fit parameters: [6.22913337].
2024-03-15 19:36:42,347 - INFO - Maximum log composite likelihood: -2417.915203131003.
2024-03-15 19:36:42,348 - INFO - Optimal value of theta: 8688.233909581857.
2024-03-15 19:36:42,348 - INFO - Beginning optimization with guess, [7.66296843].
2024-03-15 19:37:03,433 - INFO - Finished optimization with guess, [7.66296843].
2024-03-15 19:37:03,434 - INFO - Best fit parameters: [7.66296843].
2024-03-15 19:37:04,039 - INFO - Maximum log composite likelihood: -2417.915203131003.
2024-03-15 19:37:04,039 - INFO - Optimal value of theta: 8688.233909581857.
2024-03-15 19:37:04,043 - INFO - Finished demographic inference.
2024-03-15 19:37:04,043 - INFO - Pipeline executed succesfully.
