2025-08-12 10:40:10,931 - INFO - Beginning execution of fit_demographic_model.py in directory /u/project/kirk-bigdata/jonmah/sample_size_demography/Scripts

2025-08-12 10:40:10,934 - INFO - Progress is being logged to ../Analysis/msprime_3EpB_180/log.log

2025-08-12 10:40:10,934 - INFO - Parsed the following arguments:
	syn_input_sfs = ../Simulations/simple_simulations/ThreeEpochBottleneck_180_concat.sfs
	mask_singletons = False
	mask_doubletons = False
	L_syn = 100000000.0
	input_params = []
	outprefix = ../Analysis/msprime_3EpB_180/

2025-08-12 10:40:10,990 - INFO - Beginning demographic inference for one-epoch demographic model.
2025-08-12 10:40:10,991 - INFO - Beginning optimization with guess, [0.06666184].
2025-08-12 10:40:11,366 - INFO - Finished optimization with guess, [0.06666184].
2025-08-12 10:40:11,366 - INFO - Best fit parameters: [0.06666184].
2025-08-12 10:40:11,537 - INFO - Maximum log composite likelihood: -23979.54599860519.
2025-08-12 10:40:11,538 - INFO - Optimal value of theta: 23891.24228748514.
2025-08-12 10:40:11,538 - INFO - Beginning optimization with guess, [0.35050717].
2025-08-12 10:40:11,881 - INFO - Finished optimization with guess, [0.35050717].
2025-08-12 10:40:11,881 - INFO - Best fit parameters: [0.35050717].
2025-08-12 10:40:12,060 - INFO - Maximum log composite likelihood: -23979.54599860519.
2025-08-12 10:40:12,060 - INFO - Optimal value of theta: 23891.24228748514.
2025-08-12 10:40:12,060 - INFO - Beginning optimization with guess, [0.57867013].
2025-08-12 10:40:12,436 - INFO - Finished optimization with guess, [0.57867013].
2025-08-12 10:40:12,436 - INFO - Best fit parameters: [0.57867013].
2025-08-12 10:40:12,621 - INFO - Maximum log composite likelihood: -23979.54599860519.
2025-08-12 10:40:12,621 - INFO - Optimal value of theta: 23891.24228748514.
2025-08-12 10:40:12,622 - INFO - Beginning optimization with guess, [0.60606884].
2025-08-12 10:40:12,997 - INFO - Finished optimization with guess, [0.60606884].
2025-08-12 10:40:12,997 - INFO - Best fit parameters: [0.60606884].
2025-08-12 10:40:13,186 - INFO - Maximum log composite likelihood: -23979.54599860519.
2025-08-12 10:40:13,186 - INFO - Optimal value of theta: 23891.24228748514.
2025-08-12 10:40:13,186 - INFO - Beginning optimization with guess, [0.73057892].
2025-08-12 10:40:13,577 - INFO - Finished optimization with guess, [0.73057892].
2025-08-12 10:40:13,577 - INFO - Best fit parameters: [0.73057892].
2025-08-12 10:40:13,767 - INFO - Maximum log composite likelihood: -23979.54599860519.
2025-08-12 10:40:13,767 - INFO - Optimal value of theta: 23891.24228748514.
2025-08-12 10:40:13,767 - INFO - Beginning optimization with guess, [0.77710859].
2025-08-12 10:40:14,145 - INFO - Finished optimization with guess, [0.77710859].
2025-08-12 10:40:14,145 - INFO - Best fit parameters: [0.77710859].
2025-08-12 10:40:14,342 - INFO - Maximum log composite likelihood: -23979.54599860519.
2025-08-12 10:40:14,342 - INFO - Optimal value of theta: 23891.24228748514.
2025-08-12 10:40:14,342 - INFO - Beginning optimization with guess, [0.41642997].
2025-08-12 10:40:14,721 - INFO - Finished optimization with guess, [0.41642997].
2025-08-12 10:40:14,721 - INFO - Best fit parameters: [0.41642997].
2025-08-12 10:40:14,909 - INFO - Maximum log composite likelihood: -23979.54599860519.
2025-08-12 10:40:14,909 - INFO - Optimal value of theta: 23891.24228748514.
2025-08-12 10:40:14,909 - INFO - Beginning optimization with guess, [0.88086309].
2025-08-12 10:40:15,286 - INFO - Finished optimization with guess, [0.88086309].
2025-08-12 10:40:15,286 - INFO - Best fit parameters: [0.88086309].
2025-08-12 10:40:15,474 - INFO - Maximum log composite likelihood: -23979.54599860519.
2025-08-12 10:40:15,474 - INFO - Optimal value of theta: 23891.24228748514.
2025-08-12 10:40:15,474 - INFO - Beginning optimization with guess, [1.01870589].
2025-08-12 10:40:15,850 - INFO - Finished optimization with guess, [1.01870589].
2025-08-12 10:40:15,850 - INFO - Best fit parameters: [1.01870589].
2025-08-12 10:40:16,040 - INFO - Maximum log composite likelihood: -23979.54599860519.
2025-08-12 10:40:16,040 - INFO - Optimal value of theta: 23891.24228748514.
2025-08-12 10:40:16,040 - INFO - Beginning optimization with guess, [1.87123174].
2025-08-12 10:40:16,414 - INFO - Finished optimization with guess, [1.87123174].
2025-08-12 10:40:16,414 - INFO - Best fit parameters: [1.87123174].
2025-08-12 10:40:16,599 - INFO - Maximum log composite likelihood: -23979.54599860519.
2025-08-12 10:40:16,599 - INFO - Optimal value of theta: 23891.24228748514.
2025-08-12 10:40:16,599 - INFO - Beginning optimization with guess, [0.82158022].
2025-08-12 10:40:16,973 - INFO - Finished optimization with guess, [0.82158022].
2025-08-12 10:40:16,973 - INFO - Best fit parameters: [0.82158022].
2025-08-12 10:40:17,158 - INFO - Maximum log composite likelihood: -23979.54599860519.
2025-08-12 10:40:17,158 - INFO - Optimal value of theta: 23891.24228748514.
2025-08-12 10:40:17,158 - INFO - Beginning optimization with guess, [2.70167611].
2025-08-12 10:40:17,528 - INFO - Finished optimization with guess, [2.70167611].
2025-08-12 10:40:17,528 - INFO - Best fit parameters: [2.70167611].
2025-08-12 10:40:17,716 - INFO - Maximum log composite likelihood: -23979.54599860519.
2025-08-12 10:40:17,716 - INFO - Optimal value of theta: 23891.24228748514.
2025-08-12 10:40:17,716 - INFO - Beginning optimization with guess, [2.0966661].
2025-08-12 10:40:18,089 - INFO - Finished optimization with guess, [2.0966661].
2025-08-12 10:40:18,089 - INFO - Best fit parameters: [2.0966661].
2025-08-12 10:40:18,275 - INFO - Maximum log composite likelihood: -23979.54599860519.
2025-08-12 10:40:18,275 - INFO - Optimal value of theta: 23891.24228748514.
2025-08-12 10:40:18,275 - INFO - Beginning optimization with guess, [1.06442413].
2025-08-12 10:40:18,648 - INFO - Finished optimization with guess, [1.06442413].
2025-08-12 10:40:18,648 - INFO - Best fit parameters: [1.06442413].
2025-08-12 10:40:18,835 - INFO - Maximum log composite likelihood: -23979.54599860519.
2025-08-12 10:40:18,835 - INFO - Optimal value of theta: 23891.24228748514.
2025-08-12 10:40:18,835 - INFO - Beginning optimization with guess, [3.50326542].
2025-08-12 10:40:19,203 - INFO - Finished optimization with guess, [3.50326542].
2025-08-12 10:40:19,203 - INFO - Best fit parameters: [3.50326542].
2025-08-12 10:40:19,390 - INFO - Maximum log composite likelihood: -23979.54599860519.
2025-08-12 10:40:19,390 - INFO - Optimal value of theta: 23891.24228748514.
2025-08-12 10:40:19,390 - INFO - Beginning optimization with guess, [1.7667536].
2025-08-12 10:40:19,762 - INFO - Finished optimization with guess, [1.7667536].
2025-08-12 10:40:19,762 - INFO - Best fit parameters: [1.7667536].
2025-08-12 10:40:19,948 - INFO - Maximum log composite likelihood: -23979.54599860519.
2025-08-12 10:40:19,948 - INFO - Optimal value of theta: 23891.24228748514.
2025-08-12 10:40:19,948 - INFO - Beginning optimization with guess, [1.57749962].
2025-08-12 10:40:20,318 - INFO - Finished optimization with guess, [1.57749962].
2025-08-12 10:40:20,319 - INFO - Best fit parameters: [1.57749962].
2025-08-12 10:40:20,504 - INFO - Maximum log composite likelihood: -23979.54599860519.
2025-08-12 10:40:20,504 - INFO - Optimal value of theta: 23891.24228748514.
2025-08-12 10:40:20,505 - INFO - Beginning optimization with guess, [5.57806915].
2025-08-12 10:40:20,876 - INFO - Finished optimization with guess, [5.57806915].
2025-08-12 10:40:20,876 - INFO - Best fit parameters: [5.57806915].
2025-08-12 10:40:21,062 - INFO - Maximum log composite likelihood: -23979.54599860519.
2025-08-12 10:40:21,062 - INFO - Optimal value of theta: 23891.24228748514.
2025-08-12 10:40:21,062 - INFO - Beginning optimization with guess, [6.21237709].
2025-08-12 10:40:21,424 - INFO - Finished optimization with guess, [6.21237709].
2025-08-12 10:40:21,424 - INFO - Best fit parameters: [6.21237709].
2025-08-12 10:40:21,603 - INFO - Maximum log composite likelihood: -23979.54599860519.
2025-08-12 10:40:21,603 - INFO - Optimal value of theta: 23891.24228748514.
2025-08-12 10:40:21,603 - INFO - Beginning optimization with guess, [5.04069263].
2025-08-12 10:40:21,942 - INFO - Finished optimization with guess, [5.04069263].
2025-08-12 10:40:21,942 - INFO - Best fit parameters: [5.04069263].
2025-08-12 10:40:22,107 - INFO - Maximum log composite likelihood: -23979.54599860519.
2025-08-12 10:40:22,107 - INFO - Optimal value of theta: 23891.24228748514.
2025-08-12 10:40:22,107 - INFO - Beginning optimization with guess, [2.3823288].
2025-08-12 10:40:22,437 - INFO - Finished optimization with guess, [2.3823288].
2025-08-12 10:40:22,437 - INFO - Best fit parameters: [2.3823288].
2025-08-12 10:40:22,602 - INFO - Maximum log composite likelihood: -23979.54599860519.
2025-08-12 10:40:22,602 - INFO - Optimal value of theta: 23891.24228748514.
2025-08-12 10:40:22,602 - INFO - Beginning optimization with guess, [3.44123058].
2025-08-12 10:40:22,935 - INFO - Finished optimization with guess, [3.44123058].
2025-08-12 10:40:22,935 - INFO - Best fit parameters: [3.44123058].
2025-08-12 10:40:23,117 - INFO - Maximum log composite likelihood: -23979.54599860519.
2025-08-12 10:40:23,117 - INFO - Optimal value of theta: 23891.24228748514.
2025-08-12 10:40:23,117 - INFO - Beginning optimization with guess, [6.04788681].
2025-08-12 10:40:23,487 - INFO - Finished optimization with guess, [6.04788681].
2025-08-12 10:40:23,487 - INFO - Best fit parameters: [6.04788681].
2025-08-12 10:40:23,670 - INFO - Maximum log composite likelihood: -23979.54599860519.
2025-08-12 10:40:23,670 - INFO - Optimal value of theta: 23891.24228748514.
2025-08-12 10:40:23,670 - INFO - Beginning optimization with guess, [8.41327524].
2025-08-12 10:40:24,026 - INFO - Finished optimization with guess, [8.41327524].
2025-08-12 10:40:24,026 - INFO - Best fit parameters: [8.41327524].
2025-08-12 10:40:24,203 - INFO - Maximum log composite likelihood: -23979.54599860519.
2025-08-12 10:40:24,203 - INFO - Optimal value of theta: 23891.24228748514.
2025-08-12 10:40:24,203 - INFO - Beginning optimization with guess, [4.63885135].
2025-08-12 10:40:24,554 - INFO - Finished optimization with guess, [4.63885135].
2025-08-12 10:40:24,554 - INFO - Best fit parameters: [4.63885135].
2025-08-12 10:40:24,738 - INFO - Maximum log composite likelihood: -23979.54599860519.
2025-08-12 10:40:24,738 - INFO - Optimal value of theta: 23891.24228748514.
2025-08-12 10:40:24,740 - INFO - Converting and interpreting Tau estimates.
2025-08-12 10:40:24,741 - INFO - Finished demographic inference.
2025-08-12 10:40:24,741 - INFO - Pipeline executed succesfully.
