2024-03-14 21:38:13,356 - INFO - Beginning execution of fit_demographic_model.py in directory /u/project/kirk/jonmah/sample_size_demography/Scripts

2024-03-14 21:38:13,356 - INFO - Progress is being logged to ../Analysis/ThreeEpochExpansion_160/log.log

2024-03-14 21:38:13,356 - INFO - Parsed the following arguments:
	syn_input_sfs = ../Analysis/ThreeEpochExpansion_160/syn_downsampled_sfs.txt
	mask_singletons = False
	mask_doubletons = False
	outprefix = ../Analysis/ThreeEpochExpansion_160/

2024-03-14 21:38:13,358 - INFO - Beginning demographic inference for one-epoch demographic model.
2024-03-14 21:38:13,359 - INFO - Beginning optimization with guess, [0.15022543].
2024-03-14 21:38:43,520 - INFO - Finished optimization with guess, [0.15022543].
2024-03-14 21:38:43,522 - INFO - Best fit parameters: [0.15022543].
2024-03-14 21:38:44,473 - INFO - Maximum log composite likelihood: -4487.582802080284.
2024-03-14 21:38:44,473 - INFO - Optimal value of theta: 16129.405602154919.
2024-03-14 21:38:44,474 - INFO - Beginning optimization with guess, [0.19567505].
2024-03-14 21:39:14,504 - INFO - Finished optimization with guess, [0.19567505].
2024-03-14 21:39:14,506 - INFO - Best fit parameters: [0.19567505].
2024-03-14 21:39:15,443 - INFO - Maximum log composite likelihood: -4487.582802080284.
2024-03-14 21:39:15,443 - INFO - Optimal value of theta: 16129.405602154919.
2024-03-14 21:39:15,443 - INFO - Beginning optimization with guess, [0.30699163].
2024-03-14 21:39:45,320 - INFO - Finished optimization with guess, [0.30699163].
2024-03-14 21:39:45,322 - INFO - Best fit parameters: [0.30699163].
2024-03-14 21:39:46,250 - INFO - Maximum log composite likelihood: -4487.582802080284.
2024-03-14 21:39:46,250 - INFO - Optimal value of theta: 16129.405602154919.
2024-03-14 21:39:46,251 - INFO - Beginning optimization with guess, [0.36749342].
2024-03-14 21:40:13,261 - INFO - Finished optimization with guess, [0.36749342].
2024-03-14 21:40:13,262 - INFO - Best fit parameters: [0.36749342].
2024-03-14 21:40:14,202 - INFO - Maximum log composite likelihood: -4487.582802080284.
2024-03-14 21:40:14,202 - INFO - Optimal value of theta: 16129.405602154919.
2024-03-14 21:40:14,203 - INFO - Beginning optimization with guess, [0.29838778].
2024-03-14 21:40:44,073 - INFO - Finished optimization with guess, [0.29838778].
2024-03-14 21:40:44,075 - INFO - Best fit parameters: [0.29838778].
2024-03-14 21:40:45,009 - INFO - Maximum log composite likelihood: -4487.582802080284.
2024-03-14 21:40:45,009 - INFO - Optimal value of theta: 16129.405602154919.
2024-03-14 21:40:45,010 - INFO - Beginning optimization with guess, [0.58504557].
2024-03-14 21:41:12,273 - INFO - Finished optimization with guess, [0.58504557].
2024-03-14 21:41:12,274 - INFO - Best fit parameters: [0.58504557].
2024-03-14 21:41:13,221 - INFO - Maximum log composite likelihood: -4487.582802080284.
2024-03-14 21:41:13,222 - INFO - Optimal value of theta: 16129.405602154919.
2024-03-14 21:41:13,222 - INFO - Beginning optimization with guess, [1.14624427].
2024-03-14 21:41:34,843 - INFO - Finished optimization with guess, [1.14624427].
2024-03-14 21:41:34,845 - INFO - Best fit parameters: [1.14624427].
2024-03-14 21:41:35,779 - INFO - Maximum log composite likelihood: -4487.582802080284.
2024-03-14 21:41:35,780 - INFO - Optimal value of theta: 16129.405602154919.
2024-03-14 21:41:35,780 - INFO - Beginning optimization with guess, [0.93716312].
2024-03-14 21:41:54,485 - INFO - Finished optimization with guess, [0.93716312].
2024-03-14 21:41:54,486 - INFO - Best fit parameters: [0.93716312].
2024-03-14 21:41:55,418 - INFO - Maximum log composite likelihood: -4487.582802080284.
2024-03-14 21:41:55,418 - INFO - Optimal value of theta: 16129.405602154919.
2024-03-14 21:41:55,419 - INFO - Beginning optimization with guess, [0.82759664].
2024-03-14 21:42:16,834 - INFO - Finished optimization with guess, [0.82759664].
2024-03-14 21:42:16,835 - INFO - Best fit parameters: [0.82759664].
2024-03-14 21:42:17,761 - INFO - Maximum log composite likelihood: -4487.582802080284.
2024-03-14 21:42:17,761 - INFO - Optimal value of theta: 16129.405602154919.
2024-03-14 21:42:17,762 - INFO - Beginning optimization with guess, [0.91023638].
2024-03-14 21:42:36,495 - INFO - Finished optimization with guess, [0.91023638].
2024-03-14 21:42:36,496 - INFO - Best fit parameters: [0.91023638].
2024-03-14 21:42:37,420 - INFO - Maximum log composite likelihood: -4487.582802080284.
2024-03-14 21:42:37,420 - INFO - Optimal value of theta: 16129.405602154919.
2024-03-14 21:42:37,420 - INFO - Beginning optimization with guess, [0.8400674].
2024-03-14 21:42:58,677 - INFO - Finished optimization with guess, [0.8400674].
2024-03-14 21:42:58,679 - INFO - Best fit parameters: [0.8400674].
2024-03-14 21:42:59,604 - INFO - Maximum log composite likelihood: -4487.582802080284.
2024-03-14 21:42:59,604 - INFO - Optimal value of theta: 16129.405602154919.
2024-03-14 21:42:59,605 - INFO - Beginning optimization with guess, [1.53984902].
2024-03-14 21:43:23,795 - INFO - Finished optimization with guess, [1.53984902].
2024-03-14 21:43:23,796 - INFO - Best fit parameters: [1.53984902].
2024-03-14 21:43:24,720 - INFO - Maximum log composite likelihood: -4487.582802080284.
2024-03-14 21:43:24,720 - INFO - Optimal value of theta: 16129.405602154919.
2024-03-14 21:43:24,720 - INFO - Beginning optimization with guess, [2.74344767].
2024-03-14 21:43:51,816 - INFO - Finished optimization with guess, [2.74344767].
2024-03-14 21:43:51,817 - INFO - Best fit parameters: [2.74344767].
2024-03-14 21:43:52,755 - INFO - Maximum log composite likelihood: -4487.582802080284.
2024-03-14 21:43:52,755 - INFO - Optimal value of theta: 16129.405602154919.
2024-03-14 21:43:52,756 - INFO - Beginning optimization with guess, [1.52489709].
2024-03-14 21:44:17,243 - INFO - Finished optimization with guess, [1.52489709].
2024-03-14 21:44:17,245 - INFO - Best fit parameters: [1.52489709].
2024-03-14 21:44:18,170 - INFO - Maximum log composite likelihood: -4487.582802080284.
2024-03-14 21:44:18,170 - INFO - Optimal value of theta: 16129.405602154919.
2024-03-14 21:44:18,170 - INFO - Beginning optimization with guess, [1.798246].
2024-03-14 21:44:44,963 - INFO - Finished optimization with guess, [1.798246].
2024-03-14 21:44:44,964 - INFO - Best fit parameters: [1.798246].
2024-03-14 21:44:45,896 - INFO - Maximum log composite likelihood: -4487.582802080284.
2024-03-14 21:44:45,896 - INFO - Optimal value of theta: 16129.405602154919.
2024-03-14 21:44:45,896 - INFO - Beginning optimization with guess, [1.38310556].
2024-03-14 21:45:10,298 - INFO - Finished optimization with guess, [1.38310556].
2024-03-14 21:45:10,300 - INFO - Best fit parameters: [1.38310556].
2024-03-14 21:45:11,241 - INFO - Maximum log composite likelihood: -4487.582802080284.
2024-03-14 21:45:11,241 - INFO - Optimal value of theta: 16129.405602154919.
2024-03-14 21:45:11,241 - INFO - Beginning optimization with guess, [4.17714053].
2024-03-14 21:45:40,953 - INFO - Finished optimization with guess, [4.17714053].
2024-03-14 21:45:40,955 - INFO - Best fit parameters: [4.17714053].
2024-03-14 21:45:41,887 - INFO - Maximum log composite likelihood: -4487.582802080284.
2024-03-14 21:45:41,887 - INFO - Optimal value of theta: 16129.405602154919.
2024-03-14 21:45:41,888 - INFO - Beginning optimization with guess, [1.5754363].
2024-03-14 21:46:06,004 - INFO - Finished optimization with guess, [1.5754363].
2024-03-14 21:46:06,006 - INFO - Best fit parameters: [1.5754363].
2024-03-14 21:46:06,927 - INFO - Maximum log composite likelihood: -4487.582802080284.
2024-03-14 21:46:06,927 - INFO - Optimal value of theta: 16129.405602154919.
2024-03-14 21:46:06,928 - INFO - Beginning optimization with guess, [1.93226027].
2024-03-14 21:46:34,191 - INFO - Finished optimization with guess, [1.93226027].
2024-03-14 21:46:34,192 - INFO - Best fit parameters: [1.93226027].
2024-03-14 21:46:35,122 - INFO - Maximum log composite likelihood: -4487.582802080284.
2024-03-14 21:46:35,122 - INFO - Optimal value of theta: 16129.405602154919.
2024-03-14 21:46:35,122 - INFO - Beginning optimization with guess, [2.82209737].
2024-03-14 21:47:04,802 - INFO - Finished optimization with guess, [2.82209737].
2024-03-14 21:47:04,803 - INFO - Best fit parameters: [2.82209737].
2024-03-14 21:47:05,732 - INFO - Maximum log composite likelihood: -4487.582802080284.
2024-03-14 21:47:05,732 - INFO - Optimal value of theta: 16129.405602154919.
2024-03-14 21:47:05,733 - INFO - Beginning optimization with guess, [3.92874432].
2024-03-14 21:47:35,502 - INFO - Finished optimization with guess, [3.92874432].
2024-03-14 21:47:35,503 - INFO - Best fit parameters: [3.92874432].
2024-03-14 21:47:36,443 - INFO - Maximum log composite likelihood: -4487.582802080284.
2024-03-14 21:47:36,444 - INFO - Optimal value of theta: 16129.405602154919.
2024-03-14 21:47:36,444 - INFO - Beginning optimization with guess, [5.12015876].
2024-03-14 21:48:05,982 - INFO - Finished optimization with guess, [5.12015876].
2024-03-14 21:48:05,983 - INFO - Best fit parameters: [5.12015876].
2024-03-14 21:48:06,910 - INFO - Maximum log composite likelihood: -4487.582802080284.
2024-03-14 21:48:06,910 - INFO - Optimal value of theta: 16129.405602154919.
2024-03-14 21:48:06,910 - INFO - Beginning optimization with guess, [8.09316272].
2024-03-14 21:48:39,614 - INFO - Finished optimization with guess, [8.09316272].
2024-03-14 21:48:39,615 - INFO - Best fit parameters: [8.09316272].
2024-03-14 21:48:40,544 - INFO - Maximum log composite likelihood: -4487.582802080284.
2024-03-14 21:48:40,545 - INFO - Optimal value of theta: 16129.405602154919.
2024-03-14 21:48:40,545 - INFO - Beginning optimization with guess, [6.61173771].
2024-03-14 21:49:10,297 - INFO - Finished optimization with guess, [6.61173771].
2024-03-14 21:49:10,298 - INFO - Best fit parameters: [6.61173771].
2024-03-14 21:49:11,223 - INFO - Maximum log composite likelihood: -4487.582802080284.
2024-03-14 21:49:11,223 - INFO - Optimal value of theta: 16129.405602154919.
2024-03-14 21:49:11,223 - INFO - Beginning optimization with guess, [9.84693269].
2024-03-14 21:49:44,377 - INFO - Finished optimization with guess, [9.84693269].
2024-03-14 21:49:44,379 - INFO - Best fit parameters: [9.84693269].
2024-03-14 21:49:45,321 - INFO - Maximum log composite likelihood: -4487.582802080284.
2024-03-14 21:49:45,322 - INFO - Optimal value of theta: 16129.405602154919.
2024-03-14 21:49:45,326 - INFO - Finished demographic inference.
2024-03-14 21:49:45,326 - INFO - Pipeline executed succesfully.
