2024-03-14 22:43:53,211 - INFO - Beginning execution of fit_demographic_model.py in directory /u/project/kirk/jonmah/sample_size_demography/Scripts

2024-03-14 22:43:53,212 - INFO - Progress is being logged to ../Analysis/ThreeEpochBottleneck_580/log.log

2024-03-14 22:43:53,212 - INFO - Parsed the following arguments:
	syn_input_sfs = ../Analysis/ThreeEpochExpansion_580/syn_downsampled_sfs.txt
	mask_singletons = False
	mask_doubletons = False
	outprefix = ../Analysis/ThreeEpochBottleneck_580/

2024-03-14 22:43:53,213 - INFO - Beginning demographic inference for one-epoch demographic model.
2024-03-14 22:43:53,214 - INFO - Beginning optimization with guess, [0.15721673].
2024-03-14 22:44:44,920 - INFO - Finished optimization with guess, [0.15721673].
2024-03-14 22:44:44,921 - INFO - Best fit parameters: [0.15721673].
2024-03-14 22:44:46,030 - INFO - Maximum log composite likelihood: -10677.256873655304.
2024-03-14 22:44:46,030 - INFO - Optimal value of theta: 18530.794069279593.
2024-03-14 22:44:46,031 - INFO - Beginning optimization with guess, [0.12707334].
2024-03-14 22:45:30,247 - INFO - Finished optimization with guess, [0.12707334].
2024-03-14 22:45:30,249 - INFO - Best fit parameters: [0.12707334].
2024-03-14 22:45:31,858 - INFO - Maximum log composite likelihood: -10677.256873655304.
2024-03-14 22:45:31,858 - INFO - Optimal value of theta: 18530.794069279593.
2024-03-14 22:45:31,858 - INFO - Beginning optimization with guess, [0.30805219].
2024-03-14 22:46:19,988 - INFO - Finished optimization with guess, [0.30805219].
2024-03-14 22:46:19,989 - INFO - Best fit parameters: [0.30805219].
2024-03-14 22:46:21,846 - INFO - Maximum log composite likelihood: -10677.256873655304.
2024-03-14 22:46:21,846 - INFO - Optimal value of theta: 18530.794069279593.
2024-03-14 22:46:21,846 - INFO - Beginning optimization with guess, [0.23630706].
2024-03-14 22:47:13,342 - INFO - Finished optimization with guess, [0.23630706].
2024-03-14 22:47:13,343 - INFO - Best fit parameters: [0.23630706].
2024-03-14 22:47:15,084 - INFO - Maximum log composite likelihood: -10677.256873655304.
2024-03-14 22:47:15,084 - INFO - Optimal value of theta: 18530.794069279593.
2024-03-14 22:47:15,084 - INFO - Beginning optimization with guess, [0.56498926].
2024-03-14 22:48:05,547 - INFO - Finished optimization with guess, [0.56498926].
2024-03-14 22:48:05,559 - INFO - Best fit parameters: [0.56498926].
2024-03-14 22:48:09,527 - INFO - Maximum log composite likelihood: -10677.256873655304.
2024-03-14 22:48:09,527 - INFO - Optimal value of theta: 18530.794069279593.
2024-03-14 22:48:09,527 - INFO - Beginning optimization with guess, [0.33194968].
2024-03-14 22:50:11,843 - INFO - Finished optimization with guess, [0.33194968].
2024-03-14 22:50:11,848 - INFO - Best fit parameters: [0.33194968].
2024-03-14 22:50:15,114 - INFO - Maximum log composite likelihood: -10677.256873655304.
2024-03-14 22:50:15,115 - INFO - Optimal value of theta: 18530.794069279593.
2024-03-14 22:50:15,115 - INFO - Beginning optimization with guess, [0.65207716].
2024-03-14 22:51:48,490 - INFO - Finished optimization with guess, [0.65207716].
2024-03-14 22:51:48,493 - INFO - Best fit parameters: [0.65207716].
2024-03-14 22:51:50,974 - INFO - Maximum log composite likelihood: -10677.256873655304.
2024-03-14 22:51:50,974 - INFO - Optimal value of theta: 18530.794069279593.
2024-03-14 22:51:50,975 - INFO - Beginning optimization with guess, [0.69577792].
2024-03-14 22:52:32,108 - INFO - Finished optimization with guess, [0.69577792].
2024-03-14 22:52:32,113 - INFO - Best fit parameters: [0.69577792].
2024-03-14 22:52:33,390 - INFO - Maximum log composite likelihood: -10677.256873655304.
2024-03-14 22:52:33,390 - INFO - Optimal value of theta: 18530.794069279593.
2024-03-14 22:52:33,390 - INFO - Beginning optimization with guess, [0.86771076].
2024-03-14 22:53:38,495 - INFO - Finished optimization with guess, [0.86771076].
2024-03-14 22:53:38,501 - INFO - Best fit parameters: [0.86771076].
2024-03-14 22:53:43,030 - INFO - Maximum log composite likelihood: -10677.256873655304.
2024-03-14 22:53:43,030 - INFO - Optimal value of theta: 18530.794069279593.
2024-03-14 22:53:43,030 - INFO - Beginning optimization with guess, [0.73844629].
2024-03-14 22:55:26,664 - INFO - Finished optimization with guess, [0.73844629].
2024-03-14 22:55:26,669 - INFO - Best fit parameters: [0.73844629].
2024-03-14 22:55:30,776 - INFO - Maximum log composite likelihood: -10677.256873655304.
2024-03-14 22:55:30,776 - INFO - Optimal value of theta: 18530.794069279593.
2024-03-14 22:55:30,776 - INFO - Beginning optimization with guess, [1.94859205].
2024-03-14 22:56:50,395 - INFO - Finished optimization with guess, [1.94859205].
2024-03-14 22:56:50,402 - INFO - Best fit parameters: [1.94859205].
2024-03-14 22:56:51,694 - INFO - Maximum log composite likelihood: -10677.256873655304.
2024-03-14 22:56:51,694 - INFO - Optimal value of theta: 18530.794069279593.
2024-03-14 22:56:51,695 - INFO - Beginning optimization with guess, [0.93092203].
2024-03-14 22:57:18,871 - INFO - Finished optimization with guess, [0.93092203].
2024-03-14 22:57:18,872 - INFO - Best fit parameters: [0.93092203].
2024-03-14 22:57:19,989 - INFO - Maximum log composite likelihood: -10677.256873655304.
2024-03-14 22:57:19,989 - INFO - Optimal value of theta: 18530.794069279593.
2024-03-14 22:57:19,989 - INFO - Beginning optimization with guess, [0.9008615].
2024-03-14 22:57:59,355 - INFO - Finished optimization with guess, [0.9008615].
2024-03-14 22:57:59,356 - INFO - Best fit parameters: [0.9008615].
2024-03-14 22:58:02,075 - INFO - Maximum log composite likelihood: -10677.256873655304.
2024-03-14 22:58:02,075 - INFO - Optimal value of theta: 18530.794069279593.
2024-03-14 22:58:02,075 - INFO - Beginning optimization with guess, [2.82727352].
2024-03-14 22:59:38,254 - INFO - Finished optimization with guess, [2.82727352].
2024-03-14 22:59:38,256 - INFO - Best fit parameters: [2.82727352].
2024-03-14 22:59:41,894 - INFO - Maximum log composite likelihood: -10677.256873655304.
2024-03-14 22:59:41,894 - INFO - Optimal value of theta: 18530.794069279593.
2024-03-14 22:59:41,896 - INFO - Beginning optimization with guess, [2.15455941].
2024-03-14 23:01:13,011 - INFO - Finished optimization with guess, [2.15455941].
2024-03-14 23:01:13,012 - INFO - Best fit parameters: [2.15455941].
2024-03-14 23:01:14,693 - INFO - Maximum log composite likelihood: -10677.256873655304.
2024-03-14 23:01:14,693 - INFO - Optimal value of theta: 18530.794069279593.
2024-03-14 23:01:14,694 - INFO - Beginning optimization with guess, [2.04499431].
2024-03-14 23:01:54,885 - INFO - Finished optimization with guess, [2.04499431].
2024-03-14 23:01:54,886 - INFO - Best fit parameters: [2.04499431].
2024-03-14 23:01:56,272 - INFO - Maximum log composite likelihood: -10677.256873655304.
2024-03-14 23:01:56,272 - INFO - Optimal value of theta: 18530.794069279593.
2024-03-14 23:01:56,272 - INFO - Beginning optimization with guess, [2.27539349].
2024-03-14 23:03:10,587 - INFO - Finished optimization with guess, [2.27539349].
2024-03-14 23:03:10,591 - INFO - Best fit parameters: [2.27539349].
2024-03-14 23:03:13,360 - INFO - Maximum log composite likelihood: -10677.256873655304.
2024-03-14 23:03:13,360 - INFO - Optimal value of theta: 18530.794069279593.
2024-03-14 23:03:13,360 - INFO - Beginning optimization with guess, [3.25396801].
2024-03-14 23:04:51,595 - INFO - Finished optimization with guess, [3.25396801].
2024-03-14 23:04:51,612 - INFO - Best fit parameters: [3.25396801].
2024-03-14 23:04:54,871 - INFO - Maximum log composite likelihood: -10677.256873655304.
2024-03-14 23:04:54,884 - INFO - Optimal value of theta: 18530.794069279593.
2024-03-14 23:04:54,884 - INFO - Beginning optimization with guess, [4.3976136].
2024-03-14 23:06:12,664 - INFO - Finished optimization with guess, [4.3976136].
2024-03-14 23:06:12,665 - INFO - Best fit parameters: [4.3976136].
2024-03-14 23:06:14,918 - INFO - Maximum log composite likelihood: -10677.256873655304.
2024-03-14 23:06:14,918 - INFO - Optimal value of theta: 18530.794069279593.
2024-03-14 23:06:14,918 - INFO - Beginning optimization with guess, [5.93255894].
2024-03-14 23:08:25,342 - INFO - Finished optimization with guess, [5.93255894].
2024-03-14 23:08:25,356 - INFO - Best fit parameters: [5.93255894].
2024-03-14 23:08:30,247 - INFO - Maximum log composite likelihood: -10677.256873655304.
2024-03-14 23:08:30,248 - INFO - Optimal value of theta: 18530.794069279593.
2024-03-14 23:08:30,248 - INFO - Beginning optimization with guess, [6.56795324].
2024-03-14 23:11:43,068 - INFO - Finished optimization with guess, [6.56795324].
2024-03-14 23:11:43,087 - INFO - Best fit parameters: [6.56795324].
2024-03-14 23:11:49,143 - INFO - Maximum log composite likelihood: -10677.256873655304.
2024-03-14 23:11:49,143 - INFO - Optimal value of theta: 18530.794069279593.
2024-03-14 23:11:49,143 - INFO - Beginning optimization with guess, [3.63447553].
