2025-01-17 13:33:32,640 - INFO - Beginning execution of fit_demographic_model.py in directory /u/project/kirk/jonmah/sample_size_demography/Scripts

2025-01-17 13:33:32,641 - INFO - Progress is being logged to ../Analysis/gnomAD_360/log.log

2025-01-17 13:33:32,641 - INFO - Parsed the following arguments:
	syn_input_sfs = ../Analysis/gnomAD_360/syn_downsampled_sfs.txt
	mask_singletons = False
	mask_doubletons = False
	outprefix = ../Analysis/gnomAD_360/

2025-01-17 13:33:32,673 - INFO - Beginning demographic inference for one-epoch demographic model.
2025-01-17 13:33:32,676 - INFO - Beginning optimization with guess, [0.10829374].
2025-01-17 13:34:21,590 - INFO - Finished optimization with guess, [0.10829374].
2025-01-17 13:34:21,591 - INFO - Best fit parameters: [0.10829374].
2025-01-17 13:34:22,983 - INFO - Maximum log composite likelihood: -7890.121859161729.
2025-01-17 13:34:22,983 - INFO - Optimal value of theta: 7185.49384617113.
2025-01-17 13:34:22,984 - INFO - Beginning optimization with guess, [0.13142295].
2025-01-17 13:35:07,295 - INFO - Finished optimization with guess, [0.13142295].
2025-01-17 13:35:07,296 - INFO - Best fit parameters: [0.13142295].
2025-01-17 13:35:08,666 - INFO - Maximum log composite likelihood: -7890.121859161729.
2025-01-17 13:35:08,666 - INFO - Optimal value of theta: 7185.49384617113.
2025-01-17 13:35:08,666 - INFO - Beginning optimization with guess, [0.59563491].
2025-01-17 13:35:49,300 - INFO - Finished optimization with guess, [0.59563491].
2025-01-17 13:35:49,301 - INFO - Best fit parameters: [0.59563491].
2025-01-17 13:35:50,667 - INFO - Maximum log composite likelihood: -7890.121859161729.
2025-01-17 13:35:50,668 - INFO - Optimal value of theta: 7185.49384617113.
2025-01-17 13:35:50,668 - INFO - Beginning optimization with guess, [0.79948705].
2025-01-17 13:36:22,582 - INFO - Finished optimization with guess, [0.79948705].
2025-01-17 13:36:22,584 - INFO - Best fit parameters: [0.79948705].
2025-01-17 13:36:23,951 - INFO - Maximum log composite likelihood: -7890.121859161729.
2025-01-17 13:36:23,951 - INFO - Optimal value of theta: 7185.49384617113.
2025-01-17 13:36:23,951 - INFO - Beginning optimization with guess, [0.26403805].
2025-01-17 13:37:07,947 - INFO - Finished optimization with guess, [0.26403805].
2025-01-17 13:37:07,948 - INFO - Best fit parameters: [0.26403805].
2025-01-17 13:37:09,316 - INFO - Maximum log composite likelihood: -7890.121859161729.
2025-01-17 13:37:09,316 - INFO - Optimal value of theta: 7185.49384617113.
2025-01-17 13:37:09,316 - INFO - Beginning optimization with guess, [0.32979916].
2025-01-17 13:37:53,259 - INFO - Finished optimization with guess, [0.32979916].
2025-01-17 13:37:53,260 - INFO - Best fit parameters: [0.32979916].
2025-01-17 13:37:54,631 - INFO - Maximum log composite likelihood: -7890.121859161729.
2025-01-17 13:37:54,632 - INFO - Optimal value of theta: 7185.49384617113.
2025-01-17 13:37:54,632 - INFO - Beginning optimization with guess, [0.62509446].
2025-01-17 13:38:30,323 - INFO - Finished optimization with guess, [0.62509446].
2025-01-17 13:38:30,324 - INFO - Best fit parameters: [0.62509446].
2025-01-17 13:38:31,686 - INFO - Maximum log composite likelihood: -7890.121859161729.
2025-01-17 13:38:31,686 - INFO - Optimal value of theta: 7185.49384617113.
2025-01-17 13:38:31,686 - INFO - Beginning optimization with guess, [0.46362434].
2025-01-17 13:39:11,492 - INFO - Finished optimization with guess, [0.46362434].
2025-01-17 13:39:11,493 - INFO - Best fit parameters: [0.46362434].
2025-01-17 13:39:12,903 - INFO - Maximum log composite likelihood: -7890.121859161729.
2025-01-17 13:39:12,903 - INFO - Optimal value of theta: 7185.49384617113.
2025-01-17 13:39:12,903 - INFO - Beginning optimization with guess, [0.4615356].
2025-01-17 13:39:52,815 - INFO - Finished optimization with guess, [0.4615356].
2025-01-17 13:39:52,816 - INFO - Best fit parameters: [0.4615356].
2025-01-17 13:39:54,199 - INFO - Maximum log composite likelihood: -7890.121859161729.
2025-01-17 13:39:54,199 - INFO - Optimal value of theta: 7185.49384617113.
2025-01-17 13:39:54,199 - INFO - Beginning optimization with guess, [0.92758199].
2025-01-17 13:40:21,775 - INFO - Finished optimization with guess, [0.92758199].
2025-01-17 13:40:21,777 - INFO - Best fit parameters: [0.92758199].
2025-01-17 13:40:23,166 - INFO - Maximum log composite likelihood: -7890.121859161729.
2025-01-17 13:40:23,166 - INFO - Optimal value of theta: 7185.49384617113.
2025-01-17 13:40:23,167 - INFO - Beginning optimization with guess, [1.41602362].
2025-01-17 13:40:59,084 - INFO - Finished optimization with guess, [1.41602362].
2025-01-17 13:40:59,085 - INFO - Best fit parameters: [1.41602362].
2025-01-17 13:41:00,460 - INFO - Maximum log composite likelihood: -7890.121859161729.
2025-01-17 13:41:00,460 - INFO - Optimal value of theta: 7185.49384617113.
2025-01-17 13:41:00,460 - INFO - Beginning optimization with guess, [2.32453499].
2025-01-17 13:41:40,424 - INFO - Finished optimization with guess, [2.32453499].
2025-01-17 13:41:40,425 - INFO - Best fit parameters: [2.32453499].
2025-01-17 13:41:41,795 - INFO - Maximum log composite likelihood: -7890.121859161729.
2025-01-17 13:41:41,795 - INFO - Optimal value of theta: 7185.49384617113.
2025-01-17 13:41:41,795 - INFO - Beginning optimization with guess, [1.00239424].
2025-01-17 13:41:48,725 - INFO - Finished optimization with guess, [1.00239424].
2025-01-17 13:41:48,726 - INFO - Best fit parameters: [1.00239424].
2025-01-17 13:41:50,120 - INFO - Maximum log composite likelihood: -7890.121859161729.
2025-01-17 13:41:50,121 - INFO - Optimal value of theta: 7185.49384617113.
2025-01-17 13:41:50,121 - INFO - Beginning optimization with guess, [2.90810976].
2025-01-17 13:42:34,226 - INFO - Finished optimization with guess, [2.90810976].
2025-01-17 13:42:34,227 - INFO - Best fit parameters: [2.90810976].
2025-01-17 13:42:35,592 - INFO - Maximum log composite likelihood: -7890.121859161729.
2025-01-17 13:42:35,592 - INFO - Optimal value of theta: 7185.49384617113.
2025-01-17 13:42:35,592 - INFO - Beginning optimization with guess, [1.75013943].
2025-01-17 13:43:15,219 - INFO - Finished optimization with guess, [1.75013943].
2025-01-17 13:43:15,221 - INFO - Best fit parameters: [1.75013943].
2025-01-17 13:43:16,585 - INFO - Maximum log composite likelihood: -7890.121859161729.
2025-01-17 13:43:16,585 - INFO - Optimal value of theta: 7185.49384617113.
2025-01-17 13:43:16,586 - INFO - Beginning optimization with guess, [2.63020439].
2025-01-17 13:43:56,205 - INFO - Finished optimization with guess, [2.63020439].
2025-01-17 13:43:56,206 - INFO - Best fit parameters: [2.63020439].
2025-01-17 13:43:57,567 - INFO - Maximum log composite likelihood: -7890.121859161729.
2025-01-17 13:43:57,567 - INFO - Optimal value of theta: 7185.49384617113.
2025-01-17 13:43:57,567 - INFO - Beginning optimization with guess, [2.45798241].
2025-01-17 13:44:37,358 - INFO - Finished optimization with guess, [2.45798241].
2025-01-17 13:44:37,360 - INFO - Best fit parameters: [2.45798241].
2025-01-17 13:44:38,729 - INFO - Maximum log composite likelihood: -7890.121859161729.
2025-01-17 13:44:38,730 - INFO - Optimal value of theta: 7185.49384617113.
2025-01-17 13:44:38,730 - INFO - Beginning optimization with guess, [3.21679135].
2025-01-17 13:45:22,534 - INFO - Finished optimization with guess, [3.21679135].
2025-01-17 13:45:22,535 - INFO - Best fit parameters: [3.21679135].
2025-01-17 13:45:23,928 - INFO - Maximum log composite likelihood: -7890.121859161729.
2025-01-17 13:45:23,929 - INFO - Optimal value of theta: 7185.49384617113.
2025-01-17 13:45:23,929 - INFO - Beginning optimization with guess, [2.30580086].
2025-01-17 13:46:03,758 - INFO - Finished optimization with guess, [2.30580086].
2025-01-17 13:46:03,759 - INFO - Best fit parameters: [2.30580086].
2025-01-17 13:46:05,124 - INFO - Maximum log composite likelihood: -7890.121859161729.
2025-01-17 13:46:05,124 - INFO - Optimal value of theta: 7185.49384617113.
2025-01-17 13:46:05,125 - INFO - Beginning optimization with guess, [3.21315003].
2025-01-17 13:46:48,864 - INFO - Finished optimization with guess, [3.21315003].
2025-01-17 13:46:48,865 - INFO - Best fit parameters: [3.21315003].
2025-01-17 13:46:50,229 - INFO - Maximum log composite likelihood: -7890.121859161729.
2025-01-17 13:46:50,229 - INFO - Optimal value of theta: 7185.49384617113.
2025-01-17 13:46:50,229 - INFO - Beginning optimization with guess, [3.1248909].
2025-01-17 13:47:34,801 - INFO - Finished optimization with guess, [3.1248909].
2025-01-17 13:47:34,802 - INFO - Best fit parameters: [3.1248909].
2025-01-17 13:47:36,246 - INFO - Maximum log composite likelihood: -7890.121859161729.
2025-01-17 13:47:36,246 - INFO - Optimal value of theta: 7185.49384617113.
2025-01-17 13:47:36,246 - INFO - Beginning optimization with guess, [9.35608271].
2025-01-17 13:48:25,806 - INFO - Finished optimization with guess, [9.35608271].
2025-01-17 13:48:25,807 - INFO - Best fit parameters: [9.35608271].
2025-01-17 13:48:27,216 - INFO - Maximum log composite likelihood: -7890.121859161729.
2025-01-17 13:48:27,217 - INFO - Optimal value of theta: 7185.49384617113.
2025-01-17 13:48:27,217 - INFO - Beginning optimization with guess, [3.00607069].
2025-01-17 13:49:12,850 - INFO - Finished optimization with guess, [3.00607069].
2025-01-17 13:49:12,851 - INFO - Best fit parameters: [3.00607069].
2025-01-17 13:49:14,264 - INFO - Maximum log composite likelihood: -7890.121859161729.
2025-01-17 13:49:14,264 - INFO - Optimal value of theta: 7185.49384617113.
2025-01-17 13:49:14,265 - INFO - Beginning optimization with guess, [3.62941161].
2025-01-17 13:49:59,847 - INFO - Finished optimization with guess, [3.62941161].
2025-01-17 13:49:59,848 - INFO - Best fit parameters: [3.62941161].
2025-01-17 13:50:01,260 - INFO - Maximum log composite likelihood: -7890.121859161729.
2025-01-17 13:50:01,260 - INFO - Optimal value of theta: 7185.49384617113.
2025-01-17 13:50:01,261 - INFO - Beginning optimization with guess, [15.05597518].
2025-01-17 13:50:50,903 - INFO - Finished optimization with guess, [15.05597518].
2025-01-17 13:50:50,904 - INFO - Best fit parameters: [15.05597518].
2025-01-17 13:50:52,320 - INFO - Maximum log composite likelihood: -7890.121859161729.
2025-01-17 13:50:52,320 - INFO - Optimal value of theta: 7185.49384617113.
2025-01-17 13:50:52,328 - INFO - Finished demographic inference.
2025-01-17 13:50:52,328 - INFO - Pipeline executed succesfully.
