2023-12-12 16:27:27,147 - INFO - Beginning execution of fit_demographic_model.py in directory /u/project/klohmuel/jonmah/sample_size_demography/Scripts

2023-12-12 16:27:27,148 - INFO - Progress is being logged to ../Analysis/p_copri_core_6/log.log

2023-12-12 16:27:27,148 - INFO - Parsed the following arguments:
	syn_input_sfs = ../Analysis/p_copri_core_6/syn_downsampled_sfs.txt
	mask_singletons = False
	mask_doubletons = False
	outprefix = ../Analysis/p_copri_core_6/

2023-12-12 16:27:27,149 - INFO - Beginning demographic inference for one-epoch demographic model.
2023-12-12 16:27:27,182 - INFO - Beginning optimization with guess, [0.0756011].
2023-12-12 16:27:27,527 - INFO - Finished optimization with guess, [0.0756011].
2023-12-12 16:27:27,527 - INFO - Best fit parameters: [0.0756011].
2023-12-12 16:27:27,537 - INFO - Maximum log composite likelihood: -351.02898938463113.
2023-12-12 16:27:27,537 - INFO - Optimal value of theta: 11276.870587919015.
2023-12-12 16:27:27,537 - INFO - Beginning optimization with guess, [0.12940163].
2023-12-12 16:27:27,848 - INFO - Finished optimization with guess, [0.12940163].
2023-12-12 16:27:27,848 - INFO - Best fit parameters: [0.12940163].
2023-12-12 16:27:27,858 - INFO - Maximum log composite likelihood: -351.02898938463113.
2023-12-12 16:27:27,858 - INFO - Optimal value of theta: 11276.870587919015.
2023-12-12 16:27:27,858 - INFO - Beginning optimization with guess, [0.23031886].
2023-12-12 16:27:28,168 - INFO - Finished optimization with guess, [0.23031886].
2023-12-12 16:27:28,169 - INFO - Best fit parameters: [0.23031886].
2023-12-12 16:27:28,178 - INFO - Maximum log composite likelihood: -351.02898938463113.
2023-12-12 16:27:28,179 - INFO - Optimal value of theta: 11276.870587919015.
2023-12-12 16:27:28,179 - INFO - Beginning optimization with guess, [0.4327355].
2023-12-12 16:27:28,462 - INFO - Finished optimization with guess, [0.4327355].
2023-12-12 16:27:28,462 - INFO - Best fit parameters: [0.4327355].
2023-12-12 16:27:28,472 - INFO - Maximum log composite likelihood: -351.02898938463113.
2023-12-12 16:27:28,472 - INFO - Optimal value of theta: 11276.870587919015.
2023-12-12 16:27:28,472 - INFO - Beginning optimization with guess, [0.83440324].
2023-12-12 16:27:28,695 - INFO - Finished optimization with guess, [0.83440324].
2023-12-12 16:27:28,695 - INFO - Best fit parameters: [0.83440324].
2023-12-12 16:27:28,705 - INFO - Maximum log composite likelihood: -351.02898938463113.
2023-12-12 16:27:28,705 - INFO - Optimal value of theta: 11276.870587919015.
2023-12-12 16:27:28,705 - INFO - Beginning optimization with guess, [0.6926193].
2023-12-12 16:27:28,957 - INFO - Finished optimization with guess, [0.6926193].
2023-12-12 16:27:28,957 - INFO - Best fit parameters: [0.6926193].
2023-12-12 16:27:28,966 - INFO - Maximum log composite likelihood: -351.02898938463113.
2023-12-12 16:27:28,967 - INFO - Optimal value of theta: 11276.870587919015.
2023-12-12 16:27:28,967 - INFO - Beginning optimization with guess, [0.37540124].
2023-12-12 16:27:29,252 - INFO - Finished optimization with guess, [0.37540124].
2023-12-12 16:27:29,252 - INFO - Best fit parameters: [0.37540124].
2023-12-12 16:27:29,262 - INFO - Maximum log composite likelihood: -351.02898938463113.
2023-12-12 16:27:29,262 - INFO - Optimal value of theta: 11276.870587919015.
2023-12-12 16:27:29,263 - INFO - Beginning optimization with guess, [0.43224787].
2023-12-12 16:27:29,548 - INFO - Finished optimization with guess, [0.43224787].
2023-12-12 16:27:29,548 - INFO - Best fit parameters: [0.43224787].
2023-12-12 16:27:29,558 - INFO - Maximum log composite likelihood: -351.02898938463113.
2023-12-12 16:27:29,558 - INFO - Optimal value of theta: 11276.870587919015.
2023-12-12 16:27:29,559 - INFO - Beginning optimization with guess, [1.5037992].
2023-12-12 16:27:29,815 - INFO - Finished optimization with guess, [1.5037992].
2023-12-12 16:27:29,815 - INFO - Best fit parameters: [1.5037992].
2023-12-12 16:27:29,825 - INFO - Maximum log composite likelihood: -351.02898938463113.
2023-12-12 16:27:29,825 - INFO - Optimal value of theta: 11276.870587919015.
2023-12-12 16:27:29,825 - INFO - Beginning optimization with guess, [1.35853515].
2023-12-12 16:27:30,082 - INFO - Finished optimization with guess, [1.35853515].
2023-12-12 16:27:30,082 - INFO - Best fit parameters: [1.35853515].
2023-12-12 16:27:30,092 - INFO - Maximum log composite likelihood: -351.02898938463113.
2023-12-12 16:27:30,093 - INFO - Optimal value of theta: 11276.870587919015.
2023-12-12 16:27:30,093 - INFO - Beginning optimization with guess, [0.63769476].
2023-12-12 16:27:30,350 - INFO - Finished optimization with guess, [0.63769476].
2023-12-12 16:27:30,350 - INFO - Best fit parameters: [0.63769476].
2023-12-12 16:27:30,360 - INFO - Maximum log composite likelihood: -351.02898938463113.
2023-12-12 16:27:30,361 - INFO - Optimal value of theta: 11276.870587919015.
2023-12-12 16:27:30,361 - INFO - Beginning optimization with guess, [1.53440087].
2023-12-12 16:27:30,617 - INFO - Finished optimization with guess, [1.53440087].
2023-12-12 16:27:30,617 - INFO - Best fit parameters: [1.53440087].
2023-12-12 16:27:30,627 - INFO - Maximum log composite likelihood: -351.02898938463113.
2023-12-12 16:27:30,627 - INFO - Optimal value of theta: 11276.870587919015.
2023-12-12 16:27:30,627 - INFO - Beginning optimization with guess, [0.97802732].
2023-12-12 16:27:30,765 - INFO - Finished optimization with guess, [0.97802732].
2023-12-12 16:27:30,765 - INFO - Best fit parameters: [0.97802732].
2023-12-12 16:27:30,775 - INFO - Maximum log composite likelihood: -351.02898938463113.
2023-12-12 16:27:30,775 - INFO - Optimal value of theta: 11276.870587919015.
2023-12-12 16:27:30,775 - INFO - Beginning optimization with guess, [1.11851486].
2023-12-12 16:27:30,972 - INFO - Finished optimization with guess, [1.11851486].
2023-12-12 16:27:30,972 - INFO - Best fit parameters: [1.11851486].
2023-12-12 16:27:30,982 - INFO - Maximum log composite likelihood: -351.02898938463113.
2023-12-12 16:27:30,983 - INFO - Optimal value of theta: 11276.870587919015.
2023-12-12 16:27:30,983 - INFO - Beginning optimization with guess, [2.55903317].
2023-12-12 16:27:31,268 - INFO - Finished optimization with guess, [2.55903317].
2023-12-12 16:27:31,268 - INFO - Best fit parameters: [2.55903317].
2023-12-12 16:27:31,278 - INFO - Maximum log composite likelihood: -351.02898938463113.
2023-12-12 16:27:31,278 - INFO - Optimal value of theta: 11276.870587919015.
2023-12-12 16:27:31,278 - INFO - Beginning optimization with guess, [1.47012279].
2023-12-12 16:27:31,534 - INFO - Finished optimization with guess, [1.47012279].
2023-12-12 16:27:31,534 - INFO - Best fit parameters: [1.47012279].
2023-12-12 16:27:31,544 - INFO - Maximum log composite likelihood: -351.02898938463113.
2023-12-12 16:27:31,544 - INFO - Optimal value of theta: 11276.870587919015.
2023-12-12 16:27:31,544 - INFO - Beginning optimization with guess, [3.01905977].
2023-12-12 16:27:31,859 - INFO - Finished optimization with guess, [3.01905977].
2023-12-12 16:27:31,859 - INFO - Best fit parameters: [3.01905977].
2023-12-12 16:27:31,869 - INFO - Maximum log composite likelihood: -351.02898938463113.
2023-12-12 16:27:31,869 - INFO - Optimal value of theta: 11276.870587919015.
2023-12-12 16:27:31,870 - INFO - Beginning optimization with guess, [1.56974695].
2023-12-12 16:27:32,125 - INFO - Finished optimization with guess, [1.56974695].
2023-12-12 16:27:32,125 - INFO - Best fit parameters: [1.56974695].
2023-12-12 16:27:32,135 - INFO - Maximum log composite likelihood: -351.02898938463113.
2023-12-12 16:27:32,135 - INFO - Optimal value of theta: 11276.870587919015.
2023-12-12 16:27:32,136 - INFO - Beginning optimization with guess, [3.30878528].
2023-12-12 16:27:32,451 - INFO - Finished optimization with guess, [3.30878528].
2023-12-12 16:27:32,451 - INFO - Best fit parameters: [3.30878528].
2023-12-12 16:27:32,461 - INFO - Maximum log composite likelihood: -351.02898938463113.
2023-12-12 16:27:32,461 - INFO - Optimal value of theta: 11276.870587919015.
2023-12-12 16:27:32,461 - INFO - Beginning optimization with guess, [5.19813718].
2023-12-12 16:27:32,771 - INFO - Finished optimization with guess, [5.19813718].
2023-12-12 16:27:32,771 - INFO - Best fit parameters: [5.19813718].
2023-12-12 16:27:32,781 - INFO - Maximum log composite likelihood: -351.02898938463113.
2023-12-12 16:27:32,781 - INFO - Optimal value of theta: 11276.870587919015.
2023-12-12 16:27:32,781 - INFO - Beginning optimization with guess, [5.67763485].
2023-12-12 16:27:33,091 - INFO - Finished optimization with guess, [5.67763485].
2023-12-12 16:27:33,091 - INFO - Best fit parameters: [5.67763485].
2023-12-12 16:27:33,101 - INFO - Maximum log composite likelihood: -351.02898938463113.
2023-12-12 16:27:33,101 - INFO - Optimal value of theta: 11276.870587919015.
2023-12-12 16:27:33,101 - INFO - Beginning optimization with guess, [6.74186382].
2023-12-12 16:27:33,410 - INFO - Finished optimization with guess, [6.74186382].
2023-12-12 16:27:33,410 - INFO - Best fit parameters: [6.74186382].
2023-12-12 16:27:33,420 - INFO - Maximum log composite likelihood: -351.02898938463113.
2023-12-12 16:27:33,420 - INFO - Optimal value of theta: 11276.870587919015.
2023-12-12 16:27:33,420 - INFO - Beginning optimization with guess, [6.46167468].
2023-12-12 16:27:33,730 - INFO - Finished optimization with guess, [6.46167468].
2023-12-12 16:27:33,730 - INFO - Best fit parameters: [6.46167468].
2023-12-12 16:27:33,739 - INFO - Maximum log composite likelihood: -351.02898938463113.
2023-12-12 16:27:33,740 - INFO - Optimal value of theta: 11276.870587919015.
2023-12-12 16:27:33,740 - INFO - Beginning optimization with guess, [7.50450787].
2023-12-12 16:27:34,050 - INFO - Finished optimization with guess, [7.50450787].
2023-12-12 16:27:34,051 - INFO - Best fit parameters: [7.50450787].
2023-12-12 16:27:34,060 - INFO - Maximum log composite likelihood: -351.02898938463113.
2023-12-12 16:27:34,061 - INFO - Optimal value of theta: 11276.870587919015.
2023-12-12 16:27:34,061 - INFO - Beginning optimization with guess, [10.69330563].
2023-12-12 16:27:34,399 - INFO - Finished optimization with guess, [10.69330563].
2023-12-12 16:27:34,399 - INFO - Best fit parameters: [10.69330563].
2023-12-12 16:27:34,409 - INFO - Maximum log composite likelihood: -351.02898938463113.
2023-12-12 16:27:34,409 - INFO - Optimal value of theta: 11276.870587919015.
2023-12-12 16:27:34,411 - INFO - Beginning demographic inference for two-epoch demographic model.
2023-12-12 16:27:34,413 - INFO - Beginning optimization with guess, [0.19888272 0.00965194].
2023-12-12 16:27:36,507 - INFO - Finished optimization with guess, [0.19888272 0.00965194].
2023-12-12 16:27:36,508 - INFO - Best fit parameters: [3.1996964  0.38041127].
2023-12-12 16:27:36,521 - INFO - Maximum log composite likelihood: -16.2832196852396.
2023-12-12 16:27:36,521 - INFO - Optimal value of theta: 8675.066319593256.
2023-12-12 16:27:36,521 - INFO - Beginning optimization with guess, [0.18382066 0.01270814].
2023-12-12 16:27:38,265 - INFO - Finished optimization with guess, [0.18382066 0.01270814].
2023-12-12 16:27:38,265 - INFO - Best fit parameters: [3.81239263 0.29660998].
2023-12-12 16:27:38,277 - INFO - Maximum log composite likelihood: -16.975025645700953.
2023-12-12 16:27:38,277 - INFO - Optimal value of theta: 8937.57495749932.
2023-12-12 16:27:38,277 - INFO - Beginning optimization with guess, [0.47788092 0.01194561].
2023-12-12 16:27:40,296 - INFO - Finished optimization with guess, [0.47788092 0.01194561].
2023-12-12 16:27:40,296 - INFO - Best fit parameters: [3.60427559 0.32607892].
2023-12-12 16:27:40,308 - INFO - Maximum log composite likelihood: -16.808942199731973.
2023-12-12 16:27:40,308 - INFO - Optimal value of theta: 8823.118432331667.
2023-12-12 16:27:40,308 - INFO - Beginning optimization with guess, [0.31769451 0.00602175].
2023-12-12 16:27:43,487 - INFO - Finished optimization with guess, [0.31769451 0.00602175].
2023-12-12 16:27:43,488 - INFO - Best fit parameters: [2.62859322 0.57600973].
2023-12-12 16:27:43,502 - INFO - Maximum log composite likelihood: -16.985544773287984.
2023-12-12 16:27:43,502 - INFO - Optimal value of theta: 8211.141078547278.
2023-12-12 16:27:43,502 - INFO - Beginning optimization with guess, [0.59978782 0.01260577].
2023-12-12 16:27:45,592 - INFO - Finished optimization with guess, [0.59978782 0.01260577].
2023-12-12 16:27:45,593 - INFO - Best fit parameters: [2.0527808 0.2943062].
2023-12-12 16:27:45,605 - INFO - Maximum log composite likelihood: -70.9704535106357.
2023-12-12 16:27:45,605 - INFO - Optimal value of theta: 9646.334159304773.
2023-12-12 16:27:45,606 - INFO - Beginning optimization with guess, [0.92647438 0.00506588].
2023-12-12 16:27:49,807 - INFO - Finished optimization with guess, [0.92647438 0.00506588].
2023-12-12 16:27:49,808 - INFO - Best fit parameters: [1.2866601  0.51169349].
2023-12-12 16:27:49,825 - INFO - Maximum log composite likelihood: -218.4787442983652.
2023-12-12 16:27:49,825 - INFO - Optimal value of theta: 10213.467692059081.
2023-12-12 16:27:49,825 - INFO - Beginning optimization with guess, [0.69709209 0.00700625].
2023-12-12 16:27:52,985 - INFO - Finished optimization with guess, [0.69709209 0.00700625].
2023-12-12 16:27:52,985 - INFO - Best fit parameters: [3.29009984 0.53316733].
2023-12-12 16:27:52,998 - INFO - Maximum log composite likelihood: -24.108473219639563.
2023-12-12 16:27:52,999 - INFO - Optimal value of theta: 8006.902631439951.
2023-12-12 16:27:52,999 - INFO - Beginning optimization with guess, [1.42611093 0.00656379].
2023-12-12 16:27:53,803 - INFO - Finished optimization with guess, [1.42611093 0.00656379].
2023-12-12 16:27:53,804 - INFO - Best fit parameters: [2.88700107 1.07169633].
2023-12-12 16:27:53,820 - INFO - Maximum log composite likelihood: -16.80393932681909.
2023-12-12 16:27:53,820 - INFO - Optimal value of theta: 6827.664135235733.
2023-12-12 16:27:53,820 - INFO - Beginning optimization with guess, [1.11847377 0.01508363].
2023-12-12 16:27:54,517 - INFO - Finished optimization with guess, [1.11847377 0.01508363].
2023-12-12 16:27:54,517 - INFO - Best fit parameters: [3.2305195  0.42871849].
2023-12-12 16:27:54,529 - INFO - Maximum log composite likelihood: -17.619980327141093.
2023-12-12 16:27:54,530 - INFO - Optimal value of theta: 8447.68987050056.
2023-12-12 16:27:54,530 - INFO - Beginning optimization with guess, [1.22258929 0.00540016].
2023-12-12 16:27:55,305 - INFO - Finished optimization with guess, [1.22258929 0.00540016].
2023-12-12 16:27:55,306 - INFO - Best fit parameters: [2.65864097 0.74298888].
2023-12-12 16:27:55,320 - INFO - Maximum log composite likelihood: -16.73543778334715.
2023-12-12 16:27:55,321 - INFO - Optimal value of theta: 7715.212865166829.
2023-12-12 16:27:55,321 - INFO - Beginning optimization with guess, [2.2781227  0.01139866].
2023-12-12 16:27:55,885 - INFO - Finished optimization with guess, [2.2781227  0.01139866].
2023-12-12 16:27:55,885 - INFO - Best fit parameters: [2.95373434 0.41103177].
2023-12-12 16:27:55,897 - INFO - Maximum log composite likelihood: -16.232223647577484.
2023-12-12 16:27:55,897 - INFO - Optimal value of theta: 8636.668901198442.
2023-12-12 16:27:55,898 - INFO - Beginning optimization with guess, [1.78131316 0.01176893].
2023-12-12 16:27:56,580 - INFO - Finished optimization with guess, [1.78131316 0.01176893].
2023-12-12 16:27:56,580 - INFO - Best fit parameters: [2.8450482  0.51174548].
2023-12-12 16:27:56,593 - INFO - Maximum log composite likelihood: -16.053816147745238.
2023-12-12 16:27:56,594 - INFO - Optimal value of theta: 8295.965167358578.
2023-12-12 16:27:56,594 - INFO - Beginning optimization with guess, [1.48941612 0.016362  ].
2023-12-12 16:27:57,305 - INFO - Finished optimization with guess, [1.48941612 0.016362  ].
2023-12-12 16:27:57,305 - INFO - Best fit parameters: [2.89111057 0.48404   ].
2023-12-12 16:27:57,318 - INFO - Maximum log composite likelihood: -16.0574646925852.
2023-12-12 16:27:57,318 - INFO - Optimal value of theta: 8373.71087663719.
2023-12-12 16:27:57,319 - INFO - Beginning optimization with guess, [1.39258976 0.00909214].
2023-12-12 16:27:57,998 - INFO - Finished optimization with guess, [1.39258976 0.00909214].
2023-12-12 16:27:57,998 - INFO - Best fit parameters: [2.71218965 0.56158861].
2023-12-12 16:27:58,012 - INFO - Maximum log composite likelihood: -16.247579144564952.
2023-12-12 16:27:58,012 - INFO - Optimal value of theta: 8202.787626447762.
2023-12-12 16:27:58,012 - INFO - Beginning optimization with guess, [2.448366   0.00856166].
2023-12-12 16:27:58,519 - INFO - Finished optimization with guess, [2.448366   0.00856166].
2023-12-12 16:27:58,520 - INFO - Best fit parameters: [3.24297598 0.35548885].
2023-12-12 16:27:58,532 - INFO - Maximum log composite likelihood: -16.35942284713019.
2023-12-12 16:27:58,532 - INFO - Optimal value of theta: 8778.56616254387.
2023-12-12 16:27:58,532 - INFO - Beginning optimization with guess, [3.30518871 0.01234043].
2023-12-12 16:27:58,993 - INFO - Finished optimization with guess, [3.30518871 0.01234043].
2023-12-12 16:27:58,993 - INFO - Best fit parameters: [4.56499278 0.25281052].
2023-12-12 16:27:59,004 - INFO - Maximum log composite likelihood: -17.771096748216223.
2023-12-12 16:27:59,005 - INFO - Optimal value of theta: 9079.803215604747.
2023-12-12 16:27:59,005 - INFO - Beginning optimization with guess, [1.94588815 0.00655235].
2023-12-12 16:27:59,633 - INFO - Finished optimization with guess, [1.94588815 0.00655235].
2023-12-12 16:27:59,633 - INFO - Best fit parameters: [2.91510175 0.46419845].
2023-12-12 16:27:59,646 - INFO - Maximum log composite likelihood: -16.041648022652225.
2023-12-12 16:27:59,646 - INFO - Optimal value of theta: 8437.833903418747.
2023-12-12 16:27:59,647 - INFO - Beginning optimization with guess, [1.70838315 0.01871076].
2023-12-12 16:28:00,354 - INFO - Finished optimization with guess, [1.70838315 0.01871076].
2023-12-12 16:28:00,354 - INFO - Best fit parameters: [2.85814826 0.47910576].
2023-12-12 16:28:00,367 - INFO - Maximum log composite likelihood: -16.025207011491148.
2023-12-12 16:28:00,367 - INFO - Optimal value of theta: 8409.252291847026.
2023-12-12 16:28:00,367 - INFO - Beginning optimization with guess, [1.68817209 0.01714868].
2023-12-12 16:28:01,058 - INFO - Finished optimization with guess, [1.68817209 0.01714868].
2023-12-12 16:28:01,059 - INFO - Best fit parameters: [2.85160354 0.48721656].
2023-12-12 16:28:01,072 - INFO - Maximum log composite likelihood: -16.02274879911056.
2023-12-12 16:28:01,072 - INFO - Optimal value of theta: 8382.206132110325.
2023-12-12 16:28:01,072 - INFO - Beginning optimization with guess, [2.31388008 0.01289228].
2023-12-12 16:28:01,641 - INFO - Finished optimization with guess, [2.31388008 0.01289228].
2023-12-12 16:28:01,641 - INFO - Best fit parameters: [3.63039743 0.3188394 ].
2023-12-12 16:28:01,652 - INFO - Maximum log composite likelihood: -16.782192025024415.
2023-12-12 16:28:01,653 - INFO - Optimal value of theta: 8855.540659389562.
2023-12-12 16:28:01,653 - INFO - Beginning optimization with guess, [6.34686478 0.01063036].
2023-12-12 16:28:02,156 - INFO - Finished optimization with guess, [6.34686478 0.01063036].
2023-12-12 16:28:02,156 - INFO - Best fit parameters: [13.71990848  0.17694991].
2023-12-12 16:28:02,167 - INFO - Maximum log composite likelihood: -20.592555958817684.
2023-12-12 16:28:02,167 - INFO - Optimal value of theta: 9310.522431206742.
2023-12-12 16:28:02,167 - INFO - Beginning optimization with guess, [2.73528136 0.00900476].
2023-12-12 16:28:02,699 - INFO - Finished optimization with guess, [2.73528136 0.00900476].
2023-12-12 16:28:02,699 - INFO - Best fit parameters: [4.71505542 0.24818244].
2023-12-12 16:28:02,710 - INFO - Maximum log composite likelihood: -17.89039906331527.
2023-12-12 16:28:02,710 - INFO - Optimal value of theta: 9091.351180764435.
2023-12-12 16:28:02,710 - INFO - Beginning optimization with guess, [1.02768951e+01 9.43761950e-03].
2023-12-12 16:28:03,188 - INFO - Finished optimization with guess, [1.02768951e+01 9.43761950e-03].
2023-12-12 16:28:03,188 - INFO - Best fit parameters: [14.39039882  0.17260693].
2023-12-12 16:28:03,198 - INFO - Maximum log composite likelihood: -20.782661856854247.
2023-12-12 16:28:03,199 - INFO - Optimal value of theta: 9343.360206062145.
2023-12-12 16:28:03,199 - INFO - Beginning optimization with guess, [8.18783612e+00 7.95560119e-03].
2023-12-12 16:28:03,691 - INFO - Finished optimization with guess, [8.18783612e+00 7.95560119e-03].
2023-12-12 16:28:03,691 - INFO - Best fit parameters: [20.08067399  0.16866958].
2023-12-12 16:28:03,702 - INFO - Maximum log composite likelihood: -21.03752363773674.
2023-12-12 16:28:03,702 - INFO - Optimal value of theta: 9339.50090698971.
2023-12-12 16:28:03,702 - INFO - Beginning optimization with guess, [4.15406314 0.00639545].
2023-12-12 16:28:04,165 - INFO - Finished optimization with guess, [4.15406314 0.00639545].
2023-12-12 16:28:04,165 - INFO - Best fit parameters: [4.80050323 0.24533409].
2023-12-12 16:28:04,176 - INFO - Maximum log composite likelihood: -17.962780672329245.
2023-12-12 16:28:04,176 - INFO - Optimal value of theta: 9100.227010204142.
2023-12-12 16:28:04,178 - INFO - Beginning demographic inference for three-epoch demographic model.
2023-12-12 16:28:04,181 - INFO - Beginning optimization with guess, [0.00903028 0.00627709 0.00826876 0.00977276].
2023-12-12 16:28:55,406 - INFO - Finished optimization with guess, [0.00903028 0.00627709 0.00826876 0.00977276].
2023-12-12 16:28:55,407 - INFO - Best fit parameters: [0.00240043 0.00182425 0.00866777 0.06482648].
2023-12-12 16:28:56,091 - INFO - Maximum log composite likelihood: -351.02898932756943.
2023-12-12 16:28:56,091 - INFO - Optimal value of theta: 6181637.970999357.
2023-12-12 16:28:56,091 - INFO - Beginning optimization with guess, [0.03749794 0.02349667 0.01419548 0.00955793].
2023-12-12 16:28:56,723 - INFO - Finished optimization with guess, [0.03749794 0.02349667 0.01419548 0.00955793].
2023-12-12 16:28:56,723 - INFO - Best fit parameters: [1.45388014e+00 2.37732533e+02 2.12591869e-04 3.78929313e-06].
2023-12-12 16:28:56,734 - INFO - Maximum log composite likelihood: -350.67093582163216.
2023-12-12 16:28:56,734 - INFO - Optimal value of theta: 11275.831574760708.
2023-12-12 16:28:56,734 - INFO - Beginning optimization with guess, [0.05500646 0.02717929 0.00578592 0.01483548].
2023-12-12 16:28:57,300 - INFO - Finished optimization with guess, [0.05500646 0.02717929 0.00578592 0.01483548].
2023-12-12 16:28:57,300 - INFO - Best fit parameters: [4.71594004e-02 1.90973224e+24 1.44451189e-22 4.72486941e-21].
2023-12-12 16:28:57,311 - INFO - Maximum log composite likelihood: -351.028989384602.
2023-12-12 16:28:57,311 - INFO - Optimal value of theta: 11276.87058791898.
2023-12-12 16:28:57,311 - INFO - Beginning optimization with guess, [0.04902999 0.0226817  0.00671417 0.01545609].
2023-12-12 16:28:57,893 - INFO - Finished optimization with guess, [0.04902999 0.0226817  0.00671417 0.01545609].
2023-12-12 16:28:57,894 - INFO - Best fit parameters: [2.59299539e-02 7.41750234e+19 2.09614725e-18 1.29328572e-16].
2023-12-12 16:28:57,904 - INFO - Maximum log composite likelihood: -351.02898938456565.
2023-12-12 16:28:57,905 - INFO - Optimal value of theta: 11276.870587918984.
2023-12-12 16:28:57,905 - INFO - Beginning optimization with guess, [0.04870419 0.05431838 0.01349436 0.00703372].
2023-12-12 16:28:58,422 - INFO - Finished optimization with guess, [0.04870419 0.05431838 0.01349436 0.00703372].
2023-12-12 16:28:58,423 - INFO - Best fit parameters: [3.81178760e+00 1.76117431e-01 8.43419618e-04 4.75283591e-05].
2023-12-12 16:28:58,433 - INFO - Maximum log composite likelihood: -348.9994176186192.
2023-12-12 16:28:58,434 - INFO - Optimal value of theta: 11270.959744311864.
2023-12-12 16:28:58,434 - INFO - Beginning optimization with guess, [0.34471877 0.73528277 0.01035658 0.00796483].
2023-12-12 16:28:58,891 - INFO - Finished optimization with guess, [0.34471877 0.73528277 0.01035658 0.00796483].
2023-12-12 16:28:58,891 - INFO - Best fit parameters: [1.42360007e+00 1.26914702e+00 1.33085620e-07 9.25437805e-02].
2023-12-12 16:28:58,903 - INFO - Maximum log composite likelihood: -280.6289331954722.
2023-12-12 16:28:58,904 - INFO - Optimal value of theta: 11016.888053349747.
2023-12-12 16:28:58,904 - INFO - Beginning optimization with guess, [0.38113324 0.62769321 0.01941598 0.01099369].
2023-12-12 16:28:59,388 - INFO - Finished optimization with guess, [0.38113324 0.62769321 0.01941598 0.01099369].
2023-12-12 16:28:59,388 - INFO - Best fit parameters: [2.79548605e+00 2.13795902e+00 6.30674587e-08 1.80539496e-02].
2023-12-12 16:28:59,399 - INFO - Maximum log composite likelihood: -306.27101778917495.
2023-12-12 16:28:59,399 - INFO - Optimal value of theta: 11138.34083253219.
2023-12-12 16:28:59,399 - INFO - Beginning optimization with guess, [1.28522299 0.69136059 0.00526069 0.00581686].
2023-12-12 16:29:00,145 - INFO - Finished optimization with guess, [1.28522299 0.69136059 0.00526069 0.00581686].
2023-12-12 16:29:00,145 - INFO - Best fit parameters: [2.04418921e+00 7.81438588e-01 1.11735735e+00 2.65611767e-04].
2023-12-12 16:29:00,165 - INFO - Maximum log composite likelihood: -78.87213037926267.
2023-12-12 16:29:00,165 - INFO - Optimal value of theta: 7653.5604388722895.
2023-12-12 16:29:00,165 - INFO - Beginning optimization with guess, [0.83933368 0.46354401 0.01683519 0.00627437].
2023-12-12 16:29:00,652 - INFO - Finished optimization with guess, [0.83933368 0.46354401 0.01683519 0.00627437].
2023-12-12 16:29:00,652 - INFO - Best fit parameters: [1.13234234e+00 7.16816230e-01 2.21463622e-03 2.40197348e-05].
2023-12-12 16:29:00,663 - INFO - Maximum log composite likelihood: -349.77576181828044.
2023-12-12 16:29:00,663 - INFO - Optimal value of theta: 11273.196847118135.
2023-12-12 16:29:00,664 - INFO - Beginning optimization with guess, [1.45070007 1.57520335 0.00797471 0.00736588].
2023-12-12 16:29:01,356 - INFO - Finished optimization with guess, [1.45070007 1.57520335 0.00797471 0.00736588].
2023-12-12 16:29:01,357 - INFO - Best fit parameters: [1.45363661 2.25108699 0.00658294 0.76800018].
2023-12-12 16:29:01,373 - INFO - Maximum log composite likelihood: -33.87621573357319.
2023-12-12 16:29:01,373 - INFO - Optimal value of theta: 8013.777581002491.
2023-12-12 16:29:01,373 - INFO - Beginning optimization with guess, [0.64805528 2.34680962 0.00651762 0.00979491].
2023-12-12 16:29:02,110 - INFO - Finished optimization with guess, [0.64805528 2.34680962 0.00651762 0.00979491].
2023-12-12 16:29:02,110 - INFO - Best fit parameters: [6.24935083e-01 2.73808735e+00 1.04101019e-03 6.06333433e-01].
2023-12-12 16:29:02,124 - INFO - Maximum log composite likelihood: -16.143854992053093.
2023-12-12 16:29:02,125 - INFO - Optimal value of theta: 8047.148439046713.
2023-12-12 16:29:02,125 - INFO - Beginning optimization with guess, [2.88942519 2.03170345 0.01629761 0.01748227].
2023-12-12 16:29:02,741 - INFO - Finished optimization with guess, [2.88942519 2.03170345 0.01629761 0.01748227].
2023-12-12 16:29:02,741 - INFO - Best fit parameters: [3.40481959 2.54465601 0.34637759 0.01260734].
2023-12-12 16:29:02,754 - INFO - Maximum log composite likelihood: -16.41427674235456.
2023-12-12 16:29:02,754 - INFO - Optimal value of theta: 8726.13875716427.
2023-12-12 16:29:02,754 - INFO - Beginning optimization with guess, [1.06763957 1.36795058 0.01375697 0.01791376].
2023-12-12 16:29:03,399 - INFO - Finished optimization with guess, [1.06763957 1.36795058 0.01375697 0.01791376].
2023-12-12 16:29:03,399 - INFO - Best fit parameters: [1.05753478 1.77139283 0.01228992 0.49721774].
2023-12-12 16:29:03,414 - INFO - Maximum log composite likelihood: -87.90882018825869.
2023-12-12 16:29:03,415 - INFO - Optimal value of theta: 9274.119353388207.
2023-12-12 16:29:03,415 - INFO - Beginning optimization with guess, [3.80910315 2.38423493 0.01634974 0.00811401].
2023-12-12 16:29:03,955 - INFO - Finished optimization with guess, [3.80910315 2.38423493 0.01634974 0.00811401].
2023-12-12 16:29:03,955 - INFO - Best fit parameters: [5.37346336 2.67733843 0.23844957 0.00540152].
2023-12-12 16:29:03,967 - INFO - Maximum log composite likelihood: -18.267638514589635.
2023-12-12 16:29:03,967 - INFO - Optimal value of theta: 9064.354542775794.
2023-12-12 16:29:03,967 - INFO - Beginning optimization with guess, [4.45465125 2.49760576 0.00749093 0.01366331].
2023-12-12 16:29:04,557 - INFO - Finished optimization with guess, [4.45465125 2.49760576 0.00749093 0.01366331].
2023-12-12 16:29:04,557 - INFO - Best fit parameters: [5.95182107e+00 3.33379658e+00 5.80861559e-03 3.48784839e-01].
2023-12-12 16:29:04,569 - INFO - Maximum log composite likelihood: -16.432088470915915.
2023-12-12 16:29:04,569 - INFO - Optimal value of theta: 8748.018205158556.
2023-12-12 16:29:04,570 - INFO - Beginning optimization with guess, [2.15476951 2.30601777 0.01838528 0.01691594].
2023-12-12 16:29:05,216 - INFO - Finished optimization with guess, [2.15476951 2.30601777 0.01838528 0.01691594].
2023-12-12 16:29:05,216 - INFO - Best fit parameters: [2.67788834 3.4107597  0.51784818 0.04652535].
2023-12-12 16:29:05,230 - INFO - Maximum log composite likelihood: -16.061501829273766.
2023-12-12 16:29:05,231 - INFO - Optimal value of theta: 8171.301483532928.
2023-12-12 16:29:05,231 - INFO - Beginning optimization with guess, [4.5693608  4.57413011 0.00859725 0.01244941].
2023-12-12 16:29:05,740 - INFO - Finished optimization with guess, [4.5693608  4.57413011 0.00859725 0.01244941].
2023-12-12 16:29:05,740 - INFO - Best fit parameters: [5.49544350e+00 7.28295531e+00 6.33589872e-03 2.06342841e-01].
2023-12-12 16:29:05,751 - INFO - Maximum log composite likelihood: -19.487907915310643.
2023-12-12 16:29:05,751 - INFO - Optimal value of theta: 9158.345908437224.
2023-12-12 16:29:05,752 - INFO - Beginning optimization with guess, [1.51885565 3.87056955 0.00946382 0.00824961].
2023-12-12 16:29:06,303 - INFO - Finished optimization with guess, [1.51885565 3.87056955 0.00946382 0.00824961].
2023-12-12 16:29:06,303 - INFO - Best fit parameters: [1.60834601 5.82568084 0.00676597 0.2273595 ].
2023-12-12 16:29:06,315 - INFO - Maximum log composite likelihood: -18.750169272076164.
2023-12-12 16:29:06,315 - INFO - Optimal value of theta: 9107.831578364927.
2023-12-12 16:29:06,315 - INFO - Beginning optimization with guess, [1.91938756 1.66777776 0.01647958 0.00873863].
2023-12-12 16:29:06,925 - INFO - Finished optimization with guess, [1.91938756 1.66777776 0.01647958 0.00873863].
2023-12-12 16:29:06,925 - INFO - Best fit parameters: [2.75601864 1.80596867 0.57200546 0.01001132].
2023-12-12 16:29:06,939 - INFO - Maximum log composite likelihood: -16.340792420534854.
2023-12-12 16:29:06,939 - INFO - Optimal value of theta: 8132.405535939153.
2023-12-12 16:29:06,939 - INFO - Beginning optimization with guess, [3.8561856  3.39823254 0.01494789 0.0135445 ].
2023-12-12 16:29:07,465 - INFO - Finished optimization with guess, [3.8561856  3.39823254 0.01494789 0.0135445 ].
2023-12-12 16:29:07,465 - INFO - Best fit parameters: [4.56295488 4.98015139 0.23763196 0.01000646].
2023-12-12 16:29:07,477 - INFO - Maximum log composite likelihood: -17.915711746642046.
2023-12-12 16:29:07,477 - INFO - Optimal value of theta: 9111.627472264166.
2023-12-12 16:29:07,477 - INFO - Beginning optimization with guess, [3.64408609 4.41506646 0.01708152 0.01870935].
2023-12-12 16:29:08,010 - INFO - Finished optimization with guess, [3.64408609 4.41506646 0.01708152 0.01870935].
2023-12-12 16:29:08,010 - INFO - Best fit parameters: [4.42862688 6.13368858 0.01170608 0.20644954].
2023-12-12 16:29:08,021 - INFO - Maximum log composite likelihood: -18.82846501018139.
2023-12-12 16:29:08,021 - INFO - Optimal value of theta: 9183.285214343525.
2023-12-12 16:29:08,022 - INFO - Beginning optimization with guess, [3.31706425 3.16488685 0.00567253 0.01721967].
2023-12-12 16:29:08,573 - INFO - Finished optimization with guess, [3.31706425 3.16488685 0.00567253 0.01721967].
2023-12-12 16:29:08,573 - INFO - Best fit parameters: [3.90307507e+00 4.40410829e+00 3.91105688e-03 2.66358839e-01].
2023-12-12 16:29:08,585 - INFO - Maximum log composite likelihood: -17.663752533440856.
2023-12-12 16:29:08,585 - INFO - Optimal value of theta: 8991.071815632706.
2023-12-12 16:29:08,585 - INFO - Beginning optimization with guess, [6.14559627 4.47348175 0.00826426 0.00834074].
2023-12-12 16:29:09,092 - INFO - Finished optimization with guess, [6.14559627 4.47348175 0.00826426 0.00834074].
2023-12-12 16:29:09,093 - INFO - Best fit parameters: [7.51621773e+00 7.27953806e+00 2.01333793e-01 6.48176740e-03].
2023-12-12 16:29:09,104 - INFO - Maximum log composite likelihood: -19.469022611556284.
2023-12-12 16:29:09,104 - INFO - Optimal value of theta: 9184.056310486923.
2023-12-12 16:29:09,104 - INFO - Beginning optimization with guess, [10.7736548   4.08220801  0.01976996  0.0123847 ].
2023-12-12 16:29:09,591 - INFO - Finished optimization with guess, [10.7736548   4.08220801  0.01976996  0.0123847 ].
2023-12-12 16:29:09,591 - INFO - Best fit parameters: [1.42225043e+01 5.57484463e+00 1.74744642e-01 8.86204387e-03].
2023-12-12 16:29:09,602 - INFO - Maximum log composite likelihood: -20.470158178490237.
2023-12-12 16:29:09,602 - INFO - Optimal value of theta: 9258.714933719688.
2023-12-12 16:29:09,602 - INFO - Beginning optimization with guess, [5.65110185 4.59202468 0.01190859 0.01908701].
2023-12-12 16:29:10,145 - INFO - Finished optimization with guess, [5.65110185 4.59202468 0.01190859 0.01908701].
2023-12-12 16:29:10,145 - INFO - Best fit parameters: [7.33745244 6.43527624 0.00789221 0.20809205].
2023-12-12 16:29:10,156 - INFO - Maximum log composite likelihood: -18.96777697503785.
2023-12-12 16:29:10,157 - INFO - Optimal value of theta: 9172.90752829412.
2023-12-12 16:29:10,158 - INFO - Finished demographic inference.
2023-12-12 16:29:10,158 - INFO - Pipeline executed succesfully.
