2025-07-30 18:18:01,458 - INFO - Beginning execution of fit_demographic_model.py in directory /u/project/kirk/jonmah/sample_size_demography/Scripts

2025-07-30 18:18:01,459 - INFO - Progress is being logged to ../Analysis/msprime_3EpB_740/log.log

2025-07-30 18:18:01,459 - INFO - Parsed the following arguments:
	syn_input_sfs = ../Simulations/simple_simulations/ThreeEpochBottleneck_740_concat.sfs
	mask_singletons = False
	mask_doubletons = False
	L_syn = 100000000.0
	outprefix = ../Analysis/msprime_3EpB_740/

2025-07-30 18:18:01,462 - INFO - Beginning demographic inference for two-epoch demographic model.
2025-07-30 18:18:01,463 - INFO - Beginning optimization with guess, [0.01, 0.1].
2025-07-30 18:21:56,397 - INFO - Finished optimization with guess, [0.01, 0.1].
2025-07-30 18:21:56,400 - INFO - Best fit parameters: [0.00334664 0.17560272].
2025-07-30 18:22:04,565 - INFO - Maximum log composite likelihood: -114039.14509389174.
2025-07-30 18:22:04,566 - INFO - Optimal value of theta: 10752221.786583116.
2025-07-30 18:22:04,566 - INFO - Beginning optimization with guess, [0.025, 0.1].
2025-07-30 18:28:11,642 - INFO - Finished optimization with guess, [0.025, 0.1].
2025-07-30 18:28:11,644 - INFO - Best fit parameters: [0.00227301 0.63095734].
2025-07-30 18:28:33,612 - INFO - Maximum log composite likelihood: -114039.14509387249.
2025-07-30 18:28:33,614 - INFO - Optimal value of theta: 15830935.326816088.
2025-07-30 18:28:33,614 - INFO - Beginning optimization with guess, [0.05, 0.1].
2025-07-30 19:18:01,017 - INFO - Finished optimization with guess, [0.05, 0.1].
2025-07-30 19:18:01,040 - INFO - Best fit parameters: [1.09687404e-03 5.01187234e+00].
2025-07-30 19:22:33,596 - INFO - Maximum log composite likelihood: -114039.14509368711.
2025-07-30 19:22:33,599 - INFO - Optimal value of theta: 32805814.824778393.
2025-07-30 19:22:33,599 - INFO - Beginning optimization with guess, [0.075, 0.1].
2025-07-30 19:25:55,375 - INFO - Finished optimization with guess, [0.075, 0.1].
2025-07-30 19:25:55,381 - INFO - Best fit parameters: [0.01294828 0.64938163].
2025-07-30 19:26:05,230 - INFO - Maximum log composite likelihood: -114039.14509445055.
2025-07-30 19:26:05,240 - INFO - Optimal value of theta: 2779043.8941457304.
2025-07-30 19:26:05,240 - INFO - Beginning optimization with guess, [0.1, 0.1].
2025-07-30 20:40:51,844 - INFO - Finished optimization with guess, [0.1, 0.1].
2025-07-30 20:40:51,847 - INFO - Best fit parameters: [3.01777947e-03 2.44061907e+01].
2025-07-30 20:48:54,764 - INFO - Maximum log composite likelihood: -114039.14509501835.
2025-07-30 20:48:54,767 - INFO - Optimal value of theta: 11923948.42814049.
2025-07-30 20:48:54,767 - INFO - Beginning optimization with guess, [0.25, 0.1].
2025-07-30 20:50:42,622 - INFO - Finished optimization with guess, [0.25, 0.1].
2025-07-30 20:50:42,624 - INFO - Best fit parameters: [2.46219821e+01 2.31031860e-02].
2025-07-30 20:50:48,775 - INFO - Maximum log composite likelihood: -16520.831298498877.
2025-07-30 20:50:48,775 - INFO - Optimal value of theta: 19027.976656653307.
2025-07-30 20:50:48,775 - INFO - Beginning optimization with guess, [0.5, 0.1].
2025-07-30 20:52:41,338 - INFO - Finished optimization with guess, [0.5, 0.1].
2025-07-30 20:52:41,340 - INFO - Best fit parameters: [2.18448115e+01 1.67503327e-02].
2025-07-30 20:52:47,056 - INFO - Maximum log composite likelihood: -19199.043933398512.
2025-07-30 20:52:47,057 - INFO - Optimal value of theta: 21598.24812630926.
2025-07-30 20:52:47,057 - INFO - Beginning optimization with guess, [0.75, 0.1].
2025-07-30 20:54:37,174 - INFO - Finished optimization with guess, [0.75, 0.1].
2025-07-30 20:54:37,178 - INFO - Best fit parameters: [3.59649756 0.01675033].
2025-07-30 20:54:42,543 - INFO - Maximum log composite likelihood: -51629.13143791951.
2025-07-30 20:54:42,543 - INFO - Optimal value of theta: 27286.206840524042.
2025-07-30 20:54:42,543 - INFO - Beginning optimization with guess, [1, 0.1].
2025-07-30 20:56:27,824 - INFO - Finished optimization with guess, [1, 0.1].
2025-07-30 20:56:27,828 - INFO - Best fit parameters: [1.02090297 0.30947459].
2025-07-30 20:56:33,530 - INFO - Maximum log composite likelihood: -113523.57847849494.
2025-07-30 20:56:33,530 - INFO - Optimal value of theta: 35490.85679115434.
2025-07-30 20:56:33,530 - INFO - Beginning optimization with guess, [1.25, 0.1].
2025-07-30 20:58:25,112 - INFO - Finished optimization with guess, [1.25, 0.1].
2025-07-30 20:58:25,116 - INFO - Best fit parameters: [1.91202384 0.01102015].
2025-07-30 20:58:31,045 - INFO - Maximum log composite likelihood: -78945.6854239513.
2025-07-30 20:58:31,045 - INFO - Optimal value of theta: 31825.242851166768.
2025-07-30 20:58:31,046 - INFO - Beginning optimization with guess, [1.5, 0.1].
2025-07-30 21:00:20,800 - INFO - Finished optimization with guess, [1.5, 0.1].
2025-07-30 21:00:20,810 - INFO - Best fit parameters: [3.24705825 0.01102015].
2025-07-30 21:00:26,042 - INFO - Maximum log composite likelihood: -60717.32942418823.
2025-07-30 21:00:26,042 - INFO - Optimal value of theta: 29567.44872374558.
2025-07-30 21:00:26,042 - INFO - Beginning optimization with guess, [1.75, 0.1].
2025-07-30 21:02:16,392 - INFO - Finished optimization with guess, [1.75, 0.1].
2025-07-30 21:02:16,400 - INFO - Best fit parameters: [2.18139483 0.01654817].
2025-07-30 21:02:21,915 - INFO - Maximum log composite likelihood: -70701.9030144909.
2025-07-30 21:02:21,916 - INFO - Optimal value of theta: 29991.728286358455.
2025-07-30 21:02:21,916 - INFO - Beginning optimization with guess, [2, 0.1].
2025-07-30 21:04:10,464 - INFO - Finished optimization with guess, [2, 0.1].
2025-07-30 21:04:10,469 - INFO - Best fit parameters: [2.62760789 0.01654817].
2025-07-30 21:04:16,000 - INFO - Maximum log composite likelihood: -62513.167923230474.
2025-07-30 21:04:16,001 - INFO - Optimal value of theta: 28860.97857476092.
2025-07-30 21:04:16,001 - INFO - Beginning optimization with guess, [2.25, 0.1].
2025-07-30 21:06:13,269 - INFO - Finished optimization with guess, [2.25, 0.1].
2025-07-30 21:06:13,280 - INFO - Best fit parameters: [4.06083566 0.02190912].
2025-07-30 21:06:20,245 - INFO - Maximum log composite likelihood: -45629.0725357786.
2025-07-30 21:06:20,245 - INFO - Optimal value of theta: 25352.512677769326.
2025-07-30 21:06:20,245 - INFO - Beginning optimization with guess, [2.5, 0.1].
2025-07-30 21:08:11,445 - INFO - Finished optimization with guess, [2.5, 0.1].
2025-07-30 21:08:11,450 - INFO - Best fit parameters: [4.87180703 0.02190912].
2025-07-30 21:08:17,146 - INFO - Maximum log composite likelihood: -41116.27259419728.
2025-07-30 21:08:17,147 - INFO - Optimal value of theta: 24615.339965721843.
2025-07-30 21:08:17,147 - INFO - Beginning optimization with guess, [2.75, 0.1].
2025-07-30 21:10:07,872 - INFO - Finished optimization with guess, [2.75, 0.1].
2025-07-30 21:10:07,876 - INFO - Best fit parameters: [5.74409761 0.02190912].
2025-07-30 21:10:13,373 - INFO - Maximum log composite likelihood: -38289.128193484365.
2025-07-30 21:10:13,373 - INFO - Optimal value of theta: 24091.699077703346.
2025-07-30 21:10:13,373 - INFO - Beginning optimization with guess, [3, 0.1].
2025-07-30 21:12:00,973 - INFO - Finished optimization with guess, [3, 0.1].
2025-07-30 21:12:00,977 - INFO - Best fit parameters: [6.6761359  0.02190912].
2025-07-30 21:12:06,352 - INFO - Maximum log composite likelihood: -34397.572540957044.
2025-07-30 21:12:06,353 - INFO - Optimal value of theta: 23421.67520890573.
2025-07-30 21:12:06,353 - INFO - Beginning optimization with guess, [3.25, 0.1].
2025-07-30 21:13:57,004 - INFO - Finished optimization with guess, [3.25, 0.1].
2025-07-30 21:13:57,006 - INFO - Best fit parameters: [7.66652283 0.02190912].
2025-07-30 21:14:02,286 - INFO - Maximum log composite likelihood: -31179.40261768408.
2025-07-30 21:14:02,287 - INFO - Optimal value of theta: 22847.683277328462.
2025-07-30 21:14:02,287 - INFO - Beginning optimization with guess, [3.5, 0.1].
2025-07-30 21:15:52,817 - INFO - Finished optimization with guess, [3.5, 0.1].
2025-07-30 21:15:52,820 - INFO - Best fit parameters: [8.71400067 0.02190912].
2025-07-30 21:15:58,245 - INFO - Maximum log composite likelihood: -28503.926180356062.
2025-07-30 21:15:58,246 - INFO - Optimal value of theta: 22351.18526994044.
2025-07-30 21:15:58,246 - INFO - Beginning optimization with guess, [3.75, 0.1].
2025-07-30 21:17:42,003 - INFO - Finished optimization with guess, [3.75, 0.1].
2025-07-30 21:17:42,005 - INFO - Best fit parameters: [9.81742935 0.02190912].
2025-07-30 21:17:47,415 - INFO - Maximum log composite likelihood: -26271.04092259822.
2025-07-30 21:17:47,415 - INFO - Optimal value of theta: 21918.1115937785.
2025-07-30 21:17:47,415 - INFO - Beginning optimization with guess, [4, 0.1].
2025-07-30 21:19:32,002 - INFO - Finished optimization with guess, [4, 0.1].
2025-07-30 21:19:32,005 - INFO - Best fit parameters: [10.9757681   0.02190912].
2025-07-30 21:19:37,043 - INFO - Maximum log composite likelihood: -24402.752862361926.
2025-07-30 21:19:37,044 - INFO - Optimal value of theta: 21537.58293801661.
2025-07-30 21:19:37,044 - INFO - Beginning optimization with guess, [4.25, 0.1].
2025-07-30 21:21:29,279 - INFO - Finished optimization with guess, [4.25, 0.1].
2025-07-30 21:21:29,300 - INFO - Best fit parameters: [12.18806102  0.02190912].
2025-07-30 21:21:35,173 - INFO - Maximum log composite likelihood: -22837.392430674514.
2025-07-30 21:21:35,174 - INFO - Optimal value of theta: 21201.05061372837.
2025-07-30 21:21:35,174 - INFO - Beginning optimization with guess, [4.5, 0.1].
2025-07-30 21:23:25,591 - INFO - Finished optimization with guess, [4.5, 0.1].
2025-07-30 21:23:25,601 - INFO - Best fit parameters: [13.45342541  0.02190912].
2025-07-30 21:23:30,660 - INFO - Maximum log composite likelihood: -21525.571265477935.
2025-07-30 21:23:30,660 - INFO - Optimal value of theta: 20901.70258582337.
2025-07-30 21:23:30,660 - INFO - Beginning optimization with guess, [4.75, 0.1].
2025-07-30 21:25:22,035 - INFO - Finished optimization with guess, [4.75, 0.1].
2025-07-30 21:25:22,038 - INFO - Best fit parameters: [14.77104238  0.02190912].
2025-07-30 21:25:27,469 - INFO - Maximum log composite likelihood: -20427.29355797211.
2025-07-30 21:25:27,469 - INFO - Optimal value of theta: 20634.04342201817.
2025-07-30 21:25:27,469 - INFO - Beginning optimization with guess, [5, 0.1].
2025-07-30 21:27:12,139 - INFO - Finished optimization with guess, [5, 0.1].
2025-07-30 21:27:12,142 - INFO - Best fit parameters: [16.14014897  0.02190912].
2025-07-30 21:27:17,947 - INFO - Maximum log composite likelihood: -19509.85198128106.
2025-07-30 21:27:17,947 - INFO - Optimal value of theta: 20393.59113406236.
2025-07-30 21:27:18,053 - INFO - Converting and interpreting Tau estimates.
2025-07-30 21:27:18,056 - INFO - Finished demographic inference.
2025-07-30 21:27:18,057 - INFO - Pipeline executed succesfully.
