2024-03-14 21:29:41,895 - INFO - Beginning execution of fit_demographic_model.py in directory /u/project/kirk/jonmah/sample_size_demography/Scripts

2024-03-14 21:29:41,895 - INFO - Progress is being logged to ../Analysis/TwoEpochExpansion_770/log.log

2024-03-14 21:29:41,895 - INFO - Parsed the following arguments:
	syn_input_sfs = ../Analysis/TwoEpochExpansion_770/syn_downsampled_sfs.txt
	mask_singletons = False
	mask_doubletons = False
	outprefix = ../Analysis/TwoEpochExpansion_770/

2024-03-14 21:29:41,921 - INFO - Beginning demographic inference for one-epoch demographic model.
2024-03-14 21:29:41,922 - INFO - Beginning optimization with guess, [0.1338735].
2024-03-14 21:30:38,268 - INFO - Finished optimization with guess, [0.1338735].
2024-03-14 21:30:38,270 - INFO - Best fit parameters: [0.1338735].
2024-03-14 21:30:39,905 - INFO - Maximum log composite likelihood: -3373.0125724921363.
2024-03-14 21:30:39,905 - INFO - Optimal value of theta: 13730.497820218265.
2024-03-14 21:30:39,906 - INFO - Beginning optimization with guess, [0.11261574].
2024-03-14 21:31:40,786 - INFO - Finished optimization with guess, [0.11261574].
2024-03-14 21:31:40,787 - INFO - Best fit parameters: [0.11261574].
2024-03-14 21:31:42,513 - INFO - Maximum log composite likelihood: -3373.0125724921363.
2024-03-14 21:31:42,513 - INFO - Optimal value of theta: 13730.497820218265.
2024-03-14 21:31:42,513 - INFO - Beginning optimization with guess, [0.38603633].
2024-03-14 21:32:34,113 - INFO - Finished optimization with guess, [0.38603633].
2024-03-14 21:32:34,114 - INFO - Best fit parameters: [0.38603633].
2024-03-14 21:32:35,934 - INFO - Maximum log composite likelihood: -3373.0125724921363.
2024-03-14 21:32:35,934 - INFO - Optimal value of theta: 13730.497820218265.
2024-03-14 21:32:35,935 - INFO - Beginning optimization with guess, [0.35385618].
2024-03-14 21:33:33,014 - INFO - Finished optimization with guess, [0.35385618].
2024-03-14 21:33:33,016 - INFO - Best fit parameters: [0.35385618].
2024-03-14 21:33:34,652 - INFO - Maximum log composite likelihood: -3373.0125724921363.
2024-03-14 21:33:34,652 - INFO - Optimal value of theta: 13730.497820218265.
2024-03-14 21:33:34,652 - INFO - Beginning optimization with guess, [0.61348818].
2024-03-14 21:34:20,901 - INFO - Finished optimization with guess, [0.61348818].
2024-03-14 21:34:20,902 - INFO - Best fit parameters: [0.61348818].
2024-03-14 21:34:22,821 - INFO - Maximum log composite likelihood: -3373.0125724921363.
2024-03-14 21:34:22,821 - INFO - Optimal value of theta: 13730.497820218265.
2024-03-14 21:34:22,821 - INFO - Beginning optimization with guess, [1.18913263].
2024-03-14 21:35:04,577 - INFO - Finished optimization with guess, [1.18913263].
2024-03-14 21:35:04,578 - INFO - Best fit parameters: [1.18913263].
2024-03-14 21:35:06,487 - INFO - Maximum log composite likelihood: -3373.0125724921363.
2024-03-14 21:35:06,487 - INFO - Optimal value of theta: 13730.497820218265.
2024-03-14 21:35:06,487 - INFO - Beginning optimization with guess, [0.55291244].
2024-03-14 21:36:00,575 - INFO - Finished optimization with guess, [0.55291244].
2024-03-14 21:36:00,576 - INFO - Best fit parameters: [0.55291244].
2024-03-14 21:36:02,409 - INFO - Maximum log composite likelihood: -3373.0125724921363.
2024-03-14 21:36:02,409 - INFO - Optimal value of theta: 13730.497820218265.
2024-03-14 21:36:02,409 - INFO - Beginning optimization with guess, [1.01593698].
2024-03-14 21:36:21,120 - INFO - Finished optimization with guess, [1.01593698].
2024-03-14 21:36:21,121 - INFO - Best fit parameters: [1.01593698].
2024-03-14 21:36:22,823 - INFO - Maximum log composite likelihood: -3373.0125724921363.
2024-03-14 21:36:22,823 - INFO - Optimal value of theta: 13730.497820218265.
2024-03-14 21:36:22,823 - INFO - Beginning optimization with guess, [0.87871237].
2024-03-14 21:37:02,534 - INFO - Finished optimization with guess, [0.87871237].
2024-03-14 21:37:02,535 - INFO - Best fit parameters: [0.87871237].
2024-03-14 21:37:04,191 - INFO - Maximum log composite likelihood: -3373.0125724921363.
2024-03-14 21:37:04,191 - INFO - Optimal value of theta: 13730.497820218265.
2024-03-14 21:37:04,191 - INFO - Beginning optimization with guess, [1.95636106].
2024-03-14 21:37:55,118 - INFO - Finished optimization with guess, [1.95636106].
2024-03-14 21:37:55,119 - INFO - Best fit parameters: [1.95636106].
2024-03-14 21:37:56,974 - INFO - Maximum log composite likelihood: -3373.0125724921363.
2024-03-14 21:37:56,975 - INFO - Optimal value of theta: 13730.497820218265.
2024-03-14 21:37:56,975 - INFO - Beginning optimization with guess, [0.79546313].
2024-03-14 21:38:40,782 - INFO - Finished optimization with guess, [0.79546313].
2024-03-14 21:38:40,784 - INFO - Best fit parameters: [0.79546313].
2024-03-14 21:38:42,667 - INFO - Maximum log composite likelihood: -3373.0125724921363.
2024-03-14 21:38:42,667 - INFO - Optimal value of theta: 13730.497820218265.
2024-03-14 21:38:42,667 - INFO - Beginning optimization with guess, [2.9495809].
2024-03-14 21:39:43,529 - INFO - Finished optimization with guess, [2.9495809].
2024-03-14 21:39:43,530 - INFO - Best fit parameters: [2.9495809].
2024-03-14 21:39:45,441 - INFO - Maximum log composite likelihood: -3373.0125724921363.
2024-03-14 21:39:45,441 - INFO - Optimal value of theta: 13730.497820218265.
2024-03-14 21:39:45,441 - INFO - Beginning optimization with guess, [1.08449105].
2024-03-14 21:40:23,380 - INFO - Finished optimization with guess, [1.08449105].
2024-03-14 21:40:23,381 - INFO - Best fit parameters: [1.08449105].
2024-03-14 21:40:25,238 - INFO - Maximum log composite likelihood: -3373.0125724921363.
2024-03-14 21:40:25,238 - INFO - Optimal value of theta: 13730.497820218265.
2024-03-14 21:40:25,238 - INFO - Beginning optimization with guess, [1.98418771].
2024-03-14 21:41:20,340 - INFO - Finished optimization with guess, [1.98418771].
2024-03-14 21:41:20,341 - INFO - Best fit parameters: [1.98418771].
2024-03-14 21:41:22,254 - INFO - Maximum log composite likelihood: -3373.0125724921363.
2024-03-14 21:41:22,255 - INFO - Optimal value of theta: 13730.497820218265.
2024-03-14 21:41:22,255 - INFO - Beginning optimization with guess, [1.48210381].
2024-03-14 21:42:11,212 - INFO - Finished optimization with guess, [1.48210381].
2024-03-14 21:42:11,213 - INFO - Best fit parameters: [1.48210381].
2024-03-14 21:42:13,053 - INFO - Maximum log composite likelihood: -3373.0125724921363.
2024-03-14 21:42:13,053 - INFO - Optimal value of theta: 13730.497820218265.
2024-03-14 21:42:13,054 - INFO - Beginning optimization with guess, [1.59420932].
2024-03-14 21:43:02,478 - INFO - Finished optimization with guess, [1.59420932].
2024-03-14 21:43:02,479 - INFO - Best fit parameters: [1.59420932].
2024-03-14 21:43:04,392 - INFO - Maximum log composite likelihood: -3373.0125724921363.
2024-03-14 21:43:04,393 - INFO - Optimal value of theta: 13730.497820218265.
2024-03-14 21:43:04,393 - INFO - Beginning optimization with guess, [4.71140288].
2024-03-14 21:44:05,458 - INFO - Finished optimization with guess, [4.71140288].
2024-03-14 21:44:05,460 - INFO - Best fit parameters: [4.71140288].
2024-03-14 21:44:07,371 - INFO - Maximum log composite likelihood: -3373.0125724921363.
2024-03-14 21:44:07,371 - INFO - Optimal value of theta: 13730.497820218265.
2024-03-14 21:44:07,371 - INFO - Beginning optimization with guess, [1.87721708].
2024-03-14 21:45:03,923 - INFO - Finished optimization with guess, [1.87721708].
2024-03-14 21:45:03,924 - INFO - Best fit parameters: [1.87721708].
2024-03-14 21:45:05,897 - INFO - Maximum log composite likelihood: -3373.0125724921363.
2024-03-14 21:45:05,897 - INFO - Optimal value of theta: 13730.497820218265.
2024-03-14 21:45:05,898 - INFO - Beginning optimization with guess, [2.22319513].
2024-03-14 21:46:02,152 - INFO - Finished optimization with guess, [2.22319513].
2024-03-14 21:46:02,153 - INFO - Best fit parameters: [2.22319513].
2024-03-14 21:46:04,091 - INFO - Maximum log composite likelihood: -3373.0125724921363.
2024-03-14 21:46:04,091 - INFO - Optimal value of theta: 13730.497820218265.
2024-03-14 21:46:04,092 - INFO - Beginning optimization with guess, [2.24537824].
2024-03-14 21:46:59,969 - INFO - Finished optimization with guess, [2.24537824].
2024-03-14 21:46:59,971 - INFO - Best fit parameters: [2.24537824].
2024-03-14 21:47:01,899 - INFO - Maximum log composite likelihood: -3373.0125724921363.
2024-03-14 21:47:01,899 - INFO - Optimal value of theta: 13730.497820218265.
2024-03-14 21:47:01,899 - INFO - Beginning optimization with guess, [6.94393659].
2024-03-14 21:47:59,886 - INFO - Finished optimization with guess, [6.94393659].
2024-03-14 21:47:59,887 - INFO - Best fit parameters: [6.94393659].
2024-03-14 21:48:01,886 - INFO - Maximum log composite likelihood: -3373.0125724921363.
2024-03-14 21:48:01,887 - INFO - Optimal value of theta: 13730.497820218265.
2024-03-14 21:48:01,887 - INFO - Beginning optimization with guess, [9.66495195].
2024-03-14 21:49:06,126 - INFO - Finished optimization with guess, [9.66495195].
2024-03-14 21:49:06,127 - INFO - Best fit parameters: [9.66495195].
2024-03-14 21:49:07,775 - INFO - Maximum log composite likelihood: -3373.0125724921363.
2024-03-14 21:49:07,775 - INFO - Optimal value of theta: 13730.497820218265.
2024-03-14 21:49:07,775 - INFO - Beginning optimization with guess, [4.49774149].
2024-03-14 21:50:05,263 - INFO - Finished optimization with guess, [4.49774149].
2024-03-14 21:50:05,264 - INFO - Best fit parameters: [4.49774149].
2024-03-14 21:50:06,924 - INFO - Maximum log composite likelihood: -3373.0125724921363.
2024-03-14 21:50:06,924 - INFO - Optimal value of theta: 13730.497820218265.
2024-03-14 21:50:06,924 - INFO - Beginning optimization with guess, [11.59443225].
2024-03-14 21:51:11,426 - INFO - Finished optimization with guess, [11.59443225].
2024-03-14 21:51:11,427 - INFO - Best fit parameters: [11.59443225].
2024-03-14 21:51:13,336 - INFO - Maximum log composite likelihood: -3373.0125724921363.
2024-03-14 21:51:13,336 - INFO - Optimal value of theta: 13730.497820218265.
2024-03-14 21:51:13,337 - INFO - Beginning optimization with guess, [14.08884317].
2024-03-14 21:52:20,563 - INFO - Finished optimization with guess, [14.08884317].
2024-03-14 21:52:20,564 - INFO - Best fit parameters: [14.08884317].
2024-03-14 21:52:22,383 - INFO - Maximum log composite likelihood: -3373.0125724921363.
2024-03-14 21:52:22,383 - INFO - Optimal value of theta: 13730.497820218265.
2024-03-14 21:52:22,391 - INFO - Finished demographic inference.
2024-03-14 21:52:22,391 - INFO - Pipeline executed succesfully.
