2025-08-01 02:34:14,048 - INFO - Beginning execution of fit_demographic_model.py in directory /u/project/kirk/jonmah/sample_size_demography/Scripts

2025-08-01 02:34:14,048 - INFO - Progress is being logged to ../Analysis/dadi_3EpB_670/log.log

2025-08-01 02:34:14,049 - INFO - Parsed the following arguments:
	syn_input_sfs = ../Simulations/dadi_simulations/ThreeEpochBottleneck_670.sfs
	mask_singletons = False
	mask_doubletons = False
	L_syn = 100000000.0
	outprefix = ../Analysis/dadi_3EpB_670/

2025-08-01 02:34:14,066 - INFO - Beginning demographic inference for one-epoch demographic model.
2025-08-01 02:34:14,067 - INFO - Beginning optimization with guess, [0.1].
2025-08-01 02:35:20,865 - INFO - Finished optimization with guess, [0.1].
2025-08-01 02:35:20,866 - INFO - Best fit parameters: [0.1].
2025-08-01 02:35:22,843 - INFO - Maximum log composite likelihood: -79207.20622630039.
2025-08-01 02:35:22,844 - INFO - Optimal value of theta: 33993.86899591945.
2025-08-01 02:35:22,844 - INFO - Beginning optimization with guess, [0.2].
2025-08-01 02:36:23,058 - INFO - Finished optimization with guess, [0.2].
2025-08-01 02:36:23,060 - INFO - Best fit parameters: [0.2].
2025-08-01 02:36:24,922 - INFO - Maximum log composite likelihood: -79207.20622630039.
2025-08-01 02:36:24,922 - INFO - Optimal value of theta: 33993.86899591945.
2025-08-01 02:36:24,923 - INFO - Beginning optimization with guess, [0.3].
2025-08-01 02:37:26,956 - INFO - Finished optimization with guess, [0.3].
2025-08-01 02:37:26,958 - INFO - Best fit parameters: [0.3].
2025-08-01 02:37:28,987 - INFO - Maximum log composite likelihood: -79207.20622630039.
2025-08-01 02:37:28,987 - INFO - Optimal value of theta: 33993.86899591945.
2025-08-01 02:37:28,988 - INFO - Beginning optimization with guess, [0.4].
2025-08-01 02:38:24,535 - INFO - Finished optimization with guess, [0.4].
2025-08-01 02:38:24,536 - INFO - Best fit parameters: [0.4].
2025-08-01 02:38:26,817 - INFO - Maximum log composite likelihood: -79207.20622630039.
2025-08-01 02:38:26,817 - INFO - Optimal value of theta: 33993.86899591945.
2025-08-01 02:38:26,817 - INFO - Beginning optimization with guess, [0.5].
2025-08-01 02:39:25,297 - INFO - Finished optimization with guess, [0.5].
2025-08-01 02:39:25,300 - INFO - Best fit parameters: [0.5].
2025-08-01 02:39:27,286 - INFO - Maximum log composite likelihood: -79207.20622630039.
2025-08-01 02:39:27,286 - INFO - Optimal value of theta: 33993.86899591945.
2025-08-01 02:39:27,287 - INFO - Beginning optimization with guess, [0.6].
2025-08-01 02:40:17,362 - INFO - Finished optimization with guess, [0.6].
2025-08-01 02:40:17,364 - INFO - Best fit parameters: [0.6].
2025-08-01 02:40:19,348 - INFO - Maximum log composite likelihood: -79207.20622630039.
2025-08-01 02:40:19,348 - INFO - Optimal value of theta: 33993.86899591945.
2025-08-01 02:40:19,348 - INFO - Beginning optimization with guess, [0.7].
2025-08-01 02:41:08,731 - INFO - Finished optimization with guess, [0.7].
2025-08-01 02:41:08,732 - INFO - Best fit parameters: [0.7].
2025-08-01 02:41:10,869 - INFO - Maximum log composite likelihood: -79207.20622630039.
2025-08-01 02:41:10,869 - INFO - Optimal value of theta: 33993.86899591945.
2025-08-01 02:41:10,870 - INFO - Beginning optimization with guess, [0.8].
2025-08-01 02:41:56,190 - INFO - Finished optimization with guess, [0.8].
2025-08-01 02:41:56,191 - INFO - Best fit parameters: [0.8].
2025-08-01 02:41:58,424 - INFO - Maximum log composite likelihood: -79207.20622630039.
2025-08-01 02:41:58,424 - INFO - Optimal value of theta: 33993.86899591945.
2025-08-01 02:41:58,424 - INFO - Beginning optimization with guess, [0.9].
2025-08-01 02:42:36,349 - INFO - Finished optimization with guess, [0.9].
2025-08-01 02:42:36,350 - INFO - Best fit parameters: [0.9].
2025-08-01 02:42:38,216 - INFO - Maximum log composite likelihood: -79207.20622630039.
2025-08-01 02:42:38,216 - INFO - Optimal value of theta: 33993.86899591945.
2025-08-01 02:42:38,216 - INFO - Beginning optimization with guess, [1].
2025-08-01 02:42:53,363 - INFO - Finished optimization with guess, [1].
2025-08-01 02:42:53,364 - INFO - Best fit parameters: [1.].
2025-08-01 02:42:55,228 - INFO - Maximum log composite likelihood: -79207.20622630039.
2025-08-01 02:42:55,229 - INFO - Optimal value of theta: 33993.86899591945.
2025-08-01 02:42:55,229 - INFO - Beginning optimization with guess, [1.25].
2025-08-01 02:43:38,404 - INFO - Finished optimization with guess, [1.25].
2025-08-01 02:43:38,405 - INFO - Best fit parameters: [1.25].
2025-08-01 02:43:40,278 - INFO - Maximum log composite likelihood: -79207.20622630039.
2025-08-01 02:43:40,279 - INFO - Optimal value of theta: 33993.86899591945.
2025-08-01 02:43:40,279 - INFO - Beginning optimization with guess, [1.5].
2025-08-01 02:44:29,038 - INFO - Finished optimization with guess, [1.5].
2025-08-01 02:44:29,038 - INFO - Best fit parameters: [1.5].
2025-08-01 02:44:30,905 - INFO - Maximum log composite likelihood: -79207.20622630039.
2025-08-01 02:44:30,905 - INFO - Optimal value of theta: 33993.86899591945.
2025-08-01 02:44:30,905 - INFO - Beginning optimization with guess, [1.75].
2025-08-01 02:45:25,309 - INFO - Finished optimization with guess, [1.75].
2025-08-01 02:45:25,310 - INFO - Best fit parameters: [1.75].
2025-08-01 02:45:27,175 - INFO - Maximum log composite likelihood: -79207.20622630039.
2025-08-01 02:45:27,175 - INFO - Optimal value of theta: 33993.86899591945.
2025-08-01 02:45:27,175 - INFO - Beginning optimization with guess, [2].
2025-08-01 02:46:21,727 - INFO - Finished optimization with guess, [2].
2025-08-01 02:46:21,728 - INFO - Best fit parameters: [2.].
2025-08-01 02:46:23,713 - INFO - Maximum log composite likelihood: -79207.20622630039.
2025-08-01 02:46:23,713 - INFO - Optimal value of theta: 33993.86899591945.
2025-08-01 02:46:23,713 - INFO - Beginning optimization with guess, [2.25].
2025-08-01 02:47:18,193 - INFO - Finished optimization with guess, [2.25].
2025-08-01 02:47:18,194 - INFO - Best fit parameters: [2.25].
2025-08-01 02:47:20,168 - INFO - Maximum log composite likelihood: -79207.20622630039.
2025-08-01 02:47:20,168 - INFO - Optimal value of theta: 33993.86899591945.
2025-08-01 02:47:20,168 - INFO - Beginning optimization with guess, [2.5].
2025-08-01 02:48:14,653 - INFO - Finished optimization with guess, [2.5].
2025-08-01 02:48:14,654 - INFO - Best fit parameters: [2.5].
2025-08-01 02:48:16,520 - INFO - Maximum log composite likelihood: -79207.20622630039.
2025-08-01 02:48:16,520 - INFO - Optimal value of theta: 33993.86899591945.
2025-08-01 02:48:16,520 - INFO - Beginning optimization with guess, [2.75].
2025-08-01 02:49:11,360 - INFO - Finished optimization with guess, [2.75].
2025-08-01 02:49:11,361 - INFO - Best fit parameters: [2.75].
2025-08-01 02:49:13,226 - INFO - Maximum log composite likelihood: -79207.20622630039.
2025-08-01 02:49:13,226 - INFO - Optimal value of theta: 33993.86899591945.
2025-08-01 02:49:13,226 - INFO - Beginning optimization with guess, [3].
2025-08-01 02:50:13,386 - INFO - Finished optimization with guess, [3].
2025-08-01 02:50:13,387 - INFO - Best fit parameters: [3.].
2025-08-01 02:50:15,303 - INFO - Maximum log composite likelihood: -79207.20622630039.
2025-08-01 02:50:15,303 - INFO - Optimal value of theta: 33993.86899591945.
2025-08-01 02:50:15,303 - INFO - Beginning optimization with guess, [3.33].
2025-08-01 02:51:15,708 - INFO - Finished optimization with guess, [3.33].
2025-08-01 02:51:15,709 - INFO - Best fit parameters: [3.33].
2025-08-01 02:51:17,617 - INFO - Maximum log composite likelihood: -79207.20622630039.
2025-08-01 02:51:17,618 - INFO - Optimal value of theta: 33993.86899591945.
2025-08-01 02:51:17,618 - INFO - Beginning optimization with guess, [3.66].
2025-08-01 02:52:18,277 - INFO - Finished optimization with guess, [3.66].
2025-08-01 02:52:18,278 - INFO - Best fit parameters: [3.66].
2025-08-01 02:52:20,144 - INFO - Maximum log composite likelihood: -79207.20622630039.
2025-08-01 02:52:20,144 - INFO - Optimal value of theta: 33993.86899591945.
2025-08-01 02:52:20,144 - INFO - Beginning optimization with guess, [4].
2025-08-01 02:53:20,500 - INFO - Finished optimization with guess, [4].
2025-08-01 02:53:20,501 - INFO - Best fit parameters: [4.].
2025-08-01 02:53:22,364 - INFO - Maximum log composite likelihood: -79207.20622630039.
2025-08-01 02:53:22,365 - INFO - Optimal value of theta: 33993.86899591945.
2025-08-01 02:53:22,365 - INFO - Beginning optimization with guess, [5].
2025-08-01 02:54:22,384 - INFO - Finished optimization with guess, [5].
2025-08-01 02:54:22,385 - INFO - Best fit parameters: [5.].
2025-08-01 02:54:24,248 - INFO - Maximum log composite likelihood: -79207.20622630039.
2025-08-01 02:54:24,248 - INFO - Optimal value of theta: 33993.86899591945.
2025-08-01 02:54:24,248 - INFO - Beginning optimization with guess, [6].
2025-08-01 02:55:24,373 - INFO - Finished optimization with guess, [6].
2025-08-01 02:55:24,374 - INFO - Best fit parameters: [6.].
2025-08-01 02:55:26,238 - INFO - Maximum log composite likelihood: -79207.20622630039.
2025-08-01 02:55:26,238 - INFO - Optimal value of theta: 33993.86899591945.
2025-08-01 02:55:26,238 - INFO - Beginning optimization with guess, [7].
2025-08-01 02:56:26,560 - INFO - Finished optimization with guess, [7].
2025-08-01 02:56:26,561 - INFO - Best fit parameters: [7.].
2025-08-01 02:56:28,426 - INFO - Maximum log composite likelihood: -79207.20622630039.
2025-08-01 02:56:28,426 - INFO - Optimal value of theta: 33993.86899591945.
2025-08-01 02:56:28,426 - INFO - Beginning optimization with guess, [8].
2025-08-01 02:57:34,704 - INFO - Finished optimization with guess, [8].
2025-08-01 02:57:34,706 - INFO - Best fit parameters: [8.].
2025-08-01 02:57:36,588 - INFO - Maximum log composite likelihood: -79207.20622630039.
2025-08-01 02:57:36,588 - INFO - Optimal value of theta: 33993.86899591945.
2025-08-01 02:57:36,593 - INFO - Converting and interpreting Tau estimates.
2025-08-01 02:57:36,594 - INFO - Beginning demographic inference for three-epoch demographic model.
2025-08-01 02:57:36,597 - INFO - Beginning optimization with guess, [0.01, 0.01, 0.1, 0.1].
2025-08-01 02:59:19,081 - INFO - Finished optimization with guess, [0.01, 0.01, 0.1, 0.1].
2025-08-01 02:59:19,083 - INFO - Best fit parameters: [0.00446578 0.05937059 0.07567307 0.08967177].
2025-08-01 02:59:21,373 - INFO - Maximum log composite likelihood: -77370.34381962586.
2025-08-01 02:59:21,373 - INFO - Optimal value of theta: 626793.7528215555.
2025-08-01 02:59:21,373 - INFO - Beginning optimization with guess, [0.1, 0.1, 0.1, 0.1].
2025-08-01 03:00:52,805 - INFO - Finished optimization with guess, [0.1, 0.1, 0.1, 0.1].
2025-08-01 03:00:52,806 - INFO - Best fit parameters: [0.07281514 0.28815167 0.11724091 0.01385506].
2025-08-01 03:00:54,710 - INFO - Maximum log composite likelihood: -55767.972556000626.
2025-08-01 03:00:54,710 - INFO - Optimal value of theta: 145851.0084380826.
2025-08-01 03:00:54,710 - INFO - Beginning optimization with guess, [0.5, 0.5, 0.1, 0.1].
2025-08-01 03:02:17,702 - INFO - Finished optimization with guess, [0.5, 0.5, 0.1, 0.1].
2025-08-01 03:02:17,703 - INFO - Best fit parameters: [0.11167095 8.2822372  0.06850404 0.01414823].
2025-08-01 03:02:19,583 - INFO - Maximum log composite likelihood: -2117.6368514721316.
2025-08-01 03:02:19,583 - INFO - Optimal value of theta: 43561.63629587926.
2025-08-01 03:02:19,583 - INFO - Beginning optimization with guess, [1, 1, 0.1, 0.1].
2025-08-01 03:03:41,294 - INFO - Finished optimization with guess, [1, 1, 0.1, 0.1].
2025-08-01 03:03:41,295 - INFO - Best fit parameters: [9.33819023e-01 1.09948534e+00 2.88975103e-05 1.17402339e-02].
2025-08-01 03:03:43,163 - INFO - Maximum log composite likelihood: -74638.41693576351.
2025-08-01 03:03:43,164 - INFO - Optimal value of theta: 33328.23123774762.
2025-08-01 03:03:43,164 - INFO - Beginning optimization with guess, [3, 3, 0.1, 0.1].
2025-08-01 03:05:08,461 - INFO - Finished optimization with guess, [3, 3, 0.1, 0.1].
2025-08-01 03:05:08,463 - INFO - Best fit parameters: [0.30809169 9.4266975  0.07086562 0.01989464].
2025-08-01 03:05:10,447 - INFO - Maximum log composite likelihood: -3919.3961977596277.
2025-08-01 03:05:10,447 - INFO - Optimal value of theta: 28980.17745888863.
2025-08-01 03:05:10,447 - INFO - Beginning optimization with guess, [5, 5, 0.1, 0.1].
2025-08-01 03:06:29,915 - INFO - Finished optimization with guess, [5, 5, 0.1, 0.1].
2025-08-01 03:06:29,916 - INFO - Best fit parameters: [ 0.16349268 12.63443336  0.02635927  0.01585862].
2025-08-01 03:06:31,788 - INFO - Maximum log composite likelihood: -4481.641137310821.
2025-08-01 03:06:31,788 - INFO - Optimal value of theta: 31471.3512518754.
2025-08-01 03:06:31,788 - INFO - Beginning optimization with guess, [7, 7, 0.1, 0.1].
2025-08-01 03:07:50,926 - INFO - Finished optimization with guess, [7, 7, 0.1, 0.1].
2025-08-01 03:07:50,927 - INFO - Best fit parameters: [1.09481539e-01 1.20021410e+01 9.83037328e-03 1.57603869e-02].
2025-08-01 03:07:52,793 - INFO - Maximum log composite likelihood: -7715.158782153866.
2025-08-01 03:07:52,793 - INFO - Optimal value of theta: 30451.25867188397.
2025-08-01 03:07:52,793 - INFO - Beginning optimization with guess, [8, 8, 0.1, 0.1].
2025-08-01 03:09:15,579 - INFO - Finished optimization with guess, [8, 8, 0.1, 0.1].
2025-08-01 03:09:15,580 - INFO - Best fit parameters: [1.12380083e-01 1.41505218e+01 1.07236400e-02 1.89529076e-02].
2025-08-01 03:09:17,446 - INFO - Maximum log composite likelihood: -5861.75297286451.
2025-08-01 03:09:17,446 - INFO - Optimal value of theta: 27876.825966439275.
2025-08-01 03:09:17,446 - INFO - Beginning optimization with guess, [9, 9, 0.1, 0.1].
2025-08-01 03:10:42,538 - INFO - Finished optimization with guess, [9, 9, 0.1, 0.1].
2025-08-01 03:10:42,539 - INFO - Best fit parameters: [ 0.19134764 14.50956926  0.01638911  0.01771215].
2025-08-01 03:10:44,520 - INFO - Maximum log composite likelihood: -6988.057915065314.
2025-08-01 03:10:44,520 - INFO - Optimal value of theta: 27487.579792608703.
2025-08-01 03:10:44,521 - INFO - Beginning optimization with guess, [10, 10, 0.1, 0.1].
2025-08-01 03:12:10,680 - INFO - Finished optimization with guess, [10, 10, 0.1, 0.1].
2025-08-01 03:12:10,684 - INFO - Best fit parameters: [1.04880510e-01 1.63672206e+01 1.12354927e-02 1.82602614e-02].
2025-08-01 03:12:12,555 - INFO - Maximum log composite likelihood: -6381.402792455959.
2025-08-01 03:12:12,555 - INFO - Optimal value of theta: 28257.569883603803.
2025-08-01 03:12:12,555 - INFO - Beginning optimization with guess, [12.5, 12.5, 0.1, 0.1].
2025-08-01 03:13:39,149 - INFO - Finished optimization with guess, [12.5, 12.5, 0.1, 0.1].
2025-08-01 03:13:39,150 - INFO - Best fit parameters: [1.07157564e-01 1.73363916e+01 1.15239782e-02 1.89560479e-02].
2025-08-01 03:13:41,127 - INFO - Maximum log composite likelihood: -6487.405049705479.
2025-08-01 03:13:41,128 - INFO - Optimal value of theta: 27598.372309166323.
2025-08-01 03:13:41,128 - INFO - Beginning optimization with guess, [15, 15, 0.1, 0.1].
2025-08-01 03:15:07,004 - INFO - Finished optimization with guess, [15, 15, 0.1, 0.1].
2025-08-01 03:15:07,005 - INFO - Best fit parameters: [1.69899985e-01 1.97009952e+01 2.03526876e-02 1.72520607e-02].
2025-08-01 03:15:08,871 - INFO - Maximum log composite likelihood: -7190.60331842143.
2025-08-01 03:15:08,871 - INFO - Optimal value of theta: 28005.692217038475.
2025-08-01 03:15:08,871 - INFO - Beginning optimization with guess, [17.5, 17.5, 0.1, 0.1].
2025-08-01 03:16:26,469 - INFO - Finished optimization with guess, [17.5, 17.5, 0.1, 0.1].
2025-08-01 03:16:26,470 - INFO - Best fit parameters: [2.15688311e-01 2.56611679e+01 2.31786828e-02 1.43415483e-02].
2025-08-01 03:16:28,337 - INFO - Maximum log composite likelihood: -10703.331081591945.
2025-08-01 03:16:28,337 - INFO - Optimal value of theta: 28865.050107290463.
2025-08-01 03:16:28,337 - INFO - Beginning optimization with guess, [20, 20, 0.1, 0.1].
2025-08-01 03:17:51,853 - INFO - Finished optimization with guess, [20, 20, 0.1, 0.1].
2025-08-01 03:17:51,854 - INFO - Best fit parameters: [5.95149780e-01 3.19340401e+01 3.03533313e-02 2.18099301e-02].
2025-08-01 03:17:53,721 - INFO - Maximum log composite likelihood: -12660.041120683636.
2025-08-01 03:17:53,721 - INFO - Optimal value of theta: 20209.853346217777.
2025-08-01 03:17:53,721 - INFO - Beginning optimization with guess, [22.5, 22.5, 0.1, 0.1].
2025-08-01 03:19:14,709 - INFO - Finished optimization with guess, [22.5, 22.5, 0.1, 0.1].
2025-08-01 03:19:14,710 - INFO - Best fit parameters: [2.67911300e-01 2.58598410e+01 1.43259673e-02 1.94035968e-02].
2025-08-01 03:19:16,585 - INFO - Maximum log composite likelihood: -10801.09553739472.
2025-08-01 03:19:16,585 - INFO - Optimal value of theta: 23503.598323647147.
2025-08-01 03:19:16,585 - INFO - Beginning optimization with guess, [25, 25, 0.1, 0.1].
2025-08-01 03:20:33,996 - INFO - Finished optimization with guess, [25, 25, 0.1, 0.1].
2025-08-01 03:20:33,997 - INFO - Best fit parameters: [2.50871988e-01 1.71544675e+01 1.56533763e-02 1.86856389e-02].
2025-08-01 03:20:35,867 - INFO - Maximum log composite likelihood: -8610.890855091435.
2025-08-01 03:20:35,867 - INFO - Optimal value of theta: 25238.6866155944.
2025-08-01 03:20:35,867 - INFO - Beginning optimization with guess, [27.5, 27.5, 0.1, 0.1].
2025-08-01 03:21:53,535 - INFO - Finished optimization with guess, [27.5, 27.5, 0.1, 0.1].
2025-08-01 03:21:53,536 - INFO - Best fit parameters: [2.40807544e-01 1.86606544e+01 1.56533763e-02 1.86856389e-02].
2025-08-01 03:21:55,404 - INFO - Maximum log composite likelihood: -8655.585187923287.
2025-08-01 03:21:55,404 - INFO - Optimal value of theta: 25172.919466389038.
2025-08-01 03:21:55,405 - INFO - Beginning optimization with guess, [30, 30, 0.1, 0.1].
2025-08-01 03:23:17,912 - INFO - Finished optimization with guess, [30, 30, 0.1, 0.1].
2025-08-01 03:23:17,913 - INFO - Best fit parameters: [4.32823710e-01 3.10455060e+01 1.63237422e-02 1.60708276e-02].
2025-08-01 03:23:19,779 - INFO - Maximum log composite likelihood: -13663.535105550629.
2025-08-01 03:23:19,779 - INFO - Optimal value of theta: 23556.96731192931.
2025-08-01 03:23:19,779 - INFO - Beginning optimization with guess, [33.3, 33.3, 0.1, 0.1].
2025-08-01 03:24:38,772 - INFO - Finished optimization with guess, [33.3, 33.3, 0.1, 0.1].
2025-08-01 03:24:38,773 - INFO - Best fit parameters: [2.96889877e+00 2.98052041e+01 2.21475901e-02 7.59046400e-03].
2025-08-01 03:24:40,639 - INFO - Maximum log composite likelihood: -18633.42118771096.
2025-08-01 03:24:40,639 - INFO - Optimal value of theta: 20930.244770890888.
2025-08-01 03:24:40,639 - INFO - Beginning optimization with guess, [36.6, 36.6, 0.1, 0.1].
2025-08-01 03:25:57,782 - INFO - Finished optimization with guess, [36.6, 36.6, 0.1, 0.1].
2025-08-01 03:25:57,783 - INFO - Best fit parameters: [5.93216190e+00 1.75027235e+01 7.71384687e-03 1.73144097e-02].
2025-08-01 03:25:59,647 - INFO - Maximum log composite likelihood: -15025.123279745985.
2025-08-01 03:25:59,647 - INFO - Optimal value of theta: 18951.68378143115.
2025-08-01 03:25:59,647 - INFO - Beginning optimization with guess, [40, 40, 0.1, 0.1].
2025-08-01 03:27:16,846 - INFO - Finished optimization with guess, [40, 40, 0.1, 0.1].
2025-08-01 03:27:16,847 - INFO - Best fit parameters: [6.19857743e+00 1.87836190e+01 7.71384687e-03 1.73144097e-02].
2025-08-01 03:27:18,760 - INFO - Maximum log composite likelihood: -14933.458486416024.
2025-08-01 03:27:18,760 - INFO - Optimal value of theta: 18789.074991802554.
2025-08-01 03:27:18,760 - INFO - Beginning optimization with guess, [50, 50, 0.1, 0.1].
2025-08-01 03:28:38,164 - INFO - Finished optimization with guess, [50, 50, 0.1, 0.1].
2025-08-01 03:28:38,165 - INFO - Best fit parameters: [5.07271048e+00 3.26633929e+01 1.07635478e-02 1.54157988e-02].
2025-08-01 03:28:40,151 - INFO - Maximum log composite likelihood: -15331.338280436526.
2025-08-01 03:28:40,152 - INFO - Optimal value of theta: 18230.373604500037.
2025-08-01 03:28:40,152 - INFO - Beginning optimization with guess, [60, 60, 0.1, 0.1].
2025-08-01 03:29:59,233 - INFO - Finished optimization with guess, [60, 60, 0.1, 0.1].
2025-08-01 03:29:59,234 - INFO - Best fit parameters: [2.99129686e+00 2.53782592e+01 1.40701567e-02 1.28048059e-02].
2025-08-01 03:30:01,098 - INFO - Maximum log composite likelihood: -15719.201928189586.
2025-08-01 03:30:01,098 - INFO - Optimal value of theta: 19755.3278654784.
2025-08-01 03:30:01,098 - INFO - Beginning optimization with guess, [70, 70, 0.1, 0.1].
2025-08-01 03:31:21,102 - INFO - Finished optimization with guess, [70, 70, 0.1, 0.1].
2025-08-01 03:31:21,103 - INFO - Best fit parameters: [5.82195667 9.56886223 0.01591453 0.01553487].
2025-08-01 03:31:22,968 - INFO - Maximum log composite likelihood: -18927.126312604272.
2025-08-01 03:31:22,968 - INFO - Optimal value of theta: 19292.721897034295.
2025-08-01 03:31:22,968 - INFO - Beginning optimization with guess, [80, 80, 0.1, 0.1].
2025-08-01 03:32:44,117 - INFO - Finished optimization with guess, [80, 80, 0.1, 0.1].
2025-08-01 03:32:44,120 - INFO - Best fit parameters: [ 6.15340217 10.27280431  0.01591453  0.01553487].
2025-08-01 03:32:45,987 - INFO - Maximum log composite likelihood: -18387.757854024934.
2025-08-01 03:32:45,987 - INFO - Optimal value of theta: 19038.081426122902.
2025-08-01 03:32:45,991 - INFO - Converting and interpreting Tau estimates.
2025-08-01 03:32:45,993 - INFO - Finished demographic inference.
2025-08-01 03:32:45,993 - INFO - Pipeline executed succesfully.
