2024-03-15 20:01:14,481 - INFO - Beginning execution of fit_demographic_model.py in directory /u/project/kirk/jonmah/sample_size_demography/Scripts

2024-03-15 20:01:14,482 - INFO - Progress is being logged to ../Analysis/TwoEpochContraction_430/log.log

2024-03-15 20:01:14,482 - INFO - Parsed the following arguments:
	syn_input_sfs = ../Analysis/TwoEpochContraction_430/syn_downsampled_sfs.txt
	mask_singletons = False
	mask_doubletons = False
	outprefix = ../Analysis/TwoEpochContraction_430/

2024-03-15 20:01:14,498 - INFO - Beginning demographic inference for one-epoch demographic model.
2024-03-15 20:01:14,500 - INFO - Beginning optimization with guess, [0.09613911].
2024-03-15 20:01:53,924 - INFO - Finished optimization with guess, [0.09613911].
2024-03-15 20:01:53,926 - INFO - Best fit parameters: [0.09613911].
2024-03-15 20:01:55,016 - INFO - Maximum log composite likelihood: -2847.547969051394.
2024-03-15 20:01:55,016 - INFO - Optimal value of theta: 8520.478370528595.
2024-03-15 20:01:55,016 - INFO - Beginning optimization with guess, [0.13877233].
2024-03-15 20:02:32,574 - INFO - Finished optimization with guess, [0.13877233].
2024-03-15 20:02:32,576 - INFO - Best fit parameters: [0.13877233].
2024-03-15 20:02:33,880 - INFO - Maximum log composite likelihood: -2847.547969051394.
2024-03-15 20:02:33,880 - INFO - Optimal value of theta: 8520.478370528595.
2024-03-15 20:02:33,881 - INFO - Beginning optimization with guess, [0.58490575].
2024-03-15 20:03:09,174 - INFO - Finished optimization with guess, [0.58490575].
2024-03-15 20:03:09,175 - INFO - Best fit parameters: [0.58490575].
2024-03-15 20:03:10,339 - INFO - Maximum log composite likelihood: -2847.547969051394.
2024-03-15 20:03:10,339 - INFO - Optimal value of theta: 8520.478370528595.
2024-03-15 20:03:10,339 - INFO - Beginning optimization with guess, [0.78485207].
2024-03-15 20:03:36,838 - INFO - Finished optimization with guess, [0.78485207].
2024-03-15 20:03:36,839 - INFO - Best fit parameters: [0.78485207].
2024-03-15 20:03:37,933 - INFO - Maximum log composite likelihood: -2847.547969051394.
2024-03-15 20:03:37,933 - INFO - Optimal value of theta: 8520.478370528595.
2024-03-15 20:03:37,933 - INFO - Beginning optimization with guess, [0.85892523].
2024-03-15 20:04:04,252 - INFO - Finished optimization with guess, [0.85892523].
2024-03-15 20:04:04,253 - INFO - Best fit parameters: [0.85892523].
2024-03-15 20:04:05,415 - INFO - Maximum log composite likelihood: -2847.547969051394.
2024-03-15 20:04:05,415 - INFO - Optimal value of theta: 8520.478370528595.
2024-03-15 20:04:05,416 - INFO - Beginning optimization with guess, [0.75150825].
2024-03-15 20:04:36,440 - INFO - Finished optimization with guess, [0.75150825].
2024-03-15 20:04:36,442 - INFO - Best fit parameters: [0.75150825].
2024-03-15 20:04:37,636 - INFO - Maximum log composite likelihood: -2847.547969051394.
2024-03-15 20:04:37,636 - INFO - Optimal value of theta: 8520.478370528595.
2024-03-15 20:04:37,637 - INFO - Beginning optimization with guess, [1.35354736].
2024-03-15 20:05:08,094 - INFO - Finished optimization with guess, [1.35354736].
2024-03-15 20:05:08,095 - INFO - Best fit parameters: [1.35354736].
2024-03-15 20:05:09,181 - INFO - Maximum log composite likelihood: -2847.547969051394.
2024-03-15 20:05:09,181 - INFO - Optimal value of theta: 8520.478370528595.
2024-03-15 20:05:09,181 - INFO - Beginning optimization with guess, [0.42958714].
2024-03-15 20:05:41,284 - INFO - Finished optimization with guess, [0.42958714].
2024-03-15 20:05:41,285 - INFO - Best fit parameters: [0.42958714].
2024-03-15 20:05:42,451 - INFO - Maximum log composite likelihood: -2847.547969051394.
2024-03-15 20:05:42,452 - INFO - Optimal value of theta: 8520.478370528595.
2024-03-15 20:05:42,452 - INFO - Beginning optimization with guess, [0.66828281].
2024-03-15 20:06:12,563 - INFO - Finished optimization with guess, [0.66828281].
2024-03-15 20:06:12,564 - INFO - Best fit parameters: [0.66828281].
2024-03-15 20:06:13,785 - INFO - Maximum log composite likelihood: -2847.547969051394.
2024-03-15 20:06:13,785 - INFO - Optimal value of theta: 8520.478370528595.
2024-03-15 20:06:13,785 - INFO - Beginning optimization with guess, [1.09742737].
2024-03-15 20:06:37,916 - INFO - Finished optimization with guess, [1.09742737].
2024-03-15 20:06:37,917 - INFO - Best fit parameters: [1.09742737].
2024-03-15 20:06:39,128 - INFO - Maximum log composite likelihood: -2847.547969051394.
2024-03-15 20:06:39,128 - INFO - Optimal value of theta: 8520.478370528595.
2024-03-15 20:06:39,129 - INFO - Beginning optimization with guess, [2.07026137].
2024-03-15 20:07:14,229 - INFO - Finished optimization with guess, [2.07026137].
2024-03-15 20:07:14,231 - INFO - Best fit parameters: [2.07026137].
2024-03-15 20:07:15,441 - INFO - Maximum log composite likelihood: -2847.547969051394.
2024-03-15 20:07:15,441 - INFO - Optimal value of theta: 8520.478370528595.
2024-03-15 20:07:15,441 - INFO - Beginning optimization with guess, [1.12733606].
2024-03-15 20:07:39,692 - INFO - Finished optimization with guess, [1.12733606].
2024-03-15 20:07:39,694 - INFO - Best fit parameters: [1.12733606].
2024-03-15 20:07:40,906 - INFO - Maximum log composite likelihood: -2847.547969051394.
2024-03-15 20:07:40,906 - INFO - Optimal value of theta: 8520.478370528595.
2024-03-15 20:07:40,907 - INFO - Beginning optimization with guess, [1.45459212].
2024-03-15 20:08:12,583 - INFO - Finished optimization with guess, [1.45459212].
2024-03-15 20:08:12,584 - INFO - Best fit parameters: [1.45459212].
2024-03-15 20:08:13,791 - INFO - Maximum log composite likelihood: -2847.547969051394.
2024-03-15 20:08:13,791 - INFO - Optimal value of theta: 8520.478370528595.
2024-03-15 20:08:13,791 - INFO - Beginning optimization with guess, [1.36711946].
2024-03-15 20:08:45,508 - INFO - Finished optimization with guess, [1.36711946].
2024-03-15 20:08:45,509 - INFO - Best fit parameters: [1.36711946].
2024-03-15 20:08:46,760 - INFO - Maximum log composite likelihood: -2847.547969051394.
2024-03-15 20:08:46,760 - INFO - Optimal value of theta: 8520.478370528595.
2024-03-15 20:08:46,761 - INFO - Beginning optimization with guess, [2.70369548].
2024-03-15 20:09:21,635 - INFO - Finished optimization with guess, [2.70369548].
2024-03-15 20:09:21,636 - INFO - Best fit parameters: [2.70369548].
2024-03-15 20:09:22,846 - INFO - Maximum log composite likelihood: -2847.547969051394.
2024-03-15 20:09:22,846 - INFO - Optimal value of theta: 8520.478370528595.
2024-03-15 20:09:22,847 - INFO - Beginning optimization with guess, [1.25477345].
2024-03-15 20:09:50,184 - INFO - Finished optimization with guess, [1.25477345].
2024-03-15 20:09:50,185 - INFO - Best fit parameters: [1.25477345].
2024-03-15 20:09:51,399 - INFO - Maximum log composite likelihood: -2847.547969051394.
2024-03-15 20:09:51,399 - INFO - Optimal value of theta: 8520.478370528595.
2024-03-15 20:09:51,400 - INFO - Beginning optimization with guess, [4.98781921].
2024-03-15 20:10:28,125 - INFO - Finished optimization with guess, [4.98781921].
2024-03-15 20:10:28,126 - INFO - Best fit parameters: [4.98781921].
2024-03-15 20:10:29,301 - INFO - Maximum log composite likelihood: -2847.547969051394.
2024-03-15 20:10:29,301 - INFO - Optimal value of theta: 8520.478370528595.
2024-03-15 20:10:29,301 - INFO - Beginning optimization with guess, [2.57903224].
2024-03-15 20:11:01,558 - INFO - Finished optimization with guess, [2.57903224].
2024-03-15 20:11:01,559 - INFO - Best fit parameters: [2.57903224].
2024-03-15 20:11:02,685 - INFO - Maximum log composite likelihood: -2847.547969051394.
2024-03-15 20:11:02,685 - INFO - Optimal value of theta: 8520.478370528595.
2024-03-15 20:11:02,685 - INFO - Beginning optimization with guess, [4.1258707].
2024-03-15 20:11:40,015 - INFO - Finished optimization with guess, [4.1258707].
2024-03-15 20:11:40,017 - INFO - Best fit parameters: [4.1258707].
2024-03-15 20:11:41,133 - INFO - Maximum log composite likelihood: -2847.547969051394.
2024-03-15 20:11:41,133 - INFO - Optimal value of theta: 8520.478370528595.
2024-03-15 20:11:41,134 - INFO - Beginning optimization with guess, [4.28218981].
2024-03-15 20:12:17,559 - INFO - Finished optimization with guess, [4.28218981].
2024-03-15 20:12:17,560 - INFO - Best fit parameters: [4.28218981].
2024-03-15 20:12:18,734 - INFO - Maximum log composite likelihood: -2847.547969051394.
2024-03-15 20:12:18,734 - INFO - Optimal value of theta: 8520.478370528595.
2024-03-15 20:12:18,735 - INFO - Beginning optimization with guess, [2.77129796].
2024-03-15 20:12:51,400 - INFO - Finished optimization with guess, [2.77129796].
2024-03-15 20:12:51,401 - INFO - Best fit parameters: [2.77129796].
2024-03-15 20:12:52,520 - INFO - Maximum log composite likelihood: -2847.547969051394.
2024-03-15 20:12:52,521 - INFO - Optimal value of theta: 8520.478370528595.
2024-03-15 20:12:52,521 - INFO - Beginning optimization with guess, [7.1252159].
2024-03-15 20:13:29,957 - INFO - Finished optimization with guess, [7.1252159].
2024-03-15 20:13:29,958 - INFO - Best fit parameters: [7.1252159].
2024-03-15 20:13:31,156 - INFO - Maximum log composite likelihood: -2847.547969051394.
2024-03-15 20:13:31,156 - INFO - Optimal value of theta: 8520.478370528595.
2024-03-15 20:13:31,156 - INFO - Beginning optimization with guess, [9.6089182].
2024-03-15 20:14:11,407 - INFO - Finished optimization with guess, [9.6089182].
2024-03-15 20:14:11,408 - INFO - Best fit parameters: [9.6089182].
2024-03-15 20:14:12,571 - INFO - Maximum log composite likelihood: -2847.547969051394.
2024-03-15 20:14:12,571 - INFO - Optimal value of theta: 8520.478370528595.
2024-03-15 20:14:12,572 - INFO - Beginning optimization with guess, [5.60765954].
2024-03-15 20:14:49,829 - INFO - Finished optimization with guess, [5.60765954].
2024-03-15 20:14:49,830 - INFO - Best fit parameters: [5.60765954].
2024-03-15 20:14:51,048 - INFO - Maximum log composite likelihood: -2847.547969051394.
2024-03-15 20:14:51,049 - INFO - Optimal value of theta: 8520.478370528595.
2024-03-15 20:14:51,049 - INFO - Beginning optimization with guess, [15.69328264].
2024-03-15 20:15:30,844 - INFO - Finished optimization with guess, [15.69328264].
2024-03-15 20:15:30,845 - INFO - Best fit parameters: [15.69328264].
2024-03-15 20:15:32,059 - INFO - Maximum log composite likelihood: -2847.547969051394.
2024-03-15 20:15:32,060 - INFO - Optimal value of theta: 8520.478370528595.
2024-03-15 20:15:32,065 - INFO - Finished demographic inference.
2024-03-15 20:15:32,065 - INFO - Pipeline executed succesfully.
