2024-03-14 22:52:46,140 - INFO - Beginning execution of fit_demographic_model.py in directory /u/project/kirk/jonmah/sample_size_demography/Scripts

2024-03-14 22:52:46,141 - INFO - Progress is being logged to ../Analysis/ThreeEpochBottleneck_720/log.log

2024-03-14 22:52:46,141 - INFO - Parsed the following arguments:
	syn_input_sfs = ../Analysis/ThreeEpochExpansion_720/syn_downsampled_sfs.txt
	mask_singletons = False
	mask_doubletons = False
	outprefix = ../Analysis/ThreeEpochBottleneck_720/

2024-03-14 22:52:46,148 - INFO - Beginning demographic inference for one-epoch demographic model.
2024-03-14 22:52:46,149 - INFO - Beginning optimization with guess, [0.13522104].
2024-03-14 22:53:44,404 - INFO - Finished optimization with guess, [0.13522104].
2024-03-14 22:53:44,405 - INFO - Best fit parameters: [0.13522104].
2024-03-14 22:53:46,230 - INFO - Maximum log composite likelihood: -12152.777959379728.
2024-03-14 22:53:46,231 - INFO - Optimal value of theta: 18990.45691670883.
2024-03-14 22:53:46,231 - INFO - Beginning optimization with guess, [0.29765386].
2024-03-14 22:54:47,306 - INFO - Finished optimization with guess, [0.29765386].
2024-03-14 22:54:47,307 - INFO - Best fit parameters: [0.29765386].
2024-03-14 22:54:49,206 - INFO - Maximum log composite likelihood: -12152.777959379728.
2024-03-14 22:54:49,207 - INFO - Optimal value of theta: 18990.45691670883.
2024-03-14 22:54:49,207 - INFO - Beginning optimization with guess, [0.44674676].
2024-03-14 22:55:44,568 - INFO - Finished optimization with guess, [0.44674676].
2024-03-14 22:55:44,569 - INFO - Best fit parameters: [0.44674676].
2024-03-14 22:55:46,442 - INFO - Maximum log composite likelihood: -12152.777959379728.
2024-03-14 22:55:46,442 - INFO - Optimal value of theta: 18990.45691670883.
2024-03-14 22:55:46,443 - INFO - Beginning optimization with guess, [0.23552452].
2024-03-14 22:56:46,940 - INFO - Finished optimization with guess, [0.23552452].
2024-03-14 22:56:46,941 - INFO - Best fit parameters: [0.23552452].
2024-03-14 22:56:48,772 - INFO - Maximum log composite likelihood: -12152.777959379728.
2024-03-14 22:56:48,772 - INFO - Optimal value of theta: 18990.45691670883.
2024-03-14 22:56:48,772 - INFO - Beginning optimization with guess, [0.5989057].
2024-03-14 22:57:41,642 - INFO - Finished optimization with guess, [0.5989057].
2024-03-14 22:57:41,643 - INFO - Best fit parameters: [0.5989057].
2024-03-14 22:57:43,429 - INFO - Maximum log composite likelihood: -12152.777959379728.
2024-03-14 22:57:43,429 - INFO - Optimal value of theta: 18990.45691670883.
2024-03-14 22:57:43,429 - INFO - Beginning optimization with guess, [1.14503331].
2024-03-14 22:58:24,722 - INFO - Finished optimization with guess, [1.14503331].
2024-03-14 22:58:24,723 - INFO - Best fit parameters: [1.14503331].
2024-03-14 22:58:26,507 - INFO - Maximum log composite likelihood: -12152.777959379728.
2024-03-14 22:58:26,507 - INFO - Optimal value of theta: 18990.45691670883.
2024-03-14 22:58:26,508 - INFO - Beginning optimization with guess, [1.35420796].
2024-03-14 22:59:14,445 - INFO - Finished optimization with guess, [1.35420796].
2024-03-14 22:59:14,447 - INFO - Best fit parameters: [1.35420796].
2024-03-14 22:59:16,207 - INFO - Maximum log composite likelihood: -12152.777959379728.
2024-03-14 22:59:16,207 - INFO - Optimal value of theta: 18990.45691670883.
2024-03-14 22:59:16,208 - INFO - Beginning optimization with guess, [0.83166418].
2024-03-14 23:00:02,220 - INFO - Finished optimization with guess, [0.83166418].
2024-03-14 23:00:02,220 - INFO - Best fit parameters: [0.83166418].
2024-03-14 23:00:04,204 - INFO - Maximum log composite likelihood: -12152.777959379728.
2024-03-14 23:00:04,205 - INFO - Optimal value of theta: 18990.45691670883.
2024-03-14 23:00:04,205 - INFO - Beginning optimization with guess, [1.01473781].
2024-03-14 23:00:26,907 - INFO - Finished optimization with guess, [1.01473781].
2024-03-14 23:00:26,908 - INFO - Best fit parameters: [1.01473781].
2024-03-14 23:00:28,992 - INFO - Maximum log composite likelihood: -12152.777959379728.
2024-03-14 23:00:28,992 - INFO - Optimal value of theta: 18990.45691670883.
2024-03-14 23:00:28,993 - INFO - Beginning optimization with guess, [0.73501951].
2024-03-14 23:01:20,200 - INFO - Finished optimization with guess, [0.73501951].
2024-03-14 23:01:20,202 - INFO - Best fit parameters: [0.73501951].
2024-03-14 23:01:22,286 - INFO - Maximum log composite likelihood: -12152.777959379728.
2024-03-14 23:01:22,286 - INFO - Optimal value of theta: 18990.45691670883.
2024-03-14 23:01:22,286 - INFO - Beginning optimization with guess, [1.02762381].
2024-03-14 23:01:49,602 - INFO - Finished optimization with guess, [1.02762381].
2024-03-14 23:01:49,603 - INFO - Best fit parameters: [1.02762381].
2024-03-14 23:01:51,531 - INFO - Maximum log composite likelihood: -12152.777959379728.
2024-03-14 23:01:51,531 - INFO - Optimal value of theta: 18990.45691670883.
2024-03-14 23:01:51,531 - INFO - Beginning optimization with guess, [0.91461215].
2024-03-14 23:02:31,552 - INFO - Finished optimization with guess, [0.91461215].
2024-03-14 23:02:31,554 - INFO - Best fit parameters: [0.91461215].
2024-03-14 23:02:33,499 - INFO - Maximum log composite likelihood: -12152.777959379728.
2024-03-14 23:02:33,500 - INFO - Optimal value of theta: 18990.45691670883.
2024-03-14 23:02:33,500 - INFO - Beginning optimization with guess, [1.65795825].
2024-03-14 23:03:22,771 - INFO - Finished optimization with guess, [1.65795825].
2024-03-14 23:03:22,772 - INFO - Best fit parameters: [1.65795825].
2024-03-14 23:03:24,816 - INFO - Maximum log composite likelihood: -12152.777959379728.
2024-03-14 23:03:24,816 - INFO - Optimal value of theta: 18990.45691670883.
2024-03-14 23:03:24,816 - INFO - Beginning optimization with guess, [1.16343198].
2024-03-14 23:04:07,853 - INFO - Finished optimization with guess, [1.16343198].
2024-03-14 23:04:07,854 - INFO - Best fit parameters: [1.16343198].
2024-03-14 23:04:09,967 - INFO - Maximum log composite likelihood: -12152.777959379728.
2024-03-14 23:04:09,968 - INFO - Optimal value of theta: 18990.45691670883.
2024-03-14 23:04:09,969 - INFO - Beginning optimization with guess, [1.40468736].
2024-03-14 23:04:58,986 - INFO - Finished optimization with guess, [1.40468736].
2024-03-14 23:04:58,987 - INFO - Best fit parameters: [1.40468736].
2024-03-14 23:05:00,822 - INFO - Maximum log composite likelihood: -12152.777959379728.
2024-03-14 23:05:00,822 - INFO - Optimal value of theta: 18990.45691670883.
2024-03-14 23:05:00,822 - INFO - Beginning optimization with guess, [2.48983963].
2024-03-14 23:05:56,569 - INFO - Finished optimization with guess, [2.48983963].
2024-03-14 23:05:56,571 - INFO - Best fit parameters: [2.48983963].
2024-03-14 23:05:58,735 - INFO - Maximum log composite likelihood: -12152.777959379728.
2024-03-14 23:05:58,735 - INFO - Optimal value of theta: 18990.45691670883.
2024-03-14 23:05:58,735 - INFO - Beginning optimization with guess, [3.82400118].
2024-03-14 23:07:02,031 - INFO - Finished optimization with guess, [3.82400118].
2024-03-14 23:07:02,032 - INFO - Best fit parameters: [3.82400118].
2024-03-14 23:07:04,012 - INFO - Maximum log composite likelihood: -12152.777959379728.
2024-03-14 23:07:04,012 - INFO - Optimal value of theta: 18990.45691670883.
2024-03-14 23:07:04,012 - INFO - Beginning optimization with guess, [2.86642535].
2024-03-14 23:08:09,013 - INFO - Finished optimization with guess, [2.86642535].
2024-03-14 23:08:09,014 - INFO - Best fit parameters: [2.86642535].
2024-03-14 23:08:11,175 - INFO - Maximum log composite likelihood: -12152.777959379728.
2024-03-14 23:08:11,175 - INFO - Optimal value of theta: 18990.45691670883.
2024-03-14 23:08:11,175 - INFO - Beginning optimization with guess, [5.18274914].
2024-03-14 23:09:13,317 - INFO - Finished optimization with guess, [5.18274914].
2024-03-14 23:09:13,318 - INFO - Best fit parameters: [5.18274914].
2024-03-14 23:09:15,345 - INFO - Maximum log composite likelihood: -12152.777959379728.
2024-03-14 23:09:15,345 - INFO - Optimal value of theta: 18990.45691670883.
2024-03-14 23:09:15,345 - INFO - Beginning optimization with guess, [2.20963501].
2024-03-14 23:10:08,762 - INFO - Finished optimization with guess, [2.20963501].
2024-03-14 23:10:08,763 - INFO - Best fit parameters: [2.20963501].
2024-03-14 23:10:10,333 - INFO - Maximum log composite likelihood: -12152.777959379728.
2024-03-14 23:10:10,333 - INFO - Optimal value of theta: 18990.45691670883.
2024-03-14 23:10:10,334 - INFO - Beginning optimization with guess, [2.04407768].
2024-03-14 23:11:06,190 - INFO - Finished optimization with guess, [2.04407768].
2024-03-14 23:11:06,192 - INFO - Best fit parameters: [2.04407768].
2024-03-14 23:11:08,392 - INFO - Maximum log composite likelihood: -12152.777959379728.
2024-03-14 23:11:08,392 - INFO - Optimal value of theta: 18990.45691670883.
2024-03-14 23:11:08,392 - INFO - Beginning optimization with guess, [6.24546279].
2024-03-14 23:12:13,647 - INFO - Finished optimization with guess, [6.24546279].
2024-03-14 23:12:13,649 - INFO - Best fit parameters: [6.24546279].
2024-03-14 23:12:15,549 - INFO - Maximum log composite likelihood: -12152.777959379728.
2024-03-14 23:12:15,549 - INFO - Optimal value of theta: 18990.45691670883.
2024-03-14 23:12:15,549 - INFO - Beginning optimization with guess, [3.21036461].
2024-03-14 23:13:19,968 - INFO - Finished optimization with guess, [3.21036461].
2024-03-14 23:13:19,970 - INFO - Best fit parameters: [3.21036461].
2024-03-14 23:13:22,057 - INFO - Maximum log composite likelihood: -12152.777959379728.
2024-03-14 23:13:22,058 - INFO - Optimal value of theta: 18990.45691670883.
2024-03-14 23:13:22,058 - INFO - Beginning optimization with guess, [8.173913].
2024-03-14 23:14:28,213 - INFO - Finished optimization with guess, [8.173913].
2024-03-14 23:14:28,214 - INFO - Best fit parameters: [8.173913].
2024-03-14 23:14:30,038 - INFO - Maximum log composite likelihood: -12152.777959379728.
2024-03-14 23:14:30,039 - INFO - Optimal value of theta: 18990.45691670883.
2024-03-14 23:14:30,039 - INFO - Beginning optimization with guess, [6.65477708].
2024-03-14 23:15:30,381 - INFO - Finished optimization with guess, [6.65477708].
2024-03-14 23:15:30,383 - INFO - Best fit parameters: [6.65477708].
2024-03-14 23:15:32,315 - INFO - Maximum log composite likelihood: -12152.777959379728.
2024-03-14 23:15:32,315 - INFO - Optimal value of theta: 18990.45691670883.
2024-03-14 23:15:32,322 - INFO - Finished demographic inference.
2024-03-14 23:15:32,322 - INFO - Pipeline executed succesfully.
