2024-03-14 22:25:14,614 - INFO - Beginning execution of fit_demographic_model.py in directory /u/project/kirk/jonmah/sample_size_demography/Scripts

2024-03-14 22:25:14,614 - INFO - Progress is being logged to ../Analysis/ThreeEpochBottleneck_140/log.log

2024-03-14 22:25:14,614 - INFO - Parsed the following arguments:
	syn_input_sfs = ../Analysis/ThreeEpochExpansion_140/syn_downsampled_sfs.txt
	mask_singletons = False
	mask_doubletons = False
	outprefix = ../Analysis/ThreeEpochBottleneck_140/

2024-03-14 22:25:14,616 - INFO - Beginning demographic inference for one-epoch demographic model.
2024-03-14 22:25:14,617 - INFO - Beginning optimization with guess, [0.19834044].
2024-03-14 22:25:31,934 - INFO - Finished optimization with guess, [0.19834044].
2024-03-14 22:25:31,935 - INFO - Best fit parameters: [0.19834044].
2024-03-14 22:25:32,553 - INFO - Maximum log composite likelihood: -4051.999476700955.
2024-03-14 22:25:32,553 - INFO - Optimal value of theta: 15912.839148241752.
2024-03-14 22:25:32,554 - INFO - Beginning optimization with guess, [0.19462798].
2024-03-14 22:25:47,965 - INFO - Finished optimization with guess, [0.19462798].
2024-03-14 22:25:47,966 - INFO - Best fit parameters: [0.19462798].
2024-03-14 22:25:48,435 - INFO - Maximum log composite likelihood: -4051.999476700955.
2024-03-14 22:25:48,435 - INFO - Optimal value of theta: 15912.839148241752.
2024-03-14 22:25:48,435 - INFO - Beginning optimization with guess, [0.2460813].
2024-03-14 22:26:12,317 - INFO - Finished optimization with guess, [0.2460813].
2024-03-14 22:26:12,328 - INFO - Best fit parameters: [0.2460813].
2024-03-14 22:26:13,425 - INFO - Maximum log composite likelihood: -4051.999476700955.
2024-03-14 22:26:13,425 - INFO - Optimal value of theta: 15912.839148241752.
2024-03-14 22:26:13,426 - INFO - Beginning optimization with guess, [0.27969915].
2024-03-14 22:26:59,807 - INFO - Finished optimization with guess, [0.27969915].
2024-03-14 22:26:59,823 - INFO - Best fit parameters: [0.27969915].
2024-03-14 22:27:01,306 - INFO - Maximum log composite likelihood: -4051.999476700955.
2024-03-14 22:27:01,306 - INFO - Optimal value of theta: 15912.839148241752.
2024-03-14 22:27:01,307 - INFO - Beginning optimization with guess, [0.99126226].
2024-03-14 22:27:16,571 - INFO - Finished optimization with guess, [0.99126226].
2024-03-14 22:27:16,584 - INFO - Best fit parameters: [0.99126226].
2024-03-14 22:27:17,800 - INFO - Maximum log composite likelihood: -4051.999476700955.
2024-03-14 22:27:17,800 - INFO - Optimal value of theta: 15912.839148241752.
2024-03-14 22:27:17,801 - INFO - Beginning optimization with guess, [0.34805202].
2024-03-14 22:28:02,646 - INFO - Finished optimization with guess, [0.34805202].
2024-03-14 22:28:02,657 - INFO - Best fit parameters: [0.34805202].
2024-03-14 22:28:04,230 - INFO - Maximum log composite likelihood: -4051.999476700955.
2024-03-14 22:28:04,230 - INFO - Optimal value of theta: 15912.839148241752.
2024-03-14 22:28:04,230 - INFO - Beginning optimization with guess, [1.04818447].
2024-03-14 22:28:29,986 - INFO - Finished optimization with guess, [1.04818447].
2024-03-14 22:28:29,988 - INFO - Best fit parameters: [1.04818447].
2024-03-14 22:28:31,678 - INFO - Maximum log composite likelihood: -4051.999476700955.
2024-03-14 22:28:31,678 - INFO - Optimal value of theta: 15912.839148241752.
2024-03-14 22:28:31,678 - INFO - Beginning optimization with guess, [0.45206333].
2024-03-14 22:29:12,634 - INFO - Finished optimization with guess, [0.45206333].
2024-03-14 22:29:12,634 - INFO - Best fit parameters: [0.45206333].
2024-03-14 22:29:14,061 - INFO - Maximum log composite likelihood: -4051.999476700955.
2024-03-14 22:29:14,061 - INFO - Optimal value of theta: 15912.839148241752.
2024-03-14 22:29:14,062 - INFO - Beginning optimization with guess, [0.61107205].
2024-03-14 22:29:44,933 - INFO - Finished optimization with guess, [0.61107205].
2024-03-14 22:29:44,938 - INFO - Best fit parameters: [0.61107205].
2024-03-14 22:29:46,428 - INFO - Maximum log composite likelihood: -4051.999476700955.
2024-03-14 22:29:46,443 - INFO - Optimal value of theta: 15912.839148241752.
2024-03-14 22:29:46,443 - INFO - Beginning optimization with guess, [0.63237898].
2024-03-14 22:30:49,757 - INFO - Finished optimization with guess, [0.63237898].
2024-03-14 22:30:49,763 - INFO - Best fit parameters: [0.63237898].
2024-03-14 22:30:52,314 - INFO - Maximum log composite likelihood: -4051.999476700955.
2024-03-14 22:30:52,315 - INFO - Optimal value of theta: 15912.839148241752.
2024-03-14 22:30:52,315 - INFO - Beginning optimization with guess, [1.17529918].
2024-03-14 22:31:34,552 - INFO - Finished optimization with guess, [1.17529918].
2024-03-14 22:31:34,562 - INFO - Best fit parameters: [1.17529918].
2024-03-14 22:31:36,283 - INFO - Maximum log composite likelihood: -4051.999476700955.
2024-03-14 22:31:36,283 - INFO - Optimal value of theta: 15912.839148241752.
2024-03-14 22:31:36,308 - INFO - Beginning optimization with guess, [1.61891859].
2024-03-14 22:32:15,898 - INFO - Finished optimization with guess, [1.61891859].
2024-03-14 22:32:15,903 - INFO - Best fit parameters: [1.61891859].
2024-03-14 22:32:17,010 - INFO - Maximum log composite likelihood: -4051.999476700955.
2024-03-14 22:32:17,010 - INFO - Optimal value of theta: 15912.839148241752.
2024-03-14 22:32:17,010 - INFO - Beginning optimization with guess, [1.75985003].
2024-03-14 22:32:55,738 - INFO - Finished optimization with guess, [1.75985003].
2024-03-14 22:32:55,758 - INFO - Best fit parameters: [1.75985003].
2024-03-14 22:32:57,298 - INFO - Maximum log composite likelihood: -4051.999476700955.
2024-03-14 22:32:57,298 - INFO - Optimal value of theta: 15912.839148241752.
2024-03-14 22:32:57,299 - INFO - Beginning optimization with guess, [2.44808754].
2024-03-14 22:33:41,283 - INFO - Finished optimization with guess, [2.44808754].
2024-03-14 22:33:41,291 - INFO - Best fit parameters: [2.44808754].
2024-03-14 22:33:42,731 - INFO - Maximum log composite likelihood: -4051.999476700955.
2024-03-14 22:33:42,731 - INFO - Optimal value of theta: 15912.839148241752.
2024-03-14 22:33:42,732 - INFO - Beginning optimization with guess, [3.39455208].
2024-03-14 22:34:58,705 - INFO - Finished optimization with guess, [3.39455208].
2024-03-14 22:34:58,731 - INFO - Best fit parameters: [3.39455208].
2024-03-14 22:35:01,863 - INFO - Maximum log composite likelihood: -4051.999476700955.
2024-03-14 22:35:01,864 - INFO - Optimal value of theta: 15912.839148241752.
2024-03-14 22:35:01,864 - INFO - Beginning optimization with guess, [1.47055449].
2024-03-14 22:36:19,733 - INFO - Finished optimization with guess, [1.47055449].
2024-03-14 22:36:19,742 - INFO - Best fit parameters: [1.47055449].
2024-03-14 22:36:22,631 - INFO - Maximum log composite likelihood: -4051.999476700955.
2024-03-14 22:36:22,631 - INFO - Optimal value of theta: 15912.839148241752.
2024-03-14 22:36:22,631 - INFO - Beginning optimization with guess, [5.27586127].
2024-03-14 22:37:28,392 - INFO - Finished optimization with guess, [5.27586127].
2024-03-14 22:37:28,408 - INFO - Best fit parameters: [5.27586127].
2024-03-14 22:37:29,696 - INFO - Maximum log composite likelihood: -4051.999476700955.
2024-03-14 22:37:29,696 - INFO - Optimal value of theta: 15912.839148241752.
2024-03-14 22:37:29,696 - INFO - Beginning optimization with guess, [2.97585919].
2024-03-14 22:38:16,120 - INFO - Finished optimization with guess, [2.97585919].
2024-03-14 22:38:16,137 - INFO - Best fit parameters: [2.97585919].
2024-03-14 22:38:17,705 - INFO - Maximum log composite likelihood: -4051.999476700955.
2024-03-14 22:38:17,705 - INFO - Optimal value of theta: 15912.839148241752.
2024-03-14 22:38:17,705 - INFO - Beginning optimization with guess, [2.25794591].
2024-03-14 22:39:01,109 - INFO - Finished optimization with guess, [2.25794591].
2024-03-14 22:39:01,134 - INFO - Best fit parameters: [2.25794591].
2024-03-14 22:39:02,830 - INFO - Maximum log composite likelihood: -4051.999476700955.
2024-03-14 22:39:02,830 - INFO - Optimal value of theta: 15912.839148241752.
2024-03-14 22:39:02,830 - INFO - Beginning optimization with guess, [4.1477725].
2024-03-14 22:39:49,150 - INFO - Finished optimization with guess, [4.1477725].
2024-03-14 22:39:49,175 - INFO - Best fit parameters: [4.1477725].
2024-03-14 22:39:52,357 - INFO - Maximum log composite likelihood: -4051.999476700955.
2024-03-14 22:39:52,358 - INFO - Optimal value of theta: 15912.839148241752.
2024-03-14 22:39:52,358 - INFO - Beginning optimization with guess, [3.55473424].
2024-03-14 22:41:09,721 - INFO - Finished optimization with guess, [3.55473424].
2024-03-14 22:41:09,743 - INFO - Best fit parameters: [3.55473424].
2024-03-14 22:41:11,188 - INFO - Maximum log composite likelihood: -4051.999476700955.
2024-03-14 22:41:11,188 - INFO - Optimal value of theta: 15912.839148241752.
2024-03-14 22:41:11,188 - INFO - Beginning optimization with guess, [5.84978502].
2024-03-14 22:42:01,218 - INFO - Finished optimization with guess, [5.84978502].
2024-03-14 22:42:01,228 - INFO - Best fit parameters: [5.84978502].
2024-03-14 22:42:02,738 - INFO - Maximum log composite likelihood: -4051.999476700955.
2024-03-14 22:42:02,738 - INFO - Optimal value of theta: 15912.839148241752.
2024-03-14 22:42:02,738 - INFO - Beginning optimization with guess, [3.07539846].
2024-03-14 22:42:47,717 - INFO - Finished optimization with guess, [3.07539846].
2024-03-14 22:42:47,737 - INFO - Best fit parameters: [3.07539846].
2024-03-14 22:42:48,962 - INFO - Maximum log composite likelihood: -4051.999476700955.
2024-03-14 22:42:48,962 - INFO - Optimal value of theta: 15912.839148241752.
2024-03-14 22:42:48,963 - INFO - Beginning optimization with guess, [12.09060384].
2024-03-14 22:43:40,156 - INFO - Finished optimization with guess, [12.09060384].
2024-03-14 22:43:40,173 - INFO - Best fit parameters: [12.09060384].
2024-03-14 22:43:41,666 - INFO - Maximum log composite likelihood: -4051.999476700955.
2024-03-14 22:43:41,667 - INFO - Optimal value of theta: 15912.839148241752.
2024-03-14 22:43:41,667 - INFO - Beginning optimization with guess, [4.19207788].
2024-03-14 22:44:52,924 - INFO - Finished optimization with guess, [4.19207788].
2024-03-14 22:44:52,941 - INFO - Best fit parameters: [4.19207788].
2024-03-14 22:44:55,119 - INFO - Maximum log composite likelihood: -4051.999476700955.
2024-03-14 22:44:55,119 - INFO - Optimal value of theta: 15912.839148241752.
2024-03-14 22:44:55,146 - INFO - Finished demographic inference.
2024-03-14 22:44:55,146 - INFO - Pipeline executed succesfully.
