2024-03-14 21:08:36,095 - INFO - Beginning execution of fit_demographic_model.py in directory /u/project/kirk/jonmah/sample_size_demography/Scripts

2024-03-14 21:08:36,095 - INFO - Progress is being logged to ../Analysis/TwoEpochExpansion_510/log.log

2024-03-14 21:08:36,096 - INFO - Parsed the following arguments:
	syn_input_sfs = ../Analysis/TwoEpochExpansion_510/syn_downsampled_sfs.txt
	mask_singletons = False
	mask_doubletons = False
	outprefix = ../Analysis/TwoEpochExpansion_510/

2024-03-14 21:08:36,118 - INFO - Beginning demographic inference for one-epoch demographic model.
2024-03-14 21:08:36,120 - INFO - Beginning optimization with guess, [0.18026792].
2024-03-14 21:09:26,710 - INFO - Finished optimization with guess, [0.18026792].
2024-03-14 21:09:26,717 - INFO - Best fit parameters: [0.18026792].
2024-03-14 21:09:28,449 - INFO - Maximum log composite likelihood: -2381.30929132309.
2024-03-14 21:09:28,449 - INFO - Optimal value of theta: 13389.642912849948.
2024-03-14 21:09:28,449 - INFO - Beginning optimization with guess, [0.29353513].
2024-03-14 21:10:01,507 - INFO - Finished optimization with guess, [0.29353513].
2024-03-14 21:10:01,509 - INFO - Best fit parameters: [0.29353513].
2024-03-14 21:10:02,480 - INFO - Maximum log composite likelihood: -2381.30929132309.
2024-03-14 21:10:02,480 - INFO - Optimal value of theta: 13389.642912849948.
2024-03-14 21:10:02,480 - INFO - Beginning optimization with guess, [0.25635538].
2024-03-14 21:10:33,474 - INFO - Finished optimization with guess, [0.25635538].
2024-03-14 21:10:33,475 - INFO - Best fit parameters: [0.25635538].
2024-03-14 21:10:34,445 - INFO - Maximum log composite likelihood: -2381.30929132309.
2024-03-14 21:10:34,445 - INFO - Optimal value of theta: 13389.642912849948.
2024-03-14 21:10:34,445 - INFO - Beginning optimization with guess, [0.76421191].
2024-03-14 21:10:59,598 - INFO - Finished optimization with guess, [0.76421191].
2024-03-14 21:10:59,600 - INFO - Best fit parameters: [0.76421191].
2024-03-14 21:11:00,568 - INFO - Maximum log composite likelihood: -2381.30929132309.
2024-03-14 21:11:00,569 - INFO - Optimal value of theta: 13389.642912849948.
2024-03-14 21:11:00,569 - INFO - Beginning optimization with guess, [0.33893813].
2024-03-14 21:11:31,538 - INFO - Finished optimization with guess, [0.33893813].
2024-03-14 21:11:31,539 - INFO - Best fit parameters: [0.33893813].
2024-03-14 21:11:32,508 - INFO - Maximum log composite likelihood: -2381.30929132309.
2024-03-14 21:11:32,508 - INFO - Optimal value of theta: 13389.642912849948.
2024-03-14 21:11:32,508 - INFO - Beginning optimization with guess, [0.61284131].
2024-03-14 21:11:57,675 - INFO - Finished optimization with guess, [0.61284131].
2024-03-14 21:11:57,675 - INFO - Best fit parameters: [0.61284131].
2024-03-14 21:11:58,644 - INFO - Maximum log composite likelihood: -2381.30929132309.
2024-03-14 21:11:58,644 - INFO - Optimal value of theta: 13389.642912849948.
2024-03-14 21:11:58,645 - INFO - Beginning optimization with guess, [0.50005448].
2024-03-14 21:12:26,714 - INFO - Finished optimization with guess, [0.50005448].
2024-03-14 21:12:26,715 - INFO - Best fit parameters: [0.50005448].
2024-03-14 21:12:27,684 - INFO - Maximum log composite likelihood: -2381.30929132309.
2024-03-14 21:12:27,684 - INFO - Optimal value of theta: 13389.642912849948.
2024-03-14 21:12:27,685 - INFO - Beginning optimization with guess, [1.00722024].
2024-03-14 21:12:35,427 - INFO - Finished optimization with guess, [1.00722024].
2024-03-14 21:12:35,428 - INFO - Best fit parameters: [1.00722024].
2024-03-14 21:12:36,397 - INFO - Maximum log composite likelihood: -2381.30929132309.
2024-03-14 21:12:36,397 - INFO - Optimal value of theta: 13389.642912849948.
2024-03-14 21:12:36,397 - INFO - Beginning optimization with guess, [0.81379088].
2024-03-14 21:12:58,654 - INFO - Finished optimization with guess, [0.81379088].
2024-03-14 21:12:58,655 - INFO - Best fit parameters: [0.81379088].
2024-03-14 21:12:59,625 - INFO - Maximum log composite likelihood: -2381.30929132309.
2024-03-14 21:12:59,625 - INFO - Optimal value of theta: 13389.642912849948.
2024-03-14 21:12:59,625 - INFO - Beginning optimization with guess, [0.83389994].
2024-03-14 21:13:21,887 - INFO - Finished optimization with guess, [0.83389994].
2024-03-14 21:13:21,888 - INFO - Best fit parameters: [0.83389994].
2024-03-14 21:13:22,857 - INFO - Maximum log composite likelihood: -2381.30929132309.
2024-03-14 21:13:22,857 - INFO - Optimal value of theta: 13389.642912849948.
2024-03-14 21:13:22,857 - INFO - Beginning optimization with guess, [0.97551463].
2024-03-14 21:13:36,398 - INFO - Finished optimization with guess, [0.97551463].
2024-03-14 21:13:36,399 - INFO - Best fit parameters: [0.97551463].
2024-03-14 21:13:37,368 - INFO - Maximum log composite likelihood: -2381.30929132309.
2024-03-14 21:13:37,368 - INFO - Optimal value of theta: 13389.642912849948.
2024-03-14 21:13:37,368 - INFO - Beginning optimization with guess, [1.40159451].
2024-03-14 21:14:02,526 - INFO - Finished optimization with guess, [1.40159451].
2024-03-14 21:14:02,527 - INFO - Best fit parameters: [1.40159451].
2024-03-14 21:14:03,495 - INFO - Maximum log composite likelihood: -2381.30929132309.
2024-03-14 21:14:03,495 - INFO - Optimal value of theta: 13389.642912849948.
2024-03-14 21:14:03,495 - INFO - Beginning optimization with guess, [0.98853759].
2024-03-14 21:14:14,137 - INFO - Finished optimization with guess, [0.98853759].
2024-03-14 21:14:14,138 - INFO - Best fit parameters: [0.98853759].
2024-03-14 21:14:15,107 - INFO - Maximum log composite likelihood: -2381.30929132309.
2024-03-14 21:14:15,107 - INFO - Optimal value of theta: 13389.642912849948.
2024-03-14 21:14:15,107 - INFO - Beginning optimization with guess, [1.62086079].
2024-03-14 21:14:40,265 - INFO - Finished optimization with guess, [1.62086079].
2024-03-14 21:14:40,267 - INFO - Best fit parameters: [1.62086079].
2024-03-14 21:14:41,235 - INFO - Maximum log composite likelihood: -2381.30929132309.
2024-03-14 21:14:41,235 - INFO - Optimal value of theta: 13389.642912849948.
2024-03-14 21:14:41,235 - INFO - Beginning optimization with guess, [2.31895621].
2024-03-14 21:15:09,294 - INFO - Finished optimization with guess, [2.31895621].
2024-03-14 21:15:09,294 - INFO - Best fit parameters: [2.31895621].
2024-03-14 21:15:10,263 - INFO - Maximum log composite likelihood: -2381.30929132309.
2024-03-14 21:15:10,263 - INFO - Optimal value of theta: 13389.642912849948.
2024-03-14 21:15:10,263 - INFO - Beginning optimization with guess, [1.44437012].
2024-03-14 21:15:35,411 - INFO - Finished optimization with guess, [1.44437012].
2024-03-14 21:15:35,413 - INFO - Best fit parameters: [1.44437012].
2024-03-14 21:15:36,382 - INFO - Maximum log composite likelihood: -2381.30929132309.
2024-03-14 21:15:36,382 - INFO - Optimal value of theta: 13389.642912849948.
2024-03-14 21:15:36,382 - INFO - Beginning optimization with guess, [4.68770864].
2024-03-14 21:16:07,363 - INFO - Finished optimization with guess, [4.68770864].
2024-03-14 21:16:07,364 - INFO - Best fit parameters: [4.68770864].
2024-03-14 21:16:08,333 - INFO - Maximum log composite likelihood: -2381.30929132309.
2024-03-14 21:16:08,333 - INFO - Optimal value of theta: 13389.642912849948.
2024-03-14 21:16:08,334 - INFO - Beginning optimization with guess, [5.44693121].
2024-03-14 21:16:39,318 - INFO - Finished optimization with guess, [5.44693121].
2024-03-14 21:16:39,319 - INFO - Best fit parameters: [5.44693121].
2024-03-14 21:16:40,288 - INFO - Maximum log composite likelihood: -2381.30929132309.
2024-03-14 21:16:40,289 - INFO - Optimal value of theta: 13389.642912849948.
2024-03-14 21:16:40,289 - INFO - Beginning optimization with guess, [3.45587214].
2024-03-14 21:17:11,707 - INFO - Finished optimization with guess, [3.45587214].
2024-03-14 21:17:11,713 - INFO - Best fit parameters: [3.45587214].
2024-03-14 21:17:12,771 - INFO - Maximum log composite likelihood: -2381.30929132309.
2024-03-14 21:17:12,772 - INFO - Optimal value of theta: 13389.642912849948.
2024-03-14 21:17:12,772 - INFO - Beginning optimization with guess, [6.44777302].
2024-03-14 21:17:45,530 - INFO - Finished optimization with guess, [6.44777302].
2024-03-14 21:17:45,533 - INFO - Best fit parameters: [6.44777302].
2024-03-14 21:17:47,000 - INFO - Maximum log composite likelihood: -2381.30929132309.
2024-03-14 21:17:47,000 - INFO - Optimal value of theta: 13389.642912849948.
2024-03-14 21:17:47,000 - INFO - Beginning optimization with guess, [2.80610056].
2024-03-14 21:18:36,288 - INFO - Finished optimization with guess, [2.80610056].
2024-03-14 21:18:36,293 - INFO - Best fit parameters: [2.80610056].
2024-03-14 21:18:37,674 - INFO - Maximum log composite likelihood: -2381.30929132309.
2024-03-14 21:18:37,674 - INFO - Optimal value of theta: 13389.642912849948.
2024-03-14 21:18:37,674 - INFO - Beginning optimization with guess, [4.70977087].
2024-03-14 21:19:10,748 - INFO - Finished optimization with guess, [4.70977087].
2024-03-14 21:19:10,749 - INFO - Best fit parameters: [4.70977087].
2024-03-14 21:19:11,720 - INFO - Maximum log composite likelihood: -2381.30929132309.
2024-03-14 21:19:11,720 - INFO - Optimal value of theta: 13389.642912849948.
2024-03-14 21:19:11,720 - INFO - Beginning optimization with guess, [4.06208339].
2024-03-14 21:19:58,789 - INFO - Finished optimization with guess, [4.06208339].
2024-03-14 21:19:58,791 - INFO - Best fit parameters: [4.06208339].
2024-03-14 21:20:00,395 - INFO - Maximum log composite likelihood: -2381.30929132309.
2024-03-14 21:20:00,396 - INFO - Optimal value of theta: 13389.642912849948.
2024-03-14 21:20:00,396 - INFO - Beginning optimization with guess, [4.74160286].
2024-03-14 21:20:38,247 - INFO - Finished optimization with guess, [4.74160286].
2024-03-14 21:20:38,248 - INFO - Best fit parameters: [4.74160286].
2024-03-14 21:20:39,218 - INFO - Maximum log composite likelihood: -2381.30929132309.
2024-03-14 21:20:39,219 - INFO - Optimal value of theta: 13389.642912849948.
2024-03-14 21:20:39,219 - INFO - Beginning optimization with guess, [7.61648283].
2024-03-14 21:21:22,681 - INFO - Finished optimization with guess, [7.61648283].
2024-03-14 21:21:22,694 - INFO - Best fit parameters: [7.61648283].
2024-03-14 21:21:24,244 - INFO - Maximum log composite likelihood: -2381.30929132309.
2024-03-14 21:21:24,244 - INFO - Optimal value of theta: 13389.642912849948.
2024-03-14 21:21:24,260 - INFO - Finished demographic inference.
2024-03-14 21:21:24,261 - INFO - Pipeline executed succesfully.
