2024-03-14 21:32:25,314 - INFO - Beginning execution of fit_demographic_model.py in directory /u/project/kirk/jonmah/sample_size_demography/Scripts

2024-03-14 21:32:25,315 - INFO - Progress is being logged to ../Analysis/TwoEpochExpansion_780/log.log

2024-03-14 21:32:25,315 - INFO - Parsed the following arguments:
	syn_input_sfs = ../Analysis/TwoEpochExpansion_780/syn_downsampled_sfs.txt
	mask_singletons = False
	mask_doubletons = False
	outprefix = ../Analysis/TwoEpochExpansion_780/

2024-03-14 21:32:25,347 - INFO - Beginning demographic inference for one-epoch demographic model.
2024-03-14 21:32:25,348 - INFO - Beginning optimization with guess, [0.17730872].
2024-03-14 21:34:35,655 - INFO - Finished optimization with guess, [0.17730872].
2024-03-14 21:34:35,658 - INFO - Best fit parameters: [0.17730872].
2024-03-14 21:34:41,299 - INFO - Maximum log composite likelihood: -3407.9797093058587.
2024-03-14 21:34:41,299 - INFO - Optimal value of theta: 13741.617061001501.
2024-03-14 21:34:41,300 - INFO - Beginning optimization with guess, [0.20394822].
2024-03-14 21:36:52,085 - INFO - Finished optimization with guess, [0.20394822].
2024-03-14 21:36:52,098 - INFO - Best fit parameters: [0.20394822].
2024-03-14 21:36:56,239 - INFO - Maximum log composite likelihood: -3407.9797093058587.
2024-03-14 21:36:56,240 - INFO - Optimal value of theta: 13741.617061001501.
2024-03-14 21:36:56,240 - INFO - Beginning optimization with guess, [0.37196322].
2024-03-14 21:39:07,871 - INFO - Finished optimization with guess, [0.37196322].
2024-03-14 21:39:07,872 - INFO - Best fit parameters: [0.37196322].
2024-03-14 21:39:11,361 - INFO - Maximum log composite likelihood: -3407.9797093058587.
2024-03-14 21:39:11,361 - INFO - Optimal value of theta: 13741.617061001501.
2024-03-14 21:39:11,363 - INFO - Beginning optimization with guess, [0.52307637].
2024-03-14 21:41:05,143 - INFO - Finished optimization with guess, [0.52307637].
2024-03-14 21:41:05,148 - INFO - Best fit parameters: [0.52307637].
2024-03-14 21:41:10,241 - INFO - Maximum log composite likelihood: -3407.9797093058587.
2024-03-14 21:41:10,241 - INFO - Optimal value of theta: 13741.617061001501.
2024-03-14 21:41:10,242 - INFO - Beginning optimization with guess, [0.39546127].
2024-03-14 21:43:17,320 - INFO - Finished optimization with guess, [0.39546127].
2024-03-14 21:43:17,322 - INFO - Best fit parameters: [0.39546127].
2024-03-14 21:43:22,081 - INFO - Maximum log composite likelihood: -3407.9797093058587.
2024-03-14 21:43:22,081 - INFO - Optimal value of theta: 13741.617061001501.
2024-03-14 21:43:22,082 - INFO - Beginning optimization with guess, [0.32189494].
2024-03-14 21:45:34,184 - INFO - Finished optimization with guess, [0.32189494].
2024-03-14 21:45:34,186 - INFO - Best fit parameters: [0.32189494].
2024-03-14 21:45:37,976 - INFO - Maximum log composite likelihood: -3407.9797093058587.
2024-03-14 21:45:37,976 - INFO - Optimal value of theta: 13741.617061001501.
2024-03-14 21:45:37,977 - INFO - Beginning optimization with guess, [1.26442483].
2024-03-14 21:47:14,950 - INFO - Finished optimization with guess, [1.26442483].
2024-03-14 21:47:14,959 - INFO - Best fit parameters: [1.26442483].
2024-03-14 21:47:19,751 - INFO - Maximum log composite likelihood: -3407.9797093058587.
2024-03-14 21:47:19,752 - INFO - Optimal value of theta: 13741.617061001501.
2024-03-14 21:47:19,752 - INFO - Beginning optimization with guess, [1.51422127].
2024-03-14 21:48:58,012 - INFO - Finished optimization with guess, [1.51422127].
2024-03-14 21:48:58,019 - INFO - Best fit parameters: [1.51422127].
2024-03-14 21:49:02,834 - INFO - Maximum log composite likelihood: -3407.9797093058587.
2024-03-14 21:49:02,835 - INFO - Optimal value of theta: 13741.617061001501.
2024-03-14 21:49:02,835 - INFO - Beginning optimization with guess, [1.5734355].
2024-03-14 21:50:51,883 - INFO - Finished optimization with guess, [1.5734355].
2024-03-14 21:50:51,888 - INFO - Best fit parameters: [1.5734355].
2024-03-14 21:50:56,611 - INFO - Maximum log composite likelihood: -3407.9797093058587.
2024-03-14 21:50:56,611 - INFO - Optimal value of theta: 13741.617061001501.
2024-03-14 21:50:56,612 - INFO - Beginning optimization with guess, [0.57134324].
2024-03-14 21:52:53,144 - INFO - Finished optimization with guess, [0.57134324].
2024-03-14 21:52:53,145 - INFO - Best fit parameters: [0.57134324].
2024-03-14 21:52:55,467 - INFO - Maximum log composite likelihood: -3407.9797093058587.
2024-03-14 21:52:55,468 - INFO - Optimal value of theta: 13741.617061001501.
2024-03-14 21:52:55,468 - INFO - Beginning optimization with guess, [1.03793402].
2024-03-14 21:54:01,047 - INFO - Finished optimization with guess, [1.03793402].
2024-03-14 21:54:01,051 - INFO - Best fit parameters: [1.03793402].
2024-03-14 21:54:05,067 - INFO - Maximum log composite likelihood: -3407.9797093058587.
2024-03-14 21:54:05,068 - INFO - Optimal value of theta: 13741.617061001501.
2024-03-14 21:54:05,068 - INFO - Beginning optimization with guess, [0.76066462].
2024-03-14 21:55:44,483 - INFO - Finished optimization with guess, [0.76066462].
2024-03-14 21:55:44,490 - INFO - Best fit parameters: [0.76066462].
2024-03-14 21:55:50,061 - INFO - Maximum log composite likelihood: -3407.9797093058587.
2024-03-14 21:55:50,061 - INFO - Optimal value of theta: 13741.617061001501.
2024-03-14 21:55:50,062 - INFO - Beginning optimization with guess, [2.36686587].
2024-03-14 21:57:27,394 - INFO - Finished optimization with guess, [2.36686587].
2024-03-14 21:57:27,395 - INFO - Best fit parameters: [2.36686587].
2024-03-14 21:57:29,748 - INFO - Maximum log composite likelihood: -3407.9797093058587.
2024-03-14 21:57:29,748 - INFO - Optimal value of theta: 13741.617061001501.
2024-03-14 21:57:29,749 - INFO - Beginning optimization with guess, [1.53293558].
2024-03-14 21:59:05,645 - INFO - Finished optimization with guess, [1.53293558].
2024-03-14 21:59:05,646 - INFO - Best fit parameters: [1.53293558].
2024-03-14 21:59:08,556 - INFO - Maximum log composite likelihood: -3407.9797093058587.
2024-03-14 21:59:08,557 - INFO - Optimal value of theta: 13741.617061001501.
2024-03-14 21:59:08,557 - INFO - Beginning optimization with guess, [3.36463121].
2024-03-14 22:01:02,023 - INFO - Finished optimization with guess, [3.36463121].
2024-03-14 22:01:02,024 - INFO - Best fit parameters: [3.36463121].
2024-03-14 22:01:06,813 - INFO - Maximum log composite likelihood: -3407.9797093058587.
2024-03-14 22:01:06,813 - INFO - Optimal value of theta: 13741.617061001501.
2024-03-14 22:01:06,813 - INFO - Beginning optimization with guess, [4.70207074].
