2025-08-11 15:10:54,396 - INFO - Beginning execution of fit_demographic_model.py in directory /u/project/kirk-bigdata/jonmah/sample_size_demography/Scripts

2025-08-11 15:10:54,396 - INFO - Progress is being logged to ../Analysis/dadi_3EpB_200/log.log

2025-08-11 15:10:54,397 - INFO - Parsed the following arguments:
	syn_input_sfs = ../Simulations/dadi_simulations/ThreeEpochBottleneck_200.sfs
	mask_singletons = False
	mask_doubletons = False
	L_syn = 100000000.0
	input_params = [0.16804446, 7.04845188, 0.12138641, 0.01290191]
	outprefix = ../Analysis/dadi_3EpB_200/

2025-08-11 15:10:54,399 - INFO - Beginning demographic inference for three-epoch demographic model.
2025-08-11 15:10:54,400 - INFO - Beginning optimization with guess, [1.55871822e-01 9.04006848e+00 2.38772460e-01 8.56575473e-03].
2025-08-11 15:10:57,243 - INFO - Finished optimization with guess, [1.55871822e-01 9.04006848e+00 2.38772460e-01 8.56575473e-03].
2025-08-11 15:10:57,243 - INFO - Best fit parameters: [1.86721040e-01 8.87876501e+00 1.97401899e-01 7.59141894e-03].
2025-08-11 15:10:57,433 - INFO - Maximum log composite likelihood: -1331.3257700126.
2025-08-11 15:10:57,433 - INFO - Optimal value of theta: 57435.73393444043.
2025-08-11 15:10:57,434 - INFO - Beginning optimization with guess, [0.09300806 9.11107667 0.21158583 0.01109064].
2025-08-11 15:11:00,299 - INFO - Finished optimization with guess, [0.09300806 9.11107667 0.21158583 0.01109064].
2025-08-11 15:11:00,299 - INFO - Best fit parameters: [1.81514448e-01 8.60082156e+00 1.26777269e-01 8.25189929e-03].
2025-08-11 15:11:00,486 - INFO - Maximum log composite likelihood: -1523.237851122806.
2025-08-11 15:11:00,486 - INFO - Optimal value of theta: 49764.85494744837.
2025-08-11 15:11:00,486 - INFO - Beginning optimization with guess, [0.08909828 4.89173942 0.12208778 0.02125528].
2025-08-11 15:11:03,301 - INFO - Finished optimization with guess, [0.08909828 4.89173942 0.12208778 0.02125528].
2025-08-11 15:11:03,301 - INFO - Best fit parameters: [0.15917185 4.91527906 0.07349686 0.01368063].
2025-08-11 15:11:03,485 - INFO - Maximum log composite likelihood: -1081.742703251022.
2025-08-11 15:11:03,485 - INFO - Optimal value of theta: 41453.158028720514.
2025-08-11 15:11:03,486 - INFO - Beginning optimization with guess, [2.42384036e-01 1.25237732e+01 9.82991759e-02 8.30674050e-03].
2025-08-11 15:11:06,278 - INFO - Finished optimization with guess, [2.42384036e-01 1.25237732e+01 9.82991759e-02 8.30674050e-03].
2025-08-11 15:11:06,279 - INFO - Best fit parameters: [1.97151732e-01 1.29435727e+01 1.15210802e-01 1.14588217e-02].
2025-08-11 15:11:06,465 - INFO - Maximum log composite likelihood: -840.5586720722845.
2025-08-11 15:11:06,465 - INFO - Optimal value of theta: 42408.619135826586.
2025-08-11 15:11:06,465 - INFO - Beginning optimization with guess, [0.22818462 8.348314   0.0865248  0.00965301].
2025-08-11 15:11:09,253 - INFO - Finished optimization with guess, [0.22818462 8.348314   0.0865248  0.00965301].
2025-08-11 15:11:09,253 - INFO - Best fit parameters: [0.18542174 8.83681661 0.10064108 0.01282518].
2025-08-11 15:11:09,438 - INFO - Maximum log composite likelihood: -677.3597707951226.
2025-08-11 15:11:09,438 - INFO - Optimal value of theta: 41431.91556058355.
2025-08-11 15:11:09,438 - INFO - Beginning optimization with guess, [8.89070166e-02 1.26470101e+01 1.99654226e-01 8.86448255e-03].
2025-08-11 15:11:12,302 - INFO - Finished optimization with guess, [8.89070166e-02 1.26470101e+01 1.99654226e-01 8.86448255e-03].
2025-08-11 15:11:12,303 - INFO - Best fit parameters: [1.70093861e-01 1.20677001e+01 1.22310511e-01 6.77566238e-03].
2025-08-11 15:11:12,489 - INFO - Maximum log composite likelihood: -2344.5714443853585.
2025-08-11 15:11:12,489 - INFO - Optimal value of theta: 52982.34686069062.
2025-08-11 15:11:12,489 - INFO - Beginning optimization with guess, [9.05937557e-02 8.66025677e+00 7.61183801e-02 6.75599179e-03].
2025-08-11 15:11:15,382 - INFO - Finished optimization with guess, [9.05937557e-02 8.66025677e+00 7.61183801e-02 6.75599179e-03].
2025-08-11 15:11:15,383 - INFO - Best fit parameters: [8.43923414e-02 8.63673416e+00 8.36190612e-02 7.48819034e-03].
2025-08-11 15:11:15,572 - INFO - Maximum log composite likelihood: -986.8348741240786.
2025-08-11 15:11:15,572 - INFO - Optimal value of theta: 68725.53583218214.
2025-08-11 15:11:15,572 - INFO - Beginning optimization with guess, [0.27548391 7.20695403 0.2011057  0.00936165].
2025-08-11 15:11:18,428 - INFO - Finished optimization with guess, [0.27548391 7.20695403 0.2011057  0.00936165].
2025-08-11 15:11:18,429 - INFO - Best fit parameters: [0.23158119 7.52849425 0.20299701 0.01044147].
2025-08-11 15:11:18,617 - INFO - Maximum log composite likelihood: -1565.5328218746222.
2025-08-11 15:11:18,617 - INFO - Optimal value of theta: 46930.28837057773.
2025-08-11 15:11:18,617 - INFO - Beginning optimization with guess, [0.2317418  7.0563399  0.13998412 0.0077072 ].
2025-08-11 15:11:21,470 - INFO - Finished optimization with guess, [0.2317418  7.0563399  0.13998412 0.0077072 ].
2025-08-11 15:11:21,471 - INFO - Best fit parameters: [0.19012214 7.41906335 0.1570406  0.0096744 ].
2025-08-11 15:11:21,663 - INFO - Maximum log composite likelihood: -982.9842239354091.
2025-08-11 15:11:21,663 - INFO - Optimal value of theta: 49959.15971249254.
2025-08-11 15:11:21,663 - INFO - Beginning optimization with guess, [0.25893287 5.08247878 0.10389712 0.01926739].
2025-08-11 15:11:24,459 - INFO - Finished optimization with guess, [0.25893287 5.08247878 0.10389712 0.01926739].
2025-08-11 15:11:24,460 - INFO - Best fit parameters: [0.1382701  7.12158149 0.0921653  0.0109331 ].
2025-08-11 15:11:24,646 - INFO - Maximum log composite likelihood: -555.4900691960231.
2025-08-11 15:11:24,646 - INFO - Optimal value of theta: 48869.68512854309.
2025-08-11 15:11:24,647 - INFO - Beginning optimization with guess, [ 0.10658715 11.67153693  0.21051492  0.0130417 ].
2025-08-11 15:11:27,491 - INFO - Finished optimization with guess, [ 0.10658715 11.67153693  0.21051492  0.0130417 ].
2025-08-11 15:11:27,491 - INFO - Best fit parameters: [2.05987247e-01 1.09360810e+01 1.25899076e-01 9.35011728e-03].
2025-08-11 15:11:27,676 - INFO - Maximum log composite likelihood: -1342.7390311267036.
2025-08-11 15:11:27,676 - INFO - Optimal value of theta: 44864.175649260425.
2025-08-11 15:11:27,677 - INFO - Beginning optimization with guess, [0.15113057 5.2890414  0.06280284 0.0197529 ].
2025-08-11 15:11:30,438 - INFO - Finished optimization with guess, [0.15113057 5.2890414  0.06280284 0.0197529 ].
2025-08-11 15:11:30,439 - INFO - Best fit parameters: [0.1411462  5.62635924 0.06051911 0.01575374].
2025-08-11 15:11:30,623 - INFO - Maximum log composite likelihood: -670.6332499346877.
2025-08-11 15:11:30,623 - INFO - Optimal value of theta: 39633.74257278166.
2025-08-11 15:11:30,623 - INFO - Beginning optimization with guess, [1.05023845e-01 8.52940665e+00 1.73644602e-01 7.80543148e-03].
2025-08-11 15:11:33,471 - INFO - Finished optimization with guess, [1.05023845e-01 8.52940665e+00 1.73644602e-01 7.80543148e-03].
2025-08-11 15:11:33,472 - INFO - Best fit parameters: [1.29019913e-01 8.33588984e+00 1.44308190e-01 6.89810682e-03].
2025-08-11 15:11:33,661 - INFO - Maximum log composite likelihood: -811.6441565822108.
2025-08-11 15:11:33,662 - INFO - Optimal value of theta: 67478.72607234519.
2025-08-11 15:11:33,662 - INFO - Beginning optimization with guess, [0.09645759 7.57937188 0.11075993 0.01099107].
2025-08-11 15:11:36,468 - INFO - Finished optimization with guess, [0.09645759 7.57937188 0.11075993 0.01099107].
2025-08-11 15:11:36,468 - INFO - Best fit parameters: [0.11566332 7.29788637 0.09470751 0.00956872].
2025-08-11 15:11:36,657 - INFO - Maximum log composite likelihood: -545.5611155663169.
2025-08-11 15:11:36,657 - INFO - Optimal value of theta: 56140.454265706525.
2025-08-11 15:11:36,658 - INFO - Beginning optimization with guess, [1.84981432e-01 1.25649871e+01 1.12423657e-01 9.12666504e-03].
2025-08-11 15:11:39,487 - INFO - Finished optimization with guess, [1.84981432e-01 1.25649871e+01 1.12423657e-01 9.12666504e-03].
2025-08-11 15:11:39,487 - INFO - Best fit parameters: [1.70473693e-01 1.26057046e+01 1.19598422e-01 1.02406501e-02].
2025-08-11 15:11:39,674 - INFO - Maximum log composite likelihood: -782.239116132992.
2025-08-11 15:11:39,674 - INFO - Optimal value of theta: 47496.80745929123.
2025-08-11 15:11:39,674 - INFO - Beginning optimization with guess, [ 0.11717352 10.96645246  0.10347574  0.01995133].
2025-08-11 15:11:42,445 - INFO - Finished optimization with guess, [ 0.11717352 10.96645246  0.10347574  0.01995133].
2025-08-11 15:11:42,446 - INFO - Best fit parameters: [0.18755796 9.69904594 0.06966293 0.01318209].
2025-08-11 15:11:42,629 - INFO - Maximum log composite likelihood: -1048.670688724936.
2025-08-11 15:11:42,629 - INFO - Optimal value of theta: 37559.9187337553.
2025-08-11 15:11:42,630 - INFO - Beginning optimization with guess, [ 0.23966672 10.62185197  0.13894017  0.01248825].
2025-08-11 15:11:45,444 - INFO - Finished optimization with guess, [ 0.23966672 10.62185197  0.13894017  0.01248825].
2025-08-11 15:11:45,444 - INFO - Best fit parameters: [ 0.20023329 10.72852955  0.13368106  0.01258035].
2025-08-11 15:11:45,630 - INFO - Maximum log composite likelihood: -911.6448116560998.
2025-08-11 15:11:45,630 - INFO - Optimal value of theta: 42780.81620496399.
2025-08-11 15:11:45,630 - INFO - Beginning optimization with guess, [1.79445326e-01 1.23350529e+01 1.36734065e-01 1.19911585e-02].
2025-08-11 15:11:48,409 - INFO - Finished optimization with guess, [1.79445326e-01 1.23350529e+01 1.36734065e-01 1.19911585e-02].
2025-08-11 15:11:48,410 - INFO - Best fit parameters: [1.89968316e-01 1.20315726e+01 1.26678669e-01 1.10086641e-02].
2025-08-11 15:11:48,596 - INFO - Maximum log composite likelihood: -806.0616304748223.
2025-08-11 15:11:48,596 - INFO - Optimal value of theta: 44811.18246949749.
2025-08-11 15:11:48,596 - INFO - Beginning optimization with guess, [1.44579602e-01 1.16384441e+01 6.45298665e-02 7.87627924e-03].
2025-08-11 15:11:51,391 - INFO - Finished optimization with guess, [1.44579602e-01 1.16384441e+01 6.45298665e-02 7.87627924e-03].
2025-08-11 15:11:51,391 - INFO - Best fit parameters: [1.26076564e-01 1.18315250e+01 7.74015337e-02 1.10165891e-02].
2025-08-11 15:11:51,577 - INFO - Maximum log composite likelihood: -815.3089621963836.
2025-08-11 15:11:51,577 - INFO - Optimal value of theta: 47531.92336664721.
2025-08-11 15:11:51,577 - INFO - Beginning optimization with guess, [0.13430525 5.93429138 0.10715087 0.02024849].
2025-08-11 15:11:54,351 - INFO - Finished optimization with guess, [0.13430525 5.93429138 0.10715087 0.02024849].
2025-08-11 15:11:54,351 - INFO - Best fit parameters: [0.16802866 5.58984089 0.08650181 0.01563457].
2025-08-11 15:11:54,536 - INFO - Maximum log composite likelihood: -781.9311678800973.
2025-08-11 15:11:54,536 - INFO - Optimal value of theta: 40408.37074228268.
2025-08-11 15:11:54,536 - INFO - Beginning optimization with guess, [0.2485416  5.79795053 0.06291409 0.01760746].
2025-08-11 15:11:57,307 - INFO - Finished optimization with guess, [0.2485416  5.79795053 0.06291409 0.01760746].
2025-08-11 15:11:57,307 - INFO - Best fit parameters: [0.18353518 6.55784012 0.07294193 0.01884963].
2025-08-11 15:11:57,490 - INFO - Maximum log composite likelihood: -1045.4397107772902.
2025-08-11 15:11:57,490 - INFO - Optimal value of theta: 35344.07715980694.
2025-08-11 15:11:57,491 - INFO - Beginning optimization with guess, [0.10659464 8.34594913 0.1397625  0.00882336].
2025-08-11 15:12:00,312 - INFO - Finished optimization with guess, [0.10659464 8.34594913 0.1397625  0.00882336].
2025-08-11 15:12:00,313 - INFO - Best fit parameters: [1.24231416e-01 8.13096586e+00 1.21710655e-01 7.92254270e-03].
2025-08-11 15:12:00,502 - INFO - Maximum log composite likelihood: -669.7179220185037.
2025-08-11 15:12:00,502 - INFO - Optimal value of theta: 62198.980298808376.
2025-08-11 15:12:00,502 - INFO - Beginning optimization with guess, [0.30630001 4.19410883 0.2395863  0.00924391].
2025-08-11 15:12:03,379 - INFO - Finished optimization with guess, [0.30630001 4.19410883 0.2395863  0.00924391].
2025-08-11 15:12:03,379 - INFO - Best fit parameters: [0.23849085 4.65146448 0.24170156 0.01049012].
2025-08-11 15:12:03,568 - INFO - Maximum log composite likelihood: -2449.3400985445955.
2025-08-11 15:12:03,568 - INFO - Optimal value of theta: 49341.48561865054.
2025-08-11 15:12:03,569 - INFO - Beginning optimization with guess, [0.16353727 4.04815324 0.19839305 0.00720573].
2025-08-11 15:12:06,486 - INFO - Finished optimization with guess, [0.16353727 4.04815324 0.19839305 0.00720573].
2025-08-11 15:12:06,487 - INFO - Best fit parameters: [0.14939879 4.20903718 0.19458419 0.00757169].
2025-08-11 15:12:06,679 - INFO - Maximum log composite likelihood: -1377.3116438092609.
2025-08-11 15:12:06,679 - INFO - Optimal value of theta: 68702.15635020658.
2025-08-11 15:12:06,679 - INFO - Beginning optimization with guess, [0.33440143 4.98270163 0.13181297 0.02219858].
2025-08-11 15:12:10,402 - INFO - Finished optimization with guess, [0.33440143 4.98270163 0.13181297 0.02219858].
2025-08-11 15:12:10,402 - INFO - Best fit parameters: [0.1368263  5.57515166 0.10570152 0.01111756].
2025-08-11 15:12:10,589 - INFO - Maximum log composite likelihood: -520.4367292408301.
2025-08-11 15:12:10,589 - INFO - Optimal value of theta: 51644.74612998284.
2025-08-11 15:12:10,590 - INFO - Converting and interpreting Tau estimates.
2025-08-11 15:12:10,591 - INFO - Finished demographic inference.
2025-08-11 15:12:10,592 - INFO - Pipeline executed succesfully.
