2024-03-14 22:35:10,969 - INFO - Beginning execution of fit_demographic_model.py in directory /u/project/kirk/jonmah/sample_size_demography/Scripts

2024-03-14 22:35:10,970 - INFO - Progress is being logged to ../Analysis/ThreeEpochBottleneck_410/log.log

2024-03-14 22:35:10,970 - INFO - Parsed the following arguments:
	syn_input_sfs = ../Analysis/ThreeEpochExpansion_410/syn_downsampled_sfs.txt
	mask_singletons = False
	mask_doubletons = False
	outprefix = ../Analysis/ThreeEpochBottleneck_410/

2024-03-14 22:35:10,998 - INFO - Beginning demographic inference for one-epoch demographic model.
2024-03-14 22:35:10,999 - INFO - Beginning optimization with guess, [0.19806045].
2024-03-14 22:37:10,075 - INFO - Finished optimization with guess, [0.19806045].
2024-03-14 22:37:10,091 - INFO - Best fit parameters: [0.19806045].
2024-03-14 22:37:14,091 - INFO - Maximum log composite likelihood: -8598.032905037837.
2024-03-14 22:37:14,091 - INFO - Optimal value of theta: 17826.845131697417.
2024-03-14 22:37:14,092 - INFO - Beginning optimization with guess, [0.17141853].
2024-03-14 22:38:22,684 - INFO - Finished optimization with guess, [0.17141853].
2024-03-14 22:38:22,685 - INFO - Best fit parameters: [0.17141853].
2024-03-14 22:38:23,501 - INFO - Maximum log composite likelihood: -8598.032905037837.
2024-03-14 22:38:23,501 - INFO - Optimal value of theta: 17826.845131697417.
2024-03-14 22:38:23,501 - INFO - Beginning optimization with guess, [0.23317052].
2024-03-14 22:38:53,166 - INFO - Finished optimization with guess, [0.23317052].
2024-03-14 22:38:53,166 - INFO - Best fit parameters: [0.23317052].
2024-03-14 22:38:53,957 - INFO - Maximum log composite likelihood: -8598.032905037837.
2024-03-14 22:38:53,957 - INFO - Optimal value of theta: 17826.845131697417.
2024-03-14 22:38:53,958 - INFO - Beginning optimization with guess, [0.28975212].
2024-03-14 22:39:51,254 - INFO - Finished optimization with guess, [0.28975212].
2024-03-14 22:39:51,256 - INFO - Best fit parameters: [0.28975212].
2024-03-14 22:39:53,661 - INFO - Maximum log composite likelihood: -8598.032905037837.
2024-03-14 22:39:53,661 - INFO - Optimal value of theta: 17826.845131697417.
2024-03-14 22:39:53,672 - INFO - Beginning optimization with guess, [0.76173753].
2024-03-14 22:40:48,901 - INFO - Finished optimization with guess, [0.76173753].
2024-03-14 22:40:48,909 - INFO - Best fit parameters: [0.76173753].
2024-03-14 22:40:51,111 - INFO - Maximum log composite likelihood: -8598.032905037837.
2024-03-14 22:40:51,112 - INFO - Optimal value of theta: 17826.845131697417.
2024-03-14 22:40:51,112 - INFO - Beginning optimization with guess, [0.38951147].
2024-03-14 22:41:56,235 - INFO - Finished optimization with guess, [0.38951147].
2024-03-14 22:41:56,240 - INFO - Best fit parameters: [0.38951147].
2024-03-14 22:41:57,543 - INFO - Maximum log composite likelihood: -8598.032905037837.
2024-03-14 22:41:57,543 - INFO - Optimal value of theta: 17826.845131697417.
2024-03-14 22:41:57,543 - INFO - Beginning optimization with guess, [0.65633387].
2024-03-14 22:42:21,080 - INFO - Finished optimization with guess, [0.65633387].
2024-03-14 22:42:21,082 - INFO - Best fit parameters: [0.65633387].
2024-03-14 22:42:22,004 - INFO - Maximum log composite likelihood: -8598.032905037837.
2024-03-14 22:42:22,004 - INFO - Optimal value of theta: 17826.845131697417.
2024-03-14 22:42:22,004 - INFO - Beginning optimization with guess, [0.46349031].
2024-03-14 22:42:46,199 - INFO - Finished optimization with guess, [0.46349031].
2024-03-14 22:42:46,221 - INFO - Best fit parameters: [0.46349031].
2024-03-14 22:42:47,653 - INFO - Maximum log composite likelihood: -8598.032905037837.
2024-03-14 22:42:47,653 - INFO - Optimal value of theta: 17826.845131697417.
2024-03-14 22:42:47,653 - INFO - Beginning optimization with guess, [0.61638162].
2024-03-14 22:43:25,866 - INFO - Finished optimization with guess, [0.61638162].
2024-03-14 22:43:25,875 - INFO - Best fit parameters: [0.61638162].
2024-03-14 22:43:27,177 - INFO - Maximum log composite likelihood: -8598.032905037837.
2024-03-14 22:43:27,177 - INFO - Optimal value of theta: 17826.845131697417.
2024-03-14 22:43:27,178 - INFO - Beginning optimization with guess, [0.7819613].
2024-03-14 22:44:02,846 - INFO - Finished optimization with guess, [0.7819613].
2024-03-14 22:44:02,846 - INFO - Best fit parameters: [0.7819613].
2024-03-14 22:44:04,325 - INFO - Maximum log composite likelihood: -8598.032905037837.
2024-03-14 22:44:04,332 - INFO - Optimal value of theta: 17826.845131697417.
2024-03-14 22:44:04,332 - INFO - Beginning optimization with guess, [1.35711535].
2024-03-14 22:45:05,345 - INFO - Finished optimization with guess, [1.35711535].
2024-03-14 22:45:05,347 - INFO - Best fit parameters: [1.35711535].
2024-03-14 22:45:07,615 - INFO - Maximum log composite likelihood: -8598.032905037837.
2024-03-14 22:45:07,615 - INFO - Optimal value of theta: 17826.845131697417.
2024-03-14 22:45:07,615 - INFO - Beginning optimization with guess, [0.85395957].
2024-03-14 22:45:40,681 - INFO - Finished optimization with guess, [0.85395957].
2024-03-14 22:45:40,690 - INFO - Best fit parameters: [0.85395957].
2024-03-14 22:45:41,844 - INFO - Maximum log composite likelihood: -8598.032905037837.
2024-03-14 22:45:41,844 - INFO - Optimal value of theta: 17826.845131697417.
2024-03-14 22:45:41,845 - INFO - Beginning optimization with guess, [1.25991303].
2024-03-14 22:46:03,207 - INFO - Finished optimization with guess, [1.25991303].
2024-03-14 22:46:03,209 - INFO - Best fit parameters: [1.25991303].
2024-03-14 22:46:04,992 - INFO - Maximum log composite likelihood: -8598.032905037837.
2024-03-14 22:46:04,992 - INFO - Optimal value of theta: 17826.845131697417.
2024-03-14 22:46:04,993 - INFO - Beginning optimization with guess, [1.30106501].
2024-03-14 22:46:28,931 - INFO - Finished optimization with guess, [1.30106501].
2024-03-14 22:46:28,934 - INFO - Best fit parameters: [1.30106501].
2024-03-14 22:46:30,324 - INFO - Maximum log composite likelihood: -8598.032905037837.
2024-03-14 22:46:30,324 - INFO - Optimal value of theta: 17826.845131697417.
2024-03-14 22:46:30,324 - INFO - Beginning optimization with guess, [3.16136195].
2024-03-14 22:46:58,781 - INFO - Finished optimization with guess, [3.16136195].
2024-03-14 22:46:58,785 - INFO - Best fit parameters: [3.16136195].
2024-03-14 22:47:00,416 - INFO - Maximum log composite likelihood: -8598.032905037837.
2024-03-14 22:47:00,416 - INFO - Optimal value of theta: 17826.845131697417.
2024-03-14 22:47:00,416 - INFO - Beginning optimization with guess, [2.58462115].
2024-03-14 22:47:25,956 - INFO - Finished optimization with guess, [2.58462115].
2024-03-14 22:47:25,963 - INFO - Best fit parameters: [2.58462115].
2024-03-14 22:47:27,353 - INFO - Maximum log composite likelihood: -8598.032905037837.
2024-03-14 22:47:27,353 - INFO - Optimal value of theta: 17826.845131697417.
2024-03-14 22:47:27,353 - INFO - Beginning optimization with guess, [1.48143809].
2024-03-14 22:47:51,481 - INFO - Finished optimization with guess, [1.48143809].
2024-03-14 22:47:51,483 - INFO - Best fit parameters: [1.48143809].
2024-03-14 22:47:52,403 - INFO - Maximum log composite likelihood: -8598.032905037837.
2024-03-14 22:47:52,403 - INFO - Optimal value of theta: 17826.845131697417.
2024-03-14 22:47:52,403 - INFO - Beginning optimization with guess, [3.00723483].
2024-03-14 22:48:22,195 - INFO - Finished optimization with guess, [3.00723483].
2024-03-14 22:48:22,195 - INFO - Best fit parameters: [3.00723483].
2024-03-14 22:48:22,996 - INFO - Maximum log composite likelihood: -8598.032905037837.
2024-03-14 22:48:22,996 - INFO - Optimal value of theta: 17826.845131697417.
2024-03-14 22:48:22,996 - INFO - Beginning optimization with guess, [1.92091988].
2024-03-14 22:48:51,133 - INFO - Finished optimization with guess, [1.92091988].
2024-03-14 22:48:51,134 - INFO - Best fit parameters: [1.92091988].
2024-03-14 22:48:51,971 - INFO - Maximum log composite likelihood: -8598.032905037837.
2024-03-14 22:48:51,971 - INFO - Optimal value of theta: 17826.845131697417.
2024-03-14 22:48:51,972 - INFO - Beginning optimization with guess, [1.87303336].
2024-03-14 22:49:18,901 - INFO - Finished optimization with guess, [1.87303336].
2024-03-14 22:49:18,902 - INFO - Best fit parameters: [1.87303336].
2024-03-14 22:49:20,034 - INFO - Maximum log composite likelihood: -8598.032905037837.
2024-03-14 22:49:20,034 - INFO - Optimal value of theta: 17826.845131697417.
2024-03-14 22:49:20,034 - INFO - Beginning optimization with guess, [7.2769928].
2024-03-14 22:49:52,289 - INFO - Finished optimization with guess, [7.2769928].
2024-03-14 22:49:52,290 - INFO - Best fit parameters: [7.2769928].
2024-03-14 22:49:53,781 - INFO - Maximum log composite likelihood: -8598.032905037837.
2024-03-14 22:49:53,783 - INFO - Optimal value of theta: 17826.845131697417.
2024-03-14 22:49:53,783 - INFO - Beginning optimization with guess, [5.76331217].
2024-03-14 22:50:26,232 - INFO - Finished optimization with guess, [5.76331217].
2024-03-14 22:50:26,235 - INFO - Best fit parameters: [5.76331217].
2024-03-14 22:50:27,616 - INFO - Maximum log composite likelihood: -8598.032905037837.
2024-03-14 22:50:27,617 - INFO - Optimal value of theta: 17826.845131697417.
2024-03-14 22:50:27,617 - INFO - Beginning optimization with guess, [6.02796744].
2024-03-14 22:50:57,422 - INFO - Finished optimization with guess, [6.02796744].
2024-03-14 22:50:57,423 - INFO - Best fit parameters: [6.02796744].
2024-03-14 22:50:58,221 - INFO - Maximum log composite likelihood: -8598.032905037837.
2024-03-14 22:50:58,221 - INFO - Optimal value of theta: 17826.845131697417.
2024-03-14 22:50:58,222 - INFO - Beginning optimization with guess, [5.6546518].
2024-03-14 22:51:26,351 - INFO - Finished optimization with guess, [5.6546518].
2024-03-14 22:51:26,352 - INFO - Best fit parameters: [5.6546518].
2024-03-14 22:51:27,145 - INFO - Maximum log composite likelihood: -8598.032905037837.
2024-03-14 22:51:27,145 - INFO - Optimal value of theta: 17826.845131697417.
2024-03-14 22:51:27,145 - INFO - Beginning optimization with guess, [4.20257371].
2024-03-14 22:51:54,504 - INFO - Finished optimization with guess, [4.20257371].
2024-03-14 22:51:54,505 - INFO - Best fit parameters: [4.20257371].
2024-03-14 22:51:55,303 - INFO - Maximum log composite likelihood: -8598.032905037837.
2024-03-14 22:51:55,303 - INFO - Optimal value of theta: 17826.845131697417.
2024-03-14 22:51:55,307 - INFO - Finished demographic inference.
2024-03-14 22:51:55,307 - INFO - Pipeline executed succesfully.
