2024-02-13 14:39:15,251 - INFO - Beginning execution of fit_demographic_model.py in directory /u/project/kirk/jonmah/sample_size_demography/Scripts

2024-02-13 14:39:15,252 - INFO - Progress is being logged to ../Analysis/ThreeEpochContraction_11/log.log

2024-02-13 14:39:15,252 - INFO - Parsed the following arguments:
	syn_input_sfs = ../Analysis/ThreeEpochContraction_11/syn_downsampled_sfs.txt
	mask_singletons = False
	mask_doubletons = False
	outprefix = ../Analysis/ThreeEpochContraction_11/

2024-02-13 14:39:15,253 - INFO - Beginning demographic inference for one-epoch demographic model.
2024-02-13 14:39:15,254 - INFO - Beginning optimization with guess, [0.15944561].
2024-02-13 14:39:16,320 - INFO - Finished optimization with guess, [0.15944561].
2024-02-13 14:39:16,321 - INFO - Best fit parameters: [0.15944561].
2024-02-13 14:39:16,354 - INFO - Maximum log composite likelihood: -22.711398426544747.
2024-02-13 14:39:16,354 - INFO - Optimal value of theta: 215.0402397752403.
2024-02-13 14:39:16,354 - INFO - Beginning optimization with guess, [0.20475957].
2024-02-13 14:39:17,408 - INFO - Finished optimization with guess, [0.20475957].
2024-02-13 14:39:17,408 - INFO - Best fit parameters: [0.20475957].
2024-02-13 14:39:17,440 - INFO - Maximum log composite likelihood: -22.711398426544747.
2024-02-13 14:39:17,440 - INFO - Optimal value of theta: 215.0402397752403.
2024-02-13 14:39:17,440 - INFO - Beginning optimization with guess, [0.35378161].
2024-02-13 14:39:18,489 - INFO - Finished optimization with guess, [0.35378161].
2024-02-13 14:39:18,489 - INFO - Best fit parameters: [0.35378161].
2024-02-13 14:39:18,522 - INFO - Maximum log composite likelihood: -22.711398426544747.
2024-02-13 14:39:18,522 - INFO - Optimal value of theta: 215.0402397752403.
2024-02-13 14:39:18,522 - INFO - Beginning optimization with guess, [0.20351198].
2024-02-13 14:39:19,579 - INFO - Finished optimization with guess, [0.20351198].
2024-02-13 14:39:19,579 - INFO - Best fit parameters: [0.20351198].
2024-02-13 14:39:19,611 - INFO - Maximum log composite likelihood: -22.711398426544747.
2024-02-13 14:39:19,611 - INFO - Optimal value of theta: 215.0402397752403.
2024-02-13 14:39:19,612 - INFO - Beginning optimization with guess, [0.40659678].
2024-02-13 14:39:20,564 - INFO - Finished optimization with guess, [0.40659678].
2024-02-13 14:39:20,564 - INFO - Best fit parameters: [0.40659678].
2024-02-13 14:39:20,597 - INFO - Maximum log composite likelihood: -22.711398426544747.
2024-02-13 14:39:20,597 - INFO - Optimal value of theta: 215.0402397752403.
2024-02-13 14:39:20,597 - INFO - Beginning optimization with guess, [0.50832907].
2024-02-13 14:39:21,557 - INFO - Finished optimization with guess, [0.50832907].
2024-02-13 14:39:21,557 - INFO - Best fit parameters: [0.50832907].
2024-02-13 14:39:21,591 - INFO - Maximum log composite likelihood: -22.711398426544747.
2024-02-13 14:39:21,592 - INFO - Optimal value of theta: 215.0402397752403.
2024-02-13 14:39:21,592 - INFO - Beginning optimization with guess, [0.83572839].
2024-02-13 14:39:22,350 - INFO - Finished optimization with guess, [0.83572839].
2024-02-13 14:39:22,351 - INFO - Best fit parameters: [0.83572839].
2024-02-13 14:39:22,384 - INFO - Maximum log composite likelihood: -22.711398426544747.
2024-02-13 14:39:22,385 - INFO - Optimal value of theta: 215.0402397752403.
2024-02-13 14:39:22,385 - INFO - Beginning optimization with guess, [0.81594158].
2024-02-13 14:39:23,142 - INFO - Finished optimization with guess, [0.81594158].
2024-02-13 14:39:23,142 - INFO - Best fit parameters: [0.81594158].
2024-02-13 14:39:23,174 - INFO - Maximum log composite likelihood: -22.711398426544747.
2024-02-13 14:39:23,174 - INFO - Optimal value of theta: 215.0402397752403.
2024-02-13 14:39:23,174 - INFO - Beginning optimization with guess, [1.01565806].
2024-02-13 14:39:23,535 - INFO - Finished optimization with guess, [1.01565806].
2024-02-13 14:39:23,536 - INFO - Best fit parameters: [1.01565806].
2024-02-13 14:39:23,569 - INFO - Maximum log composite likelihood: -22.711398426544747.
2024-02-13 14:39:23,569 - INFO - Optimal value of theta: 215.0402397752403.
2024-02-13 14:39:23,570 - INFO - Beginning optimization with guess, [1.84475233].
2024-02-13 14:39:24,526 - INFO - Finished optimization with guess, [1.84475233].
2024-02-13 14:39:24,527 - INFO - Best fit parameters: [1.84475233].
2024-02-13 14:39:24,559 - INFO - Maximum log composite likelihood: -22.711398426544747.
2024-02-13 14:39:24,559 - INFO - Optimal value of theta: 215.0402397752403.
2024-02-13 14:39:24,560 - INFO - Beginning optimization with guess, [1.82571997].
2024-02-13 14:39:25,521 - INFO - Finished optimization with guess, [1.82571997].
2024-02-13 14:39:25,521 - INFO - Best fit parameters: [1.82571997].
2024-02-13 14:39:25,553 - INFO - Maximum log composite likelihood: -22.711398426544747.
2024-02-13 14:39:25,554 - INFO - Optimal value of theta: 215.0402397752403.
2024-02-13 14:39:25,554 - INFO - Beginning optimization with guess, [1.78390563].
2024-02-13 14:39:26,506 - INFO - Finished optimization with guess, [1.78390563].
2024-02-13 14:39:26,506 - INFO - Best fit parameters: [1.78390563].
2024-02-13 14:39:26,539 - INFO - Maximum log composite likelihood: -22.711398426544747.
2024-02-13 14:39:26,539 - INFO - Optimal value of theta: 215.0402397752403.
2024-02-13 14:39:26,540 - INFO - Beginning optimization with guess, [3.24725655].
2024-02-13 14:39:27,589 - INFO - Finished optimization with guess, [3.24725655].
2024-02-13 14:39:27,589 - INFO - Best fit parameters: [3.24725655].
2024-02-13 14:39:27,621 - INFO - Maximum log composite likelihood: -22.711398426544747.
2024-02-13 14:39:27,621 - INFO - Optimal value of theta: 215.0402397752403.
2024-02-13 14:39:27,622 - INFO - Beginning optimization with guess, [3.31263991].
2024-02-13 14:39:28,668 - INFO - Finished optimization with guess, [3.31263991].
2024-02-13 14:39:28,669 - INFO - Best fit parameters: [3.31263991].
2024-02-13 14:39:28,702 - INFO - Maximum log composite likelihood: -22.711398426544747.
2024-02-13 14:39:28,702 - INFO - Optimal value of theta: 215.0402397752403.
2024-02-13 14:39:28,702 - INFO - Beginning optimization with guess, [1.70408913].
2024-02-13 14:39:29,657 - INFO - Finished optimization with guess, [1.70408913].
2024-02-13 14:39:29,657 - INFO - Best fit parameters: [1.70408913].
2024-02-13 14:39:29,689 - INFO - Maximum log composite likelihood: -22.711398426544747.
2024-02-13 14:39:29,690 - INFO - Optimal value of theta: 215.0402397752403.
2024-02-13 14:39:29,690 - INFO - Beginning optimization with guess, [3.11778574].
2024-02-13 14:39:30,752 - INFO - Finished optimization with guess, [3.11778574].
2024-02-13 14:39:30,752 - INFO - Best fit parameters: [3.11778574].
2024-02-13 14:39:30,785 - INFO - Maximum log composite likelihood: -22.711398426544747.
2024-02-13 14:39:30,785 - INFO - Optimal value of theta: 215.0402397752403.
2024-02-13 14:39:30,785 - INFO - Beginning optimization with guess, [3.83166753].
2024-02-13 14:39:31,839 - INFO - Finished optimization with guess, [3.83166753].
2024-02-13 14:39:31,839 - INFO - Best fit parameters: [3.83166753].
2024-02-13 14:39:31,871 - INFO - Maximum log composite likelihood: -22.711398426544747.
2024-02-13 14:39:31,871 - INFO - Optimal value of theta: 215.0402397752403.
2024-02-13 14:39:31,872 - INFO - Beginning optimization with guess, [4.93948955].
2024-02-13 14:39:32,922 - INFO - Finished optimization with guess, [4.93948955].
2024-02-13 14:39:32,922 - INFO - Best fit parameters: [4.93948955].
2024-02-13 14:39:32,955 - INFO - Maximum log composite likelihood: -22.711398426544747.
2024-02-13 14:39:32,955 - INFO - Optimal value of theta: 215.0402397752403.
2024-02-13 14:39:32,955 - INFO - Beginning optimization with guess, [6.3884392].
2024-02-13 14:39:34,005 - INFO - Finished optimization with guess, [6.3884392].
2024-02-13 14:39:34,005 - INFO - Best fit parameters: [6.3884392].
2024-02-13 14:39:34,038 - INFO - Maximum log composite likelihood: -22.711398426544747.
2024-02-13 14:39:34,038 - INFO - Optimal value of theta: 215.0402397752403.
2024-02-13 14:39:34,038 - INFO - Beginning optimization with guess, [3.20283485].
2024-02-13 14:39:35,094 - INFO - Finished optimization with guess, [3.20283485].
2024-02-13 14:39:35,095 - INFO - Best fit parameters: [3.20283485].
2024-02-13 14:39:35,127 - INFO - Maximum log composite likelihood: -22.711398426544747.
2024-02-13 14:39:35,127 - INFO - Optimal value of theta: 215.0402397752403.
2024-02-13 14:39:35,128 - INFO - Beginning optimization with guess, [6.80241909].
2024-02-13 14:39:36,183 - INFO - Finished optimization with guess, [6.80241909].
2024-02-13 14:39:36,184 - INFO - Best fit parameters: [6.80241909].
2024-02-13 14:39:36,216 - INFO - Maximum log composite likelihood: -22.711398426544747.
2024-02-13 14:39:36,217 - INFO - Optimal value of theta: 215.0402397752403.
2024-02-13 14:39:36,217 - INFO - Beginning optimization with guess, [6.54211247].
2024-02-13 14:39:37,268 - INFO - Finished optimization with guess, [6.54211247].
2024-02-13 14:39:37,269 - INFO - Best fit parameters: [6.54211247].
2024-02-13 14:39:37,301 - INFO - Maximum log composite likelihood: -22.711398426544747.
2024-02-13 14:39:37,301 - INFO - Optimal value of theta: 215.0402397752403.
2024-02-13 14:39:37,301 - INFO - Beginning optimization with guess, [3.15280097].
2024-02-13 14:39:38,348 - INFO - Finished optimization with guess, [3.15280097].
2024-02-13 14:39:38,348 - INFO - Best fit parameters: [3.15280097].
2024-02-13 14:39:38,381 - INFO - Maximum log composite likelihood: -22.711398426544747.
2024-02-13 14:39:38,381 - INFO - Optimal value of theta: 215.0402397752403.
2024-02-13 14:39:38,381 - INFO - Beginning optimization with guess, [7.53550712].
2024-02-13 14:39:39,440 - INFO - Finished optimization with guess, [7.53550712].
2024-02-13 14:39:39,440 - INFO - Best fit parameters: [7.53550712].
2024-02-13 14:39:39,473 - INFO - Maximum log composite likelihood: -22.711398426544747.
2024-02-13 14:39:39,473 - INFO - Optimal value of theta: 215.0402397752403.
2024-02-13 14:39:39,473 - INFO - Beginning optimization with guess, [15.58435876].
2024-02-13 14:39:40,620 - INFO - Finished optimization with guess, [15.58435876].
2024-02-13 14:39:40,620 - INFO - Best fit parameters: [15.58435876].
2024-02-13 14:39:40,653 - INFO - Maximum log composite likelihood: -22.711398426544747.
2024-02-13 14:39:40,653 - INFO - Optimal value of theta: 215.0402397752403.
2024-02-13 14:39:40,655 - INFO - Beginning demographic inference for two-epoch demographic model.
2024-02-13 14:39:40,657 - INFO - Beginning optimization with guess, [0.05339525 0.0050298 ].
2024-02-13 14:39:42,439 - INFO - Finished optimization with guess, [0.05339525 0.0050298 ].
2024-02-13 14:39:42,439 - INFO - Best fit parameters: [0.4224136  0.10065735].
2024-02-13 14:39:42,482 - INFO - Maximum log composite likelihood: -18.334496028364697.
2024-02-13 14:39:42,482 - INFO - Optimal value of theta: 259.151064093466.
2024-02-13 14:39:42,483 - INFO - Beginning optimization with guess, [0.13118471 0.01469365].
2024-02-13 14:39:44,582 - INFO - Finished optimization with guess, [0.13118471 0.01469365].
2024-02-13 14:39:44,582 - INFO - Best fit parameters: [0.49566241 0.33476269].
2024-02-13 14:39:44,642 - INFO - Maximum log composite likelihood: -17.62213007494381.
2024-02-13 14:39:44,643 - INFO - Optimal value of theta: 300.22661488656837.
2024-02-13 14:39:44,643 - INFO - Beginning optimization with guess, [0.40242809 0.01232198].
2024-02-13 14:39:46,896 - INFO - Finished optimization with guess, [0.40242809 0.01232198].
2024-02-13 14:39:46,897 - INFO - Best fit parameters: [0.49542229 0.37306962].
2024-02-13 14:39:46,963 - INFO - Maximum log composite likelihood: -17.621427171149037.
2024-02-13 14:39:46,963 - INFO - Optimal value of theta: 307.5028461970645.
2024-02-13 14:39:46,963 - INFO - Beginning optimization with guess, [0.25929365 0.01821381].
2024-02-13 14:39:49,482 - INFO - Finished optimization with guess, [0.25929365 0.01821381].
2024-02-13 14:39:49,482 - INFO - Best fit parameters: [0.3971358  0.43125175].
2024-02-13 14:39:49,558 - INFO - Maximum log composite likelihood: -17.574180126341844.
2024-02-13 14:39:49,558 - INFO - Optimal value of theta: 376.3684022924609.
2024-02-13 14:39:49,559 - INFO - Beginning optimization with guess, [0.34993176 0.01868035].
2024-02-13 14:39:51,841 - INFO - Finished optimization with guess, [0.34993176 0.01868035].
2024-02-13 14:39:51,842 - INFO - Best fit parameters: [0.42665471 0.38181897].
2024-02-13 14:39:51,914 - INFO - Maximum log composite likelihood: -17.594868545138297.
2024-02-13 14:39:51,914 - INFO - Optimal value of theta: 342.7674335083066.
2024-02-13 14:39:51,915 - INFO - Beginning optimization with guess, [0.52241095 0.01847613].
2024-02-13 14:39:55,456 - INFO - Finished optimization with guess, [0.52241095 0.01847613].
2024-02-13 14:39:55,456 - INFO - Best fit parameters: [0.30110352 0.45611509].
2024-02-13 14:39:55,548 - INFO - Maximum log composite likelihood: -17.568198408570765.
2024-02-13 14:39:55,548 - INFO - Optimal value of theta: 497.01853025103424.
2024-02-13 14:39:55,548 - INFO - Beginning optimization with guess, [0.71149261 0.00780057].
2024-02-13 14:39:58,569 - INFO - Finished optimization with guess, [0.71149261 0.00780057].
2024-02-13 14:39:58,570 - INFO - Best fit parameters: [0.44178294 0.41490423].
2024-02-13 14:39:58,640 - INFO - Maximum log composite likelihood: -17.58557346444809.
2024-02-13 14:39:58,640 - INFO - Optimal value of theta: 342.04613103038866.
2024-02-13 14:39:58,640 - INFO - Beginning optimization with guess, [0.40530769 0.01829717].
2024-02-13 14:40:00,783 - INFO - Finished optimization with guess, [0.40530769 0.01829717].
2024-02-13 14:40:00,783 - INFO - Best fit parameters: [0.50797067 0.34120524].
2024-02-13 14:40:00,842 - INFO - Maximum log composite likelihood: -17.633424987512115.
2024-02-13 14:40:00,842 - INFO - Optimal value of theta: 297.0175483838764.
2024-02-13 14:40:00,843 - INFO - Beginning optimization with guess, [0.53371225 0.00537247].
2024-02-13 14:40:04,743 - INFO - Finished optimization with guess, [0.53371225 0.00537247].
2024-02-13 14:40:04,743 - INFO - Best fit parameters: [0.29393794 0.45461315].
2024-02-13 14:40:04,836 - INFO - Maximum log composite likelihood: -17.568138938189122.
2024-02-13 14:40:04,836 - INFO - Optimal value of theta: 508.74471581696406.
2024-02-13 14:40:04,837 - INFO - Beginning optimization with guess, [0.87593561 0.01177811].
2024-02-13 14:40:07,363 - INFO - Finished optimization with guess, [0.87593561 0.01177811].
2024-02-13 14:40:07,363 - INFO - Best fit parameters: [0.76188285 0.34824142].
2024-02-13 14:40:07,413 - INFO - Maximum log composite likelihood: -19.305025170560782.
2024-02-13 14:40:07,414 - INFO - Optimal value of theta: 240.87021283342438.
2024-02-13 14:40:07,414 - INFO - Beginning optimization with guess, [1.34414332 0.00678724].
2024-02-13 14:40:16,505 - INFO - Finished optimization with guess, [1.34414332 0.00678724].
2024-02-13 14:40:16,506 - INFO - Best fit parameters: [0.45230078 0.32063197].
2024-02-13 14:40:16,568 - INFO - Maximum log composite likelihood: -17.651001255955407.
2024-02-13 14:40:16,568 - INFO - Optimal value of theta: 314.4816651057683.
2024-02-13 14:40:16,568 - INFO - Beginning optimization with guess, [2.87668001 0.01841236].
2024-02-13 14:40:19,858 - INFO - Finished optimization with guess, [2.87668001 0.01841236].
2024-02-13 14:40:19,858 - INFO - Best fit parameters: [0.4595167  0.36819804].
2024-02-13 14:40:19,923 - INFO - Maximum log composite likelihood: -17.596061128887072.
2024-02-13 14:40:19,924 - INFO - Optimal value of theta: 322.1651592636164.
2024-02-13 14:40:19,924 - INFO - Beginning optimization with guess, [2.18763575 0.01181779].
2024-02-13 14:40:23,733 - INFO - Finished optimization with guess, [2.18763575 0.01181779].
2024-02-13 14:40:23,734 - INFO - Best fit parameters: [0.376239   0.41303255].
2024-02-13 14:40:23,811 - INFO - Maximum log composite likelihood: -17.589719633774223.
2024-02-13 14:40:23,812 - INFO - Optimal value of theta: 387.904098858765.
2024-02-13 14:40:23,812 - INFO - Beginning optimization with guess, [3.68017286 0.01888064].
2024-02-13 14:40:26,702 - INFO - Finished optimization with guess, [3.68017286 0.01888064].
2024-02-13 14:40:26,703 - INFO - Best fit parameters: [0.48912985 0.36045959].
2024-02-13 14:40:26,765 - INFO - Maximum log composite likelihood: -17.612021495363933.
2024-02-13 14:40:26,765 - INFO - Optimal value of theta: 307.6536103359747.
2024-02-13 14:40:26,765 - INFO - Beginning optimization with guess, [3.75313003 0.01766048].
2024-02-13 14:40:29,720 - INFO - Finished optimization with guess, [3.75313003 0.01766048].
2024-02-13 14:40:29,720 - INFO - Best fit parameters: [0.47596085 0.33351865].
2024-02-13 14:40:29,782 - INFO - Maximum log composite likelihood: -17.61720312982419.
2024-02-13 14:40:29,782 - INFO - Optimal value of theta: 307.50469894112877.
2024-02-13 14:40:29,783 - INFO - Beginning optimization with guess, [2.16958209 0.016042  ].
2024-02-13 14:40:33,172 - INFO - Finished optimization with guess, [2.16958209 0.016042  ].
2024-02-13 14:40:33,173 - INFO - Best fit parameters: [0.44954145 0.4351664 ].
2024-02-13 14:40:33,244 - INFO - Maximum log composite likelihood: -17.603352870004585.
2024-02-13 14:40:33,244 - INFO - Optimal value of theta: 342.1049510906969.
2024-02-13 14:40:33,244 - INFO - Beginning optimization with guess, [5.43340385 0.00766071].
2024-02-13 14:40:38,003 - INFO - Finished optimization with guess, [5.43340385 0.00766071].
2024-02-13 14:40:38,004 - INFO - Best fit parameters: [0.45271072 0.38830188].
2024-02-13 14:40:38,069 - INFO - Maximum log composite likelihood: -17.5887960976753.
2024-02-13 14:40:38,070 - INFO - Optimal value of theta: 330.00973681434664.
2024-02-13 14:40:38,070 - INFO - Beginning optimization with guess, [2.81038592 0.01544266].
2024-02-13 14:40:41,551 - INFO - Finished optimization with guess, [2.81038592 0.01544266].
2024-02-13 14:40:41,551 - INFO - Best fit parameters: [0.40129867 0.44494635].
2024-02-13 14:40:41,627 - INFO - Maximum log composite likelihood: -17.576951999268942.
2024-02-13 14:40:41,627 - INFO - Optimal value of theta: 376.99912953947796.
2024-02-13 14:40:41,628 - INFO - Beginning optimization with guess, [2.14225281 0.01541703].
2024-02-13 14:40:45,039 - INFO - Finished optimization with guess, [2.14225281 0.01541703].
2024-02-13 14:40:45,040 - INFO - Best fit parameters: [0.45546264 0.43169874].
2024-02-13 14:40:45,110 - INFO - Maximum log composite likelihood: -17.606891944590018.
2024-02-13 14:40:45,111 - INFO - Optimal value of theta: 338.00410601006917.
2024-02-13 14:40:45,111 - INFO - Beginning optimization with guess, [6.29932988 0.00992755].
2024-02-13 14:40:49,315 - INFO - Finished optimization with guess, [6.29932988 0.00992755].
2024-02-13 14:40:49,316 - INFO - Best fit parameters: [0.47309784 0.33395631].
2024-02-13 14:40:49,377 - INFO - Maximum log composite likelihood: -17.61736348834887.
2024-02-13 14:40:49,377 - INFO - Optimal value of theta: 308.7519283824435.
2024-02-13 14:40:49,377 - INFO - Beginning optimization with guess, [5.24203251 0.01986524].
2024-02-13 14:40:51,081 - INFO - Finished optimization with guess, [5.24203251 0.01986524].
2024-02-13 14:40:51,081 - INFO - Best fit parameters: [0.02785795 0.00150755].
2024-02-13 14:40:51,117 - INFO - Maximum log composite likelihood: -19.431656925976938.
2024-02-13 14:40:51,117 - INFO - Optimal value of theta: 235.49308171045544.
2024-02-13 14:40:51,117 - INFO - Beginning optimization with guess, [4.03784802 0.01797369].
2024-02-13 14:40:53,907 - INFO - Finished optimization with guess, [4.03784802 0.01797369].
2024-02-13 14:40:53,908 - INFO - Best fit parameters: [0.473951   0.37465402].
2024-02-13 14:40:53,973 - INFO - Maximum log composite likelihood: -17.599944665881253.
2024-02-13 14:40:53,973 - INFO - Optimal value of theta: 316.89397062280153.
2024-02-13 14:40:53,974 - INFO - Beginning optimization with guess, [6.05216907 0.019206  ].
2024-02-13 14:40:56,310 - INFO - Finished optimization with guess, [6.05216907 0.019206  ].
2024-02-13 14:40:56,310 - INFO - Best fit parameters: [0.51706549 0.40359712].
2024-02-13 14:40:56,376 - INFO - Maximum log composite likelihood: -17.687505672207976.
2024-02-13 14:40:56,376 - INFO - Optimal value of theta: 304.2308750774757.
2024-02-13 14:40:56,377 - INFO - Beginning optimization with guess, [5.21162366 0.00613773].
2024-02-13 14:41:01,767 - INFO - Finished optimization with guess, [5.21162366 0.00613773].
2024-02-13 14:41:01,768 - INFO - Best fit parameters: [0.46744921 0.39690011].
2024-02-13 14:41:01,835 - INFO - Maximum log composite likelihood: -17.59842471761891.
2024-02-13 14:41:01,835 - INFO - Optimal value of theta: 324.49256888273123.
2024-02-13 14:41:01,835 - INFO - Beginning optimization with guess, [13.50133164  0.01981003].
2024-02-13 14:41:03,546 - INFO - Finished optimization with guess, [13.50133164  0.01981003].
2024-02-13 14:41:03,547 - INFO - Best fit parameters: [1.49777077e-04 9.21250943e-06].
2024-02-13 14:41:03,582 - INFO - Maximum log composite likelihood: -19.41526981851632.
2024-02-13 14:41:03,583 - INFO - Optimal value of theta: 238.94782975471745.
2024-02-13 14:41:03,585 - INFO - Beginning demographic inference for three-epoch demographic model.
2024-02-13 14:41:03,587 - INFO - Beginning optimization with guess, [0.00701039 0.01741252 0.007623   0.01629188].
2024-02-13 14:41:12,949 - INFO - Finished optimization with guess, [0.00701039 0.01741252 0.007623   0.01629188].
2024-02-13 14:41:12,950 - INFO - Best fit parameters: [0.00434943 0.0166512  0.01459899 0.01584732].
2024-02-13 14:41:13,153 - INFO - Maximum log composite likelihood: -17.56365534206003.
2024-02-13 14:41:13,153 - INFO - Optimal value of theta: 8915.848124265027.
2024-02-13 14:41:13,154 - INFO - Beginning optimization with guess, [0.01229572 0.01694942 0.0118053  0.01241594].
2024-02-13 14:41:22,648 - INFO - Finished optimization with guess, [0.01229572 0.01694942 0.0118053  0.01241594].
2024-02-13 14:41:22,649 - INFO - Best fit parameters: [0.00733141 0.01590223 0.02711973 0.0117457 ].
2024-02-13 14:41:22,859 - INFO - Maximum log composite likelihood: -17.550227047235353.
2024-02-13 14:41:22,859 - INFO - Optimal value of theta: 9559.886567650101.
2024-02-13 14:41:22,859 - INFO - Beginning optimization with guess, [0.04181277 0.03743182 0.01697283 0.01823925].
2024-02-13 14:41:27,182 - INFO - Finished optimization with guess, [0.04181277 0.03743182 0.01697283 0.01823925].
2024-02-13 14:41:27,183 - INFO - Best fit parameters: [0.00647795 0.21812353 0.01486566 0.01470352].
2024-02-13 14:41:27,306 - INFO - Maximum log composite likelihood: -16.95167856669724.
2024-02-13 14:41:27,306 - INFO - Optimal value of theta: 1960.3744102157798.
2024-02-13 14:41:27,306 - INFO - Beginning optimization with guess, [0.02084411 0.02781953 0.00774947 0.01108617].
2024-02-13 14:41:29,422 - INFO - Finished optimization with guess, [0.02084411 0.02781953 0.00774947 0.01108617].
2024-02-13 14:41:29,422 - INFO - Best fit parameters: [0.03834205 0.18341905 0.00159417 0.00506206].
2024-02-13 14:41:29,460 - INFO - Maximum log composite likelihood: -19.246602551563115.
2024-02-13 14:41:29,461 - INFO - Optimal value of theta: 238.84155612627703.
2024-02-13 14:41:29,461 - INFO - Beginning optimization with guess, [0.02613497 0.0664274  0.00768423 0.00657516].
2024-02-13 14:41:31,437 - INFO - Finished optimization with guess, [0.02613497 0.0664274  0.00768423 0.00657516].
2024-02-13 14:41:31,438 - INFO - Best fit parameters: [0.09641196 0.06474202 0.00306912 0.00246874].
2024-02-13 14:41:31,476 - INFO - Maximum log composite likelihood: -19.33379187153332.
2024-02-13 14:41:31,476 - INFO - Optimal value of theta: 239.79975254912267.
2024-02-13 14:41:31,477 - INFO - Beginning optimization with guess, [0.42634318 0.47381046 0.00915994 0.01509791].
2024-02-13 14:41:33,751 - INFO - Finished optimization with guess, [0.42634318 0.47381046 0.00915994 0.01509791].
2024-02-13 14:41:33,752 - INFO - Best fit parameters: [0.28815611 0.43845502 0.01019475 0.39689633].
2024-02-13 14:41:33,825 - INFO - Maximum log composite likelihood: -17.584130686821197.
2024-02-13 14:41:33,825 - INFO - Optimal value of theta: 344.4050453969299.
2024-02-13 14:41:33,826 - INFO - Beginning optimization with guess, [1.11463005 0.91559549 0.00884809 0.0117193 ].
2024-02-13 14:41:36,091 - INFO - Finished optimization with guess, [1.11463005 0.91559549 0.00884809 0.0117193 ].
2024-02-13 14:41:36,091 - INFO - Best fit parameters: [1.12116417 0.88608549 0.00676499 0.28960051].
2024-02-13 14:41:36,139 - INFO - Maximum log composite likelihood: -20.946436873337404.
2024-02-13 14:41:36,139 - INFO - Optimal value of theta: 224.24481476248496.
2024-02-13 14:41:36,140 - INFO - Beginning optimization with guess, [0.78568847 1.4278052  0.01434919 0.01649645].
2024-02-13 14:41:38,616 - INFO - Finished optimization with guess, [0.78568847 1.4278052  0.01434919 0.01649645].
2024-02-13 14:41:38,617 - INFO - Best fit parameters: [0.70235863 1.45013224 0.30516108 0.0040835 ].
2024-02-13 14:41:38,669 - INFO - Maximum log composite likelihood: -18.78825113736633.
2024-02-13 14:41:38,669 - INFO - Optimal value of theta: 246.2126690007284.
2024-02-13 14:41:38,669 - INFO - Beginning optimization with guess, [0.58980417 0.62111731 0.00569169 0.00578054].
2024-02-13 14:41:41,767 - INFO - Finished optimization with guess, [0.58980417 0.62111731 0.00569169 0.00578054].
2024-02-13 14:41:41,767 - INFO - Best fit parameters: [0.44900055 0.55765664 0.40596017 0.0052378 ].
2024-02-13 14:41:41,839 - INFO - Maximum log composite likelihood: -17.549330286628447.
2024-02-13 14:41:41,839 - INFO - Optimal value of theta: 335.9148646510679.
2024-02-13 14:41:41,839 - INFO - Beginning optimization with guess, [0.77393681 1.81180795 0.01014876 0.01386897].
2024-02-13 14:41:44,422 - INFO - Finished optimization with guess, [0.77393681 1.81180795 0.01014876 0.01386897].
2024-02-13 14:41:44,423 - INFO - Best fit parameters: [0.6869282  1.86543628 0.31814933 0.00302177].
2024-02-13 14:41:44,476 - INFO - Maximum log composite likelihood: -18.628436435050844.
2024-02-13 14:41:44,476 - INFO - Optimal value of theta: 249.71371379316332.
2024-02-13 14:41:44,476 - INFO - Beginning optimization with guess, [2.2848401  1.88526867 0.00525241 0.00675558].
2024-02-13 14:41:46,091 - INFO - Finished optimization with guess, [2.2848401  1.88526867 0.00525241 0.00675558].
2024-02-13 14:41:46,091 - INFO - Best fit parameters: [5.85069701e+00 9.06772979e-01 2.40238129e-04 3.11669478e-02].
2024-02-13 14:41:46,127 - INFO - Maximum log composite likelihood: -22.357830085830642.
2024-02-13 14:41:46,127 - INFO - Optimal value of theta: 216.16236299986193.
2024-02-13 14:41:46,128 - INFO - Beginning optimization with guess, [0.82064932 2.93800931 0.0051521  0.00553738].
2024-02-13 14:41:48,440 - INFO - Finished optimization with guess, [0.82064932 2.93800931 0.0051521  0.00553738].
2024-02-13 14:41:48,440 - INFO - Best fit parameters: [6.91636975e-01 1.10390644e+00 2.13298965e-01 1.19164285e-04].
2024-02-13 14:41:48,487 - INFO - Maximum log composite likelihood: -18.71714462504667.
2024-02-13 14:41:48,487 - INFO - Optimal value of theta: 241.15146449688157.
2024-02-13 14:41:48,488 - INFO - Beginning optimization with guess, [2.04978862 2.33539178 0.00536634 0.01145959].
2024-02-13 14:41:50,017 - INFO - Finished optimization with guess, [2.04978862 2.33539178 0.00536634 0.01145959].
2024-02-13 14:41:50,017 - INFO - Best fit parameters: [8.35145421e-01 1.46302667e+00 2.79630608e-04 4.31468922e-05].
2024-02-13 14:41:50,053 - INFO - Maximum log composite likelihood: -22.705848916994228.
2024-02-13 14:41:50,053 - INFO - Optimal value of theta: 215.0569508939751.
2024-02-13 14:41:50,053 - INFO - Beginning optimization with guess, [3.48149564 1.04715667 0.00501055 0.00952214].
2024-02-13 14:41:51,619 - INFO - Finished optimization with guess, [3.48149564 1.04715667 0.00501055 0.00952214].
2024-02-13 14:41:51,619 - INFO - Best fit parameters: [1.11451221e-08 1.03023978e+00 3.59491101e-58 7.18279110e-16].
2024-02-13 14:41:51,654 - INFO - Maximum log composite likelihood: -22.711398426544804.
2024-02-13 14:41:51,654 - INFO - Optimal value of theta: 215.04023977524193.
2024-02-13 14:41:51,655 - INFO - Beginning optimization with guess, [2.41151832 1.3598903  0.0082111  0.01528624].
2024-02-13 14:41:53,216 - INFO - Finished optimization with guess, [2.41151832 1.3598903  0.0082111  0.01528624].
2024-02-13 14:41:53,216 - INFO - Best fit parameters: [1.00966419e+00 8.80325700e-01 4.57998728e-05 5.03183587e-04].
2024-02-13 14:41:53,251 - INFO - Maximum log composite likelihood: -22.702313175833524.
2024-02-13 14:41:53,251 - INFO - Optimal value of theta: 215.06760979761168.
2024-02-13 14:41:53,251 - INFO - Beginning optimization with guess, [4.88047895 1.60315578 0.01753384 0.00719697].
2024-02-13 14:41:54,804 - INFO - Finished optimization with guess, [4.88047895 1.60315578 0.01753384 0.00719697].
2024-02-13 14:41:54,804 - INFO - Best fit parameters: [6.08648966e-01 9.45741690e-01 4.34606231e-05 9.19501505e-05].
2024-02-13 14:41:54,839 - INFO - Maximum log composite likelihood: -22.706947005588972.
2024-02-13 14:41:54,840 - INFO - Optimal value of theta: 215.05363912713244.
2024-02-13 14:41:54,840 - INFO - Beginning optimization with guess, [3.20386121 3.96770748 0.01698388 0.01546419].
2024-02-13 14:41:56,395 - INFO - Finished optimization with guess, [3.20386121 3.96770748 0.01698388 0.01546419].
2024-02-13 14:41:56,396 - INFO - Best fit parameters: [1.22489508e+00 5.48015199e-01 4.35194044e-04 1.21241724e-03].
2024-02-13 14:41:56,431 - INFO - Maximum log composite likelihood: -22.590683679844176.
2024-02-13 14:41:56,431 - INFO - Optimal value of theta: 215.4084218737718.
2024-02-13 14:41:56,432 - INFO - Beginning optimization with guess, [2.67370472 3.19973767 0.01595512 0.01457829].
2024-02-13 14:41:57,994 - INFO - Finished optimization with guess, [2.67370472 3.19973767 0.01595512 0.01457829].
2024-02-13 14:41:57,995 - INFO - Best fit parameters: [6.65119762e-01 1.01278892e+00 5.43892633e-04 1.51199102e-04].
2024-02-13 14:41:58,031 - INFO - Maximum log composite likelihood: -22.67521600139179.
2024-02-13 14:41:58,031 - INFO - Optimal value of theta: 215.14956882095711.
2024-02-13 14:41:58,032 - INFO - Beginning optimization with guess, [2.04356954 5.8926249  0.00824966 0.00648459].
2024-02-13 14:41:59,560 - INFO - Finished optimization with guess, [2.04356954 5.8926249  0.00824966 0.00648459].
2024-02-13 14:41:59,561 - INFO - Best fit parameters: [1.22463275e+00 5.04604342e-01 2.85275305e-05 4.62315050e-05].
2024-02-13 14:41:59,596 - INFO - Maximum log composite likelihood: -22.706010816299.
2024-02-13 14:41:59,597 - INFO - Optimal value of theta: 215.0564577109611.
2024-02-13 14:41:59,597 - INFO - Beginning optimization with guess, [3.88760712 4.021501   0.01353675 0.00632909].
2024-02-13 14:42:01,214 - INFO - Finished optimization with guess, [3.88760712 4.021501   0.01353675 0.00632909].
2024-02-13 14:42:01,214 - INFO - Best fit parameters: [2.23478541e+00 6.13075995e-01 9.61874312e-05 2.85994708e-04].
2024-02-13 14:42:01,249 - INFO - Maximum log composite likelihood: -22.694372920904527.
2024-02-13 14:42:01,250 - INFO - Optimal value of theta: 215.09156468813038.
2024-02-13 14:42:01,250 - INFO - Beginning optimization with guess, [3.44240525 7.75611764 0.01872546 0.01053135].
2024-02-13 14:42:02,833 - INFO - Finished optimization with guess, [3.44240525 7.75611764 0.01872546 0.01053135].
2024-02-13 14:42:02,834 - INFO - Best fit parameters: [1.58480225e-01 2.01031596e+01 6.28105886e-03 3.27662061e-05].
2024-02-13 14:42:02,870 - INFO - Maximum log composite likelihood: -19.928567228719828.
2024-02-13 14:42:02,870 - INFO - Optimal value of theta: 227.9547661496424.
2024-02-13 14:42:02,870 - INFO - Beginning optimization with guess, [8.02685206 9.41035618 0.01587774 0.01810312].
2024-02-13 14:42:04,488 - INFO - Finished optimization with guess, [8.02685206 9.41035618 0.01587774 0.01810312].
2024-02-13 14:42:04,488 - INFO - Best fit parameters: [2.09111905e-05 4.91383925e-12 5.73336884e-21 3.04126344e-13].
2024-02-13 14:42:04,524 - INFO - Maximum log composite likelihood: -19.416313743242938.
2024-02-13 14:42:04,525 - INFO - Optimal value of theta: 239.09774750470328.
2024-02-13 14:42:04,525 - INFO - Beginning optimization with guess, [5.06106674e+00 1.04294870e+01 7.79435895e-03 6.57468110e-03].
2024-02-13 14:42:06,054 - INFO - Finished optimization with guess, [5.06106674e+00 1.04294870e+01 7.79435895e-03 6.57468110e-03].
2024-02-13 14:42:06,054 - INFO - Best fit parameters: [3.61929125e-01 8.24629366e+00 5.12431436e-03 4.30938489e-06].
2024-02-13 14:42:06,089 - INFO - Maximum log composite likelihood: -21.66353010418544.
2024-02-13 14:42:06,089 - INFO - Optimal value of theta: 218.59203228071706.
2024-02-13 14:42:06,089 - INFO - Beginning optimization with guess, [9.68592709e+00 1.17228129e+01 9.26548578e-03 5.80318293e-03].
2024-02-13 14:42:07,671 - INFO - Finished optimization with guess, [9.68592709e+00 1.17228129e+01 9.26548578e-03 5.80318293e-03].
2024-02-13 14:42:07,672 - INFO - Best fit parameters: [3.65563320e+00 1.59418304e-01 2.04362520e-05 5.67182441e-04].
2024-02-13 14:42:07,706 - INFO - Maximum log composite likelihood: -22.33256098044842.
2024-02-13 14:42:07,706 - INFO - Optimal value of theta: 216.2277350205518.
2024-02-13 14:42:07,706 - INFO - Beginning optimization with guess, [1.35317977e+01 1.21921696e+01 5.59069543e-03 5.79952730e-03].
2024-02-13 14:42:09,222 - INFO - Finished optimization with guess, [1.35317977e+01 1.21921696e+01 5.59069543e-03 5.79952730e-03].
2024-02-13 14:42:09,223 - INFO - Best fit parameters: [1.78905076e+00 1.48544650e-04 2.72765141e-08 1.93938751e-06].
2024-02-13 14:42:09,257 - INFO - Maximum log composite likelihood: -21.26422637934843.
2024-02-13 14:42:09,258 - INFO - Optimal value of theta: 220.22595790104657.
2024-02-13 14:42:09,260 - INFO - Finished demographic inference.
2024-02-13 14:42:09,260 - INFO - Pipeline executed succesfully.
