2025-08-14 10:36:37,430 - INFO - Beginning execution of evaluate_demography.py in directory /u/project/kirk-bigdata/jonmah/sample_size_demography/Scripts

2025-08-14 10:36:37,430 - INFO - Progress is being logged to ../Analysis/dadi_3EpB_30/evaluate_demography.log

2025-08-14 10:36:37,430 - INFO - Parsed the following arguments:
	syn_input_sfs = ../Simulations/dadi_simulations/ThreeEpochBottleneck_30.sfs
	model_type = two_epoch
	params_list = [0.02494386, 0.08721538]
	L_syn = 100000000.0
	mask_singletons = False
	mask_doubletons = False
	outprefix = ../Analysis/dadi_3EpB_30/

2025-08-14 10:36:37,431 - INFO - Beginning demographic evaluation for two-epoch demographic model.
2025-08-14 10:36:37,434 - INFO - Beginning optimization with guess, [0.02494386, 0.08721538].
2025-08-14 10:36:37,434 - INFO - Finished optimization with guess, [0.02494386, 0.08721538].
2025-08-14 10:36:37,434 - INFO - Best fit parameters: [0.02494386, 0.08721538].
2025-08-14 10:36:37,547 - INFO - Maximum log composite likelihood: -721.7283840201526.
2025-08-14 10:36:37,548 - INFO - Optimal value of theta: 516443.0588148822.
2025-08-14 10:36:37,548 - INFO - Synonymous input SFS: [-- 18894.72887102132 7750.233578472591 6535.883323031574 6021.859346820879 5718.878385575726 5518.375884254352 5377.037989293138 5273.508734037268 5196.019364834463 5137.595291368047 5093.895557348749 5062.140098286444 5040.540328305362 5027.984549574305 2511.931971852161 -- -- -- -- -- -- -- -- -- -- -- -- -- -- --].
2025-08-14 10:36:37,548 - INFO - Scaled spectrum: [-- 16300.512485807687 9875.340281462744 7745.366717871719 6690.210562551846 6065.925120458726 5657.992563679406 5374.613454155987 5170.0349496441795 5019.000446688213 4906.537830750194 4823.328212720494 4763.403590123218 4722.9244491623085 4699.504374633623 2345.9182343660223 -- -- -- -- -- -- -- -- -- -- -- -- -- -- --].
2025-08-14 10:36:37,549 - INFO - Converting and interpreting Tau estimates.
2025-08-14 10:36:37,550 - INFO - Finished demographic inference.
2025-08-14 10:36:37,550 - INFO - Pipeline executed succesfully.
