2025-08-15 13:03:50,935 - INFO - Beginning execution of fit_demographic_model.py in directory /u/project/kirk-bigdata/jonmah/sample_size_demography/Scripts

2025-08-15 13:03:50,935 - INFO - Progress is being logged to ../Analysis/msprime_3EpB_30/log.log

2025-08-15 13:03:50,935 - INFO - Parsed the following arguments:
	syn_input_sfs = ../Simulations/simple_simulations/ThreeEpochBottleneck_30_concat.sfs
	mask_singletons = False
	mask_doubletons = False
	L_syn = 100000000.0
	input_params = []
	outprefix = ../Analysis/msprime_3EpB_30/

2025-08-15 13:03:50,974 - INFO - Beginning demographic inference for three-epoch demographic model.
2025-08-15 13:03:50,975 - INFO - Beginning optimization with guess, [0.0190848  0.00650451 0.17604454 0.07934369].
2025-08-15 13:03:53,524 - INFO - Finished optimization with guess, [0.0190848  0.00650451 0.17604454 0.07934369].
2025-08-15 13:03:53,524 - INFO - Best fit parameters: [0.02195293 0.01682825 0.17493486 0.02709789].
2025-08-15 13:03:53,572 - INFO - Maximum log composite likelihood: -4337.0943980961165.
2025-08-15 13:03:53,572 - INFO - Optimal value of theta: 1357758.382062027.
2025-08-15 13:03:53,572 - INFO - Beginning optimization with guess, [0.04128212 0.02923602 0.07521027 0.16688739].
2025-08-15 13:03:55,249 - INFO - Finished optimization with guess, [0.04128212 0.02923602 0.07521027 0.16688739].
2025-08-15 13:03:55,250 - INFO - Best fit parameters: [0.04938253 0.05324851 0.06117763 0.07875438].
2025-08-15 13:03:55,269 - INFO - Maximum log composite likelihood: -861.2919282842813.
2025-08-15 13:03:55,269 - INFO - Optimal value of theta: 245570.66459935592.
2025-08-15 13:03:55,270 - INFO - Beginning optimization with guess, [0.04551105 0.03169193 0.16560255 0.0608454 ].
2025-08-15 13:03:55,973 - INFO - Finished optimization with guess, [0.04551105 0.03169193 0.16560255 0.0608454 ].
2025-08-15 13:03:55,973 - INFO - Best fit parameters: [0.07081797 0.03126238 0.12625496 0.05264844].
2025-08-15 13:03:55,995 - INFO - Maximum log composite likelihood: -861.3804223298248.
2025-08-15 13:03:55,996 - INFO - Optimal value of theta: 418036.9920635371.
2025-08-15 13:03:55,996 - INFO - Beginning optimization with guess, [0.03971471 0.06225364 0.16701151 0.07726189].
2025-08-15 13:04:00,404 - INFO - Finished optimization with guess, [0.03971471 0.06225364 0.16701151 0.07726189].
2025-08-15 13:04:00,405 - INFO - Best fit parameters: [0.08790305 0.03940815 0.10217527 0.07822648].
2025-08-15 13:04:00,427 - INFO - Maximum log composite likelihood: -861.3153495148508.
2025-08-15 13:04:00,427 - INFO - Optimal value of theta: 331558.19556979643.
2025-08-15 13:04:00,427 - INFO - Beginning optimization with guess, [0.08687192 0.09940876 0.12063072 0.16114855].
2025-08-15 13:04:00,928 - INFO - Finished optimization with guess, [0.08687192 0.09940876 0.12063072 0.16114855].
2025-08-15 13:04:00,929 - INFO - Best fit parameters: [0.12087379 0.10945636 0.09139853 0.13306996].
2025-08-15 13:04:00,946 - INFO - Maximum log composite likelihood: -861.7761907796266.
2025-08-15 13:04:00,946 - INFO - Optimal value of theta: 120161.91317645516.
2025-08-15 13:04:00,946 - INFO - Beginning optimization with guess, [0.18434459 0.23466113 0.05112988 0.06286428].
2025-08-15 13:04:01,276 - INFO - Finished optimization with guess, [0.18434459 0.23466113 0.05112988 0.06286428].
2025-08-15 13:04:01,276 - INFO - Best fit parameters: [0.1080342  0.39040594 0.06806722 0.05261192].
2025-08-15 13:04:01,287 - INFO - Maximum log composite likelihood: -626.0056246448257.
2025-08-15 13:04:01,287 - INFO - Optimal value of theta: 49373.37280859825.
2025-08-15 13:04:01,288 - INFO - Beginning optimization with guess, [0.35958961 0.4670765  0.84270047 0.12118371].
2025-08-15 13:04:01,748 - INFO - Finished optimization with guess, [0.35958961 0.4670765  0.84270047 0.12118371].
2025-08-15 13:04:01,748 - INFO - Best fit parameters: [0.62223548 0.22764657 0.64269542 0.15546342].
2025-08-15 13:04:01,763 - INFO - Maximum log composite likelihood: -903.4966539308189.
2025-08-15 13:04:01,763 - INFO - Optimal value of theta: 57081.77720463745.
2025-08-15 13:04:01,764 - INFO - Beginning optimization with guess, [0.99324441 1.42884822 0.14508831 0.05326045].
2025-08-15 13:04:02,088 - INFO - Finished optimization with guess, [0.99324441 1.42884822 0.14508831 0.05326045].
2025-08-15 13:04:02,088 - INFO - Best fit parameters: [0.07345258 0.56619928 0.08568753 0.01456013].
2025-08-15 13:04:02,102 - INFO - Maximum log composite likelihood: -189.14046812484958.
2025-08-15 13:04:02,102 - INFO - Optimal value of theta: 76262.36388123552.
2025-08-15 13:04:02,102 - INFO - Beginning optimization with guess, [1.60869406 0.89117732 0.05108747 0.09603625].
2025-08-15 13:04:02,441 - INFO - Finished optimization with guess, [1.60869406 0.89117732 0.05108747 0.09603625].
2025-08-15 13:04:02,441 - INFO - Best fit parameters: [1.28858727 0.26235487 0.04656174 0.22258587].
2025-08-15 13:04:02,453 - INFO - Maximum log composite likelihood: -888.3797083012869.
2025-08-15 13:04:02,453 - INFO - Optimal value of theta: 48718.224881695925.
2025-08-15 13:04:02,453 - INFO - Beginning optimization with guess, [1.02426785 0.78207897 0.05610976 0.07438426].
2025-08-15 13:04:02,779 - INFO - Finished optimization with guess, [1.02426785 0.78207897 0.05610976 0.07438426].
2025-08-15 13:04:02,779 - INFO - Best fit parameters: [0.55743463 0.26825527 0.05946338 0.21408775].
2025-08-15 13:04:02,791 - INFO - Maximum log composite likelihood: -886.0856051915034.
2025-08-15 13:04:02,791 - INFO - Optimal value of theta: 48911.20258295011.
2025-08-15 13:04:02,791 - INFO - Beginning optimization with guess, [1.8873457  1.64663089 0.11692106 0.1883383 ].
2025-08-15 13:04:03,145 - INFO - Finished optimization with guess, [1.8873457  1.64663089 0.11692106 0.1883383 ].
2025-08-15 13:04:03,146 - INFO - Best fit parameters: [1.66183771 0.19134826 0.1128845  0.25474452].
2025-08-15 13:04:03,159 - INFO - Maximum log composite likelihood: -864.0300622214236.
2025-08-15 13:04:03,159 - INFO - Optimal value of theta: 68036.20172543878.
2025-08-15 13:04:03,160 - INFO - Beginning optimization with guess, [2.61064327 1.24426677 0.08092645 0.10389045].
2025-08-15 13:04:03,523 - INFO - Finished optimization with guess, [2.61064327 1.24426677 0.08092645 0.10389045].
2025-08-15 13:04:03,523 - INFO - Best fit parameters: [2.06430097 0.179638   0.06420924 0.25159325].
2025-08-15 13:04:03,537 - INFO - Maximum log composite likelihood: -863.1505837958903.
2025-08-15 13:04:03,537 - INFO - Optimal value of theta: 72639.21655836445.
2025-08-15 13:04:03,538 - INFO - Beginning optimization with guess, [1.16126759 1.10920791 0.14129442 0.09611074].
2025-08-15 13:04:03,864 - INFO - Finished optimization with guess, [1.16126759 1.10920791 0.14129442 0.09611074].
2025-08-15 13:04:03,864 - INFO - Best fit parameters: [0.50976974 0.26963111 0.14770622 0.17547592].
2025-08-15 13:04:03,876 - INFO - Maximum log composite likelihood: -896.7956942077908.
2025-08-15 13:04:03,876 - INFO - Optimal value of theta: 48214.81294245406.
2025-08-15 13:04:03,877 - INFO - Beginning optimization with guess, [4.24866658 1.15169658 0.08204949 0.05197017].
2025-08-15 13:04:04,303 - INFO - Finished optimization with guess, [4.24866658 1.15169658 0.08204949 0.05197017].
2025-08-15 13:04:04,304 - INFO - Best fit parameters: [2.91463735 0.34809163 0.03807713 0.2004704 ].
2025-08-15 13:04:04,315 - INFO - Maximum log composite likelihood: -998.3580379720916.
2025-08-15 13:04:04,315 - INFO - Optimal value of theta: 38357.85045901897.
2025-08-15 13:04:04,315 - INFO - Beginning optimization with guess, [1.84562439 2.6375176  0.1404046  0.0957207 ].
2025-08-15 13:04:04,700 - INFO - Finished optimization with guess, [1.84562439 2.6375176  0.1404046  0.0957207 ].
2025-08-15 13:04:04,700 - INFO - Best fit parameters: [0.13178179 0.16196042 0.14534468 0.06124523].
2025-08-15 13:04:04,714 - INFO - Maximum log composite likelihood: -838.3296774866903.
2025-08-15 13:04:04,715 - INFO - Optimal value of theta: 83284.29300581873.
2025-08-15 13:04:04,715 - INFO - Beginning optimization with guess, [2.00733197 1.89655596 0.12703023 0.1142496 ].
2025-08-15 13:04:05,115 - INFO - Finished optimization with guess, [2.00733197 1.89655596 0.12703023 0.1142496 ].
2025-08-15 13:04:05,115 - INFO - Best fit parameters: [0.81902111 0.2816302  0.0941528  0.23135294].
2025-08-15 13:04:05,127 - INFO - Maximum log composite likelihood: -895.1911551001613.
2025-08-15 13:04:05,127 - INFO - Optimal value of theta: 47739.00441902823.
2025-08-15 13:04:05,127 - INFO - Beginning optimization with guess, [1.82158144 3.99091381 0.13231388 0.07167812].
2025-08-15 13:04:05,520 - INFO - Finished optimization with guess, [1.82158144 3.99091381 0.13231388 0.07167812].
2025-08-15 13:04:05,520 - INFO - Best fit parameters: [0.14035027 1.71386763 0.09621933 0.01315129].
2025-08-15 13:04:05,531 - INFO - Maximum log composite likelihood: -148.27806607915045.
2025-08-15 13:04:05,531 - INFO - Optimal value of theta: 48740.63895119769.
2025-08-15 13:04:05,531 - INFO - Beginning optimization with guess, [3.52779545 3.73058702 0.11518202 0.06066777].
2025-08-15 13:04:05,808 - INFO - Finished optimization with guess, [3.52779545 3.73058702 0.11518202 0.06066777].
2025-08-15 13:04:05,808 - INFO - Best fit parameters: [0.0744627  0.87370127 0.04536279 0.02911309].
2025-08-15 13:04:05,818 - INFO - Maximum log composite likelihood: -255.24051538572166.
2025-08-15 13:04:05,819 - INFO - Optimal value of theta: 47345.34409927868.
2025-08-15 13:04:05,819 - INFO - Beginning optimization with guess, [2.79842985 3.93064348 0.06551061 0.09734275].
2025-08-15 13:04:06,090 - INFO - Finished optimization with guess, [2.79842985 3.93064348 0.06551061 0.09734275].
2025-08-15 13:04:06,090 - INFO - Best fit parameters: [0.53542237 0.18169752 0.0219837  0.04425042].
2025-08-15 13:04:06,099 - INFO - Maximum log composite likelihood: -1983.4605034293818.
2025-08-15 13:04:06,099 - INFO - Optimal value of theta: 36179.7027229267.
2025-08-15 13:04:06,099 - INFO - Beginning optimization with guess, [4.32154956 4.22492174 0.14525887 0.10356926].
2025-08-15 13:04:06,424 - INFO - Finished optimization with guess, [4.32154956 4.22492174 0.14525887 0.10356926].
2025-08-15 13:04:06,425 - INFO - Best fit parameters: [1.06087981 0.26906168 0.02813526 0.11656024].
2025-08-15 13:04:06,434 - INFO - Maximum log composite likelihood: -1185.4249445056994.
2025-08-15 13:04:06,435 - INFO - Optimal value of theta: 38727.544714998716.
2025-08-15 13:04:06,435 - INFO - Beginning optimization with guess, [5.20672055 2.87388497 0.10092611 0.08171438].
2025-08-15 13:04:07,152 - INFO - Finished optimization with guess, [5.20672055 2.87388497 0.10092611 0.08171438].
2025-08-15 13:04:07,152 - INFO - Best fit parameters: [2.04758125 0.04145545 0.01289951 0.12299048].
2025-08-15 13:04:07,172 - INFO - Maximum log composite likelihood: -862.4987845684409.
2025-08-15 13:04:07,172 - INFO - Optimal value of theta: 310976.7038775989.
2025-08-15 13:04:07,172 - INFO - Beginning optimization with guess, [6.70120898 5.03844866 0.16765239 0.18157529].
2025-08-15 13:04:08,533 - INFO - Finished optimization with guess, [6.70120898 5.03844866 0.16765239 0.18157529].
2025-08-15 13:04:08,533 - INFO - Best fit parameters: [2.88926138 0.03371712 0.02239112 0.10856315].
2025-08-15 13:04:08,554 - INFO - Maximum log composite likelihood: -861.3025803194287.
2025-08-15 13:04:08,554 - INFO - Optimal value of theta: 387577.90226443106.
2025-08-15 13:04:08,554 - INFO - Beginning optimization with guess, [2.97761031 6.77381246 0.10344938 0.06788682].
2025-08-15 13:04:08,908 - INFO - Finished optimization with guess, [2.97761031 6.77381246 0.10344938 0.06788682].
2025-08-15 13:04:08,908 - INFO - Best fit parameters: [0.0873128  2.44456038 0.04634741 0.01085899].
2025-08-15 13:04:08,918 - INFO - Maximum log composite likelihood: -437.2738440842295.
2025-08-15 13:04:08,918 - INFO - Optimal value of theta: 46737.57706484991.
2025-08-15 13:04:08,918 - INFO - Beginning optimization with guess, [5.19909159 5.58477807 0.06525243 0.08573456].
2025-08-15 13:04:09,204 - INFO - Finished optimization with guess, [5.19909159 5.58477807 0.06525243 0.08573456].
2025-08-15 13:04:09,204 - INFO - Best fit parameters: [1.77321828 0.33501199 0.00643626 0.01574842].
2025-08-15 13:04:09,213 - INFO - Maximum log composite likelihood: -3632.732285187336.
2025-08-15 13:04:09,213 - INFO - Optimal value of theta: 26062.4359832877.
2025-08-15 13:04:09,213 - INFO - Beginning optimization with guess, [3.12219681 2.79412626 0.06800326 0.11668314].
2025-08-15 13:04:09,844 - INFO - Finished optimization with guess, [3.12219681 2.79412626 0.06800326 0.11668314].
2025-08-15 13:04:09,845 - INFO - Best fit parameters: [1.30250319 0.03533651 0.02113478 0.11369348].
2025-08-15 13:04:09,866 - INFO - Maximum log composite likelihood: -865.5031381234403.
2025-08-15 13:04:09,866 - INFO - Optimal value of theta: 379201.9791886345.
2025-08-15 13:04:09,867 - INFO - Converting and interpreting Tau estimates.
2025-08-15 13:04:09,868 - INFO - Finished demographic inference.
2025-08-15 13:04:09,868 - INFO - Pipeline executed succesfully.
