2025-01-30 16:51:24,887 - INFO - Beginning execution of fit_demographic_model.py in directory /u/scratch/j/jonmah/sample_size_demography/Scripts

2025-01-30 16:51:24,887 - INFO - Progress is being logged to ../Analysis/ThreeEpochExpansion_300/log.log

2025-01-30 16:51:24,887 - INFO - Parsed the following arguments:
	syn_input_sfs = ../Analysis/ThreeEpochExpansion_300/syn_downsampled_sfs.txt
	mask_singletons = False
	mask_doubletons = False
	outprefix = ../Analysis/ThreeEpochExpansion_300/

2025-01-30 16:51:24,892 - INFO - Beginning demographic inference for two-epoch demographic model.
2025-01-30 16:51:24,895 - INFO - Beginning optimization with guess, [0.0055032  0.12280836].
2025-01-30 16:52:38,255 - INFO - Finished optimization with guess, [0.0055032  0.12280836].
2025-01-30 16:52:38,256 - INFO - Best fit parameters: [0.00384061 0.13577187].
2025-01-30 16:52:39,344 - INFO - Maximum log composite likelihood: -7006.6021769444005.
2025-01-30 16:52:39,344 - INFO - Optimal value of theta: 4486088.249984364.
2025-01-30 16:52:39,344 - INFO - Beginning optimization with guess, [0.11413927 0.08142888].
2025-01-30 16:58:16,398 - INFO - Finished optimization with guess, [0.11413927 0.08142888].
2025-01-30 16:58:16,399 - INFO - Best fit parameters: [ 0.06974564 20.20058382].
2025-01-30 16:58:21,504 - INFO - Maximum log composite likelihood: -7006.602177056267.
2025-01-30 16:58:21,504 - INFO - Optimal value of theta: 247030.5223725401.
2025-01-30 16:58:21,504 - INFO - Beginning optimization with guess, [0.72565589 0.11533043].
2025-01-30 16:58:48,890 - INFO - Finished optimization with guess, [0.72565589 0.11533043].
2025-01-30 16:58:48,890 - INFO - Best fit parameters: [2.66455553 0.07082034].
2025-01-30 16:58:49,444 - INFO - Maximum log composite likelihood: -673.5132115418116.
2025-01-30 16:58:49,444 - INFO - Optimal value of theta: 12177.000386050144.
2025-01-30 16:58:49,444 - INFO - Beginning optimization with guess, [2.2801682  0.07036477].
2025-01-30 16:59:16,591 - INFO - Finished optimization with guess, [2.2801682  0.07036477].
2025-01-30 16:59:16,591 - INFO - Best fit parameters: [2.65529029 0.07076412].
2025-01-30 16:59:17,139 - INFO - Maximum log composite likelihood: -673.4350574506706.
2025-01-30 16:59:17,139 - INFO - Optimal value of theta: 12191.944386879391.
2025-01-30 16:59:17,140 - INFO - Beginning optimization with guess, [2.80677314 0.15158894].
2025-01-30 16:59:43,550 - INFO - Finished optimization with guess, [2.80677314 0.15158894].
2025-01-30 16:59:43,551 - INFO - Best fit parameters: [2.65484786 0.0706993 ].
2025-01-30 16:59:44,126 - INFO - Maximum log composite likelihood: -673.4357376589894.
2025-01-30 16:59:44,126 - INFO - Optimal value of theta: 12194.28005873459.
2025-01-30 16:59:44,127 - INFO - Beginning optimization with guess, [4.64448601 0.08027407].
2025-01-30 17:00:11,542 - INFO - Finished optimization with guess, [4.64448601 0.08027407].
2025-01-30 17:00:11,543 - INFO - Best fit parameters: [2.65443886 0.07062624].
2025-01-30 17:00:12,109 - INFO - Maximum log composite likelihood: -673.438131817011.
2025-01-30 17:00:12,110 - INFO - Optimal value of theta: 12196.78446004139.
2025-01-30 17:00:12,110 - INFO - Beginning optimization with guess, [6.01356901 0.05611212].
2025-01-30 17:00:37,472 - INFO - Finished optimization with guess, [6.01356901 0.05611212].
2025-01-30 17:00:37,473 - INFO - Best fit parameters: [2.6610393  0.07187893].
2025-01-30 17:00:38,021 - INFO - Maximum log composite likelihood: -673.6218528367601.
2025-01-30 17:00:38,021 - INFO - Optimal value of theta: 12154.836102115543.
2025-01-30 17:00:38,021 - INFO - Beginning optimization with guess, [8.43223246 0.14344284].
2025-01-30 17:01:05,486 - INFO - Finished optimization with guess, [8.43223246 0.14344284].
2025-01-30 17:01:05,487 - INFO - Best fit parameters: [2.65536788 0.07092233].
2025-01-30 17:01:06,037 - INFO - Maximum log composite likelihood: -673.4374354303745.
2025-01-30 17:01:06,037 - INFO - Optimal value of theta: 12187.716675548396.
2025-01-30 17:01:06,037 - INFO - Beginning optimization with guess, [13.77754518  0.11794677].
2025-01-30 17:01:34,020 - INFO - Finished optimization with guess, [13.77754518  0.11794677].
2025-01-30 17:01:34,021 - INFO - Best fit parameters: [2.65400294 0.07061546].
2025-01-30 17:01:34,569 - INFO - Maximum log composite likelihood: -673.4396581706371.
2025-01-30 17:01:34,569 - INFO - Optimal value of theta: 12197.701929562669.
2025-01-30 17:01:34,570 - INFO - Beginning optimization with guess, [14.79695279  0.15929838].
2025-01-30 17:02:01,461 - INFO - Finished optimization with guess, [14.79695279  0.15929838].
2025-01-30 17:02:01,461 - INFO - Best fit parameters: [2.65327285 0.07090758].
2025-01-30 17:02:02,009 - INFO - Maximum log composite likelihood: -673.4378025720064.
2025-01-30 17:02:02,009 - INFO - Optimal value of theta: 12191.16252472061.
2025-01-30 17:02:02,010 - INFO - Beginning optimization with guess, [47.00432021  0.06289083].
2025-01-30 17:02:28,687 - INFO - Finished optimization with guess, [47.00432021  0.06289083].
2025-01-30 17:02:28,689 - INFO - Best fit parameters: [2.67951786 0.069036  ].
2025-01-30 17:02:29,253 - INFO - Maximum log composite likelihood: -673.8734927312232.
2025-01-30 17:02:29,254 - INFO - Optimal value of theta: 12203.593344710369.
2025-01-30 17:02:29,254 - INFO - Beginning optimization with guess, [19.65216962  0.15287234].
2025-01-30 17:02:56,281 - INFO - Finished optimization with guess, [19.65216962  0.15287234].
2025-01-30 17:02:56,282 - INFO - Best fit parameters: [2.66041552 0.07028105].
2025-01-30 17:02:56,845 - INFO - Maximum log composite likelihood: -673.4613263139195.
2025-01-30 17:02:56,845 - INFO - Optimal value of theta: 12197.182206457233.
2025-01-30 17:02:56,845 - INFO - Beginning optimization with guess, [20.90135402  0.15188815].
2025-01-30 17:03:23,696 - INFO - Finished optimization with guess, [20.90135402  0.15188815].
2025-01-30 17:03:23,697 - INFO - Best fit parameters: [2.6575437  0.07132835].
2025-01-30 17:03:24,245 - INFO - Maximum log composite likelihood: -673.4779275097212.
2025-01-30 17:03:24,245 - INFO - Optimal value of theta: 12174.042540955958.
2025-01-30 17:03:24,246 - INFO - Beginning optimization with guess, [71.61504574  0.13873405].
2025-01-30 17:03:51,125 - INFO - Finished optimization with guess, [71.61504574  0.13873405].
2025-01-30 17:03:51,126 - INFO - Best fit parameters: [2.64541327 0.07101677].
2025-01-30 17:03:51,674 - INFO - Maximum log composite likelihood: -673.5034865162994.
2025-01-30 17:03:51,674 - INFO - Optimal value of theta: 12199.879084159962.
2025-01-30 17:03:51,674 - INFO - Beginning optimization with guess, [71.37340554  0.18864915].
2025-01-30 17:04:19,755 - INFO - Finished optimization with guess, [71.37340554  0.18864915].
2025-01-30 17:04:19,756 - INFO - Best fit parameters: [2.65507491 0.07064976].
2025-01-30 17:04:20,303 - INFO - Maximum log composite likelihood: -673.4364593748933.
2025-01-30 17:04:20,303 - INFO - Optimal value of theta: 12195.242780317994.
2025-01-30 17:04:20,303 - INFO - Beginning optimization with guess, [62.66457979  0.15012994].
2025-01-30 17:04:46,557 - INFO - Finished optimization with guess, [62.66457979  0.15012994].
2025-01-30 17:04:46,559 - INFO - Best fit parameters: [2.65022623 0.06997828].
2025-01-30 17:04:47,089 - INFO - Maximum log composite likelihood: -673.5432940684726.
2025-01-30 17:04:47,089 - INFO - Optimal value of theta: 12219.972971289655.
2025-01-30 17:04:47,090 - INFO - Beginning optimization with guess, [7.60631218e+01 6.24057531e-02].
2025-01-30 17:05:12,089 - INFO - Finished optimization with guess, [7.60631218e+01 6.24057531e-02].
2025-01-30 17:05:12,090 - INFO - Best fit parameters: [2.63829748 0.07321653].
2025-01-30 17:05:12,636 - INFO - Maximum log composite likelihood: -673.9282472295918.
2025-01-30 17:05:12,636 - INFO - Optimal value of theta: 12155.432101098668.
2025-01-30 17:05:12,637 - INFO - Beginning optimization with guess, [44.76485988  0.05445684].
2025-01-30 17:05:39,125 - INFO - Finished optimization with guess, [44.76485988  0.05445684].
2025-01-30 17:05:39,126 - INFO - Best fit parameters: [2.61940962 0.06896875].
2025-01-30 17:05:39,681 - INFO - Maximum log composite likelihood: -675.3175648387803.
2025-01-30 17:05:39,681 - INFO - Optimal value of theta: 12291.907540110979.
2025-01-30 17:05:39,681 - INFO - Beginning optimization with guess, [66.09078272  0.0726639 ].
2025-01-30 17:06:06,705 - INFO - Finished optimization with guess, [66.09078272  0.0726639 ].
2025-01-30 17:06:06,706 - INFO - Best fit parameters: [2.68377456 0.06867092].
2025-01-30 17:06:07,249 - INFO - Maximum log composite likelihood: -674.0419587268193.
2025-01-30 17:06:07,249 - INFO - Optimal value of theta: 12207.783939940102.
2025-01-30 17:06:07,249 - INFO - Beginning optimization with guess, [76.53454689  0.10141764].
2025-01-30 17:06:33,574 - INFO - Finished optimization with guess, [76.53454689  0.10141764].
2025-01-30 17:06:33,575 - INFO - Best fit parameters: [2.69279582 0.06971001].
2025-01-30 17:06:34,138 - INFO - Maximum log composite likelihood: -674.3879109847526.
2025-01-30 17:06:34,138 - INFO - Optimal value of theta: 12166.395052169157.
2025-01-30 17:06:34,138 - INFO - Beginning optimization with guess, [1.43929542e+02 6.51623676e-02].
2025-01-30 17:07:00,552 - INFO - Finished optimization with guess, [1.43929542e+02 6.51623676e-02].
2025-01-30 17:07:00,553 - INFO - Best fit parameters: [2.63785072 0.0722036 ].
2025-01-30 17:07:01,105 - INFO - Maximum log composite likelihood: -673.7035190808065.
2025-01-30 17:07:01,105 - INFO - Optimal value of theta: 12181.047425048504.
2025-01-30 17:07:01,105 - INFO - Beginning optimization with guess, [2.16081742e+02 6.16506569e-02].
2025-01-30 17:07:27,646 - INFO - Finished optimization with guess, [2.16081742e+02 6.16506569e-02].
2025-01-30 17:07:27,647 - INFO - Best fit parameters: [2.54679081 0.06216336].
2025-01-30 17:07:28,195 - INFO - Maximum log composite likelihood: -699.8983350096961.
2025-01-30 17:07:28,195 - INFO - Optimal value of theta: 12593.71815413741.
2025-01-30 17:07:28,195 - INFO - Beginning optimization with guess, [1.95542627e+02 7.17406190e-02].
2025-01-30 17:07:54,308 - INFO - Finished optimization with guess, [1.95542627e+02 7.17406190e-02].
2025-01-30 17:07:54,309 - INFO - Best fit parameters: [2.60998718 0.07644735].
2025-01-30 17:07:54,843 - INFO - Maximum log composite likelihood: -677.9673864047078.
2025-01-30 17:07:54,843 - INFO - Optimal value of theta: 12115.259231922964.
2025-01-30 17:07:54,844 - INFO - Beginning optimization with guess, [3.12557071e+02 8.21381903e-02].
2025-01-30 17:08:21,122 - INFO - Finished optimization with guess, [3.12557071e+02 8.21381903e-02].
2025-01-30 17:08:21,124 - INFO - Best fit parameters: [2.61863401 0.07087532].
2025-01-30 17:08:21,698 - INFO - Maximum log composite likelihood: -674.5571787230458.
2025-01-30 17:08:21,698 - INFO - Optimal value of theta: 12243.302509622792.
2025-01-30 17:08:21,699 - INFO - Beginning optimization with guess, [2.12187076e+02 7.71522168e-02].
2025-01-30 17:08:47,633 - INFO - Finished optimization with guess, [2.12187076e+02 7.71522168e-02].
2025-01-30 17:08:47,634 - INFO - Best fit parameters: [2.61047174 0.06785047].
2025-01-30 17:08:48,195 - INFO - Maximum log composite likelihood: -676.9749522162333.
2025-01-30 17:08:48,196 - INFO - Optimal value of theta: 12335.305605843409.
2025-01-30 17:08:48,200 - INFO - Beginning demographic inference for three-epoch demographic model.
2025-01-30 17:08:48,204 - INFO - Beginning optimization with guess, [0.014209   0.00949753 0.14559425 0.07509509].
2025-01-30 17:10:56,085 - INFO - Finished optimization with guess, [0.014209   0.00949753 0.14559425 0.07509509].
2025-01-30 17:10:56,086 - INFO - Best fit parameters: [0.00687885 0.00262681 0.14338514 0.20635081].
2025-01-30 17:10:58,199 - INFO - Maximum log composite likelihood: -7006.602177000649.
2025-01-30 17:10:58,200 - INFO - Optimal value of theta: 6559015.307019864.
2025-01-30 17:10:58,200 - INFO - Beginning optimization with guess, [0.08652672 0.18390846 0.08397972 0.12272632].
2025-01-30 17:11:28,109 - INFO - Finished optimization with guess, [0.08652672 0.18390846 0.08397972 0.12272632].
2025-01-30 17:11:28,109 - INFO - Best fit parameters: [0.04949389 0.19243399 0.17707537 0.10433393].
2025-01-30 17:11:28,725 - INFO - Maximum log composite likelihood: -3388.2915062054094.
2025-01-30 17:11:28,725 - INFO - Optimal value of theta: 108153.57877604746.
2025-01-30 17:11:28,726 - INFO - Beginning optimization with guess, [0.79465164 0.31684833 0.07272951 0.14715903].
2025-01-30 17:11:55,028 - INFO - Finished optimization with guess, [0.79465164 0.31684833 0.07272951 0.14715903].
2025-01-30 17:11:55,029 - INFO - Best fit parameters: [0.6506817  2.66705457 0.01181746 0.11174937].
2025-01-30 17:11:55,589 - INFO - Maximum log composite likelihood: -770.9289267926758.
2025-01-30 17:11:55,589 - INFO - Optimal value of theta: 11475.125289546193.
2025-01-30 17:11:55,590 - INFO - Beginning optimization with guess, [1.32203045 0.64581131 0.15543356 0.065665  ].
2025-01-30 17:12:20,241 - INFO - Finished optimization with guess, [1.32203045 0.64581131 0.15543356 0.065665  ].
2025-01-30 17:12:20,242 - INFO - Best fit parameters: [1.73096696e+00 3.86200536e+00 6.03115810e-02 2.96146681e-03].
2025-01-30 17:12:20,799 - INFO - Maximum log composite likelihood: -1264.8888165451774.
2025-01-30 17:12:20,799 - INFO - Optimal value of theta: 13821.2322748275.
2025-01-30 17:12:20,800 - INFO - Beginning optimization with guess, [5.53619498 2.48276292 0.10475104 0.11755613].
2025-01-30 17:12:47,302 - INFO - Finished optimization with guess, [5.53619498 2.48276292 0.10475104 0.11755613].
2025-01-30 17:12:47,303 - INFO - Best fit parameters: [1.32397969 2.6549886  0.0378791  0.05802175].
2025-01-30 17:12:47,857 - INFO - Maximum log composite likelihood: -660.0324749233739.
2025-01-30 17:12:47,857 - INFO - Optimal value of theta: 12237.346789231973.
2025-01-30 17:12:47,858 - INFO - Beginning optimization with guess, [8.79044251 5.2441144  0.09482109 0.0504154 ].
2025-01-30 17:13:14,488 - INFO - Finished optimization with guess, [8.79044251 5.2441144  0.09482109 0.0504154 ].
2025-01-30 17:13:14,490 - INFO - Best fit parameters: [4.67993571 2.31253193 0.02783192 0.03736489].
2025-01-30 17:13:15,044 - INFO - Maximum log composite likelihood: -751.3241648917333.
2025-01-30 17:13:15,045 - INFO - Optimal value of theta: 12420.23956597776.
2025-01-30 17:13:15,045 - INFO - Beginning optimization with guess, [12.81981337  4.30077856  0.05113009  0.0918843 ].
2025-01-30 17:13:39,490 - INFO - Finished optimization with guess, [12.81981337  4.30077856  0.05113009  0.0918843 ].
2025-01-30 17:13:39,491 - INFO - Best fit parameters: [7.14566716 2.55411948 0.01459408 0.05234712].
2025-01-30 17:13:40,047 - INFO - Maximum log composite likelihood: -691.415558420159.
2025-01-30 17:13:40,047 - INFO - Optimal value of theta: 12209.921081672126.
2025-01-30 17:13:40,047 - INFO - Beginning optimization with guess, [5.40940468 6.5361062  0.09482023 0.07141833].
2025-01-30 17:14:05,634 - INFO - Finished optimization with guess, [5.40940468 6.5361062  0.09482023 0.07141833].
2025-01-30 17:14:05,635 - INFO - Best fit parameters: [5.29795077 2.31177582 0.05886813 0.03388371].
2025-01-30 17:14:06,191 - INFO - Maximum log composite likelihood: -1003.6972456306294.
2025-01-30 17:14:06,191 - INFO - Optimal value of theta: 11276.387977976738.
2025-01-30 17:14:06,191 - INFO - Beginning optimization with guess, [10.84811821  5.35668533  0.0591928   0.07822056].
2025-01-30 17:14:30,481 - INFO - Finished optimization with guess, [10.84811821  5.35668533  0.0591928   0.07822056].
2025-01-30 17:14:30,481 - INFO - Best fit parameters: [7.29450608 2.49121549 0.01735459 0.04158824].
2025-01-30 17:14:31,022 - INFO - Maximum log composite likelihood: -705.2979120876487.
2025-01-30 17:14:31,022 - INFO - Optimal value of theta: 12413.509321941376.
2025-01-30 17:14:31,023 - INFO - Beginning optimization with guess, [9.73793481 9.77296442 0.05763967 0.06252536].
2025-01-30 17:14:57,925 - INFO - Finished optimization with guess, [9.73793481 9.77296442 0.05763967 0.06252536].
2025-01-30 17:14:57,926 - INFO - Best fit parameters: [11.08433929  2.41550705  0.02525618  0.05196951].
2025-01-30 17:14:58,485 - INFO - Maximum log composite likelihood: -769.4495496403753.
2025-01-30 17:14:58,485 - INFO - Optimal value of theta: 11909.457617485034.
2025-01-30 17:14:58,485 - INFO - Beginning optimization with guess, [ 7.88841785 17.61877512  0.05230559  0.07329187].
2025-01-30 17:15:24,631 - INFO - Finished optimization with guess, [ 7.88841785 17.61877512  0.05230559  0.07329187].
2025-01-30 17:15:24,632 - INFO - Best fit parameters: [8.28523262 2.42892222 0.02492601 0.02492585].
2025-01-30 17:15:25,187 - INFO - Maximum log composite likelihood: -752.9167431823757.
2025-01-30 17:15:25,187 - INFO - Optimal value of theta: 12355.969361503145.
2025-01-30 17:15:25,188 - INFO - Beginning optimization with guess, [11.41517837 16.49847005  0.09580512  0.14110644].
2025-01-30 17:15:49,832 - INFO - Finished optimization with guess, [11.41517837 16.49847005  0.09580512  0.14110644].
2025-01-30 17:15:49,833 - INFO - Best fit parameters: [14.57718605  2.45684327  0.05083386  0.09489429].
2025-01-30 17:15:50,381 - INFO - Maximum log composite likelihood: -1292.7049046946945.
2025-01-30 17:15:50,381 - INFO - Optimal value of theta: 10739.314098162651.
2025-01-30 17:15:50,381 - INFO - Beginning optimization with guess, [14.16109892 13.86224168  0.07254785  0.12062393].
2025-01-30 17:16:15,978 - INFO - Finished optimization with guess, [14.16109892 13.86224168  0.07254785  0.12062393].
2025-01-30 17:16:15,979 - INFO - Best fit parameters: [17.54020777  2.46995712  0.04192767  0.07274864].
2025-01-30 17:16:16,521 - INFO - Maximum log composite likelihood: -1083.855830085945.
2025-01-30 17:16:16,522 - INFO - Optimal value of theta: 11010.791336678232.
2025-01-30 17:16:16,522 - INFO - Beginning optimization with guess, [13.78476461 31.56189597  0.16582651  0.12559216].
2025-01-30 17:16:41,586 - INFO - Finished optimization with guess, [13.78476461 31.56189597  0.16582651  0.12559216].
2025-01-30 17:16:41,586 - INFO - Best fit parameters: [16.49992699  2.45109098  0.09541052  0.07655206].
2025-01-30 17:16:42,127 - INFO - Maximum log composite likelihood: -2118.7229870562287.
2025-01-30 17:16:42,127 - INFO - Optimal value of theta: 9795.32177904306.
2025-01-30 17:16:42,127 - INFO - Beginning optimization with guess, [19.67813603 18.21352114  0.05719414  0.05078776].
2025-01-30 17:17:08,102 - INFO - Finished optimization with guess, [19.67813603 18.21352114  0.05719414  0.05078776].
2025-01-30 17:17:08,103 - INFO - Best fit parameters: [2.17805929e+01 2.37093591e+00 1.75137718e-02 2.13653934e-02].
2025-01-30 17:17:08,643 - INFO - Maximum log composite likelihood: -823.4068097520774.
2025-01-30 17:17:08,643 - INFO - Optimal value of theta: 12725.596751020877.
2025-01-30 17:17:08,643 - INFO - Beginning optimization with guess, [28.93975113 44.91563206  0.08672362  0.12013768].
2025-01-30 17:17:34,038 - INFO - Finished optimization with guess, [28.93975113 44.91563206  0.08672362  0.12013768].
2025-01-30 17:17:34,039 - INFO - Best fit parameters: [36.20717258  2.50320267  0.05581221  0.06442338].
2025-01-30 17:17:34,581 - INFO - Maximum log composite likelihood: -1417.8322842848795.
2025-01-30 17:17:34,581 - INFO - Optimal value of theta: 10457.855550510776.
2025-01-30 17:17:34,581 - INFO - Beginning optimization with guess, [21.55017112 20.01697254  0.10603262  0.07647296].
2025-01-30 17:18:01,247 - INFO - Finished optimization with guess, [21.55017112 20.01697254  0.10603262  0.07647296].
2025-01-30 17:18:01,249 - INFO - Best fit parameters: [23.34695002  2.21921818  0.03954948  0.03771812].
2025-01-30 17:18:01,801 - INFO - Maximum log composite likelihood: -955.9654792632091.
2025-01-30 17:18:01,801 - INFO - Optimal value of theta: 11489.448095141775.
2025-01-30 17:18:01,801 - INFO - Beginning optimization with guess, [20.73704215 45.49547247  0.13091438  0.15972029].
2025-01-30 17:18:27,319 - INFO - Finished optimization with guess, [20.73704215 45.49547247  0.13091438  0.15972029].
2025-01-30 17:18:27,320 - INFO - Best fit parameters: [20.64225637  2.13902711  0.05363488  0.07066716].
2025-01-30 17:18:27,860 - INFO - Maximum log composite likelihood: -1370.6601199582697.
2025-01-30 17:18:27,860 - INFO - Optimal value of theta: 11291.272567038654.
2025-01-30 17:18:27,861 - INFO - Beginning optimization with guess, [21.57014899 18.37535731  0.18983297  0.05039502].
2025-01-30 17:18:53,309 - INFO - Finished optimization with guess, [21.57014899 18.37535731  0.18983297  0.05039502].
2025-01-30 17:18:53,310 - INFO - Best fit parameters: [1.7790344  4.7836695  0.1064034  0.01240445].
2025-01-30 17:18:53,850 - INFO - Maximum log composite likelihood: -598.016807581645.
2025-01-30 17:18:53,850 - INFO - Optimal value of theta: 12046.49802601762.
2025-01-30 17:18:53,851 - INFO - Beginning optimization with guess, [36.29247652 18.76005924  0.19715728  0.0643212 ].
2025-01-30 17:19:19,283 - INFO - Finished optimization with guess, [36.29247652 18.76005924  0.19715728  0.0643212 ].
2025-01-30 17:19:19,285 - INFO - Best fit parameters: [36.55593119  1.95757385  0.08600811  0.04689675].
2025-01-30 17:19:19,825 - INFO - Maximum log composite likelihood: -2059.359849760956.
2025-01-30 17:19:19,825 - INFO - Optimal value of theta: 10313.287252683293.
2025-01-30 17:19:19,825 - INFO - Beginning optimization with guess, [34.73706203 59.1307652   0.06367857  0.16033173].
2025-01-30 17:19:46,344 - INFO - Finished optimization with guess, [34.73706203 59.1307652   0.06367857  0.16033173].
2025-01-30 17:19:46,345 - INFO - Best fit parameters: [4.56649365e+01 2.50498756e+00 4.25383493e-02 8.64304179e-02].
2025-01-30 17:19:46,884 - INFO - Maximum log composite likelihood: -1201.483808090536.
2025-01-30 17:19:46,885 - INFO - Optimal value of theta: 10773.921098558685.
2025-01-30 17:19:46,885 - INFO - Beginning optimization with guess, [3.93512800e+01 9.69335646e+01 5.87476714e-02 5.84140459e-02].
2025-01-30 17:20:10,440 - INFO - Finished optimization with guess, [3.93512800e+01 9.69335646e+01 5.87476714e-02 5.84140459e-02].
2025-01-30 17:20:10,441 - INFO - Best fit parameters: [4.76778539e+01 2.35978506e+00 1.91628235e-02 2.30103427e-02].
2025-01-30 17:20:10,995 - INFO - Maximum log composite likelihood: -823.5630133177972.
2025-01-30 17:20:10,995 - INFO - Optimal value of theta: 12474.486435161352.
2025-01-30 17:20:10,995 - INFO - Beginning optimization with guess, [34.03368369 69.73850802  0.09563672  0.09987007].
2025-01-30 17:20:37,583 - INFO - Finished optimization with guess, [34.03368369 69.73850802  0.09563672  0.09987007].
2025-01-30 17:20:37,584 - INFO - Best fit parameters: [4.02586466e+01 2.23180006e+00 3.37331080e-02 3.79020667e-02].
2025-01-30 17:20:38,136 - INFO - Maximum log composite likelihood: -883.0536651623263.
2025-01-30 17:20:38,137 - INFO - Optimal value of theta: 11671.897588868707.
2025-01-30 17:20:38,137 - INFO - Beginning optimization with guess, [3.56678267e+01 7.30027420e+01 1.64255892e-01 5.01074236e-02].
2025-01-30 17:21:03,427 - INFO - Finished optimization with guess, [3.56678267e+01 7.30027420e+01 1.64255892e-01 5.01074236e-02].
2025-01-30 17:21:03,428 - INFO - Best fit parameters: [11.47936622  1.58436962  0.05572704  0.02277468].
2025-01-30 17:21:03,997 - INFO - Maximum log composite likelihood: -1247.5907348954283.
2025-01-30 17:21:03,997 - INFO - Optimal value of theta: 11796.214762846277.
2025-01-30 17:21:03,998 - INFO - Beginning optimization with guess, [58.5755448  61.11306862  0.0649001   0.07331337].
2025-01-30 17:21:30,644 - INFO - Finished optimization with guess, [58.5755448  61.11306862  0.0649001   0.07331337].
2025-01-30 17:21:30,645 - INFO - Best fit parameters: [5.97267243e+01 2.26272413e+00 1.59619644e-02 2.70556320e-02].
2025-01-30 17:21:31,184 - INFO - Maximum log composite likelihood: -776.1121928444581.
2025-01-30 17:21:31,184 - INFO - Optimal value of theta: 12820.994346303474.
2025-01-30 17:21:31,190 - INFO - Finished demographic inference.
2025-01-30 17:21:31,191 - INFO - Pipeline executed succesfully.
