2025-07-30 17:41:19,082 - INFO - Beginning execution of fit_demographic_model.py in directory /u/project/kirk/jonmah/sample_size_demography/Scripts

2025-07-30 17:41:19,083 - INFO - Progress is being logged to ../Analysis/dadi_3EpB_590/log.log

2025-07-30 17:41:19,083 - INFO - Parsed the following arguments:
	syn_input_sfs = ../Simulations/dadi_simulations/ThreeEpochBottleneck_590.sfs
	mask_singletons = False
	mask_doubletons = False
	L_syn = 100000000.0
	outprefix = ../Analysis/dadi_3EpB_590/

2025-07-30 17:41:19,086 - INFO - Beginning demographic inference for two-epoch demographic model.
2025-07-30 17:41:19,088 - INFO - Beginning optimization with guess, [0.01, 0.1].
2025-07-30 17:43:29,962 - INFO - Finished optimization with guess, [0.01, 0.1].
2025-07-30 17:43:29,963 - INFO - Best fit parameters: [0.00230409 0.29853826].
2025-07-30 17:43:36,075 - INFO - Maximum log composite likelihood: -70538.34836734972.
2025-07-30 17:43:36,075 - INFO - Optimal value of theta: 14235017.626576526.
2025-07-30 17:43:36,075 - INFO - Beginning optimization with guess, [0.025, 0.1].
2025-07-30 17:44:42,602 - INFO - Finished optimization with guess, [0.025, 0.1].
2025-07-30 17:44:42,603 - INFO - Best fit parameters: [0.00509391 0.33496544].
2025-07-30 17:44:46,748 - INFO - Maximum log composite likelihood: -70538.34836765158.
2025-07-30 17:44:46,748 - INFO - Optimal value of theta: 6438821.29675623.
2025-07-30 17:44:46,748 - INFO - Beginning optimization with guess, [0.05, 0.1].
2025-07-30 17:47:57,057 - INFO - Finished optimization with guess, [0.05, 0.1].
2025-07-30 17:47:57,059 - INFO - Best fit parameters: [0.00432299 0.8293732 ].
2025-07-30 17:48:05,088 - INFO - Maximum log composite likelihood: -70538.3483677529.
2025-07-30 17:48:05,090 - INFO - Optimal value of theta: 7587058.880644158.
2025-07-30 17:48:05,090 - INFO - Beginning optimization with guess, [0.075, 0.1].
2025-07-30 17:49:35,993 - INFO - Finished optimization with guess, [0.075, 0.1].
2025-07-30 17:49:35,994 - INFO - Best fit parameters: [0.01128366 0.84139514].
2025-07-30 17:49:40,393 - INFO - Maximum log composite likelihood: -70538.34836741263.
2025-07-30 17:49:40,393 - INFO - Optimal value of theta: 2906753.452693069.
2025-07-30 17:49:40,393 - INFO - Beginning optimization with guess, [0.1, 0.1].
2025-07-30 17:50:58,053 - INFO - Finished optimization with guess, [0.1, 0.1].
2025-07-30 17:50:58,054 - INFO - Best fit parameters: [0.02083291 1.12201845].
2025-07-30 17:51:01,821 - INFO - Maximum log composite likelihood: -70538.34836798113.
2025-07-30 17:51:01,822 - INFO - Optimal value of theta: 1574374.3634183835.
2025-07-30 17:51:01,822 - INFO - Beginning optimization with guess, [0.25, 0.1].
2025-07-30 17:51:44,301 - INFO - Finished optimization with guess, [0.25, 0.1].
2025-07-30 17:51:44,303 - INFO - Best fit parameters: [2.46219821e+01 2.31031860e-02].
2025-07-30 17:51:46,412 - INFO - Maximum log composite likelihood: -14499.642166141588.
2025-07-30 17:51:46,412 - INFO - Optimal value of theta: 18598.04572008541.
2025-07-30 17:51:46,412 - INFO - Beginning optimization with guess, [0.5, 0.1].
2025-07-30 17:52:28,872 - INFO - Finished optimization with guess, [0.5, 0.1].
2025-07-30 17:52:28,873 - INFO - Best fit parameters: [2.18448115e+01 1.67503327e-02].
2025-07-30 17:52:30,994 - INFO - Maximum log composite likelihood: -14535.832219572912.
2025-07-30 17:52:30,994 - INFO - Optimal value of theta: 20917.924550479347.
2025-07-30 17:52:30,994 - INFO - Beginning optimization with guess, [0.75, 0.1].
2025-07-30 17:58:05,608 - INFO - Finished optimization with guess, [0.75, 0.1].
2025-07-30 17:58:05,609 - INFO - Best fit parameters: [  0.6271407  459.72698853].
2025-07-30 17:58:30,253 - INFO - Maximum log composite likelihood: -70538.34836787632.
2025-07-30 17:58:30,254 - INFO - Optimal value of theta: 52298.95638386022.
2025-07-30 17:58:30,254 - INFO - Beginning optimization with guess, [1, 0.1].
2025-07-30 17:59:10,932 - INFO - Finished optimization with guess, [1, 0.1].
2025-07-30 17:59:10,933 - INFO - Best fit parameters: [1.02090297 0.30947459].
2025-07-30 17:59:13,059 - INFO - Maximum log composite likelihood: -70257.91474251873.
2025-07-30 17:59:13,059 - INFO - Optimal value of theta: 32356.513703516925.
2025-07-30 17:59:13,059 - INFO - Beginning optimization with guess, [1.25, 0.1].
2025-07-30 17:59:57,677 - INFO - Finished optimization with guess, [1.25, 0.1].
2025-07-30 17:59:57,679 - INFO - Best fit parameters: [1.43159518 0.01559353].
2025-07-30 17:59:59,798 - INFO - Maximum log composite likelihood: -55863.457783243946.
2025-07-30 17:59:59,798 - INFO - Optimal value of theta: 30269.21108288644.
2025-07-30 17:59:59,798 - INFO - Beginning optimization with guess, [1.5, 0.1].
2025-07-30 18:00:40,157 - INFO - Finished optimization with guess, [1.5, 0.1].
2025-07-30 18:00:40,158 - INFO - Best fit parameters: [1.75965364 0.01654817].
2025-07-30 18:00:42,280 - INFO - Maximum log composite likelihood: -48557.272359800125.
2025-07-30 18:00:42,280 - INFO - Optimal value of theta: 28900.871068167293.
2025-07-30 18:00:42,280 - INFO - Beginning optimization with guess, [1.75, 0.1].
2025-07-30 18:01:22,733 - INFO - Finished optimization with guess, [1.75, 0.1].
2025-07-30 18:01:22,735 - INFO - Best fit parameters: [2.18139483 0.01654817].
2025-07-30 18:01:24,851 - INFO - Maximum log composite likelihood: -42357.04709000174.
2025-07-30 18:01:24,852 - INFO - Optimal value of theta: 27758.600422447926.
2025-07-30 18:01:24,852 - INFO - Beginning optimization with guess, [2, 0.1].
2025-07-30 18:02:05,250 - INFO - Finished optimization with guess, [2, 0.1].
2025-07-30 18:02:05,252 - INFO - Best fit parameters: [2.62760789 0.01654817].
2025-07-30 18:02:07,389 - INFO - Maximum log composite likelihood: -37321.808404586845.
2025-07-30 18:02:07,389 - INFO - Optimal value of theta: 26819.334303176478.
2025-07-30 18:02:07,389 - INFO - Beginning optimization with guess, [2.25, 0.1].
2025-07-30 18:02:52,094 - INFO - Finished optimization with guess, [2.25, 0.1].
2025-07-30 18:02:52,095 - INFO - Best fit parameters: [4.06083566 0.02190912].
2025-07-30 18:02:54,228 - INFO - Maximum log composite likelihood: -27344.33254743922.
2025-07-30 18:02:54,228 - INFO - Optimal value of theta: 23819.035328628124.
2025-07-30 18:02:54,228 - INFO - Beginning optimization with guess, [2.5, 0.1].
2025-07-30 18:03:36,858 - INFO - Finished optimization with guess, [2.5, 0.1].
2025-07-30 18:03:36,859 - INFO - Best fit parameters: [4.87180703 0.02190912].
2025-07-30 18:03:38,976 - INFO - Maximum log composite likelihood: -24902.517097049516.
2025-07-30 18:03:38,976 - INFO - Optimal value of theta: 23208.389123318404.
2025-07-30 18:03:38,976 - INFO - Beginning optimization with guess, [2.75, 0.1].
2025-07-30 18:04:21,570 - INFO - Finished optimization with guess, [2.75, 0.1].
2025-07-30 18:04:21,571 - INFO - Best fit parameters: [5.74409761 0.02190912].
2025-07-30 18:04:23,693 - INFO - Maximum log composite likelihood: -23407.05259879741.
2025-07-30 18:04:23,693 - INFO - Optimal value of theta: 22770.80956495978.
2025-07-30 18:04:23,693 - INFO - Beginning optimization with guess, [3, 0.1].
2025-07-30 18:05:06,228 - INFO - Finished optimization with guess, [3, 0.1].
2025-07-30 18:05:06,229 - INFO - Best fit parameters: [6.6761359  0.02190912].
2025-07-30 18:05:08,352 - INFO - Maximum log composite likelihood: -21353.84527653788.
2025-07-30 18:05:08,352 - INFO - Optimal value of theta: 22216.84800810313.
2025-07-30 18:05:08,352 - INFO - Beginning optimization with guess, [3.25, 0.1].
2025-07-30 18:05:50,966 - INFO - Finished optimization with guess, [3.25, 0.1].
2025-07-30 18:05:50,967 - INFO - Best fit parameters: [7.66652283 0.02190912].
2025-07-30 18:05:53,090 - INFO - Maximum log composite likelihood: -19723.44405120287.
2025-07-30 18:05:53,090 - INFO - Optimal value of theta: 21743.79853400694.
2025-07-30 18:05:53,091 - INFO - Beginning optimization with guess, [3.5, 0.1].
2025-07-30 18:06:35,581 - INFO - Finished optimization with guess, [3.5, 0.1].
2025-07-30 18:06:35,583 - INFO - Best fit parameters: [8.71400067 0.02190912].
2025-07-30 18:06:37,705 - INFO - Maximum log composite likelihood: -18426.990416482324.
2025-07-30 18:06:37,706 - INFO - Optimal value of theta: 21335.86475461917.
2025-07-30 18:06:37,706 - INFO - Beginning optimization with guess, [3.75, 0.1].
2025-07-30 18:07:20,669 - INFO - Finished optimization with guess, [3.75, 0.1].
2025-07-30 18:07:20,670 - INFO - Best fit parameters: [9.81742935 0.02190912].
2025-07-30 18:07:22,787 - INFO - Maximum log composite likelihood: -17397.230579563697.
2025-07-30 18:07:22,787 - INFO - Optimal value of theta: 20981.08430817949.
2025-07-30 18:07:22,787 - INFO - Beginning optimization with guess, [4, 0.1].
2025-07-30 18:08:05,263 - INFO - Finished optimization with guess, [4, 0.1].
2025-07-30 18:08:05,265 - INFO - Best fit parameters: [10.9757681   0.02190912].
2025-07-30 18:08:07,387 - INFO - Maximum log composite likelihood: -16582.42433097137.
2025-07-30 18:08:07,388 - INFO - Optimal value of theta: 20670.226932312537.
2025-07-30 18:08:07,388 - INFO - Beginning optimization with guess, [4.25, 0.1].
2025-07-30 18:08:51,990 - INFO - Finished optimization with guess, [4.25, 0.1].
2025-07-30 18:08:51,991 - INFO - Best fit parameters: [12.18806102  0.02190912].
2025-07-30 18:08:54,107 - INFO - Maximum log composite likelihood: -15942.206439634405.
2025-07-30 18:08:54,108 - INFO - Optimal value of theta: 20396.05467410694.
2025-07-30 18:08:54,108 - INFO - Beginning optimization with guess, [4.5, 0.1].
2025-07-30 18:09:38,879 - INFO - Finished optimization with guess, [4.5, 0.1].
2025-07-30 18:09:38,882 - INFO - Best fit parameters: [13.45342541  0.02190912].
2025-07-30 18:09:41,068 - INFO - Maximum log composite likelihood: -15444.704342508232.
2025-07-30 18:09:41,068 - INFO - Optimal value of theta: 20152.811602667218.
2025-07-30 18:09:41,068 - INFO - Beginning optimization with guess, [4.75, 0.1].
2025-07-30 18:10:26,033 - INFO - Finished optimization with guess, [4.75, 0.1].
2025-07-30 18:10:26,035 - INFO - Best fit parameters: [14.77104238  0.02190912].
2025-07-30 18:10:28,153 - INFO - Maximum log composite likelihood: -15064.486979017898.
2025-07-30 18:10:28,153 - INFO - Optimal value of theta: 19935.86349816797.
2025-07-30 18:10:28,153 - INFO - Beginning optimization with guess, [5, 0.1].
2025-07-30 18:11:10,664 - INFO - Finished optimization with guess, [5, 0.1].
2025-07-30 18:11:10,675 - INFO - Best fit parameters: [9.42300548 0.01654817].
2025-07-30 18:11:12,865 - INFO - Maximum log composite likelihood: -18412.121938720833.
2025-07-30 18:11:12,866 - INFO - Optimal value of theta: 22623.857093398423.
2025-07-30 18:11:12,872 - INFO - Converting and interpreting Tau estimates.
2025-07-30 18:11:12,874 - INFO - Finished demographic inference.
2025-07-30 18:11:12,875 - INFO - Pipeline executed succesfully.
