2025-04-15 07:44:47,974 - INFO - Beginning execution of fit_dfe.py in directory /u/project/kirk/jonmah/sample_size_demography/Scripts

2025-04-15 07:44:47,974 - INFO - Progress is being logged to ../Analysis/gnomAD_100/log.log

2025-04-15 07:44:47,974 - INFO - Parsed the following arguments:
	syn_input_sfs = ../Analysis/gnomAD_100/syn_downsampled_sfs.txt
	nonsyn_input_sfs = ../Analysis/gnomAD_100/nonsyn_downsampled_sfs.txt
	input_demography = ../Analysis/gnomAD_100/three_epoch_demography.txt
	input_model = three_epoch
	initial_alpha = 0.2
	initial_beta = 0.1
	L_syn = 7505993.0
	outprefix = ../Analysis/gnomAD_100/

2025-04-15 07:44:48,043 - INFO - Loading input demography.
2025-04-15 07:44:48,044 - INFO - Input demographic parameters are: [0.59676135, 13.85862909, 0.06340317, 0.02376675].
2025-04-15 07:44:48,044 - INFO - Input theta_syn is: 5505.063037212494.
2025-04-15 07:44:48,044 - INFO - Generating spectrum from input demography.
2025-04-15 07:44:59,954 - INFO - Fitting DFE.
2025-04-15 07:45:48,524 - WARNING - The integral is probably divergent, or slowly convergent.
2025-04-15 07:45:48,650 - WARNING - The algorithm does not converge.  Roundoff error is detected
  in the extrapolation table.  It is assumed that the requested tolerance
  cannot be achieved, and that the returned result (if full_output = 1) is 
  the best which can be obtained.
2025-04-15 07:46:36,332 - INFO - Fitting Neutral + Gamma DFE
2025-04-15 07:47:46,062 - INFO - Computing intermediate summary statistics.
2025-04-15 07:47:46,063 - INFO - Outputting results.
2025-04-15 07:47:46,101 - INFO - Pipeline executed succesfully.
