2024-03-16 14:39:50,537 - INFO - Beginning execution of fit_demographic_model.py in directory /u/project/kirk/jonmah/sample_size_demography/Scripts

2024-03-16 14:39:50,538 - INFO - Progress is being logged to ../Analysis/ThreeEpochContraction_740/log.log

2024-03-16 14:39:50,538 - INFO - Parsed the following arguments:
	syn_input_sfs = ../Analysis/ThreeEpochContraction_740/syn_downsampled_sfs.txt
	mask_singletons = False
	mask_doubletons = False
	outprefix = ../Analysis/ThreeEpochContraction_740/

2024-03-16 14:39:50,565 - INFO - Beginning demographic inference for one-epoch demographic model.
2024-03-16 14:39:50,570 - INFO - Beginning optimization with guess, [0.18627476].
2024-03-16 14:40:48,043 - INFO - Finished optimization with guess, [0.18627476].
2024-03-16 14:40:48,045 - INFO - Best fit parameters: [0.18627476].
2024-03-16 14:40:49,843 - INFO - Maximum log composite likelihood: -5984.5086777616725.
2024-03-16 14:40:49,843 - INFO - Optimal value of theta: 7033.56854501899.
2024-03-16 14:40:49,843 - INFO - Beginning optimization with guess, [0.18805895].
2024-03-16 14:41:47,295 - INFO - Finished optimization with guess, [0.18805895].
2024-03-16 14:41:47,297 - INFO - Best fit parameters: [0.18805895].
2024-03-16 14:41:49,096 - INFO - Maximum log composite likelihood: -5984.5086777616725.
2024-03-16 14:41:49,096 - INFO - Optimal value of theta: 7033.56854501899.
2024-03-16 14:41:49,097 - INFO - Beginning optimization with guess, [0.58829659].
2024-03-16 14:42:41,151 - INFO - Finished optimization with guess, [0.58829659].
2024-03-16 14:42:41,152 - INFO - Best fit parameters: [0.58829659].
2024-03-16 14:42:42,950 - INFO - Maximum log composite likelihood: -5984.5086777616725.
2024-03-16 14:42:42,950 - INFO - Optimal value of theta: 7033.56854501899.
2024-03-16 14:42:42,950 - INFO - Beginning optimization with guess, [0.55799793].
2024-03-16 14:43:34,991 - INFO - Finished optimization with guess, [0.55799793].
2024-03-16 14:43:34,992 - INFO - Best fit parameters: [0.55799793].
2024-03-16 14:43:36,789 - INFO - Maximum log composite likelihood: -5984.5086777616725.
2024-03-16 14:43:36,790 - INFO - Optimal value of theta: 7033.56854501899.
2024-03-16 14:43:36,790 - INFO - Beginning optimization with guess, [0.47939546].
2024-03-16 14:44:28,811 - INFO - Finished optimization with guess, [0.47939546].
2024-03-16 14:44:28,812 - INFO - Best fit parameters: [0.47939546].
2024-03-16 14:44:30,608 - INFO - Maximum log composite likelihood: -5984.5086777616725.
2024-03-16 14:44:30,608 - INFO - Optimal value of theta: 7033.56854501899.
2024-03-16 14:44:30,608 - INFO - Beginning optimization with guess, [1.07118744].
2024-03-16 14:45:06,477 - INFO - Finished optimization with guess, [1.07118744].
2024-03-16 14:45:06,479 - INFO - Best fit parameters: [1.07118744].
2024-03-16 14:45:08,276 - INFO - Maximum log composite likelihood: -5984.5086777616725.
2024-03-16 14:45:08,276 - INFO - Optimal value of theta: 7033.56854501899.
2024-03-16 14:45:08,276 - INFO - Beginning optimization with guess, [1.22016814].
2024-03-16 14:45:49,524 - INFO - Finished optimization with guess, [1.22016814].
2024-03-16 14:45:49,525 - INFO - Best fit parameters: [1.22016814].
2024-03-16 14:45:51,323 - INFO - Maximum log composite likelihood: -5984.5086777616725.
2024-03-16 14:45:51,323 - INFO - Optimal value of theta: 7033.56854501899.
2024-03-16 14:45:51,323 - INFO - Beginning optimization with guess, [0.5544512].
2024-03-16 14:46:43,332 - INFO - Finished optimization with guess, [0.5544512].
2024-03-16 14:46:43,333 - INFO - Best fit parameters: [0.5544512].
2024-03-16 14:46:45,130 - INFO - Maximum log composite likelihood: -5984.5086777616725.
2024-03-16 14:46:45,130 - INFO - Optimal value of theta: 7033.56854501899.
2024-03-16 14:46:45,130 - INFO - Beginning optimization with guess, [0.90963394].
2024-03-16 14:47:20,998 - INFO - Finished optimization with guess, [0.90963394].
2024-03-16 14:47:21,240 - INFO - Best fit parameters: [0.90963394].
2024-03-16 14:47:23,043 - INFO - Maximum log composite likelihood: -5984.5086777616725.
2024-03-16 14:47:23,043 - INFO - Optimal value of theta: 7033.56854501899.
2024-03-16 14:47:23,043 - INFO - Beginning optimization with guess, [1.54573449].
2024-03-16 14:48:09,701 - INFO - Finished optimization with guess, [1.54573449].
2024-03-16 14:48:09,702 - INFO - Best fit parameters: [1.54573449].
2024-03-16 14:48:11,500 - INFO - Maximum log composite likelihood: -5984.5086777616725.
2024-03-16 14:48:11,501 - INFO - Optimal value of theta: 7033.56854501899.
2024-03-16 14:48:11,501 - INFO - Beginning optimization with guess, [2.29848451].
2024-03-16 14:49:03,791 - INFO - Finished optimization with guess, [2.29848451].
2024-03-16 14:49:03,792 - INFO - Best fit parameters: [2.29848451].
2024-03-16 14:49:05,589 - INFO - Maximum log composite likelihood: -5984.5086777616725.
2024-03-16 14:49:05,589 - INFO - Optimal value of theta: 7033.56854501899.
2024-03-16 14:49:05,589 - INFO - Beginning optimization with guess, [0.82167108].
2024-03-16 14:49:55,226 - INFO - Finished optimization with guess, [0.82167108].
2024-03-16 14:49:55,231 - INFO - Best fit parameters: [0.82167108].
2024-03-16 14:49:57,614 - INFO - Maximum log composite likelihood: -5984.5086777616725.
2024-03-16 14:49:57,614 - INFO - Optimal value of theta: 7033.56854501899.
2024-03-16 14:49:57,614 - INFO - Beginning optimization with guess, [1.22795913].
2024-03-16 14:50:49,361 - INFO - Finished optimization with guess, [1.22795913].
2024-03-16 14:50:49,362 - INFO - Best fit parameters: [1.22795913].
2024-03-16 14:50:51,278 - INFO - Maximum log composite likelihood: -5984.5086777616725.
2024-03-16 14:50:51,278 - INFO - Optimal value of theta: 7033.56854501899.
2024-03-16 14:50:51,278 - INFO - Beginning optimization with guess, [3.49357826].
2024-03-16 14:51:56,719 - INFO - Finished optimization with guess, [3.49357826].
2024-03-16 14:51:56,721 - INFO - Best fit parameters: [3.49357826].
2024-03-16 14:51:59,293 - INFO - Maximum log composite likelihood: -5984.5086777616725.
2024-03-16 14:51:59,294 - INFO - Optimal value of theta: 7033.56854501899.
2024-03-16 14:51:59,294 - INFO - Beginning optimization with guess, [3.55030999].
2024-03-16 14:53:14,761 - INFO - Finished optimization with guess, [3.55030999].
2024-03-16 14:53:14,771 - INFO - Best fit parameters: [3.55030999].
2024-03-16 14:53:17,105 - INFO - Maximum log composite likelihood: -5984.5086777616725.
2024-03-16 14:53:17,105 - INFO - Optimal value of theta: 7033.56854501899.
2024-03-16 14:53:17,106 - INFO - Beginning optimization with guess, [3.81091741].
2024-03-16 14:54:21,679 - INFO - Finished optimization with guess, [3.81091741].
2024-03-16 14:54:21,681 - INFO - Best fit parameters: [3.81091741].
2024-03-16 14:54:24,025 - INFO - Maximum log composite likelihood: -5984.5086777616725.
2024-03-16 14:54:24,026 - INFO - Optimal value of theta: 7033.56854501899.
2024-03-16 14:54:24,026 - INFO - Beginning optimization with guess, [4.24517925].
2024-03-16 14:55:33,275 - INFO - Finished optimization with guess, [4.24517925].
2024-03-16 14:55:33,276 - INFO - Best fit parameters: [4.24517925].
2024-03-16 14:55:35,076 - INFO - Maximum log composite likelihood: -5984.5086777616725.
2024-03-16 14:55:35,076 - INFO - Optimal value of theta: 7033.56854501899.
2024-03-16 14:55:35,076 - INFO - Beginning optimization with guess, [3.19349598].
2024-03-16 14:56:40,436 - INFO - Finished optimization with guess, [3.19349598].
2024-03-16 14:56:40,442 - INFO - Best fit parameters: [3.19349598].
2024-03-16 14:56:42,809 - INFO - Maximum log composite likelihood: -5984.5086777616725.
2024-03-16 14:56:42,809 - INFO - Optimal value of theta: 7033.56854501899.
2024-03-16 14:56:42,810 - INFO - Beginning optimization with guess, [2.67811006].
2024-03-16 14:57:43,627 - INFO - Finished optimization with guess, [2.67811006].
2024-03-16 14:57:43,628 - INFO - Best fit parameters: [2.67811006].
2024-03-16 14:57:45,430 - INFO - Maximum log composite likelihood: -5984.5086777616725.
2024-03-16 14:57:45,431 - INFO - Optimal value of theta: 7033.56854501899.
2024-03-16 14:57:45,431 - INFO - Beginning optimization with guess, [2.32418717].
2024-03-16 14:58:46,415 - INFO - Finished optimization with guess, [2.32418717].
2024-03-16 14:58:46,418 - INFO - Best fit parameters: [2.32418717].
2024-03-16 14:58:48,587 - INFO - Maximum log composite likelihood: -5984.5086777616725.
2024-03-16 14:58:48,588 - INFO - Optimal value of theta: 7033.56854501899.
2024-03-16 14:58:48,588 - INFO - Beginning optimization with guess, [7.08207807].
2024-03-16 14:59:52,549 - INFO - Finished optimization with guess, [7.08207807].
2024-03-16 14:59:52,552 - INFO - Best fit parameters: [7.08207807].
2024-03-16 14:59:54,605 - INFO - Maximum log composite likelihood: -5984.5086777616725.
2024-03-16 14:59:54,605 - INFO - Optimal value of theta: 7033.56854501899.
2024-03-16 14:59:54,605 - INFO - Beginning optimization with guess, [4.66832131].
2024-03-16 15:01:00,060 - INFO - Finished optimization with guess, [4.66832131].
2024-03-16 15:01:00,061 - INFO - Best fit parameters: [4.66832131].
2024-03-16 15:01:01,862 - INFO - Maximum log composite likelihood: -5984.5086777616725.
2024-03-16 15:01:01,862 - INFO - Optimal value of theta: 7033.56854501899.
2024-03-16 15:01:01,862 - INFO - Beginning optimization with guess, [5.71700696].
2024-03-16 15:02:06,962 - INFO - Finished optimization with guess, [5.71700696].
2024-03-16 15:02:06,963 - INFO - Best fit parameters: [5.71700696].
2024-03-16 15:02:09,128 - INFO - Maximum log composite likelihood: -5984.5086777616725.
2024-03-16 15:02:09,128 - INFO - Optimal value of theta: 7033.56854501899.
2024-03-16 15:02:09,128 - INFO - Beginning optimization with guess, [5.53508896].
2024-03-16 15:03:11,935 - INFO - Finished optimization with guess, [5.53508896].
2024-03-16 15:03:11,936 - INFO - Best fit parameters: [5.53508896].
2024-03-16 15:03:14,027 - INFO - Maximum log composite likelihood: -5984.5086777616725.
2024-03-16 15:03:14,027 - INFO - Optimal value of theta: 7033.56854501899.
2024-03-16 15:03:14,027 - INFO - Beginning optimization with guess, [7.28508818].
2024-03-16 15:04:18,439 - INFO - Finished optimization with guess, [7.28508818].
2024-03-16 15:04:18,441 - INFO - Best fit parameters: [7.28508818].
2024-03-16 15:04:20,243 - INFO - Maximum log composite likelihood: -5984.5086777616725.
2024-03-16 15:04:20,243 - INFO - Optimal value of theta: 7033.56854501899.
2024-03-16 15:04:20,251 - INFO - Finished demographic inference.
2024-03-16 15:04:20,251 - INFO - Pipeline executed succesfully.
