2025-08-12 10:40:22,703 - INFO - Beginning execution of fit_demographic_model.py in directory /u/project/kirk-bigdata/jonmah/sample_size_demography/Scripts

2025-08-12 10:40:22,703 - INFO - Progress is being logged to ../Analysis/msprime_3EpB_770/log.log

2025-08-12 10:40:22,703 - INFO - Parsed the following arguments:
	syn_input_sfs = ../Simulations/simple_simulations/ThreeEpochBottleneck_770_concat.sfs
	mask_singletons = False
	mask_doubletons = False
	L_syn = 100000000.0
	input_params = []
	outprefix = ../Analysis/msprime_3EpB_770/

2025-08-12 10:40:22,720 - INFO - Beginning demographic inference for one-epoch demographic model.
2025-08-12 10:40:22,722 - INFO - Beginning optimization with guess, [0.15812303].
2025-08-12 10:40:32,547 - INFO - Finished optimization with guess, [0.15812303].
2025-08-12 10:40:32,549 - INFO - Best fit parameters: [0.15812303].
2025-08-12 10:40:37,549 - INFO - Maximum log composite likelihood: -118126.46482449929.
2025-08-12 10:40:37,549 - INFO - Optimal value of theta: 36343.68416091513.
2025-08-12 10:40:37,549 - INFO - Beginning optimization with guess, [0.29394913].
2025-08-12 10:40:47,569 - INFO - Finished optimization with guess, [0.29394913].
2025-08-12 10:40:47,571 - INFO - Best fit parameters: [0.29394913].
2025-08-12 10:40:52,548 - INFO - Maximum log composite likelihood: -118126.46482449929.
2025-08-12 10:40:52,548 - INFO - Optimal value of theta: 36343.68416091513.
2025-08-12 10:40:52,548 - INFO - Beginning optimization with guess, [0.54188711].
2025-08-12 10:41:02,468 - INFO - Finished optimization with guess, [0.54188711].
2025-08-12 10:41:02,469 - INFO - Best fit parameters: [0.54188711].
2025-08-12 10:41:07,430 - INFO - Maximum log composite likelihood: -118126.46482449929.
2025-08-12 10:41:07,430 - INFO - Optimal value of theta: 36343.68416091513.
2025-08-12 10:41:07,431 - INFO - Beginning optimization with guess, [0.60741154].
2025-08-12 10:41:17,297 - INFO - Finished optimization with guess, [0.60741154].
2025-08-12 10:41:17,298 - INFO - Best fit parameters: [0.60741154].
2025-08-12 10:41:22,248 - INFO - Maximum log composite likelihood: -118126.46482449929.
2025-08-12 10:41:22,249 - INFO - Optimal value of theta: 36343.68416091513.
2025-08-12 10:41:22,249 - INFO - Beginning optimization with guess, [0.39749821].
2025-08-12 10:41:32,026 - INFO - Finished optimization with guess, [0.39749821].
2025-08-12 10:41:32,028 - INFO - Best fit parameters: [0.39749821].
2025-08-12 10:41:36,860 - INFO - Maximum log composite likelihood: -118126.46482449929.
2025-08-12 10:41:36,860 - INFO - Optimal value of theta: 36343.68416091513.
2025-08-12 10:41:36,861 - INFO - Beginning optimization with guess, [1.08039179].
2025-08-12 10:41:46,498 - INFO - Finished optimization with guess, [1.08039179].
2025-08-12 10:41:46,499 - INFO - Best fit parameters: [1.08039179].
2025-08-12 10:41:51,311 - INFO - Maximum log composite likelihood: -118126.46482449929.
2025-08-12 10:41:51,312 - INFO - Optimal value of theta: 36343.68416091513.
2025-08-12 10:41:51,312 - INFO - Beginning optimization with guess, [0.59278675].
2025-08-12 10:42:01,281 - INFO - Finished optimization with guess, [0.59278675].
2025-08-12 10:42:01,282 - INFO - Best fit parameters: [0.59278675].
2025-08-12 10:42:06,199 - INFO - Maximum log composite likelihood: -118126.46482449929.
2025-08-12 10:42:06,199 - INFO - Optimal value of theta: 36343.68416091513.
2025-08-12 10:42:06,200 - INFO - Beginning optimization with guess, [0.89166182].
2025-08-12 10:42:15,918 - INFO - Finished optimization with guess, [0.89166182].
2025-08-12 10:42:15,919 - INFO - Best fit parameters: [0.89166182].
2025-08-12 10:42:20,792 - INFO - Maximum log composite likelihood: -118126.46482449929.
2025-08-12 10:42:20,792 - INFO - Optimal value of theta: 36343.68416091513.
2025-08-12 10:42:20,792 - INFO - Beginning optimization with guess, [0.96166343].
2025-08-12 10:42:30,580 - INFO - Finished optimization with guess, [0.96166343].
2025-08-12 10:42:30,581 - INFO - Best fit parameters: [0.96166343].
2025-08-12 10:42:35,533 - INFO - Maximum log composite likelihood: -118126.46482449929.
2025-08-12 10:42:35,533 - INFO - Optimal value of theta: 36343.68416091513.
2025-08-12 10:42:35,534 - INFO - Beginning optimization with guess, [1.04292405].
2025-08-12 10:42:45,200 - INFO - Finished optimization with guess, [1.04292405].
2025-08-12 10:42:45,202 - INFO - Best fit parameters: [1.04292405].
2025-08-12 10:42:50,026 - INFO - Maximum log composite likelihood: -118126.46482449929.
2025-08-12 10:42:50,026 - INFO - Optimal value of theta: 36343.68416091513.
2025-08-12 10:42:50,026 - INFO - Beginning optimization with guess, [1.347694].
2025-08-12 10:42:59,681 - INFO - Finished optimization with guess, [1.347694].
2025-08-12 10:42:59,682 - INFO - Best fit parameters: [1.347694].
2025-08-12 10:43:04,558 - INFO - Maximum log composite likelihood: -118126.46482449929.
2025-08-12 10:43:04,558 - INFO - Optimal value of theta: 36343.68416091513.
2025-08-12 10:43:04,558 - INFO - Beginning optimization with guess, [1.64897685].
2025-08-12 10:43:14,211 - INFO - Finished optimization with guess, [1.64897685].
2025-08-12 10:43:14,212 - INFO - Best fit parameters: [1.64897685].
2025-08-12 10:43:19,030 - INFO - Maximum log composite likelihood: -118126.46482449929.
2025-08-12 10:43:19,030 - INFO - Optimal value of theta: 36343.68416091513.
2025-08-12 10:43:19,031 - INFO - Beginning optimization with guess, [2.49908714].
2025-08-12 10:43:28,687 - INFO - Finished optimization with guess, [2.49908714].
2025-08-12 10:43:28,691 - INFO - Best fit parameters: [2.49908714].
2025-08-12 10:43:33,485 - INFO - Maximum log composite likelihood: -118126.46482449929.
2025-08-12 10:43:33,485 - INFO - Optimal value of theta: 36343.68416091513.
2025-08-12 10:43:33,485 - INFO - Beginning optimization with guess, [2.44122331].
2025-08-12 10:43:43,079 - INFO - Finished optimization with guess, [2.44122331].
2025-08-12 10:43:43,080 - INFO - Best fit parameters: [2.44122331].
2025-08-12 10:43:47,871 - INFO - Maximum log composite likelihood: -118126.46482449929.
2025-08-12 10:43:47,871 - INFO - Optimal value of theta: 36343.68416091513.
2025-08-12 10:43:47,871 - INFO - Beginning optimization with guess, [1.51067078].
2025-08-12 10:43:57,451 - INFO - Finished optimization with guess, [1.51067078].
2025-08-12 10:43:57,452 - INFO - Best fit parameters: [1.51067078].
2025-08-12 10:44:02,275 - INFO - Maximum log composite likelihood: -118126.46482449929.
2025-08-12 10:44:02,278 - INFO - Optimal value of theta: 36343.68416091513.
2025-08-12 10:44:02,279 - INFO - Beginning optimization with guess, [4.98474042].
2025-08-12 10:44:11,888 - INFO - Finished optimization with guess, [4.98474042].
2025-08-12 10:44:11,889 - INFO - Best fit parameters: [4.98474042].
2025-08-12 10:44:16,682 - INFO - Maximum log composite likelihood: -118126.46482449929.
2025-08-12 10:44:16,682 - INFO - Optimal value of theta: 36343.68416091513.
2025-08-12 10:44:16,682 - INFO - Beginning optimization with guess, [2.81055717].
2025-08-12 10:44:26,266 - INFO - Finished optimization with guess, [2.81055717].
2025-08-12 10:44:26,268 - INFO - Best fit parameters: [2.81055717].
2025-08-12 10:44:31,054 - INFO - Maximum log composite likelihood: -118126.46482449929.
2025-08-12 10:44:31,055 - INFO - Optimal value of theta: 36343.68416091513.
2025-08-12 10:44:31,055 - INFO - Beginning optimization with guess, [4.34266549].
2025-08-12 10:44:40,661 - INFO - Finished optimization with guess, [4.34266549].
2025-08-12 10:44:40,664 - INFO - Best fit parameters: [4.34266549].
2025-08-12 10:44:45,473 - INFO - Maximum log composite likelihood: -118126.46482449929.
2025-08-12 10:44:45,473 - INFO - Optimal value of theta: 36343.68416091513.
2025-08-12 10:44:45,473 - INFO - Beginning optimization with guess, [5.47467965].
2025-08-12 10:44:55,022 - INFO - Finished optimization with guess, [5.47467965].
2025-08-12 10:44:55,023 - INFO - Best fit parameters: [5.47467965].
2025-08-12 10:44:59,791 - INFO - Maximum log composite likelihood: -118126.46482449929.
2025-08-12 10:44:59,791 - INFO - Optimal value of theta: 36343.68416091513.
2025-08-12 10:44:59,791 - INFO - Beginning optimization with guess, [6.0119949].
2025-08-12 10:45:09,372 - INFO - Finished optimization with guess, [6.0119949].
2025-08-12 10:45:09,374 - INFO - Best fit parameters: [6.0119949].
2025-08-12 10:45:14,148 - INFO - Maximum log composite likelihood: -118126.46482449929.
2025-08-12 10:45:14,148 - INFO - Optimal value of theta: 36343.68416091513.
2025-08-12 10:45:14,149 - INFO - Beginning optimization with guess, [7.72914362].
