2024-03-14 21:45:41,842 - INFO - Beginning execution of fit_demographic_model.py in directory /u/project/kirk/jonmah/sample_size_demography/Scripts

2024-03-14 21:45:41,842 - INFO - Progress is being logged to ../Analysis/ThreeEpochExpansion_290/log.log

2024-03-14 21:45:41,842 - INFO - Parsed the following arguments:
	syn_input_sfs = ../Analysis/ThreeEpochExpansion_290/syn_downsampled_sfs.txt
	mask_singletons = False
	mask_doubletons = False
	outprefix = ../Analysis/ThreeEpochExpansion_290/

2024-03-14 21:45:41,858 - INFO - Beginning demographic inference for one-epoch demographic model.
2024-03-14 21:45:41,859 - INFO - Beginning optimization with guess, [0.06286982].
2024-03-14 21:46:10,447 - INFO - Finished optimization with guess, [0.06286982].
2024-03-14 21:46:10,448 - INFO - Best fit parameters: [0.06286982].
2024-03-14 21:46:11,292 - INFO - Maximum log composite likelihood: -6848.628851780653.
2024-03-14 21:46:11,292 - INFO - Optimal value of theta: 17166.516968590928.
2024-03-14 21:46:11,293 - INFO - Beginning optimization with guess, [0.10581638].
2024-03-14 21:46:39,582 - INFO - Finished optimization with guess, [0.10581638].
2024-03-14 21:46:39,584 - INFO - Best fit parameters: [0.10581638].
2024-03-14 21:46:40,386 - INFO - Maximum log composite likelihood: -6848.628851780653.
2024-03-14 21:46:40,386 - INFO - Optimal value of theta: 17166.516968590928.
2024-03-14 21:46:40,386 - INFO - Beginning optimization with guess, [0.49255566].
2024-03-14 21:47:03,869 - INFO - Finished optimization with guess, [0.49255566].
2024-03-14 21:47:03,871 - INFO - Best fit parameters: [0.49255566].
2024-03-14 21:47:04,702 - INFO - Maximum log composite likelihood: -6848.628851780653.
2024-03-14 21:47:04,702 - INFO - Optimal value of theta: 17166.516968590928.
2024-03-14 21:47:04,703 - INFO - Beginning optimization with guess, [0.22465067].
2024-03-14 21:47:30,966 - INFO - Finished optimization with guess, [0.22465067].
2024-03-14 21:47:30,967 - INFO - Best fit parameters: [0.22465067].
2024-03-14 21:47:31,798 - INFO - Maximum log composite likelihood: -6848.628851780653.
2024-03-14 21:47:31,798 - INFO - Optimal value of theta: 17166.516968590928.
2024-03-14 21:47:31,798 - INFO - Beginning optimization with guess, [0.34929502].
2024-03-14 21:47:57,860 - INFO - Finished optimization with guess, [0.34929502].
2024-03-14 21:47:57,861 - INFO - Best fit parameters: [0.34929502].
2024-03-14 21:47:58,717 - INFO - Maximum log composite likelihood: -6848.628851780653.
2024-03-14 21:47:58,718 - INFO - Optimal value of theta: 17166.516968590928.
2024-03-14 21:47:58,718 - INFO - Beginning optimization with guess, [0.91019855].
2024-03-14 21:48:14,814 - INFO - Finished optimization with guess, [0.91019855].
2024-03-14 21:48:14,815 - INFO - Best fit parameters: [0.91019855].
2024-03-14 21:48:15,617 - INFO - Maximum log composite likelihood: -6848.628851780653.
2024-03-14 21:48:15,617 - INFO - Optimal value of theta: 17166.516968590928.
2024-03-14 21:48:15,617 - INFO - Beginning optimization with guess, [1.36682713].
2024-03-14 21:48:36,860 - INFO - Finished optimization with guess, [1.36682713].
2024-03-14 21:48:36,861 - INFO - Best fit parameters: [1.36682713].
2024-03-14 21:48:37,694 - INFO - Maximum log composite likelihood: -6848.628851780653.
2024-03-14 21:48:37,695 - INFO - Optimal value of theta: 17166.516968590928.
2024-03-14 21:48:37,695 - INFO - Beginning optimization with guess, [0.57103627].
2024-03-14 21:49:01,270 - INFO - Finished optimization with guess, [0.57103627].
2024-03-14 21:49:01,271 - INFO - Best fit parameters: [0.57103627].
2024-03-14 21:49:02,094 - INFO - Maximum log composite likelihood: -6848.628851780653.
2024-03-14 21:49:02,094 - INFO - Optimal value of theta: 17166.516968590928.
2024-03-14 21:49:02,094 - INFO - Beginning optimization with guess, [0.82024038].
2024-03-14 21:49:20,607 - INFO - Finished optimization with guess, [0.82024038].
2024-03-14 21:49:20,608 - INFO - Best fit parameters: [0.82024038].
2024-03-14 21:49:21,355 - INFO - Maximum log composite likelihood: -6848.628851780653.
2024-03-14 21:49:21,355 - INFO - Optimal value of theta: 17166.516968590928.
2024-03-14 21:49:21,356 - INFO - Beginning optimization with guess, [1.29913855].
2024-03-14 21:49:41,524 - INFO - Finished optimization with guess, [1.29913855].
2024-03-14 21:49:41,525 - INFO - Best fit parameters: [1.29913855].
2024-03-14 21:49:42,416 - INFO - Maximum log composite likelihood: -6848.628851780653.
2024-03-14 21:49:42,416 - INFO - Optimal value of theta: 17166.516968590928.
2024-03-14 21:49:42,416 - INFO - Beginning optimization with guess, [0.72695092].
2024-03-14 21:50:03,026 - INFO - Finished optimization with guess, [0.72695092].
2024-03-14 21:50:03,027 - INFO - Best fit parameters: [0.72695092].
2024-03-14 21:50:03,797 - INFO - Maximum log composite likelihood: -6848.628851780653.
2024-03-14 21:50:03,797 - INFO - Optimal value of theta: 17166.516968590928.
2024-03-14 21:50:03,797 - INFO - Beginning optimization with guess, [1.00969845].
2024-03-14 21:50:12,470 - INFO - Finished optimization with guess, [1.00969845].
2024-03-14 21:50:12,471 - INFO - Best fit parameters: [1.00969845].
2024-03-14 21:50:13,282 - INFO - Maximum log composite likelihood: -6848.628851780653.
2024-03-14 21:50:13,282 - INFO - Optimal value of theta: 17166.516968590928.
2024-03-14 21:50:13,282 - INFO - Beginning optimization with guess, [2.97641632].
2024-03-14 21:50:39,547 - INFO - Finished optimization with guess, [2.97641632].
2024-03-14 21:50:39,548 - INFO - Best fit parameters: [2.97641632].
2024-03-14 21:50:40,349 - INFO - Maximum log composite likelihood: -6848.628851780653.
2024-03-14 21:50:40,349 - INFO - Optimal value of theta: 17166.516968590928.
2024-03-14 21:50:40,349 - INFO - Beginning optimization with guess, [3.06569174].
2024-03-14 21:51:06,113 - INFO - Finished optimization with guess, [3.06569174].
2024-03-14 21:51:06,114 - INFO - Best fit parameters: [3.06569174].
2024-03-14 21:51:06,937 - INFO - Maximum log composite likelihood: -6848.628851780653.
2024-03-14 21:51:06,937 - INFO - Optimal value of theta: 17166.516968590928.
2024-03-14 21:51:06,938 - INFO - Beginning optimization with guess, [1.44400373].
2024-03-14 21:51:28,321 - INFO - Finished optimization with guess, [1.44400373].
2024-03-14 21:51:28,322 - INFO - Best fit parameters: [1.44400373].
2024-03-14 21:51:29,152 - INFO - Maximum log composite likelihood: -6848.628851780653.
2024-03-14 21:51:29,153 - INFO - Optimal value of theta: 17166.516968590928.
2024-03-14 21:51:29,153 - INFO - Beginning optimization with guess, [3.7522449].
2024-03-14 21:51:55,082 - INFO - Finished optimization with guess, [3.7522449].
2024-03-14 21:51:55,083 - INFO - Best fit parameters: [3.7522449].
2024-03-14 21:51:55,884 - INFO - Maximum log composite likelihood: -6848.628851780653.
2024-03-14 21:51:55,884 - INFO - Optimal value of theta: 17166.516968590928.
2024-03-14 21:51:55,884 - INFO - Beginning optimization with guess, [1.95408435].
2024-03-14 21:52:19,449 - INFO - Finished optimization with guess, [1.95408435].
2024-03-14 21:52:19,450 - INFO - Best fit parameters: [1.95408435].
2024-03-14 21:52:20,248 - INFO - Maximum log composite likelihood: -6848.628851780653.
2024-03-14 21:52:20,248 - INFO - Optimal value of theta: 17166.516968590928.
2024-03-14 21:52:20,248 - INFO - Beginning optimization with guess, [2.0991407].
2024-03-14 21:52:43,589 - INFO - Finished optimization with guess, [2.0991407].
2024-03-14 21:52:43,590 - INFO - Best fit parameters: [2.0991407].
2024-03-14 21:52:44,400 - INFO - Maximum log composite likelihood: -6848.628851780653.
2024-03-14 21:52:44,400 - INFO - Optimal value of theta: 17166.516968590928.
2024-03-14 21:52:44,401 - INFO - Beginning optimization with guess, [1.7566406].
2024-03-14 21:53:08,175 - INFO - Finished optimization with guess, [1.7566406].
2024-03-14 21:53:08,176 - INFO - Best fit parameters: [1.7566406].
2024-03-14 21:53:08,975 - INFO - Maximum log composite likelihood: -6848.628851780653.
2024-03-14 21:53:08,975 - INFO - Optimal value of theta: 17166.516968590928.
2024-03-14 21:53:08,975 - INFO - Beginning optimization with guess, [3.49372591].
2024-03-14 21:53:33,612 - INFO - Finished optimization with guess, [3.49372591].
2024-03-14 21:53:33,613 - INFO - Best fit parameters: [3.49372591].
2024-03-14 21:53:34,412 - INFO - Maximum log composite likelihood: -6848.628851780653.
2024-03-14 21:53:34,412 - INFO - Optimal value of theta: 17166.516968590928.
2024-03-14 21:53:34,412 - INFO - Beginning optimization with guess, [5.38828749].
2024-03-14 21:53:59,967 - INFO - Finished optimization with guess, [5.38828749].
2024-03-14 21:53:59,968 - INFO - Best fit parameters: [5.38828749].
2024-03-14 21:54:00,792 - INFO - Maximum log composite likelihood: -6848.628851780653.
2024-03-14 21:54:00,792 - INFO - Optimal value of theta: 17166.516968590928.
2024-03-14 21:54:00,793 - INFO - Beginning optimization with guess, [9.75577444].
2024-03-14 21:54:28,952 - INFO - Finished optimization with guess, [9.75577444].
2024-03-14 21:54:28,953 - INFO - Best fit parameters: [9.75577444].
2024-03-14 21:54:29,755 - INFO - Maximum log composite likelihood: -6848.628851780653.
2024-03-14 21:54:29,756 - INFO - Optimal value of theta: 17166.516968590928.
2024-03-14 21:54:29,756 - INFO - Beginning optimization with guess, [9.25317929].
2024-03-14 21:54:58,053 - INFO - Finished optimization with guess, [9.25317929].
2024-03-14 21:54:58,054 - INFO - Best fit parameters: [9.25317929].
2024-03-14 21:54:58,857 - INFO - Maximum log composite likelihood: -6848.628851780653.
2024-03-14 21:54:58,857 - INFO - Optimal value of theta: 17166.516968590928.
2024-03-14 21:54:58,858 - INFO - Beginning optimization with guess, [10.11734132].
2024-03-14 21:55:27,054 - INFO - Finished optimization with guess, [10.11734132].
2024-03-14 21:55:27,056 - INFO - Best fit parameters: [10.11734132].
2024-03-14 21:55:27,905 - INFO - Maximum log composite likelihood: -6848.628851780653.
2024-03-14 21:55:27,905 - INFO - Optimal value of theta: 17166.516968590928.
2024-03-14 21:55:27,905 - INFO - Beginning optimization with guess, [8.53166277].
2024-03-14 21:55:54,221 - INFO - Finished optimization with guess, [8.53166277].
2024-03-14 21:55:54,222 - INFO - Best fit parameters: [8.53166277].
2024-03-14 21:55:55,036 - INFO - Maximum log composite likelihood: -6848.628851780653.
2024-03-14 21:55:55,036 - INFO - Optimal value of theta: 17166.516968590928.
2024-03-14 21:55:55,040 - INFO - Finished demographic inference.
2024-03-14 21:55:55,040 - INFO - Pipeline executed succesfully.
