2024-02-13 14:51:02,043 - INFO - Beginning execution of fit_demographic_model.py in directory /u/project/kirk/jonmah/sample_size_demography/Scripts

2024-02-13 14:51:02,044 - INFO - Progress is being logged to ../Analysis/ThreeEpochExpansion_18/log.log

2024-02-13 14:51:02,044 - INFO - Parsed the following arguments:
	syn_input_sfs = ../Analysis/ThreeEpochExpansion_18/syn_downsampled_sfs.txt
	mask_singletons = False
	mask_doubletons = False
	outprefix = ../Analysis/ThreeEpochExpansion_18/

2024-02-13 14:51:02,045 - INFO - Beginning demographic inference for one-epoch demographic model.
2024-02-13 14:51:02,046 - INFO - Beginning optimization with guess, [0.12575537].
2024-02-13 14:51:03,479 - INFO - Finished optimization with guess, [0.12575537].
2024-02-13 14:51:03,480 - INFO - Best fit parameters: [0.12575537].
2024-02-13 14:51:03,529 - INFO - Maximum log composite likelihood: -42.58657468745804.
2024-02-13 14:51:03,529 - INFO - Optimal value of theta: 1257.2186519451657.
2024-02-13 14:51:03,530 - INFO - Beginning optimization with guess, [0.12839543].
2024-02-13 14:51:05,266 - INFO - Finished optimization with guess, [0.12839543].
2024-02-13 14:51:05,266 - INFO - Best fit parameters: [0.12839543].
2024-02-13 14:51:05,319 - INFO - Maximum log composite likelihood: -42.58657468745804.
2024-02-13 14:51:05,319 - INFO - Optimal value of theta: 1257.2186519451657.
2024-02-13 14:51:05,320 - INFO - Beginning optimization with guess, [0.222771].
2024-02-13 14:51:06,711 - INFO - Finished optimization with guess, [0.222771].
2024-02-13 14:51:06,711 - INFO - Best fit parameters: [0.222771].
2024-02-13 14:51:06,756 - INFO - Maximum log composite likelihood: -42.58657468745804.
2024-02-13 14:51:06,756 - INFO - Optimal value of theta: 1257.2186519451657.
2024-02-13 14:51:06,757 - INFO - Beginning optimization with guess, [0.53858102].
2024-02-13 14:51:07,803 - INFO - Finished optimization with guess, [0.53858102].
2024-02-13 14:51:07,804 - INFO - Best fit parameters: [0.53858102].
2024-02-13 14:51:07,839 - INFO - Maximum log composite likelihood: -42.58657468745804.
2024-02-13 14:51:07,839 - INFO - Optimal value of theta: 1257.2186519451657.
2024-02-13 14:51:07,840 - INFO - Beginning optimization with guess, [0.31014297].
2024-02-13 14:51:08,977 - INFO - Finished optimization with guess, [0.31014297].
2024-02-13 14:51:08,978 - INFO - Best fit parameters: [0.31014297].
2024-02-13 14:51:09,013 - INFO - Maximum log composite likelihood: -42.58657468745804.
2024-02-13 14:51:09,013 - INFO - Optimal value of theta: 1257.2186519451657.
2024-02-13 14:51:09,013 - INFO - Beginning optimization with guess, [0.8678143].
2024-02-13 14:51:09,994 - INFO - Finished optimization with guess, [0.8678143].
2024-02-13 14:51:09,994 - INFO - Best fit parameters: [0.8678143].
2024-02-13 14:51:10,030 - INFO - Maximum log composite likelihood: -42.58657468745804.
2024-02-13 14:51:10,030 - INFO - Optimal value of theta: 1257.2186519451657.
2024-02-13 14:51:10,030 - INFO - Beginning optimization with guess, [0.56340427].
2024-02-13 14:51:11,313 - INFO - Finished optimization with guess, [0.56340427].
2024-02-13 14:51:11,314 - INFO - Best fit parameters: [0.56340427].
2024-02-13 14:51:11,355 - INFO - Maximum log composite likelihood: -42.58657468745804.
2024-02-13 14:51:11,355 - INFO - Optimal value of theta: 1257.2186519451657.
2024-02-13 14:51:11,355 - INFO - Beginning optimization with guess, [1.05927545].
2024-02-13 14:51:12,017 - INFO - Finished optimization with guess, [1.05927545].
2024-02-13 14:51:12,017 - INFO - Best fit parameters: [1.05927545].
2024-02-13 14:51:12,056 - INFO - Maximum log composite likelihood: -42.58657468745804.
2024-02-13 14:51:12,056 - INFO - Optimal value of theta: 1257.2186519451657.
2024-02-13 14:51:12,056 - INFO - Beginning optimization with guess, [1.41937463].
2024-02-13 14:51:13,070 - INFO - Finished optimization with guess, [1.41937463].
2024-02-13 14:51:13,070 - INFO - Best fit parameters: [1.41937463].
2024-02-13 14:51:13,109 - INFO - Maximum log composite likelihood: -42.58657468745804.
2024-02-13 14:51:13,109 - INFO - Optimal value of theta: 1257.2186519451657.
2024-02-13 14:51:13,109 - INFO - Beginning optimization with guess, [1.7701523].
2024-02-13 14:51:14,443 - INFO - Finished optimization with guess, [1.7701523].
2024-02-13 14:51:14,443 - INFO - Best fit parameters: [1.7701523].
2024-02-13 14:51:14,482 - INFO - Maximum log composite likelihood: -42.58657468745804.
2024-02-13 14:51:14,482 - INFO - Optimal value of theta: 1257.2186519451657.
2024-02-13 14:51:14,482 - INFO - Beginning optimization with guess, [0.89429835].
2024-02-13 14:51:15,254 - INFO - Finished optimization with guess, [0.89429835].
2024-02-13 14:51:15,254 - INFO - Best fit parameters: [0.89429835].
2024-02-13 14:51:15,291 - INFO - Maximum log composite likelihood: -42.58657468745804.
2024-02-13 14:51:15,291 - INFO - Optimal value of theta: 1257.2186519451657.
2024-02-13 14:51:15,291 - INFO - Beginning optimization with guess, [2.91777807].
2024-02-13 14:51:16,505 - INFO - Finished optimization with guess, [2.91777807].
2024-02-13 14:51:16,506 - INFO - Best fit parameters: [2.91777807].
2024-02-13 14:51:16,544 - INFO - Maximum log composite likelihood: -42.58657468745804.
2024-02-13 14:51:16,544 - INFO - Optimal value of theta: 1257.2186519451657.
2024-02-13 14:51:16,544 - INFO - Beginning optimization with guess, [2.16916797].
2024-02-13 14:51:17,591 - INFO - Finished optimization with guess, [2.16916797].
2024-02-13 14:51:17,591 - INFO - Best fit parameters: [2.16916797].
2024-02-13 14:51:17,627 - INFO - Maximum log composite likelihood: -42.58657468745804.
2024-02-13 14:51:17,627 - INFO - Optimal value of theta: 1257.2186519451657.
2024-02-13 14:51:17,628 - INFO - Beginning optimization with guess, [1.02303449].
2024-02-13 14:51:18,157 - INFO - Finished optimization with guess, [1.02303449].
2024-02-13 14:51:18,157 - INFO - Best fit parameters: [1.02303449].
2024-02-13 14:51:18,198 - INFO - Maximum log composite likelihood: -42.58657468745804.
2024-02-13 14:51:18,198 - INFO - Optimal value of theta: 1257.2186519451657.
2024-02-13 14:51:18,198 - INFO - Beginning optimization with guess, [1.53164469].
2024-02-13 14:51:19,186 - INFO - Finished optimization with guess, [1.53164469].
2024-02-13 14:51:19,186 - INFO - Best fit parameters: [1.53164469].
2024-02-13 14:51:19,221 - INFO - Maximum log composite likelihood: -42.58657468745804.
2024-02-13 14:51:19,221 - INFO - Optimal value of theta: 1257.2186519451657.
2024-02-13 14:51:19,221 - INFO - Beginning optimization with guess, [3.16492702].
2024-02-13 14:51:20,362 - INFO - Finished optimization with guess, [3.16492702].
2024-02-13 14:51:20,362 - INFO - Best fit parameters: [3.16492702].
2024-02-13 14:51:20,395 - INFO - Maximum log composite likelihood: -42.58657468745804.
2024-02-13 14:51:20,395 - INFO - Optimal value of theta: 1257.2186519451657.
2024-02-13 14:51:20,395 - INFO - Beginning optimization with guess, [5.13239632].
2024-02-13 14:51:21,499 - INFO - Finished optimization with guess, [5.13239632].
2024-02-13 14:51:21,499 - INFO - Best fit parameters: [5.13239632].
2024-02-13 14:51:21,534 - INFO - Maximum log composite likelihood: -42.58657468745804.
2024-02-13 14:51:21,534 - INFO - Optimal value of theta: 1257.2186519451657.
2024-02-13 14:51:21,534 - INFO - Beginning optimization with guess, [3.31930997].
2024-02-13 14:51:22,946 - INFO - Finished optimization with guess, [3.31930997].
2024-02-13 14:51:22,947 - INFO - Best fit parameters: [3.31930997].
2024-02-13 14:51:22,986 - INFO - Maximum log composite likelihood: -42.58657468745804.
2024-02-13 14:51:22,986 - INFO - Optimal value of theta: 1257.2186519451657.
2024-02-13 14:51:22,986 - INFO - Beginning optimization with guess, [3.24908666].
2024-02-13 14:51:24,234 - INFO - Finished optimization with guess, [3.24908666].
2024-02-13 14:51:24,234 - INFO - Best fit parameters: [3.24908666].
2024-02-13 14:51:24,273 - INFO - Maximum log composite likelihood: -42.58657468745804.
2024-02-13 14:51:24,273 - INFO - Optimal value of theta: 1257.2186519451657.
2024-02-13 14:51:24,273 - INFO - Beginning optimization with guess, [4.26092233].
2024-02-13 14:51:25,616 - INFO - Finished optimization with guess, [4.26092233].
2024-02-13 14:51:25,616 - INFO - Best fit parameters: [4.26092233].
2024-02-13 14:51:25,653 - INFO - Maximum log composite likelihood: -42.58657468745804.
2024-02-13 14:51:25,653 - INFO - Optimal value of theta: 1257.2186519451657.
2024-02-13 14:51:25,653 - INFO - Beginning optimization with guess, [2.86702261].
2024-02-13 14:51:27,078 - INFO - Finished optimization with guess, [2.86702261].
2024-02-13 14:51:27,078 - INFO - Best fit parameters: [2.86702261].
2024-02-13 14:51:27,130 - INFO - Maximum log composite likelihood: -42.58657468745804.
2024-02-13 14:51:27,130 - INFO - Optimal value of theta: 1257.2186519451657.
2024-02-13 14:51:27,130 - INFO - Beginning optimization with guess, [2.6038291].
2024-02-13 14:51:28,422 - INFO - Finished optimization with guess, [2.6038291].
2024-02-13 14:51:28,422 - INFO - Best fit parameters: [2.6038291].
2024-02-13 14:51:28,466 - INFO - Maximum log composite likelihood: -42.58657468745804.
2024-02-13 14:51:28,466 - INFO - Optimal value of theta: 1257.2186519451657.
2024-02-13 14:51:28,466 - INFO - Beginning optimization with guess, [11.78859724].
2024-02-13 14:51:30,121 - INFO - Finished optimization with guess, [11.78859724].
2024-02-13 14:51:30,121 - INFO - Best fit parameters: [11.78859724].
2024-02-13 14:51:30,167 - INFO - Maximum log composite likelihood: -42.58657468745804.
2024-02-13 14:51:30,167 - INFO - Optimal value of theta: 1257.2186519451657.
2024-02-13 14:51:30,167 - INFO - Beginning optimization with guess, [8.40143306].
2024-02-13 14:51:31,761 - INFO - Finished optimization with guess, [8.40143306].
2024-02-13 14:51:31,761 - INFO - Best fit parameters: [8.40143306].
2024-02-13 14:51:31,807 - INFO - Maximum log composite likelihood: -42.58657468745804.
2024-02-13 14:51:31,807 - INFO - Optimal value of theta: 1257.2186519451657.
2024-02-13 14:51:31,807 - INFO - Beginning optimization with guess, [14.03566217].
2024-02-13 14:51:33,338 - INFO - Finished optimization with guess, [14.03566217].
2024-02-13 14:51:33,339 - INFO - Best fit parameters: [14.03566217].
2024-02-13 14:51:33,377 - INFO - Maximum log composite likelihood: -42.58657468745804.
2024-02-13 14:51:33,377 - INFO - Optimal value of theta: 1257.2186519451657.
2024-02-13 14:51:33,379 - INFO - Beginning demographic inference for two-epoch demographic model.
2024-02-13 14:51:33,380 - INFO - Beginning optimization with guess, [0.11759179 0.0058034 ].
2024-02-13 14:51:35,855 - INFO - Finished optimization with guess, [0.11759179 0.0058034 ].
2024-02-13 14:51:35,855 - INFO - Best fit parameters: [1.30008263 0.70187343].
2024-02-13 14:51:35,899 - INFO - Maximum log composite likelihood: -35.10427570403863.
2024-02-13 14:51:35,899 - INFO - Optimal value of theta: 1082.5734949028076.
2024-02-13 14:51:35,899 - INFO - Beginning optimization with guess, [0.16850173 0.00551828].
2024-02-13 14:51:38,369 - INFO - Finished optimization with guess, [0.16850173 0.00551828].
2024-02-13 14:51:38,370 - INFO - Best fit parameters: [1.27336154 0.56716914].
2024-02-13 14:51:38,412 - INFO - Maximum log composite likelihood: -35.128107125332065.
2024-02-13 14:51:38,412 - INFO - Optimal value of theta: 1109.447607752893.
2024-02-13 14:51:38,413 - INFO - Beginning optimization with guess, [0.45835942 0.01372234].
2024-02-13 14:51:41,905 - INFO - Finished optimization with guess, [0.45835942 0.01372234].
2024-02-13 14:51:41,906 - INFO - Best fit parameters: [1.36491473 1.00658766].
2024-02-13 14:51:41,961 - INFO - Maximum log composite likelihood: -35.09024124312049.
2024-02-13 14:51:41,961 - INFO - Optimal value of theta: 1024.0435182109452.
2024-02-13 14:51:41,962 - INFO - Beginning optimization with guess, [0.38382178 0.01136935].
2024-02-13 14:51:46,552 - INFO - Finished optimization with guess, [0.38382178 0.01136935].
2024-02-13 14:51:46,553 - INFO - Best fit parameters: [1.27114762 0.49874844].
2024-02-13 14:51:46,643 - INFO - Maximum log composite likelihood: -35.15632682210668.
2024-02-13 14:51:46,644 - INFO - Optimal value of theta: 1119.039596849719.
2024-02-13 14:51:46,644 - INFO - Beginning optimization with guess, [0.92969015 0.01336652].
2024-02-13 14:51:53,246 - INFO - Finished optimization with guess, [0.92969015 0.01336652].
2024-02-13 14:51:53,247 - INFO - Best fit parameters: [1.15001801 0.44560364].
2024-02-13 14:51:53,302 - INFO - Maximum log composite likelihood: -36.37606931855697.
2024-02-13 14:51:53,302 - INFO - Optimal value of theta: 1177.330842627097.
2024-02-13 14:51:53,303 - INFO - Beginning optimization with guess, [0.32540294 0.0066333 ].
2024-02-13 14:51:59,032 - INFO - Finished optimization with guess, [0.32540294 0.0066333 ].
2024-02-13 14:51:59,033 - INFO - Best fit parameters: [1.28997145 0.74123157].
2024-02-13 14:51:59,114 - INFO - Maximum log composite likelihood: -35.12192711150465.
2024-02-13 14:51:59,114 - INFO - Optimal value of theta: 1083.0892654411173.
2024-02-13 14:51:59,114 - INFO - Beginning optimization with guess, [1.27883325 0.00578542].
2024-02-13 14:52:01,530 - INFO - Finished optimization with guess, [1.27883325 0.00578542].
2024-02-13 14:52:01,530 - INFO - Best fit parameters: [1.26398294 0.64051532].
2024-02-13 14:52:01,580 - INFO - Maximum log composite likelihood: -35.156340696983705.
2024-02-13 14:52:01,580 - INFO - Optimal value of theta: 1105.2761370440653.
2024-02-13 14:52:01,580 - INFO - Beginning optimization with guess, [1.13225968 0.01742613].
2024-02-13 14:52:04,021 - INFO - Finished optimization with guess, [1.13225968 0.01742613].
2024-02-13 14:52:04,022 - INFO - Best fit parameters: [1.34573309 0.91763957].
2024-02-13 14:52:04,078 - INFO - Maximum log composite likelihood: -35.090630871925725.
2024-02-13 14:52:04,078 - INFO - Optimal value of theta: 1040.6892699729456.
2024-02-13 14:52:04,078 - INFO - Beginning optimization with guess, [1.76804259 0.01176962].
2024-02-13 14:52:05,952 - INFO - Finished optimization with guess, [1.76804259 0.01176962].
2024-02-13 14:52:05,952 - INFO - Best fit parameters: [1.26598662 0.14196803].
2024-02-13 14:52:05,993 - INFO - Maximum log composite likelihood: -36.155852558214576.
2024-02-13 14:52:05,993 - INFO - Optimal value of theta: 1192.1932794410857.
2024-02-13 14:52:05,993 - INFO - Beginning optimization with guess, [0.63513684 0.00928769].
2024-02-13 14:52:11,698 - INFO - Finished optimization with guess, [0.63513684 0.00928769].
2024-02-13 14:52:11,699 - INFO - Best fit parameters: [1.29427068 0.64607961].
2024-02-13 14:52:11,770 - INFO - Maximum log composite likelihood: -35.115073195061484.
2024-02-13 14:52:11,770 - INFO - Optimal value of theta: 1091.262683583158.
2024-02-13 14:52:11,771 - INFO - Beginning optimization with guess, [1.97176621 0.01007336].
2024-02-13 14:52:14,164 - INFO - Finished optimization with guess, [1.97176621 0.01007336].
2024-02-13 14:52:14,165 - INFO - Best fit parameters: [1.26045243 0.48846211].
2024-02-13 14:52:14,257 - INFO - Maximum log composite likelihood: -35.157252667385706.
2024-02-13 14:52:14,257 - INFO - Optimal value of theta: 1124.711082709798.
2024-02-13 14:52:14,257 - INFO - Beginning optimization with guess, [1.519685   0.01464754].
2024-02-13 14:52:16,585 - INFO - Finished optimization with guess, [1.519685   0.01464754].
2024-02-13 14:52:16,585 - INFO - Best fit parameters: [1.26494765 0.57992001].
2024-02-13 14:52:16,640 - INFO - Maximum log composite likelihood: -35.13601486434135.
2024-02-13 14:52:16,641 - INFO - Optimal value of theta: 1111.545474661748.
2024-02-13 14:52:16,641 - INFO - Beginning optimization with guess, [1.59016093 0.00502902].
2024-02-13 14:52:18,853 - INFO - Finished optimization with guess, [1.59016093 0.00502902].
2024-02-13 14:52:18,854 - INFO - Best fit parameters: [1.27514201 0.12072155].
2024-02-13 14:52:18,894 - INFO - Maximum log composite likelihood: -36.3810083841895.
2024-02-13 14:52:18,895 - INFO - Optimal value of theta: 1197.6880091612568.
2024-02-13 14:52:18,895 - INFO - Beginning optimization with guess, [3.31801168 0.01933772].
2024-02-13 14:52:20,754 - INFO - Finished optimization with guess, [3.31801168 0.01933772].
2024-02-13 14:52:20,755 - INFO - Best fit parameters: [1.27170681 0.57504995].
2024-02-13 14:52:20,799 - INFO - Maximum log composite likelihood: -35.12720394861958.
2024-02-13 14:52:20,799 - INFO - Optimal value of theta: 1109.2092630332236.
2024-02-13 14:52:20,799 - INFO - Beginning optimization with guess, [4.25543173 0.0051687 ].
2024-02-13 14:52:22,857 - INFO - Finished optimization with guess, [4.25543173 0.0051687 ].
2024-02-13 14:52:22,857 - INFO - Best fit parameters: [1.67405939 0.03502887].
2024-02-13 14:52:22,906 - INFO - Maximum log composite likelihood: -37.713186303133455.
2024-02-13 14:52:22,906 - INFO - Optimal value of theta: 1216.4138367257108.
2024-02-13 14:52:22,906 - INFO - Beginning optimization with guess, [1.52279405 0.01522355].
2024-02-13 14:52:24,995 - INFO - Finished optimization with guess, [1.52279405 0.01522355].
2024-02-13 14:52:24,996 - INFO - Best fit parameters: [1.25978623 0.29232025].
2024-02-13 14:52:25,065 - INFO - Maximum log composite likelihood: -35.39056435400454.
2024-02-13 14:52:25,065 - INFO - Optimal value of theta: 1156.3530971697282.
2024-02-13 14:52:25,065 - INFO - Beginning optimization with guess, [2.29054861 0.00555014].
2024-02-13 14:52:27,322 - INFO - Finished optimization with guess, [2.29054861 0.00555014].
2024-02-13 14:52:27,323 - INFO - Best fit parameters: [1.37754962 0.10164067].
2024-02-13 14:52:27,393 - INFO - Maximum log composite likelihood: -36.62040111568308.
2024-02-13 14:52:27,393 - INFO - Optimal value of theta: 1190.3688589703834.
2024-02-13 14:52:27,393 - INFO - Beginning optimization with guess, [5.06996248 0.01096661].
2024-02-13 14:52:29,245 - INFO - Finished optimization with guess, [5.06996248 0.01096661].
2024-02-13 14:52:29,245 - INFO - Best fit parameters: [1.55829875 0.0413184 ].
2024-02-13 14:52:29,286 - INFO - Maximum log composite likelihood: -37.58492316919899.
2024-02-13 14:52:29,286 - INFO - Optimal value of theta: 1215.2648560825264.
2024-02-13 14:52:29,286 - INFO - Beginning optimization with guess, [4.59877299 0.01555941].
2024-02-13 14:52:31,134 - INFO - Finished optimization with guess, [4.59877299 0.01555941].
2024-02-13 14:52:31,134 - INFO - Best fit parameters: [1.28203459 0.13402044].
2024-02-13 14:52:31,171 - INFO - Maximum log composite likelihood: -36.20599670375731.
2024-02-13 14:52:31,171 - INFO - Optimal value of theta: 1191.787201403347.
2024-02-13 14:52:31,172 - INFO - Beginning optimization with guess, [6.01697832e+00 5.33478487e-03].
2024-02-13 14:52:33,137 - INFO - Finished optimization with guess, [6.01697832e+00 5.33478487e-03].
2024-02-13 14:52:33,138 - INFO - Best fit parameters: [1.58410708 0.03706527].
2024-02-13 14:52:33,176 - INFO - Maximum log composite likelihood: -37.71532372685948.
2024-02-13 14:52:33,176 - INFO - Optimal value of theta: 1217.9802967412202.
2024-02-13 14:52:33,176 - INFO - Beginning optimization with guess, [2.28814818 0.01628069].
2024-02-13 14:52:35,114 - INFO - Finished optimization with guess, [2.28814818 0.01628069].
2024-02-13 14:52:35,114 - INFO - Best fit parameters: [1.25558169 0.47835625].
2024-02-13 14:52:35,175 - INFO - Maximum log composite likelihood: -35.1652950934693.
2024-02-13 14:52:35,175 - INFO - Optimal value of theta: 1128.011682919785.
2024-02-13 14:52:35,175 - INFO - Beginning optimization with guess, [3.04696478 0.00936788].
2024-02-13 14:52:37,599 - INFO - Finished optimization with guess, [3.04696478 0.00936788].
2024-02-13 14:52:37,600 - INFO - Best fit parameters: [1.28667855 0.4732088 ].
2024-02-13 14:52:37,646 - INFO - Maximum log composite likelihood: -35.22549713913389.
2024-02-13 14:52:37,646 - INFO - Optimal value of theta: 1116.5171155250648.
2024-02-13 14:52:37,647 - INFO - Beginning optimization with guess, [9.84049714e+00 5.97358198e-03].
2024-02-13 14:52:39,756 - INFO - Finished optimization with guess, [9.84049714e+00 5.97358198e-03].
2024-02-13 14:52:39,757 - INFO - Best fit parameters: [1.9079371  0.03869206].
2024-02-13 14:52:39,809 - INFO - Maximum log composite likelihood: -37.782947488663865.
2024-02-13 14:52:39,809 - INFO - Optimal value of theta: 1204.370125200322.
2024-02-13 14:52:39,809 - INFO - Beginning optimization with guess, [5.97810452 0.00635488].
2024-02-13 14:52:42,212 - INFO - Finished optimization with guess, [5.97810452 0.00635488].
2024-02-13 14:52:42,212 - INFO - Best fit parameters: [1.83820847 0.03538635].
2024-02-13 14:52:42,263 - INFO - Maximum log composite likelihood: -37.700585163535095.
2024-02-13 14:52:42,263 - INFO - Optimal value of theta: 1210.4858101420207.
2024-02-13 14:52:42,263 - INFO - Beginning optimization with guess, [7.90178776e+00 7.07096301e-03].
2024-02-13 14:52:44,494 - INFO - Finished optimization with guess, [7.90178776e+00 7.07096301e-03].
2024-02-13 14:52:44,495 - INFO - Best fit parameters: [1.85821686 0.03014949].
2024-02-13 14:52:44,536 - INFO - Maximum log composite likelihood: -37.804550613905974.
2024-02-13 14:52:44,536 - INFO - Optimal value of theta: 1216.2594162398761.
2024-02-13 14:52:44,538 - INFO - Beginning demographic inference for three-epoch demographic model.
2024-02-13 14:52:44,554 - INFO - Beginning optimization with guess, [0.00531026 0.01701726 0.01579741 0.00728866].
2024-02-13 14:52:52,793 - INFO - Finished optimization with guess, [0.00531026 0.01701726 0.01579741 0.00728866].
2024-02-13 14:52:52,794 - INFO - Best fit parameters: [0.00422051 0.01407646 0.02139889 0.0073025 ].
2024-02-13 14:52:52,947 - INFO - Maximum log composite likelihood: -35.238442530537384.
2024-02-13 14:52:52,947 - INFO - Optimal value of theta: 101780.31136151367.
2024-02-13 14:52:52,947 - INFO - Beginning optimization with guess, [0.03885737 0.03108405 0.01853729 0.01095374].
2024-02-13 14:52:54,792 - INFO - Finished optimization with guess, [0.03885737 0.03108405 0.01853729 0.01095374].
2024-02-13 14:52:54,792 - INFO - Best fit parameters: [8.10855200e-03 6.56876532e+02 2.64864931e-05 3.97807746e-03].
2024-02-13 14:52:54,827 - INFO - Maximum log composite likelihood: -41.890392051296146.
2024-02-13 14:52:54,827 - INFO - Optimal value of theta: 1254.141511908722.
2024-02-13 14:52:54,827 - INFO - Beginning optimization with guess, [0.02569486 0.04116486 0.01656543 0.00799846].
2024-02-13 14:52:59,856 - INFO - Finished optimization with guess, [0.02569486 0.04116486 0.01656543 0.00799846].
2024-02-13 14:52:59,857 - INFO - Best fit parameters: [0.00892412 0.12510438 0.02738097 0.00869345].
2024-02-13 14:52:59,982 - INFO - Maximum log composite likelihood: -89.00880405684751.
2024-02-13 14:52:59,982 - INFO - Optimal value of theta: 21251.527191803598.
2024-02-13 14:52:59,983 - INFO - Beginning optimization with guess, [0.03291101 0.05593409 0.01334011 0.01541319].
2024-02-13 14:53:02,341 - INFO - Finished optimization with guess, [0.03291101 0.05593409 0.01334011 0.01541319].
2024-02-13 14:53:02,341 - INFO - Best fit parameters: [1.41045557e-01 4.15587917e+00 2.30703846e-05 1.44926552e-02].
2024-02-13 14:53:02,393 - INFO - Maximum log composite likelihood: -38.258940706520036.
2024-02-13 14:53:02,393 - INFO - Optimal value of theta: 1223.4121138295122.
2024-02-13 14:53:02,393 - INFO - Beginning optimization with guess, [0.02842291 0.07587327 0.00960074 0.00811492].
2024-02-13 14:53:04,759 - INFO - Finished optimization with guess, [0.02842291 0.07587327 0.00960074 0.00811492].
2024-02-13 14:53:04,760 - INFO - Best fit parameters: [9.59923341e+20 8.89062989e-02 1.18583095e-19 7.63567225e-19].
2024-02-13 14:53:04,812 - INFO - Maximum log composite likelihood: -42.58657468745753.
2024-02-13 14:53:04,812 - INFO - Optimal value of theta: 1257.2186519451582.
2024-02-13 14:53:04,813 - INFO - Beginning optimization with guess, [0.91690877 1.07446756 0.00934556 0.00799893].
2024-02-13 14:53:07,736 - INFO - Finished optimization with guess, [0.91690877 1.07446756 0.00934556 0.00799893].
2024-02-13 14:53:07,737 - INFO - Best fit parameters: [0.92281944 1.1787072  0.00492799 0.2166106 ].
2024-02-13 14:53:07,792 - INFO - Maximum log composite likelihood: -36.2268603617664.
2024-02-13 14:53:07,792 - INFO - Optimal value of theta: 1195.8971092333486.
2024-02-13 14:53:07,792 - INFO - Beginning optimization with guess, [0.88221085 1.26328649 0.01731879 0.00981331].
2024-02-13 14:53:10,514 - INFO - Finished optimization with guess, [0.88221085 1.26328649 0.01731879 0.00981331].
2024-02-13 14:53:10,516 - INFO - Best fit parameters: [0.87454445 1.30731055 0.00282396 0.73556209].
2024-02-13 14:53:10,567 - INFO - Maximum log composite likelihood: -35.10116943957331.
2024-02-13 14:53:10,568 - INFO - Optimal value of theta: 1075.98321453984.
2024-02-13 14:53:10,568 - INFO - Beginning optimization with guess, [1.53915057 1.19180819 0.00799644 0.0173894 ].
2024-02-13 14:53:12,677 - INFO - Finished optimization with guess, [1.53915057 1.19180819 0.00799644 0.0173894 ].
2024-02-13 14:53:12,678 - INFO - Best fit parameters: [1.57266551 1.23383309 0.06086319 0.01606899].
2024-02-13 14:53:12,724 - INFO - Maximum log composite likelihood: -36.80009526207243.
2024-02-13 14:53:12,724 - INFO - Optimal value of theta: 1194.1131059297709.
2024-02-13 14:53:12,725 - INFO - Beginning optimization with guess, [0.53238271 0.77538608 0.01084041 0.007269  ].
2024-02-13 14:53:14,744 - INFO - Finished optimization with guess, [0.53238271 0.77538608 0.01084041 0.007269  ].
2024-02-13 14:53:14,744 - INFO - Best fit parameters: [1.23251119e+00 1.21796611e+00 1.55892688e-07 8.84696420e-02].
2024-02-13 14:53:14,791 - INFO - Maximum log composite likelihood: -37.39610434872969.
2024-02-13 14:53:14,791 - INFO - Optimal value of theta: 1218.214859740936.
2024-02-13 14:53:14,792 - INFO - Beginning optimization with guess, [0.68601193 0.91404997 0.0124623  0.019964  ].
2024-02-13 14:53:16,804 - INFO - Finished optimization with guess, [0.68601193 0.91404997 0.0124623  0.019964  ].
2024-02-13 14:53:16,806 - INFO - Best fit parameters: [1.49065454e+00 1.13384534e+00 2.65040249e-08 2.99851741e-03].
2024-02-13 14:53:16,891 - INFO - Maximum log composite likelihood: -42.33306547037506.
2024-02-13 14:53:16,892 - INFO - Optimal value of theta: 1256.080317470541.
2024-02-13 14:53:16,892 - INFO - Beginning optimization with guess, [1.14202099 0.90917897 0.00931617 0.01300377].
2024-02-13 14:53:19,592 - INFO - Finished optimization with guess, [1.14202099 0.90917897 0.00931617 0.01300377].
2024-02-13 14:53:19,592 - INFO - Best fit parameters: [1.2696562  0.91344667 0.41514936 0.00266764].
2024-02-13 14:53:19,647 - INFO - Maximum log composite likelihood: -35.15395084740578.
2024-02-13 14:53:19,647 - INFO - Optimal value of theta: 1133.7576142616947.
2024-02-13 14:53:19,648 - INFO - Beginning optimization with guess, [1.02316067 1.76603228 0.0070677  0.00898274].
2024-02-13 14:53:21,669 - INFO - Finished optimization with guess, [1.02316067 1.76603228 0.0070677  0.00898274].
2024-02-13 14:53:21,669 - INFO - Best fit parameters: [1.02754385 1.75065687 0.009345   0.03827488].
2024-02-13 14:53:21,710 - INFO - Maximum log composite likelihood: -37.621989264390834.
2024-02-13 14:53:21,710 - INFO - Optimal value of theta: 1209.5158678463563.
2024-02-13 14:53:21,710 - INFO - Beginning optimization with guess, [1.36268599 2.8453036  0.01140195 0.00641458].
2024-02-13 14:53:23,804 - INFO - Finished optimization with guess, [1.36268599 2.8453036  0.01140195 0.00641458].
2024-02-13 14:53:23,805 - INFO - Best fit parameters: [1.53886657 2.2395068  0.02813858 0.01214648].
2024-02-13 14:53:23,858 - INFO - Maximum log composite likelihood: -37.733453044617534.
2024-02-13 14:53:23,858 - INFO - Optimal value of theta: 1209.210724535041.
2024-02-13 14:53:23,858 - INFO - Beginning optimization with guess, [1.84681612 2.70077496 0.00613914 0.00782692].
2024-02-13 14:53:26,230 - INFO - Finished optimization with guess, [1.84681612 2.70077496 0.00613914 0.00782692].
2024-02-13 14:53:26,231 - INFO - Best fit parameters: [2.35755491 2.11545218 0.00259648 0.02327816].
2024-02-13 14:53:26,280 - INFO - Maximum log composite likelihood: -37.90523748528386.
2024-02-13 14:53:26,280 - INFO - Optimal value of theta: 1216.0580845169966.
2024-02-13 14:53:26,280 - INFO - Beginning optimization with guess, [1.49248395 1.86622459 0.0184358  0.01271697].
2024-02-13 14:53:28,514 - INFO - Finished optimization with guess, [1.49248395 1.86622459 0.0184358  0.01271697].
2024-02-13 14:53:28,514 - INFO - Best fit parameters: [1.23016630e+00 2.30169969e+00 3.22500614e-01 7.32587892e-04].
2024-02-13 14:53:28,567 - INFO - Maximum log composite likelihood: -35.37153718626149.
2024-02-13 14:53:28,568 - INFO - Optimal value of theta: 1159.5673768494962.
2024-02-13 14:53:28,568 - INFO - Beginning optimization with guess, [1.25996099 1.51383242 0.01445821 0.01283137].
2024-02-13 14:53:30,695 - INFO - Finished optimization with guess, [1.25996099 1.51383242 0.01445821 0.01283137].
2024-02-13 14:53:30,696 - INFO - Best fit parameters: [1.34365671 1.43777137 0.02073702 0.05433847].
2024-02-13 14:53:30,749 - INFO - Maximum log composite likelihood: -36.989930791066456.
2024-02-13 14:53:30,749 - INFO - Optimal value of theta: 1200.6510972008393.
2024-02-13 14:53:30,749 - INFO - Beginning optimization with guess, [2.67545676 3.83747553 0.01702018 0.01706586].
2024-02-13 14:53:32,621 - INFO - Finished optimization with guess, [2.67545676 3.83747553 0.01702018 0.01706586].
2024-02-13 14:53:32,621 - INFO - Best fit parameters: [2.66816039 1.69203771 0.02082981 0.00804764].
2024-02-13 14:53:32,656 - INFO - Maximum log composite likelihood: -37.84965165988348.
2024-02-13 14:53:32,656 - INFO - Optimal value of theta: 1209.253616017541.
2024-02-13 14:53:32,657 - INFO - Beginning optimization with guess, [4.17196246 1.72538086 0.00521393 0.01790955].
2024-02-13 14:53:34,425 - INFO - Finished optimization with guess, [4.17196246 1.72538086 0.00521393 0.01790955].
2024-02-13 14:53:34,426 - INFO - Best fit parameters: [1.37446924e+01 1.21106736e+00 1.85611082e-04 2.46922566e-01].
2024-02-13 14:53:34,476 - INFO - Maximum log composite likelihood: -35.687874126823885.
2024-02-13 14:53:34,476 - INFO - Optimal value of theta: 1179.9455147345604.
2024-02-13 14:53:34,476 - INFO - Beginning optimization with guess, [4.25889164 5.98986907 0.00609781 0.00842815].
2024-02-13 14:53:36,627 - INFO - Finished optimization with guess, [4.25889164 5.98986907 0.00609781 0.00842815].
2024-02-13 14:53:36,628 - INFO - Best fit parameters: [8.33178019 1.58378623 0.00892235 0.01207284].
2024-02-13 14:53:36,682 - INFO - Maximum log composite likelihood: -37.990475707329836.
2024-02-13 14:53:36,682 - INFO - Optimal value of theta: 1220.260529187055.
2024-02-13 14:53:36,682 - INFO - Beginning optimization with guess, [6.13022783e+00 7.12328675e+00 7.08607115e-03 1.97429485e-02].
2024-02-13 14:53:38,814 - INFO - Finished optimization with guess, [6.13022783e+00 7.12328675e+00 7.08607115e-03 1.97429485e-02].
2024-02-13 14:53:38,814 - INFO - Best fit parameters: [4.96387527e+00 4.97908138e+00 3.01024023e-03 1.27747302e-02].
2024-02-13 14:53:38,859 - INFO - Maximum log composite likelihood: -38.210814960401194.
2024-02-13 14:53:38,859 - INFO - Optimal value of theta: 1217.902456882493.
2024-02-13 14:53:38,860 - INFO - Beginning optimization with guess, [3.42087965 2.70143432 0.01224347 0.01837892].
2024-02-13 14:53:40,867 - INFO - Finished optimization with guess, [3.42087965 2.70143432 0.01224347 0.01837892].
2024-02-13 14:53:40,868 - INFO - Best fit parameters: [2.03755397 1.42181197 0.02459022 0.00924993].
2024-02-13 14:53:40,912 - INFO - Maximum log composite likelihood: -37.62852215178731.
2024-02-13 14:53:40,912 - INFO - Optimal value of theta: 1213.3368750588938.
2024-02-13 14:53:40,912 - INFO - Beginning optimization with guess, [3.62108601 4.46361737 0.01847421 0.00582283].
2024-02-13 14:53:42,726 - INFO - Finished optimization with guess, [3.62108601 4.46361737 0.01847421 0.00582283].
2024-02-13 14:53:42,727 - INFO - Best fit parameters: [3.48241383 1.61752798 0.01564076 0.00733867].
2024-02-13 14:53:42,783 - INFO - Maximum log composite likelihood: -37.90612561388053.
2024-02-13 14:53:42,783 - INFO - Optimal value of theta: 1215.485501243123.
2024-02-13 14:53:42,783 - INFO - Beginning optimization with guess, [ 4.08632243 10.48184049  0.01955434  0.01132366].
2024-02-13 14:53:44,720 - INFO - Finished optimization with guess, [ 4.08632243 10.48184049  0.01955434  0.01132366].
2024-02-13 14:53:44,720 - INFO - Best fit parameters: [2.80744398e+00 9.34663449e+00 1.15820137e-02 5.90319891e-03].
2024-02-13 14:53:44,761 - INFO - Maximum log composite likelihood: -38.19872612285991.
2024-02-13 14:53:44,761 - INFO - Optimal value of theta: 1217.6319905309308.
2024-02-13 14:53:44,762 - INFO - Beginning optimization with guess, [6.15821298 7.68990037 0.01326969 0.00981717].
2024-02-13 14:53:46,949 - INFO - Finished optimization with guess, [6.15821298 7.68990037 0.01326969 0.00981717].
2024-02-13 14:53:46,949 - INFO - Best fit parameters: [4.61056506e+00 7.27417344e+00 1.26838993e-02 3.45581559e-03].
2024-02-13 14:53:46,996 - INFO - Maximum log composite likelihood: -38.2215195263563.
2024-02-13 14:53:46,996 - INFO - Optimal value of theta: 1216.964158617582.
2024-02-13 14:53:46,996 - INFO - Beginning optimization with guess, [9.07243877e+00 6.84305597e+00 6.16333181e-03 9.99880447e-03].
2024-02-13 14:53:49,146 - INFO - Finished optimization with guess, [9.07243877e+00 6.84305597e+00 6.16333181e-03 9.99880447e-03].
2024-02-13 14:53:49,147 - INFO - Best fit parameters: [2.51957523e+01 1.49250557e+00 1.73341233e-03 3.88929520e-02].
2024-02-13 14:53:49,192 - INFO - Maximum log composite likelihood: -37.58185461111913.
2024-02-13 14:53:49,192 - INFO - Optimal value of theta: 1216.396409217473.
2024-02-13 14:53:49,194 - INFO - Finished demographic inference.
2024-02-13 14:53:49,194 - INFO - Pipeline executed succesfully.
