2024-03-18 17:43:11,217 - INFO - Beginning execution of fit_demographic_model.py in directory /u/project/kirk/jonmah/sample_size_demography/Scripts

2024-03-18 17:43:11,217 - INFO - Progress is being logged to ../Analysis/ThreeEpochContraction_300/log.log

2024-03-18 17:43:11,217 - INFO - Parsed the following arguments:
	mask_doubletons = False
	syn_input_sfs = ../Analysis/ThreeEpochContraction_300/syn_downsampled_sfs.txt
	mask_singletons = False
	outprefix = ../Analysis/ThreeEpochContraction_300/

2024-03-18 17:43:11,240 - INFO - Beginning demographic inference for one-epoch demographic model.
2024-03-18 17:43:11,241 - INFO - Beginning optimization with guess, [0.08077392].
2024-03-18 17:43:33,347 - INFO - Finished optimization with guess, [0.08077392].
2024-03-18 17:43:33,349 - INFO - Best fit parameters: [0.08077392].
2024-03-18 17:43:34,039 - INFO - Maximum log composite likelihood: -4131.94013617.
2024-03-18 17:43:34,040 - INFO - Optimal value of theta: 7539.76135082.
2024-03-18 17:43:34,040 - INFO - Beginning optimization with guess, [0.17292041].
2024-03-18 17:43:54,583 - INFO - Finished optimization with guess, [0.17292041].
2024-03-18 17:43:54,584 - INFO - Best fit parameters: [0.17292041].
2024-03-18 17:43:55,425 - INFO - Maximum log composite likelihood: -4131.94013617.
2024-03-18 17:43:55,425 - INFO - Optimal value of theta: 7539.76135082.
2024-03-18 17:43:55,425 - INFO - Beginning optimization with guess, [0.3303637].
2024-03-18 17:44:16,177 - INFO - Finished optimization with guess, [0.3303637].
2024-03-18 17:44:16,180 - INFO - Best fit parameters: [0.3303637].
2024-03-18 17:44:16,805 - INFO - Maximum log composite likelihood: -4131.94013617.
2024-03-18 17:44:16,805 - INFO - Optimal value of theta: 7539.76135082.
2024-03-18 17:44:16,805 - INFO - Beginning optimization with guess, [0.44326153].
2024-03-18 17:44:34,927 - INFO - Finished optimization with guess, [0.44326153].
2024-03-18 17:44:34,928 - INFO - Best fit parameters: [0.44326153].
2024-03-18 17:44:35,650 - INFO - Maximum log composite likelihood: -4131.94013617.
2024-03-18 17:44:35,651 - INFO - Optimal value of theta: 7539.76135082.
2024-03-18 17:44:35,651 - INFO - Beginning optimization with guess, [0.96959473].
2024-03-18 17:44:44,422 - INFO - Finished optimization with guess, [0.96959473].
2024-03-18 17:44:44,423 - INFO - Best fit parameters: [0.96959473].
2024-03-18 17:44:45,072 - INFO - Maximum log composite likelihood: -4131.94013617.
2024-03-18 17:44:45,072 - INFO - Optimal value of theta: 7539.76135082.
2024-03-18 17:44:45,076 - INFO - Beginning demographic inference for two-epoch demographic model.
2024-03-18 17:44:45,078 - INFO - Beginning optimization with guess, [0.05794018 0.00841169].
2024-03-18 17:45:47,473 - INFO - Finished optimization with guess, [0.05794018 0.00841169].
2024-03-18 17:45:47,474 - INFO - Best fit parameters: [0.31555526 0.0440269 ].
2024-03-18 17:45:48,129 - INFO - Maximum log composite likelihood: -575.907678776.
2024-03-18 17:45:48,129 - INFO - Optimal value of theta: 11383.1455519.
2024-03-18 17:45:48,129 - INFO - Beginning optimization with guess, [0.16137906 0.01278564].
2024-03-18 17:46:37,057 - INFO - Finished optimization with guess, [0.16137906 0.01278564].
2024-03-18 17:46:37,058 - INFO - Best fit parameters: [0.31554956 0.04402504].
2024-03-18 17:46:37,846 - INFO - Maximum log composite likelihood: -575.90767732.
2024-03-18 17:46:37,847 - INFO - Optimal value of theta: 11383.1492829.
2024-03-18 17:46:37,847 - INFO - Beginning optimization with guess, [0.22432303 0.00619551].
2024-03-18 17:47:28,180 - INFO - Finished optimization with guess, [0.22432303 0.00619551].
2024-03-18 17:47:28,181 - INFO - Best fit parameters: [0.31554924 0.04402201].
2024-03-18 17:47:28,837 - INFO - Maximum log composite likelihood: -575.90767733.
2024-03-18 17:47:28,837 - INFO - Optimal value of theta: 11383.0275213.
2024-03-18 17:47:28,837 - INFO - Beginning optimization with guess, [0.26488557 0.00698493].
2024-03-18 17:48:20,218 - INFO - Finished optimization with guess, [0.26488557 0.00698493].
2024-03-18 17:48:20,219 - INFO - Best fit parameters: [0.31555049 0.04402403].
2024-03-18 17:48:20,899 - INFO - Maximum log composite likelihood: -575.907677185.
2024-03-18 17:48:20,899 - INFO - Optimal value of theta: 11383.0939865.
2024-03-18 17:48:20,900 - INFO - Beginning optimization with guess, [0.60905567 0.01071501].
2024-03-18 17:49:13,999 - INFO - Finished optimization with guess, [0.60905567 0.01071501].
2024-03-18 17:49:14,000 - INFO - Best fit parameters: [0.31554608 0.04402125].
2024-03-18 17:49:14,769 - INFO - Maximum log composite likelihood: -575.907677132.
2024-03-18 17:49:14,770 - INFO - Optimal value of theta: 11383.0409804.
2024-03-18 17:49:14,774 - INFO - Beginning demographic inference for three-epoch demographic model.
2024-03-18 17:49:14,776 - INFO - Beginning optimization with guess, [0.00882695 0.00632107 0.01889732 0.01935246].
2024-03-18 17:50:25,656 - INFO - Finished optimization with guess, [0.00882695 0.00632107 0.01889732 0.01935246].
2024-03-18 17:50:25,658 - INFO - Best fit parameters: [0.00856463 0.00657167 0.01652246 0.0189343 ].
2024-03-18 17:50:26,640 - INFO - Maximum log composite likelihood: -1006.0197117.
2024-03-18 17:50:26,640 - INFO - Optimal value of theta: 718461.622992.
2024-03-18 17:50:26,641 - INFO - Beginning optimization with guess, [0.03650833 0.0137141  0.00598702 0.01388851].
2024-03-18 17:51:31,560 - INFO - Finished optimization with guess, [0.03650833 0.0137141  0.00598702 0.01388851].
2024-03-18 17:51:31,562 - INFO - Best fit parameters: [0.02286339 0.0111436  0.00414454 0.04552505].
2024-03-18 17:51:32,211 - INFO - Maximum log composite likelihood: -1006.02016115.
2024-03-18 17:51:32,211 - INFO - Optimal value of theta: 423594.029149.
2024-03-18 17:51:32,211 - INFO - Beginning optimization with guess, [0.04452167 0.01935079 0.00940425 0.01689388].
2024-03-18 17:52:39,280 - INFO - Finished optimization with guess, [0.04452167 0.01935079 0.00940425 0.01689388].
2024-03-18 17:52:39,282 - INFO - Best fit parameters: [0.02974084 0.01395458 0.00811938 0.05259922].
2024-03-18 17:52:40,046 - INFO - Maximum log composite likelihood: -1006.02031738.
2024-03-18 17:52:40,047 - INFO - Optimal value of theta: 338432.935063.
2024-03-18 17:52:40,047 - INFO - Beginning optimization with guess, [0.06104136 0.03209709 0.00594573 0.00512408].
2024-03-18 17:53:41,033 - INFO - Finished optimization with guess, [0.06104136 0.03209709 0.00594573 0.00512408].
2024-03-18 17:53:41,035 - INFO - Best fit parameters: [0.01938106 0.32156119 0.00078888 0.02336302].
2024-03-18 17:53:41,690 - INFO - Maximum log composite likelihood: -583.250115082.
2024-03-18 17:53:41,690 - INFO - Optimal value of theta: 11307.883396.
2024-03-18 17:53:41,690 - INFO - Beginning optimization with guess, [0.05791049 0.08045364 0.01460489 0.00788885].
2024-03-18 17:54:39,262 - INFO - Finished optimization with guess, [0.05791049 0.08045364 0.01460489 0.00788885].
2024-03-18 17:54:39,263 - INFO - Best fit parameters: [0.0293672  0.31591416 0.00060505 0.0349977 ].
2024-03-18 17:54:39,874 - INFO - Maximum log composite likelihood: -576.852685154.
2024-03-18 17:54:39,874 - INFO - Optimal value of theta: 11400.4440381.
2024-03-18 17:54:39,878 - INFO - Finished demographic inference.
2024-03-18 17:54:39,879 - INFO - Pipeline executed succesfully.
