2025-08-14 10:40:38,179 - INFO - Beginning execution of evaluate_demography.py in directory /u/project/kirk-bigdata/jonmah/sample_size_demography/Scripts

2025-08-14 10:40:38,179 - INFO - Progress is being logged to ../Analysis/msprime_3EpB_100/evaluate_demography.log

2025-08-14 10:40:38,179 - INFO - Parsed the following arguments:
	syn_input_sfs = ../Simulations/simple_simulations/ThreeEpochBottleneck_100_concat.sfs
	model_type = two_epoch
	params_list = [3382.65, 0.01168181]
	L_syn = 100000000.0
	mask_singletons = False
	mask_doubletons = False
	outprefix = ../Analysis/msprime_3EpB_100/

2025-08-14 10:40:38,198 - INFO - Beginning demographic evaluation for two-epoch demographic model.
2025-08-14 10:40:38,200 - INFO - Beginning optimization with guess, [3382.65, 0.01168181].
2025-08-14 10:40:38,200 - INFO - Finished optimization with guess, [3382.65, 0.01168181].
2025-08-14 10:40:38,200 - INFO - Best fit parameters: [3382.65, 0.01168181].
2025-08-14 10:40:38,515 - INFO - Maximum log composite likelihood: -10103.870425244953.
2025-08-14 10:40:38,516 - INFO - Optimal value of theta: 21115.383097529022.
2025-08-14 10:40:38,516 - INFO - Synonymous input SFS: [-- 34270.24219203384 5607.309380468908 3405.465572138651 2811.07444525074 2508.025297481769 2297.356804548026 2133.513826397763 2008.766798883711 1918.048388024554 1851.466519765743 1802.201973879307 1770.122281873344 1756.311831799645 1757.678119660447 1766.560316085388 1773.453630521167 1770.239921193132 1752.755071985684 1721.976419337998 1683.168178575223 1643.248263910937 1607.87556651103 1579.845689350646 1559.197420654706 1544.274838911485 1532.851301518323 1522.989500650174 1513.702599583093 1505.3648750168 1499.598437359872 1498.512260123469 1503.628366663536 1515.080377271237 1531.434642744461 1550.071354336612 1567.85732534612 1581.863810248757 1589.978694152695 1591.334767221751 1586.49330594935 1577.319957887322 1566.53167135511 1556.995569950343 1550.972730890269 1549.546457535016 1552.416058730223 1558.100696527603 1564.456237872261 1569.32578860009 785.569756754432 -- -- -- -- -- -- -- -- -- -- -- -- -- -- -- -- -- -- -- -- -- -- -- -- -- -- -- -- -- -- -- -- -- -- -- -- -- -- -- -- -- -- -- -- -- -- -- -- -- --].
2025-08-14 10:40:38,517 - INFO - Scaled spectrum: [-- 34226.49364718935 10775.207682320866 7256.144390834724 5498.796432476676 4445.342836203514 3743.8614591721557 3243.529766267996 2868.937353334536 2578.1903611009707 2346.153243303552 2156.8313910019874 1999.5624471797305 1866.9654785885618 1753.7690764028212 1656.1082190953252 1571.0848142580792 1496.4833458843618 1430.5813085299546 1372.0195070877114 1319.7112694365153 1272.7776012437726 1230.5000288486976 1192.285747161333 1157.6414838921878 1126.1536398374312 1097.4730158269012 1071.3029375379235 1047.3899290697714 1025.5163204485752 1005.494338230686 987.1613447627983 970.3759753186753 955.0149831849783 940.9706475194785 928.1486320565782 916.4662076854327 905.8507708148397 896.2386038689556 887.5738353699575 879.8075656912429 872.8971313174761 866.8054857714501 861.5006796024909 856.9554252258579 853.1467351481567 850.0556243604708 847.6668695365474 845.9688192324509 844.9532506112312 422.3076346870264 -- -- -- -- -- -- -- -- -- -- -- -- -- -- -- -- -- -- -- -- -- -- -- -- -- -- -- -- -- -- -- -- -- -- -- -- -- -- -- -- -- -- -- -- -- -- -- -- -- --].
2025-08-14 10:40:38,518 - INFO - Converting and interpreting Tau estimates.
2025-08-14 10:40:38,519 - INFO - Finished demographic inference.
2025-08-14 10:40:38,519 - INFO - Pipeline executed succesfully.
