2025-07-30 17:53:22,226 - INFO - Beginning execution of fit_demographic_model.py in directory /u/project/kirk/jonmah/sample_size_demography/Scripts

2025-07-30 17:53:22,227 - INFO - Progress is being logged to ../Analysis/msprime_3EpB_100/log.log

2025-07-30 17:53:22,227 - INFO - Parsed the following arguments:
	syn_input_sfs = ../Simulations/simple_simulations/ThreeEpochBottleneck_100_concat.sfs
	mask_singletons = False
	mask_doubletons = False
	L_syn = 100000000.0
	outprefix = ../Analysis/msprime_3EpB_100/

2025-07-30 17:53:22,228 - INFO - Beginning demographic inference for two-epoch demographic model.
2025-07-30 17:53:22,230 - INFO - Beginning optimization with guess, [0.01, 0.1].
2025-07-30 17:53:25,050 - INFO - Finished optimization with guess, [0.01, 0.1].
2025-07-30 17:53:25,051 - INFO - Best fit parameters: [0.01614025 0.07887661].
2025-07-30 17:53:25,177 - INFO - Maximum log composite likelihood: -10217.92156140648.
2025-07-30 17:53:25,177 - INFO - Optimal value of theta: 1157377.6375457023.
2025-07-30 17:53:25,177 - INFO - Beginning optimization with guess, [0.025, 0.1].
2025-07-30 17:53:27,646 - INFO - Finished optimization with guess, [0.025, 0.1].
2025-07-30 17:53:27,647 - INFO - Best fit parameters: [0.02188423 0.09939471].
2025-07-30 17:53:27,776 - INFO - Maximum log composite likelihood: -10215.605463774189.
2025-07-30 17:53:27,776 - INFO - Optimal value of theta: 847460.7000523186.
2025-07-30 17:53:27,776 - INFO - Beginning optimization with guess, [0.05, 0.1].
2025-07-30 17:53:30,056 - INFO - Finished optimization with guess, [0.05, 0.1].
2025-07-30 17:53:30,057 - INFO - Best fit parameters: [0.03402259 0.13973735].
2025-07-30 17:53:30,187 - INFO - Maximum log composite likelihood: -10216.55943056655.
2025-07-30 17:53:30,187 - INFO - Optimal value of theta: 547429.2078616662.
2025-07-30 17:53:30,187 - INFO - Beginning optimization with guess, [0.075, 0.1].
2025-07-30 17:53:32,354 - INFO - Finished optimization with guess, [0.075, 0.1].
2025-07-30 17:53:32,356 - INFO - Best fit parameters: [0.04395848 0.16909275].
2025-07-30 17:53:32,552 - INFO - Maximum log composite likelihood: -10217.118712899162.
2025-07-30 17:53:32,552 - INFO - Optimal value of theta: 424277.4888593714.
2025-07-30 17:53:32,552 - INFO - Beginning optimization with guess, [0.1, 0.1].
2025-07-30 17:53:34,759 - INFO - Finished optimization with guess, [0.1, 0.1].
2025-07-30 17:53:34,759 - INFO - Best fit parameters: [0.06219422 0.20983358].
2025-07-30 17:53:34,865 - INFO - Maximum log composite likelihood: -10223.707118282222.
2025-07-30 17:53:34,865 - INFO - Optimal value of theta: 293024.93292932084.
2025-07-30 17:53:34,865 - INFO - Beginning optimization with guess, [0.25, 0.1].
2025-07-30 17:53:36,382 - INFO - Finished optimization with guess, [0.25, 0.1].
2025-07-30 17:53:36,382 - INFO - Best fit parameters: [0.53588673 0.30725574].
2025-07-30 17:53:36,551 - INFO - Maximum log composite likelihood: -10436.21829518889.
2025-07-30 17:53:36,551 - INFO - Optimal value of theta: 34326.19356527169.
2025-07-30 17:53:36,551 - INFO - Beginning optimization with guess, [0.5, 0.1].
2025-07-30 17:53:38,241 - INFO - Finished optimization with guess, [0.5, 0.1].
2025-07-30 17:53:38,241 - INFO - Best fit parameters: [0.43811302 0.48696753].
2025-07-30 17:53:38,326 - INFO - Maximum log composite likelihood: -10254.529107715784.
2025-07-30 17:53:38,326 - INFO - Optimal value of theta: 43434.75952643509.
2025-07-30 17:53:38,326 - INFO - Beginning optimization with guess, [0.75, 0.1].
2025-07-30 17:53:40,055 - INFO - Finished optimization with guess, [0.75, 0.1].
2025-07-30 17:53:40,055 - INFO - Best fit parameters: [0.6271407  0.38681205].
2025-07-30 17:53:40,142 - INFO - Maximum log composite likelihood: -10554.885718445708.
2025-07-30 17:53:40,142 - INFO - Optimal value of theta: 31751.899842914656.
2025-07-30 17:53:40,142 - INFO - Beginning optimization with guess, [1, 0.1].
2025-07-30 17:53:41,568 - INFO - Finished optimization with guess, [1, 0.1].
2025-07-30 17:53:41,568 - INFO - Best fit parameters: [0.99563456 0.17528712].
2025-07-30 17:53:41,653 - INFO - Maximum log composite likelihood: -12656.655065355431.
2025-07-30 17:53:41,653 - INFO - Optimal value of theta: 23653.437944246103.
2025-07-30 17:53:41,653 - INFO - Beginning optimization with guess, [1.25, 0.1].
2025-07-30 17:53:43,241 - INFO - Finished optimization with guess, [1.25, 0.1].
2025-07-30 17:53:43,241 - INFO - Best fit parameters: [1.12742882 0.02566699].
2025-07-30 17:53:43,327 - INFO - Maximum log composite likelihood: -12425.185476240804.
2025-07-30 17:53:43,327 - INFO - Optimal value of theta: 23185.419562552826.
2025-07-30 17:53:43,327 - INFO - Beginning optimization with guess, [1.5, 0.1].
2025-07-30 17:53:44,951 - INFO - Finished optimization with guess, [1.5, 0.1].
2025-07-30 17:53:44,952 - INFO - Best fit parameters: [1.24350934 0.02566699].
2025-07-30 17:53:45,049 - INFO - Maximum log composite likelihood: -12246.790833254596.
2025-07-30 17:53:45,050 - INFO - Optimal value of theta: 22867.315693104567.
2025-07-30 17:53:45,050 - INFO - Beginning optimization with guess, [1.75, 0.1].
2025-07-30 17:53:46,827 - INFO - Finished optimization with guess, [1.75, 0.1].
2025-07-30 17:53:46,827 - INFO - Best fit parameters: [1.25965958 0.0267994 ].
2025-07-30 17:53:46,925 - INFO - Maximum log composite likelihood: -12237.40368125637.
2025-07-30 17:53:46,926 - INFO - Optimal value of theta: 22802.286252752765.
2025-07-30 17:53:46,926 - INFO - Beginning optimization with guess, [2, 0.1].
2025-07-30 17:53:48,786 - INFO - Finished optimization with guess, [2, 0.1].
2025-07-30 17:53:48,786 - INFO - Best fit parameters: [1.33099025 0.0267994 ].
2025-07-30 17:53:48,884 - INFO - Maximum log composite likelihood: -12154.689212209527.
2025-07-30 17:53:48,885 - INFO - Optimal value of theta: 22630.678167484977.
2025-07-30 17:53:48,885 - INFO - Beginning optimization with guess, [2.25, 0.1].
2025-07-30 17:53:50,749 - INFO - Finished optimization with guess, [2.25, 0.1].
2025-07-30 17:53:50,749 - INFO - Best fit parameters: [1.39725377 0.0267994 ].
2025-07-30 17:53:50,849 - INFO - Maximum log composite likelihood: -12085.080892980128.
2025-07-30 17:53:50,849 - INFO - Optimal value of theta: 22483.33917326196.
2025-07-30 17:53:50,849 - INFO - Beginning optimization with guess, [2.5, 0.1].
2025-07-30 17:53:52,776 - INFO - Finished optimization with guess, [2.5, 0.1].
2025-07-30 17:53:52,776 - INFO - Best fit parameters: [1.45931906 0.0267994 ].
2025-07-30 17:53:52,863 - INFO - Maximum log composite likelihood: -12027.175278120849.
2025-07-30 17:53:52,864 - INFO - Optimal value of theta: 22355.95737053149.
2025-07-30 17:53:52,864 - INFO - Beginning optimization with guess, [2.75, 0.1].
2025-07-30 17:53:54,780 - INFO - Finished optimization with guess, [2.75, 0.1].
2025-07-30 17:53:54,780 - INFO - Best fit parameters: [1.51783561 0.0267994 ].
2025-07-30 17:53:54,878 - INFO - Maximum log composite likelihood: -11979.107685840161.
2025-07-30 17:53:54,879 - INFO - Optimal value of theta: 22244.789763186753.
2025-07-30 17:53:54,879 - INFO - Beginning optimization with guess, [3, 0.1].
2025-07-30 17:53:56,726 - INFO - Finished optimization with guess, [3, 0.1].
2025-07-30 17:53:56,726 - INFO - Best fit parameters: [1.57330353 0.0267994 ].
2025-07-30 17:53:56,810 - INFO - Maximum log composite likelihood: -11939.075263517372.
2025-07-30 17:53:56,810 - INFO - Optimal value of theta: 22146.808877948704.
2025-07-30 17:53:56,810 - INFO - Beginning optimization with guess, [3.25, 0.1].
2025-07-30 17:53:58,389 - INFO - Finished optimization with guess, [3.25, 0.1].
2025-07-30 17:53:58,390 - INFO - Best fit parameters: [1.62611736 0.0267994 ].
2025-07-30 17:53:58,473 - INFO - Maximum log composite likelihood: -11905.789078675865.
2025-07-30 17:53:58,473 - INFO - Optimal value of theta: 22059.756623949495.
2025-07-30 17:53:58,473 - INFO - Beginning optimization with guess, [3.5, 0.1].
2025-07-30 17:54:00,218 - INFO - Finished optimization with guess, [3.5, 0.1].
2025-07-30 17:54:00,219 - INFO - Best fit parameters: [1.67659462 0.0267994 ].
2025-07-30 17:54:00,317 - INFO - Maximum log composite likelihood: -11878.123165399244.
2025-07-30 17:54:00,317 - INFO - Optimal value of theta: 21981.788435584018.
2025-07-30 17:54:00,317 - INFO - Beginning optimization with guess, [3.75, 0.1].
2025-07-30 17:54:02,062 - INFO - Finished optimization with guess, [3.75, 0.1].
2025-07-30 17:54:02,063 - INFO - Best fit parameters: [1.72499523 0.0267994 ].
2025-07-30 17:54:02,146 - INFO - Maximum log composite likelihood: -11849.310035871848.
2025-07-30 17:54:02,146 - INFO - Optimal value of theta: 21907.959812451354.
2025-07-30 17:54:02,146 - INFO - Beginning optimization with guess, [4, 0.1].
2025-07-30 17:54:03,851 - INFO - Finished optimization with guess, [4, 0.1].
2025-07-30 17:54:03,852 - INFO - Best fit parameters: [1.77153504 0.0267994 ].
2025-07-30 17:54:03,947 - INFO - Maximum log composite likelihood: -11823.879233522206.
2025-07-30 17:54:03,947 - INFO - Optimal value of theta: 21840.49408844407.
2025-07-30 17:54:03,947 - INFO - Beginning optimization with guess, [4.25, 0.1].
2025-07-30 17:54:05,763 - INFO - Finished optimization with guess, [4.25, 0.1].
2025-07-30 17:54:05,764 - INFO - Best fit parameters: [1.81639557 0.0267994 ].
2025-07-30 17:54:05,859 - INFO - Maximum log composite likelihood: -11801.363072896836.
2025-07-30 17:54:05,859 - INFO - Optimal value of theta: 21778.549864073702.
2025-07-30 17:54:05,859 - INFO - Beginning optimization with guess, [4.5, 0.1].
2025-07-30 17:54:07,519 - INFO - Finished optimization with guess, [4.5, 0.1].
2025-07-30 17:54:07,521 - INFO - Best fit parameters: [1.85973113 0.0267994 ].
2025-07-30 17:54:07,683 - INFO - Maximum log composite likelihood: -11781.385410001098.
2025-07-30 17:54:07,683 - INFO - Optimal value of theta: 21721.438696803703.
2025-07-30 17:54:07,683 - INFO - Beginning optimization with guess, [4.75, 0.1].
2025-07-30 17:54:09,489 - INFO - Finished optimization with guess, [4.75, 0.1].
2025-07-30 17:54:09,490 - INFO - Best fit parameters: [1.9016742 0.0267994].
2025-07-30 17:54:09,573 - INFO - Maximum log composite likelihood: -11763.64021005502.
2025-07-30 17:54:09,573 - INFO - Optimal value of theta: 21668.590597314884.
2025-07-30 17:54:09,573 - INFO - Beginning optimization with guess, [5, 0.1].
2025-07-30 17:54:11,406 - INFO - Finished optimization with guess, [5, 0.1].
2025-07-30 17:54:11,406 - INFO - Best fit parameters: [1.94233943 0.0267994 ].
2025-07-30 17:54:11,500 - INFO - Maximum log composite likelihood: -11747.87597468244.
2025-07-30 17:54:11,500 - INFO - Optimal value of theta: 21619.528675411064.
2025-07-30 17:54:11,502 - INFO - Converting and interpreting Tau estimates.
2025-07-30 17:54:11,503 - INFO - Finished demographic inference.
2025-07-30 17:54:11,503 - INFO - Pipeline executed succesfully.
