2025-08-14 10:36:49,868 - INFO - Beginning execution of evaluate_demography.py in directory /u/project/kirk-bigdata/jonmah/sample_size_demography/Scripts

2025-08-14 10:36:49,868 - INFO - Progress is being logged to ../Analysis/dadi_3EpB_80/evaluate_demography.log

2025-08-14 10:36:49,868 - INFO - Parsed the following arguments:
	syn_input_sfs = ../Simulations/dadi_simulations/ThreeEpochBottleneck_80.sfs
	model_type = two_epoch
	params_list = [0.02222546, 0.0939891]
	L_syn = 100000000.0
	mask_singletons = False
	mask_doubletons = False
	outprefix = ../Analysis/dadi_3EpB_80/

2025-08-14 10:36:49,869 - INFO - Beginning demographic evaluation for two-epoch demographic model.
2025-08-14 10:36:49,871 - INFO - Beginning optimization with guess, [0.02222546, 0.0939891].
2025-08-14 10:36:49,871 - INFO - Finished optimization with guess, [0.02222546, 0.0939891].
2025-08-14 10:36:49,871 - INFO - Best fit parameters: [0.02222546, 0.0939891].
2025-08-14 10:36:50,180 - INFO - Maximum log composite likelihood: -5621.803384780776.
2025-08-14 10:36:50,180 - INFO - Optimal value of theta: 763402.2025010859.
2025-08-14 10:36:50,180 - INFO - Synonymous input SFS: [-- 28237.73065299583 6000.935125040893 3877.125870582317 3257.671432426393 2939.367642759277 2735.170169765386 2590.609673325052 2482.338757474846 2398.082908520142 2330.619709394063 2275.385656292836 2229.346847988259 2190.405530667165 2157.064453636578 2128.226371019894 2103.068974037748 2080.964037363287 2061.42354127919 2044.062818508693 2028.574763502219 2014.711415896347 2002.270571928288 1991.085894001015 1981.019498698943 1971.956329979189 1963.79983769098 1956.468623870747 1949.893815834346 1944.01699171165 1938.788530730536 1934.16629370162 1930.114563012349 1926.603188830504 1923.60690105339 1921.104756131643 1919.07969515957 1917.518195202179 1916.410000185024 1915.747921143575 957.7638492322546 -- -- -- -- -- -- -- -- -- -- -- -- -- -- -- -- -- -- -- -- -- -- -- -- -- -- -- -- -- -- -- -- -- -- -- -- -- -- -- --].
2025-08-14 10:36:50,181 - INFO - Scaled spectrum: [-- 17994.058172837184 9513.342287517915 6688.340631539359 5277.32658925267 4431.955213317002 3869.4469649024186 3468.612574774571 3168.85924480062 2936.526056916338 2751.418145485556 2600.685875414185 2475.764440174664 2370.725962203952 2281.337845387317 2204.4977962695834 2137.880722420216 2079.710265478884 2028.6065009625124 1983.4817446068269 1943.4676292542908 1907.8630301803519 1876.0962067911805 1847.6968356388663 1822.2750516115404 1799.5055370154532 1779.1153017197532 1760.8741998753483 1744.5875017982435 1730.0900279952516 1717.2414842548865 1705.9227304483773 1696.032783145465 1687.4864013305835 1680.2121407982909 1674.1507899338712 1669.2541201237937 1665.4838998109944 1662.8111335312478 1661.2154970768104 830.34247397783 -- -- -- -- -- -- -- -- -- -- -- -- -- -- -- -- -- -- -- -- -- -- -- -- -- -- -- -- -- -- -- -- -- -- -- -- -- -- -- --].
2025-08-14 10:36:50,182 - INFO - Converting and interpreting Tau estimates.
2025-08-14 10:36:50,183 - INFO - Finished demographic inference.
2025-08-14 10:36:50,183 - INFO - Pipeline executed succesfully.
