2025-07-31 01:51:12,456 - INFO - Beginning execution of fit_demographic_model.py in directory /u/project/kirk/jonmah/sample_size_demography/Scripts

2025-07-31 01:51:12,457 - INFO - Progress is being logged to ../Analysis/dadi_3EpB_310/log.log

2025-07-31 01:51:12,457 - INFO - Parsed the following arguments:
	syn_input_sfs = ../Simulations/dadi_simulations/ThreeEpochBottleneck_310.sfs
	mask_singletons = False
	mask_doubletons = False
	L_syn = 100000000.0
	outprefix = ../Analysis/dadi_3EpB_310/

2025-07-31 01:51:12,491 - INFO - Beginning demographic inference for two-epoch demographic model.
2025-07-31 01:51:12,493 - INFO - Beginning optimization with guess, [0.01, 0.1].
2025-07-31 01:51:37,497 - INFO - Finished optimization with guess, [0.01, 0.1].
2025-07-31 01:51:37,498 - INFO - Best fit parameters: [0.01113004 0.0877177 ].
2025-07-31 01:51:38,029 - INFO - Maximum log composite likelihood: -36891.10587206172.
2025-07-31 01:51:38,029 - INFO - Optimal value of theta: 2469399.069014072.
2025-07-31 01:51:38,029 - INFO - Beginning optimization with guess, [0.025, 0.1].
2025-07-31 01:52:02,818 - INFO - Finished optimization with guess, [0.025, 0.1].
2025-07-31 01:52:02,819 - INFO - Best fit parameters: [0.01675934 0.12511473].
2025-07-31 01:52:03,376 - INFO - Maximum log composite likelihood: -36891.10587228893.
2025-07-31 01:52:03,376 - INFO - Optimal value of theta: 1639953.5960217107.
2025-07-31 01:52:03,376 - INFO - Beginning optimization with guess, [0.05, 0.1].
2025-07-31 01:52:27,415 - INFO - Finished optimization with guess, [0.05, 0.1].
2025-07-31 01:52:27,416 - INFO - Best fit parameters: [0.02442576 0.17294489].
2025-07-31 01:52:27,952 - INFO - Maximum log composite likelihood: -36891.105877163805.
2025-07-31 01:52:27,952 - INFO - Optimal value of theta: 1125233.7711687256.
2025-07-31 01:52:27,952 - INFO - Beginning optimization with guess, [0.075, 0.1].
2025-07-31 01:52:52,204 - INFO - Finished optimization with guess, [0.075, 0.1].
2025-07-31 01:52:52,206 - INFO - Best fit parameters: [0.03425895 0.23060851].
2025-07-31 01:52:52,723 - INFO - Maximum log composite likelihood: -36891.10587807652.
2025-07-31 01:52:52,723 - INFO - Optimal value of theta: 802263.4500390668.
2025-07-31 01:52:52,723 - INFO - Beginning optimization with guess, [0.1, 0.1].
2025-07-31 01:53:16,001 - INFO - Finished optimization with guess, [0.1, 0.1].
2025-07-31 01:53:16,001 - INFO - Best fit parameters: [0.04976757 0.31578813].
2025-07-31 01:53:16,515 - INFO - Maximum log composite likelihood: -36891.10652865035.
2025-07-31 01:53:16,515 - INFO - Optimal value of theta: 552298.883045693.
2025-07-31 01:53:16,515 - INFO - Beginning optimization with guess, [0.25, 0.1].
2025-07-31 01:53:36,761 - INFO - Finished optimization with guess, [0.25, 0.1].
2025-07-31 01:53:36,762 - INFO - Best fit parameters: [5.46619273e+01 1.62068469e-02].
2025-07-31 01:53:37,193 - INFO - Maximum log composite likelihood: -12457.561960776433.
2025-07-31 01:53:37,193 - INFO - Optimal value of theta: 20321.67774895442.
2025-07-31 01:53:37,193 - INFO - Beginning optimization with guess, [0.5, 0.1].
2025-07-31 01:53:59,023 - INFO - Finished optimization with guess, [0.5, 0.1].
2025-07-31 01:53:59,023 - INFO - Best fit parameters: [0.40953022 1.53550483].
2025-07-31 01:53:59,503 - INFO - Maximum log composite likelihood: -36891.10605603058.
2025-07-31 01:53:59,503 - INFO - Optimal value of theta: 67109.66466972402.
2025-07-31 01:53:59,503 - INFO - Beginning optimization with guess, [0.75, 0.1].
2025-07-31 01:54:22,088 - INFO - Finished optimization with guess, [0.75, 0.1].
2025-07-31 01:54:22,088 - INFO - Best fit parameters: [0.69939804 1.77593795].
2025-07-31 01:54:22,551 - INFO - Maximum log composite likelihood: -36891.108299449574.
2025-07-31 01:54:22,551 - INFO - Optimal value of theta: 39297.439696850786.
2025-07-31 01:54:22,551 - INFO - Beginning optimization with guess, [1, 0.1].
2025-07-31 01:54:41,926 - INFO - Finished optimization with guess, [1, 0.1].
2025-07-31 01:54:41,928 - INFO - Best fit parameters: [1.92324135 0.01339149].
2025-07-31 01:54:42,360 - INFO - Maximum log composite likelihood: -26466.494220073142.
2025-07-31 01:54:42,360 - INFO - Optimal value of theta: 25423.8295302376.
2025-07-31 01:54:42,360 - INFO - Beginning optimization with guess, [1.25, 0.1].
2025-07-31 01:55:00,416 - INFO - Finished optimization with guess, [1.25, 0.1].
2025-07-31 01:55:00,417 - INFO - Best fit parameters: [7.44911369e+01 1.59346948e-02].
2025-07-31 01:55:00,847 - INFO - Maximum log composite likelihood: -12472.548809921058.
2025-07-31 01:55:00,847 - INFO - Optimal value of theta: 20324.150155319287.
2025-07-31 01:55:00,847 - INFO - Beginning optimization with guess, [1.5, 0.1].
2025-07-31 01:55:20,357 - INFO - Finished optimization with guess, [1.5, 0.1].
2025-07-31 01:55:20,358 - INFO - Best fit parameters: [4.58687948e+01 1.71389564e-02].
2025-07-31 01:55:20,809 - INFO - Maximum log composite likelihood: -12475.641017164933.
2025-07-31 01:55:20,809 - INFO - Optimal value of theta: 20087.49650829105.
2025-07-31 01:55:20,809 - INFO - Beginning optimization with guess, [1.75, 0.1].
2025-07-31 01:55:42,732 - INFO - Finished optimization with guess, [1.75, 0.1].
2025-07-31 01:55:42,733 - INFO - Best fit parameters: [5.76800568e+01 1.56736662e-02].
2025-07-31 01:55:43,253 - INFO - Maximum log composite likelihood: -12463.49925611389.
2025-07-31 01:55:43,253 - INFO - Optimal value of theta: 20481.450229446105.
2025-07-31 01:55:43,253 - INFO - Beginning optimization with guess, [2, 0.1].
2025-07-31 01:56:08,483 - INFO - Finished optimization with guess, [2, 0.1].
2025-07-31 01:56:08,484 - INFO - Best fit parameters: [6.61473050e+01 1.52859559e-02].
2025-07-31 01:56:08,925 - INFO - Maximum log composite likelihood: -12474.943720679354.
2025-07-31 01:56:08,925 - INFO - Optimal value of theta: 20574.473054825536.
2025-07-31 01:56:08,925 - INFO - Beginning optimization with guess, [2.25, 0.1].
2025-07-31 01:56:33,144 - INFO - Finished optimization with guess, [2.25, 0.1].
2025-07-31 01:56:33,144 - INFO - Best fit parameters: [5.05464262e+01 1.65988314e-02].
2025-07-31 01:56:33,599 - INFO - Maximum log composite likelihood: -12461.03713756282.
2025-07-31 01:56:33,599 - INFO - Optimal value of theta: 20221.471104683216.
2025-07-31 01:56:33,599 - INFO - Beginning optimization with guess, [2.5, 0.1].
2025-07-31 01:56:55,330 - INFO - Finished optimization with guess, [2.5, 0.1].
2025-07-31 01:56:55,331 - INFO - Best fit parameters: [5.78858059e+01 1.57335818e-02].
2025-07-31 01:56:55,784 - INFO - Maximum log composite likelihood: -12461.987328527217.
2025-07-31 01:56:55,784 - INFO - Optimal value of theta: 20460.306962656214.
2025-07-31 01:56:55,784 - INFO - Beginning optimization with guess, [2.75, 0.1].
2025-07-31 01:57:17,051 - INFO - Finished optimization with guess, [2.75, 0.1].
2025-07-31 01:57:17,052 - INFO - Best fit parameters: [6.08156303e+01 1.61948989e-02].
2025-07-31 01:57:17,504 - INFO - Maximum log composite likelihood: -12460.745615754273.
2025-07-31 01:57:17,504 - INFO - Optimal value of theta: 20292.224770664674.
2025-07-31 01:57:17,504 - INFO - Beginning optimization with guess, [3, 0.1].
2025-07-31 01:57:37,811 - INFO - Finished optimization with guess, [3, 0.1].
2025-07-31 01:57:37,812 - INFO - Best fit parameters: [5.18483302e+01 1.61704006e-02].
2025-07-31 01:57:38,259 - INFO - Maximum log composite likelihood: -12458.122010244006.
2025-07-31 01:57:38,259 - INFO - Optimal value of theta: 20351.34457125035.
2025-07-31 01:57:38,259 - INFO - Beginning optimization with guess, [3.25, 0.1].
2025-07-31 01:58:07,954 - INFO - Finished optimization with guess, [3.25, 0.1].
2025-07-31 01:58:07,955 - INFO - Best fit parameters: [5.31454106e+01 1.60082161e-02].
2025-07-31 01:58:08,675 - INFO - Maximum log composite likelihood: -12458.931396718268.
2025-07-31 01:58:08,675 - INFO - Optimal value of theta: 20396.219340677515.
2025-07-31 01:58:08,676 - INFO - Beginning optimization with guess, [3.5, 0.1].
2025-07-31 01:58:43,214 - INFO - Finished optimization with guess, [3.5, 0.1].
2025-07-31 01:58:43,227 - INFO - Best fit parameters: [6.31580616e+01 1.63616477e-02].
2025-07-31 01:58:44,087 - INFO - Maximum log composite likelihood: -12466.5318678347.
2025-07-31 01:58:44,088 - INFO - Optimal value of theta: 20226.193200085232.
2025-07-31 01:58:44,088 - INFO - Beginning optimization with guess, [3.75, 0.1].
2025-07-31 01:59:17,035 - INFO - Finished optimization with guess, [3.75, 0.1].
2025-07-31 01:59:17,036 - INFO - Best fit parameters: [5.26641872e+01 1.61626669e-02].
2025-07-31 01:59:17,810 - INFO - Maximum log composite likelihood: -12457.819658829849.
2025-07-31 01:59:17,810 - INFO - Optimal value of theta: 20348.553154726374.
2025-07-31 01:59:17,810 - INFO - Beginning optimization with guess, [4, 0.1].
2025-07-31 01:59:51,823 - INFO - Finished optimization with guess, [4, 0.1].
2025-07-31 01:59:51,824 - INFO - Best fit parameters: [5.59012948e+01 1.60346166e-02].
2025-07-31 01:59:52,560 - INFO - Maximum log composite likelihood: -12457.974608674367.
2025-07-31 01:59:52,561 - INFO - Optimal value of theta: 20371.073308372353.
2025-07-31 01:59:52,561 - INFO - Beginning optimization with guess, [4.25, 0.1].
2025-07-31 02:00:22,866 - INFO - Finished optimization with guess, [4.25, 0.1].
2025-07-31 02:00:22,866 - INFO - Best fit parameters: [6.02532512e+01 1.60128296e-02].
2025-07-31 02:00:23,520 - INFO - Maximum log composite likelihood: -12459.263983521341.
2025-07-31 02:00:23,520 - INFO - Optimal value of theta: 20355.235077316058.
2025-07-31 02:00:23,520 - INFO - Beginning optimization with guess, [4.5, 0.1].
2025-07-31 02:00:54,302 - INFO - Finished optimization with guess, [4.5, 0.1].
2025-07-31 02:00:54,303 - INFO - Best fit parameters: [5.25821829e+01 1.62166423e-02].
2025-07-31 02:00:55,026 - INFO - Maximum log composite likelihood: -12457.698723378715.
2025-07-31 02:00:55,026 - INFO - Optimal value of theta: 20331.43276593001.
2025-07-31 02:00:55,026 - INFO - Beginning optimization with guess, [4.75, 0.1].
2025-07-31 02:01:28,913 - INFO - Finished optimization with guess, [4.75, 0.1].
2025-07-31 02:01:28,926 - INFO - Best fit parameters: [5.90676327e+01 1.58868227e-02].
2025-07-31 02:01:29,971 - INFO - Maximum log composite likelihood: -12459.494872199233.
2025-07-31 02:01:29,972 - INFO - Optimal value of theta: 20403.064177324017.
2025-07-31 02:01:29,972 - INFO - Beginning optimization with guess, [5, 0.1].
2025-07-31 02:02:02,695 - INFO - Finished optimization with guess, [5, 0.1].
2025-07-31 02:02:02,697 - INFO - Best fit parameters: [5.30842541e+01 1.62686988e-02].
2025-07-31 02:02:03,349 - INFO - Maximum log composite likelihood: -12457.671092556373.
2025-07-31 02:02:03,349 - INFO - Optimal value of theta: 20311.217427360672.
2025-07-31 02:02:03,351 - INFO - Converting and interpreting Tau estimates.
2025-07-31 02:02:03,353 - INFO - Finished demographic inference.
2025-07-31 02:02:03,353 - INFO - Pipeline executed succesfully.
