2025-08-11 15:06:11,671 - INFO - Beginning execution of fit_demographic_model.py in directory /u/project/kirk-bigdata/jonmah/sample_size_demography/Scripts

2025-08-11 15:06:11,671 - INFO - Progress is being logged to ../Analysis/dadi_3EpB_130/log.log

2025-08-11 15:06:11,671 - INFO - Parsed the following arguments:
	syn_input_sfs = ../Simulations/dadi_simulations/ThreeEpochBottleneck_130.sfs
	mask_singletons = False
	mask_doubletons = False
	L_syn = 100000000.0
	input_params = [0.12997743, 5.09613913, 0.08422903, 0.01278815]
	outprefix = ../Analysis/dadi_3EpB_130/

2025-08-11 15:06:11,673 - INFO - Beginning demographic inference for three-epoch demographic model.
2025-08-11 15:06:11,675 - INFO - Beginning optimization with guess, [0.10134241 5.87383577 0.04742835 0.01220427].
2025-08-11 15:06:13,665 - INFO - Finished optimization with guess, [0.10134241 5.87383577 0.04742835 0.01220427].
2025-08-11 15:06:13,666 - INFO - Best fit parameters: [0.09434304 6.01901265 0.0518602  0.01419398].
2025-08-11 15:06:13,797 - INFO - Maximum log composite likelihood: -331.8574515239793.
2025-08-11 15:06:13,797 - INFO - Optimal value of theta: 45655.14146674239.
2025-08-11 15:06:13,797 - INFO - Beginning optimization with guess, [0.20631958 3.63334469 0.12505433 0.01703909].
2025-08-11 15:06:15,766 - INFO - Finished optimization with guess, [0.20631958 3.63334469 0.12505433 0.01703909].
2025-08-11 15:06:15,767 - INFO - Best fit parameters: [0.18865384 3.73776279 0.10694736 0.01384708].
2025-08-11 15:06:15,899 - INFO - Maximum log composite likelihood: -987.5748760498354.
2025-08-11 15:06:15,899 - INFO - Optimal value of theta: 42284.35941307898.
2025-08-11 15:06:15,899 - INFO - Beginning optimization with guess, [0.17139662 7.55474369 0.13710931 0.01767589].
2025-08-11 15:06:17,864 - INFO - Finished optimization with guess, [0.17139662 7.55474369 0.13710931 0.01767589].
2025-08-11 15:06:17,865 - INFO - Best fit parameters: [0.20486382 7.2583036  0.1121402  0.01382677].
2025-08-11 15:06:17,995 - INFO - Maximum log composite likelihood: -683.204892612036.
2025-08-11 15:06:17,995 - INFO - Optimal value of theta: 40120.11938025504.
2025-08-11 15:06:17,996 - INFO - Beginning optimization with guess, [8.24941489e-02 7.41404383e+00 4.85390545e-02 6.75824770e-03].
2025-08-11 15:06:20,005 - INFO - Finished optimization with guess, [8.24941489e-02 7.41404383e+00 4.85390545e-02 6.75824770e-03].
2025-08-11 15:06:20,005 - INFO - Best fit parameters: [0.07178218 7.56261241 0.05976722 0.00918178].
2025-08-11 15:06:20,138 - INFO - Maximum log composite likelihood: -685.5602531952177.
2025-08-11 15:06:20,138 - INFO - Optimal value of theta: 61652.40048032262.
2025-08-11 15:06:20,138 - INFO - Beginning optimization with guess, [0.12028701 3.28274777 0.04631814 0.00954838].
2025-08-11 15:06:22,112 - INFO - Finished optimization with guess, [0.12028701 3.28274777 0.04631814 0.00954838].
2025-08-11 15:06:22,113 - INFO - Best fit parameters: [0.09830486 3.74674325 0.05897173 0.01409469].
2025-08-11 15:06:22,244 - INFO - Maximum log composite likelihood: -415.6844495760911.
2025-08-11 15:06:22,244 - INFO - Optimal value of theta: 47839.521819748195.
2025-08-11 15:06:22,245 - INFO - Beginning optimization with guess, [0.08676918 5.27887169 0.12719966 0.02005946].
2025-08-11 15:06:24,238 - INFO - Finished optimization with guess, [0.08676918 5.27887169 0.12719966 0.02005946].
2025-08-11 15:06:24,238 - INFO - Best fit parameters: [0.16192026 4.83142768 0.0732332  0.01385452].
2025-08-11 15:06:24,369 - INFO - Maximum log composite likelihood: -732.6328888896091.
2025-08-11 15:06:24,369 - INFO - Optimal value of theta: 40464.482344698896.
2025-08-11 15:06:24,369 - INFO - Beginning optimization with guess, [0.08339117 5.74568206 0.04271876 0.01040703].
2025-08-11 15:06:26,357 - INFO - Finished optimization with guess, [0.08339117 5.74568206 0.04271876 0.01040703].
2025-08-11 15:06:26,357 - INFO - Best fit parameters: [0.07698731 5.87405128 0.04778059 0.01259092].
2025-08-11 15:06:26,489 - INFO - Maximum log composite likelihood: -450.60475566695914.
2025-08-11 15:06:26,489 - INFO - Optimal value of theta: 50269.35049219442.
2025-08-11 15:06:26,490 - INFO - Beginning optimization with guess, [0.09750924 2.7344872  0.06819721 0.022025  ].
2025-08-11 15:06:28,449 - INFO - Finished optimization with guess, [0.09750924 2.7344872  0.06819721 0.022025  ].
2025-08-11 15:06:28,449 - INFO - Best fit parameters: [0.1137261  2.6918682  0.05805893 0.01749181].
2025-08-11 15:06:28,580 - INFO - Maximum log composite likelihood: -641.8453178343889.
2025-08-11 15:06:28,580 - INFO - Optimal value of theta: 42824.24695458062.
2025-08-11 15:06:28,580 - INFO - Beginning optimization with guess, [0.10631957 5.17348177 0.11458613 0.01826067].
2025-08-11 15:06:30,551 - INFO - Finished optimization with guess, [0.10631957 5.17348177 0.11458613 0.01826067].
2025-08-11 15:06:30,551 - INFO - Best fit parameters: [0.17257299 4.81864135 0.07258905 0.01269281].
2025-08-11 15:06:30,681 - INFO - Maximum log composite likelihood: -1101.360712320327.
2025-08-11 15:06:30,681 - INFO - Optimal value of theta: 39941.31994133752.
2025-08-11 15:06:30,681 - INFO - Beginning optimization with guess, [0.14695069 3.15436848 0.06101472 0.01660571].
2025-08-11 15:06:32,670 - INFO - Finished optimization with guess, [0.14695069 3.15436848 0.06101472 0.01660571].
2025-08-11 15:06:32,671 - INFO - Best fit parameters: [0.13044355 3.32757065 0.06527408 0.01772284].
2025-08-11 15:06:32,801 - INFO - Maximum log composite likelihood: -593.4990608977646.
2025-08-11 15:06:32,801 - INFO - Optimal value of theta: 41236.101926028.
2025-08-11 15:06:32,801 - INFO - Beginning optimization with guess, [0.12128546 5.39929338 0.05079479 0.01547149].
2025-08-11 15:06:34,787 - INFO - Finished optimization with guess, [0.12128546 5.39929338 0.05079479 0.01547149].
2025-08-11 15:06:34,788 - INFO - Best fit parameters: [0.11347573 5.55301565 0.05346915 0.01633031].
2025-08-11 15:06:34,918 - INFO - Maximum log composite likelihood: -341.1931754299244.
2025-08-11 15:06:34,919 - INFO - Optimal value of theta: 41278.99399966217.
2025-08-11 15:06:34,919 - INFO - Beginning optimization with guess, [0.08041868 6.60761918 0.13630155 0.0166337 ].
2025-08-11 15:06:36,920 - INFO - Finished optimization with guess, [0.08041868 6.60761918 0.13630155 0.0166337 ].
2025-08-11 15:06:36,920 - INFO - Best fit parameters: [0.15433854 6.14730118 0.07821773 0.01179251].
2025-08-11 15:06:37,051 - INFO - Maximum log composite likelihood: -670.025230138393.
2025-08-11 15:06:37,051 - INFO - Optimal value of theta: 43151.727351896414.
2025-08-11 15:06:37,051 - INFO - Beginning optimization with guess, [0.08994799 3.94202218 0.0520667  0.00708838].
2025-08-11 15:06:39,061 - INFO - Finished optimization with guess, [0.08994799 3.94202218 0.0520667  0.00708838].
2025-08-11 15:06:39,061 - INFO - Best fit parameters: [0.07582849 4.17036143 0.06543949 0.0097512 ].
2025-08-11 15:06:39,194 - INFO - Maximum log composite likelihood: -426.6803229453203.
2025-08-11 15:06:39,194 - INFO - Optimal value of theta: 62334.344574839844.
2025-08-11 15:06:39,194 - INFO - Beginning optimization with guess, [0.07080675 6.60497285 0.10103778 0.01717344].
2025-08-11 15:06:41,181 - INFO - Finished optimization with guess, [0.07080675 6.60497285 0.10103778 0.01717344].
2025-08-11 15:06:41,182 - INFO - Best fit parameters: [0.13163735 6.08452972 0.05907859 0.01217606].
2025-08-11 15:06:41,312 - INFO - Maximum log composite likelihood: -770.9155135654564.
2025-08-11 15:06:41,312 - INFO - Optimal value of theta: 42452.37448043864.
2025-08-11 15:06:41,312 - INFO - Beginning optimization with guess, [1.28733982e-01 8.36538975e+00 1.05696397e-01 7.62193806e-03].
2025-08-11 15:06:43,368 - INFO - Finished optimization with guess, [1.28733982e-01 8.36538975e+00 1.05696397e-01 7.62193806e-03].
2025-08-11 15:06:43,368 - INFO - Best fit parameters: [1.20448421e-01 8.42035519e+00 1.12924618e-01 8.27952232e-03].
2025-08-11 15:06:43,502 - INFO - Maximum log composite likelihood: -392.99049115482876.
2025-08-11 15:06:43,502 - INFO - Optimal value of theta: 60625.596394304805.
2025-08-11 15:06:43,502 - INFO - Beginning optimization with guess, [6.86724707e-02 7.89585572e+00 9.24952347e-02 6.69117159e-03].
2025-08-11 15:06:45,514 - INFO - Finished optimization with guess, [6.86724707e-02 7.89585572e+00 9.24952347e-02 6.69117159e-03].
2025-08-11 15:06:45,515 - INFO - Best fit parameters: [7.31369952e-02 7.80105536e+00 8.83457316e-02 6.41524525e-03].
2025-08-11 15:06:45,650 - INFO - Maximum log composite likelihood: -499.71070926007224.
2025-08-11 15:06:45,650 - INFO - Optimal value of theta: 81936.53728281998.
2025-08-11 15:06:45,650 - INFO - Beginning optimization with guess, [0.08598844 6.22287093 0.14849389 0.0100648 ].
2025-08-11 15:06:47,657 - INFO - Finished optimization with guess, [0.08598844 6.22287093 0.14849389 0.0100648 ].
2025-08-11 15:06:47,658 - INFO - Best fit parameters: [0.15570885 5.98441858 0.0896052  0.0078654 ].
2025-08-11 15:06:47,789 - INFO - Maximum log composite likelihood: -1978.360459136849.
2025-08-11 15:06:47,789 - INFO - Optimal value of theta: 48170.78310469176.
2025-08-11 15:06:47,790 - INFO - Beginning optimization with guess, [0.1903324  6.65882843 0.1027978  0.01839909].
2025-08-11 15:06:49,741 - INFO - Finished optimization with guess, [0.1903324  6.65882843 0.1027978  0.01839909].
2025-08-11 15:06:49,742 - INFO - Best fit parameters: [0.19623102 6.53657223 0.09239584 0.01510855].
2025-08-11 15:06:49,872 - INFO - Maximum log composite likelihood: -671.9171544689589.
2025-08-11 15:06:49,872 - INFO - Optimal value of theta: 38365.71130993469.
2025-08-11 15:06:49,873 - INFO - Beginning optimization with guess, [0.18473145 4.31523853 0.13142099 0.01244478].
2025-08-11 15:06:51,881 - INFO - Finished optimization with guess, [0.18473145 4.31523853 0.13142099 0.01244478].
2025-08-11 15:06:51,882 - INFO - Best fit parameters: [0.1479709  4.83616383 0.1226648  0.01222415].
2025-08-11 15:06:52,014 - INFO - Maximum log composite likelihood: -581.3168333753752.
2025-08-11 15:06:52,014 - INFO - Optimal value of theta: 51124.88398976949.
2025-08-11 15:06:52,014 - INFO - Beginning optimization with guess, [1.40995867e-01 8.71858270e+00 1.16735000e-01 8.67718807e-03].
2025-08-11 15:06:54,067 - INFO - Finished optimization with guess, [1.40995867e-01 8.71858270e+00 1.16735000e-01 8.67718807e-03].
2025-08-11 15:06:54,068 - INFO - Best fit parameters: [0.13563619 8.74817262 0.11991322 0.0090513 ].
2025-08-11 15:06:54,202 - INFO - Maximum log composite likelihood: -388.926084306815.
2025-08-11 15:06:54,202 - INFO - Optimal value of theta: 56342.70743231749.
2025-08-11 15:06:54,202 - INFO - Beginning optimization with guess, [0.17458509 2.91006488 0.05204205 0.01135784].
2025-08-11 15:06:56,162 - INFO - Finished optimization with guess, [0.17458509 2.91006488 0.05204205 0.01135784].
2025-08-11 15:06:56,162 - INFO - Best fit parameters: [0.14537934 3.31349141 0.06186389 0.01432251].
2025-08-11 15:06:56,292 - INFO - Maximum log composite likelihood: -1097.0072127089811.
2025-08-11 15:06:56,292 - INFO - Optimal value of theta: 40783.77541692346.
2025-08-11 15:06:56,292 - INFO - Beginning optimization with guess, [0.13884449 6.43189545 0.04289714 0.01464271].
2025-08-11 15:06:58,255 - INFO - Finished optimization with guess, [0.13884449 6.43189545 0.04289714 0.01464271].
2025-08-11 15:06:58,255 - INFO - Best fit parameters: [0.12189275 6.69223672 0.04799391 0.0168065 ].
2025-08-11 15:06:58,385 - INFO - Maximum log composite likelihood: -383.8506165490776.
2025-08-11 15:06:58,385 - INFO - Optimal value of theta: 38395.55310702125.
2025-08-11 15:06:58,385 - INFO - Beginning optimization with guess, [0.09183616 3.74787665 0.10183957 0.01399014].
2025-08-11 15:07:00,369 - INFO - Finished optimization with guess, [0.09183616 3.74787665 0.10183957 0.01399014].
2025-08-11 15:07:00,369 - INFO - Best fit parameters: [0.11119847 3.6262189  0.08444642 0.01195195].
2025-08-11 15:07:00,501 - INFO - Maximum log composite likelihood: -410.18635914968354.
2025-08-11 15:07:00,501 - INFO - Optimal value of theta: 53274.981760110706.
2025-08-11 15:07:00,502 - INFO - Beginning optimization with guess, [0.07739688 8.71552938 0.08593881 0.01947471].
2025-08-11 15:07:02,476 - INFO - Finished optimization with guess, [0.07739688 8.71552938 0.08593881 0.01947471].
2025-08-11 15:07:02,476 - INFO - Best fit parameters: [0.13667628 7.89856372 0.05268954 0.01306743].
2025-08-11 15:07:02,606 - INFO - Maximum log composite likelihood: -710.0633487191781.
2025-08-11 15:07:02,606 - INFO - Optimal value of theta: 39633.549234688915.
2025-08-11 15:07:02,606 - INFO - Beginning optimization with guess, [0.23735237 8.83210517 0.08420572 0.01892107].
2025-08-11 15:07:05,260 - INFO - Finished optimization with guess, [0.23735237 8.83210517 0.08420572 0.01892107].
2025-08-11 15:07:05,260 - INFO - Best fit parameters: [0.10755792 8.75645817 0.09048659 0.00941783].
2025-08-11 15:07:05,393 - INFO - Maximum log composite likelihood: -381.78695404089194.
2025-08-11 15:07:05,393 - INFO - Optimal value of theta: 57488.685973026.
2025-08-11 15:07:05,394 - INFO - Converting and interpreting Tau estimates.
2025-08-11 15:07:05,395 - INFO - Finished demographic inference.
2025-08-11 15:07:05,395 - INFO - Pipeline executed succesfully.
