2023-12-12 16:39:48,612 - INFO - Beginning execution of fit_demographic_model.py in directory /u/project/klohmuel/jonmah/sample_size_demography/Scripts

2023-12-12 16:39:48,612 - INFO - Progress is being logged to ../Analysis/p_copri_core_10/log.log

2023-12-12 16:39:48,612 - INFO - Parsed the following arguments:
	syn_input_sfs = ../Analysis/p_copri_core_10/syn_downsampled_sfs.txt
	mask_singletons = False
	mask_doubletons = False
	outprefix = ../Analysis/p_copri_core_10/

2023-12-12 16:39:48,615 - INFO - Beginning demographic inference for one-epoch demographic model.
2023-12-12 16:39:48,617 - INFO - Beginning optimization with guess, [0.15843881].
2023-12-12 16:39:49,165 - INFO - Finished optimization with guess, [0.15843881].
2023-12-12 16:39:49,165 - INFO - Best fit parameters: [0.15843881].
2023-12-12 16:39:49,183 - INFO - Maximum log composite likelihood: -912.5483933624237.
2023-12-12 16:39:49,183 - INFO - Optimal value of theta: 11857.319637791757.
2023-12-12 16:39:49,183 - INFO - Beginning optimization with guess, [0.19179263].
2023-12-12 16:39:49,732 - INFO - Finished optimization with guess, [0.19179263].
2023-12-12 16:39:49,732 - INFO - Best fit parameters: [0.19179263].
2023-12-12 16:39:49,749 - INFO - Maximum log composite likelihood: -912.5483933624237.
2023-12-12 16:39:49,750 - INFO - Optimal value of theta: 11857.319637791757.
2023-12-12 16:39:49,750 - INFO - Beginning optimization with guess, [0.5171107].
2023-12-12 16:39:50,244 - INFO - Finished optimization with guess, [0.5171107].
2023-12-12 16:39:50,245 - INFO - Best fit parameters: [0.5171107].
2023-12-12 16:39:50,262 - INFO - Maximum log composite likelihood: -912.5483933624237.
2023-12-12 16:39:50,262 - INFO - Optimal value of theta: 11857.319637791757.
2023-12-12 16:39:50,262 - INFO - Beginning optimization with guess, [0.31810097].
2023-12-12 16:39:50,807 - INFO - Finished optimization with guess, [0.31810097].
2023-12-12 16:39:50,807 - INFO - Best fit parameters: [0.31810097].
2023-12-12 16:39:50,824 - INFO - Maximum log composite likelihood: -912.5483933624237.
2023-12-12 16:39:50,825 - INFO - Optimal value of theta: 11857.319637791757.
2023-12-12 16:39:50,825 - INFO - Beginning optimization with guess, [0.90704065].
2023-12-12 16:39:51,166 - INFO - Finished optimization with guess, [0.90704065].
2023-12-12 16:39:51,166 - INFO - Best fit parameters: [0.90704065].
2023-12-12 16:39:51,183 - INFO - Maximum log composite likelihood: -912.5483933624237.
2023-12-12 16:39:51,183 - INFO - Optimal value of theta: 11857.319637791757.
2023-12-12 16:39:51,184 - INFO - Beginning optimization with guess, [0.75600475].
2023-12-12 16:39:51,627 - INFO - Finished optimization with guess, [0.75600475].
2023-12-12 16:39:51,628 - INFO - Best fit parameters: [0.75600475].
2023-12-12 16:39:51,645 - INFO - Maximum log composite likelihood: -912.5483933624237.
2023-12-12 16:39:51,645 - INFO - Optimal value of theta: 11857.319637791757.
2023-12-12 16:39:51,645 - INFO - Beginning optimization with guess, [1.07005809].
2023-12-12 16:39:51,985 - INFO - Finished optimization with guess, [1.07005809].
2023-12-12 16:39:51,985 - INFO - Best fit parameters: [1.07005809].
2023-12-12 16:39:52,002 - INFO - Maximum log composite likelihood: -912.5483933624237.
2023-12-12 16:39:52,002 - INFO - Optimal value of theta: 11857.319637791757.
2023-12-12 16:39:52,003 - INFO - Beginning optimization with guess, [0.84317052].
2023-12-12 16:39:52,393 - INFO - Finished optimization with guess, [0.84317052].
2023-12-12 16:39:52,394 - INFO - Best fit parameters: [0.84317052].
2023-12-12 16:39:52,411 - INFO - Maximum log composite likelihood: -912.5483933624237.
2023-12-12 16:39:52,411 - INFO - Optimal value of theta: 11857.319637791757.
2023-12-12 16:39:52,411 - INFO - Beginning optimization with guess, [0.510663].
2023-12-12 16:39:52,904 - INFO - Finished optimization with guess, [0.510663].
2023-12-12 16:39:52,904 - INFO - Best fit parameters: [0.510663].
2023-12-12 16:39:52,922 - INFO - Maximum log composite likelihood: -912.5483933624237.
2023-12-12 16:39:52,922 - INFO - Optimal value of theta: 11857.319637791757.
2023-12-12 16:39:52,922 - INFO - Beginning optimization with guess, [0.82105283].
2023-12-12 16:39:53,321 - INFO - Finished optimization with guess, [0.82105283].
2023-12-12 16:39:53,321 - INFO - Best fit parameters: [0.82105283].
2023-12-12 16:39:53,339 - INFO - Maximum log composite likelihood: -912.5483933624237.
2023-12-12 16:39:53,339 - INFO - Optimal value of theta: 11857.319637791757.
2023-12-12 16:39:53,340 - INFO - Beginning optimization with guess, [1.00520776].
2023-12-12 16:39:53,478 - INFO - Finished optimization with guess, [1.00520776].
2023-12-12 16:39:53,478 - INFO - Best fit parameters: [1.00520776].
2023-12-12 16:39:53,496 - INFO - Maximum log composite likelihood: -912.5483933624237.
2023-12-12 16:39:53,496 - INFO - Optimal value of theta: 11857.319637791757.
2023-12-12 16:39:53,496 - INFO - Beginning optimization with guess, [2.26356002].
2023-12-12 16:39:53,995 - INFO - Finished optimization with guess, [2.26356002].
2023-12-12 16:39:53,995 - INFO - Best fit parameters: [2.26356002].
2023-12-12 16:39:54,013 - INFO - Maximum log composite likelihood: -912.5483933624237.
2023-12-12 16:39:54,013 - INFO - Optimal value of theta: 11857.319637791757.
2023-12-12 16:39:54,013 - INFO - Beginning optimization with guess, [0.99660568].
2023-12-12 16:39:54,100 - INFO - Finished optimization with guess, [0.99660568].
2023-12-12 16:39:54,100 - INFO - Best fit parameters: [0.99660568].
2023-12-12 16:39:54,117 - INFO - Maximum log composite likelihood: -912.5483933624237.
2023-12-12 16:39:54,118 - INFO - Optimal value of theta: 11857.319637791757.
2023-12-12 16:39:54,118 - INFO - Beginning optimization with guess, [1.14383264].
2023-12-12 16:39:54,513 - INFO - Finished optimization with guess, [1.14383264].
2023-12-12 16:39:54,513 - INFO - Best fit parameters: [1.14383264].
2023-12-12 16:39:54,532 - INFO - Maximum log composite likelihood: -912.5483933624237.
2023-12-12 16:39:54,532 - INFO - Optimal value of theta: 11857.319637791757.
2023-12-12 16:39:54,532 - INFO - Beginning optimization with guess, [3.00813633].
2023-12-12 16:39:55,077 - INFO - Finished optimization with guess, [3.00813633].
2023-12-12 16:39:55,077 - INFO - Best fit parameters: [3.00813633].
2023-12-12 16:39:55,094 - INFO - Maximum log composite likelihood: -912.5483933624237.
2023-12-12 16:39:55,095 - INFO - Optimal value of theta: 11857.319637791757.
2023-12-12 16:39:55,095 - INFO - Beginning optimization with guess, [1.76086779].
2023-12-12 16:39:55,588 - INFO - Finished optimization with guess, [1.76086779].
2023-12-12 16:39:55,588 - INFO - Best fit parameters: [1.76086779].
2023-12-12 16:39:55,605 - INFO - Maximum log composite likelihood: -912.5483933624237.
2023-12-12 16:39:55,605 - INFO - Optimal value of theta: 11857.319637791757.
2023-12-12 16:39:55,606 - INFO - Beginning optimization with guess, [2.67978928].
2023-12-12 16:39:56,102 - INFO - Finished optimization with guess, [2.67978928].
2023-12-12 16:39:56,102 - INFO - Best fit parameters: [2.67978928].
2023-12-12 16:39:56,119 - INFO - Maximum log composite likelihood: -912.5483933624237.
2023-12-12 16:39:56,120 - INFO - Optimal value of theta: 11857.319637791757.
2023-12-12 16:39:56,120 - INFO - Beginning optimization with guess, [3.83422673].
2023-12-12 16:39:56,672 - INFO - Finished optimization with guess, [3.83422673].
2023-12-12 16:39:56,672 - INFO - Best fit parameters: [3.83422673].
2023-12-12 16:39:56,690 - INFO - Maximum log composite likelihood: -912.5483933624237.
2023-12-12 16:39:56,691 - INFO - Optimal value of theta: 11857.319637791757.
2023-12-12 16:39:56,691 - INFO - Beginning optimization with guess, [4.01049046].
2023-12-12 16:39:57,242 - INFO - Finished optimization with guess, [4.01049046].
2023-12-12 16:39:57,242 - INFO - Best fit parameters: [4.01049046].
2023-12-12 16:39:57,259 - INFO - Maximum log composite likelihood: -912.5483933624237.
2023-12-12 16:39:57,260 - INFO - Optimal value of theta: 11857.319637791757.
2023-12-12 16:39:57,260 - INFO - Beginning optimization with guess, [2.25471735].
2023-12-12 16:39:57,759 - INFO - Finished optimization with guess, [2.25471735].
2023-12-12 16:39:57,759 - INFO - Best fit parameters: [2.25471735].
2023-12-12 16:39:57,776 - INFO - Maximum log composite likelihood: -912.5483933624237.
2023-12-12 16:39:57,777 - INFO - Optimal value of theta: 11857.319637791757.
2023-12-12 16:39:57,777 - INFO - Beginning optimization with guess, [4.71622554].
2023-12-12 16:39:58,328 - INFO - Finished optimization with guess, [4.71622554].
2023-12-12 16:39:58,329 - INFO - Best fit parameters: [4.71622554].
2023-12-12 16:39:58,347 - INFO - Maximum log composite likelihood: -912.5483933624237.
2023-12-12 16:39:58,347 - INFO - Optimal value of theta: 11857.319637791757.
2023-12-12 16:39:58,348 - INFO - Beginning optimization with guess, [2.76924158].
2023-12-12 16:39:58,848 - INFO - Finished optimization with guess, [2.76924158].
2023-12-12 16:39:58,848 - INFO - Best fit parameters: [2.76924158].
2023-12-12 16:39:58,866 - INFO - Maximum log composite likelihood: -912.5483933624237.
2023-12-12 16:39:58,866 - INFO - Optimal value of theta: 11857.319637791757.
2023-12-12 16:39:58,867 - INFO - Beginning optimization with guess, [3.52733589].
2023-12-12 16:39:59,418 - INFO - Finished optimization with guess, [3.52733589].
2023-12-12 16:39:59,418 - INFO - Best fit parameters: [3.52733589].
2023-12-12 16:39:59,435 - INFO - Maximum log composite likelihood: -912.5483933624237.
2023-12-12 16:39:59,436 - INFO - Optimal value of theta: 11857.319637791757.
2023-12-12 16:39:59,436 - INFO - Beginning optimization with guess, [4.14929781].
2023-12-12 16:39:59,990 - INFO - Finished optimization with guess, [4.14929781].
2023-12-12 16:39:59,990 - INFO - Best fit parameters: [4.14929781].
2023-12-12 16:40:00,008 - INFO - Maximum log composite likelihood: -912.5483933624237.
2023-12-12 16:40:00,008 - INFO - Optimal value of theta: 11857.319637791757.
2023-12-12 16:40:00,008 - INFO - Beginning optimization with guess, [8.94656958].
2023-12-12 16:40:00,609 - INFO - Finished optimization with guess, [8.94656958].
2023-12-12 16:40:00,609 - INFO - Best fit parameters: [8.94656958].
2023-12-12 16:40:00,627 - INFO - Maximum log composite likelihood: -912.5483933624237.
2023-12-12 16:40:00,627 - INFO - Optimal value of theta: 11857.319637791757.
2023-12-12 16:40:00,628 - INFO - Beginning demographic inference for two-epoch demographic model.
2023-12-12 16:40:00,631 - INFO - Beginning optimization with guess, [0.14224873 0.00876231].
2023-12-12 16:40:03,303 - INFO - Finished optimization with guess, [0.14224873 0.00876231].
2023-12-12 16:40:03,303 - INFO - Best fit parameters: [2.83363414 0.57590842].
2023-12-12 16:40:03,324 - INFO - Maximum log composite likelihood: -41.386427834842834.
2023-12-12 16:40:03,324 - INFO - Optimal value of theta: 8081.736762341487.
2023-12-12 16:40:03,324 - INFO - Beginning optimization with guess, [0.16283514 0.01338138].
2023-12-12 16:40:05,592 - INFO - Finished optimization with guess, [0.16283514 0.01338138].
2023-12-12 16:40:05,593 - INFO - Best fit parameters: [2.82531293 0.50351491].
2023-12-12 16:40:05,616 - INFO - Maximum log composite likelihood: -39.64568594727825.
2023-12-12 16:40:05,616 - INFO - Optimal value of theta: 8342.541913407367.
2023-12-12 16:40:05,616 - INFO - Beginning optimization with guess, [0.19926507 0.01483284].
2023-12-12 16:40:07,748 - INFO - Finished optimization with guess, [0.19926507 0.01483284].
2023-12-12 16:40:07,748 - INFO - Best fit parameters: [2.76857386 0.52756759].
2023-12-12 16:40:07,769 - INFO - Maximum log composite likelihood: -40.67074012312878.
2023-12-12 16:40:07,770 - INFO - Optimal value of theta: 8295.1751707189.
2023-12-12 16:40:07,770 - INFO - Beginning optimization with guess, [0.69335903 0.00692103].
2023-12-12 16:40:11,478 - INFO - Finished optimization with guess, [0.69335903 0.00692103].
2023-12-12 16:40:11,479 - INFO - Best fit parameters: [3.34892638 0.53234076].
2023-12-12 16:40:11,499 - INFO - Maximum log composite likelihood: -60.78164999896762.
2023-12-12 16:40:11,499 - INFO - Optimal value of theta: 7923.491859020646.
2023-12-12 16:40:11,499 - INFO - Beginning optimization with guess, [0.76805264 0.00529094].
2023-12-12 16:40:16,072 - INFO - Finished optimization with guess, [0.76805264 0.00529094].
2023-12-12 16:40:16,073 - INFO - Best fit parameters: [2.38923273 0.51452104].
2023-12-12 16:40:16,094 - INFO - Maximum log composite likelihood: -65.6119516219369.
2023-12-12 16:40:16,095 - INFO - Optimal value of theta: 8658.823362432138.
2023-12-12 16:40:16,095 - INFO - Beginning optimization with guess, [0.82070631 0.00828673].
2023-12-12 16:40:19,442 - INFO - Finished optimization with guess, [0.82070631 0.00828673].
2023-12-12 16:40:19,442 - INFO - Best fit parameters: [1.23717294 0.56046923].
2023-12-12 16:40:19,467 - INFO - Maximum log composite likelihood: -624.7270479097624.
2023-12-12 16:40:19,468 - INFO - Optimal value of theta: 10737.629174752643.
2023-12-12 16:40:19,468 - INFO - Beginning optimization with guess, [0.5871665  0.00636911].
2023-12-12 16:40:23,304 - INFO - Finished optimization with guess, [0.5871665  0.00636911].
2023-12-12 16:40:23,305 - INFO - Best fit parameters: [2.97127747 0.35903793].
2023-12-12 16:40:23,324 - INFO - Maximum log composite likelihood: -41.389916338832336.
2023-12-12 16:40:23,325 - INFO - Optimal value of theta: 8882.729465292354.
2023-12-12 16:40:23,325 - INFO - Beginning optimization with guess, [0.43680754 0.01192801].
2023-12-12 16:40:25,827 - INFO - Finished optimization with guess, [0.43680754 0.01192801].
2023-12-12 16:40:25,828 - INFO - Best fit parameters: [3.20691838 0.28979246].
2023-12-12 16:40:25,847 - INFO - Maximum log composite likelihood: -47.55577192987221.
2023-12-12 16:40:25,847 - INFO - Optimal value of theta: 9161.18807243473.
2023-12-12 16:40:25,847 - INFO - Beginning optimization with guess, [0.95616614 0.00821415].
2023-12-12 16:40:29,290 - INFO - Finished optimization with guess, [0.95616614 0.00821415].
2023-12-12 16:40:29,291 - INFO - Best fit parameters: [1.05648947 0.16565163].
2023-12-12 16:40:29,311 - INFO - Maximum log composite likelihood: -842.2893021837299.
2023-12-12 16:40:29,311 - INFO - Optimal value of theta: 11718.885227049224.
2023-12-12 16:40:29,312 - INFO - Beginning optimization with guess, [0.64817501 0.01298988].
2023-12-12 16:40:31,717 - INFO - Finished optimization with guess, [0.64817501 0.01298988].
2023-12-12 16:40:31,717 - INFO - Best fit parameters: [2.7358876  0.32519511].
2023-12-12 16:40:31,737 - INFO - Maximum log composite likelihood: -57.08952859274723.
2023-12-12 16:40:31,737 - INFO - Optimal value of theta: 9184.948159346062.
2023-12-12 16:40:31,737 - INFO - Beginning optimization with guess, [2.16037275 0.01504512].
2023-12-12 16:40:32,683 - INFO - Finished optimization with guess, [2.16037275 0.01504512].
2023-12-12 16:40:32,684 - INFO - Best fit parameters: [2.96405378 0.43382086].
2023-12-12 16:40:32,704 - INFO - Maximum log composite likelihood: -38.57518266997613.
2023-12-12 16:40:32,704 - INFO - Optimal value of theta: 8535.876760159406.
2023-12-12 16:40:32,704 - INFO - Beginning optimization with guess, [1.28273082 0.0142439 ].
2023-12-12 16:40:33,738 - INFO - Finished optimization with guess, [1.28273082 0.0142439 ].
2023-12-12 16:40:33,739 - INFO - Best fit parameters: [2.93006219 0.43164544].
2023-12-12 16:40:33,759 - INFO - Maximum log composite likelihood: -38.633655977120725.
2023-12-12 16:40:33,759 - INFO - Optimal value of theta: 8565.290447725272.
2023-12-12 16:40:33,759 - INFO - Beginning optimization with guess, [3.34570232 0.00638727].
2023-12-12 16:40:34,603 - INFO - Finished optimization with guess, [3.34570232 0.00638727].
2023-12-12 16:40:34,604 - INFO - Best fit parameters: [3.39716794 0.26394752].
2023-12-12 16:40:34,623 - INFO - Maximum log composite likelihood: -50.84755364722514.
2023-12-12 16:40:34,623 - INFO - Optimal value of theta: 9257.829444156361.
2023-12-12 16:40:34,624 - INFO - Beginning optimization with guess, [1.71075813 0.00634474].
2023-12-12 16:40:35,674 - INFO - Finished optimization with guess, [1.71075813 0.00634474].
2023-12-12 16:40:35,674 - INFO - Best fit parameters: [2.86317955 0.44266796].
2023-12-12 16:40:35,694 - INFO - Maximum log composite likelihood: -39.09644175886751.
2023-12-12 16:40:35,694 - INFO - Optimal value of theta: 8558.924137019247.
2023-12-12 16:40:35,695 - INFO - Beginning optimization with guess, [3.53023603 0.00507928].
2023-12-12 16:40:36,582 - INFO - Finished optimization with guess, [3.53023603 0.00507928].
2023-12-12 16:40:36,582 - INFO - Best fit parameters: [3.62951675 0.27536398].
2023-12-12 16:40:36,601 - INFO - Maximum log composite likelihood: -46.68346089992701.
2023-12-12 16:40:36,601 - INFO - Optimal value of theta: 9109.213993804717.
2023-12-12 16:40:36,601 - INFO - Beginning optimization with guess, [2.06599849 0.01126237].
2023-12-12 16:40:37,595 - INFO - Finished optimization with guess, [2.06599849 0.01126237].
2023-12-12 16:40:37,595 - INFO - Best fit parameters: [2.98730009 0.41704006].
2023-12-12 16:40:37,615 - INFO - Maximum log composite likelihood: -38.585395062702446.
2023-12-12 16:40:37,616 - INFO - Optimal value of theta: 8597.02513143822.
2023-12-12 16:40:37,616 - INFO - Beginning optimization with guess, [4.74302481 0.01401734].
2023-12-12 16:40:38,504 - INFO - Finished optimization with guess, [4.74302481 0.01401734].
2023-12-12 16:40:38,505 - INFO - Best fit parameters: [3.11572722 0.33564953].
2023-12-12 16:40:38,524 - INFO - Maximum log composite likelihood: -41.57034581673361.
2023-12-12 16:40:38,524 - INFO - Optimal value of theta: 8935.321718433957.
2023-12-12 16:40:38,525 - INFO - Beginning optimization with guess, [3.06886025 0.00640069].
2023-12-12 16:40:39,383 - INFO - Finished optimization with guess, [3.06886025 0.00640069].
2023-12-12 16:40:39,383 - INFO - Best fit parameters: [3.24573707 0.32561742].
2023-12-12 16:40:39,403 - INFO - Maximum log composite likelihood: -41.636410173445256.
2023-12-12 16:40:39,403 - INFO - Optimal value of theta: 8934.793542349586.
2023-12-12 16:40:39,403 - INFO - Beginning optimization with guess, [2.5876658  0.00775946].
2023-12-12 16:40:40,279 - INFO - Finished optimization with guess, [2.5876658  0.00775946].
2023-12-12 16:40:40,279 - INFO - Best fit parameters: [2.91007158 0.44269626].
2023-12-12 16:40:40,300 - INFO - Maximum log composite likelihood: -38.68475884267173.
2023-12-12 16:40:40,300 - INFO - Optimal value of theta: 8529.882723834318.
2023-12-12 16:40:40,300 - INFO - Beginning optimization with guess, [2.83374573 0.00746241].
2023-12-12 16:40:41,187 - INFO - Finished optimization with guess, [2.83374573 0.00746241].
2023-12-12 16:40:41,187 - INFO - Best fit parameters: [2.93717695 0.4537155 ].
2023-12-12 16:40:41,207 - INFO - Maximum log composite likelihood: -38.70384714508691.
2023-12-12 16:40:41,207 - INFO - Optimal value of theta: 8467.036538059388.
2023-12-12 16:40:41,208 - INFO - Beginning optimization with guess, [2.5731214  0.01528416].
2023-12-12 16:40:42,134 - INFO - Finished optimization with guess, [2.5731214  0.01528416].
2023-12-12 16:40:42,134 - INFO - Best fit parameters: [2.93447674 0.43750264].
2023-12-12 16:40:42,154 - INFO - Maximum log composite likelihood: -38.6008483123278.
2023-12-12 16:40:42,155 - INFO - Optimal value of theta: 8537.339348025804.
2023-12-12 16:40:42,155 - INFO - Beginning optimization with guess, [4.12820777 0.00702547].
2023-12-12 16:40:43,001 - INFO - Finished optimization with guess, [4.12820777 0.00702547].
2023-12-12 16:40:43,001 - INFO - Best fit parameters: [3.42133489 0.29112296].
2023-12-12 16:40:43,020 - INFO - Maximum log composite likelihood: -44.834441696326394.
2023-12-12 16:40:43,020 - INFO - Optimal value of theta: 9074.034929020732.
2023-12-12 16:40:43,021 - INFO - Beginning optimization with guess, [8.70206148 0.01285398].
2023-12-12 16:40:43,887 - INFO - Finished optimization with guess, [8.70206148 0.01285398].
2023-12-12 16:40:43,888 - INFO - Best fit parameters: [6.71041323 0.17667455].
2023-12-12 16:40:43,905 - INFO - Maximum log composite likelihood: -71.61610206745354.
2023-12-12 16:40:43,906 - INFO - Optimal value of theta: 9490.982025987361.
2023-12-12 16:40:43,906 - INFO - Beginning optimization with guess, [5.26016466 0.00903723].
2023-12-12 16:40:44,804 - INFO - Finished optimization with guess, [5.26016466 0.00903723].
2023-12-12 16:40:44,804 - INFO - Best fit parameters: [4.42029359 0.23101376].
2023-12-12 16:40:44,823 - INFO - Maximum log composite likelihood: -55.23456906483261.
2023-12-12 16:40:44,823 - INFO - Optimal value of theta: 9249.486797291354.
2023-12-12 16:40:44,823 - INFO - Beginning optimization with guess, [12.09323769  0.01416931].
2023-12-12 16:40:45,650 - INFO - Finished optimization with guess, [12.09323769  0.01416931].
2023-12-12 16:40:45,650 - INFO - Best fit parameters: [7.49448136 0.15500898].
2023-12-12 16:40:45,669 - INFO - Maximum log composite likelihood: -80.4048382607707.
2023-12-12 16:40:45,669 - INFO - Optimal value of theta: 9677.06643226141.
2023-12-12 16:40:45,670 - INFO - Beginning demographic inference for three-epoch demographic model.
2023-12-12 16:40:45,675 - INFO - Beginning optimization with guess, [0.01369429 0.00951417 0.00796646 0.01448846].
2023-12-12 16:45:14,194 - INFO - Finished optimization with guess, [0.01369429 0.00951417 0.00796646 0.01448846].
2023-12-12 16:45:14,204 - INFO - Best fit parameters: [0.00534288 0.00068107 0.00517811 0.27985545].
2023-12-12 16:45:21,434 - INFO - Maximum log composite likelihood: -912.5483932585848.
2023-12-12 16:45:21,434 - INFO - Optimal value of theta: 17409886.979029663.
2023-12-12 16:45:21,435 - INFO - Beginning optimization with guess, [0.03336898 0.01664224 0.01079604 0.011537  ].
2023-12-12 16:45:22,399 - INFO - Finished optimization with guess, [0.03336898 0.01664224 0.01079604 0.011537  ].
2023-12-12 16:45:22,399 - INFO - Best fit parameters: [1.30557405e-01 5.82598310e+04 4.20468555e-06 2.18065949e-04].
2023-12-12 16:45:22,417 - INFO - Maximum log composite likelihood: -909.4369225107257.
2023-12-12 16:45:22,418 - INFO - Optimal value of theta: 11853.337261192306.
2023-12-12 16:45:22,418 - INFO - Beginning optimization with guess, [0.05144525 0.04393459 0.00610218 0.00606681].
2023-12-12 16:45:23,298 - INFO - Finished optimization with guess, [0.05144525 0.04393459 0.00610218 0.00606681].
2023-12-12 16:45:23,298 - INFO - Best fit parameters: [1.30235166e+00 3.61487644e+02 6.05577883e-05 1.70008628e-06].
2023-12-12 16:45:23,316 - INFO - Maximum log composite likelihood: -912.2899648325547.
2023-12-12 16:45:23,317 - INFO - Optimal value of theta: 11856.989095156625.
2023-12-12 16:45:23,317 - INFO - Beginning optimization with guess, [0.05094045 0.05936396 0.00537573 0.01628833].
2023-12-12 16:45:24,154 - INFO - Finished optimization with guess, [0.05094045 0.05936396 0.00537573 0.01628833].
2023-12-12 16:45:24,154 - INFO - Best fit parameters: [9.60785979e-02 2.42708760e+00 1.73834922e-05 5.68870388e-03].
2023-12-12 16:45:24,172 - INFO - Maximum log composite likelihood: -862.7743199224697.
2023-12-12 16:45:24,173 - INFO - Optimal value of theta: 11791.700473653858.
2023-12-12 16:45:24,173 - INFO - Beginning optimization with guess, [0.07817017 0.02543143 0.0150564  0.00647259].
2023-12-12 16:45:25,051 - INFO - Finished optimization with guess, [0.07817017 0.02543143 0.0150564  0.00647259].
2023-12-12 16:45:25,051 - INFO - Best fit parameters: [7.25125551e-01 2.47803140e+03 8.97243104e-07 4.12666348e-06].
2023-12-12 16:45:25,069 - INFO - Maximum log composite likelihood: -912.4866618614251.
2023-12-12 16:45:25,069 - INFO - Optimal value of theta: 11857.240705158389.
2023-12-12 16:45:25,069 - INFO - Beginning optimization with guess, [0.88983002 1.06773802 0.01322862 0.01598745].
2023-12-12 16:45:26,182 - INFO - Finished optimization with guess, [0.88983002 1.06773802 0.01322862 0.01598745].
2023-12-12 16:45:26,182 - INFO - Best fit parameters: [0.88062286 1.10928118 0.00502445 0.25026739].
2023-12-12 16:45:26,204 - INFO - Maximum log composite likelihood: -766.2071941877603.
2023-12-12 16:45:26,204 - INFO - Optimal value of theta: 11517.977387355382.
2023-12-12 16:45:26,205 - INFO - Beginning optimization with guess, [1.05003073 0.57478951 0.00574579 0.01309156].
2023-12-12 16:45:27,155 - INFO - Finished optimization with guess, [1.05003073 0.57478951 0.00574579 0.01309156].
2023-12-12 16:45:27,155 - INFO - Best fit parameters: [1.14872187e+00 3.77506155e+00 3.61169189e-01 6.59234191e-13].
2023-12-12 16:45:27,179 - INFO - Maximum log composite likelihood: -710.5065091893157.
2023-12-12 16:45:27,179 - INFO - Optimal value of theta: 11275.205717763814.
2023-12-12 16:45:27,179 - INFO - Beginning optimization with guess, [0.94250821 1.55138769 0.00978902 0.01696896].
2023-12-12 16:45:28,135 - INFO - Finished optimization with guess, [0.94250821 1.55138769 0.00978902 0.01696896].
2023-12-12 16:45:28,135 - INFO - Best fit parameters: [0.93888257 1.97665641 0.00779283 0.61261213].
2023-12-12 16:45:28,159 - INFO - Maximum log composite likelihood: -157.50187140157868.
2023-12-12 16:45:28,159 - INFO - Optimal value of theta: 8879.35225365442.
2023-12-12 16:45:28,159 - INFO - Beginning optimization with guess, [1.69007706 1.45590211 0.0102494  0.01857448].
2023-12-12 16:45:29,203 - INFO - Finished optimization with guess, [1.69007706 1.45590211 0.0102494  0.01857448].
2023-12-12 16:45:29,203 - INFO - Best fit parameters: [0.92300689 2.49010244 0.01706901 0.987401  ].
2023-12-12 16:45:29,228 - INFO - Maximum log composite likelihood: -81.65874292237822.
2023-12-12 16:45:29,229 - INFO - Optimal value of theta: 7403.430065056597.
2023-12-12 16:45:29,229 - INFO - Beginning optimization with guess, [0.91840637 1.79498819 0.00507558 0.01647834].
2023-12-12 16:45:30,249 - INFO - Finished optimization with guess, [0.91840637 1.79498819 0.00507558 0.01647834].
2023-12-12 16:45:30,250 - INFO - Best fit parameters: [0.91835103 2.68416952 0.00382706 0.55004356].
2023-12-12 16:45:30,272 - INFO - Maximum log composite likelihood: -43.05801188544501.
2023-12-12 16:45:30,272 - INFO - Optimal value of theta: 8283.664533569894.
2023-12-12 16:45:30,272 - INFO - Beginning optimization with guess, [1.60004406 0.87212045 0.01073013 0.01636816].
2023-12-12 16:45:31,314 - INFO - Finished optimization with guess, [1.60004406 0.87212045 0.01073013 0.01636816].
2023-12-12 16:45:31,314 - INFO - Best fit parameters: [1.80603131 0.85368799 0.48012503 0.00467518].
2023-12-12 16:45:31,337 - INFO - Maximum log composite likelihood: -243.21448025251084.
2023-12-12 16:45:31,337 - INFO - Optimal value of theta: 9532.895852925267.
2023-12-12 16:45:31,338 - INFO - Beginning optimization with guess, [1.2520336  0.78435057 0.00841145 0.00825245].
2023-12-12 16:45:32,392 - INFO - Finished optimization with guess, [1.2520336  0.78435057 0.00841145 0.00825245].
2023-12-12 16:45:32,392 - INFO - Best fit parameters: [1.63030504e+00 8.01047580e-01 3.09185106e-01 1.55747023e-03].
2023-12-12 16:45:32,413 - INFO - Maximum log composite likelihood: -333.18526006645516.
2023-12-12 16:45:32,414 - INFO - Optimal value of theta: 10303.130554725405.
2023-12-12 16:45:32,414 - INFO - Beginning optimization with guess, [1.54821867 1.10261643 0.00909243 0.00660307].
2023-12-12 16:45:33,443 - INFO - Finished optimization with guess, [1.54821867 1.10261643 0.00909243 0.00660307].
2023-12-12 16:45:33,443 - INFO - Best fit parameters: [1.98038517 1.11277717 0.48684082 0.00636726].
2023-12-12 16:45:33,465 - INFO - Maximum log composite likelihood: -171.7239396284749.
2023-12-12 16:45:33,466 - INFO - Optimal value of theta: 9241.730201513434.
2023-12-12 16:45:33,466 - INFO - Beginning optimization with guess, [2.99555932 2.06467524 0.00821019 0.01169289].
2023-12-12 16:45:34,411 - INFO - Finished optimization with guess, [2.99555932 2.06467524 0.00821019 0.01169289].
2023-12-12 16:45:34,411 - INFO - Best fit parameters: [3.8133618  2.95999399 0.02024521 0.41483641].
2023-12-12 16:45:34,432 - INFO - Maximum log composite likelihood: -38.594680636701014.
2023-12-12 16:45:34,432 - INFO - Optimal value of theta: 8522.423393779176.
2023-12-12 16:45:34,432 - INFO - Beginning optimization with guess, [1.21070375 1.87766826 0.01596461 0.01437416].
2023-12-12 16:45:35,396 - INFO - Finished optimization with guess, [1.21070375 1.87766826 0.01596461 0.01437416].
2023-12-12 16:45:35,397 - INFO - Best fit parameters: [1.23195645 2.55332271 0.01122564 0.73652599].
2023-12-12 16:45:35,420 - INFO - Maximum log composite likelihood: -55.965276725797594.
2023-12-12 16:45:35,421 - INFO - Optimal value of theta: 7852.050932192833.
2023-12-12 16:45:35,421 - INFO - Beginning optimization with guess, [3.82243023 2.77911424 0.00630488 0.01078931].
2023-12-12 16:45:36,362 - INFO - Finished optimization with guess, [3.82243023 2.77911424 0.00630488 0.01078931].
2023-12-12 16:45:36,362 - INFO - Best fit parameters: [5.09068808e+00 3.52910698e+00 3.93177706e-03 2.94701595e-01].
2023-12-12 16:45:36,381 - INFO - Maximum log composite likelihood: -44.16001972519916.
2023-12-12 16:45:36,382 - INFO - Optimal value of theta: 8987.466838600934.
2023-12-12 16:45:36,382 - INFO - Beginning optimization with guess, [1.73491877 1.98175703 0.01233525 0.01747799].
2023-12-12 16:45:37,330 - INFO - Finished optimization with guess, [1.73491877 1.98175703 0.01233525 0.01747799].
2023-12-12 16:45:37,330 - INFO - Best fit parameters: [1.85605414 2.73325775 0.01145214 0.48110339].
2023-12-12 16:45:37,352 - INFO - Maximum log composite likelihood: -41.276825523453226.
2023-12-12 16:45:37,352 - INFO - Optimal value of theta: 8460.518858844756.
2023-12-12 16:45:37,352 - INFO - Beginning optimization with guess, [3.14472316 3.16234647 0.01203723 0.00557847].
2023-12-12 16:45:38,257 - INFO - Finished optimization with guess, [3.14472316 3.16234647 0.01203723 0.00557847].
2023-12-12 16:45:38,257 - INFO - Best fit parameters: [4.31184869e+00 3.78813752e+00 2.54390389e-01 3.52809726e-03].
2023-12-12 16:45:38,276 - INFO - Maximum log composite likelihood: -53.32227647369291.
2023-12-12 16:45:38,276 - INFO - Optimal value of theta: 9066.033386693707.
2023-12-12 16:45:38,276 - INFO - Beginning optimization with guess, [2.32997042 1.98124922 0.01732894 0.00812835].
2023-12-12 16:45:39,275 - INFO - Finished optimization with guess, [2.32997042 1.98124922 0.01732894 0.00812835].
2023-12-12 16:45:39,275 - INFO - Best fit parameters: [3.00619686 2.19725716 0.40184987 0.00541984].
2023-12-12 16:45:39,296 - INFO - Maximum log composite likelihood: -38.85539138121385.
2023-12-12 16:45:39,296 - INFO - Optimal value of theta: 8643.780675098395.
2023-12-12 16:45:39,296 - INFO - Beginning optimization with guess, [5.17008641 3.17178565 0.00957034 0.00773675].
2023-12-12 16:45:40,144 - INFO - Finished optimization with guess, [5.17008641 3.17178565 0.00957034 0.00773675].
2023-12-12 16:45:40,145 - INFO - Best fit parameters: [6.16239637e+00 4.57106805e+00 1.95028947e-01 6.01237323e-03].
2023-12-12 16:45:40,163 - INFO - Maximum log composite likelihood: -67.41110495243447.
2023-12-12 16:45:40,163 - INFO - Optimal value of theta: 9301.075659137716.
2023-12-12 16:45:40,163 - INFO - Beginning optimization with guess, [5.5120765  2.18118219 0.01296139 0.00581745].
2023-12-12 16:45:41,001 - INFO - Finished optimization with guess, [5.5120765  2.18118219 0.01296139 0.00581745].
2023-12-12 16:45:41,002 - INFO - Best fit parameters: [8.04335262e+00 2.45336636e+00 1.78485822e-01 3.60729774e-03].
2023-12-12 16:45:41,021 - INFO - Maximum log composite likelihood: -73.56430267984433.
2023-12-12 16:45:41,021 - INFO - Optimal value of theta: 9384.394562608413.
2023-12-12 16:45:41,021 - INFO - Beginning optimization with guess, [2.59269106 2.87463393 0.01060762 0.01231998].
2023-12-12 16:45:41,898 - INFO - Finished optimization with guess, [2.59269106 2.87463393 0.01060762 0.01231998].
2023-12-12 16:45:41,898 - INFO - Best fit parameters: [3.1395332  3.56154571 0.00551195 0.28753664].
2023-12-12 16:45:41,917 - INFO - Maximum log composite likelihood: -44.7563026906937.
2023-12-12 16:45:41,918 - INFO - Optimal value of theta: 9016.880439921952.
2023-12-12 16:45:41,918 - INFO - Beginning optimization with guess, [8.50602587e+00 5.34659009e+00 7.01794085e-03 1.16099621e-02].
2023-12-12 16:45:42,759 - INFO - Finished optimization with guess, [8.50602587e+00 5.34659009e+00 7.01794085e-03 1.16099621e-02].
2023-12-12 16:45:42,759 - INFO - Best fit parameters: [1.17467501e+01 7.74939657e+00 4.42816994e-03 1.70860298e-01].
2023-12-12 16:45:42,778 - INFO - Maximum log composite likelihood: -74.8830930286822.
2023-12-12 16:45:42,778 - INFO - Optimal value of theta: 9444.662798779491.
2023-12-12 16:45:42,778 - INFO - Beginning optimization with guess, [6.26467374e+00 8.43454269e+00 6.84688846e-03 5.07082620e-03].
2023-12-12 16:45:43,653 - INFO - Finished optimization with guess, [6.26467374e+00 8.43454269e+00 6.84688846e-03 5.07082620e-03].
2023-12-12 16:45:43,653 - INFO - Best fit parameters: [1.03451419e+01 1.11774787e+01 1.63818141e-01 3.32157281e-03].
2023-12-12 16:45:43,671 - INFO - Maximum log composite likelihood: -82.01087221048692.
2023-12-12 16:45:43,671 - INFO - Optimal value of theta: 9442.949271228606.
2023-12-12 16:45:43,672 - INFO - Beginning optimization with guess, [1.25220156e+01 5.44527007e+00 7.19653538e-03 5.39768599e-03].
2023-12-12 16:45:44,540 - INFO - Finished optimization with guess, [1.25220156e+01 5.44527007e+00 7.19653538e-03 5.39768599e-03].
2023-12-12 16:45:44,540 - INFO - Best fit parameters: [1.69048683e+01 8.24274027e+00 1.38770436e-01 3.58659274e-03].
2023-12-12 16:45:44,558 - INFO - Maximum log composite likelihood: -87.76360485033729.
2023-12-12 16:45:44,559 - INFO - Optimal value of theta: 9640.992223730933.
2023-12-12 16:45:44,560 - INFO - Finished demographic inference.
2023-12-12 16:45:44,560 - INFO - Pipeline executed succesfully.
