2024-03-14 22:49:21,809 - INFO - Beginning execution of fit_demographic_model.py in directory /u/project/kirk/jonmah/sample_size_demography/Scripts

2024-03-14 22:49:21,810 - INFO - Progress is being logged to ../Analysis/ThreeEpochBottleneck_670/log.log

2024-03-14 22:49:21,810 - INFO - Parsed the following arguments:
	syn_input_sfs = ../Analysis/ThreeEpochExpansion_670/syn_downsampled_sfs.txt
	mask_singletons = False
	mask_doubletons = False
	outprefix = ../Analysis/ThreeEpochBottleneck_670/

2024-03-14 22:49:21,814 - INFO - Beginning demographic inference for one-epoch demographic model.
2024-03-14 22:49:21,816 - INFO - Beginning optimization with guess, [0.10495425].
2024-03-14 22:51:20,157 - INFO - Finished optimization with guess, [0.10495425].
2024-03-14 22:51:20,158 - INFO - Best fit parameters: [0.10495425].
2024-03-14 22:51:23,533 - INFO - Maximum log composite likelihood: -11645.856829875422.
2024-03-14 22:51:23,533 - INFO - Optimal value of theta: 18835.73851036675.
2024-03-14 22:51:23,533 - INFO - Beginning optimization with guess, [0.35169083].
2024-03-14 22:53:12,091 - INFO - Finished optimization with guess, [0.35169083].
2024-03-14 22:53:12,092 - INFO - Best fit parameters: [0.35169083].
2024-03-14 22:53:15,472 - INFO - Maximum log composite likelihood: -11645.856829875422.
2024-03-14 22:53:15,473 - INFO - Optimal value of theta: 18835.73851036675.
2024-03-14 22:53:15,473 - INFO - Beginning optimization with guess, [0.21453421].
2024-03-14 22:55:04,013 - INFO - Finished optimization with guess, [0.21453421].
2024-03-14 22:55:04,014 - INFO - Best fit parameters: [0.21453421].
2024-03-14 22:55:07,553 - INFO - Maximum log composite likelihood: -11645.856829875422.
2024-03-14 22:55:07,553 - INFO - Optimal value of theta: 18835.73851036675.
2024-03-14 22:55:07,553 - INFO - Beginning optimization with guess, [0.28274364].
2024-03-14 22:56:55,727 - INFO - Finished optimization with guess, [0.28274364].
2024-03-14 22:56:55,729 - INFO - Best fit parameters: [0.28274364].
2024-03-14 22:56:59,204 - INFO - Maximum log composite likelihood: -11645.856829875422.
2024-03-14 22:56:59,205 - INFO - Optimal value of theta: 18835.73851036675.
2024-03-14 22:56:59,205 - INFO - Beginning optimization with guess, [0.32465801].
2024-03-14 22:58:47,690 - INFO - Finished optimization with guess, [0.32465801].
2024-03-14 22:58:47,692 - INFO - Best fit parameters: [0.32465801].
2024-03-14 22:58:51,083 - INFO - Maximum log composite likelihood: -11645.856829875422.
2024-03-14 22:58:51,084 - INFO - Optimal value of theta: 18835.73851036675.
2024-03-14 22:58:51,084 - INFO - Beginning optimization with guess, [0.89392074].
2024-03-14 22:59:58,826 - INFO - Finished optimization with guess, [0.89392074].
2024-03-14 22:59:58,827 - INFO - Best fit parameters: [0.89392074].
2024-03-14 23:00:02,272 - INFO - Maximum log composite likelihood: -11645.856829875422.
2024-03-14 23:00:02,273 - INFO - Optimal value of theta: 18835.73851036675.
2024-03-14 23:00:02,273 - INFO - Beginning optimization with guess, [0.58605672].
2024-03-14 23:01:40,557 - INFO - Finished optimization with guess, [0.58605672].
2024-03-14 23:01:40,559 - INFO - Best fit parameters: [0.58605672].
2024-03-14 23:01:43,943 - INFO - Maximum log composite likelihood: -11645.856829875422.
2024-03-14 23:01:43,943 - INFO - Optimal value of theta: 18835.73851036675.
2024-03-14 23:01:43,944 - INFO - Beginning optimization with guess, [0.40813847].
2024-03-14 23:03:22,814 - INFO - Finished optimization with guess, [0.40813847].
2024-03-14 23:03:22,816 - INFO - Best fit parameters: [0.40813847].
2024-03-14 23:03:26,199 - INFO - Maximum log composite likelihood: -11645.856829875422.
2024-03-14 23:03:26,199 - INFO - Optimal value of theta: 18835.73851036675.
2024-03-14 23:03:26,200 - INFO - Beginning optimization with guess, [0.80896935].
2024-03-14 23:04:44,377 - INFO - Finished optimization with guess, [0.80896935].
2024-03-14 23:04:44,379 - INFO - Best fit parameters: [0.80896935].
2024-03-14 23:04:47,841 - INFO - Maximum log composite likelihood: -11645.856829875422.
2024-03-14 23:04:47,842 - INFO - Optimal value of theta: 18835.73851036675.
2024-03-14 23:04:47,842 - INFO - Beginning optimization with guess, [0.65682656].
2024-03-14 23:06:16,210 - INFO - Finished optimization with guess, [0.65682656].
2024-03-14 23:06:16,215 - INFO - Best fit parameters: [0.65682656].
2024-03-14 23:06:19,604 - INFO - Maximum log composite likelihood: -11645.856829875422.
2024-03-14 23:06:19,604 - INFO - Optimal value of theta: 18835.73851036675.
2024-03-14 23:06:19,605 - INFO - Beginning optimization with guess, [0.88003585].
2024-03-14 23:07:27,305 - INFO - Finished optimization with guess, [0.88003585].
2024-03-14 23:07:27,307 - INFO - Best fit parameters: [0.88003585].
2024-03-14 23:07:30,734 - INFO - Maximum log composite likelihood: -11645.856829875422.
2024-03-14 23:07:30,734 - INFO - Optimal value of theta: 18835.73851036675.
2024-03-14 23:07:30,735 - INFO - Beginning optimization with guess, [2.33175274].
2024-03-14 23:09:09,151 - INFO - Finished optimization with guess, [2.33175274].
2024-03-14 23:09:09,152 - INFO - Best fit parameters: [2.33175274].
2024-03-14 23:09:12,562 - INFO - Maximum log composite likelihood: -11645.856829875422.
2024-03-14 23:09:12,562 - INFO - Optimal value of theta: 18835.73851036675.
2024-03-14 23:09:12,562 - INFO - Beginning optimization with guess, [2.24245928].
2024-03-14 23:10:50,539 - INFO - Finished optimization with guess, [2.24245928].
2024-03-14 23:10:50,541 - INFO - Best fit parameters: [2.24245928].
2024-03-14 23:10:53,928 - INFO - Maximum log composite likelihood: -11645.856829875422.
2024-03-14 23:10:53,928 - INFO - Optimal value of theta: 18835.73851036675.
2024-03-14 23:10:53,929 - INFO - Beginning optimization with guess, [1.90386095].
2024-03-14 23:12:31,599 - INFO - Finished optimization with guess, [1.90386095].
2024-03-14 23:12:31,601 - INFO - Best fit parameters: [1.90386095].
2024-03-14 23:12:34,991 - INFO - Maximum log composite likelihood: -11645.856829875422.
2024-03-14 23:12:34,991 - INFO - Optimal value of theta: 18835.73851036675.
2024-03-14 23:12:34,992 - INFO - Beginning optimization with guess, [2.30433525].
2024-03-14 23:14:12,698 - INFO - Finished optimization with guess, [2.30433525].
2024-03-14 23:14:12,700 - INFO - Best fit parameters: [2.30433525].
2024-03-14 23:14:16,052 - INFO - Maximum log composite likelihood: -11645.856829875422.
2024-03-14 23:14:16,052 - INFO - Optimal value of theta: 18835.73851036675.
2024-03-14 23:14:16,053 - INFO - Beginning optimization with guess, [3.01135898].
2024-03-14 23:16:03,030 - INFO - Finished optimization with guess, [3.01135898].
2024-03-14 23:16:03,032 - INFO - Best fit parameters: [3.01135898].
2024-03-14 23:16:06,421 - INFO - Maximum log composite likelihood: -11645.856829875422.
2024-03-14 23:16:06,422 - INFO - Optimal value of theta: 18835.73851036675.
2024-03-14 23:16:06,422 - INFO - Beginning optimization with guess, [2.46060712].
2024-03-14 23:17:43,976 - INFO - Finished optimization with guess, [2.46060712].
2024-03-14 23:17:43,978 - INFO - Best fit parameters: [2.46060712].
2024-03-14 23:17:47,426 - INFO - Maximum log composite likelihood: -11645.856829875422.
2024-03-14 23:17:47,427 - INFO - Optimal value of theta: 18835.73851036675.
2024-03-14 23:17:47,427 - INFO - Beginning optimization with guess, [1.66782215].
2024-03-14 23:19:14,391 - INFO - Finished optimization with guess, [1.66782215].
2024-03-14 23:19:14,392 - INFO - Best fit parameters: [1.66782215].
