2024-01-17 10:54:03,318 - INFO - Beginning execution of fit_demographic_model.py in directory /u/project/kirk/jonmah/sample_size_demography/Scripts

2024-01-17 10:54:03,318 - INFO - Progress is being logged to ../Analysis/1kg_EUR_530/log.log

2024-01-17 10:54:03,318 - INFO - Parsed the following arguments:
	syn_input_sfs = ../Analysis/1kg_EUR_530/syn_downsampled_sfs.txt
	mask_singletons = False
	mask_doubletons = False
	outprefix = ../Analysis/1kg_EUR_530/

2024-01-17 10:54:03,342 - INFO - Beginning demographic inference for three-epoch demographic model.
2024-01-17 10:54:03,344 - INFO - Beginning optimization with guess, [0.0085943  0.00611969 0.00621902 0.01885594].
2024-01-17 10:54:36,459 - INFO - Finished optimization with guess, [0.0085943  0.00611969 0.00621902 0.01885594].
2024-01-17 10:54:36,460 - INFO - Best fit parameters: [0.00639521 0.00420024 0.00538233 0.03192665].
2024-01-17 10:54:37,688 - INFO - Maximum log composite likelihood: -1125.8944701147811.
2024-01-17 10:54:37,688 - INFO - Optimal value of theta: 1213098.1177130162.
2024-01-17 10:54:37,688 - INFO - Beginning optimization with guess, [0.02720598 0.01000385 0.0053488  0.00530104].
2024-01-17 10:55:04,915 - INFO - Finished optimization with guess, [0.02720598 0.01000385 0.0053488  0.00530104].
2024-01-17 10:55:04,916 - INFO - Best fit parameters: [5.18719737e-03 1.56443062e+00 5.12203809e-04 3.97999519e-03].
2024-01-17 10:55:05,982 - INFO - Maximum log composite likelihood: -5373.710160494949.
2024-01-17 10:55:05,983 - INFO - Optimal value of theta: 8405.200449118116.
2024-01-17 10:55:05,983 - INFO - Beginning optimization with guess, [0.05086079 0.01724912 0.01416905 0.00917118].
2024-01-17 10:55:35,713 - INFO - Finished optimization with guess, [0.05086079 0.01724912 0.01416905 0.00917118].
2024-01-17 10:55:35,713 - INFO - Best fit parameters: [0.01811576 0.28682746 0.01489697 0.01001717].
2024-01-17 10:55:36,811 - INFO - Maximum log composite likelihood: -3608.60490263756.
2024-01-17 10:55:36,811 - INFO - Optimal value of theta: 17907.680482115436.
2024-01-17 10:55:36,812 - INFO - Beginning optimization with guess, [0.07138839 0.03305713 0.01423867 0.00773695].
2024-01-17 10:56:07,442 - INFO - Finished optimization with guess, [0.07138839 0.03305713 0.01423867 0.00773695].
2024-01-17 10:56:07,443 - INFO - Best fit parameters: [0.01530275 1.06112683 0.01167724 0.00699455].
2024-01-17 10:56:08,536 - INFO - Maximum log composite likelihood: -5623.924403243066.
2024-01-17 10:56:08,536 - INFO - Optimal value of theta: 14608.654000792076.
2024-01-17 10:56:08,537 - INFO - Beginning optimization with guess, [0.03440431 0.04315271 0.0072735  0.01065458].
2024-01-17 10:56:37,086 - INFO - Finished optimization with guess, [0.03440431 0.04315271 0.0072735  0.01065458].
2024-01-17 10:56:37,087 - INFO - Best fit parameters: [7.30729187e-03 1.35724573e+00 7.99458453e-04 8.31077623e-03].
2024-01-17 10:56:38,191 - INFO - Maximum log composite likelihood: -3252.3012492519024.
2024-01-17 10:56:38,191 - INFO - Optimal value of theta: 7759.867753960056.
2024-01-17 10:56:38,191 - INFO - Beginning optimization with guess, [0.74063137 1.05153995 0.01668928 0.01065027].
2024-01-17 10:57:09,798 - INFO - Finished optimization with guess, [0.74063137 1.05153995 0.01668928 0.01065027].
2024-01-17 10:57:09,800 - INFO - Best fit parameters: [0.66075929 1.05984841 0.07796172 0.0186172 ].
2024-01-17 10:57:10,866 - INFO - Maximum log composite likelihood: -941.676143914642.
2024-01-17 10:57:10,866 - INFO - Optimal value of theta: 5677.804777615701.
2024-01-17 10:57:10,866 - INFO - Beginning optimization with guess, [0.57127679 0.57377953 0.01066686 0.00552639].
2024-01-17 10:57:41,483 - INFO - Finished optimization with guess, [0.57127679 0.57377953 0.01066686 0.00552639].
2024-01-17 10:57:41,483 - INFO - Best fit parameters: [4.75848193e-01 1.68354771e+00 7.82798589e-06 4.58458864e-04].
2024-01-17 10:57:42,547 - INFO - Maximum log composite likelihood: -1105.708541724253.
2024-01-17 10:57:42,547 - INFO - Optimal value of theta: 5177.8181781032945.
2024-01-17 10:57:42,547 - INFO - Beginning optimization with guess, [1.05342917 1.20405816 0.0144033  0.00679533].
2024-01-17 10:58:11,736 - INFO - Finished optimization with guess, [1.05342917 1.20405816 0.0144033  0.00679533].
2024-01-17 10:58:11,736 - INFO - Best fit parameters: [1.03267023 1.30900455 0.00560481 0.00882118].
2024-01-17 10:58:12,811 - INFO - Maximum log composite likelihood: -1025.22985491136.
2024-01-17 10:58:12,811 - INFO - Optimal value of theta: 4990.8365764594855.
2024-01-17 10:58:12,811 - INFO - Beginning optimization with guess, [0.743234   0.73708529 0.00668355 0.009034  ].
2024-01-17 10:58:41,027 - INFO - Finished optimization with guess, [0.743234   0.73708529 0.00668355 0.009034  ].
2024-01-17 10:58:41,028 - INFO - Best fit parameters: [7.30089358e-01 1.36383417e+00 2.44541553e-05 1.12275605e-04].
2024-01-17 10:58:42,093 - INFO - Maximum log composite likelihood: -1138.4083393844874.
2024-01-17 10:58:42,093 - INFO - Optimal value of theta: 5206.989482904786.
2024-01-17 10:58:42,093 - INFO - Beginning optimization with guess, [1.40146785 1.52098402 0.01482622 0.00669194].
2024-01-17 10:59:15,637 - INFO - Finished optimization with guess, [1.40146785 1.52098402 0.01482622 0.00669194].
2024-01-17 10:59:15,648 - INFO - Best fit parameters: [1.28275855 1.52082497 0.00538855 0.00333035].
2024-01-17 10:59:16,713 - INFO - Maximum log composite likelihood: -1013.5399770613775.
2024-01-17 10:59:16,713 - INFO - Optimal value of theta: 4956.1949515089245.
2024-01-17 10:59:16,713 - INFO - Beginning optimization with guess, [2.46553917 0.84875938 0.00863924 0.01707256].
2024-01-17 10:59:47,026 - INFO - Finished optimization with guess, [2.46553917 0.84875938 0.00863924 0.01707256].
2024-01-17 10:59:47,027 - INFO - Best fit parameters: [1.74459043e+00 9.55033278e-01 5.64190490e-03 1.41336054e-04].
2024-01-17 10:59:48,092 - INFO - Maximum log composite likelihood: -1010.1651475082197.
2024-01-17 10:59:48,093 - INFO - Optimal value of theta: 4932.032074880979.
2024-01-17 10:59:48,093 - INFO - Beginning optimization with guess, [0.99438273 1.46134439 0.01220954 0.01646281].
2024-01-17 11:00:19,443 - INFO - Finished optimization with guess, [0.99438273 1.46134439 0.01220954 0.01646281].
2024-01-17 11:00:19,444 - INFO - Best fit parameters: [0.99383235 1.48420631 0.02006702 0.00776258].
2024-01-17 11:00:20,509 - INFO - Maximum log composite likelihood: -1011.839351765925.
2024-01-17 11:00:20,510 - INFO - Optimal value of theta: 4943.251163145837.
2024-01-17 11:00:20,510 - INFO - Beginning optimization with guess, [1.58081888 2.71773211 0.00525213 0.00642248].
2024-01-17 11:00:50,961 - INFO - Finished optimization with guess, [1.58081888 2.71773211 0.00525213 0.00642248].
2024-01-17 11:00:50,961 - INFO - Best fit parameters: [1.60696036e+00 1.89705021e+00 1.46274444e-03 2.77569801e-03].
2024-01-17 11:00:52,042 - INFO - Maximum log composite likelihood: -1011.3755540663309.
2024-01-17 11:00:52,042 - INFO - Optimal value of theta: 4949.799538291916.
2024-01-17 11:00:52,042 - INFO - Beginning optimization with guess, [2.2143738  1.38322915 0.0086374  0.01558007].
2024-01-17 11:01:25,925 - INFO - Finished optimization with guess, [2.2143738  1.38322915 0.0086374  0.01558007].
2024-01-17 11:01:25,925 - INFO - Best fit parameters: [1.82095521 1.27864117 0.00312418 0.00407126].
2024-01-17 11:01:26,993 - INFO - Maximum log composite likelihood: -1016.3693838827521.
2024-01-17 11:01:26,993 - INFO - Optimal value of theta: 4968.132347575277.
2024-01-17 11:01:26,993 - INFO - Beginning optimization with guess, [1.73574128 1.67985697 0.00571768 0.00843547].
2024-01-17 11:01:58,700 - INFO - Finished optimization with guess, [1.73574128 1.67985697 0.00571768 0.00843547].
2024-01-17 11:01:58,701 - INFO - Best fit parameters: [1.62108814 1.5186224  0.00261527 0.00352516].
2024-01-17 11:01:59,782 - INFO - Maximum log composite likelihood: -1009.9967365345827.
2024-01-17 11:01:59,783 - INFO - Optimal value of theta: 4947.81043866919.
2024-01-17 11:01:59,783 - INFO - Beginning optimization with guess, [1.58508873 1.32056836 0.00936246 0.01733347].
2024-01-17 11:02:31,285 - INFO - Finished optimization with guess, [1.58508873 1.32056836 0.00936246 0.01733347].
2024-01-17 11:02:31,289 - INFO - Best fit parameters: [1.41965081 1.29258433 0.00482916 0.00824367].
2024-01-17 11:02:32,379 - INFO - Maximum log composite likelihood: -1026.8113529825246.
2024-01-17 11:02:32,379 - INFO - Optimal value of theta: 4931.932195170548.
2024-01-17 11:02:32,379 - INFO - Beginning optimization with guess, [2.39892587 1.97893811 0.00678696 0.00988939].
2024-01-17 11:03:04,138 - INFO - Finished optimization with guess, [2.39892587 1.97893811 0.00678696 0.00988939].
2024-01-17 11:03:04,139 - INFO - Best fit parameters: [2.18052382e+00 1.49939871e+00 1.77727689e-03 3.26624481e-03].
2024-01-17 11:03:05,203 - INFO - Maximum log composite likelihood: -1009.3969358150855.
2024-01-17 11:03:05,203 - INFO - Optimal value of theta: 4952.77040647897.
2024-01-17 11:03:05,203 - INFO - Beginning optimization with guess, [3.32583436 5.5772833  0.00758841 0.01236203].
2024-01-17 11:03:34,383 - INFO - Finished optimization with guess, [3.32583436 5.5772833  0.00758841 0.01236203].
2024-01-17 11:03:34,384 - INFO - Best fit parameters: [3.25151314e+00 1.69669329e+00 9.46765352e-04 2.69692420e-03].
2024-01-17 11:03:35,448 - INFO - Maximum log composite likelihood: -1011.2340492622529.
2024-01-17 11:03:35,448 - INFO - Optimal value of theta: 4962.071806680181.
2024-01-17 11:03:35,448 - INFO - Beginning optimization with guess, [2.45515904 5.26842586 0.009738   0.01482117].
2024-01-17 11:04:05,812 - INFO - Finished optimization with guess, [2.45515904 5.26842586 0.009738   0.01482117].
2024-01-17 11:04:05,813 - INFO - Best fit parameters: [2.41154856e+00 1.49351457e+00 2.17446620e-03 2.12081976e-03].
2024-01-17 11:04:06,878 - INFO - Maximum log composite likelihood: -1009.1437848386292.
2024-01-17 11:04:06,878 - INFO - Optimal value of theta: 4947.402011945062.
2024-01-17 11:04:06,878 - INFO - Beginning optimization with guess, [3.09598843 3.49716196 0.00776779 0.01051333].
2024-01-17 11:04:35,013 - INFO - Finished optimization with guess, [3.09598843 3.49716196 0.00776779 0.01051333].
2024-01-17 11:04:35,023 - INFO - Best fit parameters: [3.00102557e+00 1.70054466e+00 1.26540694e-03 2.65929633e-03].
2024-01-17 11:04:36,089 - INFO - Maximum log composite likelihood: -1011.4455816364182.
2024-01-17 11:04:36,089 - INFO - Optimal value of theta: 4940.926600352129.
2024-01-17 11:04:36,089 - INFO - Beginning optimization with guess, [6.13344822 2.21599125 0.00814568 0.01281809].
2024-01-17 11:05:07,624 - INFO - Finished optimization with guess, [6.13344822 2.21599125 0.00814568 0.01281809].
2024-01-17 11:05:07,625 - INFO - Best fit parameters: [6.81941350e+00 1.39160059e+00 1.53689397e-03 4.82016785e-03].
2024-01-17 11:05:08,694 - INFO - Maximum log composite likelihood: -1011.7228014800066.
2024-01-17 11:05:08,695 - INFO - Optimal value of theta: 4906.344436059673.
2024-01-17 11:05:08,695 - INFO - Beginning optimization with guess, [7.6643655  4.41100663 0.01089081 0.01879722].
2024-01-17 11:05:36,863 - INFO - Finished optimization with guess, [7.6643655  4.41100663 0.01089081 0.01879722].
2024-01-17 11:05:36,863 - INFO - Best fit parameters: [8.61213115e+00 1.32290135e+00 2.07099675e-03 3.60439523e-03].
2024-01-17 11:05:37,929 - INFO - Maximum log composite likelihood: -1014.7304068629289.
2024-01-17 11:05:37,929 - INFO - Optimal value of theta: 4883.591763188462.
2024-01-17 11:05:37,929 - INFO - Beginning optimization with guess, [9.41617126 9.76396788 0.00995592 0.01376411].
2024-01-17 11:06:06,119 - INFO - Finished optimization with guess, [9.41617126 9.76396788 0.00995592 0.01376411].
2024-01-17 11:06:06,120 - INFO - Best fit parameters: [1.07059851e+01 1.53671685e+00 1.46593070e-03 2.85240986e-03].
2024-01-17 11:06:07,184 - INFO - Maximum log composite likelihood: -1017.6839580733458.
2024-01-17 11:06:07,184 - INFO - Optimal value of theta: 4896.271890950241.
2024-01-17 11:06:07,184 - INFO - Beginning optimization with guess, [1.33946540e+01 1.13510217e+01 5.13655588e-03 6.26814066e-03].
2024-01-17 11:06:37,501 - INFO - Finished optimization with guess, [1.33946540e+01 1.13510217e+01 5.13655588e-03 6.26814066e-03].
2024-01-17 11:06:37,502 - INFO - Best fit parameters: [8.94699680e+00 2.31004958e+00 6.21756566e-04 9.67641090e-04].
2024-01-17 11:06:38,566 - INFO - Maximum log composite likelihood: -1024.3773472457744.
2024-01-17 11:06:38,566 - INFO - Optimal value of theta: 5018.616095814625.
2024-01-17 11:06:38,567 - INFO - Beginning optimization with guess, [1.09981865e+01 1.20274180e+01 7.04026023e-03 9.82912541e-03].
2024-01-17 11:07:05,982 - INFO - Finished optimization with guess, [1.09981865e+01 1.20274180e+01 7.04026023e-03 9.82912541e-03].
2024-01-17 11:07:05,982 - INFO - Best fit parameters: [1.26163738e+01 1.59832943e+00 8.97590325e-04 1.80001047e-03].
2024-01-17 11:07:07,110 - INFO - Maximum log composite likelihood: -1014.6633522366027.
2024-01-17 11:07:07,110 - INFO - Optimal value of theta: 4981.130586328603.
2024-01-17 11:07:07,115 - INFO - Finished demographic inference.
2024-01-17 11:07:07,115 - INFO - Pipeline executed succesfully.
