2024-01-19 15:17:41,008 - INFO - Beginning execution of fit_demographic_model.py in directory /u/project/kirk/jonmah/sample_size_demography/Scripts

2024-01-19 15:17:41,009 - INFO - Progress is being logged to ../Analysis/1kg_EUR_37/log.log

2024-01-19 15:17:41,009 - INFO - Parsed the following arguments:
	syn_input_sfs = ../Analysis/1kg_EUR_37/syn_downsampled_sfs.txt
	mask_singletons = False
	mask_doubletons = False
	outprefix = ../Analysis/1kg_EUR_37/

2024-01-19 15:17:41,013 - INFO - Beginning demographic inference for one-epoch demographic model.
2024-01-19 15:17:41,014 - INFO - Beginning optimization with guess, [0.1579773].
2024-01-19 15:17:47,213 - INFO - Finished optimization with guess, [0.1579773].
2024-01-19 15:17:47,214 - INFO - Best fit parameters: [0.1579773].
2024-01-19 15:17:47,342 - INFO - Maximum log composite likelihood: -200.3690865314834.
2024-01-19 15:17:47,342 - INFO - Optimal value of theta: 5061.752218192437.
2024-01-19 15:17:47,343 - INFO - Beginning optimization with guess, [0.1626924].
2024-01-19 15:17:52,560 - INFO - Finished optimization with guess, [0.1626924].
2024-01-19 15:17:52,560 - INFO - Best fit parameters: [0.1626924].
2024-01-19 15:17:52,825 - INFO - Maximum log composite likelihood: -200.3690865314834.
2024-01-19 15:17:52,826 - INFO - Optimal value of theta: 5061.752218192437.
2024-01-19 15:17:52,826 - INFO - Beginning optimization with guess, [0.30199622].
2024-01-19 15:17:58,316 - INFO - Finished optimization with guess, [0.30199622].
2024-01-19 15:17:58,331 - INFO - Best fit parameters: [0.30199622].
2024-01-19 15:17:58,578 - INFO - Maximum log composite likelihood: -200.3690865314834.
2024-01-19 15:17:58,578 - INFO - Optimal value of theta: 5061.752218192437.
2024-01-19 15:17:58,578 - INFO - Beginning optimization with guess, [0.27499112].
2024-01-19 15:18:03,177 - INFO - Finished optimization with guess, [0.27499112].
2024-01-19 15:18:03,178 - INFO - Best fit parameters: [0.27499112].
2024-01-19 15:18:03,301 - INFO - Maximum log composite likelihood: -200.3690865314834.
2024-01-19 15:18:03,301 - INFO - Optimal value of theta: 5061.752218192437.
2024-01-19 15:18:03,301 - INFO - Beginning optimization with guess, [0.27760658].
2024-01-19 15:18:08,418 - INFO - Finished optimization with guess, [0.27760658].
2024-01-19 15:18:08,418 - INFO - Best fit parameters: [0.27760658].
2024-01-19 15:18:08,603 - INFO - Maximum log composite likelihood: -200.3690865314834.
2024-01-19 15:18:08,603 - INFO - Optimal value of theta: 5061.752218192437.
2024-01-19 15:18:08,604 - INFO - Beginning optimization with guess, [0.81220718].
2024-01-19 15:18:11,846 - INFO - Finished optimization with guess, [0.81220718].
2024-01-19 15:18:11,847 - INFO - Best fit parameters: [0.81220718].
2024-01-19 15:18:12,079 - INFO - Maximum log composite likelihood: -200.3690865314834.
2024-01-19 15:18:12,079 - INFO - Optimal value of theta: 5061.752218192437.
2024-01-19 15:18:12,079 - INFO - Beginning optimization with guess, [0.76501422].
2024-01-19 15:18:15,804 - INFO - Finished optimization with guess, [0.76501422].
2024-01-19 15:18:15,805 - INFO - Best fit parameters: [0.76501422].
2024-01-19 15:18:15,959 - INFO - Maximum log composite likelihood: -200.3690865314834.
2024-01-19 15:18:15,959 - INFO - Optimal value of theta: 5061.752218192437.
2024-01-19 15:18:15,959 - INFO - Beginning optimization with guess, [0.44951357].
2024-01-19 15:18:21,091 - INFO - Finished optimization with guess, [0.44951357].
2024-01-19 15:18:21,092 - INFO - Best fit parameters: [0.44951357].
2024-01-19 15:18:21,218 - INFO - Maximum log composite likelihood: -200.3690865314834.
2024-01-19 15:18:21,218 - INFO - Optimal value of theta: 5061.752218192437.
2024-01-19 15:18:21,218 - INFO - Beginning optimization with guess, [0.45216612].
2024-01-19 15:18:26,544 - INFO - Finished optimization with guess, [0.45216612].
2024-01-19 15:18:26,545 - INFO - Best fit parameters: [0.45216612].
2024-01-19 15:18:26,681 - INFO - Maximum log composite likelihood: -200.3690865314834.
2024-01-19 15:18:26,682 - INFO - Optimal value of theta: 5061.752218192437.
2024-01-19 15:18:26,682 - INFO - Beginning optimization with guess, [0.94055446].
2024-01-19 15:18:29,450 - INFO - Finished optimization with guess, [0.94055446].
2024-01-19 15:18:29,450 - INFO - Best fit parameters: [0.94055446].
2024-01-19 15:18:29,577 - INFO - Maximum log composite likelihood: -200.3690865314834.
2024-01-19 15:18:29,577 - INFO - Optimal value of theta: 5061.752218192437.
2024-01-19 15:18:29,577 - INFO - Beginning optimization with guess, [1.32516893].
2024-01-19 15:18:33,940 - INFO - Finished optimization with guess, [1.32516893].
2024-01-19 15:18:33,940 - INFO - Best fit parameters: [1.32516893].
2024-01-19 15:18:34,064 - INFO - Maximum log composite likelihood: -200.3690865314834.
2024-01-19 15:18:34,064 - INFO - Optimal value of theta: 5061.752218192437.
2024-01-19 15:18:34,064 - INFO - Beginning optimization with guess, [1.47944953].
2024-01-19 15:18:37,649 - INFO - Finished optimization with guess, [1.47944953].
2024-01-19 15:18:37,660 - INFO - Best fit parameters: [1.47944953].
2024-01-19 15:18:37,903 - INFO - Maximum log composite likelihood: -200.3690865314834.
2024-01-19 15:18:37,904 - INFO - Optimal value of theta: 5061.752218192437.
2024-01-19 15:18:37,904 - INFO - Beginning optimization with guess, [2.74974924].
2024-01-19 15:18:44,739 - INFO - Finished optimization with guess, [2.74974924].
2024-01-19 15:18:44,743 - INFO - Best fit parameters: [2.74974924].
2024-01-19 15:18:44,981 - INFO - Maximum log composite likelihood: -200.3690865314834.
2024-01-19 15:18:44,982 - INFO - Optimal value of theta: 5061.752218192437.
2024-01-19 15:18:44,982 - INFO - Beginning optimization with guess, [3.82583503].
2024-01-19 15:18:50,233 - INFO - Finished optimization with guess, [3.82583503].
2024-01-19 15:18:50,233 - INFO - Best fit parameters: [3.82583503].
2024-01-19 15:18:50,354 - INFO - Maximum log composite likelihood: -200.3690865314834.
2024-01-19 15:18:50,354 - INFO - Optimal value of theta: 5061.752218192437.
2024-01-19 15:18:50,354 - INFO - Beginning optimization with guess, [3.34149644].
2024-01-19 15:18:56,103 - INFO - Finished optimization with guess, [3.34149644].
2024-01-19 15:18:56,104 - INFO - Best fit parameters: [3.34149644].
2024-01-19 15:18:56,222 - INFO - Maximum log composite likelihood: -200.3690865314834.
2024-01-19 15:18:56,223 - INFO - Optimal value of theta: 5061.752218192437.
2024-01-19 15:18:56,223 - INFO - Beginning optimization with guess, [1.69391059].
2024-01-19 15:19:00,767 - INFO - Finished optimization with guess, [1.69391059].
2024-01-19 15:19:00,768 - INFO - Best fit parameters: [1.69391059].
2024-01-19 15:19:00,973 - INFO - Maximum log composite likelihood: -200.3690865314834.
2024-01-19 15:19:00,973 - INFO - Optimal value of theta: 5061.752218192437.
2024-01-19 15:19:00,973 - INFO - Beginning optimization with guess, [4.89174786].
2024-01-19 15:19:07,174 - INFO - Finished optimization with guess, [4.89174786].
2024-01-19 15:19:07,175 - INFO - Best fit parameters: [4.89174786].
2024-01-19 15:19:07,303 - INFO - Maximum log composite likelihood: -200.3690865314834.
2024-01-19 15:19:07,303 - INFO - Optimal value of theta: 5061.752218192437.
2024-01-19 15:19:07,303 - INFO - Beginning optimization with guess, [3.30525251].
2024-01-19 15:19:12,975 - INFO - Finished optimization with guess, [3.30525251].
2024-01-19 15:19:12,976 - INFO - Best fit parameters: [3.30525251].
2024-01-19 15:19:13,098 - INFO - Maximum log composite likelihood: -200.3690865314834.
2024-01-19 15:19:13,098 - INFO - Optimal value of theta: 5061.752218192437.
2024-01-19 15:19:13,099 - INFO - Beginning optimization with guess, [6.62415551].
2024-01-19 15:19:18,086 - INFO - Finished optimization with guess, [6.62415551].
2024-01-19 15:19:18,086 - INFO - Best fit parameters: [6.62415551].
2024-01-19 15:19:18,210 - INFO - Maximum log composite likelihood: -200.3690865314834.
2024-01-19 15:19:18,210 - INFO - Optimal value of theta: 5061.752218192437.
2024-01-19 15:19:18,210 - INFO - Beginning optimization with guess, [4.60471397].
2024-01-19 15:19:23,745 - INFO - Finished optimization with guess, [4.60471397].
2024-01-19 15:19:23,746 - INFO - Best fit parameters: [4.60471397].
2024-01-19 15:19:24,001 - INFO - Maximum log composite likelihood: -200.3690865314834.
2024-01-19 15:19:24,002 - INFO - Optimal value of theta: 5061.752218192437.
2024-01-19 15:19:24,002 - INFO - Beginning optimization with guess, [2.98932217].
2024-01-19 15:19:30,804 - INFO - Finished optimization with guess, [2.98932217].
2024-01-19 15:19:30,809 - INFO - Best fit parameters: [2.98932217].
2024-01-19 15:19:31,205 - INFO - Maximum log composite likelihood: -200.3690865314834.
2024-01-19 15:19:31,206 - INFO - Optimal value of theta: 5061.752218192437.
2024-01-19 15:19:31,210 - INFO - Beginning optimization with guess, [4.86824733].
2024-01-19 15:19:36,889 - INFO - Finished optimization with guess, [4.86824733].
2024-01-19 15:19:36,891 - INFO - Best fit parameters: [4.86824733].
2024-01-19 15:19:37,147 - INFO - Maximum log composite likelihood: -200.3690865314834.
2024-01-19 15:19:37,147 - INFO - Optimal value of theta: 5061.752218192437.
2024-01-19 15:19:37,148 - INFO - Beginning optimization with guess, [4.42904496].
2024-01-19 15:19:42,996 - INFO - Finished optimization with guess, [4.42904496].
2024-01-19 15:19:42,996 - INFO - Best fit parameters: [4.42904496].
2024-01-19 15:19:43,116 - INFO - Maximum log composite likelihood: -200.3690865314834.
2024-01-19 15:19:43,116 - INFO - Optimal value of theta: 5061.752218192437.
2024-01-19 15:19:43,117 - INFO - Beginning optimization with guess, [5.02289947].
2024-01-19 15:19:47,612 - INFO - Finished optimization with guess, [5.02289947].
2024-01-19 15:19:47,613 - INFO - Best fit parameters: [5.02289947].
2024-01-19 15:19:47,733 - INFO - Maximum log composite likelihood: -200.3690865314834.
2024-01-19 15:19:47,734 - INFO - Optimal value of theta: 5061.752218192437.
2024-01-19 15:19:47,734 - INFO - Beginning optimization with guess, [8.19644547].
2024-01-19 15:19:53,266 - INFO - Finished optimization with guess, [8.19644547].
2024-01-19 15:19:53,267 - INFO - Best fit parameters: [8.19644547].
2024-01-19 15:19:53,395 - INFO - Maximum log composite likelihood: -200.3690865314834.
2024-01-19 15:19:53,395 - INFO - Optimal value of theta: 5061.752218192437.
2024-01-19 15:19:53,397 - INFO - Beginning demographic inference for two-epoch demographic model.
2024-01-19 15:19:53,400 - INFO - Beginning optimization with guess, [0.06354838 0.00793369].
2024-01-19 15:20:09,532 - INFO - Finished optimization with guess, [0.06354838 0.00793369].
2024-01-19 15:20:09,546 - INFO - Best fit parameters: [0.57308673 0.65299516].
2024-01-19 15:20:09,834 - INFO - Maximum log composite likelihood: -98.07608160339487.
2024-01-19 15:20:09,834 - INFO - Optimal value of theta: 7595.594470660443.
2024-01-19 15:20:09,835 - INFO - Beginning optimization with guess, [0.3911479  0.01735901].
2024-01-19 15:20:30,349 - INFO - Finished optimization with guess, [0.3911479  0.01735901].
2024-01-19 15:20:30,350 - INFO - Best fit parameters: [0.44293557 0.72792861].
2024-01-19 15:20:30,527 - INFO - Maximum log composite likelihood: -97.89186790703297.
2024-01-19 15:20:30,527 - INFO - Optimal value of theta: 9800.095651928385.
2024-01-19 15:20:30,527 - INFO - Beginning optimization with guess, [0.50292556 0.00546817].
2024-01-19 15:20:47,698 - INFO - Finished optimization with guess, [0.50292556 0.00546817].
2024-01-19 15:20:47,701 - INFO - Best fit parameters: [0.43547835 0.72612053].
2024-01-19 15:20:47,934 - INFO - Maximum log composite likelihood: -97.89066090536562.
2024-01-19 15:20:47,934 - INFO - Optimal value of theta: 9958.914982133363.
2024-01-19 15:20:47,934 - INFO - Beginning optimization with guess, [0.5175553 0.010459 ].
2024-01-19 15:21:06,748 - INFO - Finished optimization with guess, [0.5175553 0.010459 ].
2024-01-19 15:21:06,749 - INFO - Best fit parameters: [0.42299685 0.7275704 ].
2024-01-19 15:21:06,925 - INFO - Maximum log composite likelihood: -97.88752912284963.
2024-01-19 15:21:06,925 - INFO - Optimal value of theta: 10255.11109205714.
2024-01-19 15:21:06,925 - INFO - Beginning optimization with guess, [0.44838007 0.01314822].
2024-01-19 15:21:22,678 - INFO - Finished optimization with guess, [0.44838007 0.01314822].
2024-01-19 15:21:22,679 - INFO - Best fit parameters: [0.42928183 0.72836974].
2024-01-19 15:21:22,920 - INFO - Maximum log composite likelihood: -97.88835064219074.
2024-01-19 15:21:22,921 - INFO - Optimal value of theta: 10108.464342782858.
2024-01-19 15:21:22,921 - INFO - Beginning optimization with guess, [0.66196329 0.00556748].
2024-01-19 15:21:39,661 - INFO - Finished optimization with guess, [0.66196329 0.00556748].
2024-01-19 15:21:39,662 - INFO - Best fit parameters: [0.40896046 0.72707956].
2024-01-19 15:21:39,834 - INFO - Maximum log composite likelihood: -97.88543099101844.
2024-01-19 15:21:39,835 - INFO - Optimal value of theta: 10607.02060031967.
2024-01-19 15:21:39,835 - INFO - Beginning optimization with guess, [1.00723096 0.00633009].
2024-01-19 15:22:00,930 - INFO - Finished optimization with guess, [1.00723096 0.00633009].
2024-01-19 15:22:00,934 - INFO - Best fit parameters: [0.57631791 0.63758751].
2024-01-19 15:22:01,339 - INFO - Maximum log composite likelihood: -98.05846338710035.
2024-01-19 15:22:01,339 - INFO - Optimal value of theta: 7531.673982675284.
2024-01-19 15:22:01,340 - INFO - Beginning optimization with guess, [0.65979983 0.01249162].
2024-01-19 15:22:20,710 - INFO - Finished optimization with guess, [0.65979983 0.01249162].
2024-01-19 15:22:20,711 - INFO - Best fit parameters: [0.44422491 0.72691368].
2024-01-19 15:22:20,872 - INFO - Maximum log composite likelihood: -97.89175036361985.
2024-01-19 15:22:20,872 - INFO - Optimal value of theta: 9769.116526511014.
2024-01-19 15:22:20,872 - INFO - Beginning optimization with guess, [0.92854277 0.00590285].
2024-01-19 15:22:39,263 - INFO - Finished optimization with guess, [0.92854277 0.00590285].
2024-01-19 15:22:39,264 - INFO - Best fit parameters: [0.41701811 0.72988675].
2024-01-19 15:22:39,433 - INFO - Maximum log composite likelihood: -97.88715446356173.
2024-01-19 15:22:39,433 - INFO - Optimal value of theta: 10410.482479481581.
2024-01-19 15:22:39,433 - INFO - Beginning optimization with guess, [0.50555006 0.01654398].
2024-01-19 15:22:54,287 - INFO - Finished optimization with guess, [0.50555006 0.01654398].
2024-01-19 15:22:54,288 - INFO - Best fit parameters: [0.39667916 0.72701509].
2024-01-19 15:22:54,460 - INFO - Maximum log composite likelihood: -97.88387213798251.
2024-01-19 15:22:54,461 - INFO - Optimal value of theta: 10941.234441934912.
2024-01-19 15:22:54,461 - INFO - Beginning optimization with guess, [0.96079177 0.0063372 ].
2024-01-19 15:23:09,844 - INFO - Finished optimization with guess, [0.96079177 0.0063372 ].
2024-01-19 15:23:09,845 - INFO - Best fit parameters: [0.44700254 0.72818879].
2024-01-19 15:23:10,014 - INFO - Maximum log composite likelihood: -97.89406853465971.
2024-01-19 15:23:10,014 - INFO - Optimal value of theta: 9713.86110010157.
2024-01-19 15:23:10,014 - INFO - Beginning optimization with guess, [1.09059252 0.01682899].
2024-01-19 15:23:29,094 - INFO - Finished optimization with guess, [1.09059252 0.01682899].
2024-01-19 15:23:29,096 - INFO - Best fit parameters: [0.46281436 0.72261657].
2024-01-19 15:23:29,301 - INFO - Maximum log composite likelihood: -97.89757653135803.
2024-01-19 15:23:29,302 - INFO - Optimal value of theta: 9376.880478920615.
2024-01-19 15:23:29,302 - INFO - Beginning optimization with guess, [2.83737623 0.01254864].
2024-01-19 15:23:47,895 - INFO - Finished optimization with guess, [2.83737623 0.01254864].
2024-01-19 15:23:47,896 - INFO - Best fit parameters: [0.42949198 0.72993242].
2024-01-19 15:23:48,072 - INFO - Maximum log composite likelihood: -97.88954722574726.
2024-01-19 15:23:48,073 - INFO - Optimal value of theta: 10108.790170148071.
2024-01-19 15:23:48,073 - INFO - Beginning optimization with guess, [2.77960531 0.01484242].
2024-01-19 15:24:03,600 - INFO - Finished optimization with guess, [2.77960531 0.01484242].
2024-01-19 15:24:03,601 - INFO - Best fit parameters: [0.45181892 0.72601334].
2024-01-19 15:24:03,823 - INFO - Maximum log composite likelihood: -97.89412367080831.
2024-01-19 15:24:03,823 - INFO - Optimal value of theta: 9606.643189730912.
2024-01-19 15:24:03,823 - INFO - Beginning optimization with guess, [1.81145948 0.00770464].
2024-01-19 15:24:21,645 - INFO - Finished optimization with guess, [1.81145948 0.00770464].
2024-01-19 15:24:21,656 - INFO - Best fit parameters: [0.41681729 0.72946253].
2024-01-19 15:24:21,904 - INFO - Maximum log composite likelihood: -97.88667478755133.
2024-01-19 15:24:21,904 - INFO - Optimal value of theta: 10414.015028073969.
2024-01-19 15:24:21,905 - INFO - Beginning optimization with guess, [1.90157292 0.0051747 ].
2024-01-19 15:24:41,229 - INFO - Finished optimization with guess, [1.90157292 0.0051747 ].
2024-01-19 15:24:41,233 - INFO - Best fit parameters: [0.43057394 0.72902941].
2024-01-19 15:24:41,560 - INFO - Maximum log composite likelihood: -97.88889851042177.
2024-01-19 15:24:41,561 - INFO - Optimal value of theta: 10080.600304424983.
2024-01-19 15:24:41,562 - INFO - Beginning optimization with guess, [4.53300046 0.00999127].
2024-01-19 15:24:59,432 - INFO - Finished optimization with guess, [4.53300046 0.00999127].
2024-01-19 15:24:59,433 - INFO - Best fit parameters: [0.45258968 0.72616818].
2024-01-19 15:24:59,603 - INFO - Maximum log composite likelihood: -97.89460552325045.
2024-01-19 15:24:59,603 - INFO - Optimal value of theta: 9591.266479907288.
2024-01-19 15:24:59,603 - INFO - Beginning optimization with guess, [2.62411414 0.00659294].
2024-01-19 15:25:17,231 - INFO - Finished optimization with guess, [2.62411414 0.00659294].
2024-01-19 15:25:17,232 - INFO - Best fit parameters: [0.49958674 0.70519222].
2024-01-19 15:25:17,394 - INFO - Maximum log composite likelihood: -97.91791834511741.
2024-01-19 15:25:17,394 - INFO - Optimal value of theta: 8683.854359750536.
2024-01-19 15:25:17,395 - INFO - Beginning optimization with guess, [1.80768541 0.01793338].
2024-01-19 15:25:35,119 - INFO - Finished optimization with guess, [1.80768541 0.01793338].
2024-01-19 15:25:35,142 - INFO - Best fit parameters: [0.44468835 0.72613742].
2024-01-19 15:25:35,462 - INFO - Maximum log composite likelihood: -97.89188104134746.
2024-01-19 15:25:35,462 - INFO - Optimal value of theta: 9756.75128234493.
2024-01-19 15:25:35,462 - INFO - Beginning optimization with guess, [3.26171199 0.01969919].
2024-01-19 15:25:54,465 - INFO - Finished optimization with guess, [3.26171199 0.01969919].
2024-01-19 15:25:54,479 - INFO - Best fit parameters: [0.44285475 0.72563577].
2024-01-19 15:25:54,796 - INFO - Maximum log composite likelihood: -97.89187312525519.
2024-01-19 15:25:54,797 - INFO - Optimal value of theta: 9794.615777520163.
2024-01-19 15:25:54,797 - INFO - Beginning optimization with guess, [5.83593618 0.01131056].
2024-01-19 15:26:09,645 - INFO - Finished optimization with guess, [5.83593618 0.01131056].
2024-01-19 15:26:09,646 - INFO - Best fit parameters: [0.5023427  0.71000156].
2024-01-19 15:26:09,804 - INFO - Maximum log composite likelihood: -97.92880079092583.
2024-01-19 15:26:09,804 - INFO - Optimal value of theta: 8652.004968814073.
2024-01-19 15:26:09,804 - INFO - Beginning optimization with guess, [4.30155543 0.00743507].
2024-01-19 15:26:27,563 - INFO - Finished optimization with guess, [4.30155543 0.00743507].
2024-01-19 15:26:27,577 - INFO - Best fit parameters: [0.40572082 0.72921894].
2024-01-19 15:26:27,756 - INFO - Maximum log composite likelihood: -97.88581492241019.
2024-01-19 15:26:27,756 - INFO - Optimal value of theta: 10700.893876834522.
2024-01-19 15:26:27,757 - INFO - Beginning optimization with guess, [3.1680251  0.01107978].
2024-01-19 15:26:46,427 - INFO - Finished optimization with guess, [3.1680251  0.01107978].
2024-01-19 15:26:46,429 - INFO - Best fit parameters: [0.41821371 0.73010682].
2024-01-19 15:26:46,601 - INFO - Maximum log composite likelihood: -97.88758539443006.
2024-01-19 15:26:46,601 - INFO - Optimal value of theta: 10381.379913650853.
2024-01-19 15:26:46,602 - INFO - Beginning optimization with guess, [8.78590669e+00 8.76151499e-03].
2024-01-19 15:27:00,398 - INFO - Finished optimization with guess, [8.78590669e+00 8.76151499e-03].
2024-01-19 15:27:00,422 - INFO - Best fit parameters: [0.67717464 0.03405882].
2024-01-19 15:27:00,653 - INFO - Maximum log composite likelihood: -162.79253832333143.
2024-01-19 15:27:00,653 - INFO - Optimal value of theta: 5331.431268236728.
2024-01-19 15:27:00,654 - INFO - Beginning optimization with guess, [5.47289332 0.00644912].
2024-01-19 15:27:17,416 - INFO - Finished optimization with guess, [5.47289332 0.00644912].
2024-01-19 15:27:17,417 - INFO - Best fit parameters: [0.45778588 0.72477137].
2024-01-19 15:27:17,586 - INFO - Maximum log composite likelihood: -97.89616467673932.
2024-01-19 15:27:17,586 - INFO - Optimal value of theta: 9482.021741254814.
2024-01-19 15:27:17,588 - INFO - Beginning demographic inference for three-epoch demographic model.
2024-01-19 15:27:17,590 - INFO - Beginning optimization with guess, [0.01110135 0.005913   0.00907126 0.00952927].
2024-01-19 15:27:53,434 - INFO - Finished optimization with guess, [0.01110135 0.005913   0.00907126 0.00952927].
2024-01-19 15:27:53,435 - INFO - Best fit parameters: [0.00754303 0.00340193 0.0082741  0.02045795].
2024-01-19 15:27:53,733 - INFO - Maximum log composite likelihood: -97.87873309011093.
2024-01-19 15:27:53,733 - INFO - Optimal value of theta: 1275500.9383859066.
2024-01-19 15:27:53,733 - INFO - Beginning optimization with guess, [0.01602602 0.01461468 0.00995906 0.01249284].
2024-01-19 15:28:21,833 - INFO - Finished optimization with guess, [0.01602602 0.01461468 0.00995906 0.01249284].
2024-01-19 15:28:21,834 - INFO - Best fit parameters: [0.0083963  0.00932557 0.00965201 0.04600459].
2024-01-19 15:28:22,148 - INFO - Maximum log composite likelihood: -97.87881716136917.
2024-01-19 15:28:22,148 - INFO - Optimal value of theta: 465221.2914182078.
2024-01-19 15:28:22,148 - INFO - Beginning optimization with guess, [0.01829883 0.02006553 0.01710558 0.01856859].
2024-01-19 15:28:50,458 - INFO - Finished optimization with guess, [0.01829883 0.02006553 0.01710558 0.01856859].
2024-01-19 15:28:50,460 - INFO - Best fit parameters: [0.01097548 0.0136355  0.04161311 0.0243551 ].
2024-01-19 15:28:50,774 - INFO - Maximum log composite likelihood: -97.87791169254024.
2024-01-19 15:28:50,775 - INFO - Optimal value of theta: 318236.0838522471.
2024-01-19 15:28:50,775 - INFO - Beginning optimization with guess, [0.06571148 0.02382154 0.01684327 0.01211509].
2024-01-19 15:29:03,810 - INFO - Finished optimization with guess, [0.06571148 0.02382154 0.01684327 0.01211509].
2024-01-19 15:29:03,811 - INFO - Best fit parameters: [0.20150193 0.84135728 0.00181021 0.00124239].
2024-01-19 15:29:03,938 - INFO - Maximum log composite likelihood: -180.3753064760981.
2024-01-19 15:29:03,938 - INFO - Optimal value of theta: 5213.392750700021.
2024-01-19 15:29:03,938 - INFO - Beginning optimization with guess, [0.04745115 0.05832353 0.00500823 0.01986075].
2024-01-19 15:29:15,799 - INFO - Finished optimization with guess, [0.04745115 0.05832353 0.00500823 0.01986075].
2024-01-19 15:29:15,800 - INFO - Best fit parameters: [1.76590614e-02 6.84173723e-01 3.67601793e-06 5.54204933e-01].
2024-01-19 15:29:15,940 - INFO - Maximum log composite likelihood: -100.82148008382592.
2024-01-19 15:29:15,942 - INFO - Optimal value of theta: 6485.787622574681.
2024-01-19 15:29:15,943 - INFO - Beginning optimization with guess, [0.92520924 0.67641985 0.00504756 0.00880792].
2024-01-19 15:29:29,816 - INFO - Finished optimization with guess, [0.92520924 0.67641985 0.00504756 0.00880792].
2024-01-19 15:29:29,817 - INFO - Best fit parameters: [0.92061592 0.55231932 0.00424223 0.67207586].
2024-01-19 15:29:29,989 - INFO - Maximum log composite likelihood: -98.00577906742183.
2024-01-19 15:29:29,989 - INFO - Optimal value of theta: 7874.537655835048.
2024-01-19 15:29:29,989 - INFO - Beginning optimization with guess, [0.67165355 0.9986774  0.008736   0.01322053].
2024-01-19 15:29:44,531 - INFO - Finished optimization with guess, [0.67165355 0.9986774  0.008736   0.01322053].
2024-01-19 15:29:44,532 - INFO - Best fit parameters: [0.46493416 0.99785805 0.47573464 0.01152082].
2024-01-19 15:29:44,753 - INFO - Maximum log composite likelihood: -79.00739784023108.
2024-01-19 15:29:44,753 - INFO - Optimal value of theta: 8176.922318588084.
2024-01-19 15:29:44,754 - INFO - Beginning optimization with guess, [0.4723745  1.17259627 0.00602839 0.0080469 ].
2024-01-19 15:29:57,127 - INFO - Finished optimization with guess, [0.4723745  1.17259627 0.00602839 0.0080469 ].
2024-01-19 15:29:57,128 - INFO - Best fit parameters: [0.30264145 1.19525769 0.04683473 0.04473839].
2024-01-19 15:29:57,254 - INFO - Maximum log composite likelihood: -82.29762201969606.
2024-01-19 15:29:57,255 - INFO - Optimal value of theta: 5923.891567381094.
2024-01-19 15:29:57,255 - INFO - Beginning optimization with guess, [0.61123381 1.1207157  0.00740154 0.00855106].
2024-01-19 15:30:11,753 - INFO - Finished optimization with guess, [0.61123381 1.1207157  0.00740154 0.00855106].
2024-01-19 15:30:11,754 - INFO - Best fit parameters: [0.49406552 1.15033865 0.44649066 0.01127027].
2024-01-19 15:30:11,900 - INFO - Maximum log composite likelihood: -79.09952587022008.
2024-01-19 15:30:11,900 - INFO - Optimal value of theta: 7686.192874064879.
2024-01-19 15:30:11,900 - INFO - Beginning optimization with guess, [1.97095469 1.44446891 0.01071921 0.01760752].
2024-01-19 15:30:24,267 - INFO - Finished optimization with guess, [1.97095469 1.44446891 0.01071921 0.01760752].
2024-01-19 15:30:24,268 - INFO - Best fit parameters: [6.22513607e-01 6.82000374e-01 1.74435191e-04 4.35004818e-01].
2024-01-19 15:30:24,412 - INFO - Maximum log composite likelihood: -99.76322416128096.
2024-01-19 15:30:24,412 - INFO - Optimal value of theta: 6343.241160046578.
2024-01-19 15:30:24,412 - INFO - Beginning optimization with guess, [1.85912796 2.01304269 0.01385242 0.00703597].
2024-01-19 15:30:36,343 - INFO - Finished optimization with guess, [1.85912796 2.01304269 0.01385242 0.00703597].
2024-01-19 15:30:36,344 - INFO - Best fit parameters: [5.52312184e-01 7.86193398e-01 2.51197417e-07 4.39479563e-01].
2024-01-19 15:30:36,512 - INFO - Maximum log composite likelihood: -112.54146979935967.
2024-01-19 15:30:36,512 - INFO - Optimal value of theta: 5810.818654943496.
2024-01-19 15:30:36,513 - INFO - Beginning optimization with guess, [1.37452066 1.93321057 0.00859121 0.00762509].
2024-01-19 15:30:50,915 - INFO - Finished optimization with guess, [1.37452066 1.93321057 0.00859121 0.00762509].
2024-01-19 15:30:50,916 - INFO - Best fit parameters: [5.94899649e-01 1.51420014e+00 6.21968092e-01 1.49431224e-05].
2024-01-19 15:30:51,082 - INFO - Maximum log composite likelihood: -98.08730078039252.
2024-01-19 15:30:51,082 - INFO - Optimal value of theta: 7311.9701278752345.
2024-01-19 15:30:51,083 - INFO - Beginning optimization with guess, [3.29033056 1.69456991 0.01278093 0.00776178].
2024-01-19 15:31:04,658 - INFO - Finished optimization with guess, [3.29033056 1.69456991 0.01278093 0.00776178].
2024-01-19 15:31:04,666 - INFO - Best fit parameters: [1.91019177e+00 6.09807990e-01 3.98127731e-07 5.99980451e-01].
2024-01-19 15:31:04,948 - INFO - Maximum log composite likelihood: -98.24713305862997.
2024-01-19 15:31:04,948 - INFO - Optimal value of theta: 7133.766894350372.
2024-01-19 15:31:04,948 - INFO - Beginning optimization with guess, [2.74220727 2.97334185 0.01244036 0.00895841].
2024-01-19 15:31:19,592 - INFO - Finished optimization with guess, [2.74220727 2.97334185 0.01244036 0.00895841].
2024-01-19 15:31:19,594 - INFO - Best fit parameters: [6.53300398e-01 9.65873628e+00 5.41939683e-01 5.14475891e-05].
2024-01-19 15:31:19,898 - INFO - Maximum log composite likelihood: -98.54454737880405.
2024-01-19 15:31:19,899 - INFO - Optimal value of theta: 6685.061535364318.
2024-01-19 15:31:19,899 - INFO - Beginning optimization with guess, [2.13287883 3.0663988  0.01994323 0.01432116].
2024-01-19 15:31:34,902 - INFO - Finished optimization with guess, [2.13287883 3.0663988  0.01994323 0.01432116].
2024-01-19 15:31:34,903 - INFO - Best fit parameters: [0.60307542 1.41587397 0.583365   0.00234062].
2024-01-19 15:31:35,135 - INFO - Maximum log composite likelihood: -90.94541698241801.
2024-01-19 15:31:35,135 - INFO - Optimal value of theta: 7110.570225416982.
2024-01-19 15:31:35,136 - INFO - Beginning optimization with guess, [3.46099743 1.3022273  0.01014893 0.00512817].
2024-01-19 15:31:55,083 - INFO - Finished optimization with guess, [3.46099743 1.3022273  0.01014893 0.00512817].
2024-01-19 15:31:55,084 - INFO - Best fit parameters: [7.58275145e-04 1.16998064e+00 1.51929295e-25 3.65545341e-16].
2024-01-19 15:31:55,213 - INFO - Maximum log composite likelihood: -200.36908653147293.
2024-01-19 15:31:55,214 - INFO - Optimal value of theta: 5061.752218192443.
2024-01-19 15:31:55,214 - INFO - Beginning optimization with guess, [2.28664909 1.87744337 0.00564214 0.01056262].
2024-01-19 15:32:09,774 - INFO - Finished optimization with guess, [2.28664909 1.87744337 0.00564214 0.01056262].
2024-01-19 15:32:09,775 - INFO - Best fit parameters: [1.31495351e+01 6.70727356e-01 1.58675915e-04 5.15134066e-01].
2024-01-19 15:32:09,915 - INFO - Maximum log composite likelihood: -99.29410457292033.
2024-01-19 15:32:09,915 - INFO - Optimal value of theta: 6525.93403054886.
2024-01-19 15:32:09,915 - INFO - Beginning optimization with guess, [3.79334195 1.83048927 0.01834614 0.00640271].
2024-01-19 15:32:24,889 - INFO - Finished optimization with guess, [3.79334195 1.83048927 0.01834614 0.00640271].
2024-01-19 15:32:24,890 - INFO - Best fit parameters: [0.53734311 0.860871   0.5211669  0.00613616].
2024-01-19 15:32:25,118 - INFO - Maximum log composite likelihood: -86.96382697825356.
2024-01-19 15:32:25,118 - INFO - Optimal value of theta: 7602.530246651582.
2024-01-19 15:32:25,119 - INFO - Beginning optimization with guess, [2.99398127 3.15712937 0.00890834 0.00607401].
2024-01-19 15:32:39,007 - INFO - Finished optimization with guess, [2.99398127 3.15712937 0.00890834 0.00607401].
2024-01-19 15:32:39,008 - INFO - Best fit parameters: [7.47348140e-01 5.47128510e+00 4.40990423e-01 8.99287643e-07].
2024-01-19 15:32:39,144 - INFO - Maximum log composite likelihood: -105.26865426191398.
2024-01-19 15:32:39,144 - INFO - Optimal value of theta: 5994.831419468889.
2024-01-19 15:32:39,144 - INFO - Beginning optimization with guess, [2.86062567 2.01343374 0.00559005 0.00803037].
2024-01-19 15:32:54,268 - INFO - Finished optimization with guess, [2.86062567 2.01343374 0.00559005 0.00803037].
2024-01-19 15:32:54,269 - INFO - Best fit parameters: [6.21852235e-01 7.50203559e-01 6.53864717e-05 2.44378823e-01].
2024-01-19 15:32:54,421 - INFO - Maximum log composite likelihood: -109.09714811100139.
2024-01-19 15:32:54,421 - INFO - Optimal value of theta: 5748.574388791115.
2024-01-19 15:32:54,421 - INFO - Beginning optimization with guess, [6.85701488 4.75072929 0.00949427 0.00818801].
2024-01-19 15:33:07,683 - INFO - Finished optimization with guess, [6.85701488 4.75072929 0.00949427 0.00818801].
2024-01-19 15:33:07,685 - INFO - Best fit parameters: [3.72495022e-02 2.30977004e+00 2.85365608e-04 6.84829648e-04].
2024-01-19 15:33:07,854 - INFO - Maximum log composite likelihood: -181.6715061356649.
2024-01-19 15:33:07,855 - INFO - Optimal value of theta: 5207.282011443679.
2024-01-19 15:33:07,855 - INFO - Beginning optimization with guess, [3.89603173 5.8750397  0.00891245 0.01948348].
2024-01-19 15:33:20,603 - INFO - Finished optimization with guess, [3.89603173 5.8750397  0.00891245 0.01948348].
2024-01-19 15:33:20,604 - INFO - Best fit parameters: [6.82124760e-01 8.72759089e-01 3.71960890e-01 5.86190210e-06].
2024-01-19 15:33:20,754 - INFO - Maximum log composite likelihood: -101.26898058075267.
2024-01-19 15:33:20,755 - INFO - Optimal value of theta: 6247.109844507486.
2024-01-19 15:33:20,755 - INFO - Beginning optimization with guess, [1.08197474e+01 4.65797086e+00 1.34650563e-02 7.34316442e-03].
2024-01-19 15:33:31,747 - INFO - Finished optimization with guess, [1.08197474e+01 4.65797086e+00 1.34650563e-02 7.34316442e-03].
2024-01-19 15:33:31,748 - INFO - Best fit parameters: [4.30062006e+01 7.39385220e-01 6.79011957e-04 2.26411230e-01].
2024-01-19 15:33:31,882 - INFO - Maximum log composite likelihood: -110.02148656607369.
2024-01-19 15:33:31,882 - INFO - Optimal value of theta: 5756.1218459930715.
2024-01-19 15:33:31,882 - INFO - Beginning optimization with guess, [1.02072259e+01 1.02847379e+01 1.84723013e-02 6.23789415e-03].
2024-01-19 15:33:44,681 - INFO - Finished optimization with guess, [1.02072259e+01 1.02847379e+01 1.84723013e-02 6.23789415e-03].
2024-01-19 15:33:44,695 - INFO - Best fit parameters: [9.37533107e+00 6.19682252e-01 3.60131021e-05 1.17401267e-02].
2024-01-19 15:33:44,815 - INFO - Maximum log composite likelihood: -177.37339301515613.
2024-01-19 15:33:44,815 - INFO - Optimal value of theta: 5201.064680813231.
2024-01-19 15:33:44,815 - INFO - Beginning optimization with guess, [6.99376828 7.83867515 0.01398395 0.01943156].
2024-01-19 15:33:57,724 - INFO - Finished optimization with guess, [6.99376828 7.83867515 0.01398395 0.01943156].
2024-01-19 15:33:57,725 - INFO - Best fit parameters: [6.93580910e-02 7.76285938e-05 1.16197840e-10 5.31168988e-07].
2024-01-19 15:33:57,852 - INFO - Maximum log composite likelihood: -183.1492002339901.
2024-01-19 15:33:57,852 - INFO - Optimal value of theta: 5206.9195005068395.
2024-01-19 15:33:57,854 - INFO - Finished demographic inference.
2024-01-19 15:33:57,854 - INFO - Pipeline executed succesfully.
