2024-01-16 15:23:55,215 - INFO - Beginning execution of fit_demographic_model.py in directory /u/project/kirk/jonmah/sample_size_demography/Scripts

2024-01-16 15:23:55,216 - INFO - Progress is being logged to ../Analysis/1kg_EUR_150/log.log

2024-01-16 15:23:55,216 - INFO - Parsed the following arguments:
	syn_input_sfs = ../Analysis/1kg_EUR_150/syn_downsampled_sfs.txt
	mask_singletons = False
	mask_doubletons = False
	outprefix = ../Analysis/1kg_EUR_150/

2024-01-16 15:23:55,455 - INFO - Beginning demographic inference for three-epoch demographic model.
2024-01-16 15:23:55,457 - INFO - Beginning optimization with guess, [0.00717893 0.01924993 0.01087503 0.00920204].
2024-01-16 15:24:48,220 - INFO - Finished optimization with guess, [0.00717893 0.01924993 0.01087503 0.00920204].
2024-01-16 15:24:48,223 - INFO - Best fit parameters: [0.00398373 0.04016434 0.01304471 0.00896442].
2024-01-16 15:24:48,796 - INFO - Maximum log composite likelihood: -320.8523854908907.
2024-01-16 15:24:48,796 - INFO - Optimal value of theta: 130234.83169077977.
2024-01-16 15:24:48,796 - INFO - Beginning optimization with guess, [0.0310406  0.02988538 0.01031298 0.0094933 ].
2024-01-16 15:25:37,466 - INFO - Finished optimization with guess, [0.0310406  0.02988538 0.01031298 0.0094933 ].
2024-01-16 15:25:37,467 - INFO - Best fit parameters: [0.00496608 0.08900925 0.01210018 0.01979983].
2024-01-16 15:25:38,025 - INFO - Maximum log composite likelihood: -321.83240969844513.
2024-01-16 15:25:38,025 - INFO - Optimal value of theta: 59067.2433951978.
2024-01-16 15:25:38,026 - INFO - Beginning optimization with guess, [0.03644745 0.04123395 0.00583152 0.00875194].
2024-01-16 15:26:20,736 - INFO - Finished optimization with guess, [0.03644745 0.04123395 0.00583152 0.00875194].
2024-01-16 15:26:20,737 - INFO - Best fit parameters: [4.99952975e-02 7.68161472e+00 6.60926509e-06 1.58579310e-03].
2024-01-16 15:26:21,252 - INFO - Maximum log composite likelihood: -445.88661645536433.
2024-01-16 15:26:21,252 - INFO - Optimal value of theta: 4982.456521516301.
2024-01-16 15:26:21,252 - INFO - Beginning optimization with guess, [0.05843323 0.05627521 0.00819528 0.01493857].
2024-01-16 15:27:05,063 - INFO - Finished optimization with guess, [0.05843323 0.05627521 0.00819528 0.01493857].
2024-01-16 15:27:05,064 - INFO - Best fit parameters: [3.71733385e-02 1.67720822e+03 6.49253211e-07 1.25485767e-03].
2024-01-16 15:27:05,578 - INFO - Maximum log composite likelihood: -445.5919582042933.
2024-01-16 15:27:05,578 - INFO - Optimal value of theta: 4978.339490916586.
2024-01-16 15:27:05,578 - INFO - Beginning optimization with guess, [0.02679769 0.03927331 0.01982105 0.00784086].
2024-01-16 15:27:58,673 - INFO - Finished optimization with guess, [0.02679769 0.03927331 0.01982105 0.00784086].
2024-01-16 15:27:58,674 - INFO - Best fit parameters: [0.01295925 0.04200175 0.04526203 0.0068123 ].
2024-01-16 15:27:59,250 - INFO - Maximum log composite likelihood: -313.77978070907943.
2024-01-16 15:27:59,250 - INFO - Optimal value of theta: 126383.821949488.
2024-01-16 15:27:59,250 - INFO - Beginning optimization with guess, [0.60786263 0.92230396 0.00877426 0.01107706].
2024-01-16 15:28:42,066 - INFO - Finished optimization with guess, [0.60786263 0.92230396 0.00877426 0.01107706].
2024-01-16 15:28:42,072 - INFO - Best fit parameters: [0.72096033 0.86362303 0.34341995 0.02266436].
2024-01-16 15:28:42,604 - INFO - Maximum log composite likelihood: -338.53842940237604.
2024-01-16 15:28:42,604 - INFO - Optimal value of theta: 6027.304380482288.
2024-01-16 15:28:42,604 - INFO - Beginning optimization with guess, [1.12241361 0.60774799 0.01880878 0.009003  ].
2024-01-16 15:29:25,781 - INFO - Finished optimization with guess, [1.12241361 0.60774799 0.01880878 0.009003  ].
2024-01-16 15:29:25,782 - INFO - Best fit parameters: [3.33978651e+00 1.12083451e+05 1.88885717e-03 3.66165001e-62].
2024-01-16 15:29:26,295 - INFO - Maximum log composite likelihood: -446.33484561864447.
2024-01-16 15:29:26,295 - INFO - Optimal value of theta: 4980.12708452538.
2024-01-16 15:29:26,295 - INFO - Beginning optimization with guess, [1.33879037 1.23205388 0.00696152 0.0135472 ].
2024-01-16 15:30:09,072 - INFO - Finished optimization with guess, [1.33879037 1.23205388 0.00696152 0.0135472 ].
2024-01-16 15:30:09,073 - INFO - Best fit parameters: [0.58766591 3.19528226 0.11431986 0.00884088].
2024-01-16 15:30:09,591 - INFO - Maximum log composite likelihood: -349.44186390245267.
2024-01-16 15:30:09,591 - INFO - Optimal value of theta: 5777.297746877668.
2024-01-16 15:30:09,591 - INFO - Beginning optimization with guess, [0.83653968 0.60878899 0.01359935 0.00902662].
2024-01-16 15:31:09,239 - INFO - Finished optimization with guess, [0.83653968 0.60878899 0.01359935 0.00902662].
2024-01-16 15:31:09,240 - INFO - Best fit parameters: [8.59077297e-01 6.83096248e+03 2.99503490e-21 6.62562723e-25].
2024-01-16 15:31:09,754 - INFO - Maximum log composite likelihood: -464.4221744753017.
2024-01-16 15:31:09,754 - INFO - Optimal value of theta: 5065.183222280005.
2024-01-16 15:31:09,755 - INFO - Beginning optimization with guess, [0.53870374 1.85889927 0.00885577 0.01616575].
2024-01-16 15:31:54,390 - INFO - Finished optimization with guess, [0.53870374 1.85889927 0.00885577 0.01616575].
2024-01-16 15:31:54,391 - INFO - Best fit parameters: [0.62370184 1.22099134 0.31005861 0.01202717].
2024-01-16 15:31:54,914 - INFO - Maximum log composite likelihood: -285.51225999132674.
2024-01-16 15:31:54,914 - INFO - Optimal value of theta: 6302.398464095736.
2024-01-16 15:31:54,915 - INFO - Beginning optimization with guess, [1.82876864 1.59638388 0.01523272 0.00585526].
2024-01-16 15:32:36,012 - INFO - Finished optimization with guess, [1.82876864 1.59638388 0.01523272 0.00585526].
2024-01-16 15:32:36,013 - INFO - Best fit parameters: [4.75236509e+00 1.85785930e+00 1.75989489e-03 1.21022498e-08].
2024-01-16 15:32:36,526 - INFO - Maximum log composite likelihood: -446.0341320215569.
2024-01-16 15:32:36,527 - INFO - Optimal value of theta: 4974.774516983101.
2024-01-16 15:32:36,527 - INFO - Beginning optimization with guess, [2.12058675 0.76542158 0.00880778 0.00912485].
2024-01-16 15:33:20,778 - INFO - Finished optimization with guess, [2.12058675 0.76542158 0.00880778 0.00912485].
2024-01-16 15:33:20,779 - INFO - Best fit parameters: [6.04623756e+00 1.10144306e+00 1.63888558e-03 4.54744253e-10].
2024-01-16 15:33:21,293 - INFO - Maximum log composite likelihood: -445.90758519747675.
2024-01-16 15:33:21,293 - INFO - Optimal value of theta: 4975.556813410661.
2024-01-16 15:33:21,294 - INFO - Beginning optimization with guess, [2.90528767 1.52318478 0.01795645 0.00623204].
2024-01-16 15:34:03,439 - INFO - Finished optimization with guess, [2.90528767 1.52318478 0.01795645 0.00623204].
2024-01-16 15:34:03,440 - INFO - Best fit parameters: [2.78213228e+00 1.69864145e+00 1.71967788e-03 5.80303454e-04].
2024-01-16 15:34:03,954 - INFO - Maximum log composite likelihood: -446.7750757906641.
2024-01-16 15:34:03,954 - INFO - Optimal value of theta: 4980.684229733603.
2024-01-16 15:34:03,954 - INFO - Beginning optimization with guess, [2.10922073 3.112153   0.01186041 0.01256189].
2024-01-16 15:34:48,131 - INFO - Finished optimization with guess, [2.10922073 3.112153   0.01186041 0.01256189].
2024-01-16 15:34:48,133 - INFO - Best fit parameters: [1.75498198e+00 2.76775782e+00 1.66109720e-03 1.32419262e-03].
2024-01-16 15:34:48,646 - INFO - Maximum log composite likelihood: -446.86464636286786.
2024-01-16 15:34:48,646 - INFO - Optimal value of theta: 4967.346170327653.
2024-01-16 15:34:48,646 - INFO - Beginning optimization with guess, [1.23808239 3.04224352 0.01537468 0.00530202].
2024-01-16 15:35:32,395 - INFO - Finished optimization with guess, [1.23808239 3.04224352 0.01537468 0.00530202].
2024-01-16 15:35:32,397 - INFO - Best fit parameters: [8.88219259e-01 1.46911719e+02 2.85369999e-05 1.31037517e-03].
2024-01-16 15:35:32,910 - INFO - Maximum log composite likelihood: -445.601258509608.
2024-01-16 15:35:32,910 - INFO - Optimal value of theta: 4976.760348866253.
2024-01-16 15:35:32,910 - INFO - Beginning optimization with guess, [1.91645932 2.25757985 0.01445284 0.01364888].
2024-01-16 15:36:17,622 - INFO - Finished optimization with guess, [1.91645932 2.25757985 0.01445284 0.01364888].
2024-01-16 15:36:17,624 - INFO - Best fit parameters: [3.36443768e-01 7.67721460e+00 2.92584856e-04 2.30777375e-03].
2024-01-16 15:36:18,138 - INFO - Maximum log composite likelihood: -445.699131115827.
2024-01-16 15:36:18,138 - INFO - Optimal value of theta: 4969.646430016758.
2024-01-16 15:36:18,138 - INFO - Beginning optimization with guess, [1.80505775 1.4739311  0.00576354 0.00525397].
2024-01-16 15:37:01,897 - INFO - Finished optimization with guess, [1.80505775 1.4739311  0.00576354 0.00525397].
2024-01-16 15:37:01,898 - INFO - Best fit parameters: [1.60141847e+00 8.73367345e+00 5.86169702e-04 1.11485508e-03].
2024-01-16 15:37:02,413 - INFO - Maximum log composite likelihood: -445.98676181100353.
2024-01-16 15:37:02,413 - INFO - Optimal value of theta: 4985.465268526447.
2024-01-16 15:37:02,413 - INFO - Beginning optimization with guess, [3.60047129 2.21707081 0.01692327 0.01691982].
2024-01-16 15:37:48,332 - INFO - Finished optimization with guess, [3.60047129 2.21707081 0.01692327 0.01691982].
2024-01-16 15:37:48,333 - INFO - Best fit parameters: [5.24649042e-02 6.18327411e+01 1.08827813e-05 1.53250165e-03].
2024-01-16 15:37:48,849 - INFO - Maximum log composite likelihood: -445.5846073429897.
2024-01-16 15:37:48,849 - INFO - Optimal value of theta: 4977.0465903046825.
2024-01-16 15:37:48,849 - INFO - Beginning optimization with guess, [6.36983444 1.72857747 0.00779817 0.01701584].
2024-01-16 15:38:35,858 - INFO - Finished optimization with guess, [6.36983444 1.72857747 0.00779817 0.01701584].
2024-01-16 15:38:35,859 - INFO - Best fit parameters: [4.45016920e+00 1.00728766e+00 1.69999188e-03 2.82452256e-04].
2024-01-16 15:38:36,373 - INFO - Maximum log composite likelihood: -446.51029638324246.
2024-01-16 15:38:36,373 - INFO - Optimal value of theta: 4980.943109273282.
2024-01-16 15:38:36,373 - INFO - Beginning optimization with guess, [3.72261487 4.95670087 0.01014514 0.01653832].
2024-01-16 15:39:20,629 - INFO - Finished optimization with guess, [3.72261487 4.95670087 0.01014514 0.01653832].
2024-01-16 15:39:20,630 - INFO - Best fit parameters: [3.93549468e+00 2.94300354e+00 1.79136894e-03 1.21794127e-04].
2024-01-16 15:39:21,144 - INFO - Maximum log composite likelihood: -446.1701291745059.
2024-01-16 15:39:21,144 - INFO - Optimal value of theta: 4973.679695717024.
2024-01-16 15:39:21,145 - INFO - Beginning optimization with guess, [7.67461770e+00 6.65354257e+00 5.32962726e-03 5.30088478e-03].
2024-01-16 15:40:05,756 - INFO - Finished optimization with guess, [7.67461770e+00 6.65354257e+00 5.32962726e-03 5.30088478e-03].
2024-01-16 15:40:05,758 - INFO - Best fit parameters: [7.17985973e+00 1.96696903e+00 1.43173908e-03 2.13761264e-04].
2024-01-16 15:40:06,271 - INFO - Maximum log composite likelihood: -445.9388572338222.
2024-01-16 15:40:06,271 - INFO - Optimal value of theta: 4977.673771234411.
2024-01-16 15:40:06,271 - INFO - Beginning optimization with guess, [7.62994854 8.8320532  0.01889913 0.00973478].
2024-01-16 15:40:52,849 - INFO - Finished optimization with guess, [7.62994854 8.8320532  0.01889913 0.00973478].
2024-01-16 15:40:52,850 - INFO - Best fit parameters: [5.26449391e+00 4.49495568e+00 6.61348917e-04 9.89961362e-04].
2024-01-16 15:40:53,364 - INFO - Maximum log composite likelihood: -445.93109881905696.
2024-01-16 15:40:53,364 - INFO - Optimal value of theta: 4979.590592957054.
2024-01-16 15:40:53,364 - INFO - Beginning optimization with guess, [8.52608331e+00 4.67320488e+00 1.62640705e-02 6.07203563e-03].
2024-01-16 15:41:38,145 - INFO - Finished optimization with guess, [8.52608331e+00 4.67320488e+00 1.62640705e-02 6.07203563e-03].
2024-01-16 15:41:38,147 - INFO - Best fit parameters: [6.13043127e+00 3.84859798e+00 9.52257374e-04 6.17732959e-04].
2024-01-16 15:41:38,661 - INFO - Maximum log composite likelihood: -445.9857458889954.
2024-01-16 15:41:38,661 - INFO - Optimal value of theta: 4982.832466888515.
2024-01-16 15:41:38,661 - INFO - Beginning optimization with guess, [1.10114903e+01 1.23242184e+01 1.40312486e-02 7.10605921e-03].
2024-01-16 15:42:24,483 - INFO - Finished optimization with guess, [1.10114903e+01 1.23242184e+01 1.40312486e-02 7.10605921e-03].
2024-01-16 15:42:24,485 - INFO - Best fit parameters: [6.84217160e+00 1.05062509e+01 8.73142531e-04 6.44825287e-04].
2024-01-16 15:42:25,000 - INFO - Maximum log composite likelihood: -445.7400471030635.
2024-01-16 15:42:25,000 - INFO - Optimal value of theta: 4977.202229729499.
2024-01-16 15:42:25,000 - INFO - Beginning optimization with guess, [ 4.56760023 13.52554444  0.01544888  0.01585749].
2024-01-16 15:43:12,866 - INFO - Finished optimization with guess, [ 4.56760023 13.52554444  0.01544888  0.01585749].
2024-01-16 15:43:12,867 - INFO - Best fit parameters: [1.01840079e+00 6.70829483e+00 6.46113431e-04 1.59675168e-03].
2024-01-16 15:43:13,381 - INFO - Maximum log composite likelihood: -445.8755941122191.
2024-01-16 15:43:13,381 - INFO - Optimal value of theta: 4975.216479955615.
2024-01-16 15:43:13,385 - INFO - Finished demographic inference.
2024-01-16 15:43:13,385 - INFO - Pipeline executed succesfully.
