2024-02-13 17:56:03,907 - INFO - Beginning execution of fit_demographic_model.py in directory /u/project/kirk/jonmah/sample_size_demography/Scripts

2024-02-13 17:56:03,908 - INFO - Progress is being logged to ../Analysis/TwoEpochExpansion_250/log.log

2024-02-13 17:56:03,908 - INFO - Parsed the following arguments:
	syn_input_sfs = ../Analysis/TwoEpochExpansion_250/syn_downsampled_sfs.txt
	mask_singletons = False
	mask_doubletons = False
	outprefix = ../Analysis/TwoEpochExpansion_250/

2024-02-13 17:56:03,927 - INFO - Beginning demographic inference for one-epoch demographic model.
2024-02-13 17:56:03,928 - INFO - Beginning optimization with guess, [0.14571862].
2024-02-13 17:56:31,927 - INFO - Finished optimization with guess, [0.14571862].
2024-02-13 17:56:31,928 - INFO - Best fit parameters: [0.14571862].
2024-02-13 17:56:32,792 - INFO - Maximum log composite likelihood: -405.73926607511277.
2024-02-13 17:56:32,792 - INFO - Optimal value of theta: 1133.917854367402.
2024-02-13 17:56:32,793 - INFO - Beginning optimization with guess, [0.28408983].
2024-02-13 17:57:00,476 - INFO - Finished optimization with guess, [0.28408983].
2024-02-13 17:57:00,478 - INFO - Best fit parameters: [0.28408983].
2024-02-13 17:57:01,438 - INFO - Maximum log composite likelihood: -405.73926607511277.
2024-02-13 17:57:01,438 - INFO - Optimal value of theta: 1133.917854367402.
2024-02-13 17:57:01,438 - INFO - Beginning optimization with guess, [0.31860319].
2024-02-13 17:57:29,758 - INFO - Finished optimization with guess, [0.31860319].
2024-02-13 17:57:29,762 - INFO - Best fit parameters: [0.31860319].
2024-02-13 17:57:30,658 - INFO - Maximum log composite likelihood: -405.73926607511277.
2024-02-13 17:57:30,658 - INFO - Optimal value of theta: 1133.917854367402.
2024-02-13 17:57:30,659 - INFO - Beginning optimization with guess, [0.42118909].
2024-02-13 17:57:56,263 - INFO - Finished optimization with guess, [0.42118909].
2024-02-13 17:57:56,266 - INFO - Best fit parameters: [0.42118909].
2024-02-13 17:57:57,221 - INFO - Maximum log composite likelihood: -405.73926607511277.
2024-02-13 17:57:57,221 - INFO - Optimal value of theta: 1133.917854367402.
2024-02-13 17:57:57,221 - INFO - Beginning optimization with guess, [0.31853476].
2024-02-13 17:58:25,464 - INFO - Finished optimization with guess, [0.31853476].
2024-02-13 17:58:25,467 - INFO - Best fit parameters: [0.31853476].
2024-02-13 17:58:26,342 - INFO - Maximum log composite likelihood: -405.73926607511277.
2024-02-13 17:58:26,343 - INFO - Optimal value of theta: 1133.917854367402.
2024-02-13 17:58:26,343 - INFO - Beginning optimization with guess, [0.57982582].
2024-02-13 17:58:51,940 - INFO - Finished optimization with guess, [0.57982582].
2024-02-13 17:58:51,942 - INFO - Best fit parameters: [0.57982582].
2024-02-13 17:58:52,880 - INFO - Maximum log composite likelihood: -405.73926607511277.
2024-02-13 17:58:52,880 - INFO - Optimal value of theta: 1133.917854367402.
2024-02-13 17:58:52,881 - INFO - Beginning optimization with guess, [0.35736297].
2024-02-13 17:59:21,372 - INFO - Finished optimization with guess, [0.35736297].
2024-02-13 17:59:21,374 - INFO - Best fit parameters: [0.35736297].
2024-02-13 17:59:22,352 - INFO - Maximum log composite likelihood: -405.73926607511277.
2024-02-13 17:59:22,352 - INFO - Optimal value of theta: 1133.917854367402.
2024-02-13 17:59:22,353 - INFO - Beginning optimization with guess, [0.46446298].
2024-02-13 17:59:48,347 - INFO - Finished optimization with guess, [0.46446298].
2024-02-13 17:59:48,348 - INFO - Best fit parameters: [0.46446298].
2024-02-13 17:59:49,228 - INFO - Maximum log composite likelihood: -405.73926607511277.
2024-02-13 17:59:49,229 - INFO - Optimal value of theta: 1133.917854367402.
2024-02-13 17:59:49,229 - INFO - Beginning optimization with guess, [1.72511929].
2024-02-13 18:00:15,326 - INFO - Finished optimization with guess, [1.72511929].
2024-02-13 18:00:15,330 - INFO - Best fit parameters: [1.72511929].
2024-02-13 18:00:16,235 - INFO - Maximum log composite likelihood: -405.73926607511277.
2024-02-13 18:00:16,235 - INFO - Optimal value of theta: 1133.917854367402.
2024-02-13 18:00:16,236 - INFO - Beginning optimization with guess, [1.79266489].
2024-02-13 18:00:41,847 - INFO - Finished optimization with guess, [1.79266489].
2024-02-13 18:00:41,848 - INFO - Best fit parameters: [1.79266489].
2024-02-13 18:00:42,745 - INFO - Maximum log composite likelihood: -405.73926607511277.
2024-02-13 18:00:42,745 - INFO - Optimal value of theta: 1133.917854367402.
2024-02-13 18:00:42,745 - INFO - Beginning optimization with guess, [2.49762858].
2024-02-13 18:01:08,430 - INFO - Finished optimization with guess, [2.49762858].
2024-02-13 18:01:08,431 - INFO - Best fit parameters: [2.49762858].
2024-02-13 18:01:09,373 - INFO - Maximum log composite likelihood: -405.73926607511277.
2024-02-13 18:01:09,374 - INFO - Optimal value of theta: 1133.917854367402.
2024-02-13 18:01:09,374 - INFO - Beginning optimization with guess, [1.5692112].
2024-02-13 18:01:32,289 - INFO - Finished optimization with guess, [1.5692112].
2024-02-13 18:01:32,292 - INFO - Best fit parameters: [1.5692112].
2024-02-13 18:01:33,242 - INFO - Maximum log composite likelihood: -405.73926607511277.
2024-02-13 18:01:33,242 - INFO - Optimal value of theta: 1133.917854367402.
2024-02-13 18:01:33,243 - INFO - Beginning optimization with guess, [1.2404984].
2024-02-13 18:01:53,874 - INFO - Finished optimization with guess, [1.2404984].
2024-02-13 18:01:53,875 - INFO - Best fit parameters: [1.2404984].
2024-02-13 18:01:54,812 - INFO - Maximum log composite likelihood: -405.73926607511277.
2024-02-13 18:01:54,812 - INFO - Optimal value of theta: 1133.917854367402.
2024-02-13 18:01:54,812 - INFO - Beginning optimization with guess, [2.29587891].
2024-02-13 18:02:21,368 - INFO - Finished optimization with guess, [2.29587891].
2024-02-13 18:02:21,369 - INFO - Best fit parameters: [2.29587891].
2024-02-13 18:02:22,274 - INFO - Maximum log composite likelihood: -405.73926607511277.
2024-02-13 18:02:22,275 - INFO - Optimal value of theta: 1133.917854367402.
2024-02-13 18:02:22,275 - INFO - Beginning optimization with guess, [4.21890519].
2024-02-13 18:02:50,923 - INFO - Finished optimization with guess, [4.21890519].
2024-02-13 18:02:50,925 - INFO - Best fit parameters: [4.21890519].
2024-02-13 18:02:51,847 - INFO - Maximum log composite likelihood: -405.73926607511277.
2024-02-13 18:02:51,847 - INFO - Optimal value of theta: 1133.917854367402.
2024-02-13 18:02:51,848 - INFO - Beginning optimization with guess, [2.37713297].
2024-02-13 18:03:17,617 - INFO - Finished optimization with guess, [2.37713297].
2024-02-13 18:03:17,619 - INFO - Best fit parameters: [2.37713297].
2024-02-13 18:03:18,646 - INFO - Maximum log composite likelihood: -405.73926607511277.
2024-02-13 18:03:18,646 - INFO - Optimal value of theta: 1133.917854367402.
2024-02-13 18:03:18,647 - INFO - Beginning optimization with guess, [1.91202267].
2024-02-13 18:03:44,655 - INFO - Finished optimization with guess, [1.91202267].
2024-02-13 18:03:44,656 - INFO - Best fit parameters: [1.91202267].
2024-02-13 18:03:45,599 - INFO - Maximum log composite likelihood: -405.73926607511277.
2024-02-13 18:03:45,599 - INFO - Optimal value of theta: 1133.917854367402.
2024-02-13 18:03:45,599 - INFO - Beginning optimization with guess, [3.29243812].
2024-02-13 18:04:14,319 - INFO - Finished optimization with guess, [3.29243812].
2024-02-13 18:04:14,321 - INFO - Best fit parameters: [3.29243812].
2024-02-13 18:04:15,200 - INFO - Maximum log composite likelihood: -405.73926607511277.
2024-02-13 18:04:15,201 - INFO - Optimal value of theta: 1133.917854367402.
2024-02-13 18:04:15,201 - INFO - Beginning optimization with guess, [5.28293809].
2024-02-13 18:04:43,210 - INFO - Finished optimization with guess, [5.28293809].
2024-02-13 18:04:43,211 - INFO - Best fit parameters: [5.28293809].
2024-02-13 18:04:44,080 - INFO - Maximum log composite likelihood: -405.73926607511277.
2024-02-13 18:04:44,081 - INFO - Optimal value of theta: 1133.917854367402.
2024-02-13 18:04:44,081 - INFO - Beginning optimization with guess, [2.21073211].
2024-02-13 18:05:09,721 - INFO - Finished optimization with guess, [2.21073211].
2024-02-13 18:05:09,722 - INFO - Best fit parameters: [2.21073211].
2024-02-13 18:05:10,662 - INFO - Maximum log composite likelihood: -405.73926607511277.
2024-02-13 18:05:10,662 - INFO - Optimal value of theta: 1133.917854367402.
2024-02-13 18:05:10,663 - INFO - Beginning optimization with guess, [3.21619397].
2024-02-13 18:05:39,636 - INFO - Finished optimization with guess, [3.21619397].
2024-02-13 18:05:39,637 - INFO - Best fit parameters: [3.21619397].
2024-02-13 18:05:40,529 - INFO - Maximum log composite likelihood: -405.73926607511277.
2024-02-13 18:05:40,529 - INFO - Optimal value of theta: 1133.917854367402.
2024-02-13 18:05:40,529 - INFO - Beginning optimization with guess, [6.68067875].
2024-02-13 18:06:08,922 - INFO - Finished optimization with guess, [6.68067875].
2024-02-13 18:06:08,924 - INFO - Best fit parameters: [6.68067875].
2024-02-13 18:06:09,799 - INFO - Maximum log composite likelihood: -405.73926607511277.
2024-02-13 18:06:09,799 - INFO - Optimal value of theta: 1133.917854367402.
2024-02-13 18:06:09,800 - INFO - Beginning optimization with guess, [6.76254706].
2024-02-13 18:06:37,939 - INFO - Finished optimization with guess, [6.76254706].
2024-02-13 18:06:37,941 - INFO - Best fit parameters: [6.76254706].
2024-02-13 18:06:38,866 - INFO - Maximum log composite likelihood: -405.73926607511277.
2024-02-13 18:06:38,866 - INFO - Optimal value of theta: 1133.917854367402.
2024-02-13 18:06:38,867 - INFO - Beginning optimization with guess, [4.78303561].
2024-02-13 18:07:07,128 - INFO - Finished optimization with guess, [4.78303561].
2024-02-13 18:07:07,129 - INFO - Best fit parameters: [4.78303561].
2024-02-13 18:07:08,003 - INFO - Maximum log composite likelihood: -405.73926607511277.
2024-02-13 18:07:08,003 - INFO - Optimal value of theta: 1133.917854367402.
2024-02-13 18:07:08,004 - INFO - Beginning optimization with guess, [12.94129377].
2024-02-13 18:07:39,462 - INFO - Finished optimization with guess, [12.94129377].
2024-02-13 18:07:39,464 - INFO - Best fit parameters: [12.94129377].
2024-02-13 18:07:40,371 - INFO - Maximum log composite likelihood: -405.73926607511277.
2024-02-13 18:07:40,371 - INFO - Optimal value of theta: 1133.917854367402.
2024-02-13 18:07:40,386 - INFO - Beginning demographic inference for two-epoch demographic model.
2024-02-13 18:07:40,395 - INFO - Beginning optimization with guess, [0.1366009  0.01265749].
2024-02-13 18:08:21,726 - INFO - Finished optimization with guess, [0.1366009  0.01265749].
2024-02-13 18:08:21,727 - INFO - Best fit parameters: [0.35803274 0.00304392].
2024-02-13 18:08:22,614 - INFO - Maximum log composite likelihood: -354.5839312457507.
2024-02-13 18:08:22,614 - INFO - Optimal value of theta: 1220.4292917052808.
2024-02-13 18:08:22,615 - INFO - Beginning optimization with guess, [0.12968838 0.01196053].
2024-02-13 18:09:05,440 - INFO - Finished optimization with guess, [0.12968838 0.01196053].
2024-02-13 18:09:05,442 - INFO - Best fit parameters: [0.35752447 0.0030344 ].
2024-02-13 18:09:06,332 - INFO - Maximum log composite likelihood: -354.583899811021.
2024-02-13 18:09:06,332 - INFO - Optimal value of theta: 1220.3725836127749.
2024-02-13 18:09:06,332 - INFO - Beginning optimization with guess, [0.16836556 0.00573475].
2024-02-13 18:09:49,232 - INFO - Finished optimization with guess, [0.16836556 0.00573475].
2024-02-13 18:09:49,235 - INFO - Best fit parameters: [0.36227902 0.00310557].
2024-02-13 18:09:50,174 - INFO - Maximum log composite likelihood: -354.5836519375477.
2024-02-13 18:09:50,174 - INFO - Optimal value of theta: 1220.4381032017473.
2024-02-13 18:09:50,175 - INFO - Beginning optimization with guess, [0.65109763 0.01350008].
2024-02-13 18:10:31,178 - INFO - Finished optimization with guess, [0.65109763 0.01350008].
2024-02-13 18:10:31,179 - INFO - Best fit parameters: [0.40055757 0.00366635].
2024-02-13 18:10:32,108 - INFO - Maximum log composite likelihood: -354.61581486719.
2024-02-13 18:10:32,108 - INFO - Optimal value of theta: 1219.496047209676.
2024-02-13 18:10:32,109 - INFO - Beginning optimization with guess, [0.85697867 0.00592436].
2024-02-13 18:11:13,733 - INFO - Finished optimization with guess, [0.85697867 0.00592436].
2024-02-13 18:11:13,736 - INFO - Best fit parameters: [0.3740985  0.00326171].
2024-02-13 18:11:14,607 - INFO - Maximum log composite likelihood: -354.5871420075716.
2024-02-13 18:11:14,607 - INFO - Optimal value of theta: 1219.96867545058.
2024-02-13 18:11:14,608 - INFO - Beginning optimization with guess, [1.00035655 0.00683384].
2024-02-13 18:11:58,748 - INFO - Finished optimization with guess, [1.00035655 0.00683384].
2024-02-13 18:11:58,750 - INFO - Best fit parameters: [0.99839906 0.03838498].
2024-02-13 18:11:59,666 - INFO - Maximum log composite likelihood: -405.3504355002812.
2024-02-13 18:11:59,666 - INFO - Optimal value of theta: 1134.4332779732788.
2024-02-13 18:11:59,667 - INFO - Beginning optimization with guess, [0.61151517 0.01813962].
2024-02-13 18:12:42,336 - INFO - Finished optimization with guess, [0.61151517 0.01813962].
2024-02-13 18:12:42,338 - INFO - Best fit parameters: [0.36454359 0.00313418].
2024-02-13 18:12:43,270 - INFO - Maximum log composite likelihood: -354.5836842737759.
2024-02-13 18:12:43,271 - INFO - Optimal value of theta: 1220.3287473634823.
2024-02-13 18:12:43,271 - INFO - Beginning optimization with guess, [0.47334127 0.00570257].
2024-02-13 18:13:26,540 - INFO - Finished optimization with guess, [0.47334127 0.00570257].
2024-02-13 18:13:26,541 - INFO - Best fit parameters: [0.36325707 0.00311862].
2024-02-13 18:13:27,430 - INFO - Maximum log composite likelihood: -354.58362354398116.
2024-02-13 18:13:27,430 - INFO - Optimal value of theta: 1220.408218995994.
2024-02-13 18:13:27,430 - INFO - Beginning optimization with guess, [1.56777894 0.01328082].
2024-02-13 18:14:07,150 - INFO - Finished optimization with guess, [1.56777894 0.01328082].
2024-02-13 18:14:07,152 - INFO - Best fit parameters: [0.4570745  0.00536636].
2024-02-13 18:14:08,077 - INFO - Maximum log composite likelihood: -354.8047252737977.
2024-02-13 18:14:08,078 - INFO - Optimal value of theta: 1226.8570903051682.
2024-02-13 18:14:08,078 - INFO - Beginning optimization with guess, [0.79364966 0.00704977].
2024-02-13 18:14:50,004 - INFO - Finished optimization with guess, [0.79364966 0.00704977].
2024-02-13 18:14:50,005 - INFO - Best fit parameters: [0.37683112 0.00330818].
2024-02-13 18:14:50,872 - INFO - Maximum log composite likelihood: -354.5875138126401.
2024-02-13 18:14:50,872 - INFO - Optimal value of theta: 1220.0707237225351.
2024-02-13 18:14:50,873 - INFO - Beginning optimization with guess, [0.63556816 0.00608366].
2024-02-13 18:15:31,959 - INFO - Finished optimization with guess, [0.63556816 0.00608366].
2024-02-13 18:15:31,960 - INFO - Best fit parameters: [0.36874005 0.00319525].
2024-02-13 18:15:32,840 - INFO - Maximum log composite likelihood: -354.58414999582413.
2024-02-13 18:15:32,841 - INFO - Optimal value of theta: 1220.301680113479.
2024-02-13 18:15:32,841 - INFO - Beginning optimization with guess, [1.27624176 0.00567694].
2024-02-13 18:16:13,485 - INFO - Finished optimization with guess, [1.27624176 0.00567694].
2024-02-13 18:16:13,487 - INFO - Best fit parameters: [0.55786422 0.00644987].
2024-02-13 18:16:14,389 - INFO - Maximum log composite likelihood: -356.8808497601387.
2024-02-13 18:16:14,389 - INFO - Optimal value of theta: 1207.6740924925816.
2024-02-13 18:16:14,390 - INFO - Beginning optimization with guess, [0.90066834 0.01934806].
2024-02-13 18:16:55,159 - INFO - Finished optimization with guess, [0.90066834 0.01934806].
2024-02-13 18:16:55,161 - INFO - Best fit parameters: [0.32915262 0.00263078].
2024-02-13 18:16:56,024 - INFO - Maximum log composite likelihood: -354.58986383228296.
2024-02-13 18:16:56,024 - INFO - Optimal value of theta: 1219.6973783037145.
2024-02-13 18:16:56,024 - INFO - Beginning optimization with guess, [3.05803775 0.00784811].
2024-02-13 18:17:37,358 - INFO - Finished optimization with guess, [3.05803775 0.00784811].
2024-02-13 18:17:37,362 - INFO - Best fit parameters: [0.37184422 0.00313776].
2024-02-13 18:17:38,223 - INFO - Maximum log composite likelihood: -354.62554754065536.
2024-02-13 18:17:38,224 - INFO - Optimal value of theta: 1217.8733076310193.
2024-02-13 18:17:38,224 - INFO - Beginning optimization with guess, [1.52974119 0.00734395].
2024-02-13 18:18:19,906 - INFO - Finished optimization with guess, [1.52974119 0.00734395].
2024-02-13 18:18:19,908 - INFO - Best fit parameters: [0.59272426 0.01162033].
2024-02-13 18:18:20,825 - INFO - Maximum log composite likelihood: -356.4074815146155.
2024-02-13 18:18:20,825 - INFO - Optimal value of theta: 1232.0914174731818.
2024-02-13 18:18:20,826 - INFO - Beginning optimization with guess, [1.61122398 0.01704703].
2024-02-13 18:19:01,945 - INFO - Finished optimization with guess, [1.61122398 0.01704703].
2024-02-13 18:19:01,946 - INFO - Best fit parameters: [0.37041151 0.00317469].
2024-02-13 18:19:02,857 - INFO - Maximum log composite likelihood: -354.593655861796.
2024-02-13 18:19:02,858 - INFO - Optimal value of theta: 1219.2377417141838.
2024-02-13 18:19:02,858 - INFO - Beginning optimization with guess, [4.42053611 0.00620906].
2024-02-13 18:19:44,274 - INFO - Finished optimization with guess, [4.42053611 0.00620906].
2024-02-13 18:19:44,275 - INFO - Best fit parameters: [0.40321663 0.00378282].
2024-02-13 18:19:45,176 - INFO - Maximum log composite likelihood: -354.6038524165276.
2024-02-13 18:19:45,176 - INFO - Optimal value of theta: 1220.8233957062196.
2024-02-13 18:19:45,176 - INFO - Beginning optimization with guess, [2.72896041 0.01629478].
2024-02-13 18:20:26,798 - INFO - Finished optimization with guess, [2.72896041 0.01629478].
2024-02-13 18:20:26,799 - INFO - Best fit parameters: [0.37489539 0.00326382].
2024-02-13 18:20:27,667 - INFO - Maximum log composite likelihood: -354.58942669747717.
2024-02-13 18:20:27,667 - INFO - Optimal value of theta: 1219.7413493747326.
2024-02-13 18:20:27,668 - INFO - Beginning optimization with guess, [4.66973644 0.0064375 ].
2024-02-13 18:21:08,934 - INFO - Finished optimization with guess, [4.66973644 0.0064375 ].
2024-02-13 18:21:08,936 - INFO - Best fit parameters: [0.32004285 0.00257205].
2024-02-13 18:21:09,849 - INFO - Maximum log composite likelihood: -354.6130889872331.
2024-02-13 18:21:09,849 - INFO - Optimal value of theta: 1221.384134092397.
2024-02-13 18:21:09,849 - INFO - Beginning optimization with guess, [4.79908287 0.01954146].
2024-02-13 18:21:52,519 - INFO - Finished optimization with guess, [4.79908287 0.01954146].
2024-02-13 18:21:52,520 - INFO - Best fit parameters: [0.08315557 0.00042783].
2024-02-13 18:21:53,428 - INFO - Maximum log composite likelihood: -355.1949301522687.
2024-02-13 18:21:53,428 - INFO - Optimal value of theta: 1217.3730656386622.
2024-02-13 18:21:53,429 - INFO - Beginning optimization with guess, [4.31684082 0.00552884].
2024-02-13 18:22:35,956 - INFO - Finished optimization with guess, [4.31684082 0.00552884].
2024-02-13 18:22:35,957 - INFO - Best fit parameters: [0.33101268 0.00269212].
2024-02-13 18:22:36,886 - INFO - Maximum log composite likelihood: -354.5961944322315.
2024-02-13 18:22:36,886 - INFO - Optimal value of theta: 1220.819133145737.
2024-02-13 18:22:36,886 - INFO - Beginning optimization with guess, [2.5561507  0.00517406].
2024-02-13 18:23:18,877 - INFO - Finished optimization with guess, [2.5561507  0.00517406].
2024-02-13 18:23:18,878 - INFO - Best fit parameters: [0.45387672 0.00532018].
2024-02-13 18:23:19,766 - INFO - Maximum log composite likelihood: -354.812490163381.
2024-02-13 18:23:19,766 - INFO - Optimal value of theta: 1227.3425439340435.
2024-02-13 18:23:19,766 - INFO - Beginning optimization with guess, [10.61260458  0.01460486].
2024-02-13 18:24:02,994 - INFO - Finished optimization with guess, [10.61260458  0.01460486].
2024-02-13 18:24:02,995 - INFO - Best fit parameters: [1.67603165e-02 7.48361361e-05].
2024-02-13 18:24:03,913 - INFO - Maximum log composite likelihood: -355.18508574607336.
2024-02-13 18:24:03,913 - INFO - Optimal value of theta: 1212.5363625297464.
2024-02-13 18:24:03,914 - INFO - Beginning optimization with guess, [1.24584571e+01 9.63359333e-03].
2024-02-13 18:24:44,862 - INFO - Finished optimization with guess, [1.24584571e+01 9.63359333e-03].
2024-02-13 18:24:44,863 - INFO - Best fit parameters: [6.91152442e-03 3.01427627e-05].
2024-02-13 18:24:45,727 - INFO - Maximum log composite likelihood: -355.1995429609131.
2024-02-13 18:24:45,727 - INFO - Optimal value of theta: 1211.5359136007091.
2024-02-13 18:24:45,728 - INFO - Beginning optimization with guess, [8.10784349 0.00987271].
2024-02-13 18:25:27,943 - INFO - Finished optimization with guess, [8.10784349 0.00987271].
2024-02-13 18:25:27,944 - INFO - Best fit parameters: [0.11564425 0.00057021].
2024-02-13 18:25:28,856 - INFO - Maximum log composite likelihood: -355.0877738977051.
2024-02-13 18:25:28,856 - INFO - Optimal value of theta: 1211.1238113165198.
2024-02-13 18:25:28,860 - INFO - Beginning demographic inference for three-epoch demographic model.
2024-02-13 18:25:28,863 - INFO - Beginning optimization with guess, [0.01917996 0.0096078  0.00632972 0.00968595].
2024-02-13 18:26:16,038 - INFO - Finished optimization with guess, [0.01917996 0.0096078  0.00632972 0.00968595].
2024-02-13 18:26:16,039 - INFO - Best fit parameters: [0.00999759 0.0071118  0.00538692 0.04413055].
2024-02-13 18:26:17,170 - INFO - Maximum log composite likelihood: -379.940043432486.
2024-02-13 18:26:17,170 - INFO - Optimal value of theta: 147422.9547256974.
2024-02-13 18:26:17,171 - INFO - Beginning optimization with guess, [0.0223725  0.01378819 0.00997945 0.01651675].
2024-02-13 18:27:08,222 - INFO - Finished optimization with guess, [0.0223725  0.01378819 0.00997945 0.01651675].
2024-02-13 18:27:08,224 - INFO - Best fit parameters: [0.01510012 0.00763839 0.00823856 0.04568356].
2024-02-13 18:27:09,342 - INFO - Maximum log composite likelihood: -379.5111520342592.
2024-02-13 18:27:09,342 - INFO - Optimal value of theta: 135620.97114515715.
2024-02-13 18:27:09,343 - INFO - Beginning optimization with guess, [0.03272396 0.01856291 0.00581271 0.0081731 ].
2024-02-13 18:27:49,828 - INFO - Finished optimization with guess, [0.03272396 0.01856291 0.00581271 0.0081731 ].
2024-02-13 18:27:49,838 - INFO - Best fit parameters: [3.86276707e-02 1.21178575e+00 2.12698338e-04 6.06582978e-04].
2024-02-13 18:27:50,705 - INFO - Maximum log composite likelihood: -354.6561209958061.
2024-02-13 18:27:50,705 - INFO - Optimal value of theta: 1220.3015143728958.
2024-02-13 18:27:50,705 - INFO - Beginning optimization with guess, [0.03187482 0.05786617 0.00542257 0.01294006].
2024-02-13 18:28:29,988 - INFO - Finished optimization with guess, [0.03187482 0.05786617 0.00542257 0.01294006].
2024-02-13 18:28:29,989 - INFO - Best fit parameters: [2.93783962e-02 1.69397652e+00 1.75862861e-04 1.14432167e-03].
2024-02-13 18:28:30,859 - INFO - Maximum log composite likelihood: -355.0193835248831.
2024-02-13 18:28:30,859 - INFO - Optimal value of theta: 1217.5660171371978.
2024-02-13 18:28:30,860 - INFO - Beginning optimization with guess, [0.034259   0.03058726 0.01955178 0.01308526].
2024-02-13 18:29:20,365 - INFO - Finished optimization with guess, [0.034259   0.03058726 0.01955178 0.01308526].
2024-02-13 18:29:20,378 - INFO - Best fit parameters: [0.01511305 0.04743369 0.04953535 0.00885027].
2024-02-13 18:29:21,791 - INFO - Maximum log composite likelihood: -414.6863332350113.
2024-02-13 18:29:21,792 - INFO - Optimal value of theta: 23976.04069902695.
2024-02-13 18:29:21,792 - INFO - Beginning optimization with guess, [0.67926989 0.36143216 0.00791076 0.01559113].
2024-02-13 18:30:05,386 - INFO - Finished optimization with guess, [0.67926989 0.36143216 0.00791076 0.01559113].
2024-02-13 18:30:05,400 - INFO - Best fit parameters: [0.70214863 0.47198044 0.00287581 0.00432997].
2024-02-13 18:30:06,235 - INFO - Maximum log composite likelihood: -354.8248573773158.
2024-02-13 18:30:06,236 - INFO - Optimal value of theta: 1222.4060746807634.
2024-02-13 18:30:06,236 - INFO - Beginning optimization with guess, [0.49879157 0.86805756 0.00583157 0.01206416].
2024-02-13 18:30:48,469 - INFO - Finished optimization with guess, [0.49879157 0.86805756 0.00583157 0.01206416].
2024-02-13 18:30:48,483 - INFO - Best fit parameters: [6.00501084e-01 8.05719452e-01 1.14462903e-02 1.69453551e-04].
2024-02-13 18:30:49,394 - INFO - Maximum log composite likelihood: -356.7447832054501.
2024-02-13 18:30:49,394 - INFO - Optimal value of theta: 1227.9512084992698.
2024-02-13 18:30:49,394 - INFO - Beginning optimization with guess, [1.30695347 1.22512958 0.00617707 0.01424429].
2024-02-13 18:31:26,850 - INFO - Finished optimization with guess, [1.30695347 1.22512958 0.00617707 0.01424429].
2024-02-13 18:31:27,130 - INFO - Best fit parameters: [1.35709735e+00 8.51839189e-01 4.70877756e-05 1.28572953e-03].
2024-02-13 18:31:28,039 - INFO - Maximum log composite likelihood: -400.15958797353966.
2024-02-13 18:31:28,040 - INFO - Optimal value of theta: 1138.1531717912405.
2024-02-13 18:31:28,040 - INFO - Beginning optimization with guess, [0.68365762 0.8587185  0.0097079  0.00564218].
2024-02-13 18:32:09,666 - INFO - Finished optimization with guess, [0.68365762 0.8587185  0.0097079  0.00564218].
2024-02-13 18:32:09,667 - INFO - Best fit parameters: [5.72778370e-01 1.00929233e+00 8.21509610e-03 8.97279149e-05].
2024-02-13 18:32:10,599 - INFO - Maximum log composite likelihood: -356.32655841478584.
2024-02-13 18:32:10,599 - INFO - Optimal value of theta: 1216.7987280077502.
2024-02-13 18:32:10,600 - INFO - Beginning optimization with guess, [1.23984407 0.63004995 0.01465476 0.00873362].
2024-02-13 18:32:52,023 - INFO - Finished optimization with guess, [1.23984407 0.63004995 0.01465476 0.00873362].
2024-02-13 18:32:52,024 - INFO - Best fit parameters: [1.12141346 0.46612713 0.00246464 0.00520259].
2024-02-13 18:32:52,919 - INFO - Maximum log composite likelihood: -354.8519153203516.
2024-02-13 18:32:52,920 - INFO - Optimal value of theta: 1218.9778209867654.
2024-02-13 18:32:52,920 - INFO - Beginning optimization with guess, [0.83120571 0.92370595 0.01382757 0.00566988].
2024-02-13 18:33:35,849 - INFO - Finished optimization with guess, [0.83120571 0.92370595 0.01382757 0.00566988].
2024-02-13 18:33:35,850 - INFO - Best fit parameters: [6.88066378e-01 1.14512777e+00 1.60609603e-02 5.44893958e-08].
2024-02-13 18:33:36,751 - INFO - Maximum log composite likelihood: -359.68112328281944.
2024-02-13 18:33:36,752 - INFO - Optimal value of theta: 1216.2984205713606.
2024-02-13 18:33:36,752 - INFO - Beginning optimization with guess, [1.17010092 0.98372667 0.00863202 0.00892552].
2024-02-13 18:34:22,449 - INFO - Finished optimization with guess, [1.17010092 0.98372667 0.00863202 0.00892552].
2024-02-13 18:34:22,463 - INFO - Best fit parameters: [0.90050353 0.89456757 0.05559195 0.03811416].
2024-02-13 18:34:23,435 - INFO - Maximum log composite likelihood: -383.7108081575947.
2024-02-13 18:34:23,435 - INFO - Optimal value of theta: 1187.2224765524966.
2024-02-13 18:34:23,435 - INFO - Beginning optimization with guess, [2.00343587 2.88516038 0.01409634 0.00784589].
2024-02-13 18:35:02,596 - INFO - Finished optimization with guess, [2.00343587 2.88516038 0.01409634 0.00784589].
2024-02-13 18:35:02,601 - INFO - Best fit parameters: [1.65783611e+00 6.23333398e-01 2.07152517e-04 6.80791396e-03].
2024-02-13 18:35:03,481 - INFO - Maximum log composite likelihood: -361.3484678926629.
2024-02-13 18:35:03,481 - INFO - Optimal value of theta: 1192.7210293987396.
2024-02-13 18:35:03,482 - INFO - Beginning optimization with guess, [3.6190765  1.12076475 0.01385794 0.01529578].
2024-02-13 19:31:03,025 - INFO - Finished optimization with guess, [3.6190765  1.12076475 0.01385794 0.01529578].
2024-02-13 19:31:03,026 - INFO - Best fit parameters: [6.35944237e+00 1.02262597e+00 4.08169938e-07 2.21810056e+03].
2024-02-13 19:32:12,659 - INFO - Maximum log composite likelihood: -405.73926606585695.
2024-02-13 19:32:12,661 - INFO - Optimal value of theta: 1108.8295111704242.
2024-02-13 19:32:12,692 - INFO - Beginning optimization with guess, [1.23511195 1.24717547 0.01597546 0.01726308].
2024-02-13 19:32:52,683 - INFO - Finished optimization with guess, [1.23511195 1.24717547 0.01597546 0.01726308].
2024-02-13 19:32:52,684 - INFO - Best fit parameters: [1.31512281e+00 8.60765294e-01 5.34427876e-04 4.07808621e-03].
2024-02-13 19:32:53,555 - INFO - Maximum log composite likelihood: -395.0990911447363.
2024-02-13 19:32:53,555 - INFO - Optimal value of theta: 1143.0257486744292.
2024-02-13 19:32:53,555 - INFO - Beginning optimization with guess, [2.5539831  4.8891919  0.0197235  0.00760799].
2024-02-13 19:33:33,656 - INFO - Finished optimization with guess, [2.5539831  4.8891919  0.0197235  0.00760799].
2024-02-13 19:33:33,657 - INFO - Best fit parameters: [3.84906799e-01 3.37225242e+00 9.93178765e-04 1.01926456e-05].
2024-02-13 19:33:34,556 - INFO - Maximum log composite likelihood: -374.22155203805187.
2024-02-13 19:33:34,556 - INFO - Optimal value of theta: 1163.7028934429563.
2024-02-13 19:33:34,556 - INFO - Beginning optimization with guess, [3.84598305 2.32725839 0.00654361 0.00773222].
2024-02-13 19:34:15,793 - INFO - Finished optimization with guess, [3.84598305 2.32725839 0.00654361 0.00773222].
2024-02-13 19:34:15,803 - INFO - Best fit parameters: [1.09805058e+00 8.04621874e-01 5.53779981e-05 1.08574556e-04].
2024-02-13 19:34:17,090 - INFO - Maximum log composite likelihood: -405.02004956776807.
2024-02-13 19:34:17,090 - INFO - Optimal value of theta: 1134.408773859393.
2024-02-13 19:34:17,091 - INFO - Beginning optimization with guess, [5.84887369e+00 4.56207445e+00 1.54320114e-02 5.79792763e-03].
2024-02-13 19:34:56,951 - INFO - Finished optimization with guess, [5.84887369e+00 4.56207445e+00 1.54320114e-02 5.79792763e-03].
2024-02-13 19:34:56,952 - INFO - Best fit parameters: [2.20862116e+00 6.83207359e-01 8.42652034e-05 3.15620559e-04].
2024-02-13 19:34:57,913 - INFO - Maximum log composite likelihood: -402.59730375523606.
2024-02-13 19:34:57,913 - INFO - Optimal value of theta: 1136.1364855549134.
2024-02-13 19:34:57,913 - INFO - Beginning optimization with guess, [1.79117053 5.9528517  0.01101368 0.01474434].
2024-02-13 19:35:37,003 - INFO - Finished optimization with guess, [1.79117053 5.9528517  0.01101368 0.01474434].
2024-02-13 19:35:37,006 - INFO - Best fit parameters: [3.82180026e-01 3.53136705e-01 3.19719557e-03 1.50817310e-08].
2024-02-13 19:35:37,974 - INFO - Maximum log composite likelihood: -354.72995800302743.
2024-02-13 19:35:37,974 - INFO - Optimal value of theta: 1215.761386586952.
2024-02-13 19:35:37,974 - INFO - Beginning optimization with guess, [2.23003583 4.73982929 0.0099319  0.01857589].
2024-02-13 19:36:17,640 - INFO - Finished optimization with guess, [2.23003583 4.73982929 0.0099319  0.01857589].
2024-02-13 19:36:17,644 - INFO - Best fit parameters: [2.50978440e+00 4.37052815e-01 8.43264089e-05 4.30164146e-03].
2024-02-13 19:36:18,587 - INFO - Maximum log composite likelihood: -354.7527012110137.
2024-02-13 19:36:18,587 - INFO - Optimal value of theta: 1218.0379506612408.
2024-02-13 19:36:18,587 - INFO - Beginning optimization with guess, [3.41158125 5.16361114 0.00631418 0.00644332].
2024-02-13 19:37:02,017 - INFO - Finished optimization with guess, [3.41158125 5.16361114 0.00631418 0.00644332].
2024-02-13 19:37:02,019 - INFO - Best fit parameters: [3.68852444e+00 4.90345247e-01 7.92201335e-06 5.17933464e-03].
2024-02-13 19:37:02,961 - INFO - Maximum log composite likelihood: -355.2998288897304.
2024-02-13 19:37:02,962 - INFO - Optimal value of theta: 1214.2696515189261.
2024-02-13 19:37:02,962 - INFO - Beginning optimization with guess, [8.36389295 3.7664304  0.01835545 0.01267972].
2024-02-13 19:37:42,957 - INFO - Finished optimization with guess, [8.36389295 3.7664304  0.01835545 0.01267972].
2024-02-13 19:37:42,959 - INFO - Best fit parameters: [1.03983261e-01 1.63503250e-01 5.07418714e-08 1.16081138e-03].
2024-02-13 19:37:43,834 - INFO - Maximum log composite likelihood: -356.80202437442.
2024-02-13 19:37:43,834 - INFO - Optimal value of theta: 1233.2992397660341.
2024-02-13 19:37:43,835 - INFO - Beginning optimization with guess, [ 6.42151891 10.69694841  0.01814847  0.01212917].
2024-02-13 19:38:24,047 - INFO - Finished optimization with guess, [ 6.42151891 10.69694841  0.01814847  0.01212917].
2024-02-13 19:38:24,051 - INFO - Best fit parameters: [8.15508349e-01 1.74008344e-04 5.02722887e-08 7.91306537e-07].
2024-02-13 19:38:24,993 - INFO - Maximum log composite likelihood: -355.28280604897174.
2024-02-13 19:38:24,993 - INFO - Optimal value of theta: 1215.412735331639.
2024-02-13 19:38:24,993 - INFO - Beginning optimization with guess, [9.11421607e+00 6.24001033e+00 5.76605958e-03 1.16291725e-02].
2024-02-13 19:39:01,513 - INFO - Finished optimization with guess, [9.11421607e+00 6.24001033e+00 5.76605958e-03 1.16291725e-02].
2024-02-13 19:39:01,516 - INFO - Best fit parameters: [1.51881669e+01 1.36219140e-02 1.09540382e-06 5.76473554e-05].
2024-02-13 19:39:02,467 - INFO - Maximum log composite likelihood: -355.2993794502091.
2024-02-13 19:39:02,467 - INFO - Optimal value of theta: 1208.6426947091938.
2024-02-13 19:39:02,468 - INFO - Beginning optimization with guess, [7.71413646 6.96054585 0.01345873 0.01142162].
2024-02-13 19:39:42,325 - INFO - Finished optimization with guess, [7.71413646 6.96054585 0.01345873 0.01142162].
2024-02-13 19:39:42,327 - INFO - Best fit parameters: [1.18635279e+00 3.10485578e-01 1.85229365e-04 3.96454690e-04].
2024-02-13 19:39:43,240 - INFO - Maximum log composite likelihood: -384.34097814454833.
2024-02-13 19:39:43,240 - INFO - Optimal value of theta: 1151.5420515479664.
2024-02-13 19:39:43,253 - INFO - Finished demographic inference.
2024-02-13 19:39:43,253 - INFO - Pipeline executed succesfully.
