2025-01-17 13:33:32,145 - INFO - Beginning execution of fit_demographic_model.py in directory /u/project/kirk/jonmah/sample_size_demography/Scripts

2025-01-17 13:33:32,145 - INFO - Progress is being logged to ../Analysis/gnomAD_660/log.log

2025-01-17 13:33:32,145 - INFO - Parsed the following arguments:
	syn_input_sfs = ../Analysis/gnomAD_660/syn_downsampled_sfs.txt
	mask_singletons = False
	mask_doubletons = False
	outprefix = ../Analysis/gnomAD_660/

2025-01-17 13:33:32,147 - INFO - Beginning demographic inference for one-epoch demographic model.
2025-01-17 13:33:32,149 - INFO - Beginning optimization with guess, [0.17370943].
2025-01-17 13:34:25,367 - INFO - Finished optimization with guess, [0.17370943].
2025-01-17 13:34:25,368 - INFO - Best fit parameters: [0.17370943].
2025-01-17 13:34:27,031 - INFO - Maximum log composite likelihood: -16783.66121738861.
2025-01-17 13:34:27,031 - INFO - Optimal value of theta: 8409.892681863885.
2025-01-17 13:34:27,032 - INFO - Beginning optimization with guess, [0.1608915].
2025-01-17 13:35:20,228 - INFO - Finished optimization with guess, [0.1608915].
2025-01-17 13:35:20,229 - INFO - Best fit parameters: [0.1608915].
2025-01-17 13:35:21,890 - INFO - Maximum log composite likelihood: -16783.66121738861.
2025-01-17 13:35:21,891 - INFO - Optimal value of theta: 8409.892681863885.
2025-01-17 13:35:21,891 - INFO - Beginning optimization with guess, [0.20879644].
2025-01-17 13:36:15,105 - INFO - Finished optimization with guess, [0.20879644].
2025-01-17 13:36:15,106 - INFO - Best fit parameters: [0.20879644].
2025-01-17 13:36:16,768 - INFO - Maximum log composite likelihood: -16783.66121738861.
2025-01-17 13:36:16,769 - INFO - Optimal value of theta: 8409.892681863885.
2025-01-17 13:36:16,769 - INFO - Beginning optimization with guess, [0.55029609].
2025-01-17 13:37:04,968 - INFO - Finished optimization with guess, [0.55029609].
2025-01-17 13:37:04,969 - INFO - Best fit parameters: [0.55029609].
2025-01-17 13:37:06,632 - INFO - Maximum log composite likelihood: -16783.66121738861.
2025-01-17 13:37:06,632 - INFO - Optimal value of theta: 8409.892681863885.
2025-01-17 13:37:06,632 - INFO - Beginning optimization with guess, [0.42263774].
2025-01-17 13:37:54,728 - INFO - Finished optimization with guess, [0.42263774].
2025-01-17 13:37:54,730 - INFO - Best fit parameters: [0.42263774].
2025-01-17 13:37:56,391 - INFO - Maximum log composite likelihood: -16783.66121738861.
2025-01-17 13:37:56,391 - INFO - Optimal value of theta: 8409.892681863885.
2025-01-17 13:37:56,391 - INFO - Beginning optimization with guess, [0.78980457].
2025-01-17 13:38:34,626 - INFO - Finished optimization with guess, [0.78980457].
2025-01-17 13:38:34,627 - INFO - Best fit parameters: [0.78980457].
2025-01-17 13:38:36,288 - INFO - Maximum log composite likelihood: -16783.66121738861.
2025-01-17 13:38:36,288 - INFO - Optimal value of theta: 8409.892681863885.
2025-01-17 13:38:36,288 - INFO - Beginning optimization with guess, [0.63128668].
2025-01-17 13:39:19,452 - INFO - Finished optimization with guess, [0.63128668].
2025-01-17 13:39:19,453 - INFO - Best fit parameters: [0.63128668].
2025-01-17 13:39:21,116 - INFO - Maximum log composite likelihood: -16783.66121738861.
2025-01-17 13:39:21,116 - INFO - Optimal value of theta: 8409.892681863885.
2025-01-17 13:39:21,116 - INFO - Beginning optimization with guess, [0.65991353].
2025-01-17 13:40:04,250 - INFO - Finished optimization with guess, [0.65991353].
2025-01-17 13:40:04,253 - INFO - Best fit parameters: [0.65991353].
2025-01-17 13:40:05,914 - INFO - Maximum log composite likelihood: -16783.66121738861.
2025-01-17 13:40:05,914 - INFO - Optimal value of theta: 8409.892681863885.
2025-01-17 13:40:05,914 - INFO - Beginning optimization with guess, [0.71431296].
2025-01-17 13:40:49,123 - INFO - Finished optimization with guess, [0.71431296].
2025-01-17 13:40:49,124 - INFO - Best fit parameters: [0.71431296].
2025-01-17 13:40:50,785 - INFO - Maximum log composite likelihood: -16783.66121738861.
2025-01-17 13:40:50,785 - INFO - Optimal value of theta: 8409.892681863885.
2025-01-17 13:40:50,785 - INFO - Beginning optimization with guess, [0.78175622].
2025-01-17 13:41:28,378 - INFO - Finished optimization with guess, [0.78175622].
2025-01-17 13:41:28,381 - INFO - Best fit parameters: [0.78175622].
2025-01-17 13:41:30,006 - INFO - Maximum log composite likelihood: -16783.66121738861.
2025-01-17 13:41:30,006 - INFO - Optimal value of theta: 8409.892681863885.
2025-01-17 13:41:30,006 - INFO - Beginning optimization with guess, [1.15232039].
2025-01-17 13:42:07,353 - INFO - Finished optimization with guess, [1.15232039].
2025-01-17 13:42:07,354 - INFO - Best fit parameters: [1.15232039].
2025-01-17 13:42:08,976 - INFO - Maximum log composite likelihood: -16783.66121738861.
2025-01-17 13:42:08,976 - INFO - Optimal value of theta: 8409.892681863885.
2025-01-17 13:42:08,976 - INFO - Beginning optimization with guess, [1.03809036].
2025-01-17 13:42:36,567 - INFO - Finished optimization with guess, [1.03809036].
2025-01-17 13:42:36,568 - INFO - Best fit parameters: [1.03809036].
2025-01-17 13:42:38,197 - INFO - Maximum log composite likelihood: -16783.66121738861.
2025-01-17 13:42:38,197 - INFO - Optimal value of theta: 8409.892681863885.
2025-01-17 13:42:38,198 - INFO - Beginning optimization with guess, [2.23769586].
2025-01-17 13:43:25,290 - INFO - Finished optimization with guess, [2.23769586].
2025-01-17 13:43:25,291 - INFO - Best fit parameters: [2.23769586].
2025-01-17 13:43:26,914 - INFO - Maximum log composite likelihood: -16783.66121738861.
2025-01-17 13:43:26,914 - INFO - Optimal value of theta: 8409.892681863885.
2025-01-17 13:43:26,914 - INFO - Beginning optimization with guess, [3.90182497].
2025-01-17 13:44:18,858 - INFO - Finished optimization with guess, [3.90182497].
2025-01-17 13:44:18,858 - INFO - Best fit parameters: [3.90182497].
2025-01-17 13:44:20,481 - INFO - Maximum log composite likelihood: -16783.66121738861.
2025-01-17 13:44:20,481 - INFO - Optimal value of theta: 8409.892681863885.
2025-01-17 13:44:20,481 - INFO - Beginning optimization with guess, [4.34892751].
2025-01-17 13:45:12,433 - INFO - Finished optimization with guess, [4.34892751].
2025-01-17 13:45:12,433 - INFO - Best fit parameters: [4.34892751].
2025-01-17 13:45:14,065 - INFO - Maximum log composite likelihood: -16783.66121738861.
2025-01-17 13:45:14,065 - INFO - Optimal value of theta: 8409.892681863885.
2025-01-17 13:45:14,065 - INFO - Beginning optimization with guess, [4.26274504].
2025-01-17 13:46:06,001 - INFO - Finished optimization with guess, [4.26274504].
2025-01-17 13:46:06,002 - INFO - Best fit parameters: [4.26274504].
2025-01-17 13:46:07,623 - INFO - Maximum log composite likelihood: -16783.66121738861.
2025-01-17 13:46:07,623 - INFO - Optimal value of theta: 8409.892681863885.
2025-01-17 13:46:07,623 - INFO - Beginning optimization with guess, [1.94787638].
2025-01-17 13:46:54,675 - INFO - Finished optimization with guess, [1.94787638].
2025-01-17 13:46:54,676 - INFO - Best fit parameters: [1.94787638].
2025-01-17 13:46:56,299 - INFO - Maximum log composite likelihood: -16783.66121738861.
2025-01-17 13:46:56,300 - INFO - Optimal value of theta: 8409.892681863885.
2025-01-17 13:46:56,300 - INFO - Beginning optimization with guess, [3.67653546].
2025-01-17 13:47:48,213 - INFO - Finished optimization with guess, [3.67653546].
2025-01-17 13:47:48,213 - INFO - Best fit parameters: [3.67653546].
2025-01-17 13:47:49,835 - INFO - Maximum log composite likelihood: -16783.66121738861.
2025-01-17 13:47:49,835 - INFO - Optimal value of theta: 8409.892681863885.
2025-01-17 13:47:49,835 - INFO - Beginning optimization with guess, [2.50906403].
2025-01-17 13:48:36,901 - INFO - Finished optimization with guess, [2.50906403].
2025-01-17 13:48:36,902 - INFO - Best fit parameters: [2.50906403].
2025-01-17 13:48:38,525 - INFO - Maximum log composite likelihood: -16783.66121738861.
2025-01-17 13:48:38,525 - INFO - Optimal value of theta: 8409.892681863885.
2025-01-17 13:48:38,525 - INFO - Beginning optimization with guess, [4.47249573].
2025-01-17 13:49:30,421 - INFO - Finished optimization with guess, [4.47249573].
2025-01-17 13:49:30,422 - INFO - Best fit parameters: [4.47249573].
2025-01-17 13:49:32,040 - INFO - Maximum log composite likelihood: -16783.66121738861.
2025-01-17 13:49:32,040 - INFO - Optimal value of theta: 8409.892681863885.
2025-01-17 13:49:32,040 - INFO - Beginning optimization with guess, [2.66885054].
2025-01-17 13:50:19,047 - INFO - Finished optimization with guess, [2.66885054].
2025-01-17 13:50:19,048 - INFO - Best fit parameters: [2.66885054].
2025-01-17 13:50:20,668 - INFO - Maximum log composite likelihood: -16783.66121738861.
2025-01-17 13:50:20,669 - INFO - Optimal value of theta: 8409.892681863885.
2025-01-17 13:50:20,669 - INFO - Beginning optimization with guess, [4.2695133].
2025-01-17 13:51:12,490 - INFO - Finished optimization with guess, [4.2695133].
2025-01-17 13:51:12,492 - INFO - Best fit parameters: [4.2695133].
2025-01-17 13:51:14,008 - INFO - Maximum log composite likelihood: -16783.66121738861.
2025-01-17 13:51:14,008 - INFO - Optimal value of theta: 8409.892681863885.
2025-01-17 13:51:14,008 - INFO - Beginning optimization with guess, [5.86995583].
2025-01-17 13:52:02,119 - INFO - Finished optimization with guess, [5.86995583].
2025-01-17 13:52:02,120 - INFO - Best fit parameters: [5.86995583].
2025-01-17 13:52:03,620 - INFO - Maximum log composite likelihood: -16783.66121738861.
2025-01-17 13:52:03,620 - INFO - Optimal value of theta: 8409.892681863885.
2025-01-17 13:52:03,621 - INFO - Beginning optimization with guess, [4.60592366].
2025-01-17 13:52:48,447 - INFO - Finished optimization with guess, [4.60592366].
2025-01-17 13:52:48,449 - INFO - Best fit parameters: [4.60592366].
2025-01-17 13:52:49,842 - INFO - Maximum log composite likelihood: -16783.66121738861.
2025-01-17 13:52:49,842 - INFO - Optimal value of theta: 8409.892681863885.
2025-01-17 13:52:49,843 - INFO - Beginning optimization with guess, [7.8505698].
2025-01-17 13:53:37,670 - INFO - Finished optimization with guess, [7.8505698].
2025-01-17 13:53:37,672 - INFO - Best fit parameters: [7.8505698].
2025-01-17 13:53:39,025 - INFO - Maximum log composite likelihood: -16783.66121738861.
2025-01-17 13:53:39,025 - INFO - Optimal value of theta: 8409.892681863885.
2025-01-17 13:53:39,035 - INFO - Finished demographic inference.
2025-01-17 13:53:39,035 - INFO - Pipeline executed succesfully.
