2024-03-14 21:47:38,257 - INFO - Beginning execution of fit_demographic_model.py in directory /u/project/kirk/jonmah/sample_size_demography/Scripts

2024-03-14 21:47:38,257 - INFO - Progress is being logged to ../Analysis/ThreeEpochExpansion_330/log.log

2024-03-14 21:47:38,257 - INFO - Parsed the following arguments:
	syn_input_sfs = ../Analysis/ThreeEpochExpansion_330/syn_downsampled_sfs.txt
	mask_singletons = False
	mask_doubletons = False
	outprefix = ../Analysis/ThreeEpochExpansion_330/

2024-03-14 21:47:38,282 - INFO - Beginning demographic inference for one-epoch demographic model.
2024-03-14 21:47:38,283 - INFO - Beginning optimization with guess, [0.11586323].
2024-03-14 21:48:25,306 - INFO - Finished optimization with guess, [0.11586323].
2024-03-14 21:48:25,310 - INFO - Best fit parameters: [0.11586323].
2024-03-14 21:48:26,616 - INFO - Maximum log composite likelihood: -7465.707961604983.
2024-03-14 21:48:26,616 - INFO - Optimal value of theta: 17407.957285387718.
2024-03-14 21:48:26,616 - INFO - Beginning optimization with guess, [0.32555338].
2024-03-14 21:49:09,107 - INFO - Finished optimization with guess, [0.32555338].
2024-03-14 21:49:09,109 - INFO - Best fit parameters: [0.32555338].
2024-03-14 21:49:10,469 - INFO - Maximum log composite likelihood: -7465.707961604983.
2024-03-14 21:49:10,470 - INFO - Optimal value of theta: 17407.957285387718.
2024-03-14 21:49:10,470 - INFO - Beginning optimization with guess, [0.18791208].
2024-03-14 21:49:53,119 - INFO - Finished optimization with guess, [0.18791208].
2024-03-14 21:49:53,121 - INFO - Best fit parameters: [0.18791208].
2024-03-14 21:49:54,422 - INFO - Maximum log composite likelihood: -7465.707961604983.
2024-03-14 21:49:54,422 - INFO - Optimal value of theta: 17407.957285387718.
2024-03-14 21:49:54,423 - INFO - Beginning optimization with guess, [0.31763727].
2024-03-14 21:50:37,259 - INFO - Finished optimization with guess, [0.31763727].
2024-03-14 21:50:37,263 - INFO - Best fit parameters: [0.31763727].
2024-03-14 21:50:38,639 - INFO - Maximum log composite likelihood: -7465.707961604983.
2024-03-14 21:50:38,639 - INFO - Optimal value of theta: 17407.957285387718.
2024-03-14 21:50:38,640 - INFO - Beginning optimization with guess, [0.71502746].
2024-03-14 21:51:12,937 - INFO - Finished optimization with guess, [0.71502746].
2024-03-14 21:51:12,939 - INFO - Best fit parameters: [0.71502746].
2024-03-14 21:51:14,241 - INFO - Maximum log composite likelihood: -7465.707961604983.
2024-03-14 21:51:14,241 - INFO - Optimal value of theta: 17407.957285387718.
2024-03-14 21:51:14,242 - INFO - Beginning optimization with guess, [0.42885844].
2024-03-14 21:51:53,047 - INFO - Finished optimization with guess, [0.42885844].
2024-03-14 21:51:53,049 - INFO - Best fit parameters: [0.42885844].
2024-03-14 21:51:54,352 - INFO - Maximum log composite likelihood: -7465.707961604983.
2024-03-14 21:51:54,352 - INFO - Optimal value of theta: 17407.957285387718.
2024-03-14 21:51:54,352 - INFO - Beginning optimization with guess, [0.96729422].
2024-03-14 21:52:16,960 - INFO - Finished optimization with guess, [0.96729422].
2024-03-14 21:52:16,962 - INFO - Best fit parameters: [0.96729422].
2024-03-14 21:52:18,261 - INFO - Maximum log composite likelihood: -7465.707961604983.
2024-03-14 21:52:18,261 - INFO - Optimal value of theta: 17407.957285387718.
2024-03-14 21:52:18,262 - INFO - Beginning optimization with guess, [0.79775131].
2024-03-14 21:52:48,819 - INFO - Finished optimization with guess, [0.79775131].
2024-03-14 21:52:48,823 - INFO - Best fit parameters: [0.79775131].
2024-03-14 21:52:50,146 - INFO - Maximum log composite likelihood: -7465.707961604983.
2024-03-14 21:52:50,146 - INFO - Optimal value of theta: 17407.957285387718.
2024-03-14 21:52:50,146 - INFO - Beginning optimization with guess, [1.61315563].
2024-03-14 21:53:24,634 - INFO - Finished optimization with guess, [1.61315563].
2024-03-14 21:53:24,635 - INFO - Best fit parameters: [1.61315563].
2024-03-14 21:53:25,955 - INFO - Maximum log composite likelihood: -7465.707961604983.
2024-03-14 21:53:25,955 - INFO - Optimal value of theta: 17407.957285387718.
2024-03-14 21:53:25,956 - INFO - Beginning optimization with guess, [1.73480993].
2024-03-14 21:54:04,613 - INFO - Finished optimization with guess, [1.73480993].
2024-03-14 21:54:04,614 - INFO - Best fit parameters: [1.73480993].
2024-03-14 21:54:05,957 - INFO - Maximum log composite likelihood: -7465.707961604983.
2024-03-14 21:54:05,957 - INFO - Optimal value of theta: 17407.957285387718.
2024-03-14 21:54:05,957 - INFO - Beginning optimization with guess, [1.29521394].
2024-03-14 21:54:40,512 - INFO - Finished optimization with guess, [1.29521394].
2024-03-14 21:54:40,513 - INFO - Best fit parameters: [1.29521394].
2024-03-14 21:54:41,836 - INFO - Maximum log composite likelihood: -7465.707961604983.
2024-03-14 21:54:41,836 - INFO - Optimal value of theta: 17407.957285387718.
2024-03-14 21:54:41,836 - INFO - Beginning optimization with guess, [0.8796958].
2024-03-14 21:55:12,781 - INFO - Finished optimization with guess, [0.8796958].
2024-03-14 21:55:12,782 - INFO - Best fit parameters: [0.8796958].
2024-03-14 21:55:14,122 - INFO - Maximum log composite likelihood: -7465.707961604983.
2024-03-14 21:55:14,124 - INFO - Optimal value of theta: 17407.957285387718.
2024-03-14 21:55:14,125 - INFO - Beginning optimization with guess, [3.05682326].
2024-03-14 21:55:56,806 - INFO - Finished optimization with guess, [3.05682326].
2024-03-14 21:55:56,808 - INFO - Best fit parameters: [3.05682326].
2024-03-14 21:55:58,144 - INFO - Maximum log composite likelihood: -7465.707961604983.
2024-03-14 21:55:58,144 - INFO - Optimal value of theta: 17407.957285387718.
2024-03-14 21:55:58,144 - INFO - Beginning optimization with guess, [3.01347492].
2024-03-14 21:56:40,719 - INFO - Finished optimization with guess, [3.01347492].
2024-03-14 21:56:40,720 - INFO - Best fit parameters: [3.01347492].
2024-03-14 21:56:42,059 - INFO - Maximum log composite likelihood: -7465.707961604983.
2024-03-14 21:56:42,059 - INFO - Optimal value of theta: 17407.957285387718.
2024-03-14 21:56:42,060 - INFO - Beginning optimization with guess, [4.29409493].
2024-03-14 21:57:24,400 - INFO - Finished optimization with guess, [4.29409493].
2024-03-14 21:57:24,401 - INFO - Best fit parameters: [4.29409493].
2024-03-14 21:57:25,723 - INFO - Maximum log composite likelihood: -7465.707961604983.
2024-03-14 21:57:25,724 - INFO - Optimal value of theta: 17407.957285387718.
2024-03-14 21:57:25,724 - INFO - Beginning optimization with guess, [4.92165119].
2024-03-14 21:58:08,382 - INFO - Finished optimization with guess, [4.92165119].
2024-03-14 21:58:08,383 - INFO - Best fit parameters: [4.92165119].
2024-03-14 21:58:09,734 - INFO - Maximum log composite likelihood: -7465.707961604983.
2024-03-14 21:58:09,734 - INFO - Optimal value of theta: 17407.957285387718.
2024-03-14 21:58:09,735 - INFO - Beginning optimization with guess, [5.44155861].
2024-03-14 21:58:53,194 - INFO - Finished optimization with guess, [5.44155861].
2024-03-14 21:58:53,196 - INFO - Best fit parameters: [5.44155861].
2024-03-14 21:58:54,523 - INFO - Maximum log composite likelihood: -7465.707961604983.
2024-03-14 21:58:54,523 - INFO - Optimal value of theta: 17407.957285387718.
2024-03-14 21:58:54,524 - INFO - Beginning optimization with guess, [3.5128791].
2024-03-14 21:59:37,689 - INFO - Finished optimization with guess, [3.5128791].
2024-03-14 21:59:37,690 - INFO - Best fit parameters: [3.5128791].
2024-03-14 21:59:39,008 - INFO - Maximum log composite likelihood: -7465.707961604983.
2024-03-14 21:59:39,009 - INFO - Optimal value of theta: 17407.957285387718.
2024-03-14 21:59:39,009 - INFO - Beginning optimization with guess, [3.69716407].
2024-03-14 22:00:21,471 - INFO - Finished optimization with guess, [3.69716407].
2024-03-14 22:00:21,472 - INFO - Best fit parameters: [3.69716407].
2024-03-14 22:00:22,835 - INFO - Maximum log composite likelihood: -7465.707961604983.
2024-03-14 22:00:22,836 - INFO - Optimal value of theta: 17407.957285387718.
2024-03-14 22:00:22,836 - INFO - Beginning optimization with guess, [6.91672059].
2024-03-14 22:01:06,092 - INFO - Finished optimization with guess, [6.91672059].
2024-03-14 22:01:06,094 - INFO - Best fit parameters: [6.91672059].
2024-03-14 22:01:07,405 - INFO - Maximum log composite likelihood: -7465.707961604983.
2024-03-14 22:01:07,405 - INFO - Optimal value of theta: 17407.957285387718.
2024-03-14 22:01:07,406 - INFO - Beginning optimization with guess, [3.30507894].
2024-03-14 22:01:49,870 - INFO - Finished optimization with guess, [3.30507894].
2024-03-14 22:01:49,872 - INFO - Best fit parameters: [3.30507894].
2024-03-14 22:01:51,182 - INFO - Maximum log composite likelihood: -7465.707961604983.
2024-03-14 22:01:51,183 - INFO - Optimal value of theta: 17407.957285387718.
2024-03-14 22:01:51,183 - INFO - Beginning optimization with guess, [4.20963696].
2024-03-14 22:02:34,342 - INFO - Finished optimization with guess, [4.20963696].
2024-03-14 22:02:34,343 - INFO - Best fit parameters: [4.20963696].
2024-03-14 22:02:35,705 - INFO - Maximum log composite likelihood: -7465.707961604983.
2024-03-14 22:02:35,705 - INFO - Optimal value of theta: 17407.957285387718.
2024-03-14 22:02:35,705 - INFO - Beginning optimization with guess, [10.78336259].
2024-03-14 22:03:23,285 - INFO - Finished optimization with guess, [10.78336259].
2024-03-14 22:03:23,286 - INFO - Best fit parameters: [10.78336259].
2024-03-14 22:03:24,632 - INFO - Maximum log composite likelihood: -7465.707961604983.
2024-03-14 22:03:24,632 - INFO - Optimal value of theta: 17407.957285387718.
2024-03-14 22:03:24,632 - INFO - Beginning optimization with guess, [4.11307519].
2024-03-14 22:04:07,194 - INFO - Finished optimization with guess, [4.11307519].
2024-03-14 22:04:07,195 - INFO - Best fit parameters: [4.11307519].
2024-03-14 22:04:08,501 - INFO - Maximum log composite likelihood: -7465.707961604983.
2024-03-14 22:04:08,501 - INFO - Optimal value of theta: 17407.957285387718.
2024-03-14 22:04:08,502 - INFO - Beginning optimization with guess, [7.57907165].
2024-03-14 22:04:51,143 - INFO - Finished optimization with guess, [7.57907165].
2024-03-14 22:04:51,144 - INFO - Best fit parameters: [7.57907165].
2024-03-14 22:04:52,497 - INFO - Maximum log composite likelihood: -7465.707961604983.
2024-03-14 22:04:52,497 - INFO - Optimal value of theta: 17407.957285387718.
2024-03-14 22:04:52,507 - INFO - Finished demographic inference.
2024-03-14 22:04:52,507 - INFO - Pipeline executed succesfully.
