2025-08-12 10:40:11,556 - INFO - Beginning execution of fit_demographic_model.py in directory /u/project/kirk-bigdata/jonmah/sample_size_demography/Scripts

2025-08-12 10:40:11,557 - INFO - Progress is being logged to ../Analysis/msprime_3EpB_500/log.log

2025-08-12 10:40:11,557 - INFO - Parsed the following arguments:
	syn_input_sfs = ../Simulations/simple_simulations/ThreeEpochBottleneck_500_concat.sfs
	mask_singletons = False
	mask_doubletons = False
	L_syn = 100000000.0
	input_params = []
	outprefix = ../Analysis/msprime_3EpB_500/

2025-08-12 10:40:11,569 - INFO - Beginning demographic inference for one-epoch demographic model.
2025-08-12 10:40:11,571 - INFO - Beginning optimization with guess, [0.05885983].
2025-08-12 10:40:13,962 - INFO - Finished optimization with guess, [0.05885983].
2025-08-12 10:40:13,963 - INFO - Best fit parameters: [0.05885983].
2025-08-12 10:40:15,168 - INFO - Maximum log composite likelihood: -81105.31865432733.
2025-08-12 10:40:15,169 - INFO - Optimal value of theta: 33451.26313637122.
2025-08-12 10:40:15,169 - INFO - Beginning optimization with guess, [0.25504874].
2025-08-12 10:40:17,592 - INFO - Finished optimization with guess, [0.25504874].
2025-08-12 10:40:17,593 - INFO - Best fit parameters: [0.25504874].
2025-08-12 10:40:18,803 - INFO - Maximum log composite likelihood: -81105.31865432733.
2025-08-12 10:40:18,803 - INFO - Optimal value of theta: 33451.26313637122.
2025-08-12 10:40:18,803 - INFO - Beginning optimization with guess, [0.27619337].
2025-08-12 10:40:21,219 - INFO - Finished optimization with guess, [0.27619337].
2025-08-12 10:40:21,220 - INFO - Best fit parameters: [0.27619337].
2025-08-12 10:40:22,397 - INFO - Maximum log composite likelihood: -81105.31865432733.
2025-08-12 10:40:22,397 - INFO - Optimal value of theta: 33451.26313637122.
2025-08-12 10:40:22,397 - INFO - Beginning optimization with guess, [0.24797849].
2025-08-12 10:40:24,757 - INFO - Finished optimization with guess, [0.24797849].
2025-08-12 10:40:24,757 - INFO - Best fit parameters: [0.24797849].
2025-08-12 10:40:25,944 - INFO - Maximum log composite likelihood: -81105.31865432733.
2025-08-12 10:40:25,944 - INFO - Optimal value of theta: 33451.26313637122.
2025-08-12 10:40:25,944 - INFO - Beginning optimization with guess, [0.31434224].
2025-08-12 10:40:28,273 - INFO - Finished optimization with guess, [0.31434224].
2025-08-12 10:40:28,273 - INFO - Best fit parameters: [0.31434224].
2025-08-12 10:40:29,413 - INFO - Maximum log composite likelihood: -81105.31865432733.
2025-08-12 10:40:29,413 - INFO - Optimal value of theta: 33451.26313637122.
2025-08-12 10:40:29,413 - INFO - Beginning optimization with guess, [0.33125276].
2025-08-12 10:40:31,679 - INFO - Finished optimization with guess, [0.33125276].
2025-08-12 10:40:31,679 - INFO - Best fit parameters: [0.33125276].
2025-08-12 10:40:32,809 - INFO - Maximum log composite likelihood: -81105.31865432733.
2025-08-12 10:40:32,809 - INFO - Optimal value of theta: 33451.26313637122.
2025-08-12 10:40:32,809 - INFO - Beginning optimization with guess, [1.38984802].
2025-08-12 10:40:35,071 - INFO - Finished optimization with guess, [1.38984802].
2025-08-12 10:40:35,072 - INFO - Best fit parameters: [1.38984802].
2025-08-12 10:40:36,201 - INFO - Maximum log composite likelihood: -81105.31865432733.
2025-08-12 10:40:36,201 - INFO - Optimal value of theta: 33451.26313637122.
2025-08-12 10:40:36,201 - INFO - Beginning optimization with guess, [0.43513752].
2025-08-12 10:40:38,465 - INFO - Finished optimization with guess, [0.43513752].
2025-08-12 10:40:38,466 - INFO - Best fit parameters: [0.43513752].
2025-08-12 10:40:39,593 - INFO - Maximum log composite likelihood: -81105.31865432733.
2025-08-12 10:40:39,593 - INFO - Optimal value of theta: 33451.26313637122.
2025-08-12 10:40:39,594 - INFO - Beginning optimization with guess, [1.52008417].
2025-08-12 10:40:41,852 - INFO - Finished optimization with guess, [1.52008417].
2025-08-12 10:40:41,852 - INFO - Best fit parameters: [1.52008417].
2025-08-12 10:40:42,979 - INFO - Maximum log composite likelihood: -81105.31865432733.
2025-08-12 10:40:42,979 - INFO - Optimal value of theta: 33451.26313637122.
2025-08-12 10:40:42,979 - INFO - Beginning optimization with guess, [0.83041843].
2025-08-12 10:40:45,241 - INFO - Finished optimization with guess, [0.83041843].
2025-08-12 10:40:45,241 - INFO - Best fit parameters: [0.83041843].
2025-08-12 10:40:46,368 - INFO - Maximum log composite likelihood: -81105.31865432733.
2025-08-12 10:40:46,368 - INFO - Optimal value of theta: 33451.26313637122.
2025-08-12 10:40:46,369 - INFO - Beginning optimization with guess, [1.50123426].
2025-08-12 10:40:48,624 - INFO - Finished optimization with guess, [1.50123426].
2025-08-12 10:40:48,624 - INFO - Best fit parameters: [1.50123426].
2025-08-12 10:40:49,753 - INFO - Maximum log composite likelihood: -81105.31865432733.
2025-08-12 10:40:49,754 - INFO - Optimal value of theta: 33451.26313637122.
2025-08-12 10:40:49,754 - INFO - Beginning optimization with guess, [0.97607671].
2025-08-12 10:40:52,011 - INFO - Finished optimization with guess, [0.97607671].
2025-08-12 10:40:52,011 - INFO - Best fit parameters: [0.97607671].
2025-08-12 10:40:53,144 - INFO - Maximum log composite likelihood: -81105.31865432733.
2025-08-12 10:40:53,144 - INFO - Optimal value of theta: 33451.26313637122.
2025-08-12 10:40:53,145 - INFO - Beginning optimization with guess, [2.2269403].
2025-08-12 10:40:55,404 - INFO - Finished optimization with guess, [2.2269403].
2025-08-12 10:40:55,405 - INFO - Best fit parameters: [2.2269403].
2025-08-12 10:40:56,533 - INFO - Maximum log composite likelihood: -81105.31865432733.
2025-08-12 10:40:56,533 - INFO - Optimal value of theta: 33451.26313637122.
2025-08-12 10:40:56,534 - INFO - Beginning optimization with guess, [3.89713188].
2025-08-12 10:40:58,789 - INFO - Finished optimization with guess, [3.89713188].
2025-08-12 10:40:58,789 - INFO - Best fit parameters: [3.89713188].
2025-08-12 10:40:59,925 - INFO - Maximum log composite likelihood: -81105.31865432733.
2025-08-12 10:40:59,925 - INFO - Optimal value of theta: 33451.26313637122.
2025-08-12 10:40:59,925 - INFO - Beginning optimization with guess, [2.51209449].
2025-08-12 10:41:02,184 - INFO - Finished optimization with guess, [2.51209449].
2025-08-12 10:41:02,184 - INFO - Best fit parameters: [2.51209449].
2025-08-12 10:41:03,311 - INFO - Maximum log composite likelihood: -81105.31865432733.
2025-08-12 10:41:03,311 - INFO - Optimal value of theta: 33451.26313637122.
2025-08-12 10:41:03,311 - INFO - Beginning optimization with guess, [1.96273433].
2025-08-12 10:41:05,566 - INFO - Finished optimization with guess, [1.96273433].
2025-08-12 10:41:05,566 - INFO - Best fit parameters: [1.96273433].
2025-08-12 10:41:06,679 - INFO - Maximum log composite likelihood: -81105.31865432733.
2025-08-12 10:41:06,679 - INFO - Optimal value of theta: 33451.26313637122.
2025-08-12 10:41:06,680 - INFO - Beginning optimization with guess, [4.37991289].
2025-08-12 10:41:09,146 - INFO - Finished optimization with guess, [4.37991289].
2025-08-12 10:41:09,147 - INFO - Best fit parameters: [4.37991289].
2025-08-12 10:41:10,307 - INFO - Maximum log composite likelihood: -81105.31865432733.
2025-08-12 10:41:10,307 - INFO - Optimal value of theta: 33451.26313637122.
2025-08-12 10:41:10,308 - INFO - Beginning optimization with guess, [1.88144394].
2025-08-12 10:41:12,548 - INFO - Finished optimization with guess, [1.88144394].
2025-08-12 10:41:12,548 - INFO - Best fit parameters: [1.88144394].
2025-08-12 10:41:13,669 - INFO - Maximum log composite likelihood: -81105.31865432733.
2025-08-12 10:41:13,669 - INFO - Optimal value of theta: 33451.26313637122.
2025-08-12 10:41:13,669 - INFO - Beginning optimization with guess, [1.95887433].
2025-08-12 10:41:15,906 - INFO - Finished optimization with guess, [1.95887433].
2025-08-12 10:41:15,906 - INFO - Best fit parameters: [1.95887433].
2025-08-12 10:41:17,017 - INFO - Maximum log composite likelihood: -81105.31865432733.
2025-08-12 10:41:17,017 - INFO - Optimal value of theta: 33451.26313637122.
2025-08-12 10:41:17,017 - INFO - Beginning optimization with guess, [2.63726683].
2025-08-12 10:41:19,237 - INFO - Finished optimization with guess, [2.63726683].
2025-08-12 10:41:19,237 - INFO - Best fit parameters: [2.63726683].
2025-08-12 10:41:20,342 - INFO - Maximum log composite likelihood: -81105.31865432733.
2025-08-12 10:41:20,342 - INFO - Optimal value of theta: 33451.26313637122.
2025-08-12 10:41:20,342 - INFO - Beginning optimization with guess, [4.97484921].
2025-08-12 10:41:22,566 - INFO - Finished optimization with guess, [4.97484921].
2025-08-12 10:41:22,566 - INFO - Best fit parameters: [4.97484921].
2025-08-12 10:41:23,673 - INFO - Maximum log composite likelihood: -81105.31865432733.
2025-08-12 10:41:23,673 - INFO - Optimal value of theta: 33451.26313637122.
2025-08-12 10:41:23,673 - INFO - Beginning optimization with guess, [5.25015286].
2025-08-12 10:41:25,896 - INFO - Finished optimization with guess, [5.25015286].
2025-08-12 10:41:25,897 - INFO - Best fit parameters: [5.25015286].
2025-08-12 10:41:27,009 - INFO - Maximum log composite likelihood: -81105.31865432733.
2025-08-12 10:41:27,009 - INFO - Optimal value of theta: 33451.26313637122.
2025-08-12 10:41:27,009 - INFO - Beginning optimization with guess, [3.44125792].
2025-08-12 10:41:29,325 - INFO - Finished optimization with guess, [3.44125792].
2025-08-12 10:41:29,326 - INFO - Best fit parameters: [3.44125792].
2025-08-12 10:41:30,661 - INFO - Maximum log composite likelihood: -81105.31865432733.
2025-08-12 10:41:30,661 - INFO - Optimal value of theta: 33451.26313637122.
2025-08-12 10:41:30,662 - INFO - Beginning optimization with guess, [8.25615324].
2025-08-12 10:41:33,305 - INFO - Finished optimization with guess, [8.25615324].
2025-08-12 10:41:33,306 - INFO - Best fit parameters: [8.25615324].
2025-08-12 10:41:34,521 - INFO - Maximum log composite likelihood: -81105.31865432733.
2025-08-12 10:41:34,521 - INFO - Optimal value of theta: 33451.26313637122.
2025-08-12 10:41:34,521 - INFO - Beginning optimization with guess, [11.73622826].
2025-08-12 10:41:36,942 - INFO - Finished optimization with guess, [11.73622826].
2025-08-12 10:41:36,942 - INFO - Best fit parameters: [11.73622826].
2025-08-12 10:41:38,153 - INFO - Maximum log composite likelihood: -81105.31865432733.
2025-08-12 10:41:38,153 - INFO - Optimal value of theta: 33451.26313637122.
2025-08-12 10:41:38,156 - INFO - Converting and interpreting Tau estimates.
2025-08-12 10:41:38,157 - INFO - Finished demographic inference.
2025-08-12 10:41:38,157 - INFO - Pipeline executed succesfully.
