2024-03-15 20:42:33,187 - INFO - Beginning execution of fit_demographic_model.py in directory /u/project/kirk/jonmah/sample_size_demography/Scripts

2024-03-15 20:42:33,188 - INFO - Progress is being logged to ../Analysis/TwoEpochContraction_550/log.log

2024-03-15 20:42:33,188 - INFO - Parsed the following arguments:
	syn_input_sfs = ../Analysis/TwoEpochContraction_550/syn_downsampled_sfs.txt
	mask_singletons = False
	mask_doubletons = False
	outprefix = ../Analysis/TwoEpochContraction_550/

2024-03-15 20:42:33,214 - INFO - Beginning demographic inference for one-epoch demographic model.
2024-03-15 20:42:33,216 - INFO - Beginning optimization with guess, [0.1074822].
2024-03-15 20:43:36,574 - INFO - Finished optimization with guess, [0.1074822].
2024-03-15 20:43:36,575 - INFO - Best fit parameters: [0.1074822].
2024-03-15 20:43:38,422 - INFO - Maximum log composite likelihood: -3129.9361452190283.
2024-03-15 20:43:38,422 - INFO - Optimal value of theta: 8432.244825335245.
2024-03-15 20:43:38,423 - INFO - Beginning optimization with guess, [0.11730608].
2024-03-15 20:44:41,709 - INFO - Finished optimization with guess, [0.11730608].
2024-03-15 20:44:41,711 - INFO - Best fit parameters: [0.11730608].
2024-03-15 20:44:43,559 - INFO - Maximum log composite likelihood: -3129.9361452190283.
2024-03-15 20:44:43,559 - INFO - Optimal value of theta: 8432.244825335245.
2024-03-15 20:44:43,559 - INFO - Beginning optimization with guess, [0.55799589].
2024-03-15 20:45:35,726 - INFO - Finished optimization with guess, [0.55799589].
2024-03-15 20:45:35,727 - INFO - Best fit parameters: [0.55799589].
2024-03-15 20:45:37,573 - INFO - Maximum log composite likelihood: -3129.9361452190283.
2024-03-15 20:45:37,573 - INFO - Optimal value of theta: 8432.244825335245.
2024-03-15 20:45:37,574 - INFO - Beginning optimization with guess, [0.6931083].
2024-03-15 20:46:24,330 - INFO - Finished optimization with guess, [0.6931083].
2024-03-15 20:46:24,331 - INFO - Best fit parameters: [0.6931083].
2024-03-15 20:46:26,124 - INFO - Maximum log composite likelihood: -3129.9361452190283.
2024-03-15 20:46:26,124 - INFO - Optimal value of theta: 8432.244825335245.
2024-03-15 20:46:26,124 - INFO - Beginning optimization with guess, [0.39698782].
2024-03-15 20:47:18,692 - INFO - Finished optimization with guess, [0.39698782].
2024-03-15 20:47:18,693 - INFO - Best fit parameters: [0.39698782].
2024-03-15 20:47:20,493 - INFO - Maximum log composite likelihood: -3129.9361452190283.
2024-03-15 20:47:20,494 - INFO - Optimal value of theta: 8432.244825335245.
2024-03-15 20:47:20,494 - INFO - Beginning optimization with guess, [0.71709907].
2024-03-15 20:48:07,873 - INFO - Finished optimization with guess, [0.71709907].
2024-03-15 20:48:07,875 - INFO - Best fit parameters: [0.71709907].
2024-03-15 20:48:09,721 - INFO - Maximum log composite likelihood: -3129.9361452190283.
2024-03-15 20:48:09,721 - INFO - Optimal value of theta: 8432.244825335245.
2024-03-15 20:48:09,721 - INFO - Beginning optimization with guess, [0.41964721].
2024-03-15 20:49:02,337 - INFO - Finished optimization with guess, [0.41964721].
2024-03-15 20:49:02,340 - INFO - Best fit parameters: [0.41964721].
2024-03-15 20:49:04,188 - INFO - Maximum log composite likelihood: -3129.9361452190283.
2024-03-15 20:49:04,188 - INFO - Optimal value of theta: 8432.244825335245.
2024-03-15 20:49:04,188 - INFO - Beginning optimization with guess, [1.48142872].
2024-03-15 20:49:48,389 - INFO - Finished optimization with guess, [1.48142872].
2024-03-15 20:49:48,391 - INFO - Best fit parameters: [1.48142872].
2024-03-15 20:49:50,266 - INFO - Maximum log composite likelihood: -3129.9361452190283.
2024-03-15 20:49:50,266 - INFO - Optimal value of theta: 8432.244825335245.
2024-03-15 20:49:50,267 - INFO - Beginning optimization with guess, [0.60657003].
2024-03-15 20:50:36,701 - INFO - Finished optimization with guess, [0.60657003].
2024-03-15 20:50:36,702 - INFO - Best fit parameters: [0.60657003].
2024-03-15 20:50:38,552 - INFO - Maximum log composite likelihood: -3129.9361452190283.
2024-03-15 20:50:38,552 - INFO - Optimal value of theta: 8432.244825335245.
2024-03-15 20:50:38,552 - INFO - Beginning optimization with guess, [0.60746143].
2024-03-15 20:51:25,470 - INFO - Finished optimization with guess, [0.60746143].
2024-03-15 20:51:25,471 - INFO - Best fit parameters: [0.60746143].
2024-03-15 20:51:27,319 - INFO - Maximum log composite likelihood: -3129.9361452190283.
2024-03-15 20:51:27,320 - INFO - Optimal value of theta: 8432.244825335245.
2024-03-15 20:51:27,320 - INFO - Beginning optimization with guess, [1.04965848].
2024-03-15 20:51:58,364 - INFO - Finished optimization with guess, [1.04965848].
2024-03-15 20:51:58,365 - INFO - Best fit parameters: [1.04965848].
2024-03-15 20:52:00,123 - INFO - Maximum log composite likelihood: -3129.9361452190283.
2024-03-15 20:52:00,123 - INFO - Optimal value of theta: 8432.244825335245.
2024-03-15 20:52:00,124 - INFO - Beginning optimization with guess, [2.47028011].
2024-03-15 20:52:52,439 - INFO - Finished optimization with guess, [2.47028011].
2024-03-15 20:52:52,440 - INFO - Best fit parameters: [2.47028011].
2024-03-15 20:52:54,285 - INFO - Maximum log composite likelihood: -3129.9361452190283.
2024-03-15 20:52:54,286 - INFO - Optimal value of theta: 8432.244825335245.
2024-03-15 20:52:54,286 - INFO - Beginning optimization with guess, [2.37546129].
2024-03-15 20:53:46,775 - INFO - Finished optimization with guess, [2.37546129].
2024-03-15 20:53:46,776 - INFO - Best fit parameters: [2.37546129].
2024-03-15 20:53:48,624 - INFO - Maximum log composite likelihood: -3129.9361452190283.
2024-03-15 20:53:48,624 - INFO - Optimal value of theta: 8432.244825335245.
2024-03-15 20:53:48,624 - INFO - Beginning optimization with guess, [2.91302474].
2024-03-15 20:54:46,860 - INFO - Finished optimization with guess, [2.91302474].
2024-03-15 20:54:46,862 - INFO - Best fit parameters: [2.91302474].
2024-03-15 20:54:48,712 - INFO - Maximum log composite likelihood: -3129.9361452190283.
2024-03-15 20:54:48,712 - INFO - Optimal value of theta: 8432.244825335245.
2024-03-15 20:54:48,713 - INFO - Beginning optimization with guess, [3.82562081].
2024-03-15 20:55:46,019 - INFO - Finished optimization with guess, [3.82562081].
2024-03-15 20:55:46,020 - INFO - Best fit parameters: [3.82562081].
2024-03-15 20:55:47,867 - INFO - Maximum log composite likelihood: -3129.9361452190283.
2024-03-15 20:55:47,867 - INFO - Optimal value of theta: 8432.244825335245.
2024-03-15 20:55:47,867 - INFO - Beginning optimization with guess, [2.63291078].
2024-03-15 20:56:40,036 - INFO - Finished optimization with guess, [2.63291078].
2024-03-15 20:56:40,037 - INFO - Best fit parameters: [2.63291078].
2024-03-15 20:56:41,888 - INFO - Maximum log composite likelihood: -3129.9361452190283.
2024-03-15 20:56:41,888 - INFO - Optimal value of theta: 8432.244825335245.
2024-03-15 20:56:41,889 - INFO - Beginning optimization with guess, [4.2694779].
2024-03-15 20:57:39,434 - INFO - Finished optimization with guess, [4.2694779].
2024-03-15 20:57:39,435 - INFO - Best fit parameters: [4.2694779].
2024-03-15 20:57:41,030 - INFO - Maximum log composite likelihood: -3129.9361452190283.
2024-03-15 20:57:41,030 - INFO - Optimal value of theta: 8432.244825335245.
2024-03-15 20:57:41,030 - INFO - Beginning optimization with guess, [4.5537924].
2024-03-15 20:58:34,830 - INFO - Finished optimization with guess, [4.5537924].
2024-03-15 20:58:34,831 - INFO - Best fit parameters: [4.5537924].
2024-03-15 20:58:36,598 - INFO - Maximum log composite likelihood: -3129.9361452190283.
2024-03-15 20:58:36,598 - INFO - Optimal value of theta: 8432.244825335245.
2024-03-15 20:58:36,598 - INFO - Beginning optimization with guess, [2.11279944].
2024-03-15 20:59:28,141 - INFO - Finished optimization with guess, [2.11279944].
2024-03-15 20:59:28,142 - INFO - Best fit parameters: [2.11279944].
2024-03-15 20:59:29,994 - INFO - Maximum log composite likelihood: -3129.9361452190283.
2024-03-15 20:59:29,994 - INFO - Optimal value of theta: 8432.244825335245.
2024-03-15 20:59:29,995 - INFO - Beginning optimization with guess, [5.73450279].
2024-03-15 21:00:27,923 - INFO - Finished optimization with guess, [5.73450279].
2024-03-15 21:00:27,924 - INFO - Best fit parameters: [5.73450279].
2024-03-15 21:00:29,558 - INFO - Maximum log composite likelihood: -3129.9361452190283.
2024-03-15 21:00:29,558 - INFO - Optimal value of theta: 8432.244825335245.
2024-03-15 21:00:29,558 - INFO - Beginning optimization with guess, [3.95389482].
2024-03-15 21:01:26,728 - INFO - Finished optimization with guess, [3.95389482].
2024-03-15 21:01:26,730 - INFO - Best fit parameters: [3.95389482].
2024-03-15 21:01:28,579 - INFO - Maximum log composite likelihood: -3129.9361452190283.
2024-03-15 21:01:28,579 - INFO - Optimal value of theta: 8432.244825335245.
2024-03-15 21:01:28,580 - INFO - Beginning optimization with guess, [7.88320583].
2024-03-15 21:02:30,450 - INFO - Finished optimization with guess, [7.88320583].
2024-03-15 21:02:30,452 - INFO - Best fit parameters: [7.88320583].
2024-03-15 21:02:32,168 - INFO - Maximum log composite likelihood: -3129.9361452190283.
2024-03-15 21:02:32,168 - INFO - Optimal value of theta: 8432.244825335245.
2024-03-15 21:02:32,169 - INFO - Beginning optimization with guess, [4.57068942].
2024-03-15 21:03:30,700 - INFO - Finished optimization with guess, [4.57068942].
2024-03-15 21:03:30,740 - INFO - Best fit parameters: [4.57068942].
2024-03-15 21:03:32,508 - INFO - Maximum log composite likelihood: -3129.9361452190283.
2024-03-15 21:03:32,509 - INFO - Optimal value of theta: 8432.244825335245.
2024-03-15 21:03:32,509 - INFO - Beginning optimization with guess, [9.79349934].
2024-03-15 21:04:34,459 - INFO - Finished optimization with guess, [9.79349934].
2024-03-15 21:04:34,460 - INFO - Best fit parameters: [9.79349934].
2024-03-15 21:04:36,278 - INFO - Maximum log composite likelihood: -3129.9361452190283.
2024-03-15 21:04:36,278 - INFO - Optimal value of theta: 8432.244825335245.
2024-03-15 21:04:36,279 - INFO - Beginning optimization with guess, [10.77371054].
2024-03-15 21:05:38,744 - INFO - Finished optimization with guess, [10.77371054].
2024-03-15 21:05:38,745 - INFO - Best fit parameters: [10.77371054].
2024-03-15 21:05:40,595 - INFO - Maximum log composite likelihood: -3129.9361452190283.
2024-03-15 21:05:40,596 - INFO - Optimal value of theta: 8432.244825335245.
2024-03-15 21:05:40,603 - INFO - Finished demographic inference.
2024-03-15 21:05:40,603 - INFO - Pipeline executed succesfully.
