2024-03-14 22:18:11,592 - INFO - Beginning execution of fit_demographic_model.py in directory /u/project/kirk/jonmah/sample_size_demography/Scripts

2024-03-14 22:18:11,592 - INFO - Progress is being logged to ../Analysis/ThreeEpochExpansion_790/log.log

2024-03-14 22:18:11,592 - INFO - Parsed the following arguments:
	syn_input_sfs = ../Analysis/ThreeEpochExpansion_790/syn_downsampled_sfs.txt
	mask_singletons = False
	mask_doubletons = False
	outprefix = ../Analysis/ThreeEpochExpansion_790/

2024-03-14 22:18:11,610 - INFO - Beginning demographic inference for one-epoch demographic model.
2024-03-14 22:18:11,611 - INFO - Beginning optimization with guess, [0.15737051].
2024-03-14 22:19:45,231 - INFO - Finished optimization with guess, [0.15737051].
2024-03-14 22:19:45,233 - INFO - Best fit parameters: [0.15737051].
2024-03-14 22:19:48,326 - INFO - Maximum log composite likelihood: -12829.777102953884.
2024-03-14 22:19:48,327 - INFO - Optimal value of theta: 19192.337419863994.
2024-03-14 22:19:48,327 - INFO - Beginning optimization with guess, [0.14245653].
2024-03-14 22:21:06,152 - INFO - Finished optimization with guess, [0.14245653].
2024-03-14 22:21:06,153 - INFO - Best fit parameters: [0.14245653].
2024-03-14 22:21:08,176 - INFO - Maximum log composite likelihood: -12829.777102953884.
2024-03-14 22:21:08,176 - INFO - Optimal value of theta: 19192.337419863994.
2024-03-14 22:21:08,176 - INFO - Beginning optimization with guess, [0.15253139].
2024-03-14 22:22:20,445 - INFO - Finished optimization with guess, [0.15253139].
2024-03-14 22:22:20,447 - INFO - Best fit parameters: [0.15253139].
2024-03-14 22:22:22,081 - INFO - Maximum log composite likelihood: -12829.777102953884.
2024-03-14 22:22:22,082 - INFO - Optimal value of theta: 19192.337419863994.
2024-03-14 22:22:22,082 - INFO - Beginning optimization with guess, [0.63846824].
2024-03-14 22:23:23,827 - INFO - Finished optimization with guess, [0.63846824].
2024-03-14 22:23:23,840 - INFO - Best fit parameters: [0.63846824].
2024-03-14 22:23:26,129 - INFO - Maximum log composite likelihood: -12829.777102953884.
2024-03-14 22:23:26,129 - INFO - Optimal value of theta: 19192.337419863994.
2024-03-14 22:23:26,130 - INFO - Beginning optimization with guess, [0.96825436].
2024-03-14 22:24:18,136 - INFO - Finished optimization with guess, [0.96825436].
2024-03-14 22:24:18,149 - INFO - Best fit parameters: [0.96825436].
2024-03-14 22:24:22,485 - INFO - Maximum log composite likelihood: -12829.777102953884.
2024-03-14 22:24:22,485 - INFO - Optimal value of theta: 19192.337419863994.
2024-03-14 22:24:22,486 - INFO - Beginning optimization with guess, [0.58912269].
2024-03-14 22:25:50,760 - INFO - Finished optimization with guess, [0.58912269].
2024-03-14 22:25:50,770 - INFO - Best fit parameters: [0.58912269].
2024-03-14 22:25:53,064 - INFO - Maximum log composite likelihood: -12829.777102953884.
2024-03-14 22:25:53,064 - INFO - Optimal value of theta: 19192.337419863994.
2024-03-14 22:25:53,065 - INFO - Beginning optimization with guess, [0.62788051].
2024-03-14 22:26:56,687 - INFO - Finished optimization with guess, [0.62788051].
2024-03-14 22:26:56,688 - INFO - Best fit parameters: [0.62788051].
2024-03-14 22:27:00,282 - INFO - Maximum log composite likelihood: -12829.777102953884.
2024-03-14 22:27:00,283 - INFO - Optimal value of theta: 19192.337419863994.
2024-03-14 22:27:00,283 - INFO - Beginning optimization with guess, [0.69289701].
2024-03-14 22:28:11,150 - INFO - Finished optimization with guess, [0.69289701].
2024-03-14 22:28:11,151 - INFO - Best fit parameters: [0.69289701].
2024-03-14 22:28:12,675 - INFO - Maximum log composite likelihood: -12829.777102953884.
2024-03-14 22:28:12,676 - INFO - Optimal value of theta: 19192.337419863994.
2024-03-14 22:28:12,676 - INFO - Beginning optimization with guess, [0.94987179].
2024-03-14 22:28:56,608 - INFO - Finished optimization with guess, [0.94987179].
2024-03-14 22:28:56,620 - INFO - Best fit parameters: [0.94987179].
2024-03-14 22:28:59,670 - INFO - Maximum log composite likelihood: -12829.777102953884.
2024-03-14 22:28:59,670 - INFO - Optimal value of theta: 19192.337419863994.
2024-03-14 22:28:59,670 - INFO - Beginning optimization with guess, [1.59661125].
2024-03-14 22:30:02,280 - INFO - Finished optimization with guess, [1.59661125].
2024-03-14 22:30:02,282 - INFO - Best fit parameters: [1.59661125].
2024-03-14 22:30:05,611 - INFO - Maximum log composite likelihood: -12829.777102953884.
2024-03-14 22:30:05,611 - INFO - Optimal value of theta: 19192.337419863994.
2024-03-14 22:30:05,612 - INFO - Beginning optimization with guess, [1.48093321].
2024-03-14 22:31:28,774 - INFO - Finished optimization with guess, [1.48093321].
2024-03-14 22:31:28,776 - INFO - Best fit parameters: [1.48093321].
2024-03-14 22:31:30,345 - INFO - Maximum log composite likelihood: -12829.777102953884.
2024-03-14 22:31:30,345 - INFO - Optimal value of theta: 19192.337419863994.
2024-03-14 22:31:30,346 - INFO - Beginning optimization with guess, [0.77429591].
2024-03-14 22:32:36,516 - INFO - Finished optimization with guess, [0.77429591].
2024-03-14 22:32:36,529 - INFO - Best fit parameters: [0.77429591].
2024-03-14 22:32:39,521 - INFO - Maximum log composite likelihood: -12829.777102953884.
2024-03-14 22:32:39,521 - INFO - Optimal value of theta: 19192.337419863994.
2024-03-14 22:32:39,522 - INFO - Beginning optimization with guess, [1.8764246].
2024-03-14 22:33:58,828 - INFO - Finished optimization with guess, [1.8764246].
2024-03-14 22:33:58,839 - INFO - Best fit parameters: [1.8764246].
2024-03-14 22:34:01,840 - INFO - Maximum log composite likelihood: -12829.777102953884.
2024-03-14 22:34:01,840 - INFO - Optimal value of theta: 19192.337419863994.
2024-03-14 22:34:01,840 - INFO - Beginning optimization with guess, [1.41894782].
2024-03-14 22:35:12,035 - INFO - Finished optimization with guess, [1.41894782].
2024-03-14 22:35:12,049 - INFO - Best fit parameters: [1.41894782].
2024-03-14 22:35:14,705 - INFO - Maximum log composite likelihood: -12829.777102953884.
2024-03-14 22:35:14,705 - INFO - Optimal value of theta: 19192.337419863994.
2024-03-14 22:35:14,705 - INFO - Beginning optimization with guess, [1.7461323].
2024-03-14 22:36:24,624 - INFO - Finished optimization with guess, [1.7461323].
2024-03-14 22:36:24,629 - INFO - Best fit parameters: [1.7461323].
2024-03-14 22:36:27,867 - INFO - Maximum log composite likelihood: -12829.777102953884.
2024-03-14 22:36:27,868 - INFO - Optimal value of theta: 19192.337419863994.
2024-03-14 22:36:27,868 - INFO - Beginning optimization with guess, [2.25473647].
2024-03-14 22:37:30,185 - INFO - Finished optimization with guess, [2.25473647].
2024-03-14 22:37:30,189 - INFO - Best fit parameters: [2.25473647].
2024-03-14 22:37:33,852 - INFO - Maximum log composite likelihood: -12829.777102953884.
2024-03-14 22:37:33,852 - INFO - Optimal value of theta: 19192.337419863994.
2024-03-14 22:37:33,852 - INFO - Beginning optimization with guess, [1.73512208].
2024-03-14 22:38:27,684 - INFO - Finished optimization with guess, [1.73512208].
2024-03-14 22:38:27,699 - INFO - Best fit parameters: [1.73512208].
2024-03-14 22:38:29,194 - INFO - Maximum log composite likelihood: -12829.777102953884.
2024-03-14 22:38:29,194 - INFO - Optimal value of theta: 19192.337419863994.
2024-03-14 22:38:29,195 - INFO - Beginning optimization with guess, [4.90696096].
2024-03-14 22:39:29,646 - INFO - Finished optimization with guess, [4.90696096].
2024-03-14 22:39:29,648 - INFO - Best fit parameters: [4.90696096].
2024-03-14 22:39:31,257 - INFO - Maximum log composite likelihood: -12829.777102953884.
2024-03-14 22:39:31,257 - INFO - Optimal value of theta: 19192.337419863994.
2024-03-14 22:39:31,257 - INFO - Beginning optimization with guess, [2.18745303].
2024-03-14 22:40:33,920 - INFO - Finished optimization with guess, [2.18745303].
2024-03-14 22:40:33,921 - INFO - Best fit parameters: [2.18745303].
2024-03-14 22:40:36,875 - INFO - Maximum log composite likelihood: -12829.777102953884.
2024-03-14 22:40:36,875 - INFO - Optimal value of theta: 19192.337419863994.
2024-03-14 22:40:36,875 - INFO - Beginning optimization with guess, [5.07222077].
2024-03-14 22:41:48,122 - INFO - Finished optimization with guess, [5.07222077].
2024-03-14 22:41:48,128 - INFO - Best fit parameters: [5.07222077].
2024-03-14 22:41:49,730 - INFO - Maximum log composite likelihood: -12829.777102953884.
2024-03-14 22:41:49,730 - INFO - Optimal value of theta: 19192.337419863994.
2024-03-14 22:41:49,730 - INFO - Beginning optimization with guess, [7.229818].
2024-03-14 22:42:58,384 - INFO - Finished optimization with guess, [7.229818].
2024-03-14 22:42:58,385 - INFO - Best fit parameters: [7.229818].
2024-03-14 22:43:00,019 - INFO - Maximum log composite likelihood: -12829.777102953884.
2024-03-14 22:43:00,020 - INFO - Optimal value of theta: 19192.337419863994.
2024-03-14 22:43:00,020 - INFO - Beginning optimization with guess, [9.08033108].
2024-03-14 22:44:03,007 - INFO - Finished optimization with guess, [9.08033108].
2024-03-14 22:44:03,008 - INFO - Best fit parameters: [9.08033108].
2024-03-14 22:44:04,581 - INFO - Maximum log composite likelihood: -12829.777102953884.
2024-03-14 22:44:04,582 - INFO - Optimal value of theta: 19192.337419863994.
2024-03-14 22:44:04,582 - INFO - Beginning optimization with guess, [11.57800964].
2024-03-14 22:45:04,853 - INFO - Finished optimization with guess, [11.57800964].
2024-03-14 22:45:04,855 - INFO - Best fit parameters: [11.57800964].
2024-03-14 22:45:06,541 - INFO - Maximum log composite likelihood: -12829.777102953884.
2024-03-14 22:45:06,541 - INFO - Optimal value of theta: 19192.337419863994.
2024-03-14 22:45:06,541 - INFO - Beginning optimization with guess, [10.75821068].
2024-03-14 22:46:16,286 - INFO - Finished optimization with guess, [10.75821068].
2024-03-14 22:46:16,299 - INFO - Best fit parameters: [10.75821068].
2024-03-14 22:46:19,349 - INFO - Maximum log composite likelihood: -12829.777102953884.
2024-03-14 22:46:19,350 - INFO - Optimal value of theta: 19192.337419863994.
2024-03-14 22:46:19,350 - INFO - Beginning optimization with guess, [6.17117695].
2024-03-14 22:47:16,450 - INFO - Finished optimization with guess, [6.17117695].
2024-03-14 22:47:16,451 - INFO - Best fit parameters: [6.17117695].
2024-03-14 22:47:19,501 - INFO - Maximum log composite likelihood: -12829.777102953884.
2024-03-14 22:47:19,501 - INFO - Optimal value of theta: 19192.337419863994.
2024-03-14 22:47:19,528 - INFO - Finished demographic inference.
2024-03-14 22:47:19,528 - INFO - Pipeline executed succesfully.
