2024-02-12 11:57:38,315 - INFO - Beginning execution of fit_demographic_model.py in directory /u/project/kirk/jonmah/sample_size_demography/Scripts

2024-02-12 11:57:38,315 - INFO - Progress is being logged to ../Analysis/ooa_simulated_13/log.log

2024-02-12 11:57:38,315 - INFO - Parsed the following arguments:
	syn_input_sfs = ../Analysis/ooa_simulated_13/syn_downsampled_sfs.txt
	mask_singletons = False
	mask_doubletons = False
	outprefix = ../Analysis/ooa_simulated_13/

2024-02-12 11:57:38,318 - INFO - Beginning demographic inference for one-epoch demographic model.
2024-02-12 11:57:38,319 - INFO - Beginning optimization with guess, [0.05409027].
2024-02-12 11:57:39,287 - INFO - Finished optimization with guess, [0.05409027].
2024-02-12 11:57:39,288 - INFO - Best fit parameters: [0.05409027].
2024-02-12 11:57:39,315 - INFO - Maximum log composite likelihood: -45.16952807632845.
2024-02-12 11:57:39,315 - INFO - Optimal value of theta: 473.98931754553206.
2024-02-12 11:57:39,316 - INFO - Beginning optimization with guess, [0.10277683].
2024-02-12 11:57:40,319 - INFO - Finished optimization with guess, [0.10277683].
2024-02-12 11:57:40,319 - INFO - Best fit parameters: [0.10277683].
2024-02-12 11:57:40,348 - INFO - Maximum log composite likelihood: -45.16952807632845.
2024-02-12 11:57:40,348 - INFO - Optimal value of theta: 473.98931754553206.
2024-02-12 11:57:40,349 - INFO - Beginning optimization with guess, [0.16698666].
2024-02-12 11:57:41,270 - INFO - Finished optimization with guess, [0.16698666].
2024-02-12 11:57:41,270 - INFO - Best fit parameters: [0.16698666].
2024-02-12 11:57:41,299 - INFO - Maximum log composite likelihood: -45.16952807632845.
2024-02-12 11:57:41,299 - INFO - Optimal value of theta: 473.98931754553206.
2024-02-12 11:57:41,299 - INFO - Beginning optimization with guess, [0.61463257].
2024-02-12 11:57:42,046 - INFO - Finished optimization with guess, [0.61463257].
2024-02-12 11:57:42,046 - INFO - Best fit parameters: [0.61463257].
2024-02-12 11:57:42,075 - INFO - Maximum log composite likelihood: -45.16952807632845.
2024-02-12 11:57:42,075 - INFO - Optimal value of theta: 473.98931754553206.
2024-02-12 11:57:42,075 - INFO - Beginning optimization with guess, [0.27795591].
2024-02-12 11:57:42,992 - INFO - Finished optimization with guess, [0.27795591].
2024-02-12 11:57:42,993 - INFO - Best fit parameters: [0.27795591].
2024-02-12 11:57:43,021 - INFO - Maximum log composite likelihood: -45.16952807632845.
2024-02-12 11:57:43,021 - INFO - Optimal value of theta: 473.98931754553206.
2024-02-12 11:57:43,022 - INFO - Beginning optimization with guess, [0.44084074].
2024-02-12 11:57:43,859 - INFO - Finished optimization with guess, [0.44084074].
2024-02-12 11:57:43,859 - INFO - Best fit parameters: [0.44084074].
2024-02-12 11:57:43,887 - INFO - Maximum log composite likelihood: -45.16952807632845.
2024-02-12 11:57:43,887 - INFO - Optimal value of theta: 473.98931754553206.
2024-02-12 11:57:43,888 - INFO - Beginning optimization with guess, [1.28098716].
2024-02-12 11:57:44,553 - INFO - Finished optimization with guess, [1.28098716].
2024-02-12 11:57:44,554 - INFO - Best fit parameters: [1.28098716].
2024-02-12 11:57:44,582 - INFO - Maximum log composite likelihood: -45.16952807632845.
2024-02-12 11:57:44,583 - INFO - Optimal value of theta: 473.98931754553206.
2024-02-12 11:57:44,583 - INFO - Beginning optimization with guess, [1.59982711].
2024-02-12 11:57:45,329 - INFO - Finished optimization with guess, [1.59982711].
2024-02-12 11:57:45,329 - INFO - Best fit parameters: [1.59982711].
2024-02-12 11:57:45,358 - INFO - Maximum log composite likelihood: -45.16952807632845.
2024-02-12 11:57:45,358 - INFO - Optimal value of theta: 473.98931754553206.
2024-02-12 11:57:45,358 - INFO - Beginning optimization with guess, [0.66536884].
2024-02-12 11:57:46,103 - INFO - Finished optimization with guess, [0.66536884].
2024-02-12 11:57:46,104 - INFO - Best fit parameters: [0.66536884].
2024-02-12 11:57:46,132 - INFO - Maximum log composite likelihood: -45.16952807632845.
2024-02-12 11:57:46,132 - INFO - Optimal value of theta: 473.98931754553206.
2024-02-12 11:57:46,133 - INFO - Beginning optimization with guess, [1.99552979].
2024-02-12 11:57:46,964 - INFO - Finished optimization with guess, [1.99552979].
2024-02-12 11:57:46,965 - INFO - Best fit parameters: [1.99552979].
2024-02-12 11:57:46,994 - INFO - Maximum log composite likelihood: -45.16952807632845.
2024-02-12 11:57:46,994 - INFO - Optimal value of theta: 473.98931754553206.
2024-02-12 11:57:46,994 - INFO - Beginning optimization with guess, [1.05282033].
2024-02-12 11:57:47,483 - INFO - Finished optimization with guess, [1.05282033].
2024-02-12 11:57:47,483 - INFO - Best fit parameters: [1.05282033].
2024-02-12 11:57:47,512 - INFO - Maximum log composite likelihood: -45.16952807632845.
2024-02-12 11:57:47,512 - INFO - Optimal value of theta: 473.98931754553206.
2024-02-12 11:57:47,512 - INFO - Beginning optimization with guess, [1.35756712].
2024-02-12 11:57:48,263 - INFO - Finished optimization with guess, [1.35756712].
2024-02-12 11:57:48,264 - INFO - Best fit parameters: [1.35756712].
2024-02-12 11:57:48,292 - INFO - Maximum log composite likelihood: -45.16952807632845.
2024-02-12 11:57:48,292 - INFO - Optimal value of theta: 473.98931754553206.
2024-02-12 11:57:48,292 - INFO - Beginning optimization with guess, [3.40424994].
2024-02-12 11:57:49,213 - INFO - Finished optimization with guess, [3.40424994].
2024-02-12 11:57:49,213 - INFO - Best fit parameters: [3.40424994].
2024-02-12 11:57:49,242 - INFO - Maximum log composite likelihood: -45.16952807632845.
2024-02-12 11:57:49,242 - INFO - Optimal value of theta: 473.98931754553206.
2024-02-12 11:57:49,242 - INFO - Beginning optimization with guess, [1.80228552].
2024-02-12 11:57:50,075 - INFO - Finished optimization with guess, [1.80228552].
2024-02-12 11:57:50,076 - INFO - Best fit parameters: [1.80228552].
2024-02-12 11:57:50,104 - INFO - Maximum log composite likelihood: -45.16952807632845.
2024-02-12 11:57:50,105 - INFO - Optimal value of theta: 473.98931754553206.
2024-02-12 11:57:50,105 - INFO - Beginning optimization with guess, [1.28834352].
2024-02-12 11:57:50,763 - INFO - Finished optimization with guess, [1.28834352].
2024-02-12 11:57:50,764 - INFO - Best fit parameters: [1.28834352].
2024-02-12 11:57:50,792 - INFO - Maximum log composite likelihood: -45.16952807632845.
2024-02-12 11:57:50,792 - INFO - Optimal value of theta: 473.98931754553206.
2024-02-12 11:57:50,793 - INFO - Beginning optimization with guess, [1.9939042].
2024-02-12 11:57:51,622 - INFO - Finished optimization with guess, [1.9939042].
2024-02-12 11:57:51,622 - INFO - Best fit parameters: [1.9939042].
2024-02-12 11:57:51,651 - INFO - Maximum log composite likelihood: -45.16952807632845.
2024-02-12 11:57:51,651 - INFO - Optimal value of theta: 473.98931754553206.
2024-02-12 11:57:51,651 - INFO - Beginning optimization with guess, [4.34109638].
2024-02-12 11:57:52,573 - INFO - Finished optimization with guess, [4.34109638].
2024-02-12 11:57:52,573 - INFO - Best fit parameters: [4.34109638].
2024-02-12 11:57:52,602 - INFO - Maximum log composite likelihood: -45.16952807632845.
2024-02-12 11:57:52,602 - INFO - Optimal value of theta: 473.98931754553206.
2024-02-12 11:57:52,602 - INFO - Beginning optimization with guess, [2.36259656].
2024-02-12 11:57:53,421 - INFO - Finished optimization with guess, [2.36259656].
2024-02-12 11:57:53,421 - INFO - Best fit parameters: [2.36259656].
2024-02-12 11:57:53,448 - INFO - Maximum log composite likelihood: -45.16952807632845.
2024-02-12 11:57:53,448 - INFO - Optimal value of theta: 473.98931754553206.
2024-02-12 11:57:53,448 - INFO - Beginning optimization with guess, [5.97486311].
2024-02-12 11:57:54,311 - INFO - Finished optimization with guess, [5.97486311].
2024-02-12 11:57:54,311 - INFO - Best fit parameters: [5.97486311].
2024-02-12 11:57:54,338 - INFO - Maximum log composite likelihood: -45.16952807632845.
2024-02-12 11:57:54,338 - INFO - Optimal value of theta: 473.98931754553206.
2024-02-12 11:57:54,338 - INFO - Beginning optimization with guess, [2.70544881].
2024-02-12 11:57:55,121 - INFO - Finished optimization with guess, [2.70544881].
2024-02-12 11:57:55,121 - INFO - Best fit parameters: [2.70544881].
2024-02-12 11:57:55,148 - INFO - Maximum log composite likelihood: -45.16952807632845.
2024-02-12 11:57:55,148 - INFO - Optimal value of theta: 473.98931754553206.
2024-02-12 11:57:55,149 - INFO - Beginning optimization with guess, [6.22343608].
2024-02-12 11:57:56,010 - INFO - Finished optimization with guess, [6.22343608].
2024-02-12 11:57:56,011 - INFO - Best fit parameters: [6.22343608].
2024-02-12 11:57:56,038 - INFO - Maximum log composite likelihood: -45.16952807632845.
2024-02-12 11:57:56,038 - INFO - Optimal value of theta: 473.98931754553206.
2024-02-12 11:57:56,038 - INFO - Beginning optimization with guess, [9.0716496].
2024-02-12 11:57:56,993 - INFO - Finished optimization with guess, [9.0716496].
2024-02-12 11:57:56,994 - INFO - Best fit parameters: [9.0716496].
2024-02-12 11:57:57,021 - INFO - Maximum log composite likelihood: -45.16952807632845.
2024-02-12 11:57:57,021 - INFO - Optimal value of theta: 473.98931754553206.
2024-02-12 11:57:57,021 - INFO - Beginning optimization with guess, [3.26713195].
2024-02-12 11:57:57,934 - INFO - Finished optimization with guess, [3.26713195].
2024-02-12 11:57:57,935 - INFO - Best fit parameters: [3.26713195].
2024-02-12 11:57:57,964 - INFO - Maximum log composite likelihood: -45.16952807632845.
2024-02-12 11:57:57,964 - INFO - Optimal value of theta: 473.98931754553206.
2024-02-12 11:57:57,964 - INFO - Beginning optimization with guess, [4.41408892].
2024-02-12 11:57:58,888 - INFO - Finished optimization with guess, [4.41408892].
2024-02-12 11:57:58,888 - INFO - Best fit parameters: [4.41408892].
2024-02-12 11:57:58,914 - INFO - Maximum log composite likelihood: -45.16952807632845.
2024-02-12 11:57:58,915 - INFO - Optimal value of theta: 473.98931754553206.
2024-02-12 11:57:58,915 - INFO - Beginning optimization with guess, [4.23049396].
2024-02-12 11:57:59,814 - INFO - Finished optimization with guess, [4.23049396].
2024-02-12 11:57:59,815 - INFO - Best fit parameters: [4.23049396].
2024-02-12 11:57:59,843 - INFO - Maximum log composite likelihood: -45.16952807632845.
2024-02-12 11:57:59,843 - INFO - Optimal value of theta: 473.98931754553206.
2024-02-12 11:57:59,845 - INFO - Beginning demographic inference for two-epoch demographic model.
2024-02-12 11:57:59,846 - INFO - Beginning optimization with guess, [0.07470946 0.01695863].
2024-02-12 11:58:01,675 - INFO - Finished optimization with guess, [0.07470946 0.01695863].
2024-02-12 11:58:01,675 - INFO - Best fit parameters: [0.36745026 0.29471036].
2024-02-12 11:58:01,723 - INFO - Maximum log composite likelihood: -22.821243728051513.
2024-02-12 11:58:01,723 - INFO - Optimal value of theta: 785.1836415619083.
2024-02-12 11:58:01,724 - INFO - Beginning optimization with guess, [0.21599925 0.01712143].
2024-02-12 11:58:03,353 - INFO - Finished optimization with guess, [0.21599925 0.01712143].
2024-02-12 11:58:03,354 - INFO - Best fit parameters: [0.42970623 0.23138711].
2024-02-12 11:58:03,396 - INFO - Maximum log composite likelihood: -22.987132686615382.
2024-02-12 11:58:03,396 - INFO - Optimal value of theta: 668.2762032251045.
2024-02-12 11:58:03,396 - INFO - Beginning optimization with guess, [0.50121427 0.00915565].
2024-02-12 11:58:06,023 - INFO - Finished optimization with guess, [0.50121427 0.00915565].
2024-02-12 11:58:06,024 - INFO - Best fit parameters: [0.27765906 0.35130614].
2024-02-12 11:58:06,082 - INFO - Maximum log composite likelihood: -22.776726350508284.
2024-02-12 11:58:06,082 - INFO - Optimal value of theta: 1060.284536070551.
2024-02-12 11:58:06,083 - INFO - Beginning optimization with guess, [0.38016767 0.01050198].
2024-02-12 11:58:07,795 - INFO - Finished optimization with guess, [0.38016767 0.01050198].
2024-02-12 11:58:07,795 - INFO - Best fit parameters: [0.4039897  0.25113543].
2024-02-12 11:58:07,839 - INFO - Maximum log composite likelihood: -22.89408767985458.
2024-02-12 11:58:07,840 - INFO - Optimal value of theta: 705.5831239132045.
2024-02-12 11:58:07,840 - INFO - Beginning optimization with guess, [0.44324416 0.00814663].
2024-02-12 11:58:10,510 - INFO - Finished optimization with guess, [0.44324416 0.00814663].
2024-02-12 11:58:10,511 - INFO - Best fit parameters: [0.24316677 0.35047617].
2024-02-12 11:58:10,573 - INFO - Maximum log composite likelihood: -22.773352306403467.
2024-02-12 11:58:10,573 - INFO - Optimal value of theta: 1209.1286347895332.
2024-02-12 11:58:10,574 - INFO - Beginning optimization with guess, [0.36956907 0.01214577].
2024-02-12 11:58:12,268 - INFO - Finished optimization with guess, [0.36956907 0.01214577].
2024-02-12 11:58:12,268 - INFO - Best fit parameters: [0.38294863 0.31249757].
2024-02-12 11:58:12,314 - INFO - Maximum log composite likelihood: -22.848273716744416.
2024-02-12 11:58:12,314 - INFO - Optimal value of theta: 776.8636755835425.
2024-02-12 11:58:12,314 - INFO - Beginning optimization with guess, [1.13419491 0.0130444 ].
2024-02-12 11:58:18,207 - INFO - Finished optimization with guess, [1.13419491 0.0130444 ].
2024-02-12 11:58:18,208 - INFO - Best fit parameters: [0.78550345 0.44357196].
2024-02-12 11:58:18,250 - INFO - Maximum log composite likelihood: -34.32671860001983.
2024-02-12 11:58:18,250 - INFO - Optimal value of theta: 533.9025480662214.
2024-02-12 11:58:18,250 - INFO - Beginning optimization with guess, [0.41710098 0.00632518].
2024-02-12 11:58:20,112 - INFO - Finished optimization with guess, [0.41710098 0.00632518].
2024-02-12 11:58:20,112 - INFO - Best fit parameters: [0.36241443 0.29230984].
2024-02-12 11:58:20,156 - INFO - Maximum log composite likelihood: -22.827925504771542.
2024-02-12 11:58:20,156 - INFO - Optimal value of theta: 790.7439876507581.
2024-02-12 11:58:20,156 - INFO - Beginning optimization with guess, [0.57591811 0.01298251].
2024-02-12 11:58:22,304 - INFO - Finished optimization with guess, [0.57591811 0.01298251].
2024-02-12 11:58:22,304 - INFO - Best fit parameters: [0.29113902 0.34963007].
2024-02-12 11:58:22,361 - INFO - Maximum log composite likelihood: -22.779081713341043.
2024-02-12 11:58:22,361 - INFO - Optimal value of theta: 1011.9219970372084.
2024-02-12 11:58:22,362 - INFO - Beginning optimization with guess, [1.41103623 0.01235427].
2024-02-12 11:58:29,140 - INFO - Finished optimization with guess, [1.41103623 0.01235427].
2024-02-12 11:58:29,141 - INFO - Best fit parameters: [0.46598596 0.32335318].
2024-02-12 11:58:29,189 - INFO - Maximum log composite likelihood: -23.55857238377621.
2024-02-12 11:58:29,189 - INFO - Optimal value of theta: 688.2747679633962.
2024-02-12 11:58:29,190 - INFO - Beginning optimization with guess, [1.75111759 0.00814546].
2024-02-12 11:58:31,907 - INFO - Finished optimization with guess, [1.75111759 0.00814546].
2024-02-12 11:58:31,907 - INFO - Best fit parameters: [0.4245811  0.19880483].
2024-02-12 11:58:31,946 - INFO - Maximum log composite likelihood: -23.060887897890098.
2024-02-12 11:58:31,946 - INFO - Optimal value of theta: 650.4585299214264.
2024-02-12 11:58:31,946 - INFO - Beginning optimization with guess, [1.71730257 0.01712468].
2024-02-12 11:58:34,205 - INFO - Finished optimization with guess, [1.71730257 0.01712468].
2024-02-12 11:58:34,205 - INFO - Best fit parameters: [0.43743078 0.25515314].
2024-02-12 11:58:34,249 - INFO - Maximum log composite likelihood: -23.017122633985537.
2024-02-12 11:58:34,250 - INFO - Optimal value of theta: 676.6479094457646.
2024-02-12 11:58:34,250 - INFO - Beginning optimization with guess, [2.66847477 0.01365152].
2024-02-12 11:58:36,935 - INFO - Finished optimization with guess, [2.66847477 0.01365152].
2024-02-12 11:58:36,935 - INFO - Best fit parameters: [0.3523454  0.30865885].
2024-02-12 11:58:36,987 - INFO - Maximum log composite likelihood: -22.806203084255685.
2024-02-12 11:58:36,987 - INFO - Optimal value of theta: 821.816804352978.
2024-02-12 11:58:36,987 - INFO - Beginning optimization with guess, [1.16149521 0.00910433].
2024-02-12 11:58:46,211 - INFO - Finished optimization with guess, [1.16149521 0.00910433].
2024-02-12 11:58:46,212 - INFO - Best fit parameters: [0.75048681 0.41467491].
2024-02-12 11:58:46,256 - INFO - Maximum log composite likelihood: -32.626452727048445.
2024-02-12 11:58:46,256 - INFO - Optimal value of theta: 544.192033385626.
2024-02-12 11:58:46,256 - INFO - Beginning optimization with guess, [2.43114141 0.01116308].
2024-02-12 11:58:48,888 - INFO - Finished optimization with guess, [2.43114141 0.01116308].
2024-02-12 11:58:48,889 - INFO - Best fit parameters: [0.43528518 0.2582684 ].
2024-02-12 11:58:48,935 - INFO - Maximum log composite likelihood: -23.00497601134191.
2024-02-12 11:58:48,935 - INFO - Optimal value of theta: 680.4351886570608.
2024-02-12 11:58:48,935 - INFO - Beginning optimization with guess, [1.31977146 0.00529596].
2024-02-12 11:58:56,139 - INFO - Finished optimization with guess, [1.31977146 0.00529596].
2024-02-12 11:58:56,139 - INFO - Best fit parameters: [0.28668983 0.31329266].
2024-02-12 11:58:56,192 - INFO - Maximum log composite likelihood: -22.89965428576329.
2024-02-12 11:58:56,193 - INFO - Optimal value of theta: 976.3751761258795.
2024-02-12 11:58:56,193 - INFO - Beginning optimization with guess, [3.97688882 0.01941235].
2024-02-12 11:58:58,266 - INFO - Finished optimization with guess, [3.97688882 0.01941235].
2024-02-12 11:58:58,266 - INFO - Best fit parameters: [0.39836502 0.30089645].
2024-02-12 11:58:58,315 - INFO - Maximum log composite likelihood: -22.878798568151296.
2024-02-12 11:58:58,315 - INFO - Optimal value of theta: 747.656233745793.
2024-02-12 11:58:58,315 - INFO - Beginning optimization with guess, [2.02865959 0.01105557].
2024-02-12 11:59:00,949 - INFO - Finished optimization with guess, [2.02865959 0.01105557].
2024-02-12 11:59:00,949 - INFO - Best fit parameters: [0.42159472 0.27288827].
2024-02-12 11:59:00,993 - INFO - Maximum log composite likelihood: -22.93956850788186.
2024-02-12 11:59:00,994 - INFO - Optimal value of theta: 702.5687871693921.
2024-02-12 11:59:00,994 - INFO - Beginning optimization with guess, [2.44909639 0.0175393 ].
2024-02-12 11:59:03,462 - INFO - Finished optimization with guess, [2.44909639 0.0175393 ].
2024-02-12 11:59:03,462 - INFO - Best fit parameters: [0.39604108 0.3039795 ].
2024-02-12 11:59:03,509 - INFO - Maximum log composite likelihood: -22.87584813870137.
2024-02-12 11:59:03,509 - INFO - Optimal value of theta: 752.8079708895666.
2024-02-12 11:59:03,509 - INFO - Beginning optimization with guess, [6.53466974 0.01535625].
2024-02-12 11:59:06,370 - INFO - Finished optimization with guess, [6.53466974 0.01535625].
2024-02-12 11:59:06,371 - INFO - Best fit parameters: [0.17500548 0.32651775].
2024-02-12 11:59:06,443 - INFO - Maximum log composite likelihood: -22.77272579366047.
2024-02-12 11:59:06,443 - INFO - Optimal value of theta: 1685.5256174278832.
2024-02-12 11:59:06,444 - INFO - Beginning optimization with guess, [5.06008407 0.01663229].
2024-02-12 11:59:07,955 - INFO - Finished optimization with guess, [5.06008407 0.01663229].
2024-02-12 11:59:07,955 - INFO - Best fit parameters: [0.41201568 0.21043979].
2024-02-12 11:59:07,996 - INFO - Maximum log composite likelihood: -23.006001459613003.
2024-02-12 11:59:07,996 - INFO - Optimal value of theta: 668.6471802073708.
2024-02-12 11:59:07,997 - INFO - Beginning optimization with guess, [3.78628375 0.0131733 ].
2024-02-12 11:59:10,754 - INFO - Finished optimization with guess, [3.78628375 0.0131733 ].
2024-02-12 11:59:10,754 - INFO - Best fit parameters: [0.33205466 0.3361716 ].
2024-02-12 11:59:10,807 - INFO - Maximum log composite likelihood: -22.791576895510502.
2024-02-12 11:59:10,807 - INFO - Optimal value of theta: 887.9347336273142.
2024-02-12 11:59:10,807 - INFO - Beginning optimization with guess, [3.83644147 0.0120608 ].
2024-02-12 11:59:13,620 - INFO - Finished optimization with guess, [3.83644147 0.0120608 ].
2024-02-12 11:59:13,621 - INFO - Best fit parameters: [0.32140576 0.30688066].
2024-02-12 11:59:13,672 - INFO - Maximum log composite likelihood: -22.85254974857935.
2024-02-12 11:59:13,672 - INFO - Optimal value of theta: 880.0546599684417.
2024-02-12 11:59:13,672 - INFO - Beginning optimization with guess, [5.91138267 0.01530583].
2024-02-12 11:59:16,013 - INFO - Finished optimization with guess, [5.91138267 0.01530583].
2024-02-12 11:59:16,013 - INFO - Best fit parameters: [0.33355934 0.32440811].
2024-02-12 11:59:16,065 - INFO - Maximum log composite likelihood: -22.792201909594496.
2024-02-12 11:59:16,065 - INFO - Optimal value of theta: 872.7801797159009.
2024-02-12 11:59:16,066 - INFO - Beginning optimization with guess, [5.38445732 0.01900367].
2024-02-12 11:59:18,270 - INFO - Finished optimization with guess, [5.38445732 0.01900367].
2024-02-12 11:59:18,270 - INFO - Best fit parameters: [0.37666743 0.29047231].
2024-02-12 11:59:18,317 - INFO - Maximum log composite likelihood: -22.82726407377106.
2024-02-12 11:59:18,317 - INFO - Optimal value of theta: 768.3886155444146.
2024-02-12 11:59:18,319 - INFO - Beginning demographic inference for three-epoch demographic model.
2024-02-12 11:59:18,321 - INFO - Beginning optimization with guess, [0.01946114 0.01650613 0.00552579 0.00813635].
2024-02-12 11:59:19,920 - INFO - Finished optimization with guess, [0.01946114 0.01650613 0.00552579 0.00813635].
2024-02-12 11:59:19,921 - INFO - Best fit parameters: [0.01581357 0.12341586 0.00119388 0.0027665 ].
2024-02-12 11:59:19,953 - INFO - Maximum log composite likelihood: -26.87789614580379.
2024-02-12 11:59:19,953 - INFO - Optimal value of theta: 559.7794795893448.
2024-02-12 11:59:19,953 - INFO - Beginning optimization with guess, [0.02121544 0.0296444  0.01217142 0.00609013].
2024-02-12 11:59:21,523 - INFO - Finished optimization with guess, [0.02121544 0.0296444  0.01217142 0.00609013].
2024-02-12 11:59:21,523 - INFO - Best fit parameters: [0.04003726 0.1153887  0.00271331 0.00344502].
2024-02-12 11:59:21,555 - INFO - Maximum log composite likelihood: -26.77189962100499.
2024-02-12 11:59:21,555 - INFO - Optimal value of theta: 557.2429533350494.
2024-02-12 11:59:21,555 - INFO - Beginning optimization with guess, [0.0172262  0.01965656 0.01175916 0.00717837].
2024-02-12 11:59:26,165 - INFO - Finished optimization with guess, [0.0172262  0.01965656 0.01175916 0.00717837].
2024-02-12 11:59:26,166 - INFO - Best fit parameters: [0.00783241 0.02694068 0.02672189 0.00516327].
2024-02-12 11:59:26,278 - INFO - Maximum log composite likelihood: -22.288127620505293.
2024-02-12 11:59:26,279 - INFO - Optimal value of theta: 13358.595810683815.
2024-02-12 11:59:26,279 - INFO - Beginning optimization with guess, [0.02003148 0.02112823 0.01456498 0.01845258].
2024-02-12 11:59:31,935 - INFO - Finished optimization with guess, [0.02003148 0.02112823 0.01456498 0.01845258].
2024-02-12 11:59:31,936 - INFO - Best fit parameters: [0.00981519 0.0201697  0.01250189 0.05885985].
2024-02-12 11:59:32,062 - INFO - Maximum log composite likelihood: -22.77823026883118.
2024-02-12 11:59:32,062 - INFO - Optimal value of theta: 14715.261405992833.
2024-02-12 11:59:32,062 - INFO - Beginning optimization with guess, [0.03261593 0.02694257 0.0112534  0.01107699].
2024-02-12 11:59:33,694 - INFO - Finished optimization with guess, [0.03261593 0.02694257 0.0112534  0.01107699].
2024-02-12 11:59:33,694 - INFO - Best fit parameters: [0.03110952 0.2018445  0.00269637 0.00281127].
2024-02-12 11:59:33,726 - INFO - Maximum log composite likelihood: -26.74122099772842.
2024-02-12 11:59:33,726 - INFO - Optimal value of theta: 560.3943508368519.
2024-02-12 11:59:33,726 - INFO - Beginning optimization with guess, [1.04739667 0.35266354 0.00726898 0.00880512].
2024-02-12 11:59:35,286 - INFO - Finished optimization with guess, [1.04739667 0.35266354 0.00726898 0.00880512].
2024-02-12 11:59:35,287 - INFO - Best fit parameters: [1.04920076 0.31156049 0.00287542 0.06451925].
2024-02-12 11:59:35,322 - INFO - Maximum log composite likelihood: -24.63948632310553.
2024-02-12 11:59:35,322 - INFO - Optimal value of theta: 587.9568657645985.
2024-02-12 11:59:35,322 - INFO - Beginning optimization with guess, [0.52559569 1.01405014 0.00559632 0.01388444].
2024-02-12 11:59:37,240 - INFO - Finished optimization with guess, [0.52559569 1.01405014 0.00559632 0.01388444].
2024-02-12 11:59:37,240 - INFO - Best fit parameters: [0.29917611 1.01100585 0.17783776 0.0199824 ].
2024-02-12 11:59:37,284 - INFO - Maximum log composite likelihood: -22.16625664970718.
2024-02-12 11:59:37,284 - INFO - Optimal value of theta: 735.9266331954746.
2024-02-12 11:59:37,285 - INFO - Beginning optimization with guess, [0.40057491 1.45051521 0.00901026 0.00598751].
2024-02-12 11:59:39,396 - INFO - Finished optimization with guess, [0.40057491 1.45051521 0.00901026 0.00598751].
2024-02-12 11:59:39,397 - INFO - Best fit parameters: [0.2982876  1.54108411 0.29145067 0.00711428].
2024-02-12 11:59:39,449 - INFO - Maximum log composite likelihood: -22.370288248828388.
2024-02-12 11:59:39,450 - INFO - Optimal value of theta: 896.6583818872156.
2024-02-12 11:59:39,450 - INFO - Beginning optimization with guess, [0.55583087 0.63542414 0.00964878 0.00667648].
2024-02-12 11:59:41,256 - INFO - Finished optimization with guess, [0.55583087 0.63542414 0.00964878 0.00667648].
2024-02-12 11:59:41,257 - INFO - Best fit parameters: [0.34921228 0.65604869 0.21746341 0.01170832].
2024-02-12 11:59:41,303 - INFO - Maximum log composite likelihood: -22.464872305783842.
2024-02-12 11:59:41,303 - INFO - Optimal value of theta: 732.9226662196726.
2024-02-12 11:59:41,303 - INFO - Beginning optimization with guess, [0.85720406 1.40201709 0.01013057 0.00655252].
2024-02-12 11:59:43,152 - INFO - Finished optimization with guess, [0.85720406 1.40201709 0.01013057 0.00655252].
2024-02-12 11:59:43,153 - INFO - Best fit parameters: [7.96853603e-01 1.41866077e+00 2.78120298e-01 1.13418621e-03].
2024-02-12 11:59:43,191 - INFO - Maximum log composite likelihood: -34.51733198471868.
2024-02-12 11:59:43,191 - INFO - Optimal value of theta: 514.9741577335113.
2024-02-12 11:59:43,191 - INFO - Beginning optimization with guess, [1.11400972 1.3016213  0.00600775 0.00612175].
2024-02-12 11:59:44,551 - INFO - Finished optimization with guess, [1.11400972 1.3016213  0.00600775 0.00612175].
2024-02-12 11:59:44,552 - INFO - Best fit parameters: [9.60140455e-01 1.23096802e+00 2.20787508e-04 2.15923267e-05].
2024-02-12 11:59:44,582 - INFO - Maximum log composite likelihood: -45.16672708305748.
2024-02-12 11:59:44,582 - INFO - Optimal value of theta: 473.9943452159813.
2024-02-12 11:59:44,582 - INFO - Beginning optimization with guess, [1.87274627 1.27643782 0.01775135 0.00797797].
2024-02-12 11:59:45,859 - INFO - Finished optimization with guess, [1.87274627 1.27643782 0.01775135 0.00797797].
2024-02-12 11:59:45,860 - INFO - Best fit parameters: [5.72791844e-01 7.42113842e-01 1.39142463e-07 7.40943060e-04].
2024-02-12 11:59:45,890 - INFO - Maximum log composite likelihood: -45.02834927757851.
2024-02-12 11:59:45,890 - INFO - Optimal value of theta: 474.24367107059186.
2024-02-12 11:59:45,890 - INFO - Beginning optimization with guess, [0.99651781 1.80824142 0.00527439 0.00601873].
2024-02-12 11:59:47,319 - INFO - Finished optimization with guess, [0.99651781 1.80824142 0.00527439 0.00601873].
2024-02-12 11:59:47,320 - INFO - Best fit parameters: [9.90524303e-01 1.69287967e-01 5.11661209e-01 2.53835308e-17].
2024-02-12 11:59:47,360 - INFO - Maximum log composite likelihood: -44.657678981641084.
2024-02-12 11:59:47,361 - INFO - Optimal value of theta: 476.23768527136883.
2024-02-12 11:59:47,361 - INFO - Beginning optimization with guess, [1.37440488 1.44805945 0.00572863 0.00683194].
2024-02-12 11:59:48,663 - INFO - Finished optimization with guess, [1.37440488 1.44805945 0.00572863 0.00683194].
2024-02-12 11:59:48,663 - INFO - Best fit parameters: [1.21845501e+00 7.44791435e-01 1.45341773e-05 3.50487445e-04].
2024-02-12 11:59:48,693 - INFO - Maximum log composite likelihood: -45.10478556661144.
2024-02-12 11:59:48,694 - INFO - Optimal value of theta: 474.1056665189127.
2024-02-12 11:59:48,694 - INFO - Beginning optimization with guess, [1.45862859 1.98209927 0.00760397 0.01162009].
2024-02-12 11:59:50,010 - INFO - Finished optimization with guess, [1.45862859 1.98209927 0.00760397 0.01162009].
2024-02-12 11:59:50,011 - INFO - Best fit parameters: [9.09599985e-01 1.35923749e+00 4.82492119e-04 4.45178646e-05].
2024-02-12 11:59:50,041 - INFO - Maximum log composite likelihood: -45.149641519303714.
2024-02-12 11:59:50,041 - INFO - Optimal value of theta: 474.0250477325567.
2024-02-12 11:59:50,042 - INFO - Beginning optimization with guess, [4.92058299 1.80227158 0.00775096 0.01905497].
2024-02-12 11:59:51,472 - INFO - Finished optimization with guess, [4.92058299 1.80227158 0.00775096 0.01905497].
2024-02-12 11:59:51,473 - INFO - Best fit parameters: [3.98266434e+00 7.55233628e-01 8.12447131e-05 2.53033972e-03].
2024-02-12 11:59:51,548 - INFO - Maximum log composite likelihood: -44.76267540204492.
2024-02-12 11:59:51,548 - INFO - Optimal value of theta: 474.7296721895551.
2024-02-12 11:59:51,549 - INFO - Beginning optimization with guess, [3.49979552 3.31389078 0.01309087 0.01560603].
2024-02-12 11:59:52,919 - INFO - Finished optimization with guess, [3.49979552 3.31389078 0.01309087 0.01560603].
2024-02-12 11:59:52,919 - INFO - Best fit parameters: [3.70046892e+00 3.57438258e-01 1.01134179e-04 4.37195075e-03].
2024-02-12 11:59:52,950 - INFO - Maximum log composite likelihood: -41.34519268669999.
2024-02-12 11:59:52,950 - INFO - Optimal value of theta: 481.49007066266216.
2024-02-12 11:59:52,950 - INFO - Beginning optimization with guess, [5.61108739 1.77295436 0.01527523 0.01123765].
2024-02-12 11:59:54,249 - INFO - Finished optimization with guess, [5.61108739 1.77295436 0.01527523 0.01123765].
2024-02-12 11:59:54,249 - INFO - Best fit parameters: [2.16787793e+00 8.66119422e-01 8.23519945e-05 8.89193186e-04].
2024-02-12 11:59:54,279 - INFO - Maximum log composite likelihood: -45.11844783974493.
2024-02-12 11:59:54,279 - INFO - Optimal value of theta: 474.0811998350375.
2024-02-12 11:59:54,279 - INFO - Beginning optimization with guess, [1.74622961 4.70062561 0.0085476  0.00701833].
2024-02-12 11:59:55,616 - INFO - Finished optimization with guess, [1.74622961 4.70062561 0.0085476  0.00701833].
2024-02-12 11:59:55,617 - INFO - Best fit parameters: [9.47809926e-01 1.44231585e-01 3.80728242e-07 9.20683850e-06].
2024-02-12 11:59:55,647 - INFO - Maximum log composite likelihood: -45.13927678039329.
2024-02-12 11:59:55,647 - INFO - Optimal value of theta: 474.04360085331797.
2024-02-12 11:59:55,647 - INFO - Beginning optimization with guess, [3.17991072 6.47696684 0.01243748 0.01729687].
2024-02-12 11:59:57,036 - INFO - Finished optimization with guess, [3.17991072 6.47696684 0.01243748 0.01729687].
2024-02-12 11:59:57,037 - INFO - Best fit parameters: [3.86510755e-01 2.92451119e+00 2.72486191e-04 4.84842472e-05].
2024-02-12 11:59:57,067 - INFO - Maximum log composite likelihood: -44.95001650233621.
2024-02-12 11:59:57,067 - INFO - Optimal value of theta: 474.38516621705264.
2024-02-12 11:59:57,067 - INFO - Beginning optimization with guess, [6.36923614 2.06890501 0.00638176 0.00648603].
2024-02-12 11:59:58,394 - INFO - Finished optimization with guess, [6.36923614 2.06890501 0.00638176 0.00648603].
2024-02-12 11:59:58,395 - INFO - Best fit parameters: [1.84754548e-01 1.40720469e+00 1.63577218e-05 1.10218342e-05].
2024-02-12 11:59:58,425 - INFO - Maximum log composite likelihood: -45.13149589291265.
2024-02-12 11:59:58,425 - INFO - Optimal value of theta: 474.0575779662516.
2024-02-12 11:59:58,425 - INFO - Beginning optimization with guess, [5.19219758e+00 5.96039271e+00 5.45728252e-03 7.18149705e-03].
2024-02-12 11:59:59,813 - INFO - Finished optimization with guess, [5.19219758e+00 5.96039271e+00 5.45728252e-03 7.18149705e-03].
2024-02-12 11:59:59,813 - INFO - Best fit parameters: [6.34194432e-01 4.10745750e+00 1.22427478e-03 3.66147336e-05].
2024-02-12 11:59:59,843 - INFO - Maximum log composite likelihood: -44.80221904308951.
2024-02-12 11:59:59,843 - INFO - Optimal value of theta: 474.6552552897363.
2024-02-12 11:59:59,844 - INFO - Beginning optimization with guess, [3.21815403 3.0986563  0.00805572 0.00575009].
2024-02-12 12:00:01,178 - INFO - Finished optimization with guess, [3.21815403 3.0986563  0.00805572 0.00575009].
2024-02-12 12:00:01,178 - INFO - Best fit parameters: [3.49455414e-01 2.55374488e+00 2.30430779e-03 9.48971454e-07].
2024-02-12 12:00:01,209 - INFO - Maximum log composite likelihood: -42.95944840092716.
2024-02-12 12:00:01,209 - INFO - Optimal value of theta: 478.1622032854047.
2024-02-12 12:00:01,210 - INFO - Beginning optimization with guess, [4.95070603e+00 7.81377139e+00 6.99376104e-03 7.47897614e-03].
2024-02-12 12:00:02,638 - INFO - Finished optimization with guess, [4.95070603e+00 7.81377139e+00 6.99376104e-03 7.47897614e-03].
2024-02-12 12:00:02,639 - INFO - Best fit parameters: [6.48280598e-01 4.98356711e-01 8.42668691e-05 4.74313727e-05].
2024-02-12 12:00:02,669 - INFO - Maximum log composite likelihood: -45.11788537199334.
2024-02-12 12:00:02,669 - INFO - Optimal value of theta: 474.0820405058269.
2024-02-12 12:00:02,669 - INFO - Beginning optimization with guess, [4.79609074e+00 1.24759341e+01 7.20051080e-03 1.64920704e-02].
2024-02-12 12:00:03,998 - INFO - Finished optimization with guess, [4.79609074e+00 1.24759341e+01 7.20051080e-03 1.64920704e-02].
2024-02-12 12:00:03,998 - INFO - Best fit parameters: [6.55490876e-01 7.94873854e+00 6.57197674e-04 1.92211814e-04].
2024-02-12 12:00:04,029 - INFO - Maximum log composite likelihood: -45.07348002157073.
2024-02-12 12:00:04,029 - INFO - Optimal value of theta: 474.1625974493334.
2024-02-12 12:00:04,030 - INFO - Finished demographic inference.
2024-02-12 12:00:04,030 - INFO - Pipeline executed succesfully.
