2024-03-14 21:49:51,929 - INFO - Beginning execution of fit_demographic_model.py in directory /u/project/kirk/jonmah/sample_size_demography/Scripts

2024-03-14 21:49:51,929 - INFO - Progress is being logged to ../Analysis/ThreeEpochExpansion_380/log.log

2024-03-14 21:49:51,930 - INFO - Parsed the following arguments:
	syn_input_sfs = ../Analysis/ThreeEpochExpansion_380/syn_downsampled_sfs.txt
	mask_singletons = False
	mask_doubletons = False
	outprefix = ../Analysis/ThreeEpochExpansion_380/

2024-03-14 21:49:51,954 - INFO - Beginning demographic inference for one-epoch demographic model.
2024-03-14 21:49:51,955 - INFO - Beginning optimization with guess, [0.07396412].
2024-03-14 21:52:17,626 - INFO - Finished optimization with guess, [0.07396412].
2024-03-14 21:52:17,640 - INFO - Best fit parameters: [0.07396412].
2024-03-14 21:52:21,810 - INFO - Maximum log composite likelihood: -8187.526528637521.
2024-03-14 21:52:21,810 - INFO - Optimal value of theta: 17678.30623923319.
2024-03-14 21:52:21,815 - INFO - Beginning optimization with guess, [0.13508245].
2024-03-14 21:54:27,413 - INFO - Finished optimization with guess, [0.13508245].
2024-03-14 21:54:27,415 - INFO - Best fit parameters: [0.13508245].
2024-03-14 21:54:30,092 - INFO - Maximum log composite likelihood: -8187.526528637521.
2024-03-14 21:54:30,092 - INFO - Optimal value of theta: 17678.30623923319.
2024-03-14 21:54:30,092 - INFO - Beginning optimization with guess, [0.2288782].
2024-03-14 21:55:30,949 - INFO - Finished optimization with guess, [0.2288782].
2024-03-14 21:55:30,975 - INFO - Best fit parameters: [0.2288782].
2024-03-14 21:55:32,315 - INFO - Maximum log composite likelihood: -8187.526528637521.
2024-03-14 21:55:32,315 - INFO - Optimal value of theta: 17678.30623923319.
2024-03-14 21:55:32,315 - INFO - Beginning optimization with guess, [0.34552432].
2024-03-14 21:56:02,244 - INFO - Finished optimization with guess, [0.34552432].
2024-03-14 21:56:02,261 - INFO - Best fit parameters: [0.34552432].
2024-03-14 21:56:03,547 - INFO - Maximum log composite likelihood: -8187.526528637521.
2024-03-14 21:56:03,547 - INFO - Optimal value of theta: 17678.30623923319.
2024-03-14 21:56:03,547 - INFO - Beginning optimization with guess, [0.67497079].
2024-03-14 21:57:26,565 - INFO - Finished optimization with guess, [0.67497079].
2024-03-14 21:57:26,590 - INFO - Best fit parameters: [0.67497079].
2024-03-14 21:57:30,414 - INFO - Maximum log composite likelihood: -8187.526528637521.
2024-03-14 21:57:30,414 - INFO - Optimal value of theta: 17678.30623923319.
2024-03-14 21:57:30,415 - INFO - Beginning optimization with guess, [0.31241348].
2024-03-14 21:59:44,128 - INFO - Finished optimization with guess, [0.31241348].
2024-03-14 21:59:44,162 - INFO - Best fit parameters: [0.31241348].
2024-03-14 21:59:48,102 - INFO - Maximum log composite likelihood: -8187.526528637521.
2024-03-14 21:59:48,102 - INFO - Optimal value of theta: 17678.30623923319.
2024-03-14 21:59:48,135 - INFO - Beginning optimization with guess, [0.80941645].
2024-03-14 22:01:21,529 - INFO - Finished optimization with guess, [0.80941645].
2024-03-14 22:01:21,536 - INFO - Best fit parameters: [0.80941645].
2024-03-14 22:01:25,444 - INFO - Maximum log composite likelihood: -8187.526528637521.
2024-03-14 22:01:25,444 - INFO - Optimal value of theta: 17678.30623923319.
2024-03-14 22:01:25,444 - INFO - Beginning optimization with guess, [0.86368782].
2024-03-14 22:02:55,234 - INFO - Finished optimization with guess, [0.86368782].
2024-03-14 22:02:55,238 - INFO - Best fit parameters: [0.86368782].
2024-03-14 22:02:58,929 - INFO - Maximum log composite likelihood: -8187.526528637521.
2024-03-14 22:02:58,929 - INFO - Optimal value of theta: 17678.30623923319.
2024-03-14 22:02:58,929 - INFO - Beginning optimization with guess, [0.53465512].
2024-03-14 22:04:35,628 - INFO - Finished optimization with guess, [0.53465512].
2024-03-14 22:04:35,641 - INFO - Best fit parameters: [0.53465512].
2024-03-14 22:04:38,520 - INFO - Maximum log composite likelihood: -8187.526528637521.
2024-03-14 22:04:38,520 - INFO - Optimal value of theta: 17678.30623923319.
2024-03-14 22:04:38,520 - INFO - Beginning optimization with guess, [1.18069266].
2024-03-14 22:05:36,342 - INFO - Finished optimization with guess, [1.18069266].
2024-03-14 22:05:36,374 - INFO - Best fit parameters: [1.18069266].
2024-03-14 22:05:37,863 - INFO - Maximum log composite likelihood: -8187.526528637521.
2024-03-14 22:05:37,863 - INFO - Optimal value of theta: 17678.30623923319.
2024-03-14 22:05:37,863 - INFO - Beginning optimization with guess, [1.02855898].
2024-03-14 22:06:00,254 - INFO - Finished optimization with guess, [1.02855898].
2024-03-14 22:06:00,270 - INFO - Best fit parameters: [1.02855898].
2024-03-14 22:06:01,904 - INFO - Maximum log composite likelihood: -8187.526528637521.
2024-03-14 22:06:01,904 - INFO - Optimal value of theta: 17678.30623923319.
2024-03-14 22:06:01,904 - INFO - Beginning optimization with guess, [1.11834535].
2024-03-14 22:06:32,037 - INFO - Finished optimization with guess, [1.11834535].
2024-03-14 22:06:32,069 - INFO - Best fit parameters: [1.11834535].
2024-03-14 22:06:33,495 - INFO - Maximum log composite likelihood: -8187.526528637521.
2024-03-14 22:06:33,495 - INFO - Optimal value of theta: 17678.30623923319.
2024-03-14 22:06:33,495 - INFO - Beginning optimization with guess, [3.19116423].
2024-03-14 22:08:08,366 - INFO - Finished optimization with guess, [3.19116423].
2024-03-14 22:08:08,374 - INFO - Best fit parameters: [3.19116423].
2024-03-14 22:08:12,919 - INFO - Maximum log composite likelihood: -8187.526528637521.
2024-03-14 22:08:12,919 - INFO - Optimal value of theta: 17678.30623923319.
2024-03-14 22:08:12,920 - INFO - Beginning optimization with guess, [3.72900093].
2024-03-14 22:10:28,514 - INFO - Finished optimization with guess, [3.72900093].
2024-03-14 22:10:28,545 - INFO - Best fit parameters: [3.72900093].
2024-03-14 22:10:32,591 - INFO - Maximum log composite likelihood: -8187.526528637521.
2024-03-14 22:10:32,591 - INFO - Optimal value of theta: 17678.30623923319.
2024-03-14 22:10:32,591 - INFO - Beginning optimization with guess, [2.47618298].
2024-03-14 22:12:31,990 - INFO - Finished optimization with guess, [2.47618298].
2024-03-14 22:12:31,995 - INFO - Best fit parameters: [2.47618298].
2024-03-14 22:12:36,363 - INFO - Maximum log composite likelihood: -8187.526528637521.
2024-03-14 22:12:36,363 - INFO - Optimal value of theta: 17678.30623923319.
2024-03-14 22:12:36,363 - INFO - Beginning optimization with guess, [1.2515314].
2024-03-14 22:13:46,390 - INFO - Finished optimization with guess, [1.2515314].
2024-03-14 22:13:46,395 - INFO - Best fit parameters: [1.2515314].
2024-03-14 22:13:49,055 - INFO - Maximum log composite likelihood: -8187.526528637521.
2024-03-14 22:13:49,085 - INFO - Optimal value of theta: 17678.30623923319.
2024-03-14 22:13:49,086 - INFO - Beginning optimization with guess, [2.03150489].
2024-03-14 22:15:10,614 - INFO - Finished optimization with guess, [2.03150489].
2024-03-14 22:15:10,654 - INFO - Best fit parameters: [2.03150489].
2024-03-14 22:15:13,929 - INFO - Maximum log composite likelihood: -8187.526528637521.
2024-03-14 22:15:13,929 - INFO - Optimal value of theta: 17678.30623923319.
2024-03-14 22:15:13,929 - INFO - Beginning optimization with guess, [5.97462332].
2024-03-14 22:16:42,253 - INFO - Finished optimization with guess, [5.97462332].
2024-03-14 22:16:42,271 - INFO - Best fit parameters: [5.97462332].
2024-03-14 22:16:44,906 - INFO - Maximum log composite likelihood: -8187.526528637521.
2024-03-14 22:16:44,906 - INFO - Optimal value of theta: 17678.30623923319.
2024-03-14 22:16:44,907 - INFO - Beginning optimization with guess, [4.97722266].
2024-03-14 22:17:38,564 - INFO - Finished optimization with guess, [4.97722266].
2024-03-14 22:17:38,585 - INFO - Best fit parameters: [4.97722266].
2024-03-14 22:17:40,034 - INFO - Maximum log composite likelihood: -8187.526528637521.
2024-03-14 22:17:40,034 - INFO - Optimal value of theta: 17678.30623923319.
2024-03-14 22:17:40,035 - INFO - Beginning optimization with guess, [2.01457542].
2024-03-14 22:18:29,965 - INFO - Finished optimization with guess, [2.01457542].
2024-03-14 22:18:29,974 - INFO - Best fit parameters: [2.01457542].
2024-03-14 22:18:33,114 - INFO - Maximum log composite likelihood: -8187.526528637521.
2024-03-14 22:18:33,114 - INFO - Optimal value of theta: 17678.30623923319.
2024-03-14 22:18:33,115 - INFO - Beginning optimization with guess, [6.57840312].
2024-03-14 22:19:37,414 - INFO - Finished optimization with guess, [6.57840312].
2024-03-14 22:19:37,416 - INFO - Best fit parameters: [6.57840312].
2024-03-14 22:19:38,961 - INFO - Maximum log composite likelihood: -8187.526528637521.
2024-03-14 22:19:38,961 - INFO - Optimal value of theta: 17678.30623923319.
2024-03-14 22:19:38,961 - INFO - Beginning optimization with guess, [3.19170484].
