2025-01-28 16:49:01,075 - INFO - Beginning execution of fit_demographic_model.py in directory /u/scratch/j/jonmah/sample_size_demography/Scripts

2025-01-28 16:49:01,075 - INFO - Progress is being logged to ../Analysis/gnomAD_700/log.log

2025-01-28 16:49:01,075 - INFO - Parsed the following arguments:
	syn_input_sfs = ../Analysis/gnomAD_700/syn_downsampled_sfs.txt
	mask_singletons = False
	mask_doubletons = False
	outprefix = ../Analysis/gnomAD_700/

2025-01-28 16:49:01,078 - INFO - Beginning demographic inference for two-epoch demographic model.
2025-01-28 16:49:01,082 - INFO - Beginning optimization with guess, [0.01796318 0.10569354].
2025-01-28 16:53:51,571 - INFO - Finished optimization with guess, [0.01796318 0.10569354].
2025-01-28 16:53:51,572 - INFO - Best fit parameters: [0.00548066 0.22251892].
2025-01-28 16:53:55,579 - INFO - Maximum log composite likelihood: -18006.778719758724.
2025-01-28 16:53:55,579 - INFO - Optimal value of theta: 1561531.5819095992.
2025-01-28 16:53:55,579 - INFO - Beginning optimization with guess, [0.0877966  0.10047625].
2025-01-28 21:28:54,163 - INFO - Finished optimization with guess, [0.0877966  0.10047625].
2025-01-28 21:28:54,164 - INFO - Best fit parameters: [1.67871951e-03 1.79332013e+01].
2025-01-28 21:34:28,409 - INFO - Maximum log composite likelihood: -18006.77872018234.
2025-01-28 21:34:28,411 - INFO - Optimal value of theta: 5098066.082899897.
2025-01-28 21:34:28,411 - INFO - Beginning optimization with guess, [0.98035944 0.05229545].
2025-01-28 21:36:34,841 - INFO - Finished optimization with guess, [0.98035944 0.05229545].
2025-01-28 21:36:34,842 - INFO - Best fit parameters: [4.26824763 0.01449819].
2025-01-28 21:36:37,552 - INFO - Maximum log composite likelihood: -5787.373980634009.
2025-01-28 21:36:37,552 - INFO - Optimal value of theta: 6548.065024881372.
2025-01-28 21:36:37,553 - INFO - Beginning optimization with guess, [1.72019277 0.09958968].
2025-01-28 21:38:55,607 - INFO - Finished optimization with guess, [1.72019277 0.09958968].
2025-01-28 21:38:55,608 - INFO - Best fit parameters: [3.28046083e+01 1.64508967e-02].
2025-01-28 21:38:58,307 - INFO - Maximum log composite likelihood: -1235.6207147611483.
2025-01-28 21:38:58,307 - INFO - Optimal value of theta: 5098.46313061844.
2025-01-28 21:38:58,307 - INFO - Beginning optimization with guess, [3.2704276  0.05766582].
2025-01-28 21:41:05,400 - INFO - Finished optimization with guess, [3.2704276  0.05766582].
2025-01-28 21:41:05,401 - INFO - Best fit parameters: [3.26568900e+01 1.64494238e-02].
2025-01-28 21:41:08,101 - INFO - Maximum log composite likelihood: -1235.6365246785642.
2025-01-28 21:41:08,101 - INFO - Optimal value of theta: 5100.040598774572.
2025-01-28 21:41:08,101 - INFO - Beginning optimization with guess, [3.88239305 0.167978  ].
2025-01-28 21:43:17,704 - INFO - Finished optimization with guess, [3.88239305 0.167978  ].
2025-01-28 21:43:17,705 - INFO - Best fit parameters: [3.20614810e+01 1.65669192e-02].
2025-01-28 21:43:20,403 - INFO - Maximum log composite likelihood: -1235.80019020547.
2025-01-28 21:43:20,403 - INFO - Optimal value of theta: 5092.992057094135.
2025-01-28 21:43:20,404 - INFO - Beginning optimization with guess, [5.33590431 0.19238375].
2025-01-28 21:45:29,974 - INFO - Finished optimization with guess, [5.33590431 0.19238375].
2025-01-28 21:45:29,975 - INFO - Best fit parameters: [3.23444546e+01 1.64296952e-02].
2025-01-28 21:45:32,676 - INFO - Maximum log composite likelihood: -1235.7802441469173.
2025-01-28 21:45:32,676 - INFO - Optimal value of theta: 5105.242544225794.
2025-01-28 21:45:32,676 - INFO - Beginning optimization with guess, [11.50068276  0.09113966].
2025-01-28 21:47:36,828 - INFO - Finished optimization with guess, [11.50068276  0.09113966].
2025-01-28 21:47:36,830 - INFO - Best fit parameters: [3.26044483e+01 1.64700801e-02].
2025-01-28 21:47:39,526 - INFO - Maximum log composite likelihood: -1235.6309937847973.
2025-01-28 21:47:39,526 - INFO - Optimal value of theta: 5098.272303915273.
2025-01-28 21:47:39,526 - INFO - Beginning optimization with guess, [20.82698884  0.19160213].
2025-01-28 21:49:43,695 - INFO - Finished optimization with guess, [20.82698884  0.19160213].
2025-01-28 21:49:43,697 - INFO - Best fit parameters: [3.23340362e+01 1.57558750e-02].
2025-01-28 21:49:46,397 - INFO - Maximum log composite likelihood: -1242.1681455758726.
2025-01-28 21:49:46,397 - INFO - Optimal value of theta: 5180.993063345889.
2025-01-28 21:49:46,397 - INFO - Beginning optimization with guess, [16.7994526   0.06289802].
2025-01-28 21:51:53,319 - INFO - Finished optimization with guess, [16.7994526   0.06289802].
2025-01-28 21:51:53,321 - INFO - Best fit parameters: [3.28464010e+01 1.64520924e-02].
2025-01-28 21:51:56,022 - INFO - Maximum log composite likelihood: -1235.620217080236.
2025-01-28 21:51:56,022 - INFO - Optimal value of theta: 5097.9329683789665.
2025-01-28 21:51:56,023 - INFO - Beginning optimization with guess, [51.74839742  0.06557815].
2025-01-28 21:54:03,017 - INFO - Finished optimization with guess, [51.74839742  0.06557815].
2025-01-28 21:54:03,018 - INFO - Best fit parameters: [3.25906550e+01 1.65685985e-02].
2025-01-28 21:54:05,719 - INFO - Maximum log composite likelihood: -1235.6745296740557.
2025-01-28 21:54:05,719 - INFO - Optimal value of theta: 5087.599789884936.
2025-01-28 21:54:05,719 - INFO - Beginning optimization with guess, [59.09292051  0.17558927].
2025-01-28 21:56:12,674 - INFO - Finished optimization with guess, [59.09292051  0.17558927].
2025-01-28 21:56:12,675 - INFO - Best fit parameters: [3.47443888e+01 1.65749447e-02].
2025-01-28 21:56:15,373 - INFO - Maximum log composite likelihood: -1238.0237602818345.
2025-01-28 21:56:15,373 - INFO - Optimal value of theta: 5067.143403025187.
2025-01-28 21:56:15,373 - INFO - Beginning optimization with guess, [24.12987894  0.13458051].
2025-01-28 21:58:25,103 - INFO - Finished optimization with guess, [24.12987894  0.13458051].
2025-01-28 21:58:25,104 - INFO - Best fit parameters: [3.25817654e+01 1.65325941e-02].
2025-01-28 21:58:27,806 - INFO - Maximum log composite likelihood: -1235.6367207210612.
2025-01-28 21:58:27,806 - INFO - Optimal value of theta: 5091.628015974991.
2025-01-28 21:58:27,806 - INFO - Beginning optimization with guess, [42.90258632  0.08834232].
2025-01-28 22:00:40,168 - INFO - Finished optimization with guess, [42.90258632  0.08834232].
2025-01-28 22:00:40,169 - INFO - Best fit parameters: [3.24771081e+01 1.65391279e-02].
2025-01-28 22:00:42,870 - INFO - Maximum log composite likelihood: -1235.6511667315103.
2025-01-28 22:00:42,870 - INFO - Optimal value of theta: 5091.929640384884.
2025-01-28 22:00:42,870 - INFO - Beginning optimization with guess, [31.95801113  0.14142601].
2025-01-28 22:02:57,892 - INFO - Finished optimization with guess, [31.95801113  0.14142601].
2025-01-28 22:02:57,893 - INFO - Best fit parameters: [3.32305637e+01 1.64877520e-02].
2025-01-28 22:03:00,594 - INFO - Maximum log composite likelihood: -1235.7364449330862.
2025-01-28 22:03:00,594 - INFO - Optimal value of theta: 5090.380214238709.
2025-01-28 22:03:00,594 - INFO - Beginning optimization with guess, [37.131057    0.06019948].
2025-01-28 22:05:12,928 - INFO - Finished optimization with guess, [37.131057    0.06019948].
2025-01-28 22:05:12,929 - INFO - Best fit parameters: [3.23101207e+01 1.65555113e-02].
2025-01-28 22:05:15,629 - INFO - Maximum log composite likelihood: -1235.6956319503465.
2025-01-28 22:05:15,629 - INFO - Optimal value of theta: 5091.773046817786.
2025-01-28 22:05:15,629 - INFO - Beginning optimization with guess, [35.44585516  0.09257973].
2025-01-28 22:07:27,922 - INFO - Finished optimization with guess, [35.44585516  0.09257973].
2025-01-28 22:07:27,923 - INFO - Best fit parameters: [3.26474889e+01 1.64583191e-02].
2025-01-28 22:07:30,622 - INFO - Maximum log composite likelihood: -1235.631062014833.
2025-01-28 22:07:30,622 - INFO - Optimal value of theta: 5099.151554748077.
2025-01-28 22:07:30,623 - INFO - Beginning optimization with guess, [43.32100456  0.08668262].
2025-01-28 22:09:42,886 - INFO - Finished optimization with guess, [43.32100456  0.08668262].
2025-01-28 22:09:42,887 - INFO - Best fit parameters: [3.31826970e+01 1.63641757e-02].
2025-01-28 22:09:45,586 - INFO - Maximum log composite likelihood: -1235.7258808508598.
2025-01-28 22:09:45,586 - INFO - Optimal value of theta: 5104.48511869818.
2025-01-28 22:09:45,586 - INFO - Beginning optimization with guess, [1.01284158e+02 9.37368386e-02].
2025-01-28 22:12:00,773 - INFO - Finished optimization with guess, [1.01284158e+02 9.37368386e-02].
2025-01-28 22:12:00,773 - INFO - Best fit parameters: [3.26619287e+01 1.65118837e-02].
2025-01-28 22:12:03,488 - INFO - Maximum log composite likelihood: -1235.6223233372143.
2025-01-28 22:12:03,488 - INFO - Optimal value of theta: 5093.1245091677065.
2025-01-28 22:12:03,489 - INFO - Beginning optimization with guess, [70.17730866  0.13266435].
2025-01-28 22:14:08,419 - INFO - Finished optimization with guess, [70.17730866  0.13266435].
2025-01-28 22:14:08,420 - INFO - Best fit parameters: [3.30735601e+01 1.63839814e-02].
2025-01-28 22:14:11,182 - INFO - Maximum log composite likelihood: -1235.68711323136.
2025-01-28 22:14:11,183 - INFO - Optimal value of theta: 5103.310486439347.
2025-01-28 22:14:11,183 - INFO - Beginning optimization with guess, [1.02963610e+02 8.04713187e-02].
2025-01-28 22:16:29,426 - INFO - Finished optimization with guess, [1.02963610e+02 8.04713187e-02].
2025-01-28 22:16:29,427 - INFO - Best fit parameters: [3.26747298e+01 1.64958262e-02].
2025-01-28 22:16:32,188 - INFO - Maximum log composite likelihood: -1235.6173055650238.
2025-01-28 22:16:32,188 - INFO - Optimal value of theta: 5094.764460427439.
2025-01-28 22:16:32,189 - INFO - Beginning optimization with guess, [2.65169127e+02 7.55761822e-02].
2025-01-28 22:18:47,843 - INFO - Finished optimization with guess, [2.65169127e+02 7.55761822e-02].
2025-01-28 22:18:47,845 - INFO - Best fit parameters: [3.25979176e+01 1.64929222e-02].
2025-01-28 22:18:50,603 - INFO - Maximum log composite likelihood: -1235.6241754739985.
2025-01-28 22:18:50,603 - INFO - Optimal value of theta: 5095.824562427567.
2025-01-28 22:18:50,604 - INFO - Beginning optimization with guess, [94.70598959  0.1924044 ].
2025-01-28 22:21:00,524 - INFO - Finished optimization with guess, [94.70598959  0.1924044 ].
2025-01-28 22:21:00,526 - INFO - Best fit parameters: [3.2506461e+01 1.6637811e-02].
2025-01-28 22:21:03,290 - INFO - Maximum log composite likelihood: -1235.808284248472.
2025-01-28 22:21:03,290 - INFO - Optimal value of theta: 5080.865520229312.
2025-01-28 22:21:03,291 - INFO - Beginning optimization with guess, [2.02222238e+02 6.64115463e-02].
2025-01-28 22:23:15,054 - INFO - Finished optimization with guess, [2.02222238e+02 6.64115463e-02].
2025-01-28 22:23:15,055 - INFO - Best fit parameters: [3.26825064e+01 1.64936192e-02].
2025-01-28 22:23:17,818 - INFO - Maximum log composite likelihood: -1235.6166875289423.
2025-01-28 22:23:17,819 - INFO - Optimal value of theta: 5094.932088980092.
2025-01-28 22:23:17,819 - INFO - Beginning optimization with guess, [3.90757798e+02 8.90067740e-02].
2025-01-28 22:25:28,007 - INFO - Finished optimization with guess, [3.90757798e+02 8.90067740e-02].
2025-01-28 22:25:28,008 - INFO - Best fit parameters: [3.22186198e+01 1.65380446e-02].
2025-01-28 22:25:30,781 - INFO - Maximum log composite likelihood: -1235.7251333875683.
2025-01-28 22:25:30,781 - INFO - Optimal value of theta: 5094.586199269948.
2025-01-28 22:25:30,827 - INFO - Beginning demographic inference for three-epoch demographic model.
2025-01-28 22:25:30,832 - INFO - Beginning optimization with guess, [0.00765487 0.00608318 0.13129805 0.05787572].
2025-01-28 22:42:01,244 - INFO - Finished optimization with guess, [0.00765487 0.00608318 0.13129805 0.05787572].
2025-01-28 22:42:01,245 - INFO - Best fit parameters: [0.00019717 0.07022123 0.15524971 0.06376349].
2025-01-28 22:42:28,519 - INFO - Maximum log composite likelihood: -15375.54688392056.
2025-01-28 22:42:28,520 - INFO - Optimal value of theta: 146808.95798074247.
2025-01-28 22:42:28,520 - INFO - Beginning optimization with guess, [0.18426713 0.05560482 0.06423834 0.1299831 ].
2025-01-28 22:46:07,342 - INFO - Finished optimization with guess, [0.18426713 0.05560482 0.06423834 0.1299831 ].
2025-01-28 22:46:07,343 - INFO - Best fit parameters: [0.1436179  0.01287766 0.04863075 0.59552798].
2025-01-28 22:46:11,561 - INFO - Maximum log composite likelihood: -18006.778719783902.
2025-01-28 22:46:11,561 - INFO - Optimal value of theta: 664578.8285311018.
2025-01-28 22:46:11,562 - INFO - Beginning optimization with guess, [0.62118544 0.31358155 0.07148068 0.06276144].
2025-01-28 22:48:13,092 - INFO - Finished optimization with guess, [0.62118544 0.31358155 0.07148068 0.06276144].
2025-01-28 22:48:13,093 - INFO - Best fit parameters: [2.41635466e-01 3.25934749e+01 1.32825805e-03 1.88377201e-02].
2025-01-28 22:48:15,849 - INFO - Maximum log composite likelihood: -1317.5323266760433.
2025-01-28 22:48:15,849 - INFO - Optimal value of theta: 5123.347504764161.
2025-01-28 22:48:15,849 - INFO - Beginning optimization with guess, [0.73631174 0.55920584 0.11955919 0.0846768 ].
2025-01-28 22:50:20,697 - INFO - Finished optimization with guess, [0.73631174 0.55920584 0.11955919 0.0846768 ].
2025-01-28 22:50:20,699 - INFO - Best fit parameters: [ 0.30918555 11.17988073  0.09578747  0.02443131].
2025-01-28 22:50:23,486 - INFO - Maximum log composite likelihood: -2544.344319047053.
2025-01-28 22:50:23,487 - INFO - Optimal value of theta: 6608.364480080453.
2025-01-28 22:50:23,487 - INFO - Beginning optimization with guess, [2.0168667  1.69030035 0.12062976 0.11672074].
2025-01-28 22:52:28,317 - INFO - Finished optimization with guess, [2.0168667  1.69030035 0.12062976 0.11672074].
2025-01-28 22:52:28,319 - INFO - Best fit parameters: [0.36600069 3.61336513 0.19482787 0.01962673].
2025-01-28 22:52:31,096 - INFO - Maximum log composite likelihood: -3264.5782647584897.
2025-01-28 22:52:31,096 - INFO - Optimal value of theta: 8900.46552853566.
2025-01-28 22:52:31,096 - INFO - Beginning optimization with guess, [9.05711364 3.6038611  0.08035684 0.08261932].
2025-01-28 22:54:36,968 - INFO - Finished optimization with guess, [9.05711364 3.6038611  0.08035684 0.08261932].
2025-01-28 22:54:36,969 - INFO - Best fit parameters: [ 0.38542048 12.19311677  0.0154951   0.02334273].
2025-01-28 22:54:39,668 - INFO - Maximum log composite likelihood: -1703.4547520648446.
2025-01-28 22:54:39,668 - INFO - Optimal value of theta: 5664.250644074263.
2025-01-28 22:54:39,668 - INFO - Beginning optimization with guess, [ 8.2769542  11.93349657  0.05119538  0.05437332].
2025-01-28 22:56:30,411 - INFO - Finished optimization with guess, [ 8.2769542  11.93349657  0.05119538  0.05437332].
2025-01-28 22:56:30,412 - INFO - Best fit parameters: [7.34085290e-01 2.49621531e+01 1.37489104e-02 2.06112839e-02].
2025-01-28 22:56:33,114 - INFO - Maximum log composite likelihood: -1330.057057812423.
2025-01-28 22:56:33,114 - INFO - Optimal value of theta: 4981.615725697307.
2025-01-28 22:56:33,115 - INFO - Beginning optimization with guess, [11.52712513 10.99560756  0.08755348  0.10125959].
2025-01-28 22:58:34,695 - INFO - Finished optimization with guess, [11.52712513 10.99560756  0.08755348  0.10125959].
2025-01-28 22:58:34,696 - INFO - Best fit parameters: [ 0.36235416 14.44363234  0.0155648   0.02446278].
2025-01-28 22:58:37,404 - INFO - Maximum log composite likelihood: -1651.1204108729823.
2025-01-28 22:58:37,404 - INFO - Optimal value of theta: 5473.351876424096.
2025-01-28 22:58:37,404 - INFO - Beginning optimization with guess, [ 6.25939349 10.58285323  0.05217742  0.15822897].
2025-01-28 23:00:36,335 - INFO - Finished optimization with guess, [ 6.25939349 10.58285323  0.05217742  0.15822897].
2025-01-28 23:00:36,336 - INFO - Best fit parameters: [4.18679442e-01 1.38344545e+01 8.15856193e-03 2.93399752e-02].
2025-01-28 23:00:39,036 - INFO - Maximum log composite likelihood: -1687.6297359201321.
2025-01-28 23:00:39,037 - INFO - Optimal value of theta: 4911.726699405901.
2025-01-28 23:00:39,037 - INFO - Beginning optimization with guess, [ 5.41816012 12.01285271  0.11757097  0.19315142].
2025-01-28 23:02:32,674 - INFO - Finished optimization with guess, [ 5.41816012 12.01285271  0.11757097  0.19315142].
2025-01-28 23:02:32,675 - INFO - Best fit parameters: [0.3489715  9.56730357 0.03909448 0.02935244].
2025-01-28 23:02:35,384 - INFO - Maximum log composite likelihood: -2104.428385203443.
2025-01-28 23:02:35,384 - INFO - Optimal value of theta: 5823.924916977126.
2025-01-28 23:02:35,385 - INFO - Beginning optimization with guess, [8.35610421 8.87447347 0.16288378 0.11150204].
2025-01-28 23:04:31,785 - INFO - Finished optimization with guess, [8.35610421 8.87447347 0.16288378 0.11150204].
2025-01-28 23:04:31,786 - INFO - Best fit parameters: [ 0.54818597 11.74865481  0.08082552  0.0231412 ].
2025-01-28 23:04:34,494 - INFO - Maximum log composite likelihood: -1678.4305811734273.
2025-01-28 23:04:34,494 - INFO - Optimal value of theta: 5824.495735554754.
2025-01-28 23:04:34,494 - INFO - Beginning optimization with guess, [10.4455337  19.4422451   0.15074738  0.14318612].
2025-01-28 23:06:22,760 - INFO - Finished optimization with guess, [10.4455337  19.4422451   0.15074738  0.14318612].
2025-01-28 23:06:22,761 - INFO - Best fit parameters: [0.39959894 8.31643614 0.06356116 0.02530405].
2025-01-28 23:06:25,466 - INFO - Maximum log composite likelihood: -2120.0123138088456.
2025-01-28 23:06:25,466 - INFO - Optimal value of theta: 6346.56142520676.
2025-01-28 23:06:25,467 - INFO - Beginning optimization with guess, [30.41444822 30.66819593  0.09582163  0.09125966].
2025-01-28 23:08:19,107 - INFO - Finished optimization with guess, [30.41444822 30.66819593  0.09582163  0.09125966].
2025-01-28 23:08:19,108 - INFO - Best fit parameters: [2.40323859e+00 1.99912628e+01 1.93931411e-02 1.11601304e-02].
2025-01-28 23:08:21,811 - INFO - Maximum log composite likelihood: -1753.8886186317409.
2025-01-28 23:08:21,811 - INFO - Optimal value of theta: 5141.398386366039.
2025-01-28 23:08:21,811 - INFO - Beginning optimization with guess, [13.45744703 19.6413483   0.10263838  0.18581725].
2025-01-28 23:10:13,018 - INFO - Finished optimization with guess, [13.45744703 19.6413483   0.10263838  0.18581725].
2025-01-28 23:10:13,019 - INFO - Best fit parameters: [3.08494314 9.29045027 0.01417726 0.01633269].
2025-01-28 23:10:15,718 - INFO - Maximum log composite likelihood: -2546.2176498078957.
2025-01-28 23:10:15,718 - INFO - Optimal value of theta: 5087.96716685116.
2025-01-28 23:10:15,718 - INFO - Beginning optimization with guess, [37.69517673 29.56785096  0.11206275  0.06149811].
2025-01-28 23:12:12,049 - INFO - Finished optimization with guess, [37.69517673 29.56785096  0.11206275  0.06149811].
2025-01-28 23:12:12,051 - INFO - Best fit parameters: [ 0.85645119 14.73042083  0.01955228  0.02440996].
2025-01-28 23:12:14,758 - INFO - Maximum log composite likelihood: -1626.6647045782024.
2025-01-28 23:12:14,758 - INFO - Optimal value of theta: 4909.879173724806.
2025-01-28 23:12:14,759 - INFO - Beginning optimization with guess, [46.10839239 32.78598834  0.13392498  0.18254304].
2025-01-28 23:14:08,248 - INFO - Finished optimization with guess, [46.10839239 32.78598834  0.13392498  0.18254304].
2025-01-28 23:14:08,249 - INFO - Best fit parameters: [ 7.53915446 10.92607264  0.04329979  0.05733573].
2025-01-28 23:14:10,951 - INFO - Maximum log composite likelihood: -6137.822270725802.
2025-01-28 23:14:10,951 - INFO - Optimal value of theta: 3044.051226948515.
2025-01-28 23:14:10,951 - INFO - Beginning optimization with guess, [42.63155921 13.84667454  0.06044135  0.077634  ].
2025-01-28 23:16:09,835 - INFO - Finished optimization with guess, [42.63155921 13.84667454  0.06044135  0.077634  ].
2025-01-28 23:16:09,837 - INFO - Best fit parameters: [4.05423202e+00 1.24197151e+01 7.27422781e-03 2.48852764e-02].
2025-01-28 23:16:12,539 - INFO - Maximum log composite likelihood: -2125.072615831583.
2025-01-28 23:16:12,539 - INFO - Optimal value of theta: 4557.009285249958.
2025-01-28 23:16:12,540 - INFO - Beginning optimization with guess, [24.01690397 39.72333264  0.15712674  0.07834824].
2025-01-28 23:18:14,231 - INFO - Finished optimization with guess, [24.01690397 39.72333264  0.15712674  0.07834824].
2025-01-28 23:18:14,232 - INFO - Best fit parameters: [9.73662509e-01 2.63151741e+01 9.12686617e-02 2.03542497e-02].
2025-01-28 23:18:16,936 - INFO - Maximum log composite likelihood: -1320.4946080344253.
2025-01-28 23:18:16,936 - INFO - Optimal value of theta: 4830.55204692307.
2025-01-28 23:18:16,936 - INFO - Beginning optimization with guess, [6.08218861e+01 3.66804655e+01 5.81783018e-02 1.37070552e-01].
2025-01-28 23:20:07,763 - INFO - Finished optimization with guess, [6.08218861e+01 3.66804655e+01 5.81783018e-02 1.37070552e-01].
2025-01-28 23:20:07,764 - INFO - Best fit parameters: [9.57745638 7.84047702 0.01100151 0.02966552].
2025-01-28 23:20:10,470 - INFO - Maximum log composite likelihood: -3119.2947369352005.
2025-01-28 23:20:10,471 - INFO - Optimal value of theta: 4491.097918687967.
2025-01-28 23:20:10,471 - INFO - Beginning optimization with guess, [6.98674020e+01 4.06083636e+01 1.75866827e-01 5.01883473e-02].
2025-01-28 23:22:17,620 - INFO - Finished optimization with guess, [6.98674020e+01 4.06083636e+01 1.75866827e-01 5.01883473e-02].
2025-01-28 23:22:17,621 - INFO - Best fit parameters: [1.17741020e+00 4.02694490e+01 6.30959199e-02 1.59159133e-02].
2025-01-28 23:22:20,326 - INFO - Maximum log composite likelihood: -1245.4397474517627.
2025-01-28 23:22:20,326 - INFO - Optimal value of theta: 4893.949057811889.
2025-01-28 23:22:20,326 - INFO - Beginning optimization with guess, [25.44552457 39.60436448  0.12454811  0.05463559].
2025-01-28 23:24:12,205 - INFO - Finished optimization with guess, [25.44552457 39.60436448  0.12454811  0.05463559].
2025-01-28 23:24:12,207 - INFO - Best fit parameters: [2.92252486e+00 7.17539933e+01 1.67405390e-02 1.49165640e-02].
2025-01-28 23:24:14,993 - INFO - Maximum log composite likelihood: -1425.4964855276123.
2025-01-28 23:24:14,993 - INFO - Optimal value of theta: 4427.264997174988.
2025-01-28 23:24:14,993 - INFO - Beginning optimization with guess, [43.05430482 79.99447422  0.10334024  0.18296589].
2025-01-28 23:26:21,768 - INFO - Finished optimization with guess, [43.05430482 79.99447422  0.10334024  0.18296589].
2025-01-28 23:26:21,769 - INFO - Best fit parameters: [20.60655932 10.8632281   0.03866872  0.09974965].
2025-01-28 23:26:24,686 - INFO - Maximum log composite likelihood: -8359.11115581509.
2025-01-28 23:26:24,686 - INFO - Optimal value of theta: 2600.7364224583853.
2025-01-28 23:26:24,687 - INFO - Beginning optimization with guess, [3.17555275e+01 1.12962288e+02 9.41147117e-02 1.30418452e-01].
2025-01-28 23:28:27,355 - INFO - Finished optimization with guess, [3.17555275e+01 1.12962288e+02 9.41147117e-02 1.30418452e-01].
2025-01-28 23:28:27,356 - INFO - Best fit parameters: [1.56797929e+01 7.40860501e+00 1.16463643e-02 3.47038905e-02].
2025-01-28 23:28:30,185 - INFO - Maximum log composite likelihood: -3498.4538872811686.
2025-01-28 23:28:30,185 - INFO - Optimal value of theta: 4294.224297954921.
2025-01-28 23:28:30,186 - INFO - Beginning optimization with guess, [53.31726837 37.49143851  0.14641294  0.1001628 ].
2025-01-28 23:30:30,255 - INFO - Finished optimization with guess, [53.31726837 37.49143851  0.14641294  0.1001628 ].
2025-01-28 23:30:30,256 - INFO - Best fit parameters: [15.90503786 10.27590489  0.03378046  0.03329986].
2025-01-28 23:30:33,021 - INFO - Maximum log composite likelihood: -4623.672142657344.
2025-01-28 23:30:33,021 - INFO - Optimal value of theta: 3428.0991480347443.
2025-01-28 23:30:33,022 - INFO - Beginning optimization with guess, [1.52965830e+02 1.00717039e+02 9.49293531e-02 9.98538700e-02].
2025-01-28 23:32:31,687 - INFO - Finished optimization with guess, [1.52965830e+02 1.00717039e+02 9.49293531e-02 9.98538700e-02].
2025-01-28 23:32:31,688 - INFO - Best fit parameters: [2.06583963e+01 1.24185595e+01 1.69136975e-02 7.11793617e-03].
2025-01-28 23:32:34,455 - INFO - Maximum log composite likelihood: -1608.4615734929848.
2025-01-28 23:32:34,455 - INFO - Optimal value of theta: 4675.398665296664.
2025-01-28 23:32:34,462 - INFO - Finished demographic inference.
2025-01-28 23:32:34,462 - INFO - Pipeline executed succesfully.
