2024-03-15 19:11:22,720 - INFO - Beginning execution of fit_demographic_model.py in directory /u/project/kirk/jonmah/sample_size_demography/Scripts

2024-03-15 19:11:22,721 - INFO - Progress is being logged to ../Analysis/TwoEpochContraction_190/log.log

2024-03-15 19:11:22,721 - INFO - Parsed the following arguments:
	syn_input_sfs = ../Analysis/TwoEpochContraction_190/syn_downsampled_sfs.txt
	mask_singletons = False
	mask_doubletons = False
	outprefix = ../Analysis/TwoEpochContraction_190/

2024-03-15 19:11:22,746 - INFO - Beginning demographic inference for one-epoch demographic model.
2024-03-15 19:11:22,747 - INFO - Beginning optimization with guess, [0.1549041].
2024-03-15 19:11:40,535 - INFO - Finished optimization with guess, [0.1549041].
2024-03-15 19:11:40,562 - INFO - Best fit parameters: [0.1549041].
2024-03-15 19:11:41,169 - INFO - Maximum log composite likelihood: -2077.6319954902565.
2024-03-15 19:11:41,170 - INFO - Optimal value of theta: 8856.055776196208.
2024-03-15 19:11:41,170 - INFO - Beginning optimization with guess, [0.13479657].
2024-03-15 19:11:58,633 - INFO - Finished optimization with guess, [0.13479657].
2024-03-15 19:11:58,635 - INFO - Best fit parameters: [0.13479657].
2024-03-15 19:11:59,299 - INFO - Maximum log composite likelihood: -2077.6319954902565.
2024-03-15 19:11:59,300 - INFO - Optimal value of theta: 8856.055776196208.
2024-03-15 19:11:59,300 - INFO - Beginning optimization with guess, [0.32751839].
2024-03-15 19:12:15,750 - INFO - Finished optimization with guess, [0.32751839].
2024-03-15 19:12:15,753 - INFO - Best fit parameters: [0.32751839].
2024-03-15 19:12:16,304 - INFO - Maximum log composite likelihood: -2077.6319954902565.
2024-03-15 19:12:16,304 - INFO - Optimal value of theta: 8856.055776196208.
2024-03-15 19:12:16,305 - INFO - Beginning optimization with guess, [0.21366932].
2024-03-15 19:12:32,822 - INFO - Finished optimization with guess, [0.21366932].
2024-03-15 19:12:32,824 - INFO - Best fit parameters: [0.21366932].
2024-03-15 19:12:33,347 - INFO - Maximum log composite likelihood: -2077.6319954902565.
2024-03-15 19:12:33,347 - INFO - Optimal value of theta: 8856.055776196208.
2024-03-15 19:12:33,347 - INFO - Beginning optimization with guess, [0.25320826].
2024-03-15 19:12:49,758 - INFO - Finished optimization with guess, [0.25320826].
2024-03-15 19:12:49,760 - INFO - Best fit parameters: [0.25320826].
2024-03-15 19:12:50,436 - INFO - Maximum log composite likelihood: -2077.6319954902565.
2024-03-15 19:12:50,436 - INFO - Optimal value of theta: 8856.055776196208.
2024-03-15 19:12:50,436 - INFO - Beginning optimization with guess, [0.63957714].
2024-03-15 19:13:03,723 - INFO - Finished optimization with guess, [0.63957714].
2024-03-15 19:13:03,723 - INFO - Best fit parameters: [0.63957714].
2024-03-15 19:13:04,226 - INFO - Maximum log composite likelihood: -2077.6319954902565.
2024-03-15 19:13:04,226 - INFO - Optimal value of theta: 8856.055776196208.
2024-03-15 19:13:04,226 - INFO - Beginning optimization with guess, [0.73371691].
2024-03-15 19:13:17,383 - INFO - Finished optimization with guess, [0.73371691].
2024-03-15 19:13:17,384 - INFO - Best fit parameters: [0.73371691].
2024-03-15 19:13:18,015 - INFO - Maximum log composite likelihood: -2077.6319954902565.
2024-03-15 19:13:18,015 - INFO - Optimal value of theta: 8856.055776196208.
2024-03-15 19:13:18,015 - INFO - Beginning optimization with guess, [1.11485529].
2024-03-15 19:13:27,946 - INFO - Finished optimization with guess, [1.11485529].
2024-03-15 19:13:27,948 - INFO - Best fit parameters: [1.11485529].
2024-03-15 19:13:28,457 - INFO - Maximum log composite likelihood: -2077.6319954902565.
2024-03-15 19:13:28,457 - INFO - Optimal value of theta: 8856.055776196208.
2024-03-15 19:13:28,457 - INFO - Beginning optimization with guess, [0.45919586].
2024-03-15 19:13:42,756 - INFO - Finished optimization with guess, [0.45919586].
2024-03-15 19:13:42,757 - INFO - Best fit parameters: [0.45919586].
2024-03-15 19:13:43,250 - INFO - Maximum log composite likelihood: -2077.6319954902565.
2024-03-15 19:13:43,250 - INFO - Optimal value of theta: 8856.055776196208.
2024-03-15 19:13:43,250 - INFO - Beginning optimization with guess, [0.9000896].
2024-03-15 19:13:53,165 - INFO - Finished optimization with guess, [0.9000896].
2024-03-15 19:13:53,166 - INFO - Best fit parameters: [0.9000896].
2024-03-15 19:13:53,675 - INFO - Maximum log composite likelihood: -2077.6319954902565.
2024-03-15 19:13:53,675 - INFO - Optimal value of theta: 8856.055776196208.
2024-03-15 19:13:53,676 - INFO - Beginning optimization with guess, [1.42706016].
2024-03-15 19:14:06,698 - INFO - Finished optimization with guess, [1.42706016].
2024-03-15 19:14:06,700 - INFO - Best fit parameters: [1.42706016].
2024-03-15 19:14:07,209 - INFO - Maximum log composite likelihood: -2077.6319954902565.
2024-03-15 19:14:07,209 - INFO - Optimal value of theta: 8856.055776196208.
2024-03-15 19:14:07,210 - INFO - Beginning optimization with guess, [1.21117868].
2024-03-15 19:14:18,566 - INFO - Finished optimization with guess, [1.21117868].
2024-03-15 19:14:18,567 - INFO - Best fit parameters: [1.21117868].
2024-03-15 19:14:19,074 - INFO - Maximum log composite likelihood: -2077.6319954902565.
2024-03-15 19:14:19,074 - INFO - Optimal value of theta: 8856.055776196208.
2024-03-15 19:14:19,075 - INFO - Beginning optimization with guess, [0.94448164].
2024-03-15 19:14:27,476 - INFO - Finished optimization with guess, [0.94448164].
2024-03-15 19:14:27,477 - INFO - Best fit parameters: [0.94448164].
2024-03-15 19:14:27,977 - INFO - Maximum log composite likelihood: -2077.6319954902565.
2024-03-15 19:14:27,977 - INFO - Optimal value of theta: 8856.055776196208.
2024-03-15 19:14:27,977 - INFO - Beginning optimization with guess, [3.38833645].
2024-03-15 19:14:43,755 - INFO - Finished optimization with guess, [3.38833645].
2024-03-15 19:14:43,757 - INFO - Best fit parameters: [3.38833645].
2024-03-15 19:14:44,250 - INFO - Maximum log composite likelihood: -2077.6319954902565.
2024-03-15 19:14:44,251 - INFO - Optimal value of theta: 8856.055776196208.
2024-03-15 19:14:44,251 - INFO - Beginning optimization with guess, [1.73006862].
2024-03-15 19:14:58,546 - INFO - Finished optimization with guess, [1.73006862].
2024-03-15 19:14:58,547 - INFO - Best fit parameters: [1.73006862].
2024-03-15 19:14:59,039 - INFO - Maximum log composite likelihood: -2077.6319954902565.
2024-03-15 19:14:59,039 - INFO - Optimal value of theta: 8856.055776196208.
2024-03-15 19:14:59,039 - INFO - Beginning optimization with guess, [4.31321283].
2024-03-15 19:15:14,920 - INFO - Finished optimization with guess, [4.31321283].
2024-03-15 19:15:14,921 - INFO - Best fit parameters: [4.31321283].
2024-03-15 19:15:15,414 - INFO - Maximum log composite likelihood: -2077.6319954902565.
2024-03-15 19:15:15,415 - INFO - Optimal value of theta: 8856.055776196208.
2024-03-15 19:15:15,415 - INFO - Beginning optimization with guess, [2.67475401].
2024-03-15 19:15:29,815 - INFO - Finished optimization with guess, [2.67475401].
2024-03-15 19:15:29,816 - INFO - Best fit parameters: [2.67475401].
2024-03-15 19:15:30,314 - INFO - Maximum log composite likelihood: -2077.6319954902565.
2024-03-15 19:15:30,314 - INFO - Optimal value of theta: 8856.055776196208.
2024-03-15 19:15:30,314 - INFO - Beginning optimization with guess, [3.00340611].
2024-03-15 19:15:46,215 - INFO - Finished optimization with guess, [3.00340611].
2024-03-15 19:15:46,216 - INFO - Best fit parameters: [3.00340611].
2024-03-15 19:15:46,710 - INFO - Maximum log composite likelihood: -2077.6319954902565.
2024-03-15 19:15:46,710 - INFO - Optimal value of theta: 8856.055776196208.
2024-03-15 19:15:46,711 - INFO - Beginning optimization with guess, [1.74155373].
2024-03-15 19:16:01,080 - INFO - Finished optimization with guess, [1.74155373].
2024-03-15 19:16:01,081 - INFO - Best fit parameters: [1.74155373].
2024-03-15 19:16:01,593 - INFO - Maximum log composite likelihood: -2077.6319954902565.
2024-03-15 19:16:01,594 - INFO - Optimal value of theta: 8856.055776196208.
2024-03-15 19:16:01,594 - INFO - Beginning optimization with guess, [5.47838218].
2024-03-15 19:16:17,483 - INFO - Finished optimization with guess, [5.47838218].
2024-03-15 19:16:17,484 - INFO - Best fit parameters: [5.47838218].
2024-03-15 19:16:17,976 - INFO - Maximum log composite likelihood: -2077.6319954902565.
2024-03-15 19:16:17,976 - INFO - Optimal value of theta: 8856.055776196208.
2024-03-15 19:16:17,977 - INFO - Beginning optimization with guess, [2.48215623].
2024-03-15 19:16:32,425 - INFO - Finished optimization with guess, [2.48215623].
2024-03-15 19:16:32,426 - INFO - Best fit parameters: [2.48215623].
2024-03-15 19:16:32,918 - INFO - Maximum log composite likelihood: -2077.6319954902565.
2024-03-15 19:16:32,918 - INFO - Optimal value of theta: 8856.055776196208.
2024-03-15 19:16:32,919 - INFO - Beginning optimization with guess, [3.8821658].
2024-03-15 19:16:48,771 - INFO - Finished optimization with guess, [3.8821658].
2024-03-15 19:16:48,772 - INFO - Best fit parameters: [3.8821658].
2024-03-15 19:16:49,269 - INFO - Maximum log composite likelihood: -2077.6319954902565.
2024-03-15 19:16:49,269 - INFO - Optimal value of theta: 8856.055776196208.
2024-03-15 19:16:49,270 - INFO - Beginning optimization with guess, [4.69631946].
2024-03-15 19:17:05,109 - INFO - Finished optimization with guess, [4.69631946].
2024-03-15 19:17:05,109 - INFO - Best fit parameters: [4.69631946].
2024-03-15 19:17:05,605 - INFO - Maximum log composite likelihood: -2077.6319954902565.
2024-03-15 19:17:05,606 - INFO - Optimal value of theta: 8856.055776196208.
2024-03-15 19:17:05,606 - INFO - Beginning optimization with guess, [8.78926809].
2024-03-15 19:17:22,957 - INFO - Finished optimization with guess, [8.78926809].
2024-03-15 19:17:22,958 - INFO - Best fit parameters: [8.78926809].
2024-03-15 19:17:23,465 - INFO - Maximum log composite likelihood: -2077.6319954902565.
2024-03-15 19:17:23,465 - INFO - Optimal value of theta: 8856.055776196208.
2024-03-15 19:17:23,466 - INFO - Beginning optimization with guess, [15.19022674].
2024-03-15 19:17:40,808 - INFO - Finished optimization with guess, [15.19022674].
2024-03-15 19:17:40,809 - INFO - Best fit parameters: [15.19022674].
2024-03-15 19:17:41,337 - INFO - Maximum log composite likelihood: -2077.6319954902565.
2024-03-15 19:17:41,337 - INFO - Optimal value of theta: 8856.055776196208.
2024-03-15 19:17:41,341 - INFO - Finished demographic inference.
2024-03-15 19:17:41,341 - INFO - Pipeline executed succesfully.
