2024-01-16 15:23:55,312 - INFO - Beginning execution of fit_demographic_model.py in directory /u/project/kirk/jonmah/sample_size_demography/Scripts

2024-01-16 15:23:55,312 - INFO - Progress is being logged to ../Analysis/1kg_EUR_430/log.log

2024-01-16 15:23:55,312 - INFO - Parsed the following arguments:
	syn_input_sfs = ../Analysis/1kg_EUR_430/syn_downsampled_sfs.txt
	mask_singletons = False
	mask_doubletons = False
	outprefix = ../Analysis/1kg_EUR_430/

2024-01-16 15:23:55,321 - INFO - Beginning demographic inference for three-epoch demographic model.
2024-01-16 15:23:55,323 - INFO - Beginning optimization with guess, [0.00668253 0.00656611 0.00906681 0.00727791].
2024-01-16 15:25:30,536 - INFO - Finished optimization with guess, [0.00668253 0.00656611 0.00906681 0.00727791].
2024-01-16 15:25:30,537 - INFO - Best fit parameters: [0.00505456 0.00193861 0.041713   0.00603756].
2024-01-16 15:25:31,625 - INFO - Maximum log composite likelihood: -956.5594690426108.
2024-01-16 15:25:31,626 - INFO - Optimal value of theta: 2582251.040090764.
2024-01-16 15:25:31,626 - INFO - Beginning optimization with guess, [0.01841978 0.02273091 0.00514414 0.01338759].
2024-01-16 15:27:05,022 - INFO - Finished optimization with guess, [0.01841978 0.02273091 0.00514414 0.01338759].
2024-01-16 15:27:05,023 - INFO - Best fit parameters: [0.00750367 0.01902055 0.00595185 0.10851267].
2024-01-16 15:27:06,023 - INFO - Maximum log composite likelihood: -956.5594512086568.
2024-01-16 15:27:06,023 - INFO - Optimal value of theta: 263224.80336428405.
2024-01-16 15:27:06,024 - INFO - Beginning optimization with guess, [0.03009654 0.02599644 0.01541917 0.00932025].
2024-01-16 15:28:28,450 - INFO - Finished optimization with guess, [0.03009654 0.02599644 0.01541917 0.00932025].
2024-01-16 15:28:28,452 - INFO - Best fit parameters: [0.01216916 0.04846909 0.04099948 0.00657629].
2024-01-16 15:28:29,394 - INFO - Maximum log composite likelihood: -777.5094967510415.
2024-01-16 15:28:29,394 - INFO - Optimal value of theta: 116997.41945168556.
2024-01-16 15:28:29,394 - INFO - Beginning optimization with guess, [0.0215257  0.0519879  0.01297839 0.01955529].
2024-01-16 15:29:52,159 - INFO - Finished optimization with guess, [0.0215257  0.0519879  0.01297839 0.01955529].
2024-01-16 15:29:52,160 - INFO - Best fit parameters: [0.01147846 0.07369817 0.03219257 0.01171687].
2024-01-16 15:29:53,092 - INFO - Maximum log composite likelihood: -787.7399164313707.
2024-01-16 15:29:53,092 - INFO - Optimal value of theta: 76119.39029796966.
2024-01-16 15:29:53,092 - INFO - Beginning optimization with guess, [0.02628491 0.02506158 0.01988207 0.00762749].
2024-01-16 15:31:21,470 - INFO - Finished optimization with guess, [0.02628491 0.02506158 0.01988207 0.00762749].
2024-01-16 15:31:21,472 - INFO - Best fit parameters: [0.01231745 0.03702526 0.04691234 0.00375019].
2024-01-16 15:31:22,421 - INFO - Maximum log composite likelihood: -763.9757615920475.
2024-01-16 15:31:22,421 - INFO - Optimal value of theta: 157411.55286929943.
2024-01-16 15:31:22,422 - INFO - Beginning optimization with guess, [0.91260405 0.58083873 0.00823559 0.0060344 ].
2024-01-16 15:32:38,235 - INFO - Finished optimization with guess, [0.91260405 0.58083873 0.00823559 0.0060344 ].
2024-01-16 15:32:38,236 - INFO - Best fit parameters: [1.85597272e+00 5.95360884e+00 4.17923852e-03 7.77065678e-25].
2024-01-16 15:32:39,113 - INFO - Maximum log composite likelihood: -873.4421999065107.
2024-01-16 15:32:39,114 - INFO - Optimal value of theta: 4956.026657975911.
2024-01-16 15:32:39,114 - INFO - Beginning optimization with guess, [0.89331069 0.56856828 0.00503511 0.00572451].
2024-01-16 15:33:57,555 - INFO - Finished optimization with guess, [0.89331069 0.56856828 0.00503511 0.00572451].
2024-01-16 15:33:57,556 - INFO - Best fit parameters: [1.18117539e+00 6.43408187e+00 1.41002794e-02 2.17018387e-09].
2024-01-16 15:33:58,433 - INFO - Maximum log composite likelihood: -905.9692008059213.
2024-01-16 15:33:58,433 - INFO - Optimal value of theta: 5018.044628160398.
2024-01-16 15:33:58,434 - INFO - Beginning optimization with guess, [0.41502139 0.47508562 0.00863174 0.00563762].
2024-01-16 15:35:13,336 - INFO - Finished optimization with guess, [0.41502139 0.47508562 0.00863174 0.00563762].
2024-01-16 15:35:13,337 - INFO - Best fit parameters: [7.22306819e-01 1.93252922e+00 2.33802668e-06 4.09381675e-03].
2024-01-16 15:35:14,214 - INFO - Maximum log composite likelihood: -873.4010440635689.
2024-01-16 15:35:14,214 - INFO - Optimal value of theta: 4947.730020559486.
2024-01-16 15:35:14,214 - INFO - Beginning optimization with guess, [0.55373219 0.55403792 0.01224135 0.01444719].
2024-01-16 15:36:29,143 - INFO - Finished optimization with guess, [0.55373219 0.55403792 0.01224135 0.01444719].
2024-01-16 15:36:29,144 - INFO - Best fit parameters: [4.93673822e-01 1.91741234e+00 1.17454123e-04 4.33612909e-03].
2024-01-16 15:36:30,022 - INFO - Maximum log composite likelihood: -873.4284883011509.
2024-01-16 15:36:30,023 - INFO - Optimal value of theta: 4952.759843263224.
2024-01-16 15:36:30,023 - INFO - Beginning optimization with guess, [0.5329482  0.87009349 0.01970736 0.00742031].
2024-01-16 15:37:51,814 - INFO - Finished optimization with guess, [0.5329482  0.87009349 0.01970736 0.00742031].
2024-01-16 15:37:51,816 - INFO - Best fit parameters: [7.78244716e-01 7.51483528e-01 3.31429808e-04 1.11517366e+00].
2024-01-16 15:37:52,722 - INFO - Maximum log composite likelihood: -956.6338876256818.
2024-01-16 15:37:52,722 - INFO - Optimal value of theta: 6669.296654346779.
2024-01-16 15:37:52,723 - INFO - Beginning optimization with guess, [0.70259927 1.53334284 0.01077708 0.00663036].
2024-01-16 15:39:05,551 - INFO - Finished optimization with guess, [0.70259927 1.53334284 0.01077708 0.00663036].
2024-01-16 15:39:05,553 - INFO - Best fit parameters: [0.46389503 0.83153773 0.44414821 0.01747033].
2024-01-16 15:39:06,450 - INFO - Maximum log composite likelihood: -690.5594688319053.
2024-01-16 15:39:06,450 - INFO - Optimal value of theta: 8015.811768769239.
2024-01-16 15:39:06,450 - INFO - Beginning optimization with guess, [2.21357501 1.84924691 0.00628817 0.00584836].
2024-01-16 15:40:24,895 - INFO - Finished optimization with guess, [2.21357501 1.84924691 0.00628817 0.00584836].
2024-01-16 15:40:24,896 - INFO - Best fit parameters: [2.54228473e+00 1.01962412e+00 3.28218764e-03 7.15960803e-04].
2024-01-16 15:40:25,773 - INFO - Maximum log composite likelihood: -871.8788543792435.
2024-01-16 15:40:25,773 - INFO - Optimal value of theta: 4946.820913521678.
2024-01-16 15:40:25,773 - INFO - Beginning optimization with guess, [2.25561427 0.9842157  0.0054756  0.00506945].
2024-01-16 15:41:37,152 - INFO - Finished optimization with guess, [2.25561427 0.9842157  0.0054756  0.00506945].
2024-01-16 15:41:37,154 - INFO - Best fit parameters: [3.05856940e+00 9.88307496e-01 3.00044439e-03 9.54841359e-04].
2024-01-16 15:41:38,033 - INFO - Maximum log composite likelihood: -871.7574697206081.
2024-01-16 15:41:38,033 - INFO - Optimal value of theta: 4946.199567151405.
2024-01-16 15:41:38,033 - INFO - Beginning optimization with guess, [3.19283177 1.2540172  0.00690671 0.01064036].
2024-01-16 15:42:53,790 - INFO - Finished optimization with guess, [3.19283177 1.2540172  0.00690671 0.01064036].
2024-01-16 15:42:53,791 - INFO - Best fit parameters: [2.74286130e+00 1.15897860e+00 2.92933060e-03 1.17182706e-03].
2024-01-16 15:42:54,668 - INFO - Maximum log composite likelihood: -871.9347456940934.
2024-01-16 15:42:54,668 - INFO - Optimal value of theta: 4945.090576158083.
2024-01-16 15:42:54,669 - INFO - Beginning optimization with guess, [2.37400895 3.99521909 0.01385133 0.00782428].
2024-01-16 15:44:11,316 - INFO - Finished optimization with guess, [2.37400895 3.99521909 0.01385133 0.00782428].
2024-01-16 15:44:11,317 - INFO - Best fit parameters: [2.32476028e+00 1.11825085e+00 3.49448118e-03 7.33765233e-04].
2024-01-16 15:44:12,194 - INFO - Maximum log composite likelihood: -872.0768126977272.
2024-01-16 15:44:12,194 - INFO - Optimal value of theta: 4942.139354460709.
2024-01-16 15:44:12,194 - INFO - Beginning optimization with guess, [2.2268152  1.72404819 0.00541536 0.01371165].
2024-01-16 15:45:28,020 - INFO - Finished optimization with guess, [2.2268152  1.72404819 0.00541536 0.01371165].
2024-01-16 15:45:28,021 - INFO - Best fit parameters: [2.17828722e+00 1.34355585e+00 3.33472221e-03 1.15439924e-03].
2024-01-16 15:45:28,898 - INFO - Maximum log composite likelihood: -872.3188094744869.
2024-01-16 15:45:28,898 - INFO - Optimal value of theta: 4940.023762525732.
2024-01-16 15:45:28,898 - INFO - Beginning optimization with guess, [5.29675284 2.06910541 0.01079039 0.0090735 ].
2024-01-16 15:46:47,297 - INFO - Finished optimization with guess, [5.29675284 2.06910541 0.01079039 0.0090735 ].
2024-01-16 15:46:47,298 - INFO - Best fit parameters: [2.41623014e+00 1.52492935e+00 2.25184614e-03 1.89037086e-03].
2024-01-16 15:46:48,175 - INFO - Maximum log composite likelihood: -872.4789682354942.
2024-01-16 15:46:48,175 - INFO - Optimal value of theta: 4945.619570605208.
2024-01-16 15:46:48,175 - INFO - Beginning optimization with guess, [1.86184869 2.22639173 0.00808763 0.00533212].
2024-01-16 15:48:07,446 - INFO - Finished optimization with guess, [1.86184869 2.22639173 0.00808763 0.00533212].
2024-01-16 15:48:07,447 - INFO - Best fit parameters: [1.89671881 1.55957841 0.00282564 0.00195205].
2024-01-16 15:48:08,324 - INFO - Maximum log composite likelihood: -872.6188272976138.
2024-01-16 15:48:08,324 - INFO - Optimal value of theta: 4947.052284629235.
2024-01-16 15:48:08,325 - INFO - Beginning optimization with guess, [4.88510504 4.97357144 0.00533952 0.01686165].
2024-01-16 15:49:28,473 - INFO - Finished optimization with guess, [4.88510504 4.97357144 0.00533952 0.01686165].
2024-01-16 15:49:28,474 - INFO - Best fit parameters: [6.47541900e+00 1.47749418e+00 1.23154591e-03 2.80252740e-03].
2024-01-16 15:49:29,351 - INFO - Maximum log composite likelihood: -873.0159892725881.
2024-01-16 15:49:29,351 - INFO - Optimal value of theta: 4949.231859652553.
2024-01-16 15:49:29,351 - INFO - Beginning optimization with guess, [3.95279914 2.22545898 0.00567793 0.00541042].
2024-01-16 15:50:45,964 - INFO - Finished optimization with guess, [3.95279914 2.22545898 0.00567793 0.00541042].
2024-01-16 15:50:45,965 - INFO - Best fit parameters: [2.38096672e+00 1.53511600e+00 2.18643849e-03 2.16675980e-03].
2024-01-16 15:50:46,841 - INFO - Maximum log composite likelihood: -872.5149640572494.
2024-01-16 15:50:46,842 - INFO - Optimal value of theta: 4942.670172554146.
2024-01-16 15:50:46,842 - INFO - Beginning optimization with guess, [6.55590505 7.69152505 0.01133813 0.01228191].
2024-01-16 15:52:03,440 - INFO - Finished optimization with guess, [6.55590505 7.69152505 0.01133813 0.01228191].
2024-01-16 15:52:03,442 - INFO - Best fit parameters: [7.34915946e+00 1.27222259e+00 1.69025635e-03 2.49562134e-03].
2024-01-16 15:52:04,318 - INFO - Maximum log composite likelihood: -872.7682668709724.
2024-01-16 15:52:04,318 - INFO - Optimal value of theta: 4947.786441037847.
2024-01-16 15:52:04,318 - INFO - Beginning optimization with guess, [9.01133519e+00 7.35117577e+00 1.34511052e-02 8.53718262e-03].
2024-01-16 15:53:26,188 - INFO - Finished optimization with guess, [9.01133519e+00 7.35117577e+00 1.34511052e-02 8.53718262e-03].
2024-01-16 15:53:26,189 - INFO - Best fit parameters: [2.05086819e+00 4.78547754e-01 3.87075992e-03 4.07222886e-05].
2024-01-16 15:53:27,066 - INFO - Maximum log composite likelihood: -872.816201608787.
2024-01-16 15:53:27,066 - INFO - Optimal value of theta: 4951.045274498104.
2024-01-16 15:53:27,066 - INFO - Beginning optimization with guess, [8.57759896 3.33773254 0.0147712  0.01596934].
2024-01-16 15:54:46,280 - INFO - Finished optimization with guess, [8.57759896 3.33773254 0.0147712  0.01596934].
2024-01-16 15:54:46,281 - INFO - Best fit parameters: [1.24654292e+01 8.98458675e-01 2.32569261e-03 1.62684563e-03].
2024-01-16 15:54:47,158 - INFO - Maximum log composite likelihood: -872.5891413734686.
2024-01-16 15:54:47,158 - INFO - Optimal value of theta: 4949.9673692262095.
2024-01-16 15:54:47,158 - INFO - Beginning optimization with guess, [7.60045730e+00 6.19744905e+00 1.70856180e-02 6.21457442e-03].
2024-01-16 15:56:04,620 - INFO - Finished optimization with guess, [7.60045730e+00 6.19744905e+00 1.70856180e-02 6.21457442e-03].
2024-01-16 15:56:04,622 - INFO - Best fit parameters: [7.74078230e+00 1.50144637e+00 1.05277768e-03 3.19921225e-03].
2024-01-16 15:56:05,498 - INFO - Maximum log composite likelihood: -873.1154797624358.
2024-01-16 15:56:05,498 - INFO - Optimal value of theta: 4949.058616493305.
2024-01-16 15:56:05,499 - INFO - Beginning optimization with guess, [6.07876694e+00 6.86051604e+00 1.37482129e-02 5.97715165e-03].
2024-01-16 15:57:21,221 - INFO - Finished optimization with guess, [6.07876694e+00 6.86051604e+00 1.37482129e-02 5.97715165e-03].
2024-01-16 15:57:21,222 - INFO - Best fit parameters: [1.45833355e+00 7.24726397e+00 4.79873674e-03 4.99285174e-04].
2024-01-16 15:57:22,100 - INFO - Maximum log composite likelihood: -875.945291093264.
2024-01-16 15:57:22,100 - INFO - Optimal value of theta: 4954.730521167886.
2024-01-16 15:57:22,104 - INFO - Finished demographic inference.
2024-01-16 15:57:22,105 - INFO - Pipeline executed succesfully.
