2024-03-16 14:45:06,021 - INFO - Beginning execution of fit_demographic_model.py in directory /u/project/kirk/jonmah/sample_size_demography/Scripts

2024-03-16 14:45:06,021 - INFO - Progress is being logged to ../Analysis/ThreeEpochContraction_780/log.log

2024-03-16 14:45:06,021 - INFO - Parsed the following arguments:
	syn_input_sfs = ../Analysis/ThreeEpochContraction_780/syn_downsampled_sfs.txt
	mask_singletons = False
	mask_doubletons = False
	outprefix = ../Analysis/ThreeEpochContraction_780/

2024-03-16 14:45:06,032 - INFO - Beginning demographic inference for one-epoch demographic model.
2024-03-16 14:45:06,033 - INFO - Beginning optimization with guess, [0.15685155].
2024-03-16 14:46:16,643 - INFO - Finished optimization with guess, [0.15685155].
2024-03-16 14:46:16,644 - INFO - Best fit parameters: [0.15685155].
2024-03-16 14:46:18,118 - INFO - Maximum log composite likelihood: -6110.139585734336.
2024-03-16 14:46:18,119 - INFO - Optimal value of theta: 7006.335426117772.
2024-03-16 14:46:18,119 - INFO - Beginning optimization with guess, [0.14330646].
2024-03-16 14:48:26,396 - INFO - Finished optimization with guess, [0.14330646].
2024-03-16 14:48:26,397 - INFO - Best fit parameters: [0.14330646].
2024-03-16 14:48:34,732 - INFO - Maximum log composite likelihood: -6110.139585734336.
2024-03-16 14:48:34,745 - INFO - Optimal value of theta: 7006.335426117772.
2024-03-16 14:48:34,745 - INFO - Beginning optimization with guess, [0.47951082].
2024-03-16 14:51:38,432 - INFO - Finished optimization with guess, [0.47951082].
2024-03-16 14:51:38,465 - INFO - Best fit parameters: [0.47951082].
2024-03-16 14:51:40,222 - INFO - Maximum log composite likelihood: -6110.139585734336.
2024-03-16 14:51:40,222 - INFO - Optimal value of theta: 7006.335426117772.
2024-03-16 14:51:40,222 - INFO - Beginning optimization with guess, [0.58983165].
2024-03-16 14:52:27,522 - INFO - Finished optimization with guess, [0.58983165].
2024-03-16 14:52:27,523 - INFO - Best fit parameters: [0.58983165].
2024-03-16 14:52:28,998 - INFO - Maximum log composite likelihood: -6110.139585734336.
2024-03-16 14:52:28,998 - INFO - Optimal value of theta: 7006.335426117772.
2024-03-16 14:52:28,999 - INFO - Beginning optimization with guess, [0.50395508].
2024-03-16 14:55:15,964 - INFO - Finished optimization with guess, [0.50395508].
2024-03-16 14:55:15,982 - INFO - Best fit parameters: [0.50395508].
2024-03-16 14:55:23,120 - INFO - Maximum log composite likelihood: -6110.139585734336.
2024-03-16 14:55:23,122 - INFO - Optimal value of theta: 7006.335426117772.
2024-03-16 14:55:23,123 - INFO - Beginning optimization with guess, [0.930433].
2024-03-16 14:57:34,595 - INFO - Finished optimization with guess, [0.930433].
2024-03-16 14:57:34,643 - INFO - Best fit parameters: [0.930433].
2024-03-16 14:57:36,906 - INFO - Maximum log composite likelihood: -6110.139585734336.
2024-03-16 14:57:36,907 - INFO - Optimal value of theta: 7006.335426117772.
2024-03-16 14:57:36,907 - INFO - Beginning optimization with guess, [0.49759878].
2024-03-16 14:58:20,256 - INFO - Finished optimization with guess, [0.49759878].
2024-03-16 14:58:20,258 - INFO - Best fit parameters: [0.49759878].
2024-03-16 14:58:21,744 - INFO - Maximum log composite likelihood: -6110.139585734336.
2024-03-16 14:58:21,745 - INFO - Optimal value of theta: 7006.335426117772.
2024-03-16 14:58:21,745 - INFO - Beginning optimization with guess, [0.67379249].
2024-03-16 15:00:29,406 - INFO - Finished optimization with guess, [0.67379249].
2024-03-16 15:00:29,414 - INFO - Best fit parameters: [0.67379249].
2024-03-16 15:00:36,891 - INFO - Maximum log composite likelihood: -6110.139585734336.
2024-03-16 15:00:36,897 - INFO - Optimal value of theta: 7006.335426117772.
2024-03-16 15:00:36,897 - INFO - Beginning optimization with guess, [1.75330698].
2024-03-16 15:03:37,158 - INFO - Finished optimization with guess, [1.75330698].
2024-03-16 15:03:37,162 - INFO - Best fit parameters: [1.75330698].
2024-03-16 15:03:38,637 - INFO - Maximum log composite likelihood: -6110.139585734336.
2024-03-16 15:03:38,637 - INFO - Optimal value of theta: 7006.335426117772.
2024-03-16 15:03:38,637 - INFO - Beginning optimization with guess, [1.55094886].
2024-03-16 15:04:17,049 - INFO - Finished optimization with guess, [1.55094886].
2024-03-16 15:04:17,050 - INFO - Best fit parameters: [1.55094886].
2024-03-16 15:04:18,532 - INFO - Maximum log composite likelihood: -6110.139585734336.
2024-03-16 15:04:18,533 - INFO - Optimal value of theta: 7006.335426117772.
2024-03-16 15:04:18,533 - INFO - Beginning optimization with guess, [0.79864695].
2024-03-16 15:04:52,569 - INFO - Finished optimization with guess, [0.79864695].
2024-03-16 15:04:52,570 - INFO - Best fit parameters: [0.79864695].
2024-03-16 15:04:54,041 - INFO - Maximum log composite likelihood: -6110.139585734336.
2024-03-16 15:04:54,041 - INFO - Optimal value of theta: 7006.335426117772.
2024-03-16 15:04:54,041 - INFO - Beginning optimization with guess, [1.01831202].
2024-03-16 15:05:14,667 - INFO - Finished optimization with guess, [1.01831202].
2024-03-16 15:05:14,671 - INFO - Best fit parameters: [1.01831202].
2024-03-16 15:05:16,144 - INFO - Maximum log composite likelihood: -6110.139585734336.
2024-03-16 15:05:16,145 - INFO - Optimal value of theta: 7006.335426117772.
2024-03-16 15:05:16,145 - INFO - Beginning optimization with guess, [2.367831].
2024-03-16 15:05:58,965 - INFO - Finished optimization with guess, [2.367831].
2024-03-16 15:05:58,966 - INFO - Best fit parameters: [2.367831].
2024-03-16 15:06:00,443 - INFO - Maximum log composite likelihood: -6110.139585734336.
2024-03-16 15:06:00,443 - INFO - Optimal value of theta: 7006.335426117772.
2024-03-16 15:06:00,443 - INFO - Beginning optimization with guess, [2.39338623].
2024-03-16 15:06:43,262 - INFO - Finished optimization with guess, [2.39338623].
2024-03-16 15:06:43,264 - INFO - Best fit parameters: [2.39338623].
2024-03-16 15:06:44,741 - INFO - Maximum log composite likelihood: -6110.139585734336.
2024-03-16 15:06:44,741 - INFO - Optimal value of theta: 7006.335426117772.
2024-03-16 15:06:44,741 - INFO - Beginning optimization with guess, [3.15796225].
2024-03-16 15:07:32,114 - INFO - Finished optimization with guess, [3.15796225].
2024-03-16 15:07:32,115 - INFO - Best fit parameters: [3.15796225].
2024-03-16 15:07:33,585 - INFO - Maximum log composite likelihood: -6110.139585734336.
2024-03-16 15:07:33,585 - INFO - Optimal value of theta: 7006.335426117772.
2024-03-16 15:07:33,585 - INFO - Beginning optimization with guess, [2.07594036].
2024-03-16 15:08:16,467 - INFO - Finished optimization with guess, [2.07594036].
2024-03-16 15:08:16,468 - INFO - Best fit parameters: [2.07594036].
2024-03-16 15:08:17,949 - INFO - Maximum log composite likelihood: -6110.139585734336.
2024-03-16 15:08:17,950 - INFO - Optimal value of theta: 7006.335426117772.
2024-03-16 15:08:17,950 - INFO - Beginning optimization with guess, [3.46506259].
2024-03-16 15:09:05,354 - INFO - Finished optimization with guess, [3.46506259].
2024-03-16 15:09:05,355 - INFO - Best fit parameters: [3.46506259].
2024-03-16 15:09:06,830 - INFO - Maximum log composite likelihood: -6110.139585734336.
2024-03-16 15:09:06,831 - INFO - Optimal value of theta: 7006.335426117772.
2024-03-16 15:09:06,831 - INFO - Beginning optimization with guess, [3.43232709].
2024-03-16 15:09:54,175 - INFO - Finished optimization with guess, [3.43232709].
2024-03-16 15:09:54,177 - INFO - Best fit parameters: [3.43232709].
2024-03-16 15:09:55,664 - INFO - Maximum log composite likelihood: -6110.139585734336.
2024-03-16 15:09:55,665 - INFO - Optimal value of theta: 7006.335426117772.
2024-03-16 15:09:55,665 - INFO - Beginning optimization with guess, [1.83734025].
2024-03-16 15:10:38,536 - INFO - Finished optimization with guess, [1.83734025].
2024-03-16 15:10:38,537 - INFO - Best fit parameters: [1.83734025].
2024-03-16 15:10:40,020 - INFO - Maximum log composite likelihood: -6110.139585734336.
2024-03-16 15:10:40,020 - INFO - Optimal value of theta: 7006.335426117772.
2024-03-16 15:10:40,020 - INFO - Beginning optimization with guess, [1.8611554].
2024-03-16 15:11:22,816 - INFO - Finished optimization with guess, [1.8611554].
2024-03-16 15:11:22,817 - INFO - Best fit parameters: [1.8611554].
2024-03-16 15:11:24,292 - INFO - Maximum log composite likelihood: -6110.139585734336.
2024-03-16 15:11:24,292 - INFO - Optimal value of theta: 7006.335426117772.
2024-03-16 15:11:24,293 - INFO - Beginning optimization with guess, [4.13696939].
2024-03-16 15:12:11,566 - INFO - Finished optimization with guess, [4.13696939].
2024-03-16 15:12:11,568 - INFO - Best fit parameters: [4.13696939].
2024-03-16 15:12:13,046 - INFO - Maximum log composite likelihood: -6110.139585734336.
2024-03-16 15:12:13,046 - INFO - Optimal value of theta: 7006.335426117772.
2024-03-16 15:12:13,047 - INFO - Beginning optimization with guess, [4.34559375].
2024-03-16 15:13:00,305 - INFO - Finished optimization with guess, [4.34559375].
2024-03-16 15:13:00,308 - INFO - Best fit parameters: [4.34559375].
2024-03-16 15:13:01,782 - INFO - Maximum log composite likelihood: -6110.139585734336.
2024-03-16 15:13:01,783 - INFO - Optimal value of theta: 7006.335426117772.
2024-03-16 15:13:01,783 - INFO - Beginning optimization with guess, [7.63441011].
2024-03-16 15:13:49,087 - INFO - Finished optimization with guess, [7.63441011].
2024-03-16 15:13:49,089 - INFO - Best fit parameters: [7.63441011].
2024-03-16 15:13:50,564 - INFO - Maximum log composite likelihood: -6110.139585734336.
2024-03-16 15:13:50,564 - INFO - Optimal value of theta: 7006.335426117772.
2024-03-16 15:13:50,564 - INFO - Beginning optimization with guess, [3.5238993].
2024-03-16 15:14:37,914 - INFO - Finished optimization with guess, [3.5238993].
2024-03-16 15:14:37,916 - INFO - Best fit parameters: [3.5238993].
2024-03-16 15:14:39,398 - INFO - Maximum log composite likelihood: -6110.139585734336.
2024-03-16 15:14:39,398 - INFO - Optimal value of theta: 7006.335426117772.
2024-03-16 15:14:39,398 - INFO - Beginning optimization with guess, [8.44076886].
