2025-03-19 19:42:05,413 - INFO - Beginning execution of evaluate_true_demography_fit.py in directory /u/project/kirk/jonmah/sample_size_demography/Scripts

2025-03-19 19:42:05,413 - INFO - Progress is being logged to ../Analysis/ThreeEpochBottleneck_200/evaluate_demography.log

2025-03-19 19:42:05,413 - INFO - Parsed the following arguments:
	syn_input_sfs = ../Analysis/ThreeEpochBottleneck_200/syn_downsampled_sfs.txt
	model_type = three_epoch
	params_list = [0.1, 5.0, 0.09, 0.01]
	mask_singletons = False
	mask_doubletons = False
	outprefix = ../Analysis/ThreeEpochBottleneck_200/

2025-03-19 19:42:05,415 - INFO - Beginning demographic evaluation for three-epoch demographic model.
2025-03-19 19:42:05,417 - INFO - Beginning optimization with guess, [0.1, 5.0, 0.09, 0.01].
2025-03-19 19:42:05,417 - INFO - Finished optimization with guess, [0.1, 5.0, 0.09, 0.01].
2025-03-19 19:42:05,417 - INFO - Best fit parameters: [0.1, 5.0, 0.09, 0.01].
2025-03-19 19:42:05,666 - INFO - Maximum log composite likelihood: -505.61106734273847.
2025-03-19 19:42:05,666 - INFO - Optimal value of theta: 12228.90069982457.
2025-03-19 19:42:05,667 - INFO - Synonymous input SFS: [-- 11004.4403027713 1523.025354573504 632.021066128991 470.0499914689187 405.5203846237427 360.9878469446341 324.9180173451562 295.9002854740364 273.881359055776 258.4520863578094 248.4947807858946 242.3075844216465 238.0330807500241 234.141357522502 229.7236982210222 224.5225426347801 218.7785689849501 213.0162235586383 207.8456398586926 203.8053139116949 201.2466947946599 200.2645298310173 200.6826238640969 202.0990517247911 203.979305333272 205.7709183922663 207.0079837107421 207.3808009267678 206.7602732225108 205.181644277513 202.802160418662 199.8500852047612 196.5792492705413 193.2368495264336 190.0455522649582 187.1962190401945 184.8456034004756 183.1139259783217 182.0794528174783 181.7699983434659 182.1536776128628 183.1325645467981 184.5428830892328 186.1640771534078 187.7370193457087 188.989369024819 189.6643233798681 189.548186195815 188.4924693538577 186.4274781379699 183.366105286574 179.3983673138743 174.6786215175882 169.4081472967294 163.8158304791564 158.1392158731194 152.6074584417887 147.4269781933674 142.7701001431548 138.7667110693039 135.4989472914544 132.999025552913 131.2504054312332 130.1924198824049 129.7282859106621 129.7360353274356 130.0814680214027 130.6318380756236 131.2687443774685 131.8986888130069 132.4600139329299 132.9254101631791 133.2998138601899 133.6141935461031 133.9163244980926 134.2600766156586 134.6949147243889 135.2572067195882 135.9645745671617 136.8139714771443 137.7835224976949 138.8375365691472 139.9335918598169 141.0302958778202 142.0942731743261 143.1051376417612 144.0576206053497 144.9605714089175 145.8331241212651 146.6988296147404 147.5788996352987 148.4858426602962 149.4186744261713 150.3605842992222 151.2794921138323 152.1314208050388 152.866126732331 153.4340517263575 153.7934468961735 76.95824867017365 -- -- -- -- -- -- -- -- -- -- -- -- -- -- -- -- -- -- -- -- -- -- -- -- -- -- -- -- -- -- -- -- -- -- -- -- -- -- -- -- -- -- -- -- -- -- -- -- -- -- -- -- -- -- -- -- -- -- -- -- -- -- -- -- -- -- -- -- -- -- -- -- -- -- -- -- -- -- -- -- -- -- -- -- -- -- -- -- -- -- -- -- -- -- -- -- -- -- -- --].
2025-03-19 19:42:05,668 - INFO - Scaled spectrum: [-- 10237.046924516144 1809.3402992722024 761.8843246000241 503.75629371213597 404.4607119846646 352.5680459955897 319.75428327225836 296.54941097814645 279.00381035026106 265.15740260948996 253.90261261554025 244.55226836014367 236.65055856140322 229.88005862201942 224.0114781141957 218.8743992019032 214.33921518031485 210.30545898048487 206.69397961852127 203.44153924856928 200.4969882292444 197.81849978812963 195.37153413762746 193.12731560089264 191.06167729242085 189.15417348622637 187.38738980521347 185.74640153416004 184.218344173847 182.79206997785985 181.45787101903397 180.20725421152093 179.03275725599286 177.92779707614315 176.88654424450024 175.9038183419963 174.97500028961048 174.09595852497966 173.26298653860292 172.47274978148593 171.72224034415495 171.00873811173759 170.32977734094095 169.68311779627598 169.06671973647644 168.47872216518732 167.91742385984296 167.3812667736676 166.86882147182703 166.37877431705502 165.90991616470143 165.46113236406063 165.0313938936138 164.61974948323405 164.22531859782862 163.84728517487196 163.4848920233397 163.1374358043035 162.8042625242886 162.48476348174052 162.178371614635 161.8845582041347 161.60282989484034 161.33272599711614 161.07381604130313 160.82569755720016 160.58799405549468 160.36035319040084 160.14244508544385 159.933960806114 159.73461096515524 159.54412444780584 159.36224724561941 159.18874138887656 159.023383968571 158.8659662399553 158.71629280048165 158.57418083571977 158.4394594274894 158.31196891906808 158.19156033282087 158.07809483609395 157.9714432516752 157.8714856093912 157.77811073590073 157.69121587992572 157.61070637048527 157.53649530597733 157.46850327213446 157.40665808710605 157.35089457211282 157.30115434627982 157.2573856444548 157.2195431568938 157.18758788991101 157.16148704667677 157.14121392746526 157.12674784881582 157.11807408110815 78.55759190211914 -- -- -- -- -- -- -- -- -- -- -- -- -- -- -- -- -- -- -- -- -- -- -- -- -- -- -- -- -- -- -- -- -- -- -- -- -- -- -- -- -- -- -- -- -- -- -- -- -- -- -- -- -- -- -- -- -- -- -- -- -- -- -- -- -- -- -- -- -- -- -- -- -- -- -- -- -- -- -- -- -- -- -- -- -- -- -- -- -- -- -- -- -- -- -- -- -- -- -- --].
2025-03-19 19:42:05,670 - INFO - Converting and interpreting Tau estimates.
2025-03-19 19:42:05,671 - INFO - Finished demographic evaluation.
2025-03-19 19:42:05,671 - INFO - Pipeline executed succesfully.
