2024-03-16 14:12:19,432 - INFO - Beginning execution of fit_demographic_model.py in directory /u/project/kirk/jonmah/sample_size_demography/Scripts

2024-03-16 14:12:19,432 - INFO - Progress is being logged to ../Analysis/ThreeEpochContraction_90/log.log

2024-03-16 14:12:19,432 - INFO - Parsed the following arguments:
	syn_input_sfs = ../Analysis/ThreeEpochContraction_90/syn_downsampled_sfs.txt
	mask_singletons = False
	mask_doubletons = False
	outprefix = ../Analysis/ThreeEpochContraction_90/

2024-03-16 14:12:19,438 - INFO - Beginning demographic inference for one-epoch demographic model.
2024-03-16 14:12:19,440 - INFO - Beginning optimization with guess, [0.05714851].
2024-03-16 14:12:32,158 - INFO - Finished optimization with guess, [0.05714851].
2024-03-16 14:12:32,160 - INFO - Best fit parameters: [0.05714851].
2024-03-16 14:12:32,525 - INFO - Maximum log composite likelihood: -2263.662440413121.
2024-03-16 14:12:32,525 - INFO - Optimal value of theta: 8328.605231711053.
2024-03-16 14:12:32,525 - INFO - Beginning optimization with guess, [0.2737306].
2024-03-16 14:12:44,119 - INFO - Finished optimization with guess, [0.2737306].
2024-03-16 14:12:44,120 - INFO - Best fit parameters: [0.2737306].
2024-03-16 14:12:44,474 - INFO - Maximum log composite likelihood: -2263.662440413121.
2024-03-16 14:12:44,475 - INFO - Optimal value of theta: 8328.605231711053.
2024-03-16 14:12:44,475 - INFO - Beginning optimization with guess, [0.54678793].
2024-03-16 14:12:55,021 - INFO - Finished optimization with guess, [0.54678793].
2024-03-16 14:12:55,022 - INFO - Best fit parameters: [0.54678793].
2024-03-16 14:12:55,385 - INFO - Maximum log composite likelihood: -2263.662440413121.
2024-03-16 14:12:55,385 - INFO - Optimal value of theta: 8328.605231711053.
2024-03-16 14:12:55,385 - INFO - Beginning optimization with guess, [0.58195668].
2024-03-16 14:13:06,000 - INFO - Finished optimization with guess, [0.58195668].
2024-03-16 14:13:06,001 - INFO - Best fit parameters: [0.58195668].
2024-03-16 14:13:06,359 - INFO - Maximum log composite likelihood: -2263.662440413121.
2024-03-16 14:13:06,359 - INFO - Optimal value of theta: 8328.605231711053.
2024-03-16 14:13:06,359 - INFO - Beginning optimization with guess, [0.65974439].
2024-03-16 14:13:15,696 - INFO - Finished optimization with guess, [0.65974439].
2024-03-16 14:13:15,697 - INFO - Best fit parameters: [0.65974439].
2024-03-16 14:13:16,100 - INFO - Maximum log composite likelihood: -2263.662440413121.
2024-03-16 14:13:16,100 - INFO - Optimal value of theta: 8328.605231711053.
2024-03-16 14:13:16,101 - INFO - Beginning optimization with guess, [0.67822473].
2024-03-16 14:13:25,869 - INFO - Finished optimization with guess, [0.67822473].
2024-03-16 14:13:25,870 - INFO - Best fit parameters: [0.67822473].
2024-03-16 14:13:26,222 - INFO - Maximum log composite likelihood: -2263.662440413121.
2024-03-16 14:13:26,222 - INFO - Optimal value of theta: 8328.605231711053.
2024-03-16 14:13:26,222 - INFO - Beginning optimization with guess, [0.36185992].
2024-03-16 14:13:36,357 - INFO - Finished optimization with guess, [0.36185992].
2024-03-16 14:13:36,358 - INFO - Best fit parameters: [0.36185992].
2024-03-16 14:13:36,708 - INFO - Maximum log composite likelihood: -2263.662440413121.
2024-03-16 14:13:36,708 - INFO - Optimal value of theta: 8328.605231711053.
2024-03-16 14:13:36,708 - INFO - Beginning optimization with guess, [1.19440447].
2024-03-16 14:13:44,745 - INFO - Finished optimization with guess, [1.19440447].
2024-03-16 14:13:44,746 - INFO - Best fit parameters: [1.19440447].
2024-03-16 14:13:45,095 - INFO - Maximum log composite likelihood: -2263.662440413121.
2024-03-16 14:13:45,095 - INFO - Optimal value of theta: 8328.605231711053.
2024-03-16 14:13:45,095 - INFO - Beginning optimization with guess, [0.73184067].
2024-03-16 14:13:54,332 - INFO - Finished optimization with guess, [0.73184067].
2024-03-16 14:13:54,333 - INFO - Best fit parameters: [0.73184067].
2024-03-16 14:13:54,687 - INFO - Maximum log composite likelihood: -2263.662440413121.
2024-03-16 14:13:54,687 - INFO - Optimal value of theta: 8328.605231711053.
2024-03-16 14:13:54,688 - INFO - Beginning optimization with guess, [1.59381145].
2024-03-16 14:14:04,358 - INFO - Finished optimization with guess, [1.59381145].
2024-03-16 14:14:04,359 - INFO - Best fit parameters: [1.59381145].
2024-03-16 14:14:04,729 - INFO - Maximum log composite likelihood: -2263.662440413121.
2024-03-16 14:14:04,729 - INFO - Optimal value of theta: 8328.605231711053.
2024-03-16 14:14:04,729 - INFO - Beginning optimization with guess, [1.792857].
2024-03-16 14:14:15,440 - INFO - Finished optimization with guess, [1.792857].
2024-03-16 14:14:15,441 - INFO - Best fit parameters: [1.792857].
2024-03-16 14:14:15,812 - INFO - Maximum log composite likelihood: -2263.662440413121.
2024-03-16 14:14:15,812 - INFO - Optimal value of theta: 8328.605231711053.
2024-03-16 14:14:15,812 - INFO - Beginning optimization with guess, [0.84450532].
2024-03-16 14:14:24,108 - INFO - Finished optimization with guess, [0.84450532].
2024-03-16 14:14:24,109 - INFO - Best fit parameters: [0.84450532].
2024-03-16 14:14:24,462 - INFO - Maximum log composite likelihood: -2263.662440413121.
2024-03-16 14:14:24,462 - INFO - Optimal value of theta: 8328.605231711053.
2024-03-16 14:14:24,462 - INFO - Beginning optimization with guess, [0.9424599].
2024-03-16 14:14:30,564 - INFO - Finished optimization with guess, [0.9424599].
2024-03-16 14:14:30,565 - INFO - Best fit parameters: [0.9424599].
2024-03-16 14:14:30,922 - INFO - Maximum log composite likelihood: -2263.662440413121.
2024-03-16 14:14:30,923 - INFO - Optimal value of theta: 8328.605231711053.
2024-03-16 14:14:30,923 - INFO - Beginning optimization with guess, [1.41508858].
2024-03-16 14:14:40,438 - INFO - Finished optimization with guess, [1.41508858].
2024-03-16 14:14:40,438 - INFO - Best fit parameters: [1.41508858].
2024-03-16 14:14:40,814 - INFO - Maximum log composite likelihood: -2263.662440413121.
2024-03-16 14:14:40,814 - INFO - Optimal value of theta: 8328.605231711053.
2024-03-16 14:14:40,814 - INFO - Beginning optimization with guess, [1.90089658].
2024-03-16 14:14:51,332 - INFO - Finished optimization with guess, [1.90089658].
2024-03-16 14:14:51,332 - INFO - Best fit parameters: [1.90089658].
2024-03-16 14:14:51,686 - INFO - Maximum log composite likelihood: -2263.662440413121.
2024-03-16 14:14:51,686 - INFO - Optimal value of theta: 8328.605231711053.
2024-03-16 14:14:51,686 - INFO - Beginning optimization with guess, [1.59002123].
2024-03-16 14:15:01,886 - INFO - Finished optimization with guess, [1.59002123].
2024-03-16 14:15:01,887 - INFO - Best fit parameters: [1.59002123].
2024-03-16 14:15:02,341 - INFO - Maximum log composite likelihood: -2263.662440413121.
2024-03-16 14:15:02,342 - INFO - Optimal value of theta: 8328.605231711053.
2024-03-16 14:15:02,342 - INFO - Beginning optimization with guess, [3.59832777].
2024-03-16 14:15:14,476 - INFO - Finished optimization with guess, [3.59832777].
2024-03-16 14:15:14,477 - INFO - Best fit parameters: [3.59832777].
2024-03-16 14:15:14,867 - INFO - Maximum log composite likelihood: -2263.662440413121.
2024-03-16 14:15:14,867 - INFO - Optimal value of theta: 8328.605231711053.
2024-03-16 14:15:14,867 - INFO - Beginning optimization with guess, [1.55392529].
2024-03-16 14:15:24,627 - INFO - Finished optimization with guess, [1.55392529].
2024-03-16 14:15:24,628 - INFO - Best fit parameters: [1.55392529].
2024-03-16 14:15:24,992 - INFO - Maximum log composite likelihood: -2263.662440413121.
2024-03-16 14:15:24,992 - INFO - Optimal value of theta: 8328.605231711053.
2024-03-16 14:15:24,993 - INFO - Beginning optimization with guess, [4.21092888].
2024-03-16 14:15:36,821 - INFO - Finished optimization with guess, [4.21092888].
2024-03-16 14:15:36,822 - INFO - Best fit parameters: [4.21092888].
2024-03-16 14:15:37,181 - INFO - Maximum log composite likelihood: -2263.662440413121.
2024-03-16 14:15:37,181 - INFO - Optimal value of theta: 8328.605231711053.
2024-03-16 14:15:37,182 - INFO - Beginning optimization with guess, [2.84963289].
2024-03-16 14:15:48,921 - INFO - Finished optimization with guess, [2.84963289].
2024-03-16 14:15:48,923 - INFO - Best fit parameters: [2.84963289].
2024-03-16 14:15:49,311 - INFO - Maximum log composite likelihood: -2263.662440413121.
2024-03-16 14:15:49,311 - INFO - Optimal value of theta: 8328.605231711053.
2024-03-16 14:15:49,311 - INFO - Beginning optimization with guess, [4.21349726].
2024-03-16 14:16:01,409 - INFO - Finished optimization with guess, [4.21349726].
2024-03-16 14:16:01,410 - INFO - Best fit parameters: [4.21349726].
2024-03-16 14:16:01,781 - INFO - Maximum log composite likelihood: -2263.662440413121.
2024-03-16 14:16:01,782 - INFO - Optimal value of theta: 8328.605231711053.
2024-03-16 14:16:01,782 - INFO - Beginning optimization with guess, [9.11204835].
2024-03-16 14:16:15,060 - INFO - Finished optimization with guess, [9.11204835].
2024-03-16 14:16:15,061 - INFO - Best fit parameters: [9.11204835].
2024-03-16 14:16:15,449 - INFO - Maximum log composite likelihood: -2263.662440413121.
2024-03-16 14:16:15,449 - INFO - Optimal value of theta: 8328.605231711053.
2024-03-16 14:16:15,449 - INFO - Beginning optimization with guess, [5.5980078].
2024-03-16 14:16:27,739 - INFO - Finished optimization with guess, [5.5980078].
2024-03-16 14:16:27,740 - INFO - Best fit parameters: [5.5980078].
2024-03-16 14:16:28,110 - INFO - Maximum log composite likelihood: -2263.662440413121.
2024-03-16 14:16:28,110 - INFO - Optimal value of theta: 8328.605231711053.
2024-03-16 14:16:28,111 - INFO - Beginning optimization with guess, [4.01862678].
2024-03-16 14:16:40,697 - INFO - Finished optimization with guess, [4.01862678].
2024-03-16 14:16:40,711 - INFO - Best fit parameters: [4.01862678].
2024-03-16 14:16:41,170 - INFO - Maximum log composite likelihood: -2263.662440413121.
2024-03-16 14:16:41,170 - INFO - Optimal value of theta: 8328.605231711053.
2024-03-16 14:16:41,170 - INFO - Beginning optimization with guess, [10.43660076].
2024-03-16 14:16:56,890 - INFO - Finished optimization with guess, [10.43660076].
2024-03-16 14:16:56,891 - INFO - Best fit parameters: [10.43660076].
2024-03-16 14:16:57,233 - INFO - Maximum log composite likelihood: -2263.662440413121.
2024-03-16 14:16:57,234 - INFO - Optimal value of theta: 8328.605231711053.
2024-03-16 14:16:57,236 - INFO - Finished demographic inference.
2024-03-16 14:16:57,236 - INFO - Pipeline executed succesfully.
