2024-01-17 15:59:24,063 - INFO - Beginning execution of fit_demographic_model.py in directory /u/project/kirk/jonmah/sample_size_demography/Scripts

2024-01-17 15:59:24,064 - INFO - Progress is being logged to ../Analysis/1kg_EUR_86/log.log

2024-01-17 15:59:24,064 - INFO - Parsed the following arguments:
	syn_input_sfs = ../Analysis/1kg_EUR_86/syn_downsampled_sfs.txt
	mask_singletons = False
	mask_doubletons = False
	outprefix = ../Analysis/1kg_EUR_86/

2024-01-17 15:59:24,066 - INFO - Beginning demographic inference for one-epoch demographic model.
2024-01-17 15:59:24,067 - INFO - Beginning optimization with guess, [0.13385965].
2024-01-17 15:59:39,128 - INFO - Finished optimization with guess, [0.13385965].
2024-01-17 15:59:39,130 - INFO - Best fit parameters: [0.13385965].
2024-01-17 15:59:39,856 - INFO - Maximum log composite likelihood: -325.79041388767973.
2024-01-17 15:59:39,856 - INFO - Optimal value of theta: 5039.600064456764.
2024-01-17 15:59:39,857 - INFO - Beginning optimization with guess, [0.29622442].
2024-01-17 15:59:54,370 - INFO - Finished optimization with guess, [0.29622442].
2024-01-17 15:59:54,381 - INFO - Best fit parameters: [0.29622442].
2024-01-17 15:59:54,816 - INFO - Maximum log composite likelihood: -325.79041388767973.
2024-01-17 15:59:54,816 - INFO - Optimal value of theta: 5039.600064456764.
2024-01-17 15:59:54,816 - INFO - Beginning optimization with guess, [0.15481651].
2024-01-17 16:00:10,682 - INFO - Finished optimization with guess, [0.15481651].
2024-01-17 16:00:10,683 - INFO - Best fit parameters: [0.15481651].
2024-01-17 16:00:11,053 - INFO - Maximum log composite likelihood: -325.79041388767973.
2024-01-17 16:00:11,053 - INFO - Optimal value of theta: 5039.600064456764.
2024-01-17 16:00:11,054 - INFO - Beginning optimization with guess, [0.77603916].
2024-01-17 16:00:20,970 - INFO - Finished optimization with guess, [0.77603916].
2024-01-17 16:00:20,973 - INFO - Best fit parameters: [0.77603916].
2024-01-17 16:00:21,407 - INFO - Maximum log composite likelihood: -325.79041388767973.
2024-01-17 16:00:21,407 - INFO - Optimal value of theta: 5039.600064456764.
2024-01-17 16:00:21,407 - INFO - Beginning optimization with guess, [0.79456391].
2024-01-17 16:00:31,590 - INFO - Finished optimization with guess, [0.79456391].
2024-01-17 16:00:31,591 - INFO - Best fit parameters: [0.79456391].
2024-01-17 16:00:31,968 - INFO - Maximum log composite likelihood: -325.79041388767973.
2024-01-17 16:00:31,968 - INFO - Optimal value of theta: 5039.600064456764.
2024-01-17 16:00:31,969 - INFO - Beginning optimization with guess, [0.85895534].
2024-01-17 16:00:43,430 - INFO - Finished optimization with guess, [0.85895534].
2024-01-17 16:00:43,431 - INFO - Best fit parameters: [0.85895534].
2024-01-17 16:00:43,798 - INFO - Maximum log composite likelihood: -325.79041388767973.
2024-01-17 16:00:43,798 - INFO - Optimal value of theta: 5039.600064456764.
2024-01-17 16:00:43,799 - INFO - Beginning optimization with guess, [0.40541222].
2024-01-17 16:00:58,431 - INFO - Finished optimization with guess, [0.40541222].
2024-01-17 16:00:58,441 - INFO - Best fit parameters: [0.40541222].
2024-01-17 16:00:58,908 - INFO - Maximum log composite likelihood: -325.79041388767973.
2024-01-17 16:00:58,908 - INFO - Optimal value of theta: 5039.600064456764.
2024-01-17 16:00:58,909 - INFO - Beginning optimization with guess, [0.41128173].
2024-01-17 16:01:12,319 - INFO - Finished optimization with guess, [0.41128173].
2024-01-17 16:01:12,321 - INFO - Best fit parameters: [0.41128173].
2024-01-17 16:01:12,913 - INFO - Maximum log composite likelihood: -325.79041388767973.
2024-01-17 16:01:12,913 - INFO - Optimal value of theta: 5039.600064456764.
2024-01-17 16:01:12,914 - INFO - Beginning optimization with guess, [0.45563924].
2024-01-17 16:01:25,460 - INFO - Finished optimization with guess, [0.45563924].
2024-01-17 16:01:25,462 - INFO - Best fit parameters: [0.45563924].
2024-01-17 16:01:26,173 - INFO - Maximum log composite likelihood: -325.79041388767973.
2024-01-17 16:01:26,174 - INFO - Optimal value of theta: 5039.600064456764.
2024-01-17 16:01:26,174 - INFO - Beginning optimization with guess, [1.09340634].
2024-01-17 16:01:35,569 - INFO - Finished optimization with guess, [1.09340634].
2024-01-17 16:01:35,581 - INFO - Best fit parameters: [1.09340634].
2024-01-17 16:01:36,072 - INFO - Maximum log composite likelihood: -325.79041388767973.
2024-01-17 16:01:36,072 - INFO - Optimal value of theta: 5039.600064456764.
2024-01-17 16:01:36,073 - INFO - Beginning optimization with guess, [0.83109332].
2024-01-17 16:01:45,521 - INFO - Finished optimization with guess, [0.83109332].
2024-01-17 16:01:45,521 - INFO - Best fit parameters: [0.83109332].
2024-01-17 16:01:45,891 - INFO - Maximum log composite likelihood: -325.79041388767973.
2024-01-17 16:01:45,891 - INFO - Optimal value of theta: 5039.600064456764.
2024-01-17 16:01:45,891 - INFO - Beginning optimization with guess, [2.46127408].
2024-01-17 16:01:58,203 - INFO - Finished optimization with guess, [2.46127408].
2024-01-17 16:01:58,204 - INFO - Best fit parameters: [2.46127408].
2024-01-17 16:01:58,680 - INFO - Maximum log composite likelihood: -325.79041388767973.
2024-01-17 16:01:58,680 - INFO - Optimal value of theta: 5039.600064456764.
2024-01-17 16:01:58,682 - INFO - Beginning optimization with guess, [2.7997704].
2024-01-17 16:02:10,759 - INFO - Finished optimization with guess, [2.7997704].
2024-01-17 16:02:10,760 - INFO - Best fit parameters: [2.7997704].
2024-01-17 16:02:11,318 - INFO - Maximum log composite likelihood: -325.79041388767973.
2024-01-17 16:02:11,318 - INFO - Optimal value of theta: 5039.600064456764.
2024-01-17 16:02:11,318 - INFO - Beginning optimization with guess, [2.13515351].
2024-01-17 16:02:23,154 - INFO - Finished optimization with guess, [2.13515351].
2024-01-17 16:02:23,155 - INFO - Best fit parameters: [2.13515351].
2024-01-17 16:02:23,522 - INFO - Maximum log composite likelihood: -325.79041388767973.
2024-01-17 16:02:23,522 - INFO - Optimal value of theta: 5039.600064456764.
2024-01-17 16:02:23,522 - INFO - Beginning optimization with guess, [1.84397073].
2024-01-17 16:02:36,156 - INFO - Finished optimization with guess, [1.84397073].
2024-01-17 16:02:36,157 - INFO - Best fit parameters: [1.84397073].
2024-01-17 16:02:36,529 - INFO - Maximum log composite likelihood: -325.79041388767973.
2024-01-17 16:02:36,530 - INFO - Optimal value of theta: 5039.600064456764.
2024-01-17 16:02:36,531 - INFO - Beginning optimization with guess, [2.52253591].
2024-01-17 16:02:48,670 - INFO - Finished optimization with guess, [2.52253591].
2024-01-17 16:02:48,671 - INFO - Best fit parameters: [2.52253591].
2024-01-17 16:02:49,048 - INFO - Maximum log composite likelihood: -325.79041388767973.
2024-01-17 16:02:49,048 - INFO - Optimal value of theta: 5039.600064456764.
2024-01-17 16:02:49,049 - INFO - Beginning optimization with guess, [4.36958036].
2024-01-17 16:03:01,327 - INFO - Finished optimization with guess, [4.36958036].
2024-01-17 16:03:01,329 - INFO - Best fit parameters: [4.36958036].
2024-01-17 16:03:01,697 - INFO - Maximum log composite likelihood: -325.79041388767973.
2024-01-17 16:03:01,697 - INFO - Optimal value of theta: 5039.600064456764.
2024-01-17 16:03:01,698 - INFO - Beginning optimization with guess, [2.72539003].
2024-01-17 16:03:13,059 - INFO - Finished optimization with guess, [2.72539003].
2024-01-17 16:03:13,061 - INFO - Best fit parameters: [2.72539003].
2024-01-17 16:03:13,428 - INFO - Maximum log composite likelihood: -325.79041388767973.
2024-01-17 16:03:13,428 - INFO - Optimal value of theta: 5039.600064456764.
2024-01-17 16:03:13,429 - INFO - Beginning optimization with guess, [2.98994892].
2024-01-17 16:03:25,602 - INFO - Finished optimization with guess, [2.98994892].
2024-01-17 16:03:25,603 - INFO - Best fit parameters: [2.98994892].
2024-01-17 16:03:25,972 - INFO - Maximum log composite likelihood: -325.79041388767973.
2024-01-17 16:03:25,973 - INFO - Optimal value of theta: 5039.600064456764.
2024-01-17 16:03:25,973 - INFO - Beginning optimization with guess, [4.33714468].
2024-01-17 16:03:38,064 - INFO - Finished optimization with guess, [4.33714468].
2024-01-17 16:03:38,065 - INFO - Best fit parameters: [4.33714468].
2024-01-17 16:03:38,432 - INFO - Maximum log composite likelihood: -325.79041388767973.
2024-01-17 16:03:38,432 - INFO - Optimal value of theta: 5039.600064456764.
2024-01-17 16:03:38,432 - INFO - Beginning optimization with guess, [5.20003281].
2024-01-17 16:03:51,444 - INFO - Finished optimization with guess, [5.20003281].
2024-01-17 16:03:51,451 - INFO - Best fit parameters: [5.20003281].
2024-01-17 16:03:52,179 - INFO - Maximum log composite likelihood: -325.79041388767973.
2024-01-17 16:03:52,179 - INFO - Optimal value of theta: 5039.600064456764.
2024-01-17 16:03:52,180 - INFO - Beginning optimization with guess, [6.65346227].
2024-01-17 16:04:06,393 - INFO - Finished optimization with guess, [6.65346227].
2024-01-17 16:04:06,400 - INFO - Best fit parameters: [6.65346227].
2024-01-17 16:04:07,101 - INFO - Maximum log composite likelihood: -325.79041388767973.
2024-01-17 16:04:07,101 - INFO - Optimal value of theta: 5039.600064456764.
2024-01-17 16:04:07,102 - INFO - Beginning optimization with guess, [7.21123574].
2024-01-17 16:04:20,164 - INFO - Finished optimization with guess, [7.21123574].
2024-01-17 16:04:20,171 - INFO - Best fit parameters: [7.21123574].
2024-01-17 16:04:20,619 - INFO - Maximum log composite likelihood: -325.79041388767973.
2024-01-17 16:04:20,619 - INFO - Optimal value of theta: 5039.600064456764.
2024-01-17 16:04:20,620 - INFO - Beginning optimization with guess, [7.3485385].
2024-01-17 16:04:35,136 - INFO - Finished optimization with guess, [7.3485385].
2024-01-17 16:04:35,141 - INFO - Best fit parameters: [7.3485385].
2024-01-17 16:04:35,852 - INFO - Maximum log composite likelihood: -325.79041388767973.
2024-01-17 16:04:35,852 - INFO - Optimal value of theta: 5039.600064456764.
2024-01-17 16:04:35,853 - INFO - Beginning optimization with guess, [11.24062848].
2024-01-17 16:04:51,503 - INFO - Finished optimization with guess, [11.24062848].
2024-01-17 16:04:51,509 - INFO - Best fit parameters: [11.24062848].
2024-01-17 16:04:51,878 - INFO - Maximum log composite likelihood: -325.79041388767973.
2024-01-17 16:04:51,879 - INFO - Optimal value of theta: 5039.600064456764.
2024-01-17 16:04:51,882 - INFO - Beginning demographic inference for two-epoch demographic model.
2024-01-17 16:04:51,884 - INFO - Beginning optimization with guess, [0.09066159 0.00933919].
2024-01-17 16:05:05,896 - INFO - Finished optimization with guess, [0.09066159 0.00933919].
2024-01-17 16:05:05,897 - INFO - Best fit parameters: [3.08979433e+00 7.53650361e-04].
2024-01-17 16:05:06,276 - INFO - Maximum log composite likelihood: -324.86358989836333.
2024-01-17 16:05:06,277 - INFO - Optimal value of theta: 5017.937315103692.
2024-01-17 16:05:06,277 - INFO - Beginning optimization with guess, [0.16712516 0.01026055].
2024-01-17 16:05:20,081 - INFO - Finished optimization with guess, [0.16712516 0.01026055].
2024-01-17 16:05:20,091 - INFO - Best fit parameters: [2.31797975e+00 8.71040523e-04].
2024-01-17 16:05:20,458 - INFO - Maximum log composite likelihood: -324.91482783713127.
2024-01-17 16:05:20,459 - INFO - Optimal value of theta: 5018.663008883326.
2024-01-17 16:05:20,459 - INFO - Beginning optimization with guess, [0.1620342 0.0084478].
2024-01-17 16:05:34,982 - INFO - Finished optimization with guess, [0.1620342 0.0084478].
2024-01-17 16:05:34,984 - INFO - Best fit parameters: [1.72968511e+00 1.34296281e-03].
2024-01-17 16:05:35,359 - INFO - Maximum log composite likelihood: -325.08064651030236.
2024-01-17 16:05:35,359 - INFO - Optimal value of theta: 5016.040018443497.
2024-01-17 16:05:35,360 - INFO - Beginning optimization with guess, [0.3901283  0.00665633].
2024-01-17 16:05:48,953 - INFO - Finished optimization with guess, [0.3901283  0.00665633].
2024-01-17 16:05:48,961 - INFO - Best fit parameters: [1.32762950e+00 9.65339922e-04].
2024-01-17 16:05:49,427 - INFO - Maximum log composite likelihood: -325.23247013559967.
2024-01-17 16:05:49,427 - INFO - Optimal value of theta: 5029.647392059129.
2024-01-17 16:05:49,428 - INFO - Beginning optimization with guess, [0.92066062 0.00590338].
2024-01-17 16:06:02,191 - INFO - Finished optimization with guess, [0.92066062 0.00590338].
2024-01-17 16:06:02,192 - INFO - Best fit parameters: [1.03262163 0.0021373 ].
2024-01-17 16:06:02,682 - INFO - Maximum log composite likelihood: -325.66768030975527.
2024-01-17 16:06:02,682 - INFO - Optimal value of theta: 5036.9101279786.
2024-01-17 16:06:02,682 - INFO - Beginning optimization with guess, [0.36530205 0.01633612].
2024-01-17 16:06:13,519 - INFO - Finished optimization with guess, [0.36530205 0.01633612].
2024-01-17 16:06:13,520 - INFO - Best fit parameters: [1.43041978e+00 1.31538083e-03].
2024-01-17 16:06:13,889 - INFO - Maximum log composite likelihood: -325.12148169730165.
2024-01-17 16:06:13,889 - INFO - Optimal value of theta: 5023.2073736612365.
2024-01-17 16:06:13,889 - INFO - Beginning optimization with guess, [0.8846987  0.01085301].
2024-01-17 16:06:25,007 - INFO - Finished optimization with guess, [0.8846987  0.01085301].
2024-01-17 16:06:25,008 - INFO - Best fit parameters: [2.46668579e+00 8.76260864e-04].
2024-01-17 16:06:25,475 - INFO - Maximum log composite likelihood: -324.9069353655824.
2024-01-17 16:06:25,476 - INFO - Optimal value of theta: 5017.560513117321.
2024-01-17 16:06:25,476 - INFO - Beginning optimization with guess, [0.49454733 0.01144596].
2024-01-17 16:06:37,001 - INFO - Finished optimization with guess, [0.49454733 0.01144596].
2024-01-17 16:06:37,002 - INFO - Best fit parameters: [1.39218969e+00 1.03060580e-03].
2024-01-17 16:06:37,372 - INFO - Maximum log composite likelihood: -325.16264794676135.
2024-01-17 16:06:37,372 - INFO - Optimal value of theta: 5027.481983847509.
2024-01-17 16:06:37,372 - INFO - Beginning optimization with guess, [0.53409934 0.01004487].
2024-01-17 16:06:49,979 - INFO - Finished optimization with guess, [0.53409934 0.01004487].
2024-01-17 16:06:49,980 - INFO - Best fit parameters: [1.20783047 0.001707  ].
2024-01-17 16:06:50,350 - INFO - Maximum log composite likelihood: -325.3069203967343.
2024-01-17 16:06:50,351 - INFO - Optimal value of theta: 5027.6463666644495.
2024-01-17 16:06:50,351 - INFO - Beginning optimization with guess, [0.65652306 0.0069053 ].
2024-01-17 16:07:02,582 - INFO - Finished optimization with guess, [0.65652306 0.0069053 ].
2024-01-17 16:07:02,583 - INFO - Best fit parameters: [1.17751739 0.00257884].
2024-01-17 16:07:02,952 - INFO - Maximum log composite likelihood: -325.4425175993381.
2024-01-17 16:07:02,952 - INFO - Optimal value of theta: 5024.213696083422.
2024-01-17 16:07:02,952 - INFO - Beginning optimization with guess, [0.66838155 0.00906887].
2024-01-17 16:07:14,183 - INFO - Finished optimization with guess, [0.66838155 0.00906887].
2024-01-17 16:07:14,184 - INFO - Best fit parameters: [1.12896538 0.00148164].
2024-01-17 16:07:14,769 - INFO - Maximum log composite likelihood: -325.4372784395563.
2024-01-17 16:07:14,769 - INFO - Optimal value of theta: 5032.679603283097.
2024-01-17 16:07:14,770 - INFO - Beginning optimization with guess, [0.96643607 0.00693059].
2024-01-17 16:07:25,953 - INFO - Finished optimization with guess, [0.96643607 0.00693059].
2024-01-17 16:07:25,955 - INFO - Best fit parameters: [0.93404851 0.20499604].
2024-01-17 16:07:26,329 - INFO - Maximum log composite likelihood: -292.2136798068126.
2024-01-17 16:07:26,329 - INFO - Optimal value of theta: 5201.585426603298.
2024-01-17 16:07:26,329 - INFO - Beginning optimization with guess, [1.19959297 0.0170034 ].
2024-01-17 16:07:38,173 - INFO - Finished optimization with guess, [1.19959297 0.0170034 ].
2024-01-17 16:07:38,174 - INFO - Best fit parameters: [1.16994851 0.0021341 ].
2024-01-17 16:07:38,543 - INFO - Maximum log composite likelihood: -325.3795442446783.
2024-01-17 16:07:38,544 - INFO - Optimal value of theta: 5027.16842867479.
2024-01-17 16:07:38,544 - INFO - Beginning optimization with guess, [2.82968203 0.01077942].
2024-01-17 16:07:50,457 - INFO - Finished optimization with guess, [2.82968203 0.01077942].
2024-01-17 16:07:50,458 - INFO - Best fit parameters: [1.81865006e+00 1.08792020e-03].
2024-01-17 16:07:50,824 - INFO - Maximum log composite likelihood: -324.9958657459673.
2024-01-17 16:07:50,825 - INFO - Optimal value of theta: 5019.079660312018.
2024-01-17 16:07:50,825 - INFO - Beginning optimization with guess, [3.75945586 0.01091009].
2024-01-17 16:08:01,775 - INFO - Finished optimization with guess, [3.75945586 0.01091009].
2024-01-17 16:08:01,776 - INFO - Best fit parameters: [2.04398466e+00 9.44306673e-04].
2024-01-17 16:08:02,244 - INFO - Maximum log composite likelihood: -324.94782902222505.
2024-01-17 16:08:02,245 - INFO - Optimal value of theta: 5019.278995633416.
2024-01-17 16:08:02,245 - INFO - Beginning optimization with guess, [4.54467122 0.00942294].
2024-01-17 16:08:15,096 - INFO - Finished optimization with guess, [4.54467122 0.00942294].
2024-01-17 16:08:15,097 - INFO - Best fit parameters: [2.38816275e+00 8.88419335e-04].
2024-01-17 16:08:15,471 - INFO - Maximum log composite likelihood: -324.91307343313224.
2024-01-17 16:08:15,472 - INFO - Optimal value of theta: 5017.769656493824.
2024-01-17 16:08:15,472 - INFO - Beginning optimization with guess, [2.49592792 0.01279279].
2024-01-17 16:08:29,605 - INFO - Finished optimization with guess, [2.49592792 0.01279279].
2024-01-17 16:08:29,606 - INFO - Best fit parameters: [1.68298750e+00 1.02626743e-03].
2024-01-17 16:08:29,999 - INFO - Maximum log composite likelihood: -325.0183749908599.
2024-01-17 16:08:29,999 - INFO - Optimal value of theta: 5022.145929676255.
2024-01-17 16:08:29,999 - INFO - Beginning optimization with guess, [3.82476131 0.00773956].
2024-01-17 16:08:42,175 - INFO - Finished optimization with guess, [3.82476131 0.00773956].
2024-01-17 16:08:42,182 - INFO - Best fit parameters: [2.29013239e+00 9.25816028e-04].
2024-01-17 16:08:42,620 - INFO - Maximum log composite likelihood: -324.92580491639455.
2024-01-17 16:08:42,620 - INFO - Optimal value of theta: 5017.581921850334.
2024-01-17 16:08:42,620 - INFO - Beginning optimization with guess, [3.04172829 0.00773642].
2024-01-17 16:08:55,067 - INFO - Finished optimization with guess, [3.04172829 0.00773642].
2024-01-17 16:08:55,069 - INFO - Best fit parameters: [2.48050712e+00 6.77771582e-04].
2024-01-17 16:08:55,739 - INFO - Maximum log composite likelihood: -324.91632445532036.
2024-01-17 16:08:55,739 - INFO - Optimal value of theta: 5022.413788518038.
2024-01-17 16:08:55,739 - INFO - Beginning optimization with guess, [2.87675886 0.00755432].
2024-01-17 16:09:07,449 - INFO - Finished optimization with guess, [2.87675886 0.00755432].
2024-01-17 16:09:07,450 - INFO - Best fit parameters: [2.55210592e+00 8.67572085e-04].
2024-01-17 16:09:07,819 - INFO - Maximum log composite likelihood: -324.90164232515247.
2024-01-17 16:09:07,819 - INFO - Optimal value of theta: 5017.268439335067.
2024-01-17 16:09:07,819 - INFO - Beginning optimization with guess, [5.40107276 0.01526895].
2024-01-17 16:09:20,114 - INFO - Finished optimization with guess, [5.40107276 0.01526895].
2024-01-17 16:09:20,116 - INFO - Best fit parameters: [2.38549064e+00 7.07042540e-04].
2024-01-17 16:09:20,755 - INFO - Maximum log composite likelihood: -324.91964058170333.
2024-01-17 16:09:20,755 - INFO - Optimal value of theta: 5022.171411531049.
2024-01-17 16:09:20,756 - INFO - Beginning optimization with guess, [4.76741424 0.00754465].
2024-01-17 16:09:33,394 - INFO - Finished optimization with guess, [4.76741424 0.00754465].
2024-01-17 16:09:33,395 - INFO - Best fit parameters: [2.76674118e+00 7.48604993e-04].
2024-01-17 16:09:33,823 - INFO - Maximum log composite likelihood: -324.878494991592.
2024-01-17 16:09:33,823 - INFO - Optimal value of theta: 5019.301550933198.
2024-01-17 16:09:33,823 - INFO - Beginning optimization with guess, [10.78775072  0.01897258].
2024-01-17 16:09:45,814 - INFO - Finished optimization with guess, [10.78775072  0.01897258].
2024-01-17 16:09:45,816 - INFO - Best fit parameters: [3.56780539e+00 5.68767456e-04].
2024-01-17 16:09:46,185 - INFO - Maximum log composite likelihood: -324.87393934032514.
2024-01-17 16:09:46,185 - INFO - Optimal value of theta: 5022.126545237006.
2024-01-17 16:09:46,186 - INFO - Beginning optimization with guess, [4.88738358 0.00854914].
2024-01-17 16:09:56,573 - INFO - Finished optimization with guess, [4.88738358 0.00854914].
2024-01-17 16:09:56,574 - INFO - Best fit parameters: [2.41712306e+00 8.02318044e-04].
2024-01-17 16:09:56,943 - INFO - Maximum log composite likelihood: -324.90312253898253.
2024-01-17 16:09:56,944 - INFO - Optimal value of theta: 5019.67507454965.
2024-01-17 16:09:56,944 - INFO - Beginning optimization with guess, [8.5492108  0.01425881].
2024-01-17 16:10:08,268 - INFO - Finished optimization with guess, [8.5492108  0.01425881].
2024-01-17 16:10:08,269 - INFO - Best fit parameters: [4.62451979e+00 6.67059837e-04].
2024-01-17 16:10:08,636 - INFO - Maximum log composite likelihood: -324.823711698927.
2024-01-17 16:10:08,637 - INFO - Optimal value of theta: 5017.289919689278.
2024-01-17 16:10:08,639 - INFO - Beginning demographic inference for three-epoch demographic model.
2024-01-17 16:10:08,650 - INFO - Beginning optimization with guess, [0.006169   0.00723366 0.0050967  0.01783973].
2024-01-17 16:10:24,911 - INFO - Finished optimization with guess, [0.006169   0.00723366 0.0050967  0.01783973].
2024-01-17 16:10:24,912 - INFO - Best fit parameters: [0.00449689 0.00502651 0.0043861  0.03042876].
2024-01-17 16:10:25,461 - INFO - Maximum log composite likelihood: -235.66850454959774.
2024-01-17 16:10:25,462 - INFO - Optimal value of theta: 908476.5533468252.
2024-01-17 16:10:25,462 - INFO - Beginning optimization with guess, [0.01969971 0.02519974 0.00720579 0.01468269].
2024-01-17 16:10:39,652 - INFO - Finished optimization with guess, [0.01969971 0.02519974 0.00720579 0.01468269].
2024-01-17 16:10:39,655 - INFO - Best fit parameters: [0.00562674 0.15231579 0.01073568 0.01335528].
2024-01-17 16:10:40,547 - INFO - Maximum log composite likelihood: -467.01747452449797.
2024-01-17 16:10:40,547 - INFO - Optimal value of theta: 38666.675676826235.
2024-01-17 16:10:40,547 - INFO - Beginning optimization with guess, [0.01650096 0.03769777 0.0064885  0.01010067].
2024-01-17 16:10:53,602 - INFO - Finished optimization with guess, [0.01650096 0.03769777 0.0064885  0.01010067].
2024-01-17 16:10:53,603 - INFO - Best fit parameters: [0.00445403 0.18714109 0.00974928 0.00911067].
2024-01-17 16:10:54,030 - INFO - Maximum log composite likelihood: -755.734960279631.
2024-01-17 16:10:54,030 - INFO - Optimal value of theta: 46961.65748921532.
2024-01-17 16:10:54,030 - INFO - Beginning optimization with guess, [0.05035062 0.07422737 0.0103748  0.00812151].
2024-01-17 16:11:04,886 - INFO - Finished optimization with guess, [0.05035062 0.07422737 0.0103748  0.00812151].
2024-01-17 16:11:04,887 - INFO - Best fit parameters: [4.56680329e-01 5.72587280e+00 2.68919774e-05 6.49214299e-04].
2024-01-17 16:11:05,334 - INFO - Maximum log composite likelihood: -324.8112144574038.
2024-01-17 16:11:05,335 - INFO - Optimal value of theta: 5018.062081587479.
2024-01-17 16:11:05,335 - INFO - Beginning optimization with guess, [0.05996208 0.04738289 0.01821785 0.00860672].
2024-01-17 16:11:16,301 - INFO - Finished optimization with guess, [0.05996208 0.04738289 0.01821785 0.00860672].
2024-01-17 16:11:16,302 - INFO - Best fit parameters: [1.19317288e-01 2.91694989e+02 6.63516408e-06 3.47825975e-05].
2024-01-17 16:11:16,767 - INFO - Maximum log composite likelihood: -325.84204787848523.
2024-01-17 16:11:16,767 - INFO - Optimal value of theta: 5040.193987261479.
2024-01-17 16:11:16,767 - INFO - Beginning optimization with guess, [0.63947352 0.7030365  0.01089538 0.01905418].
2024-01-17 16:11:27,849 - INFO - Finished optimization with guess, [0.63947352 0.7030365  0.01089538 0.01905418].
2024-01-17 16:11:27,852 - INFO - Best fit parameters: [6.05825288e-01 1.50815177e+00 1.17616832e-04 1.02743309e-03].
2024-01-17 16:11:28,558 - INFO - Maximum log composite likelihood: -325.1631070778727.
2024-01-17 16:11:28,562 - INFO - Optimal value of theta: 5028.291748806883.
2024-01-17 16:11:28,563 - INFO - Beginning optimization with guess, [0.49771113 0.45092469 0.00513148 0.00964628].
2024-01-17 16:11:38,347 - INFO - Finished optimization with guess, [0.49771113 0.45092469 0.00513148 0.00964628].
2024-01-17 16:11:38,348 - INFO - Best fit parameters: [4.77260871e-01 2.24826247e+00 1.39642059e-05 1.27442680e-04].
2024-01-17 16:11:38,723 - INFO - Maximum log composite likelihood: -325.5886674312296.
2024-01-17 16:11:38,723 - INFO - Optimal value of theta: 5037.21058769624.
2024-01-17 16:11:38,724 - INFO - Beginning optimization with guess, [1.43174805 1.08781653 0.00687511 0.01096193].
2024-01-17 16:11:48,480 - INFO - Finished optimization with guess, [1.43174805 1.08781653 0.00687511 0.01096193].
2024-01-17 16:11:48,491 - INFO - Best fit parameters: [1.33309662e+00 1.04161593e+00 7.15028317e-04 1.46505099e-03].
2024-01-17 16:11:48,931 - INFO - Maximum log composite likelihood: -325.4368408616393.
2024-01-17 16:11:48,931 - INFO - Optimal value of theta: 5030.090747625367.
2024-01-17 16:11:48,932 - INFO - Beginning optimization with guess, [0.56406514 1.52974728 0.01857409 0.01054665].
2024-01-17 16:12:00,534 - INFO - Finished optimization with guess, [0.56406514 1.52974728 0.01857409 0.01054665].
2024-01-17 16:12:00,541 - INFO - Best fit parameters: [0.49970035 1.66533679 0.08609312 0.01941945].
2024-01-17 16:12:01,223 - INFO - Maximum log composite likelihood: -198.10180755800332.
2024-01-17 16:12:01,223 - INFO - Optimal value of theta: 5787.6624922142055.
2024-01-17 16:12:01,224 - INFO - Beginning optimization with guess, [0.65193555 0.80276741 0.00859804 0.010111  ].
2024-01-17 16:12:13,954 - INFO - Finished optimization with guess, [0.65193555 0.80276741 0.00859804 0.010111  ].
2024-01-17 16:12:13,955 - INFO - Best fit parameters: [0.64306912 0.79357484 0.00100409 0.43877461].
2024-01-17 16:12:14,459 - INFO - Maximum log composite likelihood: -243.49732127927234.
2024-01-17 16:12:14,459 - INFO - Optimal value of theta: 5831.030780646699.
2024-01-17 16:12:14,460 - INFO - Beginning optimization with guess, [1.55608187 2.49031067 0.00689924 0.00552011].
2024-01-17 16:12:25,385 - INFO - Finished optimization with guess, [1.55608187 2.49031067 0.00689924 0.00552011].
2024-01-17 16:12:25,386 - INFO - Best fit parameters: [1.25917390e+00 2.10786157e+00 9.55332784e-04 5.96352803e-04].
2024-01-17 16:12:25,756 - INFO - Maximum log composite likelihood: -324.9860195659568.
2024-01-17 16:12:25,757 - INFO - Optimal value of theta: 5018.207621891039.
2024-01-17 16:12:25,757 - INFO - Beginning optimization with guess, [1.35839621 1.00835417 0.01037152 0.01118048].
2024-01-17 16:12:35,246 - INFO - Finished optimization with guess, [1.35839621 1.00835417 0.01037152 0.01118048].
2024-01-17 16:12:35,247 - INFO - Best fit parameters: [1.13795172e+00 1.00821733e+00 1.55849462e-04 2.93649936e-03].
2024-01-17 16:12:35,686 - INFO - Maximum log composite likelihood: -325.73546454407096.
2024-01-17 16:12:35,686 - INFO - Optimal value of theta: 5037.944191775363.
2024-01-17 16:12:35,687 - INFO - Beginning optimization with guess, [2.2483841  3.4606267  0.0179714  0.01083416].
2024-01-17 16:12:45,490 - INFO - Finished optimization with guess, [2.2483841  3.4606267  0.0179714  0.01083416].
2024-01-17 16:12:45,490 - INFO - Best fit parameters: [1.58751078e+00 1.00781215e+00 1.09620334e-03 7.41476263e-04].
2024-01-17 16:12:45,858 - INFO - Maximum log composite likelihood: -325.27168992554516.
2024-01-17 16:12:45,859 - INFO - Optimal value of theta: 5022.896696867702.
2024-01-17 16:12:45,859 - INFO - Beginning optimization with guess, [2.11024663 2.62721722 0.0192942  0.00690067].
2024-01-17 16:12:55,788 - INFO - Finished optimization with guess, [2.11024663 2.62721722 0.0192942  0.00690067].
2024-01-17 16:12:55,789 - INFO - Best fit parameters: [1.62744139e+00 9.12425423e-01 8.28411994e-04 1.38075504e-04].
2024-01-17 16:12:56,159 - INFO - Maximum log composite likelihood: -325.13294690898545.
2024-01-17 16:12:56,159 - INFO - Optimal value of theta: 5026.79964255932.
2024-01-17 16:12:56,160 - INFO - Beginning optimization with guess, [1.46566854 1.507741   0.0138333  0.00578728].
2024-01-17 16:13:06,810 - INFO - Finished optimization with guess, [1.46566854 1.507741   0.0138333  0.00578728].
2024-01-17 16:13:06,811 - INFO - Best fit parameters: [1.31083577e+00 1.18112017e+00 1.28683701e-03 4.56655973e-04].
2024-01-17 16:13:07,182 - INFO - Maximum log composite likelihood: -325.2087773382983.
2024-01-17 16:13:07,183 - INFO - Optimal value of theta: 5024.220639129104.
2024-01-17 16:13:07,183 - INFO - Beginning optimization with guess, [1.64404947 2.25241711 0.00903052 0.00602391].
2024-01-17 16:13:18,139 - INFO - Finished optimization with guess, [1.64404947 2.25241711 0.00903052 0.00602391].
2024-01-17 16:13:18,150 - INFO - Best fit parameters: [1.40632058e+00 1.39083116e+00 9.29317774e-04 7.20690267e-04].
2024-01-17 16:13:18,519 - INFO - Maximum log composite likelihood: -325.10032730338094.
2024-01-17 16:13:18,519 - INFO - Optimal value of theta: 5020.090969901783.
2024-01-17 16:13:18,520 - INFO - Beginning optimization with guess, [2.81129121 4.53089004 0.01065787 0.00511418].
2024-01-17 16:13:28,906 - INFO - Finished optimization with guess, [2.81129121 4.53089004 0.01065787 0.00511418].
2024-01-17 16:13:28,907 - INFO - Best fit parameters: [1.29882259e+00 2.76218830e+00 7.54525369e-04 2.80342685e-04].
2024-01-17 16:13:29,275 - INFO - Maximum log composite likelihood: -324.9968692033045.
2024-01-17 16:13:29,276 - INFO - Optimal value of theta: 5024.685540177827.
2024-01-17 16:13:29,276 - INFO - Beginning optimization with guess, [5.53503008 2.37337829 0.00871478 0.01473702].
2024-01-17 16:13:40,434 - INFO - Finished optimization with guess, [5.53503008 2.37337829 0.00871478 0.01473702].
2024-01-17 16:13:40,435 - INFO - Best fit parameters: [2.87332123e+00 1.04078128e+00 4.91014339e-04 7.75310341e-04].
2024-01-17 16:13:40,853 - INFO - Maximum log composite likelihood: -325.14753010748757.
2024-01-17 16:13:40,853 - INFO - Optimal value of theta: 5025.073124872154.
2024-01-17 16:13:40,854 - INFO - Beginning optimization with guess, [5.40955987e+00 4.24820001e+00 5.40062734e-03 1.90260117e-02].
2024-01-17 16:13:50,562 - INFO - Finished optimization with guess, [5.40955987e+00 4.24820001e+00 5.40062734e-03 1.90260117e-02].
2024-01-17 16:13:50,563 - INFO - Best fit parameters: [8.51993186e-01 2.56842746e+00 8.91240972e-05 8.07829762e-04].
2024-01-17 16:13:50,940 - INFO - Maximum log composite likelihood: -324.89357027436427.
2024-01-17 16:13:50,940 - INFO - Optimal value of theta: 5019.343989668307.
2024-01-17 16:13:50,940 - INFO - Beginning optimization with guess, [5.43867412 3.00187843 0.01363251 0.00731548].
2024-01-17 16:14:00,794 - INFO - Finished optimization with guess, [5.43867412 3.00187843 0.01363251 0.00731548].
2024-01-17 16:14:00,795 - INFO - Best fit parameters: [3.01739661e+00 9.00956831e-01 4.43719518e-04 1.53248419e-04].
2024-01-17 16:14:01,163 - INFO - Maximum log composite likelihood: -325.0781542522262.
2024-01-17 16:14:01,164 - INFO - Optimal value of theta: 5027.728757932977.
2024-01-17 16:14:01,164 - INFO - Beginning optimization with guess, [3.9663177  4.77064012 0.00513211 0.00812572].
2024-01-17 16:14:11,558 - INFO - Finished optimization with guess, [3.9663177  4.77064012 0.00513211 0.00812572].
2024-01-17 16:14:11,564 - INFO - Best fit parameters: [1.74818630e+00 3.02281583e+00 3.81673944e-04 5.62686419e-04].
2024-01-17 16:14:11,962 - INFO - Maximum log composite likelihood: -324.86872355357673.
2024-01-17 16:14:11,962 - INFO - Optimal value of theta: 5016.669947990538.
2024-01-17 16:14:11,962 - INFO - Beginning optimization with guess, [2.67595817 2.89874004 0.01891844 0.01690968].
2024-01-17 16:14:22,983 - INFO - Finished optimization with guess, [2.67595817 2.89874004 0.01891844 0.01690968].
2024-01-17 16:14:22,985 - INFO - Best fit parameters: [2.15754803e+00 7.73293445e-01 7.23404960e-04 1.02111953e-03].
2024-01-17 16:14:23,355 - INFO - Maximum log composite likelihood: -325.7026059164565.
2024-01-17 16:14:23,355 - INFO - Optimal value of theta: 5036.179340615973.
2024-01-17 16:14:23,355 - INFO - Beginning optimization with guess, [9.70937149e+00 1.02219027e+01 5.30903047e-03 5.85470510e-03].
2024-01-17 16:14:34,630 - INFO - Finished optimization with guess, [9.70937149e+00 1.02219027e+01 5.30903047e-03 5.85470510e-03].
2024-01-17 16:14:34,630 - INFO - Best fit parameters: [4.21849974e+00 2.13451567e+00 2.87542945e-04 4.06339443e-04].
2024-01-17 16:14:35,004 - INFO - Maximum log composite likelihood: -324.87955735092567.
2024-01-17 16:14:35,004 - INFO - Optimal value of theta: 5021.075106185783.
2024-01-17 16:14:35,005 - INFO - Beginning optimization with guess, [1.28855935e+01 1.17921916e+01 1.76577979e-02 8.79971048e-03].
2024-01-17 16:14:44,781 - INFO - Finished optimization with guess, [1.28855935e+01 1.17921916e+01 1.76577979e-02 8.79971048e-03].
2024-01-17 16:14:44,782 - INFO - Best fit parameters: [5.29572400e+00 7.91270466e-01 7.06422148e-04 2.13149522e-04].
2024-01-17 16:14:45,208 - INFO - Maximum log composite likelihood: -324.93251627539667.
2024-01-17 16:14:45,208 - INFO - Optimal value of theta: 5017.799031418168.
2024-01-17 16:14:45,210 - INFO - Beginning optimization with guess, [8.20950442e+00 7.95146019e+00 1.85783646e-02 6.86136466e-03].
2024-01-17 16:14:55,388 - INFO - Finished optimization with guess, [8.20950442e+00 7.95146019e+00 1.85783646e-02 6.86136466e-03].
2024-01-17 16:14:55,389 - INFO - Best fit parameters: [3.94682339e+00 8.21417191e-01 7.73988229e-04 1.36673975e-04].
2024-01-17 16:14:55,840 - INFO - Maximum log composite likelihood: -324.92056647726736.
2024-01-17 16:14:55,840 - INFO - Optimal value of theta: 5016.440413612699.
2024-01-17 16:14:55,843 - INFO - Finished demographic inference.
2024-01-17 16:14:55,843 - INFO - Pipeline executed succesfully.
