2025-07-30 17:46:04,822 - INFO - Beginning execution of fit_demographic_model.py in directory /u/project/kirk/jonmah/sample_size_demography/Scripts

2025-07-30 17:46:04,822 - INFO - Progress is being logged to ../Analysis/dadi_3EpB_760/log.log

2025-07-30 17:46:04,822 - INFO - Parsed the following arguments:
	syn_input_sfs = ../Simulations/dadi_simulations/ThreeEpochBottleneck_760.sfs
	mask_singletons = False
	mask_doubletons = False
	L_syn = 100000000.0
	outprefix = ../Analysis/dadi_3EpB_760/

2025-07-30 17:46:04,827 - INFO - Beginning demographic inference for two-epoch demographic model.
2025-07-30 17:46:04,830 - INFO - Beginning optimization with guess, [0.01, 0.1].
2025-07-30 17:47:15,806 - INFO - Finished optimization with guess, [0.01, 0.1].
2025-07-30 17:47:15,808 - INFO - Best fit parameters: [0.00422076 0.13898526].
2025-07-30 17:47:18,963 - INFO - Maximum log composite likelihood: -88478.77917034541.
2025-07-30 17:47:18,964 - INFO - Optimal value of theta: 8352473.313979002.
2025-07-30 17:47:18,964 - INFO - Beginning optimization with guess, [0.025, 0.1].
2025-07-30 17:59:39,937 - INFO - Finished optimization with guess, [0.025, 0.1].
2025-07-30 17:59:39,938 - INFO - Best fit parameters: [7.34463372e-04 1.05925373e+00].
2025-07-30 18:00:21,203 - INFO - Maximum log composite likelihood: -88478.77917083446.
2025-07-30 18:00:21,203 - INFO - Optimal value of theta: 47999374.70265504.
2025-07-30 18:00:21,203 - INFO - Beginning optimization with guess, [0.05, 0.1].
2025-07-30 18:14:16,478 - INFO - Finished optimization with guess, [0.05, 0.1].
2025-07-30 18:14:16,480 - INFO - Best fit parameters: [0.00314449 1.39235507].
2025-07-30 18:14:30,744 - INFO - Maximum log composite likelihood: -88478.77917098477.
2025-07-30 18:14:30,745 - INFO - Optimal value of theta: 11211290.451867927.
2025-07-30 18:14:30,745 - INFO - Beginning optimization with guess, [0.075, 0.1].
2025-07-30 18:16:08,028 - INFO - Finished optimization with guess, [0.075, 0.1].
2025-07-30 18:16:08,029 - INFO - Best fit parameters: [0.01294828 0.64938163].
2025-07-30 18:16:11,699 - INFO - Maximum log composite likelihood: -88478.77917035535.
2025-07-30 18:16:11,699 - INFO - Optimal value of theta: 2722660.8033886366.
2025-07-30 18:16:11,699 - INFO - Beginning optimization with guess, [0.1, 0.1].
2025-07-30 18:20:43,381 - INFO - Finished optimization with guess, [0.1, 0.1].
2025-07-30 18:20:43,382 - INFO - Best fit parameters: [0.01286397 1.88364909].
2025-07-30 18:20:49,936 - INFO - Maximum log composite likelihood: -88478.77917064104.
2025-07-30 18:20:49,937 - INFO - Optimal value of theta: 2740505.775949456.
2025-07-30 18:20:49,937 - INFO - Beginning optimization with guess, [0.25, 0.1].
2025-07-30 18:21:36,672 - INFO - Finished optimization with guess, [0.25, 0.1].
2025-07-30 18:21:36,674 - INFO - Best fit parameters: [2.46219821e+01 2.31031860e-02].
2025-07-30 18:21:38,966 - INFO - Maximum log composite likelihood: -15150.901818968474.
2025-07-30 18:21:38,966 - INFO - Optimal value of theta: 18484.811632754194.
2025-07-30 18:21:38,966 - INFO - Beginning optimization with guess, [0.5, 0.1].
2025-07-30 18:22:25,418 - INFO - Finished optimization with guess, [0.5, 0.1].
2025-07-30 18:22:25,420 - INFO - Best fit parameters: [2.18448115e+01 1.67503327e-02].
2025-07-30 18:22:27,679 - INFO - Maximum log composite likelihood: -15325.63901548514.
2025-07-30 18:22:27,679 - INFO - Optimal value of theta: 21003.512989616574.
2025-07-30 18:22:27,679 - INFO - Beginning optimization with guess, [0.75, 0.1].
2025-07-30 18:23:13,273 - INFO - Finished optimization with guess, [0.75, 0.1].
2025-07-30 18:23:13,274 - INFO - Best fit parameters: [3.59649756 0.01675033].
2025-07-30 18:23:15,521 - INFO - Maximum log composite likelihood: -36603.66429189707.
2025-07-30 18:23:15,521 - INFO - Optimal value of theta: 26650.920329543213.
2025-07-30 18:23:15,521 - INFO - Beginning optimization with guess, [1, 0.1].
2025-07-30 18:24:03,180 - INFO - Finished optimization with guess, [1, 0.1].
2025-07-30 18:24:03,181 - INFO - Best fit parameters: [1.02090297 0.30947459].
2025-07-30 18:24:05,931 - INFO - Maximum log composite likelihood: -88076.39856414091.
2025-07-30 18:24:05,931 - INFO - Optimal value of theta: 34769.92923792071.
2025-07-30 18:24:05,931 - INFO - Beginning optimization with guess, [1.25, 0.1].
2025-07-30 18:25:09,261 - INFO - Finished optimization with guess, [1.25, 0.1].
2025-07-30 18:25:09,271 - INFO - Best fit parameters: [1.43159518 0.01559353].
2025-07-30 18:25:12,520 - INFO - Maximum log composite likelihood: -69511.62076621437.
2025-07-30 18:25:12,521 - INFO - Optimal value of theta: 32289.31137532683.
2025-07-30 18:25:12,521 - INFO - Beginning optimization with guess, [1.5, 0.1].
2025-07-30 18:26:00,314 - INFO - Finished optimization with guess, [1.5, 0.1].
2025-07-30 18:26:00,315 - INFO - Best fit parameters: [1.75965364 0.01654817].
2025-07-30 18:26:02,570 - INFO - Maximum log composite likelihood: -60008.48520797018.
2025-07-30 18:26:02,570 - INFO - Optimal value of theta: 30683.43774223547.
2025-07-30 18:26:02,570 - INFO - Beginning optimization with guess, [1.75, 0.1].
2025-07-30 18:26:51,771 - INFO - Finished optimization with guess, [1.75, 0.1].
2025-07-30 18:26:51,772 - INFO - Best fit parameters: [2.18139483 0.01654817].
2025-07-30 18:26:54,752 - INFO - Maximum log composite likelihood: -51834.26948173532.
2025-07-30 18:26:54,752 - INFO - Optimal value of theta: 29329.956837810456.
2025-07-30 18:26:54,752 - INFO - Beginning optimization with guess, [2, 0.1].
2025-07-30 18:27:45,317 - INFO - Finished optimization with guess, [2, 0.1].
2025-07-30 18:27:45,318 - INFO - Best fit parameters: [2.62760789 0.01654817].
2025-07-30 18:27:47,671 - INFO - Maximum log composite likelihood: -45190.58274900248.
2025-07-30 18:27:47,671 - INFO - Optimal value of theta: 28210.56854232435.
2025-07-30 18:27:47,672 - INFO - Beginning optimization with guess, [2.25, 0.1].
2025-07-30 18:28:37,315 - INFO - Finished optimization with guess, [2.25, 0.1].
2025-07-30 18:28:37,316 - INFO - Best fit parameters: [4.06083566 0.02190912].
2025-07-30 18:28:39,718 - INFO - Maximum log composite likelihood: -32118.660163084016.
2025-07-30 18:28:39,718 - INFO - Optimal value of theta: 24748.997972984518.
2025-07-30 18:28:39,718 - INFO - Beginning optimization with guess, [2.5, 0.1].
2025-07-30 18:29:28,076 - INFO - Finished optimization with guess, [2.5, 0.1].
2025-07-30 18:29:28,078 - INFO - Best fit parameters: [4.87180703 0.02190912].
2025-07-30 18:29:30,393 - INFO - Maximum log composite likelihood: -28789.478411587454.
2025-07-30 18:29:30,393 - INFO - Optimal value of theta: 24018.975745457206.
2025-07-30 18:29:30,393 - INFO - Beginning optimization with guess, [2.75, 0.1].
2025-07-30 18:30:16,552 - INFO - Finished optimization with guess, [2.75, 0.1].
2025-07-30 18:30:16,553 - INFO - Best fit parameters: [5.74409761 0.02190912].
2025-07-30 18:30:18,828 - INFO - Maximum log composite likelihood: -26760.841734192654.
2025-07-30 18:30:18,828 - INFO - Optimal value of theta: 23500.93703469232.
2025-07-30 18:30:18,828 - INFO - Beginning optimization with guess, [3, 0.1].
2025-07-30 18:31:04,643 - INFO - Finished optimization with guess, [3, 0.1].
2025-07-30 18:31:04,644 - INFO - Best fit parameters: [6.6761359  0.02190912].
2025-07-30 18:31:06,909 - INFO - Maximum log composite likelihood: -24026.743860765073.
2025-07-30 18:31:06,909 - INFO - Optimal value of theta: 22837.411696782907.
2025-07-30 18:31:06,909 - INFO - Beginning optimization with guess, [3.25, 0.1].
2025-07-30 18:31:52,873 - INFO - Finished optimization with guess, [3.25, 0.1].
2025-07-30 18:31:52,875 - INFO - Best fit parameters: [7.66652283 0.02190912].
2025-07-30 18:31:55,241 - INFO - Maximum log composite likelihood: -21855.064623997045.
2025-07-30 18:31:55,241 - INFO - Optimal value of theta: 22268.79760876953.
2025-07-30 18:31:55,241 - INFO - Beginning optimization with guess, [3.5, 0.1].
2025-07-30 18:32:41,568 - INFO - Finished optimization with guess, [3.5, 0.1].
2025-07-30 18:32:41,569 - INFO - Best fit parameters: [8.71400067 0.02190912].
2025-07-30 18:32:43,878 - INFO - Maximum log composite likelihood: -20130.004316056882.
2025-07-30 18:32:43,878 - INFO - Optimal value of theta: 21776.79387554497.
2025-07-30 18:32:43,878 - INFO - Beginning optimization with guess, [3.75, 0.1].
2025-07-30 18:33:29,799 - INFO - Finished optimization with guess, [3.75, 0.1].
2025-07-30 18:33:29,800 - INFO - Best fit parameters: [9.81742935 0.02190912].
2025-07-30 18:33:32,161 - INFO - Maximum log composite likelihood: -18763.53224724684.
2025-07-30 18:33:32,162 - INFO - Optimal value of theta: 21347.50782460489.
2025-07-30 18:33:32,162 - INFO - Beginning optimization with guess, [4, 0.1].
2025-07-30 18:34:19,294 - INFO - Finished optimization with guess, [4, 0.1].
2025-07-30 18:34:19,295 - INFO - Best fit parameters: [10.9757681   0.02190912].
2025-07-30 18:34:21,780 - INFO - Maximum log composite likelihood: -17687.61884544522.
2025-07-30 18:34:21,780 - INFO - Optimal value of theta: 20970.194708823736.
2025-07-30 18:34:21,781 - INFO - Beginning optimization with guess, [4.25, 0.1].
2025-07-30 18:35:09,885 - INFO - Finished optimization with guess, [4.25, 0.1].
2025-07-30 18:35:09,886 - INFO - Best fit parameters: [12.18806102  0.02190912].
2025-07-30 18:35:12,116 - INFO - Maximum log composite likelihood: -16848.945781804705.
2025-07-30 18:35:12,116 - INFO - Optimal value of theta: 20636.409877868464.
2025-07-30 18:35:12,116 - INFO - Beginning optimization with guess, [4.5, 0.1].
2025-07-30 18:35:59,718 - INFO - Finished optimization with guess, [4.5, 0.1].
2025-07-30 18:35:59,719 - INFO - Best fit parameters: [13.45342541  0.02190912].
2025-07-30 18:36:01,958 - INFO - Maximum log composite likelihood: -16205.213756612917.
2025-07-30 18:36:01,958 - INFO - Optimal value of theta: 20339.422880383445.
2025-07-30 18:36:01,958 - INFO - Beginning optimization with guess, [4.75, 0.1].
2025-07-30 18:36:50,436 - INFO - Finished optimization with guess, [4.75, 0.1].
2025-07-30 18:36:50,437 - INFO - Best fit parameters: [14.77104238  0.02190912].
2025-07-30 18:36:52,671 - INFO - Maximum log composite likelihood: -15722.509233837834.
2025-07-30 18:36:52,671 - INFO - Optimal value of theta: 20073.803052907107.
2025-07-30 18:36:52,671 - INFO - Beginning optimization with guess, [5, 0.1].
2025-07-30 18:37:41,221 - INFO - Finished optimization with guess, [5, 0.1].
2025-07-30 18:37:41,222 - INFO - Best fit parameters: [16.14014897  0.02190912].
2025-07-30 18:37:43,505 - INFO - Maximum log composite likelihood: -15373.390341796969.
2025-07-30 18:37:43,506 - INFO - Optimal value of theta: 19835.120386711267.
2025-07-30 18:37:43,511 - INFO - Converting and interpreting Tau estimates.
2025-07-30 18:37:43,512 - INFO - Finished demographic inference.
2025-07-30 18:37:43,512 - INFO - Pipeline executed succesfully.
