2024-03-14 21:38:47,163 - INFO - Beginning execution of fit_demographic_model.py in directory /u/project/kirk/jonmah/sample_size_demography/Scripts

2024-03-14 21:38:47,163 - INFO - Progress is being logged to ../Analysis/ThreeEpochExpansion_190/log.log

2024-03-14 21:38:47,163 - INFO - Parsed the following arguments:
	syn_input_sfs = ../Analysis/ThreeEpochExpansion_190/syn_downsampled_sfs.txt
	mask_singletons = False
	mask_doubletons = False
	outprefix = ../Analysis/ThreeEpochExpansion_190/

2024-03-14 21:38:47,186 - INFO - Beginning demographic inference for one-epoch demographic model.
2024-03-14 21:38:47,187 - INFO - Beginning optimization with guess, [0.14706623].
2024-03-14 21:39:38,147 - INFO - Finished optimization with guess, [0.14706623].
2024-03-14 21:39:38,156 - INFO - Best fit parameters: [0.14706623].
2024-03-14 21:39:39,473 - INFO - Maximum log composite likelihood: -5095.718222267133.
2024-03-14 21:39:39,473 - INFO - Optimal value of theta: 16416.811472524325.
2024-03-14 21:39:39,474 - INFO - Beginning optimization with guess, [0.22686507].
2024-03-14 21:40:04,248 - INFO - Finished optimization with guess, [0.22686507].
2024-03-14 21:40:04,250 - INFO - Best fit parameters: [0.22686507].
2024-03-14 21:40:04,630 - INFO - Maximum log composite likelihood: -5095.718222267133.
2024-03-14 21:40:04,630 - INFO - Optimal value of theta: 16416.811472524325.
2024-03-14 21:40:04,630 - INFO - Beginning optimization with guess, [0.50542316].
2024-03-14 21:40:15,369 - INFO - Finished optimization with guess, [0.50542316].
2024-03-14 21:40:15,369 - INFO - Best fit parameters: [0.50542316].
2024-03-14 21:40:15,738 - INFO - Maximum log composite likelihood: -5095.718222267133.
2024-03-14 21:40:15,739 - INFO - Optimal value of theta: 16416.811472524325.
2024-03-14 21:40:15,740 - INFO - Beginning optimization with guess, [0.46721633].
2024-03-14 21:40:31,194 - INFO - Finished optimization with guess, [0.46721633].
2024-03-14 21:40:31,202 - INFO - Best fit parameters: [0.46721633].
2024-03-14 21:40:31,734 - INFO - Maximum log composite likelihood: -5095.718222267133.
2024-03-14 21:40:31,734 - INFO - Optimal value of theta: 16416.811472524325.
2024-03-14 21:40:31,735 - INFO - Beginning optimization with guess, [0.65280095].
2024-03-14 21:40:52,299 - INFO - Finished optimization with guess, [0.65280095].
2024-03-14 21:40:52,304 - INFO - Best fit parameters: [0.65280095].
2024-03-14 21:40:53,376 - INFO - Maximum log composite likelihood: -5095.718222267133.
2024-03-14 21:40:53,376 - INFO - Optimal value of theta: 16416.811472524325.
2024-03-14 21:40:53,376 - INFO - Beginning optimization with guess, [0.52385751].
2024-03-14 21:41:32,965 - INFO - Finished optimization with guess, [0.52385751].
2024-03-14 21:41:32,981 - INFO - Best fit parameters: [0.52385751].
2024-03-14 21:41:34,610 - INFO - Maximum log composite likelihood: -5095.718222267133.
2024-03-14 21:41:34,610 - INFO - Optimal value of theta: 16416.811472524325.
2024-03-14 21:41:34,610 - INFO - Beginning optimization with guess, [0.71093641].
2024-03-14 21:42:08,019 - INFO - Finished optimization with guess, [0.71093641].
2024-03-14 21:42:08,039 - INFO - Best fit parameters: [0.71093641].
2024-03-14 21:42:09,459 - INFO - Maximum log composite likelihood: -5095.718222267133.
2024-03-14 21:42:09,460 - INFO - Optimal value of theta: 16416.811472524325.
2024-03-14 21:42:09,460 - INFO - Beginning optimization with guess, [0.78640079].
2024-03-14 21:42:42,849 - INFO - Finished optimization with guess, [0.78640079].
2024-03-14 21:42:42,866 - INFO - Best fit parameters: [0.78640079].
2024-03-14 21:42:44,253 - INFO - Maximum log composite likelihood: -5095.718222267133.
2024-03-14 21:42:44,253 - INFO - Optimal value of theta: 16416.811472524325.
2024-03-14 21:42:44,253 - INFO - Beginning optimization with guess, [1.28411913].
2024-03-14 21:43:16,805 - INFO - Finished optimization with guess, [1.28411913].
2024-03-14 21:43:16,812 - INFO - Best fit parameters: [1.28411913].
2024-03-14 21:43:18,036 - INFO - Maximum log composite likelihood: -5095.718222267133.
2024-03-14 21:43:18,036 - INFO - Optimal value of theta: 16416.811472524325.
2024-03-14 21:43:18,036 - INFO - Beginning optimization with guess, [0.6506352].
2024-03-14 21:43:52,319 - INFO - Finished optimization with guess, [0.6506352].
2024-03-14 21:43:52,342 - INFO - Best fit parameters: [0.6506352].
2024-03-14 21:43:53,707 - INFO - Maximum log composite likelihood: -5095.718222267133.
2024-03-14 21:43:53,707 - INFO - Optimal value of theta: 16416.811472524325.
2024-03-14 21:43:53,707 - INFO - Beginning optimization with guess, [1.15184752].
2024-03-14 21:44:24,584 - INFO - Finished optimization with guess, [1.15184752].
2024-03-14 21:44:24,596 - INFO - Best fit parameters: [1.15184752].
2024-03-14 21:44:25,800 - INFO - Maximum log composite likelihood: -5095.718222267133.
2024-03-14 21:44:25,801 - INFO - Optimal value of theta: 16416.811472524325.
2024-03-14 21:44:25,801 - INFO - Beginning optimization with guess, [1.36369789].
2024-03-14 21:45:00,341 - INFO - Finished optimization with guess, [1.36369789].
2024-03-14 21:45:00,352 - INFO - Best fit parameters: [1.36369789].
2024-03-14 21:45:01,765 - INFO - Maximum log composite likelihood: -5095.718222267133.
2024-03-14 21:45:01,765 - INFO - Optimal value of theta: 16416.811472524325.
2024-03-14 21:45:01,765 - INFO - Beginning optimization with guess, [1.28710363].
2024-03-14 21:45:32,689 - INFO - Finished optimization with guess, [1.28710363].
2024-03-14 21:45:32,693 - INFO - Best fit parameters: [1.28710363].
2024-03-14 21:45:33,674 - INFO - Maximum log composite likelihood: -5095.718222267133.
2024-03-14 21:45:33,674 - INFO - Optimal value of theta: 16416.811472524325.
2024-03-14 21:45:33,675 - INFO - Beginning optimization with guess, [1.84383721].
2024-03-14 21:45:55,989 - INFO - Finished optimization with guess, [1.84383721].
2024-03-14 21:45:56,016 - INFO - Best fit parameters: [1.84383721].
2024-03-14 21:45:56,670 - INFO - Maximum log composite likelihood: -5095.718222267133.
2024-03-14 21:45:56,670 - INFO - Optimal value of theta: 16416.811472524325.
2024-03-14 21:45:56,670 - INFO - Beginning optimization with guess, [1.15592315].
2024-03-14 21:46:06,942 - INFO - Finished optimization with guess, [1.15592315].
2024-03-14 21:46:06,943 - INFO - Best fit parameters: [1.15592315].
2024-03-14 21:46:07,316 - INFO - Maximum log composite likelihood: -5095.718222267133.
2024-03-14 21:46:07,316 - INFO - Optimal value of theta: 16416.811472524325.
2024-03-14 21:46:07,316 - INFO - Beginning optimization with guess, [4.98511015].
2024-03-14 21:46:19,004 - INFO - Finished optimization with guess, [4.98511015].
2024-03-14 21:46:19,005 - INFO - Best fit parameters: [4.98511015].
2024-03-14 21:46:19,371 - INFO - Maximum log composite likelihood: -5095.718222267133.
2024-03-14 21:46:19,371 - INFO - Optimal value of theta: 16416.811472524325.
2024-03-14 21:46:19,372 - INFO - Beginning optimization with guess, [3.78415265].
2024-03-14 21:46:30,928 - INFO - Finished optimization with guess, [3.78415265].
2024-03-14 21:46:30,929 - INFO - Best fit parameters: [3.78415265].
2024-03-14 21:46:31,290 - INFO - Maximum log composite likelihood: -5095.718222267133.
2024-03-14 21:46:31,290 - INFO - Optimal value of theta: 16416.811472524325.
2024-03-14 21:46:31,290 - INFO - Beginning optimization with guess, [2.75662338].
2024-03-14 21:46:44,405 - INFO - Finished optimization with guess, [2.75662338].
2024-03-14 21:46:44,406 - INFO - Best fit parameters: [2.75662338].
2024-03-14 21:46:45,070 - INFO - Maximum log composite likelihood: -5095.718222267133.
2024-03-14 21:46:45,071 - INFO - Optimal value of theta: 16416.811472524325.
2024-03-14 21:46:45,071 - INFO - Beginning optimization with guess, [2.73560345].
2024-03-14 21:47:02,967 - INFO - Finished optimization with guess, [2.73560345].
2024-03-14 21:47:02,982 - INFO - Best fit parameters: [2.73560345].
2024-03-14 21:47:03,612 - INFO - Maximum log composite likelihood: -5095.718222267133.
2024-03-14 21:47:03,612 - INFO - Optimal value of theta: 16416.811472524325.
2024-03-14 21:47:03,612 - INFO - Beginning optimization with guess, [6.18182492].
2024-03-14 21:47:22,719 - INFO - Finished optimization with guess, [6.18182492].
2024-03-14 21:47:22,728 - INFO - Best fit parameters: [6.18182492].
2024-03-14 21:47:23,282 - INFO - Maximum log composite likelihood: -5095.718222267133.
2024-03-14 21:47:23,282 - INFO - Optimal value of theta: 16416.811472524325.
2024-03-14 21:47:23,282 - INFO - Beginning optimization with guess, [4.64465539].
2024-03-14 21:47:48,019 - INFO - Finished optimization with guess, [4.64465539].
2024-03-14 21:47:48,040 - INFO - Best fit parameters: [4.64465539].
2024-03-14 21:47:48,889 - INFO - Maximum log composite likelihood: -5095.718222267133.
2024-03-14 21:47:48,889 - INFO - Optimal value of theta: 16416.811472524325.
2024-03-14 21:47:48,889 - INFO - Beginning optimization with guess, [7.10436146].
2024-03-14 21:48:14,672 - INFO - Finished optimization with guess, [7.10436146].
2024-03-14 21:48:14,681 - INFO - Best fit parameters: [7.10436146].
2024-03-14 21:48:15,406 - INFO - Maximum log composite likelihood: -5095.718222267133.
2024-03-14 21:48:15,406 - INFO - Optimal value of theta: 16416.811472524325.
2024-03-14 21:48:15,406 - INFO - Beginning optimization with guess, [8.42656194].
2024-03-14 21:48:41,305 - INFO - Finished optimization with guess, [8.42656194].
2024-03-14 21:48:41,327 - INFO - Best fit parameters: [8.42656194].
2024-03-14 21:48:41,716 - INFO - Maximum log composite likelihood: -5095.718222267133.
2024-03-14 21:48:41,716 - INFO - Optimal value of theta: 16416.811472524325.
2024-03-14 21:48:41,716 - INFO - Beginning optimization with guess, [8.32130714].
2024-03-14 21:48:56,698 - INFO - Finished optimization with guess, [8.32130714].
2024-03-14 21:48:56,699 - INFO - Best fit parameters: [8.32130714].
2024-03-14 21:48:57,071 - INFO - Maximum log composite likelihood: -5095.718222267133.
2024-03-14 21:48:57,071 - INFO - Optimal value of theta: 16416.811472524325.
2024-03-14 21:48:57,072 - INFO - Beginning optimization with guess, [6.96049386].
2024-03-14 21:49:09,475 - INFO - Finished optimization with guess, [6.96049386].
2024-03-14 21:49:09,476 - INFO - Best fit parameters: [6.96049386].
2024-03-14 21:49:10,001 - INFO - Maximum log composite likelihood: -5095.718222267133.
2024-03-14 21:49:10,001 - INFO - Optimal value of theta: 16416.811472524325.
2024-03-14 21:49:10,003 - INFO - Finished demographic inference.
2024-03-14 21:49:10,003 - INFO - Pipeline executed succesfully.
