2024-03-16 14:35:16,923 - INFO - Beginning execution of fit_demographic_model.py in directory /u/project/kirk/jonmah/sample_size_demography/Scripts

2024-03-16 14:35:16,923 - INFO - Progress is being logged to ../Analysis/ThreeEpochContraction_660/log.log

2024-03-16 14:35:16,923 - INFO - Parsed the following arguments:
	syn_input_sfs = ../Analysis/ThreeEpochContraction_660/syn_downsampled_sfs.txt
	mask_singletons = False
	mask_doubletons = False
	outprefix = ../Analysis/ThreeEpochContraction_660/

2024-03-16 14:35:16,953 - INFO - Beginning demographic inference for one-epoch demographic model.
2024-03-16 14:35:16,954 - INFO - Beginning optimization with guess, [0.11404651].
2024-03-16 14:37:15,928 - INFO - Finished optimization with guess, [0.11404651].
2024-03-16 14:37:15,941 - INFO - Best fit parameters: [0.11404651].
2024-03-16 14:37:19,160 - INFO - Maximum log composite likelihood: -5719.303456709824.
2024-03-16 14:37:19,160 - INFO - Optimal value of theta: 7093.636901619146.
2024-03-16 14:37:19,161 - INFO - Beginning optimization with guess, [0.33079718].
2024-03-16 14:38:38,043 - INFO - Finished optimization with guess, [0.33079718].
2024-03-16 14:38:38,044 - INFO - Best fit parameters: [0.33079718].
2024-03-16 14:38:39,344 - INFO - Maximum log composite likelihood: -5719.303456709824.
2024-03-16 14:38:39,344 - INFO - Optimal value of theta: 7093.636901619146.
2024-03-16 14:38:39,345 - INFO - Beginning optimization with guess, [0.40791427].
2024-03-16 14:39:34,274 - INFO - Finished optimization with guess, [0.40791427].
2024-03-16 14:39:34,282 - INFO - Best fit parameters: [0.40791427].
2024-03-16 14:39:38,104 - INFO - Maximum log composite likelihood: -5719.303456709824.
2024-03-16 14:39:38,104 - INFO - Optimal value of theta: 7093.636901619146.
2024-03-16 14:39:38,104 - INFO - Beginning optimization with guess, [0.63059577].
2024-03-16 14:41:04,216 - INFO - Finished optimization with guess, [0.63059577].
2024-03-16 14:41:04,235 - INFO - Best fit parameters: [0.63059577].
2024-03-16 14:41:06,980 - INFO - Maximum log composite likelihood: -5719.303456709824.
2024-03-16 14:41:06,980 - INFO - Optimal value of theta: 7093.636901619146.
2024-03-16 14:41:06,985 - INFO - Beginning optimization with guess, [0.29177135].
2024-03-16 14:42:26,175 - INFO - Finished optimization with guess, [0.29177135].
2024-03-16 14:42:26,177 - INFO - Best fit parameters: [0.29177135].
2024-03-16 14:42:27,627 - INFO - Maximum log composite likelihood: -5719.303456709824.
2024-03-16 14:42:27,628 - INFO - Optimal value of theta: 7093.636901619146.
2024-03-16 14:42:27,628 - INFO - Beginning optimization with guess, [1.03777935].
2024-03-16 14:42:49,730 - INFO - Finished optimization with guess, [1.03777935].
2024-03-16 14:42:49,731 - INFO - Best fit parameters: [1.03777935].
2024-03-16 14:42:51,027 - INFO - Maximum log composite likelihood: -5719.303456709824.
2024-03-16 14:42:51,027 - INFO - Optimal value of theta: 7093.636901619146.
2024-03-16 14:42:51,027 - INFO - Beginning optimization with guess, [0.82529299].
2024-03-16 14:43:49,081 - INFO - Finished optimization with guess, [0.82529299].
2024-03-16 14:43:49,086 - INFO - Best fit parameters: [0.82529299].
2024-03-16 14:43:52,188 - INFO - Maximum log composite likelihood: -5719.303456709824.
2024-03-16 14:43:52,188 - INFO - Optimal value of theta: 7093.636901619146.
2024-03-16 14:43:52,188 - INFO - Beginning optimization with guess, [0.78196585].
2024-03-16 14:44:59,833 - INFO - Finished optimization with guess, [0.78196585].
2024-03-16 14:44:59,845 - INFO - Best fit parameters: [0.78196585].
2024-03-16 14:45:02,466 - INFO - Maximum log composite likelihood: -5719.303456709824.
2024-03-16 14:45:02,466 - INFO - Optimal value of theta: 7093.636901619146.
2024-03-16 14:45:02,466 - INFO - Beginning optimization with guess, [0.62209952].
2024-03-16 14:45:55,528 - INFO - Finished optimization with guess, [0.62209952].
2024-03-16 14:45:55,530 - INFO - Best fit parameters: [0.62209952].
2024-03-16 14:45:56,911 - INFO - Maximum log composite likelihood: -5719.303456709824.
2024-03-16 14:45:56,912 - INFO - Optimal value of theta: 7093.636901619146.
2024-03-16 14:45:56,912 - INFO - Beginning optimization with guess, [0.68054613].
2024-03-16 14:46:36,048 - INFO - Finished optimization with guess, [0.68054613].
2024-03-16 14:46:36,051 - INFO - Best fit parameters: [0.68054613].
2024-03-16 14:46:39,529 - INFO - Maximum log composite likelihood: -5719.303456709824.
2024-03-16 14:46:39,529 - INFO - Optimal value of theta: 7093.636901619146.
2024-03-16 14:46:39,530 - INFO - Beginning optimization with guess, [1.34887612].
2024-03-16 14:48:03,099 - INFO - Finished optimization with guess, [1.34887612].
2024-03-16 14:48:03,104 - INFO - Best fit parameters: [1.34887612].
2024-03-16 14:48:06,305 - INFO - Maximum log composite likelihood: -5719.303456709824.
2024-03-16 14:48:06,305 - INFO - Optimal value of theta: 7093.636901619146.
2024-03-16 14:48:06,305 - INFO - Beginning optimization with guess, [1.56885876].
2024-03-16 14:49:14,333 - INFO - Finished optimization with guess, [1.56885876].
2024-03-16 14:49:14,334 - INFO - Best fit parameters: [1.56885876].
2024-03-16 14:49:15,604 - INFO - Maximum log composite likelihood: -5719.303456709824.
2024-03-16 14:49:15,604 - INFO - Optimal value of theta: 7093.636901619146.
2024-03-16 14:49:15,604 - INFO - Beginning optimization with guess, [1.41468509].
2024-03-16 14:49:53,611 - INFO - Finished optimization with guess, [1.41468509].
2024-03-16 14:49:53,621 - INFO - Best fit parameters: [1.41468509].
2024-03-16 14:49:56,497 - INFO - Maximum log composite likelihood: -5719.303456709824.
2024-03-16 14:49:56,497 - INFO - Optimal value of theta: 7093.636901619146.
2024-03-16 14:49:56,497 - INFO - Beginning optimization with guess, [2.30590744].
2024-03-16 14:51:16,879 - INFO - Finished optimization with guess, [2.30590744].
2024-03-16 14:51:16,883 - INFO - Best fit parameters: [2.30590744].
2024-03-16 14:51:19,774 - INFO - Maximum log composite likelihood: -5719.303456709824.
2024-03-16 14:51:19,775 - INFO - Optimal value of theta: 7093.636901619146.
2024-03-16 14:51:19,775 - INFO - Beginning optimization with guess, [2.23211602].
2024-03-16 14:52:16,136 - INFO - Finished optimization with guess, [2.23211602].
2024-03-16 14:52:16,137 - INFO - Best fit parameters: [2.23211602].
2024-03-16 14:52:17,407 - INFO - Maximum log composite likelihood: -5719.303456709824.
2024-03-16 14:52:17,407 - INFO - Optimal value of theta: 7093.636901619146.
2024-03-16 14:52:17,407 - INFO - Beginning optimization with guess, [2.47044566].
2024-03-16 14:53:20,015 - INFO - Finished optimization with guess, [2.47044566].
2024-03-16 14:53:20,021 - INFO - Best fit parameters: [2.47044566].
2024-03-16 14:53:22,815 - INFO - Maximum log composite likelihood: -5719.303456709824.
2024-03-16 14:53:22,815 - INFO - Optimal value of theta: 7093.636901619146.
2024-03-16 14:53:22,815 - INFO - Beginning optimization with guess, [3.03477204].
2024-03-16 14:54:41,193 - INFO - Finished optimization with guess, [3.03477204].
2024-03-16 14:54:41,199 - INFO - Best fit parameters: [3.03477204].
2024-03-16 14:54:42,638 - INFO - Maximum log composite likelihood: -5719.303456709824.
2024-03-16 14:54:42,638 - INFO - Optimal value of theta: 7093.636901619146.
2024-03-16 14:54:42,638 - INFO - Beginning optimization with guess, [4.03391347].
2024-03-16 14:55:33,880 - INFO - Finished optimization with guess, [4.03391347].
2024-03-16 14:55:33,893 - INFO - Best fit parameters: [4.03391347].
2024-03-16 14:55:36,433 - INFO - Maximum log composite likelihood: -5719.303456709824.
2024-03-16 14:55:36,433 - INFO - Optimal value of theta: 7093.636901619146.
2024-03-16 14:55:36,434 - INFO - Beginning optimization with guess, [5.53836883].
2024-03-16 14:57:00,874 - INFO - Finished optimization with guess, [5.53836883].
2024-03-16 14:57:00,877 - INFO - Best fit parameters: [5.53836883].
2024-03-16 14:57:03,722 - INFO - Maximum log composite likelihood: -5719.303456709824.
2024-03-16 14:57:03,723 - INFO - Optimal value of theta: 7093.636901619146.
2024-03-16 14:57:03,723 - INFO - Beginning optimization with guess, [4.06588768].
2024-03-16 14:57:46,783 - INFO - Finished optimization with guess, [4.06588768].
2024-03-16 14:57:46,784 - INFO - Best fit parameters: [4.06588768].
2024-03-16 14:57:48,050 - INFO - Maximum log composite likelihood: -5719.303456709824.
2024-03-16 14:57:48,050 - INFO - Optimal value of theta: 7093.636901619146.
2024-03-16 14:57:48,050 - INFO - Beginning optimization with guess, [5.12976717].
2024-03-16 14:58:28,124 - INFO - Finished optimization with guess, [5.12976717].
2024-03-16 14:58:28,126 - INFO - Best fit parameters: [5.12976717].
2024-03-16 14:58:29,384 - INFO - Maximum log composite likelihood: -5719.303456709824.
2024-03-16 14:58:29,384 - INFO - Optimal value of theta: 7093.636901619146.
2024-03-16 14:58:29,384 - INFO - Beginning optimization with guess, [4.74062905].
2024-03-16 14:59:09,254 - INFO - Finished optimization with guess, [4.74062905].
2024-03-16 14:59:09,255 - INFO - Best fit parameters: [4.74062905].
2024-03-16 14:59:10,507 - INFO - Maximum log composite likelihood: -5719.303456709824.
2024-03-16 14:59:10,507 - INFO - Optimal value of theta: 7093.636901619146.
2024-03-16 14:59:10,507 - INFO - Beginning optimization with guess, [7.69342345].
2024-03-16 14:59:50,498 - INFO - Finished optimization with guess, [7.69342345].
2024-03-16 14:59:50,503 - INFO - Best fit parameters: [7.69342345].
2024-03-16 14:59:51,818 - INFO - Maximum log composite likelihood: -5719.303456709824.
2024-03-16 14:59:51,818 - INFO - Optimal value of theta: 7093.636901619146.
2024-03-16 14:59:51,819 - INFO - Beginning optimization with guess, [12.61361797].
2024-03-16 15:00:41,536 - INFO - Finished optimization with guess, [12.61361797].
2024-03-16 15:00:41,537 - INFO - Best fit parameters: [12.61361797].
2024-03-16 15:00:43,160 - INFO - Maximum log composite likelihood: -5719.303456709824.
2024-03-16 15:00:43,160 - INFO - Optimal value of theta: 7093.636901619146.
2024-03-16 15:00:43,160 - INFO - Beginning optimization with guess, [4.78275526].
2024-03-16 15:01:31,181 - INFO - Finished optimization with guess, [4.78275526].
2024-03-16 15:01:31,182 - INFO - Best fit parameters: [4.78275526].
2024-03-16 15:01:32,689 - INFO - Maximum log composite likelihood: -5719.303456709824.
2024-03-16 15:01:32,689 - INFO - Optimal value of theta: 7093.636901619146.
2024-03-16 15:01:32,694 - INFO - Finished demographic inference.
2024-03-16 15:01:32,694 - INFO - Pipeline executed succesfully.
