2025-08-05 09:54:44,255 - INFO - Beginning execution of fit_demographic_model.py in directory /u/project/kirk-bigdata/jonmah/sample_size_demography/Scripts

2025-08-05 09:54:44,255 - INFO - Progress is being logged to ../Analysis/dadi_3EpB_640/log.log

2025-08-05 09:54:44,255 - INFO - Parsed the following arguments:
	syn_input_sfs = ../Simulations/dadi_simulations/ThreeEpochBottleneck_640.sfs
	mask_singletons = False
	mask_doubletons = False
	L_syn = 100000000.0
	outprefix = ../Analysis/dadi_3EpB_640/

2025-08-05 09:54:44,278 - INFO - Beginning demographic inference for two-epoch demographic model.
2025-08-05 09:54:44,279 - INFO - Beginning optimization with guess, [0.01, 0.1].
2025-08-05 09:57:58,244 - INFO - Finished optimization with guess, [0.01, 0.1].
2025-08-05 09:57:58,245 - INFO - Best fit parameters: [0.00251189 0.15848932].
2025-08-05 09:58:01,323 - INFO - Maximum log composite likelihood: -76004.84749955735.
2025-08-05 09:58:01,323 - INFO - Optimal value of theta: 13358283.94692614.
2025-08-05 09:58:01,323 - INFO - Beginning optimization with guess, [0.025, 0.1].
2025-08-05 10:01:07,991 - INFO - Finished optimization with guess, [0.025, 0.1].
2025-08-05 10:01:07,992 - INFO - Best fit parameters: [0.00464045 0.30186278].
2025-08-05 10:01:11,005 - INFO - Maximum log composite likelihood: -76004.84750003772.
2025-08-05 10:01:11,005 - INFO - Optimal value of theta: 7230869.9721342465.
2025-08-05 10:01:11,005 - INFO - Beginning optimization with guess, [0.05, 0.1].
2025-08-05 10:03:55,325 - INFO - Finished optimization with guess, [0.05, 0.1].
2025-08-05 10:03:55,326 - INFO - Best fit parameters: [0.00937764 0.34417053].
2025-08-05 10:03:57,746 - INFO - Maximum log composite likelihood: -76004.84749982727.
2025-08-05 10:03:57,746 - INFO - Optimal value of theta: 3578136.7080657403.
2025-08-05 10:03:57,746 - INFO - Beginning optimization with guess, [0.075, 0.1].
2025-08-05 10:06:52,526 - INFO - Finished optimization with guess, [0.075, 0.1].
2025-08-05 10:06:52,527 - INFO - Best fit parameters: [0.01294828 0.64938163].
2025-08-05 10:06:55,226 - INFO - Maximum log composite likelihood: -76004.84749999008.
2025-08-05 10:06:55,226 - INFO - Optimal value of theta: 2591424.0684341406.
2025-08-05 10:06:55,226 - INFO - Beginning optimization with guess, [0.1, 0.1].
2025-08-05 10:14:03,956 - INFO - Finished optimization with guess, [0.1, 0.1].
2025-08-05 10:14:03,957 - INFO - Best fit parameters: [0.0119091 2.0132896].
2025-08-05 10:14:09,584 - INFO - Maximum log composite likelihood: -76004.84749970607.
2025-08-05 10:14:09,584 - INFO - Optimal value of theta: 2817550.8609135975.
2025-08-05 10:14:09,584 - INFO - Beginning optimization with guess, [0.25, 0.1].
2025-08-05 10:15:37,405 - INFO - Finished optimization with guess, [0.25, 0.1].
2025-08-05 10:15:37,406 - INFO - Best fit parameters: [2.34169327e+01 1.98971287e-02].
2025-08-05 10:15:39,203 - INFO - Maximum log composite likelihood: -14419.569027568843.
2025-08-05 10:15:39,203 - INFO - Optimal value of theta: 19673.34626170666.
2025-08-05 10:15:39,203 - INFO - Beginning optimization with guess, [0.5, 0.1].
2025-08-05 10:17:05,072 - INFO - Finished optimization with guess, [0.5, 0.1].
2025-08-05 10:17:05,083 - INFO - Best fit parameters: [2.31010471e+01 1.98089706e-02].
2025-08-05 10:17:06,878 - INFO - Maximum log composite likelihood: -14420.17798983297.
2025-08-05 10:17:06,878 - INFO - Optimal value of theta: 19726.524518718066.
2025-08-05 10:17:06,878 - INFO - Beginning optimization with guess, [0.75, 0.1].
