2025-07-09 17:20:47,904 - INFO - Beginning execution of dadi_simulations.py in directory /u/project/kirk/jonmah/sample_size_demography/Scripts

2025-07-09 17:20:47,904 - INFO - Progress is being logged to ../Simulations/dadi_simulations/10.log

2025-07-09 17:20:47,904 - INFO - Parsed the following arguments:
	sample_size = 10
	outprefix = ../Simulations/dadi_simulations/

2025-07-09 17:20:47,916 - INFO - Finished generating two-epoch contraction.
2025-07-09 17:20:47,926 - INFO - Finished generating two-epoch expansion.
2025-07-09 17:20:47,949 - INFO - Finished generating three-epoch contraction.
2025-07-09 17:20:47,960 - INFO - Finished generating three-epoch expansion.
2025-07-09 17:20:47,979 - INFO - Finished generating three-epoch bottleneck.
2025-07-09 17:20:47,999 - INFO - Finished generating 500-2000 bottleneck.
2025-07-09 17:20:48,018 - INFO - Finished generating 1000-2000 bottleneck.
2025-07-09 17:20:48,037 - INFO - Finished generating 1500-2000 bottleneck.
2025-07-09 17:20:48,059 - INFO - Finished generating 2000-2000 bottleneck.
2025-07-09 17:20:48,080 - INFO - Finished generating 2500-2000 bottleneck.
2025-07-09 17:20:48,092 - INFO - Finished generating 1000-500 bottleneck.
2025-07-09 17:20:48,107 - INFO - Finished generating 1000-1000 bottleneck.
2025-07-09 17:20:48,125 - INFO - Finished generating 1000-1500 bottleneck.
2025-07-09 17:20:48,147 - INFO - Finished generating 1000-2500 bottleneck.
2025-07-09 17:20:48,147 - INFO - Finished generating all demographic scenarios.
2025-07-09 17:20:48,147 - INFO - Pipeline executed succesfully.
