2025-07-23 13:16:31,294 - INFO - Beginning execution of dadi_simulations.py in directory /u/project/kirk/jonmah/sample_size_demography/Scripts

2025-07-23 13:16:31,294 - INFO - Progress is being logged to ../Simulations/dadi_simulations/190.log

2025-07-23 13:16:31,294 - INFO - Parsed the following arguments:
	sample_size = 190
	outprefix = ../Simulations/dadi_simulations/

2025-07-23 13:16:31,391 - INFO - Finished generating two-epoch contraction.
2025-07-23 13:16:31,488 - INFO - Finished generating two-epoch expansion.
2025-07-23 13:16:31,587 - INFO - Finished generating three-epoch contraction.
2025-07-23 13:16:31,684 - INFO - Finished generating three-epoch expansion.
2025-07-23 13:16:31,785 - INFO - Finished generating three-epoch bottleneck.
2025-07-23 13:16:31,884 - INFO - Finished generating 500-2000 bottleneck.
2025-07-23 13:16:31,986 - INFO - Finished generating 1000-2000 bottleneck.
2025-07-23 13:16:32,158 - INFO - Finished generating 1500-2000 bottleneck.
2025-07-23 13:16:32,394 - INFO - Finished generating 2000-2000 bottleneck.
2025-07-23 13:16:32,587 - INFO - Finished generating 2500-2000 bottleneck.
2025-07-23 13:16:32,698 - INFO - Finished generating 1000-500 bottleneck.
2025-07-23 13:16:32,797 - INFO - Finished generating 1000-1000 bottleneck.
2025-07-23 13:16:32,933 - INFO - Finished generating 1000-1500 bottleneck.
2025-07-23 13:16:33,124 - INFO - Finished generating 1000-2500 bottleneck.
2025-07-23 13:16:33,294 - INFO - Finished generating standard neutral model.
2025-07-23 13:16:33,295 - INFO - Finished generating all demographic scenarios.
2025-07-23 13:16:33,295 - INFO - Pipeline executed succesfully.
