2025-07-23 13:15:29,894 - INFO - Beginning execution of dadi_simulations.py in directory /u/project/kirk/jonmah/sample_size_demography/Scripts

2025-07-23 13:15:29,895 - INFO - Progress is being logged to ../Simulations/dadi_simulations/20.log

2025-07-23 13:15:29,895 - INFO - Parsed the following arguments:
	sample_size = 20
	outprefix = ../Simulations/dadi_simulations/

2025-07-23 13:15:29,914 - INFO - Finished generating two-epoch contraction.
2025-07-23 13:15:29,951 - INFO - Finished generating two-epoch expansion.
2025-07-23 13:15:29,969 - INFO - Finished generating three-epoch contraction.
2025-07-23 13:15:29,987 - INFO - Finished generating three-epoch expansion.
2025-07-23 13:15:30,008 - INFO - Finished generating three-epoch bottleneck.
2025-07-23 13:15:30,024 - INFO - Finished generating 500-2000 bottleneck.
2025-07-23 13:15:30,044 - INFO - Finished generating 1000-2000 bottleneck.
2025-07-23 13:15:30,068 - INFO - Finished generating 1500-2000 bottleneck.
2025-07-23 13:15:30,092 - INFO - Finished generating 2000-2000 bottleneck.
2025-07-23 13:15:30,118 - INFO - Finished generating 2500-2000 bottleneck.
2025-07-23 13:15:30,139 - INFO - Finished generating 1000-500 bottleneck.
2025-07-23 13:15:30,159 - INFO - Finished generating 1000-1000 bottleneck.
2025-07-23 13:15:30,186 - INFO - Finished generating 1000-1500 bottleneck.
2025-07-23 13:15:30,205 - INFO - Finished generating 1000-2500 bottleneck.
2025-07-23 13:15:30,220 - INFO - Finished generating standard neutral model.
2025-07-23 13:15:30,220 - INFO - Finished generating all demographic scenarios.
2025-07-23 13:15:30,221 - INFO - Pipeline executed succesfully.
