2025-07-23 13:16:30,606 - INFO - Beginning execution of dadi_simulations.py in directory /u/project/kirk/jonmah/sample_size_demography/Scripts

2025-07-23 13:16:30,606 - INFO - Progress is being logged to ../Simulations/dadi_simulations/200.log

2025-07-23 13:16:30,606 - INFO - Parsed the following arguments:
	sample_size = 200
	outprefix = ../Simulations/dadi_simulations/

2025-07-23 13:16:30,708 - INFO - Finished generating two-epoch contraction.
2025-07-23 13:16:30,811 - INFO - Finished generating two-epoch expansion.
2025-07-23 13:16:30,915 - INFO - Finished generating three-epoch contraction.
2025-07-23 13:16:31,071 - INFO - Finished generating three-epoch expansion.
2025-07-23 13:16:31,254 - INFO - Finished generating three-epoch bottleneck.
2025-07-23 13:16:31,475 - INFO - Finished generating 500-2000 bottleneck.
2025-07-23 13:16:31,637 - INFO - Finished generating 1000-2000 bottleneck.
2025-07-23 13:16:31,835 - INFO - Finished generating 1500-2000 bottleneck.
2025-07-23 13:16:31,952 - INFO - Finished generating 2000-2000 bottleneck.
2025-07-23 13:16:32,062 - INFO - Finished generating 2500-2000 bottleneck.
2025-07-23 13:16:32,169 - INFO - Finished generating 1000-500 bottleneck.
2025-07-23 13:16:32,279 - INFO - Finished generating 1000-1000 bottleneck.
2025-07-23 13:16:32,384 - INFO - Finished generating 1000-1500 bottleneck.
2025-07-23 13:16:32,488 - INFO - Finished generating 1000-2500 bottleneck.
2025-07-23 13:16:32,592 - INFO - Finished generating standard neutral model.
2025-07-23 13:16:32,593 - INFO - Finished generating all demographic scenarios.
2025-07-23 13:16:32,593 - INFO - Pipeline executed succesfully.
