2025-07-15 12:34:27,982 - INFO - Beginning execution of dadi_simulations.py in directory /u/project/kirk/jonmah/sample_size_demography/Scripts

2025-07-15 12:34:27,982 - INFO - Progress is being logged to ../Simulations/dadi_simulations/21.log

2025-07-15 12:34:27,982 - INFO - Parsed the following arguments:
	sample_size = 21
	outprefix = ../Simulations/dadi_simulations/

2025-07-15 12:34:27,994 - INFO - Finished generating two-epoch contraction.
2025-07-15 12:34:28,004 - INFO - Finished generating two-epoch expansion.
2025-07-15 12:34:28,016 - INFO - Finished generating three-epoch contraction.
2025-07-15 12:34:28,027 - INFO - Finished generating three-epoch expansion.
2025-07-15 12:34:28,041 - INFO - Finished generating three-epoch bottleneck.
2025-07-15 12:34:28,056 - INFO - Finished generating 500-2000 bottleneck.
2025-07-15 12:34:28,070 - INFO - Finished generating 1000-2000 bottleneck.
2025-07-15 12:34:28,085 - INFO - Finished generating 1500-2000 bottleneck.
2025-07-15 12:34:28,100 - INFO - Finished generating 2000-2000 bottleneck.
2025-07-15 12:34:28,115 - INFO - Finished generating 2500-2000 bottleneck.
2025-07-15 12:34:28,126 - INFO - Finished generating 1000-500 bottleneck.
2025-07-15 12:34:28,138 - INFO - Finished generating 1000-1000 bottleneck.
2025-07-15 12:34:28,152 - INFO - Finished generating 1000-1500 bottleneck.
2025-07-15 12:34:28,168 - INFO - Finished generating 1000-2500 bottleneck.
2025-07-15 12:34:28,178 - INFO - Finished generating standard neutral model.
2025-07-15 12:34:28,179 - INFO - Finished generating all demographic scenarios.
2025-07-15 12:34:28,179 - INFO - Pipeline executed succesfully.
