2025-07-15 12:34:29,210 - INFO - Beginning execution of dadi_simulations.py in directory /u/project/kirk/jonmah/sample_size_demography/Scripts

2025-07-15 12:34:29,211 - INFO - Progress is being logged to ../Simulations/dadi_simulations/23.log

2025-07-15 12:34:29,211 - INFO - Parsed the following arguments:
	sample_size = 23
	outprefix = ../Simulations/dadi_simulations/

2025-07-15 12:34:29,232 - INFO - Finished generating two-epoch contraction.
2025-07-15 12:34:29,255 - INFO - Finished generating two-epoch expansion.
2025-07-15 12:34:29,282 - INFO - Finished generating three-epoch contraction.
2025-07-15 12:34:29,305 - INFO - Finished generating three-epoch expansion.
2025-07-15 12:34:29,337 - INFO - Finished generating three-epoch bottleneck.
2025-07-15 12:34:29,368 - INFO - Finished generating 500-2000 bottleneck.
2025-07-15 12:34:29,401 - INFO - Finished generating 1000-2000 bottleneck.
2025-07-15 12:34:29,432 - INFO - Finished generating 1500-2000 bottleneck.
2025-07-15 12:34:29,464 - INFO - Finished generating 2000-2000 bottleneck.
2025-07-15 12:34:29,497 - INFO - Finished generating 2500-2000 bottleneck.
2025-07-15 12:34:29,521 - INFO - Finished generating 1000-500 bottleneck.
2025-07-15 12:34:29,547 - INFO - Finished generating 1000-1000 bottleneck.
2025-07-15 12:34:29,579 - INFO - Finished generating 1000-1500 bottleneck.
2025-07-15 12:34:29,613 - INFO - Finished generating 1000-2500 bottleneck.
2025-07-15 12:34:29,635 - INFO - Finished generating standard neutral model.
2025-07-15 12:34:29,636 - INFO - Finished generating all demographic scenarios.
2025-07-15 12:34:29,636 - INFO - Pipeline executed succesfully.
