2025-07-17 17:52:09,798 - INFO - Beginning execution of dadi_simulations.py in directory /u/project/kirk/jonmah/sample_size_demography/Scripts

2025-07-17 17:52:09,798 - INFO - Progress is being logged to ../Simulations/dadi_simulations/240.log

2025-07-17 17:52:09,798 - INFO - Parsed the following arguments:
	sample_size = 240
	outprefix = ../Simulations/dadi_simulations/

2025-07-17 17:52:09,929 - INFO - Finished generating two-epoch contraction.
2025-07-17 17:52:10,059 - INFO - Finished generating two-epoch expansion.
2025-07-17 17:52:10,191 - INFO - Finished generating three-epoch contraction.
2025-07-17 17:52:10,321 - INFO - Finished generating three-epoch expansion.
2025-07-17 17:52:10,475 - INFO - Finished generating three-epoch bottleneck.
2025-07-17 17:52:10,611 - INFO - Finished generating 500-2000 bottleneck.
2025-07-17 17:52:10,746 - INFO - Finished generating 1000-2000 bottleneck.
2025-07-17 17:52:10,882 - INFO - Finished generating 1500-2000 bottleneck.
2025-07-17 17:52:11,019 - INFO - Finished generating 2000-2000 bottleneck.
2025-07-17 17:52:11,157 - INFO - Finished generating 2500-2000 bottleneck.
2025-07-17 17:52:11,290 - INFO - Finished generating 1000-500 bottleneck.
2025-07-17 17:52:11,425 - INFO - Finished generating 1000-1000 bottleneck.
2025-07-17 17:52:11,560 - INFO - Finished generating 1000-1500 bottleneck.
2025-07-17 17:52:11,696 - INFO - Finished generating 1000-2500 bottleneck.
2025-07-17 17:52:11,827 - INFO - Finished generating standard neutral model.
2025-07-17 17:52:11,827 - INFO - Finished generating all demographic scenarios.
2025-07-17 17:52:11,827 - INFO - Pipeline executed succesfully.
