2025-07-17 17:36:34,010 - INFO - Beginning execution of dadi_simulations.py in directory /u/project/kirk/jonmah/sample_size_demography/Scripts

2025-07-17 17:36:34,011 - INFO - Progress is being logged to ../Simulations/dadi_simulations/25.log

2025-07-17 17:36:34,011 - INFO - Parsed the following arguments:
	sample_size = 25
	outprefix = ../Simulations/dadi_simulations/

2025-07-17 17:36:34,025 - INFO - Finished generating two-epoch contraction.
2025-07-17 17:36:34,039 - INFO - Finished generating two-epoch expansion.
2025-07-17 17:36:34,055 - INFO - Finished generating three-epoch contraction.
2025-07-17 17:36:34,070 - INFO - Finished generating three-epoch expansion.
2025-07-17 17:36:34,089 - INFO - Finished generating three-epoch bottleneck.
2025-07-17 17:36:34,108 - INFO - Finished generating 500-2000 bottleneck.
2025-07-17 17:36:34,126 - INFO - Finished generating 1000-2000 bottleneck.
2025-07-17 17:36:34,146 - INFO - Finished generating 1500-2000 bottleneck.
2025-07-17 17:36:34,166 - INFO - Finished generating 2000-2000 bottleneck.
2025-07-17 17:36:34,185 - INFO - Finished generating 2500-2000 bottleneck.
2025-07-17 17:36:34,201 - INFO - Finished generating 1000-500 bottleneck.
2025-07-17 17:36:34,218 - INFO - Finished generating 1000-1000 bottleneck.
2025-07-17 17:36:34,237 - INFO - Finished generating 1000-1500 bottleneck.
2025-07-17 17:36:34,257 - INFO - Finished generating 1000-2500 bottleneck.
2025-07-17 17:36:34,271 - INFO - Finished generating standard neutral model.
2025-07-17 17:36:34,272 - INFO - Finished generating all demographic scenarios.
2025-07-17 17:36:34,273 - INFO - Pipeline executed succesfully.
