2025-07-15 12:34:33,035 - INFO - Beginning execution of dadi_simulations.py in directory /u/project/kirk/jonmah/sample_size_demography/Scripts

2025-07-15 12:34:33,036 - INFO - Progress is being logged to ../Simulations/dadi_simulations/27.log

2025-07-15 12:34:33,036 - INFO - Parsed the following arguments:
	sample_size = 27
	outprefix = ../Simulations/dadi_simulations/

2025-07-15 12:34:33,065 - INFO - Finished generating two-epoch contraction.
2025-07-15 12:34:33,090 - INFO - Finished generating two-epoch expansion.
2025-07-15 12:34:33,125 - INFO - Finished generating three-epoch contraction.
2025-07-15 12:34:33,151 - INFO - Finished generating three-epoch expansion.
2025-07-15 12:34:33,187 - INFO - Finished generating three-epoch bottleneck.
2025-07-15 12:34:33,223 - INFO - Finished generating 500-2000 bottleneck.
2025-07-15 12:34:33,263 - INFO - Finished generating 1000-2000 bottleneck.
2025-07-15 12:34:33,298 - INFO - Finished generating 1500-2000 bottleneck.
2025-07-15 12:34:33,335 - INFO - Finished generating 2000-2000 bottleneck.
2025-07-15 12:34:33,371 - INFO - Finished generating 2500-2000 bottleneck.
2025-07-15 12:34:33,401 - INFO - Finished generating 1000-500 bottleneck.
2025-07-15 12:34:33,432 - INFO - Finished generating 1000-1000 bottleneck.
2025-07-15 12:34:33,464 - INFO - Finished generating 1000-1500 bottleneck.
2025-07-15 12:34:33,503 - INFO - Finished generating 1000-2500 bottleneck.
2025-07-15 12:34:33,528 - INFO - Finished generating standard neutral model.
2025-07-15 12:34:33,529 - INFO - Finished generating all demographic scenarios.
2025-07-15 12:34:33,529 - INFO - Pipeline executed succesfully.
