2025-07-23 13:16:59,014 - INFO - Beginning execution of dadi_simulations.py in directory /u/project/kirk/jonmah/sample_size_demography/Scripts

2025-07-23 13:16:59,014 - INFO - Progress is being logged to ../Simulations/dadi_simulations/270.log

2025-07-23 13:16:59,014 - INFO - Parsed the following arguments:
	sample_size = 270
	outprefix = ../Simulations/dadi_simulations/

2025-07-23 13:16:59,250 - INFO - Finished generating two-epoch contraction.
2025-07-23 13:16:59,391 - INFO - Finished generating two-epoch expansion.
2025-07-23 13:16:59,524 - INFO - Finished generating three-epoch contraction.
2025-07-23 13:16:59,653 - INFO - Finished generating three-epoch expansion.
2025-07-23 13:16:59,792 - INFO - Finished generating three-epoch bottleneck.
2025-07-23 13:16:59,927 - INFO - Finished generating 500-2000 bottleneck.
2025-07-23 13:17:00,061 - INFO - Finished generating 1000-2000 bottleneck.
2025-07-23 13:17:00,201 - INFO - Finished generating 1500-2000 bottleneck.
2025-07-23 13:17:00,339 - INFO - Finished generating 2000-2000 bottleneck.
2025-07-23 13:17:00,476 - INFO - Finished generating 2500-2000 bottleneck.
2025-07-23 13:17:00,611 - INFO - Finished generating 1000-500 bottleneck.
2025-07-23 13:17:00,750 - INFO - Finished generating 1000-1000 bottleneck.
2025-07-23 13:17:00,962 - INFO - Finished generating 1000-1500 bottleneck.
2025-07-23 13:17:01,110 - INFO - Finished generating 1000-2500 bottleneck.
2025-07-23 13:17:01,240 - INFO - Finished generating standard neutral model.
2025-07-23 13:17:01,241 - INFO - Finished generating all demographic scenarios.
2025-07-23 13:17:01,241 - INFO - Pipeline executed succesfully.
