2025-07-17 17:36:48,101 - INFO - Beginning execution of dadi_simulations.py in directory /u/project/kirk/jonmah/sample_size_demography/Scripts

2025-07-17 17:36:48,103 - INFO - Progress is being logged to ../Simulations/dadi_simulations/29.log

2025-07-17 17:36:48,103 - INFO - Parsed the following arguments:
	sample_size = 29
	outprefix = ../Simulations/dadi_simulations/

2025-07-17 17:36:48,134 - INFO - Finished generating two-epoch contraction.
2025-07-17 17:36:48,165 - INFO - Finished generating two-epoch expansion.
2025-07-17 17:36:48,196 - INFO - Finished generating three-epoch contraction.
2025-07-17 17:36:48,226 - INFO - Finished generating three-epoch expansion.
2025-07-17 17:36:48,264 - INFO - Finished generating three-epoch bottleneck.
2025-07-17 17:36:48,308 - INFO - Finished generating 500-2000 bottleneck.
2025-07-17 17:36:48,348 - INFO - Finished generating 1000-2000 bottleneck.
2025-07-17 17:36:48,388 - INFO - Finished generating 1500-2000 bottleneck.
2025-07-17 17:36:48,427 - INFO - Finished generating 2000-2000 bottleneck.
2025-07-17 17:36:48,466 - INFO - Finished generating 2500-2000 bottleneck.
2025-07-17 17:36:48,501 - INFO - Finished generating 1000-500 bottleneck.
2025-07-17 17:36:48,541 - INFO - Finished generating 1000-1000 bottleneck.
2025-07-17 17:36:48,593 - INFO - Finished generating 1000-1500 bottleneck.
2025-07-17 17:36:48,633 - INFO - Finished generating 1000-2500 bottleneck.
2025-07-17 17:36:48,665 - INFO - Finished generating standard neutral model.
2025-07-17 17:36:48,667 - INFO - Finished generating all demographic scenarios.
2025-07-17 17:36:48,667 - INFO - Pipeline executed succesfully.
