2025-07-17 17:36:33,159 - INFO - Beginning execution of dadi_simulations.py in directory /u/project/kirk/jonmah/sample_size_demography/Scripts

2025-07-17 17:36:33,160 - INFO - Progress is being logged to ../Simulations/dadi_simulations/30.log

2025-07-17 17:36:33,160 - INFO - Parsed the following arguments:
	sample_size = 30
	outprefix = ../Simulations/dadi_simulations/

2025-07-17 17:36:33,179 - INFO - Finished generating two-epoch contraction.
2025-07-17 17:36:33,198 - INFO - Finished generating two-epoch expansion.
2025-07-17 17:36:33,218 - INFO - Finished generating three-epoch contraction.
2025-07-17 17:36:33,238 - INFO - Finished generating three-epoch expansion.
2025-07-17 17:36:33,261 - INFO - Finished generating three-epoch bottleneck.
2025-07-17 17:36:33,285 - INFO - Finished generating 500-2000 bottleneck.
2025-07-17 17:36:33,309 - INFO - Finished generating 1000-2000 bottleneck.
2025-07-17 17:36:33,334 - INFO - Finished generating 1500-2000 bottleneck.
2025-07-17 17:36:33,357 - INFO - Finished generating 2000-2000 bottleneck.
2025-07-17 17:36:33,381 - INFO - Finished generating 2500-2000 bottleneck.
2025-07-17 17:36:33,401 - INFO - Finished generating 1000-500 bottleneck.
2025-07-17 17:36:33,422 - INFO - Finished generating 1000-1000 bottleneck.
2025-07-17 17:36:33,445 - INFO - Finished generating 1000-1500 bottleneck.
2025-07-17 17:36:33,471 - INFO - Finished generating 1000-2500 bottleneck.
2025-07-17 17:36:33,490 - INFO - Finished generating standard neutral model.
2025-07-17 17:36:33,490 - INFO - Finished generating all demographic scenarios.
2025-07-17 17:36:33,490 - INFO - Pipeline executed succesfully.
