2025-07-09 17:20:52,408 - INFO - Beginning execution of dadi_simulations.py in directory /u/project/kirk/jonmah/sample_size_demography/Scripts

2025-07-09 17:20:52,408 - INFO - Progress is being logged to ../Simulations/dadi_simulations/310.log

2025-07-09 17:20:52,408 - INFO - Parsed the following arguments:
	sample_size = 310
	outprefix = ../Simulations/dadi_simulations/

2025-07-09 17:20:52,723 - INFO - Finished generating two-epoch contraction.
2025-07-09 17:20:53,048 - INFO - Finished generating two-epoch expansion.
2025-07-09 17:20:53,374 - INFO - Finished generating three-epoch contraction.
2025-07-09 17:20:53,683 - INFO - Finished generating three-epoch expansion.
2025-07-09 17:20:54,007 - INFO - Finished generating three-epoch bottleneck.
2025-07-09 17:20:54,321 - INFO - Finished generating 500-2000 bottleneck.
2025-07-09 17:20:54,657 - INFO - Finished generating 1000-2000 bottleneck.
2025-07-09 17:20:54,977 - INFO - Finished generating 1500-2000 bottleneck.
2025-07-09 17:20:55,317 - INFO - Finished generating 2000-2000 bottleneck.
2025-07-09 17:20:55,649 - INFO - Finished generating 2500-2000 bottleneck.
2025-07-09 17:20:55,963 - INFO - Finished generating 1000-500 bottleneck.
2025-07-09 17:20:56,287 - INFO - Finished generating 1000-1000 bottleneck.
2025-07-09 17:20:56,604 - INFO - Finished generating 1000-1500 bottleneck.
2025-07-09 17:20:56,944 - INFO - Finished generating 1000-2500 bottleneck.
2025-07-09 17:20:56,945 - INFO - Finished generating all demographic scenarios.
2025-07-09 17:20:56,945 - INFO - Pipeline executed succesfully.
