2025-07-17 17:52:12,446 - INFO - Beginning execution of dadi_simulations.py in directory /u/project/kirk/jonmah/sample_size_demography/Scripts

2025-07-17 17:52:12,446 - INFO - Progress is being logged to ../Simulations/dadi_simulations/330.log

2025-07-17 17:52:12,446 - INFO - Parsed the following arguments:
	sample_size = 330
	outprefix = ../Simulations/dadi_simulations/

2025-07-17 17:52:12,753 - INFO - Finished generating two-epoch contraction.
2025-07-17 17:52:13,075 - INFO - Finished generating two-epoch expansion.
2025-07-17 17:52:13,365 - INFO - Finished generating three-epoch contraction.
2025-07-17 17:52:13,650 - INFO - Finished generating three-epoch expansion.
2025-07-17 17:52:13,844 - INFO - Finished generating three-epoch bottleneck.
2025-07-17 17:52:14,039 - INFO - Finished generating 500-2000 bottleneck.
2025-07-17 17:52:14,303 - INFO - Finished generating 1000-2000 bottleneck.
2025-07-17 17:52:14,501 - INFO - Finished generating 1500-2000 bottleneck.
2025-07-17 17:52:14,696 - INFO - Finished generating 2000-2000 bottleneck.
2025-07-17 17:52:14,978 - INFO - Finished generating 2500-2000 bottleneck.
2025-07-17 17:52:15,218 - INFO - Finished generating 1000-500 bottleneck.
2025-07-17 17:52:15,410 - INFO - Finished generating 1000-1000 bottleneck.
2025-07-17 17:52:15,613 - INFO - Finished generating 1000-1500 bottleneck.
2025-07-17 17:52:15,900 - INFO - Finished generating 1000-2500 bottleneck.
2025-07-17 17:52:16,128 - INFO - Finished generating standard neutral model.
2025-07-17 17:52:16,129 - INFO - Finished generating all demographic scenarios.
2025-07-17 17:52:16,129 - INFO - Pipeline executed succesfully.
