2025-07-17 17:52:20,970 - INFO - Beginning execution of dadi_simulations.py in directory /u/project/kirk/jonmah/sample_size_demography/Scripts

2025-07-17 17:52:20,970 - INFO - Progress is being logged to ../Simulations/dadi_simulations/350.log

2025-07-17 17:52:20,970 - INFO - Parsed the following arguments:
	sample_size = 350
	outprefix = ../Simulations/dadi_simulations/

2025-07-17 17:52:21,245 - INFO - Finished generating two-epoch contraction.
2025-07-17 17:52:21,524 - INFO - Finished generating two-epoch expansion.
2025-07-17 17:52:21,788 - INFO - Finished generating three-epoch contraction.
2025-07-17 17:52:22,037 - INFO - Finished generating three-epoch expansion.
2025-07-17 17:52:22,310 - INFO - Finished generating three-epoch bottleneck.
2025-07-17 17:52:22,566 - INFO - Finished generating 500-2000 bottleneck.
2025-07-17 17:52:22,831 - INFO - Finished generating 1000-2000 bottleneck.
2025-07-17 17:52:23,097 - INFO - Finished generating 1500-2000 bottleneck.
2025-07-17 17:52:23,350 - INFO - Finished generating 2000-2000 bottleneck.
2025-07-17 17:52:23,604 - INFO - Finished generating 2500-2000 bottleneck.
2025-07-17 17:52:23,854 - INFO - Finished generating 1000-500 bottleneck.
2025-07-17 17:52:24,105 - INFO - Finished generating 1000-1000 bottleneck.
2025-07-17 17:52:24,358 - INFO - Finished generating 1000-1500 bottleneck.
2025-07-17 17:52:24,612 - INFO - Finished generating 1000-2500 bottleneck.
2025-07-17 17:52:24,859 - INFO - Finished generating standard neutral model.
2025-07-17 17:52:24,861 - INFO - Finished generating all demographic scenarios.
2025-07-17 17:52:24,861 - INFO - Pipeline executed succesfully.
