2025-07-09 17:20:49,587 - INFO - Beginning execution of dadi_simulations.py in directory /u/project/kirk/jonmah/sample_size_demography/Scripts

2025-07-09 17:20:49,588 - INFO - Progress is being logged to ../Simulations/dadi_simulations/370.log

2025-07-09 17:20:49,588 - INFO - Parsed the following arguments:
	sample_size = 370
	outprefix = ../Simulations/dadi_simulations/

2025-07-09 17:20:49,833 - INFO - Finished generating two-epoch contraction.
2025-07-09 17:20:50,127 - INFO - Finished generating two-epoch expansion.
2025-07-09 17:20:50,354 - INFO - Finished generating three-epoch contraction.
2025-07-09 17:20:50,618 - INFO - Finished generating three-epoch expansion.
2025-07-09 17:20:50,816 - INFO - Finished generating three-epoch bottleneck.
2025-07-09 17:20:51,392 - INFO - Finished generating 500-2000 bottleneck.
2025-07-09 17:20:51,593 - INFO - Finished generating 1000-2000 bottleneck.
2025-07-09 17:20:51,791 - INFO - Finished generating 1500-2000 bottleneck.
2025-07-09 17:20:51,992 - INFO - Finished generating 2000-2000 bottleneck.
2025-07-09 17:20:52,192 - INFO - Finished generating 2500-2000 bottleneck.
2025-07-09 17:20:52,387 - INFO - Finished generating 1000-500 bottleneck.
2025-07-09 17:20:52,582 - INFO - Finished generating 1000-1000 bottleneck.
2025-07-09 17:20:52,781 - INFO - Finished generating 1000-1500 bottleneck.
2025-07-09 17:20:52,978 - INFO - Finished generating 1000-2500 bottleneck.
2025-07-09 17:20:52,979 - INFO - Finished generating all demographic scenarios.
2025-07-09 17:20:52,979 - INFO - Pipeline executed succesfully.
