2025-07-23 13:17:57,938 - INFO - Beginning execution of dadi_simulations.py in directory /u/project/kirk/jonmah/sample_size_demography/Scripts

2025-07-23 13:17:57,938 - INFO - Progress is being logged to ../Simulations/dadi_simulations/420.log

2025-07-23 13:17:57,938 - INFO - Parsed the following arguments:
	sample_size = 420
	outprefix = ../Simulations/dadi_simulations/

2025-07-23 13:17:58,155 - INFO - Finished generating two-epoch contraction.
2025-07-23 13:17:58,471 - INFO - Finished generating two-epoch expansion.
2025-07-23 13:17:58,684 - INFO - Finished generating three-epoch contraction.
2025-07-23 13:17:58,896 - INFO - Finished generating three-epoch expansion.
2025-07-23 13:17:59,112 - INFO - Finished generating three-epoch bottleneck.
2025-07-23 13:17:59,325 - INFO - Finished generating 500-2000 bottleneck.
2025-07-23 13:17:59,543 - INFO - Finished generating 1000-2000 bottleneck.
2025-07-23 13:17:59,763 - INFO - Finished generating 1500-2000 bottleneck.
2025-07-23 13:17:59,980 - INFO - Finished generating 2000-2000 bottleneck.
2025-07-23 13:18:00,197 - INFO - Finished generating 2500-2000 bottleneck.
2025-07-23 13:18:00,411 - INFO - Finished generating 1000-500 bottleneck.
2025-07-23 13:18:00,716 - INFO - Finished generating 1000-1000 bottleneck.
2025-07-23 13:18:01,030 - INFO - Finished generating 1000-1500 bottleneck.
2025-07-23 13:18:01,247 - INFO - Finished generating 1000-2500 bottleneck.
2025-07-23 13:18:01,454 - INFO - Finished generating standard neutral model.
2025-07-23 13:18:01,455 - INFO - Finished generating all demographic scenarios.
2025-07-23 13:18:01,455 - INFO - Pipeline executed succesfully.
