2025-07-09 17:20:50,538 - INFO - Beginning execution of dadi_simulations.py in directory /u/project/kirk/jonmah/sample_size_demography/Scripts

2025-07-09 17:20:50,540 - INFO - Progress is being logged to ../Simulations/dadi_simulations/450.log

2025-07-09 17:20:50,540 - INFO - Parsed the following arguments:
	sample_size = 450
	outprefix = ../Simulations/dadi_simulations/

2025-07-09 17:20:50,908 - INFO - Finished generating two-epoch contraction.
2025-07-09 17:20:51,265 - INFO - Finished generating two-epoch expansion.
2025-07-09 17:20:51,637 - INFO - Finished generating three-epoch contraction.
2025-07-09 17:20:52,005 - INFO - Finished generating three-epoch expansion.
2025-07-09 17:20:52,378 - INFO - Finished generating three-epoch bottleneck.
2025-07-09 17:20:52,751 - INFO - Finished generating 500-2000 bottleneck.
2025-07-09 17:20:53,125 - INFO - Finished generating 1000-2000 bottleneck.
2025-07-09 17:20:53,502 - INFO - Finished generating 1500-2000 bottleneck.
2025-07-09 17:20:53,932 - INFO - Finished generating 2000-2000 bottleneck.
2025-07-09 17:20:54,365 - INFO - Finished generating 2500-2000 bottleneck.
2025-07-09 17:20:54,770 - INFO - Finished generating 1000-500 bottleneck.
2025-07-09 17:20:55,179 - INFO - Finished generating 1000-1000 bottleneck.
2025-07-09 17:20:55,584 - INFO - Finished generating 1000-1500 bottleneck.
2025-07-09 17:20:56,010 - INFO - Finished generating 1000-2500 bottleneck.
2025-07-09 17:20:56,011 - INFO - Finished generating all demographic scenarios.
2025-07-09 17:20:56,011 - INFO - Pipeline executed succesfully.
