2025-07-17 17:52:24,400 - INFO - Beginning execution of dadi_simulations.py in directory /u/project/kirk/jonmah/sample_size_demography/Scripts

2025-07-17 17:52:24,400 - INFO - Progress is being logged to ../Simulations/dadi_simulations/480.log

2025-07-17 17:52:24,400 - INFO - Parsed the following arguments:
	sample_size = 480
	outprefix = ../Simulations/dadi_simulations/

2025-07-17 17:52:24,650 - INFO - Finished generating two-epoch contraction.
2025-07-17 17:52:24,892 - INFO - Finished generating two-epoch expansion.
2025-07-17 17:52:25,135 - INFO - Finished generating three-epoch contraction.
2025-07-17 17:52:25,377 - INFO - Finished generating three-epoch expansion.
2025-07-17 17:52:25,624 - INFO - Finished generating three-epoch bottleneck.
2025-07-17 17:52:25,872 - INFO - Finished generating 500-2000 bottleneck.
2025-07-17 17:52:26,122 - INFO - Finished generating 1000-2000 bottleneck.
2025-07-17 17:52:26,369 - INFO - Finished generating 1500-2000 bottleneck.
2025-07-17 17:52:26,616 - INFO - Finished generating 2000-2000 bottleneck.
2025-07-17 17:52:26,864 - INFO - Finished generating 2500-2000 bottleneck.
2025-07-17 17:52:27,108 - INFO - Finished generating 1000-500 bottleneck.
2025-07-17 17:52:27,352 - INFO - Finished generating 1000-1000 bottleneck.
2025-07-17 17:52:27,599 - INFO - Finished generating 1000-1500 bottleneck.
2025-07-17 17:52:27,848 - INFO - Finished generating 1000-2500 bottleneck.
2025-07-17 17:52:28,094 - INFO - Finished generating standard neutral model.
2025-07-17 17:52:28,095 - INFO - Finished generating all demographic scenarios.
2025-07-17 17:52:28,095 - INFO - Pipeline executed succesfully.
