2025-07-09 17:20:50,035 - INFO - Beginning execution of dadi_simulations.py in directory /u/project/kirk/jonmah/sample_size_demography/Scripts

2025-07-09 17:20:50,036 - INFO - Progress is being logged to ../Simulations/dadi_simulations/50.log

2025-07-09 17:20:50,036 - INFO - Parsed the following arguments:
	sample_size = 50
	outprefix = ../Simulations/dadi_simulations/

2025-07-09 17:20:50,093 - INFO - Finished generating two-epoch contraction.
2025-07-09 17:20:50,147 - INFO - Finished generating two-epoch expansion.
2025-07-09 17:20:50,209 - INFO - Finished generating three-epoch contraction.
2025-07-09 17:20:50,263 - INFO - Finished generating three-epoch expansion.
2025-07-09 17:20:50,323 - INFO - Finished generating three-epoch bottleneck.
2025-07-09 17:20:50,388 - INFO - Finished generating 500-2000 bottleneck.
2025-07-09 17:20:50,450 - INFO - Finished generating 1000-2000 bottleneck.
2025-07-09 17:20:50,511 - INFO - Finished generating 1500-2000 bottleneck.
2025-07-09 17:20:50,572 - INFO - Finished generating 2000-2000 bottleneck.
2025-07-09 17:20:50,636 - INFO - Finished generating 2500-2000 bottleneck.
2025-07-09 17:20:50,692 - INFO - Finished generating 1000-500 bottleneck.
2025-07-09 17:20:50,749 - INFO - Finished generating 1000-1000 bottleneck.
2025-07-09 17:20:50,809 - INFO - Finished generating 1000-1500 bottleneck.
2025-07-09 17:20:51,078 - INFO - Finished generating 1000-2500 bottleneck.
2025-07-09 17:20:51,079 - INFO - Finished generating all demographic scenarios.
2025-07-09 17:20:51,079 - INFO - Pipeline executed succesfully.
