2025-07-09 17:20:49,781 - INFO - Beginning execution of dadi_simulations.py in directory /u/project/kirk/jonmah/sample_size_demography/Scripts

2025-07-09 17:20:49,781 - INFO - Progress is being logged to ../Simulations/dadi_simulations/550.log

2025-07-09 17:20:49,781 - INFO - Parsed the following arguments:
	sample_size = 550
	outprefix = ../Simulations/dadi_simulations/

2025-07-09 17:20:50,046 - INFO - Finished generating two-epoch contraction.
2025-07-09 17:20:50,311 - INFO - Finished generating two-epoch expansion.
2025-07-09 17:20:50,579 - INFO - Finished generating three-epoch contraction.
2025-07-09 17:20:50,850 - INFO - Finished generating three-epoch expansion.
2025-07-09 17:20:51,127 - INFO - Finished generating three-epoch bottleneck.
2025-07-09 17:20:51,398 - INFO - Finished generating 500-2000 bottleneck.
2025-07-09 17:20:51,670 - INFO - Finished generating 1000-2000 bottleneck.
2025-07-09 17:20:51,941 - INFO - Finished generating 1500-2000 bottleneck.
2025-07-09 17:20:52,211 - INFO - Finished generating 2000-2000 bottleneck.
2025-07-09 17:20:52,479 - INFO - Finished generating 2500-2000 bottleneck.
2025-07-09 17:20:52,745 - INFO - Finished generating 1000-500 bottleneck.
2025-07-09 17:20:53,011 - INFO - Finished generating 1000-1000 bottleneck.
2025-07-09 17:20:53,280 - INFO - Finished generating 1000-1500 bottleneck.
2025-07-09 17:20:53,551 - INFO - Finished generating 1000-2500 bottleneck.
2025-07-09 17:20:53,552 - INFO - Finished generating all demographic scenarios.
2025-07-09 17:20:53,552 - INFO - Pipeline executed succesfully.
