2025-07-17 17:52:14,813 - INFO - Beginning execution of dadi_simulations.py in directory /u/project/kirk/jonmah/sample_size_demography/Scripts

2025-07-17 17:52:14,813 - INFO - Progress is being logged to ../Simulations/dadi_simulations/570.log

2025-07-17 17:52:14,813 - INFO - Parsed the following arguments:
	sample_size = 570
	outprefix = ../Simulations/dadi_simulations/

2025-07-17 17:52:15,089 - INFO - Finished generating two-epoch contraction.
2025-07-17 17:52:15,365 - INFO - Finished generating two-epoch expansion.
2025-07-17 17:52:15,642 - INFO - Finished generating three-epoch contraction.
2025-07-17 17:52:15,918 - INFO - Finished generating three-epoch expansion.
2025-07-17 17:52:16,197 - INFO - Finished generating three-epoch bottleneck.
2025-07-17 17:52:16,479 - INFO - Finished generating 500-2000 bottleneck.
2025-07-17 17:52:16,759 - INFO - Finished generating 1000-2000 bottleneck.
2025-07-17 17:52:17,040 - INFO - Finished generating 1500-2000 bottleneck.
2025-07-17 17:52:17,319 - INFO - Finished generating 2000-2000 bottleneck.
2025-07-17 17:52:17,600 - INFO - Finished generating 2500-2000 bottleneck.
2025-07-17 17:52:17,876 - INFO - Finished generating 1000-500 bottleneck.
2025-07-17 17:52:18,154 - INFO - Finished generating 1000-1000 bottleneck.
2025-07-17 17:52:18,434 - INFO - Finished generating 1000-1500 bottleneck.
2025-07-17 17:52:18,715 - INFO - Finished generating 1000-2500 bottleneck.
2025-07-17 17:52:18,997 - INFO - Finished generating standard neutral model.
2025-07-17 17:52:18,997 - INFO - Finished generating all demographic scenarios.
2025-07-17 17:52:18,997 - INFO - Pipeline executed succesfully.
