2025-07-17 17:52:59,680 - INFO - Beginning execution of dadi_simulations.py in directory /u/project/kirk/jonmah/sample_size_demography/Scripts

2025-07-17 17:52:59,681 - INFO - Progress is being logged to ../Simulations/dadi_simulations/630.log

2025-07-17 17:52:59,681 - INFO - Parsed the following arguments:
	sample_size = 630
	outprefix = ../Simulations/dadi_simulations/

2025-07-17 17:53:00,057 - INFO - Finished generating two-epoch contraction.
2025-07-17 17:53:00,369 - INFO - Finished generating two-epoch expansion.
2025-07-17 17:53:00,765 - INFO - Finished generating three-epoch contraction.
2025-07-17 17:53:01,057 - INFO - Finished generating three-epoch expansion.
2025-07-17 17:53:01,351 - INFO - Finished generating three-epoch bottleneck.
2025-07-17 17:53:01,731 - INFO - Finished generating 500-2000 bottleneck.
2025-07-17 17:53:02,142 - INFO - Finished generating 1000-2000 bottleneck.
2025-07-17 17:53:02,443 - INFO - Finished generating 1500-2000 bottleneck.
2025-07-17 17:53:02,747 - INFO - Finished generating 2000-2000 bottleneck.
2025-07-17 17:53:03,056 - INFO - Finished generating 2500-2000 bottleneck.
2025-07-17 17:53:03,347 - INFO - Finished generating 1000-500 bottleneck.
2025-07-17 17:53:03,639 - INFO - Finished generating 1000-1000 bottleneck.
2025-07-17 17:53:03,936 - INFO - Finished generating 1000-1500 bottleneck.
2025-07-17 17:53:04,233 - INFO - Finished generating 1000-2500 bottleneck.
2025-07-17 17:53:04,523 - INFO - Finished generating standard neutral model.
2025-07-17 17:53:04,524 - INFO - Finished generating all demographic scenarios.
2025-07-17 17:53:04,524 - INFO - Pipeline executed succesfully.
