2025-07-17 17:52:07,109 - INFO - Beginning execution of dadi_simulations.py in directory /u/project/kirk/jonmah/sample_size_demography/Scripts

2025-07-17 17:52:07,110 - INFO - Progress is being logged to ../Simulations/dadi_simulations/80.log

2025-07-17 17:52:07,110 - INFO - Parsed the following arguments:
	sample_size = 80
	outprefix = ../Simulations/dadi_simulations/

2025-07-17 17:52:07,169 - INFO - Finished generating two-epoch contraction.
2025-07-17 17:52:07,248 - INFO - Finished generating two-epoch expansion.
2025-07-17 17:52:07,307 - INFO - Finished generating three-epoch contraction.
2025-07-17 17:52:07,366 - INFO - Finished generating three-epoch expansion.
2025-07-17 17:52:07,429 - INFO - Finished generating three-epoch bottleneck.
2025-07-17 17:52:07,492 - INFO - Finished generating 500-2000 bottleneck.
2025-07-17 17:52:07,555 - INFO - Finished generating 1000-2000 bottleneck.
2025-07-17 17:52:07,619 - INFO - Finished generating 1500-2000 bottleneck.
2025-07-17 17:52:07,682 - INFO - Finished generating 2000-2000 bottleneck.
2025-07-17 17:52:07,746 - INFO - Finished generating 2500-2000 bottleneck.
2025-07-17 17:52:07,807 - INFO - Finished generating 1000-500 bottleneck.
2025-07-17 17:52:07,868 - INFO - Finished generating 1000-1000 bottleneck.
2025-07-17 17:52:07,930 - INFO - Finished generating 1000-1500 bottleneck.
2025-07-17 17:52:07,994 - INFO - Finished generating 1000-2500 bottleneck.
2025-07-17 17:52:08,054 - INFO - Finished generating standard neutral model.
2025-07-17 17:52:08,055 - INFO - Finished generating all demographic scenarios.
2025-07-17 17:52:08,055 - INFO - Pipeline executed succesfully.
