2025-01-17 13:33:07,363 - INFO - Beginning execution of fit_demographic_model.py in directory /u/project/kirk/jonmah/sample_size_demography/Scripts

2025-01-17 13:33:07,363 - INFO - Progress is being logged to ../Analysis/gnomAD_60/log.log

2025-01-17 13:33:07,363 - INFO - Parsed the following arguments:
	syn_input_sfs = ../Analysis/gnomAD_60/syn_downsampled_sfs.txt
	mask_singletons = False
	mask_doubletons = False
	outprefix = ../Analysis/gnomAD_60/

2025-01-17 13:33:07,379 - INFO - Beginning demographic inference for one-epoch demographic model.
2025-01-17 13:33:07,381 - INFO - Beginning optimization with guess, [0.05637957].
2025-01-17 13:33:13,450 - INFO - Finished optimization with guess, [0.05637957].
2025-01-17 13:33:13,451 - INFO - Best fit parameters: [0.05637957].
2025-01-17 13:33:13,623 - INFO - Maximum log composite likelihood: -586.2908395207598.
2025-01-17 13:33:13,623 - INFO - Optimal value of theta: 5571.5301551881685.
2025-01-17 13:33:13,624 - INFO - Beginning optimization with guess, [0.29114932].
2025-01-17 13:33:19,145 - INFO - Finished optimization with guess, [0.29114932].
2025-01-17 13:33:19,145 - INFO - Best fit parameters: [0.29114932].
2025-01-17 13:33:19,318 - INFO - Maximum log composite likelihood: -586.2908395207598.
2025-01-17 13:33:19,318 - INFO - Optimal value of theta: 5571.5301551881685.
2025-01-17 13:33:19,318 - INFO - Beginning optimization with guess, [0.5230851].
2025-01-17 13:33:24,319 - INFO - Finished optimization with guess, [0.5230851].
2025-01-17 13:33:24,320 - INFO - Best fit parameters: [0.5230851].
2025-01-17 13:33:24,492 - INFO - Maximum log composite likelihood: -586.2908395207598.
2025-01-17 13:33:24,492 - INFO - Optimal value of theta: 5571.5301551881685.
2025-01-17 13:33:24,492 - INFO - Beginning optimization with guess, [0.79676142].
2025-01-17 13:33:28,605 - INFO - Finished optimization with guess, [0.79676142].
2025-01-17 13:33:28,606 - INFO - Best fit parameters: [0.79676142].
2025-01-17 13:33:28,792 - INFO - Maximum log composite likelihood: -586.2908395207598.
2025-01-17 13:33:28,793 - INFO - Optimal value of theta: 5571.5301551881685.
2025-01-17 13:33:28,793 - INFO - Beginning optimization with guess, [0.69896172].
2025-01-17 13:33:33,545 - INFO - Finished optimization with guess, [0.69896172].
2025-01-17 13:33:33,546 - INFO - Best fit parameters: [0.69896172].
2025-01-17 13:33:33,727 - INFO - Maximum log composite likelihood: -586.2908395207598.
2025-01-17 13:33:33,728 - INFO - Optimal value of theta: 5571.5301551881685.
2025-01-17 13:33:33,728 - INFO - Beginning optimization with guess, [0.93224984].
2025-01-17 13:33:37,360 - INFO - Finished optimization with guess, [0.93224984].
2025-01-17 13:33:37,361 - INFO - Best fit parameters: [0.93224984].
2025-01-17 13:33:37,542 - INFO - Maximum log composite likelihood: -586.2908395207598.
2025-01-17 13:33:37,542 - INFO - Optimal value of theta: 5571.5301551881685.
2025-01-17 13:33:37,543 - INFO - Beginning optimization with guess, [0.79885505].
2025-01-17 13:33:41,721 - INFO - Finished optimization with guess, [0.79885505].
2025-01-17 13:33:41,722 - INFO - Best fit parameters: [0.79885505].
2025-01-17 13:33:41,903 - INFO - Maximum log composite likelihood: -586.2908395207598.
2025-01-17 13:33:41,904 - INFO - Optimal value of theta: 5571.5301551881685.
2025-01-17 13:33:41,904 - INFO - Beginning optimization with guess, [1.33813519].
2025-01-17 13:33:46,624 - INFO - Finished optimization with guess, [1.33813519].
2025-01-17 13:33:46,625 - INFO - Best fit parameters: [1.33813519].
2025-01-17 13:33:46,806 - INFO - Maximum log composite likelihood: -586.2908395207598.
2025-01-17 13:33:46,806 - INFO - Optimal value of theta: 5571.5301551881685.
2025-01-17 13:33:46,806 - INFO - Beginning optimization with guess, [0.95094659].
2025-01-17 13:33:49,894 - INFO - Finished optimization with guess, [0.95094659].
2025-01-17 13:33:49,895 - INFO - Best fit parameters: [0.95094659].
2025-01-17 13:33:50,076 - INFO - Maximum log composite likelihood: -586.2908395207598.
2025-01-17 13:33:50,076 - INFO - Optimal value of theta: 5571.5301551881685.
2025-01-17 13:33:50,076 - INFO - Beginning optimization with guess, [0.53108551].
2025-01-17 13:33:55,339 - INFO - Finished optimization with guess, [0.53108551].
2025-01-17 13:33:55,340 - INFO - Best fit parameters: [0.53108551].
2025-01-17 13:33:55,521 - INFO - Maximum log composite likelihood: -586.2908395207598.
2025-01-17 13:33:55,521 - INFO - Optimal value of theta: 5571.5301551881685.
2025-01-17 13:33:55,521 - INFO - Beginning optimization with guess, [0.89284866].
2025-01-17 13:33:59,185 - INFO - Finished optimization with guess, [0.89284866].
2025-01-17 13:33:59,185 - INFO - Best fit parameters: [0.89284866].
2025-01-17 13:33:59,368 - INFO - Maximum log composite likelihood: -586.2908395207598.
2025-01-17 13:33:59,368 - INFO - Optimal value of theta: 5571.5301551881685.
2025-01-17 13:33:59,368 - INFO - Beginning optimization with guess, [1.17122662].
2025-01-17 13:34:03,546 - INFO - Finished optimization with guess, [1.17122662].
2025-01-17 13:34:03,547 - INFO - Best fit parameters: [1.17122662].
2025-01-17 13:34:03,728 - INFO - Maximum log composite likelihood: -586.2908395207598.
2025-01-17 13:34:03,728 - INFO - Optimal value of theta: 5571.5301551881685.
2025-01-17 13:34:03,729 - INFO - Beginning optimization with guess, [2.59354298].
2025-01-17 13:34:09,038 - INFO - Finished optimization with guess, [2.59354298].
2025-01-17 13:34:09,039 - INFO - Best fit parameters: [2.59354298].
2025-01-17 13:34:09,223 - INFO - Maximum log composite likelihood: -586.2908395207598.
2025-01-17 13:34:09,223 - INFO - Optimal value of theta: 5571.5301551881685.
2025-01-17 13:34:09,224 - INFO - Beginning optimization with guess, [2.47947235].
2025-01-17 13:34:14,520 - INFO - Finished optimization with guess, [2.47947235].
2025-01-17 13:34:14,521 - INFO - Best fit parameters: [2.47947235].
2025-01-17 13:34:14,703 - INFO - Maximum log composite likelihood: -586.2908395207598.
2025-01-17 13:34:14,703 - INFO - Optimal value of theta: 5571.5301551881685.
2025-01-17 13:34:14,703 - INFO - Beginning optimization with guess, [4.39709863].
2025-01-17 13:34:20,551 - INFO - Finished optimization with guess, [4.39709863].
2025-01-17 13:34:20,551 - INFO - Best fit parameters: [4.39709863].
2025-01-17 13:34:20,733 - INFO - Maximum log composite likelihood: -586.2908395207598.
2025-01-17 13:34:20,733 - INFO - Optimal value of theta: 5571.5301551881685.
2025-01-17 13:34:20,733 - INFO - Beginning optimization with guess, [1.75396201].
2025-01-17 13:34:26,028 - INFO - Finished optimization with guess, [1.75396201].
2025-01-17 13:34:26,028 - INFO - Best fit parameters: [1.75396201].
2025-01-17 13:34:26,209 - INFO - Maximum log composite likelihood: -586.2908395207598.
2025-01-17 13:34:26,210 - INFO - Optimal value of theta: 5571.5301551881685.
2025-01-17 13:34:26,210 - INFO - Beginning optimization with guess, [1.47518269].
2025-01-17 13:34:30,934 - INFO - Finished optimization with guess, [1.47518269].
2025-01-17 13:34:30,935 - INFO - Best fit parameters: [1.47518269].
2025-01-17 13:34:31,121 - INFO - Maximum log composite likelihood: -586.2908395207598.
2025-01-17 13:34:31,121 - INFO - Optimal value of theta: 5571.5301551881685.
2025-01-17 13:34:31,121 - INFO - Beginning optimization with guess, [5.00723121].
2025-01-17 13:34:36,959 - INFO - Finished optimization with guess, [5.00723121].
2025-01-17 13:34:36,960 - INFO - Best fit parameters: [5.00723121].
2025-01-17 13:34:37,141 - INFO - Maximum log composite likelihood: -586.2908395207598.
2025-01-17 13:34:37,141 - INFO - Optimal value of theta: 5571.5301551881685.
2025-01-17 13:34:37,141 - INFO - Beginning optimization with guess, [1.91396308].
2025-01-17 13:34:42,408 - INFO - Finished optimization with guess, [1.91396308].
2025-01-17 13:34:42,408 - INFO - Best fit parameters: [1.91396308].
2025-01-17 13:34:42,590 - INFO - Maximum log composite likelihood: -586.2908395207598.
2025-01-17 13:34:42,590 - INFO - Optimal value of theta: 5571.5301551881685.
2025-01-17 13:34:42,590 - INFO - Beginning optimization with guess, [1.89668296].
2025-01-17 13:34:47,871 - INFO - Finished optimization with guess, [1.89668296].
2025-01-17 13:34:47,871 - INFO - Best fit parameters: [1.89668296].
2025-01-17 13:34:48,053 - INFO - Maximum log composite likelihood: -586.2908395207598.
2025-01-17 13:34:48,053 - INFO - Optimal value of theta: 5571.5301551881685.
2025-01-17 13:34:48,053 - INFO - Beginning optimization with guess, [2.02688888].
2025-01-17 13:34:53,322 - INFO - Finished optimization with guess, [2.02688888].
2025-01-17 13:34:53,322 - INFO - Best fit parameters: [2.02688888].
2025-01-17 13:34:53,504 - INFO - Maximum log composite likelihood: -586.2908395207598.
2025-01-17 13:34:53,504 - INFO - Optimal value of theta: 5571.5301551881685.
2025-01-17 13:34:53,504 - INFO - Beginning optimization with guess, [3.21316792].
2025-01-17 13:34:59,320 - INFO - Finished optimization with guess, [3.21316792].
2025-01-17 13:34:59,320 - INFO - Best fit parameters: [3.21316792].
2025-01-17 13:34:59,502 - INFO - Maximum log composite likelihood: -586.2908395207598.
2025-01-17 13:34:59,502 - INFO - Optimal value of theta: 5571.5301551881685.
2025-01-17 13:34:59,502 - INFO - Beginning optimization with guess, [7.96209269].
2025-01-17 13:35:05,872 - INFO - Finished optimization with guess, [7.96209269].
2025-01-17 13:35:05,872 - INFO - Best fit parameters: [7.96209269].
2025-01-17 13:35:06,056 - INFO - Maximum log composite likelihood: -586.2908395207598.
2025-01-17 13:35:06,056 - INFO - Optimal value of theta: 5571.5301551881685.
2025-01-17 13:35:06,056 - INFO - Beginning optimization with guess, [8.4136326].
2025-01-17 13:35:12,441 - INFO - Finished optimization with guess, [8.4136326].
2025-01-17 13:35:12,442 - INFO - Best fit parameters: [8.4136326].
2025-01-17 13:35:12,624 - INFO - Maximum log composite likelihood: -586.2908395207598.
2025-01-17 13:35:12,624 - INFO - Optimal value of theta: 5571.5301551881685.
2025-01-17 13:35:12,624 - INFO - Beginning optimization with guess, [10.84895739].
2025-01-17 13:35:19,028 - INFO - Finished optimization with guess, [10.84895739].
2025-01-17 13:35:19,029 - INFO - Best fit parameters: [10.84895739].
2025-01-17 13:35:19,210 - INFO - Maximum log composite likelihood: -586.2908395207598.
2025-01-17 13:35:19,210 - INFO - Optimal value of theta: 5571.5301551881685.
2025-01-17 13:35:19,216 - INFO - Finished demographic inference.
2025-01-17 13:35:19,216 - INFO - Pipeline executed succesfully.
