2024-01-19 15:19:36,263 - INFO - Beginning execution of fit_demographic_model.py in directory /u/project/kirk/jonmah/sample_size_demography/Scripts

2024-01-19 15:19:36,264 - INFO - Progress is being logged to ../Analysis/1kg_EUR_46/log.log

2024-01-19 15:19:36,264 - INFO - Parsed the following arguments:
	syn_input_sfs = ../Analysis/1kg_EUR_46/syn_downsampled_sfs.txt
	mask_singletons = False
	mask_doubletons = False
	outprefix = ../Analysis/1kg_EUR_46/

2024-01-19 15:19:36,266 - INFO - Beginning demographic inference for one-epoch demographic model.
2024-01-19 15:19:36,280 - INFO - Beginning optimization with guess, [0.05434693].
2024-01-19 15:19:41,121 - INFO - Finished optimization with guess, [0.05434693].
2024-01-19 15:19:41,122 - INFO - Best fit parameters: [0.05434693].
2024-01-19 15:19:41,261 - INFO - Maximum log composite likelihood: -227.99596282366315.
2024-01-19 15:19:41,261 - INFO - Optimal value of theta: 5048.575309667881.
2024-01-19 15:19:41,261 - INFO - Beginning optimization with guess, [0.18678456].
2024-01-19 15:19:45,644 - INFO - Finished optimization with guess, [0.18678456].
2024-01-19 15:19:45,645 - INFO - Best fit parameters: [0.18678456].
2024-01-19 15:19:45,785 - INFO - Maximum log composite likelihood: -227.99596282366315.
2024-01-19 15:19:45,786 - INFO - Optimal value of theta: 5048.575309667881.
2024-01-19 15:19:45,786 - INFO - Beginning optimization with guess, [0.28582705].
2024-01-19 15:19:50,226 - INFO - Finished optimization with guess, [0.28582705].
2024-01-19 15:19:50,226 - INFO - Best fit parameters: [0.28582705].
2024-01-19 15:19:50,364 - INFO - Maximum log composite likelihood: -227.99596282366315.
2024-01-19 15:19:50,364 - INFO - Optimal value of theta: 5048.575309667881.
2024-01-19 15:19:50,364 - INFO - Beginning optimization with guess, [0.62753652].
2024-01-19 15:19:53,966 - INFO - Finished optimization with guess, [0.62753652].
2024-01-19 15:19:53,967 - INFO - Best fit parameters: [0.62753652].
2024-01-19 15:19:54,106 - INFO - Maximum log composite likelihood: -227.99596282366315.
2024-01-19 15:19:54,106 - INFO - Optimal value of theta: 5048.575309667881.
2024-01-19 15:19:54,106 - INFO - Beginning optimization with guess, [0.33378407].
2024-01-19 15:19:58,573 - INFO - Finished optimization with guess, [0.33378407].
2024-01-19 15:19:58,575 - INFO - Best fit parameters: [0.33378407].
2024-01-19 15:19:58,714 - INFO - Maximum log composite likelihood: -227.99596282366315.
2024-01-19 15:19:58,715 - INFO - Optimal value of theta: 5048.575309667881.
2024-01-19 15:19:58,715 - INFO - Beginning optimization with guess, [0.77594981].
2024-01-19 15:20:01,932 - INFO - Finished optimization with guess, [0.77594981].
2024-01-19 15:20:01,932 - INFO - Best fit parameters: [0.77594981].
2024-01-19 15:20:02,067 - INFO - Maximum log composite likelihood: -227.99596282366315.
2024-01-19 15:20:02,068 - INFO - Optimal value of theta: 5048.575309667881.
2024-01-19 15:20:02,068 - INFO - Beginning optimization with guess, [0.42239086].
2024-01-19 15:20:06,013 - INFO - Finished optimization with guess, [0.42239086].
2024-01-19 15:20:06,014 - INFO - Best fit parameters: [0.42239086].
2024-01-19 15:20:06,151 - INFO - Maximum log composite likelihood: -227.99596282366315.
2024-01-19 15:20:06,151 - INFO - Optimal value of theta: 5048.575309667881.
2024-01-19 15:20:06,151 - INFO - Beginning optimization with guess, [1.25888809].
2024-01-19 15:20:09,383 - INFO - Finished optimization with guess, [1.25888809].
2024-01-19 15:20:09,383 - INFO - Best fit parameters: [1.25888809].
2024-01-19 15:20:09,525 - INFO - Maximum log composite likelihood: -227.99596282366315.
2024-01-19 15:20:09,525 - INFO - Optimal value of theta: 5048.575309667881.
2024-01-19 15:20:09,525 - INFO - Beginning optimization with guess, [0.78223754].
2024-01-19 15:20:12,775 - INFO - Finished optimization with guess, [0.78223754].
2024-01-19 15:20:12,776 - INFO - Best fit parameters: [0.78223754].
2024-01-19 15:20:12,916 - INFO - Maximum log composite likelihood: -227.99596282366315.
2024-01-19 15:20:12,916 - INFO - Optimal value of theta: 5048.575309667881.
2024-01-19 15:20:12,916 - INFO - Beginning optimization with guess, [1.14149602].
2024-01-19 15:20:16,111 - INFO - Finished optimization with guess, [1.14149602].
2024-01-19 15:20:16,111 - INFO - Best fit parameters: [1.14149602].
2024-01-19 15:20:16,245 - INFO - Maximum log composite likelihood: -227.99596282366315.
2024-01-19 15:20:16,246 - INFO - Optimal value of theta: 5048.575309667881.
2024-01-19 15:20:16,246 - INFO - Beginning optimization with guess, [0.71654688].
2024-01-19 15:20:19,885 - INFO - Finished optimization with guess, [0.71654688].
2024-01-19 15:20:19,885 - INFO - Best fit parameters: [0.71654688].
2024-01-19 15:20:20,026 - INFO - Maximum log composite likelihood: -227.99596282366315.
2024-01-19 15:20:20,026 - INFO - Optimal value of theta: 5048.575309667881.
2024-01-19 15:20:20,026 - INFO - Beginning optimization with guess, [0.86605162].
2024-01-19 15:20:23,253 - INFO - Finished optimization with guess, [0.86605162].
2024-01-19 15:20:23,254 - INFO - Best fit parameters: [0.86605162].
2024-01-19 15:20:23,397 - INFO - Maximum log composite likelihood: -227.99596282366315.
2024-01-19 15:20:23,397 - INFO - Optimal value of theta: 5048.575309667881.
2024-01-19 15:20:23,397 - INFO - Beginning optimization with guess, [0.95875762].
2024-01-19 15:20:25,844 - INFO - Finished optimization with guess, [0.95875762].
2024-01-19 15:20:25,844 - INFO - Best fit parameters: [0.95875762].
2024-01-19 15:20:25,989 - INFO - Maximum log composite likelihood: -227.99596282366315.
2024-01-19 15:20:25,989 - INFO - Optimal value of theta: 5048.575309667881.
2024-01-19 15:20:25,989 - INFO - Beginning optimization with guess, [3.47927019].
2024-01-19 15:20:30,450 - INFO - Finished optimization with guess, [3.47927019].
2024-01-19 15:20:30,450 - INFO - Best fit parameters: [3.47927019].
2024-01-19 15:20:30,586 - INFO - Maximum log composite likelihood: -227.99596282366315.
2024-01-19 15:20:30,586 - INFO - Optimal value of theta: 5048.575309667881.
2024-01-19 15:20:30,586 - INFO - Beginning optimization with guess, [2.39403894].
2024-01-19 15:20:34,587 - INFO - Finished optimization with guess, [2.39403894].
2024-01-19 15:20:34,588 - INFO - Best fit parameters: [2.39403894].
2024-01-19 15:20:34,726 - INFO - Maximum log composite likelihood: -227.99596282366315.
2024-01-19 15:20:34,726 - INFO - Optimal value of theta: 5048.575309667881.
2024-01-19 15:20:34,727 - INFO - Beginning optimization with guess, [4.78965015].
2024-01-19 15:20:39,168 - INFO - Finished optimization with guess, [4.78965015].
2024-01-19 15:20:39,169 - INFO - Best fit parameters: [4.78965015].
2024-01-19 15:20:39,309 - INFO - Maximum log composite likelihood: -227.99596282366315.
2024-01-19 15:20:39,309 - INFO - Optimal value of theta: 5048.575309667881.
2024-01-19 15:20:39,309 - INFO - Beginning optimization with guess, [2.5232937].
2024-01-19 15:20:43,336 - INFO - Finished optimization with guess, [2.5232937].
2024-01-19 15:20:43,336 - INFO - Best fit parameters: [2.5232937].
2024-01-19 15:20:43,474 - INFO - Maximum log composite likelihood: -227.99596282366315.
2024-01-19 15:20:43,474 - INFO - Optimal value of theta: 5048.575309667881.
2024-01-19 15:20:43,474 - INFO - Beginning optimization with guess, [2.33585752].
2024-01-19 15:20:47,470 - INFO - Finished optimization with guess, [2.33585752].
2024-01-19 15:20:47,471 - INFO - Best fit parameters: [2.33585752].
2024-01-19 15:20:47,609 - INFO - Maximum log composite likelihood: -227.99596282366315.
2024-01-19 15:20:47,609 - INFO - Optimal value of theta: 5048.575309667881.
2024-01-19 15:20:47,609 - INFO - Beginning optimization with guess, [3.28180965].
2024-01-19 15:20:52,020 - INFO - Finished optimization with guess, [3.28180965].
2024-01-19 15:20:52,021 - INFO - Best fit parameters: [3.28180965].
2024-01-19 15:20:52,160 - INFO - Maximum log composite likelihood: -227.99596282366315.
2024-01-19 15:20:52,160 - INFO - Optimal value of theta: 5048.575309667881.
2024-01-19 15:20:52,160 - INFO - Beginning optimization with guess, [3.29422268].
2024-01-19 15:20:56,612 - INFO - Finished optimization with guess, [3.29422268].
2024-01-19 15:20:56,612 - INFO - Best fit parameters: [3.29422268].
2024-01-19 15:20:56,749 - INFO - Maximum log composite likelihood: -227.99596282366315.
2024-01-19 15:20:56,749 - INFO - Optimal value of theta: 5048.575309667881.
2024-01-19 15:20:56,749 - INFO - Beginning optimization with guess, [2.1199798].
2024-01-19 15:21:00,802 - INFO - Finished optimization with guess, [2.1199798].
2024-01-19 15:21:00,803 - INFO - Best fit parameters: [2.1199798].
2024-01-19 15:21:00,942 - INFO - Maximum log composite likelihood: -227.99596282366315.
2024-01-19 15:21:00,942 - INFO - Optimal value of theta: 5048.575309667881.
2024-01-19 15:21:00,943 - INFO - Beginning optimization with guess, [2.81285477].
2024-01-19 15:21:05,314 - INFO - Finished optimization with guess, [2.81285477].
2024-01-19 15:21:05,315 - INFO - Best fit parameters: [2.81285477].
2024-01-19 15:21:05,452 - INFO - Maximum log composite likelihood: -227.99596282366315.
2024-01-19 15:21:05,452 - INFO - Optimal value of theta: 5048.575309667881.
2024-01-19 15:21:05,452 - INFO - Beginning optimization with guess, [3.26728742].
2024-01-19 15:21:09,873 - INFO - Finished optimization with guess, [3.26728742].
2024-01-19 15:21:09,873 - INFO - Best fit parameters: [3.26728742].
2024-01-19 15:21:10,011 - INFO - Maximum log composite likelihood: -227.99596282366315.
2024-01-19 15:21:10,011 - INFO - Optimal value of theta: 5048.575309667881.
2024-01-19 15:21:10,011 - INFO - Beginning optimization with guess, [11.40358706].
2024-01-19 15:21:14,851 - INFO - Finished optimization with guess, [11.40358706].
2024-01-19 15:21:14,852 - INFO - Best fit parameters: [11.40358706].
2024-01-19 15:21:14,989 - INFO - Maximum log composite likelihood: -227.99596282366315.
2024-01-19 15:21:14,989 - INFO - Optimal value of theta: 5048.575309667881.
2024-01-19 15:21:14,990 - INFO - Beginning optimization with guess, [10.19177525].
2024-01-19 15:21:19,852 - INFO - Finished optimization with guess, [10.19177525].
2024-01-19 15:21:19,853 - INFO - Best fit parameters: [10.19177525].
2024-01-19 15:21:19,993 - INFO - Maximum log composite likelihood: -227.99596282366315.
2024-01-19 15:21:19,993 - INFO - Optimal value of theta: 5048.575309667881.
2024-01-19 15:21:19,995 - INFO - Beginning demographic inference for two-epoch demographic model.
2024-01-19 15:21:19,997 - INFO - Beginning optimization with guess, [0.16815065 0.00533943].
2024-01-19 15:21:33,837 - INFO - Finished optimization with guess, [0.16815065 0.00533943].
2024-01-19 15:21:33,838 - INFO - Best fit parameters: [0.53216545 0.70583372].
2024-01-19 15:21:34,006 - INFO - Maximum log composite likelihood: -125.53280438520278.
2024-01-19 15:21:34,006 - INFO - Optimal value of theta: 8228.07995626227.
2024-01-19 15:21:34,006 - INFO - Beginning optimization with guess, [0.13875865 0.01046844].
2024-01-19 15:21:47,337 - INFO - Finished optimization with guess, [0.13875865 0.01046844].
2024-01-19 15:21:47,338 - INFO - Best fit parameters: [0.5566367  0.67727574].
2024-01-19 15:21:47,499 - INFO - Maximum log composite likelihood: -125.61698749559264.
2024-01-19 15:21:47,499 - INFO - Optimal value of theta: 7854.785458020424.
2024-01-19 15:21:47,499 - INFO - Beginning optimization with guess, [0.27241382 0.00699845].
2024-01-19 15:22:01,683 - INFO - Finished optimization with guess, [0.27241382 0.00699845].
2024-01-19 15:22:01,684 - INFO - Best fit parameters: [0.50980283 0.7250545 ].
2024-01-19 15:22:01,855 - INFO - Maximum log composite likelihood: -125.49475412156266.
2024-01-19 15:22:01,855 - INFO - Optimal value of theta: 8596.099762230651.
2024-01-19 15:22:01,855 - INFO - Beginning optimization with guess, [0.31604419 0.00991006].
2024-01-19 15:22:15,985 - INFO - Finished optimization with guess, [0.31604419 0.00991006].
2024-01-19 15:22:15,986 - INFO - Best fit parameters: [0.59227443 0.65624497].
2024-01-19 15:22:16,147 - INFO - Maximum log composite likelihood: -125.6726356497602.
2024-01-19 15:22:16,147 - INFO - Optimal value of theta: 7418.058429083457.
2024-01-19 15:22:16,147 - INFO - Beginning optimization with guess, [0.76940784 0.01053863].
2024-01-19 15:22:31,430 - INFO - Finished optimization with guess, [0.76940784 0.01053863].
2024-01-19 15:22:31,431 - INFO - Best fit parameters: [0.42083961 0.75394996].
2024-01-19 15:22:31,606 - INFO - Maximum log composite likelihood: -125.45096355706573.
2024-01-19 15:22:31,606 - INFO - Optimal value of theta: 10427.323965331016.
2024-01-19 15:22:31,607 - INFO - Beginning optimization with guess, [0.67818556 0.00772273].
2024-01-19 15:22:47,049 - INFO - Finished optimization with guess, [0.67818556 0.00772273].
2024-01-19 15:22:47,050 - INFO - Best fit parameters: [0.38535327 0.74666909].
2024-01-19 15:22:47,225 - INFO - Maximum log composite likelihood: -125.44709173544788.
2024-01-19 15:22:47,225 - INFO - Optimal value of theta: 11384.957626761834.
2024-01-19 15:22:47,226 - INFO - Beginning optimization with guess, [0.42897216 0.00851435].
2024-01-19 15:23:01,691 - INFO - Finished optimization with guess, [0.42897216 0.00851435].
2024-01-19 15:23:01,692 - INFO - Best fit parameters: [0.4320067  0.75614921].
2024-01-19 15:23:01,872 - INFO - Maximum log composite likelihood: -125.45501206558174.
2024-01-19 15:23:01,872 - INFO - Optimal value of theta: 10163.770381725464.
2024-01-19 15:23:01,872 - INFO - Beginning optimization with guess, [1.07917685 0.0056481 ].
2024-01-19 15:23:19,350 - INFO - Finished optimization with guess, [1.07917685 0.0056481 ].
2024-01-19 15:23:19,351 - INFO - Best fit parameters: [0.46452455 0.74988051].
2024-01-19 15:23:19,519 - INFO - Maximum log composite likelihood: -125.46135871067372.
2024-01-19 15:23:19,519 - INFO - Optimal value of theta: 9447.007923214553.
2024-01-19 15:23:19,519 - INFO - Beginning optimization with guess, [0.58712984 0.00801321].
2024-01-19 15:23:34,419 - INFO - Finished optimization with guess, [0.58712984 0.00801321].
2024-01-19 15:23:34,420 - INFO - Best fit parameters: [0.45927586 0.75029443].
2024-01-19 15:23:34,594 - INFO - Maximum log composite likelihood: -125.4595646488292.
2024-01-19 15:23:34,594 - INFO - Optimal value of theta: 9552.724003670035.
2024-01-19 15:23:34,595 - INFO - Beginning optimization with guess, [0.56725452 0.01875892].
2024-01-19 15:23:49,478 - INFO - Finished optimization with guess, [0.56725452 0.01875892].
2024-01-19 15:23:49,479 - INFO - Best fit parameters: [0.41411101 0.75433082].
2024-01-19 15:23:49,653 - INFO - Maximum log composite likelihood: -125.45076304277063.
2024-01-19 15:23:49,654 - INFO - Optimal value of theta: 10599.946339606095.
2024-01-19 15:23:49,654 - INFO - Beginning optimization with guess, [1.50815751 0.01532203].
2024-01-19 15:24:07,964 - INFO - Finished optimization with guess, [1.50815751 0.01532203].
2024-01-19 15:24:07,965 - INFO - Best fit parameters: [0.47786823 0.74291652].
2024-01-19 15:24:08,138 - INFO - Maximum log composite likelihood: -125.4686843726181.
2024-01-19 15:24:08,138 - INFO - Optimal value of theta: 9175.97945719101.
2024-01-19 15:24:08,138 - INFO - Beginning optimization with guess, [1.18783638 0.01980635].
2024-01-19 15:24:25,004 - INFO - Finished optimization with guess, [1.18783638 0.01980635].
2024-01-19 15:24:25,005 - INFO - Best fit parameters: [0.49616229 0.73412553].
2024-01-19 15:24:25,176 - INFO - Maximum log composite likelihood: -125.48057823273803.
2024-01-19 15:24:25,176 - INFO - Optimal value of theta: 8835.648151807362.
2024-01-19 15:24:25,176 - INFO - Beginning optimization with guess, [2.24646363 0.01887069].
2024-01-19 15:24:40,502 - INFO - Finished optimization with guess, [2.24646363 0.01887069].
2024-01-19 15:24:40,503 - INFO - Best fit parameters: [0.438771  0.7541009].
2024-01-19 15:24:40,675 - INFO - Maximum log composite likelihood: -125.45426027324356.
2024-01-19 15:24:40,675 - INFO - Optimal value of theta: 10001.751633331296.
2024-01-19 15:24:40,675 - INFO - Beginning optimization with guess, [1.64112498 0.00641806].
2024-01-19 15:25:06,001 - INFO - Finished optimization with guess, [1.64112498 0.00641806].
2024-01-19 15:25:06,002 - INFO - Best fit parameters: [0.42649921 0.75615352].
2024-01-19 15:25:06,179 - INFO - Maximum log composite likelihood: -125.45412667397409.
2024-01-19 15:25:06,179 - INFO - Optimal value of theta: 10295.14162093999.
2024-01-19 15:25:06,180 - INFO - Beginning optimization with guess, [2.32433398 0.01969048].
2024-01-19 15:25:21,310 - INFO - Finished optimization with guess, [2.32433398 0.01969048].
2024-01-19 15:25:21,311 - INFO - Best fit parameters: [0.46432492 0.7495215 ].
2024-01-19 15:25:21,485 - INFO - Maximum log composite likelihood: -125.46121408767453.
2024-01-19 15:25:21,485 - INFO - Optimal value of theta: 9449.979712821381.
2024-01-19 15:25:21,485 - INFO - Beginning optimization with guess, [2.14271409 0.01500886].
2024-01-19 15:25:39,723 - INFO - Finished optimization with guess, [2.14271409 0.01500886].
2024-01-19 15:25:39,724 - INFO - Best fit parameters: [0.46533629 0.7463024 ].
2024-01-19 15:25:39,897 - INFO - Maximum log composite likelihood: -125.46455896621183.
2024-01-19 15:25:39,898 - INFO - Optimal value of theta: 9421.589982867654.
2024-01-19 15:25:39,898 - INFO - Beginning optimization with guess, [2.22737561 0.00690654].
2024-01-19 15:25:56,213 - INFO - Finished optimization with guess, [2.22737561 0.00690654].
2024-01-19 15:25:56,215 - INFO - Best fit parameters: [0.49955034 0.7370018 ].
2024-01-19 15:25:56,386 - INFO - Maximum log composite likelihood: -125.47946291690528.
2024-01-19 15:25:56,386 - INFO - Optimal value of theta: 8786.407653054932.
2024-01-19 15:25:56,386 - INFO - Beginning optimization with guess, [5.3895482  0.00789279].
2024-01-19 15:26:11,116 - INFO - Finished optimization with guess, [5.3895482  0.00789279].
2024-01-19 15:26:11,117 - INFO - Best fit parameters: [0.40649303 0.75211574].
2024-01-19 15:26:11,290 - INFO - Maximum log composite likelihood: -125.44902834442678.
2024-01-19 15:26:11,290 - INFO - Optimal value of theta: 10794.576287651229.
2024-01-19 15:26:11,290 - INFO - Beginning optimization with guess, [4.61476853 0.01925738].
2024-01-19 15:26:25,745 - INFO - Finished optimization with guess, [4.61476853 0.01925738].
2024-01-19 15:26:25,746 - INFO - Best fit parameters: [0.49709892 0.7346527 ].
2024-01-19 15:26:25,918 - INFO - Maximum log composite likelihood: -125.47933924313975.
2024-01-19 15:26:25,918 - INFO - Optimal value of theta: 8821.346253850328.
2024-01-19 15:26:25,918 - INFO - Beginning optimization with guess, [2.56849276 0.01544906].
2024-01-19 15:26:41,068 - INFO - Finished optimization with guess, [2.56849276 0.01544906].
2024-01-19 15:26:41,069 - INFO - Best fit parameters: [0.46899671 0.75038552].
2024-01-19 15:26:41,243 - INFO - Maximum log composite likelihood: -125.4645686960232.
2024-01-19 15:26:41,243 - INFO - Optimal value of theta: 9361.41028544022.
2024-01-19 15:26:41,243 - INFO - Beginning optimization with guess, [4.76756296 0.01452365].
2024-01-19 15:26:54,893 - INFO - Finished optimization with guess, [4.76756296 0.01452365].
2024-01-19 15:26:54,894 - INFO - Best fit parameters: [0.5247927  0.72704798].
2024-01-19 15:26:55,067 - INFO - Maximum log composite likelihood: -125.51477293906237.
2024-01-19 15:26:55,067 - INFO - Optimal value of theta: 8375.94562523306.
2024-01-19 15:26:55,067 - INFO - Beginning optimization with guess, [5.79791503e+00 5.12487375e-03].
2024-01-19 15:27:09,235 - INFO - Finished optimization with guess, [5.79791503e+00 5.12487375e-03].
2024-01-19 15:27:09,236 - INFO - Best fit parameters: [0.52700726 0.71346856].
2024-01-19 15:27:09,398 - INFO - Maximum log composite likelihood: -125.51212309268658.
2024-01-19 15:27:09,399 - INFO - Optimal value of theta: 8316.054596395985.
2024-01-19 15:27:09,399 - INFO - Beginning optimization with guess, [4.05098762 0.01577222].
2024-01-19 15:27:23,482 - INFO - Finished optimization with guess, [4.05098762 0.01577222].
2024-01-19 15:27:23,483 - INFO - Best fit parameters: [0.5220913  0.72198959].
2024-01-19 15:27:23,651 - INFO - Maximum log composite likelihood: -125.49908840090188.
2024-01-19 15:27:23,651 - INFO - Optimal value of theta: 8404.676532480016.
2024-01-19 15:27:23,651 - INFO - Beginning optimization with guess, [6.90333775 0.01047211].
2024-01-19 15:27:37,579 - INFO - Finished optimization with guess, [6.90333775 0.01047211].
2024-01-19 15:27:37,580 - INFO - Best fit parameters: [0.53384011 0.7114101 ].
2024-01-19 15:27:37,749 - INFO - Maximum log composite likelihood: -125.51470278991519.
2024-01-19 15:27:37,749 - INFO - Optimal value of theta: 8216.36365139642.
2024-01-19 15:27:37,749 - INFO - Beginning optimization with guess, [6.9285488 0.0103967].
2024-01-19 15:27:51,417 - INFO - Finished optimization with guess, [6.9285488 0.0103967].
2024-01-19 15:27:51,418 - INFO - Best fit parameters: [0.52287527 0.72824073].
2024-01-19 15:27:51,582 - INFO - Maximum log composite likelihood: -125.51203870839299.
2024-01-19 15:27:51,582 - INFO - Optimal value of theta: 8406.303268421785.
2024-01-19 15:27:51,584 - INFO - Beginning demographic inference for three-epoch demographic model.
2024-01-19 15:27:51,586 - INFO - Beginning optimization with guess, [0.00698471 0.01012367 0.01749429 0.01291939].
2024-01-19 15:28:15,145 - INFO - Finished optimization with guess, [0.00698471 0.01012367 0.01749429 0.01291939].
2024-01-19 15:28:15,146 - INFO - Best fit parameters: [0.0055961  0.00782618 0.02548618 0.01198759].
2024-01-19 15:28:15,413 - INFO - Maximum log composite likelihood: -125.43644706750297.
2024-01-19 15:28:15,414 - INFO - Optimal value of theta: 560557.6036421098.
2024-01-19 15:28:15,414 - INFO - Beginning optimization with guess, [0.02592027 0.01887019 0.00613066 0.01981204].
2024-01-19 15:28:37,837 - INFO - Finished optimization with guess, [0.02592027 0.01887019 0.00613066 0.01981204].
2024-01-19 15:28:37,838 - INFO - Best fit parameters: [0.01510842 0.01322551 0.0052099  0.07206052].
2024-01-19 15:28:38,101 - INFO - Maximum log composite likelihood: -125.44360000712913.
2024-01-19 15:28:38,101 - INFO - Optimal value of theta: 331809.62918325345.
2024-01-19 15:28:38,102 - INFO - Beginning optimization with guess, [0.0334758  0.05313142 0.00519312 0.01101627].
2024-01-19 15:28:51,014 - INFO - Finished optimization with guess, [0.0334758  0.05313142 0.00519312 0.01101627].
2024-01-19 15:28:51,015 - INFO - Best fit parameters: [5.28696879e-02 6.34981117e-01 1.38332274e-04 3.93050176e-03].
2024-01-19 15:28:51,160 - INFO - Maximum log composite likelihood: -216.03498890751098.
2024-01-19 15:28:51,160 - INFO - Optimal value of theta: 5160.4138430538005.
2024-01-19 15:28:51,160 - INFO - Beginning optimization with guess, [0.0534214  0.0773444  0.01034621 0.00836609].
2024-01-19 15:29:04,113 - INFO - Finished optimization with guess, [0.0534214  0.0773444  0.01034621 0.00836609].
2024-01-19 15:29:04,114 - INFO - Best fit parameters: [3.42421116e-02 6.70498884e-01 4.09341604e-05 5.38135407e-01].
2024-01-19 15:29:04,271 - INFO - Maximum log composite likelihood: -126.63080592607639.
2024-01-19 15:29:04,271 - INFO - Optimal value of theta: 6578.870112125793.
2024-01-19 15:29:04,271 - INFO - Beginning optimization with guess, [0.02680095 0.06696078 0.00559298 0.01359642].
2024-01-19 15:29:16,826 - INFO - Finished optimization with guess, [0.02680095 0.06696078 0.00559298 0.01359642].
2024-01-19 15:29:16,827 - INFO - Best fit parameters: [1.61704168e-03 7.08113333e-01 2.02260258e-05 5.10050051e-01].
2024-01-19 15:29:16,983 - INFO - Maximum log composite likelihood: -128.97069020445429.
2024-01-19 15:29:16,984 - INFO - Optimal value of theta: 6328.442272961606.
2024-01-19 15:29:16,984 - INFO - Beginning optimization with guess, [0.92931333 0.9836703  0.01402305 0.01572712].
2024-01-19 15:29:30,323 - INFO - Finished optimization with guess, [0.92931333 0.9836703  0.01402305 0.01572712].
2024-01-19 15:29:30,324 - INFO - Best fit parameters: [0.67231114 1.01761541 0.27252939 0.01342443].
2024-01-19 15:29:30,475 - INFO - Maximum log composite likelihood: -109.6826688050744.
2024-01-19 15:29:30,475 - INFO - Optimal value of theta: 6015.023846204005.
2024-01-19 15:29:30,475 - INFO - Beginning optimization with guess, [1.16415701 0.44187347 0.01282496 0.00671927].
2024-01-19 15:29:43,359 - INFO - Finished optimization with guess, [1.16415701 0.44187347 0.01282496 0.00671927].
2024-01-19 15:29:43,360 - INFO - Best fit parameters: [1.16449168 0.60361549 0.00484089 0.63981121].
2024-01-19 15:29:43,521 - INFO - Maximum log composite likelihood: -125.72922921819872.
2024-01-19 15:29:43,521 - INFO - Optimal value of theta: 7275.984425016964.
2024-01-19 15:29:43,522 - INFO - Beginning optimization with guess, [0.451235   1.44087967 0.01648818 0.00734759].
2024-01-19 15:29:56,142 - INFO - Finished optimization with guess, [0.451235   1.44087967 0.01648818 0.00734759].
2024-01-19 15:29:56,143 - INFO - Best fit parameters: [0.5658528  1.62561594 0.1594514  0.01748922].
2024-01-19 15:29:56,288 - INFO - Maximum log composite likelihood: -102.73013155502713.
2024-01-19 15:29:56,288 - INFO - Optimal value of theta: 5968.39986093184.
2024-01-19 15:29:56,288 - INFO - Beginning optimization with guess, [1.65211463 1.1905112  0.01276912 0.00599421].
2024-01-19 15:30:13,389 - INFO - Finished optimization with guess, [1.65211463 1.1905112  0.01276912 0.00599421].
2024-01-19 15:30:13,390 - INFO - Best fit parameters: [6.45673179e-01 6.75053414e-01 6.77024227e-01 2.29198176e-05].
2024-01-19 15:30:13,549 - INFO - Maximum log composite likelihood: -127.91237841313409.
2024-01-19 15:30:13,549 - INFO - Optimal value of theta: 6943.029980542971.
2024-01-19 15:30:13,549 - INFO - Beginning optimization with guess, [1.38221915 0.60089561 0.00642304 0.01477737].
2024-01-19 15:30:26,633 - INFO - Finished optimization with guess, [1.38221915 0.60089561 0.00642304 0.01477737].
2024-01-19 15:30:26,634 - INFO - Best fit parameters: [1.4875174  0.55218197 0.00974416 0.71892923].
2024-01-19 15:30:26,799 - INFO - Maximum log composite likelihood: -125.61977952980533.
2024-01-19 15:30:26,799 - INFO - Optimal value of theta: 7980.6410173595805.
2024-01-19 15:30:26,799 - INFO - Beginning optimization with guess, [1.48575025 1.28086452 0.00653279 0.01340908].
2024-01-19 15:30:39,900 - INFO - Finished optimization with guess, [1.48575025 1.28086452 0.00653279 0.01340908].
2024-01-19 15:30:39,901 - INFO - Best fit parameters: [4.30962539e+00 6.81364536e-01 8.61412735e-05 5.44998985e-01].
2024-01-19 15:30:40,058 - INFO - Maximum log composite likelihood: -127.12081558300497.
2024-01-19 15:30:40,059 - INFO - Optimal value of theta: 6508.531097204857.
2024-01-19 15:30:40,059 - INFO - Beginning optimization with guess, [1.1779897  0.82871691 0.00714462 0.01288149].
2024-01-19 15:30:53,303 - INFO - Finished optimization with guess, [1.1779897  0.82871691 0.00714462 0.01288149].
2024-01-19 15:30:53,304 - INFO - Best fit parameters: [1.2085059  0.63176115 1.54981465 0.79586314].
2024-01-19 15:30:53,497 - INFO - Maximum log composite likelihood: -125.56848688570199.
2024-01-19 15:30:53,497 - INFO - Optimal value of theta: 6932.33729353229.
2024-01-19 15:30:53,497 - INFO - Beginning optimization with guess, [2.43851082 3.47491353 0.01057654 0.00675566].
2024-01-19 15:31:05,853 - INFO - Finished optimization with guess, [2.43851082 3.47491353 0.01057654 0.00675566].
2024-01-19 15:31:05,854 - INFO - Best fit parameters: [7.54963945e-01 6.65628427e+00 4.68491765e-01 4.59857118e-06].
2024-01-19 15:31:06,009 - INFO - Maximum log composite likelihood: -133.09341303530414.
2024-01-19 15:31:06,009 - INFO - Optimal value of theta: 5992.648775819198.
2024-01-19 15:31:06,009 - INFO - Beginning optimization with guess, [2.01818785 1.4177931  0.00606952 0.00897144].
2024-01-19 15:31:17,956 - INFO - Finished optimization with guess, [2.01818785 1.4177931  0.00606952 0.00897144].
2024-01-19 15:31:17,957 - INFO - Best fit parameters: [0.84176792 0.80217474 0.00096519 0.26275132].
2024-01-19 15:31:18,105 - INFO - Maximum log composite likelihood: -143.24629671421553.
2024-01-19 15:31:18,105 - INFO - Optimal value of theta: 5601.806649438358.
2024-01-19 15:31:18,105 - INFO - Beginning optimization with guess, [3.37971614 1.95432143 0.00691846 0.00922049].
2024-01-19 15:31:30,872 - INFO - Finished optimization with guess, [3.37971614 1.95432143 0.00691846 0.00922049].
2024-01-19 15:31:30,873 - INFO - Best fit parameters: [3.64078191e-01 8.05115778e-01 2.37071804e-07 1.31070190e-01].
2024-01-19 15:31:31,018 - INFO - Maximum log composite likelihood: -162.16572927369884.
2024-01-19 15:31:31,018 - INFO - Optimal value of theta: 5427.220335121235.
2024-01-19 15:31:31,018 - INFO - Beginning optimization with guess, [3.45769187 3.35296259 0.00902387 0.01003666].
2024-01-19 15:31:44,283 - INFO - Finished optimization with guess, [3.45769187 3.35296259 0.00902387 0.01003666].
2024-01-19 15:31:44,284 - INFO - Best fit parameters: [1.61439358e+01 6.05550310e-01 2.79339028e-05 6.57100744e-01].
2024-01-19 15:31:44,450 - INFO - Maximum log composite likelihood: -125.84007636674687.
2024-01-19 15:31:44,450 - INFO - Optimal value of theta: 7285.393406174282.
2024-01-19 15:31:44,451 - INFO - Beginning optimization with guess, [4.12183525 2.36712874 0.0062824  0.01010551].
2024-01-19 15:31:57,340 - INFO - Finished optimization with guess, [4.12183525 2.36712874 0.0062824  0.01010551].
2024-01-19 15:31:57,341 - INFO - Best fit parameters: [7.07998175e+00 6.23645158e-01 1.59742851e-06 5.99214834e-01].
2024-01-19 15:31:57,504 - INFO - Maximum log composite likelihood: -125.89178177234817.
2024-01-19 15:31:57,504 - INFO - Optimal value of theta: 7029.620664266106.
2024-01-19 15:31:57,505 - INFO - Beginning optimization with guess, [3.71881264 4.33191861 0.00567561 0.01157833].
2024-01-19 15:32:10,661 - INFO - Finished optimization with guess, [3.71881264 4.33191861 0.00567561 0.01157833].
2024-01-19 15:32:10,662 - INFO - Best fit parameters: [6.96814939e-01 4.49676991e+00 5.94075061e-01 9.01685713e-05].
2024-01-19 15:32:10,824 - INFO - Maximum log composite likelihood: -128.81042823919324.
2024-01-19 15:32:10,824 - INFO - Optimal value of theta: 6454.092272380488.
2024-01-19 15:32:10,824 - INFO - Beginning optimization with guess, [4.74266558 2.83538029 0.00532149 0.00735982].
2024-01-19 15:32:23,462 - INFO - Finished optimization with guess, [4.74266558 2.83538029 0.00532149 0.00735982].
2024-01-19 15:32:23,463 - INFO - Best fit parameters: [9.83904240e+00 6.60653874e-01 1.16159973e-06 4.37301468e-01].
2024-01-19 15:32:23,619 - INFO - Maximum log composite likelihood: -128.77728576491427.
2024-01-19 15:32:23,619 - INFO - Optimal value of theta: 6500.994215979059.
2024-01-19 15:32:23,619 - INFO - Beginning optimization with guess, [2.30133714 3.0465081  0.01776637 0.00687255].
2024-01-19 15:32:35,743 - INFO - Finished optimization with guess, [2.30133714 3.0465081  0.01776637 0.00687255].
2024-01-19 15:32:35,743 - INFO - Best fit parameters: [8.06992499e-01 9.68944823e+00 1.00032105e-01 2.25609927e-04].
2024-01-19 15:32:35,884 - INFO - Maximum log composite likelihood: -170.5696747579991.
2024-01-19 15:32:35,884 - INFO - Optimal value of theta: 5362.35075809727.
2024-01-19 15:32:35,884 - INFO - Beginning optimization with guess, [6.49467304 4.15758926 0.01076115 0.00814461].
2024-01-19 15:32:48,048 - INFO - Finished optimization with guess, [6.49467304 4.15758926 0.01076115 0.00814461].
2024-01-19 15:32:48,049 - INFO - Best fit parameters: [1.07192217e-01 5.15720773e-01 4.31337562e-04 8.55377160e-08].
2024-01-19 15:32:48,191 - INFO - Maximum log composite likelihood: -218.67869734253213.
2024-01-19 15:32:48,191 - INFO - Optimal value of theta: 5137.728958368412.
2024-01-19 15:32:48,191 - INFO - Beginning optimization with guess, [5.48638067 3.86993196 0.01958123 0.01103629].
2024-01-19 15:33:00,908 - INFO - Finished optimization with guess, [5.48638067 3.86993196 0.01958123 0.01103629].
2024-01-19 15:33:00,909 - INFO - Best fit parameters: [6.52543189e+01 6.18607980e-01 1.91854960e-04 5.32915133e-01].
2024-01-19 15:33:01,067 - INFO - Maximum log composite likelihood: -127.35456610833717.
2024-01-19 15:33:01,067 - INFO - Optimal value of theta: 6967.04402016115.
2024-01-19 15:33:01,067 - INFO - Beginning optimization with guess, [3.27257903 6.01291775 0.01424752 0.01138476].
2024-01-19 15:33:13,933 - INFO - Finished optimization with guess, [3.27257903 6.01291775 0.01424752 0.01138476].
2024-01-19 15:33:13,934 - INFO - Best fit parameters: [1.54215183e+01 8.01892757e-01 4.86886744e-03 5.25136899e-02].
2024-01-19 15:33:14,080 - INFO - Maximum log composite likelihood: -202.07612757908032.
2024-01-19 15:33:14,081 - INFO - Optimal value of theta: 5212.487599570963.
2024-01-19 15:33:14,081 - INFO - Beginning optimization with guess, [3.81935747e+00 9.01531031e+00 1.94569886e-02 6.98857300e-03].
2024-01-19 15:33:26,800 - INFO - Finished optimization with guess, [3.81935747e+00 9.01531031e+00 1.94569886e-02 6.98857300e-03].
2024-01-19 15:33:26,801 - INFO - Best fit parameters: [3.93796493e+00 8.26860183e-01 8.34186109e-05 2.89318765e-02].
2024-01-19 15:33:26,942 - INFO - Maximum log composite likelihood: -207.1283624279872.
2024-01-19 15:33:26,942 - INFO - Optimal value of theta: 5166.287163947593.
2024-01-19 15:33:26,942 - INFO - Beginning optimization with guess, [10.35314802  6.12849238  0.01800261  0.0140516 ].
2024-01-19 15:33:39,420 - INFO - Finished optimization with guess, [10.35314802  6.12849238  0.01800261  0.0140516 ].
2024-01-19 15:33:39,421 - INFO - Best fit parameters: [6.51746619e-01 1.86648219e+01 4.63278974e-02 5.77491229e-04].
2024-01-19 15:33:39,560 - INFO - Maximum log composite likelihood: -194.5247292644815.
2024-01-19 15:33:39,560 - INFO - Optimal value of theta: 5450.4556005165105.
2024-01-19 15:33:39,562 - INFO - Finished demographic inference.
2024-01-19 15:33:39,562 - INFO - Pipeline executed succesfully.
