2024-01-19 15:22:39,541 - INFO - Beginning execution of fit_demographic_model.py in directory /u/project/kirk/jonmah/sample_size_demography/Scripts

2024-01-19 15:22:39,542 - INFO - Progress is being logged to ../Analysis/1kg_EUR_76/log.log

2024-01-19 15:22:39,542 - INFO - Parsed the following arguments:
	syn_input_sfs = ../Analysis/1kg_EUR_76/syn_downsampled_sfs.txt
	mask_singletons = False
	mask_doubletons = False
	outprefix = ../Analysis/1kg_EUR_76/

2024-01-19 15:22:39,568 - INFO - Beginning demographic inference for one-epoch demographic model.
2024-01-19 15:22:39,569 - INFO - Beginning optimization with guess, [0.11851944].
2024-01-19 15:22:53,734 - INFO - Finished optimization with guess, [0.11851944].
2024-01-19 15:22:53,737 - INFO - Best fit parameters: [0.11851944].
2024-01-19 15:22:54,139 - INFO - Maximum log composite likelihood: -302.73134352559543.
2024-01-19 15:22:54,139 - INFO - Optimal value of theta: 5038.066964929493.
2024-01-19 15:22:54,139 - INFO - Beginning optimization with guess, [0.11836569].
2024-01-19 15:23:08,292 - INFO - Finished optimization with guess, [0.11836569].
2024-01-19 15:23:08,293 - INFO - Best fit parameters: [0.11836569].
2024-01-19 15:23:08,694 - INFO - Maximum log composite likelihood: -302.73134352559543.
2024-01-19 15:23:08,695 - INFO - Optimal value of theta: 5038.066964929493.
2024-01-19 15:23:08,695 - INFO - Beginning optimization with guess, [0.33091759].
2024-01-19 15:23:21,429 - INFO - Finished optimization with guess, [0.33091759].
2024-01-19 15:23:21,432 - INFO - Best fit parameters: [0.33091759].
2024-01-19 15:23:21,829 - INFO - Maximum log composite likelihood: -302.73134352559543.
2024-01-19 15:23:21,829 - INFO - Optimal value of theta: 5038.066964929493.
2024-01-19 15:23:21,829 - INFO - Beginning optimization with guess, [0.76333735].
2024-01-19 15:23:32,181 - INFO - Finished optimization with guess, [0.76333735].
2024-01-19 15:23:32,183 - INFO - Best fit parameters: [0.76333735].
2024-01-19 15:23:32,587 - INFO - Maximum log composite likelihood: -302.73134352559543.
2024-01-19 15:23:32,587 - INFO - Optimal value of theta: 5038.066964929493.
2024-01-19 15:23:32,588 - INFO - Beginning optimization with guess, [0.26377972].
2024-01-19 15:23:45,348 - INFO - Finished optimization with guess, [0.26377972].
2024-01-19 15:23:45,351 - INFO - Best fit parameters: [0.26377972].
2024-01-19 15:23:45,751 - INFO - Maximum log composite likelihood: -302.73134352559543.
2024-01-19 15:23:45,751 - INFO - Optimal value of theta: 5038.066964929493.
2024-01-19 15:23:45,752 - INFO - Beginning optimization with guess, [0.35069032].
2024-01-19 15:23:58,551 - INFO - Finished optimization with guess, [0.35069032].
2024-01-19 15:23:58,554 - INFO - Best fit parameters: [0.35069032].
2024-01-19 15:23:58,953 - INFO - Maximum log composite likelihood: -302.73134352559543.
2024-01-19 15:23:58,954 - INFO - Optimal value of theta: 5038.066964929493.
2024-01-19 15:23:58,954 - INFO - Beginning optimization with guess, [0.85579726].
2024-01-19 15:24:07,972 - INFO - Finished optimization with guess, [0.85579726].
2024-01-19 15:24:07,977 - INFO - Best fit parameters: [0.85579726].
2024-01-19 15:24:08,366 - INFO - Maximum log composite likelihood: -302.73134352559543.
2024-01-19 15:24:08,366 - INFO - Optimal value of theta: 5038.066964929493.
2024-01-19 15:24:08,366 - INFO - Beginning optimization with guess, [0.94574323].
2024-01-19 15:24:14,929 - INFO - Finished optimization with guess, [0.94574323].
2024-01-19 15:24:14,933 - INFO - Best fit parameters: [0.94574323].
2024-01-19 15:24:15,321 - INFO - Maximum log composite likelihood: -302.73134352559543.
2024-01-19 15:24:15,321 - INFO - Optimal value of theta: 5038.066964929493.
2024-01-19 15:24:15,321 - INFO - Beginning optimization with guess, [0.94650354].
2024-01-19 15:24:21,917 - INFO - Finished optimization with guess, [0.94650354].
2024-01-19 15:24:21,919 - INFO - Best fit parameters: [0.94650354].
2024-01-19 15:24:22,313 - INFO - Maximum log composite likelihood: -302.73134352559543.
2024-01-19 15:24:22,313 - INFO - Optimal value of theta: 5038.066964929493.
2024-01-19 15:24:22,313 - INFO - Beginning optimization with guess, [0.70029892].
2024-01-19 15:24:32,466 - INFO - Finished optimization with guess, [0.70029892].
2024-01-19 15:24:32,469 - INFO - Best fit parameters: [0.70029892].
2024-01-19 15:24:32,869 - INFO - Maximum log composite likelihood: -302.73134352559543.
2024-01-19 15:24:32,869 - INFO - Optimal value of theta: 5038.066964929493.
2024-01-19 15:24:32,869 - INFO - Beginning optimization with guess, [1.23832987].
2024-01-19 15:24:41,961 - INFO - Finished optimization with guess, [1.23832987].
2024-01-19 15:24:41,963 - INFO - Best fit parameters: [1.23832987].
2024-01-19 15:24:42,369 - INFO - Maximum log composite likelihood: -302.73134352559543.
2024-01-19 15:24:42,370 - INFO - Optimal value of theta: 5038.066964929493.
2024-01-19 15:24:42,370 - INFO - Beginning optimization with guess, [1.85666841].
2024-01-19 15:24:53,835 - INFO - Finished optimization with guess, [1.85666841].
2024-01-19 15:24:53,839 - INFO - Best fit parameters: [1.85666841].
2024-01-19 15:24:54,241 - INFO - Maximum log composite likelihood: -302.73134352559543.
2024-01-19 15:24:54,241 - INFO - Optimal value of theta: 5038.066964929493.
2024-01-19 15:24:54,241 - INFO - Beginning optimization with guess, [3.12472121].
2024-01-19 15:25:08,436 - INFO - Finished optimization with guess, [3.12472121].
2024-01-19 15:25:08,446 - INFO - Best fit parameters: [3.12472121].
2024-01-19 15:25:08,937 - INFO - Maximum log composite likelihood: -302.73134352559543.
2024-01-19 15:25:08,937 - INFO - Optimal value of theta: 5038.066964929493.
2024-01-19 15:25:08,938 - INFO - Beginning optimization with guess, [2.93806247].
2024-01-19 15:25:22,625 - INFO - Finished optimization with guess, [2.93806247].
2024-01-19 15:25:22,627 - INFO - Best fit parameters: [2.93806247].
2024-01-19 15:25:23,024 - INFO - Maximum log composite likelihood: -302.73134352559543.
2024-01-19 15:25:23,024 - INFO - Optimal value of theta: 5038.066964929493.
2024-01-19 15:25:23,025 - INFO - Beginning optimization with guess, [4.48975993].
2024-01-19 15:25:35,764 - INFO - Finished optimization with guess, [4.48975993].
2024-01-19 15:25:35,766 - INFO - Best fit parameters: [4.48975993].
2024-01-19 15:25:36,165 - INFO - Maximum log composite likelihood: -302.73134352559543.
2024-01-19 15:25:36,165 - INFO - Optimal value of theta: 5038.066964929493.
2024-01-19 15:25:36,166 - INFO - Beginning optimization with guess, [1.75475514].
2024-01-19 15:25:47,735 - INFO - Finished optimization with guess, [1.75475514].
2024-01-19 15:25:47,737 - INFO - Best fit parameters: [1.75475514].
2024-01-19 15:25:48,137 - INFO - Maximum log composite likelihood: -302.73134352559543.
2024-01-19 15:25:48,137 - INFO - Optimal value of theta: 5038.066964929493.
2024-01-19 15:25:48,138 - INFO - Beginning optimization with guess, [1.89836724].
2024-01-19 15:25:59,681 - INFO - Finished optimization with guess, [1.89836724].
2024-01-19 15:25:59,684 - INFO - Best fit parameters: [1.89836724].
2024-01-19 15:26:00,087 - INFO - Maximum log composite likelihood: -302.73134352559543.
2024-01-19 15:26:00,087 - INFO - Optimal value of theta: 5038.066964929493.
2024-01-19 15:26:00,087 - INFO - Beginning optimization with guess, [1.90789959].
2024-01-19 15:26:12,843 - INFO - Finished optimization with guess, [1.90789959].
2024-01-19 15:26:12,845 - INFO - Best fit parameters: [1.90789959].
2024-01-19 15:26:13,244 - INFO - Maximum log composite likelihood: -302.73134352559543.
2024-01-19 15:26:13,244 - INFO - Optimal value of theta: 5038.066964929493.
2024-01-19 15:26:13,244 - INFO - Beginning optimization with guess, [5.86605804].
2024-01-19 15:26:25,983 - INFO - Finished optimization with guess, [5.86605804].
2024-01-19 15:26:25,985 - INFO - Best fit parameters: [5.86605804].
2024-01-19 15:26:26,383 - INFO - Maximum log composite likelihood: -302.73134352559543.
2024-01-19 15:26:26,384 - INFO - Optimal value of theta: 5038.066964929493.
2024-01-19 15:26:26,384 - INFO - Beginning optimization with guess, [3.97164659].
2024-01-19 15:26:39,127 - INFO - Finished optimization with guess, [3.97164659].
2024-01-19 15:26:39,129 - INFO - Best fit parameters: [3.97164659].
2024-01-19 15:26:39,530 - INFO - Maximum log composite likelihood: -302.73134352559543.
2024-01-19 15:26:39,530 - INFO - Optimal value of theta: 5038.066964929493.
2024-01-19 15:26:39,531 - INFO - Beginning optimization with guess, [3.89952249].
2024-01-19 15:26:52,282 - INFO - Finished optimization with guess, [3.89952249].
2024-01-19 15:26:52,286 - INFO - Best fit parameters: [3.89952249].
2024-01-19 15:26:52,690 - INFO - Maximum log composite likelihood: -302.73134352559543.
2024-01-19 15:26:52,690 - INFO - Optimal value of theta: 5038.066964929493.
2024-01-19 15:26:52,690 - INFO - Beginning optimization with guess, [2.59065816].
2024-01-19 15:27:04,507 - INFO - Finished optimization with guess, [2.59065816].
2024-01-19 15:27:04,510 - INFO - Best fit parameters: [2.59065816].
2024-01-19 15:27:04,911 - INFO - Maximum log composite likelihood: -302.73134352559543.
2024-01-19 15:27:04,912 - INFO - Optimal value of theta: 5038.066964929493.
2024-01-19 15:27:04,912 - INFO - Beginning optimization with guess, [5.73688365].
2024-01-19 15:27:17,567 - INFO - Finished optimization with guess, [5.73688365].
2024-01-19 15:27:17,571 - INFO - Best fit parameters: [5.73688365].
2024-01-19 15:27:17,963 - INFO - Maximum log composite likelihood: -302.73134352559543.
2024-01-19 15:27:17,963 - INFO - Optimal value of theta: 5038.066964929493.
2024-01-19 15:27:17,963 - INFO - Beginning optimization with guess, [10.69327696].
2024-01-19 15:27:31,710 - INFO - Finished optimization with guess, [10.69327696].
2024-01-19 15:27:31,714 - INFO - Best fit parameters: [10.69327696].
2024-01-19 15:27:32,112 - INFO - Maximum log composite likelihood: -302.73134352559543.
2024-01-19 15:27:32,112 - INFO - Optimal value of theta: 5038.066964929493.
2024-01-19 15:27:32,113 - INFO - Beginning optimization with guess, [5.57167518].
2024-01-19 15:27:44,875 - INFO - Finished optimization with guess, [5.57167518].
2024-01-19 15:27:44,879 - INFO - Best fit parameters: [5.57167518].
2024-01-19 15:27:45,280 - INFO - Maximum log composite likelihood: -302.73134352559543.
2024-01-19 15:27:45,281 - INFO - Optimal value of theta: 5038.066964929493.
2024-01-19 15:27:45,283 - INFO - Beginning demographic inference for two-epoch demographic model.
2024-01-19 15:27:45,288 - INFO - Beginning optimization with guess, [0.09165602 0.01208422].
2024-01-19 15:28:23,973 - INFO - Finished optimization with guess, [0.09165602 0.01208422].
2024-01-19 15:28:23,975 - INFO - Best fit parameters: [5.13237204e+04 1.71724030e-04].
2024-01-19 15:28:24,379 - INFO - Maximum log composite likelihood: -302.6475753190484.
2024-01-19 15:28:24,379 - INFO - Optimal value of theta: 5031.3656129234005.
2024-01-19 15:28:24,380 - INFO - Beginning optimization with guess, [0.13447772 0.01270594].
2024-01-19 15:29:02,122 - INFO - Finished optimization with guess, [0.13447772 0.01270594].
2024-01-19 15:29:02,126 - INFO - Best fit parameters: [2.60969144e+03 1.69710251e-04].
2024-01-19 15:29:02,532 - INFO - Maximum log composite likelihood: -302.64758470269135.
2024-01-19 15:29:02,532 - INFO - Optimal value of theta: 5031.397542387471.
2024-01-19 15:29:02,532 - INFO - Beginning optimization with guess, [0.44657657 0.00774158].
2024-01-19 15:29:39,264 - INFO - Finished optimization with guess, [0.44657657 0.00774158].
2024-01-19 15:29:39,267 - INFO - Best fit parameters: [1.75534948e+04 1.71824967e-04].
2024-01-19 15:29:39,659 - INFO - Maximum log composite likelihood: -302.6475761611513.
2024-01-19 15:29:39,659 - INFO - Optimal value of theta: 5031.356451041688.
2024-01-19 15:29:39,659 - INFO - Beginning optimization with guess, [0.37549441 0.00710109].
2024-01-19 15:30:18,590 - INFO - Finished optimization with guess, [0.37549441 0.00710109].
2024-01-19 15:30:18,600 - INFO - Best fit parameters: [9.87267376e+05 1.71908601e-04].
2024-01-19 15:30:18,996 - INFO - Maximum log composite likelihood: -302.6475749414561.
2024-01-19 15:30:18,996 - INFO - Optimal value of theta: 5031.36102196434.
2024-01-19 15:30:18,996 - INFO - Beginning optimization with guess, [0.7101207  0.01561826].
2024-01-19 15:30:54,422 - INFO - Finished optimization with guess, [0.7101207  0.01561826].
2024-01-19 15:30:54,425 - INFO - Best fit parameters: [9.52574284e+03 1.70803924e-04].
2024-01-19 15:30:54,827 - INFO - Maximum log composite likelihood: -302.6475783385331.
2024-01-19 15:30:54,827 - INFO - Optimal value of theta: 5031.3898143941615.
2024-01-19 15:30:54,828 - INFO - Beginning optimization with guess, [1.03354463 0.00509795].
2024-01-19 15:31:32,727 - INFO - Finished optimization with guess, [1.03354463 0.00509795].
2024-01-19 15:31:32,729 - INFO - Best fit parameters: [7.57743063e+03 1.72197246e-04].
2024-01-19 15:31:33,132 - INFO - Maximum log composite likelihood: -302.6475794767757.
2024-01-19 15:31:33,132 - INFO - Optimal value of theta: 5031.331629238795.
2024-01-19 15:31:33,133 - INFO - Beginning optimization with guess, [0.92271457 0.00551446].
2024-01-19 15:32:13,626 - INFO - Finished optimization with guess, [0.92271457 0.00551446].
2024-01-19 15:32:13,629 - INFO - Best fit parameters: [0.47529777 0.82170077].
2024-01-19 15:32:14,095 - INFO - Maximum log composite likelihood: -208.76957003437315.
2024-01-19 15:32:14,095 - INFO - Optimal value of theta: 9487.589990189408.
2024-01-19 15:32:14,095 - INFO - Beginning optimization with guess, [1.31460832 0.01991332].
2024-01-19 15:32:50,370 - INFO - Finished optimization with guess, [1.31460832 0.01991332].
2024-01-19 15:32:50,373 - INFO - Best fit parameters: [7.89856843e+02 1.70372630e-04].
2024-01-19 15:32:50,781 - INFO - Maximum log composite likelihood: -302.6476127041119.
2024-01-19 15:32:50,781 - INFO - Optimal value of theta: 5031.280635434851.
2024-01-19 15:32:50,781 - INFO - Beginning optimization with guess, [1.60202842 0.00563542].
2024-01-19 15:33:28,857 - INFO - Finished optimization with guess, [1.60202842 0.00563542].
2024-01-19 15:33:28,860 - INFO - Best fit parameters: [1.59751766e+04 1.71962809e-04].
2024-01-19 15:33:29,261 - INFO - Maximum log composite likelihood: -302.64757650497063.
2024-01-19 15:33:29,262 - INFO - Optimal value of theta: 5031.350288512553.
2024-01-19 15:33:29,262 - INFO - Beginning optimization with guess, [0.69966375 0.00999921].
2024-01-19 15:34:05,270 - INFO - Finished optimization with guess, [0.69966375 0.00999921].
2024-01-19 15:34:05,272 - INFO - Best fit parameters: [8.66326094e+04 1.71735027e-04].
2024-01-19 15:34:05,671 - INFO - Maximum log composite likelihood: -302.647575163896.
2024-01-19 15:34:05,672 - INFO - Optimal value of theta: 5031.366299685551.
2024-01-19 15:34:05,672 - INFO - Beginning optimization with guess, [2.01573217 0.00585944].
2024-01-19 15:34:43,249 - INFO - Finished optimization with guess, [2.01573217 0.00585944].
2024-01-19 15:34:43,251 - INFO - Best fit parameters: [6.21926533e+02 1.68561087e-04].
2024-01-19 15:34:43,658 - INFO - Maximum log composite likelihood: -302.64760854661074.
2024-01-19 15:34:43,658 - INFO - Optimal value of theta: 5031.326575610632.
2024-01-19 15:34:43,659 - INFO - Beginning optimization with guess, [1.46716806 0.00916405].
2024-01-19 15:35:20,424 - INFO - Finished optimization with guess, [1.46716806 0.00916405].
2024-01-19 15:35:20,431 - INFO - Best fit parameters: [8.71852277e+06 1.71809964e-04].
2024-01-19 15:35:20,829 - INFO - Maximum log composite likelihood: -302.64757491911723.
2024-01-19 15:35:20,830 - INFO - Optimal value of theta: 5031.364991606941.
2024-01-19 15:35:20,830 - INFO - Beginning optimization with guess, [1.07747153 0.01552556].
2024-01-19 15:35:56,401 - INFO - Finished optimization with guess, [1.07747153 0.01552556].
2024-01-19 15:35:56,402 - INFO - Best fit parameters: [7.73953807e+02 1.66549063e-04].
2024-01-19 15:35:56,809 - INFO - Maximum log composite likelihood: -302.6476085086704.
2024-01-19 15:35:56,810 - INFO - Optimal value of theta: 5031.43318173164.
2024-01-19 15:35:56,810 - INFO - Beginning optimization with guess, [1.02550474 0.00664718].
2024-01-19 15:36:33,189 - INFO - Finished optimization with guess, [1.02550474 0.00664718].
2024-01-19 15:36:33,192 - INFO - Best fit parameters: [1.45128536e+02 1.56897854e-04].
2024-01-19 15:36:33,598 - INFO - Maximum log composite likelihood: -302.6478438784486.
2024-01-19 15:36:33,598 - INFO - Optimal value of theta: 5031.652284733076.
2024-01-19 15:36:33,598 - INFO - Beginning optimization with guess, [1.31910191 0.01836427].
2024-01-19 15:37:10,802 - INFO - Finished optimization with guess, [1.31910191 0.01836427].
2024-01-19 15:37:10,804 - INFO - Best fit parameters: [6.62043631e+03 1.71406641e-04].
2024-01-19 15:37:11,203 - INFO - Maximum log composite likelihood: -302.6475779965974.
2024-01-19 15:37:11,203 - INFO - Optimal value of theta: 5031.360051118369.
2024-01-19 15:37:11,204 - INFO - Beginning optimization with guess, [1.79858969 0.01262097].
2024-01-19 15:37:48,695 - INFO - Finished optimization with guess, [1.79858969 0.01262097].
2024-01-19 15:37:48,697 - INFO - Best fit parameters: [1.27761083e+04 1.72022517e-04].
2024-01-19 15:37:49,095 - INFO - Maximum log composite likelihood: -302.64757708097284.
2024-01-19 15:37:49,096 - INFO - Optimal value of theta: 5031.345792169861.
2024-01-19 15:37:49,096 - INFO - Beginning optimization with guess, [2.05373016 0.01954115].
2024-01-19 15:38:27,535 - INFO - Finished optimization with guess, [2.05373016 0.01954115].
2024-01-19 15:38:27,536 - INFO - Best fit parameters: [8.58035606e+03 1.71757798e-04].
2024-01-19 15:38:27,938 - INFO - Maximum log composite likelihood: -302.6475775710711.
2024-01-19 15:38:27,938 - INFO - Optimal value of theta: 5031.350923440076.
2024-01-19 15:38:27,938 - INFO - Beginning optimization with guess, [1.54737222 0.01254757].
2024-01-19 15:39:05,605 - INFO - Finished optimization with guess, [1.54737222 0.01254757].
2024-01-19 15:39:05,607 - INFO - Best fit parameters: [4.04800644e+04 1.71771745e-04].
2024-01-19 15:39:06,011 - INFO - Maximum log composite likelihood: -302.6475754157493.
2024-01-19 15:39:06,011 - INFO - Optimal value of theta: 5031.36302087996.
2024-01-19 15:39:06,011 - INFO - Beginning optimization with guess, [5.18366042 0.00527444].
2024-01-19 15:39:41,145 - INFO - Finished optimization with guess, [5.18366042 0.00527444].
2024-01-19 15:39:41,147 - INFO - Best fit parameters: [9.96933893e+06 1.71929735e-04].
2024-01-19 15:39:41,544 - INFO - Maximum log composite likelihood: -302.6475749294947.
2024-01-19 15:39:41,544 - INFO - Optimal value of theta: 5031.360327839447.
2024-01-19 15:39:41,544 - INFO - Beginning optimization with guess, [5.75113369 0.01046268].
2024-01-19 15:40:20,496 - INFO - Finished optimization with guess, [5.75113369 0.01046268].
2024-01-19 15:40:20,498 - INFO - Best fit parameters: [6.18072215e+04 1.71717077e-04].
2024-01-19 15:40:20,903 - INFO - Maximum log composite likelihood: -302.6475752589889.
2024-01-19 15:40:20,903 - INFO - Optimal value of theta: 5031.366347754567.
2024-01-19 15:40:20,903 - INFO - Beginning optimization with guess, [7.72067501 0.00937975].
2024-01-19 15:40:59,742 - INFO - Finished optimization with guess, [7.72067501 0.00937975].
2024-01-19 15:40:59,744 - INFO - Best fit parameters: [3.99849784e+02 1.66791066e-04].
2024-01-19 15:41:00,146 - INFO - Maximum log composite likelihood: -302.6476228523753.
2024-01-19 15:41:00,146 - INFO - Optimal value of theta: 5031.342611984604.
2024-01-19 15:41:00,146 - INFO - Beginning optimization with guess, [4.54437087 0.01562888].
2024-01-19 15:41:37,753 - INFO - Finished optimization with guess, [4.54437087 0.01562888].
2024-01-19 15:41:37,757 - INFO - Best fit parameters: [4.52683929e+04 1.72137175e-04].
2024-01-19 15:41:38,160 - INFO - Maximum log composite likelihood: -302.6475757358204.
2024-01-19 15:41:38,160 - INFO - Optimal value of theta: 5031.349137821066.
2024-01-19 15:41:38,161 - INFO - Beginning optimization with guess, [3.96213965 0.00528345].
2024-01-19 15:42:15,804 - INFO - Finished optimization with guess, [3.96213965 0.00528345].
2024-01-19 15:42:15,806 - INFO - Best fit parameters: [8.98762166e+03 1.72188748e-04].
2024-01-19 15:42:16,204 - INFO - Maximum log composite likelihood: -302.64757870150675.
2024-01-19 15:42:16,204 - INFO - Optimal value of theta: 5031.3347721926475.
2024-01-19 15:42:16,204 - INFO - Beginning optimization with guess, [4.15397597 0.01352238].
2024-01-19 15:42:53,321 - INFO - Finished optimization with guess, [4.15397597 0.01352238].
2024-01-19 15:42:53,322 - INFO - Best fit parameters: [1.96898242e+01 1.82626107e-04].
2024-01-19 15:42:53,715 - INFO - Maximum log composite likelihood: -302.64873661326703.
2024-01-19 15:42:53,716 - INFO - Optimal value of theta: 5031.179200297388.
2024-01-19 15:42:53,716 - INFO - Beginning optimization with guess, [1.23217780e+01 1.20708023e-02].
2024-01-19 15:43:29,319 - INFO - Finished optimization with guess, [1.23217780e+01 1.20708023e-02].
2024-01-19 15:43:29,322 - INFO - Best fit parameters: [2.07027217e+05 1.72017379e-04].
2024-01-19 15:43:29,727 - INFO - Maximum log composite likelihood: -302.6475751021627.
2024-01-19 15:43:29,727 - INFO - Optimal value of theta: 5031.356243612091.
2024-01-19 15:43:29,730 - INFO - Beginning demographic inference for three-epoch demographic model.
2024-01-19 15:43:29,737 - INFO - Beginning optimization with guess, [0.00888265 0.0128129  0.00907681 0.00606162].
2024-01-19 15:44:21,388 - INFO - Finished optimization with guess, [0.00888265 0.0128129  0.00907681 0.00606162].
2024-01-19 15:44:21,389 - INFO - Best fit parameters: [0.0068076  0.0155575  0.03187361 0.00214311].
2024-01-19 15:44:21,974 - INFO - Maximum log composite likelihood: -166.21864376125848.
2024-01-19 15:44:21,974 - INFO - Optimal value of theta: 337724.43581351097.
2024-01-19 15:44:21,974 - INFO - Beginning optimization with guess, [0.01038816 0.02665437 0.01233554 0.00860913].
2024-01-19 15:45:11,194 - INFO - Finished optimization with guess, [0.01038816 0.02665437 0.01233554 0.00860913].
2024-01-19 15:45:11,195 - INFO - Best fit parameters: [0.00565089 0.02913932 0.02053248 0.00693645].
2024-01-19 15:45:11,752 - INFO - Maximum log composite likelihood: -171.0300557214374.
2024-01-19 15:45:11,752 - INFO - Optimal value of theta: 171954.12222044118.
2024-01-19 15:45:11,752 - INFO - Beginning optimization with guess, [0.01557786 0.02297497 0.00795928 0.01700549].
2024-01-19 15:46:05,230 - INFO - Finished optimization with guess, [0.01557786 0.02297497 0.00795928 0.01700549].
2024-01-19 15:46:05,233 - INFO - Best fit parameters: [0.00466314 0.02337787 0.00683247 0.08981056].
2024-01-19 15:46:05,840 - INFO - Maximum log composite likelihood: -208.75571277262463.
2024-01-19 15:46:05,840 - INFO - Optimal value of theta: 192958.7746726713.
2024-01-19 15:46:05,841 - INFO - Beginning optimization with guess, [0.02276586 0.02650432 0.00511258 0.01427961].
2024-01-19 15:46:43,541 - INFO - Finished optimization with guess, [0.02276586 0.02650432 0.00511258 0.01427961].
2024-01-19 15:46:43,543 - INFO - Best fit parameters: [2.05410719e-03 1.13344238e+00 8.13459485e-05 3.47998528e-02].
2024-01-19 15:46:43,947 - INFO - Maximum log composite likelihood: -208.9779428512752.
2024-01-19 15:46:43,947 - INFO - Optimal value of theta: 5527.9913100166195.
2024-01-19 15:46:43,947 - INFO - Beginning optimization with guess, [0.04003445 0.04298857 0.01321736 0.0126046 ].
2024-01-19 15:47:19,733 - INFO - Finished optimization with guess, [0.04003445 0.04298857 0.01321736 0.0126046 ].
2024-01-19 15:47:19,736 - INFO - Best fit parameters: [1.81631765e-02 2.68748395e+00 4.40555836e-04 1.52379973e-02].
2024-01-19 15:47:20,138 - INFO - Maximum log composite likelihood: -251.17701474271394.
2024-01-19 15:47:20,138 - INFO - Optimal value of theta: 5288.511821302612.
2024-01-19 15:47:20,139 - INFO - Beginning optimization with guess, [0.49904691 0.86881957 0.00628036 0.01797977].
2024-01-19 15:47:57,758 - INFO - Finished optimization with guess, [0.49904691 0.86881957 0.00628036 0.01797977].
2024-01-19 15:47:57,761 - INFO - Best fit parameters: [0.25610396 0.5949761  0.02588968 0.63491351].
2024-01-19 15:47:58,208 - INFO - Maximum log composite likelihood: -208.85035840637374.
2024-01-19 15:47:58,208 - INFO - Optimal value of theta: 7592.370866644998.
2024-01-19 15:47:58,208 - INFO - Beginning optimization with guess, [0.90443135 0.48434254 0.00873179 0.00595734].
2024-01-19 15:48:31,922 - INFO - Finished optimization with guess, [0.90443135 0.48434254 0.00873179 0.00595734].
2024-01-19 15:48:31,924 - INFO - Best fit parameters: [1.12843076e+00 2.30236953e+00 1.71688022e-04 2.73395854e-04].
2024-01-19 15:48:32,319 - INFO - Maximum log composite likelihood: -302.66366943523803.
2024-01-19 15:48:32,319 - INFO - Optimal value of theta: 5031.305425412959.
2024-01-19 15:48:32,320 - INFO - Beginning optimization with guess, [0.92278763 0.95984574 0.01865394 0.0077316 ].
2024-01-19 15:49:07,826 - INFO - Finished optimization with guess, [0.92278763 0.95984574 0.01865394 0.0077316 ].
2024-01-19 15:49:07,829 - INFO - Best fit parameters: [0.82338598 0.95191345 0.46052756 0.02425636].
2024-01-19 15:49:08,254 - INFO - Maximum log composite likelihood: -220.38091568871266.
2024-01-19 15:49:08,254 - INFO - Optimal value of theta: 5594.004626294556.
2024-01-19 15:49:08,254 - INFO - Beginning optimization with guess, [0.73333546 1.67005805 0.00873019 0.00538416].
2024-01-19 15:49:42,649 - INFO - Finished optimization with guess, [0.73333546 1.67005805 0.00873019 0.00538416].
2024-01-19 15:49:42,650 - INFO - Best fit parameters: [0.5604342  1.48706699 0.37727801 0.00985116].
2024-01-19 15:49:43,086 - INFO - Maximum log composite likelihood: -157.19442936954442.
2024-01-19 15:49:43,086 - INFO - Optimal value of theta: 6847.876542210518.
2024-01-19 15:49:43,087 - INFO - Beginning optimization with guess, [0.50643085 1.12378679 0.00685359 0.00641562].
2024-01-19 15:50:18,756 - INFO - Finished optimization with guess, [0.50643085 1.12378679 0.00685359 0.00641562].
2024-01-19 15:50:18,757 - INFO - Best fit parameters: [0.35760205 1.13532006 0.05855738 0.04326531].
2024-01-19 15:50:19,165 - INFO - Maximum log composite likelihood: -160.4862031580908.
2024-01-19 15:50:19,165 - INFO - Optimal value of theta: 5900.987803158114.
2024-01-19 15:50:19,165 - INFO - Beginning optimization with guess, [2.18019205 1.06702775 0.01589651 0.01095295].
2024-01-19 15:50:52,037 - INFO - Finished optimization with guess, [2.18019205 1.06702775 0.01589651 0.01095295].
2024-01-19 15:50:52,038 - INFO - Best fit parameters: [2.76882489e-02 7.14439229e-01 1.83305846e-19 5.74549457e-01].
2024-01-19 15:50:52,475 - INFO - Maximum log composite likelihood: -210.71268444977784.
2024-01-19 15:50:52,475 - INFO - Optimal value of theta: 6367.3823708650925.
2024-01-19 15:50:52,476 - INFO - Beginning optimization with guess, [2.31571204 1.25873487 0.01212989 0.01609065].
2024-01-19 15:51:26,832 - INFO - Finished optimization with guess, [2.31571204 1.25873487 0.01212989 0.01609065].
2024-01-19 15:51:26,835 - INFO - Best fit parameters: [1.74743817e+00 9.40474386e-01 3.03197628e-04 1.24768653e-05].
2024-01-19 15:51:27,239 - INFO - Maximum log composite likelihood: -302.6697187661865.
2024-01-19 15:51:27,239 - INFO - Optimal value of theta: 5033.0770843392775.
2024-01-19 15:51:27,239 - INFO - Beginning optimization with guess, [3.22080491 2.21744559 0.01169833 0.00641049].
2024-01-19 15:52:03,087 - INFO - Finished optimization with guess, [3.22080491 2.21744559 0.01169833 0.00641049].
2024-01-19 15:52:03,088 - INFO - Best fit parameters: [3.91281096e+00 4.91522325e-01 2.19011639e-04 2.35183913e-05].
2024-01-19 15:52:03,488 - INFO - Maximum log composite likelihood: -302.6617740127075.
2024-01-19 15:52:03,489 - INFO - Optimal value of theta: 5032.686084541191.
2024-01-19 15:52:03,489 - INFO - Beginning optimization with guess, [1.02900217 1.32291369 0.01464146 0.00733012].
2024-01-19 15:52:36,480 - INFO - Finished optimization with guess, [1.02900217 1.32291369 0.01464146 0.00733012].
2024-01-19 15:52:36,482 - INFO - Best fit parameters: [1.00265655e+00 1.28892781e+00 6.34870644e-04 4.90469766e-04].
2024-01-19 15:52:36,894 - INFO - Maximum log composite likelihood: -302.68777849862613.
2024-01-19 15:52:36,894 - INFO - Optimal value of theta: 5033.772491701778.
2024-01-19 15:52:36,895 - INFO - Beginning optimization with guess, [2.89641008 4.38558255 0.00813262 0.01329081].
2024-01-19 15:53:14,235 - INFO - Finished optimization with guess, [2.89641008 4.38558255 0.00813262 0.01329081].
2024-01-19 15:53:14,237 - INFO - Best fit parameters: [6.26984686e-01 8.85946244e+00 8.54942292e-04 3.46231891e-04].
2024-01-19 15:53:14,627 - INFO - Maximum log composite likelihood: -302.53046630966185.
2024-01-19 15:53:14,627 - INFO - Optimal value of theta: 5044.986699455661.
2024-01-19 15:53:14,627 - INFO - Beginning optimization with guess, [3.89756188 2.00152012 0.00553554 0.01777222].
2024-01-19 15:53:47,796 - INFO - Finished optimization with guess, [3.89756188 2.00152012 0.00553554 0.01777222].
2024-01-19 15:53:47,804 - INFO - Best fit parameters: [2.01637827e+00 1.03251408e+00 3.00012045e-04 5.31406989e-05].
2024-01-19 15:53:48,210 - INFO - Maximum log composite likelihood: -302.6694885679299.
2024-01-19 15:53:48,210 - INFO - Optimal value of theta: 5032.148329785875.
2024-01-19 15:53:48,210 - INFO - Beginning optimization with guess, [1.57009063 1.46796055 0.00525385 0.01349676].
2024-01-19 15:54:23,237 - INFO - Finished optimization with guess, [1.57009063 1.46796055 0.00525385 0.01349676].
2024-01-19 15:54:23,238 - INFO - Best fit parameters: [1.51887035e+00 2.38994625e+00 2.46322307e-04 9.16983439e-05].
2024-01-19 15:54:23,633 - INFO - Maximum log composite likelihood: -302.66405618141255.
2024-01-19 15:54:23,633 - INFO - Optimal value of theta: 5032.727558882592.
2024-01-19 15:54:23,634 - INFO - Beginning optimization with guess, [3.78614723 1.95445902 0.00679567 0.00730981].
2024-01-19 15:55:00,126 - INFO - Finished optimization with guess, [3.78614723 1.95445902 0.00679567 0.00730981].
2024-01-19 15:55:00,127 - INFO - Best fit parameters: [1.44163574e-02 1.12476333e+01 4.59696640e-04 1.54991552e-02].
2024-01-19 15:55:00,527 - INFO - Maximum log composite likelihood: -261.94976614826874.
2024-01-19 15:55:00,527 - INFO - Optimal value of theta: 5287.605097580012.
2024-01-19 15:55:00,527 - INFO - Beginning optimization with guess, [6.01565989e+00 5.28574071e+00 1.78066289e-02 5.72352839e-03].
2024-01-19 15:55:35,040 - INFO - Finished optimization with guess, [6.01565989e+00 5.28574071e+00 1.78066289e-02 5.72352839e-03].
2024-01-19 15:55:35,041 - INFO - Best fit parameters: [6.05174443e+01 7.74724406e-02 1.73969233e-04 1.17043578e-15].
2024-01-19 15:55:35,451 - INFO - Maximum log composite likelihood: -302.6480822151284.
2024-01-19 15:55:35,451 - INFO - Optimal value of theta: 5031.054919481193.
2024-01-19 15:55:35,451 - INFO - Beginning optimization with guess, [3.53496217 6.43626583 0.01110102 0.00945014].
2024-01-19 15:56:11,453 - INFO - Finished optimization with guess, [3.53496217 6.43626583 0.01110102 0.00945014].
2024-01-19 15:56:11,467 - INFO - Best fit parameters: [3.38026738e-01 1.21501257e+01 3.92803210e-05 2.65211742e-04].
2024-01-19 15:56:11,864 - INFO - Maximum log composite likelihood: -302.64402775587234.
2024-01-19 15:56:11,864 - INFO - Optimal value of theta: 5031.510331089578.
2024-01-19 15:56:11,864 - INFO - Beginning optimization with guess, [2.46123759 3.15426056 0.00995967 0.0129978 ].
2024-01-19 15:56:45,215 - INFO - Finished optimization with guess, [2.46123759 3.15426056 0.00995967 0.0129978 ].
2024-01-19 15:56:45,216 - INFO - Best fit parameters: [4.30855738e+00 6.86858793e+00 2.11180380e-04 1.20090770e-05].
2024-01-19 15:56:45,612 - INFO - Maximum log composite likelihood: -302.6532458946024.
2024-01-19 15:56:45,613 - INFO - Optimal value of theta: 5031.334825162394.
2024-01-19 15:56:45,613 - INFO - Beginning optimization with guess, [6.27041692e+00 9.82558322e+00 9.19009625e-03 1.45022451e-02].
2024-01-19 15:57:20,439 - INFO - Finished optimization with guess, [6.27041692e+00 9.82558322e+00 9.19009625e-03 1.45022451e-02].
2024-01-19 15:57:20,439 - INFO - Best fit parameters: [6.58182673e-01 2.43354054e+02 5.78855637e-01 1.87782250e-03].
2024-01-19 15:57:20,879 - INFO - Maximum log composite likelihood: -175.8453618702357.
2024-01-19 15:57:20,879 - INFO - Optimal value of theta: 6645.337014133678.
2024-01-19 15:57:20,880 - INFO - Beginning optimization with guess, [1.06297270e+01 4.90436392e+00 8.73788395e-03 1.25151289e-02].
2024-01-19 15:57:56,345 - INFO - Finished optimization with guess, [1.06297270e+01 4.90436392e+00 8.73788395e-03 1.25151289e-02].
2024-01-19 15:57:56,346 - INFO - Best fit parameters: [5.67270038e+00 1.69414063e+00 2.01457452e-04 1.73524439e-06].
2024-01-19 15:57:56,746 - INFO - Maximum log composite likelihood: -302.65183420671656.
2024-01-19 15:57:56,747 - INFO - Optimal value of theta: 5031.567701858462.
2024-01-19 15:57:56,748 - INFO - Beginning optimization with guess, [9.32600879e+00 3.91260888e+00 8.79653695e-03 7.52659614e-03].
2024-01-19 15:58:32,928 - INFO - Finished optimization with guess, [9.32600879e+00 3.91260888e+00 8.79653695e-03 7.52659614e-03].
2024-01-19 15:58:32,931 - INFO - Best fit parameters: [7.82251456e-01 3.46981359e+00 1.93211846e-04 2.59474515e-04].
2024-01-19 15:58:33,329 - INFO - Maximum log composite likelihood: -302.6501010753241.
2024-01-19 15:58:33,330 - INFO - Optimal value of theta: 5032.949517190056.
2024-01-19 15:58:33,330 - INFO - Beginning optimization with guess, [5.63562014e+00 1.11383924e+01 8.54030154e-03 8.08629323e-03].
2024-01-19 15:59:08,367 - INFO - Finished optimization with guess, [5.63562014e+00 1.11383924e+01 8.54030154e-03 8.08629323e-03].
2024-01-19 15:59:08,369 - INFO - Best fit parameters: [8.80322147e-01 4.68524239e+00 4.41654516e-04 2.52302096e-04].
2024-01-19 15:59:08,765 - INFO - Maximum log composite likelihood: -302.6360176810085.
2024-01-19 15:59:08,766 - INFO - Optimal value of theta: 5032.6262328393805.
2024-01-19 15:59:08,768 - INFO - Finished demographic inference.
2024-01-19 15:59:08,769 - INFO - Pipeline executed succesfully.
