2024-01-16 15:23:40,297 - INFO - Beginning execution of fit_demographic_model.py in directory /u/project/kirk/jonmah/sample_size_demography/Scripts

2024-01-16 15:23:40,298 - INFO - Progress is being logged to ../Analysis/1kg_EUR_370/log.log

2024-01-16 15:23:40,298 - INFO - Parsed the following arguments:
	syn_input_sfs = ../Analysis/1kg_EUR_370/syn_downsampled_sfs.txt
	mask_singletons = False
	mask_doubletons = False
	outprefix = ../Analysis/1kg_EUR_370/

2024-01-16 15:23:40,302 - INFO - Beginning demographic inference for three-epoch demographic model.
2024-01-16 15:23:40,306 - INFO - Beginning optimization with guess, [0.00594065 0.01090055 0.00950613 0.00530434].
2024-01-16 15:25:03,209 - INFO - Finished optimization with guess, [0.00594065 0.01090055 0.00950613 0.00530434].
2024-01-16 15:25:03,211 - INFO - Best fit parameters: [0.00348367 0.02433585 0.01358241 0.00419897].
2024-01-16 15:25:04,106 - INFO - Maximum log composite likelihood: -696.6693281699276.
2024-01-16 15:25:04,107 - INFO - Optimal value of theta: 227897.7606966554.
2024-01-16 15:25:04,107 - INFO - Beginning optimization with guess, [0.01246308 0.02931996 0.00923208 0.01364518].
2024-01-16 15:26:26,093 - INFO - Finished optimization with guess, [0.01246308 0.02931996 0.00923208 0.01364518].
2024-01-16 15:26:26,095 - INFO - Best fit parameters: [0.03189013 0.05423191 0.13133319 0.00201572].
2024-01-16 15:26:26,982 - INFO - Maximum log composite likelihood: -618.5834599565221.
2024-01-16 15:26:26,982 - INFO - Optimal value of theta: 112399.28381071393.
2024-01-16 15:26:26,983 - INFO - Beginning optimization with guess, [0.01823916 0.05753768 0.01000539 0.01255605].
2024-01-16 15:27:44,748 - INFO - Finished optimization with guess, [0.01823916 0.05753768 0.01000539 0.01255605].
2024-01-16 15:27:44,750 - INFO - Best fit parameters: [0.00842868 0.06191462 0.02489252 0.01064236].
2024-01-16 15:27:45,617 - INFO - Maximum log composite likelihood: -697.0778618548799.
2024-01-16 15:27:45,617 - INFO - Optimal value of theta: 89762.46191861517.
2024-01-16 15:27:45,618 - INFO - Beginning optimization with guess, [0.02057943 0.02087308 0.00717408 0.01763987].
2024-01-16 15:29:10,694 - INFO - Finished optimization with guess, [0.02057943 0.02087308 0.00717408 0.01763987].
2024-01-16 15:29:10,696 - INFO - Best fit parameters: [0.01008276 0.01309012 0.0056881  0.08130123].
2024-01-16 15:29:11,644 - INFO - Maximum log composite likelihood: -849.2806908119394.
2024-01-16 15:29:11,644 - INFO - Optimal value of theta: 379079.48141955043.
2024-01-16 15:29:11,644 - INFO - Beginning optimization with guess, [0.04900289 0.05842109 0.01376673 0.0118377 ].
2024-01-16 15:30:24,993 - INFO - Finished optimization with guess, [0.04900289 0.05842109 0.01376673 0.0118377 ].
2024-01-16 15:30:24,994 - INFO - Best fit parameters: [0.00869462 0.16889713 0.01587883 0.03267348].
2024-01-16 15:30:25,849 - INFO - Maximum log composite likelihood: -702.8348587793125.
2024-01-16 15:30:25,850 - INFO - Optimal value of theta: 32463.457062510966.
2024-01-16 15:30:25,850 - INFO - Beginning optimization with guess, [0.40249448 0.49043221 0.01507372 0.01317116].
2024-01-16 15:31:37,433 - INFO - Finished optimization with guess, [0.40249448 0.49043221 0.01507372 0.01317116].
2024-01-16 15:31:37,434 - INFO - Best fit parameters: [3.63709584e-01 2.07943176e+00 9.45082248e-05 3.95514849e-03].
2024-01-16 15:31:38,250 - INFO - Maximum log composite likelihood: -788.4571175113531.
2024-01-16 15:31:38,250 - INFO - Optimal value of theta: 4952.630275205732.
2024-01-16 15:31:38,250 - INFO - Beginning optimization with guess, [0.78639955 1.10291618 0.00661668 0.006525  ].
2024-01-16 15:32:47,888 - INFO - Finished optimization with guess, [0.78639955 1.10291618 0.00661668 0.006525  ].
2024-01-16 15:32:47,900 - INFO - Best fit parameters: [0.63157384 1.1363669  0.34443107 0.01721852].
2024-01-16 15:32:48,727 - INFO - Maximum log composite likelihood: -615.7855618810393.
2024-01-16 15:32:48,727 - INFO - Optimal value of theta: 6219.97983514253.
2024-01-16 15:32:48,728 - INFO - Beginning optimization with guess, [1.32762313 0.57183939 0.00928067 0.00861108].
2024-01-16 15:33:56,830 - INFO - Finished optimization with guess, [1.32762313 0.57183939 0.00928067 0.00861108].
2024-01-16 15:33:56,831 - INFO - Best fit parameters: [2.01357547e+00 1.57847056e+00 3.69654544e-03 2.64878798e-07].
2024-01-16 15:33:57,644 - INFO - Maximum log composite likelihood: -788.4059602003614.
2024-01-16 15:33:57,645 - INFO - Optimal value of theta: 4954.792117425298.
2024-01-16 15:33:57,645 - INFO - Beginning optimization with guess, [1.3920824  1.76238093 0.00690754 0.010769  ].
2024-01-16 15:35:07,836 - INFO - Finished optimization with guess, [1.3920824  1.76238093 0.00690754 0.010769  ].
2024-01-16 15:35:07,838 - INFO - Best fit parameters: [1.35829854e+00 1.90455533e+00 1.41276355e-03 3.18584610e-03].
2024-01-16 15:35:08,666 - INFO - Maximum log composite likelihood: -788.268508841878.
2024-01-16 15:35:08,666 - INFO - Optimal value of theta: 4953.676722238958.
2024-01-16 15:35:08,667 - INFO - Beginning optimization with guess, [0.58361869 0.95543056 0.01252632 0.0063082 ].
2024-01-16 15:36:19,812 - INFO - Finished optimization with guess, [0.58361869 0.95543056 0.01252632 0.0063082 ].
2024-01-16 15:36:19,813 - INFO - Best fit parameters: [1.59136124e+00 7.69576088e-01 1.01269738e-09 9.36938569e-01].
2024-01-16 15:36:20,646 - INFO - Maximum log composite likelihood: -849.4923777554862.
2024-01-16 15:36:20,647 - INFO - Optimal value of theta: 6442.679731361618.
2024-01-16 15:36:20,647 - INFO - Beginning optimization with guess, [1.48171286 1.11708158 0.01567744 0.00877959].
2024-01-16 15:37:30,557 - INFO - Finished optimization with guess, [1.48171286 1.11708158 0.01567744 0.00877959].
2024-01-16 15:37:30,558 - INFO - Best fit parameters: [2.00035416e+00 1.19022662e+00 3.77408335e-03 7.52864638e-07].
2024-01-16 15:37:31,384 - INFO - Maximum log composite likelihood: -788.4071962142182.
2024-01-16 15:37:31,384 - INFO - Optimal value of theta: 4953.00139996905.
2024-01-16 15:37:31,385 - INFO - Beginning optimization with guess, [2.78036172 1.83395466 0.01944693 0.01423475].
2024-01-16 15:38:40,718 - INFO - Finished optimization with guess, [2.78036172 1.83395466 0.01944693 0.01423475].
2024-01-16 15:38:40,720 - INFO - Best fit parameters: [1.38007559 1.54840806 0.00387706 0.00338996].
2024-01-16 15:38:41,535 - INFO - Maximum log composite likelihood: -791.0913878653768.
2024-01-16 15:38:41,536 - INFO - Optimal value of theta: 4946.364818413458.
2024-01-16 15:38:41,536 - INFO - Beginning optimization with guess, [1.84847775 2.69295066 0.00638616 0.00897955].
2024-01-16 15:39:52,417 - INFO - Finished optimization with guess, [1.84847775 2.69295066 0.00638616 0.00897955].
2024-01-16 15:39:52,419 - INFO - Best fit parameters: [1.82789181 1.76315085 0.00220179 0.00208025].
2024-01-16 15:39:53,236 - INFO - Maximum log composite likelihood: -788.0231305102669.
2024-01-16 15:39:53,236 - INFO - Optimal value of theta: 4952.0685967177815.
2024-01-16 15:39:53,236 - INFO - Beginning optimization with guess, [1.4497321  3.40788996 0.00593575 0.01646745].
2024-01-16 15:41:01,754 - INFO - Finished optimization with guess, [1.4497321  3.40788996 0.00593575 0.01646745].
2024-01-16 15:41:01,755 - INFO - Best fit parameters: [1.42784392 1.96644709 0.00224258 0.00252391].
2024-01-16 15:41:02,525 - INFO - Maximum log composite likelihood: -788.301955443212.
2024-01-16 15:41:02,525 - INFO - Optimal value of theta: 4949.871257487489.
2024-01-16 15:41:02,525 - INFO - Beginning optimization with guess, [1.48992558 1.58541805 0.01917645 0.012172  ].
2024-01-16 15:42:14,909 - INFO - Finished optimization with guess, [1.48992558 1.58541805 0.01917645 0.012172  ].
2024-01-16 15:42:14,910 - INFO - Best fit parameters: [1.00022624 2.11422512 0.00467442 0.00343184].
2024-01-16 15:42:15,730 - INFO - Maximum log composite likelihood: -788.4551423441604.
2024-01-16 15:42:15,730 - INFO - Optimal value of theta: 4955.970635513486.
2024-01-16 15:42:15,731 - INFO - Beginning optimization with guess, [2.85174362 2.48557721 0.01236695 0.00778811].
2024-01-16 15:43:30,749 - INFO - Finished optimization with guess, [2.85174362 2.48557721 0.01236695 0.00778811].
2024-01-16 15:43:30,750 - INFO - Best fit parameters: [2.37443753e+00 1.21202570e+00 3.11645272e-03 5.19018807e-04].
2024-01-16 15:43:31,567 - INFO - Maximum log composite likelihood: -787.7136980696218.
2024-01-16 15:43:31,567 - INFO - Optimal value of theta: 4950.313591196641.
2024-01-16 15:43:31,567 - INFO - Beginning optimization with guess, [2.57977345 3.34888038 0.00509301 0.00522076].
2024-01-16 15:44:38,430 - INFO - Finished optimization with guess, [2.57977345 3.34888038 0.00509301 0.00522076].
2024-01-16 15:44:38,431 - INFO - Best fit parameters: [2.70383381e+00 1.68673468e+00 1.36392983e-03 2.62969571e-03].
2024-01-16 15:44:39,247 - INFO - Maximum log composite likelihood: -788.07221259119.
2024-01-16 15:44:39,247 - INFO - Optimal value of theta: 4947.74406095318.
2024-01-16 15:44:39,247 - INFO - Beginning optimization with guess, [2.85172435 1.55451589 0.00620495 0.00641649].
2024-01-16 15:45:54,396 - INFO - Finished optimization with guess, [2.85172435 1.55451589 0.00620495 0.00641649].
2024-01-16 15:45:54,397 - INFO - Best fit parameters: [2.63938162e+00 1.44936994e+00 2.33992629e-03 1.38910412e-03].
2024-01-16 15:45:55,215 - INFO - Maximum log composite likelihood: -787.6940226304343.
2024-01-16 15:45:55,215 - INFO - Optimal value of theta: 4950.903913725871.
2024-01-16 15:45:55,215 - INFO - Beginning optimization with guess, [4.93774089 4.23240622 0.00708788 0.01465179].
2024-01-16 15:47:04,490 - INFO - Finished optimization with guess, [4.93774089 4.23240622 0.00708788 0.01465179].
2024-01-16 15:47:04,492 - INFO - Best fit parameters: [5.95960288e+00 1.36790682e+00 1.61206509e-03 1.81968873e-03].
2024-01-16 15:47:05,306 - INFO - Maximum log composite likelihood: -788.0231581375089.
2024-01-16 15:47:05,306 - INFO - Optimal value of theta: 4952.980256156514.
2024-01-16 15:47:05,306 - INFO - Beginning optimization with guess, [3.00697099 6.47095196 0.01435105 0.00727637].
2024-01-16 15:48:14,533 - INFO - Finished optimization with guess, [3.00697099 6.47095196 0.01435105 0.00727637].
2024-01-16 15:48:14,534 - INFO - Best fit parameters: [2.44950153e+00 1.13900662e+00 3.08276771e-03 5.74517374e-04].
2024-01-16 15:48:15,352 - INFO - Maximum log composite likelihood: -787.6109957591616.
2024-01-16 15:48:15,352 - INFO - Optimal value of theta: 4951.642463291359.
2024-01-16 15:48:15,352 - INFO - Beginning optimization with guess, [2.84405357 5.39082976 0.01517217 0.00831468].
2024-01-16 15:49:29,418 - INFO - Finished optimization with guess, [2.84405357 5.39082976 0.01517217 0.00831468].
2024-01-16 15:49:29,419 - INFO - Best fit parameters: [2.32907098e+00 1.43187369e+00 2.75715940e-03 1.07490829e-03].
2024-01-16 15:49:30,235 - INFO - Maximum log composite likelihood: -787.7154615530216.
2024-01-16 15:49:30,235 - INFO - Optimal value of theta: 4951.391310874368.
2024-01-16 15:49:30,236 - INFO - Beginning optimization with guess, [9.23999860e+00 5.30319644e+00 9.87471971e-03 6.34639495e-03].
2024-01-16 15:50:41,084 - INFO - Finished optimization with guess, [9.23999860e+00 5.30319644e+00 9.87471971e-03 6.34639495e-03].
2024-01-16 15:50:41,086 - INFO - Best fit parameters: [4.59413441e+00 2.05374234e+00 9.90076696e-04 1.25221001e-03].
2024-01-16 15:50:41,902 - INFO - Maximum log composite likelihood: -790.413612534847.
2024-01-16 15:50:41,902 - INFO - Optimal value of theta: 4981.7416325572085.
2024-01-16 15:50:41,903 - INFO - Beginning optimization with guess, [8.59522693e+00 9.76451739e+00 1.87731354e-02 7.16401794e-03].
2024-01-16 15:51:55,635 - INFO - Finished optimization with guess, [8.59522693e+00 9.76451739e+00 1.87731354e-02 7.16401794e-03].
2024-01-16 15:51:55,636 - INFO - Best fit parameters: [2.09193943e+00 2.00443927e+00 3.18925071e-03 1.48540145e-04].
2024-01-16 15:51:56,417 - INFO - Maximum log composite likelihood: -788.5100522489281.
2024-01-16 15:51:56,417 - INFO - Optimal value of theta: 4961.848958670253.
2024-01-16 15:51:56,418 - INFO - Beginning optimization with guess, [3.71726900e+00 1.08206198e+01 5.80873565e-03 6.04994925e-03].
2024-01-16 15:53:07,240 - INFO - Finished optimization with guess, [3.71726900e+00 1.08206198e+01 5.80873565e-03 6.04994925e-03].
2024-01-16 15:53:07,242 - INFO - Best fit parameters: [1.60338913e+00 4.73193492e+00 3.87737702e-03 4.82795635e-04].
2024-01-16 15:53:08,052 - INFO - Maximum log composite likelihood: -789.4281312610614.
2024-01-16 15:53:08,053 - INFO - Optimal value of theta: 4957.280007741222.
2024-01-16 15:53:08,053 - INFO - Beginning optimization with guess, [5.37679378 6.69449526 0.01047968 0.00840061].
2024-01-16 15:54:18,478 - INFO - Finished optimization with guess, [5.37679378 6.69449526 0.01047968 0.00840061].
2024-01-16 15:54:18,479 - INFO - Best fit parameters: [5.43009800e+00 8.91352440e-01 2.54924293e-03 1.14358558e-03].
2024-01-16 15:54:19,289 - INFO - Maximum log composite likelihood: -787.5152046878636.
2024-01-16 15:54:19,290 - INFO - Optimal value of theta: 4948.806699220309.
2024-01-16 15:54:19,294 - INFO - Finished demographic inference.
2024-01-16 15:54:19,294 - INFO - Pipeline executed succesfully.
