2025-01-17 13:33:41,020 - INFO - Beginning execution of fit_demographic_model.py in directory /u/project/kirk/jonmah/sample_size_demography/Scripts

2025-01-17 13:33:41,020 - INFO - Progress is being logged to ../Analysis/gnomAD_270/log.log

2025-01-17 13:33:41,020 - INFO - Parsed the following arguments:
	syn_input_sfs = ../Analysis/gnomAD_270/syn_downsampled_sfs.txt
	mask_singletons = False
	mask_doubletons = False
	outprefix = ../Analysis/gnomAD_270/

2025-01-17 13:33:41,060 - INFO - Beginning demographic inference for one-epoch demographic model.
2025-01-17 13:33:41,064 - INFO - Beginning optimization with guess, [0.05025143].
2025-01-17 13:34:00,816 - INFO - Finished optimization with guess, [0.05025143].
2025-01-17 13:34:00,818 - INFO - Best fit parameters: [0.05025143].
2025-01-17 13:34:01,406 - INFO - Maximum log composite likelihood: -5402.853330623055.
2025-01-17 13:34:01,406 - INFO - Optimal value of theta: 6762.232943374896.
2025-01-17 13:34:01,407 - INFO - Beginning optimization with guess, [0.19723133].
2025-01-17 13:34:19,660 - INFO - Finished optimization with guess, [0.19723133].
2025-01-17 13:34:19,663 - INFO - Best fit parameters: [0.19723133].
2025-01-17 13:34:20,237 - INFO - Maximum log composite likelihood: -5402.853330623055.
2025-01-17 13:34:20,238 - INFO - Optimal value of theta: 6762.232943374896.
2025-01-17 13:34:20,238 - INFO - Beginning optimization with guess, [0.1528775].
2025-01-17 13:34:41,696 - INFO - Finished optimization with guess, [0.1528775].
2025-01-17 13:34:41,699 - INFO - Best fit parameters: [0.1528775].
2025-01-17 13:34:42,260 - INFO - Maximum log composite likelihood: -5402.853330623055.
2025-01-17 13:34:42,260 - INFO - Optimal value of theta: 6762.232943374896.
2025-01-17 13:34:42,260 - INFO - Beginning optimization with guess, [0.20362882].
2025-01-17 13:35:00,396 - INFO - Finished optimization with guess, [0.20362882].
2025-01-17 13:35:00,397 - INFO - Best fit parameters: [0.20362882].
2025-01-17 13:35:00,962 - INFO - Maximum log composite likelihood: -5402.853330623055.
2025-01-17 13:35:00,962 - INFO - Optimal value of theta: 6762.232943374896.
2025-01-17 13:35:00,962 - INFO - Beginning optimization with guess, [0.73295348].
2025-01-17 13:35:15,795 - INFO - Finished optimization with guess, [0.73295348].
2025-01-17 13:35:15,797 - INFO - Best fit parameters: [0.73295348].
2025-01-17 13:35:16,364 - INFO - Maximum log composite likelihood: -5402.853330623055.
2025-01-17 13:35:16,364 - INFO - Optimal value of theta: 6762.232943374896.
2025-01-17 13:35:16,365 - INFO - Beginning optimization with guess, [1.05706657].
2025-01-17 13:35:26,408 - INFO - Finished optimization with guess, [1.05706657].
2025-01-17 13:35:26,410 - INFO - Best fit parameters: [1.05706657].
2025-01-17 13:35:27,018 - INFO - Maximum log composite likelihood: -5402.853330623055.
2025-01-17 13:35:27,018 - INFO - Optimal value of theta: 6762.232943374896.
2025-01-17 13:35:27,019 - INFO - Beginning optimization with guess, [1.36412185].
2025-01-17 13:35:41,910 - INFO - Finished optimization with guess, [1.36412185].
2025-01-17 13:35:41,913 - INFO - Best fit parameters: [1.36412185].
2025-01-17 13:35:42,482 - INFO - Maximum log composite likelihood: -5402.853330623055.
2025-01-17 13:35:42,482 - INFO - Optimal value of theta: 6762.232943374896.
2025-01-17 13:35:42,482 - INFO - Beginning optimization with guess, [0.90422489].
2025-01-17 13:35:53,898 - INFO - Finished optimization with guess, [0.90422489].
2025-01-17 13:35:53,900 - INFO - Best fit parameters: [0.90422489].
2025-01-17 13:35:54,475 - INFO - Maximum log composite likelihood: -5402.853330623055.
2025-01-17 13:35:54,475 - INFO - Optimal value of theta: 6762.232943374896.
2025-01-17 13:35:54,476 - INFO - Beginning optimization with guess, [0.91046594].
2025-01-17 13:36:06,016 - INFO - Finished optimization with guess, [0.91046594].
2025-01-17 13:36:06,017 - INFO - Best fit parameters: [0.91046594].
2025-01-17 13:36:06,599 - INFO - Maximum log composite likelihood: -5402.853330623055.
2025-01-17 13:36:06,599 - INFO - Optimal value of theta: 6762.232943374896.
2025-01-17 13:36:06,599 - INFO - Beginning optimization with guess, [0.92679149].
2025-01-17 13:36:17,909 - INFO - Finished optimization with guess, [0.92679149].
2025-01-17 13:36:17,910 - INFO - Best fit parameters: [0.92679149].
2025-01-17 13:36:18,484 - INFO - Maximum log composite likelihood: -5402.853330623055.
2025-01-17 13:36:18,484 - INFO - Optimal value of theta: 6762.232943374896.
2025-01-17 13:36:18,485 - INFO - Beginning optimization with guess, [0.91548305].
2025-01-17 13:36:29,990 - INFO - Finished optimization with guess, [0.91548305].
2025-01-17 13:36:29,993 - INFO - Best fit parameters: [0.91548305].
2025-01-17 13:36:30,566 - INFO - Maximum log composite likelihood: -5402.853330623055.
2025-01-17 13:36:30,566 - INFO - Optimal value of theta: 6762.232943374896.
2025-01-17 13:36:30,567 - INFO - Beginning optimization with guess, [1.09824433].
2025-01-17 13:36:42,019 - INFO - Finished optimization with guess, [1.09824433].
2025-01-17 13:36:42,020 - INFO - Best fit parameters: [1.09824433].
2025-01-17 13:36:42,589 - INFO - Maximum log composite likelihood: -5402.853330623055.
2025-01-17 13:36:42,589 - INFO - Optimal value of theta: 6762.232943374896.
2025-01-17 13:36:42,589 - INFO - Beginning optimization with guess, [2.13444922].
2025-01-17 13:36:59,206 - INFO - Finished optimization with guess, [2.13444922].
2025-01-17 13:36:59,207 - INFO - Best fit parameters: [2.13444922].
2025-01-17 13:36:59,780 - INFO - Maximum log composite likelihood: -5402.853330623055.
2025-01-17 13:36:59,780 - INFO - Optimal value of theta: 6762.232943374896.
2025-01-17 13:36:59,780 - INFO - Beginning optimization with guess, [1.33392466].
2025-01-17 13:37:14,865 - INFO - Finished optimization with guess, [1.33392466].
2025-01-17 13:37:14,868 - INFO - Best fit parameters: [1.33392466].
2025-01-17 13:37:15,443 - INFO - Maximum log composite likelihood: -5402.853330623055.
2025-01-17 13:37:15,443 - INFO - Optimal value of theta: 6762.232943374896.
2025-01-17 13:37:15,443 - INFO - Beginning optimization with guess, [3.4113975].
2025-01-17 13:37:34,169 - INFO - Finished optimization with guess, [3.4113975].
2025-01-17 13:37:34,172 - INFO - Best fit parameters: [3.4113975].
2025-01-17 13:37:34,755 - INFO - Maximum log composite likelihood: -5402.853330623055.
2025-01-17 13:37:34,755 - INFO - Optimal value of theta: 6762.232943374896.
2025-01-17 13:37:34,755 - INFO - Beginning optimization with guess, [1.37346667].
2025-01-17 13:37:49,927 - INFO - Finished optimization with guess, [1.37346667].
2025-01-17 13:37:49,929 - INFO - Best fit parameters: [1.37346667].
2025-01-17 13:37:50,514 - INFO - Maximum log composite likelihood: -5402.853330623055.
2025-01-17 13:37:50,514 - INFO - Optimal value of theta: 6762.232943374896.
2025-01-17 13:37:50,514 - INFO - Beginning optimization with guess, [4.75363925].
2025-01-17 13:38:09,207 - INFO - Finished optimization with guess, [4.75363925].
2025-01-17 13:38:09,208 - INFO - Best fit parameters: [4.75363925].
2025-01-17 13:38:09,796 - INFO - Maximum log composite likelihood: -5402.853330623055.
2025-01-17 13:38:09,797 - INFO - Optimal value of theta: 6762.232943374896.
2025-01-17 13:38:09,797 - INFO - Beginning optimization with guess, [1.93349149].
2025-01-17 13:38:26,501 - INFO - Finished optimization with guess, [1.93349149].
2025-01-17 13:38:26,503 - INFO - Best fit parameters: [1.93349149].
2025-01-17 13:38:27,080 - INFO - Maximum log composite likelihood: -5402.853330623055.
2025-01-17 13:38:27,080 - INFO - Optimal value of theta: 6762.232943374896.
2025-01-17 13:38:27,080 - INFO - Beginning optimization with guess, [3.09919191].
2025-01-17 13:38:45,652 - INFO - Finished optimization with guess, [3.09919191].
2025-01-17 13:38:45,655 - INFO - Best fit parameters: [3.09919191].
2025-01-17 13:38:46,239 - INFO - Maximum log composite likelihood: -5402.853330623055.
2025-01-17 13:38:46,239 - INFO - Optimal value of theta: 6762.232943374896.
2025-01-17 13:38:46,239 - INFO - Beginning optimization with guess, [2.91380516].
2025-01-17 13:39:04,888 - INFO - Finished optimization with guess, [2.91380516].
2025-01-17 13:39:04,889 - INFO - Best fit parameters: [2.91380516].
2025-01-17 13:39:05,478 - INFO - Maximum log composite likelihood: -5402.853330623055.
2025-01-17 13:39:05,478 - INFO - Optimal value of theta: 6762.232943374896.
2025-01-17 13:39:05,478 - INFO - Beginning optimization with guess, [2.01899049].
2025-01-17 13:39:22,325 - INFO - Finished optimization with guess, [2.01899049].
2025-01-17 13:39:22,327 - INFO - Best fit parameters: [2.01899049].
2025-01-17 13:39:22,899 - INFO - Maximum log composite likelihood: -5402.853330623055.
2025-01-17 13:39:22,899 - INFO - Optimal value of theta: 6762.232943374896.
2025-01-17 13:39:22,900 - INFO - Beginning optimization with guess, [7.22835598].
2025-01-17 13:39:41,353 - INFO - Finished optimization with guess, [7.22835598].
2025-01-17 13:39:41,355 - INFO - Best fit parameters: [7.22835598].
2025-01-17 13:39:41,976 - INFO - Maximum log composite likelihood: -5402.853330623055.
2025-01-17 13:39:41,976 - INFO - Optimal value of theta: 6762.232943374896.
2025-01-17 13:39:41,976 - INFO - Beginning optimization with guess, [8.25061192].
2025-01-17 13:40:02,558 - INFO - Finished optimization with guess, [8.25061192].
2025-01-17 13:40:02,559 - INFO - Best fit parameters: [8.25061192].
2025-01-17 13:40:03,141 - INFO - Maximum log composite likelihood: -5402.853330623055.
2025-01-17 13:40:03,141 - INFO - Optimal value of theta: 6762.232943374896.
2025-01-17 13:40:03,141 - INFO - Beginning optimization with guess, [3.81226618].
2025-01-17 13:40:21,745 - INFO - Finished optimization with guess, [3.81226618].
2025-01-17 13:40:21,746 - INFO - Best fit parameters: [3.81226618].
2025-01-17 13:40:22,337 - INFO - Maximum log composite likelihood: -5402.853330623055.
2025-01-17 13:40:22,337 - INFO - Optimal value of theta: 6762.232943374896.
2025-01-17 13:40:22,337 - INFO - Beginning optimization with guess, [8.93655517].
2025-01-17 13:40:42,726 - INFO - Finished optimization with guess, [8.93655517].
2025-01-17 13:40:42,728 - INFO - Best fit parameters: [8.93655517].
2025-01-17 13:40:43,312 - INFO - Maximum log composite likelihood: -5402.853330623055.
2025-01-17 13:40:43,312 - INFO - Optimal value of theta: 6762.232943374896.
2025-01-17 13:40:43,317 - INFO - Finished demographic inference.
2025-01-17 13:40:43,317 - INFO - Pipeline executed succesfully.
