2025-03-26 07:29:33,207 - INFO - Beginning execution of fit_dfe.py in directory /u/project/kirk/jonmah/sample_size_demography/Scripts

2025-03-26 07:29:33,207 - INFO - Progress is being logged to ../Analysis/1kg_EUR_2020_100/log.log

2025-03-26 07:29:33,208 - INFO - Parsed the following arguments:
	syn_input_sfs = ../Analysis/1kg_EUR_2020_100/syn_downsampled_sfs.txt
	nonsyn_input_sfs = ../Analysis/1kg_EUR_2020_100/nonsyn_downsampled_sfs.txt
	input_demography = ../Analysis/1kg_EUR_2020_100/three_epoch_demography.txt
	input_model = three_epoch
	initial_alpha = 0.2
	initial_beta = 0.1
	L_syn = 8058343.0
	outprefix = ../Analysis/1kg_EUR_2020_100/

2025-03-26 07:29:33,248 - INFO - Loading input demography.
2025-03-26 07:29:33,264 - INFO - Input demographic parameters are: [0.52296929, 14.46257141, 0.04589829, 0.03197054].
2025-03-26 07:29:33,264 - INFO - Input theta_syn is: 6121.439808016584.
2025-03-26 07:29:33,264 - INFO - Generating spectrum from input demography.
2025-03-26 07:29:44,707 - INFO - Fitting DFE.
2025-03-26 07:30:31,072 - WARNING - The integral is probably divergent, or slowly convergent.
2025-03-26 07:30:31,185 - WARNING - The algorithm does not converge.  Roundoff error is detected
  in the extrapolation table.  It is assumed that the requested tolerance
  cannot be achieved, and that the returned result (if full_output = 1) is 
  the best which can be obtained.
2025-03-26 07:31:15,607 - INFO - Fitting Neutral + Gamma DFE
2025-03-26 07:32:11,783 - INFO - Computing intermediate summary statistics.
2025-03-26 07:32:11,784 - INFO - Outputting results.
2025-03-26 07:32:11,792 - INFO - Pipeline executed succesfully.
