2024-03-14 22:17:20,313 - INFO - Beginning execution of fit_demographic_model.py in directory /u/project/kirk/jonmah/sample_size_demography/Scripts

2024-03-14 22:17:20,313 - INFO - Progress is being logged to ../Analysis/ThreeEpochExpansion_780/log.log

2024-03-14 22:17:20,313 - INFO - Parsed the following arguments:
	syn_input_sfs = ../Analysis/ThreeEpochExpansion_780/syn_downsampled_sfs.txt
	mask_singletons = False
	mask_doubletons = False
	outprefix = ../Analysis/ThreeEpochExpansion_780/

2024-03-14 22:17:20,322 - INFO - Beginning demographic inference for one-epoch demographic model.
2024-03-14 22:17:20,323 - INFO - Beginning optimization with guess, [0.09418486].
2024-03-14 22:18:18,431 - INFO - Finished optimization with guess, [0.09418486].
2024-03-14 22:18:18,432 - INFO - Best fit parameters: [0.09418486].
2024-03-14 22:18:20,063 - INFO - Maximum log composite likelihood: -12735.247193099198.
2024-03-14 22:18:20,064 - INFO - Optimal value of theta: 19164.46015352713.
2024-03-14 22:18:20,064 - INFO - Beginning optimization with guess, [0.34416443].
2024-03-14 22:19:14,113 - INFO - Finished optimization with guess, [0.34416443].
2024-03-14 22:19:14,114 - INFO - Best fit parameters: [0.34416443].
2024-03-14 22:19:15,766 - INFO - Maximum log composite likelihood: -12735.247193099198.
2024-03-14 22:19:15,766 - INFO - Optimal value of theta: 19164.46015352713.
2024-03-14 22:19:15,766 - INFO - Beginning optimization with guess, [0.15018728].
2024-03-14 22:20:08,889 - INFO - Finished optimization with guess, [0.15018728].
2024-03-14 22:20:08,890 - INFO - Best fit parameters: [0.15018728].
2024-03-14 22:20:10,533 - INFO - Maximum log composite likelihood: -12735.247193099198.
2024-03-14 22:20:10,533 - INFO - Optimal value of theta: 19164.46015352713.
2024-03-14 22:20:10,533 - INFO - Beginning optimization with guess, [0.30734893].
2024-03-14 22:21:03,356 - INFO - Finished optimization with guess, [0.30734893].
2024-03-14 22:21:03,357 - INFO - Best fit parameters: [0.30734893].
2024-03-14 22:21:05,007 - INFO - Maximum log composite likelihood: -12735.247193099198.
2024-03-14 22:21:05,007 - INFO - Optimal value of theta: 19164.46015352713.
2024-03-14 22:21:05,007 - INFO - Beginning optimization with guess, [0.41910286].
2024-03-14 22:21:53,250 - INFO - Finished optimization with guess, [0.41910286].
2024-03-14 22:21:53,251 - INFO - Best fit parameters: [0.41910286].
2024-03-14 22:21:54,906 - INFO - Maximum log composite likelihood: -12735.247193099198.
2024-03-14 22:21:54,906 - INFO - Optimal value of theta: 19164.46015352713.
2024-03-14 22:21:54,906 - INFO - Beginning optimization with guess, [0.53262679].
2024-03-14 22:22:42,817 - INFO - Finished optimization with guess, [0.53262679].
2024-03-14 22:22:42,818 - INFO - Best fit parameters: [0.53262679].
2024-03-14 22:22:44,459 - INFO - Maximum log composite likelihood: -12735.247193099198.
2024-03-14 22:22:44,460 - INFO - Optimal value of theta: 19164.46015352713.
2024-03-14 22:22:44,460 - INFO - Beginning optimization with guess, [0.77695787].
2024-03-14 22:23:22,516 - INFO - Finished optimization with guess, [0.77695787].
2024-03-14 22:23:22,517 - INFO - Best fit parameters: [0.77695787].
2024-03-14 22:23:24,172 - INFO - Maximum log composite likelihood: -12735.247193099198.
2024-03-14 22:23:24,172 - INFO - Optimal value of theta: 19164.46015352713.
2024-03-14 22:23:24,172 - INFO - Beginning optimization with guess, [0.45834337].
2024-03-14 22:24:12,114 - INFO - Finished optimization with guess, [0.45834337].
2024-03-14 22:24:12,115 - INFO - Best fit parameters: [0.45834337].
2024-03-14 22:24:13,779 - INFO - Maximum log composite likelihood: -12735.247193099198.
2024-03-14 22:24:13,780 - INFO - Optimal value of theta: 19164.46015352713.
2024-03-14 22:24:13,780 - INFO - Beginning optimization with guess, [0.68495163].
2024-03-14 22:24:57,269 - INFO - Finished optimization with guess, [0.68495163].
2024-03-14 22:24:57,270 - INFO - Best fit parameters: [0.68495163].
2024-03-14 22:24:58,933 - INFO - Maximum log composite likelihood: -12735.247193099198.
2024-03-14 22:24:58,933 - INFO - Optimal value of theta: 19164.46015352713.
2024-03-14 22:24:58,933 - INFO - Beginning optimization with guess, [0.94617336].
2024-03-14 22:25:27,568 - INFO - Finished optimization with guess, [0.94617336].
2024-03-14 22:25:27,569 - INFO - Best fit parameters: [0.94617336].
2024-03-14 22:25:29,247 - INFO - Maximum log composite likelihood: -12735.247193099198.
2024-03-14 22:25:29,247 - INFO - Optimal value of theta: 19164.46015352713.
2024-03-14 22:25:29,247 - INFO - Beginning optimization with guess, [2.08586034].
2024-03-14 22:26:17,308 - INFO - Finished optimization with guess, [2.08586034].
2024-03-14 22:26:17,309 - INFO - Best fit parameters: [2.08586034].
2024-03-14 22:26:18,956 - INFO - Maximum log composite likelihood: -12735.247193099198.
2024-03-14 22:26:18,956 - INFO - Optimal value of theta: 19164.46015352713.
2024-03-14 22:26:18,957 - INFO - Beginning optimization with guess, [2.00182823].
2024-03-14 22:27:07,375 - INFO - Finished optimization with guess, [2.00182823].
2024-03-14 22:27:07,376 - INFO - Best fit parameters: [2.00182823].
2024-03-14 22:27:09,042 - INFO - Maximum log composite likelihood: -12735.247193099198.
2024-03-14 22:27:09,043 - INFO - Optimal value of theta: 19164.46015352713.
2024-03-14 22:27:09,043 - INFO - Beginning optimization with guess, [1.21520697].
2024-03-14 22:27:46,958 - INFO - Finished optimization with guess, [1.21520697].
2024-03-14 22:27:46,958 - INFO - Best fit parameters: [1.21520697].
2024-03-14 22:27:48,620 - INFO - Maximum log composite likelihood: -12735.247193099198.
2024-03-14 22:27:48,620 - INFO - Optimal value of theta: 19164.46015352713.
2024-03-14 22:27:48,620 - INFO - Beginning optimization with guess, [3.80871226].
2024-03-14 22:28:42,490 - INFO - Finished optimization with guess, [3.80871226].
2024-03-14 22:28:42,491 - INFO - Best fit parameters: [3.80871226].
2024-03-14 22:28:44,187 - INFO - Maximum log composite likelihood: -12735.247193099198.
2024-03-14 22:28:44,187 - INFO - Optimal value of theta: 19164.46015352713.
2024-03-14 22:28:44,188 - INFO - Beginning optimization with guess, [2.89912777].
2024-03-14 22:29:38,035 - INFO - Finished optimization with guess, [2.89912777].
2024-03-14 22:29:38,036 - INFO - Best fit parameters: [2.89912777].
2024-03-14 22:29:39,776 - INFO - Maximum log composite likelihood: -12735.247193099198.
2024-03-14 22:29:39,777 - INFO - Optimal value of theta: 19164.46015352713.
2024-03-14 22:29:39,777 - INFO - Beginning optimization with guess, [3.78779935].
2024-03-14 22:30:33,433 - INFO - Finished optimization with guess, [3.78779935].
2024-03-14 22:30:33,434 - INFO - Best fit parameters: [3.78779935].
2024-03-14 22:30:35,102 - INFO - Maximum log composite likelihood: -12735.247193099198.
2024-03-14 22:30:35,103 - INFO - Optimal value of theta: 19164.46015352713.
2024-03-14 22:30:35,103 - INFO - Beginning optimization with guess, [3.05234676].
2024-03-14 22:31:28,322 - INFO - Finished optimization with guess, [3.05234676].
2024-03-14 22:31:28,323 - INFO - Best fit parameters: [3.05234676].
2024-03-14 22:31:30,007 - INFO - Maximum log composite likelihood: -12735.247193099198.
2024-03-14 22:31:30,007 - INFO - Optimal value of theta: 19164.46015352713.
2024-03-14 22:31:30,007 - INFO - Beginning optimization with guess, [1.69502368].
2024-03-14 22:32:19,493 - INFO - Finished optimization with guess, [1.69502368].
2024-03-14 22:32:19,493 - INFO - Best fit parameters: [1.69502368].
2024-03-14 22:32:21,200 - INFO - Maximum log composite likelihood: -12735.247193099198.
2024-03-14 22:32:21,200 - INFO - Optimal value of theta: 19164.46015352713.
2024-03-14 22:32:21,200 - INFO - Beginning optimization with guess, [4.18137311].
2024-03-14 22:33:15,183 - INFO - Finished optimization with guess, [4.18137311].
2024-03-14 22:33:15,184 - INFO - Best fit parameters: [4.18137311].
2024-03-14 22:33:16,877 - INFO - Maximum log composite likelihood: -12735.247193099198.
2024-03-14 22:33:16,877 - INFO - Optimal value of theta: 19164.46015352713.
2024-03-14 22:33:16,877 - INFO - Beginning optimization with guess, [6.38648894].
2024-03-14 22:34:09,951 - INFO - Finished optimization with guess, [6.38648894].
2024-03-14 22:34:09,952 - INFO - Best fit parameters: [6.38648894].
2024-03-14 22:34:11,629 - INFO - Maximum log composite likelihood: -12735.247193099198.
2024-03-14 22:34:11,629 - INFO - Optimal value of theta: 19164.46015352713.
2024-03-14 22:34:11,630 - INFO - Beginning optimization with guess, [2.69363458].
2024-03-14 22:35:00,082 - INFO - Finished optimization with guess, [2.69363458].
2024-03-14 22:35:00,083 - INFO - Best fit parameters: [2.69363458].
2024-03-14 22:35:01,744 - INFO - Maximum log composite likelihood: -12735.247193099198.
2024-03-14 22:35:01,744 - INFO - Optimal value of theta: 19164.46015352713.
2024-03-14 22:35:01,745 - INFO - Beginning optimization with guess, [3.38162964].
2024-03-14 22:35:54,671 - INFO - Finished optimization with guess, [3.38162964].
2024-03-14 22:35:54,672 - INFO - Best fit parameters: [3.38162964].
2024-03-14 22:35:56,313 - INFO - Maximum log composite likelihood: -12735.247193099198.
2024-03-14 22:35:56,313 - INFO - Optimal value of theta: 19164.46015352713.
2024-03-14 22:35:56,313 - INFO - Beginning optimization with guess, [8.50994979].
2024-03-14 22:36:54,374 - INFO - Finished optimization with guess, [8.50994979].
2024-03-14 22:36:54,375 - INFO - Best fit parameters: [8.50994979].
2024-03-14 22:36:56,033 - INFO - Maximum log composite likelihood: -12735.247193099198.
2024-03-14 22:36:56,033 - INFO - Optimal value of theta: 19164.46015352713.
2024-03-14 22:36:56,033 - INFO - Beginning optimization with guess, [3.67422417].
2024-03-14 22:37:49,140 - INFO - Finished optimization with guess, [3.67422417].
2024-03-14 22:37:49,141 - INFO - Best fit parameters: [3.67422417].
2024-03-14 22:37:50,794 - INFO - Maximum log composite likelihood: -12735.247193099198.
2024-03-14 22:37:50,794 - INFO - Optimal value of theta: 19164.46015352713.
2024-03-14 22:37:50,795 - INFO - Beginning optimization with guess, [7.32389161].
2024-03-14 22:38:43,769 - INFO - Finished optimization with guess, [7.32389161].
2024-03-14 22:38:43,770 - INFO - Best fit parameters: [7.32389161].
2024-03-14 22:38:45,424 - INFO - Maximum log composite likelihood: -12735.247193099198.
2024-03-14 22:38:45,424 - INFO - Optimal value of theta: 19164.46015352713.
2024-03-14 22:38:45,434 - INFO - Finished demographic inference.
2024-03-14 22:38:45,434 - INFO - Pipeline executed succesfully.
