2024-03-16 14:19:35,484 - INFO - Beginning execution of fit_demographic_model.py in directory /u/project/kirk/jonmah/sample_size_demography/Scripts

2024-03-16 14:19:35,484 - INFO - Progress is being logged to ../Analysis/ThreeEpochContraction_320/log.log

2024-03-16 14:19:35,484 - INFO - Parsed the following arguments:
	syn_input_sfs = ../Analysis/ThreeEpochContraction_320/syn_downsampled_sfs.txt
	mask_singletons = False
	mask_doubletons = False
	outprefix = ../Analysis/ThreeEpochContraction_320/

2024-03-16 14:19:35,499 - INFO - Beginning demographic inference for one-epoch demographic model.
2024-03-16 14:19:35,500 - INFO - Beginning optimization with guess, [0.17152753].
2024-03-16 14:21:28,278 - INFO - Finished optimization with guess, [0.17152753].
2024-03-16 14:21:28,311 - INFO - Best fit parameters: [0.17152753].
2024-03-16 14:21:31,873 - INFO - Maximum log composite likelihood: -4248.456239023751.
2024-03-16 14:21:31,874 - INFO - Optimal value of theta: 7501.168853257926.
2024-03-16 14:21:31,874 - INFO - Beginning optimization with guess, [0.36099822].
2024-03-16 14:22:46,477 - INFO - Finished optimization with guess, [0.36099822].
2024-03-16 14:22:46,497 - INFO - Best fit parameters: [0.36099822].
2024-03-16 14:22:49,076 - INFO - Maximum log composite likelihood: -4248.456239023751.
2024-03-16 14:22:49,076 - INFO - Optimal value of theta: 7501.168853257926.
2024-03-16 14:22:49,076 - INFO - Beginning optimization with guess, [0.15415443].
2024-03-16 14:24:07,484 - INFO - Finished optimization with guess, [0.15415443].
2024-03-16 14:24:07,501 - INFO - Best fit parameters: [0.15415443].
2024-03-16 14:24:11,137 - INFO - Maximum log composite likelihood: -4248.456239023751.
2024-03-16 14:24:11,137 - INFO - Optimal value of theta: 7501.168853257926.
2024-03-16 14:24:11,137 - INFO - Beginning optimization with guess, [0.468078].
2024-03-16 14:25:45,549 - INFO - Finished optimization with guess, [0.468078].
2024-03-16 14:25:45,578 - INFO - Best fit parameters: [0.468078].
2024-03-16 14:25:48,106 - INFO - Maximum log composite likelihood: -4248.456239023751.
2024-03-16 14:25:48,106 - INFO - Optimal value of theta: 7501.168853257926.
2024-03-16 14:25:48,106 - INFO - Beginning optimization with guess, [0.49568347].
2024-03-16 14:26:50,847 - INFO - Finished optimization with guess, [0.49568347].
2024-03-16 14:26:50,863 - INFO - Best fit parameters: [0.49568347].
2024-03-16 14:26:52,392 - INFO - Maximum log composite likelihood: -4248.456239023751.
2024-03-16 14:26:52,392 - INFO - Optimal value of theta: 7501.168853257926.
2024-03-16 14:26:52,392 - INFO - Beginning optimization with guess, [0.33866359].
2024-03-16 14:27:53,883 - INFO - Finished optimization with guess, [0.33866359].
2024-03-16 14:27:53,892 - INFO - Best fit parameters: [0.33866359].
2024-03-16 14:27:56,143 - INFO - Maximum log composite likelihood: -4248.456239023751.
2024-03-16 14:27:56,143 - INFO - Optimal value of theta: 7501.168853257926.
2024-03-16 14:27:56,143 - INFO - Beginning optimization with guess, [0.59419126].
2024-03-16 14:29:10,050 - INFO - Finished optimization with guess, [0.59419126].
2024-03-16 14:29:10,064 - INFO - Best fit parameters: [0.59419126].
2024-03-16 14:29:13,732 - INFO - Maximum log composite likelihood: -4248.456239023751.
2024-03-16 14:29:13,732 - INFO - Optimal value of theta: 7501.168853257926.
2024-03-16 14:29:13,733 - INFO - Beginning optimization with guess, [1.54188871].
2024-03-16 14:30:35,496 - INFO - Finished optimization with guess, [1.54188871].
2024-03-16 14:30:35,506 - INFO - Best fit parameters: [1.54188871].
2024-03-16 14:30:38,831 - INFO - Maximum log composite likelihood: -4248.456239023751.
2024-03-16 14:30:38,831 - INFO - Optimal value of theta: 7501.168853257926.
2024-03-16 14:30:38,831 - INFO - Beginning optimization with guess, [1.54326688].
2024-03-16 14:31:42,921 - INFO - Finished optimization with guess, [1.54326688].
2024-03-16 14:31:42,929 - INFO - Best fit parameters: [1.54326688].
2024-03-16 14:31:45,223 - INFO - Maximum log composite likelihood: -4248.456239023751.
2024-03-16 14:31:45,224 - INFO - Optimal value of theta: 7501.168853257926.
2024-03-16 14:31:45,224 - INFO - Beginning optimization with guess, [0.61203773].
2024-03-16 14:32:45,287 - INFO - Finished optimization with guess, [0.61203773].
2024-03-16 14:32:45,297 - INFO - Best fit parameters: [0.61203773].
2024-03-16 14:32:47,177 - INFO - Maximum log composite likelihood: -4248.456239023751.
2024-03-16 14:32:47,177 - INFO - Optimal value of theta: 7501.168853257926.
2024-03-16 14:32:47,177 - INFO - Beginning optimization with guess, [0.70589721].
2024-03-16 14:33:44,451 - INFO - Finished optimization with guess, [0.70589721].
2024-03-16 14:33:44,463 - INFO - Best fit parameters: [0.70589721].
2024-03-16 14:33:46,587 - INFO - Maximum log composite likelihood: -4248.456239023751.
2024-03-16 14:33:46,604 - INFO - Optimal value of theta: 7501.168853257926.
2024-03-16 14:33:46,604 - INFO - Beginning optimization with guess, [1.96435296].
2024-03-16 14:34:23,061 - INFO - Finished optimization with guess, [1.96435296].
2024-03-16 14:34:23,063 - INFO - Best fit parameters: [1.96435296].
2024-03-16 14:34:24,047 - INFO - Maximum log composite likelihood: -4248.456239023751.
2024-03-16 14:34:24,047 - INFO - Optimal value of theta: 7501.168853257926.
2024-03-16 14:34:24,047 - INFO - Beginning optimization with guess, [3.15139853].
2024-03-16 14:34:50,097 - INFO - Finished optimization with guess, [3.15139853].
2024-03-16 14:34:50,097 - INFO - Best fit parameters: [3.15139853].
2024-03-16 14:34:50,721 - INFO - Maximum log composite likelihood: -4248.456239023751.
2024-03-16 14:34:50,721 - INFO - Optimal value of theta: 7501.168853257926.
2024-03-16 14:34:50,721 - INFO - Beginning optimization with guess, [2.80865189].
2024-03-16 14:35:32,450 - INFO - Finished optimization with guess, [2.80865189].
2024-03-16 14:35:32,462 - INFO - Best fit parameters: [2.80865189].
2024-03-16 14:35:33,871 - INFO - Maximum log composite likelihood: -4248.456239023751.
2024-03-16 14:35:33,871 - INFO - Optimal value of theta: 7501.168853257926.
2024-03-16 14:35:33,871 - INFO - Beginning optimization with guess, [1.56635615].
2024-03-16 14:36:33,881 - INFO - Finished optimization with guess, [1.56635615].
2024-03-16 14:36:33,883 - INFO - Best fit parameters: [1.56635615].
2024-03-16 14:36:36,377 - INFO - Maximum log composite likelihood: -4248.456239023751.
2024-03-16 14:36:36,378 - INFO - Optimal value of theta: 7501.168853257926.
2024-03-16 14:36:36,378 - INFO - Beginning optimization with guess, [4.6942863].
2024-03-16 14:37:53,896 - INFO - Finished optimization with guess, [4.6942863].
2024-03-16 14:37:53,907 - INFO - Best fit parameters: [4.6942863].
2024-03-16 14:37:56,560 - INFO - Maximum log composite likelihood: -4248.456239023751.
2024-03-16 14:37:56,560 - INFO - Optimal value of theta: 7501.168853257926.
2024-03-16 14:37:56,560 - INFO - Beginning optimization with guess, [3.51506302].
2024-03-16 14:39:11,893 - INFO - Finished optimization with guess, [3.51506302].
2024-03-16 14:39:11,902 - INFO - Best fit parameters: [3.51506302].
2024-03-16 14:39:14,439 - INFO - Maximum log composite likelihood: -4248.456239023751.
2024-03-16 14:39:14,439 - INFO - Optimal value of theta: 7501.168853257926.
2024-03-16 14:39:14,439 - INFO - Beginning optimization with guess, [3.38795253].
2024-03-16 14:40:06,633 - INFO - Finished optimization with guess, [3.38795253].
2024-03-16 14:40:06,637 - INFO - Best fit parameters: [3.38795253].
2024-03-16 14:40:07,820 - INFO - Maximum log composite likelihood: -4248.456239023751.
2024-03-16 14:40:07,820 - INFO - Optimal value of theta: 7501.168853257926.
2024-03-16 14:40:07,820 - INFO - Beginning optimization with guess, [6.28203113].
2024-03-16 14:40:44,503 - INFO - Finished optimization with guess, [6.28203113].
2024-03-16 14:40:44,510 - INFO - Best fit parameters: [6.28203113].
2024-03-16 14:40:45,226 - INFO - Maximum log composite likelihood: -4248.456239023751.
2024-03-16 14:40:45,226 - INFO - Optimal value of theta: 7501.168853257926.
2024-03-16 14:40:45,226 - INFO - Beginning optimization with guess, [6.41132294].
2024-03-16 14:41:21,822 - INFO - Finished optimization with guess, [6.41132294].
2024-03-16 14:41:21,843 - INFO - Best fit parameters: [6.41132294].
2024-03-16 14:41:23,045 - INFO - Maximum log composite likelihood: -4248.456239023751.
2024-03-16 14:41:23,045 - INFO - Optimal value of theta: 7501.168853257926.
2024-03-16 14:41:23,045 - INFO - Beginning optimization with guess, [2.05982609].
2024-03-16 14:42:13,519 - INFO - Finished optimization with guess, [2.05982609].
2024-03-16 14:42:13,526 - INFO - Best fit parameters: [2.05982609].
2024-03-16 14:42:15,686 - INFO - Maximum log composite likelihood: -4248.456239023751.
2024-03-16 14:42:15,686 - INFO - Optimal value of theta: 7501.168853257926.
2024-03-16 14:42:15,687 - INFO - Beginning optimization with guess, [5.07359622].
2024-03-16 14:43:27,312 - INFO - Finished optimization with guess, [5.07359622].
2024-03-16 14:43:27,326 - INFO - Best fit parameters: [5.07359622].
2024-03-16 14:43:29,957 - INFO - Maximum log composite likelihood: -4248.456239023751.
2024-03-16 14:43:29,957 - INFO - Optimal value of theta: 7501.168853257926.
2024-03-16 14:43:29,958 - INFO - Beginning optimization with guess, [4.48300544].
2024-03-16 14:44:42,569 - INFO - Finished optimization with guess, [4.48300544].
2024-03-16 14:44:42,583 - INFO - Best fit parameters: [4.48300544].
2024-03-16 14:44:45,001 - INFO - Maximum log composite likelihood: -4248.456239023751.
2024-03-16 14:44:45,001 - INFO - Optimal value of theta: 7501.168853257926.
2024-03-16 14:44:45,001 - INFO - Beginning optimization with guess, [5.20605694].
2024-03-16 14:45:30,612 - INFO - Finished optimization with guess, [5.20605694].
2024-03-16 14:45:30,619 - INFO - Best fit parameters: [5.20605694].
2024-03-16 14:45:31,779 - INFO - Maximum log composite likelihood: -4248.456239023751.
2024-03-16 14:45:31,779 - INFO - Optimal value of theta: 7501.168853257926.
2024-03-16 14:45:31,779 - INFO - Beginning optimization with guess, [13.85226117].
2024-03-16 14:46:03,258 - INFO - Finished optimization with guess, [13.85226117].
2024-03-16 14:46:03,259 - INFO - Best fit parameters: [13.85226117].
2024-03-16 14:46:03,874 - INFO - Maximum log composite likelihood: -4248.456239023751.
2024-03-16 14:46:03,874 - INFO - Optimal value of theta: 7501.168853257926.
2024-03-16 14:46:03,878 - INFO - Finished demographic inference.
2024-03-16 14:46:03,878 - INFO - Pipeline executed succesfully.
