2025-01-30 15:12:48,772 - INFO - Beginning execution of fit_demographic_model.py in directory /u/scratch/j/jonmah/sample_size_demography/Scripts

2025-01-30 15:12:48,773 - INFO - Progress is being logged to ../Analysis/ThreeEpochContraction_10/log.log

2025-01-30 15:12:48,773 - INFO - Parsed the following arguments:
	syn_input_sfs = ../Analysis/ThreeEpochContraction_10/syn_downsampled_sfs.txt
	mask_singletons = False
	mask_doubletons = False
	outprefix = ../Analysis/ThreeEpochContraction_10/

2025-01-30 15:12:48,790 - INFO - Beginning demographic inference for two-epoch demographic model.
2025-01-30 15:12:48,793 - INFO - Beginning optimization with guess, [0.0125594  0.19027071].
2025-01-30 15:12:49,928 - INFO - Finished optimization with guess, [0.0125594  0.19027071].
2025-01-30 15:12:49,928 - INFO - Best fit parameters: [0.03398489 0.13289273].
2025-01-30 15:12:49,948 - INFO - Maximum log composite likelihood: -32.36164770072355.
2025-01-30 15:12:49,948 - INFO - Optimal value of theta: 194983.77425130518.
2025-01-30 15:12:49,948 - INFO - Beginning optimization with guess, [0.19402001 0.10818452].
2025-01-30 15:12:50,167 - INFO - Finished optimization with guess, [0.19402001 0.10818452].
2025-01-30 15:12:50,167 - INFO - Best fit parameters: [0.34897927 0.058024  ].
2025-01-30 15:12:50,171 - INFO - Maximum log composite likelihood: -25.933636406840378.
2025-01-30 15:12:50,171 - INFO - Optimal value of theta: 11575.330560205066.
2025-01-30 15:12:50,171 - INFO - Beginning optimization with guess, [1.4924786  0.05708627].
2025-01-30 15:12:50,421 - INFO - Finished optimization with guess, [1.4924786  0.05708627].
2025-01-30 15:12:50,421 - INFO - Best fit parameters: [0.43258872 0.10448489].
2025-01-30 15:12:50,426 - INFO - Maximum log composite likelihood: -26.708764432301905.
2025-01-30 15:12:50,426 - INFO - Optimal value of theta: 11873.09819204417.
2025-01-30 15:12:50,426 - INFO - Beginning optimization with guess, [3.82824143 0.10891045].
2025-01-30 15:12:50,616 - INFO - Finished optimization with guess, [3.82824143 0.10891045].
2025-01-30 15:12:50,617 - INFO - Best fit parameters: [0.22655355 0.02624888].
2025-01-30 15:12:50,621 - INFO - Maximum log composite likelihood: -26.781597112174495.
2025-01-30 15:12:50,621 - INFO - Optimal value of theta: 11368.997604534232.
2025-01-30 15:12:50,621 - INFO - Beginning optimization with guess, [9.46318156 0.05620196].
2025-01-30 15:12:50,805 - INFO - Finished optimization with guess, [9.46318156 0.05620196].
2025-01-30 15:12:50,806 - INFO - Best fit parameters: [2.85509173e-06 2.28224091e-07].
2025-01-30 15:12:50,809 - INFO - Maximum log composite likelihood: -28.93945744112534.
2025-01-30 15:12:50,810 - INFO - Optimal value of theta: 11278.817924893965.
2025-01-30 15:12:50,810 - INFO - Beginning optimization with guess, [8.54646422 0.16306496].
2025-01-30 15:12:51,000 - INFO - Finished optimization with guess, [8.54646422 0.16306496].
2025-01-30 15:12:51,000 - INFO - Best fit parameters: [0.19779234 0.02128273].
2025-01-30 15:12:51,004 - INFO - Maximum log composite likelihood: -27.16967261540958.
2025-01-30 15:12:51,004 - INFO - Optimal value of theta: 11329.068534212276.
2025-01-30 15:12:51,005 - INFO - Beginning optimization with guess, [10.50572852  0.0659461 ].
2025-01-30 15:12:51,187 - INFO - Finished optimization with guess, [10.50572852  0.0659461 ].
2025-01-30 15:12:51,187 - INFO - Best fit parameters: [1.46876456e-11 1.16945779e-12].
2025-01-30 15:12:51,191 - INFO - Maximum log composite likelihood: -28.939645750006093.
2025-01-30 15:12:51,191 - INFO - Optimal value of theta: 11273.659718393497.
2025-01-30 15:12:51,191 - INFO - Beginning optimization with guess, [28.52434751  0.11376092].
2025-01-30 15:12:51,368 - INFO - Finished optimization with guess, [28.52434751  0.11376092].
2025-01-30 15:12:51,368 - INFO - Best fit parameters: [0.11546724 0.01075512].
2025-01-30 15:12:51,372 - INFO - Maximum log composite likelihood: -27.881419051280318.
2025-01-30 15:12:51,372 - INFO - Optimal value of theta: 11292.016367018043.
2025-01-30 15:12:51,372 - INFO - Beginning optimization with guess, [35.52170787  0.15536655].
2025-01-30 15:12:51,562 - INFO - Finished optimization with guess, [35.52170787  0.15536655].
2025-01-30 15:12:51,562 - INFO - Best fit parameters: [0.28130531 0.03605147].
2025-01-30 15:12:51,566 - INFO - Maximum log composite likelihood: -26.625973786987743.
2025-01-30 15:12:51,566 - INFO - Optimal value of theta: 11383.819563336088.
2025-01-30 15:12:51,567 - INFO - Beginning optimization with guess, [13.43533803  0.06263136].
2025-01-30 15:12:51,753 - INFO - Finished optimization with guess, [13.43533803  0.06263136].
2025-01-30 15:12:51,753 - INFO - Best fit parameters: [3.49040530e-08 2.78579455e-09].
2025-01-30 15:12:51,757 - INFO - Maximum log composite likelihood: -28.939027883443487.
2025-01-30 15:12:51,757 - INFO - Optimal value of theta: 11276.802032357436.
2025-01-30 15:12:51,757 - INFO - Beginning optimization with guess, [45.27264636  0.13465794].
2025-01-30 15:12:51,949 - INFO - Finished optimization with guess, [45.27264636  0.13465794].
2025-01-30 15:12:51,950 - INFO - Best fit parameters: [0.21172444 0.02314124].
2025-01-30 15:12:51,954 - INFO - Maximum log composite likelihood: -27.201481010413772.
2025-01-30 15:12:51,954 - INFO - Optimal value of theta: 11321.969538102774.
2025-01-30 15:12:51,954 - INFO - Beginning optimization with guess, [40.01204101  0.0902282 ].
2025-01-30 15:12:52,144 - INFO - Finished optimization with guess, [40.01204101  0.0902282 ].
2025-01-30 15:12:52,144 - INFO - Best fit parameters: [0.04305563 0.00361228].
2025-01-30 15:12:52,148 - INFO - Maximum log composite likelihood: -28.530282461088063.
2025-01-30 15:12:52,148 - INFO - Optimal value of theta: 11275.458172206081.
2025-01-30 15:12:52,149 - INFO - Beginning optimization with guess, [37.17918492  0.17163667].
2025-01-30 15:12:52,346 - INFO - Finished optimization with guess, [37.17918492  0.17163667].
2025-01-30 15:12:52,346 - INFO - Best fit parameters: [0.30108426 0.04210422].
2025-01-30 15:12:52,351 - INFO - Maximum log composite likelihood: -26.17477260342457.
2025-01-30 15:12:52,351 - INFO - Optimal value of theta: 11455.976076807965.
2025-01-30 15:12:52,351 - INFO - Beginning optimization with guess, [37.57390527  0.08645955].
2025-01-30 15:12:52,542 - INFO - Finished optimization with guess, [37.57390527  0.08645955].
2025-01-30 15:12:52,543 - INFO - Best fit parameters: [0.00913421 0.00073951].
2025-01-30 15:12:52,546 - INFO - Maximum log composite likelihood: -28.848318502548864.
2025-01-30 15:12:52,547 - INFO - Optimal value of theta: 11281.723234436304.
2025-01-30 15:12:52,547 - INFO - Beginning optimization with guess, [31.19994132  0.19812612].
2025-01-30 15:12:52,737 - INFO - Finished optimization with guess, [31.19994132  0.19812612].
2025-01-30 15:12:52,738 - INFO - Best fit parameters: [0.35294316 0.05999729].
2025-01-30 15:12:52,742 - INFO - Maximum log composite likelihood: -25.941034077532095.
2025-01-30 15:12:52,742 - INFO - Optimal value of theta: 11596.523417510123.
2025-01-30 15:12:52,742 - INFO - Beginning optimization with guess, [36.65853073  0.05852316].
2025-01-30 15:12:52,925 - INFO - Finished optimization with guess, [36.65853073  0.05852316].
2025-01-30 15:12:52,925 - INFO - Best fit parameters: [0.00126816 0.00010145].
2025-01-30 15:12:52,929 - INFO - Maximum log composite likelihood: -28.925747994535413.
2025-01-30 15:12:52,929 - INFO - Optimal value of theta: 11277.900704051099.
2025-01-30 15:12:52,929 - INFO - Beginning optimization with guess, [63.58117319  0.06953497].
2025-01-30 15:12:53,119 - INFO - Finished optimization with guess, [63.58117319  0.06953497].
2025-01-30 15:12:53,120 - INFO - Best fit parameters: [0.01075186 0.00088038].
2025-01-30 15:12:53,124 - INFO - Maximum log composite likelihood: -28.849305737790928.
2025-01-30 15:12:53,124 - INFO - Optimal value of theta: 11294.276305453881.
2025-01-30 15:12:53,124 - INFO - Beginning optimization with guess, [1.59839004e+02 1.01630389e-01].
2025-01-30 15:12:53,321 - INFO - Finished optimization with guess, [1.59839004e+02 1.01630389e-01].
2025-01-30 15:12:53,321 - INFO - Best fit parameters: [0.176745   0.01894592].
2025-01-30 15:12:53,325 - INFO - Maximum log composite likelihood: -27.11862459380245.
2025-01-30 15:12:53,326 - INFO - Optimal value of theta: 11365.758469595483.
2025-01-30 15:12:53,326 - INFO - Beginning optimization with guess, [1.35970517e+02 7.68090648e-02].
2025-01-30 15:12:53,519 - INFO - Finished optimization with guess, [1.35970517e+02 7.68090648e-02].
2025-01-30 15:12:53,519 - INFO - Best fit parameters: [0.05865812 0.00508375].
2025-01-30 15:12:53,523 - INFO - Maximum log composite likelihood: -28.345107880943033.
2025-01-30 15:12:53,523 - INFO - Optimal value of theta: 11293.121494899831.
2025-01-30 15:12:53,524 - INFO - Beginning optimization with guess, [50.27195321  0.10578455].
2025-01-30 15:12:53,725 - INFO - Finished optimization with guess, [50.27195321  0.10578455].
2025-01-30 15:12:53,725 - INFO - Best fit parameters: [0.14490595 0.01413822].
2025-01-30 15:12:53,729 - INFO - Maximum log composite likelihood: -27.640789647814017.
2025-01-30 15:12:53,729 - INFO - Optimal value of theta: 11300.470257699299.
2025-01-30 15:12:53,729 - INFO - Beginning optimization with guess, [2.03593049e+02 1.72499568e-01].
2025-01-30 15:12:53,928 - INFO - Finished optimization with guess, [2.03593049e+02 1.72499568e-01].
2025-01-30 15:12:53,928 - INFO - Best fit parameters: [0.32731535 0.05193893].
2025-01-30 15:12:53,932 - INFO - Maximum log composite likelihood: -26.0047758715682.
2025-01-30 15:12:53,933 - INFO - Optimal value of theta: 11568.491116326188.
2025-01-30 15:12:53,933 - INFO - Beginning optimization with guess, [2.01419382e+02 1.81823993e-01].
2025-01-30 15:12:54,149 - INFO - Finished optimization with guess, [2.01419382e+02 1.81823993e-01].
2025-01-30 15:12:54,149 - INFO - Best fit parameters: [0.332293   0.05220016].
2025-01-30 15:12:54,154 - INFO - Maximum log composite likelihood: -25.960146416795396.
2025-01-30 15:12:54,154 - INFO - Optimal value of theta: 11539.674827250094.
2025-01-30 15:12:54,154 - INFO - Beginning optimization with guess, [2.44956649e+02 1.67791860e-01].
2025-01-30 15:12:54,360 - INFO - Finished optimization with guess, [2.44956649e+02 1.67791860e-01].
2025-01-30 15:12:54,360 - INFO - Best fit parameters: [0.31989015 0.04720592].
2025-01-30 15:12:54,364 - INFO - Maximum log composite likelihood: -26.07641916240209.
2025-01-30 15:12:54,364 - INFO - Optimal value of theta: 11483.412164375117.
2025-01-30 15:12:54,365 - INFO - Beginning optimization with guess, [1.54371442e+02 1.08606714e-01].
2025-01-30 15:12:54,551 - INFO - Finished optimization with guess, [1.54371442e+02 1.08606714e-01].
2025-01-30 15:12:54,551 - INFO - Best fit parameters: [0.16892604 0.01737153].
2025-01-30 15:12:54,555 - INFO - Maximum log composite likelihood: -27.333421704623106.
2025-01-30 15:12:54,555 - INFO - Optimal value of theta: 11325.1411216466.
2025-01-30 15:12:54,555 - INFO - Beginning optimization with guess, [3.78235876e+02 7.96353289e-02].
2025-01-30 15:12:54,749 - INFO - Finished optimization with guess, [3.78235876e+02 7.96353289e-02].
2025-01-30 15:12:54,749 - INFO - Best fit parameters: [0.1027059  0.00944652].
2025-01-30 15:12:54,753 - INFO - Maximum log composite likelihood: -27.94318635183481.
2025-01-30 15:12:54,753 - INFO - Optimal value of theta: 11297.500221332208.
2025-01-30 15:12:54,755 - INFO - Beginning demographic inference for three-epoch demographic model.
2025-01-30 15:12:54,758 - INFO - Beginning optimization with guess, [0.00649703 0.01758421 0.12855523 0.0642871 ].
2025-01-30 15:13:45,251 - INFO - Finished optimization with guess, [0.00649703 0.01758421 0.12855523 0.0642871 ].
2025-01-30 15:13:45,252 - INFO - Best fit parameters: [0.00312774 0.00196415 0.07673013 0.53435941].
2025-01-30 15:13:46,459 - INFO - Maximum log composite likelihood: -264.2757518799426.
2025-01-30 15:13:46,460 - INFO - Optimal value of theta: 5058295.758690458.
2025-01-30 15:13:46,460 - INFO - Beginning optimization with guess, [0.06580793 0.11051047 0.1901286  0.06189732].
2025-01-30 15:13:47,197 - INFO - Finished optimization with guess, [0.06580793 0.11051047 0.1901286  0.06189732].
2025-01-30 15:13:47,197 - INFO - Best fit parameters: [0.079723   0.094788   0.16279953 0.06374114].
2025-01-30 15:13:47,212 - INFO - Maximum log composite likelihood: -32.4841027499624.
2025-01-30 15:13:47,212 - INFO - Optimal value of theta: 70274.7676166564.
2025-01-30 15:13:47,213 - INFO - Beginning optimization with guess, [0.79322586 0.44096596 0.11523416 0.09342426].
2025-01-30 15:13:47,442 - INFO - Finished optimization with guess, [0.79322586 0.44096596 0.11523416 0.09342426].
2025-01-30 15:13:47,442 - INFO - Best fit parameters: [1.02925451 0.34703184 0.10841009 0.05865121].
2025-01-30 15:13:47,447 - INFO - Maximum log composite likelihood: -25.937853785990228.
2025-01-30 15:13:47,447 - INFO - Optimal value of theta: 11568.171045090938.
2025-01-30 15:13:47,447 - INFO - Beginning optimization with guess, [1.11278552 1.05010983 0.18112478 0.05216983].
2025-01-30 15:13:47,646 - INFO - Finished optimization with guess, [1.11278552 1.05010983 0.18112478 0.05216983].
2025-01-30 15:13:47,646 - INFO - Best fit parameters: [8.68146166e-01 1.06516127e+00 1.45733122e-01 9.14989838e-04].
2025-01-30 15:13:47,650 - INFO - Maximum log composite likelihood: -187.93960321060695.
2025-01-30 15:13:47,651 - INFO - Optimal value of theta: 10229.12891910328.
2025-01-30 15:13:47,651 - INFO - Beginning optimization with guess, [1.53731112 2.50548647 0.1026262  0.12172478].
2025-01-30 15:13:47,831 - INFO - Finished optimization with guess, [1.53731112 2.50548647 0.1026262  0.12172478].
2025-01-30 15:13:47,831 - INFO - Best fit parameters: [1.78289117e+00 8.17220651e-02 1.35316406e-03 8.41639229e-03].
2025-01-30 15:13:47,836 - INFO - Maximum log composite likelihood: -30.20772030090484.
2025-01-30 15:13:47,836 - INFO - Optimal value of theta: 11486.574307759582.
2025-01-30 15:13:47,836 - INFO - Beginning optimization with guess, [5.57663951 7.06460114 0.19148294 0.06538039].
2025-01-30 15:13:48,029 - INFO - Finished optimization with guess, [5.57663951 7.06460114 0.19148294 0.06538039].
2025-01-30 15:13:48,030 - INFO - Best fit parameters: [2.71294593e-01 3.91795672e+00 4.17801114e-02 3.88894158e-03].
2025-01-30 15:13:48,034 - INFO - Maximum log composite likelihood: -26.07389530702858.
2025-01-30 15:13:48,034 - INFO - Optimal value of theta: 11604.994129446524.
2025-01-30 15:13:48,034 - INFO - Beginning optimization with guess, [ 7.71424034 12.15052589  0.06588906  0.16998177].
2025-01-30 15:13:48,232 - INFO - Finished optimization with guess, [ 7.71424034 12.15052589  0.06588906  0.16998177].
2025-01-30 15:13:48,233 - INFO - Best fit parameters: [8.30320334e+00 3.01359844e-01 6.90798883e-03 4.78313242e-02].
2025-01-30 15:13:48,237 - INFO - Maximum log composite likelihood: -26.215437315004237.
2025-01-30 15:13:48,237 - INFO - Optimal value of theta: 11557.443057286002.
2025-01-30 15:13:48,238 - INFO - Beginning optimization with guess, [13.46604253 14.56737714  0.10853175  0.08700252].
2025-01-30 15:13:48,432 - INFO - Finished optimization with guess, [13.46604253 14.56737714  0.10853175  0.08700252].
2025-01-30 15:13:48,432 - INFO - Best fit parameters: [0.11401914 0.00226148 0.00124189 0.00014955].
2025-01-30 15:13:48,436 - INFO - Maximum log composite likelihood: -29.337912483202672.
2025-01-30 15:13:48,437 - INFO - Optimal value of theta: 11207.043616426481.
2025-01-30 15:13:48,437 - INFO - Beginning optimization with guess, [11.21107285  5.24101432  0.0816767   0.10864408].
2025-01-30 15:13:48,619 - INFO - Finished optimization with guess, [11.21107285  5.24101432  0.0816767   0.10864408].
2025-01-30 15:13:48,620 - INFO - Best fit parameters: [1.25286531e+01 9.44899545e-03 5.70853864e-04 8.05569657e-04].
2025-01-30 15:13:48,624 - INFO - Maximum log composite likelihood: -29.17797015808901.
2025-01-30 15:13:48,624 - INFO - Optimal value of theta: 11342.646602223384.
2025-01-30 15:13:48,624 - INFO - Beginning optimization with guess, [ 5.50697772 13.44157217  0.11949137  0.10450857].
2025-01-30 15:13:48,808 - INFO - Finished optimization with guess, [ 5.50697772 13.44157217  0.11949137  0.10450857].
2025-01-30 15:13:48,808 - INFO - Best fit parameters: [3.02941436 0.084586   0.00999826 0.00878913].
2025-01-30 15:13:48,812 - INFO - Maximum log composite likelihood: -28.611493981177773.
2025-01-30 15:13:48,813 - INFO - Optimal value of theta: 11398.22770918992.
2025-01-30 15:13:48,813 - INFO - Beginning optimization with guess, [18.34826849 18.21864025  0.06939235  0.09262594].
2025-01-30 15:13:49,008 - INFO - Finished optimization with guess, [18.34826849 18.21864025  0.06939235  0.09262594].
2025-01-30 15:13:49,008 - INFO - Best fit parameters: [9.87637841e+00 9.09646582e-02 5.32180234e-03 8.40157476e-03].
2025-01-30 15:13:49,012 - INFO - Maximum log composite likelihood: -28.42612335962076.
2025-01-30 15:13:49,012 - INFO - Optimal value of theta: 11246.933219236.
2025-01-30 15:13:49,013 - INFO - Beginning optimization with guess, [10.61253984 13.35003354  0.09856375  0.13003245].
2025-01-30 15:13:49,211 - INFO - Finished optimization with guess, [10.61253984 13.35003354  0.09856375  0.13003245].
2025-01-30 15:13:49,211 - INFO - Best fit parameters: [5.85708848 0.18293396 0.01106688 0.01960092].
2025-01-30 15:13:49,216 - INFO - Maximum log composite likelihood: -28.92528304148982.
2025-01-30 15:13:49,216 - INFO - Optimal value of theta: 11213.107262985568.
2025-01-30 15:13:49,216 - INFO - Beginning optimization with guess, [15.09876275 12.18259791  0.06414567  0.10586997].
2025-01-30 15:13:49,411 - INFO - Finished optimization with guess, [15.09876275 12.18259791  0.06414567  0.10586997].
2025-01-30 15:13:49,411 - INFO - Best fit parameters: [7.51059813e+00 1.10768697e-01 3.89225855e-03 1.03461038e-02].
2025-01-30 15:13:49,415 - INFO - Maximum log composite likelihood: -28.304250480578048.
2025-01-30 15:13:49,416 - INFO - Optimal value of theta: 11250.161506802175.
2025-01-30 15:13:49,416 - INFO - Beginning optimization with guess, [23.42125232 25.99759766  0.17558406  0.14738574].
2025-01-30 15:13:49,619 - INFO - Finished optimization with guess, [23.42125232 25.99759766  0.17558406  0.14738574].
2025-01-30 15:13:49,619 - INFO - Best fit parameters: [10.41336519  0.17980734  0.04097252  0.02813951].
2025-01-30 15:13:49,624 - INFO - Maximum log composite likelihood: -28.315113835071315.
2025-01-30 15:13:49,624 - INFO - Optimal value of theta: 11446.06312299135.
2025-01-30 15:13:49,624 - INFO - Beginning optimization with guess, [22.58419481 13.34818893  0.18710743  0.08689328].
2025-01-30 15:13:49,829 - INFO - Finished optimization with guess, [22.58419481 13.34818893  0.18710743  0.08689328].
2025-01-30 15:13:49,830 - INFO - Best fit parameters: [0.20099647 4.25138085 0.02539938 0.00683583].
2025-01-30 15:13:49,834 - INFO - Maximum log composite likelihood: -26.415909876430305.
2025-01-30 15:13:49,834 - INFO - Optimal value of theta: 11420.81520817283.
2025-01-30 15:13:49,834 - INFO - Beginning optimization with guess, [19.04760695 44.04723082  0.09990772  0.05693553].
2025-01-30 15:13:50,038 - INFO - Finished optimization with guess, [19.04760695 44.04723082  0.09990772  0.05693553].
2025-01-30 15:13:50,039 - INFO - Best fit parameters: [3.78148085e+00 1.27002007e-02 2.43377174e-03 1.09498405e-03].
2025-01-30 15:13:50,043 - INFO - Maximum log composite likelihood: -29.030821531991023.
2025-01-30 15:13:50,043 - INFO - Optimal value of theta: 11332.199805199274.
2025-01-30 15:13:50,043 - INFO - Beginning optimization with guess, [39.22503292 45.39085989  0.05023826  0.06466657].
2025-01-30 15:13:50,238 - INFO - Finished optimization with guess, [39.22503292 45.39085989  0.05023826  0.06466657].
2025-01-30 15:13:50,239 - INFO - Best fit parameters: [4.17593764e+00 2.56622486e-02 1.12984724e-03 2.26376678e-03].
2025-01-30 15:13:50,243 - INFO - Maximum log composite likelihood: -29.085488331709712.
2025-01-30 15:13:50,243 - INFO - Optimal value of theta: 11357.971714630388.
2025-01-30 15:13:50,243 - INFO - Beginning optimization with guess, [15.12980566 57.49546533  0.12697924  0.06668949].
2025-01-30 15:13:50,442 - INFO - Finished optimization with guess, [15.12980566 57.49546533  0.12697924  0.06668949].
2025-01-30 15:13:50,442 - INFO - Best fit parameters: [1.49706181e-01 1.60290556e+01 1.86498275e-02 4.59567803e-03].
2025-01-30 15:13:50,446 - INFO - Maximum log composite likelihood: -26.91272015251343.
2025-01-30 15:13:50,447 - INFO - Optimal value of theta: 11543.216519494596.
2025-01-30 15:13:50,447 - INFO - Beginning optimization with guess, [24.57310728 22.88616401  0.05816857  0.06765104].
2025-01-30 15:13:50,648 - INFO - Finished optimization with guess, [24.57310728 22.88616401  0.05816857  0.06765104].
2025-01-30 15:13:50,649 - INFO - Best fit parameters: [2.43525570e+00 1.87554846e-02 6.01459229e-04 1.63257891e-03].
2025-01-30 15:13:50,653 - INFO - Maximum log composite likelihood: -29.21733721266355.
2025-01-30 15:13:50,653 - INFO - Optimal value of theta: 11359.158154892591.
2025-01-30 15:13:50,653 - INFO - Beginning optimization with guess, [5.99724356e+01 2.87139082e+01 5.62800858e-02 7.10736259e-02].
2025-01-30 15:13:50,853 - INFO - Finished optimization with guess, [5.99724356e+01 2.87139082e+01 5.62800858e-02 7.10736259e-02].
2025-01-30 15:13:50,853 - INFO - Best fit parameters: [6.16102749e+00 3.03499061e-02 1.40497922e-03 2.75833196e-03].
2025-01-30 15:13:50,858 - INFO - Maximum log composite likelihood: -29.40208489438919.
2025-01-30 15:13:50,858 - INFO - Optimal value of theta: 11387.2827860467.
2025-01-30 15:13:50,858 - INFO - Beginning optimization with guess, [79.90613333 38.46900274  0.13893676  0.1452711 ].
2025-01-30 15:13:51,058 - INFO - Finished optimization with guess, [79.90613333 38.46900274  0.13893676  0.1452711 ].
2025-01-30 15:13:51,058 - INFO - Best fit parameters: [2.84386532e+01 1.82885998e-01 2.80580535e-02 2.77355202e-02].
2025-01-30 15:13:51,062 - INFO - Maximum log composite likelihood: -28.67282419026924.
2025-01-30 15:13:51,062 - INFO - Optimal value of theta: 11511.909341468196.
2025-01-30 15:13:51,063 - INFO - Beginning optimization with guess, [27.04171121 86.49825357  0.17841874  0.15518336].
2025-01-30 15:13:51,284 - INFO - Finished optimization with guess, [27.04171121 86.49825357  0.17841874  0.15518336].
2025-01-30 15:13:51,284 - INFO - Best fit parameters: [ 0.17229476 28.71453661  0.0367353   0.03049052].
2025-01-30 15:13:51,289 - INFO - Maximum log composite likelihood: -44.09350056313269.
2025-01-30 15:13:51,289 - INFO - Optimal value of theta: 11908.979243271058.
2025-01-30 15:13:51,289 - INFO - Beginning optimization with guess, [87.04012302 62.12640087  0.12513223  0.18332891].
2025-01-30 15:13:51,495 - INFO - Finished optimization with guess, [87.04012302 62.12640087  0.12513223  0.18332891].
2025-01-30 15:13:51,495 - INFO - Best fit parameters: [3.35034980e+01 2.84769313e-01 2.49111434e-02 5.39881970e-02].
2025-01-30 15:13:51,500 - INFO - Maximum log composite likelihood: -28.14302504963598.
2025-01-30 15:13:51,500 - INFO - Optimal value of theta: 11672.94794854605.
2025-01-30 15:13:51,500 - INFO - Beginning optimization with guess, [3.84174561e+01 1.18474513e+02 6.01423885e-02 9.03894566e-02].
2025-01-30 15:13:51,704 - INFO - Finished optimization with guess, [3.84174561e+01 1.18474513e+02 6.01423885e-02 9.03894566e-02].
2025-01-30 15:13:51,704 - INFO - Best fit parameters: [1.48701176e-02 8.62859777e+00 1.24742639e-03 1.87360292e-03].
2025-01-30 15:13:51,708 - INFO - Maximum log composite likelihood: -28.192142395879273.
2025-01-30 15:13:51,708 - INFO - Optimal value of theta: 11280.618007766105.
2025-01-30 15:13:51,708 - INFO - Beginning optimization with guess, [46.61991538 60.75480944  0.1572244   0.14464397].
2025-01-30 15:13:51,915 - INFO - Finished optimization with guess, [46.61991538 60.75480944  0.1572244   0.14464397].
2025-01-30 15:13:51,915 - INFO - Best fit parameters: [23.49171117  0.21643932  0.0383303   0.03354284].
2025-01-30 15:13:51,920 - INFO - Maximum log composite likelihood: -27.044434601528337.
2025-01-30 15:13:51,920 - INFO - Optimal value of theta: 11330.35913455845.
2025-01-30 15:13:51,922 - INFO - Finished demographic inference.
2025-01-30 15:13:51,922 - INFO - Pipeline executed succesfully.
