2024-01-10 13:55:43,564 - INFO - Beginning execution of fit_demographic_model.py in directory /u/project/kirk/jonmah/sample_size_demography/Scripts

2024-01-10 13:55:43,564 - INFO - Progress is being logged to ../Analysis/1kg_EUR_270/log.log

2024-01-10 13:55:43,564 - INFO - Parsed the following arguments:
	syn_input_sfs = ../Analysis/1kg_EUR_270/syn_downsampled_sfs.txt
	mask_singletons = False
	mask_doubletons = False
	outprefix = ../Analysis/1kg_EUR_270/

2024-01-10 13:55:43,566 - INFO - Beginning demographic inference for one-epoch demographic model.
2024-01-10 13:55:43,568 - INFO - Beginning optimization with guess, [0.12732651].
2024-01-10 13:56:05,751 - INFO - Finished optimization with guess, [0.12732651].
2024-01-10 13:56:05,752 - INFO - Best fit parameters: [0.12732651].
2024-01-10 13:56:06,380 - INFO - Maximum log composite likelihood: -700.4322756936889.
2024-01-10 13:56:06,380 - INFO - Optimal value of theta: 5121.317035687531.
2024-01-10 13:56:06,380 - INFO - Beginning optimization with guess, [0.22922012].
2024-01-10 13:56:26,524 - INFO - Finished optimization with guess, [0.22922012].
2024-01-10 13:56:26,526 - INFO - Best fit parameters: [0.22922012].
2024-01-10 13:56:27,157 - INFO - Maximum log composite likelihood: -700.4322756936889.
2024-01-10 13:56:27,157 - INFO - Optimal value of theta: 5121.317035687531.
2024-01-10 13:56:27,157 - INFO - Beginning optimization with guess, [0.3242487].
2024-01-10 13:56:47,553 - INFO - Finished optimization with guess, [0.3242487].
2024-01-10 13:56:47,554 - INFO - Best fit parameters: [0.3242487].
2024-01-10 13:56:48,185 - INFO - Maximum log composite likelihood: -700.4322756936889.
2024-01-10 13:56:48,186 - INFO - Optimal value of theta: 5121.317035687531.
2024-01-10 13:56:48,186 - INFO - Beginning optimization with guess, [0.2064158].
2024-01-10 13:57:08,493 - INFO - Finished optimization with guess, [0.2064158].
2024-01-10 13:57:08,494 - INFO - Best fit parameters: [0.2064158].
2024-01-10 13:57:09,114 - INFO - Maximum log composite likelihood: -700.4322756936889.
2024-01-10 13:57:09,115 - INFO - Optimal value of theta: 5121.317035687531.
2024-01-10 13:57:09,115 - INFO - Beginning optimization with guess, [0.45094662].
2024-01-10 13:57:27,483 - INFO - Finished optimization with guess, [0.45094662].
2024-01-10 13:57:27,484 - INFO - Best fit parameters: [0.45094662].
2024-01-10 13:57:28,096 - INFO - Maximum log composite likelihood: -700.4322756936889.
2024-01-10 13:57:28,096 - INFO - Optimal value of theta: 5121.317035687531.
2024-01-10 13:57:28,096 - INFO - Beginning optimization with guess, [0.37649321].
2024-01-10 13:57:46,010 - INFO - Finished optimization with guess, [0.37649321].
2024-01-10 13:57:46,012 - INFO - Best fit parameters: [0.37649321].
2024-01-10 13:57:46,654 - INFO - Maximum log composite likelihood: -700.4322756936889.
2024-01-10 13:57:46,654 - INFO - Optimal value of theta: 5121.317035687531.
2024-01-10 13:57:46,654 - INFO - Beginning optimization with guess, [0.81863641].
2024-01-10 13:58:00,966 - INFO - Finished optimization with guess, [0.81863641].
2024-01-10 13:58:00,967 - INFO - Best fit parameters: [0.81863641].
2024-01-10 13:58:01,612 - INFO - Maximum log composite likelihood: -700.4322756936889.
2024-01-10 13:58:01,613 - INFO - Optimal value of theta: 5121.317035687531.
2024-01-10 13:58:01,613 - INFO - Beginning optimization with guess, [0.69128354].
2024-01-10 13:58:18,108 - INFO - Finished optimization with guess, [0.69128354].
2024-01-10 13:58:18,109 - INFO - Best fit parameters: [0.69128354].
2024-01-10 13:58:18,728 - INFO - Maximum log composite likelihood: -700.4322756936889.
2024-01-10 13:58:18,728 - INFO - Optimal value of theta: 5121.317035687531.
2024-01-10 13:58:18,729 - INFO - Beginning optimization with guess, [1.31941261].
2024-01-10 13:58:34,950 - INFO - Finished optimization with guess, [1.31941261].
2024-01-10 13:58:34,951 - INFO - Best fit parameters: [1.31941261].
2024-01-10 13:58:35,538 - INFO - Maximum log composite likelihood: -700.4322756936889.
2024-01-10 13:58:35,538 - INFO - Optimal value of theta: 5121.317035687531.
2024-01-10 13:58:35,539 - INFO - Beginning optimization with guess, [1.34794124].
2024-01-10 13:58:50,888 - INFO - Finished optimization with guess, [1.34794124].
2024-01-10 13:58:50,889 - INFO - Best fit parameters: [1.34794124].
2024-01-10 13:58:51,475 - INFO - Maximum log composite likelihood: -700.4322756936889.
2024-01-10 13:58:51,475 - INFO - Optimal value of theta: 5121.317035687531.
2024-01-10 13:58:51,475 - INFO - Beginning optimization with guess, [1.41056133].
2024-01-10 13:59:06,834 - INFO - Finished optimization with guess, [1.41056133].
2024-01-10 13:59:06,836 - INFO - Best fit parameters: [1.41056133].
2024-01-10 13:59:07,492 - INFO - Maximum log composite likelihood: -700.4322756936889.
2024-01-10 13:59:07,492 - INFO - Optimal value of theta: 5121.317035687531.
2024-01-10 13:59:07,492 - INFO - Beginning optimization with guess, [1.17783433].
2024-01-10 13:59:21,730 - INFO - Finished optimization with guess, [1.17783433].
2024-01-10 13:59:21,731 - INFO - Best fit parameters: [1.17783433].
2024-01-10 13:59:22,318 - INFO - Maximum log composite likelihood: -700.4322756936889.
2024-01-10 13:59:22,318 - INFO - Optimal value of theta: 5121.317035687531.
2024-01-10 13:59:22,318 - INFO - Beginning optimization with guess, [1.06891129].
2024-01-10 13:59:34,138 - INFO - Finished optimization with guess, [1.06891129].
2024-01-10 13:59:34,140 - INFO - Best fit parameters: [1.06891129].
2024-01-10 13:59:34,727 - INFO - Maximum log composite likelihood: -700.4322756936889.
2024-01-10 13:59:34,727 - INFO - Optimal value of theta: 5121.317035687531.
2024-01-10 13:59:34,727 - INFO - Beginning optimization with guess, [3.66838626].
2024-01-10 13:59:53,637 - INFO - Finished optimization with guess, [3.66838626].
2024-01-10 13:59:53,640 - INFO - Best fit parameters: [3.66838626].
2024-01-10 13:59:54,227 - INFO - Maximum log composite likelihood: -700.4322756936889.
2024-01-10 13:59:54,227 - INFO - Optimal value of theta: 5121.317035687531.
2024-01-10 13:59:54,227 - INFO - Beginning optimization with guess, [1.80932125].
2024-01-10 14:00:11,355 - INFO - Finished optimization with guess, [1.80932125].
2024-01-10 14:00:11,357 - INFO - Best fit parameters: [1.80932125].
2024-01-10 14:00:11,944 - INFO - Maximum log composite likelihood: -700.4322756936889.
2024-01-10 14:00:11,944 - INFO - Optimal value of theta: 5121.317035687531.
2024-01-10 14:00:11,944 - INFO - Beginning optimization with guess, [3.46880338].
2024-01-10 14:00:30,915 - INFO - Finished optimization with guess, [3.46880338].
2024-01-10 14:00:30,916 - INFO - Best fit parameters: [3.46880338].
2024-01-10 14:00:31,503 - INFO - Maximum log composite likelihood: -700.4322756936889.
2024-01-10 14:00:31,503 - INFO - Optimal value of theta: 5121.317035687531.
2024-01-10 14:00:31,503 - INFO - Beginning optimization with guess, [1.73832666].
2024-01-10 14:00:48,689 - INFO - Finished optimization with guess, [1.73832666].
2024-01-10 14:00:48,690 - INFO - Best fit parameters: [1.73832666].
2024-01-10 14:00:49,276 - INFO - Maximum log composite likelihood: -700.4322756936889.
2024-01-10 14:00:49,276 - INFO - Optimal value of theta: 5121.317035687531.
2024-01-10 14:00:49,276 - INFO - Beginning optimization with guess, [1.75287024].
2024-01-10 14:01:06,230 - INFO - Finished optimization with guess, [1.75287024].
2024-01-10 14:01:06,231 - INFO - Best fit parameters: [1.75287024].
2024-01-10 14:01:06,818 - INFO - Maximum log composite likelihood: -700.4322756936889.
2024-01-10 14:01:06,818 - INFO - Optimal value of theta: 5121.317035687531.
2024-01-10 14:01:06,818 - INFO - Beginning optimization with guess, [6.13138491].
2024-01-10 14:01:26,334 - INFO - Finished optimization with guess, [6.13138491].
2024-01-10 14:01:26,335 - INFO - Best fit parameters: [6.13138491].
2024-01-10 14:01:26,921 - INFO - Maximum log composite likelihood: -700.4322756936889.
2024-01-10 14:01:26,922 - INFO - Optimal value of theta: 5121.317035687531.
2024-01-10 14:01:26,922 - INFO - Beginning optimization with guess, [5.52971144].
2024-01-10 14:01:47,066 - INFO - Finished optimization with guess, [5.52971144].
2024-01-10 14:01:47,068 - INFO - Best fit parameters: [5.52971144].
2024-01-10 14:01:47,713 - INFO - Maximum log composite likelihood: -700.4322756936889.
2024-01-10 14:01:47,714 - INFO - Optimal value of theta: 5121.317035687531.
2024-01-10 14:01:47,715 - INFO - Beginning optimization with guess, [2.60211917].
2024-01-10 14:02:05,344 - INFO - Finished optimization with guess, [2.60211917].
2024-01-10 14:02:05,345 - INFO - Best fit parameters: [2.60211917].
2024-01-10 14:02:05,947 - INFO - Maximum log composite likelihood: -700.4322756936889.
2024-01-10 14:02:05,947 - INFO - Optimal value of theta: 5121.317035687531.
2024-01-10 14:02:05,948 - INFO - Beginning optimization with guess, [3.74636849].
2024-01-10 14:02:25,002 - INFO - Finished optimization with guess, [3.74636849].
2024-01-10 14:02:25,004 - INFO - Best fit parameters: [3.74636849].
2024-01-10 14:02:25,638 - INFO - Maximum log composite likelihood: -700.4322756936889.
2024-01-10 14:02:25,638 - INFO - Optimal value of theta: 5121.317035687531.
2024-01-10 14:02:25,638 - INFO - Beginning optimization with guess, [4.72191317].
2024-01-10 14:02:44,893 - INFO - Finished optimization with guess, [4.72191317].
2024-01-10 14:02:44,895 - INFO - Best fit parameters: [4.72191317].
2024-01-10 14:02:45,477 - INFO - Maximum log composite likelihood: -700.4322756936889.
2024-01-10 14:02:45,478 - INFO - Optimal value of theta: 5121.317035687531.
2024-01-10 14:02:45,478 - INFO - Beginning optimization with guess, [5.94387151].
2024-01-10 14:03:04,562 - INFO - Finished optimization with guess, [5.94387151].
2024-01-10 14:03:04,565 - INFO - Best fit parameters: [5.94387151].
2024-01-10 14:03:05,157 - INFO - Maximum log composite likelihood: -700.4322756936889.
2024-01-10 14:03:05,158 - INFO - Optimal value of theta: 5121.317035687531.
2024-01-10 14:03:05,158 - INFO - Beginning optimization with guess, [12.33463424].
2024-01-10 14:03:26,105 - INFO - Finished optimization with guess, [12.33463424].
2024-01-10 14:03:26,150 - INFO - Best fit parameters: [12.33463424].
2024-01-10 14:03:26,746 - INFO - Maximum log composite likelihood: -700.4322756936889.
2024-01-10 14:03:26,746 - INFO - Optimal value of theta: 5121.317035687531.
2024-01-10 14:03:26,754 - INFO - Beginning demographic inference for two-epoch demographic model.
2024-01-10 14:03:26,771 - INFO - Beginning optimization with guess, [0.17491526 0.01916526].
2024-01-10 14:04:21,226 - INFO - Finished optimization with guess, [0.17491526 0.01916526].
2024-01-10 14:04:21,228 - INFO - Best fit parameters: [2.68266387e+00 2.60885525e-03].
2024-01-10 14:04:21,848 - INFO - Maximum log composite likelihood: -640.3226817899791.
2024-01-10 14:04:21,849 - INFO - Optimal value of theta: 4962.507655252449.
2024-01-10 14:04:21,850 - INFO - Beginning optimization with guess, [0.38746388 0.0186685 ].
2024-01-10 14:05:20,785 - INFO - Finished optimization with guess, [0.38746388 0.0186685 ].
2024-01-10 14:05:20,786 - INFO - Best fit parameters: [2.68271803e+00 2.60886011e-03].
2024-01-10 14:05:21,400 - INFO - Maximum log composite likelihood: -640.3226817880035.
2024-01-10 14:05:21,401 - INFO - Optimal value of theta: 4962.505248303557.
2024-01-10 14:05:21,402 - INFO - Beginning optimization with guess, [0.19575098 0.00956696].
2024-01-10 14:06:18,558 - INFO - Finished optimization with guess, [0.19575098 0.00956696].
2024-01-10 14:06:18,559 - INFO - Best fit parameters: [2.68256424e+00 2.60905202e-03].
2024-01-10 14:06:19,151 - INFO - Maximum log composite likelihood: -640.3226818195628.
2024-01-10 14:06:19,151 - INFO - Optimal value of theta: 4962.501124708284.
2024-01-10 14:06:19,151 - INFO - Beginning optimization with guess, [0.36556294 0.00734089].
2024-01-10 14:07:14,786 - INFO - Finished optimization with guess, [0.36556294 0.00734089].
2024-01-10 14:07:14,788 - INFO - Best fit parameters: [2.68283641e+00 2.60913585e-03].
2024-01-10 14:07:15,475 - INFO - Maximum log composite likelihood: -640.3226826419027.
2024-01-10 14:07:15,476 - INFO - Optimal value of theta: 4962.485866665832.
2024-01-10 14:07:15,476 - INFO - Beginning optimization with guess, [0.30728785 0.0113519 ].
2024-01-10 14:08:11,116 - INFO - Finished optimization with guess, [0.30728785 0.0113519 ].
2024-01-10 14:08:11,119 - INFO - Best fit parameters: [2.68270489e+00 2.60887900e-03].
2024-01-10 14:08:11,713 - INFO - Maximum log composite likelihood: -640.3226817889667.
2024-01-10 14:08:11,714 - INFO - Optimal value of theta: 4962.504763693354.
2024-01-10 14:08:11,714 - INFO - Beginning optimization with guess, [0.60258264 0.00749542].
2024-01-10 14:09:05,735 - INFO - Finished optimization with guess, [0.60258264 0.00749542].
2024-01-10 14:09:05,737 - INFO - Best fit parameters: [2.68873468e+00 2.60484014e-03].
2024-01-10 14:09:06,320 - INFO - Maximum log composite likelihood: -640.3227122650026.
2024-01-10 14:09:06,320 - INFO - Optimal value of theta: 4962.481691454833.
2024-01-10 14:09:06,320 - INFO - Beginning optimization with guess, [0.4235244  0.00577962].
2024-01-10 14:10:03,724 - INFO - Finished optimization with guess, [0.4235244  0.00577962].
2024-01-10 14:10:03,725 - INFO - Best fit parameters: [2.68329674e+00 2.60839962e-03].
2024-01-10 14:10:04,315 - INFO - Maximum log composite likelihood: -640.3226820615416.
2024-01-10 14:10:04,315 - INFO - Optimal value of theta: 4962.506839776878.
2024-01-10 14:10:04,316 - INFO - Beginning optimization with guess, [0.4418686  0.00975482].
2024-01-10 14:11:00,951 - INFO - Finished optimization with guess, [0.4418686  0.00975482].
2024-01-10 14:11:00,952 - INFO - Best fit parameters: [2.68327595e+00 2.60863196e-03].
2024-01-10 14:11:01,550 - INFO - Maximum log composite likelihood: -640.3226824232147.
2024-01-10 14:11:01,550 - INFO - Optimal value of theta: 4962.495285995149.
2024-01-10 14:11:01,550 - INFO - Beginning optimization with guess, [1.21660833 0.0062654 ].
2024-01-10 14:11:54,923 - INFO - Finished optimization with guess, [1.21660833 0.0062654 ].
2024-01-10 14:11:54,926 - INFO - Best fit parameters: [2.68256179e+00 2.60898249e-03].
2024-01-10 14:11:55,554 - INFO - Maximum log composite likelihood: -640.322681788882.
2024-01-10 14:11:55,555 - INFO - Optimal value of theta: 4962.504925529312.
2024-01-10 14:11:55,555 - INFO - Beginning optimization with guess, [0.7152387  0.01290019].
2024-01-10 14:12:51,493 - INFO - Finished optimization with guess, [0.7152387  0.01290019].
2024-01-10 14:12:51,495 - INFO - Best fit parameters: [2.68291786e+00 2.61004087e-03].
2024-01-10 14:12:52,084 - INFO - Maximum log composite likelihood: -640.3226918673234.
2024-01-10 14:12:52,084 - INFO - Optimal value of theta: 4962.434430368429.
2024-01-10 14:12:52,085 - INFO - Beginning optimization with guess, [0.99903575 0.01647662].
2024-01-10 14:13:47,065 - INFO - Finished optimization with guess, [0.99903575 0.01647662].
2024-01-10 14:13:47,067 - INFO - Best fit parameters: [2.2855438  0.00264578].
2024-01-10 14:13:47,681 - INFO - Maximum log composite likelihood: -641.1444138460798.
2024-01-10 14:13:47,681 - INFO - Optimal value of theta: 4979.003626543481.
2024-01-10 14:13:47,682 - INFO - Beginning optimization with guess, [0.83617008 0.0196122 ].
2024-01-10 14:14:46,134 - INFO - Finished optimization with guess, [0.83617008 0.0196122 ].
2024-01-10 14:14:46,138 - INFO - Best fit parameters: [2.6824518e+00 2.6092322e-03].
2024-01-10 14:14:46,774 - INFO - Maximum log composite likelihood: -640.3226819440106.
2024-01-10 14:14:46,774 - INFO - Optimal value of theta: 4962.495987414038.
2024-01-10 14:14:46,774 - INFO - Beginning optimization with guess, [2.16641112 0.00791247].
2024-01-10 14:15:35,834 - INFO - Finished optimization with guess, [2.16641112 0.00791247].
2024-01-10 14:15:35,835 - INFO - Best fit parameters: [2.68273128e+00 2.60886341e-03].
2024-01-10 14:15:36,396 - INFO - Maximum log composite likelihood: -640.3226817934419.
2024-01-10 14:15:36,396 - INFO - Optimal value of theta: 4962.504547452701.
2024-01-10 14:15:36,397 - INFO - Beginning optimization with guess, [1.34100462 0.01035169].
2024-01-10 14:16:24,301 - INFO - Finished optimization with guess, [1.34100462 0.01035169].
2024-01-10 14:16:24,304 - INFO - Best fit parameters: [2.68276732e+00 2.60878363e-03].
2024-01-10 14:16:24,928 - INFO - Maximum log composite likelihood: -640.3226817933836.
2024-01-10 14:16:24,928 - INFO - Optimal value of theta: 4962.507368225308.
2024-01-10 14:16:24,928 - INFO - Beginning optimization with guess, [2.64756867 0.008641  ].
2024-01-10 14:17:11,241 - INFO - Finished optimization with guess, [2.64756867 0.008641  ].
2024-01-10 14:17:11,242 - INFO - Best fit parameters: [2.68272988e+00 2.60884202e-03].
2024-01-10 14:17:11,874 - INFO - Maximum log composite likelihood: -640.3226817879801.
2024-01-10 14:17:11,875 - INFO - Optimal value of theta: 4962.505742051773.
2024-01-10 14:17:11,875 - INFO - Beginning optimization with guess, [3.06488266 0.01927748].
2024-01-10 14:18:01,596 - INFO - Finished optimization with guess, [3.06488266 0.01927748].
2024-01-10 14:18:01,598 - INFO - Best fit parameters: [2.68257992e+00 2.60891541e-03].
2024-01-10 14:18:02,240 - INFO - Maximum log composite likelihood: -640.3226817982401.
2024-01-10 14:18:02,240 - INFO - Optimal value of theta: 4962.507779603223.
2024-01-10 14:18:02,241 - INFO - Beginning optimization with guess, [5.16078485 0.0115292 ].
2024-01-10 14:18:45,152 - INFO - Finished optimization with guess, [5.16078485 0.0115292 ].
2024-01-10 14:18:45,154 - INFO - Best fit parameters: [2.68265091e+00 2.60893880e-03].
2024-01-10 14:18:45,790 - INFO - Maximum log composite likelihood: -640.3226817914439.
2024-01-10 14:18:45,791 - INFO - Optimal value of theta: 4962.503718601195.
2024-01-10 14:18:45,791 - INFO - Beginning optimization with guess, [5.43670432 0.00986464].
2024-01-10 14:19:32,700 - INFO - Finished optimization with guess, [5.43670432 0.00986464].
2024-01-10 14:19:32,702 - INFO - Best fit parameters: [2.68271418e+00 2.60882428e-03].
2024-01-10 14:19:33,395 - INFO - Maximum log composite likelihood: -640.3226817884711.
2024-01-10 14:19:33,395 - INFO - Optimal value of theta: 4962.507309664824.
2024-01-10 14:19:33,395 - INFO - Beginning optimization with guess, [2.65766258 0.009805  ].
2024-01-10 14:20:23,005 - INFO - Finished optimization with guess, [2.65766258 0.009805  ].
2024-01-10 14:20:23,006 - INFO - Best fit parameters: [2.68259771e+00 2.60895048e-03].
2024-01-10 14:20:23,632 - INFO - Maximum log composite likelihood: -640.3226817852277.
2024-01-10 14:20:23,632 - INFO - Optimal value of theta: 4962.50520590833.
2024-01-10 14:20:23,632 - INFO - Beginning optimization with guess, [2.58480568 0.00601061].
2024-01-10 14:21:10,051 - INFO - Finished optimization with guess, [2.58480568 0.00601061].
2024-01-10 14:21:10,053 - INFO - Best fit parameters: [2.68270608e+00 2.60884824e-03].
2024-01-10 14:21:10,691 - INFO - Maximum log composite likelihood: -640.3226817856003.
2024-01-10 14:21:10,692 - INFO - Optimal value of theta: 4962.506354501602.
2024-01-10 14:21:10,692 - INFO - Beginning optimization with guess, [3.29069435 0.00520457].
2024-01-10 14:21:55,074 - INFO - Finished optimization with guess, [3.29069435 0.00520457].
2024-01-10 14:21:55,076 - INFO - Best fit parameters: [2.68274147e+00 2.60882720e-03].
2024-01-10 14:21:55,707 - INFO - Maximum log composite likelihood: -640.3226817888195.
2024-01-10 14:21:55,707 - INFO - Optimal value of theta: 4962.506072124809.
2024-01-10 14:21:55,707 - INFO - Beginning optimization with guess, [3.71076933 0.01518864].
2024-01-10 14:22:48,315 - INFO - Finished optimization with guess, [3.71076933 0.01518864].
2024-01-10 14:22:48,317 - INFO - Best fit parameters: [2.68259199e+00 2.60895866e-03].
2024-01-10 14:22:48,942 - INFO - Maximum log composite likelihood: -640.3226817859407.
2024-01-10 14:22:48,943 - INFO - Optimal value of theta: 4962.504997559674.
2024-01-10 14:22:48,943 - INFO - Beginning optimization with guess, [9.21162710e+00 5.33457468e-03].
2024-01-10 14:23:42,032 - INFO - Finished optimization with guess, [9.21162710e+00 5.33457468e-03].
2024-01-10 14:23:42,034 - INFO - Best fit parameters: [2.68271752e+00 2.60887613e-03].
2024-01-10 14:23:42,657 - INFO - Maximum log composite likelihood: -640.3226817920003.
2024-01-10 14:23:42,657 - INFO - Optimal value of theta: 4962.504415615002.
2024-01-10 14:23:42,658 - INFO - Beginning optimization with guess, [7.22516455 0.01475442].
2024-01-10 14:24:28,099 - INFO - Finished optimization with guess, [7.22516455 0.01475442].
2024-01-10 14:24:28,104 - INFO - Best fit parameters: [2.68261711e+00 2.60893698e-03].
2024-01-10 14:24:28,788 - INFO - Maximum log composite likelihood: -640.3226817845605.
2024-01-10 14:24:28,788 - INFO - Optimal value of theta: 4962.505155926483.
2024-01-10 14:24:28,789 - INFO - Beginning optimization with guess, [10.07460343  0.01289509].
2024-01-10 14:25:18,425 - INFO - Finished optimization with guess, [10.07460343  0.01289509].
2024-01-10 14:25:18,426 - INFO - Best fit parameters: [2.68258893e+00 2.60893594e-03].
2024-01-10 14:25:19,051 - INFO - Maximum log composite likelihood: -640.3226817876621.
2024-01-10 14:25:19,052 - INFO - Optimal value of theta: 4962.506328809454.
2024-01-10 14:25:19,055 - INFO - Beginning demographic inference for three-epoch demographic model.
2024-01-10 14:25:19,057 - INFO - Beginning optimization with guess, [0.01545577 0.00854012 0.00928388 0.00713597].
2024-01-10 14:26:30,838 - INFO - Finished optimization with guess, [0.01545577 0.00854012 0.00928388 0.00713597].
2024-01-10 14:26:30,840 - INFO - Best fit parameters: [0.00657389 0.00543286 0.00701065 0.03470181].
2024-01-10 14:26:31,553 - INFO - Maximum log composite likelihood: -657.0518884435241.
2024-01-10 14:26:31,553 - INFO - Optimal value of theta: 896040.0304704899.
2024-01-10 14:26:31,554 - INFO - Beginning optimization with guess, [0.01317122 0.01137448 0.01870671 0.00553182].
2024-01-10 14:27:38,346 - INFO - Finished optimization with guess, [0.01317122 0.01137448 0.01870671 0.00553182].
2024-01-10 14:27:38,348 - INFO - Best fit parameters: [0.00429346 0.02158775 0.0170252  0.00462644].
2024-01-10 14:27:39,062 - INFO - Maximum log composite likelihood: -546.4318632883812.
2024-01-10 14:27:39,062 - INFO - Optimal value of theta: 240426.27573045518.
2024-01-10 14:27:39,063 - INFO - Beginning optimization with guess, [0.02818069 0.02629777 0.01370404 0.0151857 ].
2024-01-10 14:28:52,853 - INFO - Finished optimization with guess, [0.02818069 0.02629777 0.01370404 0.0151857 ].
2024-01-10 14:28:52,854 - INFO - Best fit parameters: [0.00791287 0.02537152 0.01639043 0.09341154].
2024-01-10 14:28:53,610 - INFO - Maximum log composite likelihood: -657.051776899142.
2024-01-10 14:28:53,610 - INFO - Optimal value of theta: 191854.53000623238.
2024-01-10 14:28:53,611 - INFO - Beginning optimization with guess, [0.05221684 0.0428498  0.00998569 0.00519151].
2024-01-10 14:29:48,446 - INFO - Finished optimization with guess, [0.05221684 0.0428498  0.00998569 0.00519151].
2024-01-10 14:29:48,447 - INFO - Best fit parameters: [6.41613079e-02 2.65384105e+00 5.27981705e-06 2.82000974e-03].
2024-01-10 14:29:49,072 - INFO - Maximum log composite likelihood: -640.3415920238547.
2024-01-10 14:29:49,072 - INFO - Optimal value of theta: 4959.69822525651.
2024-01-10 14:29:49,072 - INFO - Beginning optimization with guess, [0.03945916 0.03195852 0.00505609 0.01262247].
2024-01-10 14:30:43,937 - INFO - Finished optimization with guess, [0.03945916 0.03195852 0.00505609 0.01262247].
2024-01-10 14:30:43,940 - INFO - Best fit parameters: [8.84940185e-03 1.12638632e+00 6.45379367e-04 5.44469068e-02].
2024-01-10 14:30:44,574 - INFO - Maximum log composite likelihood: -485.5723586157259.
2024-01-10 14:30:44,574 - INFO - Optimal value of theta: 5677.905686389501.
2024-01-10 14:30:44,574 - INFO - Beginning optimization with guess, [0.96814459 0.88383247 0.01495598 0.00890401].
2024-01-10 14:31:38,489 - INFO - Finished optimization with guess, [0.96814459 0.88383247 0.01495598 0.00890401].
2024-01-10 14:31:38,490 - INFO - Best fit parameters: [1.99242419e+00 7.71880608e+00 3.62337617e-03 5.08878339e-55].
2024-01-10 14:31:39,131 - INFO - Maximum log composite likelihood: -641.0728210390746.
2024-01-10 14:31:39,131 - INFO - Optimal value of theta: 4959.234585182651.
2024-01-10 14:31:39,131 - INFO - Beginning optimization with guess, [0.75115332 0.79317651 0.00627103 0.00993406].
2024-01-10 14:32:27,227 - INFO - Finished optimization with guess, [0.75115332 0.79317651 0.00627103 0.00993406].
2024-01-10 14:32:27,229 - INFO - Best fit parameters: [7.51168992e-01 1.37975360e+00 3.90798723e-07 4.72519193e-03].
2024-01-10 14:32:27,854 - INFO - Maximum log composite likelihood: -653.1451468703483.
2024-01-10 14:32:27,854 - INFO - Optimal value of theta: 5016.28896348817.
2024-01-10 14:32:27,854 - INFO - Beginning optimization with guess, [0.43984474 0.96687139 0.01263083 0.01535607].
2024-01-10 14:33:23,141 - INFO - Finished optimization with guess, [0.43984474 0.96687139 0.01263083 0.01535607].
2024-01-10 14:33:23,142 - INFO - Best fit parameters: [0.31739189 0.95980001 0.06357874 0.05783925].
2024-01-10 14:33:23,772 - INFO - Maximum log composite likelihood: -474.5884457925263.
2024-01-10 14:33:23,772 - INFO - Optimal value of theta: 6187.5217708589835.
2024-01-10 14:33:23,773 - INFO - Beginning optimization with guess, [1.49525184 1.35929017 0.01957207 0.00528771].
2024-01-10 14:34:18,274 - INFO - Finished optimization with guess, [1.49525184 1.35929017 0.01957207 0.00528771].
2024-01-10 14:34:18,275 - INFO - Best fit parameters: [1.60429331e+00 2.82246379e+00 1.16968462e-03 1.82571110e-03].
2024-01-10 14:34:18,933 - INFO - Maximum log composite likelihood: -640.3310307529429.
2024-01-10 14:34:18,933 - INFO - Optimal value of theta: 4962.193636017903.
2024-01-10 14:34:18,933 - INFO - Beginning optimization with guess, [1.76731669 0.62374955 0.00673118 0.00850098].
2024-01-10 14:35:09,733 - INFO - Finished optimization with guess, [1.76731669 0.62374955 0.00673118 0.00850098].
2024-01-10 14:35:09,734 - INFO - Best fit parameters: [2.80185092e+00 1.91277980e+00 2.48593315e-03 1.80168762e-07].
2024-01-10 14:35:10,332 - INFO - Maximum log composite likelihood: -640.3346854029029.
2024-01-10 14:35:10,332 - INFO - Optimal value of theta: 4964.748299437692.
2024-01-10 14:35:10,332 - INFO - Beginning optimization with guess, [1.24893075 1.25670764 0.0135883  0.00577365].
2024-01-10 14:36:06,612 - INFO - Finished optimization with guess, [1.24893075 1.25670764 0.0135883  0.00577365].
2024-01-10 14:36:06,614 - INFO - Best fit parameters: [1.13043271e+00 2.69207123e+00 2.95205698e-08 2.58325614e-03].
2024-01-10 14:36:07,234 - INFO - Maximum log composite likelihood: -640.324394807606.
2024-01-10 14:36:07,234 - INFO - Optimal value of theta: 4963.504127340825.
2024-01-10 14:36:07,235 - INFO - Beginning optimization with guess, [1.72153227 2.11207745 0.00552221 0.01725144].
2024-01-10 14:37:02,026 - INFO - Finished optimization with guess, [1.72153227 2.11207745 0.00552221 0.01725144].
2024-01-10 14:37:02,027 - INFO - Best fit parameters: [1.04664557e+00 2.69802127e+00 1.25501594e-03 2.49980817e-03].
2024-01-10 14:37:02,653 - INFO - Maximum log composite likelihood: -640.3287722563015.
2024-01-10 14:37:02,653 - INFO - Optimal value of theta: 4963.084015983143.
2024-01-10 14:37:02,653 - INFO - Beginning optimization with guess, [0.96541545 2.21052769 0.00784518 0.00642791].
2024-01-10 14:37:57,964 - INFO - Finished optimization with guess, [0.96541545 2.21052769 0.00784518 0.00642791].
2024-01-10 14:37:57,965 - INFO - Best fit parameters: [9.33068773e-01 3.78390869e+00 3.56044661e-01 2.44622832e-03].
2024-01-10 14:37:58,602 - INFO - Maximum log composite likelihood: -593.3536068732836.
2024-01-10 14:37:58,602 - INFO - Optimal value of theta: 5153.883316327421.
2024-01-10 14:37:58,602 - INFO - Beginning optimization with guess, [1.85703052 1.73272987 0.01444004 0.01631066].
2024-01-10 14:38:52,200 - INFO - Finished optimization with guess, [1.85703052 1.73272987 0.01444004 0.01631066].
2024-01-10 14:38:52,201 - INFO - Best fit parameters: [1.94647171e+00 8.75120495e-01 3.95937642e-03 8.63579672e-05].
2024-01-10 14:38:52,816 - INFO - Maximum log composite likelihood: -641.5534178522113.
2024-01-10 14:38:52,816 - INFO - Optimal value of theta: 4954.75449681214.
2024-01-10 14:38:52,817 - INFO - Beginning optimization with guess, [2.6579913  2.70794128 0.01618692 0.00532109].
2024-01-10 14:39:47,876 - INFO - Finished optimization with guess, [2.6579913  2.70794128 0.01618692 0.00532109].
2024-01-10 14:39:47,877 - INFO - Best fit parameters: [3.17263340e+00 1.35570142e+00 2.24992349e-03 3.87800814e-04].
2024-01-10 14:39:48,499 - INFO - Maximum log composite likelihood: -640.1506870468145.
2024-01-10 14:39:48,500 - INFO - Optimal value of theta: 4962.14991013701.
2024-01-10 14:39:48,500 - INFO - Beginning optimization with guess, [4.21295208 2.96846054 0.00702861 0.00831565].
2024-01-10 14:40:46,197 - INFO - Finished optimization with guess, [4.21295208 2.96846054 0.00702861 0.00831565].
2024-01-10 14:40:46,198 - INFO - Best fit parameters: [3.94088846e+00 1.56896614e+00 1.78306521e-03 8.80552747e-04].
2024-01-10 14:40:46,846 - INFO - Maximum log composite likelihood: -640.1408835756444.
2024-01-10 14:40:46,846 - INFO - Optimal value of theta: 4961.096304528066.
2024-01-10 14:40:46,846 - INFO - Beginning optimization with guess, [2.51878198 2.73031203 0.01395059 0.01990768].
2024-01-10 14:41:41,312 - INFO - Finished optimization with guess, [2.51878198 2.73031203 0.01395059 0.01990768].
2024-01-10 14:41:41,314 - INFO - Best fit parameters: [1.57958916e+00 2.46339275e+00 1.30542584e-03 1.99682829e-03].
2024-01-10 14:41:41,950 - INFO - Maximum log composite likelihood: -640.29415993618.
2024-01-10 14:41:41,950 - INFO - Optimal value of theta: 4961.1131740876035.
2024-01-10 14:41:41,950 - INFO - Beginning optimization with guess, [1.9735432  1.58194565 0.00814776 0.00728613].
2024-01-10 14:42:34,817 - INFO - Finished optimization with guess, [1.9735432  1.58194565 0.00814776 0.00728613].
2024-01-10 14:42:34,818 - INFO - Best fit parameters: [2.86501751e+00 1.88580616e+00 2.00906247e-03 7.66646178e-04].
2024-01-10 14:42:35,469 - INFO - Maximum log composite likelihood: -640.1916255439643.
2024-01-10 14:42:35,470 - INFO - Optimal value of theta: 4959.7547538235785.
2024-01-10 14:42:35,470 - INFO - Beginning optimization with guess, [5.47531034 3.10937717 0.00984493 0.01158114].
2024-01-10 14:43:33,146 - INFO - Finished optimization with guess, [5.47531034 3.10937717 0.00984493 0.01158114].
2024-01-10 14:43:33,147 - INFO - Best fit parameters: [3.10123770e+00 1.46262906e+00 2.15340248e-03 8.01574440e-04].
2024-01-10 14:43:33,750 - INFO - Maximum log composite likelihood: -640.1664995960236.
2024-01-10 14:43:33,750 - INFO - Optimal value of theta: 4958.783911155453.
2024-01-10 14:43:33,751 - INFO - Beginning optimization with guess, [4.18116201 2.95956271 0.00928937 0.00704308].
2024-01-10 14:44:29,640 - INFO - Finished optimization with guess, [4.18116201 2.95956271 0.00928937 0.00704308].
2024-01-10 14:44:29,642 - INFO - Best fit parameters: [2.07546548e+00 2.40425198e+00 1.30797394e-03 1.63608324e-03].
2024-01-10 14:44:30,249 - INFO - Maximum log composite likelihood: -640.2496541130482.
2024-01-10 14:44:30,249 - INFO - Optimal value of theta: 4962.573761755598.
2024-01-10 14:44:30,249 - INFO - Beginning optimization with guess, [4.12984827 7.11880173 0.01681286 0.01462883].
2024-01-10 14:45:23,582 - INFO - Finished optimization with guess, [4.12984827 7.11880173 0.01681286 0.01462883].
2024-01-10 14:45:23,583 - INFO - Best fit parameters: [3.15519782e+00 1.51058871e+00 2.14835154e-03 5.74382570e-04].
2024-01-10 14:45:24,198 - INFO - Maximum log composite likelihood: -640.1439798211884.
2024-01-10 14:45:24,198 - INFO - Optimal value of theta: 4960.87993133415.
2024-01-10 14:45:24,198 - INFO - Beginning optimization with guess, [3.97086954 5.29291349 0.01233309 0.01312027].
2024-01-10 14:46:20,624 - INFO - Finished optimization with guess, [3.97086954 5.29291349 0.01233309 0.01312027].
2024-01-10 14:46:20,626 - INFO - Best fit parameters: [2.87429062e+00 1.64933795e+00 2.09638311e-03 7.76416082e-04].
2024-01-10 14:46:21,257 - INFO - Maximum log composite likelihood: -640.1715325452305.
2024-01-10 14:46:21,257 - INFO - Optimal value of theta: 4961.18490472271.
2024-01-10 14:46:21,257 - INFO - Beginning optimization with guess, [5.060278   3.85010978 0.00808555 0.00876042].
2024-01-10 14:47:21,101 - INFO - Finished optimization with guess, [5.060278   3.85010978 0.00808555 0.00876042].
2024-01-10 14:47:21,102 - INFO - Best fit parameters: [3.58174775e+00 1.85463783e+00 1.55847000e-03 1.10666351e-03].
2024-01-10 14:47:21,727 - INFO - Maximum log composite likelihood: -640.1779210992463.
2024-01-10 14:47:21,727 - INFO - Optimal value of theta: 4962.071890021276.
2024-01-10 14:47:21,727 - INFO - Beginning optimization with guess, [8.82552944e+00 6.48698218e+00 1.01852561e-02 8.13046377e-03].
2024-01-10 14:48:16,611 - INFO - Finished optimization with guess, [8.82552944e+00 6.48698218e+00 1.01852561e-02 8.13046377e-03].
2024-01-10 14:48:16,613 - INFO - Best fit parameters: [5.06961939e+00 1.42358336e+00 1.66915093e-03 1.00519739e-03].
2024-01-10 14:48:17,239 - INFO - Maximum log composite likelihood: -640.1518554262335.
2024-01-10 14:48:17,239 - INFO - Optimal value of theta: 4962.881513226559.
2024-01-10 14:48:17,239 - INFO - Beginning optimization with guess, [6.37378629e+00 8.61872362e+00 6.23802186e-03 5.46196969e-03].
2024-01-10 14:49:10,648 - INFO - Finished optimization with guess, [6.37378629e+00 8.61872362e+00 6.23802186e-03 5.46196969e-03].
2024-01-10 14:49:10,649 - INFO - Best fit parameters: [4.93134283e+00 2.59030155e+00 9.10211046e-04 1.28502923e-03].
2024-01-10 14:49:11,259 - INFO - Maximum log composite likelihood: -640.4847442003465.
2024-01-10 14:49:11,260 - INFO - Optimal value of theta: 4968.190845636672.
2024-01-10 14:49:11,263 - INFO - Finished demographic inference.
2024-01-10 14:49:11,263 - INFO - Pipeline executed succesfully.
