2024-03-15 21:30:52,806 - INFO - Beginning execution of fit_demographic_model.py in directory /u/project/kirk/jonmah/sample_size_demography/Scripts

2024-03-15 21:30:52,807 - INFO - Progress is being logged to ../Analysis/TwoEpochContraction_660/log.log

2024-03-15 21:30:52,807 - INFO - Parsed the following arguments:
	syn_input_sfs = ../Analysis/TwoEpochContraction_660/syn_downsampled_sfs.txt
	mask_singletons = False
	mask_doubletons = False
	outprefix = ../Analysis/TwoEpochContraction_660/

2024-03-15 21:30:52,825 - INFO - Beginning demographic inference for one-epoch demographic model.
2024-03-15 21:30:52,827 - INFO - Beginning optimization with guess, [0.07823896].
2024-03-15 21:32:03,958 - INFO - Finished optimization with guess, [0.07823896].
2024-03-15 21:32:03,959 - INFO - Best fit parameters: [0.07823896].
2024-03-15 21:32:05,944 - INFO - Maximum log composite likelihood: -3361.5156243656265.
2024-03-15 21:32:05,944 - INFO - Optimal value of theta: 8370.408266556398.
2024-03-15 21:32:05,944 - INFO - Beginning optimization with guess, [0.18301695].
2024-03-15 21:33:12,856 - INFO - Finished optimization with guess, [0.18301695].
2024-03-15 21:33:12,857 - INFO - Best fit parameters: [0.18301695].
2024-03-15 21:33:14,966 - INFO - Maximum log composite likelihood: -3361.5156243656265.
2024-03-15 21:33:14,966 - INFO - Optimal value of theta: 8370.408266556398.
2024-03-15 21:33:14,967 - INFO - Beginning optimization with guess, [0.30977376].
2024-03-15 21:34:20,467 - INFO - Finished optimization with guess, [0.30977376].
2024-03-15 21:34:20,468 - INFO - Best fit parameters: [0.30977376].
2024-03-15 21:34:22,422 - INFO - Maximum log composite likelihood: -3361.5156243656265.
2024-03-15 21:34:22,422 - INFO - Optimal value of theta: 8370.408266556398.
2024-03-15 21:34:22,423 - INFO - Beginning optimization with guess, [0.56303676].
2024-03-15 21:35:21,366 - INFO - Finished optimization with guess, [0.56303676].
2024-03-15 21:35:21,367 - INFO - Best fit parameters: [0.56303676].
2024-03-15 21:35:23,321 - INFO - Maximum log composite likelihood: -3361.5156243656265.
2024-03-15 21:35:23,321 - INFO - Optimal value of theta: 8370.408266556398.
2024-03-15 21:35:23,322 - INFO - Beginning optimization with guess, [0.2703564].
2024-03-15 21:36:28,646 - INFO - Finished optimization with guess, [0.2703564].
2024-03-15 21:36:28,647 - INFO - Best fit parameters: [0.2703564].
2024-03-15 21:36:30,647 - INFO - Maximum log composite likelihood: -3361.5156243656265.
2024-03-15 21:36:30,647 - INFO - Optimal value of theta: 8370.408266556398.
2024-03-15 21:36:30,647 - INFO - Beginning optimization with guess, [1.1446815].
2024-03-15 21:37:13,763 - INFO - Finished optimization with guess, [1.1446815].
2024-03-15 21:37:13,764 - INFO - Best fit parameters: [1.1446815].
2024-03-15 21:37:15,733 - INFO - Maximum log composite likelihood: -3361.5156243656265.
2024-03-15 21:37:15,733 - INFO - Optimal value of theta: 8370.408266556398.
2024-03-15 21:37:15,733 - INFO - Beginning optimization with guess, [0.39169458].
2024-03-15 21:38:13,407 - INFO - Finished optimization with guess, [0.39169458].
2024-03-15 21:38:13,408 - INFO - Best fit parameters: [0.39169458].
2024-03-15 21:38:15,400 - INFO - Maximum log composite likelihood: -3361.5156243656265.
2024-03-15 21:38:15,400 - INFO - Optimal value of theta: 8370.408266556398.
2024-03-15 21:38:15,400 - INFO - Beginning optimization with guess, [1.04141146].
2024-03-15 21:38:49,469 - INFO - Finished optimization with guess, [1.04141146].
2024-03-15 21:38:49,470 - INFO - Best fit parameters: [1.04141146].
2024-03-15 21:38:51,388 - INFO - Maximum log composite likelihood: -3361.5156243656265.
2024-03-15 21:38:51,388 - INFO - Optimal value of theta: 8370.408266556398.
2024-03-15 21:38:51,388 - INFO - Beginning optimization with guess, [1.12591241].
2024-03-15 21:39:30,836 - INFO - Finished optimization with guess, [1.12591241].
2024-03-15 21:39:30,838 - INFO - Best fit parameters: [1.12591241].
2024-03-15 21:39:32,796 - INFO - Maximum log composite likelihood: -3361.5156243656265.
2024-03-15 21:39:32,796 - INFO - Optimal value of theta: 8370.408266556398.
2024-03-15 21:39:32,796 - INFO - Beginning optimization with guess, [0.69520236].
2024-03-15 21:40:23,441 - INFO - Finished optimization with guess, [0.69520236].
2024-03-15 21:40:23,442 - INFO - Best fit parameters: [0.69520236].
2024-03-15 21:40:25,388 - INFO - Maximum log composite likelihood: -3361.5156243656265.
2024-03-15 21:40:25,389 - INFO - Optimal value of theta: 8370.408266556398.
2024-03-15 21:40:25,389 - INFO - Beginning optimization with guess, [0.97610517].
2024-03-15 21:40:53,660 - INFO - Finished optimization with guess, [0.97610517].
2024-03-15 21:40:53,661 - INFO - Best fit parameters: [0.97610517].
2024-03-15 21:40:55,630 - INFO - Maximum log composite likelihood: -3361.5156243656265.
2024-03-15 21:40:55,630 - INFO - Optimal value of theta: 8370.408266556398.
2024-03-15 21:40:55,630 - INFO - Beginning optimization with guess, [1.80762698].
2024-03-15 21:41:53,839 - INFO - Finished optimization with guess, [1.80762698].
2024-03-15 21:41:53,840 - INFO - Best fit parameters: [1.80762698].
2024-03-15 21:41:56,032 - INFO - Maximum log composite likelihood: -3361.5156243656265.
2024-03-15 21:41:56,032 - INFO - Optimal value of theta: 8370.408266556398.
2024-03-15 21:41:56,032 - INFO - Beginning optimization with guess, [3.04586236].
2024-03-15 21:43:03,427 - INFO - Finished optimization with guess, [3.04586236].
2024-03-15 21:43:03,428 - INFO - Best fit parameters: [3.04586236].
2024-03-15 21:43:05,551 - INFO - Maximum log composite likelihood: -3361.5156243656265.
2024-03-15 21:43:05,552 - INFO - Optimal value of theta: 8370.408266556398.
2024-03-15 21:43:05,552 - INFO - Beginning optimization with guess, [1.16792382].
2024-03-15 21:43:52,775 - INFO - Finished optimization with guess, [1.16792382].
2024-03-15 21:43:52,776 - INFO - Best fit parameters: [1.16792382].
2024-03-15 21:43:54,912 - INFO - Maximum log composite likelihood: -3361.5156243656265.
2024-03-15 21:43:54,912 - INFO - Optimal value of theta: 8370.408266556398.
2024-03-15 21:43:54,913 - INFO - Beginning optimization with guess, [3.32491715].
2024-03-15 21:45:00,527 - INFO - Finished optimization with guess, [3.32491715].
2024-03-15 21:45:00,528 - INFO - Best fit parameters: [3.32491715].
2024-03-15 21:45:02,583 - INFO - Maximum log composite likelihood: -3361.5156243656265.
2024-03-15 21:45:02,584 - INFO - Optimal value of theta: 8370.408266556398.
2024-03-15 21:45:02,584 - INFO - Beginning optimization with guess, [1.5500476].
2024-03-15 21:45:56,462 - INFO - Finished optimization with guess, [1.5500476].
2024-03-15 21:45:56,463 - INFO - Best fit parameters: [1.5500476].
2024-03-15 21:45:58,500 - INFO - Maximum log composite likelihood: -3361.5156243656265.
2024-03-15 21:45:58,500 - INFO - Optimal value of theta: 8370.408266556398.
2024-03-15 21:45:58,501 - INFO - Beginning optimization with guess, [2.38834922].
2024-03-15 21:46:57,985 - INFO - Finished optimization with guess, [2.38834922].
2024-03-15 21:46:57,988 - INFO - Best fit parameters: [2.38834922].
2024-03-15 21:47:00,119 - INFO - Maximum log composite likelihood: -3361.5156243656265.
2024-03-15 21:47:00,119 - INFO - Optimal value of theta: 8370.408266556398.
2024-03-15 21:47:00,120 - INFO - Beginning optimization with guess, [2.43155711].
2024-03-15 21:47:57,472 - INFO - Finished optimization with guess, [2.43155711].
2024-03-15 21:47:57,473 - INFO - Best fit parameters: [2.43155711].
2024-03-15 21:47:59,452 - INFO - Maximum log composite likelihood: -3361.5156243656265.
2024-03-15 21:47:59,452 - INFO - Optimal value of theta: 8370.408266556398.
2024-03-15 21:47:59,453 - INFO - Beginning optimization with guess, [1.80156284].
2024-03-15 21:48:59,552 - INFO - Finished optimization with guess, [1.80156284].
2024-03-15 21:48:59,553 - INFO - Best fit parameters: [1.80156284].
2024-03-15 21:49:01,621 - INFO - Maximum log composite likelihood: -3361.5156243656265.
2024-03-15 21:49:01,621 - INFO - Optimal value of theta: 8370.408266556398.
2024-03-15 21:49:01,622 - INFO - Beginning optimization with guess, [5.93914757].
2024-03-15 21:50:07,803 - INFO - Finished optimization with guess, [5.93914757].
2024-03-15 21:50:07,804 - INFO - Best fit parameters: [5.93914757].
2024-03-15 21:50:09,943 - INFO - Maximum log composite likelihood: -3361.5156243656265.
2024-03-15 21:50:09,943 - INFO - Optimal value of theta: 8370.408266556398.
2024-03-15 21:50:09,944 - INFO - Beginning optimization with guess, [4.11720838].
2024-03-15 21:51:16,879 - INFO - Finished optimization with guess, [4.11720838].
2024-03-15 21:51:16,880 - INFO - Best fit parameters: [4.11720838].
2024-03-15 21:51:19,043 - INFO - Maximum log composite likelihood: -3361.5156243656265.
2024-03-15 21:51:19,043 - INFO - Optimal value of theta: 8370.408266556398.
2024-03-15 21:51:19,043 - INFO - Beginning optimization with guess, [2.71191004].
2024-03-15 21:52:20,848 - INFO - Finished optimization with guess, [2.71191004].
2024-03-15 21:52:20,849 - INFO - Best fit parameters: [2.71191004].
2024-03-15 21:52:22,942 - INFO - Maximum log composite likelihood: -3361.5156243656265.
2024-03-15 21:52:22,942 - INFO - Optimal value of theta: 8370.408266556398.
2024-03-15 21:52:22,942 - INFO - Beginning optimization with guess, [3.11243261].
2024-03-15 21:53:27,541 - INFO - Finished optimization with guess, [3.11243261].
2024-03-15 21:53:27,542 - INFO - Best fit parameters: [3.11243261].
2024-03-15 21:53:29,711 - INFO - Maximum log composite likelihood: -3361.5156243656265.
2024-03-15 21:53:29,711 - INFO - Optimal value of theta: 8370.408266556398.
2024-03-15 21:53:29,712 - INFO - Beginning optimization with guess, [5.05662044].
2024-03-15 21:54:37,529 - INFO - Finished optimization with guess, [5.05662044].
2024-03-15 21:54:37,530 - INFO - Best fit parameters: [5.05662044].
2024-03-15 21:54:39,638 - INFO - Maximum log composite likelihood: -3361.5156243656265.
2024-03-15 21:54:39,638 - INFO - Optimal value of theta: 8370.408266556398.
2024-03-15 21:54:39,638 - INFO - Beginning optimization with guess, [14.9834724].
2024-03-15 21:55:53,576 - INFO - Finished optimization with guess, [14.9834724].
2024-03-15 21:55:53,577 - INFO - Best fit parameters: [14.9834724].
2024-03-15 21:55:55,506 - INFO - Maximum log composite likelihood: -3361.5156243656265.
2024-03-15 21:55:55,506 - INFO - Optimal value of theta: 8370.408266556398.
2024-03-15 21:55:55,515 - INFO - Finished demographic inference.
2024-03-15 21:55:55,516 - INFO - Pipeline executed succesfully.
