2024-02-13 15:28:56,062 - INFO - Beginning execution of fit_demographic_model.py in directory /u/project/kirk/jonmah/sample_size_demography/Scripts

2024-02-13 15:28:56,063 - INFO - Progress is being logged to ../Analysis/TwoEpochContraction_90/log.log

2024-02-13 15:28:56,063 - INFO - Parsed the following arguments:
	syn_input_sfs = ../Analysis/TwoEpochContraction_90/syn_downsampled_sfs.txt
	mask_singletons = False
	mask_doubletons = False
	outprefix = ../Analysis/TwoEpochContraction_90/

2024-02-13 15:28:56,068 - INFO - Beginning demographic inference for one-epoch demographic model.
2024-02-13 15:28:56,070 - INFO - Beginning optimization with guess, [0.0543295].
2024-02-13 15:29:13,072 - INFO - Finished optimization with guess, [0.0543295].
2024-02-13 15:29:13,074 - INFO - Best fit parameters: [0.0543295].
2024-02-13 15:29:13,542 - INFO - Maximum log composite likelihood: -170.95368022273124.
2024-02-13 15:29:13,542 - INFO - Optimal value of theta: 395.1179126818742.
2024-02-13 15:29:13,543 - INFO - Beginning optimization with guess, [0.16132345].
2024-02-13 15:29:28,956 - INFO - Finished optimization with guess, [0.16132345].
2024-02-13 15:29:28,957 - INFO - Best fit parameters: [0.16132345].
2024-02-13 15:29:29,442 - INFO - Maximum log composite likelihood: -170.95368022273124.
2024-02-13 15:29:29,443 - INFO - Optimal value of theta: 395.1179126818742.
2024-02-13 15:29:29,443 - INFO - Beginning optimization with guess, [0.41220823].
2024-02-13 15:29:43,448 - INFO - Finished optimization with guess, [0.41220823].
2024-02-13 15:29:43,450 - INFO - Best fit parameters: [0.41220823].
2024-02-13 15:29:43,921 - INFO - Maximum log composite likelihood: -170.95368022273124.
2024-02-13 15:29:43,921 - INFO - Optimal value of theta: 395.1179126818742.
2024-02-13 15:29:43,921 - INFO - Beginning optimization with guess, [0.65123345].
2024-02-13 15:29:56,491 - INFO - Finished optimization with guess, [0.65123345].
2024-02-13 15:29:56,493 - INFO - Best fit parameters: [0.65123345].
2024-02-13 15:29:56,977 - INFO - Maximum log composite likelihood: -170.95368022273124.
2024-02-13 15:29:56,977 - INFO - Optimal value of theta: 395.1179126818742.
2024-02-13 15:29:56,978 - INFO - Beginning optimization with guess, [0.45583969].
2024-02-13 15:30:11,089 - INFO - Finished optimization with guess, [0.45583969].
2024-02-13 15:30:11,090 - INFO - Best fit parameters: [0.45583969].
2024-02-13 15:30:11,578 - INFO - Maximum log composite likelihood: -170.95368022273124.
2024-02-13 15:30:11,578 - INFO - Optimal value of theta: 395.1179126818742.
2024-02-13 15:30:11,579 - INFO - Beginning optimization with guess, [0.44828596].
2024-02-13 15:30:25,590 - INFO - Finished optimization with guess, [0.44828596].
2024-02-13 15:30:25,592 - INFO - Best fit parameters: [0.44828596].
2024-02-13 15:30:26,073 - INFO - Maximum log composite likelihood: -170.95368022273124.
2024-02-13 15:30:26,073 - INFO - Optimal value of theta: 395.1179126818742.
2024-02-13 15:30:26,074 - INFO - Beginning optimization with guess, [1.32559095].
2024-02-13 15:30:38,722 - INFO - Finished optimization with guess, [1.32559095].
2024-02-13 15:30:38,723 - INFO - Best fit parameters: [1.32559095].
2024-02-13 15:30:39,208 - INFO - Maximum log composite likelihood: -170.95368022273124.
2024-02-13 15:30:39,209 - INFO - Optimal value of theta: 395.1179126818742.
2024-02-13 15:30:39,209 - INFO - Beginning optimization with guess, [0.5801323].
2024-02-13 15:30:53,282 - INFO - Finished optimization with guess, [0.5801323].
2024-02-13 15:30:53,283 - INFO - Best fit parameters: [0.5801323].
2024-02-13 15:30:53,763 - INFO - Maximum log composite likelihood: -170.95368022273124.
2024-02-13 15:30:53,763 - INFO - Optimal value of theta: 395.1179126818742.
2024-02-13 15:30:53,764 - INFO - Beginning optimization with guess, [0.63809881].
2024-02-13 15:31:06,374 - INFO - Finished optimization with guess, [0.63809881].
2024-02-13 15:31:06,375 - INFO - Best fit parameters: [0.63809881].
2024-02-13 15:31:06,863 - INFO - Maximum log composite likelihood: -170.95368022273124.
2024-02-13 15:31:06,864 - INFO - Optimal value of theta: 395.1179126818742.
2024-02-13 15:31:06,864 - INFO - Beginning optimization with guess, [1.02881493].
2024-02-13 15:31:13,687 - INFO - Finished optimization with guess, [1.02881493].
2024-02-13 15:31:13,687 - INFO - Best fit parameters: [1.02881493].
2024-02-13 15:31:14,158 - INFO - Maximum log composite likelihood: -170.95368022273124.
2024-02-13 15:31:14,158 - INFO - Optimal value of theta: 395.1179126818742.
2024-02-13 15:31:14,159 - INFO - Beginning optimization with guess, [0.95810183].
2024-02-13 15:31:22,211 - INFO - Finished optimization with guess, [0.95810183].
2024-02-13 15:31:22,212 - INFO - Best fit parameters: [0.95810183].
2024-02-13 15:31:22,681 - INFO - Maximum log composite likelihood: -170.95368022273124.
2024-02-13 15:31:22,681 - INFO - Optimal value of theta: 395.1179126818742.
2024-02-13 15:31:22,681 - INFO - Beginning optimization with guess, [1.11270742].
2024-02-13 15:31:32,166 - INFO - Finished optimization with guess, [1.11270742].
2024-02-13 15:31:32,167 - INFO - Best fit parameters: [1.11270742].
2024-02-13 15:31:32,638 - INFO - Maximum log composite likelihood: -170.95368022273124.
2024-02-13 15:31:32,638 - INFO - Optimal value of theta: 395.1179126818742.
2024-02-13 15:31:32,638 - INFO - Beginning optimization with guess, [1.18138423].
2024-02-13 15:31:43,798 - INFO - Finished optimization with guess, [1.18138423].
2024-02-13 15:31:43,799 - INFO - Best fit parameters: [1.18138423].
2024-02-13 15:31:44,288 - INFO - Maximum log composite likelihood: -170.95368022273124.
2024-02-13 15:31:44,288 - INFO - Optimal value of theta: 395.1179126818742.
2024-02-13 15:31:44,289 - INFO - Beginning optimization with guess, [1.50134342].
2024-02-13 15:31:56,951 - INFO - Finished optimization with guess, [1.50134342].
2024-02-13 15:31:56,952 - INFO - Best fit parameters: [1.50134342].
2024-02-13 15:31:57,428 - INFO - Maximum log composite likelihood: -170.95368022273124.
2024-02-13 15:31:57,428 - INFO - Optimal value of theta: 395.1179126818742.
2024-02-13 15:31:57,428 - INFO - Beginning optimization with guess, [4.2810883].
2024-02-13 15:32:12,688 - INFO - Finished optimization with guess, [4.2810883].
2024-02-13 15:32:12,689 - INFO - Best fit parameters: [4.2810883].
2024-02-13 15:32:13,171 - INFO - Maximum log composite likelihood: -170.95368022273124.
2024-02-13 15:32:13,171 - INFO - Optimal value of theta: 395.1179126818742.
2024-02-13 15:32:13,172 - INFO - Beginning optimization with guess, [3.1994786].
2024-02-13 15:32:28,545 - INFO - Finished optimization with guess, [3.1994786].
2024-02-13 15:32:28,546 - INFO - Best fit parameters: [3.1994786].
2024-02-13 15:32:29,031 - INFO - Maximum log composite likelihood: -170.95368022273124.
2024-02-13 15:32:29,031 - INFO - Optimal value of theta: 395.1179126818742.
2024-02-13 15:32:29,032 - INFO - Beginning optimization with guess, [5.36201638].
2024-02-13 15:32:44,341 - INFO - Finished optimization with guess, [5.36201638].
2024-02-13 15:32:44,342 - INFO - Best fit parameters: [5.36201638].
2024-02-13 15:32:44,816 - INFO - Maximum log composite likelihood: -170.95368022273124.
2024-02-13 15:32:44,817 - INFO - Optimal value of theta: 395.1179126818742.
2024-02-13 15:32:44,817 - INFO - Beginning optimization with guess, [2.80851307].
2024-02-13 15:32:59,980 - INFO - Finished optimization with guess, [2.80851307].
2024-02-13 15:32:59,982 - INFO - Best fit parameters: [2.80851307].
2024-02-13 15:33:00,460 - INFO - Maximum log composite likelihood: -170.95368022273124.
2024-02-13 15:33:00,460 - INFO - Optimal value of theta: 395.1179126818742.
2024-02-13 15:33:00,461 - INFO - Beginning optimization with guess, [2.00073671].
2024-02-13 15:33:14,291 - INFO - Finished optimization with guess, [2.00073671].
2024-02-13 15:33:14,292 - INFO - Best fit parameters: [2.00073671].
2024-02-13 15:33:14,774 - INFO - Maximum log composite likelihood: -170.95368022273124.
2024-02-13 15:33:14,774 - INFO - Optimal value of theta: 395.1179126818742.
2024-02-13 15:33:14,774 - INFO - Beginning optimization with guess, [2.14161809].
2024-02-13 15:33:28,655 - INFO - Finished optimization with guess, [2.14161809].
2024-02-13 15:33:28,656 - INFO - Best fit parameters: [2.14161809].
2024-02-13 15:33:29,126 - INFO - Maximum log composite likelihood: -170.95368022273124.
2024-02-13 15:33:29,127 - INFO - Optimal value of theta: 395.1179126818742.
2024-02-13 15:33:29,127 - INFO - Beginning optimization with guess, [2.41560684].
2024-02-13 15:33:42,940 - INFO - Finished optimization with guess, [2.41560684].
2024-02-13 15:33:42,941 - INFO - Best fit parameters: [2.41560684].
2024-02-13 15:33:43,411 - INFO - Maximum log composite likelihood: -170.95368022273124.
2024-02-13 15:33:43,411 - INFO - Optimal value of theta: 395.1179126818742.
2024-02-13 15:33:43,411 - INFO - Beginning optimization with guess, [6.98967556].
2024-02-13 15:33:58,709 - INFO - Finished optimization with guess, [6.98967556].
2024-02-13 15:33:58,710 - INFO - Best fit parameters: [6.98967556].
2024-02-13 15:33:59,191 - INFO - Maximum log composite likelihood: -170.95368022273124.
2024-02-13 15:33:59,191 - INFO - Optimal value of theta: 395.1179126818742.
2024-02-13 15:33:59,191 - INFO - Beginning optimization with guess, [3.74818611].
2024-02-13 15:34:14,756 - INFO - Finished optimization with guess, [3.74818611].
2024-02-13 15:34:14,757 - INFO - Best fit parameters: [3.74818611].
2024-02-13 15:34:15,242 - INFO - Maximum log composite likelihood: -170.95368022273124.
2024-02-13 15:34:15,242 - INFO - Optimal value of theta: 395.1179126818742.
2024-02-13 15:34:15,243 - INFO - Beginning optimization with guess, [5.82398022].
2024-02-13 15:34:30,802 - INFO - Finished optimization with guess, [5.82398022].
2024-02-13 15:34:30,803 - INFO - Best fit parameters: [5.82398022].
2024-02-13 15:34:31,292 - INFO - Maximum log composite likelihood: -170.95368022273124.
2024-02-13 15:34:31,292 - INFO - Optimal value of theta: 395.1179126818742.
2024-02-13 15:34:31,292 - INFO - Beginning optimization with guess, [11.66286451].
2024-02-13 15:34:48,030 - INFO - Finished optimization with guess, [11.66286451].
2024-02-13 15:34:48,030 - INFO - Best fit parameters: [11.66286451].
2024-02-13 15:34:48,503 - INFO - Maximum log composite likelihood: -170.95368022273124.
2024-02-13 15:34:48,503 - INFO - Optimal value of theta: 395.1179126818742.
2024-02-13 15:34:48,507 - INFO - Beginning demographic inference for two-epoch demographic model.
2024-02-13 15:34:48,509 - INFO - Beginning optimization with guess, [0.0577666  0.00782962].
2024-02-13 15:35:15,062 - INFO - Finished optimization with guess, [0.0577666  0.00782962].
2024-02-13 15:35:15,064 - INFO - Best fit parameters: [1.93762549 0.17577912].
2024-02-13 15:35:15,535 - INFO - Maximum log composite likelihood: -117.39248088416912.
2024-02-13 15:35:15,536 - INFO - Optimal value of theta: 303.82667397081303.
2024-02-13 15:35:15,536 - INFO - Beginning optimization with guess, [0.1862997  0.01083144].
2024-02-13 15:35:38,061 - INFO - Finished optimization with guess, [0.1862997  0.01083144].
2024-02-13 15:35:38,063 - INFO - Best fit parameters: [1.96489644 0.19354198].
2024-02-13 15:35:38,553 - INFO - Maximum log composite likelihood: -117.47554714155044.
2024-02-13 15:35:38,553 - INFO - Optimal value of theta: 298.8191268526302.
2024-02-13 15:35:38,553 - INFO - Beginning optimization with guess, [0.35693926 0.00634882].
2024-02-13 15:36:02,019 - INFO - Finished optimization with guess, [0.35693926 0.00634882].
2024-02-13 15:36:02,020 - INFO - Best fit parameters: [1.97117267 0.18412427].
2024-02-13 15:36:02,497 - INFO - Maximum log composite likelihood: -117.3639846457795.
2024-02-13 15:36:02,498 - INFO - Optimal value of theta: 300.272938387461.
2024-02-13 15:36:02,498 - INFO - Beginning optimization with guess, [0.24422229 0.01983107].
2024-02-13 15:36:24,364 - INFO - Finished optimization with guess, [0.24422229 0.01983107].
2024-02-13 15:36:24,365 - INFO - Best fit parameters: [2.02880833 0.19558379].
2024-02-13 15:36:24,842 - INFO - Maximum log composite likelihood: -117.5163607877956.
2024-02-13 15:36:24,842 - INFO - Optimal value of theta: 294.87885471180977.
2024-02-13 15:36:24,842 - INFO - Beginning optimization with guess, [0.73120529 0.01526906].
2024-02-13 15:36:47,735 - INFO - Finished optimization with guess, [0.73120529 0.01526906].
2024-02-13 15:36:47,736 - INFO - Best fit parameters: [1.89855843 0.20420791].
2024-02-13 15:36:48,214 - INFO - Maximum log composite likelihood: -117.87554126781723.
2024-02-13 15:36:48,214 - INFO - Optimal value of theta: 300.85570142474046.
2024-02-13 15:36:48,215 - INFO - Beginning optimization with guess, [0.83617523 0.0052887 ].
2024-02-13 15:37:19,498 - INFO - Finished optimization with guess, [0.83617523 0.0052887 ].
2024-02-13 15:37:19,499 - INFO - Best fit parameters: [1.27558289 0.34973477].
2024-02-13 15:37:19,979 - INFO - Maximum log composite likelihood: -143.03312676054247.
2024-02-13 15:37:19,979 - INFO - Optimal value of theta: 345.72756520752995.
2024-02-13 15:37:19,979 - INFO - Beginning optimization with guess, [0.49120106 0.01201976].
2024-02-13 15:37:43,780 - INFO - Finished optimization with guess, [0.49120106 0.01201976].
2024-02-13 15:37:43,782 - INFO - Best fit parameters: [1.96904401 0.15029895].
2024-02-13 15:37:44,256 - INFO - Maximum log composite likelihood: -117.41379626920848.
2024-02-13 15:37:44,257 - INFO - Optimal value of theta: 307.7834751974232.
2024-02-13 15:37:44,257 - INFO - Beginning optimization with guess, [1.18248878 0.01142096].
2024-02-13 15:38:06,872 - INFO - Finished optimization with guess, [1.18248878 0.01142096].
2024-02-13 15:38:06,874 - INFO - Best fit parameters: [2.00844658 0.16175819].
2024-02-13 15:38:07,362 - INFO - Maximum log composite likelihood: -117.28438912201636.
2024-02-13 15:38:07,362 - INFO - Optimal value of theta: 303.0421321274539.
2024-02-13 15:38:07,362 - INFO - Beginning optimization with guess, [1.28285064 0.01563333].
2024-02-13 15:38:29,830 - INFO - Finished optimization with guess, [1.28285064 0.01563333].
2024-02-13 15:38:29,831 - INFO - Best fit parameters: [1.98184114 0.16779358].
2024-02-13 15:38:30,325 - INFO - Maximum log composite likelihood: -117.27975967105709.
2024-02-13 15:38:30,325 - INFO - Optimal value of theta: 303.0834334459797.
2024-02-13 15:38:30,326 - INFO - Beginning optimization with guess, [0.99065719 0.01139221].
2024-02-13 15:38:52,901 - INFO - Finished optimization with guess, [0.99065719 0.01139221].
2024-02-13 15:38:52,902 - INFO - Best fit parameters: [1.09850575 0.20069495].
2024-02-13 15:38:53,383 - INFO - Maximum log composite likelihood: -157.64104776398804.
2024-02-13 15:38:53,383 - INFO - Optimal value of theta: 378.6306339227061.
2024-02-13 15:38:53,384 - INFO - Beginning optimization with guess, [1.09157293 0.00680426].
2024-02-13 15:39:15,844 - INFO - Finished optimization with guess, [1.09157293 0.00680426].
2024-02-13 15:39:15,845 - INFO - Best fit parameters: [1.92984922 0.14556324].
2024-02-13 15:39:16,320 - INFO - Maximum log composite likelihood: -117.61356438351612.
2024-02-13 15:39:16,320 - INFO - Optimal value of theta: 310.98223171614535.
2024-02-13 15:39:16,321 - INFO - Beginning optimization with guess, [1.56330186 0.01032488].
2024-02-13 15:39:40,591 - INFO - Finished optimization with guess, [1.56330186 0.01032488].
2024-02-13 15:39:40,593 - INFO - Best fit parameters: [1.99911563 0.16706535].
2024-02-13 15:39:41,068 - INFO - Maximum log composite likelihood: -117.27154080346553.
2024-02-13 15:39:41,068 - INFO - Optimal value of theta: 302.3300769007563.
2024-02-13 15:39:41,069 - INFO - Beginning optimization with guess, [3.19636139 0.0066743 ].
2024-02-13 15:40:03,637 - INFO - Finished optimization with guess, [3.19636139 0.0066743 ].
2024-02-13 15:40:03,639 - INFO - Best fit parameters: [1.98883062 0.16898574].
2024-02-13 15:40:04,111 - INFO - Maximum log composite likelihood: -117.27423734122345.
2024-02-13 15:40:04,111 - INFO - Optimal value of theta: 302.449315642832.
2024-02-13 15:40:04,112 - INFO - Beginning optimization with guess, [1.44112451 0.00810018].
2024-02-13 15:40:27,160 - INFO - Finished optimization with guess, [1.44112451 0.00810018].
2024-02-13 15:40:27,161 - INFO - Best fit parameters: [2.00143361 0.16701887].
2024-02-13 15:40:27,638 - INFO - Maximum log composite likelihood: -117.27150701308298.
2024-02-13 15:40:27,638 - INFO - Optimal value of theta: 302.2179667202219.
2024-02-13 15:40:27,639 - INFO - Beginning optimization with guess, [1.30786774 0.01252003].
2024-02-13 15:40:50,707 - INFO - Finished optimization with guess, [1.30786774 0.01252003].
2024-02-13 15:40:50,708 - INFO - Best fit parameters: [1.97845923 0.17074739].
2024-02-13 15:40:51,199 - INFO - Maximum log composite likelihood: -117.28460962221405.
2024-02-13 15:40:51,200 - INFO - Optimal value of theta: 302.62276254797035.
2024-02-13 15:40:51,200 - INFO - Beginning optimization with guess, [1.50767383 0.01798408].
2024-02-13 15:41:15,298 - INFO - Finished optimization with guess, [1.50767383 0.01798408].
2024-02-13 15:41:15,299 - INFO - Best fit parameters: [1.99974128 0.16690483].
2024-02-13 15:41:15,773 - INFO - Maximum log composite likelihood: -117.27149913946765.
2024-02-13 15:41:15,773 - INFO - Optimal value of theta: 302.33214536331803.
2024-02-13 15:41:15,773 - INFO - Beginning optimization with guess, [1.98952578 0.00881501].
2024-02-13 15:41:39,133 - INFO - Finished optimization with guess, [1.98952578 0.00881501].
2024-02-13 15:41:39,134 - INFO - Best fit parameters: [2.00183559 0.16680281].
2024-02-13 15:41:39,607 - INFO - Maximum log composite likelihood: -117.2715403066144.
2024-02-13 15:41:39,607 - INFO - Optimal value of theta: 302.24416271852556.
2024-02-13 15:41:39,607 - INFO - Beginning optimization with guess, [4.00244126 0.00669472].
2024-02-13 15:42:01,961 - INFO - Finished optimization with guess, [4.00244126 0.00669472].
2024-02-13 15:42:01,962 - INFO - Best fit parameters: [1.85749942 0.18100539].
2024-02-13 15:42:02,439 - INFO - Maximum log composite likelihood: -117.90336508816542.
2024-02-13 15:42:02,440 - INFO - Optimal value of theta: 307.51648166008295.
2024-02-13 15:42:02,440 - INFO - Beginning optimization with guess, [6.48874255e+00 5.78513439e-03].
2024-02-13 15:42:25,626 - INFO - Finished optimization with guess, [6.48874255e+00 5.78513439e-03].
2024-02-13 15:42:25,627 - INFO - Best fit parameters: [1.97259986 0.16607384].
2024-02-13 15:42:26,098 - INFO - Maximum log composite likelihood: -117.29358955397413.
2024-02-13 15:42:26,098 - INFO - Optimal value of theta: 303.95768664290676.
2024-02-13 15:42:26,098 - INFO - Beginning optimization with guess, [2.96175364 0.01445032].
2024-02-13 15:42:48,868 - INFO - Finished optimization with guess, [2.96175364 0.01445032].
2024-02-13 15:42:48,869 - INFO - Best fit parameters: [2.01399606 0.16249393].
2024-02-13 15:42:49,343 - INFO - Maximum log composite likelihood: -117.28463660052384.
2024-02-13 15:42:49,344 - INFO - Optimal value of theta: 302.5867196214745.
2024-02-13 15:42:49,344 - INFO - Beginning optimization with guess, [7.14790904 0.00724646].
2024-02-13 15:43:11,889 - INFO - Finished optimization with guess, [7.14790904 0.00724646].
2024-02-13 15:43:11,890 - INFO - Best fit parameters: [2.09786197 0.16768902].
2024-02-13 15:43:12,382 - INFO - Maximum log composite likelihood: -117.52485905843744.
2024-02-13 15:43:12,382 - INFO - Optimal value of theta: 297.204870653732.
2024-02-13 15:43:12,382 - INFO - Beginning optimization with guess, [6.44668109 0.01017231].
2024-02-13 15:43:34,609 - INFO - Finished optimization with guess, [6.44668109 0.01017231].
2024-02-13 15:43:34,611 - INFO - Best fit parameters: [1.96973444 0.162523  ].
2024-02-13 15:43:35,097 - INFO - Maximum log composite likelihood: -117.30678074945287.
2024-02-13 15:43:35,097 - INFO - Optimal value of theta: 304.8926963687035.
2024-02-13 15:43:35,098 - INFO - Beginning optimization with guess, [6.37128372 0.00649031].
2024-02-13 15:43:58,395 - INFO - Finished optimization with guess, [6.37128372 0.00649031].
2024-02-13 15:43:58,396 - INFO - Best fit parameters: [1.9604884  0.17612588].
2024-02-13 15:43:58,882 - INFO - Maximum log composite likelihood: -117.32973510301971.
2024-02-13 15:43:58,882 - INFO - Optimal value of theta: 302.47663621829935.
2024-02-13 15:43:58,882 - INFO - Beginning optimization with guess, [5.13534447e+00 5.09071994e-03].
2024-02-13 15:44:22,252 - INFO - Finished optimization with guess, [5.13534447e+00 5.09071994e-03].
2024-02-13 15:44:22,253 - INFO - Best fit parameters: [1.95554016 0.15223279].
2024-02-13 15:44:22,739 - INFO - Maximum log composite likelihood: -117.41971461850383.
2024-02-13 15:44:22,739 - INFO - Optimal value of theta: 308.0171469762474.
2024-02-13 15:44:22,739 - INFO - Beginning optimization with guess, [5.83616982 0.01035832].
2024-02-13 15:44:45,614 - INFO - Finished optimization with guess, [5.83616982 0.01035832].
2024-02-13 15:44:45,615 - INFO - Best fit parameters: [2.04470382 0.16874342].
2024-02-13 15:44:46,098 - INFO - Maximum log composite likelihood: -117.32688295759958.
2024-02-13 15:44:46,099 - INFO - Optimal value of theta: 299.5958745269694.
2024-02-13 15:44:46,102 - INFO - Beginning demographic inference for three-epoch demographic model.
2024-02-13 15:44:46,104 - INFO - Beginning optimization with guess, [0.00628528 0.00951645 0.01051117 0.00669067].
2024-02-13 15:45:26,149 - INFO - Finished optimization with guess, [0.00628528 0.00951645 0.01051117 0.00669067].
2024-02-13 15:45:26,150 - INFO - Best fit parameters: [0.00310908 0.00877111 0.02316412 0.00578269].
2024-02-13 15:45:26,949 - INFO - Maximum log composite likelihood: -134.32541874997605.
2024-02-13 15:45:26,949 - INFO - Optimal value of theta: 54665.69882517618.
2024-02-13 15:45:26,949 - INFO - Beginning optimization with guess, [0.01849883 0.01367301 0.01452257 0.0057804 ].
2024-02-13 15:45:58,139 - INFO - Finished optimization with guess, [0.01849883 0.01367301 0.01452257 0.0057804 ].
2024-02-13 15:45:58,140 - INFO - Best fit parameters: [0.00661802 0.02769583 0.03194471 0.00551515].
2024-02-13 15:45:58,810 - INFO - Maximum log composite likelihood: -117.09077979224314.
2024-02-13 15:45:58,810 - INFO - Optimal value of theta: 19676.36566023609.
2024-02-13 15:45:58,810 - INFO - Beginning optimization with guess, [0.03604014 0.03009557 0.01347286 0.01399345].
2024-02-13 15:46:23,495 - INFO - Finished optimization with guess, [0.03604014 0.03009557 0.01347286 0.01399345].
2024-02-13 15:46:23,496 - INFO - Best fit parameters: [0.00929977 0.36457662 0.01728036 0.01929611].
2024-02-13 15:46:24,051 - INFO - Maximum log composite likelihood: -190.02871970034784.
2024-02-13 15:46:24,052 - INFO - Optimal value of theta: 2207.479810511386.
2024-02-13 15:46:24,052 - INFO - Beginning optimization with guess, [0.04016227 0.02689835 0.00547958 0.00888116].
2024-02-13 15:46:44,859 - INFO - Finished optimization with guess, [0.04016227 0.02689835 0.00547958 0.00888116].
2024-02-13 15:46:44,860 - INFO - Best fit parameters: [8.32975063e-02 1.91474282e+01 8.73029374e-06 1.61033637e-04].
2024-02-13 15:46:45,349 - INFO - Maximum log composite likelihood: -170.58832868425174.
2024-02-13 15:46:45,349 - INFO - Optimal value of theta: 394.90635851935707.
2024-02-13 15:46:45,349 - INFO - Beginning optimization with guess, [0.08726052 0.02685275 0.01518557 0.00644886].
2024-02-13 15:47:05,669 - INFO - Finished optimization with guess, [0.08726052 0.02685275 0.01518557 0.00644886].
2024-02-13 15:47:05,670 - INFO - Best fit parameters: [4.62024584e-01 7.74274815e+17 4.02778523e-15 5.90246929e-15].
2024-02-13 15:47:06,143 - INFO - Maximum log composite likelihood: -170.95368022272535.
2024-02-13 15:47:06,144 - INFO - Optimal value of theta: 395.1179126818711.
2024-02-13 15:47:06,144 - INFO - Beginning optimization with guess, [0.4438107  1.18931712 0.01055324 0.00941214].
2024-02-13 15:47:28,221 - INFO - Finished optimization with guess, [0.4438107  1.18931712 0.01055324 0.00941214].
2024-02-13 15:47:28,222 - INFO - Best fit parameters: [0.39946862 1.46615613 0.00346981 0.19120733].
2024-02-13 15:47:28,712 - INFO - Maximum log composite likelihood: -127.99822882781855.
2024-02-13 15:47:28,712 - INFO - Optimal value of theta: 337.373153492015.
2024-02-13 15:47:28,712 - INFO - Beginning optimization with guess, [0.39944749 0.39230727 0.01228176 0.00834396].
2024-02-13 15:47:51,125 - INFO - Finished optimization with guess, [0.39944749 0.39230727 0.01228176 0.00834396].
2024-02-13 15:47:51,126 - INFO - Best fit parameters: [1.18770356e+00 1.92917306e+00 8.79839898e-05 8.24886155e-06].
2024-02-13 15:47:51,601 - INFO - Maximum log composite likelihood: -170.84495010433457.
2024-02-13 15:47:51,601 - INFO - Optimal value of theta: 395.05494198027554.
2024-02-13 15:47:51,601 - INFO - Beginning optimization with guess, [0.96979899 0.61609974 0.00517314 0.01037159].
2024-02-13 15:48:12,507 - INFO - Finished optimization with guess, [0.96979899 0.61609974 0.00517314 0.01037159].
2024-02-13 15:48:12,508 - INFO - Best fit parameters: [9.80368212e-01 1.22417178e+03 7.43037237e-18 2.79662697e-50].
2024-02-13 15:48:12,976 - INFO - Maximum log composite likelihood: -170.95368022273095.
2024-02-13 15:48:12,976 - INFO - Optimal value of theta: 395.1179126818744.
2024-02-13 15:48:12,977 - INFO - Beginning optimization with guess, [0.82729939 1.1566679  0.01061569 0.00779733].
2024-02-13 15:48:36,521 - INFO - Finished optimization with guess, [0.82729939 1.1566679  0.01061569 0.00779733].
2024-02-13 15:48:36,522 - INFO - Best fit parameters: [0.8020381  1.20833844 0.00717447 0.2389487 ].
2024-02-13 15:48:37,004 - INFO - Maximum log composite likelihood: -146.31197546388302.
2024-02-13 15:48:37,004 - INFO - Optimal value of theta: 361.33090995032944.
2024-02-13 15:48:37,005 - INFO - Beginning optimization with guess, [0.80337624 1.63687848 0.00793914 0.00662945].
2024-02-13 15:48:59,447 - INFO - Finished optimization with guess, [0.80337624 1.63687848 0.00793914 0.00662945].
2024-02-13 15:48:59,449 - INFO - Best fit parameters: [0.7844482  1.79874205 0.00289358 0.17198102].
2024-02-13 15:48:59,929 - INFO - Maximum log composite likelihood: -118.51018637062923.
2024-02-13 15:48:59,929 - INFO - Optimal value of theta: 313.21825600554433.
2024-02-13 15:48:59,930 - INFO - Beginning optimization with guess, [0.82349433 1.05537583 0.01491108 0.01951344].
2024-02-13 15:49:21,013 - INFO - Finished optimization with guess, [0.82349433 1.05537583 0.01491108 0.01951344].
2024-02-13 15:49:21,014 - INFO - Best fit parameters: [0.89940081 1.18884644 0.02324865 0.35404317].
2024-02-13 15:49:21,500 - INFO - Maximum log composite likelihood: -149.8863284802518.
2024-02-13 15:49:21,500 - INFO - Optimal value of theta: 359.4328934628609.
2024-02-13 15:49:21,500 - INFO - Beginning optimization with guess, [0.96786627 0.92405123 0.00811028 0.00509134].
2024-02-13 15:49:41,822 - INFO - Finished optimization with guess, [0.96786627 0.92405123 0.00811028 0.00509134].
2024-02-13 15:49:41,823 - INFO - Best fit parameters: [1.02537052e+00 9.63646856e-01 4.63853048e-04 8.01937442e-06].
2024-02-13 15:49:42,295 - INFO - Maximum log composite likelihood: -170.88781294615578.
2024-02-13 15:49:42,295 - INFO - Optimal value of theta: 395.0795718296105.
2024-02-13 15:49:42,296 - INFO - Beginning optimization with guess, [1.14673946 0.93609208 0.00589209 0.00642085].
2024-02-13 15:50:04,366 - INFO - Finished optimization with guess, [1.14673946 0.93609208 0.00589209 0.00642085].
2024-02-13 15:50:04,367 - INFO - Best fit parameters: [1.37612552e+00 9.56819537e-01 2.04819302e-01 2.58760700e-04].
2024-02-13 15:50:04,853 - INFO - Maximum log composite likelihood: -133.53259473787102.
2024-02-13 15:50:04,853 - INFO - Optimal value of theta: 343.1433795904301.
2024-02-13 15:50:04,854 - INFO - Beginning optimization with guess, [3.73726169 1.36179235 0.00944308 0.01277614].
2024-02-13 15:50:25,693 - INFO - Finished optimization with guess, [3.73726169 1.36179235 0.00944308 0.01277614].
2024-02-13 15:50:25,694 - INFO - Best fit parameters: [5.5527134  1.46830077 0.07122764 0.04337136].
2024-02-13 15:50:26,165 - INFO - Maximum log composite likelihood: -116.8344155096043.
2024-02-13 15:50:26,165 - INFO - Optimal value of theta: 309.0787399327045.
2024-02-13 15:50:26,165 - INFO - Beginning optimization with guess, [1.27364941 2.89642138 0.01701775 0.00782683].
2024-02-13 15:50:49,681 - INFO - Finished optimization with guess, [1.27364941 2.89642138 0.01701775 0.00782683].
2024-02-13 15:50:49,683 - INFO - Best fit parameters: [1.50530991 2.03904841 0.01378219 0.18400983].
2024-02-13 15:50:50,169 - INFO - Maximum log composite likelihood: -117.50697315180071.
2024-02-13 15:50:50,170 - INFO - Optimal value of theta: 294.83598022541554.
2024-02-13 15:50:50,170 - INFO - Beginning optimization with guess, [2.32820978 2.42856972 0.00725779 0.0144055 ].
2024-02-13 15:51:11,690 - INFO - Finished optimization with guess, [2.32820978 2.42856972 0.00725779 0.0144055 ].
2024-02-13 15:51:11,692 - INFO - Best fit parameters: [3.37299984 1.99619187 0.00474548 0.17277727].
2024-02-13 15:51:12,181 - INFO - Maximum log composite likelihood: -117.30657132867344.
2024-02-13 15:51:12,181 - INFO - Optimal value of theta: 299.8078408721576.
2024-02-13 15:51:12,181 - INFO - Beginning optimization with guess, [5.10430294 1.55973942 0.01260043 0.01942564].
2024-02-13 15:51:33,556 - INFO - Finished optimization with guess, [5.10430294 1.55973942 0.01260043 0.01942564].
2024-02-13 15:51:33,557 - INFO - Best fit parameters: [7.46438326 1.61531894 0.07378275 0.05324109].
2024-02-13 15:51:34,046 - INFO - Maximum log composite likelihood: -116.66529262134873.
2024-02-13 15:51:34,046 - INFO - Optimal value of theta: 298.81451542704536.
2024-02-13 15:51:34,046 - INFO - Beginning optimization with guess, [1.63463384 2.83770637 0.00644743 0.00761426].
2024-02-13 15:51:54,745 - INFO - Finished optimization with guess, [1.63463384 2.83770637 0.00644743 0.00761426].
2024-02-13 15:51:54,747 - INFO - Best fit parameters: [2.31431342 2.00250427 0.00696792 0.16432421].
2024-02-13 15:51:55,220 - INFO - Maximum log composite likelihood: -117.27468879690878.
2024-02-13 15:51:55,220 - INFO - Optimal value of theta: 301.0040208189257.
2024-02-13 15:51:55,220 - INFO - Beginning optimization with guess, [2.08776265 4.82913643 0.01920017 0.00899587].
2024-02-13 15:52:16,241 - INFO - Finished optimization with guess, [2.08776265 4.82913643 0.01920017 0.00899587].
2024-02-13 15:52:16,242 - INFO - Best fit parameters: [1.95244023e+00 2.95433952e+00 1.68798914e-01 7.17020547e-04].
2024-02-13 15:52:16,720 - INFO - Maximum log composite likelihood: -117.35370052180784.
2024-02-13 15:52:16,720 - INFO - Optimal value of theta: 303.85268061641625.
2024-02-13 15:52:16,720 - INFO - Beginning optimization with guess, [3.4643666  4.82801749 0.0055073  0.01009221].
2024-02-13 15:52:36,800 - INFO - Finished optimization with guess, [3.4643666  4.82801749 0.0055073  0.01009221].
2024-02-13 15:52:36,801 - INFO - Best fit parameters: [3.93100425e+00 4.44978110e+00 3.52366681e-03 2.06285022e-02].
2024-02-13 15:52:37,278 - INFO - Maximum log composite likelihood: -136.15057808458843.
2024-02-13 15:52:37,279 - INFO - Optimal value of theta: 346.1753685442072.
2024-02-13 15:52:37,279 - INFO - Beginning optimization with guess, [2.97012728 2.84526761 0.01970452 0.00850588].
2024-02-13 15:52:58,825 - INFO - Finished optimization with guess, [2.97012728 2.84526761 0.01970452 0.00850588].
2024-02-13 15:52:58,827 - INFO - Best fit parameters: [4.19615362 1.42682528 0.09235667 0.03001829].
2024-02-13 15:52:59,313 - INFO - Maximum log composite likelihood: -116.86210817941954.
2024-02-13 15:52:59,313 - INFO - Optimal value of theta: 300.0507797819994.
2024-02-13 15:52:59,313 - INFO - Beginning optimization with guess, [5.33019196e+00 9.04681844e+00 5.45125210e-03 6.57863229e-03].
2024-02-13 15:53:22,458 - INFO - Finished optimization with guess, [5.33019196e+00 9.04681844e+00 5.45125210e-03 6.57863229e-03].
2024-02-13 15:53:22,459 - INFO - Best fit parameters: [1.54458880e+01 1.85342163e+00 1.71080234e-03 1.10508293e-01].
2024-02-13 15:53:22,946 - INFO - Maximum log composite likelihood: -119.30816281178514.
2024-02-13 15:53:22,946 - INFO - Optimal value of theta: 323.36783634136964.
2024-02-13 15:53:22,946 - INFO - Beginning optimization with guess, [3.08472627 3.33676738 0.01204263 0.0114186 ].
2024-02-13 15:53:44,917 - INFO - Finished optimization with guess, [3.08472627 3.33676738 0.01204263 0.0114186 ].
2024-02-13 15:53:44,918 - INFO - Best fit parameters: [2.15748209e+00 2.76182284e-01 1.48357968e-01 1.01081700e-04].
2024-02-13 15:53:45,404 - INFO - Maximum log composite likelihood: -117.56404929305587.
2024-02-13 15:53:45,404 - INFO - Optimal value of theta: 300.42833382334044.
2024-02-13 15:53:45,404 - INFO - Beginning optimization with guess, [5.51011401e+00 1.18940514e+01 1.27800510e-02 1.05029065e-02].
2024-02-13 15:54:06,715 - INFO - Finished optimization with guess, [5.51011401e+00 1.18940514e+01 1.27800510e-02 1.05029065e-02].
2024-02-13 15:54:06,717 - INFO - Best fit parameters: [2.03268696e+00 5.44563978e+00 1.89841310e-01 1.47310791e-04].
2024-02-13 15:54:07,205 - INFO - Maximum log composite likelihood: -117.47204298957371.
2024-02-13 15:54:07,205 - INFO - Optimal value of theta: 295.5888120511361.
2024-02-13 15:54:07,206 - INFO - Beginning optimization with guess, [1.59057268e+01 9.62450804e+00 9.30448881e-03 1.14004428e-02].
2024-02-13 15:54:27,873 - INFO - Finished optimization with guess, [1.59057268e+01 9.62450804e+00 9.30448881e-03 1.14004428e-02].
2024-02-13 15:54:27,874 - INFO - Best fit parameters: [3.81102728e+01 2.11269598e+00 7.37797314e-04 8.07451723e-02].
2024-02-13 15:54:28,365 - INFO - Maximum log composite likelihood: -121.16960896908896.
2024-02-13 15:54:28,366 - INFO - Optimal value of theta: 324.21490464800775.
2024-02-13 15:54:28,369 - INFO - Finished demographic inference.
2024-02-13 15:54:28,369 - INFO - Pipeline executed succesfully.
