2025-01-17 13:33:31,288 - INFO - Beginning execution of fit_demographic_model.py in directory /u/project/kirk/jonmah/sample_size_demography/Scripts

2025-01-17 13:33:31,288 - INFO - Progress is being logged to ../Analysis/gnomAD_570/log.log

2025-01-17 13:33:31,289 - INFO - Parsed the following arguments:
	syn_input_sfs = ../Analysis/gnomAD_570/syn_downsampled_sfs.txt
	mask_singletons = False
	mask_doubletons = False
	outprefix = ../Analysis/gnomAD_570/

2025-01-17 13:33:31,290 - INFO - Beginning demographic inference for one-epoch demographic model.
2025-01-17 13:33:31,291 - INFO - Beginning optimization with guess, [0.16294504].
2025-01-17 13:34:17,336 - INFO - Finished optimization with guess, [0.16294504].
2025-01-17 13:34:17,337 - INFO - Best fit parameters: [0.16294504].
2025-01-17 13:34:18,764 - INFO - Maximum log composite likelihood: -14054.482616740683.
2025-01-17 13:34:18,765 - INFO - Optimal value of theta: 8065.2867319166235.
2025-01-17 13:34:18,765 - INFO - Beginning optimization with guess, [0.23721685].
2025-01-17 13:35:04,761 - INFO - Finished optimization with guess, [0.23721685].
2025-01-17 13:35:04,762 - INFO - Best fit parameters: [0.23721685].
2025-01-17 13:35:06,200 - INFO - Maximum log composite likelihood: -14054.482616740683.
2025-01-17 13:35:06,200 - INFO - Optimal value of theta: 8065.2867319166235.
2025-01-17 13:35:06,201 - INFO - Beginning optimization with guess, [0.22025864].
2025-01-17 13:35:52,211 - INFO - Finished optimization with guess, [0.22025864].
2025-01-17 13:35:52,212 - INFO - Best fit parameters: [0.22025864].
2025-01-17 13:35:53,653 - INFO - Maximum log composite likelihood: -14054.482616740683.
2025-01-17 13:35:53,654 - INFO - Optimal value of theta: 8065.2867319166235.
2025-01-17 13:35:53,654 - INFO - Beginning optimization with guess, [0.23542436].
2025-01-17 13:36:39,640 - INFO - Finished optimization with guess, [0.23542436].
2025-01-17 13:36:39,641 - INFO - Best fit parameters: [0.23542436].
2025-01-17 13:36:41,080 - INFO - Maximum log composite likelihood: -14054.482616740683.
2025-01-17 13:36:41,080 - INFO - Optimal value of theta: 8065.2867319166235.
2025-01-17 13:36:41,080 - INFO - Beginning optimization with guess, [0.37987759].
2025-01-17 13:37:22,759 - INFO - Finished optimization with guess, [0.37987759].
2025-01-17 13:37:22,760 - INFO - Best fit parameters: [0.37987759].
2025-01-17 13:37:24,199 - INFO - Maximum log composite likelihood: -14054.482616740683.
2025-01-17 13:37:24,199 - INFO - Optimal value of theta: 8065.2867319166235.
2025-01-17 13:37:24,200 - INFO - Beginning optimization with guess, [0.42459477].
2025-01-17 13:38:05,805 - INFO - Finished optimization with guess, [0.42459477].
2025-01-17 13:38:05,806 - INFO - Best fit parameters: [0.42459477].
2025-01-17 13:38:07,244 - INFO - Maximum log composite likelihood: -14054.482616740683.
2025-01-17 13:38:07,244 - INFO - Optimal value of theta: 8065.2867319166235.
2025-01-17 13:38:07,244 - INFO - Beginning optimization with guess, [0.61139411].
2025-01-17 13:38:44,624 - INFO - Finished optimization with guess, [0.61139411].
2025-01-17 13:38:44,625 - INFO - Best fit parameters: [0.61139411].
2025-01-17 13:38:46,035 - INFO - Maximum log composite likelihood: -14054.482616740683.
2025-01-17 13:38:46,035 - INFO - Optimal value of theta: 8065.2867319166235.
2025-01-17 13:38:46,035 - INFO - Beginning optimization with guess, [1.2710944].
2025-01-17 13:39:19,066 - INFO - Finished optimization with guess, [1.2710944].
2025-01-17 13:39:19,066 - INFO - Best fit parameters: [1.2710944].
2025-01-17 13:39:20,505 - INFO - Maximum log composite likelihood: -14054.482616740683.
2025-01-17 13:39:20,505 - INFO - Optimal value of theta: 8065.2867319166235.
2025-01-17 13:39:20,506 - INFO - Beginning optimization with guess, [1.32910998].
2025-01-17 13:39:57,813 - INFO - Finished optimization with guess, [1.32910998].
2025-01-17 13:39:57,814 - INFO - Best fit parameters: [1.32910998].
2025-01-17 13:39:59,252 - INFO - Maximum log composite likelihood: -14054.482616740683.
2025-01-17 13:39:59,252 - INFO - Optimal value of theta: 8065.2867319166235.
2025-01-17 13:39:59,253 - INFO - Beginning optimization with guess, [0.50784667].
2025-01-17 13:40:40,910 - INFO - Finished optimization with guess, [0.50784667].
2025-01-17 13:40:40,911 - INFO - Best fit parameters: [0.50784667].
2025-01-17 13:40:42,349 - INFO - Maximum log composite likelihood: -14054.482616740683.
2025-01-17 13:40:42,349 - INFO - Optimal value of theta: 8065.2867319166235.
2025-01-17 13:40:42,350 - INFO - Beginning optimization with guess, [1.35533505].
2025-01-17 13:41:19,352 - INFO - Finished optimization with guess, [1.35533505].
2025-01-17 13:41:19,353 - INFO - Best fit parameters: [1.35533505].
2025-01-17 13:41:20,755 - INFO - Maximum log composite likelihood: -14054.482616740683.
2025-01-17 13:41:20,755 - INFO - Optimal value of theta: 8065.2867319166235.
2025-01-17 13:41:20,756 - INFO - Beginning optimization with guess, [1.15922417].
2025-01-17 13:41:53,034 - INFO - Finished optimization with guess, [1.15922417].
2025-01-17 13:41:53,035 - INFO - Best fit parameters: [1.15922417].
2025-01-17 13:41:54,441 - INFO - Maximum log composite likelihood: -14054.482616740683.
2025-01-17 13:41:54,441 - INFO - Optimal value of theta: 8065.2867319166235.
2025-01-17 13:41:54,442 - INFO - Beginning optimization with guess, [2.97365194].
2025-01-17 13:42:39,353 - INFO - Finished optimization with guess, [2.97365194].
2025-01-17 13:42:39,354 - INFO - Best fit parameters: [2.97365194].
2025-01-17 13:42:40,757 - INFO - Maximum log composite likelihood: -14054.482616740683.
2025-01-17 13:42:40,757 - INFO - Optimal value of theta: 8065.2867319166235.
2025-01-17 13:42:40,757 - INFO - Beginning optimization with guess, [3.43165551].
2025-01-17 13:43:25,686 - INFO - Finished optimization with guess, [3.43165551].
2025-01-17 13:43:25,687 - INFO - Best fit parameters: [3.43165551].
2025-01-17 13:43:27,090 - INFO - Maximum log composite likelihood: -14054.482616740683.
2025-01-17 13:43:27,091 - INFO - Optimal value of theta: 8065.2867319166235.
2025-01-17 13:43:27,091 - INFO - Beginning optimization with guess, [1.87520216].
2025-01-17 13:44:07,774 - INFO - Finished optimization with guess, [1.87520216].
2025-01-17 13:44:07,775 - INFO - Best fit parameters: [1.87520216].
2025-01-17 13:44:09,179 - INFO - Maximum log composite likelihood: -14054.482616740683.
2025-01-17 13:44:09,179 - INFO - Optimal value of theta: 8065.2867319166235.
2025-01-17 13:44:09,179 - INFO - Beginning optimization with guess, [4.6315206].
2025-01-17 13:44:54,081 - INFO - Finished optimization with guess, [4.6315206].
2025-01-17 13:44:54,082 - INFO - Best fit parameters: [4.6315206].
2025-01-17 13:44:55,486 - INFO - Maximum log composite likelihood: -14054.482616740683.
2025-01-17 13:44:55,486 - INFO - Optimal value of theta: 8065.2867319166235.
2025-01-17 13:44:55,486 - INFO - Beginning optimization with guess, [1.46299854].
2025-01-17 13:45:32,012 - INFO - Finished optimization with guess, [1.46299854].
2025-01-17 13:45:32,013 - INFO - Best fit parameters: [1.46299854].
2025-01-17 13:45:33,416 - INFO - Maximum log composite likelihood: -14054.482616740683.
2025-01-17 13:45:33,416 - INFO - Optimal value of theta: 8065.2867319166235.
2025-01-17 13:45:33,416 - INFO - Beginning optimization with guess, [2.50327421].
2025-01-17 13:46:14,098 - INFO - Finished optimization with guess, [2.50327421].
2025-01-17 13:46:14,098 - INFO - Best fit parameters: [2.50327421].
2025-01-17 13:46:15,501 - INFO - Maximum log composite likelihood: -14054.482616740683.
2025-01-17 13:46:15,501 - INFO - Optimal value of theta: 8065.2867319166235.
2025-01-17 13:46:15,501 - INFO - Beginning optimization with guess, [6.37461828].
2025-01-17 13:47:00,325 - INFO - Finished optimization with guess, [6.37461828].
2025-01-17 13:47:00,326 - INFO - Best fit parameters: [6.37461828].
2025-01-17 13:47:01,735 - INFO - Maximum log composite likelihood: -14054.482616740683.
2025-01-17 13:47:01,735 - INFO - Optimal value of theta: 8065.2867319166235.
2025-01-17 13:47:01,735 - INFO - Beginning optimization with guess, [3.80946387].
2025-01-17 13:47:46,630 - INFO - Finished optimization with guess, [3.80946387].
2025-01-17 13:47:46,630 - INFO - Best fit parameters: [3.80946387].
2025-01-17 13:47:48,033 - INFO - Maximum log composite likelihood: -14054.482616740683.
2025-01-17 13:47:48,033 - INFO - Optimal value of theta: 8065.2867319166235.
2025-01-17 13:47:48,033 - INFO - Beginning optimization with guess, [3.45988602].
2025-01-17 13:48:32,925 - INFO - Finished optimization with guess, [3.45988602].
2025-01-17 13:48:32,928 - INFO - Best fit parameters: [3.45988602].
2025-01-17 13:48:34,331 - INFO - Maximum log composite likelihood: -14054.482616740683.
2025-01-17 13:48:34,331 - INFO - Optimal value of theta: 8065.2867319166235.
2025-01-17 13:48:34,331 - INFO - Beginning optimization with guess, [6.7504722].
2025-01-17 13:49:19,202 - INFO - Finished optimization with guess, [6.7504722].
2025-01-17 13:49:19,203 - INFO - Best fit parameters: [6.7504722].
2025-01-17 13:49:20,604 - INFO - Maximum log composite likelihood: -14054.482616740683.
2025-01-17 13:49:20,604 - INFO - Optimal value of theta: 8065.2867319166235.
2025-01-17 13:49:20,605 - INFO - Beginning optimization with guess, [4.31447936].
2025-01-17 13:50:05,436 - INFO - Finished optimization with guess, [4.31447936].
2025-01-17 13:50:05,437 - INFO - Best fit parameters: [4.31447936].
2025-01-17 13:50:06,839 - INFO - Maximum log composite likelihood: -14054.482616740683.
2025-01-17 13:50:06,839 - INFO - Optimal value of theta: 8065.2867319166235.
2025-01-17 13:50:06,839 - INFO - Beginning optimization with guess, [7.2309993].
2025-01-17 13:50:51,642 - INFO - Finished optimization with guess, [7.2309993].
2025-01-17 13:50:51,643 - INFO - Best fit parameters: [7.2309993].
2025-01-17 13:50:53,042 - INFO - Maximum log composite likelihood: -14054.482616740683.
2025-01-17 13:50:53,042 - INFO - Optimal value of theta: 8065.2867319166235.
2025-01-17 13:50:53,043 - INFO - Beginning optimization with guess, [9.29901012].
2025-01-17 13:51:39,993 - INFO - Finished optimization with guess, [9.29901012].
2025-01-17 13:51:39,994 - INFO - Best fit parameters: [9.29901012].
2025-01-17 13:51:41,293 - INFO - Maximum log composite likelihood: -14054.482616740683.
2025-01-17 13:51:41,293 - INFO - Optimal value of theta: 8065.2867319166235.
2025-01-17 13:51:41,299 - INFO - Finished demographic inference.
2025-01-17 13:51:41,299 - INFO - Pipeline executed succesfully.
