2024-03-14 20:58:48,952 - INFO - Beginning execution of fit_demographic_model.py in directory /u/project/kirk/jonmah/sample_size_demography/Scripts

2024-03-14 20:58:48,953 - INFO - Progress is being logged to ../Analysis/TwoEpochExpansion_300/log.log

2024-03-14 20:58:48,953 - INFO - Parsed the following arguments:
	syn_input_sfs = ../Analysis/TwoEpochExpansion_300/syn_downsampled_sfs.txt
	mask_singletons = False
	mask_doubletons = False
	outprefix = ../Analysis/TwoEpochExpansion_300/

2024-03-14 20:58:48,981 - INFO - Beginning demographic inference for one-epoch demographic model.
2024-03-14 20:58:48,982 - INFO - Beginning optimization with guess, [0.11817733].
2024-03-14 20:59:15,972 - INFO - Finished optimization with guess, [0.11817733].
2024-03-14 20:59:15,973 - INFO - Best fit parameters: [0.11817733].
2024-03-14 20:59:16,734 - INFO - Maximum log composite likelihood: -1433.5519548846542.
2024-03-14 20:59:16,735 - INFO - Optimal value of theta: 13001.82765993769.
2024-03-14 20:59:16,735 - INFO - Beginning optimization with guess, [0.14581901].
2024-03-14 20:59:41,186 - INFO - Finished optimization with guess, [0.14581901].
2024-03-14 20:59:41,187 - INFO - Best fit parameters: [0.14581901].
2024-03-14 20:59:41,950 - INFO - Maximum log composite likelihood: -1433.5519548846542.
2024-03-14 20:59:41,951 - INFO - Optimal value of theta: 13001.82765993769.
2024-03-14 20:59:41,951 - INFO - Beginning optimization with guess, [0.24197533].
2024-03-14 21:00:06,464 - INFO - Finished optimization with guess, [0.24197533].
2024-03-14 21:00:06,466 - INFO - Best fit parameters: [0.24197533].
2024-03-14 21:00:07,231 - INFO - Maximum log composite likelihood: -1433.5519548846542.
2024-03-14 21:00:07,231 - INFO - Optimal value of theta: 13001.82765993769.
2024-03-14 21:00:07,232 - INFO - Beginning optimization with guess, [0.54770354].
2024-03-14 21:00:29,135 - INFO - Finished optimization with guess, [0.54770354].
2024-03-14 21:00:29,136 - INFO - Best fit parameters: [0.54770354].
2024-03-14 21:00:29,899 - INFO - Maximum log composite likelihood: -1433.5519548846542.
2024-03-14 21:00:29,899 - INFO - Optimal value of theta: 13001.82765993769.
2024-03-14 21:00:29,900 - INFO - Beginning optimization with guess, [0.73275].
2024-03-14 21:00:49,440 - INFO - Finished optimization with guess, [0.73275].
2024-03-14 21:00:49,442 - INFO - Best fit parameters: [0.73275].
2024-03-14 21:00:50,118 - INFO - Maximum log composite likelihood: -1433.5519548846542.
2024-03-14 21:00:50,118 - INFO - Optimal value of theta: 13001.82765993769.
2024-03-14 21:00:50,118 - INFO - Beginning optimization with guess, [0.31626123].
2024-03-14 21:01:14,122 - INFO - Finished optimization with guess, [0.31626123].
2024-03-14 21:01:14,124 - INFO - Best fit parameters: [0.31626123].
2024-03-14 21:01:14,882 - INFO - Maximum log composite likelihood: -1433.5519548846542.
2024-03-14 21:01:14,882 - INFO - Optimal value of theta: 13001.82765993769.
2024-03-14 21:01:14,882 - INFO - Beginning optimization with guess, [1.05993644].
2024-03-14 21:01:27,807 - INFO - Finished optimization with guess, [1.05993644].
2024-03-14 21:01:27,808 - INFO - Best fit parameters: [1.05993644].
2024-03-14 21:01:28,553 - INFO - Maximum log composite likelihood: -1433.5519548846542.
2024-03-14 21:01:28,553 - INFO - Optimal value of theta: 13001.82765993769.
2024-03-14 21:01:28,553 - INFO - Beginning optimization with guess, [1.01593153].
2024-03-14 21:01:36,871 - INFO - Finished optimization with guess, [1.01593153].
2024-03-14 21:01:36,872 - INFO - Best fit parameters: [1.01593153].
2024-03-14 21:01:37,636 - INFO - Maximum log composite likelihood: -1433.5519548846542.
2024-03-14 21:01:37,636 - INFO - Optimal value of theta: 13001.82765993769.
2024-03-14 21:01:37,636 - INFO - Beginning optimization with guess, [1.03477659].
2024-03-14 21:01:50,791 - INFO - Finished optimization with guess, [1.03477659].
2024-03-14 21:01:50,792 - INFO - Best fit parameters: [1.03477659].
2024-03-14 21:01:51,546 - INFO - Maximum log composite likelihood: -1433.5519548846542.
2024-03-14 21:01:51,546 - INFO - Optimal value of theta: 13001.82765993769.
2024-03-14 21:01:51,546 - INFO - Beginning optimization with guess, [1.35350075].
2024-03-14 21:02:11,437 - INFO - Finished optimization with guess, [1.35350075].
2024-03-14 21:02:11,440 - INFO - Best fit parameters: [1.35350075].
2024-03-14 21:02:12,196 - INFO - Maximum log composite likelihood: -1433.5519548846542.
2024-03-14 21:02:12,196 - INFO - Optimal value of theta: 13001.82765993769.
2024-03-14 21:02:12,196 - INFO - Beginning optimization with guess, [1.40829883].
2024-03-14 21:02:32,708 - INFO - Finished optimization with guess, [1.40829883].
2024-03-14 21:02:32,709 - INFO - Best fit parameters: [1.40829883].
2024-03-14 21:02:33,487 - INFO - Maximum log composite likelihood: -1433.5519548846542.
2024-03-14 21:02:33,487 - INFO - Optimal value of theta: 13001.82765993769.
2024-03-14 21:02:33,487 - INFO - Beginning optimization with guess, [0.91929127].
2024-03-14 21:02:49,206 - INFO - Finished optimization with guess, [0.91929127].
2024-03-14 21:02:49,207 - INFO - Best fit parameters: [0.91929127].
2024-03-14 21:02:50,006 - INFO - Maximum log composite likelihood: -1433.5519548846542.
2024-03-14 21:02:50,007 - INFO - Optimal value of theta: 13001.82765993769.
2024-03-14 21:02:50,007 - INFO - Beginning optimization with guess, [1.38515494].
2024-03-14 21:03:10,542 - INFO - Finished optimization with guess, [1.38515494].
2024-03-14 21:03:10,543 - INFO - Best fit parameters: [1.38515494].
2024-03-14 21:03:11,320 - INFO - Maximum log composite likelihood: -1433.5519548846542.
2024-03-14 21:03:11,320 - INFO - Optimal value of theta: 13001.82765993769.
2024-03-14 21:03:11,321 - INFO - Beginning optimization with guess, [1.29535716].
2024-03-14 21:03:31,597 - INFO - Finished optimization with guess, [1.29535716].
2024-03-14 21:03:31,600 - INFO - Best fit parameters: [1.29535716].
2024-03-14 21:03:32,459 - INFO - Maximum log composite likelihood: -1433.5519548846542.
2024-03-14 21:03:32,459 - INFO - Optimal value of theta: 13001.82765993769.
2024-03-14 21:03:32,459 - INFO - Beginning optimization with guess, [2.0236186].
2024-03-14 21:03:55,255 - INFO - Finished optimization with guess, [2.0236186].
2024-03-14 21:03:55,256 - INFO - Best fit parameters: [2.0236186].
2024-03-14 21:03:56,033 - INFO - Maximum log composite likelihood: -1433.5519548846542.
2024-03-14 21:03:56,033 - INFO - Optimal value of theta: 13001.82765993769.
2024-03-14 21:03:56,033 - INFO - Beginning optimization with guess, [3.60084089].
2024-03-14 21:04:21,793 - INFO - Finished optimization with guess, [3.60084089].
2024-03-14 21:04:21,795 - INFO - Best fit parameters: [3.60084089].
2024-03-14 21:04:22,625 - INFO - Maximum log composite likelihood: -1433.5519548846542.
2024-03-14 21:04:22,625 - INFO - Optimal value of theta: 13001.82765993769.
2024-03-14 21:04:22,626 - INFO - Beginning optimization with guess, [1.68700447].
2024-03-14 21:04:47,263 - INFO - Finished optimization with guess, [1.68700447].
2024-03-14 21:04:47,265 - INFO - Best fit parameters: [1.68700447].
2024-03-14 21:04:48,095 - INFO - Maximum log composite likelihood: -1433.5519548846542.
2024-03-14 21:04:48,095 - INFO - Optimal value of theta: 13001.82765993769.
2024-03-14 21:04:48,096 - INFO - Beginning optimization with guess, [4.18718224].
2024-03-14 21:05:13,806 - INFO - Finished optimization with guess, [4.18718224].
2024-03-14 21:05:13,807 - INFO - Best fit parameters: [4.18718224].
2024-03-14 21:05:14,589 - INFO - Maximum log composite likelihood: -1433.5519548846542.
2024-03-14 21:05:14,589 - INFO - Optimal value of theta: 13001.82765993769.
2024-03-14 21:05:14,589 - INFO - Beginning optimization with guess, [1.97826649].
2024-03-14 21:05:37,533 - INFO - Finished optimization with guess, [1.97826649].
2024-03-14 21:05:37,535 - INFO - Best fit parameters: [1.97826649].
2024-03-14 21:05:38,322 - INFO - Maximum log composite likelihood: -1433.5519548846542.
2024-03-14 21:05:38,323 - INFO - Optimal value of theta: 13001.82765993769.
2024-03-14 21:05:38,323 - INFO - Beginning optimization with guess, [2.40688971].
2024-03-14 21:06:01,631 - INFO - Finished optimization with guess, [2.40688971].
2024-03-14 21:06:01,633 - INFO - Best fit parameters: [2.40688971].
2024-03-14 21:06:02,427 - INFO - Maximum log composite likelihood: -1433.5519548846542.
2024-03-14 21:06:02,427 - INFO - Optimal value of theta: 13001.82765993769.
2024-03-14 21:06:02,427 - INFO - Beginning optimization with guess, [2.0169907].
2024-03-14 21:06:29,791 - INFO - Finished optimization with guess, [2.0169907].
2024-03-14 21:06:29,792 - INFO - Best fit parameters: [2.0169907].
2024-03-14 21:06:30,819 - INFO - Maximum log composite likelihood: -1433.5519548846542.
2024-03-14 21:06:30,819 - INFO - Optimal value of theta: 13001.82765993769.
2024-03-14 21:06:30,820 - INFO - Beginning optimization with guess, [4.05880448].
2024-03-14 21:07:03,382 - INFO - Finished optimization with guess, [4.05880448].
2024-03-14 21:07:03,383 - INFO - Best fit parameters: [4.05880448].
2024-03-14 21:07:04,268 - INFO - Maximum log composite likelihood: -1433.5519548846542.
2024-03-14 21:07:04,269 - INFO - Optimal value of theta: 13001.82765993769.
2024-03-14 21:07:04,269 - INFO - Beginning optimization with guess, [10.24554357].
2024-03-14 21:07:32,658 - INFO - Finished optimization with guess, [10.24554357].
2024-03-14 21:07:32,661 - INFO - Best fit parameters: [10.24554357].
2024-03-14 21:07:33,421 - INFO - Maximum log composite likelihood: -1433.5519548846542.
2024-03-14 21:07:33,421 - INFO - Optimal value of theta: 13001.82765993769.
2024-03-14 21:07:33,421 - INFO - Beginning optimization with guess, [7.52000067].
2024-03-14 21:07:58,584 - INFO - Finished optimization with guess, [7.52000067].
2024-03-14 21:07:58,585 - INFO - Best fit parameters: [7.52000067].
2024-03-14 21:07:59,335 - INFO - Maximum log composite likelihood: -1433.5519548846542.
2024-03-14 21:07:59,336 - INFO - Optimal value of theta: 13001.82765993769.
2024-03-14 21:07:59,336 - INFO - Beginning optimization with guess, [12.73315693].
2024-03-14 21:08:25,721 - INFO - Finished optimization with guess, [12.73315693].
2024-03-14 21:08:25,722 - INFO - Best fit parameters: [12.73315693].
2024-03-14 21:08:26,480 - INFO - Maximum log composite likelihood: -1433.5519548846542.
2024-03-14 21:08:26,480 - INFO - Optimal value of theta: 13001.82765993769.
2024-03-14 21:08:26,483 - INFO - Finished demographic inference.
2024-03-14 21:08:26,484 - INFO - Pipeline executed succesfully.
