2025-03-19 19:34:11,381 - INFO - Beginning execution of evaluate_true_demography_fit.py in directory /u/project/kirk/jonmah/sample_size_demography/Scripts

2025-03-19 19:34:11,382 - INFO - Progress is being logged to ../Analysis/TwoEpochContraction_100/evaluate_demography.log

2025-03-19 19:34:11,382 - INFO - Parsed the following arguments:
	syn_input_sfs = ../Analysis/TwoEpochContraction_100/syn_downsampled_sfs.txt
	model_type = two_epoch
	params_list = [0.5, 0.1]
	mask_singletons = False
	mask_doubletons = False
	outprefix = ../Analysis/TwoEpochContraction_100/

2025-03-19 19:34:11,400 - INFO - Beginning demographic evaluation for two-epoch demographic model.
2025-03-19 19:34:11,401 - INFO - Beginning optimization with guess, [0.5, 0.1].
2025-03-19 19:34:11,401 - INFO - Finished optimization with guess, [0.5, 0.1].
2025-03-19 19:34:11,401 - INFO - Best fit parameters: [0.5, 0.1].
2025-03-19 19:34:11,501 - INFO - Maximum log composite likelihood: -227.33692518148837.
2025-03-19 19:34:11,501 - INFO - Optimal value of theta: 11968.753092098335.
2025-03-19 19:34:11,502 - INFO - Synonymous input SFS: [-- 6535.561289907093 3540.605071997499 2518.239353791033 2003.801901849448 1703.275329533205 1509.674800862398 1372.595462099612 1267.002946437963 1180.609693885535 1107.218142606122 1043.450695851881 987.3907237725105 938.008884373048 894.786493509382 857.3759572613842 825.3310235815378 797.9663941614746 774.3634512237411 753.4878822374322 734.354572625947 716.1730969306313 698.4283110692782 680.8826890330517 663.5164866742898 646.4385627924958 629.8015366781414 613.7435130129289 598.3624952732498 583.7164935584897 569.8366083171125 556.7420044041914 544.4513269879885 532.9905051104625 522.3992036195584 512.7370710256553 504.0881097360618 496.559373398503 490.2704240822893 485.3326829103337 481.8217239816937 479.7488591163676 479.0395739158577 479.5250227716583 480.9494589001981 482.9924461898424 485.3013620762557 487.5280215228706 489.3634785656996 490.5667252000731 245.492596309545 -- -- -- -- -- -- -- -- -- -- -- -- -- -- -- -- -- -- -- -- -- -- -- -- -- -- -- -- -- -- -- -- -- -- -- -- -- -- -- -- -- -- -- -- -- -- -- -- -- --].
2025-03-19 19:34:11,502 - INFO - Scaled spectrum: [-- 6624.000922141546 3611.672402023347 2595.204451331984 2078.5228497459916 1762.353577104423 1546.9018835596803 1389.3697307377156 1268.3347779257074 1171.8765832791346 1092.8269838236736 1026.6110934378908 970.1677307264667 921.3680500959128 878.6832785497465 840.9853124508007 807.4220511559149 777.3366962841908 750.2139213228129 725.6430141498902 703.2920538969406 682.8894457781571 664.2104742798391 647.067348794745 631.301724350019 616.7790055651783 603.3839548013373 591.0172673516101 579.5928728098436 569.0357881646289 559.2803946573165 550.2690434416046 541.9509188049113 534.2811049688353 527.2198151800421 520.7317512367678 514.7855686771375 509.35342821812844 504.41061813243635 499.9352354083088 495.9079159908309 492.31160632450445 489.1313699335203 486.3542239836464 483.96900173846836 481.9662376081383 480.33807213170354 479.0781747669328 478.18168280932423 477.6451551446269 238.73326993670983 -- -- -- -- -- -- -- -- -- -- -- -- -- -- -- -- -- -- -- -- -- -- -- -- -- -- -- -- -- -- -- -- -- -- -- -- -- -- -- -- -- -- -- -- -- -- -- -- -- --].
2025-03-19 19:34:11,503 - INFO - Converting and interpreting Tau estimates.
2025-03-19 19:34:11,507 - INFO - Finished demographic evaluation.
2025-03-19 19:34:11,507 - INFO - Pipeline executed succesfully.
