2024-03-14 21:38:41,521 - INFO - Beginning execution of fit_demographic_model.py in directory /u/project/kirk/jonmah/sample_size_demography/Scripts

2024-03-14 21:38:41,521 - INFO - Progress is being logged to ../Analysis/ThreeEpochExpansion_180/log.log

2024-03-14 21:38:41,521 - INFO - Parsed the following arguments:
	syn_input_sfs = ../Analysis/ThreeEpochExpansion_180/syn_downsampled_sfs.txt
	mask_singletons = False
	mask_doubletons = False
	outprefix = ../Analysis/ThreeEpochExpansion_180/

2024-03-14 21:38:41,531 - INFO - Beginning demographic inference for one-epoch demographic model.
2024-03-14 21:38:41,532 - INFO - Beginning optimization with guess, [0.17636799].
2024-03-14 21:38:56,196 - INFO - Finished optimization with guess, [0.17636799].
2024-03-14 21:38:56,197 - INFO - Best fit parameters: [0.17636799].
2024-03-14 21:38:56,653 - INFO - Maximum log composite likelihood: -4898.380604032631.
2024-03-14 21:38:56,653 - INFO - Optimal value of theta: 16325.327852716582.
2024-03-14 21:38:56,653 - INFO - Beginning optimization with guess, [0.28167289].
2024-03-14 21:39:11,283 - INFO - Finished optimization with guess, [0.28167289].
2024-03-14 21:39:11,285 - INFO - Best fit parameters: [0.28167289].
2024-03-14 21:39:11,741 - INFO - Maximum log composite likelihood: -4898.380604032631.
2024-03-14 21:39:11,742 - INFO - Optimal value of theta: 16325.327852716582.
2024-03-14 21:39:11,742 - INFO - Beginning optimization with guess, [0.19368977].
2024-03-14 21:39:26,378 - INFO - Finished optimization with guess, [0.19368977].
2024-03-14 21:39:26,379 - INFO - Best fit parameters: [0.19368977].
2024-03-14 21:39:26,835 - INFO - Maximum log composite likelihood: -4898.380604032631.
2024-03-14 21:39:26,835 - INFO - Optimal value of theta: 16325.327852716582.
2024-03-14 21:39:26,836 - INFO - Beginning optimization with guess, [0.20145652].
2024-03-14 21:39:41,582 - INFO - Finished optimization with guess, [0.20145652].
2024-03-14 21:39:41,583 - INFO - Best fit parameters: [0.20145652].
2024-03-14 21:39:42,039 - INFO - Maximum log composite likelihood: -4898.380604032631.
2024-03-14 21:39:42,039 - INFO - Optimal value of theta: 16325.327852716582.
2024-03-14 21:39:42,039 - INFO - Beginning optimization with guess, [0.99386872].
2024-03-14 21:39:45,822 - INFO - Finished optimization with guess, [0.99386872].
2024-03-14 21:39:45,823 - INFO - Best fit parameters: [0.99386872].
2024-03-14 21:39:46,307 - INFO - Maximum log composite likelihood: -4898.380604032631.
2024-03-14 21:39:46,307 - INFO - Optimal value of theta: 16325.327852716582.
2024-03-14 21:39:46,308 - INFO - Beginning optimization with guess, [0.32610854].
2024-03-14 21:40:02,442 - INFO - Finished optimization with guess, [0.32610854].
2024-03-14 21:40:02,446 - INFO - Best fit parameters: [0.32610854].
2024-03-14 21:40:02,934 - INFO - Maximum log composite likelihood: -4898.380604032631.
2024-03-14 21:40:02,934 - INFO - Optimal value of theta: 16325.327852716582.
2024-03-14 21:40:02,935 - INFO - Beginning optimization with guess, [1.25265158].
2024-03-14 21:40:14,402 - INFO - Finished optimization with guess, [1.25265158].
2024-03-14 21:40:14,403 - INFO - Best fit parameters: [1.25265158].
2024-03-14 21:40:14,895 - INFO - Maximum log composite likelihood: -4898.380604032631.
2024-03-14 21:40:14,895 - INFO - Optimal value of theta: 16325.327852716582.
2024-03-14 21:40:14,896 - INFO - Beginning optimization with guess, [0.67166129].
2024-03-14 21:40:27,835 - INFO - Finished optimization with guess, [0.67166129].
2024-03-14 21:40:27,835 - INFO - Best fit parameters: [0.67166129].
2024-03-14 21:40:28,320 - INFO - Maximum log composite likelihood: -4898.380604032631.
2024-03-14 21:40:28,320 - INFO - Optimal value of theta: 16325.327852716582.
2024-03-14 21:40:28,321 - INFO - Beginning optimization with guess, [0.4866227].
2024-03-14 21:40:42,626 - INFO - Finished optimization with guess, [0.4866227].
2024-03-14 21:40:42,628 - INFO - Best fit parameters: [0.4866227].
2024-03-14 21:40:43,134 - INFO - Maximum log composite likelihood: -4898.380604032631.
2024-03-14 21:40:43,134 - INFO - Optimal value of theta: 16325.327852716582.
2024-03-14 21:40:43,134 - INFO - Beginning optimization with guess, [1.43251955].
2024-03-14 21:40:55,541 - INFO - Finished optimization with guess, [1.43251955].
2024-03-14 21:40:55,543 - INFO - Best fit parameters: [1.43251955].
2024-03-14 21:40:56,053 - INFO - Maximum log composite likelihood: -4898.380604032631.
2024-03-14 21:40:56,053 - INFO - Optimal value of theta: 16325.327852716582.
2024-03-14 21:40:56,054 - INFO - Beginning optimization with guess, [2.08538653].
2024-03-14 21:41:10,404 - INFO - Finished optimization with guess, [2.08538653].
2024-03-14 21:41:10,407 - INFO - Best fit parameters: [2.08538653].
2024-03-14 21:41:10,943 - INFO - Maximum log composite likelihood: -4898.380604032631.
2024-03-14 21:41:10,943 - INFO - Optimal value of theta: 16325.327852716582.
2024-03-14 21:41:10,944 - INFO - Beginning optimization with guess, [1.51459407].
2024-03-14 21:41:23,816 - INFO - Finished optimization with guess, [1.51459407].
2024-03-14 21:41:23,820 - INFO - Best fit parameters: [1.51459407].
2024-03-14 21:41:24,328 - INFO - Maximum log composite likelihood: -4898.380604032631.
2024-03-14 21:41:24,328 - INFO - Optimal value of theta: 16325.327852716582.
2024-03-14 21:41:24,328 - INFO - Beginning optimization with guess, [1.52764654].
2024-03-14 21:41:37,616 - INFO - Finished optimization with guess, [1.52764654].
2024-03-14 21:41:37,619 - INFO - Best fit parameters: [1.52764654].
2024-03-14 21:41:38,125 - INFO - Maximum log composite likelihood: -4898.380604032631.
2024-03-14 21:41:38,125 - INFO - Optimal value of theta: 16325.327852716582.
2024-03-14 21:41:38,126 - INFO - Beginning optimization with guess, [3.94439125].
2024-03-14 21:41:54,193 - INFO - Finished optimization with guess, [3.94439125].
2024-03-14 21:41:54,194 - INFO - Best fit parameters: [3.94439125].
2024-03-14 21:41:54,692 - INFO - Maximum log composite likelihood: -4898.380604032631.
2024-03-14 21:41:54,692 - INFO - Optimal value of theta: 16325.327852716582.
2024-03-14 21:41:54,693 - INFO - Beginning optimization with guess, [2.66303383].
2024-03-14 21:42:09,453 - INFO - Finished optimization with guess, [2.66303383].
2024-03-14 21:42:09,453 - INFO - Best fit parameters: [2.66303383].
2024-03-14 21:42:09,915 - INFO - Maximum log composite likelihood: -4898.380604032631.
2024-03-14 21:42:09,915 - INFO - Optimal value of theta: 16325.327852716582.
2024-03-14 21:42:09,916 - INFO - Beginning optimization with guess, [3.66033575].
2024-03-14 21:42:25,672 - INFO - Finished optimization with guess, [3.66033575].
2024-03-14 21:42:25,673 - INFO - Best fit parameters: [3.66033575].
2024-03-14 21:42:26,204 - INFO - Maximum log composite likelihood: -4898.380604032631.
2024-03-14 21:42:26,204 - INFO - Optimal value of theta: 16325.327852716582.
2024-03-14 21:42:26,204 - INFO - Beginning optimization with guess, [2.77919446].
2024-03-14 21:42:41,128 - INFO - Finished optimization with guess, [2.77919446].
2024-03-14 21:42:41,129 - INFO - Best fit parameters: [2.77919446].
2024-03-14 21:42:41,621 - INFO - Maximum log composite likelihood: -4898.380604032631.
2024-03-14 21:42:41,621 - INFO - Optimal value of theta: 16325.327852716582.
2024-03-14 21:42:41,621 - INFO - Beginning optimization with guess, [3.03660199].
2024-03-14 21:42:57,548 - INFO - Finished optimization with guess, [3.03660199].
2024-03-14 21:42:57,549 - INFO - Best fit parameters: [3.03660199].
2024-03-14 21:42:58,082 - INFO - Maximum log composite likelihood: -4898.380604032631.
2024-03-14 21:42:58,082 - INFO - Optimal value of theta: 16325.327852716582.
2024-03-14 21:42:58,082 - INFO - Beginning optimization with guess, [3.37533503].
2024-03-14 21:43:14,159 - INFO - Finished optimization with guess, [3.37533503].
2024-03-14 21:43:14,160 - INFO - Best fit parameters: [3.37533503].
2024-03-14 21:43:14,637 - INFO - Maximum log composite likelihood: -4898.380604032631.
2024-03-14 21:43:14,638 - INFO - Optimal value of theta: 16325.327852716582.
2024-03-14 21:43:14,639 - INFO - Beginning optimization with guess, [2.49126741].
2024-03-14 21:43:28,854 - INFO - Finished optimization with guess, [2.49126741].
2024-03-14 21:43:28,855 - INFO - Best fit parameters: [2.49126741].
2024-03-14 21:43:29,385 - INFO - Maximum log composite likelihood: -4898.380604032631.
2024-03-14 21:43:29,385 - INFO - Optimal value of theta: 16325.327852716582.
2024-03-14 21:43:29,385 - INFO - Beginning optimization with guess, [4.49822251].
2024-03-14 21:43:44,784 - INFO - Finished optimization with guess, [4.49822251].
2024-03-14 21:43:44,785 - INFO - Best fit parameters: [4.49822251].
2024-03-14 21:43:45,329 - INFO - Maximum log composite likelihood: -4898.380604032631.
2024-03-14 21:43:45,329 - INFO - Optimal value of theta: 16325.327852716582.
2024-03-14 21:43:45,330 - INFO - Beginning optimization with guess, [7.53559023].
2024-03-14 21:44:02,002 - INFO - Finished optimization with guess, [7.53559023].
2024-03-14 21:44:02,003 - INFO - Best fit parameters: [7.53559023].
2024-03-14 21:44:02,487 - INFO - Maximum log composite likelihood: -4898.380604032631.
2024-03-14 21:44:02,488 - INFO - Optimal value of theta: 16325.327852716582.
2024-03-14 21:44:02,488 - INFO - Beginning optimization with guess, [7.05669628].
2024-03-14 21:44:17,967 - INFO - Finished optimization with guess, [7.05669628].
2024-03-14 21:44:17,968 - INFO - Best fit parameters: [7.05669628].
2024-03-14 21:44:18,456 - INFO - Maximum log composite likelihood: -4898.380604032631.
2024-03-14 21:44:18,456 - INFO - Optimal value of theta: 16325.327852716582.
2024-03-14 21:44:18,456 - INFO - Beginning optimization with guess, [4.47720675].
2024-03-14 21:44:33,474 - INFO - Finished optimization with guess, [4.47720675].
2024-03-14 21:44:33,475 - INFO - Best fit parameters: [4.47720675].
2024-03-14 21:44:33,932 - INFO - Maximum log composite likelihood: -4898.380604032631.
2024-03-14 21:44:33,932 - INFO - Optimal value of theta: 16325.327852716582.
2024-03-14 21:44:33,932 - INFO - Beginning optimization with guess, [4.48764347].
2024-03-14 21:44:49,201 - INFO - Finished optimization with guess, [4.48764347].
2024-03-14 21:44:49,201 - INFO - Best fit parameters: [4.48764347].
2024-03-14 21:44:49,680 - INFO - Maximum log composite likelihood: -4898.380604032631.
2024-03-14 21:44:49,680 - INFO - Optimal value of theta: 16325.327852716582.
2024-03-14 21:44:49,683 - INFO - Finished demographic inference.
2024-03-14 21:44:49,683 - INFO - Pipeline executed succesfully.
