2024-03-14 22:06:08,181 - INFO - Beginning execution of fit_demographic_model.py in directory /u/project/kirk/jonmah/sample_size_demography/Scripts

2024-03-14 22:06:08,182 - INFO - Progress is being logged to ../Analysis/ThreeEpochExpansion_690/log.log

2024-03-14 22:06:08,182 - INFO - Parsed the following arguments:
	syn_input_sfs = ../Analysis/ThreeEpochExpansion_690/syn_downsampled_sfs.txt
	mask_singletons = False
	mask_doubletons = False
	outprefix = ../Analysis/ThreeEpochExpansion_690/

2024-03-14 22:06:08,208 - INFO - Beginning demographic inference for one-epoch demographic model.
2024-03-14 22:06:08,209 - INFO - Beginning optimization with guess, [0.10636436].
2024-03-14 22:08:16,053 - INFO - Finished optimization with guess, [0.10636436].
2024-03-14 22:08:16,061 - INFO - Best fit parameters: [0.10636436].
2024-03-14 22:08:20,530 - INFO - Maximum log composite likelihood: -11851.107072310417.
2024-03-14 22:08:20,530 - INFO - Optimal value of theta: 18898.765726845573.
2024-03-14 22:08:20,531 - INFO - Beginning optimization with guess, [0.33783996].
2024-03-14 22:09:57,669 - INFO - Finished optimization with guess, [0.33783996].
2024-03-14 22:09:57,677 - INFO - Best fit parameters: [0.33783996].
2024-03-14 22:10:00,827 - INFO - Maximum log composite likelihood: -11851.107072310417.
2024-03-14 22:10:00,827 - INFO - Optimal value of theta: 18898.765726845573.
2024-03-14 22:10:00,827 - INFO - Beginning optimization with guess, [0.17793258].
2024-03-14 22:12:46,211 - INFO - Finished optimization with guess, [0.17793258].
2024-03-14 22:12:46,216 - INFO - Best fit parameters: [0.17793258].
2024-03-14 22:12:49,875 - INFO - Maximum log composite likelihood: -11851.107072310417.
2024-03-14 22:12:49,875 - INFO - Optimal value of theta: 18898.765726845573.
2024-03-14 22:12:49,876 - INFO - Beginning optimization with guess, [0.43945726].
2024-03-14 22:14:48,660 - INFO - Finished optimization with guess, [0.43945726].
2024-03-14 22:14:48,677 - INFO - Best fit parameters: [0.43945726].
2024-03-14 22:14:53,959 - INFO - Maximum log composite likelihood: -11851.107072310417.
2024-03-14 22:14:53,959 - INFO - Optimal value of theta: 18898.765726845573.
2024-03-14 22:14:53,959 - INFO - Beginning optimization with guess, [0.6711369].
2024-03-14 22:16:20,912 - INFO - Finished optimization with guess, [0.6711369].
2024-03-14 22:16:20,925 - INFO - Best fit parameters: [0.6711369].
2024-03-14 22:16:23,988 - INFO - Maximum log composite likelihood: -11851.107072310417.
2024-03-14 22:16:23,988 - INFO - Optimal value of theta: 18898.765726845573.
2024-03-14 22:16:23,992 - INFO - Beginning optimization with guess, [0.70697144].
2024-03-14 22:18:34,214 - INFO - Finished optimization with guess, [0.70697144].
2024-03-14 22:18:34,225 - INFO - Best fit parameters: [0.70697144].
2024-03-14 22:18:39,669 - INFO - Maximum log composite likelihood: -11851.107072310417.
2024-03-14 22:18:39,669 - INFO - Optimal value of theta: 18898.765726845573.
2024-03-14 22:18:39,669 - INFO - Beginning optimization with guess, [0.75584069].
2024-03-14 22:20:11,375 - INFO - Finished optimization with guess, [0.75584069].
2024-03-14 22:20:11,380 - INFO - Best fit parameters: [0.75584069].
2024-03-14 22:20:14,642 - INFO - Maximum log composite likelihood: -11851.107072310417.
2024-03-14 22:20:14,642 - INFO - Optimal value of theta: 18898.765726845573.
2024-03-14 22:20:14,642 - INFO - Beginning optimization with guess, [0.94970468].
2024-03-14 22:21:38,148 - INFO - Finished optimization with guess, [0.94970468].
2024-03-14 22:21:38,153 - INFO - Best fit parameters: [0.94970468].
2024-03-14 22:21:43,653 - INFO - Maximum log composite likelihood: -11851.107072310417.
2024-03-14 22:21:43,657 - INFO - Optimal value of theta: 18898.765726845573.
2024-03-14 22:21:43,657 - INFO - Beginning optimization with guess, [0.87983407].
2024-03-14 22:23:03,243 - INFO - Finished optimization with guess, [0.87983407].
2024-03-14 22:23:03,253 - INFO - Best fit parameters: [0.87983407].
2024-03-14 22:23:07,258 - INFO - Maximum log composite likelihood: -11851.107072310417.
2024-03-14 22:23:07,258 - INFO - Optimal value of theta: 18898.765726845573.
2024-03-14 22:23:07,258 - INFO - Beginning optimization with guess, [1.29975016].
2024-03-14 22:25:01,260 - INFO - Finished optimization with guess, [1.29975016].
2024-03-14 22:25:01,265 - INFO - Best fit parameters: [1.29975016].
2024-03-14 22:25:06,447 - INFO - Maximum log composite likelihood: -11851.107072310417.
2024-03-14 22:25:06,447 - INFO - Optimal value of theta: 18898.765726845573.
2024-03-14 22:25:06,448 - INFO - Beginning optimization with guess, [1.95972446].
2024-03-14 22:26:59,207 - INFO - Finished optimization with guess, [1.95972446].
2024-03-14 22:26:59,223 - INFO - Best fit parameters: [1.95972446].
2024-03-14 22:27:04,619 - INFO - Maximum log composite likelihood: -11851.107072310417.
2024-03-14 22:27:04,619 - INFO - Optimal value of theta: 18898.765726845573.
2024-03-14 22:27:04,619 - INFO - Beginning optimization with guess, [1.76193537].
2024-03-14 22:29:34,813 - INFO - Finished optimization with guess, [1.76193537].
2024-03-14 22:29:34,815 - INFO - Best fit parameters: [1.76193537].
2024-03-14 22:29:38,231 - INFO - Maximum log composite likelihood: -11851.107072310417.
2024-03-14 22:29:38,232 - INFO - Optimal value of theta: 18898.765726845573.
2024-03-14 22:29:38,232 - INFO - Beginning optimization with guess, [1.53350008].
2024-03-14 22:31:02,952 - INFO - Finished optimization with guess, [1.53350008].
2024-03-14 22:31:02,962 - INFO - Best fit parameters: [1.53350008].
2024-03-14 22:31:08,508 - INFO - Maximum log composite likelihood: -11851.107072310417.
2024-03-14 22:31:08,508 - INFO - Optimal value of theta: 18898.765726845573.
2024-03-14 22:31:08,509 - INFO - Beginning optimization with guess, [1.10152756].
2024-03-14 22:32:22,393 - INFO - Finished optimization with guess, [1.10152756].
2024-03-14 22:32:22,398 - INFO - Best fit parameters: [1.10152756].
2024-03-14 22:32:26,389 - INFO - Maximum log composite likelihood: -11851.107072310417.
2024-03-14 22:32:26,389 - INFO - Optimal value of theta: 18898.765726845573.
2024-03-14 22:32:26,389 - INFO - Beginning optimization with guess, [2.48803287].
2024-03-14 22:34:48,249 - INFO - Finished optimization with guess, [2.48803287].
2024-03-14 22:34:48,261 - INFO - Best fit parameters: [2.48803287].
2024-03-14 22:34:53,676 - INFO - Maximum log composite likelihood: -11851.107072310417.
2024-03-14 22:34:53,676 - INFO - Optimal value of theta: 18898.765726845573.
2024-03-14 22:34:53,676 - INFO - Beginning optimization with guess, [2.73661764].
