2024-01-19 15:23:44,746 - INFO - Beginning execution of fit_demographic_model.py in directory /u/project/kirk/jonmah/sample_size_demography/Scripts

2024-01-19 15:23:44,747 - INFO - Progress is being logged to ../Analysis/1kg_EUR_81/log.log

2024-01-19 15:23:44,747 - INFO - Parsed the following arguments:
	syn_input_sfs = ../Analysis/1kg_EUR_81/syn_downsampled_sfs.txt
	mask_singletons = False
	mask_doubletons = False
	outprefix = ../Analysis/1kg_EUR_81/

2024-01-19 15:23:44,756 - INFO - Beginning demographic inference for one-epoch demographic model.
2024-01-19 15:23:44,758 - INFO - Beginning optimization with guess, [0.05465415].
2024-01-19 15:23:53,858 - INFO - Finished optimization with guess, [0.05465415].
2024-01-19 15:23:53,859 - INFO - Best fit parameters: [0.05465415].
2024-01-19 15:23:54,114 - INFO - Maximum log composite likelihood: -312.79889695300653.
2024-01-19 15:23:54,114 - INFO - Optimal value of theta: 5038.659996845931.
2024-01-19 15:23:54,114 - INFO - Beginning optimization with guess, [0.23447304].
2024-01-19 15:24:02,319 - INFO - Finished optimization with guess, [0.23447304].
2024-01-19 15:24:02,320 - INFO - Best fit parameters: [0.23447304].
2024-01-19 15:24:02,581 - INFO - Maximum log composite likelihood: -312.79889695300653.
2024-01-19 15:24:02,581 - INFO - Optimal value of theta: 5038.659996845931.
2024-01-19 15:24:02,581 - INFO - Beginning optimization with guess, [0.43456863].
2024-01-19 15:24:10,018 - INFO - Finished optimization with guess, [0.43456863].
2024-01-19 15:24:10,018 - INFO - Best fit parameters: [0.43456863].
2024-01-19 15:24:10,273 - INFO - Maximum log composite likelihood: -312.79889695300653.
2024-01-19 15:24:10,273 - INFO - Optimal value of theta: 5038.659996845931.
2024-01-19 15:24:10,274 - INFO - Beginning optimization with guess, [0.33022194].
2024-01-19 15:24:18,447 - INFO - Finished optimization with guess, [0.33022194].
2024-01-19 15:24:18,449 - INFO - Best fit parameters: [0.33022194].
2024-01-19 15:24:18,704 - INFO - Maximum log composite likelihood: -312.79889695300653.
2024-01-19 15:24:18,704 - INFO - Optimal value of theta: 5038.659996845931.
2024-01-19 15:24:18,704 - INFO - Beginning optimization with guess, [0.97948413].
2024-01-19 15:24:22,279 - INFO - Finished optimization with guess, [0.97948413].
2024-01-19 15:24:22,280 - INFO - Best fit parameters: [0.97948413].
2024-01-19 15:24:22,535 - INFO - Maximum log composite likelihood: -312.79889695300653.
2024-01-19 15:24:22,536 - INFO - Optimal value of theta: 5038.659996845931.
2024-01-19 15:24:22,536 - INFO - Beginning optimization with guess, [0.94965499].
2024-01-19 15:24:26,913 - INFO - Finished optimization with guess, [0.94965499].
2024-01-19 15:24:26,914 - INFO - Best fit parameters: [0.94965499].
2024-01-19 15:24:27,171 - INFO - Maximum log composite likelihood: -312.79889695300653.
2024-01-19 15:24:27,171 - INFO - Optimal value of theta: 5038.659996845931.
2024-01-19 15:24:27,172 - INFO - Beginning optimization with guess, [0.49853566].
2024-01-19 15:24:34,601 - INFO - Finished optimization with guess, [0.49853566].
2024-01-19 15:24:34,602 - INFO - Best fit parameters: [0.49853566].
2024-01-19 15:24:34,858 - INFO - Maximum log composite likelihood: -312.79889695300653.
2024-01-19 15:24:34,858 - INFO - Optimal value of theta: 5038.659996845931.
2024-01-19 15:24:34,858 - INFO - Beginning optimization with guess, [0.63102032].
2024-01-19 15:24:41,498 - INFO - Finished optimization with guess, [0.63102032].
2024-01-19 15:24:41,498 - INFO - Best fit parameters: [0.63102032].
2024-01-19 15:24:41,754 - INFO - Maximum log composite likelihood: -312.79889695300653.
2024-01-19 15:24:41,754 - INFO - Optimal value of theta: 5038.659996845931.
2024-01-19 15:24:41,754 - INFO - Beginning optimization with guess, [1.45210349].
2024-01-19 15:24:48,396 - INFO - Finished optimization with guess, [1.45210349].
2024-01-19 15:24:48,397 - INFO - Best fit parameters: [1.45210349].
2024-01-19 15:24:48,652 - INFO - Maximum log composite likelihood: -312.79889695300653.
2024-01-19 15:24:48,652 - INFO - Optimal value of theta: 5038.659996845931.
2024-01-19 15:24:48,652 - INFO - Beginning optimization with guess, [1.39045759].
2024-01-19 15:24:55,288 - INFO - Finished optimization with guess, [1.39045759].
2024-01-19 15:24:55,289 - INFO - Best fit parameters: [1.39045759].
2024-01-19 15:24:55,544 - INFO - Maximum log composite likelihood: -312.79889695300653.
2024-01-19 15:24:55,545 - INFO - Optimal value of theta: 5038.659996845931.
2024-01-19 15:24:55,545 - INFO - Beginning optimization with guess, [1.47580015].
2024-01-19 15:25:02,186 - INFO - Finished optimization with guess, [1.47580015].
2024-01-19 15:25:02,186 - INFO - Best fit parameters: [1.47580015].
2024-01-19 15:25:02,442 - INFO - Maximum log composite likelihood: -312.79889695300653.
2024-01-19 15:25:02,442 - INFO - Optimal value of theta: 5038.659996845931.
2024-01-19 15:25:02,442 - INFO - Beginning optimization with guess, [1.77823657].
2024-01-19 15:25:09,846 - INFO - Finished optimization with guess, [1.77823657].
2024-01-19 15:25:09,846 - INFO - Best fit parameters: [1.77823657].
2024-01-19 15:25:10,102 - INFO - Maximum log composite likelihood: -312.79889695300653.
2024-01-19 15:25:10,102 - INFO - Optimal value of theta: 5038.659996845931.
2024-01-19 15:25:10,102 - INFO - Beginning optimization with guess, [1.19123241].
2024-01-19 15:25:15,984 - INFO - Finished optimization with guess, [1.19123241].
2024-01-19 15:25:15,985 - INFO - Best fit parameters: [1.19123241].
2024-01-19 15:25:16,241 - INFO - Maximum log composite likelihood: -312.79889695300653.
2024-01-19 15:25:16,241 - INFO - Optimal value of theta: 5038.659996845931.
2024-01-19 15:25:16,241 - INFO - Beginning optimization with guess, [2.56520679].
2024-01-19 15:25:23,649 - INFO - Finished optimization with guess, [2.56520679].
2024-01-19 15:25:23,650 - INFO - Best fit parameters: [2.56520679].
2024-01-19 15:25:23,905 - INFO - Maximum log composite likelihood: -312.79889695300653.
2024-01-19 15:25:23,905 - INFO - Optimal value of theta: 5038.659996845931.
2024-01-19 15:25:23,905 - INFO - Beginning optimization with guess, [3.28087935].
2024-01-19 15:25:32,132 - INFO - Finished optimization with guess, [3.28087935].
2024-01-19 15:25:32,133 - INFO - Best fit parameters: [3.28087935].
2024-01-19 15:25:32,389 - INFO - Maximum log composite likelihood: -312.79889695300653.
2024-01-19 15:25:32,389 - INFO - Optimal value of theta: 5038.659996845931.
2024-01-19 15:25:32,389 - INFO - Beginning optimization with guess, [1.70960032].
2024-01-19 15:25:39,794 - INFO - Finished optimization with guess, [1.70960032].
2024-01-19 15:25:39,794 - INFO - Best fit parameters: [1.70960032].
2024-01-19 15:25:40,049 - INFO - Maximum log composite likelihood: -312.79889695300653.
2024-01-19 15:25:40,049 - INFO - Optimal value of theta: 5038.659996845931.
2024-01-19 15:25:40,050 - INFO - Beginning optimization with guess, [5.44818569].
2024-01-19 15:25:48,257 - INFO - Finished optimization with guess, [5.44818569].
2024-01-19 15:25:48,258 - INFO - Best fit parameters: [5.44818569].
2024-01-19 15:25:48,513 - INFO - Maximum log composite likelihood: -312.79889695300653.
2024-01-19 15:25:48,513 - INFO - Optimal value of theta: 5038.659996845931.
2024-01-19 15:25:48,513 - INFO - Beginning optimization with guess, [2.26089409].
2024-01-19 15:25:55,931 - INFO - Finished optimization with guess, [2.26089409].
2024-01-19 15:25:55,932 - INFO - Best fit parameters: [2.26089409].
2024-01-19 15:25:56,188 - INFO - Maximum log composite likelihood: -312.79889695300653.
2024-01-19 15:25:56,188 - INFO - Optimal value of theta: 5038.659996845931.
2024-01-19 15:25:56,188 - INFO - Beginning optimization with guess, [5.30557197].
2024-01-19 15:26:04,368 - INFO - Finished optimization with guess, [5.30557197].
2024-01-19 15:26:04,370 - INFO - Best fit parameters: [5.30557197].
2024-01-19 15:26:04,625 - INFO - Maximum log composite likelihood: -312.79889695300653.
2024-01-19 15:26:04,625 - INFO - Optimal value of theta: 5038.659996845931.
2024-01-19 15:26:04,625 - INFO - Beginning optimization with guess, [1.89474521].
2024-01-19 15:26:12,073 - INFO - Finished optimization with guess, [1.89474521].
2024-01-19 15:26:12,074 - INFO - Best fit parameters: [1.89474521].
2024-01-19 15:26:12,336 - INFO - Maximum log composite likelihood: -312.79889695300653.
2024-01-19 15:26:12,336 - INFO - Optimal value of theta: 5038.659996845931.
2024-01-19 15:26:12,336 - INFO - Beginning optimization with guess, [5.30718709].
2024-01-19 15:26:20,517 - INFO - Finished optimization with guess, [5.30718709].
2024-01-19 15:26:20,518 - INFO - Best fit parameters: [5.30718709].
2024-01-19 15:26:20,773 - INFO - Maximum log composite likelihood: -312.79889695300653.
2024-01-19 15:26:20,773 - INFO - Optimal value of theta: 5038.659996845931.
2024-01-19 15:26:20,773 - INFO - Beginning optimization with guess, [3.58089878].
2024-01-19 15:26:28,955 - INFO - Finished optimization with guess, [3.58089878].
2024-01-19 15:26:28,955 - INFO - Best fit parameters: [3.58089878].
2024-01-19 15:26:29,211 - INFO - Maximum log composite likelihood: -312.79889695300653.
2024-01-19 15:26:29,212 - INFO - Optimal value of theta: 5038.659996845931.
2024-01-19 15:26:29,212 - INFO - Beginning optimization with guess, [9.19104342].
2024-01-19 15:26:38,141 - INFO - Finished optimization with guess, [9.19104342].
2024-01-19 15:26:38,142 - INFO - Best fit parameters: [9.19104342].
2024-01-19 15:26:38,398 - INFO - Maximum log composite likelihood: -312.79889695300653.
2024-01-19 15:26:38,398 - INFO - Optimal value of theta: 5038.659996845931.
2024-01-19 15:26:38,398 - INFO - Beginning optimization with guess, [4.31813979].
2024-01-19 15:26:46,599 - INFO - Finished optimization with guess, [4.31813979].
2024-01-19 15:26:46,600 - INFO - Best fit parameters: [4.31813979].
2024-01-19 15:26:46,855 - INFO - Maximum log composite likelihood: -312.79889695300653.
2024-01-19 15:26:46,856 - INFO - Optimal value of theta: 5038.659996845931.
2024-01-19 15:26:46,856 - INFO - Beginning optimization with guess, [6.4407154].
2024-01-19 15:26:55,029 - INFO - Finished optimization with guess, [6.4407154].
2024-01-19 15:26:55,029 - INFO - Best fit parameters: [6.4407154].
2024-01-19 15:26:55,285 - INFO - Maximum log composite likelihood: -312.79889695300653.
2024-01-19 15:26:55,285 - INFO - Optimal value of theta: 5038.659996845931.
2024-01-19 15:26:55,287 - INFO - Beginning demographic inference for two-epoch demographic model.
2024-01-19 15:26:55,289 - INFO - Beginning optimization with guess, [0.18872653 0.01383595].
2024-01-19 15:27:19,251 - INFO - Finished optimization with guess, [0.18872653 0.01383595].
2024-01-19 15:27:19,252 - INFO - Best fit parameters: [3.26284198e+05 3.68325866e-04].
2024-01-19 15:27:19,508 - INFO - Maximum log composite likelihood: -312.3620387349374.
2024-01-19 15:27:19,508 - INFO - Optimal value of theta: 5023.566147224041.
2024-01-19 15:27:19,508 - INFO - Beginning optimization with guess, [0.28897569 0.00699932].
2024-01-19 15:27:44,088 - INFO - Finished optimization with guess, [0.28897569 0.00699932].
2024-01-19 15:27:44,089 - INFO - Best fit parameters: [1.42704157e+04 3.68489317e-04].
2024-01-19 15:27:44,345 - INFO - Maximum log composite likelihood: -312.3620512094508.
2024-01-19 15:27:44,345 - INFO - Optimal value of theta: 5023.5139192621655.
2024-01-19 15:27:44,345 - INFO - Beginning optimization with guess, [0.18102366 0.00590434].
2024-01-19 15:28:08,487 - INFO - Finished optimization with guess, [0.18102366 0.00590434].
2024-01-19 15:28:08,488 - INFO - Best fit parameters: [1.15466308e+04 3.66751532e-04].
2024-01-19 15:28:08,744 - INFO - Maximum log composite likelihood: -312.36204711628125.
2024-01-19 15:28:08,744 - INFO - Optimal value of theta: 5023.574582644997.
2024-01-19 15:28:08,744 - INFO - Beginning optimization with guess, [0.70815235 0.01957605].
2024-01-19 15:28:32,651 - INFO - Finished optimization with guess, [0.70815235 0.01957605].
2024-01-19 15:28:32,651 - INFO - Best fit parameters: [2.78431206e+02 3.41864604e-04].
2024-01-19 15:28:33,008 - INFO - Maximum log composite likelihood: -312.36256524905707.
2024-01-19 15:28:33,009 - INFO - Optimal value of theta: 5023.911367199934.
2024-01-19 15:28:33,009 - INFO - Beginning optimization with guess, [0.38416038 0.01701535].
2024-01-19 15:29:03,229 - INFO - Finished optimization with guess, [0.38416038 0.01701535].
2024-01-19 15:29:03,230 - INFO - Best fit parameters: [7.79088333e+03 3.66700662e-04].
2024-01-19 15:29:03,569 - INFO - Maximum log composite likelihood: -312.36205186545476.
2024-01-19 15:29:03,569 - INFO - Optimal value of theta: 5023.550079744152.
2024-01-19 15:29:03,569 - INFO - Beginning optimization with guess, [0.48937514 0.01361735].
2024-01-19 15:29:34,012 - INFO - Finished optimization with guess, [0.48937514 0.01361735].
2024-01-19 15:29:34,015 - INFO - Best fit parameters: [6.50670088e+03 3.66333136e-04].
2024-01-19 15:29:34,376 - INFO - Maximum log composite likelihood: -312.36205438645266.
2024-01-19 15:29:34,376 - INFO - Optimal value of theta: 5023.549567276149.
2024-01-19 15:29:34,376 - INFO - Beginning optimization with guess, [0.93062388 0.01425618].
2024-01-19 15:30:05,977 - INFO - Finished optimization with guess, [0.93062388 0.01425618].
2024-01-19 15:30:05,978 - INFO - Best fit parameters: [0.49648747 0.83253318].
2024-01-19 15:30:06,326 - INFO - Maximum log composite likelihood: -220.66215511131736.
2024-01-19 15:30:06,326 - INFO - Optimal value of theta: 9125.25440520575.
2024-01-19 15:30:06,326 - INFO - Beginning optimization with guess, [0.80714546 0.00922543].
2024-01-19 15:30:36,635 - INFO - Finished optimization with guess, [0.80714546 0.00922543].
2024-01-19 15:30:36,636 - INFO - Best fit parameters: [2.42307677e+02 3.37019593e-04].
2024-01-19 15:30:36,980 - INFO - Maximum log composite likelihood: -312.36295006194587.
2024-01-19 15:30:36,980 - INFO - Optimal value of theta: 5024.116807278506.
2024-01-19 15:30:36,980 - INFO - Beginning optimization with guess, [0.99901838 0.01663033].
2024-01-19 15:31:09,796 - INFO - Finished optimization with guess, [0.99901838 0.01663033].
2024-01-19 15:31:09,797 - INFO - Best fit parameters: [0.99566059 0.61479734].
2024-01-19 15:31:10,156 - INFO - Maximum log composite likelihood: -310.3764444252422.
2024-01-19 15:31:10,156 - INFO - Optimal value of theta: 5053.495189055632.
2024-01-19 15:31:10,156 - INFO - Beginning optimization with guess, [0.50921575 0.01171151].
2024-01-19 15:31:40,014 - INFO - Finished optimization with guess, [0.50921575 0.01171151].
2024-01-19 15:31:40,016 - INFO - Best fit parameters: [2.34387867e+04 3.66668374e-04].
2024-01-19 15:31:40,315 - INFO - Maximum log composite likelihood: -312.362045449029.
2024-01-19 15:31:40,315 - INFO - Optimal value of theta: 5023.606940888908.
2024-01-19 15:31:40,315 - INFO - Beginning optimization with guess, [1.5299945  0.00664508].
2024-01-19 15:32:09,079 - INFO - Finished optimization with guess, [1.5299945  0.00664508].
2024-01-19 15:32:09,081 - INFO - Best fit parameters: [3.44810730e+04 3.68458093e-04].
2024-01-19 15:32:09,372 - INFO - Maximum log composite likelihood: -312.36204262053616.
2024-01-19 15:32:09,372 - INFO - Optimal value of theta: 5023.542833572273.
2024-01-19 15:32:09,372 - INFO - Beginning optimization with guess, [0.88358615 0.0080864 ].
2024-01-19 15:32:41,032 - INFO - Finished optimization with guess, [0.88358615 0.0080864 ].
2024-01-19 15:32:41,032 - INFO - Best fit parameters: [0.50482233 0.82472632].
2024-01-19 15:32:41,361 - INFO - Maximum log composite likelihood: -220.66083320645407.
2024-01-19 15:32:41,361 - INFO - Optimal value of theta: 8965.739644118807.
2024-01-19 15:32:41,361 - INFO - Beginning optimization with guess, [2.86896994 0.00624554].
2024-01-19 15:33:10,530 - INFO - Finished optimization with guess, [2.86896994 0.00624554].
2024-01-19 15:33:10,531 - INFO - Best fit parameters: [2.63424864e+05 3.67961898e-04].
2024-01-19 15:33:10,877 - INFO - Maximum log composite likelihood: -312.36203905678417.
2024-01-19 15:33:10,877 - INFO - Optimal value of theta: 5023.580511351331.
2024-01-19 15:33:10,878 - INFO - Beginning optimization with guess, [1.1177895  0.01656455].
2024-01-19 15:33:40,321 - INFO - Finished optimization with guess, [1.1177895  0.01656455].
2024-01-19 15:33:40,321 - INFO - Best fit parameters: [4.02892943e+02 3.53430870e-04].
2024-01-19 15:33:40,635 - INFO - Maximum log composite likelihood: -312.362284130058.
2024-01-19 15:33:40,636 - INFO - Optimal value of theta: 5023.46086397496.
2024-01-19 15:33:40,636 - INFO - Beginning optimization with guess, [3.26956479 0.01447527].
2024-01-19 15:34:09,739 - INFO - Finished optimization with guess, [3.26956479 0.01447527].
2024-01-19 15:34:09,740 - INFO - Best fit parameters: [4.74164581e+06 3.68259708e-04].
2024-01-19 15:34:10,084 - INFO - Maximum log composite likelihood: -312.3620384419726.
2024-01-19 15:34:10,084 - INFO - Optimal value of theta: 5023.570841521099.
2024-01-19 15:34:10,084 - INFO - Beginning optimization with guess, [4.90576213 0.00836201].
2024-01-19 15:34:40,121 - INFO - Finished optimization with guess, [4.90576213 0.00836201].
2024-01-19 15:34:40,123 - INFO - Best fit parameters: [3.47982410e+04 3.67250203e-04].
2024-01-19 15:34:40,510 - INFO - Maximum log composite likelihood: -312.3620423630812.
2024-01-19 15:34:40,511 - INFO - Optimal value of theta: 5023.592488637043.
2024-01-19 15:34:40,511 - INFO - Beginning optimization with guess, [4.12744262 0.01451232].
2024-01-19 15:35:10,826 - INFO - Finished optimization with guess, [4.12744262 0.01451232].
2024-01-19 15:35:10,827 - INFO - Best fit parameters: [6.24517769e+02 3.53540027e-04].
2024-01-19 15:35:11,128 - INFO - Maximum log composite likelihood: -312.3621837090825.
2024-01-19 15:35:11,128 - INFO - Optimal value of theta: 5023.573083302818.
2024-01-19 15:35:11,128 - INFO - Beginning optimization with guess, [5.2328636  0.01955064].
2024-01-19 15:35:39,792 - INFO - Finished optimization with guess, [5.2328636  0.01955064].
2024-01-19 15:35:39,793 - INFO - Best fit parameters: [6.60043184e+02 3.50247634e-04].
2024-01-19 15:35:40,133 - INFO - Maximum log composite likelihood: -312.3622250988012.
2024-01-19 15:35:40,133 - INFO - Optimal value of theta: 5023.7330243407605.
2024-01-19 15:35:40,134 - INFO - Beginning optimization with guess, [6.60585978 0.00754217].
2024-01-19 15:36:09,347 - INFO - Finished optimization with guess, [6.60585978 0.00754217].
2024-01-19 15:36:09,348 - INFO - Best fit parameters: [3.9442584e+03 3.6297883e-04].
2024-01-19 15:36:09,661 - INFO - Maximum log composite likelihood: -312.3620703628005.
2024-01-19 15:36:09,661 - INFO - Optimal value of theta: 5023.630447126026.
2024-01-19 15:36:09,662 - INFO - Beginning optimization with guess, [6.43369839 0.01206722].
2024-01-19 15:36:40,820 - INFO - Finished optimization with guess, [6.43369839 0.01206722].
2024-01-19 15:36:40,820 - INFO - Best fit parameters: [5.23290428e+04 3.68612447e-04].
2024-01-19 15:36:41,109 - INFO - Maximum log composite likelihood: -312.3620415794062.
2024-01-19 15:36:41,109 - INFO - Optimal value of theta: 5023.5433046545995.
2024-01-19 15:36:41,109 - INFO - Beginning optimization with guess, [2.04424497 0.01017627].
2024-01-19 15:37:09,666 - INFO - Finished optimization with guess, [2.04424497 0.01017627].
2024-01-19 15:37:09,667 - INFO - Best fit parameters: [3.98753310e+04 3.68118496e-04].
2024-01-19 15:37:09,946 - INFO - Maximum log composite likelihood: -312.3620411036143.
2024-01-19 15:37:09,946 - INFO - Optimal value of theta: 5023.559424489046.
2024-01-19 15:37:09,946 - INFO - Beginning optimization with guess, [7.26585977 0.01474324].
2024-01-19 15:37:38,133 - INFO - Finished optimization with guess, [7.26585977 0.01474324].
2024-01-19 15:37:38,134 - INFO - Best fit parameters: [6.49771016e+03 3.66870815e-04].
2024-01-19 15:37:38,425 - INFO - Maximum log composite likelihood: -312.3620570453927.
2024-01-19 15:37:38,425 - INFO - Optimal value of theta: 5023.527183046704.
2024-01-19 15:37:38,425 - INFO - Beginning optimization with guess, [1.15041514e+01 5.55573757e-03].
2024-01-19 15:38:08,337 - INFO - Finished optimization with guess, [1.15041514e+01 5.55573757e-03].
2024-01-19 15:38:08,339 - INFO - Best fit parameters: [2.58109852e+04 3.67500779e-04].
2024-01-19 15:38:08,648 - INFO - Maximum log composite likelihood: -312.3620423824009.
2024-01-19 15:38:08,648 - INFO - Optimal value of theta: 5023.575445769923.
2024-01-19 15:38:08,648 - INFO - Beginning optimization with guess, [7.38286052 0.00900863].
2024-01-19 15:38:38,254 - INFO - Finished optimization with guess, [7.38286052 0.00900863].
2024-01-19 15:38:38,255 - INFO - Best fit parameters: [2.65629621e+05 3.68106726e-04].
2024-01-19 15:38:38,586 - INFO - Maximum log composite likelihood: -312.3620388565223.
2024-01-19 15:38:38,586 - INFO - Optimal value of theta: 5023.574614779466.
2024-01-19 15:38:38,587 - INFO - Beginning optimization with guess, [8.74208963e+00 5.83890368e-03].
2024-01-19 15:39:09,341 - INFO - Finished optimization with guess, [8.74208963e+00 5.83890368e-03].
2024-01-19 15:39:09,343 - INFO - Best fit parameters: [1.23964909e+05 3.68511547e-04].
2024-01-19 15:39:09,644 - INFO - Maximum log composite likelihood: -312.3620395850792.
2024-01-19 15:39:09,644 - INFO - Optimal value of theta: 5023.5550763063575.
2024-01-19 15:39:09,647 - INFO - Beginning demographic inference for three-epoch demographic model.
2024-01-19 15:39:09,651 - INFO - Beginning optimization with guess, [0.00504945 0.01471135 0.00560955 0.01210939].
2024-01-19 15:39:48,128 - INFO - Finished optimization with guess, [0.00504945 0.01471135 0.00560955 0.01210939].
2024-01-19 15:39:48,129 - INFO - Best fit parameters: [0.00177006 0.03770251 0.00572872 0.00968094].
2024-01-19 15:39:48,543 - INFO - Maximum log composite likelihood: -181.30068103926283.
2024-01-19 15:39:48,543 - INFO - Optimal value of theta: 133839.65779611852.
2024-01-19 15:39:48,544 - INFO - Beginning optimization with guess, [0.01601236 0.01460691 0.00729837 0.00555055].
2024-01-19 15:40:20,656 - INFO - Finished optimization with guess, [0.01601236 0.01460691 0.00729837 0.00555055].
2024-01-19 15:40:20,657 - INFO - Best fit parameters: [0.00103781 0.09694467 0.00167492 0.16665299].
2024-01-19 15:40:20,994 - INFO - Maximum log composite likelihood: -220.62385393825662.
2024-01-19 15:40:20,994 - INFO - Optimal value of theta: 46684.18109423701.
2024-01-19 15:40:20,995 - INFO - Beginning optimization with guess, [0.04690474 0.01897815 0.01483169 0.0079608 ].
2024-01-19 15:40:48,656 - INFO - Finished optimization with guess, [0.04690474 0.01897815 0.01483169 0.0079608 ].
2024-01-19 15:40:48,657 - INFO - Best fit parameters: [3.76744263e+00 1.21690677e+03 5.23002305e-04 7.85273760e-08].
2024-01-19 15:40:48,994 - INFO - Maximum log composite likelihood: -312.4013846210505.
2024-01-19 15:40:48,994 - INFO - Optimal value of theta: 5023.001504508491.
2024-01-19 15:40:48,994 - INFO - Beginning optimization with guess, [0.06175934 0.04331295 0.00631863 0.00973886].
2024-01-19 15:41:15,166 - INFO - Finished optimization with guess, [0.06175934 0.04331295 0.00631863 0.00973886].
2024-01-19 15:41:15,167 - INFO - Best fit parameters: [1.73007685e-01 1.88677670e+02 2.22788504e-07 3.58886284e-04].
2024-01-19 15:41:15,522 - INFO - Maximum log composite likelihood: -312.3627208018172.
2024-01-19 15:41:15,522 - INFO - Optimal value of theta: 5023.247770806258.
2024-01-19 15:41:15,522 - INFO - Beginning optimization with guess, [0.05091672 0.02658635 0.00525311 0.01926137].
2024-01-19 15:41:40,854 - INFO - Finished optimization with guess, [0.05091672 0.02658635 0.00525311 0.01926137].
2024-01-19 15:41:40,855 - INFO - Best fit parameters: [0.023723   1.07361615 0.00172571 0.06861079].
2024-01-19 15:41:41,183 - INFO - Maximum log composite likelihood: -176.01746385135084.
2024-01-19 15:41:41,183 - INFO - Optimal value of theta: 5614.222620128729.
2024-01-19 15:41:41,183 - INFO - Beginning optimization with guess, [0.62632408 0.55737598 0.01482516 0.00697104].
2024-01-19 15:42:08,144 - INFO - Finished optimization with guess, [0.62632408 0.55737598 0.01482516 0.00697104].
2024-01-19 15:42:08,146 - INFO - Best fit parameters: [6.95510904e+00 1.25969207e+02 1.03836278e-18 3.56062807e-04].
2024-01-19 15:42:08,451 - INFO - Maximum log composite likelihood: -312.36278790115034.
2024-01-19 15:42:08,452 - INFO - Optimal value of theta: 5023.447860488405.
2024-01-19 15:42:08,452 - INFO - Beginning optimization with guess, [0.93942788 1.12611585 0.01554815 0.00789411].
2024-01-19 15:42:36,910 - INFO - Finished optimization with guess, [0.93942788 1.12611585 0.01554815 0.00789411].
2024-01-19 15:42:36,912 - INFO - Best fit parameters: [0.78576334 1.290736   0.16627822 0.01438213].
2024-01-19 15:42:37,262 - INFO - Maximum log composite likelihood: -214.3198203266395.
2024-01-19 15:42:37,262 - INFO - Optimal value of theta: 5384.451331446546.
2024-01-19 15:42:37,262 - INFO - Beginning optimization with guess, [1.04508527 1.16042155 0.01392175 0.01494022].
2024-01-19 15:43:05,351 - INFO - Finished optimization with guess, [1.04508527 1.16042155 0.01392175 0.01494022].
2024-01-19 15:43:05,352 - INFO - Best fit parameters: [0.87500081 1.70235276 0.62954483 0.00227616].
2024-01-19 15:43:05,674 - INFO - Maximum log composite likelihood: -250.39208538299295.
2024-01-19 15:43:05,674 - INFO - Optimal value of theta: 5477.850364206611.
2024-01-19 15:43:05,675 - INFO - Beginning optimization with guess, [0.52751156 0.5247109  0.00992961 0.01040584].
2024-01-19 15:43:30,353 - INFO - Finished optimization with guess, [0.52751156 0.5247109  0.00992961 0.01040584].
2024-01-19 15:43:30,354 - INFO - Best fit parameters: [3.51321501e-01 6.61024518e+00 4.10690141e-07 4.25695421e-04].
2024-01-19 15:43:30,651 - INFO - Maximum log composite likelihood: -312.37943626296465.
2024-01-19 15:43:30,652 - INFO - Optimal value of theta: 5023.91285914018.
2024-01-19 15:43:30,652 - INFO - Beginning optimization with guess, [0.57962186 0.62740433 0.01670983 0.00643825].
2024-01-19 15:43:57,432 - INFO - Finished optimization with guess, [0.57962186 0.62740433 0.01670983 0.00643825].
2024-01-19 15:43:57,434 - INFO - Best fit parameters: [1.40081189e+02 3.10102598e+02 5.18676782e-33 3.60992814e-04].
2024-01-19 15:43:57,737 - INFO - Maximum log composite likelihood: -312.36277606151293.
2024-01-19 15:43:57,738 - INFO - Optimal value of theta: 5023.090204265925.
2024-01-19 15:43:57,738 - INFO - Beginning optimization with guess, [1.42899873 2.47717841 0.01439253 0.0113322 ].
2024-01-19 15:44:24,868 - INFO - Finished optimization with guess, [1.42899873 2.47717841 0.01439253 0.0113322 ].
2024-01-19 15:44:24,870 - INFO - Best fit parameters: [7.67291105e-01 5.15778691e+00 8.37201803e-03 9.34566017e-04].
2024-01-19 15:44:25,178 - INFO - Maximum log composite likelihood: -309.7341510982292.
2024-01-19 15:44:25,178 - INFO - Optimal value of theta: 5091.1295578747795.
2024-01-19 15:44:25,178 - INFO - Beginning optimization with guess, [0.87655072 2.81224667 0.0064607  0.00879153].
2024-01-19 15:44:52,249 - INFO - Finished optimization with guess, [0.87655072 2.81224667 0.0064607  0.00879153].
2024-01-19 15:44:52,251 - INFO - Best fit parameters: [0.79947307 2.66738963 0.32579864 0.00433001].
2024-01-19 15:44:52,551 - INFO - Maximum log composite likelihood: -205.66484455063187.
2024-01-19 15:44:52,551 - INFO - Optimal value of theta: 5567.629203275547.
2024-01-19 15:44:52,552 - INFO - Beginning optimization with guess, [0.89443806 2.07525846 0.00781872 0.00935755].
2024-01-19 15:45:21,076 - INFO - Finished optimization with guess, [0.89443806 2.07525846 0.00781872 0.00935755].
2024-01-19 15:45:21,077 - INFO - Best fit parameters: [0.83784743 2.48297253 0.31001153 0.00493091].
2024-01-19 15:45:21,373 - INFO - Maximum log composite likelihood: -223.46864067206866.
2024-01-19 15:45:21,374 - INFO - Optimal value of theta: 5404.655358053437.
2024-01-19 15:45:21,374 - INFO - Beginning optimization with guess, [3.84311199 1.74721552 0.01067718 0.00812837].
2024-01-19 15:45:46,999 - INFO - Finished optimization with guess, [3.84311199 1.74721552 0.01067718 0.00812837].
2024-01-19 15:45:47,000 - INFO - Best fit parameters: [2.10303843e+00 1.13697647e+00 5.78529136e-04 6.99219442e-05].
2024-01-19 15:45:47,268 - INFO - Maximum log composite likelihood: -312.44932311251614.
2024-01-19 15:45:47,268 - INFO - Optimal value of theta: 5026.04271955174.
2024-01-19 15:45:47,268 - INFO - Beginning optimization with guess, [1.89038887 2.05917686 0.01913169 0.00734238].
2024-01-19 15:46:13,341 - INFO - Finished optimization with guess, [1.89038887 2.05917686 0.01913169 0.00734238].
2024-01-19 15:46:13,342 - INFO - Best fit parameters: [1.57024893e+00 1.55344944e+00 5.17951946e-04 4.27866382e-04].
2024-01-19 15:46:13,626 - INFO - Maximum log composite likelihood: -312.477556422245.
2024-01-19 15:46:13,626 - INFO - Optimal value of theta: 5024.951002966109.
2024-01-19 15:46:13,627 - INFO - Beginning optimization with guess, [1.66239961 2.49455656 0.00758097 0.00779978].
2024-01-19 15:46:42,361 - INFO - Finished optimization with guess, [1.66239961 2.49455656 0.00758097 0.00779978].
2024-01-19 15:46:42,362 - INFO - Best fit parameters: [1.00478698e+00 1.12519241e+01 9.87893261e-05 3.50999216e-04].
2024-01-19 15:46:42,711 - INFO - Maximum log composite likelihood: -312.37679211253544.
2024-01-19 15:46:42,712 - INFO - Optimal value of theta: 5025.508884166525.
2024-01-19 15:46:42,712 - INFO - Beginning optimization with guess, [3.53584939 2.41201288 0.01169247 0.01891356].
2024-01-19 15:47:10,103 - INFO - Finished optimization with guess, [3.53584939 2.41201288 0.01169247 0.01891356].
2024-01-19 15:47:10,104 - INFO - Best fit parameters: [3.02846786e+00 1.03913638e+00 5.17331453e-04 3.23290386e-06].
2024-01-19 15:47:10,415 - INFO - Maximum log composite likelihood: -312.40824481975073.
2024-01-19 15:47:10,415 - INFO - Optimal value of theta: 5024.56343820909.
2024-01-19 15:47:10,415 - INFO - Beginning optimization with guess, [3.24842087 1.9978314  0.01138257 0.00698115].
2024-01-19 15:47:36,002 - INFO - Finished optimization with guess, [3.24842087 1.9978314  0.01138257 0.00698115].
2024-01-19 15:47:36,006 - INFO - Best fit parameters: [2.10923738e+00 9.64352637e-01 6.15736358e-04 1.35464835e-05].
2024-01-19 15:47:36,365 - INFO - Maximum log composite likelihood: -312.44225046573706.
2024-01-19 15:47:36,365 - INFO - Optimal value of theta: 5025.573577116591.
2024-01-19 15:47:36,365 - INFO - Beginning optimization with guess, [3.25471167 3.77139484 0.0101077  0.00676106].
2024-01-19 15:48:03,753 - INFO - Finished optimization with guess, [3.25471167 3.77139484 0.0101077  0.00676106].
2024-01-19 15:48:03,754 - INFO - Best fit parameters: [1.53009367e+00 1.91235946e+00 3.65971709e-04 4.25492072e-04].
2024-01-19 15:48:04,084 - INFO - Maximum log composite likelihood: -312.4435478204625.
2024-01-19 15:48:04,084 - INFO - Optimal value of theta: 5025.309102038388.
2024-01-19 15:48:04,084 - INFO - Beginning optimization with guess, [2.07778316 6.25236129 0.01569984 0.00633836].
2024-01-19 15:48:31,193 - INFO - Finished optimization with guess, [2.07778316 6.25236129 0.01569984 0.00633836].
2024-01-19 15:48:31,194 - INFO - Best fit parameters: [0.58762733 5.24544582 0.16665162 0.01088999].
2024-01-19 15:48:31,568 - INFO - Maximum log composite likelihood: -211.1372308039388.
2024-01-19 15:48:31,569 - INFO - Optimal value of theta: 5861.482165815227.
2024-01-19 15:48:31,569 - INFO - Beginning optimization with guess, [5.57182744 5.16631747 0.00574523 0.01168058].
2024-01-19 15:48:57,554 - INFO - Finished optimization with guess, [5.57182744 5.16631747 0.00574523 0.01168058].
2024-01-19 15:48:57,555 - INFO - Best fit parameters: [1.95971764e+00 5.98350054e+00 1.52594785e-04 3.53878031e-04].
2024-01-19 15:48:57,849 - INFO - Maximum log composite likelihood: -312.3824020998484.
2024-01-19 15:48:57,849 - INFO - Optimal value of theta: 5023.557931203733.
2024-01-19 15:48:57,849 - INFO - Beginning optimization with guess, [4.51192765 4.60340649 0.00882722 0.0096336 ].
2024-01-19 15:49:23,408 - INFO - Finished optimization with guess, [4.51192765 4.60340649 0.00882722 0.0096336 ].
2024-01-19 15:49:23,409 - INFO - Best fit parameters: [7.60625739e+00 1.55012735e+02 9.58760165e-05 2.70271947e-04].
2024-01-19 15:49:23,730 - INFO - Maximum log composite likelihood: -312.36325903523993.
2024-01-19 15:49:23,730 - INFO - Optimal value of theta: 5023.596759785229.
2024-01-19 15:49:23,730 - INFO - Beginning optimization with guess, [7.46826049e+00 1.14806525e+01 5.48634439e-03 5.67873996e-03].
2024-01-19 15:49:51,433 - INFO - Finished optimization with guess, [7.46826049e+00 1.14806525e+01 5.48634439e-03 5.67873996e-03].
2024-01-19 15:49:51,436 - INFO - Best fit parameters: [1.76798776e+00 6.31567038e+02 4.88665957e-05 3.29788312e-04].
2024-01-19 15:49:51,780 - INFO - Maximum log composite likelihood: -312.3626618725568.
2024-01-19 15:49:51,780 - INFO - Optimal value of theta: 5023.739500589691.
2024-01-19 15:49:51,780 - INFO - Beginning optimization with guess, [1.06187824e+01 8.62317710e+00 1.61039879e-02 5.67255182e-03].
2024-01-19 15:50:20,113 - INFO - Finished optimization with guess, [1.06187824e+01 8.62317710e+00 1.61039879e-02 5.67255182e-03].
2024-01-19 15:50:20,114 - INFO - Best fit parameters: [2.96262779e+00 4.34152505e+00 3.72098630e-04 8.63610244e-05].
2024-01-19 15:50:20,447 - INFO - Maximum log composite likelihood: -312.40013645540125.
2024-01-19 15:50:20,447 - INFO - Optimal value of theta: 5025.883480283975.
2024-01-19 15:50:20,447 - INFO - Beginning optimization with guess, [7.14111757 5.74210305 0.01634233 0.00898577].
2024-01-19 15:50:45,768 - INFO - Finished optimization with guess, [7.14111757 5.74210305 0.01634233 0.00898577].
2024-01-19 15:50:45,769 - INFO - Best fit parameters: [2.58214736e+00 1.09273090e+00 5.52645095e-04 2.69351248e-05].
2024-01-19 15:50:46,101 - INFO - Maximum log composite likelihood: -312.42436799562756.
2024-01-19 15:50:46,101 - INFO - Optimal value of theta: 5024.825810892562.
2024-01-19 15:50:46,103 - INFO - Finished demographic inference.
2024-01-19 15:50:46,103 - INFO - Pipeline executed succesfully.
