2025-03-19 17:33:47,294 - INFO - Beginning execution of evaluate_true_demography_fit.py in directory /u/project/kirk/jonmah/sample_size_demography/Scripts

2025-03-19 17:33:47,294 - INFO - Progress is being logged to ../Analysis/TwoEpochContraction_10/evaluate_demography.log

2025-03-19 17:33:47,294 - INFO - Parsed the following arguments:
	syn_input_sfs = ../Analysis/TwoEpochContraction_10/syn_downsampled_sfs.txt
	model_type = two_epoch
	params_list = [0.5, 0.1]
	mask_singletons = False
	mask_doubletons = False
	outprefix = ../Analysis/TwoEpochContraction_10/

2025-03-19 17:33:47,296 - INFO - Beginning demographic evaluation for two-epoch demographic model.
2025-03-19 17:33:47,297 - INFO - Beginning optimization with guess, [0.5, 0.1].
2025-03-19 17:33:47,298 - INFO - Finished optimization with guess, [0.5, 0.1].
2025-03-19 17:33:47,298 - INFO - Best fit parameters: [0.5, 0.1].
2025-03-19 17:33:47,303 - INFO - Maximum log composite likelihood: -26.600201365388784.
2025-03-19 17:33:47,303 - INFO - Optimal value of theta: 12110.763333675819.
2025-03-19 17:33:47,303 - INFO - Synonymous input SFS: [-- 10210.61734495739 6814.677850769858 5526.624117513033 4922.893817949176 2370.665259331994 -- -- -- -- --].
2025-03-19 17:33:47,304 - INFO - Scaled spectrum: [-- 10261.101212653133 6757.801216647302 5498.163300658833 4940.232211002015 2388.1804495601673 -- -- -- -- --].
2025-03-19 17:33:47,304 - INFO - Converting and interpreting Tau estimates.
2025-03-19 17:33:47,305 - INFO - Finished demographic evaluation.
2025-03-19 17:33:47,305 - INFO - Pipeline executed succesfully.
