2024-04-01 17:55:03,096 - INFO - Beginning execution of fit_demographic_model.py in directory /u/project/kirk/jonmah/sample_size_demography/Scripts

2024-04-01 17:55:03,097 - INFO - Progress is being logged to ../Analysis/TwoEpochContraction_10/log.log

2024-04-01 17:55:03,097 - INFO - Parsed the following arguments:
	syn_input_sfs = ../Analysis/TwoEpochContraction_10/syn_downsampled_sfs.txt
	mask_singletons = False
	mask_doubletons = False
	outprefix = ../Analysis/TwoEpochContraction_10/

2024-04-01 17:55:03,137 - INFO - Beginning demographic inference for one-epoch demographic model.
2024-04-01 17:55:03,141 - INFO - Beginning optimization with guess, [0.06849197].
2024-04-01 17:55:04,035 - INFO - Finished optimization with guess, [0.06849197].
2024-04-01 17:55:04,036 - INFO - Best fit parameters: [0.06849197].
2024-04-01 17:55:04,060 - INFO - Maximum log composite likelihood: -201.91746513929502.
2024-04-01 17:55:04,060 - INFO - Optimal value of theta: 10549.953508960552.
2024-04-01 17:55:04,060 - INFO - Beginning optimization with guess, [0.10500357].
2024-04-01 17:55:04,889 - INFO - Finished optimization with guess, [0.10500357].
2024-04-01 17:55:04,889 - INFO - Best fit parameters: [0.10500357].
2024-04-01 17:55:04,913 - INFO - Maximum log composite likelihood: -201.91746513929502.
2024-04-01 17:55:04,913 - INFO - Optimal value of theta: 10549.953508960552.
2024-04-01 17:55:04,913 - INFO - Beginning optimization with guess, [0.51379054].
2024-04-01 17:55:05,614 - INFO - Finished optimization with guess, [0.51379054].
2024-04-01 17:55:05,615 - INFO - Best fit parameters: [0.51379054].
2024-04-01 17:55:05,643 - INFO - Maximum log composite likelihood: -201.91746513929502.
2024-04-01 17:55:05,643 - INFO - Optimal value of theta: 10549.953508960552.
2024-04-01 17:55:05,643 - INFO - Beginning optimization with guess, [0.29757522].
2024-04-01 17:55:06,451 - INFO - Finished optimization with guess, [0.29757522].
2024-04-01 17:55:06,473 - INFO - Best fit parameters: [0.29757522].
2024-04-01 17:55:06,523 - INFO - Maximum log composite likelihood: -201.91746513929502.
2024-04-01 17:55:06,523 - INFO - Optimal value of theta: 10549.953508960552.
2024-04-01 17:55:06,523 - INFO - Beginning optimization with guess, [0.56678929].
2024-04-01 17:55:07,152 - INFO - Finished optimization with guess, [0.56678929].
2024-04-01 17:55:07,152 - INFO - Best fit parameters: [0.56678929].
2024-04-01 17:55:07,172 - INFO - Maximum log composite likelihood: -201.91746513929502.
2024-04-01 17:55:07,172 - INFO - Optimal value of theta: 10549.953508960552.
2024-04-01 17:55:07,175 - INFO - Beginning demographic inference for two-epoch demographic model.
2024-04-01 17:55:07,182 - INFO - Beginning optimization with guess, [0.05691935 0.05771718].
2024-04-01 17:55:16,588 - INFO - Finished optimization with guess, [0.05691935 0.05771718].
2024-04-01 17:55:16,590 - INFO - Best fit parameters: [0.03270181 0.13810346].
2024-04-01 17:55:16,685 - INFO - Maximum log composite likelihood: -32.144575335927584.
2024-04-01 17:55:16,686 - INFO - Optimal value of theta: 233904.55877805332.
2024-04-01 17:55:16,686 - INFO - Beginning optimization with guess, [0.17090174 0.13470724].
2024-04-01 17:55:18,628 - INFO - Finished optimization with guess, [0.17090174 0.13470724].
2024-04-01 17:55:18,628 - INFO - Best fit parameters: [0.4153969  0.06150829].
2024-04-01 17:55:18,648 - INFO - Maximum log composite likelihood: -26.08886124206947.
2024-04-01 17:55:18,649 - INFO - Optimal value of theta: 11946.28430496688.
2024-04-01 17:55:18,649 - INFO - Beginning optimization with guess, [0.38667323 0.15463394].
2024-04-01 17:55:20,358 - INFO - Finished optimization with guess, [0.38667323 0.15463394].
2024-04-01 17:55:20,358 - INFO - Best fit parameters: [0.41539796 0.06150867].
2024-04-01 17:55:20,378 - INFO - Maximum log composite likelihood: -26.088861242238636.
2024-04-01 17:55:20,378 - INFO - Optimal value of theta: 11946.285999916368.
2024-04-01 17:55:20,379 - INFO - Beginning optimization with guess, [0.35170847 0.09628085].
2024-04-01 17:55:21,730 - INFO - Finished optimization with guess, [0.35170847 0.09628085].
2024-04-01 17:55:21,730 - INFO - Best fit parameters: [0.41539676 0.06150868].
2024-04-01 17:55:21,750 - INFO - Maximum log composite likelihood: -26.08886123890443.
2024-04-01 17:55:21,750 - INFO - Optimal value of theta: 11946.29300439665.
2024-04-01 17:55:21,750 - INFO - Beginning optimization with guess, [0.72451106 0.19915821].
2024-04-01 17:55:23,914 - INFO - Finished optimization with guess, [0.72451106 0.19915821].
2024-04-01 17:55:23,914 - INFO - Best fit parameters: [0.41539088 0.06150715].
2024-04-01 17:55:23,934 - INFO - Maximum log composite likelihood: -26.088861243028077.
2024-04-01 17:55:23,935 - INFO - Optimal value of theta: 11946.295603472026.
2024-04-01 17:55:23,937 - INFO - Beginning demographic inference for three-epoch demographic model.
2024-04-01 17:55:23,940 - INFO - Beginning optimization with guess, [0.12677577 0.14711875 0.05600246 0.05859162].
2024-04-01 17:55:28,395 - INFO - Finished optimization with guess, [0.12677577 0.14711875 0.05600246 0.05859162].
2024-04-01 17:55:28,395 - INFO - Best fit parameters: [0.05141106 0.1429421  0.05598047 0.18538836].
2024-04-01 17:55:28,468 - INFO - Maximum log composite likelihood: -32.1579416484783.
2024-04-01 17:55:28,468 - INFO - Optimal value of theta: 53481.804697568514.
2024-04-01 17:55:28,468 - INFO - Beginning optimization with guess, [0.19858053 0.1221081  0.06230134 0.10337045].
2024-04-01 17:55:35,211 - INFO - Finished optimization with guess, [0.19858053 0.1221081  0.06230134 0.10337045].
2024-04-01 17:55:35,211 - INFO - Best fit parameters: [0.13237872 0.1081597  0.06632514 0.26606045].
2024-04-01 17:55:35,279 - INFO - Maximum log composite likelihood: -32.14456811998025.
2024-04-01 17:55:35,279 - INFO - Optimal value of theta: 70725.30710567704.
2024-04-01 17:55:35,280 - INFO - Beginning optimization with guess, [0.27429459 0.35630335 0.05088498 0.08492706].
2024-04-01 17:55:37,096 - INFO - Finished optimization with guess, [0.27429459 0.35630335 0.05088498 0.08492706].
2024-04-01 17:55:37,097 - INFO - Best fit parameters: [0.33772231 0.42222323 0.01793068 0.03737845].
2024-04-01 17:55:37,117 - INFO - Maximum log composite likelihood: -26.087501149506352.
2024-04-01 17:55:37,117 - INFO - Optimal value of theta: 11944.630415585183.
2024-04-01 17:55:37,118 - INFO - Beginning optimization with guess, [0.27713577 0.24429532 0.17123554 0.07770948].
2024-04-01 17:55:40,665 - INFO - Finished optimization with guess, [0.27713577 0.24429532 0.17123554 0.07770948].
2024-04-01 17:55:40,665 - INFO - Best fit parameters: [0.20509369 0.25957675 0.15972977 0.2615981 ].
2024-04-01 17:55:40,713 - INFO - Maximum log composite likelihood: -32.1656576216119.
2024-04-01 17:55:40,713 - INFO - Optimal value of theta: 29450.33722308726.
2024-04-01 17:55:40,713 - INFO - Beginning optimization with guess, [1.37436549 1.64007507 0.05721697 0.14334831].
2024-04-01 17:55:42,444 - INFO - Finished optimization with guess, [1.37436549 1.64007507 0.05721697 0.14334831].
2024-04-01 17:55:42,444 - INFO - Best fit parameters: [1.58630585 0.4148973  0.00255281 0.06142354].
2024-04-01 17:55:42,464 - INFO - Maximum log composite likelihood: -26.09408976249142.
2024-04-01 17:55:42,464 - INFO - Optimal value of theta: 11933.834234980519.
2024-04-01 17:55:42,465 - INFO - Finished demographic inference.
2024-04-01 17:55:42,465 - INFO - Pipeline executed succesfully.
