2025-01-17 13:33:28,873 - INFO - Beginning execution of fit_demographic_model.py in directory /u/project/kirk/jonmah/sample_size_demography/Scripts

2025-01-17 13:33:28,873 - INFO - Progress is being logged to ../Analysis/gnomAD_210/log.log

2025-01-17 13:33:28,873 - INFO - Parsed the following arguments:
	syn_input_sfs = ../Analysis/gnomAD_210/syn_downsampled_sfs.txt
	mask_singletons = False
	mask_doubletons = False
	outprefix = ../Analysis/gnomAD_210/

2025-01-17 13:33:28,884 - INFO - Beginning demographic inference for one-epoch demographic model.
2025-01-17 13:33:28,886 - INFO - Beginning optimization with guess, [0.09977253].
2025-01-17 13:33:44,693 - INFO - Finished optimization with guess, [0.09977253].
2025-01-17 13:33:44,694 - INFO - Best fit parameters: [0.09977253].
2025-01-17 13:33:45,146 - INFO - Maximum log composite likelihood: -3836.2716812059775.
2025-01-17 13:33:45,146 - INFO - Optimal value of theta: 6457.178749155563.
2025-01-17 13:33:45,147 - INFO - Beginning optimization with guess, [0.13077603].
2025-01-17 13:33:59,588 - INFO - Finished optimization with guess, [0.13077603].
2025-01-17 13:33:59,589 - INFO - Best fit parameters: [0.13077603].
2025-01-17 13:34:00,040 - INFO - Maximum log composite likelihood: -3836.2716812059775.
2025-01-17 13:34:00,040 - INFO - Optimal value of theta: 6457.178749155563.
2025-01-17 13:34:00,040 - INFO - Beginning optimization with guess, [0.20476674].
2025-01-17 13:34:14,480 - INFO - Finished optimization with guess, [0.20476674].
2025-01-17 13:34:14,481 - INFO - Best fit parameters: [0.20476674].
2025-01-17 13:34:14,933 - INFO - Maximum log composite likelihood: -3836.2716812059775.
2025-01-17 13:34:14,934 - INFO - Optimal value of theta: 6457.178749155563.
2025-01-17 13:34:14,934 - INFO - Beginning optimization with guess, [0.51127424].
2025-01-17 13:34:28,013 - INFO - Finished optimization with guess, [0.51127424].
2025-01-17 13:34:28,014 - INFO - Best fit parameters: [0.51127424].
2025-01-17 13:34:28,465 - INFO - Maximum log composite likelihood: -3836.2716812059775.
2025-01-17 13:34:28,465 - INFO - Optimal value of theta: 6457.178749155563.
2025-01-17 13:34:28,465 - INFO - Beginning optimization with guess, [0.25716567].
2025-01-17 13:34:42,881 - INFO - Finished optimization with guess, [0.25716567].
2025-01-17 13:34:42,882 - INFO - Best fit parameters: [0.25716567].
2025-01-17 13:34:43,333 - INFO - Maximum log composite likelihood: -3836.2716812059775.
2025-01-17 13:34:43,333 - INFO - Optimal value of theta: 6457.178749155563.
2025-01-17 13:34:43,333 - INFO - Beginning optimization with guess, [0.97900246].
2025-01-17 13:34:49,629 - INFO - Finished optimization with guess, [0.97900246].
2025-01-17 13:34:49,630 - INFO - Best fit parameters: [0.97900246].
2025-01-17 13:34:50,081 - INFO - Maximum log composite likelihood: -3836.2716812059775.
2025-01-17 13:34:50,081 - INFO - Optimal value of theta: 6457.178749155563.
2025-01-17 13:34:50,081 - INFO - Beginning optimization with guess, [0.852771].
2025-01-17 13:35:00,454 - INFO - Finished optimization with guess, [0.852771].
2025-01-17 13:35:00,455 - INFO - Best fit parameters: [0.852771].
2025-01-17 13:35:00,907 - INFO - Maximum log composite likelihood: -3836.2716812059775.
2025-01-17 13:35:00,907 - INFO - Optimal value of theta: 6457.178749155563.
2025-01-17 13:35:00,907 - INFO - Beginning optimization with guess, [0.47348015].
2025-01-17 13:35:14,008 - INFO - Finished optimization with guess, [0.47348015].
2025-01-17 13:35:14,009 - INFO - Best fit parameters: [0.47348015].
2025-01-17 13:35:14,461 - INFO - Maximum log composite likelihood: -3836.2716812059775.
2025-01-17 13:35:14,461 - INFO - Optimal value of theta: 6457.178749155563.
2025-01-17 13:35:14,461 - INFO - Beginning optimization with guess, [1.40459792].
2025-01-17 13:35:26,188 - INFO - Finished optimization with guess, [1.40459792].
2025-01-17 13:35:26,189 - INFO - Best fit parameters: [1.40459792].
2025-01-17 13:35:26,639 - INFO - Maximum log composite likelihood: -3836.2716812059775.
2025-01-17 13:35:26,640 - INFO - Optimal value of theta: 6457.178749155563.
2025-01-17 13:35:26,640 - INFO - Beginning optimization with guess, [0.52179511].
2025-01-17 13:35:39,695 - INFO - Finished optimization with guess, [0.52179511].
2025-01-17 13:35:39,696 - INFO - Best fit parameters: [0.52179511].
2025-01-17 13:35:40,147 - INFO - Maximum log composite likelihood: -3836.2716812059775.
2025-01-17 13:35:40,147 - INFO - Optimal value of theta: 6457.178749155563.
2025-01-17 13:35:40,147 - INFO - Beginning optimization with guess, [2.44931693].
2025-01-17 13:35:53,221 - INFO - Finished optimization with guess, [2.44931693].
2025-01-17 13:35:53,226 - INFO - Best fit parameters: [2.44931693].
2025-01-17 13:35:53,676 - INFO - Maximum log composite likelihood: -3836.2716812059775.
2025-01-17 13:35:53,676 - INFO - Optimal value of theta: 6457.178749155563.
2025-01-17 13:35:53,677 - INFO - Beginning optimization with guess, [1.57581459].
2025-01-17 13:36:05,393 - INFO - Finished optimization with guess, [1.57581459].
2025-01-17 13:36:05,394 - INFO - Best fit parameters: [1.57581459].
2025-01-17 13:36:05,846 - INFO - Maximum log composite likelihood: -3836.2716812059775.
2025-01-17 13:36:05,846 - INFO - Optimal value of theta: 6457.178749155563.
2025-01-17 13:36:05,847 - INFO - Beginning optimization with guess, [2.11276151].
2025-01-17 13:36:18,891 - INFO - Finished optimization with guess, [2.11276151].
2025-01-17 13:36:18,892 - INFO - Best fit parameters: [2.11276151].
2025-01-17 13:36:19,343 - INFO - Maximum log composite likelihood: -3836.2716812059775.
2025-01-17 13:36:19,343 - INFO - Optimal value of theta: 6457.178749155563.
2025-01-17 13:36:19,343 - INFO - Beginning optimization with guess, [3.1291734].
2025-01-17 13:36:33,752 - INFO - Finished optimization with guess, [3.1291734].
2025-01-17 13:36:33,754 - INFO - Best fit parameters: [3.1291734].
2025-01-17 13:36:34,202 - INFO - Maximum log composite likelihood: -3836.2716812059775.
2025-01-17 13:36:34,202 - INFO - Optimal value of theta: 6457.178749155563.
2025-01-17 13:36:34,202 - INFO - Beginning optimization with guess, [2.04636661].
2025-01-17 13:36:47,221 - INFO - Finished optimization with guess, [2.04636661].
2025-01-17 13:36:47,222 - INFO - Best fit parameters: [2.04636661].
2025-01-17 13:36:47,671 - INFO - Maximum log composite likelihood: -3836.2716812059775.
2025-01-17 13:36:47,671 - INFO - Optimal value of theta: 6457.178749155563.
2025-01-17 13:36:47,671 - INFO - Beginning optimization with guess, [1.32119899].
2025-01-17 13:36:59,380 - INFO - Finished optimization with guess, [1.32119899].
2025-01-17 13:36:59,381 - INFO - Best fit parameters: [1.32119899].
2025-01-17 13:36:59,832 - INFO - Maximum log composite likelihood: -3836.2716812059775.
2025-01-17 13:36:59,832 - INFO - Optimal value of theta: 6457.178749155563.
2025-01-17 13:36:59,832 - INFO - Beginning optimization with guess, [1.69819881].
2025-01-17 13:37:12,957 - INFO - Finished optimization with guess, [1.69819881].
2025-01-17 13:37:12,958 - INFO - Best fit parameters: [1.69819881].
2025-01-17 13:37:13,411 - INFO - Maximum log composite likelihood: -3836.2716812059775.
2025-01-17 13:37:13,411 - INFO - Optimal value of theta: 6457.178749155563.
2025-01-17 13:37:13,412 - INFO - Beginning optimization with guess, [3.73383945].
2025-01-17 13:37:27,878 - INFO - Finished optimization with guess, [3.73383945].
2025-01-17 13:37:27,879 - INFO - Best fit parameters: [3.73383945].
2025-01-17 13:37:28,332 - INFO - Maximum log composite likelihood: -3836.2716812059775.
2025-01-17 13:37:28,332 - INFO - Optimal value of theta: 6457.178749155563.
2025-01-17 13:37:28,332 - INFO - Beginning optimization with guess, [4.44849434].
2025-01-17 13:37:42,793 - INFO - Finished optimization with guess, [4.44849434].
2025-01-17 13:37:42,795 - INFO - Best fit parameters: [4.44849434].
2025-01-17 13:37:43,247 - INFO - Maximum log composite likelihood: -3836.2716812059775.
2025-01-17 13:37:43,247 - INFO - Optimal value of theta: 6457.178749155563.
2025-01-17 13:37:43,248 - INFO - Beginning optimization with guess, [2.02821125].
2025-01-17 13:37:56,340 - INFO - Finished optimization with guess, [2.02821125].
2025-01-17 13:37:56,342 - INFO - Best fit parameters: [2.02821125].
2025-01-17 13:37:56,793 - INFO - Maximum log composite likelihood: -3836.2716812059775.
2025-01-17 13:37:56,793 - INFO - Optimal value of theta: 6457.178749155563.
2025-01-17 13:37:56,794 - INFO - Beginning optimization with guess, [3.99840732].
2025-01-17 13:38:11,089 - INFO - Finished optimization with guess, [3.99840732].
2025-01-17 13:38:11,090 - INFO - Best fit parameters: [3.99840732].
2025-01-17 13:38:11,531 - INFO - Maximum log composite likelihood: -3836.2716812059775.
2025-01-17 13:38:11,531 - INFO - Optimal value of theta: 6457.178749155563.
2025-01-17 13:38:11,531 - INFO - Beginning optimization with guess, [3.02735202].
2025-01-17 13:38:25,651 - INFO - Finished optimization with guess, [3.02735202].
2025-01-17 13:38:25,652 - INFO - Best fit parameters: [3.02735202].
2025-01-17 13:38:26,092 - INFO - Maximum log composite likelihood: -3836.2716812059775.
2025-01-17 13:38:26,092 - INFO - Optimal value of theta: 6457.178749155563.
2025-01-17 13:38:26,093 - INFO - Beginning optimization with guess, [4.33547232].
2025-01-17 13:38:40,245 - INFO - Finished optimization with guess, [4.33547232].
2025-01-17 13:38:40,246 - INFO - Best fit parameters: [4.33547232].
2025-01-17 13:38:40,694 - INFO - Maximum log composite likelihood: -3836.2716812059775.
2025-01-17 13:38:40,694 - INFO - Optimal value of theta: 6457.178749155563.
2025-01-17 13:38:40,694 - INFO - Beginning optimization with guess, [6.94909323].
2025-01-17 13:38:54,842 - INFO - Finished optimization with guess, [6.94909323].
2025-01-17 13:38:54,843 - INFO - Best fit parameters: [6.94909323].
2025-01-17 13:38:55,284 - INFO - Maximum log composite likelihood: -3836.2716812059775.
2025-01-17 13:38:55,284 - INFO - Optimal value of theta: 6457.178749155563.
2025-01-17 13:38:55,285 - INFO - Beginning optimization with guess, [7.9878341].
2025-01-17 13:39:10,674 - INFO - Finished optimization with guess, [7.9878341].
2025-01-17 13:39:10,675 - INFO - Best fit parameters: [7.9878341].
2025-01-17 13:39:11,110 - INFO - Maximum log composite likelihood: -3836.2716812059775.
2025-01-17 13:39:11,110 - INFO - Optimal value of theta: 6457.178749155563.
2025-01-17 13:39:11,115 - INFO - Finished demographic inference.
2025-01-17 13:39:11,115 - INFO - Pipeline executed succesfully.
