2024-03-14 21:12:14,688 - INFO - Beginning execution of fit_demographic_model.py in directory /u/project/kirk/jonmah/sample_size_demography/Scripts

2024-03-14 21:12:14,689 - INFO - Progress is being logged to ../Analysis/TwoEpochExpansion_590/log.log

2024-03-14 21:12:14,689 - INFO - Parsed the following arguments:
	syn_input_sfs = ../Analysis/TwoEpochExpansion_590/syn_downsampled_sfs.txt
	mask_singletons = False
	mask_doubletons = False
	outprefix = ../Analysis/TwoEpochExpansion_590/

2024-03-14 21:12:14,718 - INFO - Beginning demographic inference for one-epoch demographic model.
2024-03-14 21:12:14,720 - INFO - Beginning optimization with guess, [0.15837458].
2024-03-14 21:13:01,165 - INFO - Finished optimization with guess, [0.15837458].
2024-03-14 21:13:01,175 - INFO - Best fit parameters: [0.15837458].
2024-03-14 21:13:02,618 - INFO - Maximum log composite likelihood: -2704.965520801238.
2024-03-14 21:13:02,618 - INFO - Optimal value of theta: 13506.782894251159.
2024-03-14 21:13:02,619 - INFO - Beginning optimization with guess, [0.13425551].
2024-03-14 21:13:48,932 - INFO - Finished optimization with guess, [0.13425551].
2024-03-14 21:13:48,933 - INFO - Best fit parameters: [0.13425551].
2024-03-14 21:13:50,374 - INFO - Maximum log composite likelihood: -2704.965520801238.
2024-03-14 21:13:50,374 - INFO - Optimal value of theta: 13506.782894251159.
2024-03-14 21:13:50,374 - INFO - Beginning optimization with guess, [0.19220748].
2024-03-14 21:14:36,616 - INFO - Finished optimization with guess, [0.19220748].
2024-03-14 21:14:36,617 - INFO - Best fit parameters: [0.19220748].
2024-03-14 21:14:38,059 - INFO - Maximum log composite likelihood: -2704.965520801238.
2024-03-14 21:14:38,059 - INFO - Optimal value of theta: 13506.782894251159.
2024-03-14 21:14:38,059 - INFO - Beginning optimization with guess, [0.35926039].
2024-03-14 21:15:19,997 - INFO - Finished optimization with guess, [0.35926039].
2024-03-14 21:15:19,998 - INFO - Best fit parameters: [0.35926039].
2024-03-14 21:15:21,436 - INFO - Maximum log composite likelihood: -2704.965520801238.
2024-03-14 21:15:21,436 - INFO - Optimal value of theta: 13506.782894251159.
2024-03-14 21:15:21,436 - INFO - Beginning optimization with guess, [0.41473959].
2024-03-14 21:16:03,306 - INFO - Finished optimization with guess, [0.41473959].
2024-03-14 21:16:03,307 - INFO - Best fit parameters: [0.41473959].
2024-03-14 21:16:04,747 - INFO - Maximum log composite likelihood: -2704.965520801238.
2024-03-14 21:16:04,748 - INFO - Optimal value of theta: 13506.782894251159.
2024-03-14 21:16:04,748 - INFO - Beginning optimization with guess, [1.04007427].
2024-03-14 21:16:29,279 - INFO - Finished optimization with guess, [1.04007427].
2024-03-14 21:16:29,280 - INFO - Best fit parameters: [1.04007427].
2024-03-14 21:16:30,720 - INFO - Maximum log composite likelihood: -2704.965520801238.
2024-03-14 21:16:30,720 - INFO - Optimal value of theta: 13506.782894251159.
2024-03-14 21:16:30,720 - INFO - Beginning optimization with guess, [0.8804594].
2024-03-14 21:16:59,582 - INFO - Finished optimization with guess, [0.8804594].
2024-03-14 21:16:59,583 - INFO - Best fit parameters: [0.8804594].
2024-03-14 21:17:01,023 - INFO - Maximum log composite likelihood: -2704.965520801238.
2024-03-14 21:17:01,023 - INFO - Optimal value of theta: 13506.782894251159.
2024-03-14 21:17:01,023 - INFO - Beginning optimization with guess, [0.80933644].
2024-03-14 21:17:34,211 - INFO - Finished optimization with guess, [0.80933644].
2024-03-14 21:17:34,212 - INFO - Best fit parameters: [0.80933644].
2024-03-14 21:17:35,648 - INFO - Maximum log composite likelihood: -2704.965520801238.
2024-03-14 21:17:35,649 - INFO - Optimal value of theta: 13506.782894251159.
2024-03-14 21:17:35,650 - INFO - Beginning optimization with guess, [0.94438744].
2024-03-14 21:18:00,184 - INFO - Finished optimization with guess, [0.94438744].
2024-03-14 21:18:00,185 - INFO - Best fit parameters: [0.94438744].
2024-03-14 21:18:01,626 - INFO - Maximum log composite likelihood: -2704.965520801238.
2024-03-14 21:18:01,626 - INFO - Optimal value of theta: 13506.782894251159.
2024-03-14 21:18:01,626 - INFO - Beginning optimization with guess, [0.65547795].
2024-03-14 21:18:39,163 - INFO - Finished optimization with guess, [0.65547795].
2024-03-14 21:18:39,164 - INFO - Best fit parameters: [0.65547795].
2024-03-14 21:18:40,603 - INFO - Maximum log composite likelihood: -2704.965520801238.
2024-03-14 21:18:40,603 - INFO - Optimal value of theta: 13506.782894251159.
2024-03-14 21:18:40,603 - INFO - Beginning optimization with guess, [1.67772535].
2024-03-14 21:19:22,457 - INFO - Finished optimization with guess, [1.67772535].
2024-03-14 21:19:22,458 - INFO - Best fit parameters: [1.67772535].
2024-03-14 21:19:23,901 - INFO - Maximum log composite likelihood: -2704.965520801238.
2024-03-14 21:19:23,901 - INFO - Optimal value of theta: 13506.782894251159.
2024-03-14 21:19:23,901 - INFO - Beginning optimization with guess, [2.68588922].
2024-03-14 21:20:05,780 - INFO - Finished optimization with guess, [2.68588922].
2024-03-14 21:20:05,781 - INFO - Best fit parameters: [2.68588922].
2024-03-14 21:20:07,220 - INFO - Maximum log composite likelihood: -2704.965520801238.
2024-03-14 21:20:07,221 - INFO - Optimal value of theta: 13506.782894251159.
2024-03-14 21:20:07,221 - INFO - Beginning optimization with guess, [2.9164222].
2024-03-14 21:20:53,465 - INFO - Finished optimization with guess, [2.9164222].
2024-03-14 21:20:53,467 - INFO - Best fit parameters: [2.9164222].
2024-03-14 21:20:54,939 - INFO - Maximum log composite likelihood: -2704.965520801238.
2024-03-14 21:20:54,939 - INFO - Optimal value of theta: 13506.782894251159.
2024-03-14 21:20:54,940 - INFO - Beginning optimization with guess, [1.33110575].
2024-03-14 21:21:32,580 - INFO - Finished optimization with guess, [1.33110575].
2024-03-14 21:21:32,581 - INFO - Best fit parameters: [1.33110575].
2024-03-14 21:21:34,026 - INFO - Maximum log composite likelihood: -2704.965520801238.
2024-03-14 21:21:34,026 - INFO - Optimal value of theta: 13506.782894251159.
2024-03-14 21:21:34,026 - INFO - Beginning optimization with guess, [2.26785067].
2024-03-14 21:22:23,875 - INFO - Finished optimization with guess, [2.26785067].
2024-03-14 21:22:23,876 - INFO - Best fit parameters: [2.26785067].
2024-03-14 21:22:25,483 - INFO - Maximum log composite likelihood: -2704.965520801238.
2024-03-14 21:22:25,483 - INFO - Optimal value of theta: 13506.782894251159.
2024-03-14 21:22:25,483 - INFO - Beginning optimization with guess, [4.73493757].
2024-03-14 21:23:19,930 - INFO - Finished optimization with guess, [4.73493757].
2024-03-14 21:23:19,931 - INFO - Best fit parameters: [4.73493757].
2024-03-14 21:23:21,714 - INFO - Maximum log composite likelihood: -2704.965520801238.
2024-03-14 21:23:21,714 - INFO - Optimal value of theta: 13506.782894251159.
2024-03-14 21:23:21,714 - INFO - Beginning optimization with guess, [1.71843168].
2024-03-14 21:24:10,395 - INFO - Finished optimization with guess, [1.71843168].
2024-03-14 21:24:10,396 - INFO - Best fit parameters: [1.71843168].
2024-03-14 21:24:12,164 - INFO - Maximum log composite likelihood: -2704.965520801238.
2024-03-14 21:24:12,164 - INFO - Optimal value of theta: 13506.782894251159.
2024-03-14 21:24:12,165 - INFO - Beginning optimization with guess, [3.60499156].
2024-03-14 21:25:06,056 - INFO - Finished optimization with guess, [3.60499156].
2024-03-14 21:25:06,057 - INFO - Best fit parameters: [3.60499156].
2024-03-14 21:25:07,844 - INFO - Maximum log composite likelihood: -2704.965520801238.
2024-03-14 21:25:07,845 - INFO - Optimal value of theta: 13506.782894251159.
2024-03-14 21:25:07,845 - INFO - Beginning optimization with guess, [4.63472836].
2024-03-14 21:26:02,872 - INFO - Finished optimization with guess, [4.63472836].
2024-03-14 21:26:02,881 - INFO - Best fit parameters: [4.63472836].
2024-03-14 21:26:04,839 - INFO - Maximum log composite likelihood: -2704.965520801238.
2024-03-14 21:26:04,839 - INFO - Optimal value of theta: 13506.782894251159.
2024-03-14 21:26:04,839 - INFO - Beginning optimization with guess, [6.10388395].
2024-03-14 21:26:59,050 - INFO - Finished optimization with guess, [6.10388395].
2024-03-14 21:26:59,055 - INFO - Best fit parameters: [6.10388395].
2024-03-14 21:27:00,773 - INFO - Maximum log composite likelihood: -2704.965520801238.
2024-03-14 21:27:00,773 - INFO - Optimal value of theta: 13506.782894251159.
2024-03-14 21:27:00,773 - INFO - Beginning optimization with guess, [3.47280451].
2024-03-14 21:27:53,630 - INFO - Finished optimization with guess, [3.47280451].
2024-03-14 21:27:53,631 - INFO - Best fit parameters: [3.47280451].
2024-03-14 21:27:55,135 - INFO - Maximum log composite likelihood: -2704.965520801238.
2024-03-14 21:27:55,135 - INFO - Optimal value of theta: 13506.782894251159.
2024-03-14 21:27:55,136 - INFO - Beginning optimization with guess, [2.64387704].
2024-03-14 21:28:48,172 - INFO - Finished optimization with guess, [2.64387704].
2024-03-14 21:28:48,180 - INFO - Best fit parameters: [2.64387704].
2024-03-14 21:28:50,396 - INFO - Maximum log composite likelihood: -2704.965520801238.
2024-03-14 21:28:50,396 - INFO - Optimal value of theta: 13506.782894251159.
2024-03-14 21:28:50,396 - INFO - Beginning optimization with guess, [6.31294965].
2024-03-14 21:29:57,951 - INFO - Finished optimization with guess, [6.31294965].
2024-03-14 21:29:57,964 - INFO - Best fit parameters: [6.31294965].
2024-03-14 21:29:59,889 - INFO - Maximum log composite likelihood: -2704.965520801238.
2024-03-14 21:29:59,889 - INFO - Optimal value of theta: 13506.782894251159.
2024-03-14 21:29:59,889 - INFO - Beginning optimization with guess, [11.71031802].
2024-03-14 21:31:12,206 - INFO - Finished optimization with guess, [11.71031802].
2024-03-14 21:31:12,207 - INFO - Best fit parameters: [11.71031802].
2024-03-14 21:31:14,079 - INFO - Maximum log composite likelihood: -2704.965520801238.
2024-03-14 21:31:14,079 - INFO - Optimal value of theta: 13506.782894251159.
2024-03-14 21:31:14,079 - INFO - Beginning optimization with guess, [5.63931187].
2024-03-14 21:32:21,427 - INFO - Finished optimization with guess, [5.63931187].
2024-03-14 21:32:21,435 - INFO - Best fit parameters: [5.63931187].
2024-03-14 21:32:24,279 - INFO - Maximum log composite likelihood: -2704.965520801238.
2024-03-14 21:32:24,279 - INFO - Optimal value of theta: 13506.782894251159.
2024-03-14 21:32:24,286 - INFO - Finished demographic inference.
2024-03-14 21:32:24,286 - INFO - Pipeline executed succesfully.
