2025-01-17 13:33:30,435 - INFO - Beginning execution of fit_demographic_model.py in directory /u/project/kirk/jonmah/sample_size_demography/Scripts

2025-01-17 13:33:30,435 - INFO - Progress is being logged to ../Analysis/gnomAD_530/log.log

2025-01-17 13:33:30,435 - INFO - Parsed the following arguments:
	syn_input_sfs = ../Analysis/gnomAD_530/syn_downsampled_sfs.txt
	mask_singletons = False
	mask_doubletons = False
	outprefix = ../Analysis/gnomAD_530/

2025-01-17 13:33:30,451 - INFO - Beginning demographic inference for one-epoch demographic model.
2025-01-17 13:33:30,453 - INFO - Beginning optimization with guess, [0.16028344].
2025-01-17 13:34:05,534 - INFO - Finished optimization with guess, [0.16028344].
2025-01-17 13:34:05,535 - INFO - Best fit parameters: [0.16028344].
2025-01-17 13:34:06,638 - INFO - Maximum log composite likelihood: -12854.415537491486.
2025-01-17 13:34:06,638 - INFO - Optimal value of theta: 7906.715463891717.
2025-01-17 13:34:06,638 - INFO - Beginning optimization with guess, [0.30849614].
2025-01-17 13:34:41,867 - INFO - Finished optimization with guess, [0.30849614].
2025-01-17 13:34:41,867 - INFO - Best fit parameters: [0.30849614].
2025-01-17 13:34:42,968 - INFO - Maximum log composite likelihood: -12854.415537491486.
2025-01-17 13:34:42,968 - INFO - Optimal value of theta: 7906.715463891717.
2025-01-17 13:34:42,968 - INFO - Beginning optimization with guess, [0.15306003].
2025-01-17 13:35:18,091 - INFO - Finished optimization with guess, [0.15306003].
2025-01-17 13:35:18,092 - INFO - Best fit parameters: [0.15306003].
2025-01-17 13:35:19,213 - INFO - Maximum log composite likelihood: -12854.415537491486.
2025-01-17 13:35:19,213 - INFO - Optimal value of theta: 7906.715463891717.
2025-01-17 13:35:19,214 - INFO - Beginning optimization with guess, [0.36421659].
2025-01-17 13:35:51,075 - INFO - Finished optimization with guess, [0.36421659].
2025-01-17 13:35:51,075 - INFO - Best fit parameters: [0.36421659].
2025-01-17 13:35:52,174 - INFO - Maximum log composite likelihood: -12854.415537491486.
2025-01-17 13:35:52,174 - INFO - Optimal value of theta: 7906.715463891717.
2025-01-17 13:35:52,174 - INFO - Beginning optimization with guess, [0.41426372].
2025-01-17 13:36:24,033 - INFO - Finished optimization with guess, [0.41426372].
2025-01-17 13:36:24,034 - INFO - Best fit parameters: [0.41426372].
2025-01-17 13:36:25,128 - INFO - Maximum log composite likelihood: -12854.415537491486.
2025-01-17 13:36:25,128 - INFO - Optimal value of theta: 7906.715463891717.
2025-01-17 13:36:25,128 - INFO - Beginning optimization with guess, [0.39448415].
2025-01-17 13:36:56,907 - INFO - Finished optimization with guess, [0.39448415].
2025-01-17 13:36:56,908 - INFO - Best fit parameters: [0.39448415].
2025-01-17 13:36:58,003 - INFO - Maximum log composite likelihood: -12854.415537491486.
2025-01-17 13:36:58,003 - INFO - Optimal value of theta: 7906.715463891717.
2025-01-17 13:36:58,003 - INFO - Beginning optimization with guess, [0.56077213].
2025-01-17 13:37:29,756 - INFO - Finished optimization with guess, [0.56077213].
2025-01-17 13:37:29,757 - INFO - Best fit parameters: [0.56077213].
2025-01-17 13:37:30,854 - INFO - Maximum log composite likelihood: -12854.415537491486.
2025-01-17 13:37:30,854 - INFO - Optimal value of theta: 7906.715463891717.
2025-01-17 13:37:30,854 - INFO - Beginning optimization with guess, [0.85340812].
2025-01-17 13:37:56,048 - INFO - Finished optimization with guess, [0.85340812].
2025-01-17 13:37:56,049 - INFO - Best fit parameters: [0.85340812].
2025-01-17 13:37:57,143 - INFO - Maximum log composite likelihood: -12854.415537491486.
2025-01-17 13:37:57,143 - INFO - Optimal value of theta: 7906.715463891717.
2025-01-17 13:37:57,144 - INFO - Beginning optimization with guess, [1.75528106].
2025-01-17 13:38:28,875 - INFO - Finished optimization with guess, [1.75528106].
2025-01-17 13:38:28,876 - INFO - Best fit parameters: [1.75528106].
2025-01-17 13:38:29,966 - INFO - Maximum log composite likelihood: -12854.415537491486.
2025-01-17 13:38:29,966 - INFO - Optimal value of theta: 7906.715463891717.
2025-01-17 13:38:29,966 - INFO - Beginning optimization with guess, [0.65634071].
2025-01-17 13:38:58,206 - INFO - Finished optimization with guess, [0.65634071].
2025-01-17 13:38:58,207 - INFO - Best fit parameters: [0.65634071].
2025-01-17 13:38:59,303 - INFO - Maximum log composite likelihood: -12854.415537491486.
2025-01-17 13:38:59,303 - INFO - Optimal value of theta: 7906.715463891717.
2025-01-17 13:38:59,304 - INFO - Beginning optimization with guess, [1.36368444].
2025-01-17 13:39:26,895 - INFO - Finished optimization with guess, [1.36368444].
2025-01-17 13:39:26,896 - INFO - Best fit parameters: [1.36368444].
2025-01-17 13:39:27,925 - INFO - Maximum log composite likelihood: -12854.415537491486.
2025-01-17 13:39:27,925 - INFO - Optimal value of theta: 7906.715463891717.
2025-01-17 13:39:27,925 - INFO - Beginning optimization with guess, [1.10763348].
2025-01-17 13:39:49,350 - INFO - Finished optimization with guess, [1.10763348].
2025-01-17 13:39:49,350 - INFO - Best fit parameters: [1.10763348].
2025-01-17 13:39:50,379 - INFO - Maximum log composite likelihood: -12854.415537491486.
2025-01-17 13:39:50,379 - INFO - Optimal value of theta: 7906.715463891717.
2025-01-17 13:39:50,379 - INFO - Beginning optimization with guess, [1.20126758].
2025-01-17 13:40:14,292 - INFO - Finished optimization with guess, [1.20126758].
2025-01-17 13:40:14,293 - INFO - Best fit parameters: [1.20126758].
2025-01-17 13:40:15,322 - INFO - Maximum log composite likelihood: -12854.415537491486.
2025-01-17 13:40:15,322 - INFO - Optimal value of theta: 7906.715463891717.
2025-01-17 13:40:15,322 - INFO - Beginning optimization with guess, [1.11066025].
2025-01-17 13:40:35,948 - INFO - Finished optimization with guess, [1.11066025].
2025-01-17 13:40:35,949 - INFO - Best fit parameters: [1.11066025].
2025-01-17 13:40:36,992 - INFO - Maximum log composite likelihood: -12854.415537491486.
2025-01-17 13:40:36,992 - INFO - Optimal value of theta: 7906.715463891717.
2025-01-17 13:40:36,993 - INFO - Beginning optimization with guess, [1.47162126].
2025-01-17 13:41:03,762 - INFO - Finished optimization with guess, [1.47162126].
2025-01-17 13:41:03,763 - INFO - Best fit parameters: [1.47162126].
2025-01-17 13:41:04,793 - INFO - Maximum log composite likelihood: -12854.415537491486.
2025-01-17 13:41:04,793 - INFO - Optimal value of theta: 7906.715463891717.
2025-01-17 13:41:04,793 - INFO - Beginning optimization with guess, [2.96254373].
2025-01-17 13:41:37,783 - INFO - Finished optimization with guess, [2.96254373].
2025-01-17 13:41:37,784 - INFO - Best fit parameters: [2.96254373].
2025-01-17 13:41:38,812 - INFO - Maximum log composite likelihood: -12854.415537491486.
2025-01-17 13:41:38,813 - INFO - Optimal value of theta: 7906.715463891717.
2025-01-17 13:41:38,813 - INFO - Beginning optimization with guess, [4.40975445].
2025-01-17 13:42:11,759 - INFO - Finished optimization with guess, [4.40975445].
2025-01-17 13:42:11,760 - INFO - Best fit parameters: [4.40975445].
2025-01-17 13:42:12,822 - INFO - Maximum log composite likelihood: -12854.415537491486.
2025-01-17 13:42:12,822 - INFO - Optimal value of theta: 7906.715463891717.
2025-01-17 13:42:12,822 - INFO - Beginning optimization with guess, [2.89833028].
2025-01-17 13:42:45,843 - INFO - Finished optimization with guess, [2.89833028].
2025-01-17 13:42:45,844 - INFO - Best fit parameters: [2.89833028].
2025-01-17 13:42:46,873 - INFO - Maximum log composite likelihood: -12854.415537491486.
2025-01-17 13:42:46,873 - INFO - Optimal value of theta: 7906.715463891717.
2025-01-17 13:42:46,873 - INFO - Beginning optimization with guess, [2.22554397].
2025-01-17 13:43:16,809 - INFO - Finished optimization with guess, [2.22554397].
2025-01-17 13:43:16,810 - INFO - Best fit parameters: [2.22554397].
2025-01-17 13:43:17,838 - INFO - Maximum log composite likelihood: -12854.415537491486.
2025-01-17 13:43:17,839 - INFO - Optimal value of theta: 7906.715463891717.
2025-01-17 13:43:17,839 - INFO - Beginning optimization with guess, [2.19888476].
2025-01-17 13:43:47,879 - INFO - Finished optimization with guess, [2.19888476].
2025-01-17 13:43:47,889 - INFO - Best fit parameters: [2.19888476].
2025-01-17 13:43:48,922 - INFO - Maximum log composite likelihood: -12854.415537491486.
2025-01-17 13:43:48,922 - INFO - Optimal value of theta: 7906.715463891717.
2025-01-17 13:43:48,922 - INFO - Beginning optimization with guess, [3.05321685].
2025-01-17 13:44:22,168 - INFO - Finished optimization with guess, [3.05321685].
2025-01-17 13:44:22,169 - INFO - Best fit parameters: [3.05321685].
2025-01-17 13:44:23,204 - INFO - Maximum log composite likelihood: -12854.415537491486.
2025-01-17 13:44:23,204 - INFO - Optimal value of theta: 7906.715463891717.
2025-01-17 13:44:23,204 - INFO - Beginning optimization with guess, [2.82088886].
2025-01-17 13:44:56,386 - INFO - Finished optimization with guess, [2.82088886].
2025-01-17 13:44:56,387 - INFO - Best fit parameters: [2.82088886].
2025-01-17 13:44:57,416 - INFO - Maximum log composite likelihood: -12854.415537491486.
2025-01-17 13:44:57,416 - INFO - Optimal value of theta: 7906.715463891717.
2025-01-17 13:44:57,417 - INFO - Beginning optimization with guess, [11.51660982].
2025-01-17 13:45:33,993 - INFO - Finished optimization with guess, [11.51660982].
2025-01-17 13:45:33,994 - INFO - Best fit parameters: [11.51660982].
2025-01-17 13:45:35,027 - INFO - Maximum log composite likelihood: -12854.415537491486.
2025-01-17 13:45:35,027 - INFO - Optimal value of theta: 7906.715463891717.
2025-01-17 13:45:35,028 - INFO - Beginning optimization with guess, [7.25088468].
2025-01-17 13:46:08,254 - INFO - Finished optimization with guess, [7.25088468].
2025-01-17 13:46:08,255 - INFO - Best fit parameters: [7.25088468].
2025-01-17 13:46:09,291 - INFO - Maximum log composite likelihood: -12854.415537491486.
2025-01-17 13:46:09,291 - INFO - Optimal value of theta: 7906.715463891717.
2025-01-17 13:46:09,291 - INFO - Beginning optimization with guess, [5.38961108].
2025-01-17 13:46:42,541 - INFO - Finished optimization with guess, [5.38961108].
2025-01-17 13:46:42,542 - INFO - Best fit parameters: [5.38961108].
2025-01-17 13:46:43,579 - INFO - Maximum log composite likelihood: -12854.415537491486.
2025-01-17 13:46:43,579 - INFO - Optimal value of theta: 7906.715463891717.
2025-01-17 13:46:43,588 - INFO - Finished demographic inference.
2025-01-17 13:46:43,588 - INFO - Pipeline executed succesfully.
