2025-01-17 13:33:28,801 - INFO - Beginning execution of fit_demographic_model.py in directory /u/project/kirk/jonmah/sample_size_demography/Scripts

2025-01-17 13:33:28,801 - INFO - Progress is being logged to ../Analysis/gnomAD_180/log.log

2025-01-17 13:33:28,801 - INFO - Parsed the following arguments:
	syn_input_sfs = ../Analysis/gnomAD_180/syn_downsampled_sfs.txt
	mask_singletons = False
	mask_doubletons = False
	outprefix = ../Analysis/gnomAD_180/

2025-01-17 13:33:28,820 - INFO - Beginning demographic inference for one-epoch demographic model.
2025-01-17 13:33:28,822 - INFO - Beginning optimization with guess, [0.11236973].
2025-01-17 13:33:42,103 - INFO - Finished optimization with guess, [0.11236973].
2025-01-17 13:33:42,104 - INFO - Best fit parameters: [0.11236973].
2025-01-17 13:33:42,484 - INFO - Maximum log composite likelihood: -3092.2260240854616.
2025-01-17 13:33:42,484 - INFO - Optimal value of theta: 6295.8442680802045.
2025-01-17 13:33:42,484 - INFO - Beginning optimization with guess, [0.21512897].
2025-01-17 13:33:54,584 - INFO - Finished optimization with guess, [0.21512897].
2025-01-17 13:33:54,585 - INFO - Best fit parameters: [0.21512897].
2025-01-17 13:33:54,966 - INFO - Maximum log composite likelihood: -3092.2260240854616.
2025-01-17 13:33:54,966 - INFO - Optimal value of theta: 6295.8442680802045.
2025-01-17 13:33:54,966 - INFO - Beginning optimization with guess, [0.26342262].
2025-01-17 13:34:07,126 - INFO - Finished optimization with guess, [0.26342262].
2025-01-17 13:34:07,127 - INFO - Best fit parameters: [0.26342262].
2025-01-17 13:34:07,512 - INFO - Maximum log composite likelihood: -3092.2260240854616.
2025-01-17 13:34:07,513 - INFO - Optimal value of theta: 6295.8442680802045.
2025-01-17 13:34:07,513 - INFO - Beginning optimization with guess, [0.52207053].
2025-01-17 13:34:18,556 - INFO - Finished optimization with guess, [0.52207053].
2025-01-17 13:34:18,557 - INFO - Best fit parameters: [0.52207053].
2025-01-17 13:34:18,943 - INFO - Maximum log composite likelihood: -3092.2260240854616.
2025-01-17 13:34:18,943 - INFO - Optimal value of theta: 6295.8442680802045.
2025-01-17 13:34:18,943 - INFO - Beginning optimization with guess, [0.83490415].
2025-01-17 13:34:27,684 - INFO - Finished optimization with guess, [0.83490415].
2025-01-17 13:34:27,685 - INFO - Best fit parameters: [0.83490415].
2025-01-17 13:34:28,066 - INFO - Maximum log composite likelihood: -3092.2260240854616.
2025-01-17 13:34:28,066 - INFO - Optimal value of theta: 6295.8442680802045.
2025-01-17 13:34:28,066 - INFO - Beginning optimization with guess, [1.19773013].
2025-01-17 13:34:36,806 - INFO - Finished optimization with guess, [1.19773013].
2025-01-17 13:34:36,807 - INFO - Best fit parameters: [1.19773013].
2025-01-17 13:34:37,187 - INFO - Maximum log composite likelihood: -3092.2260240854616.
2025-01-17 13:34:37,187 - INFO - Optimal value of theta: 6295.8442680802045.
2025-01-17 13:34:37,188 - INFO - Beginning optimization with guess, [0.73942511].
2025-01-17 13:34:47,034 - INFO - Finished optimization with guess, [0.73942511].
2025-01-17 13:34:47,035 - INFO - Best fit parameters: [0.73942511].
2025-01-17 13:34:47,416 - INFO - Maximum log composite likelihood: -3092.2260240854616.
2025-01-17 13:34:47,416 - INFO - Optimal value of theta: 6295.8442680802045.
2025-01-17 13:34:47,416 - INFO - Beginning optimization with guess, [1.08815044].
2025-01-17 13:34:54,980 - INFO - Finished optimization with guess, [1.08815044].
2025-01-17 13:34:54,981 - INFO - Best fit parameters: [1.08815044].
2025-01-17 13:34:55,364 - INFO - Maximum log composite likelihood: -3092.2260240854616.
2025-01-17 13:34:55,365 - INFO - Optimal value of theta: 6295.8442680802045.
2025-01-17 13:34:55,365 - INFO - Beginning optimization with guess, [0.69600904].
2025-01-17 13:35:05,221 - INFO - Finished optimization with guess, [0.69600904].
2025-01-17 13:35:05,222 - INFO - Best fit parameters: [0.69600904].
2025-01-17 13:35:05,603 - INFO - Maximum log composite likelihood: -3092.2260240854616.
2025-01-17 13:35:05,603 - INFO - Optimal value of theta: 6295.8442680802045.
2025-01-17 13:35:05,603 - INFO - Beginning optimization with guess, [0.77762774].
2025-01-17 13:35:14,341 - INFO - Finished optimization with guess, [0.77762774].
2025-01-17 13:35:14,342 - INFO - Best fit parameters: [0.77762774].
2025-01-17 13:35:14,722 - INFO - Maximum log composite likelihood: -3092.2260240854616.
2025-01-17 13:35:14,722 - INFO - Optimal value of theta: 6295.8442680802045.
2025-01-17 13:35:14,722 - INFO - Beginning optimization with guess, [2.29164544].
2025-01-17 13:35:25,744 - INFO - Finished optimization with guess, [2.29164544].
2025-01-17 13:35:25,745 - INFO - Best fit parameters: [2.29164544].
2025-01-17 13:35:26,125 - INFO - Maximum log composite likelihood: -3092.2260240854616.
2025-01-17 13:35:26,125 - INFO - Optimal value of theta: 6295.8442680802045.
2025-01-17 13:35:26,125 - INFO - Beginning optimization with guess, [2.68892606].
2025-01-17 13:35:37,135 - INFO - Finished optimization with guess, [2.68892606].
2025-01-17 13:35:37,136 - INFO - Best fit parameters: [2.68892606].
2025-01-17 13:35:37,516 - INFO - Maximum log composite likelihood: -3092.2260240854616.
2025-01-17 13:35:37,516 - INFO - Optimal value of theta: 6295.8442680802045.
2025-01-17 13:35:37,516 - INFO - Beginning optimization with guess, [1.36237677].
2025-01-17 13:35:47,384 - INFO - Finished optimization with guess, [1.36237677].
2025-01-17 13:35:47,385 - INFO - Best fit parameters: [1.36237677].
2025-01-17 13:35:47,769 - INFO - Maximum log composite likelihood: -3092.2260240854616.
2025-01-17 13:35:47,769 - INFO - Optimal value of theta: 6295.8442680802045.
2025-01-17 13:35:47,769 - INFO - Beginning optimization with guess, [1.94462328].
2025-01-17 13:35:58,774 - INFO - Finished optimization with guess, [1.94462328].
2025-01-17 13:35:58,775 - INFO - Best fit parameters: [1.94462328].
2025-01-17 13:35:59,162 - INFO - Maximum log composite likelihood: -3092.2260240854616.
2025-01-17 13:35:59,162 - INFO - Optimal value of theta: 6295.8442680802045.
2025-01-17 13:35:59,162 - INFO - Beginning optimization with guess, [2.16991645].
2025-01-17 13:36:10,190 - INFO - Finished optimization with guess, [2.16991645].
2025-01-17 13:36:10,190 - INFO - Best fit parameters: [2.16991645].
2025-01-17 13:36:10,575 - INFO - Maximum log composite likelihood: -3092.2260240854616.
2025-01-17 13:36:10,575 - INFO - Optimal value of theta: 6295.8442680802045.
2025-01-17 13:36:10,576 - INFO - Beginning optimization with guess, [4.15223843].
2025-01-17 13:36:22,729 - INFO - Finished optimization with guess, [4.15223843].
2025-01-17 13:36:22,730 - INFO - Best fit parameters: [4.15223843].
2025-01-17 13:36:23,110 - INFO - Maximum log composite likelihood: -3092.2260240854616.
2025-01-17 13:36:23,110 - INFO - Optimal value of theta: 6295.8442680802045.
2025-01-17 13:36:23,110 - INFO - Beginning optimization with guess, [4.58692051].
2025-01-17 13:36:35,224 - INFO - Finished optimization with guess, [4.58692051].
2025-01-17 13:36:35,225 - INFO - Best fit parameters: [4.58692051].
2025-01-17 13:36:35,605 - INFO - Maximum log composite likelihood: -3092.2260240854616.
2025-01-17 13:36:35,605 - INFO - Optimal value of theta: 6295.8442680802045.
2025-01-17 13:36:35,605 - INFO - Beginning optimization with guess, [3.45305725].
2025-01-17 13:36:47,736 - INFO - Finished optimization with guess, [3.45305725].
2025-01-17 13:36:47,737 - INFO - Best fit parameters: [3.45305725].
2025-01-17 13:36:48,117 - INFO - Maximum log composite likelihood: -3092.2260240854616.
2025-01-17 13:36:48,117 - INFO - Optimal value of theta: 6295.8442680802045.
2025-01-17 13:36:48,118 - INFO - Beginning optimization with guess, [6.13732411].
2025-01-17 13:37:00,211 - INFO - Finished optimization with guess, [6.13732411].
2025-01-17 13:37:00,212 - INFO - Best fit parameters: [6.13732411].
2025-01-17 13:37:00,592 - INFO - Maximum log composite likelihood: -3092.2260240854616.
2025-01-17 13:37:00,592 - INFO - Optimal value of theta: 6295.8442680802045.
2025-01-17 13:37:00,592 - INFO - Beginning optimization with guess, [2.33176987].
2025-01-17 13:37:11,576 - INFO - Finished optimization with guess, [2.33176987].
2025-01-17 13:37:11,577 - INFO - Best fit parameters: [2.33176987].
2025-01-17 13:37:11,959 - INFO - Maximum log composite likelihood: -3092.2260240854616.
2025-01-17 13:37:11,959 - INFO - Optimal value of theta: 6295.8442680802045.
2025-01-17 13:37:11,959 - INFO - Beginning optimization with guess, [4.05181514].
2025-01-17 13:37:24,054 - INFO - Finished optimization with guess, [4.05181514].
2025-01-17 13:37:24,055 - INFO - Best fit parameters: [4.05181514].
2025-01-17 13:37:24,435 - INFO - Maximum log composite likelihood: -3092.2260240854616.
2025-01-17 13:37:24,435 - INFO - Optimal value of theta: 6295.8442680802045.
2025-01-17 13:37:24,435 - INFO - Beginning optimization with guess, [7.28065555].
2025-01-17 13:37:36,549 - INFO - Finished optimization with guess, [7.28065555].
2025-01-17 13:37:36,549 - INFO - Best fit parameters: [7.28065555].
2025-01-17 13:37:36,931 - INFO - Maximum log composite likelihood: -3092.2260240854616.
2025-01-17 13:37:36,931 - INFO - Optimal value of theta: 6295.8442680802045.
2025-01-17 13:37:36,931 - INFO - Beginning optimization with guess, [3.990594].
2025-01-17 13:37:49,039 - INFO - Finished optimization with guess, [3.990594].
2025-01-17 13:37:49,040 - INFO - Best fit parameters: [3.990594].
2025-01-17 13:37:49,420 - INFO - Maximum log composite likelihood: -3092.2260240854616.
2025-01-17 13:37:49,420 - INFO - Optimal value of theta: 6295.8442680802045.
2025-01-17 13:37:49,420 - INFO - Beginning optimization with guess, [10.34459471].
2025-01-17 13:38:02,657 - INFO - Finished optimization with guess, [10.34459471].
2025-01-17 13:38:02,657 - INFO - Best fit parameters: [10.34459471].
2025-01-17 13:38:03,037 - INFO - Maximum log composite likelihood: -3092.2260240854616.
2025-01-17 13:38:03,037 - INFO - Optimal value of theta: 6295.8442680802045.
2025-01-17 13:38:03,037 - INFO - Beginning optimization with guess, [15.66584131].
2025-01-17 13:38:16,320 - INFO - Finished optimization with guess, [15.66584131].
2025-01-17 13:38:16,321 - INFO - Best fit parameters: [15.66584131].
2025-01-17 13:38:16,706 - INFO - Maximum log composite likelihood: -3092.2260240854616.
2025-01-17 13:38:16,706 - INFO - Optimal value of theta: 6295.8442680802045.
2025-01-17 13:38:16,709 - INFO - Finished demographic inference.
2025-01-17 13:38:16,709 - INFO - Pipeline executed succesfully.
