2025-08-14 10:40:35,428 - INFO - Beginning execution of evaluate_demography.py in directory /u/project/kirk-bigdata/jonmah/sample_size_demography/Scripts

2025-08-14 10:40:35,428 - INFO - Progress is being logged to ../Analysis/msprime_3EpB_90/evaluate_demography.log

2025-08-14 10:40:35,428 - INFO - Parsed the following arguments:
	syn_input_sfs = ../Simulations/simple_simulations/ThreeEpochBottleneck_90_concat.sfs
	model_type = two_epoch
	params_list = [0.03068026, 0.12200308]
	L_syn = 100000000.0
	mask_singletons = False
	mask_doubletons = False
	outprefix = ../Analysis/msprime_3EpB_90/

2025-08-14 10:40:35,431 - INFO - Beginning demographic evaluation for two-epoch demographic model.
2025-08-14 10:40:35,433 - INFO - Beginning optimization with guess, [0.03068026, 0.12200308].
2025-08-14 10:40:35,433 - INFO - Finished optimization with guess, [0.03068026, 0.12200308].
2025-08-14 10:40:35,433 - INFO - Best fit parameters: [0.03068026, 0.12200308].
2025-08-14 10:40:35,774 - INFO - Maximum log composite likelihood: -8061.977542532765.
2025-08-14 10:40:35,774 - INFO - Optimal value of theta: 552436.3894939653.
2025-08-14 10:40:35,774 - INFO - Synonymous input SFS: [-- 30356.31263168234 5350.269757586478 3466.138183944137 2869.737856253143 2517.909792787092 2317.411542386948 2198.053292279792 2113.029570005645 2043.360396836821 1979.764694357862 1926.649565639457 1887.99955434205 1866.695871097602 1859.779997316726 1858.337405743302 1851.682626146052 1833.554779628842 1805.318650224327 1773.869765978352 1746.776017275626 1728.562559897989 1719.96577214278 1719.424353335335 1724.906576495043 1734.644202417998 1746.661043987655 1758.070969783035 1765.225083991142 1764.948689371477 1756.094819601091 1740.299577991584 1721.378947240307 1703.761420209386 1690.890967726542 1684.184731059756 1682.941158643119 1685.480314705 1690.000938494155 1694.481719262965 1697.203846399233 1697.359597706222 1695.135708967597 1691.664872644805 1688.596249167212 843.6906022842437 -- -- -- -- -- -- -- -- -- -- -- -- -- -- -- -- -- -- -- -- -- -- -- -- -- -- -- -- -- -- -- -- -- -- -- -- -- -- -- -- -- -- -- -- --].
2025-08-14 10:40:35,775 - INFO - Scaled spectrum: [-- 17806.562540666662 9334.295057680714 6511.694408707435 5101.552400475933 4256.4266072514065 3693.8374778527927 3292.723525687601 2992.5551021503584 2759.705657998937 2574.000251855674 2422.601239873449 2296.9511245701824 2191.1264005406338 2100.8968989574882 2023.1613984482665 1955.594886180956 1896.4203194581287 1844.2564713632073 1798.013829918189 1756.821732478178 1719.9763240989528 1686.902714580162 1657.1270134001238 1630.2553620799247 1605.9580053348272 1583.9570451049708 1564.0169233939891 1545.9369525267634 1529.5453995113403 1514.6947628567718 1501.257973650877 1489.1253198989984 1478.2019420085799 1468.4057832804292 1459.665906013629 1451.9211039351026 1445.1187569034205 1439.213885521251 1434.1683723266717 1429.9503232955667 1426.533548975 1423.8971490360277 1422.0251876741415 1420.9064502909905 710.2671372235696 -- -- -- -- -- -- -- -- -- -- -- -- -- -- -- -- -- -- -- -- -- -- -- -- -- -- -- -- -- -- -- -- -- -- -- -- -- -- -- -- -- -- -- -- --].
2025-08-14 10:40:35,776 - INFO - Converting and interpreting Tau estimates.
2025-08-14 10:40:35,778 - INFO - Finished demographic inference.
2025-08-14 10:40:35,778 - INFO - Pipeline executed succesfully.
