2024-03-14 20:39:20,014 - INFO - Beginning execution of fit_demographic_model.py in directory /u/project/kirk/jonmah/sample_size_demography/Scripts

2024-03-14 20:39:20,014 - INFO - Progress is being logged to ../Analysis/TwoEpochExpansion_30/log.log

2024-03-14 20:39:20,015 - INFO - Parsed the following arguments:
	syn_input_sfs = ../Analysis/TwoEpochExpansion_30/syn_downsampled_sfs.txt
	mask_singletons = False
	mask_doubletons = False
	outprefix = ../Analysis/TwoEpochExpansion_30/

2024-03-14 20:39:20,016 - INFO - Beginning demographic inference for one-epoch demographic model.
2024-03-14 20:39:20,017 - INFO - Beginning optimization with guess, [0.07795944].
2024-03-14 20:39:23,131 - INFO - Finished optimization with guess, [0.07795944].
2024-03-14 20:39:23,133 - INFO - Best fit parameters: [0.07795944].
2024-03-14 20:39:23,227 - INFO - Maximum log composite likelihood: -91.83007870761321.
2024-03-14 20:39:23,228 - INFO - Optimal value of theta: 12164.680793990083.
2024-03-14 20:39:23,228 - INFO - Beginning optimization with guess, [0.15104109].
2024-03-14 20:39:26,215 - INFO - Finished optimization with guess, [0.15104109].
2024-03-14 20:39:26,215 - INFO - Best fit parameters: [0.15104109].
2024-03-14 20:39:26,310 - INFO - Maximum log composite likelihood: -91.83007870761321.
2024-03-14 20:39:26,310 - INFO - Optimal value of theta: 12164.680793990083.
2024-03-14 20:39:26,310 - INFO - Beginning optimization with guess, [0.46613153].
2024-03-14 20:39:28,991 - INFO - Finished optimization with guess, [0.46613153].
2024-03-14 20:39:28,995 - INFO - Best fit parameters: [0.46613153].
2024-03-14 20:39:29,094 - INFO - Maximum log composite likelihood: -91.83007870761321.
2024-03-14 20:39:29,095 - INFO - Optimal value of theta: 12164.680793990083.
2024-03-14 20:39:29,095 - INFO - Beginning optimization with guess, [0.33585478].
2024-03-14 20:39:32,155 - INFO - Finished optimization with guess, [0.33585478].
2024-03-14 20:39:32,156 - INFO - Best fit parameters: [0.33585478].
2024-03-14 20:39:32,252 - INFO - Maximum log composite likelihood: -91.83007870761321.
2024-03-14 20:39:32,252 - INFO - Optimal value of theta: 12164.680793990083.
2024-03-14 20:39:32,253 - INFO - Beginning optimization with guess, [0.46251].
2024-03-14 20:39:34,888 - INFO - Finished optimization with guess, [0.46251].
2024-03-14 20:39:34,889 - INFO - Best fit parameters: [0.46251].
2024-03-14 20:39:34,984 - INFO - Maximum log composite likelihood: -91.83007870761321.
2024-03-14 20:39:34,984 - INFO - Optimal value of theta: 12164.680793990083.
2024-03-14 20:39:34,984 - INFO - Beginning optimization with guess, [0.36547842].
2024-03-14 20:39:37,695 - INFO - Finished optimization with guess, [0.36547842].
2024-03-14 20:39:37,695 - INFO - Best fit parameters: [0.36547842].
2024-03-14 20:39:37,790 - INFO - Maximum log composite likelihood: -91.83007870761321.
2024-03-14 20:39:37,791 - INFO - Optimal value of theta: 12164.680793990083.
2024-03-14 20:39:37,791 - INFO - Beginning optimization with guess, [0.8650854].
2024-03-14 20:39:39,775 - INFO - Finished optimization with guess, [0.8650854].
2024-03-14 20:39:39,776 - INFO - Best fit parameters: [0.8650854].
2024-03-14 20:39:39,865 - INFO - Maximum log composite likelihood: -91.83007870761321.
2024-03-14 20:39:39,866 - INFO - Optimal value of theta: 12164.680793990083.
2024-03-14 20:39:39,866 - INFO - Beginning optimization with guess, [0.83942335].
2024-03-14 20:39:41,806 - INFO - Finished optimization with guess, [0.83942335].
2024-03-14 20:39:41,986 - INFO - Best fit parameters: [0.83942335].
2024-03-14 20:39:42,121 - INFO - Maximum log composite likelihood: -91.83007870761321.
2024-03-14 20:39:42,121 - INFO - Optimal value of theta: 12164.680793990083.
2024-03-14 20:39:42,122 - INFO - Beginning optimization with guess, [0.90697921].
2024-03-14 20:39:43,845 - INFO - Finished optimization with guess, [0.90697921].
2024-03-14 20:39:43,845 - INFO - Best fit parameters: [0.90697921].
2024-03-14 20:39:43,936 - INFO - Maximum log composite likelihood: -91.83007870761321.
2024-03-14 20:39:43,937 - INFO - Optimal value of theta: 12164.680793990083.
2024-03-14 20:39:43,937 - INFO - Beginning optimization with guess, [1.58544829].
2024-03-14 20:39:46,368 - INFO - Finished optimization with guess, [1.58544829].
2024-03-14 20:39:46,370 - INFO - Best fit parameters: [1.58544829].
2024-03-14 20:39:46,462 - INFO - Maximum log composite likelihood: -91.83007870761321.
2024-03-14 20:39:46,462 - INFO - Optimal value of theta: 12164.680793990083.
2024-03-14 20:39:46,462 - INFO - Beginning optimization with guess, [2.354456].
2024-03-14 20:39:49,135 - INFO - Finished optimization with guess, [2.354456].
2024-03-14 20:39:49,135 - INFO - Best fit parameters: [2.354456].
2024-03-14 20:39:49,233 - INFO - Maximum log composite likelihood: -91.83007870761321.
2024-03-14 20:39:49,234 - INFO - Optimal value of theta: 12164.680793990083.
2024-03-14 20:39:49,234 - INFO - Beginning optimization with guess, [1.57874036].
2024-03-14 20:39:51,488 - INFO - Finished optimization with guess, [1.57874036].
2024-03-14 20:39:51,488 - INFO - Best fit parameters: [1.57874036].
2024-03-14 20:39:51,575 - INFO - Maximum log composite likelihood: -91.83007870761321.
2024-03-14 20:39:51,575 - INFO - Optimal value of theta: 12164.680793990083.
2024-03-14 20:39:51,575 - INFO - Beginning optimization with guess, [1.08416876].
2024-03-14 20:39:53,442 - INFO - Finished optimization with guess, [1.08416876].
2024-03-14 20:39:53,444 - INFO - Best fit parameters: [1.08416876].
2024-03-14 20:39:53,530 - INFO - Maximum log composite likelihood: -91.83007870761321.
2024-03-14 20:39:53,531 - INFO - Optimal value of theta: 12164.680793990083.
2024-03-14 20:39:53,531 - INFO - Beginning optimization with guess, [3.33983285].
2024-03-14 20:39:56,310 - INFO - Finished optimization with guess, [3.33983285].
2024-03-14 20:39:56,310 - INFO - Best fit parameters: [3.33983285].
2024-03-14 20:39:56,396 - INFO - Maximum log composite likelihood: -91.83007870761321.
2024-03-14 20:39:56,396 - INFO - Optimal value of theta: 12164.680793990083.
2024-03-14 20:39:56,397 - INFO - Beginning optimization with guess, [3.41412401].
2024-03-14 20:39:59,194 - INFO - Finished optimization with guess, [3.41412401].
2024-03-14 20:39:59,196 - INFO - Best fit parameters: [3.41412401].
2024-03-14 20:39:59,289 - INFO - Maximum log composite likelihood: -91.83007870761321.
2024-03-14 20:39:59,289 - INFO - Optimal value of theta: 12164.680793990083.
2024-03-14 20:39:59,290 - INFO - Beginning optimization with guess, [1.77670151].
2024-03-14 20:40:01,754 - INFO - Finished optimization with guess, [1.77670151].
2024-03-14 20:40:01,754 - INFO - Best fit parameters: [1.77670151].
2024-03-14 20:40:01,841 - INFO - Maximum log composite likelihood: -91.83007870761321.
2024-03-14 20:40:01,841 - INFO - Optimal value of theta: 12164.680793990083.
2024-03-14 20:40:01,841 - INFO - Beginning optimization with guess, [1.63034876].
2024-03-14 20:40:04,120 - INFO - Finished optimization with guess, [1.63034876].
2024-03-14 20:40:04,120 - INFO - Best fit parameters: [1.63034876].
2024-03-14 20:40:04,211 - INFO - Maximum log composite likelihood: -91.83007870761321.
2024-03-14 20:40:04,211 - INFO - Optimal value of theta: 12164.680793990083.
2024-03-14 20:40:04,212 - INFO - Beginning optimization with guess, [4.4628527].
2024-03-14 20:40:06,932 - INFO - Finished optimization with guess, [4.4628527].
2024-03-14 20:40:06,933 - INFO - Best fit parameters: [4.4628527].
2024-03-14 20:40:07,016 - INFO - Maximum log composite likelihood: -91.83007870761321.
2024-03-14 20:40:07,016 - INFO - Optimal value of theta: 12164.680793990083.
2024-03-14 20:40:07,016 - INFO - Beginning optimization with guess, [5.33728529].
2024-03-14 20:40:09,778 - INFO - Finished optimization with guess, [5.33728529].
2024-03-14 20:40:09,779 - INFO - Best fit parameters: [5.33728529].
2024-03-14 20:40:09,865 - INFO - Maximum log composite likelihood: -91.83007870761321.
2024-03-14 20:40:09,865 - INFO - Optimal value of theta: 12164.680793990083.
2024-03-14 20:40:09,865 - INFO - Beginning optimization with guess, [6.21994062].
2024-03-14 20:40:12,683 - INFO - Finished optimization with guess, [6.21994062].
2024-03-14 20:40:12,683 - INFO - Best fit parameters: [6.21994062].
2024-03-14 20:40:12,769 - INFO - Maximum log composite likelihood: -91.83007870761321.
2024-03-14 20:40:12,770 - INFO - Optimal value of theta: 12164.680793990083.
2024-03-14 20:40:12,770 - INFO - Beginning optimization with guess, [7.33271587].
2024-03-14 20:40:15,501 - INFO - Finished optimization with guess, [7.33271587].
2024-03-14 20:40:15,503 - INFO - Best fit parameters: [7.33271587].
2024-03-14 20:40:15,589 - INFO - Maximum log composite likelihood: -91.83007870761321.
2024-03-14 20:40:15,589 - INFO - Optimal value of theta: 12164.680793990083.
2024-03-14 20:40:15,589 - INFO - Beginning optimization with guess, [3.88400169].
2024-03-14 20:40:18,292 - INFO - Finished optimization with guess, [3.88400169].
2024-03-14 20:40:18,292 - INFO - Best fit parameters: [3.88400169].
2024-03-14 20:40:18,376 - INFO - Maximum log composite likelihood: -91.83007870761321.
2024-03-14 20:40:18,376 - INFO - Optimal value of theta: 12164.680793990083.
2024-03-14 20:40:18,376 - INFO - Beginning optimization with guess, [4.08437381].
2024-03-14 20:40:21,152 - INFO - Finished optimization with guess, [4.08437381].
2024-03-14 20:40:21,153 - INFO - Best fit parameters: [4.08437381].
2024-03-14 20:40:21,241 - INFO - Maximum log composite likelihood: -91.83007870761321.
2024-03-14 20:40:21,242 - INFO - Optimal value of theta: 12164.680793990083.
2024-03-14 20:40:21,242 - INFO - Beginning optimization with guess, [4.78739968].
2024-03-14 20:40:24,009 - INFO - Finished optimization with guess, [4.78739968].
2024-03-14 20:40:24,009 - INFO - Best fit parameters: [4.78739968].
2024-03-14 20:40:24,102 - INFO - Maximum log composite likelihood: -91.83007870761321.
2024-03-14 20:40:24,102 - INFO - Optimal value of theta: 12164.680793990083.
2024-03-14 20:40:24,102 - INFO - Beginning optimization with guess, [8.2037991].
2024-03-14 20:40:27,222 - INFO - Finished optimization with guess, [8.2037991].
2024-03-14 20:40:27,223 - INFO - Best fit parameters: [8.2037991].
2024-03-14 20:40:27,315 - INFO - Maximum log composite likelihood: -91.83007870761321.
2024-03-14 20:40:27,315 - INFO - Optimal value of theta: 12164.680793990083.
2024-03-14 20:40:27,317 - INFO - Finished demographic inference.
2024-03-14 20:40:27,317 - INFO - Pipeline executed succesfully.
