2024-03-14 21:50:01,669 - INFO - Beginning execution of fit_demographic_model.py in directory /u/project/kirk/jonmah/sample_size_demography/Scripts

2024-03-14 21:50:01,670 - INFO - Progress is being logged to ../Analysis/ThreeEpochExpansion_390/log.log

2024-03-14 21:50:01,670 - INFO - Parsed the following arguments:
	syn_input_sfs = ../Analysis/ThreeEpochExpansion_390/syn_downsampled_sfs.txt
	mask_singletons = False
	mask_doubletons = False
	outprefix = ../Analysis/ThreeEpochExpansion_390/

2024-03-14 21:50:01,702 - INFO - Beginning demographic inference for one-epoch demographic model.
2024-03-14 21:50:01,704 - INFO - Beginning optimization with guess, [0.17215175].
2024-03-14 21:50:35,756 - INFO - Finished optimization with guess, [0.17215175].
2024-03-14 21:50:35,758 - INFO - Best fit parameters: [0.17215175].
2024-03-14 21:50:36,750 - INFO - Maximum log composite likelihood: -8326.11076347816.
2024-03-14 21:50:36,750 - INFO - Optimal value of theta: 17728.85294705213.
2024-03-14 21:50:36,750 - INFO - Beginning optimization with guess, [0.10054342].
2024-03-14 21:51:13,456 - INFO - Finished optimization with guess, [0.10054342].
2024-03-14 21:51:13,458 - INFO - Best fit parameters: [0.10054342].
2024-03-14 21:51:14,507 - INFO - Maximum log composite likelihood: -8326.11076347816.
2024-03-14 21:51:14,507 - INFO - Optimal value of theta: 17728.85294705213.
2024-03-14 21:51:14,508 - INFO - Beginning optimization with guess, [0.37785233].
2024-03-14 21:51:45,932 - INFO - Finished optimization with guess, [0.37785233].
2024-03-14 21:51:45,933 - INFO - Best fit parameters: [0.37785233].
2024-03-14 21:51:47,046 - INFO - Maximum log composite likelihood: -8326.11076347816.
2024-03-14 21:51:47,046 - INFO - Optimal value of theta: 17728.85294705213.
2024-03-14 21:51:47,047 - INFO - Beginning optimization with guess, [0.52789892].
2024-03-14 21:52:17,593 - INFO - Finished optimization with guess, [0.52789892].
2024-03-14 21:52:17,594 - INFO - Best fit parameters: [0.52789892].
2024-03-14 21:52:18,588 - INFO - Maximum log composite likelihood: -8326.11076347816.
2024-03-14 21:52:18,588 - INFO - Optimal value of theta: 17728.85294705213.
2024-03-14 21:52:18,588 - INFO - Beginning optimization with guess, [0.39374154].
2024-03-14 21:52:48,296 - INFO - Finished optimization with guess, [0.39374154].
2024-03-14 21:52:48,297 - INFO - Best fit parameters: [0.39374154].
2024-03-14 21:52:49,303 - INFO - Maximum log composite likelihood: -8326.11076347816.
2024-03-14 21:52:49,303 - INFO - Optimal value of theta: 17728.85294705213.
2024-03-14 21:52:49,303 - INFO - Beginning optimization with guess, [0.54275561].
2024-03-14 21:53:18,473 - INFO - Finished optimization with guess, [0.54275561].
2024-03-14 21:53:18,474 - INFO - Best fit parameters: [0.54275561].
2024-03-14 21:53:19,527 - INFO - Maximum log composite likelihood: -8326.11076347816.
2024-03-14 21:53:19,527 - INFO - Optimal value of theta: 17728.85294705213.
2024-03-14 21:53:19,527 - INFO - Beginning optimization with guess, [0.78247664].
2024-03-14 21:53:42,461 - INFO - Finished optimization with guess, [0.78247664].
2024-03-14 21:53:42,464 - INFO - Best fit parameters: [0.78247664].
2024-03-14 21:53:43,533 - INFO - Maximum log composite likelihood: -8326.11076347816.
2024-03-14 21:53:43,533 - INFO - Optimal value of theta: 17728.85294705213.
2024-03-14 21:53:43,533 - INFO - Beginning optimization with guess, [0.94576048].
2024-03-14 21:54:01,271 - INFO - Finished optimization with guess, [0.94576048].
2024-03-14 21:54:01,275 - INFO - Best fit parameters: [0.94576048].
2024-03-14 21:54:02,305 - INFO - Maximum log composite likelihood: -8326.11076347816.
2024-03-14 21:54:02,306 - INFO - Optimal value of theta: 17728.85294705213.
2024-03-14 21:54:02,306 - INFO - Beginning optimization with guess, [0.81635238].
2024-03-14 21:54:26,077 - INFO - Finished optimization with guess, [0.81635238].
2024-03-14 21:54:26,078 - INFO - Best fit parameters: [0.81635238].
2024-03-14 21:54:27,120 - INFO - Maximum log composite likelihood: -8326.11076347816.
2024-03-14 21:54:27,121 - INFO - Optimal value of theta: 17728.85294705213.
2024-03-14 21:54:27,121 - INFO - Beginning optimization with guess, [0.97528956].
2024-03-14 21:54:42,186 - INFO - Finished optimization with guess, [0.97528956].
2024-03-14 21:54:42,187 - INFO - Best fit parameters: [0.97528956].
2024-03-14 21:54:43,169 - INFO - Maximum log composite likelihood: -8326.11076347816.
2024-03-14 21:54:43,169 - INFO - Optimal value of theta: 17728.85294705213.
2024-03-14 21:54:43,170 - INFO - Beginning optimization with guess, [0.86663187].
2024-03-14 21:55:07,379 - INFO - Finished optimization with guess, [0.86663187].
2024-03-14 21:55:07,380 - INFO - Best fit parameters: [0.86663187].
2024-03-14 21:55:08,417 - INFO - Maximum log composite likelihood: -8326.11076347816.
2024-03-14 21:55:08,418 - INFO - Optimal value of theta: 17728.85294705213.
2024-03-14 21:55:08,418 - INFO - Beginning optimization with guess, [1.48683521].
2024-03-14 21:55:34,989 - INFO - Finished optimization with guess, [1.48683521].
2024-03-14 21:55:34,990 - INFO - Best fit parameters: [1.48683521].
2024-03-14 21:55:36,019 - INFO - Maximum log composite likelihood: -8326.11076347816.
2024-03-14 21:55:36,019 - INFO - Optimal value of theta: 17728.85294705213.
2024-03-14 21:55:36,020 - INFO - Beginning optimization with guess, [1.6593783].
2024-03-14 21:56:03,761 - INFO - Finished optimization with guess, [1.6593783].
2024-03-14 21:56:03,762 - INFO - Best fit parameters: [1.6593783].
2024-03-14 21:56:04,811 - INFO - Maximum log composite likelihood: -8326.11076347816.
2024-03-14 21:56:04,811 - INFO - Optimal value of theta: 17728.85294705213.
2024-03-14 21:56:04,811 - INFO - Beginning optimization with guess, [1.0086359].
2024-03-14 21:56:16,027 - INFO - Finished optimization with guess, [1.0086359].
2024-03-14 21:56:16,029 - INFO - Best fit parameters: [1.0086359].
2024-03-14 21:56:17,019 - INFO - Maximum log composite likelihood: -8326.11076347816.
2024-03-14 21:56:17,019 - INFO - Optimal value of theta: 17728.85294705213.
2024-03-14 21:56:17,020 - INFO - Beginning optimization with guess, [4.00465258].
2024-03-14 21:56:50,292 - INFO - Finished optimization with guess, [4.00465258].
2024-03-14 21:56:50,293 - INFO - Best fit parameters: [4.00465258].
2024-03-14 21:56:51,292 - INFO - Maximum log composite likelihood: -8326.11076347816.
2024-03-14 21:56:51,292 - INFO - Optimal value of theta: 17728.85294705213.
2024-03-14 21:56:51,292 - INFO - Beginning optimization with guess, [4.24145727].
2024-03-14 21:57:24,502 - INFO - Finished optimization with guess, [4.24145727].
2024-03-14 21:57:24,503 - INFO - Best fit parameters: [4.24145727].
2024-03-14 21:57:25,546 - INFO - Maximum log composite likelihood: -8326.11076347816.
2024-03-14 21:57:25,546 - INFO - Optimal value of theta: 17728.85294705213.
2024-03-14 21:57:25,547 - INFO - Beginning optimization with guess, [2.01445206].
2024-03-14 21:57:55,372 - INFO - Finished optimization with guess, [2.01445206].
2024-03-14 21:57:55,373 - INFO - Best fit parameters: [2.01445206].
2024-03-14 21:57:56,372 - INFO - Maximum log composite likelihood: -8326.11076347816.
2024-03-14 21:57:56,373 - INFO - Optimal value of theta: 17728.85294705213.
2024-03-14 21:57:56,373 - INFO - Beginning optimization with guess, [4.6211426].
2024-03-14 21:58:29,377 - INFO - Finished optimization with guess, [4.6211426].
2024-03-14 21:58:29,378 - INFO - Best fit parameters: [4.6211426].
2024-03-14 21:58:30,367 - INFO - Maximum log composite likelihood: -8326.11076347816.
2024-03-14 21:58:30,367 - INFO - Optimal value of theta: 17728.85294705213.
2024-03-14 21:58:30,368 - INFO - Beginning optimization with guess, [5.31290173].
2024-03-14 21:59:03,322 - INFO - Finished optimization with guess, [5.31290173].
2024-03-14 21:59:03,324 - INFO - Best fit parameters: [5.31290173].
2024-03-14 21:59:04,455 - INFO - Maximum log composite likelihood: -8326.11076347816.
2024-03-14 21:59:04,455 - INFO - Optimal value of theta: 17728.85294705213.
2024-03-14 21:59:04,455 - INFO - Beginning optimization with guess, [4.94255586].
2024-03-14 21:59:37,238 - INFO - Finished optimization with guess, [4.94255586].
2024-03-14 21:59:37,239 - INFO - Best fit parameters: [4.94255586].
2024-03-14 21:59:38,303 - INFO - Maximum log composite likelihood: -8326.11076347816.
2024-03-14 21:59:38,303 - INFO - Optimal value of theta: 17728.85294705213.
2024-03-14 21:59:38,304 - INFO - Beginning optimization with guess, [5.88147114].
2024-03-14 22:00:10,892 - INFO - Finished optimization with guess, [5.88147114].
2024-03-14 22:00:10,893 - INFO - Best fit parameters: [5.88147114].
2024-03-14 22:00:11,995 - INFO - Maximum log composite likelihood: -8326.11076347816.
2024-03-14 22:00:11,995 - INFO - Optimal value of theta: 17728.85294705213.
2024-03-14 22:00:11,995 - INFO - Beginning optimization with guess, [5.07628094].
2024-03-14 22:00:43,985 - INFO - Finished optimization with guess, [5.07628094].
2024-03-14 22:00:43,987 - INFO - Best fit parameters: [5.07628094].
2024-03-14 22:00:44,989 - INFO - Maximum log composite likelihood: -8326.11076347816.
2024-03-14 22:00:44,989 - INFO - Optimal value of theta: 17728.85294705213.
2024-03-14 22:00:44,989 - INFO - Beginning optimization with guess, [9.36264895].
2024-03-14 22:01:21,185 - INFO - Finished optimization with guess, [9.36264895].
2024-03-14 22:01:21,187 - INFO - Best fit parameters: [9.36264895].
2024-03-14 22:01:22,174 - INFO - Maximum log composite likelihood: -8326.11076347816.
2024-03-14 22:01:22,174 - INFO - Optimal value of theta: 17728.85294705213.
2024-03-14 22:01:22,174 - INFO - Beginning optimization with guess, [4.96150098].
2024-03-14 22:01:54,108 - INFO - Finished optimization with guess, [4.96150098].
2024-03-14 22:01:54,109 - INFO - Best fit parameters: [4.96150098].
2024-03-14 22:01:55,092 - INFO - Maximum log composite likelihood: -8326.11076347816.
2024-03-14 22:01:55,093 - INFO - Optimal value of theta: 17728.85294705213.
2024-03-14 22:01:55,094 - INFO - Beginning optimization with guess, [6.17280048].
2024-03-14 22:02:26,972 - INFO - Finished optimization with guess, [6.17280048].
2024-03-14 22:02:26,973 - INFO - Best fit parameters: [6.17280048].
2024-03-14 22:02:27,959 - INFO - Maximum log composite likelihood: -8326.11076347816.
2024-03-14 22:02:27,959 - INFO - Optimal value of theta: 17728.85294705213.
2024-03-14 22:02:27,964 - INFO - Finished demographic inference.
2024-03-14 22:02:27,964 - INFO - Pipeline executed succesfully.
