2024-01-19 15:21:54,503 - INFO - Beginning execution of fit_demographic_model.py in directory /u/project/kirk/jonmah/sample_size_demography/Scripts

2024-01-19 15:21:54,504 - INFO - Progress is being logged to ../Analysis/1kg_EUR_71/log.log

2024-01-19 15:21:54,504 - INFO - Parsed the following arguments:
	syn_input_sfs = ../Analysis/1kg_EUR_71/syn_downsampled_sfs.txt
	mask_singletons = False
	mask_doubletons = False
	outprefix = ../Analysis/1kg_EUR_71/

2024-01-19 15:21:54,538 - INFO - Beginning demographic inference for one-epoch demographic model.
2024-01-19 15:21:54,539 - INFO - Beginning optimization with guess, [0.12426972].
2024-01-19 15:22:05,499 - INFO - Finished optimization with guess, [0.12426972].
2024-01-19 15:22:05,500 - INFO - Best fit parameters: [0.12426972].
2024-01-19 15:22:05,956 - INFO - Maximum log composite likelihood: -289.3932930449241.
2024-01-19 15:22:05,956 - INFO - Optimal value of theta: 5037.902357264535.
2024-01-19 15:22:05,956 - INFO - Beginning optimization with guess, [0.38644694].
2024-01-19 15:22:15,501 - INFO - Finished optimization with guess, [0.38644694].
2024-01-19 15:22:15,504 - INFO - Best fit parameters: [0.38644694].
2024-01-19 15:22:15,919 - INFO - Maximum log composite likelihood: -289.3932930449241.
2024-01-19 15:22:15,919 - INFO - Optimal value of theta: 5037.902357264535.
2024-01-19 15:22:15,919 - INFO - Beginning optimization with guess, [0.24601262].
2024-01-19 15:22:28,354 - INFO - Finished optimization with guess, [0.24601262].
2024-01-19 15:22:28,355 - INFO - Best fit parameters: [0.24601262].
2024-01-19 15:22:28,789 - INFO - Maximum log composite likelihood: -289.3932930449241.
2024-01-19 15:22:28,789 - INFO - Optimal value of theta: 5037.902357264535.
2024-01-19 15:22:28,790 - INFO - Beginning optimization with guess, [0.49703034].
2024-01-19 15:22:38,617 - INFO - Finished optimization with guess, [0.49703034].
2024-01-19 15:22:38,618 - INFO - Best fit parameters: [0.49703034].
2024-01-19 15:22:38,916 - INFO - Maximum log composite likelihood: -289.3932930449241.
2024-01-19 15:22:38,917 - INFO - Optimal value of theta: 5037.902357264535.
2024-01-19 15:22:38,917 - INFO - Beginning optimization with guess, [0.96381514].
2024-01-19 15:22:45,903 - INFO - Finished optimization with guess, [0.96381514].
2024-01-19 15:22:45,903 - INFO - Best fit parameters: [0.96381514].
2024-01-19 15:22:46,407 - INFO - Maximum log composite likelihood: -289.3932930449241.
2024-01-19 15:22:46,407 - INFO - Optimal value of theta: 5037.902357264535.
2024-01-19 15:22:46,407 - INFO - Beginning optimization with guess, [0.3103853].
2024-01-19 15:22:59,327 - INFO - Finished optimization with guess, [0.3103853].
2024-01-19 15:22:59,328 - INFO - Best fit parameters: [0.3103853].
2024-01-19 15:22:59,945 - INFO - Maximum log composite likelihood: -289.3932930449241.
2024-01-19 15:22:59,945 - INFO - Optimal value of theta: 5037.902357264535.
2024-01-19 15:22:59,946 - INFO - Beginning optimization with guess, [0.98607386].
2024-01-19 15:23:04,214 - INFO - Finished optimization with guess, [0.98607386].
2024-01-19 15:23:04,215 - INFO - Best fit parameters: [0.98607386].
2024-01-19 15:23:04,514 - INFO - Maximum log composite likelihood: -289.3932930449241.
2024-01-19 15:23:04,515 - INFO - Optimal value of theta: 5037.902357264535.
2024-01-19 15:23:04,515 - INFO - Beginning optimization with guess, [1.04189847].
2024-01-19 15:23:09,664 - INFO - Finished optimization with guess, [1.04189847].
2024-01-19 15:23:09,665 - INFO - Best fit parameters: [1.04189847].
2024-01-19 15:23:10,007 - INFO - Maximum log composite likelihood: -289.3932930449241.
2024-01-19 15:23:10,008 - INFO - Optimal value of theta: 5037.902357264535.
2024-01-19 15:23:10,009 - INFO - Beginning optimization with guess, [0.93176509].
2024-01-19 15:23:18,313 - INFO - Finished optimization with guess, [0.93176509].
2024-01-19 15:23:18,314 - INFO - Best fit parameters: [0.93176509].
2024-01-19 15:23:18,676 - INFO - Maximum log composite likelihood: -289.3932930449241.
2024-01-19 15:23:18,676 - INFO - Optimal value of theta: 5037.902357264535.
2024-01-19 15:23:18,676 - INFO - Beginning optimization with guess, [0.66933841].
2024-01-19 15:23:28,741 - INFO - Finished optimization with guess, [0.66933841].
2024-01-19 15:23:28,741 - INFO - Best fit parameters: [0.66933841].
2024-01-19 15:23:29,038 - INFO - Maximum log composite likelihood: -289.3932930449241.
2024-01-19 15:23:29,038 - INFO - Optimal value of theta: 5037.902357264535.
2024-01-19 15:23:29,038 - INFO - Beginning optimization with guess, [1.2381301].
2024-01-19 15:23:38,244 - INFO - Finished optimization with guess, [1.2381301].
2024-01-19 15:23:38,248 - INFO - Best fit parameters: [1.2381301].
2024-01-19 15:23:38,842 - INFO - Maximum log composite likelihood: -289.3932930449241.
2024-01-19 15:23:38,842 - INFO - Optimal value of theta: 5037.902357264535.
2024-01-19 15:23:38,842 - INFO - Beginning optimization with guess, [0.95430349].
2024-01-19 15:23:44,407 - INFO - Finished optimization with guess, [0.95430349].
2024-01-19 15:23:44,409 - INFO - Best fit parameters: [0.95430349].
2024-01-19 15:23:44,782 - INFO - Maximum log composite likelihood: -289.3932930449241.
2024-01-19 15:23:44,782 - INFO - Optimal value of theta: 5037.902357264535.
2024-01-19 15:23:44,783 - INFO - Beginning optimization with guess, [0.89663186].
2024-01-19 15:23:53,077 - INFO - Finished optimization with guess, [0.89663186].
2024-01-19 15:23:53,078 - INFO - Best fit parameters: [0.89663186].
2024-01-19 15:23:53,525 - INFO - Maximum log composite likelihood: -289.3932930449241.
2024-01-19 15:23:53,525 - INFO - Optimal value of theta: 5037.902357264535.
2024-01-19 15:23:53,525 - INFO - Beginning optimization with guess, [1.61426161].
2024-01-19 15:24:02,642 - INFO - Finished optimization with guess, [1.61426161].
2024-01-19 15:24:02,643 - INFO - Best fit parameters: [1.61426161].
2024-01-19 15:24:03,245 - INFO - Maximum log composite likelihood: -289.3932930449241.
2024-01-19 15:24:03,245 - INFO - Optimal value of theta: 5037.902357264535.
2024-01-19 15:24:03,246 - INFO - Beginning optimization with guess, [1.49933392].
2024-01-19 15:24:11,749 - INFO - Finished optimization with guess, [1.49933392].
2024-01-19 15:24:11,750 - INFO - Best fit parameters: [1.49933392].
2024-01-19 15:24:12,044 - INFO - Maximum log composite likelihood: -289.3932930449241.
2024-01-19 15:24:12,045 - INFO - Optimal value of theta: 5037.902357264535.
2024-01-19 15:24:12,045 - INFO - Beginning optimization with guess, [3.1433588].
2024-01-19 15:24:24,514 - INFO - Finished optimization with guess, [3.1433588].
2024-01-19 15:24:24,515 - INFO - Best fit parameters: [3.1433588].
2024-01-19 15:24:24,809 - INFO - Maximum log composite likelihood: -289.3932930449241.
2024-01-19 15:24:24,810 - INFO - Optimal value of theta: 5037.902357264535.
2024-01-19 15:24:24,810 - INFO - Beginning optimization with guess, [3.65035858].
2024-01-19 15:24:38,300 - INFO - Finished optimization with guess, [3.65035858].
2024-01-19 15:24:38,302 - INFO - Best fit parameters: [3.65035858].
2024-01-19 15:24:38,603 - INFO - Maximum log composite likelihood: -289.3932930449241.
2024-01-19 15:24:38,603 - INFO - Optimal value of theta: 5037.902357264535.
2024-01-19 15:24:38,604 - INFO - Beginning optimization with guess, [2.22232963].
2024-01-19 15:24:48,906 - INFO - Finished optimization with guess, [2.22232963].
2024-01-19 15:24:48,907 - INFO - Best fit parameters: [2.22232963].
2024-01-19 15:24:49,326 - INFO - Maximum log composite likelihood: -289.3932930449241.
2024-01-19 15:24:49,327 - INFO - Optimal value of theta: 5037.902357264535.
2024-01-19 15:24:49,327 - INFO - Beginning optimization with guess, [4.02734083].
2024-01-19 15:25:00,676 - INFO - Finished optimization with guess, [4.02734083].
2024-01-19 15:25:00,677 - INFO - Best fit parameters: [4.02734083].
2024-01-19 15:25:00,979 - INFO - Maximum log composite likelihood: -289.3932930449241.
2024-01-19 15:25:00,979 - INFO - Optimal value of theta: 5037.902357264535.
2024-01-19 15:25:00,980 - INFO - Beginning optimization with guess, [2.08032832].
2024-01-19 15:25:12,075 - INFO - Finished optimization with guess, [2.08032832].
2024-01-19 15:25:12,076 - INFO - Best fit parameters: [2.08032832].
2024-01-19 15:25:12,398 - INFO - Maximum log composite likelihood: -289.3932930449241.
2024-01-19 15:25:12,398 - INFO - Optimal value of theta: 5037.902357264535.
2024-01-19 15:25:12,399 - INFO - Beginning optimization with guess, [2.89131266].
2024-01-19 15:25:24,100 - INFO - Finished optimization with guess, [2.89131266].
2024-01-19 15:25:24,101 - INFO - Best fit parameters: [2.89131266].
2024-01-19 15:25:24,494 - INFO - Maximum log composite likelihood: -289.3932930449241.
2024-01-19 15:25:24,494 - INFO - Optimal value of theta: 5037.902357264535.
2024-01-19 15:25:24,495 - INFO - Beginning optimization with guess, [5.78526617].
2024-01-19 15:25:36,460 - INFO - Finished optimization with guess, [5.78526617].
2024-01-19 15:25:36,461 - INFO - Best fit parameters: [5.78526617].
2024-01-19 15:25:36,905 - INFO - Maximum log composite likelihood: -289.3932930449241.
2024-01-19 15:25:36,908 - INFO - Optimal value of theta: 5037.902357264535.
2024-01-19 15:25:36,909 - INFO - Beginning optimization with guess, [5.46451264].
2024-01-19 15:25:49,058 - INFO - Finished optimization with guess, [5.46451264].
2024-01-19 15:25:49,067 - INFO - Best fit parameters: [5.46451264].
2024-01-19 15:25:49,411 - INFO - Maximum log composite likelihood: -289.3932930449241.
2024-01-19 15:25:49,412 - INFO - Optimal value of theta: 5037.902357264535.
2024-01-19 15:25:49,412 - INFO - Beginning optimization with guess, [4.55637398].
2024-01-19 15:26:00,645 - INFO - Finished optimization with guess, [4.55637398].
2024-01-19 15:26:00,645 - INFO - Best fit parameters: [4.55637398].
2024-01-19 15:26:00,941 - INFO - Maximum log composite likelihood: -289.3932930449241.
2024-01-19 15:26:00,941 - INFO - Optimal value of theta: 5037.902357264535.
2024-01-19 15:26:00,942 - INFO - Beginning optimization with guess, [6.48492996].
2024-01-19 15:26:12,316 - INFO - Finished optimization with guess, [6.48492996].
2024-01-19 15:26:12,317 - INFO - Best fit parameters: [6.48492996].
2024-01-19 15:26:12,897 - INFO - Maximum log composite likelihood: -289.3932930449241.
2024-01-19 15:26:12,897 - INFO - Optimal value of theta: 5037.902357264535.
2024-01-19 15:26:12,909 - INFO - Beginning demographic inference for two-epoch demographic model.
2024-01-19 15:26:12,912 - INFO - Beginning optimization with guess, [0.11529771 0.01856146].
2024-01-19 15:26:49,524 - INFO - Finished optimization with guess, [0.11529771 0.01856146].
2024-01-19 15:26:49,525 - INFO - Best fit parameters: [0.66464128 0.75248891].
2024-01-19 15:26:49,861 - INFO - Maximum log composite likelihood: -196.69972786010544.
2024-01-19 15:26:49,861 - INFO - Optimal value of theta: 6900.201816403627.
2024-01-19 15:26:49,862 - INFO - Beginning optimization with guess, [0.32481547 0.00704273].
2024-01-19 15:27:28,946 - INFO - Finished optimization with guess, [0.32481547 0.00704273].
2024-01-19 15:27:28,947 - INFO - Best fit parameters: [0.50123268 0.80686088].
2024-01-19 15:27:29,441 - INFO - Maximum log composite likelihood: -193.6665262002989.
2024-01-19 15:27:29,441 - INFO - Optimal value of theta: 8970.357514456422.
2024-01-19 15:27:29,441 - INFO - Beginning optimization with guess, [0.36270899 0.0160994 ].
2024-01-19 15:28:05,405 - INFO - Finished optimization with guess, [0.36270899 0.0160994 ].
2024-01-19 15:28:05,406 - INFO - Best fit parameters: [0.56889135 0.7618632 ].
2024-01-19 15:28:05,991 - INFO - Maximum log composite likelihood: -193.7380637731826.
2024-01-19 15:28:05,992 - INFO - Optimal value of theta: 7905.250318627331.
2024-01-19 15:28:05,992 - INFO - Beginning optimization with guess, [0.21602095 0.01507407].
2024-01-19 15:28:43,990 - INFO - Finished optimization with guess, [0.21602095 0.01507407].
2024-01-19 15:28:43,991 - INFO - Best fit parameters: [0.49627708 0.8079891 ].
2024-01-19 15:28:44,641 - INFO - Maximum log composite likelihood: -193.66289509744752.
2024-01-19 15:28:44,642 - INFO - Optimal value of theta: 9058.466496959232.
2024-01-19 15:28:44,642 - INFO - Beginning optimization with guess, [0.43489854 0.00540016].
2024-01-19 15:29:18,193 - INFO - Finished optimization with guess, [0.43489854 0.00540016].
2024-01-19 15:29:18,194 - INFO - Best fit parameters: [0.47487569 0.81334009].
2024-01-19 15:29:18,540 - INFO - Maximum log composite likelihood: -193.65430898791146.
2024-01-19 15:29:18,540 - INFO - Optimal value of theta: 9465.506645728385.
2024-01-19 15:29:18,540 - INFO - Beginning optimization with guess, [0.653175   0.01592328].
2024-01-19 15:29:49,953 - INFO - Finished optimization with guess, [0.653175   0.01592328].
2024-01-19 15:29:49,954 - INFO - Best fit parameters: [0.51310374 0.79758619].
2024-01-19 15:29:50,289 - INFO - Maximum log composite likelihood: -193.66995795969638.
2024-01-19 15:29:50,289 - INFO - Optimal value of theta: 8755.49732137438.
2024-01-19 15:29:50,289 - INFO - Beginning optimization with guess, [0.39318434 0.01481773].
2024-01-19 15:30:23,064 - INFO - Finished optimization with guess, [0.39318434 0.01481773].
2024-01-19 15:30:23,065 - INFO - Best fit parameters: [0.48544655 0.80976927].
2024-01-19 15:30:23,402 - INFO - Maximum log composite likelihood: -193.65671526841948.
2024-01-19 15:30:23,402 - INFO - Optimal value of theta: 9257.162865788743.
2024-01-19 15:30:23,402 - INFO - Beginning optimization with guess, [0.48485599 0.00603976].
2024-01-19 15:30:56,601 - INFO - Finished optimization with guess, [0.48485599 0.00603976].
2024-01-19 15:30:56,603 - INFO - Best fit parameters: [0.48079566 0.81079659].
2024-01-19 15:30:56,954 - INFO - Maximum log composite likelihood: -193.65500033285412.
2024-01-19 15:30:56,954 - INFO - Optimal value of theta: 9346.327613671074.
2024-01-19 15:30:56,955 - INFO - Beginning optimization with guess, [1.37772856 0.01074079].
2024-01-19 15:31:39,713 - INFO - Finished optimization with guess, [1.37772856 0.01074079].
2024-01-19 15:31:39,715 - INFO - Best fit parameters: [0.44174438 0.81497119].
2024-01-19 15:31:40,060 - INFO - Maximum log composite likelihood: -193.64632389747658.
2024-01-19 15:31:40,060 - INFO - Optimal value of theta: 10173.693615987446.
2024-01-19 15:31:40,061 - INFO - Beginning optimization with guess, [0.82779921 0.00998738].
2024-01-19 15:32:14,538 - INFO - Finished optimization with guess, [0.82779921 0.00998738].
2024-01-19 15:32:14,539 - INFO - Best fit parameters: [0.41315069 0.81032965].
2024-01-19 15:32:14,975 - INFO - Maximum log composite likelihood: -193.64270760167142.
2024-01-19 15:32:14,975 - INFO - Optimal value of theta: 10877.055275377785.
2024-01-19 15:32:14,975 - INFO - Beginning optimization with guess, [1.09469154 0.00725607].
2024-01-19 15:32:53,804 - INFO - Finished optimization with guess, [1.09469154 0.00725607].
2024-01-19 15:32:53,805 - INFO - Best fit parameters: [0.43313684 0.81422408].
2024-01-19 15:32:54,160 - INFO - Maximum log composite likelihood: -193.6450620384021.
2024-01-19 15:32:54,161 - INFO - Optimal value of theta: 10375.75262649917.
2024-01-19 15:32:54,161 - INFO - Beginning optimization with guess, [2.45872122 0.01016458].
2024-01-19 15:33:29,047 - INFO - Finished optimization with guess, [2.45872122 0.01016458].
2024-01-19 15:33:29,057 - INFO - Best fit parameters: [0.59853192 0.71826429].
2024-01-19 15:33:29,707 - INFO - Maximum log composite likelihood: -193.8253130325977.
2024-01-19 15:33:29,707 - INFO - Optimal value of theta: 7499.707199946308.
2024-01-19 15:33:29,707 - INFO - Beginning optimization with guess, [1.90945258 0.01658841].
2024-01-19 15:34:03,128 - INFO - Finished optimization with guess, [1.90945258 0.01658841].
2024-01-19 15:34:03,137 - INFO - Best fit parameters: [0.4676055  0.81340486].
2024-01-19 15:34:03,822 - INFO - Maximum log composite likelihood: -193.65119237783688.
2024-01-19 15:34:03,822 - INFO - Optimal value of theta: 9610.127720303659.
2024-01-19 15:34:03,823 - INFO - Beginning optimization with guess, [3.81626516 0.01308032].
2024-01-19 15:34:35,273 - INFO - Finished optimization with guess, [3.81626516 0.01308032].
2024-01-19 15:34:35,273 - INFO - Best fit parameters: [0.45655137 0.81426628].
2024-01-19 15:34:35,614 - INFO - Maximum log composite likelihood: -193.64851453150823.
2024-01-19 15:34:35,614 - INFO - Optimal value of theta: 9842.230438774663.
2024-01-19 15:34:35,614 - INFO - Beginning optimization with guess, [3.5176833  0.01543685].
2024-01-19 15:35:09,476 - INFO - Finished optimization with guess, [3.5176833  0.01543685].
2024-01-19 15:35:09,482 - INFO - Best fit parameters: [0.50458304 0.80103506].
2024-01-19 15:35:09,881 - INFO - Maximum log composite likelihood: -193.66525205596008.
2024-01-19 15:35:09,881 - INFO - Optimal value of theta: 8902.33236605863.
2024-01-19 15:35:09,881 - INFO - Beginning optimization with guess, [1.98591816 0.01698444].
2024-01-19 15:35:44,102 - INFO - Finished optimization with guess, [1.98591816 0.01698444].
2024-01-19 15:35:44,104 - INFO - Best fit parameters: [0.52584813 0.78641126].
2024-01-19 15:35:44,852 - INFO - Maximum log composite likelihood: -193.68542141277726.
2024-01-19 15:35:44,852 - INFO - Optimal value of theta: 8536.060390577963.
2024-01-19 15:35:44,852 - INFO - Beginning optimization with guess, [1.95212942 0.00751556].
2024-01-19 15:36:19,266 - INFO - Finished optimization with guess, [1.95212942 0.00751556].
2024-01-19 15:36:19,273 - INFO - Best fit parameters: [0.51479778 0.7989217 ].
2024-01-19 15:36:19,660 - INFO - Maximum log composite likelihood: -193.67161396478173.
2024-01-19 15:36:19,660 - INFO - Optimal value of theta: 8730.705511436552.
2024-01-19 15:36:19,661 - INFO - Beginning optimization with guess, [4.04109502 0.00795708].
2024-01-19 15:36:50,208 - INFO - Finished optimization with guess, [4.04109502 0.00795708].
2024-01-19 15:36:50,208 - INFO - Best fit parameters: [0.56735658 0.7696909 ].
2024-01-19 15:36:50,737 - INFO - Maximum log composite likelihood: -193.7558712856503.
2024-01-19 15:36:50,737 - INFO - Optimal value of theta: 7936.093196830349.
2024-01-19 15:36:50,737 - INFO - Beginning optimization with guess, [4.01008212 0.01131135].
2024-01-19 15:37:21,354 - INFO - Finished optimization with guess, [4.01008212 0.01131135].
2024-01-19 15:37:21,355 - INFO - Best fit parameters: [0.58461959 0.74463758].
2024-01-19 15:37:21,685 - INFO - Maximum log composite likelihood: -193.77220820112439.
2024-01-19 15:37:21,685 - INFO - Optimal value of theta: 7691.664236163052.
2024-01-19 15:37:21,686 - INFO - Beginning optimization with guess, [6.06716577 0.00687845].
2024-01-19 15:37:53,435 - INFO - Finished optimization with guess, [6.06716577 0.00687845].
2024-01-19 15:37:53,435 - INFO - Best fit parameters: [0.53636367 0.79228576].
2024-01-19 15:37:53,767 - INFO - Maximum log composite likelihood: -193.70373962479016.
2024-01-19 15:37:53,768 - INFO - Optimal value of theta: 8390.290781068661.
2024-01-19 15:37:53,768 - INFO - Beginning optimization with guess, [2.13744783 0.01522616].
2024-01-19 15:38:26,195 - INFO - Finished optimization with guess, [2.13744783 0.01522616].
2024-01-19 15:38:26,196 - INFO - Best fit parameters: [0.56114852 0.75085919].
2024-01-19 15:38:26,524 - INFO - Maximum log composite likelihood: -193.769630505828.
2024-01-19 15:38:26,524 - INFO - Optimal value of theta: 7985.896605072732.
2024-01-19 15:38:26,525 - INFO - Beginning optimization with guess, [8.02726236e+00 7.44057980e-03].
2024-01-19 15:38:58,426 - INFO - Finished optimization with guess, [8.02726236e+00 7.44057980e-03].
2024-01-19 15:38:58,426 - INFO - Best fit parameters: [0.57934221 0.75002825].
2024-01-19 15:38:58,843 - INFO - Maximum log composite likelihood: -193.7585452972835.
2024-01-19 15:38:58,844 - INFO - Optimal value of theta: 7761.09119805409.
2024-01-19 15:38:58,844 - INFO - Beginning optimization with guess, [4.58650659 0.00615652].
2024-01-19 15:39:30,839 - INFO - Finished optimization with guess, [4.58650659 0.00615652].
2024-01-19 15:39:30,841 - INFO - Best fit parameters: [0.51531736 0.80486453].
2024-01-19 15:39:31,185 - INFO - Maximum log composite likelihood: -193.68798522837437.
2024-01-19 15:39:31,185 - INFO - Optimal value of theta: 8733.172745948601.
2024-01-19 15:39:31,185 - INFO - Beginning optimization with guess, [12.37072579  0.01589118].
2024-01-19 15:40:04,824 - INFO - Finished optimization with guess, [12.37072579  0.01589118].
2024-01-19 15:40:04,825 - INFO - Best fit parameters: [0.67519489 0.57627014].
2024-01-19 15:40:05,153 - INFO - Maximum log composite likelihood: -194.69015155008196.
2024-01-19 15:40:05,154 - INFO - Optimal value of theta: 6635.378481940814.
2024-01-19 15:40:05,154 - INFO - Beginning optimization with guess, [9.91292474 0.01243772].
2024-01-19 15:40:38,107 - INFO - Finished optimization with guess, [9.91292474 0.01243772].
2024-01-19 15:40:38,108 - INFO - Best fit parameters: [0.47920319 0.81239264].
2024-01-19 15:40:38,457 - INFO - Maximum log composite likelihood: -193.65558420257412.
2024-01-19 15:40:38,457 - INFO - Optimal value of theta: 9379.95704945412.
2024-01-19 15:40:38,460 - INFO - Beginning demographic inference for three-epoch demographic model.
2024-01-19 15:40:38,462 - INFO - Beginning optimization with guess, [0.01492624 0.00542309 0.00510177 0.00756119].
2024-01-19 15:41:32,172 - INFO - Finished optimization with guess, [0.01492624 0.00542309 0.00510177 0.00756119].
2024-01-19 15:41:32,179 - INFO - Best fit parameters: [0.01185866 0.00294821 0.00427796 0.02088871].
2024-01-19 15:41:32,876 - INFO - Maximum log composite likelihood: -193.63795091459247.
2024-01-19 15:41:32,876 - INFO - Optimal value of theta: 1523801.9450453562.
2024-01-19 15:41:32,876 - INFO - Beginning optimization with guess, [0.01180908 0.01254525 0.01518263 0.01699446].
2024-01-19 15:42:19,627 - INFO - Finished optimization with guess, [0.01180908 0.01254525 0.01518263 0.01699446].
2024-01-19 15:42:19,628 - INFO - Best fit parameters: [0.00669764 0.0100819  0.01923638 0.03298947].
2024-01-19 15:42:20,084 - INFO - Maximum log composite likelihood: -193.63796263948416.
2024-01-19 15:42:20,084 - INFO - Optimal value of theta: 445591.10672416113.
2024-01-19 15:42:20,085 - INFO - Beginning optimization with guess, [0.01846393 0.03366207 0.01478849 0.01249466].
2024-01-19 15:43:00,455 - INFO - Finished optimization with guess, [0.01846393 0.03366207 0.01478849 0.01249466].
2024-01-19 15:43:00,456 - INFO - Best fit parameters: [0.01239659 0.03623549 0.04462954 0.00688644].
2024-01-19 15:43:00,851 - INFO - Maximum log composite likelihood: -157.05947428187937.
2024-01-19 15:43:00,851 - INFO - Optimal value of theta: 139284.199032003.
2024-01-19 15:43:00,851 - INFO - Beginning optimization with guess, [0.04413288 0.07385835 0.00783249 0.01803289].
2024-01-19 15:43:40,495 - INFO - Finished optimization with guess, [0.04413288 0.07385835 0.00783249 0.01803289].
2024-01-19 15:43:40,496 - INFO - Best fit parameters: [4.35178164e-02 1.82915514e+00 1.13836620e-04 2.75665633e-03].
2024-01-19 15:43:40,798 - INFO - Maximum log composite likelihood: -287.0306095549281.
2024-01-19 15:43:40,798 - INFO - Optimal value of theta: 5075.693715083129.
2024-01-19 15:43:40,798 - INFO - Beginning optimization with guess, [0.03870452 0.08464805 0.01272418 0.01701573].
2024-01-19 15:44:18,269 - INFO - Finished optimization with guess, [0.03870452 0.08464805 0.01272418 0.01701573].
2024-01-19 15:44:18,269 - INFO - Best fit parameters: [2.05217251e-02 1.52124327e+00 1.22748709e-03 2.65150820e-02].
2024-01-19 15:44:18,566 - INFO - Maximum log composite likelihood: -213.45970485609791.
2024-01-19 15:44:18,567 - INFO - Optimal value of theta: 5734.495020834532.
2024-01-19 15:44:18,568 - INFO - Beginning optimization with guess, [0.31403871 0.60243733 0.00594679 0.009903  ].
2024-01-19 15:44:55,962 - INFO - Finished optimization with guess, [0.31403871 0.60243733 0.00594679 0.009903  ].
2024-01-19 15:44:55,969 - INFO - Best fit parameters: [0.21807569 0.76172485 0.00094899 0.47160907].
2024-01-19 15:44:56,669 - INFO - Maximum log composite likelihood: -199.13223123908529.
2024-01-19 15:44:56,669 - INFO - Optimal value of theta: 6002.667216906083.
2024-01-19 15:44:56,669 - INFO - Beginning optimization with guess, [1.32262427 0.51729145 0.01355378 0.01424712].
2024-01-19 15:45:28,686 - INFO - Finished optimization with guess, [1.32262427 0.51729145 0.01355378 0.01424712].
2024-01-19 15:45:28,687 - INFO - Best fit parameters: [1.36030940e+00 9.08335233e-01 7.18484893e-05 5.33197441e-03].
2024-01-19 15:45:29,002 - INFO - Maximum log composite likelihood: -288.6535552616883.
2024-01-19 15:45:29,002 - INFO - Optimal value of theta: 5054.758511751806.
2024-01-19 15:45:29,003 - INFO - Beginning optimization with guess, [1.48765515 0.85414639 0.0161134  0.00579895].
2024-01-19 15:46:10,969 - INFO - Finished optimization with guess, [1.48765515 0.85414639 0.0161134  0.00579895].
2024-01-19 15:46:10,970 - INFO - Best fit parameters: [1.12915478 0.7095804  0.0014567  0.54074224].
2024-01-19 15:46:11,287 - INFO - Maximum log composite likelihood: -195.4619894598668.
2024-01-19 15:46:11,287 - INFO - Optimal value of theta: 6359.383484936993.
2024-01-19 15:46:11,287 - INFO - Beginning optimization with guess, [1.18713539 0.82785715 0.00558677 0.00669993].
2024-01-19 15:46:53,601 - INFO - Finished optimization with guess, [1.18713539 0.82785715 0.00558677 0.00669993].
2024-01-19 15:46:53,603 - INFO - Best fit parameters: [1.12461715e+00 5.70343264e-01 5.67068200e-08 7.72613172e-01].
2024-01-19 15:46:54,264 - INFO - Maximum log composite likelihood: -193.79550877997644.
2024-01-19 15:46:54,264 - INFO - Optimal value of theta: 7903.05476824699.
2024-01-19 15:46:54,264 - INFO - Beginning optimization with guess, [0.67873806 1.01542632 0.01114261 0.00798129].
2024-01-19 15:47:30,680 - INFO - Finished optimization with guess, [0.67873806 1.01542632 0.01114261 0.00798129].
2024-01-19 15:47:30,681 - INFO - Best fit parameters: [0.5490721  1.01906708 0.23344326 0.02649583].
2024-01-19 15:47:31,076 - INFO - Maximum log composite likelihood: -142.94238533136877.
2024-01-19 15:47:31,076 - INFO - Optimal value of theta: 6367.305535823412.
2024-01-19 15:47:31,076 - INFO - Beginning optimization with guess, [0.83259445 0.81612139 0.00615431 0.01010744].
2024-01-19 15:48:13,621 - INFO - Finished optimization with guess, [0.83259445 0.81612139 0.00615431 0.01010744].
2024-01-19 15:48:13,623 - INFO - Best fit parameters: [1.11597400e+00 5.86306964e-01 3.61719224e-06 7.57316592e-01].
2024-01-19 15:48:14,297 - INFO - Maximum log composite likelihood: -193.83941318741267.
2024-01-19 15:48:14,297 - INFO - Optimal value of theta: 7689.865898096204.
2024-01-19 15:48:14,298 - INFO - Beginning optimization with guess, [1.84477382 1.29750353 0.00645402 0.00671875].
2024-01-19 15:48:52,911 - INFO - Finished optimization with guess, [1.84477382 1.29750353 0.00645402 0.00671875].
2024-01-19 15:48:52,913 - INFO - Best fit parameters: [2.11571995e+00 7.40552529e-01 1.30738828e-08 5.80328082e-01].
2024-01-19 15:48:53,243 - INFO - Maximum log composite likelihood: -198.34809295467562.
2024-01-19 15:48:53,243 - INFO - Optimal value of theta: 6199.059825379643.
2024-01-19 15:48:53,244 - INFO - Beginning optimization with guess, [1.80848281 0.93390273 0.01384653 0.00737615].
2024-01-19 15:49:33,326 - INFO - Finished optimization with guess, [1.80848281 0.93390273 0.01384653 0.00737615].
2024-01-19 15:49:33,328 - INFO - Best fit parameters: [0.55873531 0.68586556 0.23841958 0.22031727].
2024-01-19 15:49:34,060 - INFO - Maximum log composite likelihood: -187.7335785750829.
2024-01-19 15:49:34,061 - INFO - Optimal value of theta: 6685.843271744646.
2024-01-19 15:49:34,061 - INFO - Beginning optimization with guess, [1.04013206 3.4537377  0.0067955  0.00710417].
2024-01-19 15:50:17,829 - INFO - Finished optimization with guess, [1.04013206 3.4537377  0.0067955  0.00710417].
2024-01-19 15:50:17,831 - INFO - Best fit parameters: [1.01202451e+00 4.38322981e-11 8.42177068e-22 3.27850505e-69].
2024-01-19 15:50:18,535 - INFO - Maximum log composite likelihood: -289.3932930449139.
2024-01-19 15:50:18,536 - INFO - Optimal value of theta: 5037.902357264543.
2024-01-19 15:50:18,537 - INFO - Beginning optimization with guess, [1.35826074 2.54066274 0.00528867 0.0120434 ].
2024-01-19 15:50:56,496 - INFO - Finished optimization with guess, [1.35826074 2.54066274 0.00528867 0.0120434 ].
2024-01-19 15:50:56,508 - INFO - Best fit parameters: [5.49888072e-01 7.19882536e-01 2.24037069e-04 6.66678644e-01].
2024-01-19 15:50:57,146 - INFO - Maximum log composite likelihood: -198.62794216116868.
2024-01-19 15:50:57,147 - INFO - Optimal value of theta: 6400.10950091928.
2024-01-19 15:50:57,147 - INFO - Beginning optimization with guess, [2.12340601 1.59649305 0.01970915 0.00760677].
2024-01-19 15:51:35,614 - INFO - Finished optimization with guess, [2.12340601 1.59649305 0.01970915 0.00760677].
2024-01-19 15:51:35,615 - INFO - Best fit parameters: [5.61712745e-01 6.53092823e-01 1.73261273e-07 5.94932775e-01].
2024-01-19 15:51:35,935 - INFO - Maximum log composite likelihood: -194.69347338110833.
2024-01-19 15:51:35,935 - INFO - Optimal value of theta: 6828.661123158691.
2024-01-19 15:51:35,936 - INFO - Beginning optimization with guess, [3.16692131 4.62997415 0.00627955 0.01209086].
2024-01-19 15:52:18,438 - INFO - Finished optimization with guess, [3.16692131 4.62997415 0.00627955 0.01209086].
2024-01-19 15:52:18,440 - INFO - Best fit parameters: [7.90664477e-01 3.21731675e+01 7.31806883e-01 2.71351382e-04].
2024-01-19 15:52:18,767 - INFO - Maximum log composite likelihood: -210.60101684346114.
2024-01-19 15:52:18,768 - INFO - Optimal value of theta: 5976.256554446476.
2024-01-19 15:52:18,768 - INFO - Beginning optimization with guess, [3.95772937 3.40752396 0.0062201  0.01013047].
2024-01-19 15:52:58,916 - INFO - Finished optimization with guess, [3.95772937 3.40752396 0.0062201  0.01013047].
2024-01-19 15:52:58,917 - INFO - Best fit parameters: [2.47579978e+01 8.24110333e-01 1.74096470e-05 6.88898592e-01].
2024-01-19 15:52:59,241 - INFO - Maximum log composite likelihood: -219.2540200006797.
2024-01-19 15:52:59,242 - INFO - Optimal value of theta: 5787.648188047575.
2024-01-19 15:52:59,242 - INFO - Beginning optimization with guess, [2.34018534 2.641703   0.00765782 0.01111353].
2024-01-19 15:53:40,405 - INFO - Finished optimization with guess, [2.34018534 2.641703   0.00765782 0.01111353].
2024-01-19 15:53:40,419 - INFO - Best fit parameters: [6.00106616e+00 6.15600342e-01 1.59428072e-05 6.81078828e-01].
2024-01-19 15:53:41,116 - INFO - Maximum log composite likelihood: -193.9914943936551.
2024-01-19 15:53:41,116 - INFO - Optimal value of theta: 7273.732028262203.
2024-01-19 15:53:41,116 - INFO - Beginning optimization with guess, [2.53807247 4.6490045  0.01862113 0.00830048].
2024-01-19 15:54:25,266 - INFO - Finished optimization with guess, [2.53807247 4.6490045  0.01862113 0.00830048].
2024-01-19 15:54:25,268 - INFO - Best fit parameters: [6.98375352e-01 3.24490844e+01 4.15239191e-01 1.67602137e-03].
2024-01-19 15:54:26,125 - INFO - Maximum log composite likelihood: -168.6007182914443.
2024-01-19 15:54:26,126 - INFO - Optimal value of theta: 6198.296332077141.
2024-01-19 15:54:26,127 - INFO - Beginning optimization with guess, [3.86090377 4.2083684  0.00888341 0.01681006].
2024-01-19 15:55:06,716 - INFO - Finished optimization with guess, [3.86090377 4.2083684  0.00888341 0.01681006].
2024-01-19 15:55:06,717 - INFO - Best fit parameters: [2.51142521e-02 8.51538496e-01 1.66753937e-06 4.21592410e-01].
2024-01-19 15:55:07,391 - INFO - Maximum log composite likelihood: -217.69470315485387.
2024-01-19 15:55:07,391 - INFO - Optimal value of theta: 5549.613010760477.
2024-01-19 15:55:07,392 - INFO - Beginning optimization with guess, [7.08561663e+00 8.61636202e+00 1.07477707e-02 7.22148979e-03].
2024-01-19 15:55:49,567 - INFO - Finished optimization with guess, [7.08561663e+00 8.61636202e+00 1.07477707e-02 7.22148979e-03].
2024-01-19 15:55:49,568 - INFO - Best fit parameters: [5.27493707e-01 3.11076671e+01 1.14775938e-01 8.30582731e-03].
2024-01-19 15:55:49,880 - INFO - Maximum log composite likelihood: -193.5124940339049.
2024-01-19 15:55:49,880 - INFO - Optimal value of theta: 5962.9551903356.
2024-01-19 15:55:49,881 - INFO - Beginning optimization with guess, [4.71825618e+00 8.43632896e+00 7.76426611e-03 1.11440019e-02].
2024-01-19 15:56:31,871 - INFO - Finished optimization with guess, [4.71825618e+00 8.43632896e+00 7.76426611e-03 1.11440019e-02].
2024-01-19 15:56:31,874 - INFO - Best fit parameters: [7.02368438e-01 2.26017944e+01 2.07109876e-01 5.69522497e-03].
2024-01-19 15:56:32,494 - INFO - Maximum log composite likelihood: -168.81537180598707.
2024-01-19 15:56:32,494 - INFO - Optimal value of theta: 5677.7787953247325.
2024-01-19 15:56:32,495 - INFO - Beginning optimization with guess, [9.40709066e+00 8.33190520e+00 7.13335633e-03 9.74927271e-03].
2024-01-19 15:57:10,554 - INFO - Finished optimization with guess, [9.40709066e+00 8.33190520e+00 7.13335633e-03 9.74927271e-03].
2024-01-19 15:57:10,555 - INFO - Best fit parameters: [1.82569459e+00 9.46838856e-01 8.99545266e-05 8.36975584e-02].
2024-01-19 15:57:11,157 - INFO - Maximum log composite likelihood: -272.8961628656225.
2024-01-19 15:57:11,158 - INFO - Optimal value of theta: 5117.45066534989.
2024-01-19 15:57:11,159 - INFO - Beginning optimization with guess, [1.00795172e+01 5.38642101e+00 7.22994244e-03 6.72906978e-03].
2024-01-19 15:57:54,203 - INFO - Finished optimization with guess, [1.00795172e+01 5.38642101e+00 7.22994244e-03 6.72906978e-03].
2024-01-19 15:57:54,209 - INFO - Best fit parameters: [1.66944996e-04 8.17931990e-01 2.31170953e-07 2.99816938e-02].
2024-01-19 15:57:54,594 - INFO - Maximum log composite likelihood: -278.87371250861474.
2024-01-19 15:57:54,594 - INFO - Optimal value of theta: 5223.026880572976.
2024-01-19 15:57:54,596 - INFO - Finished demographic inference.
2024-01-19 15:57:54,596 - INFO - Pipeline executed succesfully.
