2025-01-31 15:55:17,914 - INFO - Beginning execution of fit_demographic_model.py in directory /u/scratch/j/jonmah/sample_size_demography/Scripts

2025-01-31 15:55:17,914 - INFO - Progress is being logged to ../Analysis/1kg_EUR_700/log.log

2025-01-31 15:55:17,914 - INFO - Parsed the following arguments:
	syn_input_sfs = ../Analysis/1kg_EUR_700/syn_downsampled_sfs.txt
	mask_singletons = False
	mask_doubletons = False
	outprefix = ../Analysis/1kg_EUR_700/

2025-01-31 15:55:17,917 - INFO - Beginning demographic inference for two-epoch demographic model.
2025-01-31 15:55:17,918 - INFO - Beginning optimization with guess, [0.0073563  0.08592139].
2025-01-31 15:57:32,083 - INFO - Finished optimization with guess, [0.0073563  0.08592139].
2025-01-31 15:57:32,093 - INFO - Best fit parameters: [0.00941586 0.0723529 ].
2025-01-31 15:57:35,169 - INFO - Maximum log composite likelihood: -1391.4171100699139.
2025-01-31 15:57:35,169 - INFO - Optimal value of theta: 546520.5848822816.
2025-01-31 15:57:35,170 - INFO - Beginning optimization with guess, [0.05647189 0.05236579].
2025-01-31 15:59:42,450 - INFO - Finished optimization with guess, [0.05647189 0.05236579].
2025-01-31 15:59:42,451 - INFO - Best fit parameters: [0.02604219 0.17311881].
2025-01-31 15:59:45,457 - INFO - Maximum log composite likelihood: -1391.4171104343293.
2025-01-31 15:59:45,457 - INFO - Optimal value of theta: 197600.1349474521.
2025-01-31 15:59:45,457 - INFO - Beginning optimization with guess, [1.96584994 0.18147317].
2025-01-31 16:02:05,568 - INFO - Finished optimization with guess, [1.96584994 0.18147317].
2025-01-31 16:02:05,569 - INFO - Best fit parameters: [1.66595947 0.00574148].
2025-01-31 16:02:08,253 - INFO - Maximum log composite likelihood: -1234.5801659074964.
2025-01-31 16:02:08,253 - INFO - Optimal value of theta: 4940.148724021724.
2025-01-31 16:02:08,253 - INFO - Beginning optimization with guess, [1.95753614 0.0915311 ].
2025-01-31 16:04:13,378 - INFO - Finished optimization with guess, [1.95753614 0.0915311 ].
2025-01-31 16:04:13,427 - INFO - Best fit parameters: [1.66345424 0.00554621].
2025-01-31 16:04:16,096 - INFO - Maximum log composite likelihood: -1234.6419809845393.
2025-01-31 16:04:16,097 - INFO - Optimal value of theta: 4947.524339036096.
2025-01-31 16:04:16,097 - INFO - Beginning optimization with guess, [9.36072305 0.10776015].
2025-01-31 16:06:28,227 - INFO - Finished optimization with guess, [9.36072305 0.10776015].
2025-01-31 16:06:28,228 - INFO - Best fit parameters: [1.65929257 0.00572852].
2025-01-31 16:06:31,058 - INFO - Maximum log composite likelihood: -1234.5915607383743.
2025-01-31 16:06:31,058 - INFO - Optimal value of theta: 4942.756078267015.
2025-01-31 16:06:31,059 - INFO - Beginning optimization with guess, [6.98679676 0.1405625 ].
2025-01-31 16:08:50,995 - INFO - Finished optimization with guess, [6.98679676 0.1405625 ].
2025-01-31 16:08:51,130 - INFO - Best fit parameters: [1.71992818 0.0049599 ].
2025-01-31 16:08:54,076 - INFO - Maximum log composite likelihood: -1234.9695257024555.
2025-01-31 16:08:54,076 - INFO - Optimal value of theta: 4951.793390448704.
2025-01-31 16:08:54,077 - INFO - Beginning optimization with guess, [18.03721799  0.1214796 ].
2025-01-31 16:11:07,126 - INFO - Finished optimization with guess, [18.03721799  0.1214796 ].
2025-01-31 16:11:07,127 - INFO - Best fit parameters: [1.67021777 0.0056029 ].
2025-01-31 16:11:09,954 - INFO - Maximum log composite likelihood: -1234.592466278867.
2025-01-31 16:11:09,954 - INFO - Optimal value of theta: 4943.438287397681.
2025-01-31 16:11:09,954 - INFO - Beginning optimization with guess, [9.51249748 0.15437705].
2025-01-31 16:13:22,069 - INFO - Finished optimization with guess, [9.51249748 0.15437705].
2025-01-31 16:13:22,665 - INFO - Best fit parameters: [1.5678145  0.00675786].
2025-01-31 16:13:25,513 - INFO - Maximum log composite likelihood: -1234.8382393403947.
2025-01-31 16:13:25,513 - INFO - Optimal value of theta: 4938.211170834441.
2025-01-31 16:13:25,514 - INFO - Beginning optimization with guess, [28.93325004  0.05954237].
2025-01-31 16:15:42,927 - INFO - Finished optimization with guess, [28.93325004  0.05954237].
2025-01-31 16:15:43,016 - INFO - Best fit parameters: [1.53722108 0.0073716 ].
2025-01-31 16:15:45,877 - INFO - Maximum log composite likelihood: -1234.621227122074.
2025-01-31 16:15:45,877 - INFO - Optimal value of theta: 4928.145118895717.
2025-01-31 16:15:45,877 - INFO - Beginning optimization with guess, [14.52083654  0.0684361 ].
2025-01-31 16:18:06,268 - INFO - Finished optimization with guess, [14.52083654  0.0684361 ].
2025-01-31 16:18:06,270 - INFO - Best fit parameters: [1.53772808 0.00738076].
2025-01-31 16:18:09,094 - INFO - Maximum log composite likelihood: -1234.6214561926454.
2025-01-31 16:18:09,095 - INFO - Optimal value of theta: 4927.64066287239.
2025-01-31 16:18:09,095 - INFO - Beginning optimization with guess, [15.08620291  0.05089745].
2025-01-31 16:20:31,883 - INFO - Finished optimization with guess, [15.08620291  0.05089745].
2025-01-31 16:20:31,885 - INFO - Best fit parameters: [1.66823369 0.00570367].
2025-01-31 16:20:34,691 - INFO - Maximum log composite likelihood: -1234.5802282822683.
2025-01-31 16:20:34,691 - INFO - Optimal value of theta: 4940.674029662152.
2025-01-31 16:20:34,691 - INFO - Beginning optimization with guess, [47.53510305  0.06356571].
2025-01-31 16:22:50,775 - INFO - Finished optimization with guess, [47.53510305  0.06356571].
2025-01-31 16:22:50,776 - INFO - Best fit parameters: [1.53673179 0.00735592].
2025-01-31 16:22:53,599 - INFO - Maximum log composite likelihood: -1234.6219669984866.
2025-01-31 16:22:53,599 - INFO - Optimal value of theta: 4928.854212507582.
2025-01-31 16:22:53,600 - INFO - Beginning optimization with guess, [47.88716936  0.11386124].
2025-01-31 16:25:04,648 - INFO - Finished optimization with guess, [47.88716936  0.11386124].
2025-01-31 16:25:04,649 - INFO - Best fit parameters: [1.3272092  0.01533227].
2025-01-31 16:25:07,428 - INFO - Maximum log composite likelihood: -1251.4074892178328.
2025-01-31 16:25:07,428 - INFO - Optimal value of theta: 4910.0781189805175.
2025-01-31 16:25:07,428 - INFO - Beginning optimization with guess, [58.73111342  0.06469884].
2025-01-31 16:27:12,887 - INFO - Finished optimization with guess, [58.73111342  0.06469884].
2025-01-31 16:27:12,888 - INFO - Best fit parameters: [1.53293414 0.00740251].
2025-01-31 16:27:15,699 - INFO - Maximum log composite likelihood: -1234.625285073846.
2025-01-31 16:27:15,699 - INFO - Optimal value of theta: 4928.921094956158.
2025-01-31 16:27:15,700 - INFO - Beginning optimization with guess, [27.77271634  0.13389117].
2025-01-31 16:29:37,691 - INFO - Finished optimization with guess, [27.77271634  0.13389117].
2025-01-31 16:29:37,692 - INFO - Best fit parameters: [1.24602698 0.02309367].
2025-01-31 16:29:40,506 - INFO - Maximum log composite likelihood: -1275.2198651160916.
2025-01-31 16:29:40,506 - INFO - Optimal value of theta: 4922.446767279769.
2025-01-31 16:29:40,506 - INFO - Beginning optimization with guess, [8.67684842e+01 7.06907296e-02].
2025-01-31 16:31:57,406 - INFO - Finished optimization with guess, [8.67684842e+01 7.06907296e-02].
2025-01-31 16:31:57,407 - INFO - Best fit parameters: [1.53567953 0.00747648].
2025-01-31 16:32:00,494 - INFO - Maximum log composite likelihood: -1234.6331634230112.
2025-01-31 16:32:00,494 - INFO - Optimal value of theta: 4925.4258082616825.
2025-01-31 16:32:00,494 - INFO - Beginning optimization with guess, [8.29261823e+01 8.16672757e-02].
2025-01-31 16:34:21,776 - INFO - Finished optimization with guess, [8.29261823e+01 8.16672757e-02].
2025-01-31 16:34:21,777 - INFO - Best fit parameters: [1.53229193 0.00705475].
2025-01-31 16:34:24,478 - INFO - Maximum log composite likelihood: -1234.830503256439.
2025-01-31 16:34:24,478 - INFO - Optimal value of theta: 4940.648779577493.
2025-01-31 16:34:24,478 - INFO - Beginning optimization with guess, [86.78373464  0.12174654].
2025-01-31 16:36:43,313 - INFO - Finished optimization with guess, [86.78373464  0.12174654].
2025-01-31 16:36:43,314 - INFO - Best fit parameters: [1.60432811 0.00597361].
2025-01-31 16:36:46,151 - INFO - Maximum log composite likelihood: -1235.1440308202832.
2025-01-31 16:36:46,151 - INFO - Optimal value of theta: 4953.687980652389.
2025-01-31 16:36:46,152 - INFO - Beginning optimization with guess, [9.23719775e+01 8.94614185e-02].
2025-01-31 16:39:04,792 - INFO - Finished optimization with guess, [9.23719775e+01 8.94614185e-02].
2025-01-31 16:39:04,793 - INFO - Best fit parameters: [1.52926356 0.00754307].
2025-01-31 16:39:07,605 - INFO - Maximum log composite likelihood: -1234.6413477460421.
2025-01-31 16:39:07,605 - INFO - Optimal value of theta: 4926.045805754609.
2025-01-31 16:39:07,606 - INFO - Beginning optimization with guess, [1.50527945e+02 7.92012676e-02].
2025-01-31 16:41:28,852 - INFO - Finished optimization with guess, [1.50527945e+02 7.92012676e-02].
2025-01-31 16:41:28,853 - INFO - Best fit parameters: [1.49072397 0.00867022].
2025-01-31 16:41:31,670 - INFO - Maximum log composite likelihood: -1235.526119908178.
2025-01-31 16:41:31,671 - INFO - Optimal value of theta: 4913.171130135161.
2025-01-31 16:41:31,671 - INFO - Beginning optimization with guess, [1.95236509e+02 1.12803807e-01].
2025-01-31 16:43:48,622 - INFO - Finished optimization with guess, [1.95236509e+02 1.12803807e-01].
2025-01-31 16:43:48,623 - INFO - Best fit parameters: [1.67105181 0.00537726].
2025-01-31 16:43:51,436 - INFO - Maximum log composite likelihood: -1234.7182749058268.
2025-01-31 16:43:51,437 - INFO - Optimal value of theta: 4950.947450897525.
2025-01-31 16:43:51,437 - INFO - Beginning optimization with guess, [2.59082795e+02 6.34685205e-02].
2025-01-31 16:46:01,373 - INFO - Finished optimization with guess, [2.59082795e+02 6.34685205e-02].
2025-01-31 16:46:01,374 - INFO - Best fit parameters: [1.55460925 0.00701989].
2025-01-31 16:46:04,201 - INFO - Maximum log composite likelihood: -1234.6873844097615.
2025-01-31 16:46:04,201 - INFO - Optimal value of theta: 4933.255295502555.
2025-01-31 16:46:04,201 - INFO - Beginning optimization with guess, [1.64158627e+02 6.44054313e-02].
2025-01-31 16:48:19,156 - INFO - Finished optimization with guess, [1.64158627e+02 6.44054313e-02].
2025-01-31 16:48:19,157 - INFO - Best fit parameters: [1.63961448 0.00626587].
2025-01-31 16:48:21,818 - INFO - Maximum log composite likelihood: -1234.742820069062.
2025-01-31 16:48:21,818 - INFO - Optimal value of theta: 4932.347833550469.
2025-01-31 16:48:21,819 - INFO - Beginning optimization with guess, [124.04013156   0.19491097].
2025-01-31 16:50:36,534 - INFO - Finished optimization with guess, [124.04013156   0.19491097].
2025-01-31 16:50:36,535 - INFO - Best fit parameters: [1.53465533 0.00739151].
2025-01-31 16:50:39,211 - INFO - Maximum log composite likelihood: -1234.62299441942.
2025-01-31 16:50:39,211 - INFO - Optimal value of theta: 4928.560447281412.
2025-01-31 16:50:39,211 - INFO - Beginning optimization with guess, [1.89358052e+02 1.30884426e-01].
2025-01-31 16:52:53,785 - INFO - Finished optimization with guess, [1.89358052e+02 1.30884426e-01].
2025-01-31 16:52:53,786 - INFO - Best fit parameters: [1.66578074 0.00573775].
2025-01-31 16:52:56,547 - INFO - Maximum log composite likelihood: -1234.5801303247679.
2025-01-31 16:52:56,547 - INFO - Optimal value of theta: 4940.3314534109295.
2025-01-31 16:52:56,557 - INFO - Beginning demographic inference for three-epoch demographic model.
2025-01-31 16:52:56,562 - INFO - Beginning optimization with guess, [0.00718999 0.01633715 0.08087417 0.10203906].
2025-01-31 16:55:27,876 - INFO - Finished optimization with guess, [0.00718999 0.01633715 0.08087417 0.10203906].
2025-01-31 16:55:27,877 - INFO - Best fit parameters: [0.01471287 0.0206172  0.0497746  0.06821525].
2025-01-31 16:55:30,745 - INFO - Maximum log composite likelihood: -1391.4178818720686.
2025-01-31 16:55:30,745 - INFO - Optimal value of theta: 249552.34862026473.
2025-01-31 16:55:30,746 - INFO - Beginning optimization with guess, [0.10979947 0.10960618 0.08016983 0.13595823].
2025-01-31 16:57:51,754 - INFO - Finished optimization with guess, [0.10979947 0.10960618 0.08016983 0.13595823].
2025-01-31 16:57:51,755 - INFO - Best fit parameters: [0.0657145  0.07295028 0.07621567 0.32332511].
2025-01-31 16:57:54,673 - INFO - Maximum log composite likelihood: -1391.4357715957453.
2025-01-31 16:57:54,673 - INFO - Optimal value of theta: 70600.46595566362.
2025-01-31 16:57:54,674 - INFO - Beginning optimization with guess, [0.28347469 0.6923209  0.13994331 0.08019325].
2025-01-31 17:00:02,605 - INFO - Finished optimization with guess, [0.28347469 0.6923209  0.13994331 0.08019325].
2025-01-31 17:00:02,680 - INFO - Best fit parameters: [0.48571913 1.15353503 0.08060836 0.02991671].
2025-01-31 17:00:05,787 - INFO - Maximum log composite likelihood: -1062.636294192332.
2025-01-31 17:00:05,787 - INFO - Optimal value of theta: 5803.346123343994.
2025-01-31 17:00:05,787 - INFO - Beginning optimization with guess, [0.99012819 0.73211741 0.05381644 0.13524176].
2025-01-31 17:02:23,426 - INFO - Finished optimization with guess, [0.99012819 0.73211741 0.05381644 0.13524176].
2025-01-31 17:02:23,429 - INFO - Best fit parameters: [0.9846262  1.00092621 0.0142845  0.22706907].
2025-01-31 17:02:26,470 - INFO - Maximum log composite likelihood: -1402.2099299614822.
2025-01-31 17:02:26,470 - INFO - Optimal value of theta: 5249.824222811843.
2025-01-31 17:02:26,471 - INFO - Beginning optimization with guess, [2.62803568 4.34506357 0.17549248 0.12164975].
2025-01-31 17:04:41,187 - INFO - Finished optimization with guess, [2.62803568 4.34506357 0.17549248 0.12164975].
2025-01-31 17:04:41,229 - INFO - Best fit parameters: [2.35250077 1.08651008 0.06021733 0.07648022].
2025-01-31 17:04:44,235 - INFO - Maximum log composite likelihood: -1626.992947427017.
2025-01-31 17:04:44,235 - INFO - Optimal value of theta: 4782.676354223395.
2025-01-31 17:04:44,236 - INFO - Beginning optimization with guess, [6.43058145 6.56575103 0.06265788 0.10792468].
2025-01-31 17:06:46,128 - INFO - Finished optimization with guess, [6.43058145 6.56575103 0.06265788 0.10792468].
2025-01-31 17:06:46,129 - INFO - Best fit parameters: [9.33730686 1.08235653 0.0170232  0.08231322].
2025-01-31 17:06:49,118 - INFO - Maximum log composite likelihood: -1490.430132609299.
2025-01-31 17:06:49,118 - INFO - Optimal value of theta: 4925.640656436253.
2025-01-31 17:06:49,118 - INFO - Beginning optimization with guess, [3.98144739 8.14520168 0.181094   0.06977209].
2025-01-31 17:08:56,892 - INFO - Finished optimization with guess, [3.98144739 8.14520168 0.181094   0.06977209].
2025-01-31 17:08:57,051 - INFO - Best fit parameters: [3.50758146 0.80100875 0.06456178 0.01647791].
2025-01-31 17:08:59,991 - INFO - Maximum log composite likelihood: -2268.705680289401.
2025-01-31 17:08:59,991 - INFO - Optimal value of theta: 4533.368138459499.
2025-01-31 17:08:59,991 - INFO - Beginning optimization with guess, [8.07345992 5.40529004 0.16756573 0.12159893].
2025-01-31 17:11:09,147 - INFO - Finished optimization with guess, [8.07345992 5.40529004 0.16756573 0.12159893].
2025-01-31 17:11:09,148 - INFO - Best fit parameters: [8.92170567 1.10990711 0.0700223  0.06608584].
2025-01-31 17:11:12,002 - INFO - Maximum log composite likelihood: -1991.8513136475945.
2025-01-31 17:11:12,002 - INFO - Optimal value of theta: 4435.72191533088.
2025-01-31 17:11:12,003 - INFO - Beginning optimization with guess, [6.88679498 5.83927289 0.07593721 0.1218744 ].
2025-01-31 17:13:24,895 - INFO - Finished optimization with guess, [6.88679498 5.83927289 0.07593721 0.1218744 ].
2025-01-31 17:13:24,897 - INFO - Best fit parameters: [7.63532938 1.12998334 0.02441496 0.08587477].
2025-01-31 17:13:27,746 - INFO - Maximum log composite likelihood: -1535.2206867713426.
2025-01-31 17:13:27,746 - INFO - Optimal value of theta: 4779.714737769079.
2025-01-31 17:13:27,746 - INFO - Beginning optimization with guess, [10.84804663 19.23773163  0.15024892  0.14639383].
2025-01-31 17:15:30,858 - INFO - Finished optimization with guess, [10.84804663 19.23773163  0.15024892  0.14639383].
2025-01-31 17:15:30,859 - INFO - Best fit parameters: [18.04398267  0.8549273   0.05704353  0.118648  ].
2025-01-31 17:15:33,712 - INFO - Maximum log composite likelihood: -1795.268233253793.
2025-01-31 17:15:33,713 - INFO - Optimal value of theta: 5385.21515031756.
2025-01-31 17:15:33,713 - INFO - Beginning optimization with guess, [16.97357145 23.73521266  0.1987622   0.106856  ].
2025-01-31 17:17:37,150 - INFO - Finished optimization with guess, [16.97357145 23.73521266  0.1987622   0.106856  ].
2025-01-31 17:17:37,151 - INFO - Best fit parameters: [28.40875812  1.13812924  0.0954587   0.09410726].
2025-01-31 17:17:39,993 - INFO - Maximum log composite likelihood: -2120.7123199198872.
2025-01-31 17:17:39,993 - INFO - Optimal value of theta: 4306.072868889517.
2025-01-31 17:17:39,993 - INFO - Beginning optimization with guess, [8.27214785 9.23364828 0.15744657 0.08237533].
2025-01-31 17:19:43,440 - INFO - Finished optimization with guess, [8.27214785 9.23364828 0.15744657 0.08237533].
2025-01-31 17:19:43,441 - INFO - Best fit parameters: [14.42176162  1.2621786   0.04265831  0.16272714].
2025-01-31 17:19:46,295 - INFO - Maximum log composite likelihood: -1645.035577984604.
2025-01-31 17:19:46,295 - INFO - Optimal value of theta: 4433.3850127397645.
2025-01-31 17:19:46,295 - INFO - Beginning optimization with guess, [10.36786396 28.99121113  0.0834121   0.09989534].
2025-01-31 17:22:07,742 - INFO - Finished optimization with guess, [10.36786396 28.99121113  0.0834121   0.09989534].
2025-01-31 17:22:07,743 - INFO - Best fit parameters: [10.83636996  1.09214829  0.03306961  0.02607016].
2025-01-31 17:22:10,693 - INFO - Maximum log composite likelihood: -1824.6763777346255.
2025-01-31 17:22:10,693 - INFO - Optimal value of theta: 4419.488463306388.
2025-01-31 17:22:10,693 - INFO - Beginning optimization with guess, [34.69673628 15.43310059  0.19736903  0.17911687].
2025-01-31 17:24:26,128 - INFO - Finished optimization with guess, [34.69673628 15.43310059  0.19736903  0.17911687].
2025-01-31 17:24:26,130 - INFO - Best fit parameters: [45.19714422  0.9753379   0.08670017  0.10101615].
2025-01-31 17:24:29,099 - INFO - Maximum log composite likelihood: -1996.8765122985399.
2025-01-31 17:24:29,099 - INFO - Optimal value of theta: 4760.342601033187.
2025-01-31 17:24:29,099 - INFO - Beginning optimization with guess, [12.58756369 19.03417676  0.18795289  0.09266989].
2025-01-31 17:26:41,655 - INFO - Finished optimization with guess, [12.58756369 19.03417676  0.18795289  0.09266989].
2025-01-31 17:26:41,656 - INFO - Best fit parameters: [26.51296729  0.88121481  0.07818025  0.07249851].
2025-01-31 17:26:44,499 - INFO - Maximum log composite likelihood: -2165.3493534974295.
2025-01-31 17:26:44,499 - INFO - Optimal value of theta: 4905.934738015286.
2025-01-31 17:26:44,499 - INFO - Beginning optimization with guess, [49.65539486 17.23142173  0.16228546  0.05376468].
2025-01-31 17:29:01,934 - INFO - Finished optimization with guess, [49.65539486 17.23142173  0.16228546  0.05376468].
2025-01-31 17:29:01,935 - INFO - Best fit parameters: [5.46185893 1.09900264 0.03208872 0.01568695].
2025-01-31 17:29:04,768 - INFO - Maximum log composite likelihood: -1815.77359447864.
2025-01-31 17:29:04,769 - INFO - Optimal value of theta: 4299.987347121102.
2025-01-31 17:29:04,769 - INFO - Beginning optimization with guess, [19.52234499 26.28099277  0.13017059  0.18275327].
2025-01-31 17:31:11,085 - INFO - Finished optimization with guess, [19.52234499 26.28099277  0.13017059  0.18275327].
2025-01-31 17:31:11,086 - INFO - Best fit parameters: [36.10665501  1.0756432   0.05837552  0.13876129].
2025-01-31 17:31:13,925 - INFO - Maximum log composite likelihood: -1666.3248039383402.
2025-01-31 17:31:13,925 - INFO - Optimal value of theta: 4759.426755920771.
2025-01-31 17:31:13,925 - INFO - Beginning optimization with guess, [20.26535511 17.79458692  0.1170294   0.06588706].
2025-01-31 17:33:28,171 - INFO - Finished optimization with guess, [20.26535511 17.79458692  0.1170294   0.06588706].
2025-01-31 17:33:28,172 - INFO - Best fit parameters: [26.91797933  0.96536105  0.04035954  0.04475323].
2025-01-31 17:33:30,973 - INFO - Maximum log composite likelihood: -1890.202688481705.
2025-01-31 17:33:30,973 - INFO - Optimal value of theta: 4762.136118169314.
2025-01-31 17:33:30,974 - INFO - Beginning optimization with guess, [38.76017734 42.46175492  0.14582301  0.12539407].
2025-01-31 17:35:41,717 - INFO - Finished optimization with guess, [38.76017734 42.46175492  0.14582301  0.12539407].
2025-01-31 17:35:41,718 - INFO - Best fit parameters: [9.27164839e+01 9.30091115e-01 5.90768716e-02 8.71790456e-02].
2025-01-31 17:35:44,489 - INFO - Maximum log composite likelihood: -1891.8676841110703.
2025-01-31 17:35:44,489 - INFO - Optimal value of theta: 4979.910160130283.
2025-01-31 17:35:44,489 - INFO - Beginning optimization with guess, [20.3016657  53.82028603  0.17903089  0.101234  ].
2025-01-31 17:38:03,412 - INFO - Finished optimization with guess, [20.3016657  53.82028603  0.17903089  0.101234  ].
2025-01-31 17:38:03,413 - INFO - Best fit parameters: [26.79543428  1.13180838  0.05868509  0.05304289].
2025-01-31 17:38:06,376 - INFO - Maximum log composite likelihood: -2076.150332530717.
2025-01-31 17:38:06,376 - INFO - Optimal value of theta: 4313.26988319188.
2025-01-31 17:38:06,376 - INFO - Beginning optimization with guess, [71.69171804 45.82083211  0.11972782  0.11302544].
2025-01-31 17:40:19,634 - INFO - Finished optimization with guess, [71.69171804 45.82083211  0.11972782  0.11302544].
2025-01-31 17:40:19,635 - INFO - Best fit parameters: [8.97439343e+01 9.95397944e-01 4.65933698e-02 7.71161132e-02].
2025-01-31 17:40:22,437 - INFO - Maximum log composite likelihood: -1798.2145322718043.
2025-01-31 17:40:22,437 - INFO - Optimal value of theta: 4850.466172271593.
2025-01-31 17:40:22,438 - INFO - Beginning optimization with guess, [4.58860561e+01 9.40895018e+01 1.70934424e-01 8.72276756e-02].
2025-01-31 17:42:30,859 - INFO - Finished optimization with guess, [4.58860561e+01 9.40895018e+01 1.70934424e-01 8.72276756e-02].
2025-01-31 17:42:30,875 - INFO - Best fit parameters: [0.69815521 1.20621721 0.04820313 0.01136931].
2025-01-31 17:42:33,802 - INFO - Maximum log composite likelihood: -1208.1191457657492.
2025-01-31 17:42:33,802 - INFO - Optimal value of theta: 5497.843339167671.
2025-01-31 17:42:33,803 - INFO - Beginning optimization with guess, [6.36335970e+01 8.89241632e+01 1.20463151e-01 8.67136260e-02].
2025-01-31 17:44:42,271 - INFO - Finished optimization with guess, [6.36335970e+01 8.89241632e+01 1.20463151e-01 8.67136260e-02].
2025-01-31 17:44:42,272 - INFO - Best fit parameters: [7.81897828e+01 9.10107616e-01 4.03436433e-02 2.60122753e-02].
2025-01-31 17:44:44,926 - INFO - Maximum log composite likelihood: -2061.1648081343646.
2025-01-31 17:44:44,927 - INFO - Optimal value of theta: 4500.246586201565.
2025-01-31 17:44:44,927 - INFO - Beginning optimization with guess, [5.86080866e+01 7.20764787e+01 6.87614139e-02 1.21068455e-01].
2025-01-31 17:46:53,271 - INFO - Finished optimization with guess, [5.86080866e+01 7.20764787e+01 6.87614139e-02 1.21068455e-01].
2025-01-31 17:46:53,272 - INFO - Best fit parameters: [1.04777271e+02 1.22276666e+00 3.27700263e-02 6.91330797e-02].
2025-01-31 17:46:56,068 - INFO - Maximum log composite likelihood: -1715.0620749984103.
2025-01-31 17:46:56,069 - INFO - Optimal value of theta: 4465.200533179324.
2025-01-31 17:46:56,069 - INFO - Beginning optimization with guess, [9.36235466e+01 6.57563077e+01 5.88742817e-02 1.02956646e-01].
2025-01-31 17:49:05,298 - INFO - Finished optimization with guess, [9.36235466e+01 6.57563077e+01 5.88742817e-02 1.02956646e-01].
2025-01-31 17:49:05,299 - INFO - Best fit parameters: [1.29966988e+02 1.21352069e+00 1.68586197e-02 7.27579250e-02].
2025-01-31 17:49:08,113 - INFO - Maximum log composite likelihood: -1532.617728289579.
2025-01-31 17:49:08,113 - INFO - Optimal value of theta: 4639.58446576889.
2025-01-31 17:49:08,120 - INFO - Finished demographic inference.
2025-01-31 17:49:08,120 - INFO - Pipeline executed succesfully.
