2024-01-17 15:55:24,980 - INFO - Beginning execution of fit_demographic_model.py in directory /u/project/kirk/jonmah/sample_size_demography/Scripts

2024-01-17 15:55:24,981 - INFO - Progress is being logged to ../Analysis/1kg_EUR_28/log.log

2024-01-17 15:55:24,981 - INFO - Parsed the following arguments:
	syn_input_sfs = ../Analysis/1kg_EUR_28/syn_downsampled_sfs.txt
	mask_singletons = False
	mask_doubletons = False
	outprefix = ../Analysis/1kg_EUR_28/

2024-01-17 15:55:24,984 - INFO - Beginning demographic inference for one-epoch demographic model.
2024-01-17 15:55:24,985 - INFO - Beginning optimization with guess, [0.07097937].
2024-01-17 15:55:27,514 - INFO - Finished optimization with guess, [0.07097937].
2024-01-17 15:55:27,514 - INFO - Best fit parameters: [0.07097937].
2024-01-17 15:55:27,585 - INFO - Maximum log composite likelihood: -172.23143656347247.
2024-01-17 15:55:27,585 - INFO - Optimal value of theta: 5086.290271007151.
2024-01-17 15:55:27,585 - INFO - Beginning optimization with guess, [0.1011978].
2024-01-17 15:55:30,049 - INFO - Finished optimization with guess, [0.1011978].
2024-01-17 15:55:30,049 - INFO - Best fit parameters: [0.1011978].
2024-01-17 15:55:30,120 - INFO - Maximum log composite likelihood: -172.23143656347247.
2024-01-17 15:55:30,120 - INFO - Optimal value of theta: 5086.290271007151.
2024-01-17 15:55:30,120 - INFO - Beginning optimization with guess, [0.18464805].
2024-01-17 15:55:32,407 - INFO - Finished optimization with guess, [0.18464805].
2024-01-17 15:55:32,408 - INFO - Best fit parameters: [0.18464805].
2024-01-17 15:55:32,479 - INFO - Maximum log composite likelihood: -172.23143656347247.
2024-01-17 15:55:32,479 - INFO - Optimal value of theta: 5086.290271007151.
2024-01-17 15:55:32,479 - INFO - Beginning optimization with guess, [0.23545138].
2024-01-17 15:55:34,791 - INFO - Finished optimization with guess, [0.23545138].
2024-01-17 15:55:34,792 - INFO - Best fit parameters: [0.23545138].
2024-01-17 15:55:34,862 - INFO - Maximum log composite likelihood: -172.23143656347247.
2024-01-17 15:55:34,862 - INFO - Optimal value of theta: 5086.290271007151.
2024-01-17 15:55:34,862 - INFO - Beginning optimization with guess, [0.31463466].
2024-01-17 15:55:37,091 - INFO - Finished optimization with guess, [0.31463466].
2024-01-17 15:55:37,091 - INFO - Best fit parameters: [0.31463466].
2024-01-17 15:55:37,160 - INFO - Maximum log composite likelihood: -172.23143656347247.
2024-01-17 15:55:37,160 - INFO - Optimal value of theta: 5086.290271007151.
2024-01-17 15:55:37,161 - INFO - Beginning optimization with guess, [0.84047627].
2024-01-17 15:55:38,770 - INFO - Finished optimization with guess, [0.84047627].
2024-01-17 15:55:38,771 - INFO - Best fit parameters: [0.84047627].
2024-01-17 15:55:38,886 - INFO - Maximum log composite likelihood: -172.23143656347247.
2024-01-17 15:55:38,886 - INFO - Optimal value of theta: 5086.290271007151.
2024-01-17 15:55:38,886 - INFO - Beginning optimization with guess, [0.47839805].
2024-01-17 15:55:41,034 - INFO - Finished optimization with guess, [0.47839805].
2024-01-17 15:55:41,034 - INFO - Best fit parameters: [0.47839805].
2024-01-17 15:55:41,104 - INFO - Maximum log composite likelihood: -172.23143656347247.
2024-01-17 15:55:41,104 - INFO - Optimal value of theta: 5086.290271007151.
2024-01-17 15:55:41,105 - INFO - Beginning optimization with guess, [1.32888813].
2024-01-17 15:55:42,935 - INFO - Finished optimization with guess, [1.32888813].
2024-01-17 15:55:42,935 - INFO - Best fit parameters: [1.32888813].
2024-01-17 15:55:43,005 - INFO - Maximum log composite likelihood: -172.23143656347247.
2024-01-17 15:55:43,005 - INFO - Optimal value of theta: 5086.290271007151.
2024-01-17 15:55:43,006 - INFO - Beginning optimization with guess, [0.69420589].
2024-01-17 15:55:44,836 - INFO - Finished optimization with guess, [0.69420589].
2024-01-17 15:55:44,837 - INFO - Best fit parameters: [0.69420589].
2024-01-17 15:55:44,908 - INFO - Maximum log composite likelihood: -172.23143656347247.
2024-01-17 15:55:44,908 - INFO - Optimal value of theta: 5086.290271007151.
2024-01-17 15:55:44,908 - INFO - Beginning optimization with guess, [1.41688411].
2024-01-17 15:55:46,733 - INFO - Finished optimization with guess, [1.41688411].
2024-01-17 15:55:46,733 - INFO - Best fit parameters: [1.41688411].
2024-01-17 15:55:46,803 - INFO - Maximum log composite likelihood: -172.23143656347247.
2024-01-17 15:55:46,803 - INFO - Optimal value of theta: 5086.290271007151.
2024-01-17 15:55:46,803 - INFO - Beginning optimization with guess, [0.95914789].
2024-01-17 15:55:48,000 - INFO - Finished optimization with guess, [0.95914789].
2024-01-17 15:55:48,000 - INFO - Best fit parameters: [0.95914789].
2024-01-17 15:55:48,070 - INFO - Maximum log composite likelihood: -172.23143656347247.
2024-01-17 15:55:48,071 - INFO - Optimal value of theta: 5086.290271007151.
2024-01-17 15:55:48,071 - INFO - Beginning optimization with guess, [1.362294].
2024-01-17 15:55:49,898 - INFO - Finished optimization with guess, [1.362294].
2024-01-17 15:55:49,898 - INFO - Best fit parameters: [1.362294].
2024-01-17 15:55:49,968 - INFO - Maximum log composite likelihood: -172.23143656347247.
2024-01-17 15:55:49,968 - INFO - Optimal value of theta: 5086.290271007151.
2024-01-17 15:55:49,969 - INFO - Beginning optimization with guess, [1.47710907].
2024-01-17 15:55:51,795 - INFO - Finished optimization with guess, [1.47710907].
2024-01-17 15:55:51,795 - INFO - Best fit parameters: [1.47710907].
2024-01-17 15:55:51,865 - INFO - Maximum log composite likelihood: -172.23143656347247.
2024-01-17 15:55:51,865 - INFO - Optimal value of theta: 5086.290271007151.
2024-01-17 15:55:51,866 - INFO - Beginning optimization with guess, [1.60793494].
2024-01-17 15:55:53,692 - INFO - Finished optimization with guess, [1.60793494].
2024-01-17 15:55:53,693 - INFO - Best fit parameters: [1.60793494].
2024-01-17 15:55:53,762 - INFO - Maximum log composite likelihood: -172.23143656347247.
2024-01-17 15:55:53,763 - INFO - Optimal value of theta: 5086.290271007151.
2024-01-17 15:55:53,763 - INFO - Beginning optimization with guess, [2.04492615].
2024-01-17 15:55:55,800 - INFO - Finished optimization with guess, [2.04492615].
2024-01-17 15:55:55,800 - INFO - Best fit parameters: [2.04492615].
2024-01-17 15:55:55,871 - INFO - Maximum log composite likelihood: -172.23143656347247.
2024-01-17 15:55:55,871 - INFO - Optimal value of theta: 5086.290271007151.
2024-01-17 15:55:55,871 - INFO - Beginning optimization with guess, [1.84778561].
2024-01-17 15:55:57,910 - INFO - Finished optimization with guess, [1.84778561].
2024-01-17 15:55:57,910 - INFO - Best fit parameters: [1.84778561].
2024-01-17 15:55:57,981 - INFO - Maximum log composite likelihood: -172.23143656347247.
2024-01-17 15:55:57,981 - INFO - Optimal value of theta: 5086.290271007151.
2024-01-17 15:55:57,981 - INFO - Beginning optimization with guess, [3.60099273].
2024-01-17 15:56:00,230 - INFO - Finished optimization with guess, [3.60099273].
2024-01-17 15:56:00,231 - INFO - Best fit parameters: [3.60099273].
2024-01-17 15:56:00,301 - INFO - Maximum log composite likelihood: -172.23143656347247.
2024-01-17 15:56:00,301 - INFO - Optimal value of theta: 5086.290271007151.
2024-01-17 15:56:00,302 - INFO - Beginning optimization with guess, [2.31761361].
2024-01-17 15:56:02,329 - INFO - Finished optimization with guess, [2.31761361].
2024-01-17 15:56:02,329 - INFO - Best fit parameters: [2.31761361].
2024-01-17 15:56:02,399 - INFO - Maximum log composite likelihood: -172.23143656347247.
2024-01-17 15:56:02,399 - INFO - Optimal value of theta: 5086.290271007151.
2024-01-17 15:56:02,399 - INFO - Beginning optimization with guess, [3.31238173].
2024-01-17 15:56:04,632 - INFO - Finished optimization with guess, [3.31238173].
2024-01-17 15:56:04,632 - INFO - Best fit parameters: [3.31238173].
2024-01-17 15:56:04,702 - INFO - Maximum log composite likelihood: -172.23143656347247.
2024-01-17 15:56:04,702 - INFO - Optimal value of theta: 5086.290271007151.
2024-01-17 15:56:04,702 - INFO - Beginning optimization with guess, [2.08316246].
2024-01-17 15:56:06,722 - INFO - Finished optimization with guess, [2.08316246].
2024-01-17 15:56:06,723 - INFO - Best fit parameters: [2.08316246].
2024-01-17 15:56:06,792 - INFO - Maximum log composite likelihood: -172.23143656347247.
2024-01-17 15:56:06,792 - INFO - Optimal value of theta: 5086.290271007151.
2024-01-17 15:56:06,793 - INFO - Beginning optimization with guess, [2.00629798].
2024-01-17 15:56:08,816 - INFO - Finished optimization with guess, [2.00629798].
2024-01-17 15:56:08,817 - INFO - Best fit parameters: [2.00629798].
2024-01-17 15:56:08,887 - INFO - Maximum log composite likelihood: -172.23143656347247.
2024-01-17 15:56:08,887 - INFO - Optimal value of theta: 5086.290271007151.
2024-01-17 15:56:08,887 - INFO - Beginning optimization with guess, [5.08273771].
2024-01-17 15:56:11,109 - INFO - Finished optimization with guess, [5.08273771].
2024-01-17 15:56:11,109 - INFO - Best fit parameters: [5.08273771].
2024-01-17 15:56:11,179 - INFO - Maximum log composite likelihood: -172.23143656347247.
2024-01-17 15:56:11,179 - INFO - Optimal value of theta: 5086.290271007151.
2024-01-17 15:56:11,179 - INFO - Beginning optimization with guess, [11.84957007].
2024-01-17 15:56:13,629 - INFO - Finished optimization with guess, [11.84957007].
2024-01-17 15:56:13,629 - INFO - Best fit parameters: [11.84957007].
2024-01-17 15:56:13,699 - INFO - Maximum log composite likelihood: -172.23143656347247.
2024-01-17 15:56:13,700 - INFO - Optimal value of theta: 5086.290271007151.
2024-01-17 15:56:13,700 - INFO - Beginning optimization with guess, [6.0845001].
2024-01-17 15:56:15,949 - INFO - Finished optimization with guess, [6.0845001].
2024-01-17 15:56:15,950 - INFO - Best fit parameters: [6.0845001].
2024-01-17 15:56:16,048 - INFO - Maximum log composite likelihood: -172.23143656347247.
2024-01-17 15:56:16,048 - INFO - Optimal value of theta: 5086.290271007151.
2024-01-17 15:56:16,049 - INFO - Beginning optimization with guess, [15.28328561].
2024-01-17 15:56:18,729 - INFO - Finished optimization with guess, [15.28328561].
2024-01-17 15:56:18,730 - INFO - Best fit parameters: [15.28328561].
2024-01-17 15:56:18,801 - INFO - Maximum log composite likelihood: -172.23143656347247.
2024-01-17 15:56:18,801 - INFO - Optimal value of theta: 5086.290271007151.
2024-01-17 15:56:18,803 - INFO - Beginning demographic inference for two-epoch demographic model.
2024-01-17 15:56:18,804 - INFO - Beginning optimization with guess, [0.18851473 0.00860051].
2024-01-17 15:56:21,059 - INFO - Finished optimization with guess, [0.18851473 0.00860051].
2024-01-17 15:56:21,059 - INFO - Best fit parameters: [0.55743461 0.0156068 ].
2024-01-17 15:56:21,131 - INFO - Maximum log composite likelihood: -135.69628762441243.
2024-01-17 15:56:21,131 - INFO - Optimal value of theta: 5282.842487352428.
2024-01-17 15:56:21,132 - INFO - Beginning optimization with guess, [0.18445036 0.00966783].
2024-01-17 15:56:23,129 - INFO - Finished optimization with guess, [0.18445036 0.00966783].
2024-01-17 15:56:23,130 - INFO - Best fit parameters: [0.38923478 0.00977351].
2024-01-17 15:56:23,200 - INFO - Maximum log composite likelihood: -136.8941355187244.
2024-01-17 15:56:23,200 - INFO - Optimal value of theta: 5335.6914511835175.
2024-01-17 15:56:23,201 - INFO - Beginning optimization with guess, [0.18107476 0.00571103].
2024-01-17 15:56:25,258 - INFO - Finished optimization with guess, [0.18107476 0.00571103].
2024-01-17 15:56:25,258 - INFO - Best fit parameters: [0.254851   0.00501918].
2024-01-17 15:56:25,329 - INFO - Maximum log composite likelihood: -139.83309003214617.
2024-01-17 15:56:25,329 - INFO - Optimal value of theta: 5331.423201288244.
2024-01-17 15:56:25,329 - INFO - Beginning optimization with guess, [0.52274759 0.01132721].
2024-01-17 15:56:27,418 - INFO - Finished optimization with guess, [0.52274759 0.01132721].
2024-01-17 15:56:27,419 - INFO - Best fit parameters: [0.69358406 0.54385398].
2024-01-17 15:56:27,509 - INFO - Maximum log composite likelihood: -78.52853110721298.
2024-01-17 15:56:27,509 - INFO - Optimal value of theta: 6400.13194669011.
2024-01-17 15:56:27,510 - INFO - Beginning optimization with guess, [0.48953811 0.01996124].
2024-01-17 15:56:29,788 - INFO - Finished optimization with guess, [0.48953811 0.01996124].
2024-01-17 15:56:29,788 - INFO - Best fit parameters: [0.63363258 0.57572738].
2024-01-17 15:56:29,881 - INFO - Maximum log composite likelihood: -74.94760259508257.
2024-01-17 15:56:29,882 - INFO - Optimal value of theta: 6872.001913195984.
2024-01-17 15:56:29,882 - INFO - Beginning optimization with guess, [0.68597018 0.00651636].
2024-01-17 15:56:33,143 - INFO - Finished optimization with guess, [0.68597018 0.00651636].
2024-01-17 15:56:33,143 - INFO - Best fit parameters: [0.52716031 0.64629868].
2024-01-17 15:56:33,244 - INFO - Maximum log composite likelihood: -73.74483325242363.
2024-01-17 15:56:33,244 - INFO - Optimal value of theta: 8111.269482707356.
2024-01-17 15:56:33,244 - INFO - Beginning optimization with guess, [0.59504841 0.01244118].
2024-01-17 15:56:35,452 - INFO - Finished optimization with guess, [0.59504841 0.01244118].
2024-01-17 15:56:35,453 - INFO - Best fit parameters: [0.67119188 0.18467585].
2024-01-17 15:56:35,530 - INFO - Maximum log composite likelihood: -86.89150994707597.
2024-01-17 15:56:35,531 - INFO - Optimal value of theta: 5890.576263781911.
2024-01-17 15:56:35,531 - INFO - Beginning optimization with guess, [0.64351351 0.00513805].
2024-01-17 15:56:37,569 - INFO - Finished optimization with guess, [0.64351351 0.00513805].
2024-01-17 15:56:37,570 - INFO - Best fit parameters: [0.72672913 0.28537788].
2024-01-17 15:56:37,650 - INFO - Maximum log composite likelihood: -79.75863542476509.
2024-01-17 15:56:37,650 - INFO - Optimal value of theta: 5883.314507347107.
2024-01-17 15:56:37,650 - INFO - Beginning optimization with guess, [0.77761346 0.00553631].
2024-01-17 15:56:40,248 - INFO - Finished optimization with guess, [0.77761346 0.00553631].
2024-01-17 15:56:40,248 - INFO - Best fit parameters: [0.63491374 0.51687392].
2024-01-17 15:56:40,338 - INFO - Maximum log composite likelihood: -74.31028196323359.
2024-01-17 15:56:40,338 - INFO - Optimal value of theta: 6765.761669445923.
2024-01-17 15:56:40,339 - INFO - Beginning optimization with guess, [0.79014381 0.00518831].
2024-01-17 15:56:43,005 - INFO - Finished optimization with guess, [0.79014381 0.00518831].
2024-01-17 15:56:43,006 - INFO - Best fit parameters: [0.64485779 0.51210323].
2024-01-17 15:56:43,096 - INFO - Maximum log composite likelihood: -74.52508411507915.
2024-01-17 15:56:43,097 - INFO - Optimal value of theta: 6684.791195533453.
2024-01-17 15:56:43,097 - INFO - Beginning optimization with guess, [0.64683464 0.00576319].
2024-01-17 15:56:45,147 - INFO - Finished optimization with guess, [0.64683464 0.00576319].
2024-01-17 15:56:45,147 - INFO - Best fit parameters: [0.72944309 0.29328014].
2024-01-17 15:56:45,226 - INFO - Maximum log composite likelihood: -79.75778019231393.
2024-01-17 15:56:45,226 - INFO - Optimal value of theta: 5884.416585841331.
2024-01-17 15:56:45,227 - INFO - Beginning optimization with guess, [1.22802078 0.01477186].
2024-01-17 15:56:47,300 - INFO - Finished optimization with guess, [1.22802078 0.01477186].
2024-01-17 15:56:47,300 - INFO - Best fit parameters: [0.95865491 0.59428526].
2024-01-17 15:56:47,386 - INFO - Maximum log composite likelihood: -153.48181686806902.
2024-01-17 15:56:47,386 - INFO - Optimal value of theta: 5217.540241209781.
2024-01-17 15:56:47,386 - INFO - Beginning optimization with guess, [3.24349282 0.00527731].
2024-01-17 15:56:49,445 - INFO - Finished optimization with guess, [3.24349282 0.00527731].
2024-01-17 15:56:49,445 - INFO - Best fit parameters: [0.78515049 0.52336503].
2024-01-17 15:56:49,531 - INFO - Maximum log composite likelihood: -92.86954528705519.
2024-01-17 15:56:49,531 - INFO - Optimal value of theta: 5878.459040490335.
2024-01-17 15:56:49,531 - INFO - Beginning optimization with guess, [1.38566905 0.00560734].
2024-01-17 15:56:51,672 - INFO - Finished optimization with guess, [1.38566905 0.00560734].
2024-01-17 15:56:51,672 - INFO - Best fit parameters: [0.96163103 0.41537483].
2024-01-17 15:56:51,753 - INFO - Maximum log composite likelihood: -152.7388500815846.
2024-01-17 15:56:51,753 - INFO - Optimal value of theta: 5189.5159355042015.
2024-01-17 15:56:51,753 - INFO - Beginning optimization with guess, [3.78227308 0.01859085].
2024-01-17 15:56:53,676 - INFO - Finished optimization with guess, [3.78227308 0.01859085].
2024-01-17 15:56:53,676 - INFO - Best fit parameters: [0.54955505 0.02634726].
2024-01-17 15:56:53,748 - INFO - Maximum log composite likelihood: -128.03681554111154.
2024-01-17 15:56:53,748 - INFO - Optimal value of theta: 5406.23652629584.
2024-01-17 15:56:53,748 - INFO - Beginning optimization with guess, [1.27167385 0.0101284 ].
2024-01-17 15:56:55,807 - INFO - Finished optimization with guess, [1.27167385 0.0101284 ].
2024-01-17 15:56:55,808 - INFO - Best fit parameters: [0.95179595 0.56723142].
2024-01-17 15:56:55,893 - INFO - Maximum log composite likelihood: -150.1092965642847.
2024-01-17 15:56:55,893 - INFO - Optimal value of theta: 5237.341689608863.
2024-01-17 15:56:55,893 - INFO - Beginning optimization with guess, [2.601118   0.01134951].
2024-01-17 15:56:57,951 - INFO - Finished optimization with guess, [2.601118   0.01134951].
2024-01-17 15:56:57,951 - INFO - Best fit parameters: [0.82159359 0.57525945].
2024-01-17 15:56:58,038 - INFO - Maximum log composite likelihood: -104.33572160689482.
2024-01-17 15:56:58,038 - INFO - Optimal value of theta: 5741.977040186751.
2024-01-17 15:56:58,038 - INFO - Beginning optimization with guess, [4.20428492 0.0097176 ].
2024-01-17 15:57:00,101 - INFO - Finished optimization with guess, [4.20428492 0.0097176 ].
2024-01-17 15:57:00,101 - INFO - Best fit parameters: [0.74437169 0.56433913].
2024-01-17 15:57:00,189 - INFO - Maximum log composite likelihood: -86.50126034701407.
2024-01-17 15:57:00,189 - INFO - Optimal value of theta: 6120.504768963424.
2024-01-17 15:57:00,189 - INFO - Beginning optimization with guess, [3.77160306 0.00609333].
2024-01-17 15:57:02,256 - INFO - Finished optimization with guess, [3.77160306 0.00609333].
2024-01-17 15:57:02,256 - INFO - Best fit parameters: [0.76117695 0.53273828].
2024-01-17 15:57:02,342 - INFO - Maximum log composite likelihood: -88.2099991764926.
2024-01-17 15:57:02,343 - INFO - Optimal value of theta: 6003.907643724837.
2024-01-17 15:57:02,343 - INFO - Beginning optimization with guess, [3.56276017 0.01102888].
2024-01-17 15:57:04,408 - INFO - Finished optimization with guess, [3.56276017 0.01102888].
2024-01-17 15:57:04,408 - INFO - Best fit parameters: [0.77014272 0.57322769].
2024-01-17 15:57:04,498 - INFO - Maximum log composite likelihood: -91.85583950392265.
2024-01-17 15:57:04,498 - INFO - Optimal value of theta: 5989.659458129228.
2024-01-17 15:57:04,498 - INFO - Beginning optimization with guess, [3.77445289 0.00526995].
2024-01-17 15:57:06,578 - INFO - Finished optimization with guess, [3.77445289 0.00526995].
2024-01-17 15:57:06,578 - INFO - Best fit parameters: [0.76105877 0.52327489].
2024-01-17 15:57:06,666 - INFO - Maximum log composite likelihood: -87.78646402781624.
2024-01-17 15:57:06,666 - INFO - Optimal value of theta: 5996.57551376526.
2024-01-17 15:57:06,666 - INFO - Beginning optimization with guess, [9.84590898e+00 5.78645086e-03].
2024-01-17 15:57:08,660 - INFO - Finished optimization with guess, [9.84590898e+00 5.78645086e-03].
2024-01-17 15:57:08,660 - INFO - Best fit parameters: [0.17538821 0.00289486].
2024-01-17 15:57:08,732 - INFO - Maximum log composite likelihood: -140.97801462004827.
2024-01-17 15:57:08,732 - INFO - Optimal value of theta: 5316.967665072037.
2024-01-17 15:57:08,732 - INFO - Beginning optimization with guess, [4.99094058 0.00532507].
2024-01-17 15:57:10,815 - INFO - Finished optimization with guess, [4.99094058 0.00532507].
2024-01-17 15:57:10,815 - INFO - Best fit parameters: [0.71858336 0.52394753].
2024-01-17 15:57:10,904 - INFO - Maximum log composite likelihood: -80.83603164585975.
2024-01-17 15:57:10,904 - INFO - Optimal value of theta: 6226.509290382283.
2024-01-17 15:57:10,904 - INFO - Beginning optimization with guess, [5.00306634 0.01233188].
2024-01-17 15:57:13,654 - INFO - Finished optimization with guess, [5.00306634 0.01233188].
2024-01-17 15:57:13,655 - INFO - Best fit parameters: [0.63582822 0.865689  ].
2024-01-17 15:57:13,759 - INFO - Maximum log composite likelihood: -89.08875865906703.
2024-01-17 15:57:13,759 - INFO - Optimal value of theta: 7234.93304398834.
2024-01-17 15:57:13,759 - INFO - Beginning optimization with guess, [6.05131091e+00 5.97393325e-03].
2024-01-17 15:57:15,842 - INFO - Finished optimization with guess, [6.05131091e+00 5.97393325e-03].
2024-01-17 15:57:15,842 - INFO - Best fit parameters: [0.6906818 0.5314383].
2024-01-17 15:57:15,932 - INFO - Maximum log composite likelihood: -77.83843724041026.
2024-01-17 15:57:15,932 - INFO - Optimal value of theta: 6403.3041690615355.
2024-01-17 15:57:15,934 - INFO - Beginning demographic inference for three-epoch demographic model.
2024-01-17 15:57:15,935 - INFO - Beginning optimization with guess, [0.00596973 0.00519355 0.00735164 0.01650714].
2024-01-17 15:57:23,032 - INFO - Finished optimization with guess, [0.00596973 0.00519355 0.00735164 0.01650714].
2024-01-17 15:57:23,033 - INFO - Best fit parameters: [0.00473169 0.0042665  0.00679766 0.02318063].
2024-01-17 15:57:23,271 - INFO - Maximum log composite likelihood: -73.9231530440552.
2024-01-17 15:57:23,271 - INFO - Optimal value of theta: 1013164.9177439336.
2024-01-17 15:57:23,271 - INFO - Beginning optimization with guess, [0.01440359 0.01373349 0.00678278 0.01526554].
2024-01-17 15:57:29,488 - INFO - Finished optimization with guess, [0.01440359 0.01373349 0.00678278 0.01526554].
2024-01-17 15:57:29,488 - INFO - Best fit parameters: [0.00798724 0.00800314 0.00607813 0.04233327].
2024-01-17 15:57:29,705 - INFO - Maximum log composite likelihood: -74.79015482200793.
2024-01-17 15:57:29,705 - INFO - Optimal value of theta: 524286.6635855535.
2024-01-17 15:57:29,706 - INFO - Beginning optimization with guess, [0.02257667 0.01877503 0.01880812 0.00604184].
2024-01-17 15:57:34,155 - INFO - Finished optimization with guess, [0.02257667 0.01877503 0.01880812 0.00604184].
2024-01-17 15:57:34,155 - INFO - Best fit parameters: [0.01070467 0.02280191 0.04187025 0.00462173].
2024-01-17 15:57:34,325 - INFO - Maximum log composite likelihood: -90.73048899258492.
2024-01-17 15:57:34,326 - INFO - Optimal value of theta: 190805.80117133784.
2024-01-17 15:57:34,326 - INFO - Beginning optimization with guess, [0.02983107 0.04834163 0.01976623 0.00846725].
2024-01-17 15:57:38,243 - INFO - Finished optimization with guess, [0.02983107 0.04834163 0.01976623 0.00846725].
2024-01-17 15:57:38,244 - INFO - Best fit parameters: [0.0108158  0.05950401 0.02783505 0.03243203].
2024-01-17 15:57:38,391 - INFO - Maximum log composite likelihood: -71.3464488700447.
2024-01-17 15:57:38,391 - INFO - Optimal value of theta: 72213.15598896229.
2024-01-17 15:57:38,391 - INFO - Beginning optimization with guess, [0.06525202 0.06205326 0.0095625  0.01480327].
2024-01-17 15:57:40,342 - INFO - Finished optimization with guess, [0.06525202 0.06205326 0.0095625  0.01480327].
2024-01-17 15:57:40,343 - INFO - Best fit parameters: [7.66170371e-02 7.65414055e-01 6.55588598e-04 2.23460253e-03].
2024-01-17 15:57:40,414 - INFO - Maximum log composite likelihood: -143.20691454483313.
2024-01-17 15:57:40,414 - INFO - Optimal value of theta: 5231.843225469398.
2024-01-17 15:57:40,414 - INFO - Beginning optimization with guess, [0.8101531  1.05389637 0.0069152  0.00805385].
2024-01-17 15:57:42,874 - INFO - Finished optimization with guess, [0.8101531  1.05389637 0.0069152  0.00805385].
2024-01-17 15:57:42,874 - INFO - Best fit parameters: [0.78921859 1.05854991 0.37057637 0.00137495].
2024-01-17 15:57:42,957 - INFO - Maximum log composite likelihood: -89.29144760340205.
2024-01-17 15:57:42,957 - INFO - Optimal value of theta: 5730.674083263299.
2024-01-17 15:57:42,958 - INFO - Beginning optimization with guess, [0.78126795 0.40175553 0.00556004 0.00994839].
2024-01-17 15:57:45,045 - INFO - Finished optimization with guess, [0.78126795 0.40175553 0.00556004 0.00994839].
2024-01-17 15:57:45,046 - INFO - Best fit parameters: [0.66856323 0.76370903 0.02366224 0.0397791 ].
2024-01-17 15:57:45,120 - INFO - Maximum log composite likelihood: -113.6266895053086.
2024-01-17 15:57:45,120 - INFO - Optimal value of theta: 5382.49854909178.
2024-01-17 15:57:45,120 - INFO - Beginning optimization with guess, [1.48757276 1.03866514 0.00792301 0.00967475].
2024-01-17 15:57:47,117 - INFO - Finished optimization with guess, [1.48757276 1.03866514 0.00792301 0.00967475].
2024-01-17 15:57:47,118 - INFO - Best fit parameters: [7.96149945e-01 1.03538693e+00 3.22498078e-08 6.39481380e-04].
2024-01-17 15:57:47,189 - INFO - Maximum log composite likelihood: -172.35279281175417.
2024-01-17 15:57:47,190 - INFO - Optimal value of theta: 5085.893805523137.
2024-01-17 15:57:47,190 - INFO - Beginning optimization with guess, [1.19913197 0.95182203 0.01584326 0.01630977].
2024-01-17 15:57:49,588 - INFO - Finished optimization with guess, [1.19913197 0.95182203 0.01584326 0.01630977].
2024-01-17 15:57:49,588 - INFO - Best fit parameters: [1.21060246 0.93621842 0.0024382  0.47805259].
2024-01-17 15:57:49,672 - INFO - Maximum log composite likelihood: -141.68183956301255.
2024-01-17 15:57:49,672 - INFO - Optimal value of theta: 5273.328948607062.
2024-01-17 15:57:49,672 - INFO - Beginning optimization with guess, [1.29894971 0.96725702 0.00747855 0.00653291].
2024-01-17 15:57:51,794 - INFO - Finished optimization with guess, [1.29894971 0.96725702 0.00747855 0.00653291].
2024-01-17 15:57:51,795 - INFO - Best fit parameters: [1.04539972e+00 9.54112281e-01 3.43907871e-05 4.09720963e-01].
2024-01-17 15:57:51,875 - INFO - Maximum log composite likelihood: -149.07759486919576.
2024-01-17 15:57:51,876 - INFO - Optimal value of theta: 5209.888321810083.
2024-01-17 15:57:51,876 - INFO - Beginning optimization with guess, [1.23968391 1.94678545 0.01165507 0.00543521].
2024-01-17 15:57:53,884 - INFO - Finished optimization with guess, [1.23968391 1.94678545 0.01165507 0.00543521].
2024-01-17 15:57:53,885 - INFO - Best fit parameters: [8.85423471e-01 1.39225786e+00 1.05190101e-04 8.52143222e-06].
2024-01-17 15:57:53,957 - INFO - Maximum log composite likelihood: -172.1695651897412.
2024-01-17 15:57:53,957 - INFO - Optimal value of theta: 5086.493342537895.
2024-01-17 15:57:53,957 - INFO - Beginning optimization with guess, [1.56322825 2.71675212 0.00686826 0.01172205].
2024-01-17 15:57:55,968 - INFO - Finished optimization with guess, [1.56322825 2.71675212 0.00686826 0.01172205].
2024-01-17 15:57:55,968 - INFO - Best fit parameters: [5.99103947e-01 1.37111543e+00 6.18862241e-06 6.90933931e-06].
2024-01-17 15:57:56,040 - INFO - Maximum log composite likelihood: -172.21919124376063.
2024-01-17 15:57:56,041 - INFO - Optimal value of theta: 5086.330471618662.
2024-01-17 15:57:56,041 - INFO - Beginning optimization with guess, [2.10923251 2.46498765 0.00579834 0.01799473].
2024-01-17 15:57:58,048 - INFO - Finished optimization with guess, [2.10923251 2.46498765 0.00579834 0.01799473].
2024-01-17 15:57:58,048 - INFO - Best fit parameters: [4.24918728e-01 1.32964597e+00 4.11640525e-06 2.17219436e-05].
2024-01-17 15:57:58,120 - INFO - Maximum log composite likelihood: -172.23081323131328.
2024-01-17 15:57:58,120 - INFO - Optimal value of theta: 5086.292311048752.
2024-01-17 15:57:58,121 - INFO - Beginning optimization with guess, [3.00813528 2.63183683 0.01239552 0.01168966].
2024-01-17 15:58:00,190 - INFO - Finished optimization with guess, [3.00813528 2.63183683 0.01239552 0.01168966].
2024-01-17 15:58:00,190 - INFO - Best fit parameters: [9.17767246e-01 3.89813536e-01 5.27919475e-05 1.20455313e-05].
2024-01-17 15:58:00,262 - INFO - Maximum log composite likelihood: -172.0999110599805.
2024-01-17 15:58:00,262 - INFO - Optimal value of theta: 5086.722570380981.
2024-01-17 15:58:00,262 - INFO - Beginning optimization with guess, [2.40957215 3.81520654 0.00669997 0.01755777].
2024-01-17 15:58:02,257 - INFO - Finished optimization with guess, [2.40957215 3.81520654 0.00669997 0.01755777].
2024-01-17 15:58:02,257 - INFO - Best fit parameters: [3.64758303e-01 1.52631711e+00 5.82979366e-06 2.03407644e-05].
2024-01-17 15:58:02,329 - INFO - Maximum log composite likelihood: -172.21467923809087.
2024-01-17 15:58:02,329 - INFO - Optimal value of theta: 5086.345272386114.
2024-01-17 15:58:02,329 - INFO - Beginning optimization with guess, [1.76863096 1.71105662 0.00960879 0.01681616].
2024-01-17 15:58:04,271 - INFO - Finished optimization with guess, [1.76863096 1.71105662 0.00960879 0.01681616].
2024-01-17 15:58:04,272 - INFO - Best fit parameters: [1.43554844e+00 7.06537798e-01 7.33601679e-05 3.06145135e-04].
2024-01-17 15:58:04,344 - INFO - Maximum log composite likelihood: -171.65194518989892.
2024-01-17 15:58:04,344 - INFO - Optimal value of theta: 5088.199745919278.
2024-01-17 15:58:04,344 - INFO - Beginning optimization with guess, [3.00562342 4.90820298 0.0185532  0.00992629].
2024-01-17 15:58:06,286 - INFO - Finished optimization with guess, [3.00562342 4.90820298 0.0185532  0.00992629].
2024-01-17 15:58:06,287 - INFO - Best fit parameters: [4.90788134e-01 2.74213668e+00 3.71947842e-04 7.84145431e-05].
2024-01-17 15:58:06,359 - INFO - Maximum log composite likelihood: -170.40567376335503.
2024-01-17 15:58:06,359 - INFO - Optimal value of theta: 5092.370143227107.
2024-01-17 15:58:06,359 - INFO - Beginning optimization with guess, [3.61946955 3.00819563 0.00737729 0.0082593 ].
2024-01-17 15:58:08,440 - INFO - Finished optimization with guess, [3.61946955 3.00819563 0.00737729 0.0082593 ].
2024-01-17 15:58:08,441 - INFO - Best fit parameters: [9.04632364e-01 3.42251334e-01 1.64813417e-05 4.97456715e-06].
2024-01-17 15:58:08,512 - INFO - Maximum log composite likelihood: -172.16800524403698.
2024-01-17 15:58:08,512 - INFO - Optimal value of theta: 5086.49863655429.
2024-01-17 15:58:08,513 - INFO - Beginning optimization with guess, [4.23130295 2.13738143 0.0115673  0.01229478].
2024-01-17 15:58:10,660 - INFO - Finished optimization with guess, [4.23130295 2.13738143 0.0115673  0.01229478].
2024-01-17 15:58:10,660 - INFO - Best fit parameters: [3.14952114e-01 1.20697765e+00 2.02413945e-05 2.00557673e-05].
2024-01-17 15:58:10,732 - INFO - Maximum log composite likelihood: -172.00650495853324.
2024-01-17 15:58:10,732 - INFO - Optimal value of theta: 5087.030123828883.
2024-01-17 15:58:10,732 - INFO - Beginning optimization with guess, [3.83196418 5.14865929 0.00633497 0.00580498].
2024-01-17 15:58:12,814 - INFO - Finished optimization with guess, [3.83196418 5.14865929 0.00633497 0.00580498].
2024-01-17 15:58:12,815 - INFO - Best fit parameters: [2.70402120e-01 8.80130356e-01 2.53204457e-06 9.62658392e-06].
2024-01-17 15:58:12,887 - INFO - Maximum log composite likelihood: -172.18614065323482.
2024-01-17 15:58:12,887 - INFO - Optimal value of theta: 5086.439032939091.
2024-01-17 15:58:12,888 - INFO - Beginning optimization with guess, [2.46047166 4.44201176 0.01764985 0.0097317 ].
2024-01-17 15:58:14,974 - INFO - Finished optimization with guess, [2.46047166 4.44201176 0.01764985 0.0097317 ].
2024-01-17 15:58:14,974 - INFO - Best fit parameters: [4.47410469e-01 9.64450044e-01 2.07166249e-04 9.63152826e-06].
2024-01-17 15:58:15,046 - INFO - Maximum log composite likelihood: -170.8289580951341.
2024-01-17 15:58:15,046 - INFO - Optimal value of theta: 5090.951800317785.
2024-01-17 15:58:15,047 - INFO - Beginning optimization with guess, [4.81368894 3.85227151 0.00737079 0.01074695].
2024-01-17 15:58:17,131 - INFO - Finished optimization with guess, [4.81368894 3.85227151 0.00737079 0.01074695].
2024-01-17 15:58:17,131 - INFO - Best fit parameters: [9.62570541e-01 2.99766689e-01 4.81727573e-06 7.30525707e-05].
2024-01-17 15:58:17,203 - INFO - Maximum log composite likelihood: -171.29002544318018.
2024-01-17 15:58:17,203 - INFO - Optimal value of theta: 5089.408025940415.
2024-01-17 15:58:17,203 - INFO - Beginning optimization with guess, [8.24681908 5.98098194 0.00887854 0.01131952].
2024-01-17 15:58:19,217 - INFO - Finished optimization with guess, [8.24681908 5.98098194 0.00887854 0.01131952].
2024-01-17 15:58:19,218 - INFO - Best fit parameters: [1.01227711e+00 1.43076085e-01 3.11219313e-06 4.95680318e-05].
2024-01-17 15:58:19,290 - INFO - Maximum log composite likelihood: -170.60842048806717.
2024-01-17 15:58:19,290 - INFO - Optimal value of theta: 5091.702584525267.
2024-01-17 15:58:19,290 - INFO - Beginning optimization with guess, [6.22349037 4.690612   0.00884032 0.01681185].
2024-01-17 15:58:21,304 - INFO - Finished optimization with guess, [6.22349037 4.690612   0.00884032 0.01681185].
2024-01-17 15:58:21,305 - INFO - Best fit parameters: [2.26785970e+00 1.46224697e-01 1.39233239e-05 8.88037993e-05].
2024-01-17 15:58:21,376 - INFO - Maximum log composite likelihood: -169.4771790320674.
2024-01-17 15:58:21,377 - INFO - Optimal value of theta: 5095.577247824726.
2024-01-17 15:58:21,377 - INFO - Beginning optimization with guess, [13.79242822  8.85218442  0.01904324  0.01500036].
2024-01-17 15:58:23,665 - INFO - Finished optimization with guess, [13.79242822  8.85218442  0.01904324  0.01500036].
2024-01-17 15:58:23,666 - INFO - Best fit parameters: [5.50238100e-02 1.31668903e+00 2.67416768e-05 1.39520255e-05].
2024-01-17 15:58:23,738 - INFO - Maximum log composite likelihood: -169.76470127450602.
2024-01-17 15:58:23,738 - INFO - Optimal value of theta: 5094.586503449185.
2024-01-17 15:58:23,740 - INFO - Finished demographic inference.
2024-01-17 15:58:23,740 - INFO - Pipeline executed succesfully.
