2025-08-01 06:27:48,425 - INFO - Beginning execution of fit_demographic_model.py in directory /u/project/kirk/jonmah/sample_size_demography/Scripts

2025-08-01 06:27:48,426 - INFO - Progress is being logged to ../Analysis/dadi_3EpB_770/log.log

2025-08-01 06:27:48,426 - INFO - Parsed the following arguments:
	syn_input_sfs = ../Simulations/dadi_simulations/ThreeEpochBottleneck_770.sfs
	mask_singletons = False
	mask_doubletons = False
	L_syn = 100000000.0
	outprefix = ../Analysis/dadi_3EpB_770/

2025-08-01 06:27:48,447 - INFO - Beginning demographic inference for one-epoch demographic model.
2025-08-01 06:27:48,449 - INFO - Beginning optimization with guess, [0.1].
2025-08-01 06:29:11,338 - INFO - Finished optimization with guess, [0.1].
2025-08-01 06:29:11,339 - INFO - Best fit parameters: [0.1].
2025-08-01 06:29:13,713 - INFO - Maximum log composite likelihood: -89478.93098578298.
2025-08-01 06:29:13,713 - INFO - Optimal value of theta: 35388.70618102634.
2025-08-01 06:29:13,713 - INFO - Beginning optimization with guess, [0.2].
2025-08-01 06:30:29,525 - INFO - Finished optimization with guess, [0.2].
2025-08-01 06:30:29,525 - INFO - Best fit parameters: [0.2].
2025-08-01 06:30:31,897 - INFO - Maximum log composite likelihood: -89478.93098578298.
2025-08-01 06:30:31,897 - INFO - Optimal value of theta: 35388.70618102634.
2025-08-01 06:30:31,897 - INFO - Beginning optimization with guess, [0.3].
2025-08-01 06:31:47,687 - INFO - Finished optimization with guess, [0.3].
2025-08-01 06:31:47,688 - INFO - Best fit parameters: [0.3].
2025-08-01 06:31:50,061 - INFO - Maximum log composite likelihood: -89478.93098578298.
2025-08-01 06:31:50,061 - INFO - Optimal value of theta: 35388.70618102634.
2025-08-01 06:31:50,061 - INFO - Beginning optimization with guess, [0.4].
2025-08-01 06:32:58,733 - INFO - Finished optimization with guess, [0.4].
2025-08-01 06:32:58,734 - INFO - Best fit parameters: [0.4].
2025-08-01 06:33:01,107 - INFO - Maximum log composite likelihood: -89478.93098578298.
2025-08-01 06:33:01,107 - INFO - Optimal value of theta: 35388.70618102634.
2025-08-01 06:33:01,107 - INFO - Beginning optimization with guess, [0.5].
2025-08-01 06:34:09,895 - INFO - Finished optimization with guess, [0.5].
2025-08-01 06:34:09,896 - INFO - Best fit parameters: [0.5].
2025-08-01 06:34:12,271 - INFO - Maximum log composite likelihood: -89478.93098578298.
2025-08-01 06:34:12,271 - INFO - Optimal value of theta: 35388.70618102634.
2025-08-01 06:34:12,271 - INFO - Beginning optimization with guess, [0.6].
2025-08-01 06:35:13,818 - INFO - Finished optimization with guess, [0.6].
2025-08-01 06:35:13,819 - INFO - Best fit parameters: [0.6].
2025-08-01 06:35:16,191 - INFO - Maximum log composite likelihood: -89478.93098578298.
2025-08-01 06:35:16,191 - INFO - Optimal value of theta: 35388.70618102634.
2025-08-01 06:35:16,191 - INFO - Beginning optimization with guess, [0.7].
2025-08-01 06:36:17,733 - INFO - Finished optimization with guess, [0.7].
2025-08-01 06:36:17,734 - INFO - Best fit parameters: [0.7].
2025-08-01 06:36:20,107 - INFO - Maximum log composite likelihood: -89478.93098578298.
2025-08-01 06:36:20,107 - INFO - Optimal value of theta: 35388.70618102634.
2025-08-01 06:36:20,107 - INFO - Beginning optimization with guess, [0.8].
2025-08-01 06:37:14,570 - INFO - Finished optimization with guess, [0.8].
2025-08-01 06:37:14,571 - INFO - Best fit parameters: [0.8].
2025-08-01 06:37:16,944 - INFO - Maximum log composite likelihood: -89478.93098578298.
2025-08-01 06:37:16,944 - INFO - Optimal value of theta: 35388.70618102634.
2025-08-01 06:37:16,944 - INFO - Beginning optimization with guess, [0.9].
2025-08-01 06:38:04,346 - INFO - Finished optimization with guess, [0.9].
2025-08-01 06:38:04,347 - INFO - Best fit parameters: [0.9].
2025-08-01 06:38:06,719 - INFO - Maximum log composite likelihood: -89478.93098578298.
2025-08-01 06:38:06,719 - INFO - Optimal value of theta: 35388.70618102634.
2025-08-01 06:38:06,719 - INFO - Beginning optimization with guess, [1].
2025-08-01 06:38:25,654 - INFO - Finished optimization with guess, [1].
2025-08-01 06:38:25,656 - INFO - Best fit parameters: [1.].
2025-08-01 06:38:28,033 - INFO - Maximum log composite likelihood: -89478.93098578298.
2025-08-01 06:38:28,033 - INFO - Optimal value of theta: 35388.70618102634.
2025-08-01 06:38:28,034 - INFO - Beginning optimization with guess, [1.25].
2025-08-01 06:39:22,480 - INFO - Finished optimization with guess, [1.25].
2025-08-01 06:39:22,481 - INFO - Best fit parameters: [1.25].
2025-08-01 06:39:24,853 - INFO - Maximum log composite likelihood: -89478.93098578298.
2025-08-01 06:39:24,853 - INFO - Optimal value of theta: 35388.70618102634.
2025-08-01 06:39:24,853 - INFO - Beginning optimization with guess, [1.5].
2025-08-01 06:40:26,409 - INFO - Finished optimization with guess, [1.5].
2025-08-01 06:40:26,410 - INFO - Best fit parameters: [1.5].
2025-08-01 06:40:28,783 - INFO - Maximum log composite likelihood: -89478.93098578298.
2025-08-01 06:40:28,783 - INFO - Optimal value of theta: 35388.70618102634.
2025-08-01 06:40:28,783 - INFO - Beginning optimization with guess, [1.75].
2025-08-01 06:41:37,425 - INFO - Finished optimization with guess, [1.75].
2025-08-01 06:41:37,426 - INFO - Best fit parameters: [1.75].
2025-08-01 06:41:39,799 - INFO - Maximum log composite likelihood: -89478.93098578298.
2025-08-01 06:41:39,799 - INFO - Optimal value of theta: 35388.70618102634.
2025-08-01 06:41:39,799 - INFO - Beginning optimization with guess, [2].
2025-08-01 06:42:48,474 - INFO - Finished optimization with guess, [2].
2025-08-01 06:42:48,475 - INFO - Best fit parameters: [2.].
2025-08-01 06:42:50,847 - INFO - Maximum log composite likelihood: -89478.93098578298.
2025-08-01 06:42:50,847 - INFO - Optimal value of theta: 35388.70618102634.
2025-08-01 06:42:50,847 - INFO - Beginning optimization with guess, [2.25].
2025-08-01 06:43:59,474 - INFO - Finished optimization with guess, [2.25].
2025-08-01 06:43:59,476 - INFO - Best fit parameters: [2.25].
2025-08-01 06:44:01,851 - INFO - Maximum log composite likelihood: -89478.93098578298.
2025-08-01 06:44:01,851 - INFO - Optimal value of theta: 35388.70618102634.
2025-08-01 06:44:01,851 - INFO - Beginning optimization with guess, [2.5].
2025-08-01 06:45:10,438 - INFO - Finished optimization with guess, [2.5].
2025-08-01 06:45:10,439 - INFO - Best fit parameters: [2.5].
2025-08-01 06:45:12,812 - INFO - Maximum log composite likelihood: -89478.93098578298.
2025-08-01 06:45:12,812 - INFO - Optimal value of theta: 35388.70618102634.
2025-08-01 06:45:12,812 - INFO - Beginning optimization with guess, [2.75].
2025-08-01 06:46:21,553 - INFO - Finished optimization with guess, [2.75].
2025-08-01 06:46:21,557 - INFO - Best fit parameters: [2.75].
2025-08-01 06:46:23,927 - INFO - Maximum log composite likelihood: -89478.93098578298.
2025-08-01 06:46:23,927 - INFO - Optimal value of theta: 35388.70618102634.
2025-08-01 06:46:23,927 - INFO - Beginning optimization with guess, [3].
2025-08-01 06:47:39,822 - INFO - Finished optimization with guess, [3].
2025-08-01 06:47:39,824 - INFO - Best fit parameters: [3.].
2025-08-01 06:47:42,194 - INFO - Maximum log composite likelihood: -89478.93098578298.
2025-08-01 06:47:42,194 - INFO - Optimal value of theta: 35388.70618102634.
2025-08-01 06:47:42,194 - INFO - Beginning optimization with guess, [3.33].
2025-08-01 06:48:57,863 - INFO - Finished optimization with guess, [3.33].
2025-08-01 06:48:57,865 - INFO - Best fit parameters: [3.33].
2025-08-01 06:49:00,236 - INFO - Maximum log composite likelihood: -89478.93098578298.
2025-08-01 06:49:00,236 - INFO - Optimal value of theta: 35388.70618102634.
2025-08-01 06:49:00,236 - INFO - Beginning optimization with guess, [3.66].
2025-08-01 06:50:15,925 - INFO - Finished optimization with guess, [3.66].
2025-08-01 06:50:15,926 - INFO - Best fit parameters: [3.66].
2025-08-01 06:50:18,301 - INFO - Maximum log composite likelihood: -89478.93098578298.
2025-08-01 06:50:18,301 - INFO - Optimal value of theta: 35388.70618102634.
2025-08-01 06:50:18,301 - INFO - Beginning optimization with guess, [4].
2025-08-01 06:51:33,971 - INFO - Finished optimization with guess, [4].
2025-08-01 06:51:33,972 - INFO - Best fit parameters: [4.].
2025-08-01 06:51:36,342 - INFO - Maximum log composite likelihood: -89478.93098578298.
2025-08-01 06:51:36,342 - INFO - Optimal value of theta: 35388.70618102634.
2025-08-01 06:51:36,342 - INFO - Beginning optimization with guess, [5].
2025-08-01 06:52:52,034 - INFO - Finished optimization with guess, [5].
2025-08-01 06:52:52,035 - INFO - Best fit parameters: [5.].
2025-08-01 06:52:54,405 - INFO - Maximum log composite likelihood: -89478.93098578298.
2025-08-01 06:52:54,405 - INFO - Optimal value of theta: 35388.70618102634.
2025-08-01 06:52:54,405 - INFO - Beginning optimization with guess, [6].
2025-08-01 06:54:10,085 - INFO - Finished optimization with guess, [6].
2025-08-01 06:54:10,086 - INFO - Best fit parameters: [6.].
2025-08-01 06:54:12,456 - INFO - Maximum log composite likelihood: -89478.93098578298.
2025-08-01 06:54:12,456 - INFO - Optimal value of theta: 35388.70618102634.
2025-08-01 06:54:12,456 - INFO - Beginning optimization with guess, [7].
2025-08-01 06:55:28,134 - INFO - Finished optimization with guess, [7].
2025-08-01 06:55:28,135 - INFO - Best fit parameters: [7.].
2025-08-01 06:55:30,505 - INFO - Maximum log composite likelihood: -89478.93098578298.
2025-08-01 06:55:30,505 - INFO - Optimal value of theta: 35388.70618102634.
2025-08-01 06:55:30,506 - INFO - Beginning optimization with guess, [8].
2025-08-01 06:56:53,291 - INFO - Finished optimization with guess, [8].
2025-08-01 06:56:53,292 - INFO - Best fit parameters: [8.].
2025-08-01 06:56:55,663 - INFO - Maximum log composite likelihood: -89478.93098578298.
2025-08-01 06:56:55,663 - INFO - Optimal value of theta: 35388.70618102634.
2025-08-01 06:56:55,668 - INFO - Converting and interpreting Tau estimates.
2025-08-01 06:56:55,670 - INFO - Beginning demographic inference for three-epoch demographic model.
2025-08-01 06:56:55,673 - INFO - Beginning optimization with guess, [0.01, 0.01, 0.1, 0.1].
2025-08-01 06:59:11,232 - INFO - Finished optimization with guess, [0.01, 0.01, 0.1, 0.1].
2025-08-01 06:59:11,243 - INFO - Best fit parameters: [0.00453243 0.05670018 0.0887304  0.07693779].
2025-08-01 06:59:14,124 - INFO - Maximum log composite likelihood: -86717.48021341405.
2025-08-01 06:59:14,124 - INFO - Optimal value of theta: 692286.4840580357.
2025-08-01 06:59:14,124 - INFO - Beginning optimization with guess, [0.1, 0.1, 0.1, 0.1].
2025-08-01 07:00:56,642 - INFO - Finished optimization with guess, [0.1, 0.1, 0.1, 0.1].
2025-08-01 07:00:56,644 - INFO - Best fit parameters: [0.02705627 0.29964024 0.05075261 0.07808067].
2025-08-01 07:00:59,070 - INFO - Maximum log composite likelihood: -79044.84398409596.
2025-08-01 07:00:59,070 - INFO - Optimal value of theta: 141266.29363529306.
2025-08-01 07:00:59,070 - INFO - Beginning optimization with guess, [0.5, 0.5, 0.1, 0.1].
2025-08-01 07:02:46,418 - INFO - Finished optimization with guess, [0.5, 0.5, 0.1, 0.1].
2025-08-01 07:02:46,419 - INFO - Best fit parameters: [0.11859263 7.83810991 0.05355912 0.0144281 ].
2025-08-01 07:02:48,802 - INFO - Maximum log composite likelihood: -1604.0115714357744.
2025-08-01 07:02:48,802 - INFO - Optimal value of theta: 41077.62307556071.
2025-08-01 07:02:48,802 - INFO - Beginning optimization with guess, [1, 1, 0.1, 0.1].
2025-08-01 07:29:21,904 - INFO - Finished optimization with guess, [1, 1, 0.1, 0.1].
2025-08-01 07:29:21,905 - INFO - Best fit parameters: [9.78381742e-01 1.03555046e+00 1.71183659e+03 5.25360496e-03].
2025-08-01 07:30:06,730 - INFO - Maximum log composite likelihood: -86949.7867545166.
2025-08-01 07:30:06,731 - INFO - Optimal value of theta: 35890.62083137337.
2025-08-01 07:30:06,731 - INFO - Beginning optimization with guess, [3, 3, 0.1, 0.1].
2025-08-01 07:31:58,264 - INFO - Finished optimization with guess, [3, 3, 0.1, 0.1].
2025-08-01 07:31:58,265 - INFO - Best fit parameters: [ 0.17785715 10.65732203  0.04269097  0.01862259].
2025-08-01 07:32:00,644 - INFO - Maximum log composite likelihood: -2452.194030974708.
2025-08-01 07:32:00,644 - INFO - Optimal value of theta: 31206.791702617145.
2025-08-01 07:32:00,644 - INFO - Beginning optimization with guess, [5, 5, 0.1, 0.1].
2025-08-01 07:33:40,262 - INFO - Finished optimization with guess, [5, 5, 0.1, 0.1].
2025-08-01 07:33:40,263 - INFO - Best fit parameters: [6.29779538e-02 1.29036893e+01 5.19172775e-03 2.09543712e-02].
2025-08-01 07:33:42,662 - INFO - Maximum log composite likelihood: -5911.692514004501.
2025-08-01 07:33:42,662 - INFO - Optimal value of theta: 27087.06018412562.
2025-08-01 07:33:42,663 - INFO - Beginning optimization with guess, [7, 7, 0.1, 0.1].
2025-08-01 07:35:26,901 - INFO - Finished optimization with guess, [7, 7, 0.1, 0.1].
2025-08-01 07:35:26,902 - INFO - Best fit parameters: [ 0.17382656 11.11061624  0.03040315  0.01248212].
2025-08-01 07:35:29,278 - INFO - Maximum log composite likelihood: -6963.29066078624.
2025-08-01 07:35:29,278 - INFO - Optimal value of theta: 35283.50903374642.
2025-08-01 07:35:29,278 - INFO - Beginning optimization with guess, [8, 8, 0.1, 0.1].
2025-08-01 07:37:15,882 - INFO - Finished optimization with guess, [8, 8, 0.1, 0.1].
2025-08-01 07:37:15,883 - INFO - Best fit parameters: [9.63008002e-02 1.48613165e+01 1.04491171e-02 1.73787766e-02].
2025-08-01 07:37:18,256 - INFO - Maximum log composite likelihood: -6735.682641832797.
2025-08-01 07:37:18,256 - INFO - Optimal value of theta: 29249.471955314668.
2025-08-01 07:37:18,256 - INFO - Beginning optimization with guess, [9, 9, 0.1, 0.1].
2025-08-01 07:39:02,466 - INFO - Finished optimization with guess, [9, 9, 0.1, 0.1].
2025-08-01 07:39:02,467 - INFO - Best fit parameters: [ 0.19134764 14.50956926  0.01638911  0.01771215].
2025-08-01 07:39:04,840 - INFO - Maximum log composite likelihood: -7333.6990804839925.
2025-08-01 07:39:04,840 - INFO - Optimal value of theta: 27484.10612960722.
2025-08-01 07:39:04,840 - INFO - Beginning optimization with guess, [10, 10, 0.1, 0.1].
2025-08-01 07:40:49,063 - INFO - Finished optimization with guess, [10, 10, 0.1, 0.1].
2025-08-01 07:40:49,065 - INFO - Best fit parameters: [1.04880510e-01 1.63672206e+01 1.12354927e-02 1.82602614e-02].
2025-08-01 07:40:51,437 - INFO - Maximum log composite likelihood: -6932.526787626346.
2025-08-01 07:40:51,437 - INFO - Optimal value of theta: 28132.182259433852.
2025-08-01 07:40:51,437 - INFO - Beginning optimization with guess, [12.5, 12.5, 0.1, 0.1].
2025-08-01 07:42:33,337 - INFO - Finished optimization with guess, [12.5, 12.5, 0.1, 0.1].
2025-08-01 07:42:33,338 - INFO - Best fit parameters: [1.19264989e-01 1.78260453e+01 1.28127458e-02 2.18282739e-02].
2025-08-01 07:42:35,715 - INFO - Maximum log composite likelihood: -6684.557329386536.
2025-08-01 07:42:35,715 - INFO - Optimal value of theta: 25486.119592165523.
2025-08-01 07:42:35,715 - INFO - Beginning optimization with guess, [15, 15, 0.1, 0.1].
2025-08-01 07:44:22,325 - INFO - Finished optimization with guess, [15, 15, 0.1, 0.1].
2025-08-01 07:44:22,326 - INFO - Best fit parameters: [1.75797417e-01 1.80972158e+01 1.61495621e-02 1.65826666e-02].
2025-08-01 07:44:24,700 - INFO - Maximum log composite likelihood: -8635.576841265505.
2025-08-01 07:44:24,701 - INFO - Optimal value of theta: 27854.09728508763.
2025-08-01 07:44:24,701 - INFO - Beginning optimization with guess, [17.5, 17.5, 0.1, 0.1].
2025-08-01 07:46:13,817 - INFO - Finished optimization with guess, [17.5, 17.5, 0.1, 0.1].
2025-08-01 07:46:13,818 - INFO - Best fit parameters: [ 0.17377712 16.11818545  0.02322957  0.01947572].
2025-08-01 07:46:16,192 - INFO - Maximum log composite likelihood: -5462.179381529995.
2025-08-01 07:46:16,192 - INFO - Optimal value of theta: 27228.5276543553.
2025-08-01 07:46:16,192 - INFO - Beginning optimization with guess, [20, 20, 0.1, 0.1].
2025-08-01 07:48:05,140 - INFO - Finished optimization with guess, [20, 20, 0.1, 0.1].
2025-08-01 07:48:05,141 - INFO - Best fit parameters: [7.97811284e-01 4.38303865e+01 3.50279111e-02 1.59186922e-02].
2025-08-01 07:48:07,513 - INFO - Maximum log composite likelihood: -16253.490610345129.
2025-08-01 07:48:07,513 - INFO - Optimal value of theta: 21316.288975656847.
2025-08-01 07:48:07,513 - INFO - Beginning optimization with guess, [22.5, 22.5, 0.1, 0.1].
2025-08-01 07:49:54,096 - INFO - Finished optimization with guess, [22.5, 22.5, 0.1, 0.1].
2025-08-01 07:49:54,097 - INFO - Best fit parameters: [5.91119551e-01 3.22949853e+01 2.05838442e-02 1.48297857e-02].
2025-08-01 07:49:56,470 - INFO - Maximum log composite likelihood: -15510.431764301647.
2025-08-01 07:49:56,470 - INFO - Optimal value of theta: 23245.04217593388.
2025-08-01 07:49:56,470 - INFO - Beginning optimization with guess, [25, 25, 0.1, 0.1].
2025-08-01 07:51:35,938 - INFO - Finished optimization with guess, [25, 25, 0.1, 0.1].
2025-08-01 07:51:35,939 - INFO - Best fit parameters: [7.56934909e-02 1.41565386e+01 5.53808035e-03 1.66954714e-02].
2025-08-01 07:51:38,313 - INFO - Maximum log composite likelihood: -8949.103397436587.
2025-08-01 07:51:38,313 - INFO - Optimal value of theta: 28960.852456155022.
2025-08-01 07:51:38,313 - INFO - Beginning optimization with guess, [27.5, 27.5, 0.1, 0.1].
2025-08-01 07:53:22,506 - INFO - Finished optimization with guess, [27.5, 27.5, 0.1, 0.1].
2025-08-01 07:53:22,508 - INFO - Best fit parameters: [2.46763258e-01 2.32132802e+01 1.31212249e-02 1.61072125e-02].
2025-08-01 07:53:24,882 - INFO - Maximum log composite likelihood: -12509.3647629788.
2025-08-01 07:53:24,882 - INFO - Optimal value of theta: 25729.573391759957.
2025-08-01 07:53:24,882 - INFO - Beginning optimization with guess, [30, 30, 0.1, 0.1].
2025-08-01 07:55:04,341 - INFO - Finished optimization with guess, [30, 30, 0.1, 0.1].
2025-08-01 07:55:04,342 - INFO - Best fit parameters: [ 0.42319886 14.67468114  0.01505343  0.01972744].
2025-08-01 07:55:06,715 - INFO - Maximum log composite likelihood: -11785.42843529321.
2025-08-01 07:55:06,716 - INFO - Optimal value of theta: 23311.626346315803.
2025-08-01 07:55:06,716 - INFO - Beginning optimization with guess, [33.3, 33.3, 0.1, 0.1].
2025-08-01 07:56:48,574 - INFO - Finished optimization with guess, [33.3, 33.3, 0.1, 0.1].
2025-08-01 07:56:48,575 - INFO - Best fit parameters: [2.77625863e+00 2.52315223e+01 2.36392692e-02 9.71405752e-03].
2025-08-01 07:56:50,948 - INFO - Maximum log composite likelihood: -18688.272654183467.
2025-08-01 07:56:50,948 - INFO - Optimal value of theta: 20269.974964584904.
2025-08-01 07:56:50,948 - INFO - Beginning optimization with guess, [36.6, 36.6, 0.1, 0.1].
2025-08-01 07:58:32,947 - INFO - Finished optimization with guess, [36.6, 36.6, 0.1, 0.1].
2025-08-01 07:58:32,948 - INFO - Best fit parameters: [2.85373209e+00 2.75253124e+01 2.36392692e-02 9.71405752e-03].
2025-08-01 07:58:35,320 - INFO - Maximum log composite likelihood: -18480.029438257163.
2025-08-01 07:58:35,320 - INFO - Optimal value of theta: 20105.34615183732.
2025-08-01 07:58:35,320 - INFO - Beginning optimization with guess, [40, 40, 0.1, 0.1].
2025-08-01 08:00:14,776 - INFO - Finished optimization with guess, [40, 40, 0.1, 0.1].
2025-08-01 08:00:14,777 - INFO - Best fit parameters: [4.88089279e+00 2.23640554e+01 1.93958584e-02 1.43335043e-02].
2025-08-01 08:00:17,148 - INFO - Maximum log composite likelihood: -17090.01501169165.
2025-08-01 08:00:17,148 - INFO - Optimal value of theta: 17904.268074726704.
2025-08-01 08:00:17,148 - INFO - Beginning optimization with guess, [50, 50, 0.1, 0.1].
2025-08-01 08:01:54,286 - INFO - Finished optimization with guess, [50, 50, 0.1, 0.1].
2025-08-01 08:01:54,287 - INFO - Best fit parameters: [8.73949056e+00 2.53261368e+01 1.09098981e-02 1.54329732e-02].
2025-08-01 08:01:56,659 - INFO - Maximum log composite likelihood: -15597.336766966477.
2025-08-01 08:01:56,659 - INFO - Optimal value of theta: 17844.55463526353.
2025-08-01 08:01:56,659 - INFO - Beginning optimization with guess, [60, 60, 0.1, 0.1].
2025-08-01 08:03:28,969 - INFO - Finished optimization with guess, [60, 60, 0.1, 0.1].
2025-08-01 08:03:28,970 - INFO - Best fit parameters: [1.02254514e+01 1.85622847e+01 8.85194362e-03 1.47399003e-02].
2025-08-01 08:03:31,342 - INFO - Maximum log composite likelihood: -14998.687359425723.
2025-08-01 08:03:31,342 - INFO - Optimal value of theta: 18918.760918494318.
2025-08-01 08:03:31,342 - INFO - Beginning optimization with guess, [70, 70, 0.1, 0.1].
2025-08-01 08:05:08,400 - INFO - Finished optimization with guess, [70, 70, 0.1, 0.1].
2025-08-01 08:05:08,401 - INFO - Best fit parameters: [1.01986311e+01 1.99950436e+01 1.31369995e-02 1.47200114e-02].
2025-08-01 08:05:10,773 - INFO - Maximum log composite likelihood: -15709.631062554115.
2025-08-01 08:05:10,773 - INFO - Optimal value of theta: 17791.866629436056.
2025-08-01 08:05:10,773 - INFO - Beginning optimization with guess, [80, 80, 0.1, 0.1].
2025-08-01 08:06:47,886 - INFO - Finished optimization with guess, [80, 80, 0.1, 0.1].
2025-08-01 08:06:47,887 - INFO - Best fit parameters: [5.67626718e+00 3.50722585e+01 1.55209238e-02 1.22806402e-02].
2025-08-01 08:06:50,259 - INFO - Maximum log composite likelihood: -16035.147975018506.
2025-08-01 08:06:50,259 - INFO - Optimal value of theta: 18274.705419419835.
2025-08-01 08:06:50,263 - INFO - Converting and interpreting Tau estimates.
2025-08-01 08:06:50,265 - INFO - Finished demographic inference.
2025-08-01 08:06:50,265 - INFO - Pipeline executed succesfully.
