2024-03-16 14:37:46,390 - INFO - Beginning execution of fit_demographic_model.py in directory /u/project/kirk/jonmah/sample_size_demography/Scripts

2024-03-16 14:37:46,390 - INFO - Progress is being logged to ../Analysis/ThreeEpochContraction_710/log.log

2024-03-16 14:37:46,390 - INFO - Parsed the following arguments:
	syn_input_sfs = ../Analysis/ThreeEpochContraction_710/syn_downsampled_sfs.txt
	mask_singletons = False
	mask_doubletons = False
	outprefix = ../Analysis/ThreeEpochContraction_710/

2024-03-16 14:37:46,414 - INFO - Beginning demographic inference for one-epoch demographic model.
2024-03-16 14:37:46,415 - INFO - Beginning optimization with guess, [0.07077385].
2024-03-16 14:38:48,017 - INFO - Finished optimization with guess, [0.07077385].
2024-03-16 14:38:48,018 - INFO - Best fit parameters: [0.07077385].
2024-03-16 14:38:49,777 - INFO - Maximum log composite likelihood: -5887.367234558246.
2024-03-16 14:38:49,777 - INFO - Optimal value of theta: 7055.157371730654.
2024-03-16 14:38:49,777 - INFO - Beginning optimization with guess, [0.36653506].
2024-03-16 14:39:40,447 - INFO - Finished optimization with guess, [0.36653506].
2024-03-16 14:39:40,448 - INFO - Best fit parameters: [0.36653506].
2024-03-16 14:39:42,206 - INFO - Maximum log composite likelihood: -5887.367234558246.
2024-03-16 14:39:42,206 - INFO - Optimal value of theta: 7055.157371730654.
2024-03-16 14:39:42,206 - INFO - Beginning optimization with guess, [0.56050402].
2024-03-16 14:40:33,325 - INFO - Finished optimization with guess, [0.56050402].
2024-03-16 14:40:33,326 - INFO - Best fit parameters: [0.56050402].
2024-03-16 14:40:35,085 - INFO - Maximum log composite likelihood: -5887.367234558246.
2024-03-16 14:40:35,085 - INFO - Optimal value of theta: 7055.157371730654.
2024-03-16 14:40:35,085 - INFO - Beginning optimization with guess, [0.35349974].
2024-03-16 14:41:31,809 - INFO - Finished optimization with guess, [0.35349974].
2024-03-16 14:41:31,811 - INFO - Best fit parameters: [0.35349974].
2024-03-16 14:41:33,578 - INFO - Maximum log composite likelihood: -5887.367234558246.
2024-03-16 14:41:33,578 - INFO - Optimal value of theta: 7055.157371730654.
2024-03-16 14:41:33,579 - INFO - Beginning optimization with guess, [0.64627078].
2024-03-16 14:42:19,650 - INFO - Finished optimization with guess, [0.64627078].
2024-03-16 14:42:19,651 - INFO - Best fit parameters: [0.64627078].
2024-03-16 14:42:21,420 - INFO - Maximum log composite likelihood: -5887.367234558246.
2024-03-16 14:42:21,420 - INFO - Optimal value of theta: 7055.157371730654.
2024-03-16 14:42:21,421 - INFO - Beginning optimization with guess, [0.86585834].
2024-03-16 14:43:02,253 - INFO - Finished optimization with guess, [0.86585834].
2024-03-16 14:43:02,254 - INFO - Best fit parameters: [0.86585834].
2024-03-16 14:43:04,025 - INFO - Maximum log composite likelihood: -5887.367234558246.
2024-03-16 14:43:04,025 - INFO - Optimal value of theta: 7055.157371730654.
2024-03-16 14:43:04,026 - INFO - Beginning optimization with guess, [0.78664116].
2024-03-16 14:43:44,524 - INFO - Finished optimization with guess, [0.78664116].
2024-03-16 14:43:44,525 - INFO - Best fit parameters: [0.78664116].
2024-03-16 14:43:46,275 - INFO - Maximum log composite likelihood: -5887.367234558246.
2024-03-16 14:43:46,275 - INFO - Optimal value of theta: 7055.157371730654.
2024-03-16 14:43:46,275 - INFO - Beginning optimization with guess, [1.14942487].
2024-03-16 14:44:27,144 - INFO - Finished optimization with guess, [1.14942487].
2024-03-16 14:44:27,145 - INFO - Best fit parameters: [1.14942487].
2024-03-16 14:44:28,918 - INFO - Maximum log composite likelihood: -5887.367234558246.
2024-03-16 14:44:28,918 - INFO - Optimal value of theta: 7055.157371730654.
2024-03-16 14:44:28,918 - INFO - Beginning optimization with guess, [0.4700479].
2024-03-16 14:45:19,957 - INFO - Finished optimization with guess, [0.4700479].
2024-03-16 14:45:19,960 - INFO - Best fit parameters: [0.4700479].
2024-03-16 14:45:21,780 - INFO - Maximum log composite likelihood: -5887.367234558246.
2024-03-16 14:45:21,780 - INFO - Optimal value of theta: 7055.157371730654.
2024-03-16 14:45:21,781 - INFO - Beginning optimization with guess, [0.82464218].
2024-03-16 14:46:04,702 - INFO - Finished optimization with guess, [0.82464218].
2024-03-16 14:46:04,704 - INFO - Best fit parameters: [0.82464218].
2024-03-16 14:46:06,524 - INFO - Maximum log composite likelihood: -5887.367234558246.
2024-03-16 14:46:06,524 - INFO - Optimal value of theta: 7055.157371730654.
2024-03-16 14:46:06,524 - INFO - Beginning optimization with guess, [1.97049239].
2024-03-16 14:46:59,399 - INFO - Finished optimization with guess, [1.97049239].
2024-03-16 14:46:59,401 - INFO - Best fit parameters: [1.97049239].
2024-03-16 14:47:01,224 - INFO - Maximum log composite likelihood: -5887.367234558246.
2024-03-16 14:47:01,224 - INFO - Optimal value of theta: 7055.157371730654.
2024-03-16 14:47:01,224 - INFO - Beginning optimization with guess, [1.67755576].
2024-03-16 14:47:54,204 - INFO - Finished optimization with guess, [1.67755576].
2024-03-16 14:47:54,205 - INFO - Best fit parameters: [1.67755576].
2024-03-16 14:47:55,993 - INFO - Maximum log composite likelihood: -5887.367234558246.
2024-03-16 14:47:55,993 - INFO - Optimal value of theta: 7055.157371730654.
2024-03-16 14:47:55,993 - INFO - Beginning optimization with guess, [1.84908014].
2024-03-16 14:48:47,845 - INFO - Finished optimization with guess, [1.84908014].
2024-03-16 14:48:47,846 - INFO - Best fit parameters: [1.84908014].
2024-03-16 14:48:49,631 - INFO - Maximum log composite likelihood: -5887.367234558246.
2024-03-16 14:48:49,631 - INFO - Optimal value of theta: 7055.157371730654.
2024-03-16 14:48:49,631 - INFO - Beginning optimization with guess, [1.55812225].
2024-03-16 14:49:36,162 - INFO - Finished optimization with guess, [1.55812225].
2024-03-16 14:49:36,164 - INFO - Best fit parameters: [1.55812225].
2024-03-16 14:49:37,953 - INFO - Maximum log composite likelihood: -5887.367234558246.
2024-03-16 14:49:37,953 - INFO - Optimal value of theta: 7055.157371730654.
2024-03-16 14:49:37,954 - INFO - Beginning optimization with guess, [2.58222319].
2024-03-16 14:50:29,995 - INFO - Finished optimization with guess, [2.58222319].
2024-03-16 14:50:29,996 - INFO - Best fit parameters: [2.58222319].
2024-03-16 14:50:31,796 - INFO - Maximum log composite likelihood: -5887.367234558246.
2024-03-16 14:50:31,797 - INFO - Optimal value of theta: 7055.157371730654.
2024-03-16 14:50:31,797 - INFO - Beginning optimization with guess, [1.74711791].
2024-03-16 14:51:23,907 - INFO - Finished optimization with guess, [1.74711791].
2024-03-16 14:51:23,908 - INFO - Best fit parameters: [1.74711791].
2024-03-16 14:51:25,659 - INFO - Maximum log composite likelihood: -5887.367234558246.
2024-03-16 14:51:25,660 - INFO - Optimal value of theta: 7055.157371730654.
2024-03-16 14:51:25,660 - INFO - Beginning optimization with guess, [2.19151719].
2024-03-16 14:52:17,427 - INFO - Finished optimization with guess, [2.19151719].
2024-03-16 14:52:17,428 - INFO - Best fit parameters: [2.19151719].
2024-03-16 14:52:19,210 - INFO - Maximum log composite likelihood: -5887.367234558246.
2024-03-16 14:52:19,210 - INFO - Optimal value of theta: 7055.157371730654.
2024-03-16 14:52:19,211 - INFO - Beginning optimization with guess, [3.49439762].
2024-03-16 14:53:16,382 - INFO - Finished optimization with guess, [3.49439762].
2024-03-16 14:53:16,383 - INFO - Best fit parameters: [3.49439762].
2024-03-16 14:53:18,168 - INFO - Maximum log composite likelihood: -5887.367234558246.
2024-03-16 14:53:18,169 - INFO - Optimal value of theta: 7055.157371730654.
2024-03-16 14:53:18,169 - INFO - Beginning optimization with guess, [2.66209508].
2024-03-16 14:54:09,174 - INFO - Finished optimization with guess, [2.66209508].
2024-03-16 14:54:09,175 - INFO - Best fit parameters: [2.66209508].
2024-03-16 14:54:10,954 - INFO - Maximum log composite likelihood: -5887.367234558246.
2024-03-16 14:54:10,954 - INFO - Optimal value of theta: 7055.157371730654.
2024-03-16 14:54:10,954 - INFO - Beginning optimization with guess, [1.90888058].
2024-03-16 14:55:02,814 - INFO - Finished optimization with guess, [1.90888058].
2024-03-16 14:55:02,815 - INFO - Best fit parameters: [1.90888058].
2024-03-16 14:55:04,603 - INFO - Maximum log composite likelihood: -5887.367234558246.
2024-03-16 14:55:04,603 - INFO - Optimal value of theta: 7055.157371730654.
2024-03-16 14:55:04,604 - INFO - Beginning optimization with guess, [5.70537946].
2024-03-16 14:56:01,866 - INFO - Finished optimization with guess, [5.70537946].
2024-03-16 14:56:01,867 - INFO - Best fit parameters: [5.70537946].
2024-03-16 14:56:03,641 - INFO - Maximum log composite likelihood: -5887.367234558246.
2024-03-16 14:56:03,642 - INFO - Optimal value of theta: 7055.157371730654.
2024-03-16 14:56:03,642 - INFO - Beginning optimization with guess, [3.88763903].
2024-03-16 14:57:00,159 - INFO - Finished optimization with guess, [3.88763903].
2024-03-16 14:57:00,160 - INFO - Best fit parameters: [3.88763903].
2024-03-16 14:57:01,947 - INFO - Maximum log composite likelihood: -5887.367234558246.
2024-03-16 14:57:01,948 - INFO - Optimal value of theta: 7055.157371730654.
2024-03-16 14:57:01,948 - INFO - Beginning optimization with guess, [7.29486696].
2024-03-16 14:57:59,082 - INFO - Finished optimization with guess, [7.29486696].
2024-03-16 14:57:59,083 - INFO - Best fit parameters: [7.29486696].
2024-03-16 14:58:00,860 - INFO - Maximum log composite likelihood: -5887.367234558246.
2024-03-16 14:58:00,860 - INFO - Optimal value of theta: 7055.157371730654.
2024-03-16 14:58:00,861 - INFO - Beginning optimization with guess, [4.40221101].
2024-03-16 14:58:58,048 - INFO - Finished optimization with guess, [4.40221101].
2024-03-16 14:58:58,049 - INFO - Best fit parameters: [4.40221101].
2024-03-16 14:58:59,843 - INFO - Maximum log composite likelihood: -5887.367234558246.
2024-03-16 14:58:59,843 - INFO - Optimal value of theta: 7055.157371730654.
2024-03-16 14:58:59,843 - INFO - Beginning optimization with guess, [4.08366965].
2024-03-16 14:59:57,354 - INFO - Finished optimization with guess, [4.08366965].
2024-03-16 14:59:57,355 - INFO - Best fit parameters: [4.08366965].
2024-03-16 14:59:59,222 - INFO - Maximum log composite likelihood: -5887.367234558246.
2024-03-16 14:59:59,222 - INFO - Optimal value of theta: 7055.157371730654.
2024-03-16 14:59:59,229 - INFO - Finished demographic inference.
2024-03-16 14:59:59,230 - INFO - Pipeline executed succesfully.
