2024-02-13 14:30:18,143 - INFO - Beginning execution of fit_demographic_model.py in directory /u/project/kirk/jonmah/sample_size_demography/Scripts

2024-02-13 14:30:18,143 - INFO - Progress is being logged to ../Analysis/TwoEpochContraction_16/log.log

2024-02-13 14:30:18,143 - INFO - Parsed the following arguments:
	syn_input_sfs = ../Analysis/TwoEpochContraction_16/syn_downsampled_sfs.txt
	mask_singletons = False
	mask_doubletons = False
	outprefix = ../Analysis/TwoEpochContraction_16/

2024-02-13 14:30:18,145 - INFO - Beginning demographic inference for one-epoch demographic model.
2024-02-13 14:30:18,146 - INFO - Beginning optimization with guess, [0.13881772].
2024-02-13 14:30:19,353 - INFO - Finished optimization with guess, [0.13881772].
2024-02-13 14:30:19,353 - INFO - Best fit parameters: [0.13881772].
2024-02-13 14:30:19,391 - INFO - Maximum log composite likelihood: -36.57825163882633.
2024-02-13 14:30:19,391 - INFO - Optimal value of theta: 349.42372692870606.
2024-02-13 14:30:19,391 - INFO - Beginning optimization with guess, [0.11600375].
2024-02-13 14:30:20,743 - INFO - Finished optimization with guess, [0.11600375].
2024-02-13 14:30:20,743 - INFO - Best fit parameters: [0.11600375].
2024-02-13 14:30:20,782 - INFO - Maximum log composite likelihood: -36.57825163882633.
2024-02-13 14:30:20,782 - INFO - Optimal value of theta: 349.42372692870606.
2024-02-13 14:30:20,783 - INFO - Beginning optimization with guess, [0.3431279].
2024-02-13 14:30:22,037 - INFO - Finished optimization with guess, [0.3431279].
2024-02-13 14:30:22,037 - INFO - Best fit parameters: [0.3431279].
2024-02-13 14:30:22,077 - INFO - Maximum log composite likelihood: -36.57825163882633.
2024-02-13 14:30:22,077 - INFO - Optimal value of theta: 349.42372692870606.
2024-02-13 14:30:22,077 - INFO - Beginning optimization with guess, [0.58013748].
2024-02-13 14:30:23,190 - INFO - Finished optimization with guess, [0.58013748].
2024-02-13 14:30:23,190 - INFO - Best fit parameters: [0.58013748].
2024-02-13 14:30:23,226 - INFO - Maximum log composite likelihood: -36.57825163882633.
2024-02-13 14:30:23,227 - INFO - Optimal value of theta: 349.42372692870606.
2024-02-13 14:30:23,227 - INFO - Beginning optimization with guess, [0.86577368].
2024-02-13 14:30:24,091 - INFO - Finished optimization with guess, [0.86577368].
2024-02-13 14:30:24,091 - INFO - Best fit parameters: [0.86577368].
2024-02-13 14:30:24,129 - INFO - Maximum log composite likelihood: -36.57825163882633.
2024-02-13 14:30:24,129 - INFO - Optimal value of theta: 349.42372692870606.
2024-02-13 14:30:24,130 - INFO - Beginning optimization with guess, [0.40901501].
2024-02-13 14:30:25,262 - INFO - Finished optimization with guess, [0.40901501].
2024-02-13 14:30:25,262 - INFO - Best fit parameters: [0.40901501].
2024-02-13 14:30:25,301 - INFO - Maximum log composite likelihood: -36.57825163882633.
2024-02-13 14:30:25,302 - INFO - Optimal value of theta: 349.42372692870606.
2024-02-13 14:30:25,302 - INFO - Beginning optimization with guess, [1.02591569].
2024-02-13 14:30:25,859 - INFO - Finished optimization with guess, [1.02591569].
2024-02-13 14:30:25,859 - INFO - Best fit parameters: [1.02591569].
2024-02-13 14:30:25,899 - INFO - Maximum log composite likelihood: -36.57825163882633.
2024-02-13 14:30:25,899 - INFO - Optimal value of theta: 349.42372692870606.
2024-02-13 14:30:25,899 - INFO - Beginning optimization with guess, [0.49037923].
2024-02-13 14:30:27,052 - INFO - Finished optimization with guess, [0.49037923].
2024-02-13 14:30:27,053 - INFO - Best fit parameters: [0.49037923].
2024-02-13 14:30:27,093 - INFO - Maximum log composite likelihood: -36.57825163882633.
2024-02-13 14:30:27,093 - INFO - Optimal value of theta: 349.42372692870606.
2024-02-13 14:30:27,093 - INFO - Beginning optimization with guess, [1.42991656].
2024-02-13 14:30:28,076 - INFO - Finished optimization with guess, [1.42991656].
2024-02-13 14:30:28,077 - INFO - Best fit parameters: [1.42991656].
2024-02-13 14:30:28,112 - INFO - Maximum log composite likelihood: -36.57825163882633.
2024-02-13 14:30:28,113 - INFO - Optimal value of theta: 349.42372692870606.
2024-02-13 14:30:28,113 - INFO - Beginning optimization with guess, [0.51290867].
2024-02-13 14:30:29,143 - INFO - Finished optimization with guess, [0.51290867].
2024-02-13 14:30:29,143 - INFO - Best fit parameters: [0.51290867].
2024-02-13 14:30:29,178 - INFO - Maximum log composite likelihood: -36.57825163882633.
2024-02-13 14:30:29,178 - INFO - Optimal value of theta: 349.42372692870606.
2024-02-13 14:30:29,178 - INFO - Beginning optimization with guess, [1.06094503].
2024-02-13 14:30:29,759 - INFO - Finished optimization with guess, [1.06094503].
2024-02-13 14:30:29,760 - INFO - Best fit parameters: [1.06094503].
2024-02-13 14:30:29,793 - INFO - Maximum log composite likelihood: -36.57825163882633.
2024-02-13 14:30:29,793 - INFO - Optimal value of theta: 349.42372692870606.
2024-02-13 14:30:29,794 - INFO - Beginning optimization with guess, [1.87119085].
2024-02-13 14:30:30,793 - INFO - Finished optimization with guess, [1.87119085].
2024-02-13 14:30:30,794 - INFO - Best fit parameters: [1.87119085].
2024-02-13 14:30:30,829 - INFO - Maximum log composite likelihood: -36.57825163882633.
2024-02-13 14:30:30,829 - INFO - Optimal value of theta: 349.42372692870606.
2024-02-13 14:30:30,829 - INFO - Beginning optimization with guess, [2.87531723].
2024-02-13 14:30:32,039 - INFO - Finished optimization with guess, [2.87531723].
2024-02-13 14:30:32,039 - INFO - Best fit parameters: [2.87531723].
2024-02-13 14:30:32,078 - INFO - Maximum log composite likelihood: -36.57825163882633.
2024-02-13 14:30:32,078 - INFO - Optimal value of theta: 349.42372692870606.
2024-02-13 14:30:32,078 - INFO - Beginning optimization with guess, [1.23136131].
2024-02-13 14:30:32,969 - INFO - Finished optimization with guess, [1.23136131].
2024-02-13 14:30:32,970 - INFO - Best fit parameters: [1.23136131].
2024-02-13 14:30:33,003 - INFO - Maximum log composite likelihood: -36.57825163882633.
2024-02-13 14:30:33,003 - INFO - Optimal value of theta: 349.42372692870606.
2024-02-13 14:30:33,004 - INFO - Beginning optimization with guess, [1.77915136].
2024-02-13 14:30:33,996 - INFO - Finished optimization with guess, [1.77915136].
2024-02-13 14:30:33,996 - INFO - Best fit parameters: [1.77915136].
2024-02-13 14:30:34,030 - INFO - Maximum log composite likelihood: -36.57825163882633.
2024-02-13 14:30:34,030 - INFO - Optimal value of theta: 349.42372692870606.
2024-02-13 14:30:34,030 - INFO - Beginning optimization with guess, [2.73562448].
2024-02-13 14:30:35,012 - INFO - Finished optimization with guess, [2.73562448].
2024-02-13 14:30:35,012 - INFO - Best fit parameters: [2.73562448].
2024-02-13 14:30:35,046 - INFO - Maximum log composite likelihood: -36.57825163882633.
2024-02-13 14:30:35,046 - INFO - Optimal value of theta: 349.42372692870606.
2024-02-13 14:30:35,046 - INFO - Beginning optimization with guess, [2.69000029].
2024-02-13 14:30:36,028 - INFO - Finished optimization with guess, [2.69000029].
2024-02-13 14:30:36,028 - INFO - Best fit parameters: [2.69000029].
2024-02-13 14:30:36,062 - INFO - Maximum log composite likelihood: -36.57825163882633.
2024-02-13 14:30:36,062 - INFO - Optimal value of theta: 349.42372692870606.
2024-02-13 14:30:36,062 - INFO - Beginning optimization with guess, [5.99282492].
2024-02-13 14:30:37,147 - INFO - Finished optimization with guess, [5.99282492].
2024-02-13 14:30:37,148 - INFO - Best fit parameters: [5.99282492].
2024-02-13 14:30:37,182 - INFO - Maximum log composite likelihood: -36.57825163882633.
2024-02-13 14:30:37,182 - INFO - Optimal value of theta: 349.42372692870606.
2024-02-13 14:30:37,182 - INFO - Beginning optimization with guess, [2.98806774].
2024-02-13 14:30:38,268 - INFO - Finished optimization with guess, [2.98806774].
2024-02-13 14:30:38,268 - INFO - Best fit parameters: [2.98806774].
2024-02-13 14:30:38,302 - INFO - Maximum log composite likelihood: -36.57825163882633.
2024-02-13 14:30:38,302 - INFO - Optimal value of theta: 349.42372692870606.
2024-02-13 14:30:38,302 - INFO - Beginning optimization with guess, [2.45662138].
2024-02-13 14:30:39,343 - INFO - Finished optimization with guess, [2.45662138].
2024-02-13 14:30:39,343 - INFO - Best fit parameters: [2.45662138].
2024-02-13 14:30:39,382 - INFO - Maximum log composite likelihood: -36.57825163882633.
2024-02-13 14:30:39,382 - INFO - Optimal value of theta: 349.42372692870606.
2024-02-13 14:30:39,383 - INFO - Beginning optimization with guess, [2.88266388].
2024-02-13 14:30:40,647 - INFO - Finished optimization with guess, [2.88266388].
2024-02-13 14:30:40,648 - INFO - Best fit parameters: [2.88266388].
2024-02-13 14:30:40,687 - INFO - Maximum log composite likelihood: -36.57825163882633.
2024-02-13 14:30:40,687 - INFO - Optimal value of theta: 349.42372692870606.
2024-02-13 14:30:40,687 - INFO - Beginning optimization with guess, [5.11046076].
2024-02-13 14:30:41,948 - INFO - Finished optimization with guess, [5.11046076].
2024-02-13 14:30:41,948 - INFO - Best fit parameters: [5.11046076].
2024-02-13 14:30:41,987 - INFO - Maximum log composite likelihood: -36.57825163882633.
2024-02-13 14:30:41,988 - INFO - Optimal value of theta: 349.42372692870606.
2024-02-13 14:30:41,988 - INFO - Beginning optimization with guess, [4.21939306].
2024-02-13 14:30:43,242 - INFO - Finished optimization with guess, [4.21939306].
2024-02-13 14:30:43,242 - INFO - Best fit parameters: [4.21939306].
2024-02-13 14:30:43,281 - INFO - Maximum log composite likelihood: -36.57825163882633.
2024-02-13 14:30:43,281 - INFO - Optimal value of theta: 349.42372692870606.
2024-02-13 14:30:43,282 - INFO - Beginning optimization with guess, [5.23560362].
2024-02-13 14:30:44,539 - INFO - Finished optimization with guess, [5.23560362].
2024-02-13 14:30:44,539 - INFO - Best fit parameters: [5.23560362].
2024-02-13 14:30:44,578 - INFO - Maximum log composite likelihood: -36.57825163882633.
2024-02-13 14:30:44,579 - INFO - Optimal value of theta: 349.42372692870606.
2024-02-13 14:30:44,579 - INFO - Beginning optimization with guess, [13.43230527].
2024-02-13 14:30:45,953 - INFO - Finished optimization with guess, [13.43230527].
2024-02-13 14:30:45,953 - INFO - Best fit parameters: [13.43230527].
2024-02-13 14:30:45,992 - INFO - Maximum log composite likelihood: -36.57825163882633.
2024-02-13 14:30:45,993 - INFO - Optimal value of theta: 349.42372692870606.
2024-02-13 14:30:45,995 - INFO - Beginning demographic inference for two-epoch demographic model.
2024-02-13 14:30:45,996 - INFO - Beginning optimization with guess, [0.100966   0.01356136].
2024-02-13 14:30:48,481 - INFO - Finished optimization with guess, [0.100966   0.01356136].
2024-02-13 14:30:48,481 - INFO - Best fit parameters: [3.21412135 0.07376453].
2024-02-13 14:30:48,522 - INFO - Maximum log composite likelihood: -26.62621589315492.
2024-02-13 14:30:48,522 - INFO - Optimal value of theta: 314.29071632152625.
2024-02-13 14:30:48,523 - INFO - Beginning optimization with guess, [0.34356898 0.01277982].
2024-02-13 14:30:52,537 - INFO - Finished optimization with guess, [0.34356898 0.01277982].
2024-02-13 14:30:52,538 - INFO - Best fit parameters: [2.32110543 0.08365589].
2024-02-13 14:30:52,579 - INFO - Maximum log composite likelihood: -26.88378701869233.
2024-02-13 14:30:52,579 - INFO - Optimal value of theta: 317.4909880877258.
2024-02-13 14:30:52,580 - INFO - Beginning optimization with guess, [0.16442639 0.00573274].
2024-02-13 14:30:57,636 - INFO - Finished optimization with guess, [0.16442639 0.00573274].
2024-02-13 14:30:57,636 - INFO - Best fit parameters: [2.5607837  0.08083321].
2024-02-13 14:30:57,673 - INFO - Maximum log composite likelihood: -26.73749192418981.
2024-02-13 14:30:57,673 - INFO - Optimal value of theta: 316.07959849454426.
2024-02-13 14:30:57,673 - INFO - Beginning optimization with guess, [0.39464863 0.0159209 ].
2024-02-13 14:31:01,104 - INFO - Finished optimization with guess, [0.39464863 0.0159209 ].
2024-02-13 14:31:01,105 - INFO - Best fit parameters: [1.96441731 0.12174891].
2024-02-13 14:31:01,141 - INFO - Maximum log composite likelihood: -26.90258455079993.
2024-02-13 14:31:01,141 - INFO - Optimal value of theta: 312.70842213141975.
2024-02-13 14:31:01,142 - INFO - Beginning optimization with guess, [0.4931221 0.0060683].
2024-02-13 14:31:07,095 - INFO - Finished optimization with guess, [0.4931221 0.0060683].
2024-02-13 14:31:07,096 - INFO - Best fit parameters: [1.85691607 0.14242629].
2024-02-13 14:31:07,138 - INFO - Maximum log composite likelihood: -27.01276784385189.
2024-02-13 14:31:07,138 - INFO - Optimal value of theta: 310.79161331851196.
2024-02-13 14:31:07,138 - INFO - Beginning optimization with guess, [0.75554849 0.01028279].
2024-02-13 14:31:11,722 - INFO - Finished optimization with guess, [0.75554849 0.01028279].
2024-02-13 14:31:11,723 - INFO - Best fit parameters: [1.36556158 0.1285732 ].
2024-02-13 14:31:11,765 - INFO - Maximum log composite likelihood: -29.81058001154726.
2024-02-13 14:31:11,765 - INFO - Optimal value of theta: 328.8966712883362.
2024-02-13 14:31:11,766 - INFO - Beginning optimization with guess, [0.86973433 0.00857816].
2024-02-13 14:31:17,137 - INFO - Finished optimization with guess, [0.86973433 0.00857816].
2024-02-13 14:31:17,138 - INFO - Best fit parameters: [1.16780874 0.11854261].
2024-02-13 14:31:17,181 - INFO - Maximum log composite likelihood: -32.73971173491702.
2024-02-13 14:31:17,181 - INFO - Optimal value of theta: 339.12489972868065.
2024-02-13 14:31:17,181 - INFO - Beginning optimization with guess, [0.90807013 0.00757518].
2024-02-13 14:31:22,726 - INFO - Finished optimization with guess, [0.90807013 0.00757518].
2024-02-13 14:31:22,726 - INFO - Best fit parameters: [1.09727945 0.38680187].
2024-02-13 14:31:22,775 - INFO - Maximum log composite likelihood: -33.85396586661986.
2024-02-13 14:31:22,775 - INFO - Optimal value of theta: 335.76242884814417.
2024-02-13 14:31:22,775 - INFO - Beginning optimization with guess, [0.94550964 0.01021591].
2024-02-13 14:31:27,440 - INFO - Finished optimization with guess, [0.94550964 0.01021591].
2024-02-13 14:31:27,441 - INFO - Best fit parameters: [1.10700682 0.29219965].
2024-02-13 14:31:27,481 - INFO - Maximum log composite likelihood: -33.5248784649921.
2024-02-13 14:31:27,482 - INFO - Optimal value of theta: 336.7471384999825.
2024-02-13 14:31:27,482 - INFO - Beginning optimization with guess, [1.2049937  0.01718107].
2024-02-13 14:31:29,508 - INFO - Finished optimization with guess, [1.2049937  0.01718107].
2024-02-13 14:31:29,508 - INFO - Best fit parameters: [1.41067188 0.19880979].
2024-02-13 14:31:29,546 - INFO - Maximum log composite likelihood: -28.864335423146457.
2024-02-13 14:31:29,547 - INFO - Optimal value of theta: 319.1394686559222.
2024-02-13 14:31:29,547 - INFO - Beginning optimization with guess, [1.40022558 0.00703721].
2024-02-13 14:31:31,455 - INFO - Finished optimization with guess, [1.40022558 0.00703721].
2024-02-13 14:31:31,456 - INFO - Best fit parameters: [2.77709683 0.08610967].
2024-02-13 14:31:31,496 - INFO - Maximum log composite likelihood: -26.618444848038365.
2024-02-13 14:31:31,497 - INFO - Optimal value of theta: 312.48680539880246.
2024-02-13 14:31:31,497 - INFO - Beginning optimization with guess, [0.99589249 0.00842038].
2024-02-13 14:31:37,034 - INFO - Finished optimization with guess, [0.99589249 0.00842038].
2024-02-13 14:31:37,035 - INFO - Best fit parameters: [1.00458538 0.11756052].
2024-02-13 14:31:37,078 - INFO - Maximum log composite likelihood: -36.448749406250926.
2024-02-13 14:31:37,078 - INFO - Optimal value of theta: 349.1010179118235.
2024-02-13 14:31:37,079 - INFO - Beginning optimization with guess, [1.82962114 0.00674088].
2024-02-13 14:31:39,047 - INFO - Finished optimization with guess, [1.82962114 0.00674088].
2024-02-13 14:31:39,048 - INFO - Best fit parameters: [3.01846323 0.08099878].
2024-02-13 14:31:39,089 - INFO - Maximum log composite likelihood: -26.613367065874954.
2024-02-13 14:31:39,089 - INFO - Optimal value of theta: 312.62652229691577.
2024-02-13 14:31:39,089 - INFO - Beginning optimization with guess, [2.47909081 0.00677373].
2024-02-13 14:31:41,000 - INFO - Finished optimization with guess, [2.47909081 0.00677373].
2024-02-13 14:31:41,000 - INFO - Best fit parameters: [2.98590633 0.08182233].
2024-02-13 14:31:41,041 - INFO - Maximum log composite likelihood: -26.613478910158193.
2024-02-13 14:31:41,041 - INFO - Optimal value of theta: 312.53436445046265.
2024-02-13 14:31:41,041 - INFO - Beginning optimization with guess, [2.21248572 0.00544195].
2024-02-13 14:31:43,033 - INFO - Finished optimization with guess, [2.21248572 0.00544195].
2024-02-13 14:31:43,034 - INFO - Best fit parameters: [3.03529041 0.08078251].
2024-02-13 14:31:43,076 - INFO - Maximum log composite likelihood: -26.613331563221493.
2024-02-13 14:31:43,076 - INFO - Optimal value of theta: 312.60045670692483.
2024-02-13 14:31:43,076 - INFO - Beginning optimization with guess, [1.36382111 0.00855249].
2024-02-13 14:31:44,951 - INFO - Finished optimization with guess, [1.36382111 0.00855249].
2024-02-13 14:31:44,952 - INFO - Best fit parameters: [2.99786218 0.08363389].
2024-02-13 14:31:44,992 - INFO - Maximum log composite likelihood: -26.616130822122727.
2024-02-13 14:31:44,992 - INFO - Optimal value of theta: 311.79521172126533.
2024-02-13 14:31:44,993 - INFO - Beginning optimization with guess, [2.40472357 0.01091745].
2024-02-13 14:31:47,017 - INFO - Finished optimization with guess, [2.40472357 0.01091745].
2024-02-13 14:31:47,018 - INFO - Best fit parameters: [3.03732691 0.08082722].
2024-02-13 14:31:47,058 - INFO - Maximum log composite likelihood: -26.61333234050352.
2024-02-13 14:31:47,059 - INFO - Optimal value of theta: 312.57103224354853.
2024-02-13 14:31:47,059 - INFO - Beginning optimization with guess, [1.56595371 0.01020437].
2024-02-13 14:31:49,001 - INFO - Finished optimization with guess, [1.56595371 0.01020437].
2024-02-13 14:31:49,001 - INFO - Best fit parameters: [3.12338904 0.079097  ].
2024-02-13 14:31:49,042 - INFO - Maximum log composite likelihood: -26.613845904310324.
2024-02-13 14:31:49,042 - INFO - Optimal value of theta: 312.7080309646197.
2024-02-13 14:31:49,042 - INFO - Beginning optimization with guess, [4.01802727 0.01664104].
2024-02-13 14:31:51,005 - INFO - Finished optimization with guess, [4.01802727 0.01664104].
2024-02-13 14:31:51,005 - INFO - Best fit parameters: [3.04881813 0.08091124].
2024-02-13 14:31:51,046 - INFO - Maximum log composite likelihood: -26.61345571904947.
2024-02-13 14:31:51,046 - INFO - Optimal value of theta: 312.46791534159195.
2024-02-13 14:31:51,047 - INFO - Beginning optimization with guess, [6.56036035 0.0115205 ].
2024-02-13 14:31:52,927 - INFO - Finished optimization with guess, [6.56036035 0.0115205 ].
2024-02-13 14:31:52,928 - INFO - Best fit parameters: [4.20132266 0.06175773].
2024-02-13 14:31:52,968 - INFO - Maximum log composite likelihood: -26.6610686527614.
2024-02-13 14:31:52,969 - INFO - Optimal value of theta: 315.8301896198353.
2024-02-13 14:31:52,969 - INFO - Beginning optimization with guess, [6.08219591e+00 6.05547708e-03].
2024-02-13 14:31:54,895 - INFO - Finished optimization with guess, [6.08219591e+00 6.05547708e-03].
2024-02-13 14:31:54,895 - INFO - Best fit parameters: [5.26608781 0.05757641].
2024-02-13 14:31:54,934 - INFO - Maximum log composite likelihood: -26.67496376647017.
2024-02-13 14:31:54,934 - INFO - Optimal value of theta: 315.71104227206536.
2024-02-13 14:31:54,934 - INFO - Beginning optimization with guess, [8.40485626 0.00886471].
2024-02-13 14:31:56,700 - INFO - Finished optimization with guess, [8.40485626 0.00886471].
2024-02-13 14:31:56,700 - INFO - Best fit parameters: [4.2060785  0.06307609].
2024-02-13 14:31:56,739 - INFO - Maximum log composite likelihood: -26.649495978305623.
2024-02-13 14:31:56,739 - INFO - Optimal value of theta: 315.20650774326.
2024-02-13 14:31:56,740 - INFO - Beginning optimization with guess, [3.45399925 0.00521939].
2024-02-13 14:31:58,669 - INFO - Finished optimization with guess, [3.45399925 0.00521939].
2024-02-13 14:31:58,670 - INFO - Best fit parameters: [3.94545644 0.06587034].
2024-02-13 14:31:58,709 - INFO - Maximum log composite likelihood: -26.63820513991236.
2024-02-13 14:31:58,709 - INFO - Optimal value of theta: 314.68623046978297.
2024-02-13 14:31:58,709 - INFO - Beginning optimization with guess, [7.79316880e+00 6.91841895e-03].
2024-02-13 14:32:00,615 - INFO - Finished optimization with guess, [7.79316880e+00 6.91841895e-03].
2024-02-13 14:32:00,615 - INFO - Best fit parameters: [3.99408791 0.06623737].
2024-02-13 14:32:00,654 - INFO - Maximum log composite likelihood: -26.63656988229232.
2024-02-13 14:32:00,655 - INFO - Optimal value of theta: 314.37230739999734.
2024-02-13 14:32:00,655 - INFO - Beginning optimization with guess, [1.56659491e+01 1.33727760e-02].
2024-02-13 14:32:02,617 - INFO - Finished optimization with guess, [1.56659491e+01 1.33727760e-02].
2024-02-13 14:32:02,618 - INFO - Best fit parameters: [8.31091606 0.05093594].
2024-02-13 14:32:02,661 - INFO - Maximum log composite likelihood: -26.721771716400212.
2024-02-13 14:32:02,661 - INFO - Optimal value of theta: 316.3879352255442.
2024-02-13 14:32:02,663 - INFO - Beginning demographic inference for three-epoch demographic model.
2024-02-13 14:32:02,665 - INFO - Beginning optimization with guess, [0.00501332 0.00623706 0.00864295 0.01906211].
2024-02-13 14:40:46,894 - INFO - Finished optimization with guess, [0.00501332 0.00623706 0.00864295 0.01906211].
2024-02-13 14:40:46,895 - INFO - Best fit parameters: [0.00229189 0.00059638 0.00477375 0.32246317].
2024-02-13 14:40:58,453 - INFO - Maximum log composite likelihood: -36.57825163587697.
2024-02-13 14:40:58,454 - INFO - Optimal value of theta: 585903.3601924053.
2024-02-13 14:40:58,454 - INFO - Beginning optimization with guess, [0.01010263 0.01230788 0.01777302 0.00624831].
2024-02-13 14:41:08,601 - INFO - Finished optimization with guess, [0.01010263 0.01230788 0.01777302 0.00624831].
2024-02-13 14:41:08,602 - INFO - Best fit parameters: [0.00679722 0.01294944 0.04361597 0.00452075].
2024-02-13 14:41:08,780 - INFO - Maximum log composite likelihood: -28.915405268030668.
2024-02-13 14:41:08,780 - INFO - Optimal value of theta: 33985.479865565154.
2024-02-13 14:41:08,781 - INFO - Beginning optimization with guess, [0.0596019  0.0371442  0.01106908 0.01550976].
2024-02-13 14:41:10,410 - INFO - Finished optimization with guess, [0.0596019  0.0371442  0.01106908 0.01550976].
2024-02-13 14:41:10,410 - INFO - Best fit parameters: [1.13024147e-01 1.47118414e+01 4.20922511e-05 4.51441989e-04].
2024-02-13 14:41:10,445 - INFO - Maximum log composite likelihood: -36.52825652550618.
2024-02-13 14:41:10,445 - INFO - Optimal value of theta: 349.3456279672282.
2024-02-13 14:41:10,446 - INFO - Beginning optimization with guess, [0.03532835 0.03198827 0.00786122 0.01810391].
2024-02-13 14:41:12,135 - INFO - Finished optimization with guess, [0.03532835 0.03198827 0.00786122 0.01810391].
2024-02-13 14:41:12,136 - INFO - Best fit parameters: [5.01820277e-02 8.66361589e+01 1.25402570e-05 3.50961320e-04].
2024-02-13 14:41:12,171 - INFO - Maximum log composite likelihood: -36.511529953689674.
2024-02-13 14:41:12,171 - INFO - Optimal value of theta: 349.31866864444925.
2024-02-13 14:41:12,171 - INFO - Beginning optimization with guess, [0.0833062  0.03735576 0.01247659 0.00876662].
2024-02-13 14:41:13,733 - INFO - Finished optimization with guess, [0.0833062  0.03735576 0.01247659 0.00876662].
2024-02-13 14:41:13,733 - INFO - Best fit parameters: [1.85645721e-01 4.03827971e+07 1.66285044e-09 1.23152489e-08].
2024-02-13 14:41:13,768 - INFO - Maximum log composite likelihood: -36.57824896360984.
2024-02-13 14:41:13,768 - INFO - Optimal value of theta: 349.4237227058848.
2024-02-13 14:41:13,768 - INFO - Beginning optimization with guess, [0.49010238 0.38212994 0.00963518 0.01370282].
2024-02-13 14:41:15,257 - INFO - Finished optimization with guess, [0.49010238 0.38212994 0.00963518 0.01370282].
2024-02-13 14:41:15,257 - INFO - Best fit parameters: [4.42752070e-01 2.02579466e+00 1.33441145e-04 1.34769083e-03].
2024-02-13 14:41:15,292 - INFO - Maximum log composite likelihood: -36.30861298184479.
2024-02-13 14:41:15,292 - INFO - Optimal value of theta: 348.9926756221111.
2024-02-13 14:41:15,292 - INFO - Beginning optimization with guess, [0.96691246 1.23349945 0.01160172 0.01956997].
2024-02-13 14:41:17,007 - INFO - Finished optimization with guess, [0.96691246 1.23349945 0.01160172 0.01956997].
2024-02-13 14:41:17,008 - INFO - Best fit parameters: [0.98547029 1.69161645 0.1200321  0.22640035].
2024-02-13 14:41:17,048 - INFO - Maximum log composite likelihood: -27.530398232870155.
2024-02-13 14:41:17,048 - INFO - Optimal value of theta: 303.27380701666783.
2024-02-13 14:41:17,049 - INFO - Beginning optimization with guess, [0.94342397 0.90914342 0.01900741 0.01312633].
2024-02-13 14:41:18,641 - INFO - Finished optimization with guess, [0.94342397 0.90914342 0.01900741 0.01312633].
2024-02-13 14:41:18,641 - INFO - Best fit parameters: [9.55347825e-01 1.04433966e+00 5.54045942e-04 4.34862136e-03].
2024-02-13 14:41:18,676 - INFO - Maximum log composite likelihood: -36.49885292551022.
2024-02-13 14:41:18,676 - INFO - Optimal value of theta: 349.29373586594266.
2024-02-13 14:41:18,677 - INFO - Beginning optimization with guess, [0.50811586 0.74080737 0.01324158 0.00733269].
2024-02-13 14:41:20,165 - INFO - Finished optimization with guess, [0.50811586 0.74080737 0.01324158 0.00733269].
2024-02-13 14:41:20,166 - INFO - Best fit parameters: [1.25172804e+00 1.26180470e+00 3.11782610e-07 8.88505642e-02].
2024-02-13 14:41:20,202 - INFO - Maximum log composite likelihood: -31.793056462698985.
2024-02-13 14:41:20,203 - INFO - Optimal value of theta: 337.46899981091605.
2024-02-13 14:41:20,203 - INFO - Beginning optimization with guess, [1.85293995 1.14799032 0.01199448 0.01011916].
2024-02-13 14:41:21,870 - INFO - Finished optimization with guess, [1.85293995 1.14799032 0.01199448 0.01011916].
2024-02-13 14:41:21,871 - INFO - Best fit parameters: [2.16814049 1.15987243 0.12750477 0.00743443].
2024-02-13 14:41:21,907 - INFO - Maximum log composite likelihood: -26.910519359870676.
2024-02-13 14:41:21,907 - INFO - Optimal value of theta: 308.3108641845374.
2024-02-13 14:41:21,907 - INFO - Beginning optimization with guess, [0.63537042 0.68449459 0.00809797 0.01521003].
2024-02-13 14:41:23,353 - INFO - Finished optimization with guess, [0.63537042 0.68449459 0.00809797 0.01521003].
2024-02-13 14:41:23,353 - INFO - Best fit parameters: [6.84716698e-01 1.08969408e+00 1.70997709e-04 3.21219144e-03].
2024-02-13 14:41:23,388 - INFO - Maximum log composite likelihood: -36.48390856526788.
2024-02-13 14:41:23,388 - INFO - Optimal value of theta: 349.27058205572985.
2024-02-13 14:41:23,388 - INFO - Beginning optimization with guess, [0.76355023 2.53326908 0.01262144 0.00663198].
2024-02-13 14:41:25,032 - INFO - Finished optimization with guess, [0.76355023 2.53326908 0.01262144 0.00663198].
2024-02-13 14:41:25,032 - INFO - Best fit parameters: [0.75174935 2.75219231 0.00438289 0.09159453].
2024-02-13 14:41:25,068 - INFO - Maximum log composite likelihood: -26.618959675567083.
2024-02-13 14:41:25,068 - INFO - Optimal value of theta: 311.5673341067841.
2024-02-13 14:41:25,068 - INFO - Beginning optimization with guess, [0.88746691 2.65111814 0.0104712  0.00523556].
2024-02-13 14:41:26,705 - INFO - Finished optimization with guess, [0.88746691 2.65111814 0.0104712  0.00523556].
2024-02-13 14:41:26,705 - INFO - Best fit parameters: [0.88109123 2.92378617 0.00356638 0.08667363].
2024-02-13 14:41:26,740 - INFO - Maximum log composite likelihood: -26.618228205840552.
2024-02-13 14:41:26,741 - INFO - Optimal value of theta: 311.449207617436.
2024-02-13 14:41:26,741 - INFO - Beginning optimization with guess, [3.44558181 1.60086659 0.00901226 0.00520525].
2024-02-13 14:41:28,360 - INFO - Finished optimization with guess, [3.44558181 1.60086659 0.00901226 0.00520525].
2024-02-13 14:41:28,361 - INFO - Best fit parameters: [4.33048411e+00 1.65391181e+00 6.33056108e-02 4.15600475e-03].
2024-02-13 14:41:28,396 - INFO - Maximum log composite likelihood: -26.623898575819254.
2024-02-13 14:41:28,396 - INFO - Optimal value of theta: 314.20550147494373.
2024-02-13 14:41:28,396 - INFO - Beginning optimization with guess, [1.64456545 2.08579331 0.01573148 0.00557816].
2024-02-13 14:41:30,031 - INFO - Finished optimization with guess, [1.64456545 2.08579331 0.01573148 0.00557816].
2024-02-13 14:41:30,032 - INFO - Best fit parameters: [1.95439307 2.25208249 0.1217005  0.00636419].
2024-02-13 14:41:30,070 - INFO - Maximum log composite likelihood: -26.85857376697743.
2024-02-13 14:41:30,070 - INFO - Optimal value of theta: 311.1415397621156.
2024-02-13 14:41:30,070 - INFO - Beginning optimization with guess, [3.58243559 1.34123332 0.01263616 0.00988595].
2024-02-13 14:41:31,737 - INFO - Finished optimization with guess, [3.58243559 1.34123332 0.01263616 0.00988595].
2024-02-13 14:41:31,737 - INFO - Best fit parameters: [4.49384137 1.37762912 0.06736448 0.00798285].
2024-02-13 14:41:31,773 - INFO - Maximum log composite likelihood: -26.60678368932311.
2024-02-13 14:41:31,773 - INFO - Optimal value of theta: 312.31352170105276.
2024-02-13 14:41:31,773 - INFO - Beginning optimization with guess, [1.96681637 2.18947001 0.00732847 0.00642845].
2024-02-13 14:41:33,482 - INFO - Finished optimization with guess, [1.96681637 2.18947001 0.00732847 0.00642845].
2024-02-13 14:41:33,483 - INFO - Best fit parameters: [2.28709593 2.84952324 0.00833705 0.07560897].
2024-02-13 14:41:33,518 - INFO - Maximum log composite likelihood: -26.619597530123997.
2024-02-13 14:41:33,518 - INFO - Optimal value of theta: 313.09994590952044.
2024-02-13 14:41:33,518 - INFO - Beginning optimization with guess, [2.63188754 2.99425214 0.0082756  0.00858027].
2024-02-13 14:41:35,145 - INFO - Finished optimization with guess, [2.63188754 2.99425214 0.0082756  0.00858027].
2024-02-13 14:41:35,146 - INFO - Best fit parameters: [2.83683061 3.76918431 0.00685888 0.0649557 ].
2024-02-13 14:41:35,182 - INFO - Maximum log composite likelihood: -26.631429172270003.
2024-02-13 14:41:35,182 - INFO - Optimal value of theta: 313.0147534063461.
2024-02-13 14:41:35,183 - INFO - Beginning optimization with guess, [3.9043953  2.60386003 0.00513912 0.01728662].
2024-02-13 14:41:36,822 - INFO - Finished optimization with guess, [3.9043953  2.60386003 0.00513912 0.01728662].
2024-02-13 14:41:36,822 - INFO - Best fit parameters: [4.42131101e+00 3.04213588e+00 4.08629455e-03 7.64209991e-02].
2024-02-13 14:41:36,858 - INFO - Maximum log composite likelihood: -26.613399369411894.
2024-02-13 14:41:36,858 - INFO - Optimal value of theta: 312.4085543244264.
2024-02-13 14:41:36,858 - INFO - Beginning optimization with guess, [6.02552634 4.25740078 0.00658066 0.01132197].
2024-02-13 14:41:38,699 - INFO - Finished optimization with guess, [6.02552634 4.25740078 0.00658066 0.01132197].
2024-02-13 14:41:38,700 - INFO - Best fit parameters: [6.94945172e+00 5.36726927e+00 5.16590508e-03 5.37916144e-02].
2024-02-13 14:41:38,736 - INFO - Maximum log composite likelihood: -26.675241531710412.
2024-02-13 14:41:38,736 - INFO - Optimal value of theta: 314.6726305965161.
2024-02-13 14:41:38,737 - INFO - Beginning optimization with guess, [5.10222959 2.78550731 0.00872902 0.00700779].
2024-02-13 14:41:40,528 - INFO - Finished optimization with guess, [5.10222959 2.78550731 0.00872902 0.00700779].
2024-02-13 14:41:40,529 - INFO - Best fit parameters: [5.93626239e+00 3.33096739e+00 5.36076731e-02 5.62493368e-03].
2024-02-13 14:41:40,564 - INFO - Maximum log composite likelihood: -26.667952100264117.
2024-02-13 14:41:40,565 - INFO - Optimal value of theta: 314.5428409182899.
2024-02-13 14:41:40,565 - INFO - Beginning optimization with guess, [8.39390543e+00 7.92502072e+00 1.10958526e-02 5.43654654e-03].
2024-02-13 14:41:42,237 - INFO - Finished optimization with guess, [8.39390543e+00 7.92502072e+00 1.10958526e-02 5.43654654e-03].
2024-02-13 14:41:42,237 - INFO - Best fit parameters: [1.09422596e+01 9.80022559e+00 4.52675973e-02 4.55198953e-03].
2024-02-13 14:41:42,272 - INFO - Maximum log composite likelihood: -26.736267321146784.
2024-02-13 14:41:42,272 - INFO - Optimal value of theta: 315.9788699510112.
2024-02-13 14:41:42,273 - INFO - Beginning optimization with guess, [4.02686427e+00 6.25359742e+00 6.24113951e-03 7.00020491e-03].
2024-02-13 14:41:43,999 - INFO - Finished optimization with guess, [4.02686427e+00 6.25359742e+00 6.24113951e-03 7.00020491e-03].
2024-02-13 14:41:44,000 - INFO - Best fit parameters: [4.53090018e+00 8.76189115e+00 5.08747615e-03 4.60103175e-02].
2024-02-13 14:41:44,035 - INFO - Maximum log composite likelihood: -26.72707976773941.
2024-02-13 14:41:44,035 - INFO - Optimal value of theta: 316.3898861588486.
2024-02-13 14:41:44,035 - INFO - Beginning optimization with guess, [4.63981839e+00 9.54253562e+00 5.19472759e-03 8.73816267e-03].
2024-02-13 14:41:45,690 - INFO - Finished optimization with guess, [4.63981839e+00 9.54253562e+00 5.19472759e-03 8.73816267e-03].
2024-02-13 14:41:45,690 - INFO - Best fit parameters: [5.03281788e+00 1.36423390e+01 3.87118564e-03 4.41607350e-02].
2024-02-13 14:41:45,725 - INFO - Maximum log composite likelihood: -26.755530471792383.
2024-02-13 14:41:45,726 - INFO - Optimal value of theta: 316.60981844237836.
2024-02-13 14:41:45,726 - INFO - Beginning optimization with guess, [ 6.35548024 11.77310203  0.01636971  0.01939122].
2024-02-13 14:41:47,273 - INFO - Finished optimization with guess, [ 6.35548024 11.77310203  0.01636971  0.01939122].
2024-02-13 14:41:47,274 - INFO - Best fit parameters: [ 7.20064141 13.97367595  0.01574925  0.03337708].
2024-02-13 14:41:47,309 - INFO - Maximum log composite likelihood: -26.762273903640562.
2024-02-13 14:41:47,309 - INFO - Optimal value of theta: 316.2071600968269.
2024-02-13 14:41:47,311 - INFO - Finished demographic inference.
2024-02-13 14:41:47,311 - INFO - Pipeline executed succesfully.
