2024-03-16 14:12:16,229 - INFO - Beginning execution of fit_demographic_model.py in directory /u/project/kirk/jonmah/sample_size_demography/Scripts

2024-03-16 14:12:16,229 - INFO - Progress is being logged to ../Analysis/ThreeEpochContraction_40/log.log

2024-03-16 14:12:16,229 - INFO - Parsed the following arguments:
	syn_input_sfs = ../Analysis/ThreeEpochContraction_40/syn_downsampled_sfs.txt
	mask_singletons = False
	mask_doubletons = False
	outprefix = ../Analysis/ThreeEpochContraction_40/

2024-03-16 14:12:16,231 - INFO - Beginning demographic inference for one-epoch demographic model.
2024-03-16 14:12:16,232 - INFO - Beginning optimization with guess, [0.0524269].
2024-03-16 14:12:21,025 - INFO - Finished optimization with guess, [0.0524269].
2024-03-16 14:12:21,026 - INFO - Best fit parameters: [0.0524269].
2024-03-16 14:12:21,158 - INFO - Maximum log composite likelihood: -1291.9224096287458.
2024-03-16 14:12:21,158 - INFO - Optimal value of theta: 8919.941482492459.
2024-03-16 14:12:21,159 - INFO - Beginning optimization with guess, [0.14254387].
2024-03-16 14:12:25,407 - INFO - Finished optimization with guess, [0.14254387].
2024-03-16 14:12:25,408 - INFO - Best fit parameters: [0.14254387].
2024-03-16 14:12:25,541 - INFO - Maximum log composite likelihood: -1291.9224096287458.
2024-03-16 14:12:25,541 - INFO - Optimal value of theta: 8919.941482492459.
2024-03-16 14:12:25,541 - INFO - Beginning optimization with guess, [0.55220212].
2024-03-16 14:12:29,393 - INFO - Finished optimization with guess, [0.55220212].
2024-03-16 14:12:29,394 - INFO - Best fit parameters: [0.55220212].
2024-03-16 14:12:29,526 - INFO - Maximum log composite likelihood: -1291.9224096287458.
2024-03-16 14:12:29,526 - INFO - Optimal value of theta: 8919.941482492459.
2024-03-16 14:12:29,526 - INFO - Beginning optimization with guess, [0.28133905].
2024-03-16 14:12:33,777 - INFO - Finished optimization with guess, [0.28133905].
2024-03-16 14:12:33,778 - INFO - Best fit parameters: [0.28133905].
2024-03-16 14:12:33,910 - INFO - Maximum log composite likelihood: -1291.9224096287458.
2024-03-16 14:12:33,910 - INFO - Optimal value of theta: 8919.941482492459.
2024-03-16 14:12:33,911 - INFO - Beginning optimization with guess, [0.27016996].
2024-03-16 14:12:38,163 - INFO - Finished optimization with guess, [0.27016996].
2024-03-16 14:12:38,163 - INFO - Best fit parameters: [0.27016996].
2024-03-16 14:12:38,298 - INFO - Maximum log composite likelihood: -1291.9224096287458.
2024-03-16 14:12:38,299 - INFO - Optimal value of theta: 8919.941482492459.
2024-03-16 14:12:38,299 - INFO - Beginning optimization with guess, [0.55142089].
2024-03-16 14:12:42,149 - INFO - Finished optimization with guess, [0.55142089].
2024-03-16 14:12:42,150 - INFO - Best fit parameters: [0.55142089].
2024-03-16 14:12:42,282 - INFO - Maximum log composite likelihood: -1291.9224096287458.
2024-03-16 14:12:42,282 - INFO - Optimal value of theta: 8919.941482492459.
2024-03-16 14:12:42,283 - INFO - Beginning optimization with guess, [0.96760063].
2024-03-16 14:12:44,541 - INFO - Finished optimization with guess, [0.96760063].
2024-03-16 14:12:44,541 - INFO - Best fit parameters: [0.96760063].
2024-03-16 14:12:44,674 - INFO - Maximum log composite likelihood: -1291.9224096287458.
2024-03-16 14:12:44,674 - INFO - Optimal value of theta: 8919.941482492459.
2024-03-16 14:12:44,674 - INFO - Beginning optimization with guess, [0.76941948].
2024-03-16 14:12:48,130 - INFO - Finished optimization with guess, [0.76941948].
2024-03-16 14:12:48,130 - INFO - Best fit parameters: [0.76941948].
2024-03-16 14:12:48,262 - INFO - Maximum log composite likelihood: -1291.9224096287458.
2024-03-16 14:12:48,262 - INFO - Optimal value of theta: 8919.941482492459.
2024-03-16 14:12:48,263 - INFO - Beginning optimization with guess, [0.74240479].
2024-03-16 14:12:51,715 - INFO - Finished optimization with guess, [0.74240479].
2024-03-16 14:12:51,716 - INFO - Best fit parameters: [0.74240479].
2024-03-16 14:12:51,848 - INFO - Maximum log composite likelihood: -1291.9224096287458.
2024-03-16 14:12:51,848 - INFO - Optimal value of theta: 8919.941482492459.
2024-03-16 14:12:51,848 - INFO - Beginning optimization with guess, [0.55910559].
2024-03-16 14:12:55,728 - INFO - Finished optimization with guess, [0.55910559].
2024-03-16 14:12:55,729 - INFO - Best fit parameters: [0.55910559].
2024-03-16 14:12:55,861 - INFO - Maximum log composite likelihood: -1291.9224096287458.
2024-03-16 14:12:55,862 - INFO - Optimal value of theta: 8919.941482492459.
2024-03-16 14:12:55,862 - INFO - Beginning optimization with guess, [1.71354374].
2024-03-16 14:12:59,716 - INFO - Finished optimization with guess, [1.71354374].
2024-03-16 14:12:59,717 - INFO - Best fit parameters: [1.71354374].
2024-03-16 14:12:59,849 - INFO - Maximum log composite likelihood: -1291.9224096287458.
2024-03-16 14:12:59,849 - INFO - Optimal value of theta: 8919.941482492459.
2024-03-16 14:12:59,849 - INFO - Beginning optimization with guess, [2.24135622].
2024-03-16 14:13:03,729 - INFO - Finished optimization with guess, [2.24135622].
2024-03-16 14:13:03,729 - INFO - Best fit parameters: [2.24135622].
2024-03-16 14:13:03,863 - INFO - Maximum log composite likelihood: -1291.9224096287458.
2024-03-16 14:13:03,864 - INFO - Optimal value of theta: 8919.941482492459.
2024-03-16 14:13:03,864 - INFO - Beginning optimization with guess, [1.02757469].
2024-03-16 14:13:05,728 - INFO - Finished optimization with guess, [1.02757469].
2024-03-16 14:13:05,728 - INFO - Best fit parameters: [1.02757469].
2024-03-16 14:13:05,861 - INFO - Maximum log composite likelihood: -1291.9224096287458.
2024-03-16 14:13:05,861 - INFO - Optimal value of theta: 8919.941482492459.
2024-03-16 14:13:05,861 - INFO - Beginning optimization with guess, [1.77349351].
2024-03-16 14:13:09,704 - INFO - Finished optimization with guess, [1.77349351].
2024-03-16 14:13:09,705 - INFO - Best fit parameters: [1.77349351].
2024-03-16 14:13:09,837 - INFO - Maximum log composite likelihood: -1291.9224096287458.
2024-03-16 14:13:09,837 - INFO - Optimal value of theta: 8919.941482492459.
2024-03-16 14:13:09,837 - INFO - Beginning optimization with guess, [2.97705208].
2024-03-16 14:13:14,045 - INFO - Finished optimization with guess, [2.97705208].
2024-03-16 14:13:14,047 - INFO - Best fit parameters: [2.97705208].
2024-03-16 14:13:14,180 - INFO - Maximum log composite likelihood: -1291.9224096287458.
2024-03-16 14:13:14,180 - INFO - Optimal value of theta: 8919.941482492459.
2024-03-16 14:13:14,180 - INFO - Beginning optimization with guess, [2.12778322].
2024-03-16 14:13:18,019 - INFO - Finished optimization with guess, [2.12778322].
2024-03-16 14:13:18,021 - INFO - Best fit parameters: [2.12778322].
2024-03-16 14:13:18,153 - INFO - Maximum log composite likelihood: -1291.9224096287458.
2024-03-16 14:13:18,153 - INFO - Optimal value of theta: 8919.941482492459.
2024-03-16 14:13:18,154 - INFO - Beginning optimization with guess, [1.42200137].
2024-03-16 14:13:21,627 - INFO - Finished optimization with guess, [1.42200137].
2024-03-16 14:13:21,628 - INFO - Best fit parameters: [1.42200137].
2024-03-16 14:13:21,761 - INFO - Maximum log composite likelihood: -1291.9224096287458.
2024-03-16 14:13:21,761 - INFO - Optimal value of theta: 8919.941482492459.
2024-03-16 14:13:21,761 - INFO - Beginning optimization with guess, [4.96400753].
2024-03-16 14:13:26,022 - INFO - Finished optimization with guess, [4.96400753].
2024-03-16 14:13:26,023 - INFO - Best fit parameters: [4.96400753].
2024-03-16 14:13:26,155 - INFO - Maximum log composite likelihood: -1291.9224096287458.
2024-03-16 14:13:26,155 - INFO - Optimal value of theta: 8919.941482492459.
2024-03-16 14:13:26,156 - INFO - Beginning optimization with guess, [2.4915843].
2024-03-16 14:13:29,990 - INFO - Finished optimization with guess, [2.4915843].
2024-03-16 14:13:29,991 - INFO - Best fit parameters: [2.4915843].
2024-03-16 14:13:30,123 - INFO - Maximum log composite likelihood: -1291.9224096287458.
2024-03-16 14:13:30,124 - INFO - Optimal value of theta: 8919.941482492459.
2024-03-16 14:13:30,124 - INFO - Beginning optimization with guess, [6.06848345].
2024-03-16 14:13:34,366 - INFO - Finished optimization with guess, [6.06848345].
2024-03-16 14:13:34,366 - INFO - Best fit parameters: [6.06848345].
2024-03-16 14:13:34,499 - INFO - Maximum log composite likelihood: -1291.9224096287458.
2024-03-16 14:13:34,499 - INFO - Optimal value of theta: 8919.941482492459.
2024-03-16 14:13:34,499 - INFO - Beginning optimization with guess, [3.06130238].
2024-03-16 14:13:38,733 - INFO - Finished optimization with guess, [3.06130238].
2024-03-16 14:13:38,734 - INFO - Best fit parameters: [3.06130238].
2024-03-16 14:13:38,866 - INFO - Maximum log composite likelihood: -1291.9224096287458.
2024-03-16 14:13:38,866 - INFO - Optimal value of theta: 8919.941482492459.
2024-03-16 14:13:38,866 - INFO - Beginning optimization with guess, [3.76723896].
2024-03-16 14:13:43,101 - INFO - Finished optimization with guess, [3.76723896].
2024-03-16 14:13:43,102 - INFO - Best fit parameters: [3.76723896].
2024-03-16 14:13:43,234 - INFO - Maximum log composite likelihood: -1291.9224096287458.
2024-03-16 14:13:43,234 - INFO - Optimal value of theta: 8919.941482492459.
2024-03-16 14:13:43,234 - INFO - Beginning optimization with guess, [6.55635436].
2024-03-16 14:13:47,469 - INFO - Finished optimization with guess, [6.55635436].
2024-03-16 14:13:47,470 - INFO - Best fit parameters: [6.55635436].
2024-03-16 14:13:47,602 - INFO - Maximum log composite likelihood: -1291.9224096287458.
2024-03-16 14:13:47,602 - INFO - Optimal value of theta: 8919.941482492459.
2024-03-16 14:13:47,602 - INFO - Beginning optimization with guess, [6.24412684].
2024-03-16 14:13:51,855 - INFO - Finished optimization with guess, [6.24412684].
2024-03-16 14:13:51,855 - INFO - Best fit parameters: [6.24412684].
2024-03-16 14:13:51,990 - INFO - Maximum log composite likelihood: -1291.9224096287458.
2024-03-16 14:13:51,990 - INFO - Optimal value of theta: 8919.941482492459.
2024-03-16 14:13:51,990 - INFO - Beginning optimization with guess, [10.17599482].
2024-03-16 14:13:56,748 - INFO - Finished optimization with guess, [10.17599482].
2024-03-16 14:13:56,749 - INFO - Best fit parameters: [10.17599482].
2024-03-16 14:13:56,882 - INFO - Maximum log composite likelihood: -1291.9224096287458.
2024-03-16 14:13:56,882 - INFO - Optimal value of theta: 8919.941482492459.
2024-03-16 14:13:56,884 - INFO - Finished demographic inference.
2024-03-16 14:13:56,884 - INFO - Pipeline executed succesfully.
