2025-08-14 10:37:29,215 - INFO - Beginning execution of evaluate_demography.py in directory /u/project/kirk-bigdata/jonmah/sample_size_demography/Scripts

2025-08-14 10:37:29,215 - INFO - Progress is being logged to ../Analysis/dadi_3EpB_230/evaluate_demography.log

2025-08-14 10:37:29,215 - INFO - Parsed the following arguments:
	syn_input_sfs = ../Simulations/dadi_simulations/ThreeEpochBottleneck_230.sfs
	model_type = two_epoch
	params_list = [10737.59, 0.01365776]
	L_syn = 100000000.0
	mask_singletons = False
	mask_doubletons = False
	outprefix = ../Analysis/dadi_3EpB_230/

2025-08-14 10:37:29,217 - INFO - Beginning demographic evaluation for two-epoch demographic model.
2025-08-14 10:37:29,219 - INFO - Beginning optimization with guess, [10737.59, 0.01365776].
2025-08-14 10:37:29,219 - INFO - Finished optimization with guess, [10737.59, 0.01365776].
2025-08-14 10:37:29,219 - INFO - Best fit parameters: [10737.59, 0.01365776].
2025-08-14 10:37:29,673 - INFO - Maximum log composite likelihood: -11581.319888436625.
2025-08-14 10:37:29,674 - INFO - Optimal value of theta: 20622.353415973823.
2025-08-14 10:37:29,674 - INFO - Synonymous input SFS: [-- 54967.59223248324 9901.918626355013 3970.73271203555 2490.390700813395 1935.012104237295 1656.000426561483 1485.491855315104 1367.686425687579 1279.877944711602 1211.168073959687 1155.597210906602 1109.566831488399 1070.738028025957 1037.505278008823 1008.72024036241 983.535099300193 961.3079517922268 941.5427042120117 923.8493034753403 907.9165358612735 893.4929057339082 880.3728820369017 868.3868102764415 857.3933867532342 847.2739602523852 837.9281601751164 829.2705024587906 821.2277262782985 813.7366837349566 806.742652727424 800.1979770117397 794.0609616298456 788.294969394718 782.8676769548039 777.7504584729302 772.9178720766388 768.3472296192239 764.0182343942304 759.9126746002146 756.0141627955393 752.3079134888651 748.7805525079003 745.4199529723347 742.2150936379295 739.1559361315049 736.233318201991 733.4388606020598 730.7648856125994 728.2043455467422 725.750759836426 723.3981595235327 721.1410381589524 718.9743082633372 716.8932626286914 714.8935398448191 712.9710935226317 711.1221647604568 709.343257462064 707.6311161682231 705.9827061086789 704.3951952198813 702.8659379067001 701.3924603544771 699.9724472220231 698.6037295670085 697.2842738731956 696.0121720645841 694.7856324050531 693.6029711938505 692.4626051775454 691.3630446080077 690.3028868838121 689.2808107193384 688.2955707918788 687.3459928223717 686.4309690500581 685.549454065506 684.7004609701055 683.8830578333678 683.0963644222647 682.3395491793852 681.6118264289764 680.9124537919668 680.2407297928942 679.5959916432744 678.9776131874141 678.385002997974 677.8176026097625 677.2748848813051 676.7563524746715 676.2615364449262 675.7899949313215 675.3413119430742 674.915096233198 674.510980254443 674.1286191919246 673.7676900675024 673.4278909114098 673.1089399970356 672.8105751351272 672.532553024025 672.2746486528397 672.0366547547884 671.8183813081505 671.6196550825659 671.4403192286238 671.2802329088936 671.1392709687736 671.0173236456938 670.9142963154118 670.8301092742942 670.764697556647 670.7180107863102 670.6900130618802 335.3403414375366 -- -- -- -- -- -- -- -- -- -- -- -- -- -- -- -- -- -- -- -- -- -- -- -- -- -- -- -- -- -- -- -- -- -- -- -- -- -- -- -- -- -- -- -- -- -- -- -- -- -- -- -- -- -- -- -- -- -- -- -- -- -- -- -- -- -- -- -- -- -- -- -- -- -- -- -- -- -- -- -- -- -- -- -- -- -- -- -- -- -- -- -- -- -- -- -- -- -- -- -- -- -- -- -- -- -- -- -- -- -- -- -- -- -- --].
2025-08-14 10:37:29,675 - INFO - Scaled spectrum: [-- 54938.17152638314 10406.198599392952 6964.9647923895955 5246.836393635892 4216.124558236338 3529.1221369485916 3038.5266962373976 2670.6870448625677 2384.6858769644723 2155.972830009071 1968.9249655906353 1813.1270098193643 1681.368405832818 1568.4987723778502 1470.7411789715065 1385.2629428816517 1309.8979095348059 1242.9613061323405 1183.1230625504184 1129.3191359835348 1080.6881714079263 1036.5254364746588 996.24877339439 959.3730628609436 925.4908166385464 894.2572487934555 865.3786644351369 838.6033365953074 813.71427065433 790.5234158918655 768.8669973918691 748.6017232199717 729.6016812159148 711.7557834187548 694.9656485972645 679.1438377011915 664.2123754642035 650.1015054458841 636.7486366135789 624.0974479466045 612.0971240823717 600.7017001635884 589.8694981135437 579.5626397887332 569.7466250559046 560.3899649115871 551.4638614457082 542.9419278202624 534.7999425464805 527.0156332570002 519.5684859287346 512.4395761275198 505.61141936814414 499.0678381113963 492.79384328235153 486.7755284931437 480.9999754127906 475.4551689372337 470.12992099838243 465.01380200505645 460.0970790390851 455.37066004606373 450.82604335425265 446.4552719394027 442.2508919256506 438.20591487296963 434.31378345685596 430.56834019094083 426.96379888541145 423.49471856769406 420.15597962287 416.94276194015606 413.8505248725471 410.8749888394205 408.01211841930905 405.2581067969694 402.60936144157574 400.0624909076156 397.61429265839956 395.2617418256537 393.0019808236188 390.8323097458391 388.7501774818815 386.75317349175396 384.839020187689 383.0055658745333 381.25077820358274 379.57273810312637 377.9696341468112 376.4397573288684 374.98149621675975 373.5933324521129 372.27383657828807 371.02166416926775 369.8355522419252 368.71431593046805 367.6568454090009 366.66210304420116 365.7291207650417 364.85699763770424 364.04489763168783 363.2920475690837 362.597735245424 361.9613077148051 361.3821697302056 360.8597823332621 360.39366158598716 359.9833774395802 359.62855273477396 359.32886233028375 359.0840323541387 358.8938395761057 358.75811089734873 358.67672295646133 179.3248009241401 -- -- -- -- -- -- -- -- -- -- -- -- -- -- -- -- -- -- -- -- -- -- -- -- -- -- -- -- -- -- -- -- -- -- -- -- -- -- -- -- -- -- -- -- -- -- -- -- -- -- -- -- -- -- -- -- -- -- -- -- -- -- -- -- -- -- -- -- -- -- -- -- -- -- -- -- -- -- -- -- -- -- -- -- -- -- -- -- -- -- -- -- -- -- -- -- -- -- -- -- -- -- -- -- -- -- -- -- -- -- -- -- -- -- --].
2025-08-14 10:37:29,677 - INFO - Converting and interpreting Tau estimates.
2025-08-14 10:37:29,678 - INFO - Finished demographic inference.
2025-08-14 10:37:29,679 - INFO - Pipeline executed succesfully.
