2025-01-30 20:43:42,336 - INFO - Beginning execution of fit_demographic_model.py in directory /u/scratch/j/jonmah/sample_size_demography/Scripts

2025-01-30 20:43:42,337 - INFO - Progress is being logged to ../Analysis/ooa_simulated_300/log.log

2025-01-30 20:43:42,337 - INFO - Parsed the following arguments:
	syn_input_sfs = ../Analysis/ooa_simulated_300/syn_downsampled_sfs.txt
	mask_singletons = False
	mask_doubletons = False
	outprefix = ../Analysis/ooa_simulated_300/

2025-01-30 20:43:42,344 - INFO - Beginning demographic inference for two-epoch demographic model.
2025-01-30 20:43:42,347 - INFO - Beginning optimization with guess, [0.00523875 0.19305873].
2025-01-30 20:44:54,225 - INFO - Finished optimization with guess, [0.00523875 0.19305873].
2025-01-30 20:44:54,226 - INFO - Best fit parameters: [0.00423264 0.18338598].
2025-01-30 20:44:55,504 - INFO - Maximum log composite likelihood: -1345.8651228380136.
2025-01-30 20:44:55,504 - INFO - Optimal value of theta: 147359.0263452468.
2025-01-30 20:44:55,505 - INFO - Beginning optimization with guess, [0.09284394 0.0570119 ].
2025-01-30 20:50:32,772 - INFO - Finished optimization with guess, [0.09284394 0.0570119 ].
2025-01-30 20:50:32,773 - INFO - Best fit parameters: [0.03361362 7.25691486].
2025-01-30 20:50:37,590 - INFO - Maximum log composite likelihood: -1345.865122840647.
2025-01-30 20:50:37,590 - INFO - Optimal value of theta: 18555.50530055943.
2025-01-30 20:50:37,591 - INFO - Beginning optimization with guess, [1.01574199 0.0731319 ].
2025-01-30 20:51:09,395 - INFO - Finished optimization with guess, [1.01574199 0.0731319 ].
2025-01-30 20:51:09,397 - INFO - Best fit parameters: [2.31644478e+01 2.31137166e-02].
2025-01-30 20:51:10,069 - INFO - Maximum log composite likelihood: -490.0943976865389.
2025-01-30 20:51:10,069 - INFO - Optimal value of theta: 425.39738549838364.
2025-01-30 20:51:10,070 - INFO - Beginning optimization with guess, [5.45951895 0.0628422 ].
2025-01-30 20:51:43,534 - INFO - Finished optimization with guess, [5.45951895 0.0628422 ].
2025-01-30 20:51:43,535 - INFO - Best fit parameters: [4.63082046e+01 2.65533540e-02].
2025-01-30 20:51:44,208 - INFO - Maximum log composite likelihood: -470.673248225103.
2025-01-30 20:51:44,208 - INFO - Optimal value of theta: 396.0751135499846.
2025-01-30 20:51:44,208 - INFO - Beginning optimization with guess, [3.3941671  0.09492982].
2025-01-30 20:52:13,954 - INFO - Finished optimization with guess, [3.3941671  0.09492982].
2025-01-30 20:52:13,955 - INFO - Best fit parameters: [4.49258917e+01 2.61612176e-02].
2025-01-30 20:52:14,627 - INFO - Maximum log composite likelihood: -470.7502844780421.
2025-01-30 20:52:14,627 - INFO - Optimal value of theta: 398.4742803172981.
2025-01-30 20:52:14,628 - INFO - Beginning optimization with guess, [5.42762535 0.10778195].
2025-01-30 20:52:47,732 - INFO - Finished optimization with guess, [5.42762535 0.10778195].
2025-01-30 20:52:47,733 - INFO - Best fit parameters: [4.45181219e+01 2.65879133e-02].
2025-01-30 20:52:48,406 - INFO - Maximum log composite likelihood: -470.6942921226451.
2025-01-30 20:52:48,406 - INFO - Optimal value of theta: 396.43055043721756.
2025-01-30 20:52:48,406 - INFO - Beginning optimization with guess, [12.44251022  0.05384567].
2025-01-30 20:53:22,187 - INFO - Finished optimization with guess, [12.44251022  0.05384567].
2025-01-30 20:53:22,187 - INFO - Best fit parameters: [4.64075480e+01 2.65205949e-02].
2025-01-30 20:53:22,860 - INFO - Maximum log composite likelihood: -470.6730416996459.
2025-01-30 20:53:22,860 - INFO - Optimal value of theta: 396.21289981668207.
2025-01-30 20:53:22,860 - INFO - Beginning optimization with guess, [7.9699307  0.12916243].
2025-01-30 20:53:55,162 - INFO - Finished optimization with guess, [7.9699307  0.12916243].
2025-01-30 20:53:55,163 - INFO - Best fit parameters: [4.56687900e+01 2.66343775e-02].
2025-01-30 20:53:55,842 - INFO - Maximum log composite likelihood: -470.67618531152374.
2025-01-30 20:53:55,843 - INFO - Optimal value of theta: 395.85047259635485.
2025-01-30 20:53:55,843 - INFO - Beginning optimization with guess, [31.90578096  0.06011769].
2025-01-30 20:54:29,062 - INFO - Finished optimization with guess, [31.90578096  0.06011769].
2025-01-30 20:54:29,063 - INFO - Best fit parameters: [4.60436645e+01 2.65539971e-02].
2025-01-30 20:54:29,886 - INFO - Maximum log composite likelihood: -470.67337659400846.
2025-01-30 20:54:29,886 - INFO - Optimal value of theta: 396.1477641855512.
2025-01-30 20:54:29,886 - INFO - Beginning optimization with guess, [15.00109979  0.1295062 ].
2025-01-30 20:55:02,598 - INFO - Finished optimization with guess, [15.00109979  0.1295062 ].
2025-01-30 20:55:02,600 - INFO - Best fit parameters: [4.62817838e+01 2.65646760e-02].
2025-01-30 20:55:03,275 - INFO - Maximum log composite likelihood: -470.67343535971185.
2025-01-30 20:55:03,275 - INFO - Optimal value of theta: 396.02530917640945.
2025-01-30 20:55:03,275 - INFO - Beginning optimization with guess, [34.68149909  0.08186223].
2025-01-30 20:55:35,134 - INFO - Finished optimization with guess, [34.68149909  0.08186223].
2025-01-30 20:55:35,135 - INFO - Best fit parameters: [4.57213265e+01 2.64674727e-02].
2025-01-30 20:55:35,811 - INFO - Maximum log composite likelihood: -470.67805351444565.
2025-01-30 20:55:35,811 - INFO - Optimal value of theta: 396.679811272314.
2025-01-30 20:55:35,811 - INFO - Beginning optimization with guess, [43.64731684  0.14262562].
2025-01-30 20:56:06,309 - INFO - Finished optimization with guess, [43.64731684  0.14262562].
2025-01-30 20:56:06,310 - INFO - Best fit parameters: [4.81318874e+01 2.62594722e-02].
2025-01-30 20:56:06,985 - INFO - Maximum log composite likelihood: -470.69384331530716.
2025-01-30 20:56:06,985 - INFO - Optimal value of theta: 397.0733490288501.
2025-01-30 20:56:06,985 - INFO - Beginning optimization with guess, [60.88150319  0.1107955 ].
2025-01-30 20:56:40,189 - INFO - Finished optimization with guess, [60.88150319  0.1107955 ].
2025-01-30 20:56:40,190 - INFO - Best fit parameters: [4.66457829e+01 2.64078982e-02].
2025-01-30 20:56:40,865 - INFO - Maximum log composite likelihood: -470.67568868062745.
2025-01-30 20:56:40,865 - INFO - Optimal value of theta: 396.7184443024443.
2025-01-30 20:56:40,865 - INFO - Beginning optimization with guess, [27.64426585  0.16379306].
2025-01-30 20:57:13,403 - INFO - Finished optimization with guess, [27.64426585  0.16379306].
2025-01-30 20:57:13,404 - INFO - Best fit parameters: [4.69645634e+01 2.65443119e-02].
2025-01-30 20:57:14,079 - INFO - Maximum log composite likelihood: -470.67706578333866.
2025-01-30 20:57:14,079 - INFO - Optimal value of theta: 395.93606062050134.
2025-01-30 20:57:14,079 - INFO - Beginning optimization with guess, [25.47825653  0.06934627].
2025-01-30 20:57:46,877 - INFO - Finished optimization with guess, [25.47825653  0.06934627].
2025-01-30 20:57:46,879 - INFO - Best fit parameters: [4.62246284e+01 2.65230361e-02].
2025-01-30 20:57:47,516 - INFO - Maximum log composite likelihood: -470.6730164390531.
2025-01-30 20:57:47,517 - INFO - Optimal value of theta: 396.2526598103095.
2025-01-30 20:57:47,517 - INFO - Beginning optimization with guess, [112.1472242    0.12567114].
2025-01-30 20:58:19,363 - INFO - Finished optimization with guess, [112.1472242    0.12567114].
2025-01-30 20:58:19,363 - INFO - Best fit parameters: [4.60937382e+01 2.65790832e-02].
2025-01-30 20:58:19,993 - INFO - Maximum log composite likelihood: -470.67364149251324.
2025-01-30 20:58:19,993 - INFO - Optimal value of theta: 396.0063383693127.
2025-01-30 20:58:19,994 - INFO - Beginning optimization with guess, [42.30658817  0.14185116].
2025-01-30 20:58:51,663 - INFO - Finished optimization with guess, [42.30658817  0.14185116].
2025-01-30 20:58:51,664 - INFO - Best fit parameters: [4.57443152e+01 2.66172591e-02].
2025-01-30 20:58:52,314 - INFO - Maximum log composite likelihood: -470.67536052284134.
2025-01-30 20:58:52,314 - INFO - Optimal value of theta: 395.9147772011268.
2025-01-30 20:58:52,314 - INFO - Beginning optimization with guess, [48.7950149   0.08355981].
2025-01-30 20:59:25,717 - INFO - Finished optimization with guess, [48.7950149   0.08355981].
2025-01-30 20:59:25,718 - INFO - Best fit parameters: [4.66177685e+01 2.65354357e-02].
2025-01-30 20:59:26,372 - INFO - Maximum log composite likelihood: -470.67395819532396.
2025-01-30 20:59:26,373 - INFO - Optimal value of theta: 396.0781558227178.
2025-01-30 20:59:26,373 - INFO - Beginning optimization with guess, [1.59683022e+02 1.56855787e-01].
2025-01-30 20:59:58,557 - INFO - Finished optimization with guess, [1.59683022e+02 1.56855787e-01].
2025-01-30 20:59:58,558 - INFO - Best fit parameters: [4.68065331e+01 2.64194062e-02].
2025-01-30 20:59:59,208 - INFO - Maximum log composite likelihood: -470.6753769816175.
2025-01-30 20:59:59,209 - INFO - Optimal value of theta: 396.61492553193347.
2025-01-30 20:59:59,209 - INFO - Beginning optimization with guess, [1.51931182e+02 6.31479863e-02].
2025-01-30 21:00:31,294 - INFO - Finished optimization with guess, [1.51931182e+02 6.31479863e-02].
2025-01-30 21:00:31,295 - INFO - Best fit parameters: [4.62878402e+01 2.65312080e-02].
2025-01-30 21:00:31,965 - INFO - Maximum log composite likelihood: -470.6729868159101.
2025-01-30 21:00:31,965 - INFO - Optimal value of theta: 396.1931635310753.
2025-01-30 21:00:31,966 - INFO - Beginning optimization with guess, [1.98514285e+02 1.67705466e-01].
2025-01-30 21:01:03,985 - INFO - Finished optimization with guess, [1.98514285e+02 1.67705466e-01].
2025-01-30 21:01:03,987 - INFO - Best fit parameters: [4.68500062e+01 2.66281647e-02].
2025-01-30 21:01:04,658 - INFO - Maximum log composite likelihood: -470.6811803859232.
2025-01-30 21:01:04,658 - INFO - Optimal value of theta: 395.5431498738432.
2025-01-30 21:01:04,658 - INFO - Beginning optimization with guess, [2.60005512e+02 9.98472318e-02].
2025-01-30 21:01:37,879 - INFO - Finished optimization with guess, [2.60005512e+02 9.98472318e-02].
2025-01-30 21:01:37,880 - INFO - Best fit parameters: [4.63340930e+01 2.65497094e-02].
2025-01-30 21:01:38,532 - INFO - Maximum log composite likelihood: -470.6732281333319.
2025-01-30 21:01:38,532 - INFO - Optimal value of theta: 396.0861954297991.
2025-01-30 21:01:38,532 - INFO - Beginning optimization with guess, [1.90369552e+02 5.51352028e-02].
2025-01-30 21:02:08,605 - INFO - Finished optimization with guess, [1.90369552e+02 5.51352028e-02].
2025-01-30 21:02:08,606 - INFO - Best fit parameters: [4.62566409e+01 2.65247146e-02].
2025-01-30 21:02:09,261 - INFO - Maximum log composite likelihood: -470.6729834352142.
2025-01-30 21:02:09,261 - INFO - Optimal value of theta: 396.2349960279897.
2025-01-30 21:02:09,261 - INFO - Beginning optimization with guess, [1.72976934e+02 8.53086949e-02].
2025-01-30 21:02:42,381 - INFO - Finished optimization with guess, [1.72976934e+02 8.53086949e-02].
2025-01-30 21:02:42,382 - INFO - Best fit parameters: [4.60949793e+01 2.65226565e-02].
2025-01-30 21:02:43,040 - INFO - Maximum log composite likelihood: -470.67330594780833.
2025-01-30 21:02:43,040 - INFO - Optimal value of theta: 396.29177215709745.
2025-01-30 21:02:43,040 - INFO - Beginning optimization with guess, [2.45839901e+02 6.35601150e-02].
2025-01-30 21:03:13,014 - INFO - Finished optimization with guess, [2.45839901e+02 6.35601150e-02].
2025-01-30 21:03:13,014 - INFO - Best fit parameters: [4.65011758e+01 2.65080236e-02].
2025-01-30 21:03:13,686 - INFO - Maximum log composite likelihood: -470.6731830377633.
2025-01-30 21:03:13,687 - INFO - Optimal value of theta: 396.25014976405765.
2025-01-30 21:03:13,692 - INFO - Beginning demographic inference for three-epoch demographic model.
2025-01-30 21:03:13,701 - INFO - Beginning optimization with guess, [0.01977151 0.00966787 0.1080845  0.17128602].
2025-01-30 21:04:40,564 - INFO - Finished optimization with guess, [0.01977151 0.00966787 0.1080845  0.17128602].
2025-01-30 21:04:40,565 - INFO - Best fit parameters: [0.01467539 0.00474624 0.12694861 0.20192764].
2025-01-30 21:04:42,130 - INFO - Maximum log composite likelihood: -1345.8651228392403.
2025-01-30 21:04:42,130 - INFO - Optimal value of theta: 131412.987381264.
2025-01-30 21:04:42,131 - INFO - Beginning optimization with guess, [0.08983038 0.16738396 0.14181943 0.05571077].
2025-01-30 21:05:08,571 - INFO - Finished optimization with guess, [0.08983038 0.16738396 0.14181943 0.05571077].
2025-01-30 21:05:08,573 - INFO - Best fit parameters: [0.06859738 1.55185892 0.16764757 0.00634162].
2025-01-30 21:05:09,187 - INFO - Maximum log composite likelihood: -380.58413241102244.
2025-01-30 21:05:09,187 - INFO - Optimal value of theta: 3010.754494855081.
2025-01-30 21:05:09,187 - INFO - Beginning optimization with guess, [0.64149619 0.36436172 0.06609095 0.09390796].
2025-01-30 21:05:36,214 - INFO - Finished optimization with guess, [0.64149619 0.36436172 0.06609095 0.09390796].
2025-01-30 21:05:36,216 - INFO - Best fit parameters: [ 0.25956652 12.85659034  0.03553583  0.03445899].
2025-01-30 21:05:36,895 - INFO - Maximum log composite likelihood: -380.24539425222514.
2025-01-30 21:05:36,895 - INFO - Optimal value of theta: 500.3775947385133.
2025-01-30 21:05:36,896 - INFO - Beginning optimization with guess, [0.62980653 1.25669238 0.05619777 0.11736326].
2025-01-30 21:21:44,018 - INFO - Finished optimization with guess, [0.62980653 1.25669238 0.05619777 0.11736326].
2025-01-30 21:21:44,021 - INFO - Best fit parameters: [2.42229953e-01 1.52276223e+00 1.12200048e+04 5.69738395e-03].
2025-01-30 21:36:46,866 - INFO - Maximum log composite likelihood: -634.2267403176023.
2025-01-30 21:36:46,867 - INFO - Optimal value of theta: 1932.496002185407.
2025-01-30 21:36:46,869 - INFO - Beginning optimization with guess, [5.95370436 3.3459192  0.17774956 0.05192025].
2025-01-30 21:37:17,008 - INFO - Finished optimization with guess, [5.95370436 3.3459192  0.17774956 0.05192025].
2025-01-30 21:37:17,009 - INFO - Best fit parameters: [0.08623242 9.19467058 0.01713387 0.03560594].
2025-01-30 21:37:17,678 - INFO - Maximum log composite likelihood: -361.46264422442346.
2025-01-30 21:37:17,678 - INFO - Optimal value of theta: 576.0731886444366.
2025-01-30 21:37:17,678 - INFO - Beginning optimization with guess, [6.07463257 6.97835136 0.07544031 0.1366071 ].
2025-01-30 21:37:48,667 - INFO - Finished optimization with guess, [6.07463257 6.97835136 0.07544031 0.1366071 ].
2025-01-30 21:37:48,668 - INFO - Best fit parameters: [3.92359898e-01 2.91226374e+01 2.20365730e-02 3.04096532e-02].
2025-01-30 21:37:49,267 - INFO - Maximum log composite likelihood: -432.21987942565124.
2025-01-30 21:37:49,267 - INFO - Optimal value of theta: 441.6043107627649.
2025-01-30 21:37:49,267 - INFO - Beginning optimization with guess, [5.23599912 3.83224094 0.14201042 0.05978573].
2025-01-30 21:38:18,925 - INFO - Finished optimization with guess, [5.23599912 3.83224094 0.14201042 0.05978573].
2025-01-30 21:38:18,926 - INFO - Best fit parameters: [6.51294116e-02 1.34580186e+01 8.37549084e-03 3.78513364e-02].
2025-01-30 21:38:19,549 - INFO - Maximum log composite likelihood: -378.1893701980381.
2025-01-30 21:38:19,549 - INFO - Optimal value of theta: 509.8305257875412.
2025-01-30 21:38:19,549 - INFO - Beginning optimization with guess, [ 8.58347885 10.53989027  0.05280886  0.05415775].
2025-01-30 21:38:48,685 - INFO - Finished optimization with guess, [ 8.58347885 10.53989027  0.05280886  0.05415775].
2025-01-30 21:38:48,686 - INFO - Best fit parameters: [9.96410797e-01 4.36736508e+01 7.57790264e-03 2.47697579e-02].
2025-01-30 21:38:49,344 - INFO - Maximum log composite likelihood: -471.883037169518.
2025-01-30 21:38:49,344 - INFO - Optimal value of theta: 406.2111001791439.
2025-01-30 21:38:49,344 - INFO - Beginning optimization with guess, [17.23890045  7.12626814  0.12760205  0.05532053].
2025-01-30 21:39:18,612 - INFO - Finished optimization with guess, [17.23890045  7.12626814  0.12760205  0.05532053].
2025-01-30 21:39:18,613 - INFO - Best fit parameters: [2.03365502e+01 1.04774557e+01 2.69792797e-02 1.01689959e-02].
2025-01-30 21:39:19,283 - INFO - Maximum log composite likelihood: -499.17206933820904.
2025-01-30 21:39:19,283 - INFO - Optimal value of theta: 374.88016804298917.
2025-01-30 21:39:19,283 - INFO - Beginning optimization with guess, [13.24310342  9.50459207  0.05392798  0.10870584].
2025-01-30 21:39:50,230 - INFO - Finished optimization with guess, [13.24310342  9.50459207  0.05392798  0.10870584].
2025-01-30 21:39:50,232 - INFO - Best fit parameters: [3.65550061e-01 4.93138722e+01 6.58928678e-03 2.40338453e-02].
2025-01-30 21:39:50,855 - INFO - Maximum log composite likelihood: -476.741923658955.
2025-01-30 21:39:50,855 - INFO - Optimal value of theta: 444.23703436011306.
2025-01-30 21:39:50,856 - INFO - Beginning optimization with guess, [7.7879407  7.90843267 0.15576716 0.15033964].
2025-01-30 21:40:19,548 - INFO - Finished optimization with guess, [7.7879407  7.90843267 0.15576716 0.15033964].
2025-01-30 21:40:19,549 - INFO - Best fit parameters: [ 0.08147785 10.9482428   0.02129278  0.02802741].
2025-01-30 21:40:20,192 - INFO - Maximum log composite likelihood: -368.6332312519779.
2025-01-30 21:40:20,192 - INFO - Optimal value of theta: 648.5565158256718.
2025-01-30 21:40:20,192 - INFO - Beginning optimization with guess, [23.15287143 12.13369946  0.19231775  0.12208515].
2025-01-30 21:40:50,545 - INFO - Finished optimization with guess, [23.15287143 12.13369946  0.19231775  0.12208515].
2025-01-30 21:40:50,546 - INFO - Best fit parameters: [3.7705257  8.93944697 0.03423356 0.02151709].
2025-01-30 21:40:51,197 - INFO - Maximum log composite likelihood: -586.6598316705193.
2025-01-30 21:40:51,197 - INFO - Optimal value of theta: 378.21739138584985.
2025-01-30 21:40:51,198 - INFO - Beginning optimization with guess, [12.2197586  14.96458211  0.10795403  0.13461995].
2025-01-30 21:41:21,732 - INFO - Finished optimization with guess, [12.2197586  14.96458211  0.10795403  0.13461995].
2025-01-30 21:41:21,733 - INFO - Best fit parameters: [6.10544011e-01 2.33202619e+02 1.05416085e-01 2.04431514e-02].
2025-01-30 21:41:22,390 - INFO - Maximum log composite likelihood: -445.7375822882191.
2025-01-30 21:41:22,390 - INFO - Optimal value of theta: 488.8821692204366.
2025-01-30 21:41:22,391 - INFO - Beginning optimization with guess, [21.58867094 31.59071069  0.07384357  0.05519303].
2025-01-30 21:41:50,348 - INFO - Finished optimization with guess, [21.58867094 31.59071069  0.07384357  0.05519303].
2025-01-30 21:41:50,349 - INFO - Best fit parameters: [2.42325812e+00 5.19532204e+01 1.82451980e-02 1.75313303e-02].
2025-01-30 21:41:51,011 - INFO - Maximum log composite likelihood: -486.2915031168968.
2025-01-30 21:41:51,011 - INFO - Optimal value of theta: 403.869171428469.
2025-01-30 21:41:51,011 - INFO - Beginning optimization with guess, [18.44345674 44.8458804   0.06629205  0.11379071].
2025-01-30 21:42:16,538 - INFO - Finished optimization with guess, [18.44345674 44.8458804   0.06629205  0.11379071].
2025-01-30 21:42:16,539 - INFO - Best fit parameters: [3.71824691e+00 4.57827959e+01 1.22642255e-02 2.11797857e-02].
2025-01-30 21:42:17,114 - INFO - Maximum log composite likelihood: -475.7451925041157.
2025-01-30 21:42:17,115 - INFO - Optimal value of theta: 386.8188115103365.
2025-01-30 21:42:17,115 - INFO - Beginning optimization with guess, [14.3725499  24.66337687  0.0709624   0.13841841].
2025-01-30 21:42:41,954 - INFO - Finished optimization with guess, [14.3725499  24.66337687  0.0709624   0.13841841].
2025-01-30 21:42:41,955 - INFO - Best fit parameters: [2.93292303e+00 1.67532961e+01 1.56124460e-02 2.71708422e-02].
2025-01-30 21:42:42,530 - INFO - Maximum log composite likelihood: -506.91848379198285.
2025-01-30 21:42:42,531 - INFO - Optimal value of theta: 378.15304908136454.
2025-01-30 21:42:42,531 - INFO - Beginning optimization with guess, [38.36812215 14.83871281  0.10410469  0.14323363].
2025-01-30 21:43:07,411 - INFO - Finished optimization with guess, [38.36812215 14.83871281  0.10410469  0.14323363].
2025-01-30 21:43:07,412 - INFO - Best fit parameters: [3.71858210e+00 2.48784341e+01 2.54077517e-02 1.24051044e-02].
2025-01-30 21:43:07,987 - INFO - Maximum log composite likelihood: -520.1049872618735.
2025-01-30 21:43:07,987 - INFO - Optimal value of theta: 406.6503066550852.
2025-01-30 21:43:07,987 - INFO - Beginning optimization with guess, [20.96172052 20.06584862  0.19438392  0.15860219].
2025-01-30 21:43:32,672 - INFO - Finished optimization with guess, [20.96172052 20.06584862  0.19438392  0.15860219].
2025-01-30 21:43:32,673 - INFO - Best fit parameters: [ 0.42712755 15.66937754  0.05961118  0.03607099].
2025-01-30 21:43:33,323 - INFO - Maximum log composite likelihood: -397.00404769040546.
2025-01-30 21:43:33,323 - INFO - Optimal value of theta: 454.93141312075204.
2025-01-30 21:43:33,323 - INFO - Beginning optimization with guess, [63.2258448  29.58630117  0.08497531  0.08017255].
2025-01-30 21:44:02,096 - INFO - Finished optimization with guess, [63.2258448  29.58630117  0.08497531  0.08017255].
2025-01-30 21:44:02,097 - INFO - Best fit parameters: [2.61944552e+00 1.30359098e+02 1.43239516e-02 1.73323030e-02].
2025-01-30 21:44:02,771 - INFO - Maximum log composite likelihood: -477.4923708345527.
2025-01-30 21:44:02,771 - INFO - Optimal value of theta: 404.3416771816005.
2025-01-30 21:44:02,772 - INFO - Beginning optimization with guess, [2.30382348e+01 5.59077842e+01 5.42896534e-02 1.46024631e-01].
2025-01-30 21:44:31,767 - INFO - Finished optimization with guess, [2.30382348e+01 5.59077842e+01 5.42896534e-02 1.46024631e-01].
2025-01-30 21:44:31,768 - INFO - Best fit parameters: [2.38917630e+00 4.22720425e+01 6.06126127e-03 2.41365465e-02].
2025-01-30 21:44:32,442 - INFO - Maximum log composite likelihood: -472.0505803766112.
2025-01-30 21:44:32,442 - INFO - Optimal value of theta: 394.21725330274353.
2025-01-30 21:44:32,442 - INFO - Beginning optimization with guess, [53.02738268 51.1891877   0.06902469  0.09282468].
2025-01-30 21:44:59,331 - INFO - Finished optimization with guess, [53.02738268 51.1891877   0.06902469  0.09282468].
2025-01-30 21:44:59,334 - INFO - Best fit parameters: [4.27535339e+00 1.27416251e+02 9.35229990e-03 1.81403404e-02].
2025-01-30 21:45:00,008 - INFO - Maximum log composite likelihood: -472.8667733001206.
2025-01-30 21:45:00,008 - INFO - Optimal value of theta: 401.3629308110146.
2025-01-30 21:45:00,009 - INFO - Beginning optimization with guess, [25.27985747 26.89450941  0.15643475  0.05958581].
2025-01-30 21:45:27,587 - INFO - Finished optimization with guess, [25.27985747 26.89450941  0.15643475  0.05958581].
2025-01-30 21:45:27,591 - INFO - Best fit parameters: [4.48539774e-01 3.92444054e+01 6.11109898e-02 2.13416830e-02].
2025-01-30 21:45:28,268 - INFO - Maximum log composite likelihood: -419.25277563607887.
2025-01-30 21:45:28,268 - INFO - Optimal value of theta: 520.5887739145077.
2025-01-30 21:45:28,268 - INFO - Beginning optimization with guess, [63.05455019 61.23621777  0.11676981  0.08685211].
2025-01-30 21:45:57,196 - INFO - Finished optimization with guess, [63.05455019 61.23621777  0.11676981  0.08685211].
2025-01-30 21:45:57,197 - INFO - Best fit parameters: [10.29217574  5.98129907  0.03312697  0.02699253].
2025-01-30 21:45:57,776 - INFO - Maximum log composite likelihood: -621.4930547555815.
2025-01-30 21:45:57,776 - INFO - Optimal value of theta: 358.83629652705025.
2025-01-30 21:45:57,776 - INFO - Beginning optimization with guess, [69.95427499 87.02880271  0.12405567  0.1621375 ].
2025-01-30 21:46:27,086 - INFO - Finished optimization with guess, [69.95427499 87.02880271  0.12405567  0.1621375 ].
2025-01-30 21:46:27,087 - INFO - Best fit parameters: [ 2.77908779 13.05557284  0.01569571  0.01790487].
2025-01-30 21:46:27,779 - INFO - Maximum log composite likelihood: -532.5545089337159.
2025-01-30 21:46:27,779 - INFO - Optimal value of theta: 422.4356790396532.
2025-01-30 21:46:27,780 - INFO - Beginning optimization with guess, [9.02317826e+01 5.65835445e+01 7.71165229e-02 1.54892014e-01].
2025-01-30 21:46:56,468 - INFO - Finished optimization with guess, [9.02317826e+01 5.65835445e+01 7.71165229e-02 1.54892014e-01].
2025-01-30 21:46:56,470 - INFO - Best fit parameters: [5.44360892e+00 5.32315142e+01 1.33161211e-02 1.94664855e-02].
2025-01-30 21:46:57,135 - INFO - Maximum log composite likelihood: -474.8385864723658.
2025-01-30 21:46:57,135 - INFO - Optimal value of theta: 383.54863375657646.
2025-01-30 21:46:57,140 - INFO - Finished demographic inference.
2025-01-30 21:46:57,141 - INFO - Pipeline executed succesfully.
