2024-01-17 15:55:27,639 - INFO - Beginning execution of fit_demographic_model.py in directory /u/project/kirk/jonmah/sample_size_demography/Scripts

2024-01-17 15:55:27,640 - INFO - Progress is being logged to ../Analysis/1kg_EUR_39/log.log

2024-01-17 15:55:27,640 - INFO - Parsed the following arguments:
	syn_input_sfs = ../Analysis/1kg_EUR_39/syn_downsampled_sfs.txt
	mask_singletons = False
	mask_doubletons = False
	outprefix = ../Analysis/1kg_EUR_39/

2024-01-17 15:55:27,643 - INFO - Beginning demographic inference for one-epoch demographic model.
2024-01-17 15:55:27,644 - INFO - Beginning optimization with guess, [0.0546095].
2024-01-17 15:55:33,064 - INFO - Finished optimization with guess, [0.0546095].
2024-01-17 15:55:33,065 - INFO - Best fit parameters: [0.0546095].
2024-01-17 15:55:33,212 - INFO - Maximum log composite likelihood: -206.39379955804907.
2024-01-17 15:55:33,212 - INFO - Optimal value of theta: 5058.081989611165.
2024-01-17 15:55:33,213 - INFO - Beginning optimization with guess, [0.1652997].
2024-01-17 15:55:37,978 - INFO - Finished optimization with guess, [0.1652997].
2024-01-17 15:55:37,979 - INFO - Best fit parameters: [0.1652997].
2024-01-17 15:55:38,129 - INFO - Maximum log composite likelihood: -206.39379955804907.
2024-01-17 15:55:38,129 - INFO - Optimal value of theta: 5058.081989611165.
2024-01-17 15:55:38,130 - INFO - Beginning optimization with guess, [0.25035772].
2024-01-17 15:55:42,892 - INFO - Finished optimization with guess, [0.25035772].
2024-01-17 15:55:42,893 - INFO - Best fit parameters: [0.25035772].
2024-01-17 15:55:43,041 - INFO - Maximum log composite likelihood: -206.39379955804907.
2024-01-17 15:55:43,041 - INFO - Optimal value of theta: 5058.081989611165.
2024-01-17 15:55:43,041 - INFO - Beginning optimization with guess, [0.52243876].
2024-01-17 15:55:47,435 - INFO - Finished optimization with guess, [0.52243876].
2024-01-17 15:55:47,436 - INFO - Best fit parameters: [0.52243876].
2024-01-17 15:55:47,586 - INFO - Maximum log composite likelihood: -206.39379955804907.
2024-01-17 15:55:47,587 - INFO - Optimal value of theta: 5058.081989611165.
2024-01-17 15:55:47,587 - INFO - Beginning optimization with guess, [0.28235171].
2024-01-17 15:55:52,397 - INFO - Finished optimization with guess, [0.28235171].
2024-01-17 15:55:52,397 - INFO - Best fit parameters: [0.28235171].
2024-01-17 15:55:52,546 - INFO - Maximum log composite likelihood: -206.39379955804907.
2024-01-17 15:55:52,546 - INFO - Optimal value of theta: 5058.081989611165.
2024-01-17 15:55:52,546 - INFO - Beginning optimization with guess, [0.44289344].
2024-01-17 15:55:56,866 - INFO - Finished optimization with guess, [0.44289344].
2024-01-17 15:55:56,867 - INFO - Best fit parameters: [0.44289344].
2024-01-17 15:55:57,012 - INFO - Maximum log composite likelihood: -206.39379955804907.
2024-01-17 15:55:57,012 - INFO - Optimal value of theta: 5058.081989611165.
2024-01-17 15:55:57,012 - INFO - Beginning optimization with guess, [0.52704714].
2024-01-17 15:56:01,380 - INFO - Finished optimization with guess, [0.52704714].
2024-01-17 15:56:01,381 - INFO - Best fit parameters: [0.52704714].
2024-01-17 15:56:01,535 - INFO - Maximum log composite likelihood: -206.39379955804907.
2024-01-17 15:56:01,535 - INFO - Optimal value of theta: 5058.081989611165.
2024-01-17 15:56:01,535 - INFO - Beginning optimization with guess, [0.49666991].
2024-01-17 15:56:05,993 - INFO - Finished optimization with guess, [0.49666991].
2024-01-17 15:56:05,994 - INFO - Best fit parameters: [0.49666991].
2024-01-17 15:56:06,145 - INFO - Maximum log composite likelihood: -206.39379955804907.
2024-01-17 15:56:06,145 - INFO - Optimal value of theta: 5058.081989611165.
2024-01-17 15:56:06,145 - INFO - Beginning optimization with guess, [1.14918863].
2024-01-17 15:56:09,633 - INFO - Finished optimization with guess, [1.14918863].
2024-01-17 15:56:09,634 - INFO - Best fit parameters: [1.14918863].
2024-01-17 15:56:09,787 - INFO - Maximum log composite likelihood: -206.39379955804907.
2024-01-17 15:56:09,787 - INFO - Optimal value of theta: 5058.081989611165.
2024-01-17 15:56:09,787 - INFO - Beginning optimization with guess, [1.63283301].
2024-01-17 15:56:13,758 - INFO - Finished optimization with guess, [1.63283301].
2024-01-17 15:56:13,759 - INFO - Best fit parameters: [1.63283301].
2024-01-17 15:56:13,909 - INFO - Maximum log composite likelihood: -206.39379955804907.
2024-01-17 15:56:13,909 - INFO - Optimal value of theta: 5058.081989611165.
2024-01-17 15:56:13,909 - INFO - Beginning optimization with guess, [1.43038223].
2024-01-17 15:56:17,733 - INFO - Finished optimization with guess, [1.43038223].
2024-01-17 15:56:17,734 - INFO - Best fit parameters: [1.43038223].
2024-01-17 15:56:17,880 - INFO - Maximum log composite likelihood: -206.39379955804907.
2024-01-17 15:56:17,880 - INFO - Optimal value of theta: 5058.081989611165.
2024-01-17 15:56:17,880 - INFO - Beginning optimization with guess, [1.02094771].
2024-01-17 15:56:19,957 - INFO - Finished optimization with guess, [1.02094771].
2024-01-17 15:56:19,957 - INFO - Best fit parameters: [1.02094771].
2024-01-17 15:56:20,105 - INFO - Maximum log composite likelihood: -206.39379955804907.
2024-01-17 15:56:20,105 - INFO - Optimal value of theta: 5058.081989611165.
2024-01-17 15:56:20,106 - INFO - Beginning optimization with guess, [2.13154205].
2024-01-17 15:56:24,457 - INFO - Finished optimization with guess, [2.13154205].
2024-01-17 15:56:24,457 - INFO - Best fit parameters: [2.13154205].
2024-01-17 15:56:24,605 - INFO - Maximum log composite likelihood: -206.39379955804907.
2024-01-17 15:56:24,605 - INFO - Optimal value of theta: 5058.081989611165.
2024-01-17 15:56:24,605 - INFO - Beginning optimization with guess, [1.85363451].
2024-01-17 15:56:28,966 - INFO - Finished optimization with guess, [1.85363451].
2024-01-17 15:56:28,966 - INFO - Best fit parameters: [1.85363451].
2024-01-17 15:56:29,116 - INFO - Maximum log composite likelihood: -206.39379955804907.
2024-01-17 15:56:29,116 - INFO - Optimal value of theta: 5058.081989611165.
2024-01-17 15:56:29,116 - INFO - Beginning optimization with guess, [2.49667889].
2024-01-17 15:56:33,427 - INFO - Finished optimization with guess, [2.49667889].
2024-01-17 15:56:33,428 - INFO - Best fit parameters: [2.49667889].
2024-01-17 15:56:33,576 - INFO - Maximum log composite likelihood: -206.39379955804907.
2024-01-17 15:56:33,577 - INFO - Optimal value of theta: 5058.081989611165.
2024-01-17 15:56:33,577 - INFO - Beginning optimization with guess, [1.51248664].
2024-01-17 15:56:37,412 - INFO - Finished optimization with guess, [1.51248664].
2024-01-17 15:56:37,413 - INFO - Best fit parameters: [1.51248664].
2024-01-17 15:56:37,561 - INFO - Maximum log composite likelihood: -206.39379955804907.
2024-01-17 15:56:37,561 - INFO - Optimal value of theta: 5058.081989611165.
2024-01-17 15:56:37,562 - INFO - Beginning optimization with guess, [1.3982093].
2024-01-17 15:56:41,463 - INFO - Finished optimization with guess, [1.3982093].
2024-01-17 15:56:41,464 - INFO - Best fit parameters: [1.3982093].
2024-01-17 15:56:41,615 - INFO - Maximum log composite likelihood: -206.39379955804907.
2024-01-17 15:56:41,615 - INFO - Optimal value of theta: 5058.081989611165.
2024-01-17 15:56:41,615 - INFO - Beginning optimization with guess, [5.4989406].
2024-01-17 15:56:46,533 - INFO - Finished optimization with guess, [5.4989406].
2024-01-17 15:56:46,533 - INFO - Best fit parameters: [5.4989406].
2024-01-17 15:56:46,685 - INFO - Maximum log composite likelihood: -206.39379955804907.
2024-01-17 15:56:46,686 - INFO - Optimal value of theta: 5058.081989611165.
2024-01-17 15:56:46,686 - INFO - Beginning optimization with guess, [2.2698287].
2024-01-17 15:56:51,133 - INFO - Finished optimization with guess, [2.2698287].
2024-01-17 15:56:51,134 - INFO - Best fit parameters: [2.2698287].
2024-01-17 15:56:51,286 - INFO - Maximum log composite likelihood: -206.39379955804907.
2024-01-17 15:56:51,286 - INFO - Optimal value of theta: 5058.081989611165.
2024-01-17 15:56:51,287 - INFO - Beginning optimization with guess, [3.10536548].
2024-01-17 15:56:56,163 - INFO - Finished optimization with guess, [3.10536548].
2024-01-17 15:56:56,164 - INFO - Best fit parameters: [3.10536548].
2024-01-17 15:56:56,309 - INFO - Maximum log composite likelihood: -206.39379955804907.
2024-01-17 15:56:56,309 - INFO - Optimal value of theta: 5058.081989611165.
2024-01-17 15:56:56,310 - INFO - Beginning optimization with guess, [2.2369487].
2024-01-17 15:57:00,583 - INFO - Finished optimization with guess, [2.2369487].
2024-01-17 15:57:00,584 - INFO - Best fit parameters: [2.2369487].
2024-01-17 15:57:00,732 - INFO - Maximum log composite likelihood: -206.39379955804907.
2024-01-17 15:57:00,732 - INFO - Optimal value of theta: 5058.081989611165.
2024-01-17 15:57:00,733 - INFO - Beginning optimization with guess, [2.95912807].
2024-01-17 15:57:05,552 - INFO - Finished optimization with guess, [2.95912807].
2024-01-17 15:57:05,553 - INFO - Best fit parameters: [2.95912807].
2024-01-17 15:57:05,698 - INFO - Maximum log composite likelihood: -206.39379955804907.
2024-01-17 15:57:05,698 - INFO - Optimal value of theta: 5058.081989611165.
2024-01-17 15:57:05,698 - INFO - Beginning optimization with guess, [7.14890155].
2024-01-17 15:57:10,536 - INFO - Finished optimization with guess, [7.14890155].
2024-01-17 15:57:10,536 - INFO - Best fit parameters: [7.14890155].
2024-01-17 15:57:10,683 - INFO - Maximum log composite likelihood: -206.39379955804907.
2024-01-17 15:57:10,684 - INFO - Optimal value of theta: 5058.081989611165.
2024-01-17 15:57:10,684 - INFO - Beginning optimization with guess, [4.11188957].
2024-01-17 15:57:15,570 - INFO - Finished optimization with guess, [4.11188957].
2024-01-17 15:57:15,571 - INFO - Best fit parameters: [4.11188957].
2024-01-17 15:57:15,720 - INFO - Maximum log composite likelihood: -206.39379955804907.
2024-01-17 15:57:15,720 - INFO - Optimal value of theta: 5058.081989611165.
2024-01-17 15:57:15,721 - INFO - Beginning optimization with guess, [5.09724932].
2024-01-17 15:57:20,496 - INFO - Finished optimization with guess, [5.09724932].
2024-01-17 15:57:20,497 - INFO - Best fit parameters: [5.09724932].
2024-01-17 15:57:20,646 - INFO - Maximum log composite likelihood: -206.39379955804907.
2024-01-17 15:57:20,646 - INFO - Optimal value of theta: 5058.081989611165.
2024-01-17 15:57:20,648 - INFO - Beginning demographic inference for two-epoch demographic model.
2024-01-17 15:57:20,650 - INFO - Beginning optimization with guess, [0.07451972 0.01492991].
2024-01-17 15:57:25,072 - INFO - Finished optimization with guess, [0.07451972 0.01492991].
2024-01-17 15:57:25,073 - INFO - Best fit parameters: [0.31098704 0.00346642].
2024-01-17 15:57:25,225 - INFO - Maximum log composite likelihood: -189.51775712295603.
2024-01-17 15:57:25,225 - INFO - Optimal value of theta: 5221.617534828587.
2024-01-17 15:57:25,226 - INFO - Beginning optimization with guess, [0.10737632 0.01188766].
2024-01-17 15:57:29,641 - INFO - Finished optimization with guess, [0.10737632 0.01188766].
2024-01-17 15:57:29,642 - INFO - Best fit parameters: [0.3754121  0.00393208].
2024-01-17 15:57:29,792 - INFO - Maximum log composite likelihood: -188.981399262384.
2024-01-17 15:57:29,792 - INFO - Optimal value of theta: 5197.562350405642.
2024-01-17 15:57:29,792 - INFO - Beginning optimization with guess, [0.29817749 0.01217371].
2024-01-17 15:57:34,394 - INFO - Finished optimization with guess, [0.29817749 0.01217371].
2024-01-17 15:57:34,394 - INFO - Best fit parameters: [0.58577173 0.01032206].
2024-01-17 15:57:34,539 - INFO - Maximum log composite likelihood: -185.40952799599654.
2024-01-17 15:57:34,539 - INFO - Optimal value of theta: 5205.909068505334.
2024-01-17 15:57:34,539 - INFO - Beginning optimization with guess, [0.61085886 0.00927663].
2024-01-17 15:57:38,545 - INFO - Finished optimization with guess, [0.61085886 0.00927663].
2024-01-17 15:57:38,545 - INFO - Best fit parameters: [0.73036056 0.32904488].
2024-01-17 15:57:38,701 - INFO - Maximum log composite likelihood: -109.38013276743914.
2024-01-17 15:57:38,702 - INFO - Optimal value of theta: 5949.896369426773.
2024-01-17 15:57:38,702 - INFO - Beginning optimization with guess, [0.6936832  0.01294125].
2024-01-17 15:57:43,926 - INFO - Finished optimization with guess, [0.6936832  0.01294125].
2024-01-17 15:57:43,926 - INFO - Best fit parameters: [0.5470035 0.6703375].
2024-01-17 15:57:44,110 - INFO - Maximum log composite likelihood: -103.7639485679515.
2024-01-17 15:57:44,110 - INFO - Optimal value of theta: 7941.134274830461.
2024-01-17 15:57:44,110 - INFO - Beginning optimization with guess, [0.45246524 0.00646192].
2024-01-17 15:57:48,278 - INFO - Finished optimization with guess, [0.45246524 0.00646192].
2024-01-17 15:57:48,279 - INFO - Best fit parameters: [0.81736568 0.08527872].
2024-01-17 15:57:48,433 - INFO - Maximum log composite likelihood: -154.77242620025072.
2024-01-17 15:57:48,433 - INFO - Optimal value of theta: 5314.102551291444.
2024-01-17 15:57:48,434 - INFO - Beginning optimization with guess, [0.49284639 0.00559733].
2024-01-17 15:57:52,561 - INFO - Finished optimization with guess, [0.49284639 0.00559733].
2024-01-17 15:57:52,562 - INFO - Best fit parameters: [0.81390603 0.04849931].
2024-01-17 15:57:52,715 - INFO - Maximum log composite likelihood: -170.4075759723578.
2024-01-17 15:57:52,715 - INFO - Optimal value of theta: 5235.106836680576.
2024-01-17 15:57:52,716 - INFO - Beginning optimization with guess, [1.19929904 0.01049384].
2024-01-17 15:57:57,117 - INFO - Finished optimization with guess, [1.19929904 0.01049384].
2024-01-17 15:57:57,118 - INFO - Best fit parameters: [0.96333017 0.56971909].
2024-01-17 15:57:57,285 - INFO - Maximum log composite likelihood: -187.53869605959653.
2024-01-17 15:57:57,285 - INFO - Optimal value of theta: 5175.816203931354.
2024-01-17 15:57:57,285 - INFO - Beginning optimization with guess, [1.63199025 0.00605391].
2024-01-17 15:58:01,665 - INFO - Finished optimization with guess, [1.63199025 0.00605391].
2024-01-17 15:58:01,666 - INFO - Best fit parameters: [0.90421647 0.53231153].
2024-01-17 15:58:01,832 - INFO - Maximum log composite likelihood: -159.77638985648582.
2024-01-17 15:58:01,832 - INFO - Optimal value of theta: 5376.991651123927.
2024-01-17 15:58:01,832 - INFO - Beginning optimization with guess, [1.47037045 0.01169665].
2024-01-17 15:58:06,245 - INFO - Finished optimization with guess, [1.47037045 0.01169665].
2024-01-17 15:58:06,246 - INFO - Best fit parameters: [0.92381005 0.57740316].
2024-01-17 15:58:06,414 - INFO - Maximum log composite likelihood: -169.4317955678407.
2024-01-17 15:58:06,414 - INFO - Optimal value of theta: 5314.7045649533475.
2024-01-17 15:58:06,414 - INFO - Beginning optimization with guess, [0.91812985 0.01394909].
2024-01-17 15:58:11,530 - INFO - Finished optimization with guess, [0.91812985 0.01394909].
2024-01-17 15:58:11,531 - INFO - Best fit parameters: [0.8517836  0.44885118].
2024-01-17 15:58:11,699 - INFO - Maximum log composite likelihood: -136.94335388056606.
2024-01-17 15:58:11,700 - INFO - Optimal value of theta: 5545.168455464283.
2024-01-17 15:58:11,700 - INFO - Beginning optimization with guess, [1.00151562 0.01502549].
2024-01-17 15:58:16,069 - INFO - Finished optimization with guess, [1.00151562 0.01502549].
2024-01-17 15:58:16,070 - INFO - Best fit parameters: [0.99968872 0.59553565].
2024-01-17 15:58:16,235 - INFO - Maximum log composite likelihood: -206.22965886755674.
2024-01-17 15:58:16,235 - INFO - Optimal value of theta: 5059.061619564643.
2024-01-17 15:58:16,236 - INFO - Beginning optimization with guess, [2.43895337 0.01216038].
2024-01-17 15:58:20,601 - INFO - Finished optimization with guess, [2.43895337 0.01216038].
2024-01-17 15:58:20,602 - INFO - Best fit parameters: [0.83253781 0.58018152].
2024-01-17 15:58:20,773 - INFO - Maximum log composite likelihood: -135.84493899979907.
2024-01-17 15:58:20,773 - INFO - Optimal value of theta: 5687.112817342566.
2024-01-17 15:58:20,774 - INFO - Beginning optimization with guess, [2.74975647 0.00550826].
2024-01-17 15:58:25,130 - INFO - Finished optimization with guess, [2.74975647 0.00550826].
2024-01-17 15:58:25,131 - INFO - Best fit parameters: [0.81226149 0.52613995].
2024-01-17 15:58:25,299 - INFO - Maximum log composite likelihood: -127.54753862290863.
2024-01-17 15:58:25,299 - INFO - Optimal value of theta: 5751.862174793069.
2024-01-17 15:58:25,300 - INFO - Beginning optimization with guess, [2.90360468 0.01538373].
2024-01-17 15:58:30,188 - INFO - Finished optimization with guess, [2.90360468 0.01538373].
2024-01-17 15:58:30,189 - INFO - Best fit parameters: [0.74096694 0.87199292].
2024-01-17 15:58:30,374 - INFO - Maximum log composite likelihood: -130.83766679510882.
2024-01-17 15:58:30,374 - INFO - Optimal value of theta: 6362.6286560830495.
2024-01-17 15:58:30,375 - INFO - Beginning optimization with guess, [2.08405813 0.00833849].
2024-01-17 15:58:34,800 - INFO - Finished optimization with guess, [2.08405813 0.00833849].
2024-01-17 15:58:34,800 - INFO - Best fit parameters: [0.85988991 0.55377512].
2024-01-17 15:58:34,970 - INFO - Maximum log composite likelihood: -143.58439678114928.
2024-01-17 15:58:34,971 - INFO - Optimal value of theta: 5557.227865872468.
2024-01-17 15:58:34,971 - INFO - Beginning optimization with guess, [1.97956116 0.00624113].
2024-01-17 15:58:39,378 - INFO - Finished optimization with guess, [1.97956116 0.00624113].
2024-01-17 15:58:39,379 - INFO - Best fit parameters: [0.86903125 0.534317  ].
2024-01-17 15:58:39,547 - INFO - Maximum log composite likelihood: -146.0724177174211.
2024-01-17 15:58:39,547 - INFO - Optimal value of theta: 5512.760396323833.
2024-01-17 15:58:39,547 - INFO - Beginning optimization with guess, [2.89073661 0.00789093].
2024-01-17 15:58:43,960 - INFO - Finished optimization with guess, [2.89073661 0.00789093].
2024-01-17 15:58:43,961 - INFO - Best fit parameters: [0.80395573 0.55001612].
2024-01-17 15:58:44,133 - INFO - Maximum log composite likelihood: -126.3698152210095.
2024-01-17 15:58:44,133 - INFO - Optimal value of theta: 5804.481413389161.
2024-01-17 15:58:44,134 - INFO - Beginning optimization with guess, [4.34441016 0.01430826].
2024-01-17 15:58:49,191 - INFO - Finished optimization with guess, [4.34441016 0.01430826].
2024-01-17 15:58:49,192 - INFO - Best fit parameters: [0.66157937 0.86992177].
2024-01-17 15:58:49,382 - INFO - Maximum log composite likelihood: -119.44922319531088.
2024-01-17 15:58:49,382 - INFO - Optimal value of theta: 6995.773134528724.
2024-01-17 15:58:49,383 - INFO - Beginning optimization with guess, [2.97890924 0.00502527].
2024-01-17 15:58:53,757 - INFO - Finished optimization with guess, [2.97890924 0.00502527].
2024-01-17 15:58:53,758 - INFO - Best fit parameters: [0.79900547 0.52021247].
2024-01-17 15:58:53,925 - INFO - Maximum log composite likelihood: -123.79089145812486.
2024-01-17 15:58:53,925 - INFO - Optimal value of theta: 5809.798639595509.
2024-01-17 15:58:53,925 - INFO - Beginning optimization with guess, [3.68884604 0.00587402].
2024-01-17 15:58:58,291 - INFO - Finished optimization with guess, [3.68884604 0.00587402].
2024-01-17 15:58:58,292 - INFO - Best fit parameters: [0.76465644 0.53033279].
2024-01-17 15:58:58,463 - INFO - Maximum log composite likelihood: -116.46841798290143.
2024-01-17 15:58:58,463 - INFO - Optimal value of theta: 5987.048332767361.
2024-01-17 15:58:58,463 - INFO - Beginning optimization with guess, [5.44636144 0.01011372].
2024-01-17 15:59:02,801 - INFO - Finished optimization with guess, [5.44636144 0.01011372].
2024-01-17 15:59:02,801 - INFO - Best fit parameters: [0.19436681 0.00152442].
2024-01-17 15:59:02,952 - INFO - Maximum log composite likelihood: -190.24396391852633.
2024-01-17 15:59:02,952 - INFO - Optimal value of theta: 5195.226279352077.
2024-01-17 15:59:02,952 - INFO - Beginning optimization with guess, [1.09390274e+01 5.17417012e-03].
2024-01-17 15:59:07,329 - INFO - Finished optimization with guess, [1.09390274e+01 5.17417012e-03].
2024-01-17 15:59:07,330 - INFO - Best fit parameters: [0.56128579 0.00572856].
2024-01-17 15:59:07,483 - INFO - Maximum log composite likelihood: -190.3350685784062.
2024-01-17 15:59:07,483 - INFO - Optimal value of theta: 5152.940458434536.
2024-01-17 15:59:07,484 - INFO - Beginning optimization with guess, [8.47707987e+00 6.93935170e-03].
2024-01-17 15:59:11,887 - INFO - Finished optimization with guess, [8.47707987e+00 6.93935170e-03].
2024-01-17 15:59:11,888 - INFO - Best fit parameters: [0.1267468  0.00089563].
2024-01-17 15:59:12,038 - INFO - Maximum log composite likelihood: -190.77032318898364.
2024-01-17 15:59:12,038 - INFO - Optimal value of theta: 5193.094780704268.
2024-01-17 15:59:12,038 - INFO - Beginning optimization with guess, [1.58659205e+01 8.93763513e-03].
2024-01-17 15:59:16,393 - INFO - Finished optimization with guess, [1.58659205e+01 8.93763513e-03].
2024-01-17 15:59:16,393 - INFO - Best fit parameters: [3.82109564e-03 3.01359304e-05].
2024-01-17 15:59:16,542 - INFO - Maximum log composite likelihood: -192.52061757695537.
2024-01-17 15:59:16,542 - INFO - Optimal value of theta: 5229.654422563884.
2024-01-17 15:59:16,544 - INFO - Beginning demographic inference for three-epoch demographic model.
2024-01-17 15:59:16,547 - INFO - Beginning optimization with guess, [0.0057564  0.00593446 0.01662964 0.00608852].
2024-01-17 15:59:26,745 - INFO - Finished optimization with guess, [0.0057564  0.00593446 0.01662964 0.00608852].
2024-01-17 15:59:26,746 - INFO - Best fit parameters: [0.00438919 0.00452894 0.02399129 0.00575789].
2024-01-17 15:59:27,088 - INFO - Maximum log composite likelihood: -103.90975743381887.
2024-01-17 15:59:27,088 - INFO - Optimal value of theta: 952733.2447058077.
2024-01-17 15:59:27,089 - INFO - Beginning optimization with guess, [0.0183067  0.01013481 0.01126325 0.00699565].
2024-01-17 15:59:35,548 - INFO - Finished optimization with guess, [0.0183067  0.01013481 0.01126325 0.00699565].
2024-01-17 15:59:35,549 - INFO - Best fit parameters: [0.00950034 0.00785951 0.01056074 0.03866804].
2024-01-17 15:59:35,872 - INFO - Maximum log composite likelihood: -108.96268431399858.
2024-01-17 15:59:35,872 - INFO - Optimal value of theta: 532948.8248714245.
2024-01-17 15:59:35,872 - INFO - Beginning optimization with guess, [0.04491978 0.03326155 0.0142939  0.00579667].
2024-01-17 15:59:40,132 - INFO - Finished optimization with guess, [0.04491978 0.03326155 0.0142939  0.00579667].
2024-01-17 15:59:40,132 - INFO - Best fit parameters: [0.16155349 0.45789964 0.00110065 0.00126441].
2024-01-17 15:59:40,282 - INFO - Maximum log composite likelihood: -189.61674323159968.
2024-01-17 15:59:40,282 - INFO - Optimal value of theta: 5212.582543242898.
2024-01-17 15:59:40,282 - INFO - Beginning optimization with guess, [0.02479005 0.0600398  0.0063235  0.00614352].
2024-01-17 15:59:44,783 - INFO - Finished optimization with guess, [0.02479005 0.0600398  0.0063235  0.00614352].
2024-01-17 15:59:44,784 - INFO - Best fit parameters: [0.37342713 0.09831855 0.00082331 0.00055682].
2024-01-17 15:59:44,934 - INFO - Maximum log composite likelihood: -191.1775871708519.
2024-01-17 15:59:44,934 - INFO - Optimal value of theta: 5200.481736173609.
2024-01-17 15:59:44,935 - INFO - Beginning optimization with guess, [0.03303171 0.08204084 0.00552387 0.00651647].
2024-01-17 15:59:49,243 - INFO - Finished optimization with guess, [0.03303171 0.08204084 0.00552387 0.00651647].
2024-01-17 15:59:49,244 - INFO - Best fit parameters: [0.27602416 0.11910082 0.00094498 0.00056911].
2024-01-17 15:59:49,395 - INFO - Maximum log composite likelihood: -190.86573128885038.
2024-01-17 15:59:49,395 - INFO - Optimal value of theta: 5204.020262715008.
2024-01-17 15:59:49,395 - INFO - Beginning optimization with guess, [0.42461074 0.36467153 0.01971528 0.0122634 ].
2024-01-17 15:59:53,669 - INFO - Finished optimization with guess, [0.42461074 0.36467153 0.01971528 0.0122634 ].
2024-01-17 15:59:53,669 - INFO - Best fit parameters: [0.45483386 0.58488414 0.00636034 0.0041041 ].
2024-01-17 15:59:53,822 - INFO - Maximum log composite likelihood: -184.817937939064.
2024-01-17 15:59:53,822 - INFO - Optimal value of theta: 5267.16117817321.
2024-01-17 15:59:53,822 - INFO - Beginning optimization with guess, [0.51420686 1.03653192 0.00580379 0.01040784].
2024-01-17 15:59:57,829 - INFO - Finished optimization with guess, [0.51420686 1.03653192 0.00580379 0.01040784].
2024-01-17 15:59:57,830 - INFO - Best fit parameters: [0.453698   1.04341732 0.04739823 0.01609128].
2024-01-17 15:59:57,985 - INFO - Maximum log composite likelihood: -133.90253849418104.
2024-01-17 15:59:57,985 - INFO - Optimal value of theta: 5753.682638431807.
2024-01-17 15:59:57,985 - INFO - Beginning optimization with guess, [0.60927282 0.665464   0.00851    0.01325772].
2024-01-17 16:00:02,242 - INFO - Finished optimization with guess, [0.60927282 0.665464   0.00851    0.01325772].
2024-01-17 16:00:02,243 - INFO - Best fit parameters: [0.50790783 0.65969695 0.00647772 0.44258011].
2024-01-17 16:00:02,411 - INFO - Maximum log composite likelihood: -105.41281191470034.
2024-01-17 16:00:02,411 - INFO - Optimal value of theta: 6516.944067232056.
2024-01-17 16:00:02,411 - INFO - Beginning optimization with guess, [1.44078758 1.70004205 0.01261543 0.00931258].
2024-01-17 16:00:06,604 - INFO - Finished optimization with guess, [1.44078758 1.70004205 0.01261543 0.00931258].
2024-01-17 16:00:06,604 - INFO - Best fit parameters: [1.10094382e+00 7.66665389e-01 6.36572622e-05 1.36784517e-04].
2024-01-17 16:00:06,754 - INFO - Maximum log composite likelihood: -206.1970146568524.
2024-01-17 16:00:06,754 - INFO - Optimal value of theta: 5058.914608932746.
2024-01-17 16:00:06,754 - INFO - Beginning optimization with guess, [0.58523855 0.88324853 0.01151342 0.01333406].
2024-01-17 16:00:10,497 - INFO - Finished optimization with guess, [0.58523855 0.88324853 0.01151342 0.01333406].
2024-01-17 16:00:10,498 - INFO - Best fit parameters: [0.52464816 0.85727964 0.15656689 0.02185782].
2024-01-17 16:00:10,657 - INFO - Maximum log composite likelihood: -105.70468202408529.
2024-01-17 16:00:10,657 - INFO - Optimal value of theta: 6304.3833663137975.
2024-01-17 16:00:10,657 - INFO - Beginning optimization with guess, [0.83733709 1.02958287 0.00689769 0.01961841].
2024-01-17 16:00:15,509 - INFO - Finished optimization with guess, [0.83733709 1.02958287 0.00689769 0.01961841].
2024-01-17 16:00:15,511 - INFO - Best fit parameters: [0.81905466 1.03210521 0.37038893 0.00464202].
2024-01-17 16:00:15,675 - INFO - Maximum log composite likelihood: -124.97796887033064.
2024-01-17 16:00:15,675 - INFO - Optimal value of theta: 5601.6336962943415.
2024-01-17 16:00:15,675 - INFO - Beginning optimization with guess, [1.13894835 2.46799648 0.00888752 0.0147931 ].
2024-01-17 16:00:19,906 - INFO - Finished optimization with guess, [1.13894835 2.46799648 0.00888752 0.0147931 ].
2024-01-17 16:00:19,906 - INFO - Best fit parameters: [1.12666721e+00 5.95371779e-01 5.58959294e-04 2.98795997e-07].
2024-01-17 16:00:20,056 - INFO - Maximum log composite likelihood: -206.74218446871873.
2024-01-17 16:00:20,056 - INFO - Optimal value of theta: 5056.634951134457.
2024-01-17 16:00:20,056 - INFO - Beginning optimization with guess, [2.19853894 1.75343065 0.01085412 0.01963916].
2024-01-17 16:00:24,146 - INFO - Finished optimization with guess, [2.19853894 1.75343065 0.01085412 0.01963916].
2024-01-17 16:00:24,147 - INFO - Best fit parameters: [1.73368182e+00 6.52932478e-01 1.00714373e-04 5.26118726e-04].
2024-01-17 16:00:24,297 - INFO - Maximum log composite likelihood: -205.118647849607.
2024-01-17 16:00:24,297 - INFO - Optimal value of theta: 5063.536609206344.
2024-01-17 16:00:24,298 - INFO - Beginning optimization with guess, [3.58706568 2.58107839 0.01358391 0.01746986].
2024-01-17 16:00:28,385 - INFO - Finished optimization with guess, [3.58706568 2.58107839 0.01358391 0.01746986].
2024-01-17 16:00:28,386 - INFO - Best fit parameters: [2.44043402e+00 4.86865098e-01 1.58975069e-04 4.20176869e-04].
2024-01-17 16:00:28,536 - INFO - Maximum log composite likelihood: -204.5400582824941.
2024-01-17 16:00:28,536 - INFO - Optimal value of theta: 5066.110214517986.
2024-01-17 16:00:28,537 - INFO - Beginning optimization with guess, [2.23865263 2.38356943 0.00585136 0.00754035].
2024-01-17 16:00:32,797 - INFO - Finished optimization with guess, [2.23865263 2.38356943 0.00585136 0.00754035].
2024-01-17 16:00:32,797 - INFO - Best fit parameters: [1.23641504e+00 6.47317199e-01 1.16584547e-05 9.15404424e-05].
2024-01-17 16:00:32,949 - INFO - Maximum log composite likelihood: -206.1322277305453.
2024-01-17 16:00:32,949 - INFO - Optimal value of theta: 5059.191004428292.
2024-01-17 16:00:32,949 - INFO - Beginning optimization with guess, [1.35604378 2.88689461 0.01934304 0.0093729 ].
2024-01-17 16:00:37,205 - INFO - Finished optimization with guess, [1.35604378 2.88689461 0.01934304 0.0093729 ].
2024-01-17 16:00:37,206 - INFO - Best fit parameters: [8.41556959e-01 1.69324781e+00 2.98285207e-04 2.88566660e-05].
2024-01-17 16:00:37,358 - INFO - Maximum log composite likelihood: -206.1507605180368.
2024-01-17 16:00:37,358 - INFO - Optimal value of theta: 5059.1048823296205.
2024-01-17 16:00:37,358 - INFO - Beginning optimization with guess, [4.76682991 1.62602661 0.00966525 0.00781794].
2024-01-17 16:00:41,591 - INFO - Finished optimization with guess, [4.76682991 1.62602661 0.00966525 0.00781794].
2024-01-17 16:00:41,592 - INFO - Best fit parameters: [1.63751967e+00 5.72646352e-01 4.12579679e-06 8.45319428e-06].
2024-01-17 16:00:41,743 - INFO - Maximum log composite likelihood: -206.36752460515527.
2024-01-17 16:00:41,744 - INFO - Optimal value of theta: 5058.1931057444235.
2024-01-17 16:00:41,744 - INFO - Beginning optimization with guess, [5.73034596 3.05433869 0.01677627 0.01014347].
2024-01-17 16:00:46,099 - INFO - Finished optimization with guess, [5.73034596 3.05433869 0.01677627 0.01014347].
2024-01-17 16:00:46,100 - INFO - Best fit parameters: [2.19891498e+00 2.75847386e-01 2.29990776e-05 1.80833856e-05].
2024-01-17 16:00:46,251 - INFO - Maximum log composite likelihood: -206.20146405199057.
2024-01-17 16:00:46,251 - INFO - Optimal value of theta: 5058.897575565836.
2024-01-17 16:00:46,251 - INFO - Beginning optimization with guess, [2.42745458 3.69944206 0.00612689 0.01074984].
2024-01-17 16:00:50,501 - INFO - Finished optimization with guess, [2.42745458 3.69944206 0.00612689 0.01074984].
2024-01-17 16:00:50,502 - INFO - Best fit parameters: [3.61678527e-01 1.51153693e+00 4.70058169e-06 5.48209818e-06].
2024-01-17 16:00:50,653 - INFO - Maximum log composite likelihood: -206.35877276095607.
2024-01-17 16:00:50,653 - INFO - Optimal value of theta: 5058.230124160977.
2024-01-17 16:00:50,653 - INFO - Beginning optimization with guess, [3.01163619 2.5223473  0.0198615  0.01166482].
2024-01-17 16:00:55,038 - INFO - Finished optimization with guess, [3.01163619 2.5223473  0.0198615  0.01166482].
2024-01-17 16:00:55,039 - INFO - Best fit parameters: [1.64478725e+00 3.43981707e-01 3.57489163e-05 2.52143478e-05].
2024-01-17 16:00:55,191 - INFO - Maximum log composite likelihood: -206.2062425175759.
2024-01-17 16:00:55,191 - INFO - Optimal value of theta: 5058.877182924443.
2024-01-17 16:00:55,191 - INFO - Beginning optimization with guess, [2.46937627 3.26305446 0.01591679 0.01110096].
2024-01-17 16:00:59,612 - INFO - Finished optimization with guess, [2.46937627 3.26305446 0.01591679 0.01110096].
2024-01-17 16:00:59,613 - INFO - Best fit parameters: [4.45968981e-01 9.71698559e-01 1.66729501e-04 1.33736192e-05].
2024-01-17 16:00:59,763 - INFO - Maximum log composite likelihood: -205.27567060993806.
2024-01-17 16:00:59,763 - INFO - Optimal value of theta: 5062.8906779809995.
2024-01-17 16:00:59,763 - INFO - Beginning optimization with guess, [2.98380292 4.04668895 0.01475027 0.01342612].
2024-01-17 16:01:04,012 - INFO - Finished optimization with guess, [2.98380292 4.04668895 0.01475027 0.01342612].
2024-01-17 16:01:04,013 - INFO - Best fit parameters: [1.00634263e+00 2.18785727e-01 1.21564619e-05 7.23028813e-05].
2024-01-17 16:01:04,164 - INFO - Maximum log composite likelihood: -205.0113192425615.
2024-01-17 16:01:04,164 - INFO - Optimal value of theta: 5064.072810766264.
2024-01-17 16:01:04,165 - INFO - Beginning optimization with guess, [5.68683447e+00 8.20661265e+00 7.56765437e-03 1.66255784e-02].
2024-01-17 16:01:08,557 - INFO - Finished optimization with guess, [5.68683447e+00 8.20661265e+00 7.56765437e-03 1.66255784e-02].
2024-01-17 16:01:08,557 - INFO - Best fit parameters: [1.34675700e-01 2.58590240e+00 9.00838127e-06 2.24632334e-05].
2024-01-17 16:01:08,708 - INFO - Maximum log composite likelihood: -206.15389423213355.
2024-01-17 16:01:08,708 - INFO - Optimal value of theta: 5059.099595425627.
2024-01-17 16:01:08,708 - INFO - Beginning optimization with guess, [4.03134536 5.48643103 0.00853263 0.00554997].
2024-01-17 16:01:12,943 - INFO - Finished optimization with guess, [4.03134536 5.48643103 0.00853263 0.00554997].
2024-01-17 16:01:12,944 - INFO - Best fit parameters: [4.97557563e-01 1.56560440e+00 1.15814860e-04 1.03728322e-05].
2024-01-17 16:01:13,107 - INFO - Maximum log composite likelihood: -205.778092619772.
2024-01-17 16:01:13,107 - INFO - Optimal value of theta: 5060.707449385428.
2024-01-17 16:01:13,108 - INFO - Beginning optimization with guess, [1.57505350e+01 8.65707004e+00 6.92446840e-03 7.95591010e-03].
2024-01-17 16:01:17,351 - INFO - Finished optimization with guess, [1.57505350e+01 8.65707004e+00 6.92446840e-03 7.95591010e-03].
2024-01-17 16:01:17,351 - INFO - Best fit parameters: [1.01607240e+00 9.57149425e-02 1.59698389e-06 2.27232428e-05].
2024-01-17 16:01:17,513 - INFO - Maximum log composite likelihood: -205.23841406115662.
2024-01-17 16:01:17,513 - INFO - Optimal value of theta: 5063.072370769136.
2024-01-17 16:01:17,515 - INFO - Finished demographic inference.
2024-01-17 16:01:17,515 - INFO - Pipeline executed succesfully.
