2024-02-13 14:30:18,178 - INFO - Beginning execution of fit_demographic_model.py in directory /u/project/kirk/jonmah/sample_size_demography/Scripts

2024-02-13 14:30:18,178 - INFO - Progress is being logged to ../Analysis/TwoEpochContraction_12/log.log

2024-02-13 14:30:18,178 - INFO - Parsed the following arguments:
	syn_input_sfs = ../Analysis/TwoEpochContraction_12/syn_downsampled_sfs.txt
	mask_singletons = False
	mask_doubletons = False
	outprefix = ../Analysis/TwoEpochContraction_12/

2024-02-13 14:30:18,179 - INFO - Beginning demographic inference for one-epoch demographic model.
2024-02-13 14:30:18,206 - INFO - Beginning optimization with guess, [0.05704532].
2024-02-13 14:30:19,188 - INFO - Finished optimization with guess, [0.05704532].
2024-02-13 14:30:19,189 - INFO - Best fit parameters: [0.05704532].
2024-02-13 14:30:19,215 - INFO - Maximum log composite likelihood: -26.2965937142215.
2024-02-13 14:30:19,216 - INFO - Optimal value of theta: 343.7270821326977.
2024-02-13 14:30:19,216 - INFO - Beginning optimization with guess, [0.18879115].
2024-02-13 14:30:20,071 - INFO - Finished optimization with guess, [0.18879115].
2024-02-13 14:30:20,071 - INFO - Best fit parameters: [0.18879115].
2024-02-13 14:30:20,097 - INFO - Maximum log composite likelihood: -26.2965937142215.
2024-02-13 14:30:20,097 - INFO - Optimal value of theta: 343.7270821326977.
2024-02-13 14:30:20,097 - INFO - Beginning optimization with guess, [0.28019159].
2024-02-13 14:30:20,933 - INFO - Finished optimization with guess, [0.28019159].
2024-02-13 14:30:20,933 - INFO - Best fit parameters: [0.28019159].
2024-02-13 14:30:20,959 - INFO - Maximum log composite likelihood: -26.2965937142215.
2024-02-13 14:30:20,959 - INFO - Optimal value of theta: 343.7270821326977.
2024-02-13 14:30:20,959 - INFO - Beginning optimization with guess, [0.69878719].
2024-02-13 14:30:21,665 - INFO - Finished optimization with guess, [0.69878719].
2024-02-13 14:30:21,666 - INFO - Best fit parameters: [0.69878719].
2024-02-13 14:30:21,693 - INFO - Maximum log composite likelihood: -26.2965937142215.
2024-02-13 14:30:21,693 - INFO - Optimal value of theta: 343.7270821326977.
2024-02-13 14:30:21,694 - INFO - Beginning optimization with guess, [0.46182222].
2024-02-13 14:30:22,493 - INFO - Finished optimization with guess, [0.46182222].
2024-02-13 14:30:22,494 - INFO - Best fit parameters: [0.46182222].
2024-02-13 14:30:22,521 - INFO - Maximum log composite likelihood: -26.2965937142215.
2024-02-13 14:30:22,521 - INFO - Optimal value of theta: 343.7270821326977.
2024-02-13 14:30:22,522 - INFO - Beginning optimization with guess, [1.00067505].
2024-02-13 14:30:22,577 - INFO - Finished optimization with guess, [1.00067505].
2024-02-13 14:30:22,578 - INFO - Best fit parameters: [1.00067505].
2024-02-13 14:30:22,605 - INFO - Maximum log composite likelihood: -26.2965937142215.
2024-02-13 14:30:22,605 - INFO - Optimal value of theta: 343.7270821326977.
2024-02-13 14:30:22,606 - INFO - Beginning optimization with guess, [0.57978013].
2024-02-13 14:30:23,402 - INFO - Finished optimization with guess, [0.57978013].
2024-02-13 14:30:23,402 - INFO - Best fit parameters: [0.57978013].
2024-02-13 14:30:23,429 - INFO - Maximum log composite likelihood: -26.2965937142215.
2024-02-13 14:30:23,429 - INFO - Optimal value of theta: 343.7270821326977.
2024-02-13 14:30:23,430 - INFO - Beginning optimization with guess, [0.99019488].
2024-02-13 14:30:23,720 - INFO - Finished optimization with guess, [0.99019488].
2024-02-13 14:30:23,720 - INFO - Best fit parameters: [0.99019488].
2024-02-13 14:30:23,747 - INFO - Maximum log composite likelihood: -26.2965937142215.
2024-02-13 14:30:23,747 - INFO - Optimal value of theta: 343.7270821326977.
2024-02-13 14:30:23,747 - INFO - Beginning optimization with guess, [1.47747087].
2024-02-13 14:30:24,436 - INFO - Finished optimization with guess, [1.47747087].
2024-02-13 14:30:24,436 - INFO - Best fit parameters: [1.47747087].
2024-02-13 14:30:24,463 - INFO - Maximum log composite likelihood: -26.2965937142215.
2024-02-13 14:30:24,463 - INFO - Optimal value of theta: 343.7270821326977.
2024-02-13 14:30:24,463 - INFO - Beginning optimization with guess, [1.01444986].
2024-02-13 14:30:24,765 - INFO - Finished optimization with guess, [1.01444986].
2024-02-13 14:30:24,766 - INFO - Best fit parameters: [1.01444986].
2024-02-13 14:30:24,793 - INFO - Maximum log composite likelihood: -26.2965937142215.
2024-02-13 14:30:24,793 - INFO - Optimal value of theta: 343.7270821326977.
2024-02-13 14:30:24,793 - INFO - Beginning optimization with guess, [1.48594112].
2024-02-13 14:30:25,499 - INFO - Finished optimization with guess, [1.48594112].
2024-02-13 14:30:25,500 - INFO - Best fit parameters: [1.48594112].
2024-02-13 14:30:25,526 - INFO - Maximum log composite likelihood: -26.2965937142215.
2024-02-13 14:30:25,526 - INFO - Optimal value of theta: 343.7270821326977.
2024-02-13 14:30:25,526 - INFO - Beginning optimization with guess, [1.11793817].
2024-02-13 14:30:26,072 - INFO - Finished optimization with guess, [1.11793817].
2024-02-13 14:30:26,072 - INFO - Best fit parameters: [1.11793817].
2024-02-13 14:30:26,099 - INFO - Maximum log composite likelihood: -26.2965937142215.
2024-02-13 14:30:26,099 - INFO - Optimal value of theta: 343.7270821326977.
2024-02-13 14:30:26,099 - INFO - Beginning optimization with guess, [2.58625932].
2024-02-13 14:30:26,875 - INFO - Finished optimization with guess, [2.58625932].
2024-02-13 14:30:26,876 - INFO - Best fit parameters: [2.58625932].
2024-02-13 14:30:26,902 - INFO - Maximum log composite likelihood: -26.2965937142215.
2024-02-13 14:30:26,902 - INFO - Optimal value of theta: 343.7270821326977.
2024-02-13 14:30:26,903 - INFO - Beginning optimization with guess, [2.08755897].
2024-02-13 14:30:27,657 - INFO - Finished optimization with guess, [2.08755897].
2024-02-13 14:30:27,657 - INFO - Best fit parameters: [2.08755897].
2024-02-13 14:30:27,683 - INFO - Maximum log composite likelihood: -26.2965937142215.
2024-02-13 14:30:27,684 - INFO - Optimal value of theta: 343.7270821326977.
2024-02-13 14:30:27,684 - INFO - Beginning optimization with guess, [1.71487227].
2024-02-13 14:30:28,470 - INFO - Finished optimization with guess, [1.71487227].
2024-02-13 14:30:28,470 - INFO - Best fit parameters: [1.71487227].
2024-02-13 14:30:28,497 - INFO - Maximum log composite likelihood: -26.2965937142215.
2024-02-13 14:30:28,497 - INFO - Optimal value of theta: 343.7270821326977.
2024-02-13 14:30:28,497 - INFO - Beginning optimization with guess, [1.7941756].
2024-02-13 14:30:29,275 - INFO - Finished optimization with guess, [1.7941756].
2024-02-13 14:30:29,275 - INFO - Best fit parameters: [1.7941756].
2024-02-13 14:30:29,301 - INFO - Maximum log composite likelihood: -26.2965937142215.
2024-02-13 14:30:29,302 - INFO - Optimal value of theta: 343.7270821326977.
2024-02-13 14:30:29,302 - INFO - Beginning optimization with guess, [2.51659304].
2024-02-13 14:30:30,087 - INFO - Finished optimization with guess, [2.51659304].
2024-02-13 14:30:30,087 - INFO - Best fit parameters: [2.51659304].
2024-02-13 14:30:30,115 - INFO - Maximum log composite likelihood: -26.2965937142215.
2024-02-13 14:30:30,116 - INFO - Optimal value of theta: 343.7270821326977.
2024-02-13 14:30:30,116 - INFO - Beginning optimization with guess, [1.78813056].
2024-02-13 14:30:30,906 - INFO - Finished optimization with guess, [1.78813056].
2024-02-13 14:30:30,906 - INFO - Best fit parameters: [1.78813056].
2024-02-13 14:30:30,931 - INFO - Maximum log composite likelihood: -26.2965937142215.
2024-02-13 14:30:30,931 - INFO - Optimal value of theta: 343.7270821326977.
2024-02-13 14:30:30,931 - INFO - Beginning optimization with guess, [2.6822945].
2024-02-13 14:30:31,692 - INFO - Finished optimization with guess, [2.6822945].
2024-02-13 14:30:31,693 - INFO - Best fit parameters: [2.6822945].
2024-02-13 14:30:31,720 - INFO - Maximum log composite likelihood: -26.2965937142215.
2024-02-13 14:30:31,720 - INFO - Optimal value of theta: 343.7270821326977.
2024-02-13 14:30:31,720 - INFO - Beginning optimization with guess, [3.70989257].
2024-02-13 14:30:32,603 - INFO - Finished optimization with guess, [3.70989257].
2024-02-13 14:30:32,603 - INFO - Best fit parameters: [3.70989257].
2024-02-13 14:30:32,631 - INFO - Maximum log composite likelihood: -26.2965937142215.
2024-02-13 14:30:32,631 - INFO - Optimal value of theta: 343.7270821326977.
2024-02-13 14:30:32,631 - INFO - Beginning optimization with guess, [2.96226595].
2024-02-13 14:30:33,530 - INFO - Finished optimization with guess, [2.96226595].
2024-02-13 14:30:33,530 - INFO - Best fit parameters: [2.96226595].
2024-02-13 14:30:33,558 - INFO - Maximum log composite likelihood: -26.2965937142215.
2024-02-13 14:30:33,558 - INFO - Optimal value of theta: 343.7270821326977.
2024-02-13 14:30:33,559 - INFO - Beginning optimization with guess, [2.85195763].
2024-02-13 14:30:34,450 - INFO - Finished optimization with guess, [2.85195763].
2024-02-13 14:30:34,451 - INFO - Best fit parameters: [2.85195763].
2024-02-13 14:30:34,478 - INFO - Maximum log composite likelihood: -26.2965937142215.
2024-02-13 14:30:34,478 - INFO - Optimal value of theta: 343.7270821326977.
2024-02-13 14:30:34,479 - INFO - Beginning optimization with guess, [8.44856941].
2024-02-13 14:30:35,472 - INFO - Finished optimization with guess, [8.44856941].
2024-02-13 14:30:35,472 - INFO - Best fit parameters: [8.44856941].
2024-02-13 14:30:35,501 - INFO - Maximum log composite likelihood: -26.2965937142215.
2024-02-13 14:30:35,501 - INFO - Optimal value of theta: 343.7270821326977.
2024-02-13 14:30:35,501 - INFO - Beginning optimization with guess, [5.02503632].
2024-02-13 14:30:36,410 - INFO - Finished optimization with guess, [5.02503632].
2024-02-13 14:30:36,410 - INFO - Best fit parameters: [5.02503632].
2024-02-13 14:30:36,438 - INFO - Maximum log composite likelihood: -26.2965937142215.
2024-02-13 14:30:36,438 - INFO - Optimal value of theta: 343.7270821326977.
2024-02-13 14:30:36,439 - INFO - Beginning optimization with guess, [5.71217675].
2024-02-13 14:30:37,335 - INFO - Finished optimization with guess, [5.71217675].
2024-02-13 14:30:37,336 - INFO - Best fit parameters: [5.71217675].
2024-02-13 14:30:37,363 - INFO - Maximum log composite likelihood: -26.2965937142215.
2024-02-13 14:30:37,363 - INFO - Optimal value of theta: 343.7270821326977.
2024-02-13 14:30:37,368 - INFO - Beginning demographic inference for two-epoch demographic model.
2024-02-13 14:30:37,369 - INFO - Beginning optimization with guess, [0.10468191 0.00973195].
2024-02-13 14:30:39,487 - INFO - Finished optimization with guess, [0.10468191 0.00973195].
2024-02-13 14:30:39,488 - INFO - Best fit parameters: [2.43944366 0.09980088].
2024-02-13 14:30:39,518 - INFO - Maximum log composite likelihood: -20.568617284704857.
2024-02-13 14:30:39,518 - INFO - Optimal value of theta: 311.14580813695187.
2024-02-13 14:30:39,519 - INFO - Beginning optimization with guess, [0.13025976 0.01878499].
2024-02-13 14:30:41,486 - INFO - Finished optimization with guess, [0.13025976 0.01878499].
2024-02-13 14:30:41,486 - INFO - Best fit parameters: [3.57540729 0.0689682 ].
2024-02-13 14:30:41,516 - INFO - Maximum log composite likelihood: -20.506879041442858.
2024-02-13 14:30:41,516 - INFO - Optimal value of theta: 314.4888676218442.
2024-02-13 14:30:41,516 - INFO - Beginning optimization with guess, [0.17002432 0.01193142].
2024-02-13 14:30:44,560 - INFO - Finished optimization with guess, [0.17002432 0.01193142].
2024-02-13 14:30:44,561 - INFO - Best fit parameters: [2.1282743  0.09910393].
2024-02-13 14:30:44,594 - INFO - Maximum log composite likelihood: -20.661819754500755.
2024-02-13 14:30:44,594 - INFO - Optimal value of theta: 314.6975035548739.
2024-02-13 14:30:44,595 - INFO - Beginning optimization with guess, [0.2225891  0.00672955].
2024-02-13 14:30:49,400 - INFO - Finished optimization with guess, [0.2225891  0.00672955].
2024-02-13 14:30:49,400 - INFO - Best fit parameters: [1.87112244 0.10986133].
2024-02-13 14:30:49,431 - INFO - Maximum log composite likelihood: -20.82855420781476.
2024-02-13 14:30:49,431 - INFO - Optimal value of theta: 316.08200124969665.
2024-02-13 14:30:49,431 - INFO - Beginning optimization with guess, [0.41597655 0.00567376].
2024-02-13 14:30:54,999 - INFO - Finished optimization with guess, [0.41597655 0.00567376].
2024-02-13 14:30:55,000 - INFO - Best fit parameters: [1.60223049 0.15502464].
2024-02-13 14:30:55,031 - INFO - Maximum log composite likelihood: -21.084670027086304.
2024-02-13 14:30:55,031 - INFO - Optimal value of theta: 314.6690098766387.
2024-02-13 14:30:55,031 - INFO - Beginning optimization with guess, [0.39467928 0.01133487].
2024-02-13 14:30:58,689 - INFO - Finished optimization with guess, [0.39467928 0.01133487].
2024-02-13 14:30:58,690 - INFO - Best fit parameters: [1.98477219 0.13385936].
2024-02-13 14:30:58,721 - INFO - Maximum log composite likelihood: -20.6936038967051.
2024-02-13 14:30:58,721 - INFO - Optimal value of theta: 309.2437815213813.
2024-02-13 14:30:58,721 - INFO - Beginning optimization with guess, [1.20338696 0.00881379].
2024-02-13 14:31:00,336 - INFO - Finished optimization with guess, [1.20338696 0.00881379].
2024-02-13 14:31:00,336 - INFO - Best fit parameters: [2.5314034  0.09536831].
2024-02-13 14:31:00,366 - INFO - Maximum log composite likelihood: -20.555604476779223.
2024-02-13 14:31:00,366 - INFO - Optimal value of theta: 311.5289914008902.
2024-02-13 14:31:00,367 - INFO - Beginning optimization with guess, [0.67758403 0.00879266].
2024-02-13 14:31:04,943 - INFO - Finished optimization with guess, [0.67758403 0.00879266].
2024-02-13 14:31:04,944 - INFO - Best fit parameters: [1.54514646 0.25207582].
2024-02-13 14:31:04,977 - INFO - Maximum log composite likelihood: -21.23642612745431.
2024-02-13 14:31:04,977 - INFO - Optimal value of theta: 305.3176641967221.
2024-02-13 14:31:04,977 - INFO - Beginning optimization with guess, [0.7426179 0.0181719].
2024-02-13 14:31:06,478 - INFO - Finished optimization with guess, [0.7426179 0.0181719].
2024-02-13 14:31:06,478 - INFO - Best fit parameters: [1.62830299 0.18406112].
2024-02-13 14:31:06,509 - INFO - Maximum log composite likelihood: -21.004334906946383.
2024-02-13 14:31:06,509 - INFO - Optimal value of theta: 309.8748993344073.
2024-02-13 14:31:06,510 - INFO - Beginning optimization with guess, [1.15451731 0.00814841].
2024-02-13 14:31:08,179 - INFO - Finished optimization with guess, [1.15451731 0.00814841].
2024-02-13 14:31:08,180 - INFO - Best fit parameters: [1.577344   0.18712825].
2024-02-13 14:31:08,211 - INFO - Maximum log composite likelihood: -21.096003254866957.
2024-02-13 14:31:08,211 - INFO - Optimal value of theta: 311.25890209803526.
2024-02-13 14:31:08,212 - INFO - Beginning optimization with guess, [0.76858427 0.01430147].
2024-02-13 14:31:13,725 - INFO - Finished optimization with guess, [0.76858427 0.01430147].
2024-02-13 14:31:13,725 - INFO - Best fit parameters: [1.77031968 0.11353453].
2024-02-13 14:31:13,754 - INFO - Maximum log composite likelihood: -20.954563471220297.
2024-02-13 14:31:13,754 - INFO - Optimal value of theta: 317.2341764147457.
2024-02-13 14:31:13,755 - INFO - Beginning optimization with guess, [1.59049442 0.01195247].
2024-02-13 14:31:15,218 - INFO - Finished optimization with guess, [1.59049442 0.01195247].
2024-02-13 14:31:15,219 - INFO - Best fit parameters: [2.31353166 0.09690258].
2024-02-13 14:31:15,250 - INFO - Maximum log composite likelihood: -20.58753155047782.
2024-02-13 14:31:15,250 - INFO - Optimal value of theta: 313.1571280588002.
2024-02-13 14:31:15,251 - INFO - Beginning optimization with guess, [3.07073408 0.01383077].
2024-02-13 14:31:16,608 - INFO - Finished optimization with guess, [3.07073408 0.01383077].
2024-02-13 14:31:16,609 - INFO - Best fit parameters: [5.57440066 0.05904788].
2024-02-13 14:31:16,636 - INFO - Maximum log composite likelihood: -20.490821202727915.
2024-02-13 14:31:16,637 - INFO - Optimal value of theta: 314.5584154993712.
2024-02-13 14:31:16,637 - INFO - Beginning optimization with guess, [1.20552206 0.01328404].
2024-02-13 14:31:18,325 - INFO - Finished optimization with guess, [1.20552206 0.01328404].
2024-02-13 14:31:18,325 - INFO - Best fit parameters: [3.54937373 0.07542088].
2024-02-13 14:31:18,356 - INFO - Maximum log composite likelihood: -20.51396987003963.
2024-02-13 14:31:18,356 - INFO - Optimal value of theta: 312.2227860694193.
2024-02-13 14:31:18,356 - INFO - Beginning optimization with guess, [1.38435621 0.00787842].
2024-02-13 14:31:19,833 - INFO - Finished optimization with guess, [1.38435621 0.00787842].
2024-02-13 14:31:19,833 - INFO - Best fit parameters: [2.49692627 0.08773258].
2024-02-13 14:31:19,863 - INFO - Maximum log composite likelihood: -20.56660920039934.
2024-02-13 14:31:19,863 - INFO - Optimal value of theta: 313.97204493365535.
2024-02-13 14:31:19,864 - INFO - Beginning optimization with guess, [1.56728694 0.00577906].
2024-02-13 14:31:21,230 - INFO - Finished optimization with guess, [1.56728694 0.00577906].
2024-02-13 14:31:21,231 - INFO - Best fit parameters: [4.52057211 0.06057323].
2024-02-13 14:31:21,260 - INFO - Maximum log composite likelihood: -20.503057764153084.
2024-02-13 14:31:21,260 - INFO - Optimal value of theta: 315.4557951936079.
2024-02-13 14:31:21,260 - INFO - Beginning optimization with guess, [2.09433581 0.01284874].
2024-02-13 14:31:22,736 - INFO - Finished optimization with guess, [2.09433581 0.01284874].
2024-02-13 14:31:22,737 - INFO - Best fit parameters: [6.61112247 0.05637981].
2024-02-13 14:31:22,765 - INFO - Maximum log composite likelihood: -20.49010550779863.
2024-02-13 14:31:22,765 - INFO - Optimal value of theta: 314.75932146139326.
2024-02-13 14:31:22,766 - INFO - Beginning optimization with guess, [2.26992196 0.01395644].
2024-02-13 14:31:24,119 - INFO - Finished optimization with guess, [2.26992196 0.01395644].
2024-02-13 14:31:24,119 - INFO - Best fit parameters: [4.6443053  0.06232281].
2024-02-13 14:31:24,147 - INFO - Maximum log composite likelihood: -20.49365837746484.
2024-02-13 14:31:24,147 - INFO - Optimal value of theta: 314.50846887671946.
2024-02-13 14:31:24,148 - INFO - Beginning optimization with guess, [3.95262889 0.01279761].
2024-02-13 14:31:25,548 - INFO - Finished optimization with guess, [3.95262889 0.01279761].
2024-02-13 14:31:25,548 - INFO - Best fit parameters: [6.41123816 0.05695743].
2024-02-13 14:31:25,578 - INFO - Maximum log composite likelihood: -20.49016992831946.
2024-02-13 14:31:25,578 - INFO - Optimal value of theta: 314.6545616991168.
2024-02-13 14:31:25,578 - INFO - Beginning optimization with guess, [4.81919535 0.00576363].
2024-02-13 14:31:26,958 - INFO - Finished optimization with guess, [4.81919535 0.00576363].
2024-02-13 14:31:26,959 - INFO - Best fit parameters: [7.7432181  0.05438747].
2024-02-13 14:31:26,988 - INFO - Maximum log composite likelihood: -20.489939041009166.
2024-02-13 14:31:26,988 - INFO - Optimal value of theta: 314.9145791380381.
2024-02-13 14:31:26,988 - INFO - Beginning optimization with guess, [4.23670986 0.00643618].
2024-02-13 14:31:28,428 - INFO - Finished optimization with guess, [4.23670986 0.00643618].
2024-02-13 14:31:28,428 - INFO - Best fit parameters: [7.57259831 0.05464051].
2024-02-13 14:31:28,457 - INFO - Maximum log composite likelihood: -20.489932929464516.
2024-02-13 14:31:28,458 - INFO - Optimal value of theta: 314.89820193359765.
2024-02-13 14:31:28,458 - INFO - Beginning optimization with guess, [3.01122211 0.01468438].
2024-02-13 14:31:29,818 - INFO - Finished optimization with guess, [3.01122211 0.01468438].
2024-02-13 14:31:29,818 - INFO - Best fit parameters: [7.37827895 0.05460181].
2024-02-13 14:31:29,848 - INFO - Maximum log composite likelihood: -20.4901436306196.
2024-02-13 14:31:29,848 - INFO - Optimal value of theta: 315.0401713503184.
2024-02-13 14:31:29,848 - INFO - Beginning optimization with guess, [4.26093397 0.01926385].
2024-02-13 14:31:31,257 - INFO - Finished optimization with guess, [4.26093397 0.01926385].
2024-02-13 14:31:31,257 - INFO - Best fit parameters: [7.30548651 0.05502594].
2024-02-13 14:31:31,285 - INFO - Maximum log composite likelihood: -20.489967697384742.
2024-02-13 14:31:31,285 - INFO - Optimal value of theta: 314.8901251741884.
2024-02-13 14:31:31,286 - INFO - Beginning optimization with guess, [8.11851188 0.01608923].
2024-02-13 14:31:32,647 - INFO - Finished optimization with guess, [8.11851188 0.01608923].
2024-02-13 14:31:32,648 - INFO - Best fit parameters: [8.81509698 0.05267972].
2024-02-13 14:31:32,677 - INFO - Maximum log composite likelihood: -20.490289975891926.
2024-02-13 14:31:32,677 - INFO - Optimal value of theta: 315.1949424735359.
2024-02-13 14:31:32,677 - INFO - Beginning optimization with guess, [8.14127131 0.01418367].
2024-02-13 14:31:34,092 - INFO - Finished optimization with guess, [8.14127131 0.01418367].
2024-02-13 14:31:34,092 - INFO - Best fit parameters: [8.13320083 0.05374914].
2024-02-13 14:31:34,122 - INFO - Maximum log composite likelihood: -20.489997361741985.
2024-02-13 14:31:34,122 - INFO - Optimal value of theta: 315.00196454350555.
2024-02-13 14:31:34,124 - INFO - Beginning demographic inference for three-epoch demographic model.
2024-02-13 14:31:34,129 - INFO - Beginning optimization with guess, [0.00636462 0.00916608 0.01347775 0.01647277].
2024-02-13 14:32:27,269 - INFO - Finished optimization with guess, [0.00636462 0.00916608 0.01347775 0.01647277].
2024-02-13 14:32:27,270 - INFO - Best fit parameters: [0.00133717 0.00898026 0.0627679  0.01300677].
2024-02-13 14:32:28,604 - INFO - Maximum log composite likelihood: -22.205115452989816.
2024-02-13 14:32:28,604 - INFO - Optimal value of theta: 46037.725254014935.
2024-02-13 14:32:28,604 - INFO - Beginning optimization with guess, [0.0112089  0.01719693 0.00750218 0.00647446].
2024-02-13 14:32:46,082 - INFO - Finished optimization with guess, [0.0112089  0.01719693 0.00750218 0.00647446].
2024-02-13 14:32:46,083 - INFO - Best fit parameters: [0.00112893 0.03119288 0.02338187 0.04927074].
2024-02-13 14:32:46,623 - INFO - Maximum log composite likelihood: -22.205053866982837.
2024-02-13 14:32:46,623 - INFO - Optimal value of theta: 13236.310984370713.
2024-02-13 14:32:46,623 - INFO - Beginning optimization with guess, [0.03076365 0.04212446 0.01668154 0.01690282].
2024-02-13 14:32:50,692 - INFO - Finished optimization with guess, [0.03076365 0.04212446 0.01668154 0.01690282].
2024-02-13 14:32:50,693 - INFO - Best fit parameters: [0.01036843 0.1454284  0.03511229 0.01138651].
2024-02-13 14:32:50,795 - INFO - Maximum log composite likelihood: -21.63306434924243.
2024-02-13 14:32:50,795 - INFO - Optimal value of theta: 6372.545849826371.
2024-02-13 14:32:50,796 - INFO - Beginning optimization with guess, [0.04685596 0.03909989 0.01649119 0.00538502].
2024-02-13 14:32:52,041 - INFO - Finished optimization with guess, [0.04685596 0.03909989 0.01649119 0.00538502].
2024-02-13 14:32:52,041 - INFO - Best fit parameters: [4.89310054e+00 2.54377083e-01 1.79725583e-03 1.04843955e-05].
2024-02-13 14:32:52,068 - INFO - Maximum log composite likelihood: -25.89835630134928.
2024-02-13 14:32:52,068 - INFO - Optimal value of theta: 342.77659678568415.
2024-02-13 14:32:52,068 - INFO - Beginning optimization with guess, [0.04361016 0.03788745 0.01707329 0.00890183].
2024-02-13 14:32:53,335 - INFO - Finished optimization with guess, [0.04361016 0.03788745 0.01707329 0.00890183].
2024-02-13 14:32:53,335 - INFO - Best fit parameters: [7.08618163e-01 1.47885714e+00 2.60458167e-05 1.08494747e-02].
2024-02-13 14:32:53,361 - INFO - Maximum log composite likelihood: -25.390686993413397.
2024-02-13 14:32:53,362 - INFO - Optimal value of theta: 341.41966203770517.
2024-02-13 14:32:53,362 - INFO - Beginning optimization with guess, [0.38075876 1.08840044 0.00515023 0.0053809 ].
2024-02-13 14:32:54,734 - INFO - Finished optimization with guess, [0.38075876 1.08840044 0.00515023 0.0053809 ].
2024-02-13 14:32:54,735 - INFO - Best fit parameters: [7.35703209e-01 1.14782357e+00 3.21877462e-05 3.43727240e-01].
2024-02-13 14:32:54,767 - INFO - Maximum log composite likelihood: -23.771016623350363.
2024-02-13 14:32:54,767 - INFO - Optimal value of theta: 326.7010236677857.
2024-02-13 14:32:54,768 - INFO - Beginning optimization with guess, [0.73411813 0.99503084 0.00638981 0.01578635].
2024-02-13 14:32:55,922 - INFO - Finished optimization with guess, [0.73411813 0.99503084 0.00638981 0.01578635].
2024-02-13 14:32:55,923 - INFO - Best fit parameters: [7.06432675e+00 1.03531242e+00 1.07364752e-29 5.87316738e-03].
2024-02-13 14:32:55,949 - INFO - Maximum log composite likelihood: -26.241560742573.
2024-02-13 14:32:55,949 - INFO - Optimal value of theta: 343.59356345828604.
2024-02-13 14:32:55,949 - INFO - Beginning optimization with guess, [0.74022755 0.45459568 0.0103611  0.00652923].
2024-02-13 14:32:57,104 - INFO - Finished optimization with guess, [0.74022755 0.45459568 0.0103611  0.00652923].
2024-02-13 14:32:57,104 - INFO - Best fit parameters: [1.17468769e+00 7.47404268e-01 2.78118019e-04 2.04224320e-05].
2024-02-13 14:32:57,130 - INFO - Maximum log composite likelihood: -26.286578608734487.
2024-02-13 14:32:57,130 - INFO - Optimal value of theta: 343.7036234391321.
2024-02-13 14:32:57,131 - INFO - Beginning optimization with guess, [1.26211904 1.09724716 0.01038872 0.00706545].
2024-02-13 14:32:58,491 - INFO - Finished optimization with guess, [1.26211904 1.09724716 0.01038872 0.00706545].
2024-02-13 14:32:58,491 - INFO - Best fit parameters: [1.56823061 1.07895692 0.24758319 0.01120171].
2024-02-13 14:32:58,521 - INFO - Maximum log composite likelihood: -21.445359772442373.
2024-02-13 14:32:58,521 - INFO - Optimal value of theta: 305.68551825944814.
2024-02-13 14:32:58,522 - INFO - Beginning optimization with guess, [1.34774694 1.30929092 0.00631216 0.01557552].
2024-02-13 14:32:59,813 - INFO - Finished optimization with guess, [1.34774694 1.30929092 0.00631216 0.01557552].
2024-02-13 14:32:59,814 - INFO - Best fit parameters: [1.23031126 1.75392731 0.05500522 0.16651376].
2024-02-13 14:32:59,843 - INFO - Maximum log composite likelihood: -20.928770891785916.
2024-02-13 14:32:59,843 - INFO - Optimal value of theta: 305.1812113252343.
2024-02-13 14:32:59,843 - INFO - Beginning optimization with guess, [2.17040725 1.36484903 0.00586718 0.00537123].
2024-02-13 14:33:01,053 - INFO - Finished optimization with guess, [2.17040725 1.36484903 0.00586718 0.00537123].
2024-02-13 14:33:01,053 - INFO - Best fit parameters: [2.60720942 1.41197569 0.08757748 0.00402279].
2024-02-13 14:33:01,081 - INFO - Maximum log composite likelihood: -20.5681560084671.
2024-02-13 14:33:01,082 - INFO - Optimal value of theta: 312.88545349781185.
2024-02-13 14:33:01,082 - INFO - Beginning optimization with guess, [1.16005018 1.44484094 0.01141316 0.00936328].
2024-02-13 14:33:02,408 - INFO - Finished optimization with guess, [1.16005018 1.44484094 0.01141316 0.00936328].
2024-02-13 14:33:02,408 - INFO - Best fit parameters: [1.18468461 1.62361859 0.008129   0.16397865].
2024-02-13 14:33:02,437 - INFO - Maximum log composite likelihood: -21.014994611963687.
2024-02-13 14:33:02,437 - INFO - Optimal value of theta: 312.3002714428656.
2024-02-13 14:33:02,437 - INFO - Beginning optimization with guess, [1.12580429 1.66652974 0.00818068 0.0089721 ].
2024-02-13 14:33:03,778 - INFO - Finished optimization with guess, [1.12580429 1.66652974 0.00818068 0.0089721 ].
2024-02-13 14:33:03,778 - INFO - Best fit parameters: [1.14061945 1.91175149 0.00696353 0.12602477].
2024-02-13 14:33:03,805 - INFO - Maximum log composite likelihood: -20.71811048077393.
2024-02-13 14:33:03,805 - INFO - Optimal value of theta: 311.77940881218353.
2024-02-13 14:33:03,806 - INFO - Beginning optimization with guess, [1.34450166 1.41876412 0.01863687 0.00533267].
2024-02-13 14:33:05,099 - INFO - Finished optimization with guess, [1.34450166 1.41876412 0.01863687 0.00533267].
2024-02-13 14:33:05,100 - INFO - Best fit parameters: [1.49130075 1.45519736 0.23008226 0.00473973].
2024-02-13 14:33:05,129 - INFO - Maximum log composite likelihood: -21.32775111783792.
2024-02-13 14:33:05,130 - INFO - Optimal value of theta: 309.6006849839491.
2024-02-13 14:33:05,130 - INFO - Beginning optimization with guess, [1.22865835 1.6587749  0.00712322 0.00671793].
2024-02-13 14:33:06,427 - INFO - Finished optimization with guess, [1.22865835 1.6587749  0.00712322 0.00671793].
2024-02-13 14:33:06,427 - INFO - Best fit parameters: [1.23755301 1.94437483 0.00594553 0.12790435].
2024-02-13 14:33:06,455 - INFO - Maximum log composite likelihood: -20.699842050682747.
2024-02-13 14:33:06,455 - INFO - Optimal value of theta: 310.6966093060104.
2024-02-13 14:33:06,455 - INFO - Beginning optimization with guess, [3.75975175 1.68145912 0.00607197 0.01480641].
2024-02-13 14:33:07,774 - INFO - Finished optimization with guess, [3.75975175 1.68145912 0.00607197 0.01480641].
2024-02-13 14:33:07,775 - INFO - Best fit parameters: [4.9382867  2.00392507 0.00628019 0.11812326].
2024-02-13 14:33:07,806 - INFO - Maximum log composite likelihood: -20.674556413923824.
2024-02-13 14:33:07,806 - INFO - Optimal value of theta: 310.04062164863177.
2024-02-13 14:33:07,807 - INFO - Beginning optimization with guess, [1.59987604 3.19862876 0.00626147 0.00913041].
2024-02-13 14:33:09,056 - INFO - Finished optimization with guess, [1.59987604 3.19862876 0.00626147 0.00913041].
2024-02-13 14:33:09,057 - INFO - Best fit parameters: [1.65273873 3.98819678 0.00517266 0.06595737].
2024-02-13 14:33:09,084 - INFO - Maximum log composite likelihood: -20.499348982635013.
2024-02-13 14:33:09,084 - INFO - Optimal value of theta: 313.3951240211589.
2024-02-13 14:33:09,085 - INFO - Beginning optimization with guess, [5.44646886 3.16117453 0.00893334 0.0135835 ].
2024-02-13 14:33:10,339 - INFO - Finished optimization with guess, [5.44646886 3.16117453 0.00893334 0.0135835 ].
2024-02-13 14:33:10,340 - INFO - Best fit parameters: [6.22945151 3.83810759 0.00723355 0.06105377].
2024-02-13 14:33:10,366 - INFO - Maximum log composite likelihood: -20.499246944095574.
2024-02-13 14:33:10,366 - INFO - Optimal value of theta: 313.5544684742515.
2024-02-13 14:33:10,366 - INFO - Beginning optimization with guess, [2.33301699 1.8225374  0.00864802 0.00537085].
2024-02-13 14:33:11,734 - INFO - Finished optimization with guess, [2.33301699 1.8225374  0.00864802 0.00537085].
2024-02-13 14:33:11,735 - INFO - Best fit parameters: [2.79289844 1.91001614 0.08131671 0.00380077].
2024-02-13 14:33:11,786 - INFO - Maximum log composite likelihood: -20.538727840803716.
2024-02-13 14:33:11,786 - INFO - Optimal value of theta: 313.0439561509147.
2024-02-13 14:33:11,786 - INFO - Beginning optimization with guess, [5.86375935e+00 2.63890029e+00 5.02362243e-03 6.35487028e-03].
2024-02-13 14:33:13,044 - INFO - Finished optimization with guess, [5.86375935e+00 2.63890029e+00 5.02362243e-03 6.35487028e-03].
2024-02-13 14:33:13,045 - INFO - Best fit parameters: [6.71148808e+00 3.25754583e+00 5.14720300e-02 5.26641615e-03].
2024-02-13 14:33:13,072 - INFO - Maximum log composite likelihood: -20.492318817554462.
2024-02-13 14:33:13,072 - INFO - Optimal value of theta: 315.0886756643817.
2024-02-13 14:33:13,073 - INFO - Beginning optimization with guess, [4.11182669e+00 6.45509667e+00 1.10152303e-02 5.40176587e-03].
2024-02-13 14:33:14,353 - INFO - Finished optimization with guess, [4.11182669e+00 6.45509667e+00 1.10152303e-02 5.40176587e-03].
2024-02-13 14:33:14,353 - INFO - Best fit parameters: [5.22051022e+00 7.60477205e+00 5.49705742e-02 4.34638817e-03].
2024-02-13 14:33:14,379 - INFO - Maximum log composite likelihood: -20.491004830770038.
2024-02-13 14:33:14,380 - INFO - Optimal value of theta: 314.6869767114662.
2024-02-13 14:33:14,380 - INFO - Beginning optimization with guess, [5.28389387 4.57053083 0.00582798 0.00994226].
2024-02-13 14:33:15,756 - INFO - Finished optimization with guess, [5.28389387 4.57053083 0.00582798 0.00994226].
2024-02-13 14:33:15,756 - INFO - Best fit parameters: [6.09589717e+00 5.93154829e+00 4.69616892e-03 5.29160295e-02].
2024-02-13 14:33:15,785 - INFO - Maximum log composite likelihood: -20.490431520608553.
2024-02-13 14:33:15,786 - INFO - Optimal value of theta: 314.7794528337922.
2024-02-13 14:33:15,786 - INFO - Beginning optimization with guess, [4.03314600e+00 8.75370521e+00 5.47441598e-03 5.37932837e-03].
2024-02-13 14:33:17,197 - INFO - Finished optimization with guess, [4.03314600e+00 8.75370521e+00 5.47441598e-03 5.37932837e-03].
2024-02-13 14:33:17,197 - INFO - Best fit parameters: [5.32769769e+00 1.01911144e+01 4.39781817e-03 4.86051562e-02].
2024-02-13 14:33:17,225 - INFO - Maximum log composite likelihood: -20.491787370543932.
2024-02-13 14:33:17,226 - INFO - Optimal value of theta: 314.7424564977604.
2024-02-13 14:33:17,226 - INFO - Beginning optimization with guess, [12.10699959 10.84062018  0.01284935  0.0192865 ].
2024-02-13 14:33:18,662 - INFO - Finished optimization with guess, [12.10699959 10.84062018  0.01284935  0.0192865 ].
2024-02-13 14:33:18,663 - INFO - Best fit parameters: [1.34235945e+01 1.42154813e+01 1.22692696e-02 3.71489270e-02].
2024-02-13 14:33:18,692 - INFO - Maximum log composite likelihood: -20.492490127456023.
2024-02-13 14:33:18,692 - INFO - Optimal value of theta: 315.40563205241335.
2024-02-13 14:33:18,692 - INFO - Beginning optimization with guess, [7.59180567e+00 6.47396903e+00 7.30238884e-03 1.13165898e-02].
2024-02-13 14:33:20,028 - INFO - Finished optimization with guess, [7.59180567e+00 6.47396903e+00 7.30238884e-03 1.13165898e-02].
2024-02-13 14:33:20,029 - INFO - Best fit parameters: [9.43104888e+00 8.11241675e+00 6.04087459e-03 4.80086338e-02].
2024-02-13 14:33:20,058 - INFO - Maximum log composite likelihood: -20.490444713020707.
2024-02-13 14:33:20,058 - INFO - Optimal value of theta: 314.78089556402585.
2024-02-13 14:33:20,059 - INFO - Finished demographic inference.
2024-02-13 14:33:20,060 - INFO - Pipeline executed succesfully.
