2024-01-17 15:55:49,874 - INFO - Beginning execution of fit_demographic_model.py in directory /u/project/kirk/jonmah/sample_size_demography/Scripts

2024-01-17 15:55:49,879 - INFO - Progress is being logged to ../Analysis/1kg_EUR_45/log.log

2024-01-17 15:55:49,879 - INFO - Parsed the following arguments:
	syn_input_sfs = ../Analysis/1kg_EUR_45/syn_downsampled_sfs.txt
	mask_singletons = False
	mask_doubletons = False
	outprefix = ../Analysis/1kg_EUR_45/

2024-01-17 15:55:49,903 - INFO - Beginning demographic inference for one-epoch demographic model.
2024-01-17 15:55:49,914 - INFO - Beginning optimization with guess, [0.19532927].
2024-01-17 15:55:56,765 - INFO - Finished optimization with guess, [0.19532927].
2024-01-17 15:55:56,773 - INFO - Best fit parameters: [0.19532927].
2024-01-17 15:55:57,172 - INFO - Maximum log composite likelihood: -223.56508852417983.
2024-01-17 15:55:57,173 - INFO - Optimal value of theta: 5049.665966941244.
2024-01-17 15:55:57,174 - INFO - Beginning optimization with guess, [0.24285976].
2024-01-17 15:56:05,921 - INFO - Finished optimization with guess, [0.24285976].
2024-01-17 15:56:05,937 - INFO - Best fit parameters: [0.24285976].
2024-01-17 15:56:06,137 - INFO - Maximum log composite likelihood: -223.56508852417983.
2024-01-17 15:56:06,138 - INFO - Optimal value of theta: 5049.665966941244.
2024-01-17 15:56:06,138 - INFO - Beginning optimization with guess, [0.53363381].
2024-01-17 15:56:14,916 - INFO - Finished optimization with guess, [0.53363381].
2024-01-17 15:56:14,917 - INFO - Best fit parameters: [0.53363381].
2024-01-17 15:56:15,110 - INFO - Maximum log composite likelihood: -223.56508852417983.
2024-01-17 15:56:15,111 - INFO - Optimal value of theta: 5049.665966941244.
2024-01-17 15:56:15,111 - INFO - Beginning optimization with guess, [0.74205981].
2024-01-17 15:56:21,381 - INFO - Finished optimization with guess, [0.74205981].
2024-01-17 15:56:21,382 - INFO - Best fit parameters: [0.74205981].
2024-01-17 15:56:21,582 - INFO - Maximum log composite likelihood: -223.56508852417983.
2024-01-17 15:56:21,582 - INFO - Optimal value of theta: 5049.665966941244.
2024-01-17 15:56:21,583 - INFO - Beginning optimization with guess, [0.30773362].
2024-01-17 15:56:28,886 - INFO - Finished optimization with guess, [0.30773362].
2024-01-17 15:56:28,893 - INFO - Best fit parameters: [0.30773362].
2024-01-17 15:56:29,095 - INFO - Maximum log composite likelihood: -223.56508852417983.
2024-01-17 15:56:29,095 - INFO - Optimal value of theta: 5049.665966941244.
2024-01-17 15:56:29,095 - INFO - Beginning optimization with guess, [0.53235071].
2024-01-17 15:56:35,779 - INFO - Finished optimization with guess, [0.53235071].
2024-01-17 15:56:35,781 - INFO - Best fit parameters: [0.53235071].
2024-01-17 15:56:35,995 - INFO - Maximum log composite likelihood: -223.56508852417983.
2024-01-17 15:56:35,995 - INFO - Optimal value of theta: 5049.665966941244.
2024-01-17 15:56:35,996 - INFO - Beginning optimization with guess, [0.39308288].
2024-01-17 15:56:42,520 - INFO - Finished optimization with guess, [0.39308288].
2024-01-17 15:56:42,521 - INFO - Best fit parameters: [0.39308288].
2024-01-17 15:56:42,730 - INFO - Maximum log composite likelihood: -223.56508852417983.
2024-01-17 15:56:42,731 - INFO - Optimal value of theta: 5049.665966941244.
2024-01-17 15:56:42,731 - INFO - Beginning optimization with guess, [0.85500163].
2024-01-17 15:56:47,486 - INFO - Finished optimization with guess, [0.85500163].
2024-01-17 15:56:47,487 - INFO - Best fit parameters: [0.85500163].
2024-01-17 15:56:47,677 - INFO - Maximum log composite likelihood: -223.56508852417983.
2024-01-17 15:56:47,677 - INFO - Optimal value of theta: 5049.665966941244.
2024-01-17 15:56:47,678 - INFO - Beginning optimization with guess, [1.30185656].
2024-01-17 15:56:53,847 - INFO - Finished optimization with guess, [1.30185656].
2024-01-17 15:56:53,855 - INFO - Best fit parameters: [1.30185656].
2024-01-17 15:56:54,104 - INFO - Maximum log composite likelihood: -223.56508852417983.
2024-01-17 15:56:54,104 - INFO - Optimal value of theta: 5049.665966941244.
2024-01-17 15:56:54,105 - INFO - Beginning optimization with guess, [0.80288723].
2024-01-17 15:56:59,248 - INFO - Finished optimization with guess, [0.80288723].
2024-01-17 15:56:59,251 - INFO - Best fit parameters: [0.80288723].
2024-01-17 15:56:59,453 - INFO - Maximum log composite likelihood: -223.56508852417983.
2024-01-17 15:56:59,454 - INFO - Optimal value of theta: 5049.665966941244.
2024-01-17 15:56:59,454 - INFO - Beginning optimization with guess, [1.10775398].
2024-01-17 15:57:03,891 - INFO - Finished optimization with guess, [1.10775398].
2024-01-17 15:57:03,891 - INFO - Best fit parameters: [1.10775398].
2024-01-17 15:57:04,116 - INFO - Maximum log composite likelihood: -223.56508852417983.
2024-01-17 15:57:04,116 - INFO - Optimal value of theta: 5049.665966941244.
2024-01-17 15:57:04,116 - INFO - Beginning optimization with guess, [0.983104].
2024-01-17 15:57:07,773 - INFO - Finished optimization with guess, [0.983104].
2024-01-17 15:57:07,782 - INFO - Best fit parameters: [0.983104].
2024-01-17 15:57:07,990 - INFO - Maximum log composite likelihood: -223.56508852417983.
2024-01-17 15:57:07,990 - INFO - Optimal value of theta: 5049.665966941244.
2024-01-17 15:57:07,991 - INFO - Beginning optimization with guess, [2.88657978].
2024-01-17 15:57:16,967 - INFO - Finished optimization with guess, [2.88657978].
2024-01-17 15:57:16,973 - INFO - Best fit parameters: [2.88657978].
2024-01-17 15:57:17,177 - INFO - Maximum log composite likelihood: -223.56508852417983.
2024-01-17 15:57:17,177 - INFO - Optimal value of theta: 5049.665966941244.
2024-01-17 15:57:17,177 - INFO - Beginning optimization with guess, [1.7667851].
2024-01-17 15:57:23,097 - INFO - Finished optimization with guess, [1.7667851].
2024-01-17 15:57:23,103 - INFO - Best fit parameters: [1.7667851].
2024-01-17 15:57:23,324 - INFO - Maximum log composite likelihood: -223.56508852417983.
2024-01-17 15:57:23,324 - INFO - Optimal value of theta: 5049.665966941244.
2024-01-17 15:57:23,325 - INFO - Beginning optimization with guess, [1.61557944].
2024-01-17 15:57:28,489 - INFO - Finished optimization with guess, [1.61557944].
2024-01-17 15:57:28,489 - INFO - Best fit parameters: [1.61557944].
2024-01-17 15:57:28,680 - INFO - Maximum log composite likelihood: -223.56508852417983.
2024-01-17 15:57:28,680 - INFO - Optimal value of theta: 5049.665966941244.
2024-01-17 15:57:28,680 - INFO - Beginning optimization with guess, [1.72334624].
2024-01-17 15:57:34,944 - INFO - Finished optimization with guess, [1.72334624].
2024-01-17 15:57:34,948 - INFO - Best fit parameters: [1.72334624].
2024-01-17 15:57:35,152 - INFO - Maximum log composite likelihood: -223.56508852417983.
2024-01-17 15:57:35,152 - INFO - Optimal value of theta: 5049.665966941244.
2024-01-17 15:57:35,152 - INFO - Beginning optimization with guess, [2.99042268].
2024-01-17 15:57:42,226 - INFO - Finished optimization with guess, [2.99042268].
2024-01-17 15:57:42,228 - INFO - Best fit parameters: [2.99042268].
2024-01-17 15:57:42,430 - INFO - Maximum log composite likelihood: -223.56508852417983.
2024-01-17 15:57:42,430 - INFO - Optimal value of theta: 5049.665966941244.
2024-01-17 15:57:42,431 - INFO - Beginning optimization with guess, [2.95686018].
2024-01-17 15:57:49,084 - INFO - Finished optimization with guess, [2.95686018].
2024-01-17 15:57:49,087 - INFO - Best fit parameters: [2.95686018].
2024-01-17 15:57:49,372 - INFO - Maximum log composite likelihood: -223.56508852417983.
2024-01-17 15:57:49,373 - INFO - Optimal value of theta: 5049.665966941244.
2024-01-17 15:57:49,373 - INFO - Beginning optimization with guess, [3.08264205].
2024-01-17 15:57:56,328 - INFO - Finished optimization with guess, [3.08264205].
2024-01-17 15:57:56,332 - INFO - Best fit parameters: [3.08264205].
2024-01-17 15:57:56,532 - INFO - Maximum log composite likelihood: -223.56508852417983.
2024-01-17 15:57:56,532 - INFO - Optimal value of theta: 5049.665966941244.
2024-01-17 15:57:56,533 - INFO - Beginning optimization with guess, [2.28710377].
2024-01-17 15:58:03,509 - INFO - Finished optimization with guess, [2.28710377].
2024-01-17 15:58:03,511 - INFO - Best fit parameters: [2.28710377].
2024-01-17 15:58:03,716 - INFO - Maximum log composite likelihood: -223.56508852417983.
2024-01-17 15:58:03,717 - INFO - Optimal value of theta: 5049.665966941244.
2024-01-17 15:58:03,717 - INFO - Beginning optimization with guess, [6.19784314].
2024-01-17 15:58:10,755 - INFO - Finished optimization with guess, [6.19784314].
2024-01-17 15:58:10,768 - INFO - Best fit parameters: [6.19784314].
2024-01-17 15:58:11,022 - INFO - Maximum log composite likelihood: -223.56508852417983.
2024-01-17 15:58:11,023 - INFO - Optimal value of theta: 5049.665966941244.
2024-01-17 15:58:11,023 - INFO - Beginning optimization with guess, [6.43172713].
2024-01-17 15:58:18,160 - INFO - Finished optimization with guess, [6.43172713].
2024-01-17 15:58:18,167 - INFO - Best fit parameters: [6.43172713].
2024-01-17 15:58:18,496 - INFO - Maximum log composite likelihood: -223.56508852417983.
2024-01-17 15:58:18,496 - INFO - Optimal value of theta: 5049.665966941244.
2024-01-17 15:58:18,497 - INFO - Beginning optimization with guess, [6.96344249].
2024-01-17 15:58:27,204 - INFO - Finished optimization with guess, [6.96344249].
2024-01-17 15:58:27,212 - INFO - Best fit parameters: [6.96344249].
2024-01-17 15:58:27,592 - INFO - Maximum log composite likelihood: -223.56508852417983.
2024-01-17 15:58:27,592 - INFO - Optimal value of theta: 5049.665966941244.
2024-01-17 15:58:27,593 - INFO - Beginning optimization with guess, [6.74275616].
2024-01-17 15:58:35,934 - INFO - Finished optimization with guess, [6.74275616].
2024-01-17 15:58:35,949 - INFO - Best fit parameters: [6.74275616].
2024-01-17 15:58:36,337 - INFO - Maximum log composite likelihood: -223.56508852417983.
2024-01-17 15:58:36,338 - INFO - Optimal value of theta: 5049.665966941244.
2024-01-17 15:58:36,338 - INFO - Beginning optimization with guess, [10.67846398].
2024-01-17 15:58:46,373 - INFO - Finished optimization with guess, [10.67846398].
2024-01-17 15:58:46,386 - INFO - Best fit parameters: [10.67846398].
2024-01-17 15:58:46,579 - INFO - Maximum log composite likelihood: -223.56508852417983.
2024-01-17 15:58:46,579 - INFO - Optimal value of theta: 5049.665966941244.
2024-01-17 15:58:46,593 - INFO - Beginning demographic inference for two-epoch demographic model.
2024-01-17 15:58:46,642 - INFO - Beginning optimization with guess, [0.19719907 0.01229199].
2024-01-17 15:58:56,378 - INFO - Finished optimization with guess, [0.19719907 0.01229199].
2024-01-17 15:58:56,383 - INFO - Best fit parameters: [0.53445577 0.00586852].
2024-01-17 15:58:56,845 - INFO - Maximum log composite likelihood: -210.67932920557178.
2024-01-17 15:58:56,846 - INFO - Optimal value of theta: 5168.048273314874.
2024-01-17 15:58:56,846 - INFO - Beginning optimization with guess, [0.29882318 0.01277707].
2024-01-17 15:59:04,226 - INFO - Finished optimization with guess, [0.29882318 0.01277707].
2024-01-17 15:59:04,226 - INFO - Best fit parameters: [0.57999485 0.00875621].
2024-01-17 15:59:04,504 - INFO - Maximum log composite likelihood: -209.1258704891202.
2024-01-17 15:59:04,514 - INFO - Optimal value of theta: 5192.170605552409.
2024-01-17 15:59:04,514 - INFO - Beginning optimization with guess, [0.42939594 0.01698698].
2024-01-17 15:59:12,609 - INFO - Finished optimization with guess, [0.42939594 0.01698698].
2024-01-17 15:59:12,623 - INFO - Best fit parameters: [0.78956277 0.03232948].
2024-01-17 15:59:13,009 - INFO - Maximum log composite likelihood: -197.2839500052596.
2024-01-17 15:59:13,009 - INFO - Optimal value of theta: 5211.817951036988.
2024-01-17 15:59:13,010 - INFO - Beginning optimization with guess, [0.78315641 0.00901647].
2024-01-17 15:59:22,819 - INFO - Finished optimization with guess, [0.78315641 0.00901647].
2024-01-17 15:59:22,824 - INFO - Best fit parameters: [0.63884029 0.59963373].
2024-01-17 15:59:23,059 - INFO - Maximum log composite likelihood: -121.57672583041722.
2024-01-17 15:59:23,059 - INFO - Optimal value of theta: 6898.399842282222.
2024-01-17 15:59:23,059 - INFO - Beginning optimization with guess, [0.67352479 0.00786542].
2024-01-17 15:59:31,799 - INFO - Finished optimization with guess, [0.67352479 0.00786542].
2024-01-17 15:59:31,802 - INFO - Best fit parameters: [0.61002214 0.61279013].
2024-01-17 15:59:32,198 - INFO - Maximum log composite likelihood: -121.26451322668208.
2024-01-17 15:59:32,199 - INFO - Optimal value of theta: 7171.417114411727.
2024-01-17 15:59:32,199 - INFO - Beginning optimization with guess, [0.37956076 0.01612457].
2024-01-17 15:59:41,189 - INFO - Finished optimization with guess, [0.37956076 0.01612457].
2024-01-17 15:59:41,192 - INFO - Best fit parameters: [0.83833201 0.02883436].
2024-01-17 15:59:41,614 - INFO - Maximum log composite likelihood: -203.2329605833561.
2024-01-17 15:59:41,615 - INFO - Optimal value of theta: 5157.607654433658.
2024-01-17 15:59:41,615 - INFO - Beginning optimization with guess, [0.41704834 0.01760845].
2024-01-17 15:59:49,269 - INFO - Finished optimization with guess, [0.41704834 0.01760845].
2024-01-17 15:59:49,269 - INFO - Best fit parameters: [0.79260421 0.04382253].
2024-01-17 15:59:49,576 - INFO - Maximum log composite likelihood: -190.70615250916262.
2024-01-17 15:59:49,576 - INFO - Optimal value of theta: 5249.815100800174.
2024-01-17 15:59:49,577 - INFO - Beginning optimization with guess, [1.26579563 0.00570638].
2024-01-17 15:59:57,423 - INFO - Finished optimization with guess, [1.26579563 0.00570638].
2024-01-17 15:59:57,426 - INFO - Best fit parameters: [0.97212445 0.41660922].
2024-01-17 15:59:57,814 - INFO - Maximum log composite likelihood: -207.22857153593486.
2024-01-17 15:59:57,815 - INFO - Optimal value of theta: 5129.141882049797.
2024-01-17 15:59:57,815 - INFO - Beginning optimization with guess, [0.78409981 0.00871964].
2024-01-17 16:00:06,876 - INFO - Finished optimization with guess, [0.78409981 0.00871964].
2024-01-17 16:00:06,883 - INFO - Best fit parameters: [0.64025184 0.59745747].
2024-01-17 16:00:07,333 - INFO - Maximum log composite likelihood: -121.59580514968275.
2024-01-17 16:00:07,334 - INFO - Optimal value of theta: 6883.701333233444.
2024-01-17 16:00:07,334 - INFO - Beginning optimization with guess, [0.525347   0.00593949].
2024-01-17 16:00:14,254 - INFO - Finished optimization with guess, [0.525347   0.00593949].
2024-01-17 16:00:14,255 - INFO - Best fit parameters: [0.78593341 0.19672564].
2024-01-17 16:00:14,468 - INFO - Maximum log composite likelihood: -142.10759797180071.
2024-01-17 16:00:14,468 - INFO - Optimal value of theta: 5575.039595683189.
2024-01-17 16:00:14,469 - INFO - Beginning optimization with guess, [2.252663  0.0162349].
2024-01-17 16:00:20,909 - INFO - Finished optimization with guess, [2.252663  0.0162349].
2024-01-17 16:00:20,912 - INFO - Best fit parameters: [0.84624771 0.60125497].
2024-01-17 16:00:21,170 - INFO - Maximum log composite likelihood: -156.75758129211408.
2024-01-17 16:00:21,170 - INFO - Optimal value of theta: 5633.492101809432.
2024-01-17 16:00:21,171 - INFO - Beginning optimization with guess, [1.97829237 0.00970353].
2024-01-17 16:00:27,648 - INFO - Finished optimization with guess, [1.97829237 0.00970353].
2024-01-17 16:00:27,648 - INFO - Best fit parameters: [0.86914579 0.56423824].
2024-01-17 16:00:27,913 - INFO - Maximum log composite likelihood: -163.03018101616544.
2024-01-17 16:00:27,913 - INFO - Optimal value of theta: 5520.934854001748.
2024-01-17 16:00:27,913 - INFO - Beginning optimization with guess, [3.07199673 0.01133735].
2024-01-17 16:00:34,361 - INFO - Finished optimization with guess, [3.07199673 0.01133735].
2024-01-17 16:00:34,362 - INFO - Best fit parameters: [0.7939674  0.57518329].
2024-01-17 16:00:34,591 - INFO - Maximum log composite likelihood: -140.67169399877776.
2024-01-17 16:00:34,592 - INFO - Optimal value of theta: 5870.632282173425.
2024-01-17 16:00:34,592 - INFO - Beginning optimization with guess, [3.44057623 0.00884156].
2024-01-17 16:00:41,148 - INFO - Finished optimization with guess, [3.44057623 0.00884156].
2024-01-17 16:00:41,149 - INFO - Best fit parameters: [0.77568725 0.55779489].
2024-01-17 16:00:41,477 - INFO - Maximum log composite likelihood: -135.70088747924865.
2024-01-17 16:00:41,477 - INFO - Optimal value of theta: 5953.729499879385.
2024-01-17 16:00:41,478 - INFO - Beginning optimization with guess, [1.66084588 0.00531132].
2024-01-17 16:00:47,880 - INFO - Finished optimization with guess, [1.66084588 0.00531132].
2024-01-17 16:00:47,885 - INFO - Best fit parameters: [0.90096452 0.52378023].
2024-01-17 16:00:48,336 - INFO - Maximum log composite likelihood: -174.09851489575885.
2024-01-17 16:00:48,337 - INFO - Optimal value of theta: 5383.485919666541.
2024-01-17 16:00:48,338 - INFO - Beginning optimization with guess, [4.58512597 0.00855605].
2024-01-17 16:00:54,636 - INFO - Finished optimization with guess, [4.58512597 0.00855605].
2024-01-17 16:00:54,641 - INFO - Best fit parameters: [0.69238184 0.00938112].
2024-01-17 16:00:54,845 - INFO - Maximum log composite likelihood: -210.00513973728812.
2024-01-17 16:00:54,850 - INFO - Optimal value of theta: 5143.703268588871.
2024-01-17 16:00:54,851 - INFO - Beginning optimization with guess, [3.40814228 0.01703784].
2024-01-17 16:01:01,636 - INFO - Finished optimization with guess, [3.40814228 0.01703784].
2024-01-17 16:01:01,640 - INFO - Best fit parameters: [0.59385439 0.00600087].
2024-01-17 16:01:01,998 - INFO - Maximum log composite likelihood: -211.20117283484205.
2024-01-17 16:01:01,999 - INFO - Optimal value of theta: 5145.085920495226.
2024-01-17 16:01:01,999 - INFO - Beginning optimization with guess, [1.90615958 0.00919956].
2024-01-17 16:01:08,708 - INFO - Finished optimization with guess, [1.90615958 0.00919956].
2024-01-17 16:01:08,712 - INFO - Best fit parameters: [0.87580752 0.56053507].
2024-01-17 16:01:09,078 - INFO - Maximum log composite likelihood: -165.3466708603687.
2024-01-17 16:01:09,079 - INFO - Optimal value of theta: 5492.304260606301.
2024-01-17 16:01:09,079 - INFO - Beginning optimization with guess, [5.35426616 0.01248041].
2024-01-17 16:01:14,999 - INFO - Finished optimization with guess, [5.35426616 0.01248041].
2024-01-17 16:01:15,005 - INFO - Best fit parameters: [0.49012011 0.00405871].
2024-01-17 16:01:15,210 - INFO - Maximum log composite likelihood: -211.7828804198739.
2024-01-17 16:01:15,211 - INFO - Optimal value of theta: 5149.281391474536.
2024-01-17 16:01:15,211 - INFO - Beginning optimization with guess, [6.3624847  0.00955594].
2024-01-17 16:01:20,802 - INFO - Finished optimization with guess, [6.3624847  0.00955594].
2024-01-17 16:01:20,802 - INFO - Best fit parameters: [0.4554688  0.00290214].
2024-01-17 16:01:21,004 - INFO - Maximum log composite likelihood: -212.98243556820216.
2024-01-17 16:01:21,005 - INFO - Optimal value of theta: 5132.982223033086.
2024-01-17 16:01:21,005 - INFO - Beginning optimization with guess, [3.31536809 0.00999667].
2024-01-17 16:01:26,781 - INFO - Finished optimization with guess, [3.31536809 0.00999667].
2024-01-17 16:01:26,781 - INFO - Best fit parameters: [0.78162089 0.56631531].
2024-01-17 16:01:27,010 - INFO - Maximum log composite likelihood: -137.37566739397744.
2024-01-17 16:01:27,010 - INFO - Optimal value of theta: 5928.439398669681.
2024-01-17 16:01:27,011 - INFO - Beginning optimization with guess, [5.84876547e+00 5.11896809e-03].
2024-01-17 16:01:32,848 - INFO - Finished optimization with guess, [5.84876547e+00 5.11896809e-03].
2024-01-17 16:01:32,855 - INFO - Best fit parameters: [0.26071275 0.00251908].
2024-01-17 16:01:33,061 - INFO - Maximum log composite likelihood: -215.81522270309415.
2024-01-17 16:01:33,061 - INFO - Optimal value of theta: 5218.783609806746.
2024-01-17 16:01:33,062 - INFO - Beginning optimization with guess, [1.07677355e+01 9.66353542e-03].
2024-01-17 16:01:38,838 - INFO - Finished optimization with guess, [1.07677355e+01 9.66353542e-03].
2024-01-17 16:01:38,838 - INFO - Best fit parameters: [8.34136247e-03 3.58029933e-05].
2024-01-17 16:01:39,030 - INFO - Maximum log composite likelihood: -213.79284415739312.
2024-01-17 16:01:39,032 - INFO - Optimal value of theta: 5153.973240942622.
2024-01-17 16:01:39,032 - INFO - Beginning optimization with guess, [10.46031607  0.01727043].
2024-01-17 16:01:45,432 - INFO - Finished optimization with guess, [10.46031607  0.01727043].
2024-01-17 16:01:45,432 - INFO - Best fit parameters: [1.46953124e-03 5.24807331e-06].
2024-01-17 16:01:45,816 - INFO - Maximum log composite likelihood: -213.9324660619045.
2024-01-17 16:01:45,822 - INFO - Optimal value of theta: 5137.480160168676.
2024-01-17 16:01:45,823 - INFO - Beginning optimization with guess, [1.06510496e+01 7.66136950e-03].
2024-01-17 16:01:51,308 - INFO - Finished optimization with guess, [1.06510496e+01 7.66136950e-03].
2024-01-17 16:01:51,314 - INFO - Best fit parameters: [5.95735282e-03 3.22931028e-05].
2024-01-17 16:01:51,516 - INFO - Maximum log composite likelihood: -215.08186123799942.
2024-01-17 16:01:51,516 - INFO - Optimal value of theta: 5181.516795109476.
2024-01-17 16:01:51,524 - INFO - Beginning demographic inference for three-epoch demographic model.
2024-01-17 16:01:51,557 - INFO - Beginning optimization with guess, [0.0156982  0.01321081 0.01424396 0.01704568].
2024-01-17 16:02:03,094 - INFO - Finished optimization with guess, [0.0156982  0.01321081 0.01424396 0.01704568].
2024-01-17 16:02:03,098 - INFO - Best fit parameters: [0.0092518  0.00788852 0.01312474 0.03746659].
2024-01-17 16:02:03,520 - INFO - Maximum log composite likelihood: -122.66327556631495.
2024-01-17 16:02:03,520 - INFO - Optimal value of theta: 544414.2379940328.
2024-01-17 16:02:03,520 - INFO - Beginning optimization with guess, [0.02819137 0.03078562 0.00635112 0.01586942].
2024-01-17 16:02:09,173 - INFO - Finished optimization with guess, [0.02819137 0.03078562 0.00635112 0.01586942].
2024-01-17 16:02:09,176 - INFO - Best fit parameters: [2.79222402e-02 5.43792432e+00 3.92826153e-04 2.40935930e-03].
2024-01-17 16:02:09,384 - INFO - Maximum log composite likelihood: -222.1698088010403.
2024-01-17 16:02:09,384 - INFO - Optimal value of theta: 5311.073424223962.
2024-01-17 16:02:09,385 - INFO - Beginning optimization with guess, [0.04713463 0.0316821  0.00887144 0.00534171].
2024-01-17 16:02:16,066 - INFO - Finished optimization with guess, [0.04713463 0.0316821  0.00887144 0.00534171].
2024-01-17 16:02:16,075 - INFO - Best fit parameters: [2.32006447e-01 1.96813714e+00 1.05860495e-03 2.21349384e-04].
2024-01-17 16:02:16,315 - INFO - Maximum log composite likelihood: -213.40802238048718.
2024-01-17 16:02:16,315 - INFO - Optimal value of theta: 5132.0254227400865.
2024-01-17 16:02:16,315 - INFO - Beginning optimization with guess, [0.02136881 0.02283854 0.01170109 0.00602201].
2024-01-17 16:02:23,942 - INFO - Finished optimization with guess, [0.02136881 0.02283854 0.01170109 0.00602201].
2024-01-17 16:02:23,946 - INFO - Best fit parameters: [0.00727144 0.08529839 0.02268091 0.00534768].
2024-01-17 16:02:24,289 - INFO - Maximum log composite likelihood: -334.1681032618253.
2024-01-17 16:02:24,289 - INFO - Optimal value of theta: 100731.6025630948.
2024-01-17 16:02:24,290 - INFO - Beginning optimization with guess, [0.0536659  0.08692421 0.01056719 0.00589433].
2024-01-17 16:02:30,172 - INFO - Finished optimization with guess, [0.0536659  0.08692421 0.01056719 0.00589433].
2024-01-17 16:02:30,179 - INFO - Best fit parameters: [7.98418915e-01 1.87743495e-01 5.50320683e-04 8.70372725e-04].
2024-01-17 16:02:30,394 - INFO - Maximum log composite likelihood: -213.48021103170458.
2024-01-17 16:02:30,394 - INFO - Optimal value of theta: 5144.972671343877.
2024-01-17 16:02:30,395 - INFO - Beginning optimization with guess, [0.64181787 0.73256412 0.00718442 0.01949799].
2024-01-17 16:02:36,742 - INFO - Finished optimization with guess, [0.64181787 0.73256412 0.00718442 0.01949799].
2024-01-17 16:02:36,743 - INFO - Best fit parameters: [0.5486006  0.66440858 0.00542587 0.49479279].
2024-01-17 16:02:37,137 - INFO - Maximum log composite likelihood: -122.13259195764294.
2024-01-17 16:02:37,137 - INFO - Optimal value of theta: 6570.585109386277.
2024-01-17 16:02:37,137 - INFO - Beginning optimization with guess, [0.81981495 0.55432347 0.0128084  0.01573175].
2024-01-17 16:02:42,647 - INFO - Finished optimization with guess, [0.81981495 0.55432347 0.0128084  0.01573175].
2024-01-17 16:02:42,657 - INFO - Best fit parameters: [0.77234683 0.87049509 0.03651608 0.0030009 ].
2024-01-17 16:02:43,032 - INFO - Maximum log composite likelihood: -191.16408414175703.
2024-01-17 16:02:43,033 - INFO - Optimal value of theta: 5247.782352739819.
2024-01-17 16:02:43,033 - INFO - Beginning optimization with guess, [1.00006618 0.97994587 0.00872822 0.00779609].
2024-01-17 16:02:50,178 - INFO - Finished optimization with guess, [1.00006618 0.97994587 0.00872822 0.00779609].
2024-01-17 16:02:50,184 - INFO - Best fit parameters: [1.0000693  0.97230064 0.00518678 0.24069077].
2024-01-17 16:02:50,397 - INFO - Maximum log composite likelihood: -207.53449379599397.
2024-01-17 16:02:50,397 - INFO - Optimal value of theta: 5111.673615762086.
2024-01-17 16:02:50,398 - INFO - Beginning optimization with guess, [0.71504868 0.56826591 0.01352288 0.01141344].
2024-01-17 16:02:56,966 - INFO - Finished optimization with guess, [0.71504868 0.56826591 0.01352288 0.01141344].
2024-01-17 16:02:56,967 - INFO - Best fit parameters: [5.77935173e-01 1.12292942e+00 1.00786342e+00 5.05806866e-04].
2024-01-17 16:02:57,241 - INFO - Maximum log composite likelihood: -137.60992628414215.
2024-01-17 16:02:57,241 - INFO - Optimal value of theta: 8043.926893900176.
2024-01-17 16:02:57,241 - INFO - Beginning optimization with guess, [1.19711985 0.73974931 0.00995854 0.01941586].
2024-01-17 16:03:03,544 - INFO - Finished optimization with guess, [1.19711985 0.73974931 0.00995854 0.01941586].
2024-01-17 16:03:03,550 - INFO - Best fit parameters: [1.20943317 0.70774065 0.00194882 0.49441968].
2024-01-17 16:03:03,781 - INFO - Maximum log composite likelihood: -123.7354230282167.
2024-01-17 16:03:03,781 - INFO - Optimal value of theta: 6278.21301760978.
2024-01-17 16:03:03,782 - INFO - Beginning optimization with guess, [1.77880827 1.12000567 0.01527937 0.0080735 ].
2024-01-17 16:03:09,521 - INFO - Finished optimization with guess, [1.77880827 1.12000567 0.01527937 0.0080735 ].
2024-01-17 16:03:09,521 - INFO - Best fit parameters: [7.18492194e-01 1.10947825e+00 3.35318110e-07 4.79984063e-04].
2024-01-17 16:03:09,714 - INFO - Maximum log composite likelihood: -223.80651366291022.
2024-01-17 16:03:09,717 - INFO - Optimal value of theta: 5048.450512555974.
2024-01-17 16:03:09,717 - INFO - Beginning optimization with guess, [2.12402442 1.26496019 0.01648834 0.00879012].
2024-01-17 16:03:15,512 - INFO - Finished optimization with guess, [2.12402442 1.26496019 0.01648834 0.00879012].
2024-01-17 16:03:15,518 - INFO - Best fit parameters: [9.74223756e-01 9.44763046e-01 4.49653295e-05 3.64572383e-04].
2024-01-17 16:03:15,782 - INFO - Maximum log composite likelihood: -223.45147430864472.
2024-01-17 16:03:15,783 - INFO - Optimal value of theta: 5050.245863026304.
2024-01-17 16:03:15,783 - INFO - Beginning optimization with guess, [2.28531977 0.98308671 0.01172059 0.006463  ].
2024-01-17 16:03:22,053 - INFO - Finished optimization with guess, [2.28531977 0.98308671 0.01172059 0.006463  ].
2024-01-17 16:03:22,064 - INFO - Best fit parameters: [7.88783386e-01 9.75356389e-01 7.49659878e-07 1.12219668e-02].
2024-01-17 16:03:22,363 - INFO - Maximum log composite likelihood: -222.11211877165852.
2024-01-17 16:03:22,363 - INFO - Optimal value of theta: 5056.059836292454.
2024-01-17 16:03:22,364 - INFO - Beginning optimization with guess, [2.18503949 1.49892743 0.01510857 0.01109492].
2024-01-17 16:03:30,465 - INFO - Finished optimization with guess, [2.18503949 1.49892743 0.01510857 0.01109492].
2024-01-17 16:03:30,465 - INFO - Best fit parameters: [1.27997664e+00 6.28667773e-01 1.36143734e-05 1.96372760e-05].
2024-01-17 16:03:30,664 - INFO - Maximum log composite likelihood: -223.52144345839315.
2024-01-17 16:03:30,665 - INFO - Optimal value of theta: 5049.89103706539.
2024-01-17 16:03:30,665 - INFO - Beginning optimization with guess, [2.65136352 2.81861355 0.00515297 0.01347003].
2024-01-17 16:03:36,407 - INFO - Finished optimization with guess, [2.65136352 2.81861355 0.00515297 0.01347003].
2024-01-17 16:03:36,409 - INFO - Best fit parameters: [3.26874354e-01 1.38714635e+00 3.09834010e-06 1.00175568e-05].
2024-01-17 16:03:36,624 - INFO - Maximum log composite likelihood: -223.54748673703762.
2024-01-17 16:03:36,624 - INFO - Optimal value of theta: 5049.756658847929.
2024-01-17 16:03:36,624 - INFO - Beginning optimization with guess, [4.28450082 1.36160916 0.01381836 0.01480922].
2024-01-17 16:03:42,333 - INFO - Finished optimization with guess, [4.28450082 1.36160916 0.01381836 0.01480922].
2024-01-17 16:03:42,335 - INFO - Best fit parameters: [1.20779733e+00 7.70242826e-01 3.72209110e-06 6.52415157e-04].
2024-01-17 16:03:42,529 - INFO - Maximum log composite likelihood: -222.60807174221418.
2024-01-17 16:03:42,529 - INFO - Optimal value of theta: 5054.620131757382.
2024-01-17 16:03:42,530 - INFO - Beginning optimization with guess, [4.75398076 5.4134504  0.01444524 0.00779216].
2024-01-17 16:03:48,608 - INFO - Finished optimization with guess, [4.75398076 5.4134504  0.01444524 0.00779216].
2024-01-17 16:03:48,611 - INFO - Best fit parameters: [2.02112421e+00 1.42550616e-01 1.55583468e-05 9.65712368e-06].
2024-01-17 16:03:48,818 - INFO - Maximum log composite likelihood: -223.31359730514578.
2024-01-17 16:03:48,819 - INFO - Optimal value of theta: 5050.970977577066.
2024-01-17 16:03:48,819 - INFO - Beginning optimization with guess, [5.45738277 5.47534807 0.00629699 0.01139969].
2024-01-17 16:03:54,691 - INFO - Finished optimization with guess, [5.45738277 5.47534807 0.00629699 0.01139969].
2024-01-17 16:03:54,696 - INFO - Best fit parameters: [1.41227793e-01 2.15419770e+00 5.81779290e-06 8.38103375e-06].
2024-01-17 16:03:54,899 - INFO - Maximum log composite likelihood: -223.411522355123.
2024-01-17 16:03:54,900 - INFO - Optimal value of theta: 5050.460383248798.
2024-01-17 16:03:54,900 - INFO - Beginning optimization with guess, [5.16037874 4.31179098 0.00843067 0.01264022].
2024-01-17 16:04:00,710 - INFO - Finished optimization with guess, [5.16037874 4.31179098 0.00843067 0.01264022].
2024-01-17 16:04:00,716 - INFO - Best fit parameters: [9.60946839e-01 2.71059667e-01 6.73424332e-06 1.02729556e-04].
2024-01-17 16:04:00,968 - INFO - Maximum log composite likelihood: -222.2305107247471.
2024-01-17 16:04:00,969 - INFO - Optimal value of theta: 5056.80237763618.
2024-01-17 16:04:00,969 - INFO - Beginning optimization with guess, [4.87390309 4.58737095 0.0129354  0.01162183].
2024-01-17 16:04:06,877 - INFO - Finished optimization with guess, [4.87390309 4.58737095 0.0129354  0.01162183].
2024-01-17 16:04:06,878 - INFO - Best fit parameters: [8.83899255e-01 2.26952277e-01 5.80901392e-05 1.18683753e-05].
2024-01-17 16:04:07,086 - INFO - Maximum log composite likelihood: -223.32446498527906.
2024-01-17 16:04:07,087 - INFO - Optimal value of theta: 5050.914254022809.
2024-01-17 16:04:07,087 - INFO - Beginning optimization with guess, [2.83407565 2.74033924 0.01295347 0.01914961].
2024-01-17 16:04:13,021 - INFO - Finished optimization with guess, [2.83407565 2.74033924 0.01295347 0.01914961].
2024-01-17 16:04:13,024 - INFO - Best fit parameters: [9.75028986e-01 4.06361526e-01 1.96504711e-05 2.45886985e-04].
2024-01-17 16:04:13,229 - INFO - Maximum log composite likelihood: -221.84788048407245.
2024-01-17 16:04:13,229 - INFO - Optimal value of theta: 5058.907940924357.
2024-01-17 16:04:13,230 - INFO - Beginning optimization with guess, [7.35960041e+00 4.27650493e+00 7.14321174e-03 8.02277535e-03].
2024-01-17 16:04:19,423 - INFO - Finished optimization with guess, [7.35960041e+00 4.27650493e+00 7.14321174e-03 8.02277535e-03].
2024-01-17 16:04:19,425 - INFO - Best fit parameters: [8.55967762e-01 2.42998373e-01 1.53313050e-05 4.61987073e-06].
2024-01-17 16:04:19,631 - INFO - Maximum log composite likelihood: -223.47931071887524.
2024-01-17 16:04:19,631 - INFO - Optimal value of theta: 5050.109085664114.
2024-01-17 16:04:19,631 - INFO - Beginning optimization with guess, [3.42055331e+00 8.72515828e+00 5.58665103e-03 1.43600996e-02].
2024-01-17 16:04:25,773 - INFO - Finished optimization with guess, [3.42055331e+00 8.72515828e+00 5.58665103e-03 1.43600996e-02].
2024-01-17 16:04:25,782 - INFO - Best fit parameters: [2.44071872e-01 1.98197619e+00 3.76380635e-06 1.18857627e-05].
2024-01-17 16:04:26,001 - INFO - Maximum log composite likelihood: -223.53715424470693.
2024-01-17 16:04:26,001 - INFO - Optimal value of theta: 5049.809877491884.
2024-01-17 16:04:26,001 - INFO - Beginning optimization with guess, [7.24338778e+00 1.34972468e+01 5.58985256e-03 1.37126683e-02].
2024-01-17 16:04:33,413 - INFO - Finished optimization with guess, [7.24338778e+00 1.34972468e+01 5.58985256e-03 1.37126683e-02].
2024-01-17 16:04:33,415 - INFO - Best fit parameters: [1.01881233e-01 3.23699034e+00 4.38228255e-06 1.35803101e-05].
2024-01-17 16:04:33,635 - INFO - Maximum log composite likelihood: -223.4206967924556.
2024-01-17 16:04:33,636 - INFO - Optimal value of theta: 5050.412381523598.
2024-01-17 16:04:33,636 - INFO - Beginning optimization with guess, [8.40793028e+00 1.21575985e+01 5.55699015e-03 1.75810419e-02].
2024-01-17 16:04:39,640 - INFO - Finished optimization with guess, [8.40793028e+00 1.21575985e+01 5.55699015e-03 1.75810419e-02].
2024-01-17 16:04:39,643 - INFO - Best fit parameters: [8.57849081e-02 3.08781364e+00 4.32124740e-06 2.59941847e-05].
2024-01-17 16:04:39,892 - INFO - Maximum log composite likelihood: -223.42457272128104.
2024-01-17 16:04:39,892 - INFO - Optimal value of theta: 5050.3914558571205.
2024-01-17 16:04:39,897 - INFO - Finished demographic inference.
2024-01-17 16:04:39,897 - INFO - Pipeline executed succesfully.
