2024-03-14 21:18:52,095 - INFO - Beginning execution of fit_demographic_model.py in directory /u/project/kirk/jonmah/sample_size_demography/Scripts

2024-03-14 21:18:52,095 - INFO - Progress is being logged to ../Analysis/TwoEpochExpansion_670/log.log

2024-03-14 21:18:52,095 - INFO - Parsed the following arguments:
	syn_input_sfs = ../Analysis/TwoEpochExpansion_670/syn_downsampled_sfs.txt
	mask_singletons = False
	mask_doubletons = False
	outprefix = ../Analysis/TwoEpochExpansion_670/

2024-03-14 21:18:52,105 - INFO - Beginning demographic inference for one-epoch demographic model.
2024-03-14 21:18:52,109 - INFO - Beginning optimization with guess, [0.098113].
2024-03-14 21:20:06,073 - INFO - Finished optimization with guess, [0.098113].
2024-03-14 21:20:06,076 - INFO - Best fit parameters: [0.098113].
2024-03-14 21:20:07,527 - INFO - Maximum log composite likelihood: -3011.385600409546.
2024-03-14 21:20:07,528 - INFO - Optimal value of theta: 13612.179795922315.
2024-03-14 21:20:07,528 - INFO - Beginning optimization with guess, [0.16271136].
2024-03-14 21:21:22,671 - INFO - Finished optimization with guess, [0.16271136].
2024-03-14 21:21:22,681 - INFO - Best fit parameters: [0.16271136].
2024-03-14 21:21:25,830 - INFO - Maximum log composite likelihood: -3011.385600409546.
2024-03-14 21:21:25,831 - INFO - Optimal value of theta: 13612.179795922315.
2024-03-14 21:21:25,831 - INFO - Beginning optimization with guess, [0.43610607].
2024-03-14 21:22:42,385 - INFO - Finished optimization with guess, [0.43610607].
2024-03-14 21:22:42,386 - INFO - Best fit parameters: [0.43610607].
2024-03-14 21:22:43,981 - INFO - Maximum log composite likelihood: -3011.385600409546.
2024-03-14 21:22:43,981 - INFO - Optimal value of theta: 13612.179795922315.
2024-03-14 21:22:43,981 - INFO - Beginning optimization with guess, [0.58114706].
2024-03-14 21:23:33,093 - INFO - Finished optimization with guess, [0.58114706].
2024-03-14 21:23:33,098 - INFO - Best fit parameters: [0.58114706].
2024-03-14 21:23:36,482 - INFO - Maximum log composite likelihood: -3011.385600409546.
2024-03-14 21:23:36,482 - INFO - Optimal value of theta: 13612.179795922315.
2024-03-14 21:23:36,482 - INFO - Beginning optimization with guess, [0.67557257].
2024-03-14 21:25:09,485 - INFO - Finished optimization with guess, [0.67557257].
2024-03-14 21:25:09,493 - INFO - Best fit parameters: [0.67557257].
2024-03-14 21:25:12,679 - INFO - Maximum log composite likelihood: -3011.385600409546.
2024-03-14 21:25:12,679 - INFO - Optimal value of theta: 13612.179795922315.
2024-03-14 21:25:12,679 - INFO - Beginning optimization with guess, [0.54215301].
2024-03-14 21:26:35,198 - INFO - Finished optimization with guess, [0.54215301].
2024-03-14 21:26:35,199 - INFO - Best fit parameters: [0.54215301].
2024-03-14 21:26:37,165 - INFO - Maximum log composite likelihood: -3011.385600409546.
2024-03-14 21:26:37,165 - INFO - Optimal value of theta: 13612.179795922315.
2024-03-14 21:26:37,166 - INFO - Beginning optimization with guess, [0.7308178].
2024-03-14 21:27:33,342 - INFO - Finished optimization with guess, [0.7308178].
2024-03-14 21:27:33,343 - INFO - Best fit parameters: [0.7308178].
2024-03-14 21:27:36,509 - INFO - Maximum log composite likelihood: -3011.385600409546.
2024-03-14 21:27:36,509 - INFO - Optimal value of theta: 13612.179795922315.
2024-03-14 21:27:36,509 - INFO - Beginning optimization with guess, [1.26639568].
2024-03-14 21:28:48,145 - INFO - Finished optimization with guess, [1.26639568].
2024-03-14 21:28:48,154 - INFO - Best fit parameters: [1.26639568].
2024-03-14 21:28:51,784 - INFO - Maximum log composite likelihood: -3011.385600409546.
2024-03-14 21:28:51,784 - INFO - Optimal value of theta: 13612.179795922315.
2024-03-14 21:28:51,785 - INFO - Beginning optimization with guess, [0.90446789].
2024-03-14 21:30:00,102 - INFO - Finished optimization with guess, [0.90446789].
2024-03-14 21:30:00,110 - INFO - Best fit parameters: [0.90446789].
2024-03-14 21:30:01,612 - INFO - Maximum log composite likelihood: -3011.385600409546.
2024-03-14 21:30:01,612 - INFO - Optimal value of theta: 13612.179795922315.
2024-03-14 21:30:01,612 - INFO - Beginning optimization with guess, [1.34500231].
2024-03-14 21:30:34,875 - INFO - Finished optimization with guess, [1.34500231].
2024-03-14 21:30:34,875 - INFO - Best fit parameters: [1.34500231].
2024-03-14 21:30:37,688 - INFO - Maximum log composite likelihood: -3011.385600409546.
2024-03-14 21:30:37,693 - INFO - Optimal value of theta: 13612.179795922315.
2024-03-14 21:30:37,693 - INFO - Beginning optimization with guess, [1.5596791].
2024-03-14 21:31:58,403 - INFO - Finished optimization with guess, [1.5596791].
2024-03-14 21:31:58,404 - INFO - Best fit parameters: [1.5596791].
2024-03-14 21:32:01,456 - INFO - Maximum log composite likelihood: -3011.385600409546.
2024-03-14 21:32:01,457 - INFO - Optimal value of theta: 13612.179795922315.
2024-03-14 21:32:01,457 - INFO - Beginning optimization with guess, [0.78561089].
2024-03-14 21:32:54,849 - INFO - Finished optimization with guess, [0.78561089].
2024-03-14 21:32:54,852 - INFO - Best fit parameters: [0.78561089].
2024-03-14 21:32:56,297 - INFO - Maximum log composite likelihood: -3011.385600409546.
2024-03-14 21:32:56,297 - INFO - Optimal value of theta: 13612.179795922315.
2024-03-14 21:32:56,297 - INFO - Beginning optimization with guess, [2.39517483].
2024-03-14 21:33:41,348 - INFO - Finished optimization with guess, [2.39517483].
2024-03-14 21:33:41,349 - INFO - Best fit parameters: [2.39517483].
2024-03-14 21:33:42,772 - INFO - Maximum log composite likelihood: -3011.385600409546.
2024-03-14 21:33:42,772 - INFO - Optimal value of theta: 13612.179795922315.
2024-03-14 21:33:42,773 - INFO - Beginning optimization with guess, [3.11106453].
2024-03-14 21:34:31,220 - INFO - Finished optimization with guess, [3.11106453].
2024-03-14 21:34:31,223 - INFO - Best fit parameters: [3.11106453].
2024-03-14 21:34:32,599 - INFO - Maximum log composite likelihood: -3011.385600409546.
2024-03-14 21:34:32,599 - INFO - Optimal value of theta: 13612.179795922315.
2024-03-14 21:34:32,599 - INFO - Beginning optimization with guess, [2.72288484].
2024-03-14 21:35:14,296 - INFO - Finished optimization with guess, [2.72288484].
2024-03-14 21:35:14,299 - INFO - Best fit parameters: [2.72288484].
2024-03-14 21:35:15,640 - INFO - Maximum log composite likelihood: -3011.385600409546.
2024-03-14 21:35:15,640 - INFO - Optimal value of theta: 13612.179795922315.
2024-03-14 21:35:15,640 - INFO - Beginning optimization with guess, [2.15495831].
2024-03-14 21:35:57,213 - INFO - Finished optimization with guess, [2.15495831].
2024-03-14 21:35:57,214 - INFO - Best fit parameters: [2.15495831].
2024-03-14 21:35:59,034 - INFO - Maximum log composite likelihood: -3011.385600409546.
2024-03-14 21:35:59,040 - INFO - Optimal value of theta: 13612.179795922315.
2024-03-14 21:35:59,040 - INFO - Beginning optimization with guess, [2.16805412].
2024-03-14 21:36:40,418 - INFO - Finished optimization with guess, [2.16805412].
2024-03-14 21:36:40,419 - INFO - Best fit parameters: [2.16805412].
2024-03-14 21:36:42,583 - INFO - Maximum log composite likelihood: -3011.385600409546.
2024-03-14 21:36:42,583 - INFO - Optimal value of theta: 13612.179795922315.
2024-03-14 21:36:42,584 - INFO - Beginning optimization with guess, [2.62133787].
2024-03-14 21:37:23,623 - INFO - Finished optimization with guess, [2.62133787].
2024-03-14 21:37:23,624 - INFO - Best fit parameters: [2.62133787].
2024-03-14 21:37:25,305 - INFO - Maximum log composite likelihood: -3011.385600409546.
2024-03-14 21:37:25,305 - INFO - Optimal value of theta: 13612.179795922315.
2024-03-14 21:37:25,305 - INFO - Beginning optimization with guess, [4.36365419].
2024-03-14 21:38:12,074 - INFO - Finished optimization with guess, [4.36365419].
2024-03-14 21:38:12,079 - INFO - Best fit parameters: [4.36365419].
2024-03-14 21:38:13,787 - INFO - Maximum log composite likelihood: -3011.385600409546.
2024-03-14 21:38:13,787 - INFO - Optimal value of theta: 13612.179795922315.
2024-03-14 21:38:13,787 - INFO - Beginning optimization with guess, [6.00016508].
2024-03-14 21:38:59,511 - INFO - Finished optimization with guess, [6.00016508].
2024-03-14 21:38:59,515 - INFO - Best fit parameters: [6.00016508].
2024-03-14 21:39:00,931 - INFO - Maximum log composite likelihood: -3011.385600409546.
2024-03-14 21:39:00,931 - INFO - Optimal value of theta: 13612.179795922315.
2024-03-14 21:39:00,931 - INFO - Beginning optimization with guess, [6.03505754].
2024-03-14 21:39:48,628 - INFO - Finished optimization with guess, [6.03505754].
2024-03-14 21:39:48,630 - INFO - Best fit parameters: [6.03505754].
2024-03-14 21:39:50,329 - INFO - Maximum log composite likelihood: -3011.385600409546.
2024-03-14 21:39:50,329 - INFO - Optimal value of theta: 13612.179795922315.
2024-03-14 21:39:50,330 - INFO - Beginning optimization with guess, [3.73791198].
2024-03-14 21:40:47,846 - INFO - Finished optimization with guess, [3.73791198].
2024-03-14 21:40:47,853 - INFO - Best fit parameters: [3.73791198].
2024-03-14 21:40:49,817 - INFO - Maximum log composite likelihood: -3011.385600409546.
2024-03-14 21:40:49,818 - INFO - Optimal value of theta: 13612.179795922315.
2024-03-14 21:40:49,818 - INFO - Beginning optimization with guess, [7.3067145].
2024-03-14 21:41:38,785 - INFO - Finished optimization with guess, [7.3067145].
2024-03-14 21:41:38,787 - INFO - Best fit parameters: [7.3067145].
2024-03-14 21:41:40,542 - INFO - Maximum log composite likelihood: -3011.385600409546.
2024-03-14 21:41:40,542 - INFO - Optimal value of theta: 13612.179795922315.
2024-03-14 21:41:40,542 - INFO - Beginning optimization with guess, [12.62399089].
2024-03-14 21:42:27,403 - INFO - Finished optimization with guess, [12.62399089].
2024-03-14 21:42:27,406 - INFO - Best fit parameters: [12.62399089].
2024-03-14 21:42:28,991 - INFO - Maximum log composite likelihood: -3011.385600409546.
2024-03-14 21:42:28,991 - INFO - Optimal value of theta: 13612.179795922315.
2024-03-14 21:42:28,992 - INFO - Beginning optimization with guess, [9.89697256].
2024-03-14 21:43:16,267 - INFO - Finished optimization with guess, [9.89697256].
2024-03-14 21:43:16,268 - INFO - Best fit parameters: [9.89697256].
2024-03-14 21:43:17,629 - INFO - Maximum log composite likelihood: -3011.385600409546.
2024-03-14 21:43:17,629 - INFO - Optimal value of theta: 13612.179795922315.
2024-03-14 21:43:17,634 - INFO - Finished demographic inference.
2024-03-14 21:43:17,634 - INFO - Pipeline executed succesfully.
