2025-03-19 17:35:02,224 - INFO - Beginning execution of evaluate_true_demography_fit.py in directory /u/project/kirk/jonmah/sample_size_demography/Scripts

2025-03-19 17:35:02,224 - INFO - Progress is being logged to ../Analysis/ThreeEpochExpansion_10/evaluate_demography.log

2025-03-19 17:35:02,224 - INFO - Parsed the following arguments:
	syn_input_sfs = ../Analysis/ThreeEpochExpansion_10/syn_downsampled_sfs.txt
	model_type = three_epoch
	params_list = [2.0, 4.0, 0.09, 0.01]
	mask_singletons = False
	mask_doubletons = False
	outprefix = ../Analysis/ThreeEpochExpansion_10/

2025-03-19 17:35:02,226 - INFO - Beginning demographic evaluation for three-epoch demographic model.
2025-03-19 17:35:02,227 - INFO - Beginning optimization with guess, [2.0, 4.0, 0.09, 0.01].
2025-03-19 17:35:02,227 - INFO - Finished optimization with guess, [2.0, 4.0, 0.09, 0.01].
2025-03-19 17:35:02,227 - INFO - Best fit parameters: [2.0, 4.0, 0.09, 0.01].
2025-03-19 17:35:02,232 - INFO - Maximum log composite likelihood: -27.115247057041415.
2025-03-19 17:35:02,232 - INFO - Optimal value of theta: 12049.331643412557.
2025-03-19 17:35:02,233 - INFO - Synonymous input SFS: [-- 16007.11921476767 7707.07961672212 5712.543822896483 4969.484262037269 2383.848425538067 -- -- -- -- --].
2025-03-19 17:35:02,233 - INFO - Scaled spectrum: [-- 15899.8020595664 7717.820845975079 5745.904562762499 5011.637910306466 2404.9099633511687 -- -- -- -- --].
2025-03-19 17:35:02,234 - INFO - Converting and interpreting Tau estimates.
2025-03-19 17:35:02,235 - INFO - Finished demographic evaluation.
2025-03-19 17:35:02,235 - INFO - Pipeline executed succesfully.
