2024-04-07 12:50:43,152 - INFO - Beginning execution of fit_demographic_model.py in directory /u/project/kirk/jonmah/sample_size_demography/Scripts

2024-04-07 12:50:43,152 - INFO - Progress is being logged to ../Analysis/ThreeEpochExpansion_10/log.log

2024-04-07 12:50:43,152 - INFO - Parsed the following arguments:
	mask_doubletons = False
	syn_input_sfs = ../Analysis/ThreeEpochExpansion_10/syn_downsampled_sfs.txt
	mask_singletons = False
	outprefix = ../Analysis/ThreeEpochExpansion_10/

2024-04-07 12:50:43,166 - INFO - Beginning demographic inference for two-epoch demographic model.
2024-04-07 12:50:43,170 - INFO - Beginning optimization with guess, [0.16797301 0.12913433].
2024-04-07 12:50:43,773 - INFO - Finished optimization with guess, [0.16797301 0.12913433].
2024-04-07 12:50:43,773 - INFO - Best fit parameters: [3.36139355 0.07003054].
2024-04-07 12:50:43,789 - INFO - Maximum log composite likelihood: -26.9075516115.
2024-04-07 12:50:43,789 - INFO - Optimal value of theta: 12010.4490635.
2024-04-07 12:50:43,789 - INFO - Beginning optimization with guess, [0.31585632 0.16777244].
2024-04-07 12:50:44,298 - INFO - Finished optimization with guess, [0.31585632 0.16777244].
2024-04-07 12:50:44,298 - INFO - Best fit parameters: [2.58483201 0.04998203].
2024-04-07 12:50:44,314 - INFO - Maximum log composite likelihood: -44.4572259678.
2024-04-07 12:50:44,314 - INFO - Optimal value of theta: 12363.9620654.
2024-04-07 12:50:44,314 - INFO - Beginning optimization with guess, [0.27732245 0.12765191].
2024-04-07 12:50:44,807 - INFO - Finished optimization with guess, [0.27732245 0.12765191].
2024-04-07 12:50:44,807 - INFO - Best fit parameters: [2.30637578 0.02777024].
2024-04-07 12:50:44,823 - INFO - Maximum log composite likelihood: -85.2152779309.
2024-04-07 12:50:44,823 - INFO - Optimal value of theta: 12661.2272163.
2024-04-07 12:50:44,823 - INFO - Beginning optimization with guess, [0.75957871 0.08613115].
2024-04-07 12:50:45,292 - INFO - Finished optimization with guess, [0.75957871 0.08613115].
2024-04-07 12:50:45,292 - INFO - Best fit parameters: [1.17410961 0.00743235].
2024-04-07 12:50:45,308 - INFO - Maximum log composite likelihood: -158.896175051.
2024-04-07 12:50:45,308 - INFO - Optimal value of theta: 12976.4892371.
2024-04-07 12:50:45,308 - INFO - Beginning optimization with guess, [0.66958294 0.1492619 ].
2024-04-07 12:50:45,832 - INFO - Finished optimization with guess, [0.66958294 0.1492619 ].
2024-04-07 12:50:45,832 - INFO - Best fit parameters: [1.16926601 0.11867466].
2024-04-07 12:50:45,849 - INFO - Maximum log composite likelihood: -104.338371749.
2024-04-07 12:50:45,849 - INFO - Optimal value of theta: 12685.4198376.
2024-04-07 12:50:45,851 - INFO - Finished demographic inference.
2024-04-07 12:50:45,851 - INFO - Pipeline executed succesfully.
