2024-03-15 19:44:41,346 - INFO - Beginning execution of fit_demographic_model.py in directory /u/project/kirk/jonmah/sample_size_demography/Scripts

2024-03-15 19:44:41,347 - INFO - Progress is being logged to ../Analysis/TwoEpochContraction_360/log.log

2024-03-15 19:44:41,347 - INFO - Parsed the following arguments:
	syn_input_sfs = ../Analysis/TwoEpochContraction_360/syn_downsampled_sfs.txt
	mask_singletons = False
	mask_doubletons = False
	outprefix = ../Analysis/TwoEpochContraction_360/

2024-03-15 19:44:41,372 - INFO - Beginning demographic inference for one-epoch demographic model.
2024-03-15 19:44:41,374 - INFO - Beginning optimization with guess, [0.18146275].
2024-03-15 19:45:14,330 - INFO - Finished optimization with guess, [0.18146275].
2024-03-15 19:45:14,331 - INFO - Best fit parameters: [0.18146275].
2024-03-15 19:45:15,408 - INFO - Maximum log composite likelihood: -2661.291399892011.
2024-03-15 19:45:15,409 - INFO - Optimal value of theta: 8587.744237926123.
2024-03-15 19:45:15,409 - INFO - Beginning optimization with guess, [0.32486134].
2024-03-15 19:45:48,236 - INFO - Finished optimization with guess, [0.32486134].
2024-03-15 19:45:48,237 - INFO - Best fit parameters: [0.32486134].
2024-03-15 19:45:49,219 - INFO - Maximum log composite likelihood: -2661.291399892011.
2024-03-15 19:45:49,219 - INFO - Optimal value of theta: 8587.744237926123.
2024-03-15 19:45:49,220 - INFO - Beginning optimization with guess, [0.19880175].
2024-03-15 19:46:21,757 - INFO - Finished optimization with guess, [0.19880175].
2024-03-15 19:46:21,758 - INFO - Best fit parameters: [0.19880175].
2024-03-15 19:46:22,803 - INFO - Maximum log composite likelihood: -2661.291399892011.
2024-03-15 19:46:22,803 - INFO - Optimal value of theta: 8587.744237926123.
2024-03-15 19:46:22,803 - INFO - Beginning optimization with guess, [0.52707204].
2024-03-15 19:46:52,364 - INFO - Finished optimization with guess, [0.52707204].
2024-03-15 19:46:52,364 - INFO - Best fit parameters: [0.52707204].
2024-03-15 19:46:53,417 - INFO - Maximum log composite likelihood: -2661.291399892011.
2024-03-15 19:46:53,417 - INFO - Optimal value of theta: 8587.744237926123.
2024-03-15 19:46:53,418 - INFO - Beginning optimization with guess, [0.33793879].
2024-03-15 19:47:25,970 - INFO - Finished optimization with guess, [0.33793879].
2024-03-15 19:47:25,971 - INFO - Best fit parameters: [0.33793879].
2024-03-15 19:47:27,025 - INFO - Maximum log composite likelihood: -2661.291399892011.
2024-03-15 19:47:27,025 - INFO - Optimal value of theta: 8587.744237926123.
2024-03-15 19:47:27,025 - INFO - Beginning optimization with guess, [0.42317638].
2024-03-15 19:47:56,358 - INFO - Finished optimization with guess, [0.42317638].
2024-03-15 19:47:56,359 - INFO - Best fit parameters: [0.42317638].
2024-03-15 19:47:57,392 - INFO - Maximum log composite likelihood: -2661.291399892011.
2024-03-15 19:47:57,392 - INFO - Optimal value of theta: 8587.744237926123.
2024-03-15 19:47:57,393 - INFO - Beginning optimization with guess, [1.15419393].
2024-03-15 19:48:20,819 - INFO - Finished optimization with guess, [1.15419393].
2024-03-15 19:48:20,820 - INFO - Best fit parameters: [1.15419393].
2024-03-15 19:48:21,811 - INFO - Maximum log composite likelihood: -2661.291399892011.
2024-03-15 19:48:21,811 - INFO - Optimal value of theta: 8587.744237926123.
2024-03-15 19:48:21,811 - INFO - Beginning optimization with guess, [0.56809302].
2024-03-15 19:48:51,727 - INFO - Finished optimization with guess, [0.56809302].
2024-03-15 19:48:51,728 - INFO - Best fit parameters: [0.56809302].
2024-03-15 19:48:52,721 - INFO - Maximum log composite likelihood: -2661.291399892011.
2024-03-15 19:48:52,721 - INFO - Optimal value of theta: 8587.744237926123.
2024-03-15 19:48:52,721 - INFO - Beginning optimization with guess, [0.96444818].
2024-03-15 19:49:09,877 - INFO - Finished optimization with guess, [0.96444818].
2024-03-15 19:49:09,878 - INFO - Best fit parameters: [0.96444818].
2024-03-15 19:49:10,897 - INFO - Maximum log composite likelihood: -2661.291399892011.
2024-03-15 19:49:10,897 - INFO - Optimal value of theta: 8587.744237926123.
2024-03-15 19:49:10,897 - INFO - Beginning optimization with guess, [1.1930519].
2024-03-15 19:49:34,135 - INFO - Finished optimization with guess, [1.1930519].
2024-03-15 19:49:34,136 - INFO - Best fit parameters: [1.1930519].
2024-03-15 19:49:35,162 - INFO - Maximum log composite likelihood: -2661.291399892011.
2024-03-15 19:49:35,163 - INFO - Optimal value of theta: 8587.744237926123.
2024-03-15 19:49:35,163 - INFO - Beginning optimization with guess, [0.6504122].
2024-03-15 19:50:01,962 - INFO - Finished optimization with guess, [0.6504122].
2024-03-15 19:50:01,963 - INFO - Best fit parameters: [0.6504122].
2024-03-15 19:50:03,023 - INFO - Maximum log composite likelihood: -2661.291399892011.
2024-03-15 19:50:03,023 - INFO - Optimal value of theta: 8587.744237926123.
2024-03-15 19:50:03,024 - INFO - Beginning optimization with guess, [2.48499942].
2024-03-15 19:50:33,039 - INFO - Finished optimization with guess, [2.48499942].
2024-03-15 19:50:33,040 - INFO - Best fit parameters: [2.48499942].
2024-03-15 19:50:33,952 - INFO - Maximum log composite likelihood: -2661.291399892011.
2024-03-15 19:50:33,952 - INFO - Optimal value of theta: 8587.744237926123.
2024-03-15 19:50:33,953 - INFO - Beginning optimization with guess, [2.05735277].
2024-03-15 19:51:02,232 - INFO - Finished optimization with guess, [2.05735277].
2024-03-15 19:51:02,233 - INFO - Best fit parameters: [2.05735277].
2024-03-15 19:51:03,244 - INFO - Maximum log composite likelihood: -2661.291399892011.
2024-03-15 19:51:03,244 - INFO - Optimal value of theta: 8587.744237926123.
2024-03-15 19:51:03,245 - INFO - Beginning optimization with guess, [1.50877039].
2024-03-15 19:51:30,279 - INFO - Finished optimization with guess, [1.50877039].
2024-03-15 19:51:30,280 - INFO - Best fit parameters: [1.50877039].
2024-03-15 19:51:31,351 - INFO - Maximum log composite likelihood: -2661.291399892011.
2024-03-15 19:51:31,351 - INFO - Optimal value of theta: 8587.744237926123.
2024-03-15 19:51:31,351 - INFO - Beginning optimization with guess, [1.94762524].
2024-03-15 19:52:01,899 - INFO - Finished optimization with guess, [1.94762524].
2024-03-15 19:52:01,900 - INFO - Best fit parameters: [1.94762524].
2024-03-15 19:52:02,959 - INFO - Maximum log composite likelihood: -2661.291399892011.
2024-03-15 19:52:02,959 - INFO - Optimal value of theta: 8587.744237926123.
2024-03-15 19:52:02,959 - INFO - Beginning optimization with guess, [2.71801995].
2024-03-15 19:52:33,540 - INFO - Finished optimization with guess, [2.71801995].
2024-03-15 19:52:33,541 - INFO - Best fit parameters: [2.71801995].
2024-03-15 19:52:34,627 - INFO - Maximum log composite likelihood: -2661.291399892011.
2024-03-15 19:52:34,627 - INFO - Optimal value of theta: 8587.744237926123.
2024-03-15 19:52:34,627 - INFO - Beginning optimization with guess, [1.59389495].
2024-03-15 19:53:01,890 - INFO - Finished optimization with guess, [1.59389495].
2024-03-15 19:53:01,891 - INFO - Best fit parameters: [1.59389495].
2024-03-15 19:53:02,945 - INFO - Maximum log composite likelihood: -2661.291399892011.
2024-03-15 19:53:02,945 - INFO - Optimal value of theta: 8587.744237926123.
2024-03-15 19:53:02,945 - INFO - Beginning optimization with guess, [3.05784857].
2024-03-15 19:53:36,752 - INFO - Finished optimization with guess, [3.05784857].
2024-03-15 19:53:36,754 - INFO - Best fit parameters: [3.05784857].
2024-03-15 19:53:37,809 - INFO - Maximum log composite likelihood: -2661.291399892011.
2024-03-15 19:53:37,810 - INFO - Optimal value of theta: 8587.744237926123.
2024-03-15 19:53:37,810 - INFO - Beginning optimization with guess, [4.59217274].
2024-03-15 19:54:11,815 - INFO - Finished optimization with guess, [4.59217274].
2024-03-15 19:54:11,816 - INFO - Best fit parameters: [4.59217274].
2024-03-15 19:54:12,879 - INFO - Maximum log composite likelihood: -2661.291399892011.
2024-03-15 19:54:12,879 - INFO - Optimal value of theta: 8587.744237926123.
2024-03-15 19:54:12,880 - INFO - Beginning optimization with guess, [5.51760642].
2024-03-15 19:54:47,185 - INFO - Finished optimization with guess, [5.51760642].
2024-03-15 19:54:47,186 - INFO - Best fit parameters: [5.51760642].
2024-03-15 19:54:48,289 - INFO - Maximum log composite likelihood: -2661.291399892011.
2024-03-15 19:54:48,289 - INFO - Optimal value of theta: 8587.744237926123.
2024-03-15 19:54:48,289 - INFO - Beginning optimization with guess, [2.63908883].
2024-03-15 19:55:18,640 - INFO - Finished optimization with guess, [2.63908883].
2024-03-15 19:55:18,641 - INFO - Best fit parameters: [2.63908883].
2024-03-15 19:55:19,700 - INFO - Maximum log composite likelihood: -2661.291399892011.
2024-03-15 19:55:19,700 - INFO - Optimal value of theta: 8587.744237926123.
2024-03-15 19:55:19,701 - INFO - Beginning optimization with guess, [4.77590725].
2024-03-15 19:55:53,109 - INFO - Finished optimization with guess, [4.77590725].
2024-03-15 19:55:53,110 - INFO - Best fit parameters: [4.77590725].
2024-03-15 19:55:54,125 - INFO - Maximum log composite likelihood: -2661.291399892011.
2024-03-15 19:55:54,125 - INFO - Optimal value of theta: 8587.744237926123.
2024-03-15 19:55:54,126 - INFO - Beginning optimization with guess, [7.47578204].
2024-03-15 19:56:27,565 - INFO - Finished optimization with guess, [7.47578204].
2024-03-15 19:56:27,566 - INFO - Best fit parameters: [7.47578204].
2024-03-15 19:56:28,634 - INFO - Maximum log composite likelihood: -2661.291399892011.
2024-03-15 19:56:28,634 - INFO - Optimal value of theta: 8587.744237926123.
2024-03-15 19:56:28,634 - INFO - Beginning optimization with guess, [9.90969501].
2024-03-15 19:57:05,178 - INFO - Finished optimization with guess, [9.90969501].
2024-03-15 19:57:05,179 - INFO - Best fit parameters: [9.90969501].
2024-03-15 19:57:06,235 - INFO - Maximum log composite likelihood: -2661.291399892011.
2024-03-15 19:57:06,236 - INFO - Optimal value of theta: 8587.744237926123.
2024-03-15 19:57:06,236 - INFO - Beginning optimization with guess, [5.26140072].
2024-03-15 19:57:39,782 - INFO - Finished optimization with guess, [5.26140072].
2024-03-15 19:57:39,782 - INFO - Best fit parameters: [5.26140072].
2024-03-15 19:57:40,845 - INFO - Maximum log composite likelihood: -2661.291399892011.
2024-03-15 19:57:40,845 - INFO - Optimal value of theta: 8587.744237926123.
2024-03-15 19:57:40,849 - INFO - Finished demographic inference.
2024-03-15 19:57:40,850 - INFO - Pipeline executed succesfully.
