2025-08-05 12:36:02,024 - INFO - Beginning execution of fit_demographic_model.py in directory /u/project/kirk-bigdata/jonmah/sample_size_demography/Scripts

2025-08-05 12:36:02,024 - INFO - Progress is being logged to ../Analysis/msprime_3EpB_120/log.log

2025-08-05 12:36:02,024 - INFO - Parsed the following arguments:
	syn_input_sfs = ../Simulations/simple_simulations/ThreeEpochBottleneck_120_concat.sfs
	mask_singletons = False
	mask_doubletons = False
	L_syn = 100000000.0
	outprefix = ../Analysis/msprime_3EpB_120/

2025-08-05 12:36:02,033 - INFO - Beginning demographic inference for two-epoch demographic model.
2025-08-05 12:36:02,035 - INFO - Beginning optimization with guess, [0.01, 0.1].
2025-08-05 12:36:09,260 - INFO - Finished optimization with guess, [0.01, 0.1].
2025-08-05 12:36:09,262 - INFO - Best fit parameters: [0.01566462 0.08149704].
2025-08-05 12:36:09,513 - INFO - Maximum log composite likelihood: -12816.795090499969.
2025-08-05 12:36:09,513 - INFO - Optimal value of theta: 1298090.8937548783.
2025-08-05 12:36:09,513 - INFO - Beginning optimization with guess, [0.025, 0.1].
2025-08-05 12:36:16,336 - INFO - Finished optimization with guess, [0.025, 0.1].
2025-08-05 12:36:16,337 - INFO - Best fit parameters: [0.02140547 0.10454192].
2025-08-05 12:36:16,640 - INFO - Maximum log composite likelihood: -12816.795090191656.
2025-08-05 12:36:16,640 - INFO - Optimal value of theta: 949948.6260768619.
2025-08-05 12:36:16,640 - INFO - Beginning optimization with guess, [0.05, 0.1].
2025-08-05 12:36:23,986 - INFO - Finished optimization with guess, [0.05, 0.1].
2025-08-05 12:36:23,988 - INFO - Best fit parameters: [0.03031557 0.13720918].
2025-08-05 12:36:24,256 - INFO - Maximum log composite likelihood: -12816.795092701082.
2025-08-05 12:36:24,256 - INFO - Optimal value of theta: 670749.4053539754.
2025-08-05 12:36:24,256 - INFO - Beginning optimization with guess, [0.075, 0.1].
2025-08-05 12:36:31,404 - INFO - Finished optimization with guess, [0.075, 0.1].
2025-08-05 12:36:31,405 - INFO - Best fit parameters: [0.04206009 0.17604184].
2025-08-05 12:36:31,686 - INFO - Maximum log composite likelihood: -12816.795125334898.
2025-08-05 12:36:31,686 - INFO - Optimal value of theta: 483435.8416430913.
2025-08-05 12:36:31,686 - INFO - Beginning optimization with guess, [0.1, 0.1].
2025-08-05 12:36:38,972 - INFO - Finished optimization with guess, [0.1, 0.1].
2025-08-05 12:36:38,974 - INFO - Best fit parameters: [0.05907161 0.22608179].
2025-08-05 12:36:39,280 - INFO - Maximum log composite likelihood: -12816.79512449168.
2025-08-05 12:36:39,280 - INFO - Optimal value of theta: 344218.06215993373.
2025-08-05 12:36:39,280 - INFO - Beginning optimization with guess, [0.25, 0.1].
2025-08-05 12:36:44,962 - INFO - Finished optimization with guess, [0.25, 0.1].
2025-08-05 12:36:44,963 - INFO - Best fit parameters: [2.64180180e+03 1.32903464e-02].
2025-08-05 12:36:45,173 - INFO - Maximum log composite likelihood: -9680.138082938043.
2025-08-05 12:36:45,173 - INFO - Optimal value of theta: 20955.145927610087.
2025-08-05 12:36:45,173 - INFO - Beginning optimization with guess, [0.5, 0.1].
2025-08-05 12:36:51,291 - INFO - Finished optimization with guess, [0.5, 0.1].
2025-08-05 12:36:51,292 - INFO - Best fit parameters: [0.3151491  0.57506482].
2025-08-05 12:36:51,430 - INFO - Maximum log composite likelihood: -12817.214093428585.
2025-08-05 12:36:51,430 - INFO - Optimal value of theta: 64451.47101296832.
2025-08-05 12:36:51,430 - INFO - Beginning optimization with guess, [0.75, 0.1].
2025-08-05 12:36:57,845 - INFO - Finished optimization with guess, [0.75, 0.1].
2025-08-05 12:36:57,846 - INFO - Best fit parameters: [0.38830396 0.58066028].
2025-08-05 12:36:57,980 - INFO - Maximum log composite likelihood: -12818.886432741092.
2025-08-05 12:36:57,980 - INFO - Optimal value of theta: 52248.02986586149.
2025-08-05 12:36:57,981 - INFO - Beginning optimization with guess, [1, 0.1].
2025-08-05 12:37:03,779 - INFO - Finished optimization with guess, [1, 0.1].
2025-08-05 12:37:03,780 - INFO - Best fit parameters: [0.8797019  0.31096564].
2025-08-05 12:37:03,992 - INFO - Maximum log composite likelihood: -13769.13185953812.
2025-08-05 12:37:03,992 - INFO - Optimal value of theta: 26090.746750592287.
2025-08-05 12:37:03,992 - INFO - Beginning optimization with guess, [1.25, 0.1].
2025-08-05 12:37:09,468 - INFO - Finished optimization with guess, [1.25, 0.1].
2025-08-05 12:37:09,469 - INFO - Best fit parameters: [1.51564909e+01 1.23065613e-02].
2025-08-05 12:37:09,583 - INFO - Maximum log composite likelihood: -10190.698335870597.
2025-08-05 12:37:09,583 - INFO - Optimal value of theta: 21589.649105956396.
2025-08-05 12:37:09,583 - INFO - Beginning optimization with guess, [1.5, 0.1].
2025-08-05 12:37:15,118 - INFO - Finished optimization with guess, [1.5, 0.1].
2025-08-05 12:37:15,119 - INFO - Best fit parameters: [1.83168190e+03 1.27847922e-02].
2025-08-05 12:37:15,232 - INFO - Maximum log composite likelihood: -9689.273533329422.
2025-08-05 12:37:15,233 - INFO - Optimal value of theta: 21063.446059052283.
2025-08-05 12:37:15,233 - INFO - Beginning optimization with guess, [1.75, 0.1].
2025-08-05 12:37:20,665 - INFO - Finished optimization with guess, [1.75, 0.1].
2025-08-05 12:37:20,666 - INFO - Best fit parameters: [3.02478138e+02 1.24869654e-02].
2025-08-05 12:37:20,876 - INFO - Maximum log composite likelihood: -9737.697802250239.
2025-08-05 12:37:20,876 - INFO - Optimal value of theta: 21245.284219148947.
2025-08-05 12:37:20,876 - INFO - Beginning optimization with guess, [2, 0.1].
2025-08-05 12:37:26,482 - INFO - Finished optimization with guess, [2, 0.1].
2025-08-05 12:37:26,483 - INFO - Best fit parameters: [2.87469485e+01 1.55124335e-02].
2025-08-05 12:37:26,605 - INFO - Maximum log composite likelihood: -9921.194900353057.
2025-08-05 12:37:26,605 - INFO - Optimal value of theta: 20855.105826277937.
2025-08-05 12:37:26,605 - INFO - Beginning optimization with guess, [2.25, 0.1].
2025-08-05 12:37:32,929 - INFO - Finished optimization with guess, [2.25, 0.1].
2025-08-05 12:37:32,931 - INFO - Best fit parameters: [1.05571032e+03 1.31916769e-02].
2025-08-05 12:37:33,046 - INFO - Maximum log composite likelihood: -9685.916620488542.
2025-08-05 12:37:33,046 - INFO - Optimal value of theta: 21000.969999515346.
2025-08-05 12:37:33,046 - INFO - Beginning optimization with guess, [2.5, 0.1].
2025-08-05 12:37:38,922 - INFO - Finished optimization with guess, [2.5, 0.1].
2025-08-05 12:37:38,923 - INFO - Best fit parameters: [7.23031046e+01 1.27288554e-02].
2025-08-05 12:37:39,036 - INFO - Maximum log composite likelihood: -9809.015127147712.
2025-08-05 12:37:39,037 - INFO - Optimal value of theta: 21281.550435545993.
2025-08-05 12:37:39,037 - INFO - Beginning optimization with guess, [2.75, 0.1].
2025-08-05 12:37:44,940 - INFO - Finished optimization with guess, [2.75, 0.1].
2025-08-05 12:37:44,940 - INFO - Best fit parameters: [6.75228503e+02 1.25285324e-02].
2025-08-05 12:37:45,053 - INFO - Maximum log composite likelihood: -9711.332705586714.
2025-08-05 12:37:45,053 - INFO - Optimal value of theta: 21173.098206080624.
2025-08-05 12:37:45,053 - INFO - Beginning optimization with guess, [3, 0.1].
2025-08-05 12:37:50,845 - INFO - Finished optimization with guess, [3, 0.1].
2025-08-05 12:37:50,846 - INFO - Best fit parameters: [1.69468112e+02 1.27288554e-02].
2025-08-05 12:37:51,080 - INFO - Maximum log composite likelihood: -9750.145746499838.
2025-08-05 12:37:51,080 - INFO - Optimal value of theta: 21231.49412582574.
2025-08-05 12:37:51,081 - INFO - Beginning optimization with guess, [3.25, 0.1].
2025-08-05 12:37:56,749 - INFO - Finished optimization with guess, [3.25, 0.1].
2025-08-05 12:37:56,749 - INFO - Best fit parameters: [1.92769785e+03 1.46673386e-02].
2025-08-05 12:37:56,865 - INFO - Maximum log composite likelihood: -9698.942104956719.
2025-08-05 12:37:56,866 - INFO - Optimal value of theta: 20665.835470670303.
2025-08-05 12:37:56,866 - INFO - Beginning optimization with guess, [3.5, 0.1].
2025-08-05 12:38:02,639 - INFO - Finished optimization with guess, [3.5, 0.1].
2025-08-05 12:38:02,641 - INFO - Best fit parameters: [3.76184647e+03 1.37827906e-02].
2025-08-05 12:38:02,876 - INFO - Maximum log composite likelihood: -9679.03168682305.
2025-08-05 12:38:02,876 - INFO - Optimal value of theta: 20860.057014248316.
2025-08-05 12:38:02,876 - INFO - Beginning optimization with guess, [3.75, 0.1].
2025-08-05 12:38:08,657 - INFO - Finished optimization with guess, [3.75, 0.1].
2025-08-05 12:38:08,658 - INFO - Best fit parameters: [1.87854293e+03 1.37229702e-02].
2025-08-05 12:38:08,773 - INFO - Maximum log composite likelihood: -9680.500581413517.
2025-08-05 12:38:08,773 - INFO - Optimal value of theta: 20863.29879117705.
2025-08-05 12:38:08,773 - INFO - Beginning optimization with guess, [4, 0.1].
2025-08-05 12:38:14,556 - INFO - Finished optimization with guess, [4, 0.1].
2025-08-05 12:38:14,557 - INFO - Best fit parameters: [2.71440617e+03 1.37229702e-02].
2025-08-05 12:38:14,670 - INFO - Maximum log composite likelihood: -9679.545742672026.
2025-08-05 12:38:14,670 - INFO - Optimal value of theta: 20862.896273781724.
2025-08-05 12:38:14,670 - INFO - Beginning optimization with guess, [4.25, 0.1].
2025-08-05 12:38:20,369 - INFO - Finished optimization with guess, [4.25, 0.1].
2025-08-05 12:38:20,369 - INFO - Best fit parameters: [3.83560885e+03 1.37229702e-02].
2025-08-05 12:38:20,482 - INFO - Maximum log composite likelihood: -9678.6852867499.
2025-08-05 12:38:20,482 - INFO - Optimal value of theta: 20873.727199467427.
2025-08-05 12:38:20,482 - INFO - Beginning optimization with guess, [4.5, 0.1].
2025-08-05 12:38:26,303 - INFO - Finished optimization with guess, [4.5, 0.1].
2025-08-05 12:38:26,304 - INFO - Best fit parameters: [1.27973810e+03 1.38403429e-02].
2025-08-05 12:38:26,514 - INFO - Maximum log composite likelihood: -9682.297761056172.
2025-08-05 12:38:26,514 - INFO - Optimal value of theta: 20854.24298719492.
2025-08-05 12:38:26,514 - INFO - Beginning optimization with guess, [4.75, 0.1].
2025-08-05 12:38:32,443 - INFO - Finished optimization with guess, [4.75, 0.1].
2025-08-05 12:38:32,444 - INFO - Best fit parameters: [1.65505753e+03 1.38403429e-02].
2025-08-05 12:38:32,578 - INFO - Maximum log composite likelihood: -9681.64687246407.
2025-08-05 12:38:32,578 - INFO - Optimal value of theta: 20842.130721832204.
2025-08-05 12:38:32,578 - INFO - Beginning optimization with guess, [5, 0.1].
2025-08-05 12:38:38,641 - INFO - Finished optimization with guess, [5, 0.1].
2025-08-05 12:38:38,642 - INFO - Best fit parameters: [3.23069794e+03 1.33127556e-02].
2025-08-05 12:38:38,776 - INFO - Maximum log composite likelihood: -9679.763770590685.
2025-08-05 12:38:38,776 - INFO - Optimal value of theta: 20955.45163965156.
2025-08-05 12:38:38,777 - INFO - Converting and interpreting Tau estimates.
2025-08-05 12:38:38,780 - INFO - Finished demographic inference.
2025-08-05 12:38:38,780 - INFO - Pipeline executed succesfully.
