2024-01-16 15:23:55,314 - INFO - Beginning execution of fit_demographic_model.py in directory /u/project/kirk/jonmah/sample_size_demography/Scripts

2024-01-16 15:23:55,314 - INFO - Progress is being logged to ../Analysis/1kg_EUR_790/log.log

2024-01-16 15:23:55,314 - INFO - Parsed the following arguments:
	syn_input_sfs = ../Analysis/1kg_EUR_790/syn_downsampled_sfs.txt
	mask_singletons = False
	mask_doubletons = False
	outprefix = ../Analysis/1kg_EUR_790/

2024-01-16 15:23:55,324 - INFO - Beginning demographic inference for three-epoch demographic model.
2024-01-16 15:23:55,326 - INFO - Beginning optimization with guess, [0.01075475 0.00665422 0.01857727 0.01513063].
2024-01-16 15:26:34,581 - INFO - Finished optimization with guess, [0.01075475 0.00665422 0.01857727 0.01513063].
2024-01-16 15:26:34,583 - INFO - Best fit parameters: [0.00747547 0.00412748 0.01693577 0.02650442].
2024-01-16 15:26:36,342 - INFO - Maximum log composite likelihood: -1527.662001701788.
2024-01-16 15:26:36,343 - INFO - Optimal value of theta: 1254758.741799206.
2024-01-16 15:26:36,343 - INFO - Beginning optimization with guess, [0.0117811  0.02210438 0.00557972 0.00968828].
2024-01-16 15:29:10,943 - INFO - Finished optimization with guess, [0.0117811  0.02210438 0.00557972 0.00968828].
2024-01-16 15:29:10,944 - INFO - Best fit parameters: [0.00462761 0.03406329 0.01666894 0.00503675].
2024-01-16 15:29:12,647 - INFO - Maximum log composite likelihood: -1295.8931295985499.
2024-01-16 15:29:12,647 - INFO - Optimal value of theta: 170017.32205396102.
2024-01-16 15:29:12,647 - INFO - Beginning optimization with guess, [0.02622412 0.01945434 0.00646561 0.011962  ].
2024-01-16 15:31:47,799 - INFO - Finished optimization with guess, [0.02622412 0.01945434 0.00646561 0.011962  ].
2024-01-16 15:31:47,801 - INFO - Best fit parameters: [0.01072882 0.01410544 0.00350634 0.10000969].
2024-01-16 15:31:49,591 - INFO - Maximum log composite likelihood: -1527.6620333077121.
2024-01-16 15:31:49,591 - INFO - Optimal value of theta: 367171.30633848254.
2024-01-16 15:31:49,591 - INFO - Beginning optimization with guess, [0.05862013 0.03135988 0.01934159 0.00585193].
2024-01-16 15:34:15,141 - INFO - Finished optimization with guess, [0.05862013 0.03135988 0.01934159 0.00585193].
2024-01-16 15:34:15,143 - INFO - Best fit parameters: [0.01363934 0.09427355 0.0354817  0.01350502].
2024-01-16 15:34:16,811 - INFO - Maximum log composite likelihood: -1294.8151011200903.
2024-01-16 15:34:16,812 - INFO - Optimal value of theta: 61887.13389070569.
2024-01-16 15:34:16,812 - INFO - Beginning optimization with guess, [0.03577938 0.02863176 0.01471297 0.01097487].
2024-01-16 15:36:46,781 - INFO - Finished optimization with guess, [0.03577938 0.02863176 0.01471297 0.01097487].
2024-01-16 15:36:46,782 - INFO - Best fit parameters: [0.00528674 0.17750861 0.00964367 0.03170818].
2024-01-16 15:36:48,455 - INFO - Maximum log composite likelihood: -1307.3446610172825.
2024-01-16 15:36:48,455 - INFO - Optimal value of theta: 32362.61288507916.
2024-01-16 15:36:48,455 - INFO - Beginning optimization with guess, [0.63579954 1.18412026 0.00609602 0.0071037 ].
2024-01-16 15:39:00,438 - INFO - Finished optimization with guess, [0.63579954 1.18412026 0.00609602 0.0071037 ].
2024-01-16 15:39:00,439 - INFO - Best fit parameters: [0.67263464 1.32235762 0.24819553 0.01205477].
2024-01-16 15:39:02,109 - INFO - Maximum log composite likelihood: -1189.4604939952694.
2024-01-16 15:39:02,109 - INFO - Optimal value of theta: 5870.0490181399055.
2024-01-16 15:39:02,110 - INFO - Beginning optimization with guess, [1.33507146 0.64145657 0.014489   0.01068322].
2024-01-16 15:41:25,505 - INFO - Finished optimization with guess, [1.33507146 0.64145657 0.014489   0.01068322].
2024-01-16 15:41:25,506 - INFO - Best fit parameters: [1.55298979e+00 1.06206650e+00 7.67516362e-03 2.08044128e-04].
2024-01-16 15:41:27,132 - INFO - Maximum log composite likelihood: -1351.703698152034.
2024-01-16 15:41:27,132 - INFO - Optimal value of theta: 4921.571703775034.
2024-01-16 15:41:27,132 - INFO - Beginning optimization with guess, [0.70321795 1.3512866  0.01976166 0.00878222].
2024-01-16 15:43:55,587 - INFO - Finished optimization with guess, [0.70321795 1.3512866  0.01976166 0.00878222].
2024-01-16 15:43:55,588 - INFO - Best fit parameters: [0.65530327 1.15724081 0.36074002 0.01316484].
2024-01-16 15:43:57,243 - INFO - Maximum log composite likelihood: -1171.641219042003.
2024-01-16 15:43:57,243 - INFO - Optimal value of theta: 6206.477002799113.
2024-01-16 15:43:57,244 - INFO - Beginning optimization with guess, [1.44241017 0.59274157 0.00649418 0.005295  ].
2024-01-16 15:46:21,320 - INFO - Finished optimization with guess, [1.44241017 0.59274157 0.00649418 0.005295  ].
2024-01-16 15:46:21,322 - INFO - Best fit parameters: [1.56990722e+00 7.49132452e-01 7.26979238e-03 9.38312101e-05].
2024-01-16 15:46:22,953 - INFO - Maximum log composite likelihood: -1351.6317846247935.
2024-01-16 15:46:22,953 - INFO - Optimal value of theta: 4933.821081659942.
2024-01-16 15:46:22,953 - INFO - Beginning optimization with guess, [0.97717766 0.96949752 0.00583795 0.01673349].
2024-01-16 15:48:41,250 - INFO - Finished optimization with guess, [0.97717766 0.96949752 0.00583795 0.01673349].
2024-01-16 15:48:41,252 - INFO - Best fit parameters: [8.45907811e-01 1.51092118e+00 4.85413554e-13 6.68347177e-03].
2024-01-16 15:48:42,915 - INFO - Maximum log composite likelihood: -1354.0964470170945.
2024-01-16 15:48:42,915 - INFO - Optimal value of theta: 4962.49149257015.
2024-01-16 15:48:42,916 - INFO - Beginning optimization with guess, [2.25326004 1.62810375 0.00509034 0.01295073].
2024-01-16 15:50:57,034 - INFO - Finished optimization with guess, [2.25326004 1.62810375 0.00509034 0.01295073].
2024-01-16 15:50:57,035 - INFO - Best fit parameters: [3.20131719e+00 1.16594731e+00 2.77259583e-03 2.24375677e-03].
2024-01-16 15:50:58,718 - INFO - Maximum log composite likelihood: -1348.380112850165.
2024-01-16 15:50:58,718 - INFO - Optimal value of theta: 4937.950973128781.
2024-01-16 15:50:58,718 - INFO - Beginning optimization with guess, [1.2720298  2.45655509 0.00520851 0.01386975].
2024-01-16 15:53:23,727 - INFO - Finished optimization with guess, [1.2720298  2.45655509 0.00520851 0.01386975].
2024-01-16 15:53:23,728 - INFO - Best fit parameters: [1.34817434 1.57821159 0.00635816 0.00248472].
2024-01-16 15:53:25,407 - INFO - Maximum log composite likelihood: -1352.9322609556332.
2024-01-16 15:53:25,407 - INFO - Optimal value of theta: 4932.177673763365.
2024-01-16 15:53:25,407 - INFO - Beginning optimization with guess, [1.30804973 1.5498917  0.01708221 0.01123453].
2024-01-16 15:55:54,303 - INFO - Finished optimization with guess, [1.30804973 1.5498917  0.01708221 0.01123453].
2024-01-16 15:55:54,305 - INFO - Best fit parameters: [1.14980571 1.60491447 0.00302986 0.00547696].
2024-01-16 15:55:55,943 - INFO - Maximum log composite likelihood: -1352.6007896694348.
2024-01-16 15:55:55,943 - INFO - Optimal value of theta: 4932.290264295267.
2024-01-16 15:55:55,943 - INFO - Beginning optimization with guess, [3.86220818 1.47849496 0.01330808 0.0055043 ].
2024-01-16 15:58:16,924 - INFO - Finished optimization with guess, [3.86220818 1.47849496 0.01330808 0.0055043 ].
2024-01-16 15:58:16,926 - INFO - Best fit parameters: [2.55104277e+00 1.34672374e+00 2.57477833e-03 2.54355823e-03].
2024-01-16 15:58:18,587 - INFO - Maximum log composite likelihood: -1349.641009829798.
2024-01-16 15:58:18,587 - INFO - Optimal value of theta: 4932.86931695126.
2024-01-16 15:58:18,587 - INFO - Beginning optimization with guess, [2.85676325 3.74593502 0.01336936 0.01389858].
2024-01-16 16:00:39,219 - INFO - Finished optimization with guess, [2.85676325 3.74593502 0.01336936 0.01389858].
2024-01-16 16:00:39,221 - INFO - Best fit parameters: [3.56425627e+00 1.05343631e+00 3.17378594e-03 2.10935237e-03].
2024-01-16 16:00:40,851 - INFO - Maximum log composite likelihood: -1347.7317156620193.
2024-01-16 16:00:40,851 - INFO - Optimal value of theta: 4926.135743033672.
2024-01-16 16:00:40,852 - INFO - Beginning optimization with guess, [3.04165336 4.50008263 0.00528032 0.00961074].
2024-01-16 16:02:58,639 - INFO - Finished optimization with guess, [3.04165336 4.50008263 0.00528032 0.00961074].
2024-01-16 16:02:58,640 - INFO - Best fit parameters: [4.77374939e+00 1.22301079e+00 2.27004620e-03 3.68083022e-03].
2024-01-16 16:03:00,288 - INFO - Maximum log composite likelihood: -1349.9638040938737.
2024-01-16 16:03:00,288 - INFO - Optimal value of theta: 4924.317033698038.
2024-01-16 16:03:00,289 - INFO - Beginning optimization with guess, [1.67574577 4.23042908 0.01776921 0.0052353 ].
2024-01-16 16:05:31,053 - INFO - Finished optimization with guess, [1.67574577 4.23042908 0.01776921 0.0052353 ].
2024-01-16 16:05:31,055 - INFO - Best fit parameters: [1.43734638e+00 2.31058423e+00 8.45277376e-03 2.01609808e-04].
2024-01-16 16:05:32,698 - INFO - Maximum log composite likelihood: -1353.9606002329028.
2024-01-16 16:05:32,698 - INFO - Optimal value of theta: 4924.7089383139455.
2024-01-16 16:05:32,699 - INFO - Beginning optimization with guess, [2.37262257 1.53716138 0.00686339 0.00590596].
2024-01-16 16:07:52,188 - INFO - Finished optimization with guess, [2.37262257 1.53716138 0.00686339 0.00590596].
2024-01-16 16:07:52,189 - INFO - Best fit parameters: [3.49634473e+00 1.06946428e+00 3.08449062e-03 1.99154623e-03].
2024-01-16 16:07:53,823 - INFO - Maximum log composite likelihood: -1347.8347349764651.
2024-01-16 16:07:53,823 - INFO - Optimal value of theta: 4926.984055784731.
2024-01-16 16:07:53,823 - INFO - Beginning optimization with guess, [5.6297148  2.09996151 0.00631108 0.00674274].
2024-01-16 16:10:22,802 - INFO - Finished optimization with guess, [5.6297148  2.09996151 0.00631108 0.00674274].
2024-01-16 16:10:22,803 - INFO - Best fit parameters: [4.11625650e+00 1.50499634e+00 2.16336987e-04 7.30121539e-03].
2024-01-16 16:10:24,414 - INFO - Maximum log composite likelihood: -1352.330058031853.
2024-01-16 16:10:24,414 - INFO - Optimal value of theta: 4926.221586504007.
2024-01-16 16:10:24,415 - INFO - Beginning optimization with guess, [2.83776246 1.94343744 0.00753887 0.01193402].
2024-01-16 16:12:49,369 - INFO - Finished optimization with guess, [2.83776246 1.94343744 0.00753887 0.01193402].
2024-01-16 16:12:49,380 - INFO - Best fit parameters: [4.07986681e+00 6.92179319e-01 3.54407585e-03 9.93107906e-04].
2024-01-16 16:12:50,975 - INFO - Maximum log composite likelihood: -1346.3843839619126.
2024-01-16 16:12:50,975 - INFO - Optimal value of theta: 4937.727122407101.
2024-01-16 16:12:50,975 - INFO - Beginning optimization with guess, [2.55776996 5.47352456 0.00980493 0.01301853].
2024-01-16 16:15:11,813 - INFO - Finished optimization with guess, [2.55776996 5.47352456 0.00980493 0.01301853].
2024-01-16 16:15:11,814 - INFO - Best fit parameters: [2.73306120e+00 1.05350229e+00 3.47042358e-03 1.55801829e-03].
2024-01-16 16:15:13,447 - INFO - Maximum log composite likelihood: -1347.3869456184666.
2024-01-16 16:15:13,448 - INFO - Optimal value of theta: 4937.2646083017735.
2024-01-16 16:15:13,448 - INFO - Beginning optimization with guess, [4.10362097e+00 8.44807095e+00 5.01845243e-03 8.52415360e-03].
2024-01-16 16:17:39,138 - INFO - Finished optimization with guess, [4.10362097e+00 8.44807095e+00 5.01845243e-03 8.52415360e-03].
2024-01-16 16:17:39,139 - INFO - Best fit parameters: [6.60791135e+00 1.33601745e+00 1.39263976e-03 4.69508325e-03].
2024-01-16 16:17:40,776 - INFO - Maximum log composite likelihood: -1351.7053178733927.
2024-01-16 16:17:40,776 - INFO - Optimal value of theta: 4939.3169793754705.
2024-01-16 16:17:40,776 - INFO - Beginning optimization with guess, [5.55228723e+00 9.89098400e+00 6.30258126e-03 7.21379148e-03].
2024-01-16 16:20:14,798 - INFO - Finished optimization with guess, [5.55228723e+00 9.89098400e+00 6.30258126e-03 7.21379148e-03].
2024-01-16 16:20:14,800 - INFO - Best fit parameters: [8.39426608e+00 1.33971578e+00 1.42327812e-03 5.88121261e-03].
2024-01-16 16:20:16,420 - INFO - Maximum log composite likelihood: -1351.662357419395.
2024-01-16 16:20:16,420 - INFO - Optimal value of theta: 4917.200158812845.
2024-01-16 16:20:16,420 - INFO - Beginning optimization with guess, [1.11931369e+01 8.70208791e+00 8.00319049e-03 9.58038902e-03].
2024-01-16 16:22:41,917 - INFO - Finished optimization with guess, [1.11931369e+01 8.70208791e+00 8.00319049e-03 9.58038902e-03].
2024-01-16 16:22:41,919 - INFO - Best fit parameters: [1.31595963e+01 8.91688498e-01 2.99282134e-03 2.77013935e-03].
2024-01-16 16:22:43,556 - INFO - Maximum log composite likelihood: -1349.9147956097968.
2024-01-16 16:22:43,557 - INFO - Optimal value of theta: 4928.342314024647.
2024-01-16 16:22:43,557 - INFO - Beginning optimization with guess, [9.15952733e+00 1.07062730e+01 1.12825591e-02 6.46719940e-03].
2024-01-16 16:25:09,834 - INFO - Finished optimization with guess, [9.15952733e+00 1.07062730e+01 1.12825591e-02 6.46719940e-03].
2024-01-16 16:25:09,836 - INFO - Best fit parameters: [6.35041478e+00 1.48278819e+00 5.01814924e-04 7.18455531e-03].
2024-01-16 16:25:11,463 - INFO - Maximum log composite likelihood: -1352.376145562344.
2024-01-16 16:25:11,463 - INFO - Optimal value of theta: 4912.281126119763.
2024-01-16 16:25:11,469 - INFO - Finished demographic inference.
2024-01-16 16:25:11,469 - INFO - Pipeline executed succesfully.
