2025-08-11 14:46:28,743 - INFO - Beginning execution of fit_demographic_model.py in directory /u/project/kirk-bigdata/jonmah/sample_size_demography/Scripts

2025-08-11 14:46:28,743 - INFO - Progress is being logged to ../Analysis/msprime_3EpB_20/log.log

2025-08-11 14:46:28,743 - INFO - Parsed the following arguments:
	syn_input_sfs = ../Simulations/simple_simulations/ThreeEpochBottleneck_20_concat.sfs
	mask_singletons = False
	mask_doubletons = False
	L_syn = 100000000.0
	input_params = [0.17314914, 0.24472068, 0.10483755, 0.09243103]
	outprefix = ../Analysis/msprime_3EpB_20/

2025-08-11 14:46:28,744 - INFO - Beginning demographic inference for three-epoch demographic model.
2025-08-11 14:46:28,746 - INFO - Beginning optimization with guess, [0.28914788 0.25743133 0.11511986 0.08617618].
2025-08-11 14:46:28,891 - INFO - Finished optimization with guess, [0.28914788 0.25743133 0.11511986 0.08617618].
2025-08-11 14:46:28,891 - INFO - Best fit parameters: [0.25990486 0.26534968 0.11970931 0.09044841].
2025-08-11 14:46:28,900 - INFO - Maximum log composite likelihood: -215.09122319794187.
2025-08-11 14:46:28,900 - INFO - Optimal value of theta: 47293.33334725172.
2025-08-11 14:46:28,900 - INFO - Beginning optimization with guess, [0.32580092 0.38988056 0.11042449 0.12974491].
2025-08-11 14:46:29,029 - INFO - Finished optimization with guess, [0.32580092 0.38988056 0.11042449 0.12974491].
2025-08-11 14:46:29,029 - INFO - Best fit parameters: [0.35223149 0.25907406 0.10219586 0.11844086].
2025-08-11 14:46:29,038 - INFO - Maximum log composite likelihood: -219.5680371819035.
2025-08-11 14:46:29,038 - INFO - Optimal value of theta: 45201.003335738824.
2025-08-11 14:46:29,038 - INFO - Beginning optimization with guess, [0.26536322 0.29621591 0.10348523 0.08119863].
2025-08-11 14:46:29,167 - INFO - Finished optimization with guess, [0.26536322 0.29621591 0.10348523 0.08119863].
2025-08-11 14:46:29,167 - INFO - Best fit parameters: [0.25864119 0.26625642 0.10239979 0.07981112].
2025-08-11 14:46:29,176 - INFO - Maximum log composite likelihood: -214.41451706261432.
2025-08-11 14:46:29,176 - INFO - Optimal value of theta: 44762.46709939748.
2025-08-11 14:46:29,176 - INFO - Beginning optimization with guess, [0.09770737 0.40025793 0.16080726 0.08827078].
2025-08-11 14:46:29,323 - INFO - Finished optimization with guess, [0.09770737 0.40025793 0.16080726 0.08827078].
2025-08-11 14:46:29,324 - INFO - Best fit parameters: [0.1973528  0.27721229 0.08891039 0.07558162].
2025-08-11 14:46:29,332 - INFO - Maximum log composite likelihood: -197.8271307614741.
2025-08-11 14:46:29,332 - INFO - Optimal value of theta: 46374.3091302675.
2025-08-11 14:46:29,332 - INFO - Beginning optimization with guess, [0.22755345 0.45211147 0.07284858 0.1363716 ].
2025-08-11 14:46:29,456 - INFO - Finished optimization with guess, [0.22755345 0.45211147 0.07284858 0.1363716 ].
2025-08-11 14:46:29,456 - INFO - Best fit parameters: [0.25963724 0.22969348 0.06301412 0.11438498].
2025-08-11 14:46:29,464 - INFO - Maximum log composite likelihood: -234.5510310043901.
2025-08-11 14:46:29,464 - INFO - Optimal value of theta: 47458.66085318724.
2025-08-11 14:46:29,465 - INFO - Beginning optimization with guess, [0.11108682 0.14317353 0.12341035 0.17173238].
2025-08-11 14:46:29,641 - INFO - Finished optimization with guess, [0.11108682 0.14317353 0.12341035 0.17173238].
2025-08-11 14:46:29,642 - INFO - Best fit parameters: [0.19335223 0.13385412 0.07824272 0.12272318].
2025-08-11 14:46:29,652 - INFO - Maximum log composite likelihood: -276.5837487489807.
2025-08-11 14:46:29,652 - INFO - Optimal value of theta: 77192.73163756053.
2025-08-11 14:46:29,652 - INFO - Beginning optimization with guess, [0.11472406 0.14380053 0.08301481 0.09626645].
2025-08-11 14:46:29,848 - INFO - Finished optimization with guess, [0.11472406 0.14380053 0.08301481 0.09626645].
2025-08-11 14:46:29,848 - INFO - Best fit parameters: [0.11242694 0.14602963 0.08438947 0.09758734].
2025-08-11 14:46:29,859 - INFO - Maximum log composite likelihood: -196.27198898984716.
2025-08-11 14:46:29,859 - INFO - Optimal value of theta: 82308.53203695203.
2025-08-11 14:46:29,859 - INFO - Beginning optimization with guess, [0.19612902 0.47995018 0.14780041 0.06537192].
2025-08-11 14:46:30,017 - INFO - Finished optimization with guess, [0.19612902 0.47995018 0.14780041 0.06537192].
2025-08-11 14:46:30,017 - INFO - Best fit parameters: [0.22260364 0.31606    0.10451254 0.05287293].
2025-08-11 14:46:30,025 - INFO - Maximum log composite likelihood: -199.6702146563548.
2025-08-11 14:46:30,025 - INFO - Optimal value of theta: 43182.899461595756.
2025-08-11 14:46:30,025 - INFO - Beginning optimization with guess, [0.09598054 0.30869077 0.11881044 0.06539943].
2025-08-11 14:46:30,159 - INFO - Finished optimization with guess, [0.09598054 0.30869077 0.11881044 0.06539943].
2025-08-11 14:46:30,159 - INFO - Best fit parameters: [0.1816695  0.22908172 0.06646158 0.05342444].
2025-08-11 14:46:30,166 - INFO - Maximum log composite likelihood: -275.67437288279325.
2025-08-11 14:46:30,166 - INFO - Optimal value of theta: 44795.69820161545.
2025-08-11 14:46:30,167 - INFO - Beginning optimization with guess, [0.13697729 0.19430474 0.09934985 0.16202031].
2025-08-11 14:46:30,324 - INFO - Finished optimization with guess, [0.13697729 0.19430474 0.09934985 0.16202031].
2025-08-11 14:46:30,324 - INFO - Best fit parameters: [0.16985125 0.1684401  0.08327044 0.13537068].
2025-08-11 14:46:30,335 - INFO - Maximum log composite likelihood: -198.29439368328167.
2025-08-11 14:46:30,335 - INFO - Optimal value of theta: 71277.22791508267.
2025-08-11 14:46:30,335 - INFO - Beginning optimization with guess, [0.14928894 0.44763195 0.05587793 0.15720598].
2025-08-11 14:46:30,460 - INFO - Finished optimization with guess, [0.14928894 0.44763195 0.05587793 0.15720598].
2025-08-11 14:46:30,460 - INFO - Best fit parameters: [0.19657548 0.22876544 0.04319736 0.12232305].
2025-08-11 14:46:30,469 - INFO - Maximum log composite likelihood: -225.66594377928413.
2025-08-11 14:46:30,469 - INFO - Optimal value of theta: 48473.36859922897.
2025-08-11 14:46:30,469 - INFO - Beginning optimization with guess, [0.10525764 0.30785267 0.11241756 0.14735495].
2025-08-11 14:46:30,619 - INFO - Finished optimization with guess, [0.10525764 0.30785267 0.11241756 0.14735495].
2025-08-11 14:46:30,619 - INFO - Best fit parameters: [0.19650951 0.19371218 0.0659365  0.12759781].
2025-08-11 14:46:30,628 - INFO - Maximum log composite likelihood: -218.66170362871708.
2025-08-11 14:46:30,629 - INFO - Optimal value of theta: 57876.72127778084.
2025-08-11 14:46:30,629 - INFO - Beginning optimization with guess, [0.12578888 0.3139456  0.1492477  0.15037395].
2025-08-11 14:46:30,784 - INFO - Finished optimization with guess, [0.12578888 0.3139456  0.1492477  0.15037395].
2025-08-11 14:46:30,784 - INFO - Best fit parameters: [0.2405575  0.19458456 0.0882793  0.13277215].
2025-08-11 14:46:30,793 - INFO - Maximum log composite likelihood: -210.7250777590598.
2025-08-11 14:46:30,793 - INFO - Optimal value of theta: 58772.121922500235.
2025-08-11 14:46:30,793 - INFO - Beginning optimization with guess, [0.12432905 0.1841899  0.14096248 0.11063562].
2025-08-11 14:46:30,956 - INFO - Finished optimization with guess, [0.12432905 0.1841899  0.14096248 0.11063562].
2025-08-11 14:46:30,956 - INFO - Best fit parameters: [0.16025809 0.15704852 0.11468886 0.1003978 ].
2025-08-11 14:46:30,967 - INFO - Maximum log composite likelihood: -199.66971302956154.
2025-08-11 14:46:30,967 - INFO - Optimal value of theta: 75449.26023298268.
2025-08-11 14:46:30,968 - INFO - Beginning optimization with guess, [0.09943261 0.30336916 0.13691633 0.06674751].
2025-08-11 14:46:31,105 - INFO - Finished optimization with guess, [0.09943261 0.30336916 0.13691633 0.06674751].
2025-08-11 14:46:31,106 - INFO - Best fit parameters: [0.19138719 0.22310376 0.0766301  0.05573305].
2025-08-11 14:46:31,113 - INFO - Maximum log composite likelihood: -270.63214804944437.
2025-08-11 14:46:31,113 - INFO - Optimal value of theta: 46271.33393452535.
2025-08-11 14:46:31,114 - INFO - Beginning optimization with guess, [0.24192837 0.17868946 0.11375142 0.09133427].
2025-08-11 14:46:31,262 - INFO - Finished optimization with guess, [0.24192837 0.17868946 0.11375142 0.09133427].
2025-08-11 14:46:31,263 - INFO - Best fit parameters: [0.22000262 0.20587175 0.12190199 0.09920703].
2025-08-11 14:46:31,272 - INFO - Maximum log composite likelihood: -202.75671514123678.
2025-08-11 14:46:31,272 - INFO - Optimal value of theta: 57595.01531437338.
2025-08-11 14:46:31,272 - INFO - Beginning optimization with guess, [0.23028187 0.46116134 0.09955808 0.08380175].
2025-08-11 14:46:31,387 - INFO - Finished optimization with guess, [0.23028187 0.46116134 0.09955808 0.08380175].
2025-08-11 14:46:31,387 - INFO - Best fit parameters: [0.25926366 0.26857899 0.08001025 0.06146443].
2025-08-11 14:46:31,394 - INFO - Maximum log composite likelihood: -243.84995591906045.
2025-08-11 14:46:31,395 - INFO - Optimal value of theta: 40857.20120184558.
2025-08-11 14:46:31,395 - INFO - Beginning optimization with guess, [0.10821685 0.25813178 0.15654926 0.1546734 ].
2025-08-11 14:46:31,566 - INFO - Finished optimization with guess, [0.10821685 0.25813178 0.15654926 0.1546734 ].
2025-08-11 14:46:31,566 - INFO - Best fit parameters: [0.21314444 0.16544271 0.09110392 0.14104394].
2025-08-11 14:46:31,576 - INFO - Maximum log composite likelihood: -204.61238200368462.
2025-08-11 14:46:31,576 - INFO - Optimal value of theta: 70177.59822625769.
2025-08-11 14:46:31,576 - INFO - Beginning optimization with guess, [0.16429924 0.21285578 0.18635663 0.08759759].
2025-08-11 14:46:31,729 - INFO - Finished optimization with guess, [0.16429924 0.21285578 0.18635663 0.08759759].
2025-08-11 14:46:31,729 - INFO - Best fit parameters: [0.20653282 0.17931661 0.15521805 0.08175309].
2025-08-11 14:46:31,739 - INFO - Maximum log composite likelihood: -204.88455012971463.
2025-08-11 14:46:31,739 - INFO - Optimal value of theta: 65326.12675079857.
2025-08-11 14:46:31,739 - INFO - Beginning optimization with guess, [0.11642935 0.17462091 0.19568517 0.10119248].
2025-08-11 14:46:31,916 - INFO - Finished optimization with guess, [0.11642935 0.17462091 0.19568517 0.10119248].
2025-08-11 14:46:31,916 - INFO - Best fit parameters: [0.22329238 0.12545361 0.11881235 0.09525184].
2025-08-11 14:46:31,926 - INFO - Maximum log composite likelihood: -370.10395452248486.
2025-08-11 14:46:31,926 - INFO - Optimal value of theta: 75444.31092968347.
2025-08-11 14:46:31,927 - INFO - Beginning optimization with guess, [0.11525513 0.24170851 0.17764728 0.06697758].
2025-08-11 14:46:32,075 - INFO - Finished optimization with guess, [0.11525513 0.24170851 0.17764728 0.06697758].
2025-08-11 14:46:32,076 - INFO - Best fit parameters: [0.22233044 0.17974668 0.10284776 0.05895207].
2025-08-11 14:46:32,084 - INFO - Maximum log composite likelihood: -368.64615946546473.
2025-08-11 14:46:32,084 - INFO - Optimal value of theta: 51453.048024649645.
2025-08-11 14:46:32,084 - INFO - Beginning optimization with guess, [0.18537542 0.15686384 0.07661057 0.12131079].
2025-08-11 14:46:32,250 - INFO - Finished optimization with guess, [0.18537542 0.15686384 0.07661057 0.12131079].
2025-08-11 14:46:32,250 - INFO - Best fit parameters: [0.17253425 0.16868931 0.08103026 0.13544784].
2025-08-11 14:46:32,261 - INFO - Maximum log composite likelihood: -199.52572875151964.
2025-08-11 14:46:32,261 - INFO - Optimal value of theta: 70400.02861891883.
2025-08-11 14:46:32,261 - INFO - Beginning optimization with guess, [0.19946005 0.34620615 0.07538265 0.08757733].
2025-08-11 14:46:32,381 - INFO - Finished optimization with guess, [0.19946005 0.34620615 0.07538265 0.08757733].
2025-08-11 14:46:32,381 - INFO - Best fit parameters: [0.20384471 0.27896763 0.07190997 0.08049406].
2025-08-11 14:46:32,389 - INFO - Maximum log composite likelihood: -205.45771183860052.
2025-08-11 14:46:32,389 - INFO - Optimal value of theta: 43910.61420907352.
2025-08-11 14:46:32,389 - INFO - Beginning optimization with guess, [0.09582733 0.36352886 0.05568208 0.1082801 ].
2025-08-11 14:46:32,510 - INFO - Finished optimization with guess, [0.09582733 0.36352886 0.05568208 0.1082801 ].
2025-08-11 14:46:32,510 - INFO - Best fit parameters: [0.14786153 0.24100082 0.03667445 0.07979795].
2025-08-11 14:46:32,518 - INFO - Maximum log composite likelihood: -252.2668861514794.
2025-08-11 14:46:32,518 - INFO - Optimal value of theta: 43879.16006971804.
2025-08-11 14:46:32,518 - INFO - Beginning optimization with guess, [0.2334328  0.18655628 0.09205611 0.0641357 ].
2025-08-11 14:46:32,646 - INFO - Finished optimization with guess, [0.2334328  0.18655628 0.09205611 0.0641357 ].
2025-08-11 14:46:32,646 - INFO - Best fit parameters: [0.20793186 0.25244173 0.10132345 0.069586  ].
2025-08-11 14:46:32,655 - INFO - Maximum log composite likelihood: -197.4853467585017.
2025-08-11 14:46:32,655 - INFO - Optimal value of theta: 48065.8435868794.
2025-08-11 14:46:32,656 - INFO - Converting and interpreting Tau estimates.
2025-08-11 14:46:32,656 - INFO - Finished demographic inference.
2025-08-11 14:46:32,656 - INFO - Pipeline executed succesfully.
