2025-03-19 19:41:35,085 - INFO - Beginning execution of evaluate_true_demography_fit.py in directory /u/project/kirk/jonmah/sample_size_demography/Scripts

2025-03-19 19:41:35,085 - INFO - Progress is being logged to ../Analysis/ThreeEpochExpansion_30/evaluate_demography.log

2025-03-19 19:41:35,085 - INFO - Parsed the following arguments:
	syn_input_sfs = ../Analysis/ThreeEpochExpansion_30/syn_downsampled_sfs.txt
	model_type = three_epoch
	params_list = [2.0, 4.0, 0.09, 0.01]
	mask_singletons = False
	mask_doubletons = False
	outprefix = ../Analysis/ThreeEpochExpansion_30/

2025-03-19 19:41:35,086 - INFO - Beginning demographic evaluation for three-epoch demographic model.
2025-03-19 19:41:35,088 - INFO - Beginning optimization with guess, [2.0, 4.0, 0.09, 0.01].
2025-03-19 19:41:35,088 - INFO - Finished optimization with guess, [2.0, 4.0, 0.09, 0.01].
2025-03-19 19:41:35,088 - INFO - Best fit parameters: [2.0, 4.0, 0.09, 0.01].
2025-03-19 19:41:35,099 - INFO - Maximum log composite likelihood: -74.60009603831986.
2025-03-19 19:41:35,099 - INFO - Optimal value of theta: 12026.096914343378.
2025-03-19 19:41:35,099 - INFO - Synonymous input SFS: [-- 18406.15994992654 7508.051361331921 4720.685387012718 3545.237731065313 2918.002022973002 2524.487591573984 2247.692605449107 2040.352455334526 1883.864246461081 1770.347354418231 1693.737245541737 1646.606321226277 1620.61615851032 1608.339750307133 802.4099213900973 -- -- -- -- -- -- -- -- -- -- -- -- -- -- --].
2025-03-19 19:41:35,100 - INFO - Scaled spectrum: [-- 18241.395490552968 7504.626678323541 4746.034051660884 3561.2084137996344 2917.3557082371444 2516.266768758669 2244.6584262884526 2051.144608688245 1909.2303015083628 1803.9126526144748 1726.1201054816825 1670.143556772503 1632.3470532087567 1610.483436001996 801.6628506246781 -- -- -- -- -- -- -- -- -- -- -- -- -- -- --].
2025-03-19 19:41:35,101 - INFO - Converting and interpreting Tau estimates.
2025-03-19 19:41:35,102 - INFO - Finished demographic evaluation.
2025-03-19 19:41:35,102 - INFO - Pipeline executed succesfully.
