2025-08-11 15:07:40,247 - INFO - Beginning execution of fit_demographic_model.py in directory /u/project/kirk-bigdata/jonmah/sample_size_demography/Scripts

2025-08-11 15:07:40,247 - INFO - Progress is being logged to ../Analysis/dadi_3EpB_120/log.log

2025-08-11 15:07:40,247 - INFO - Parsed the following arguments:
	syn_input_sfs = ../Simulations/dadi_simulations/ThreeEpochBottleneck_120.sfs
	mask_singletons = False
	mask_doubletons = False
	L_syn = 100000000.0
	input_params = [0.09434304, 6.01901265, 0.0518602, 0.01419398]
	outprefix = ../Analysis/dadi_3EpB_120/

2025-08-11 15:07:40,249 - INFO - Beginning demographic inference for three-epoch demographic model.
2025-08-11 15:07:40,250 - INFO - Beginning optimization with guess, [0.11993402 4.38421464 0.06993728 0.01895428].
2025-08-11 15:07:41,923 - INFO - Finished optimization with guess, [0.11993402 4.38421464 0.06993728 0.01895428].
2025-08-11 15:07:41,923 - INFO - Best fit parameters: [0.12917231 4.35894261 0.06371491 0.01609701].
2025-08-11 15:07:42,035 - INFO - Maximum log composite likelihood: -421.085547674561.
2025-08-11 15:07:42,035 - INFO - Optimal value of theta: 41711.80186481137.
2025-08-11 15:07:42,035 - INFO - Beginning optimization with guess, [0.13452733 3.44652643 0.04066911 0.01712707].
2025-08-11 15:07:43,721 - INFO - Finished optimization with guess, [0.13452733 3.44652643 0.04066911 0.01712707].
2025-08-11 15:07:43,721 - INFO - Best fit parameters: [0.11585139 3.60433906 0.04559196 0.01940159].
2025-08-11 15:07:43,832 - INFO - Maximum log composite likelihood: -516.9091820524868.
2025-08-11 15:07:43,832 - INFO - Optimal value of theta: 38137.58897134102.
2025-08-11 15:07:43,832 - INFO - Beginning optimization with guess, [0.09825796 4.96369537 0.02772896 0.02115609].
2025-08-11 15:07:45,515 - INFO - Finished optimization with guess, [0.09825796 4.96369537 0.02772896 0.02115609].
2025-08-11 15:07:45,516 - INFO - Best fit parameters: [0.08165581 5.00544642 0.03162796 0.02065497].
2025-08-11 15:07:45,627 - INFO - Maximum log composite likelihood: -442.7657652823045.
2025-08-11 15:07:45,627 - INFO - Optimal value of theta: 38168.15332283905.
2025-08-11 15:07:45,627 - INFO - Beginning optimization with guess, [0.09330704 7.28277912 0.02718644 0.00981205].
2025-08-11 15:07:47,317 - INFO - Finished optimization with guess, [0.09330704 7.28277912 0.02718644 0.00981205].
2025-08-11 15:07:47,318 - INFO - Best fit parameters: [0.08269861 7.58518106 0.03215359 0.01405427].
2025-08-11 15:07:47,428 - INFO - Maximum log composite likelihood: -608.5603279786419.
2025-08-11 15:07:47,428 - INFO - Optimal value of theta: 41223.637287986545.
2025-08-11 15:07:47,429 - INFO - Beginning optimization with guess, [0.13152253 5.3234891  0.06641415 0.00984483].
2025-08-11 15:07:49,134 - INFO - Finished optimization with guess, [0.13152253 5.3234891  0.06641415 0.00984483].
2025-08-11 15:07:49,134 - INFO - Best fit parameters: [0.11700294 5.5441288  0.07573514 0.01208038].
2025-08-11 15:07:49,246 - INFO - Maximum log composite likelihood: -306.02442277623186.
2025-08-11 15:07:49,246 - INFO - Optimal value of theta: 48801.30028466874.
2025-08-11 15:07:49,247 - INFO - Beginning optimization with guess, [0.14556818 4.83454403 0.06818513 0.00868353].
2025-08-11 15:07:50,999 - INFO - Finished optimization with guess, [0.14556818 4.83454403 0.06818513 0.00868353].
2025-08-11 15:07:50,999 - INFO - Best fit parameters: [0.12355018 5.15641005 0.08266607 0.01178836].
2025-08-11 15:07:51,112 - INFO - Maximum log composite likelihood: -330.7329399052628.
2025-08-11 15:07:51,113 - INFO - Optimal value of theta: 49302.11197769737.
2025-08-11 15:07:51,113 - INFO - Beginning optimization with guess, [ 0.05457448 10.19398567  0.05751625  0.01267985].
2025-08-11 15:07:52,809 - INFO - Finished optimization with guess, [ 0.05457448 10.19398567  0.05751625  0.01267985].
2025-08-11 15:07:52,809 - INFO - Best fit parameters: [0.06840325 9.78707795 0.04757241 0.01055568].
2025-08-11 15:07:52,921 - INFO - Maximum log composite likelihood: -813.3672129749712.
2025-08-11 15:07:52,922 - INFO - Optimal value of theta: 54992.49190548077.
2025-08-11 15:07:52,922 - INFO - Beginning optimization with guess, [0.0498079  5.33715904 0.04856573 0.02775823].
2025-08-11 15:07:54,601 - INFO - Finished optimization with guess, [0.0498079  5.33715904 0.04856573 0.02775823].
2025-08-11 15:07:54,601 - INFO - Best fit parameters: [0.08666739 4.98306087 0.02924562 0.01703407].
2025-08-11 15:07:54,712 - INFO - Maximum log composite likelihood: -526.9139422888588.
2025-08-11 15:07:54,712 - INFO - Optimal value of theta: 38325.96679848565.
2025-08-11 15:07:54,712 - INFO - Beginning optimization with guess, [0.06236092 8.08847378 0.07492725 0.01474104].
2025-08-11 15:07:56,403 - INFO - Finished optimization with guess, [0.06236092 8.08847378 0.07492725 0.01474104].
2025-08-11 15:07:56,403 - INFO - Best fit parameters: [0.1103294  7.46744765 0.04669086 0.01081657].
2025-08-11 15:07:56,517 - INFO - Maximum log composite likelihood: -1232.9545497134504.
2025-08-11 15:07:56,517 - INFO - Optimal value of theta: 43335.25002771347.
2025-08-11 15:07:56,517 - INFO - Beginning optimization with guess, [0.07571566 9.98303022 0.05355578 0.02112859].
2025-08-11 15:07:58,222 - INFO - Finished optimization with guess, [0.07571566 9.98303022 0.05355578 0.02112859].
2025-08-11 15:07:58,222 - INFO - Best fit parameters: [0.11611539 8.85223614 0.03754779 0.01405375].
2025-08-11 15:07:58,332 - INFO - Maximum log composite likelihood: -756.5443865263919.
2025-08-11 15:07:58,332 - INFO - Optimal value of theta: 37808.747567098435.
2025-08-11 15:07:58,332 - INFO - Beginning optimization with guess, [0.07219242 4.237384   0.09703997 0.01459952].
2025-08-11 15:08:00,022 - INFO - Finished optimization with guess, [0.07219242 4.237384   0.09703997 0.01459952].
2025-08-11 15:08:00,022 - INFO - Best fit parameters: [0.12676577 3.98184087 0.05900044 0.01102801].
2025-08-11 15:08:00,133 - INFO - Maximum log composite likelihood: -1391.5411289728813.
2025-08-11 15:08:00,133 - INFO - Optimal value of theta: 44332.485866321615.
2025-08-11 15:08:00,133 - INFO - Beginning optimization with guess, [0.09596805 7.81411085 0.08992049 0.01107686].
2025-08-11 15:08:01,817 - INFO - Finished optimization with guess, [0.09596805 7.81411085 0.08992049 0.01107686].
2025-08-11 15:08:01,818 - INFO - Best fit parameters: [0.10613509 7.64913517 0.08249304 0.01008442].
2025-08-11 15:08:01,932 - INFO - Maximum log composite likelihood: -337.8350196492347.
2025-08-11 15:08:01,932 - INFO - Optimal value of theta: 54998.54196664744.
2025-08-11 15:08:01,932 - INFO - Beginning optimization with guess, [0.12941985 9.80008061 0.04433652 0.01573724].
2025-08-11 15:08:03,624 - INFO - Finished optimization with guess, [0.12941985 9.80008061 0.04433652 0.01573724].
2025-08-11 15:08:03,625 - INFO - Best fit parameters: [0.11908921 9.76410543 0.04760944 0.01653688].
2025-08-11 15:08:03,735 - INFO - Maximum log composite likelihood: -413.53418434777313.
2025-08-11 15:08:03,735 - INFO - Optimal value of theta: 38369.380684542244.
2025-08-11 15:08:03,735 - INFO - Beginning optimization with guess, [0.12253556 9.24420805 0.04305212 0.01407612].
2025-08-11 15:08:05,408 - INFO - Finished optimization with guess, [0.12253556 9.24420805 0.04305212 0.01407612].
2025-08-11 15:08:05,408 - INFO - Best fit parameters: [0.11471686 9.3083042  0.04615806 0.01557147].
2025-08-11 15:08:05,518 - INFO - Maximum log composite likelihood: -379.34505616425577.
2025-08-11 15:08:05,518 - INFO - Optimal value of theta: 39206.7740472444.
2025-08-11 15:08:05,518 - INFO - Beginning optimization with guess, [0.12358188 3.73339997 0.03123441 0.01514165].
2025-08-11 15:08:07,176 - INFO - Finished optimization with guess, [0.12358188 3.73339997 0.03123441 0.01514165].
2025-08-11 15:08:07,177 - INFO - Best fit parameters: [0.10296804 3.77416894 0.03693175 0.02005796].
2025-08-11 15:08:07,287 - INFO - Maximum log composite likelihood: -501.0351542223907.
2025-08-11 15:08:07,287 - INFO - Optimal value of theta: 37261.89102609753.
2025-08-11 15:08:07,287 - INFO - Beginning optimization with guess, [0.18206173 7.43046991 0.04274572 0.01605026].
2025-08-11 15:08:08,950 - INFO - Finished optimization with guess, [0.18206173 7.43046991 0.04274572 0.01605026].
2025-08-11 15:08:08,950 - INFO - Best fit parameters: [0.14391581 7.77227137 0.05063851 0.01808299].
2025-08-11 15:08:09,060 - INFO - Maximum log composite likelihood: -514.4496628450897.
2025-08-11 15:08:09,060 - INFO - Optimal value of theta: 35794.33487808575.
2025-08-11 15:08:09,060 - INFO - Beginning optimization with guess, [0.12723448 6.91231353 0.05280018 0.0193031 ].
2025-08-11 15:08:10,711 - INFO - Finished optimization with guess, [0.12723448 6.91231353 0.05280018 0.0193031 ].
2025-08-11 15:08:10,711 - INFO - Best fit parameters: [0.12969301 6.76215541 0.0505654  0.01692489].
2025-08-11 15:08:10,821 - INFO - Maximum log composite likelihood: -386.50519627559925.
2025-08-11 15:08:10,821 - INFO - Optimal value of theta: 37944.56279363039.
2025-08-11 15:08:10,821 - INFO - Beginning optimization with guess, [ 0.13480779 10.48033793  0.02743214  0.01083306].
2025-08-11 15:08:12,469 - INFO - Finished optimization with guess, [ 0.13480779 10.48033793  0.02743214  0.01083306].
2025-08-11 15:08:12,470 - INFO - Best fit parameters: [ 0.11413159 10.84581206  0.03323169  0.01506707].
2025-08-11 15:08:12,579 - INFO - Maximum log composite likelihood: -744.3691895327538.
2025-08-11 15:08:12,579 - INFO - Optimal value of theta: 36189.22046005714.
2025-08-11 15:08:12,580 - INFO - Beginning optimization with guess, [0.0490272  5.42735542 0.0844411  0.01694393].
2025-08-11 15:08:14,285 - INFO - Finished optimization with guess, [0.0490272  5.42735542 0.0844411  0.01694393].
2025-08-11 15:08:14,285 - INFO - Best fit parameters: [0.09533989 5.00639901 0.04716205 0.0124512 ].
2025-08-11 15:08:14,396 - INFO - Maximum log composite likelihood: -661.0607451291958.
2025-08-11 15:08:14,396 - INFO - Optimal value of theta: 45542.63048736699.
2025-08-11 15:08:14,396 - INFO - Beginning optimization with guess, [0.13385414 6.04603538 0.08611638 0.00759995].
2025-08-11 15:08:16,121 - INFO - Finished optimization with guess, [0.13385414 6.04603538 0.08611638 0.00759995].
2025-08-11 15:08:16,121 - INFO - Best fit parameters: [0.11807305 6.21404369 0.09949016 0.00926957].
2025-08-11 15:08:16,234 - INFO - Maximum log composite likelihood: -346.2579873635036.
2025-08-11 15:08:16,234 - INFO - Optimal value of theta: 57011.32302518939.
2025-08-11 15:08:16,234 - INFO - Beginning optimization with guess, [0.17548457 5.01993501 0.03098181 0.01151682].
2025-08-11 15:08:17,883 - INFO - Finished optimization with guess, [0.17548457 5.01993501 0.03098181 0.01151682].
2025-08-11 15:08:17,884 - INFO - Best fit parameters: [0.12969371 5.6495826  0.04171409 0.01628619].
2025-08-11 15:08:17,993 - INFO - Maximum log composite likelihood: -675.4689710073153.
2025-08-11 15:08:17,994 - INFO - Optimal value of theta: 36660.22588603477.
2025-08-11 15:08:17,994 - INFO - Beginning optimization with guess, [ 0.09739994 10.93102356  0.03365465  0.01574754].
2025-08-11 15:08:19,663 - INFO - Finished optimization with guess, [ 0.09739994 10.93102356  0.03365465  0.01574754].
2025-08-11 15:08:19,663 - INFO - Best fit parameters: [ 0.0954321  10.76755158  0.03482149  0.01639245].
2025-08-11 15:08:19,773 - INFO - Maximum log composite likelihood: -480.5012292441511.
2025-08-11 15:08:19,773 - INFO - Optimal value of theta: 38258.18709443034.
2025-08-11 15:08:19,773 - INFO - Beginning optimization with guess, [0.11424152 5.10661978 0.04667046 0.0161831 ].
2025-08-11 15:08:21,463 - INFO - Finished optimization with guess, [0.11424152 5.10661978 0.04667046 0.0161831 ].
2025-08-11 15:08:21,463 - INFO - Best fit parameters: [0.10643813 5.26412673 0.04927982 0.01699071].
2025-08-11 15:08:21,573 - INFO - Maximum log composite likelihood: -326.6485040697098.
2025-08-11 15:08:21,573 - INFO - Optimal value of theta: 41080.24901054765.
2025-08-11 15:08:21,574 - INFO - Beginning optimization with guess, [1.84408996e-01 1.16248318e+01 2.87369687e-02 1.00575961e-02].
2025-08-11 15:08:23,218 - INFO - Finished optimization with guess, [1.84408996e-01 1.16248318e+01 2.87369687e-02 1.00575961e-02].
2025-08-11 15:08:23,218 - INFO - Best fit parameters: [ 0.13955352 11.86916049  0.03934652  0.01521329].
2025-08-11 15:08:23,328 - INFO - Maximum log composite likelihood: -788.8999099320395.
2025-08-11 15:08:23,328 - INFO - Optimal value of theta: 35062.33533293072.
2025-08-11 15:08:23,328 - INFO - Beginning optimization with guess, [0.14805504 3.96412407 0.02773835 0.01403114].
2025-08-11 15:08:24,980 - INFO - Finished optimization with guess, [0.14805504 3.96412407 0.02773835 0.01403114].
2025-08-11 15:08:24,980 - INFO - Best fit parameters: [0.1187416  4.42908752 0.03410782 0.01778203].
2025-08-11 15:08:25,090 - INFO - Maximum log composite likelihood: -922.6106124979628.
2025-08-11 15:08:25,090 - INFO - Optimal value of theta: 35682.64020869615.
2025-08-11 15:08:25,091 - INFO - Converting and interpreting Tau estimates.
2025-08-11 15:08:25,092 - INFO - Finished demographic inference.
2025-08-11 15:08:25,092 - INFO - Pipeline executed succesfully.
