2025-02-02 16:25:44,109 - INFO - Beginning execution of fit_demographic_model.py in directory /u/scratch/j/jonmah/sample_size_demography/Scripts

2025-02-02 16:25:44,110 - INFO - Progress is being logged to ../Analysis/gnomAD_300/log.log

2025-02-02 16:25:44,110 - INFO - Parsed the following arguments:
	syn_input_sfs = ../Analysis/gnomAD_300/syn_downsampled_sfs.txt
	mask_singletons = False
	mask_doubletons = False
	outprefix = ../Analysis/gnomAD_300/

2025-02-02 16:25:44,120 - INFO - Beginning demographic inference for three-epoch demographic model.
2025-02-02 16:25:44,123 - INFO - Beginning optimization with guess, [0.00759993 0.0112125  0.13075903 0.10926338].
2025-02-02 16:26:45,669 - INFO - Finished optimization with guess, [0.00759993 0.0112125  0.13075903 0.10926338].
2025-02-02 16:26:45,671 - INFO - Best fit parameters: [0.00503853 0.06314051 0.11929494 0.07116539].
2025-02-02 16:26:46,979 - INFO - Maximum log composite likelihood: -5442.643794161457.
2025-02-02 16:26:46,979 - INFO - Optimal value of theta: 127503.13693515991.
2025-02-02 16:26:46,979 - INFO - Beginning optimization with guess, [0.06072005 0.067225   0.11642635 0.07674039].
2025-02-02 16:27:34,343 - INFO - Finished optimization with guess, [0.06072005 0.067225   0.11642635 0.07674039].
2025-02-02 16:27:34,346 - INFO - Best fit parameters: [0.01253884 0.11094979 0.25398091 0.11921662].
2025-02-02 16:27:35,431 - INFO - Maximum log composite likelihood: -5442.500634727928.
2025-02-02 16:27:35,431 - INFO - Optimal value of theta: 72756.8861380627.
2025-02-02 16:27:35,432 - INFO - Beginning optimization with guess, [0.55281488 0.45116837 0.08316112 0.1433541 ].
2025-02-02 16:28:07,641 - INFO - Finished optimization with guess, [0.55281488 0.45116837 0.08316112 0.1433541 ].
2025-02-02 16:28:07,644 - INFO - Best fit parameters: [0.25521661 4.42716698 0.0211727  0.08487467].
2025-02-02 16:28:08,335 - INFO - Maximum log composite likelihood: -1773.6477249356362.
2025-02-02 16:28:08,335 - INFO - Optimal value of theta: 4499.221062094364.
2025-02-02 16:28:08,336 - INFO - Beginning optimization with guess, [0.878168   0.96009345 0.07365968 0.13128334].
2025-02-02 16:28:45,526 - INFO - Finished optimization with guess, [0.878168   0.96009345 0.07365968 0.13128334].
2025-02-02 16:28:45,529 - INFO - Best fit parameters: [0.57417021 1.14348471 4.16480574 0.00989349].
2025-02-02 16:28:46,346 - INFO - Maximum log composite likelihood: -3283.687391430553.
2025-02-02 16:28:46,346 - INFO - Optimal value of theta: 10720.08610696998.
2025-02-02 16:28:46,346 - INFO - Beginning optimization with guess, [2.69991307 4.40827679 0.06107916 0.19176296].
2025-02-02 16:29:15,925 - INFO - Finished optimization with guess, [2.69991307 4.40827679 0.06107916 0.19176296].
2025-02-02 16:29:15,927 - INFO - Best fit parameters: [4.71289090e-01 1.34646141e+01 4.54789504e-03 2.51868298e-02].
2025-02-02 16:29:16,601 - INFO - Maximum log composite likelihood: -677.0545934102402.
2025-02-02 16:29:16,601 - INFO - Optimal value of theta: 4967.334894726388.
2025-02-02 16:29:16,601 - INFO - Beginning optimization with guess, [8.3171558  4.44866809 0.14913195 0.07139256].
2025-02-02 16:29:47,480 - INFO - Finished optimization with guess, [8.3171558  4.44866809 0.14913195 0.07139256].
2025-02-02 16:29:47,482 - INFO - Best fit parameters: [0.37994107 5.02875418 0.03128271 0.02639052].
2025-02-02 16:29:48,207 - INFO - Maximum log composite likelihood: -961.5604869948559.
2025-02-02 16:29:48,207 - INFO - Optimal value of theta: 6103.960560622322.
2025-02-02 16:29:48,208 - INFO - Beginning optimization with guess, [7.86190369 4.83555393 0.08946403 0.09899613].
2025-02-02 16:30:18,885 - INFO - Finished optimization with guess, [7.86190369 4.83555393 0.08946403 0.09899613].
2025-02-02 16:30:18,887 - INFO - Best fit parameters: [1.27894610e-01 1.28238889e+01 1.25761925e-03 2.86406749e-02].
2025-02-02 16:30:19,568 - INFO - Maximum log composite likelihood: -679.5268020565125.
2025-02-02 16:30:19,569 - INFO - Optimal value of theta: 4947.747682550212.
2025-02-02 16:30:19,569 - INFO - Beginning optimization with guess, [13.14815456  8.11555332  0.06367956  0.17895846].
2025-02-02 16:30:49,093 - INFO - Finished optimization with guess, [13.14815456  8.11555332  0.06367956  0.17895846].
2025-02-02 16:30:49,095 - INFO - Best fit parameters: [5.01601881e-01 1.19508035e+01 1.23510293e-03 3.18823885e-02].
2025-02-02 16:30:49,964 - INFO - Maximum log composite likelihood: -865.5653381410641.
2025-02-02 16:30:49,964 - INFO - Optimal value of theta: 4568.504677036542.
2025-02-02 16:30:49,964 - INFO - Beginning optimization with guess, [15.95273789  5.74530481  0.16099056  0.08190389].
2025-02-02 16:31:17,995 - INFO - Finished optimization with guess, [15.95273789  5.74530481  0.16099056  0.08190389].
2025-02-02 16:31:17,996 - INFO - Best fit parameters: [1.04137802 5.36280232 0.11732594 0.0158999 ].
2025-02-02 16:31:18,687 - INFO - Maximum log composite likelihood: -1533.4147049150845.
2025-02-02 16:31:18,687 - INFO - Optimal value of theta: 5541.5800898064035.
2025-02-02 16:31:18,688 - INFO - Beginning optimization with guess, [ 8.57589208 19.05907591  0.08781366  0.07298434].
2025-02-02 16:31:53,919 - INFO - Finished optimization with guess, [ 8.57589208 19.05907591  0.08781366  0.07298434].
2025-02-02 16:31:53,922 - INFO - Best fit parameters: [4.54194941 4.56972476 0.02164635 0.03606869].
2025-02-02 16:31:54,647 - INFO - Maximum log composite likelihood: -1645.0150308281977.
2025-02-02 16:31:54,647 - INFO - Optimal value of theta: 4396.267167488695.
2025-02-02 16:31:54,647 - INFO - Beginning optimization with guess, [6.37180172 8.91225891 0.05362648 0.07308349].
2025-02-02 16:32:24,985 - INFO - Finished optimization with guess, [6.37180172 8.91225891 0.05362648 0.07308349].
2025-02-02 16:32:24,986 - INFO - Best fit parameters: [1.12951690e+00 2.15395410e+01 7.46055142e-03 1.77211054e-02].
2025-02-02 16:32:25,666 - INFO - Maximum log composite likelihood: -656.6602529721094.
2025-02-02 16:32:25,666 - INFO - Optimal value of theta: 5022.66834119609.
2025-02-02 16:32:25,666 - INFO - Beginning optimization with guess, [24.5329404  14.45540593  0.06939142  0.05089458].
2025-02-02 16:32:57,845 - INFO - Finished optimization with guess, [24.5329404  14.45540593  0.06939142  0.05089458].
2025-02-02 16:32:57,847 - INFO - Best fit parameters: [9.56863262e-01 2.49798322e+01 8.26951461e-03 1.72679653e-02].
2025-02-02 16:32:58,664 - INFO - Maximum log composite likelihood: -658.0240761805588.
2025-02-02 16:32:58,664 - INFO - Optimal value of theta: 5091.5324855303215.
2025-02-02 16:32:58,665 - INFO - Beginning optimization with guess, [14.79083553 12.50480938  0.05060584  0.09018907].
2025-02-02 16:33:27,260 - INFO - Finished optimization with guess, [14.79083553 12.50480938  0.05060584  0.09018907].
2025-02-02 16:33:27,263 - INFO - Best fit parameters: [3.38277666e+00 1.84280166e+01 8.80811281e-03 1.68518676e-02].
2025-02-02 16:33:27,943 - INFO - Maximum log composite likelihood: -701.4070627538381.
2025-02-02 16:33:27,943 - INFO - Optimal value of theta: 4790.532128596339.
2025-02-02 16:33:27,944 - INFO - Beginning optimization with guess, [33.79076109 37.03978897  0.18316222  0.0928192 ].
2025-02-02 16:34:02,292 - INFO - Finished optimization with guess, [33.79076109 37.03978897  0.18316222  0.0928192 ].
2025-02-02 16:34:02,294 - INFO - Best fit parameters: [2.79501365e+01 3.26366286e+00 7.62036483e-02 2.73846908e-02].
2025-02-02 16:34:02,960 - INFO - Maximum log composite likelihood: -3445.2545249512764.
2025-02-02 16:34:02,960 - INFO - Optimal value of theta: 3438.294057613521.
2025-02-02 16:34:02,960 - INFO - Beginning optimization with guess, [43.86118494 23.96936363  0.17584341  0.07676769].
2025-02-02 16:34:34,817 - INFO - Finished optimization with guess, [43.86118494 23.96936363  0.17584341  0.07676769].
2025-02-02 16:34:34,817 - INFO - Best fit parameters: [6.09013071e+01 9.43551740e-01 3.96775905e-02 2.44542107e-03].
2025-02-02 16:34:35,479 - INFO - Maximum log composite likelihood: -1354.693422275022.
2025-02-02 16:34:35,481 - INFO - Optimal value of theta: 4157.947872286297.
2025-02-02 16:34:35,481 - INFO - Beginning optimization with guess, [24.36988043 30.01425764  0.06391924  0.12307254].
2025-02-02 16:35:09,287 - INFO - Finished optimization with guess, [24.36988043 30.01425764  0.06391924  0.12307254].
2025-02-02 16:35:09,288 - INFO - Best fit parameters: [8.89239651e+00 4.37492184e+00 5.28569457e-03 2.36246781e-02].
2025-02-02 16:35:09,996 - INFO - Maximum log composite likelihood: -1232.168310588166.
2025-02-02 16:35:09,996 - INFO - Optimal value of theta: 5092.386494315683.
2025-02-02 16:35:09,996 - INFO - Beginning optimization with guess, [48.93773518 19.504774    0.05662589  0.11486405].
2025-02-02 16:35:39,489 - INFO - Finished optimization with guess, [48.93773518 19.504774    0.05662589  0.11486405].
2025-02-02 16:35:39,489 - INFO - Best fit parameters: [1.73689112e+01 5.78131752e+00 1.02623174e-02 2.69045025e-02].
2025-02-02 16:35:40,171 - INFO - Maximum log composite likelihood: -1092.2981346877436.
2025-02-02 16:35:40,171 - INFO - Optimal value of theta: 4586.720413774693.
2025-02-02 16:35:40,172 - INFO - Beginning optimization with guess, [26.71386536 15.31985228  0.10065828  0.15779842].
2025-02-02 16:36:12,323 - INFO - Finished optimization with guess, [26.71386536 15.31985228  0.10065828  0.15779842].
2025-02-02 16:36:12,325 - INFO - Best fit parameters: [1.75694682 5.13650268 0.00984699 0.02572511].
2025-02-02 16:36:13,060 - INFO - Maximum log composite likelihood: -1169.940051748313.
2025-02-02 16:36:13,061 - INFO - Optimal value of theta: 4994.363367611251.
2025-02-02 16:36:13,061 - INFO - Beginning optimization with guess, [24.74141779 28.71040062  0.16331441  0.06419681].
2025-02-02 16:36:47,562 - INFO - Finished optimization with guess, [24.74141779 28.71040062  0.16331441  0.06419681].
2025-02-02 16:36:47,564 - INFO - Best fit parameters: [ 0.58500657 10.88229354  0.05332353  0.02622228].
2025-02-02 16:36:48,262 - INFO - Maximum log composite likelihood: -650.5054341737459.
2025-02-02 16:36:48,263 - INFO - Optimal value of theta: 5394.887037046431.
2025-02-02 16:36:48,263 - INFO - Beginning optimization with guess, [52.51984185 22.68929325  0.05662172  0.05920751].
2025-02-02 16:37:17,825 - INFO - Finished optimization with guess, [52.51984185 22.68929325  0.05662172  0.05920751].
2025-02-02 16:37:17,827 - INFO - Best fit parameters: [2.01959483e+01 5.26362411e+00 1.10791578e-02 1.16547666e-02].
2025-02-02 16:37:18,491 - INFO - Maximum log composite likelihood: -876.607772066795.
2025-02-02 16:37:18,491 - INFO - Optimal value of theta: 5064.601145721837.
2025-02-02 16:37:18,492 - INFO - Beginning optimization with guess, [41.16614962 37.59162077  0.06179381  0.06192704].
2025-02-02 16:37:50,886 - INFO - Finished optimization with guess, [41.16614962 37.59162077  0.06179381  0.06192704].
2025-02-02 16:37:50,888 - INFO - Best fit parameters: [2.83012390e+01 4.07616672e+00 2.09262112e-02 1.67429242e-02].
2025-02-02 16:37:51,644 - INFO - Maximum log composite likelihood: -1136.8402705170126.
2025-02-02 16:37:51,644 - INFO - Optimal value of theta: 4558.114233265155.
2025-02-02 16:37:51,644 - INFO - Beginning optimization with guess, [6.61433813e+01 8.01136818e+01 1.49808058e-01 5.89090862e-02].
2025-02-02 16:38:24,772 - INFO - Finished optimization with guess, [6.61433813e+01 8.01136818e+01 1.49808058e-01 5.89090862e-02].
2025-02-02 16:38:24,774 - INFO - Best fit parameters: [1.09382623e+00 8.17384290e+01 5.56843484e-02 1.37531349e-02].
2025-02-02 16:38:25,498 - INFO - Maximum log composite likelihood: -710.448733048483.
2025-02-02 16:38:25,498 - INFO - Optimal value of theta: 5122.89782647173.
2025-02-02 16:38:25,498 - INFO - Beginning optimization with guess, [64.50009097 78.01601025  0.11504824  0.07856684].
2025-02-02 16:38:57,552 - INFO - Finished optimization with guess, [64.50009097 78.01601025  0.11504824  0.07856684].
2025-02-02 16:38:57,552 - INFO - Best fit parameters: [4.7970447  4.74955799 0.02414883 0.04839498].
2025-02-02 16:38:58,315 - INFO - Maximum log composite likelihood: -1984.758039540451.
2025-02-02 16:38:58,316 - INFO - Optimal value of theta: 4107.479887506929.
2025-02-02 16:38:58,316 - INFO - Beginning optimization with guess, [47.56136187 48.61661024  0.11342496  0.05084959].
2025-02-02 16:39:31,807 - INFO - Finished optimization with guess, [47.56136187 48.61661024  0.11342496  0.05084959].
2025-02-02 16:39:31,809 - INFO - Best fit parameters: [ 0.73439409 18.11615624  0.03112053  0.02107164].
2025-02-02 16:39:32,545 - INFO - Maximum log composite likelihood: -647.4515967929451.
2025-02-02 16:39:32,546 - INFO - Optimal value of theta: 5175.810825395987.
2025-02-02 16:39:32,546 - INFO - Beginning optimization with guess, [1.43576579e+02 7.85819932e+01 7.10374210e-02 6.05222142e-02].
2025-02-02 16:40:06,201 - INFO - Finished optimization with guess, [1.43576579e+02 7.85819932e+01 7.10374210e-02 6.05222142e-02].
2025-02-02 16:40:06,202 - INFO - Best fit parameters: [1.01261912e+02 4.88464321e+00 1.74386391e-02 1.68787893e-02].
2025-02-02 16:40:06,898 - INFO - Maximum log composite likelihood: -976.0788102549376.
2025-02-02 16:40:06,898 - INFO - Optimal value of theta: 4543.728272531095.
2025-02-02 16:40:06,903 - INFO - Finished demographic inference.
2025-02-02 16:40:06,903 - INFO - Pipeline executed succesfully.
