2024-03-14 22:37:20,382 - INFO - Beginning execution of fit_demographic_model.py in directory /u/project/kirk/jonmah/sample_size_demography/Scripts

2024-03-14 22:37:20,383 - INFO - Progress is being logged to ../Analysis/ThreeEpochBottleneck_480/log.log

2024-03-14 22:37:20,383 - INFO - Parsed the following arguments:
	syn_input_sfs = ../Analysis/ThreeEpochExpansion_480/syn_downsampled_sfs.txt
	mask_singletons = False
	mask_doubletons = False
	outprefix = ../Analysis/ThreeEpochBottleneck_480/

2024-03-14 22:37:20,385 - INFO - Beginning demographic inference for one-epoch demographic model.
2024-03-14 22:37:20,386 - INFO - Beginning optimization with guess, [0.05069573].
2024-03-14 22:38:27,065 - INFO - Finished optimization with guess, [0.05069573].
2024-03-14 22:38:27,066 - INFO - Best fit parameters: [0.05069573].
2024-03-14 22:38:28,972 - INFO - Maximum log composite likelihood: -9500.22200477631.
2024-03-14 22:38:28,972 - INFO - Optimal value of theta: 18141.51059032389.
2024-03-14 22:38:28,972 - INFO - Beginning optimization with guess, [0.21844775].
2024-03-14 22:39:30,866 - INFO - Finished optimization with guess, [0.21844775].
2024-03-14 22:39:30,868 - INFO - Best fit parameters: [0.21844775].
2024-03-14 22:39:32,778 - INFO - Maximum log composite likelihood: -9500.22200477631.
2024-03-14 22:39:32,778 - INFO - Optimal value of theta: 18141.51059032389.
2024-03-14 22:39:32,779 - INFO - Beginning optimization with guess, [0.15001052].
2024-03-14 22:40:34,034 - INFO - Finished optimization with guess, [0.15001052].
2024-03-14 22:40:34,038 - INFO - Best fit parameters: [0.15001052].
2024-03-14 22:40:35,949 - INFO - Maximum log composite likelihood: -9500.22200477631.
2024-03-14 22:40:35,949 - INFO - Optimal value of theta: 18141.51059032389.
2024-03-14 22:40:35,949 - INFO - Beginning optimization with guess, [0.59672213].
2024-03-14 22:41:30,471 - INFO - Finished optimization with guess, [0.59672213].
2024-03-14 22:41:30,473 - INFO - Best fit parameters: [0.59672213].
2024-03-14 22:41:32,386 - INFO - Maximum log composite likelihood: -9500.22200477631.
2024-03-14 22:41:32,386 - INFO - Optimal value of theta: 18141.51059032389.
2024-03-14 22:41:32,386 - INFO - Beginning optimization with guess, [0.63109055].
2024-03-14 22:42:22,021 - INFO - Finished optimization with guess, [0.63109055].
2024-03-14 22:42:22,024 - INFO - Best fit parameters: [0.63109055].
2024-03-14 22:42:23,921 - INFO - Maximum log composite likelihood: -9500.22200477631.
2024-03-14 22:42:23,921 - INFO - Optimal value of theta: 18141.51059032389.
2024-03-14 22:42:23,921 - INFO - Beginning optimization with guess, [0.66484927].
2024-03-14 22:43:12,963 - INFO - Finished optimization with guess, [0.66484927].
2024-03-14 22:43:12,964 - INFO - Best fit parameters: [0.66484927].
2024-03-14 22:43:14,866 - INFO - Maximum log composite likelihood: -9500.22200477631.
2024-03-14 22:43:14,866 - INFO - Optimal value of theta: 18141.51059032389.
2024-03-14 22:43:14,867 - INFO - Beginning optimization with guess, [0.65816585].
2024-03-14 22:44:04,503 - INFO - Finished optimization with guess, [0.65816585].
2024-03-14 22:44:04,504 - INFO - Best fit parameters: [0.65816585].
2024-03-14 22:44:06,427 - INFO - Maximum log composite likelihood: -9500.22200477631.
2024-03-14 22:44:06,427 - INFO - Optimal value of theta: 18141.51059032389.
2024-03-14 22:44:06,428 - INFO - Beginning optimization with guess, [0.61379411].
2024-03-14 22:44:55,974 - INFO - Finished optimization with guess, [0.61379411].
2024-03-14 22:44:55,975 - INFO - Best fit parameters: [0.61379411].
2024-03-14 22:44:57,917 - INFO - Maximum log composite likelihood: -9500.22200477631.
2024-03-14 22:44:57,917 - INFO - Optimal value of theta: 18141.51059032389.
2024-03-14 22:44:57,918 - INFO - Beginning optimization with guess, [1.1225728].
2024-03-14 22:45:35,563 - INFO - Finished optimization with guess, [1.1225728].
2024-03-14 22:45:35,564 - INFO - Best fit parameters: [1.1225728].
2024-03-14 22:45:37,446 - INFO - Maximum log composite likelihood: -9500.22200477631.
2024-03-14 22:45:37,446 - INFO - Optimal value of theta: 18141.51059032389.
2024-03-14 22:45:37,447 - INFO - Beginning optimization with guess, [1.87711692].
2024-03-14 22:46:33,978 - INFO - Finished optimization with guess, [1.87711692].
2024-03-14 22:46:33,984 - INFO - Best fit parameters: [1.87711692].
2024-03-14 22:46:35,983 - INFO - Maximum log composite likelihood: -9500.22200477631.
2024-03-14 22:46:35,983 - INFO - Optimal value of theta: 18141.51059032389.
2024-03-14 22:46:35,984 - INFO - Beginning optimization with guess, [1.04136018].
2024-03-14 22:47:08,845 - INFO - Finished optimization with guess, [1.04136018].
2024-03-14 22:47:08,847 - INFO - Best fit parameters: [1.04136018].
2024-03-14 22:47:10,750 - INFO - Maximum log composite likelihood: -9500.22200477631.
2024-03-14 22:47:10,750 - INFO - Optimal value of theta: 18141.51059032389.
2024-03-14 22:47:10,750 - INFO - Beginning optimization with guess, [0.88142058].
2024-03-14 22:47:48,455 - INFO - Finished optimization with guess, [0.88142058].
2024-03-14 22:47:48,456 - INFO - Best fit parameters: [0.88142058].
2024-03-14 22:47:50,322 - INFO - Maximum log composite likelihood: -9500.22200477631.
2024-03-14 22:47:50,323 - INFO - Optimal value of theta: 18141.51059032389.
2024-03-14 22:47:50,323 - INFO - Beginning optimization with guess, [1.525153].
2024-03-14 22:48:39,946 - INFO - Finished optimization with guess, [1.525153].
2024-03-14 22:48:39,947 - INFO - Best fit parameters: [1.525153].
2024-03-14 22:48:41,819 - INFO - Maximum log composite likelihood: -9500.22200477631.
2024-03-14 22:48:41,819 - INFO - Optimal value of theta: 18141.51059032389.
2024-03-14 22:48:41,819 - INFO - Beginning optimization with guess, [2.48224997].
2024-03-14 22:49:37,029 - INFO - Finished optimization with guess, [2.48224997].
2024-03-14 22:49:37,030 - INFO - Best fit parameters: [2.48224997].
2024-03-14 22:49:38,895 - INFO - Maximum log composite likelihood: -9500.22200477631.
2024-03-14 22:49:38,895 - INFO - Optimal value of theta: 18141.51059032389.
2024-03-14 22:49:38,895 - INFO - Beginning optimization with guess, [3.84642666].
2024-03-14 22:50:39,783 - INFO - Finished optimization with guess, [3.84642666].
2024-03-14 22:50:39,788 - INFO - Best fit parameters: [3.84642666].
2024-03-14 22:50:41,668 - INFO - Maximum log composite likelihood: -9500.22200477631.
2024-03-14 22:50:41,668 - INFO - Optimal value of theta: 18141.51059032389.
2024-03-14 22:50:41,668 - INFO - Beginning optimization with guess, [1.84578559].
2024-03-14 22:51:36,715 - INFO - Finished optimization with guess, [1.84578559].
2024-03-14 22:51:36,717 - INFO - Best fit parameters: [1.84578559].
2024-03-14 22:51:38,595 - INFO - Maximum log composite likelihood: -9500.22200477631.
2024-03-14 22:51:38,595 - INFO - Optimal value of theta: 18141.51059032389.
2024-03-14 22:51:38,595 - INFO - Beginning optimization with guess, [3.47204012].
2024-03-14 22:52:38,966 - INFO - Finished optimization with guess, [3.47204012].
2024-03-14 22:52:38,967 - INFO - Best fit parameters: [3.47204012].
2024-03-14 22:52:40,838 - INFO - Maximum log composite likelihood: -9500.22200477631.
2024-03-14 22:52:40,838 - INFO - Optimal value of theta: 18141.51059032389.
2024-03-14 22:52:40,839 - INFO - Beginning optimization with guess, [2.72690794].
2024-03-14 22:53:35,662 - INFO - Finished optimization with guess, [2.72690794].
2024-03-14 22:53:35,664 - INFO - Best fit parameters: [2.72690794].
2024-03-14 22:53:37,591 - INFO - Maximum log composite likelihood: -9500.22200477631.
2024-03-14 22:53:37,592 - INFO - Optimal value of theta: 18141.51059032389.
2024-03-14 22:53:37,592 - INFO - Beginning optimization with guess, [5.92853116].
2024-03-14 22:54:38,103 - INFO - Finished optimization with guess, [5.92853116].
2024-03-14 22:54:38,104 - INFO - Best fit parameters: [5.92853116].
2024-03-14 22:54:40,001 - INFO - Maximum log composite likelihood: -9500.22200477631.
2024-03-14 22:54:40,001 - INFO - Optimal value of theta: 18141.51059032389.
2024-03-14 22:54:40,001 - INFO - Beginning optimization with guess, [4.6736185].
2024-03-14 22:55:40,386 - INFO - Finished optimization with guess, [4.6736185].
2024-03-14 22:55:40,387 - INFO - Best fit parameters: [4.6736185].
2024-03-14 22:55:42,260 - INFO - Maximum log composite likelihood: -9500.22200477631.
2024-03-14 22:55:42,260 - INFO - Optimal value of theta: 18141.51059032389.
2024-03-14 22:55:42,260 - INFO - Beginning optimization with guess, [2.22542571].
2024-03-14 22:56:36,948 - INFO - Finished optimization with guess, [2.22542571].
2024-03-14 22:56:36,949 - INFO - Best fit parameters: [2.22542571].
2024-03-14 22:56:38,884 - INFO - Maximum log composite likelihood: -9500.22200477631.
2024-03-14 22:56:38,885 - INFO - Optimal value of theta: 18141.51059032389.
2024-03-14 22:56:38,885 - INFO - Beginning optimization with guess, [9.00296051].
2024-03-14 22:57:45,243 - INFO - Finished optimization with guess, [9.00296051].
2024-03-14 22:57:45,244 - INFO - Best fit parameters: [9.00296051].
2024-03-14 22:57:47,170 - INFO - Maximum log composite likelihood: -9500.22200477631.
2024-03-14 22:57:47,170 - INFO - Optimal value of theta: 18141.51059032389.
2024-03-14 22:57:47,171 - INFO - Beginning optimization with guess, [11.87725793].
2024-03-14 22:58:53,862 - INFO - Finished optimization with guess, [11.87725793].
2024-03-14 22:58:53,863 - INFO - Best fit parameters: [11.87725793].
2024-03-14 22:58:55,795 - INFO - Maximum log composite likelihood: -9500.22200477631.
2024-03-14 22:58:55,796 - INFO - Optimal value of theta: 18141.51059032389.
2024-03-14 22:58:55,796 - INFO - Beginning optimization with guess, [3.57408849].
2024-03-14 22:59:57,337 - INFO - Finished optimization with guess, [3.57408849].
2024-03-14 22:59:57,338 - INFO - Best fit parameters: [3.57408849].
2024-03-14 22:59:59,277 - INFO - Maximum log composite likelihood: -9500.22200477631.
2024-03-14 22:59:59,278 - INFO - Optimal value of theta: 18141.51059032389.
2024-03-14 22:59:59,278 - INFO - Beginning optimization with guess, [8.93733751].
2024-03-14 23:01:06,162 - INFO - Finished optimization with guess, [8.93733751].
2024-03-14 23:01:06,164 - INFO - Best fit parameters: [8.93733751].
2024-03-14 23:01:08,037 - INFO - Maximum log composite likelihood: -9500.22200477631.
2024-03-14 23:01:08,037 - INFO - Optimal value of theta: 18141.51059032389.
2024-03-14 23:01:08,044 - INFO - Finished demographic inference.
2024-03-14 23:01:08,044 - INFO - Pipeline executed succesfully.
