2024-02-13 18:02:23,298 - INFO - Beginning execution of fit_demographic_model.py in directory /u/project/kirk/jonmah/sample_size_demography/Scripts

2024-02-13 18:02:23,299 - INFO - Progress is being logged to ../Analysis/TwoEpochContraction_330/log.log

2024-02-13 18:02:23,299 - INFO - Parsed the following arguments:
	syn_input_sfs = ../Analysis/TwoEpochContraction_330/syn_downsampled_sfs.txt
	mask_singletons = False
	mask_doubletons = False
	outprefix = ../Analysis/TwoEpochContraction_330/

2024-02-13 18:02:23,325 - INFO - Beginning demographic inference for one-epoch demographic model.
2024-02-13 18:02:23,327 - INFO - Beginning optimization with guess, [0.13691793].
2024-02-13 18:03:44,230 - INFO - Finished optimization with guess, [0.13691793].
2024-02-13 18:03:44,246 - INFO - Best fit parameters: [0.13691793].
2024-02-13 18:03:47,800 - INFO - Maximum log composite likelihood: -415.0491356343133.
2024-02-13 18:03:47,800 - INFO - Optimal value of theta: 427.9223566674009.
2024-02-13 18:03:47,800 - INFO - Beginning optimization with guess, [0.13454954].
2024-02-13 18:05:05,456 - INFO - Finished optimization with guess, [0.13454954].
2024-02-13 18:05:05,466 - INFO - Best fit parameters: [0.13454954].
2024-02-13 18:05:09,487 - INFO - Maximum log composite likelihood: -415.0491356343133.
2024-02-13 18:05:09,487 - INFO - Optimal value of theta: 427.9223566674009.
2024-02-13 18:05:09,496 - INFO - Beginning optimization with guess, [0.32866085].
2024-02-13 18:06:40,538 - INFO - Finished optimization with guess, [0.32866085].
2024-02-13 18:06:40,541 - INFO - Best fit parameters: [0.32866085].
2024-02-13 18:06:43,065 - INFO - Maximum log composite likelihood: -415.0491356343133.
2024-02-13 18:06:43,065 - INFO - Optimal value of theta: 427.9223566674009.
2024-02-13 18:06:43,065 - INFO - Beginning optimization with guess, [0.36846992].
2024-02-13 18:07:48,993 - INFO - Finished optimization with guess, [0.36846992].
2024-02-13 18:07:48,997 - INFO - Best fit parameters: [0.36846992].
2024-02-13 18:07:51,272 - INFO - Maximum log composite likelihood: -415.0491356343133.
2024-02-13 18:07:51,273 - INFO - Optimal value of theta: 427.9223566674009.
2024-02-13 18:07:51,273 - INFO - Beginning optimization with guess, [0.42105425].
2024-02-13 18:08:57,586 - INFO - Finished optimization with guess, [0.42105425].
2024-02-13 18:08:57,589 - INFO - Best fit parameters: [0.42105425].
2024-02-13 18:09:00,613 - INFO - Maximum log composite likelihood: -415.0491356343133.
2024-02-13 18:09:00,613 - INFO - Optimal value of theta: 427.9223566674009.
2024-02-13 18:09:00,613 - INFO - Beginning optimization with guess, [0.59735372].
2024-02-13 18:10:18,570 - INFO - Finished optimization with guess, [0.59735372].
2024-02-13 18:10:18,576 - INFO - Best fit parameters: [0.59735372].
2024-02-13 18:10:21,069 - INFO - Maximum log composite likelihood: -415.0491356343133.
2024-02-13 18:10:21,069 - INFO - Optimal value of theta: 427.9223566674009.
2024-02-13 18:10:21,070 - INFO - Beginning optimization with guess, [1.05036626].
2024-02-13 18:11:03,715 - INFO - Finished optimization with guess, [1.05036626].
2024-02-13 18:11:03,719 - INFO - Best fit parameters: [1.05036626].
2024-02-13 18:11:05,571 - INFO - Maximum log composite likelihood: -415.0491356343133.
2024-02-13 18:11:05,571 - INFO - Optimal value of theta: 427.9223566674009.
2024-02-13 18:11:05,571 - INFO - Beginning optimization with guess, [0.48502369].
2024-02-13 18:12:22,737 - INFO - Finished optimization with guess, [0.48502369].
2024-02-13 18:12:22,748 - INFO - Best fit parameters: [0.48502369].
2024-02-13 18:12:25,703 - INFO - Maximum log composite likelihood: -415.0491356343133.
2024-02-13 18:12:25,713 - INFO - Optimal value of theta: 427.9223566674009.
2024-02-13 18:12:25,713 - INFO - Beginning optimization with guess, [1.36334696].
2024-02-13 18:13:43,373 - INFO - Finished optimization with guess, [1.36334696].
2024-02-13 18:13:43,387 - INFO - Best fit parameters: [1.36334696].
2024-02-13 18:13:45,397 - INFO - Maximum log composite likelihood: -415.0491356343133.
2024-02-13 18:13:45,397 - INFO - Optimal value of theta: 427.9223566674009.
2024-02-13 18:13:45,397 - INFO - Beginning optimization with guess, [0.54451972].
2024-02-13 18:14:51,134 - INFO - Finished optimization with guess, [0.54451972].
2024-02-13 18:14:51,148 - INFO - Best fit parameters: [0.54451972].
2024-02-13 18:14:54,088 - INFO - Maximum log composite likelihood: -415.0491356343133.
2024-02-13 18:14:54,088 - INFO - Optimal value of theta: 427.9223566674009.
2024-02-13 18:14:54,088 - INFO - Beginning optimization with guess, [0.77342146].
2024-02-13 18:16:04,093 - INFO - Finished optimization with guess, [0.77342146].
2024-02-13 18:16:04,103 - INFO - Best fit parameters: [0.77342146].
2024-02-13 18:16:06,681 - INFO - Maximum log composite likelihood: -415.0491356343133.
2024-02-13 18:16:06,681 - INFO - Optimal value of theta: 427.9223566674009.
2024-02-13 18:16:06,682 - INFO - Beginning optimization with guess, [2.58701243].
2024-02-13 18:17:26,915 - INFO - Finished optimization with guess, [2.58701243].
2024-02-13 18:17:26,925 - INFO - Best fit parameters: [2.58701243].
2024-02-13 18:17:29,821 - INFO - Maximum log composite likelihood: -415.0491356343133.
2024-02-13 18:17:29,821 - INFO - Optimal value of theta: 427.9223566674009.
2024-02-13 18:17:29,821 - INFO - Beginning optimization with guess, [1.37715249].
2024-02-13 18:18:34,785 - INFO - Finished optimization with guess, [1.37715249].
2024-02-13 18:18:34,811 - INFO - Best fit parameters: [1.37715249].
2024-02-13 18:18:39,114 - INFO - Maximum log composite likelihood: -415.0491356343133.
2024-02-13 18:18:39,114 - INFO - Optimal value of theta: 427.9223566674009.
2024-02-13 18:18:39,114 - INFO - Beginning optimization with guess, [1.61871126].
2024-02-13 18:20:05,429 - INFO - Finished optimization with guess, [1.61871126].
2024-02-13 18:20:05,431 - INFO - Best fit parameters: [1.61871126].
2024-02-13 18:20:07,841 - INFO - Maximum log composite likelihood: -415.0491356343133.
2024-02-13 18:20:07,841 - INFO - Optimal value of theta: 427.9223566674009.
2024-02-13 18:20:07,842 - INFO - Beginning optimization with guess, [1.73407948].
2024-02-13 18:21:25,366 - INFO - Finished optimization with guess, [1.73407948].
2024-02-13 18:21:25,380 - INFO - Best fit parameters: [1.73407948].
2024-02-13 18:21:28,305 - INFO - Maximum log composite likelihood: -415.0491356343133.
2024-02-13 18:21:28,305 - INFO - Optimal value of theta: 427.9223566674009.
2024-02-13 18:21:28,305 - INFO - Beginning optimization with guess, [4.91966069].
2024-02-13 18:23:02,550 - INFO - Finished optimization with guess, [4.91966069].
2024-02-13 18:23:02,553 - INFO - Best fit parameters: [4.91966069].
2024-02-13 18:23:05,473 - INFO - Maximum log composite likelihood: -415.0491356343133.
2024-02-13 18:23:05,473 - INFO - Optimal value of theta: 427.9223566674009.
2024-02-13 18:23:05,474 - INFO - Beginning optimization with guess, [2.19223495].
2024-02-13 18:24:15,762 - INFO - Finished optimization with guess, [2.19223495].
2024-02-13 18:24:15,768 - INFO - Best fit parameters: [2.19223495].
2024-02-13 18:24:19,689 - INFO - Maximum log composite likelihood: -415.0491356343133.
2024-02-13 18:24:19,689 - INFO - Optimal value of theta: 427.9223566674009.
2024-02-13 18:24:19,690 - INFO - Beginning optimization with guess, [4.69153956].
2024-02-13 18:25:14,853 - INFO - Finished optimization with guess, [4.69153956].
2024-02-13 18:25:14,877 - INFO - Best fit parameters: [4.69153956].
2024-02-13 18:25:17,396 - INFO - Maximum log composite likelihood: -415.0491356343133.
2024-02-13 18:25:17,396 - INFO - Optimal value of theta: 427.9223566674009.
2024-02-13 18:25:17,397 - INFO - Beginning optimization with guess, [3.94937701].
2024-02-13 18:26:41,536 - INFO - Finished optimization with guess, [3.94937701].
2024-02-13 18:26:41,542 - INFO - Best fit parameters: [3.94937701].
2024-02-13 18:26:44,838 - INFO - Maximum log composite likelihood: -415.0491356343133.
2024-02-13 18:26:44,838 - INFO - Optimal value of theta: 427.9223566674009.
2024-02-13 18:26:44,839 - INFO - Beginning optimization with guess, [5.80309372].
2024-02-13 18:28:17,524 - INFO - Finished optimization with guess, [5.80309372].
2024-02-13 18:28:17,539 - INFO - Best fit parameters: [5.80309372].
2024-02-13 18:28:18,591 - INFO - Maximum log composite likelihood: -415.0491356343133.
2024-02-13 18:28:18,591 - INFO - Optimal value of theta: 427.9223566674009.
2024-02-13 18:28:18,591 - INFO - Beginning optimization with guess, [5.52420062].
2024-02-13 18:29:23,606 - INFO - Finished optimization with guess, [5.52420062].
2024-02-13 18:29:23,615 - INFO - Best fit parameters: [5.52420062].
2024-02-13 18:29:27,414 - INFO - Maximum log composite likelihood: -415.0491356343133.
2024-02-13 18:29:27,414 - INFO - Optimal value of theta: 427.9223566674009.
2024-02-13 18:29:27,415 - INFO - Beginning optimization with guess, [8.27589898].
2024-02-13 18:30:56,597 - INFO - Finished optimization with guess, [8.27589898].
2024-02-13 18:30:56,599 - INFO - Best fit parameters: [8.27589898].
2024-02-13 18:30:58,878 - INFO - Maximum log composite likelihood: -415.0491356343133.
2024-02-13 18:30:58,878 - INFO - Optimal value of theta: 427.9223566674009.
2024-02-13 18:30:58,879 - INFO - Beginning optimization with guess, [5.3391223].
2024-02-13 18:32:17,727 - INFO - Finished optimization with guess, [5.3391223].
2024-02-13 18:32:17,729 - INFO - Best fit parameters: [5.3391223].
2024-02-13 18:32:20,953 - INFO - Maximum log composite likelihood: -415.0491356343133.
2024-02-13 18:32:20,954 - INFO - Optimal value of theta: 427.9223566674009.
2024-02-13 18:32:20,954 - INFO - Beginning optimization with guess, [4.69073908].
2024-02-13 18:33:46,419 - INFO - Finished optimization with guess, [4.69073908].
2024-02-13 18:33:46,421 - INFO - Best fit parameters: [4.69073908].
2024-02-13 18:33:49,783 - INFO - Maximum log composite likelihood: -415.0491356343133.
2024-02-13 18:33:49,783 - INFO - Optimal value of theta: 427.9223566674009.
2024-02-13 18:33:49,784 - INFO - Beginning optimization with guess, [14.15177383].
2024-02-13 18:35:17,855 - INFO - Finished optimization with guess, [14.15177383].
2024-02-13 18:35:17,859 - INFO - Best fit parameters: [14.15177383].
2024-02-13 18:35:20,376 - INFO - Maximum log composite likelihood: -415.0491356343133.
2024-02-13 18:35:20,376 - INFO - Optimal value of theta: 427.9223566674009.
2024-02-13 18:35:20,405 - INFO - Beginning demographic inference for two-epoch demographic model.
2024-02-13 18:35:20,407 - INFO - Beginning optimization with guess, [0.17347943 0.01162896].
2024-02-13 18:37:43,211 - INFO - Finished optimization with guess, [0.17347943 0.01162896].
2024-02-13 18:37:43,233 - INFO - Best fit parameters: [2.0367833 0.1881525].
2024-02-13 18:37:47,339 - INFO - Maximum log composite likelihood: -326.2753870544075.
2024-02-13 18:37:47,339 - INFO - Optimal value of theta: 294.56830772780626.
2024-02-13 18:37:47,340 - INFO - Beginning optimization with guess, [0.15983452 0.01447816].
2024-02-13 18:39:27,769 - INFO - Finished optimization with guess, [0.15983452 0.01447816].
2024-02-13 18:39:27,786 - INFO - Best fit parameters: [2.01978822 0.21301494].
2024-02-13 18:39:31,715 - INFO - Maximum log composite likelihood: -326.45498766453187.
2024-02-13 18:39:31,716 - INFO - Optimal value of theta: 291.9058520360544.
2024-02-13 18:39:31,716 - INFO - Beginning optimization with guess, [0.32498776 0.00800729].
2024-02-13 18:41:16,386 - INFO - Finished optimization with guess, [0.32498776 0.00800729].
2024-02-13 18:41:16,390 - INFO - Best fit parameters: [1.99844053 0.16743145].
2024-02-13 18:41:17,331 - INFO - Maximum log composite likelihood: -326.2474746280754.
2024-02-13 18:41:17,332 - INFO - Optimal value of theta: 301.1076876531729.
2024-02-13 18:41:17,332 - INFO - Beginning optimization with guess, [0.20279117 0.01691951].
2024-02-13 18:43:34,197 - INFO - Finished optimization with guess, [0.20279117 0.01691951].
2024-02-13 18:43:34,199 - INFO - Best fit parameters: [1.9603716  0.18042806].
2024-02-13 18:43:36,920 - INFO - Maximum log composite likelihood: -326.1316310986591.
2024-02-13 18:43:36,921 - INFO - Optimal value of theta: 301.6093932037176.
2024-02-13 18:43:36,921 - INFO - Beginning optimization with guess, [0.34253025 0.00691435].
2024-02-13 18:45:19,545 - INFO - Finished optimization with guess, [0.34253025 0.00691435].
2024-02-13 18:45:19,549 - INFO - Best fit parameters: [1.98334409 0.19516545].
2024-02-13 18:45:21,371 - INFO - Maximum log composite likelihood: -326.1810333484338.
2024-02-13 18:45:21,371 - INFO - Optimal value of theta: 297.401314085846.
2024-02-13 18:45:21,372 - INFO - Beginning optimization with guess, [1.12024281 0.00560147].
2024-02-13 18:47:04,462 - INFO - Finished optimization with guess, [1.12024281 0.00560147].
2024-02-13 18:47:04,467 - INFO - Best fit parameters: [1.97102384 0.18673116].
2024-02-13 18:47:06,531 - INFO - Maximum log composite likelihood: -326.13053326342464.
2024-02-13 18:47:06,531 - INFO - Optimal value of theta: 299.7188652066977.
2024-02-13 18:47:06,531 - INFO - Beginning optimization with guess, [0.47180222 0.01269812].
2024-02-13 18:49:04,225 - INFO - Finished optimization with guess, [0.47180222 0.01269812].
2024-02-13 18:49:04,230 - INFO - Best fit parameters: [1.94822569 0.19063408].
2024-02-13 18:49:06,929 - INFO - Maximum log composite likelihood: -326.21474094661465.
2024-02-13 18:49:06,929 - INFO - Optimal value of theta: 300.84863562159404.
2024-02-13 18:49:06,929 - INFO - Beginning optimization with guess, [0.87291373 0.01043244].
2024-02-13 18:51:20,234 - INFO - Finished optimization with guess, [0.87291373 0.01043244].
2024-02-13 18:51:20,237 - INFO - Best fit parameters: [1.8559077 0.2308877].
2024-02-13 18:51:22,190 - INFO - Maximum log composite likelihood: -328.120242712135.
2024-02-13 18:51:22,191 - INFO - Optimal value of theta: 302.8738794044625.
2024-02-13 18:51:22,191 - INFO - Beginning optimization with guess, [1.13934039 0.0062943 ].
2024-02-13 18:53:33,133 - INFO - Finished optimization with guess, [1.13934039 0.0062943 ].
2024-02-13 18:53:33,146 - INFO - Best fit parameters: [1.95369344 0.181458  ].
2024-02-13 18:53:35,966 - INFO - Maximum log composite likelihood: -326.14634262171506.
2024-02-13 18:53:35,966 - INFO - Optimal value of theta: 301.9433421367879.
2024-02-13 18:53:35,967 - INFO - Beginning optimization with guess, [1.46237733 0.01022428].
2024-02-13 18:55:34,058 - INFO - Finished optimization with guess, [1.46237733 0.01022428].
2024-02-13 18:55:34,059 - INFO - Best fit parameters: [1.97759769 0.18033168].
2024-02-13 18:55:37,834 - INFO - Maximum log composite likelihood: -326.1151811618611.
2024-02-13 18:55:37,834 - INFO - Optimal value of theta: 300.3074949404461.
2024-02-13 18:55:37,835 - INFO - Beginning optimization with guess, [0.70541604 0.00886566].
2024-02-13 18:57:34,798 - INFO - Finished optimization with guess, [0.70541604 0.00886566].
2024-02-13 18:57:34,799 - INFO - Best fit parameters: [1.82906111 0.1975181 ].
2024-02-13 18:57:37,243 - INFO - Maximum log composite likelihood: -327.6308317684.
2024-02-13 18:57:37,244 - INFO - Optimal value of theta: 309.68326394646954.
2024-02-13 18:57:37,244 - INFO - Beginning optimization with guess, [1.60846749 0.00816576].
2024-02-13 18:59:36,471 - INFO - Finished optimization with guess, [1.60846749 0.00816576].
2024-02-13 18:59:36,479 - INFO - Best fit parameters: [1.97878069 0.18114861].
2024-02-13 18:59:37,968 - INFO - Maximum log composite likelihood: -326.11509985241804.
2024-02-13 18:59:37,968 - INFO - Optimal value of theta: 300.0779273896874.
2024-02-13 18:59:37,968 - INFO - Beginning optimization with guess, [1.09103321 0.00900501].
2024-02-13 19:01:30,582 - INFO - Finished optimization with guess, [1.09103321 0.00900501].
2024-02-13 19:01:30,590 - INFO - Best fit parameters: [2.01665087 0.20123389].
2024-02-13 19:01:33,565 - INFO - Maximum log composite likelihood: -326.2775257792386.
2024-02-13 19:01:33,573 - INFO - Optimal value of theta: 293.92585497943963.
2024-02-13 19:01:33,574 - INFO - Beginning optimization with guess, [1.22659409 0.01728509].
2024-02-13 19:03:40,103 - INFO - Finished optimization with guess, [1.22659409 0.01728509].
2024-02-13 19:03:40,108 - INFO - Best fit parameters: [1.96572433 0.18024456].
2024-02-13 19:03:42,319 - INFO - Maximum log composite likelihood: -326.12303890500016.
2024-02-13 19:03:42,319 - INFO - Optimal value of theta: 301.2290172553347.
2024-02-13 19:03:42,319 - INFO - Beginning optimization with guess, [1.71944544 0.01528703].
2024-02-13 19:05:34,606 - INFO - Finished optimization with guess, [1.71944544 0.01528703].
2024-02-13 19:05:34,627 - INFO - Best fit parameters: [1.97939743 0.18067279].
2024-02-13 19:05:37,680 - INFO - Maximum log composite likelihood: -326.1151438466751.
2024-02-13 19:05:37,681 - INFO - Optimal value of theta: 300.1123617123759.
2024-02-13 19:05:37,681 - INFO - Beginning optimization with guess, [1.25632958 0.0051396 ].
2024-02-13 19:07:31,473 - INFO - Finished optimization with guess, [1.25632958 0.0051396 ].
2024-02-13 19:07:31,483 - INFO - Best fit parameters: [1.98284846 0.18586344].
2024-02-13 19:07:34,939 - INFO - Maximum log composite likelihood: -326.12094638961315.
2024-02-13 19:07:34,940 - INFO - Optimal value of theta: 298.9610028094789.
2024-02-13 19:07:34,940 - INFO - Beginning optimization with guess, [1.93700995 0.00531173].
2024-02-13 19:09:50,226 - INFO - Finished optimization with guess, [1.93700995 0.00531173].
2024-02-13 19:09:50,228 - INFO - Best fit parameters: [1.98026734 0.18033774].
2024-02-13 19:09:53,341 - INFO - Maximum log composite likelihood: -326.1154716894325.
2024-02-13 19:09:53,342 - INFO - Optimal value of theta: 300.1039237989638.
2024-02-13 19:09:53,342 - INFO - Beginning optimization with guess, [2.30308019 0.01591766].
2024-02-13 19:11:57,450 - INFO - Finished optimization with guess, [2.30308019 0.01591766].
2024-02-13 19:11:57,452 - INFO - Best fit parameters: [1.97950295 0.18075858].
2024-02-13 19:11:59,880 - INFO - Maximum log composite likelihood: -326.115137177761.
2024-02-13 19:11:59,880 - INFO - Optimal value of theta: 300.0896635776708.
2024-02-13 19:11:59,880 - INFO - Beginning optimization with guess, [2.70367538 0.01980421].
2024-02-13 19:13:51,857 - INFO - Finished optimization with guess, [2.70367538 0.01980421].
2024-02-13 19:13:51,866 - INFO - Best fit parameters: [1.97889136 0.18082287].
2024-02-13 19:13:54,110 - INFO - Maximum log composite likelihood: -326.11507138757725.
2024-02-13 19:13:54,110 - INFO - Optimal value of theta: 300.12509776266614.
2024-02-13 19:13:54,111 - INFO - Beginning optimization with guess, [2.67091587 0.01650094].
2024-02-13 19:15:44,242 - INFO - Finished optimization with guess, [2.67091587 0.01650094].
2024-02-13 19:15:44,245 - INFO - Best fit parameters: [1.97799039 0.18029522].
2024-02-13 19:15:46,179 - INFO - Maximum log composite likelihood: -326.11519542799755.
2024-02-13 19:15:46,179 - INFO - Optimal value of theta: 300.28393577467966.
2024-02-13 19:15:46,179 - INFO - Beginning optimization with guess, [7.71094313 0.0137965 ].
2024-02-13 19:17:29,892 - INFO - Finished optimization with guess, [7.71094313 0.0137965 ].
2024-02-13 19:17:29,894 - INFO - Best fit parameters: [1.95877707 0.19818233].
2024-02-13 19:17:32,220 - INFO - Maximum log composite likelihood: -326.26257869671497.
2024-02-13 19:17:32,220 - INFO - Optimal value of theta: 298.8323110925458.
2024-02-13 19:17:32,221 - INFO - Beginning optimization with guess, [9.24517217 0.01021767].
2024-02-13 19:19:33,607 - INFO - Finished optimization with guess, [9.24517217 0.01021767].
2024-02-13 19:19:33,615 - INFO - Best fit parameters: [1.95481799 0.18929228].
2024-02-13 19:19:36,715 - INFO - Maximum log composite likelihood: -326.18094943902645.
2024-02-13 19:19:36,715 - INFO - Optimal value of theta: 300.5518645034348.
2024-02-13 19:19:36,716 - INFO - Beginning optimization with guess, [8.89218422e+00 6.29001892e-03].
2024-02-13 19:21:24,041 - INFO - Finished optimization with guess, [8.89218422e+00 6.29001892e-03].
2024-02-13 19:21:24,046 - INFO - Best fit parameters: [1.94263325 0.17833203].
2024-02-13 19:21:25,920 - INFO - Maximum log composite likelihood: -326.178505675396.
2024-02-13 19:21:25,920 - INFO - Optimal value of theta: 303.3418305485087.
2024-02-13 19:21:25,920 - INFO - Beginning optimization with guess, [5.32918365 0.00787512].
2024-02-13 19:23:07,944 - INFO - Finished optimization with guess, [5.32918365 0.00787512].
2024-02-13 19:23:07,950 - INFO - Best fit parameters: [1.98876049 0.17922015].
2024-02-13 19:23:10,254 - INFO - Maximum log composite likelihood: -326.1237883985964.
2024-02-13 19:23:10,254 - INFO - Optimal value of theta: 299.6579205051869.
2024-02-13 19:23:10,254 - INFO - Beginning optimization with guess, [10.25428521  0.01996687].
2024-02-13 19:24:30,637 - INFO - Finished optimization with guess, [10.25428521  0.01996687].
2024-02-13 19:24:30,639 - INFO - Best fit parameters: [1.95269898 0.18493056].
2024-02-13 19:24:32,770 - INFO - Maximum log composite likelihood: -326.1600524908871.
2024-02-13 19:24:32,770 - INFO - Optimal value of theta: 301.43375290311275.
2024-02-13 19:24:32,775 - INFO - Beginning demographic inference for three-epoch demographic model.
2024-02-13 19:24:32,791 - INFO - Beginning optimization with guess, [0.00509115 0.01067498 0.01160123 0.01220039].
2024-02-13 19:28:46,170 - INFO - Finished optimization with guess, [0.00509115 0.01067498 0.01160123 0.01220039].
2024-02-13 19:28:46,174 - INFO - Best fit parameters: [0.00193856 0.0118978  0.0381831  0.01088258].
2024-02-13 19:28:49,782 - INFO - Maximum log composite likelihood: -353.9936983458556.
2024-02-13 19:28:49,782 - INFO - Optimal value of theta: 42705.955699987666.
2024-02-13 19:28:49,783 - INFO - Beginning optimization with guess, [0.01348331 0.02476036 0.0077735  0.01820852].
2024-02-13 19:31:21,525 - INFO - Finished optimization with guess, [0.01348331 0.02476036 0.0077735  0.01820852].
2024-02-13 19:31:21,527 - INFO - Best fit parameters: [0.00455425 0.02818699 0.02472505 0.01185944].
2024-02-13 19:31:23,409 - INFO - Maximum log composite likelihood: -354.1116371279412.
2024-02-13 19:31:23,409 - INFO - Optimal value of theta: 19512.717147914354.
2024-02-13 19:31:23,410 - INFO - Beginning optimization with guess, [0.02801094 0.04513404 0.01391317 0.01354163].
2024-02-13 19:33:19,465 - INFO - Finished optimization with guess, [0.02801094 0.04513404 0.01391317 0.01354163].
2024-02-13 19:33:19,466 - INFO - Best fit parameters: [0.01036974 0.05310046 0.04368076 0.00823991].
2024-02-13 19:33:21,626 - INFO - Maximum log composite likelihood: -323.3254311441488.
2024-02-13 19:33:21,626 - INFO - Optimal value of theta: 11150.521951249531.
2024-02-13 19:33:21,626 - INFO - Beginning optimization with guess, [0.04245142 0.06336065 0.01675476 0.00634658].
2024-02-13 19:35:00,343 - INFO - Finished optimization with guess, [0.04245142 0.06336065 0.01675476 0.00634658].
2024-02-13 19:35:00,347 - INFO - Best fit parameters: [0.01150479 0.11372721 0.03393112 0.02092869].
2024-02-13 19:35:02,760 - INFO - Maximum log composite likelihood: -326.99748918787753.
2024-02-13 19:35:02,760 - INFO - Optimal value of theta: 4898.62018482242.
2024-02-13 19:35:02,760 - INFO - Beginning optimization with guess, [0.04760093 0.05381336 0.01856718 0.01871066].
2024-02-13 19:36:44,861 - INFO - Finished optimization with guess, [0.04760093 0.05381336 0.01856718 0.01871066].
2024-02-13 19:36:44,865 - INFO - Best fit parameters: [0.00706785 0.3516104  0.01306265 0.02907665].
2024-02-13 19:36:46,802 - INFO - Maximum log composite likelihood: -367.36646170838276.
2024-02-13 19:36:46,802 - INFO - Optimal value of theta: 1950.8687657768924.
2024-02-13 19:36:46,803 - INFO - Beginning optimization with guess, [0.71701112 0.58875905 0.01432353 0.00653082].
2024-02-13 19:38:09,376 - INFO - Finished optimization with guess, [0.71701112 0.58875905 0.01432353 0.00653082].
2024-02-13 19:38:09,377 - INFO - Best fit parameters: [7.91913375e-01 1.21930600e+00 1.98420120e-04 9.09655743e-04].
2024-02-13 19:38:11,731 - INFO - Maximum log composite likelihood: -412.59820196261484.
2024-02-13 19:38:11,731 - INFO - Optimal value of theta: 426.7962701876095.
2024-02-13 19:38:11,731 - INFO - Beginning optimization with guess, [0.49444926 0.53665984 0.0095888  0.00935258].
2024-02-13 19:39:48,086 - INFO - Finished optimization with guess, [0.49444926 0.53665984 0.0095888  0.00935258].
2024-02-13 19:39:48,115 - INFO - Best fit parameters: [2.99741798e-01 4.41859079e+04 2.09543047e-21 1.43809479e-22].
2024-02-13 19:39:49,884 - INFO - Maximum log composite likelihood: -415.0491356343126.
2024-02-13 19:39:49,884 - INFO - Optimal value of theta: 427.9223566674009.
2024-02-13 19:39:49,884 - INFO - Beginning optimization with guess, [1.55976724 1.15228695 0.01567043 0.00673825].
2024-02-13 19:41:09,132 - INFO - Finished optimization with guess, [1.55976724 1.15228695 0.01567043 0.00673825].
2024-02-13 19:41:09,138 - INFO - Best fit parameters: [1.84464894 1.16115569 0.16603297 0.00288404].
2024-02-13 19:41:11,666 - INFO - Maximum log composite likelihood: -331.03690114438933.
2024-02-13 19:41:11,666 - INFO - Optimal value of theta: 320.34418871744504.
2024-02-13 19:41:11,666 - INFO - Beginning optimization with guess, [0.95359364 0.82025298 0.00810493 0.01642668].
2024-02-13 19:42:25,033 - INFO - Finished optimization with guess, [0.95359364 0.82025298 0.00810493 0.01642668].
2024-02-13 19:42:25,034 - INFO - Best fit parameters: [9.49735689e-01 1.13541235e+00 2.68464298e-05 3.35541575e-04].
2024-02-13 19:42:25,945 - INFO - Maximum log composite likelihood: -414.1394266272698.
2024-02-13 19:42:25,946 - INFO - Optimal value of theta: 427.51418249711026.
2024-02-13 19:42:25,946 - INFO - Beginning optimization with guess, [0.89083499 0.57696437 0.00502987 0.0152897 ].
2024-02-13 19:43:49,953 - INFO - Finished optimization with guess, [0.89083499 0.57696437 0.00502987 0.0152897 ].
2024-02-13 19:43:49,958 - INFO - Best fit parameters: [8.76033497e-01 1.09675203e+00 5.17266915e-05 1.28339993e-03].
2024-02-13 19:43:51,762 - INFO - Maximum log composite likelihood: -412.8913139991058.
2024-02-13 19:43:51,762 - INFO - Optimal value of theta: 426.91966808901304.
2024-02-13 19:43:51,762 - INFO - Beginning optimization with guess, [1.82609093 1.15389105 0.01483565 0.00939089].
2024-02-13 19:45:29,229 - INFO - Finished optimization with guess, [1.82609093 1.15389105 0.01483565 0.00939089].
2024-02-13 19:45:29,232 - INFO - Best fit parameters: [2.05999393e+00 1.16496946e+00 1.53464092e-01 1.03953605e-03].
2024-02-13 19:45:31,916 - INFO - Maximum log composite likelihood: -326.8363863411596.
2024-02-13 19:45:31,916 - INFO - Optimal value of theta: 303.0478853403512.
2024-02-13 19:45:31,917 - INFO - Beginning optimization with guess, [2.36526588 1.05783621 0.00738415 0.00933101].
2024-02-13 19:46:52,524 - INFO - Finished optimization with guess, [2.36526588 1.05783621 0.00738415 0.00933101].
2024-02-13 19:46:52,527 - INFO - Best fit parameters: [1.99508465e+00 1.07852119e+00 2.18591129e-01 1.05370044e-03].
2024-02-13 19:46:54,398 - INFO - Maximum log composite likelihood: -328.0481691089301.
2024-02-13 19:46:54,399 - INFO - Optimal value of theta: 296.83935530858.
2024-02-13 19:46:54,400 - INFO - Beginning optimization with guess, [2.76428536 2.76248454 0.01585192 0.00636198].
2024-02-13 19:47:50,838 - INFO - Finished optimization with guess, [2.76428536 2.76248454 0.01585192 0.00636198].
2024-02-13 19:47:50,842 - INFO - Best fit parameters: [4.00262469 1.9132484  0.00574462 0.18661966].
2024-02-13 19:47:52,932 - INFO - Maximum log composite likelihood: -326.47496602275305.
2024-02-13 19:47:52,933 - INFO - Optimal value of theta: 302.81580249848093.
2024-02-13 19:47:52,933 - INFO - Beginning optimization with guess, [3.91696626 1.28843405 0.00540107 0.01629038].
2024-02-13 19:49:47,043 - INFO - Finished optimization with guess, [3.91696626 1.28843405 0.00540107 0.01629038].
2024-02-13 19:49:47,046 - INFO - Best fit parameters: [3.72989691 1.43293125 0.07666373 0.02800512].
2024-02-13 19:49:48,935 - INFO - Maximum log composite likelihood: -331.0728821963892.
2024-02-13 19:49:48,936 - INFO - Optimal value of theta: 315.45238064242034.
2024-02-13 19:49:48,936 - INFO - Beginning optimization with guess, [2.76494588 1.25090981 0.00590845 0.00706251].
2024-02-13 19:51:23,508 - INFO - Finished optimization with guess, [2.76494588 1.25090981 0.00590845 0.00706251].
2024-02-13 19:51:23,511 - INFO - Best fit parameters: [2.92580098 1.39028728 0.07800876 0.01874085].
2024-02-13 19:51:25,705 - INFO - Maximum log composite likelihood: -331.1974477339037.
2024-02-13 19:51:25,709 - INFO - Optimal value of theta: 320.048236661411.
2024-02-13 19:51:25,710 - INFO - Beginning optimization with guess, [2.42537358 2.87678798 0.00529056 0.01443109].
2024-02-13 19:52:46,819 - INFO - Finished optimization with guess, [2.42537358 2.87678798 0.00529056 0.01443109].
2024-02-13 19:52:46,832 - INFO - Best fit parameters: [2.75223994e+00 2.04471602e+00 1.42420029e-03 1.94889055e-01].
2024-02-13 19:52:49,526 - INFO - Maximum log composite likelihood: -326.34681512235346.
2024-02-13 19:52:49,526 - INFO - Optimal value of theta: 292.5694049225274.
2024-02-13 19:52:49,527 - INFO - Beginning optimization with guess, [2.08197848 2.72113154 0.01817613 0.00671631].
2024-02-13 19:54:33,635 - INFO - Finished optimization with guess, [2.08197848 2.72113154 0.01817613 0.00671631].
2024-02-13 19:54:33,643 - INFO - Best fit parameters: [1.94338582e+00 2.81082945e+00 1.87230965e-01 7.62066560e-04].
2024-02-13 19:54:35,607 - INFO - Maximum log composite likelihood: -326.0733992728841.
2024-02-13 19:54:35,607 - INFO - Optimal value of theta: 300.46047995980865.
2024-02-13 19:54:35,608 - INFO - Beginning optimization with guess, [5.36795479 5.98631414 0.00686225 0.0084289 ].
2024-02-13 19:56:01,396 - INFO - Finished optimization with guess, [5.36795479 5.98631414 0.00686225 0.0084289 ].
2024-02-13 19:56:01,398 - INFO - Best fit parameters: [8.58064567e+00 2.00554714e+00 4.93348764e-04 2.01333060e-01].
2024-02-13 19:56:03,415 - INFO - Maximum log composite likelihood: -326.2681443818037.
2024-02-13 19:56:03,419 - INFO - Optimal value of theta: 294.60827575796986.
2024-02-13 19:56:03,420 - INFO - Beginning optimization with guess, [3.12703503 2.48469083 0.01330998 0.00734113].
2024-02-13 19:57:46,774 - INFO - Finished optimization with guess, [3.12703503 2.48469083 0.01330998 0.00734113].
2024-02-13 19:57:46,788 - INFO - Best fit parameters: [3.97323057 1.96682993 0.00496001 0.189988  ].
2024-02-13 19:57:48,933 - INFO - Maximum log composite likelihood: -326.22513287635667.
2024-02-13 19:57:48,933 - INFO - Optimal value of theta: 298.27419837297424.
2024-02-13 19:57:48,933 - INFO - Beginning optimization with guess, [4.66547662 2.12719434 0.0126518  0.00657364].
2024-02-13 19:59:42,481 - INFO - Finished optimization with guess, [4.66547662 2.12719434 0.0126518  0.00657364].
2024-02-13 19:59:42,484 - INFO - Best fit parameters: [4.69708442e+00 1.99303221e+00 2.94535774e-03 1.90607726e-01].
2024-02-13 19:59:44,436 - INFO - Maximum log composite likelihood: -326.1788198530782.
2024-02-13 19:59:44,436 - INFO - Optimal value of theta: 296.6320271248851.
2024-02-13 19:59:44,436 - INFO - Beginning optimization with guess, [3.85449116 2.803967   0.00553371 0.00737043].
2024-02-13 20:01:43,213 - INFO - Finished optimization with guess, [3.85449116 2.803967   0.00553371 0.00737043].
2024-02-13 20:01:43,219 - INFO - Best fit parameters: [6.32764951e+00 1.96970556e+00 1.02794100e-03 1.67896759e-01].
2024-02-13 20:01:45,436 - INFO - Maximum log composite likelihood: -326.1694857541622.
2024-02-13 20:01:45,436 - INFO - Optimal value of theta: 302.8108230591284.
2024-02-13 20:01:45,436 - INFO - Beginning optimization with guess, [5.49218871 3.12227395 0.00577348 0.01000114].
2024-02-13 20:03:11,422 - INFO - Finished optimization with guess, [5.49218871 3.12227395 0.00577348 0.01000114].
2024-02-13 20:03:11,424 - INFO - Best fit parameters: [6.80281254e+00 2.01828111e+00 2.13857949e-04 1.63392829e-01].
2024-02-13 20:03:12,544 - INFO - Maximum log composite likelihood: -326.3960827124483.
2024-02-13 20:03:12,545 - INFO - Optimal value of theta: 300.3757634340686.
2024-02-13 20:03:12,545 - INFO - Beginning optimization with guess, [6.33722746 8.52096542 0.01995647 0.01542438].
2024-02-13 20:04:50,135 - INFO - Finished optimization with guess, [6.33722746 8.52096542 0.01995647 0.01542438].
2024-02-13 20:04:50,138 - INFO - Best fit parameters: [8.00817679e+00 1.67091293e+00 6.09444098e-03 4.39921524e-03].
2024-02-13 20:04:51,847 - INFO - Maximum log composite likelihood: -366.5226783041731.
2024-02-13 20:04:51,847 - INFO - Optimal value of theta: 379.1554958241087.
2024-02-13 20:04:51,847 - INFO - Beginning optimization with guess, [6.01664686 6.65357499 0.00678734 0.01817691].
2024-02-13 20:06:27,510 - INFO - Finished optimization with guess, [6.01664686 6.65357499 0.00678734 0.01817691].
2024-02-13 20:06:27,524 - INFO - Best fit parameters: [1.38490828e+01 1.75258009e+00 8.47674308e-04 1.52481007e-01].
2024-02-13 20:06:29,730 - INFO - Maximum log composite likelihood: -328.9383638904825.
2024-02-13 20:06:29,731 - INFO - Optimal value of theta: 323.4068546599896.
2024-02-13 20:06:29,731 - INFO - Beginning optimization with guess, [10.08703484  5.45485948  0.01828223  0.01766314].
2024-02-13 20:07:58,076 - INFO - Finished optimization with guess, [10.08703484  5.45485948  0.01828223  0.01766314].
2024-02-13 20:07:58,082 - INFO - Best fit parameters: [3.83245364e+01 1.85020094e+00 2.20558746e-02 1.44028966e-01].
2024-02-13 20:08:00,511 - INFO - Maximum log composite likelihood: -326.7253763116219.
2024-02-13 20:08:00,511 - INFO - Optimal value of theta: 307.53356795990544.
2024-02-13 20:08:00,524 - INFO - Finished demographic inference.
2024-02-13 20:08:00,524 - INFO - Pipeline executed succesfully.
