2024-02-12 11:56:40,057 - INFO - Beginning execution of fit_demographic_model.py in directory /u/project/kirk/jonmah/sample_size_demography/Scripts

2024-02-12 11:56:40,058 - INFO - Progress is being logged to ../Analysis/ooa_simulated_80/log.log

2024-02-12 11:56:40,058 - INFO - Parsed the following arguments:
	syn_input_sfs = ../Analysis/ooa_simulated_80/syn_downsampled_sfs.txt
	mask_singletons = False
	mask_doubletons = False
	outprefix = ../Analysis/ooa_simulated_80/

2024-02-12 11:56:40,062 - INFO - Beginning demographic inference for one-epoch demographic model.
2024-02-12 11:56:40,063 - INFO - Beginning optimization with guess, [0.19691285].
2024-02-12 11:56:50,139 - INFO - Finished optimization with guess, [0.19691285].
2024-02-12 11:56:50,141 - INFO - Best fit parameters: [0.19691285].
2024-02-12 11:56:50,442 - INFO - Maximum log composite likelihood: -295.2736795615244.
2024-02-12 11:56:50,442 - INFO - Optimal value of theta: 481.056236871567.
2024-02-12 11:56:50,442 - INFO - Beginning optimization with guess, [0.16696778].
2024-02-12 11:57:00,240 - INFO - Finished optimization with guess, [0.16696778].
2024-02-12 11:57:00,241 - INFO - Best fit parameters: [0.16696778].
2024-02-12 11:57:00,636 - INFO - Maximum log composite likelihood: -295.2736795615244.
2024-02-12 11:57:00,636 - INFO - Optimal value of theta: 481.056236871567.
2024-02-12 11:57:00,637 - INFO - Beginning optimization with guess, [0.15126224].
2024-02-12 11:57:10,552 - INFO - Finished optimization with guess, [0.15126224].
2024-02-12 11:57:10,553 - INFO - Best fit parameters: [0.15126224].
2024-02-12 11:57:10,854 - INFO - Maximum log composite likelihood: -295.2736795615244.
2024-02-12 11:57:10,854 - INFO - Optimal value of theta: 481.056236871567.
2024-02-12 11:57:10,855 - INFO - Beginning optimization with guess, [0.28596743].
2024-02-12 11:57:20,375 - INFO - Finished optimization with guess, [0.28596743].
2024-02-12 11:57:20,376 - INFO - Best fit parameters: [0.28596743].
2024-02-12 11:57:20,674 - INFO - Maximum log composite likelihood: -295.2736795615244.
2024-02-12 11:57:20,675 - INFO - Optimal value of theta: 481.056236871567.
2024-02-12 11:57:20,675 - INFO - Beginning optimization with guess, [0.3158483].
2024-02-12 11:57:30,238 - INFO - Finished optimization with guess, [0.3158483].
2024-02-12 11:57:30,239 - INFO - Best fit parameters: [0.3158483].
2024-02-12 11:57:30,541 - INFO - Maximum log composite likelihood: -295.2736795615244.
2024-02-12 11:57:30,542 - INFO - Optimal value of theta: 481.056236871567.
2024-02-12 11:57:30,542 - INFO - Beginning optimization with guess, [0.50270625].
2024-02-12 11:57:39,428 - INFO - Finished optimization with guess, [0.50270625].
2024-02-12 11:57:39,429 - INFO - Best fit parameters: [0.50270625].
2024-02-12 11:57:39,730 - INFO - Maximum log composite likelihood: -295.2736795615244.
2024-02-12 11:57:39,731 - INFO - Optimal value of theta: 481.056236871567.
2024-02-12 11:57:39,731 - INFO - Beginning optimization with guess, [0.43710333].
2024-02-12 11:57:48,519 - INFO - Finished optimization with guess, [0.43710333].
2024-02-12 11:57:48,520 - INFO - Best fit parameters: [0.43710333].
2024-02-12 11:57:48,825 - INFO - Maximum log composite likelihood: -295.2736795615244.
2024-02-12 11:57:48,825 - INFO - Optimal value of theta: 481.056236871567.
2024-02-12 11:57:48,826 - INFO - Beginning optimization with guess, [1.58659039].
2024-02-12 11:57:56,822 - INFO - Finished optimization with guess, [1.58659039].
2024-02-12 11:57:56,823 - INFO - Best fit parameters: [1.58659039].
2024-02-12 11:57:57,128 - INFO - Maximum log composite likelihood: -295.2736795615244.
2024-02-12 11:57:57,129 - INFO - Optimal value of theta: 481.056236871567.
2024-02-12 11:57:57,129 - INFO - Beginning optimization with guess, [0.75453267].
2024-02-12 11:58:04,867 - INFO - Finished optimization with guess, [0.75453267].
2024-02-12 11:58:04,869 - INFO - Best fit parameters: [0.75453267].
2024-02-12 11:58:05,162 - INFO - Maximum log composite likelihood: -295.2736795615244.
2024-02-12 11:58:05,163 - INFO - Optimal value of theta: 481.056236871567.
2024-02-12 11:58:05,163 - INFO - Beginning optimization with guess, [0.51320799].
2024-02-12 11:58:13,736 - INFO - Finished optimization with guess, [0.51320799].
2024-02-12 11:58:13,737 - INFO - Best fit parameters: [0.51320799].
2024-02-12 11:58:14,031 - INFO - Maximum log composite likelihood: -295.2736795615244.
2024-02-12 11:58:14,031 - INFO - Optimal value of theta: 481.056236871567.
2024-02-12 11:58:14,031 - INFO - Beginning optimization with guess, [1.08000568].
2024-02-12 11:58:19,571 - INFO - Finished optimization with guess, [1.08000568].
2024-02-12 11:58:19,572 - INFO - Best fit parameters: [1.08000568].
2024-02-12 11:58:19,837 - INFO - Maximum log composite likelihood: -295.2736795615244.
2024-02-12 11:58:19,837 - INFO - Optimal value of theta: 481.056236871567.
2024-02-12 11:58:19,837 - INFO - Beginning optimization with guess, [1.0751457].
2024-02-12 11:58:25,263 - INFO - Finished optimization with guess, [1.0751457].
2024-02-12 11:58:25,263 - INFO - Best fit parameters: [1.0751457].
2024-02-12 11:58:25,536 - INFO - Maximum log composite likelihood: -295.2736795615244.
2024-02-12 11:58:25,536 - INFO - Optimal value of theta: 481.056236871567.
2024-02-12 11:58:25,536 - INFO - Beginning optimization with guess, [1.1404233].
2024-02-12 11:58:32,354 - INFO - Finished optimization with guess, [1.1404233].
2024-02-12 11:58:32,354 - INFO - Best fit parameters: [1.1404233].
2024-02-12 11:58:32,653 - INFO - Maximum log composite likelihood: -295.2736795615244.
2024-02-12 11:58:32,653 - INFO - Optimal value of theta: 481.056236871567.
2024-02-12 11:58:32,653 - INFO - Beginning optimization with guess, [3.49414614].
2024-02-12 11:58:42,275 - INFO - Finished optimization with guess, [3.49414614].
2024-02-12 11:58:42,276 - INFO - Best fit parameters: [3.49414614].
2024-02-12 11:58:42,573 - INFO - Maximum log composite likelihood: -295.2736795615244.
2024-02-12 11:58:42,573 - INFO - Optimal value of theta: 481.056236871567.
2024-02-12 11:58:42,574 - INFO - Beginning optimization with guess, [3.3203116].
2024-02-12 11:58:52,173 - INFO - Finished optimization with guess, [3.3203116].
2024-02-12 11:58:52,174 - INFO - Best fit parameters: [3.3203116].
2024-02-12 11:58:52,473 - INFO - Maximum log composite likelihood: -295.2736795615244.
2024-02-12 11:58:52,473 - INFO - Optimal value of theta: 481.056236871567.
2024-02-12 11:58:52,473 - INFO - Beginning optimization with guess, [1.56844959].
2024-02-12 11:59:00,901 - INFO - Finished optimization with guess, [1.56844959].
2024-02-12 11:59:00,903 - INFO - Best fit parameters: [1.56844959].
2024-02-12 11:59:01,211 - INFO - Maximum log composite likelihood: -295.2736795615244.
2024-02-12 11:59:01,211 - INFO - Optimal value of theta: 481.056236871567.
2024-02-12 11:59:01,211 - INFO - Beginning optimization with guess, [1.56350028].
2024-02-12 11:59:09,595 - INFO - Finished optimization with guess, [1.56350028].
2024-02-12 11:59:09,596 - INFO - Best fit parameters: [1.56350028].
2024-02-12 11:59:09,908 - INFO - Maximum log composite likelihood: -295.2736795615244.
2024-02-12 11:59:09,908 - INFO - Optimal value of theta: 481.056236871567.
2024-02-12 11:59:09,909 - INFO - Beginning optimization with guess, [4.43823294].
2024-02-12 11:59:19,808 - INFO - Finished optimization with guess, [4.43823294].
2024-02-12 11:59:19,809 - INFO - Best fit parameters: [4.43823294].
2024-02-12 11:59:20,109 - INFO - Maximum log composite likelihood: -295.2736795615244.
2024-02-12 11:59:20,109 - INFO - Optimal value of theta: 481.056236871567.
2024-02-12 11:59:20,109 - INFO - Beginning optimization with guess, [5.21518038].
2024-02-12 11:59:30,415 - INFO - Finished optimization with guess, [5.21518038].
2024-02-12 11:59:30,416 - INFO - Best fit parameters: [5.21518038].
2024-02-12 11:59:30,726 - INFO - Maximum log composite likelihood: -295.2736795615244.
2024-02-12 11:59:30,726 - INFO - Optimal value of theta: 481.056236871567.
2024-02-12 11:59:30,727 - INFO - Beginning optimization with guess, [3.29761143].
2024-02-12 11:59:40,784 - INFO - Finished optimization with guess, [3.29761143].
2024-02-12 11:59:40,785 - INFO - Best fit parameters: [3.29761143].
2024-02-12 11:59:41,102 - INFO - Maximum log composite likelihood: -295.2736795615244.
2024-02-12 11:59:41,102 - INFO - Optimal value of theta: 481.056236871567.
2024-02-12 11:59:41,103 - INFO - Beginning optimization with guess, [4.54616521].
2024-02-12 11:59:51,346 - INFO - Finished optimization with guess, [4.54616521].
2024-02-12 11:59:51,347 - INFO - Best fit parameters: [4.54616521].
2024-02-12 11:59:51,659 - INFO - Maximum log composite likelihood: -295.2736795615244.
2024-02-12 11:59:51,659 - INFO - Optimal value of theta: 481.056236871567.
2024-02-12 11:59:51,659 - INFO - Beginning optimization with guess, [4.11948499].
2024-02-12 12:00:02,143 - INFO - Finished optimization with guess, [4.11948499].
2024-02-12 12:00:02,144 - INFO - Best fit parameters: [4.11948499].
2024-02-12 12:00:02,461 - INFO - Maximum log composite likelihood: -295.2736795615244.
2024-02-12 12:00:02,461 - INFO - Optimal value of theta: 481.056236871567.
2024-02-12 12:00:02,462 - INFO - Beginning optimization with guess, [10.59975943].
2024-02-12 12:00:13,488 - INFO - Finished optimization with guess, [10.59975943].
2024-02-12 12:00:13,489 - INFO - Best fit parameters: [10.59975943].
2024-02-12 12:00:13,828 - INFO - Maximum log composite likelihood: -295.2736795615244.
2024-02-12 12:00:13,828 - INFO - Optimal value of theta: 481.056236871567.
2024-02-12 12:00:13,828 - INFO - Beginning optimization with guess, [6.53438019].
2024-02-12 12:00:24,129 - INFO - Finished optimization with guess, [6.53438019].
2024-02-12 12:00:24,131 - INFO - Best fit parameters: [6.53438019].
2024-02-12 12:00:24,511 - INFO - Maximum log composite likelihood: -295.2736795615244.
2024-02-12 12:00:24,511 - INFO - Optimal value of theta: 481.056236871567.
2024-02-12 12:00:24,512 - INFO - Beginning optimization with guess, [5.32949134].
2024-02-12 12:00:34,567 - INFO - Finished optimization with guess, [5.32949134].
2024-02-12 12:00:34,569 - INFO - Best fit parameters: [5.32949134].
2024-02-12 12:00:34,900 - INFO - Maximum log composite likelihood: -295.2736795615244.
2024-02-12 12:00:34,900 - INFO - Optimal value of theta: 481.056236871567.
2024-02-12 12:00:34,903 - INFO - Beginning demographic inference for two-epoch demographic model.
2024-02-12 12:00:34,906 - INFO - Beginning optimization with guess, [0.19557206 0.00544062].
2024-02-12 12:00:51,433 - INFO - Finished optimization with guess, [0.19557206 0.00544062].
2024-02-12 12:00:51,434 - INFO - Best fit parameters: [12.12031982  0.02175217].
2024-02-12 12:00:51,743 - INFO - Maximum log composite likelihood: -222.96613628569054.
2024-02-12 12:00:51,743 - INFO - Optimal value of theta: 417.91079444172857.
2024-02-12 12:00:51,743 - INFO - Beginning optimization with guess, [0.22597185 0.01256601].
2024-02-12 12:01:06,953 - INFO - Finished optimization with guess, [0.22597185 0.01256601].
2024-02-12 12:01:06,955 - INFO - Best fit parameters: [5.16370212 0.02950103].
2024-02-12 12:01:07,269 - INFO - Maximum log composite likelihood: -232.0877066401541.
2024-02-12 12:01:07,269 - INFO - Optimal value of theta: 412.65848676600325.
2024-02-12 12:01:07,269 - INFO - Beginning optimization with guess, [0.36734943 0.00847892].
2024-02-12 12:01:22,706 - INFO - Finished optimization with guess, [0.36734943 0.00847892].
2024-02-12 12:01:22,707 - INFO - Best fit parameters: [4.10319947 0.02335558].
2024-02-12 12:01:23,035 - INFO - Maximum log composite likelihood: -234.47177672442606.
2024-02-12 12:01:23,035 - INFO - Optimal value of theta: 428.3229622011585.
2024-02-12 12:01:23,035 - INFO - Beginning optimization with guess, [0.73822469 0.00717177].
2024-02-12 12:01:39,094 - INFO - Finished optimization with guess, [0.73822469 0.00717177].
2024-02-12 12:01:39,096 - INFO - Best fit parameters: [2.60220614 0.01528568].
2024-02-12 12:01:39,414 - INFO - Maximum log composite likelihood: -250.50330817928983.
2024-02-12 12:01:39,415 - INFO - Optimal value of theta: 451.52099767201327.
2024-02-12 12:01:39,415 - INFO - Beginning optimization with guess, [0.78335805 0.01140754].
2024-02-12 12:01:54,297 - INFO - Finished optimization with guess, [0.78335805 0.01140754].
2024-02-12 12:01:54,298 - INFO - Best fit parameters: [1.6647215  0.02496093].
2024-02-12 12:01:54,602 - INFO - Maximum log composite likelihood: -261.5726803302265.
2024-02-12 12:01:54,602 - INFO - Optimal value of theta: 453.39579619191295.
2024-02-12 12:01:54,602 - INFO - Beginning optimization with guess, [1.01605827 0.00992229].
2024-02-12 12:02:10,027 - INFO - Finished optimization with guess, [1.01605827 0.00992229].
2024-02-12 12:02:10,028 - INFO - Best fit parameters: [2.04025564 0.04057573].
2024-02-12 12:02:10,330 - INFO - Maximum log composite likelihood: -254.59924467447473.
2024-02-12 12:02:10,330 - INFO - Optimal value of theta: 429.72813323660233.
2024-02-12 12:02:10,330 - INFO - Beginning optimization with guess, [1.03835382 0.00856809].
2024-02-12 12:02:25,177 - INFO - Finished optimization with guess, [1.03835382 0.00856809].
2024-02-12 12:02:25,178 - INFO - Best fit parameters: [1.78486790e+01 1.78119868e-02].
2024-02-12 12:02:25,491 - INFO - Maximum log composite likelihood: -221.72733201552617.
2024-02-12 12:02:25,491 - INFO - Optimal value of theta: 425.40699675600456.
2024-02-12 12:02:25,491 - INFO - Beginning optimization with guess, [0.81403028 0.00802558].
2024-02-12 12:02:41,118 - INFO - Finished optimization with guess, [0.81403028 0.00802558].
2024-02-12 12:02:41,119 - INFO - Best fit parameters: [2.93136128 0.03801392].
2024-02-12 12:02:41,433 - INFO - Maximum log composite likelihood: -244.26477810048704.
2024-02-12 12:02:41,433 - INFO - Optimal value of theta: 415.6858099041218.
2024-02-12 12:02:41,433 - INFO - Beginning optimization with guess, [1.32965892 0.00517208].
2024-02-12 12:02:55,184 - INFO - Finished optimization with guess, [1.32965892 0.00517208].
2024-02-12 12:02:55,185 - INFO - Best fit parameters: [5.94628829e+01 1.99493734e-02].
2024-02-12 12:02:55,498 - INFO - Maximum log composite likelihood: -217.3732808147004.
2024-02-12 12:02:55,498 - INFO - Optimal value of theta: 416.010793740689.
2024-02-12 12:02:55,499 - INFO - Beginning optimization with guess, [0.51078154 0.00910348].
2024-02-12 12:03:10,727 - INFO - Finished optimization with guess, [0.51078154 0.00910348].
2024-02-12 12:03:10,728 - INFO - Best fit parameters: [3.25777159 0.02336464].
2024-02-12 12:03:11,091 - INFO - Maximum log composite likelihood: -239.2633540962347.
2024-02-12 12:03:11,091 - INFO - Optimal value of theta: 433.38249242536176.
2024-02-12 12:03:11,092 - INFO - Beginning optimization with guess, [1.08169696 0.00508631].
2024-02-12 12:03:26,182 - INFO - Finished optimization with guess, [1.08169696 0.00508631].
2024-02-12 12:03:26,183 - INFO - Best fit parameters: [5.29665254 0.02789654].
2024-02-12 12:03:26,496 - INFO - Maximum log composite likelihood: -231.28689527692768.
2024-02-12 12:03:26,497 - INFO - Optimal value of theta: 415.17203768271406.
2024-02-12 12:03:26,497 - INFO - Beginning optimization with guess, [0.81085351 0.00856893].
2024-02-12 12:03:42,344 - INFO - Finished optimization with guess, [0.81085351 0.00856893].
2024-02-12 12:03:42,345 - INFO - Best fit parameters: [1.93608832 0.01777205].
2024-02-12 12:03:42,657 - INFO - Maximum log composite likelihood: -257.9912467499012.
2024-02-12 12:03:42,657 - INFO - Optimal value of theta: 455.2086623765728.
2024-02-12 12:03:42,657 - INFO - Beginning optimization with guess, [0.9224513  0.01133204].
2024-02-12 12:03:56,661 - INFO - Finished optimization with guess, [0.9224513  0.01133204].
2024-02-12 12:03:56,662 - INFO - Best fit parameters: [1.23575601 0.02574506].
2024-02-12 12:03:56,971 - INFO - Maximum log composite likelihood: -278.95745919955107.
2024-02-12 12:03:56,971 - INFO - Optimal value of theta: 467.9142310375012.
2024-02-12 12:03:56,972 - INFO - Beginning optimization with guess, [2.92176186 0.0138174 ].
2024-02-12 12:04:13,137 - INFO - Finished optimization with guess, [2.92176186 0.0138174 ].
2024-02-12 12:04:13,138 - INFO - Best fit parameters: [3.58966308e+03 1.94058607e-02].
2024-02-12 12:04:13,451 - INFO - Maximum log composite likelihood: -216.0926863027825.
2024-02-12 12:04:13,451 - INFO - Optimal value of theta: 414.0208574688118.
2024-02-12 12:04:13,451 - INFO - Beginning optimization with guess, [2.81151355 0.00554192].
2024-02-12 12:04:28,627 - INFO - Finished optimization with guess, [2.81151355 0.00554192].
2024-02-12 12:04:28,628 - INFO - Best fit parameters: [2.60144821e+03 1.95453704e-02].
2024-02-12 12:04:28,939 - INFO - Maximum log composite likelihood: -216.09848688141147.
2024-02-12 12:04:28,939 - INFO - Optimal value of theta: 414.14040737071826.
2024-02-12 12:04:28,939 - INFO - Beginning optimization with guess, [1.9130808  0.01108357].
2024-02-12 12:04:43,313 - INFO - Finished optimization with guess, [1.9130808  0.01108357].
2024-02-12 12:04:43,314 - INFO - Best fit parameters: [2.04039309e+03 1.90919721e-02].
2024-02-12 12:04:43,614 - INFO - Maximum log composite likelihood: -216.12149673074862.
2024-02-12 12:04:43,614 - INFO - Optimal value of theta: 415.79276539326327.
2024-02-12 12:04:43,615 - INFO - Beginning optimization with guess, [3.79920371 0.01461904].
2024-02-12 12:04:57,844 - INFO - Finished optimization with guess, [3.79920371 0.01461904].
2024-02-12 12:04:57,846 - INFO - Best fit parameters: [1.48620210e+03 2.01375159e-02].
2024-02-12 12:04:58,227 - INFO - Maximum log composite likelihood: -216.15009696418804.
2024-02-12 12:04:58,227 - INFO - Optimal value of theta: 413.16674896741995.
2024-02-12 12:04:58,228 - INFO - Beginning optimization with guess, [1.65958596 0.01672833].
2024-02-12 12:05:12,988 - INFO - Finished optimization with guess, [1.65958596 0.01672833].
2024-02-12 12:05:12,989 - INFO - Best fit parameters: [1.89965276e+03 1.90715986e-02].
2024-02-12 12:05:13,299 - INFO - Maximum log composite likelihood: -216.1297043071812.
2024-02-12 12:05:13,299 - INFO - Optimal value of theta: 415.943837028297.
2024-02-12 12:05:13,299 - INFO - Beginning optimization with guess, [3.55110322 0.00764522].
2024-02-12 12:05:27,242 - INFO - Finished optimization with guess, [3.55110322 0.00764522].
2024-02-12 12:05:27,243 - INFO - Best fit parameters: [6.00031127e+03 1.94627323e-02].
2024-02-12 12:05:27,576 - INFO - Maximum log composite likelihood: -216.118024088072.
2024-02-12 12:05:27,576 - INFO - Optimal value of theta: 413.03786624127684.
2024-02-12 12:05:27,577 - INFO - Beginning optimization with guess, [2.06039767 0.00517973].
2024-02-12 12:05:43,486 - INFO - Finished optimization with guess, [2.06039767 0.00517973].
2024-02-12 12:05:43,487 - INFO - Best fit parameters: [6.28856657 0.02007679].
2024-02-12 12:05:43,888 - INFO - Maximum log composite likelihood: -230.36522293160468.
2024-02-12 12:05:43,888 - INFO - Optimal value of theta: 428.603629184152.
2024-02-12 12:05:43,889 - INFO - Beginning optimization with guess, [6.96049139 0.01284012].
2024-02-12 12:05:59,311 - INFO - Finished optimization with guess, [6.96049139 0.01284012].
2024-02-12 12:05:59,312 - INFO - Best fit parameters: [6.63422670e+03 1.90663591e-02].
2024-02-12 12:05:59,630 - INFO - Maximum log composite likelihood: -216.08246743732172.
2024-02-12 12:05:59,630 - INFO - Optimal value of theta: 414.0748518305846.
2024-02-12 12:05:59,631 - INFO - Beginning optimization with guess, [5.99836976 0.00674083].
2024-02-12 12:06:14,906 - INFO - Finished optimization with guess, [5.99836976 0.00674083].
2024-02-12 12:06:14,907 - INFO - Best fit parameters: [1.20360278e+04 1.87252452e-02].
2024-02-12 12:06:15,218 - INFO - Maximum log composite likelihood: -216.07287314819277.
2024-02-12 12:06:15,218 - INFO - Optimal value of theta: 414.72645933729444.
2024-02-12 12:06:15,219 - INFO - Beginning optimization with guess, [9.65564846 0.01411374].
2024-02-12 12:06:30,801 - INFO - Finished optimization with guess, [9.65564846 0.01411374].
2024-02-12 12:06:30,802 - INFO - Best fit parameters: [1.53222865e+04 1.87157003e-02].
2024-02-12 12:06:31,109 - INFO - Maximum log composite likelihood: -216.07202171865447.
2024-02-12 12:06:31,110 - INFO - Optimal value of theta: 414.81108304697926.
2024-02-12 12:06:31,110 - INFO - Beginning optimization with guess, [1.25104752e+01 9.71480121e-03].
2024-02-12 12:06:46,773 - INFO - Finished optimization with guess, [1.25104752e+01 9.71480121e-03].
2024-02-12 12:06:46,775 - INFO - Best fit parameters: [9.52738899e+01 1.96615674e-02].
2024-02-12 12:06:47,088 - INFO - Maximum log composite likelihood: -216.88940393072608.
2024-02-12 12:06:47,088 - INFO - Optimal value of theta: 416.1869874175323.
2024-02-12 12:06:47,088 - INFO - Beginning optimization with guess, [6.82771756 0.00708427].
2024-02-12 12:07:02,778 - INFO - Finished optimization with guess, [6.82771756 0.00708427].
2024-02-12 12:07:02,779 - INFO - Best fit parameters: [18.48119709  0.02277671].
2024-02-12 12:07:03,149 - INFO - Maximum log composite likelihood: -220.71602246242708.
2024-02-12 12:07:03,149 - INFO - Optimal value of theta: 412.48391736343024.
2024-02-12 12:07:03,152 - INFO - Beginning demographic inference for three-epoch demographic model.
2024-02-12 12:07:03,154 - INFO - Beginning optimization with guess, [0.01101037 0.01948764 0.01108193 0.01859359].
2024-02-12 12:07:26,652 - INFO - Finished optimization with guess, [0.01101037 0.01948764 0.01108193 0.01859359].
2024-02-12 12:07:26,653 - INFO - Best fit parameters: [0.00601419 0.01363906 0.02497985 0.01825709].
2024-02-12 12:07:27,106 - INFO - Maximum log composite likelihood: -289.17806604978045.
2024-02-12 12:07:27,106 - INFO - Optimal value of theta: 32286.335827503117.
2024-02-12 12:07:27,106 - INFO - Beginning optimization with guess, [0.01091401 0.01876718 0.00891091 0.01352694].
2024-02-12 12:07:47,918 - INFO - Finished optimization with guess, [0.01091401 0.01876718 0.00891091 0.01352694].
2024-02-12 12:07:47,919 - INFO - Best fit parameters: [0.00659685 0.01586678 0.02778766 0.01203519].
2024-02-12 12:07:48,362 - INFO - Maximum log composite likelihood: -288.3182553199831.
2024-02-12 12:07:48,362 - INFO - Optimal value of theta: 27664.277743460367.
2024-02-12 12:07:48,363 - INFO - Beginning optimization with guess, [0.01873562 0.05732157 0.01282866 0.01356575].
2024-02-12 12:08:06,685 - INFO - Finished optimization with guess, [0.01873562 0.05732157 0.01282866 0.01356575].
2024-02-12 12:08:06,686 - INFO - Best fit parameters: [0.00727266 0.10857784 0.02220066 0.00538279].
2024-02-12 12:08:07,074 - INFO - Maximum log composite likelihood: -169.11631512345784.
2024-02-12 12:08:07,074 - INFO - Optimal value of theta: 8600.603277170774.
2024-02-12 12:08:07,074 - INFO - Beginning optimization with guess, [0.03779225 0.03918501 0.00681244 0.01917962].
2024-02-12 12:08:20,339 - INFO - Finished optimization with guess, [0.03779225 0.03918501 0.00681244 0.01917962].
2024-02-12 12:08:20,350 - INFO - Best fit parameters: [1.96220803e-05 1.14120564e+05 2.81701246e-06 2.81722617e-02].
2024-02-12 12:08:20,760 - INFO - Maximum log composite likelihood: -146.5413727427561.
2024-02-12 12:08:20,760 - INFO - Optimal value of theta: 568.9829663929501.
2024-02-12 12:08:20,760 - INFO - Beginning optimization with guess, [0.04377609 0.04890851 0.01053383 0.01504046].
2024-02-12 12:08:35,444 - INFO - Finished optimization with guess, [0.04377609 0.04890851 0.01053383 0.01504046].
2024-02-12 12:08:35,445 - INFO - Best fit parameters: [4.72655705e-05 2.36223781e+04 6.81676716e-06 2.53105745e-02].
2024-02-12 12:08:35,764 - INFO - Maximum log composite likelihood: -147.84112573417121.
2024-02-12 12:08:35,764 - INFO - Optimal value of theta: 581.5631279233454.
2024-02-12 12:08:35,765 - INFO - Beginning optimization with guess, [0.34581786 0.55778521 0.01843165 0.01491424].
2024-02-12 12:08:52,027 - INFO - Finished optimization with guess, [0.34581786 0.55778521 0.01843165 0.01491424].
2024-02-12 12:08:52,028 - INFO - Best fit parameters: [0.22205256 0.64118098 0.00194424 0.82707233].
2024-02-12 12:08:52,374 - INFO - Maximum log composite likelihood: -289.2287058768878.
2024-02-12 12:08:52,374 - INFO - Optimal value of theta: 688.588655177964.
2024-02-12 12:08:52,375 - INFO - Beginning optimization with guess, [1.12045704 1.02122906 0.0097236  0.01040747].
2024-02-12 12:09:05,578 - INFO - Finished optimization with guess, [1.12045704 1.02122906 0.0097236  0.01040747].
2024-02-12 12:09:05,579 - INFO - Best fit parameters: [1.19223704e+00 1.00623060e+00 2.93685972e-02 3.82092316e-05].
2024-02-12 12:09:05,894 - INFO - Maximum log composite likelihood: -281.3287564154051.
2024-02-12 12:09:05,894 - INFO - Optimal value of theta: 468.88018784530755.
2024-02-12 12:09:05,895 - INFO - Beginning optimization with guess, [1.1995437  0.42461453 0.01960137 0.00584012].
2024-02-12 12:09:19,268 - INFO - Finished optimization with guess, [1.1995437  0.42461453 0.01960137 0.00584012].
2024-02-12 12:09:19,269 - INFO - Best fit parameters: [1.52866070e+00 2.15557380e+00 2.74373696e-02 1.60604420e-07].
2024-02-12 12:09:19,640 - INFO - Maximum log composite likelihood: -265.60546455689024.
2024-02-12 12:09:19,640 - INFO - Optimal value of theta: 455.5039963291389.
2024-02-12 12:09:19,641 - INFO - Beginning optimization with guess, [0.47069246 1.04852365 0.01306954 0.01813452].
2024-02-12 12:09:34,324 - INFO - Finished optimization with guess, [0.47069246 1.04852365 0.01306954 0.01813452].
2024-02-12 12:09:34,326 - INFO - Best fit parameters: [0.30821101 1.07877123 0.32087921 0.02232939].
2024-02-12 12:09:34,673 - INFO - Maximum log composite likelihood: -176.22815842244603.
2024-02-12 12:09:34,673 - INFO - Optimal value of theta: 888.4916849283566.
2024-02-12 12:09:34,673 - INFO - Beginning optimization with guess, [0.50640129 0.85193055 0.00669162 0.0062698 ].
2024-02-12 12:09:49,064 - INFO - Finished optimization with guess, [0.50640129 0.85193055 0.00669162 0.0062698 ].
2024-02-12 12:09:49,065 - INFO - Best fit parameters: [1.40662527e+00 1.02359228e+00 3.33662925e-08 1.69232582e-01].
2024-02-12 12:09:49,379 - INFO - Maximum log composite likelihood: -295.2365309364805.
2024-02-12 12:09:49,379 - INFO - Optimal value of theta: 476.411875478605.
2024-02-12 12:09:49,380 - INFO - Beginning optimization with guess, [2.19724262 2.46184183 0.01203874 0.01941651].
2024-02-12 12:10:02,029 - INFO - Finished optimization with guess, [2.19724262 2.46184183 0.01203874 0.01941651].
2024-02-12 12:10:02,030 - INFO - Best fit parameters: [1.59577175e+00 8.49365860e+01 6.54117791e-03 2.04412094e-02].
2024-02-12 12:10:02,343 - INFO - Maximum log composite likelihood: -218.67891262518188.
2024-02-12 12:10:02,343 - INFO - Optimal value of theta: 408.09989726540584.
2024-02-12 12:10:02,343 - INFO - Beginning optimization with guess, [2.05895666 1.02882849 0.01236407 0.01102893].
2024-02-12 12:10:15,605 - INFO - Finished optimization with guess, [2.05895666 1.02882849 0.01236407 0.01102893].
2024-02-12 12:10:15,606 - INFO - Best fit parameters: [1.99293753e+00 1.01571139e+00 2.61670581e-02 1.32465715e-04].
2024-02-12 12:10:15,923 - INFO - Maximum log composite likelihood: -253.7988222656864.
2024-02-12 12:10:15,923 - INFO - Optimal value of theta: 444.84966021198966.
2024-02-12 12:10:15,923 - INFO - Beginning optimization with guess, [2.47409603 3.15932656 0.01927902 0.00606118].
2024-02-12 12:10:30,020 - INFO - Finished optimization with guess, [2.47409603 3.15932656 0.01927902 0.00606118].
2024-02-12 12:10:30,021 - INFO - Best fit parameters: [2.26804725e+00 9.95599685e+00 7.45166492e-03 2.26254974e-02].
2024-02-12 12:10:30,339 - INFO - Maximum log composite likelihood: -226.70260927085258.
2024-02-12 12:10:30,339 - INFO - Optimal value of theta: 407.76882556393116.
2024-02-12 12:10:30,340 - INFO - Beginning optimization with guess, [1.20846518 1.67921446 0.01715022 0.01026773].
2024-02-12 12:10:44,211 - INFO - Finished optimization with guess, [1.20846518 1.67921446 0.01715022 0.01026773].
2024-02-12 12:10:44,212 - INFO - Best fit parameters: [0.82458382 5.96258276 0.00748822 0.0195555 ].
2024-02-12 12:10:44,526 - INFO - Maximum log composite likelihood: -231.64696644268506.
2024-02-12 12:10:44,526 - INFO - Optimal value of theta: 434.1356220553933.
2024-02-12 12:10:44,526 - INFO - Beginning optimization with guess, [2.70147635 2.72750789 0.0163915  0.00574889].
2024-02-12 12:10:58,975 - INFO - Finished optimization with guess, [2.70147635 2.72750789 0.0163915  0.00574889].
2024-02-12 12:10:58,976 - INFO - Best fit parameters: [5.59117723 6.05859921 0.01658165 0.01387267].
2024-02-12 12:10:59,281 - INFO - Maximum log composite likelihood: -230.65600977380473.
2024-02-12 12:10:59,281 - INFO - Optimal value of theta: 408.1658794122977.
2024-02-12 12:10:59,281 - INFO - Beginning optimization with guess, [3.95181678 1.53174805 0.01504936 0.00595412].
2024-02-12 12:11:12,812 - INFO - Finished optimization with guess, [3.95181678 1.53174805 0.01504936 0.00595412].
2024-02-12 12:11:12,815 - INFO - Best fit parameters: [6.22061255e+01 3.93875153e-01 1.81625178e-02 1.45523585e-10].
2024-02-12 12:11:13,133 - INFO - Maximum log composite likelihood: -217.8235559389912.
2024-02-12 12:11:13,133 - INFO - Optimal value of theta: 420.9837809983252.
2024-02-12 12:11:13,134 - INFO - Beginning optimization with guess, [5.25254007 1.43038658 0.01861833 0.0056427 ].
2024-02-12 12:11:26,174 - INFO - Finished optimization with guess, [5.25254007 1.43038658 0.01861833 0.0056427 ].
2024-02-12 12:11:26,175 - INFO - Best fit parameters: [3.59583916e+01 1.33165596e+00 1.72163415e-02 3.45462422e-07].
2024-02-12 12:11:26,488 - INFO - Maximum log composite likelihood: -219.51159820898215.
2024-02-12 12:11:26,488 - INFO - Optimal value of theta: 424.69754537758706.
2024-02-12 12:11:26,489 - INFO - Beginning optimization with guess, [1.74937736 1.50266984 0.00928923 0.0175966 ].
2024-02-12 12:11:40,040 - INFO - Finished optimization with guess, [1.74937736 1.50266984 0.00928923 0.0175966 ].
2024-02-12 12:11:40,041 - INFO - Best fit parameters: [2.37572300e+00 2.27305785e+00 3.16128420e-02 4.63817050e-04].
2024-02-12 12:11:40,363 - INFO - Maximum log composite likelihood: -247.17138975035334.
2024-02-12 12:11:40,364 - INFO - Optimal value of theta: 431.1121508062969.
2024-02-12 12:11:40,364 - INFO - Beginning optimization with guess, [2.103402   4.25195077 0.01107984 0.01134122].
2024-02-12 12:11:55,041 - INFO - Finished optimization with guess, [2.103402   4.25195077 0.01107984 0.01134122].
2024-02-12 12:11:55,042 - INFO - Best fit parameters: [1.65109065e+00 1.67162268e+01 9.51908929e-04 1.95349975e-02].
2024-02-12 12:11:55,353 - INFO - Maximum log composite likelihood: -221.0645816304551.
2024-02-12 12:11:55,354 - INFO - Optimal value of theta: 420.18129218721083.
2024-02-12 12:11:55,354 - INFO - Beginning optimization with guess, [3.86435598 6.11613131 0.01629107 0.00788357].
2024-02-12 12:12:09,264 - INFO - Finished optimization with guess, [3.86435598 6.11613131 0.01629107 0.00788357].
2024-02-12 12:12:09,265 - INFO - Best fit parameters: [2.22518972e+00 1.96485113e+01 6.92184775e-03 1.97875208e-02].
2024-02-12 12:12:09,594 - INFO - Maximum log composite likelihood: -221.68042747458514.
2024-02-12 12:12:09,594 - INFO - Optimal value of theta: 410.16947509856726.
2024-02-12 12:12:09,594 - INFO - Beginning optimization with guess, [2.13629305 4.55086885 0.00564026 0.01797115].
2024-02-12 12:12:23,220 - INFO - Finished optimization with guess, [2.13629305 4.55086885 0.00564026 0.01797115].
2024-02-12 12:12:23,221 - INFO - Best fit parameters: [1.69412815e+00 1.16131915e+01 7.71334749e-03 1.84311555e-02].
2024-02-12 12:12:23,533 - INFO - Maximum log composite likelihood: -224.20181889680987.
2024-02-12 12:12:23,533 - INFO - Optimal value of theta: 418.44750950984195.
2024-02-12 12:12:23,534 - INFO - Beginning optimization with guess, [5.66239158 6.94267531 0.01200533 0.01192629].
2024-02-12 12:12:37,849 - INFO - Finished optimization with guess, [5.66239158 6.94267531 0.01200533 0.01192629].
2024-02-12 12:12:37,850 - INFO - Best fit parameters: [6.39539909e+00 5.82320100e+02 2.57939489e-03 1.73428231e-02].
2024-02-12 12:12:38,166 - INFO - Maximum log composite likelihood: -216.35800459745286.
2024-02-12 12:12:38,167 - INFO - Optimal value of theta: 415.6364529462965.
2024-02-12 12:12:38,167 - INFO - Beginning optimization with guess, [9.48247703e+00 3.48123688e+00 7.13260552e-03 1.63917922e-02].
2024-02-12 12:12:52,408 - INFO - Finished optimization with guess, [9.48247703e+00 3.48123688e+00 7.13260552e-03 1.63917922e-02].
2024-02-12 12:12:52,409 - INFO - Best fit parameters: [9.54889385e+00 4.58435877e+00 1.79131028e-02 3.19742600e-03].
2024-02-12 12:12:52,724 - INFO - Maximum log composite likelihood: -225.9901845241439.
2024-02-12 12:12:52,724 - INFO - Optimal value of theta: 422.80417663828695.
2024-02-12 12:12:52,724 - INFO - Beginning optimization with guess, [3.68893169e+00 8.73704006e+00 7.42713785e-03 8.11959350e-03].
2024-02-12 12:13:05,658 - INFO - Finished optimization with guess, [3.68893169e+00 8.73704006e+00 7.42713785e-03 8.11959350e-03].
2024-02-12 12:13:05,659 - INFO - Best fit parameters: [2.25617868e+00 2.57500610e+01 3.84152838e-03 1.85165927e-02].
2024-02-12 12:13:05,998 - INFO - Maximum log composite likelihood: -219.4778327349038.
2024-02-12 12:13:05,998 - INFO - Optimal value of theta: 416.24989626508443.
2024-02-12 12:13:05,998 - INFO - Beginning optimization with guess, [4.09835933e+00 1.32193173e+01 1.25854432e-02 1.49623024e-02].
2024-02-12 12:13:19,344 - INFO - Finished optimization with guess, [4.09835933e+00 1.32193173e+01 1.25854432e-02 1.49623024e-02].
2024-02-12 12:13:19,345 - INFO - Best fit parameters: [1.06462049e+00 1.29862454e+02 1.27415472e-04 2.02983865e-02].
2024-02-12 12:13:19,659 - INFO - Maximum log composite likelihood: -216.6579005463863.
2024-02-12 12:13:19,659 - INFO - Optimal value of theta: 414.0780668799489.
2024-02-12 12:13:19,661 - INFO - Finished demographic inference.
2024-02-12 12:13:19,662 - INFO - Pipeline executed succesfully.
