2024-03-14 21:28:37,367 - INFO - Beginning execution of fit_demographic_model.py in directory /u/project/kirk/jonmah/sample_size_demography/Scripts

2024-03-14 21:28:37,368 - INFO - Progress is being logged to ../Analysis/TwoEpochExpansion_750/log.log

2024-03-14 21:28:37,368 - INFO - Parsed the following arguments:
	syn_input_sfs = ../Analysis/TwoEpochExpansion_750/syn_downsampled_sfs.txt
	mask_singletons = False
	mask_doubletons = False
	outprefix = ../Analysis/TwoEpochExpansion_750/

2024-03-14 21:28:37,385 - INFO - Beginning demographic inference for one-epoch demographic model.
2024-03-14 21:28:37,386 - INFO - Beginning optimization with guess, [0.06752686].
2024-03-14 21:29:33,946 - INFO - Finished optimization with guess, [0.06752686].
2024-03-14 21:29:33,947 - INFO - Best fit parameters: [0.06752686].
2024-03-14 21:29:35,559 - INFO - Maximum log composite likelihood: -3302.450092938308.
2024-03-14 21:29:35,559 - INFO - Optimal value of theta: 13707.892295345224.
2024-03-14 21:29:35,559 - INFO - Beginning optimization with guess, [0.28218078].
2024-03-14 21:30:32,856 - INFO - Finished optimization with guess, [0.28218078].
2024-03-14 21:30:32,865 - INFO - Best fit parameters: [0.28218078].
2024-03-14 21:30:36,410 - INFO - Maximum log composite likelihood: -3302.450092938308.
2024-03-14 21:30:36,410 - INFO - Optimal value of theta: 13707.892295345224.
2024-03-14 21:30:36,410 - INFO - Beginning optimization with guess, [0.16533861].
2024-03-14 21:33:15,053 - INFO - Finished optimization with guess, [0.16533861].
2024-03-14 21:33:15,070 - INFO - Best fit parameters: [0.16533861].
2024-03-14 21:33:21,127 - INFO - Maximum log composite likelihood: -3302.450092938308.
2024-03-14 21:33:21,132 - INFO - Optimal value of theta: 13707.892295345224.
2024-03-14 21:33:21,132 - INFO - Beginning optimization with guess, [0.35156329].
2024-03-14 21:36:18,082 - INFO - Finished optimization with guess, [0.35156329].
2024-03-14 21:36:18,091 - INFO - Best fit parameters: [0.35156329].
2024-03-14 21:36:21,523 - INFO - Maximum log composite likelihood: -3302.450092938308.
2024-03-14 21:36:21,523 - INFO - Optimal value of theta: 13707.892295345224.
2024-03-14 21:36:21,523 - INFO - Beginning optimization with guess, [0.32154285].
2024-03-14 21:37:32,495 - INFO - Finished optimization with guess, [0.32154285].
2024-03-14 21:37:32,504 - INFO - Best fit parameters: [0.32154285].
2024-03-14 21:37:35,495 - INFO - Maximum log composite likelihood: -3302.450092938308.
2024-03-14 21:37:35,496 - INFO - Optimal value of theta: 13707.892295345224.
2024-03-14 21:37:35,496 - INFO - Beginning optimization with guess, [1.12700377].
2024-03-14 21:39:30,213 - INFO - Finished optimization with guess, [1.12700377].
2024-03-14 21:39:30,226 - INFO - Best fit parameters: [1.12700377].
2024-03-14 21:39:35,961 - INFO - Maximum log composite likelihood: -3302.450092938308.
2024-03-14 21:39:35,971 - INFO - Optimal value of theta: 13707.892295345224.
2024-03-14 21:39:35,972 - INFO - Beginning optimization with guess, [1.10116531].
2024-03-14 21:41:27,401 - INFO - Finished optimization with guess, [1.10116531].
2024-03-14 21:41:27,430 - INFO - Best fit parameters: [1.10116531].
2024-03-14 21:41:33,131 - INFO - Maximum log composite likelihood: -3302.450092938308.
2024-03-14 21:41:33,131 - INFO - Optimal value of theta: 13707.892295345224.
2024-03-14 21:41:33,131 - INFO - Beginning optimization with guess, [0.55341493].
2024-03-14 21:43:48,913 - INFO - Finished optimization with guess, [0.55341493].
2024-03-14 21:43:48,935 - INFO - Best fit parameters: [0.55341493].
2024-03-14 21:43:50,572 - INFO - Maximum log composite likelihood: -3302.450092938308.
2024-03-14 21:43:50,572 - INFO - Optimal value of theta: 13707.892295345224.
2024-03-14 21:43:50,572 - INFO - Beginning optimization with guess, [0.64099122].
2024-03-14 21:44:32,279 - INFO - Finished optimization with guess, [0.64099122].
2024-03-14 21:44:32,280 - INFO - Best fit parameters: [0.64099122].
2024-03-14 21:44:33,882 - INFO - Maximum log composite likelihood: -3302.450092938308.
2024-03-14 21:44:33,883 - INFO - Optimal value of theta: 13707.892295345224.
2024-03-14 21:44:33,883 - INFO - Beginning optimization with guess, [1.29517867].
2024-03-14 21:47:00,422 - INFO - Finished optimization with guess, [1.29517867].
2024-03-14 21:47:00,429 - INFO - Best fit parameters: [1.29517867].
2024-03-14 21:47:06,478 - INFO - Maximum log composite likelihood: -3302.450092938308.
2024-03-14 21:47:06,482 - INFO - Optimal value of theta: 13707.892295345224.
2024-03-14 21:47:06,482 - INFO - Beginning optimization with guess, [0.80838744].
2024-03-14 21:49:22,439 - INFO - Finished optimization with guess, [0.80838744].
2024-03-14 21:49:22,441 - INFO - Best fit parameters: [0.80838744].
2024-03-14 21:49:27,731 - INFO - Maximum log composite likelihood: -3302.450092938308.
2024-03-14 21:49:27,740 - INFO - Optimal value of theta: 13707.892295345224.
2024-03-14 21:49:27,740 - INFO - Beginning optimization with guess, [0.8950482].
2024-03-14 21:50:57,926 - INFO - Finished optimization with guess, [0.8950482].
2024-03-14 21:50:57,932 - INFO - Best fit parameters: [0.8950482].
2024-03-14 21:51:00,346 - INFO - Maximum log composite likelihood: -3302.450092938308.
2024-03-14 21:51:00,346 - INFO - Optimal value of theta: 13707.892295345224.
2024-03-14 21:51:00,347 - INFO - Beginning optimization with guess, [1.78747952].
2024-03-14 21:52:16,600 - INFO - Finished optimization with guess, [1.78747952].
2024-03-14 21:52:16,605 - INFO - Best fit parameters: [1.78747952].
2024-03-14 21:52:23,224 - INFO - Maximum log composite likelihood: -3302.450092938308.
2024-03-14 21:52:23,231 - INFO - Optimal value of theta: 13707.892295345224.
2024-03-14 21:52:23,231 - INFO - Beginning optimization with guess, [1.18005975].
2024-03-14 21:54:43,145 - INFO - Finished optimization with guess, [1.18005975].
2024-03-14 21:54:43,159 - INFO - Best fit parameters: [1.18005975].
2024-03-14 21:54:49,149 - INFO - Maximum log composite likelihood: -3302.450092938308.
2024-03-14 21:54:49,196 - INFO - Optimal value of theta: 13707.892295345224.
2024-03-14 21:54:49,196 - INFO - Beginning optimization with guess, [4.40814511].
2024-03-14 21:57:24,159 - INFO - Finished optimization with guess, [4.40814511].
2024-03-14 21:57:24,172 - INFO - Best fit parameters: [4.40814511].
2024-03-14 21:57:27,252 - INFO - Maximum log composite likelihood: -3302.450092938308.
2024-03-14 21:57:27,252 - INFO - Optimal value of theta: 13707.892295345224.
2024-03-14 21:57:27,253 - INFO - Beginning optimization with guess, [1.39748791].
