2024-03-14 20:51:02,500 - INFO - Beginning execution of fit_demographic_model.py in directory /u/project/kirk/jonmah/sample_size_demography/Scripts

2024-03-14 20:51:02,501 - INFO - Progress is being logged to ../Analysis/TwoEpochExpansion_190/log.log

2024-03-14 20:51:02,501 - INFO - Parsed the following arguments:
	syn_input_sfs = ../Analysis/TwoEpochExpansion_190/syn_downsampled_sfs.txt
	mask_singletons = False
	mask_doubletons = False
	outprefix = ../Analysis/TwoEpochExpansion_190/

2024-03-14 20:51:02,529 - INFO - Beginning demographic inference for one-epoch demographic model.
2024-03-14 20:51:02,530 - INFO - Beginning optimization with guess, [0.11934773].
2024-03-14 20:51:29,264 - INFO - Finished optimization with guess, [0.11934773].
2024-03-14 20:51:29,265 - INFO - Best fit parameters: [0.11934773].
2024-03-14 20:51:30,025 - INFO - Maximum log composite likelihood: -873.9393884905754.
2024-03-14 20:51:30,026 - INFO - Optimal value of theta: 12724.764944740242.
2024-03-14 20:51:30,026 - INFO - Beginning optimization with guess, [0.25596579].
2024-03-14 20:51:54,476 - INFO - Finished optimization with guess, [0.25596579].
2024-03-14 20:51:54,477 - INFO - Best fit parameters: [0.25596579].
2024-03-14 20:51:55,237 - INFO - Maximum log composite likelihood: -873.9393884905754.
2024-03-14 20:51:55,238 - INFO - Optimal value of theta: 12724.764944740242.
2024-03-14 20:51:55,238 - INFO - Beginning optimization with guess, [0.56378324].
2024-03-14 20:52:17,553 - INFO - Finished optimization with guess, [0.56378324].
2024-03-14 20:52:17,554 - INFO - Best fit parameters: [0.56378324].
2024-03-14 20:52:18,337 - INFO - Maximum log composite likelihood: -873.9393884905754.
2024-03-14 20:52:18,337 - INFO - Optimal value of theta: 12724.764944740242.
2024-03-14 20:52:18,337 - INFO - Beginning optimization with guess, [0.22227512].
2024-03-14 20:52:43,216 - INFO - Finished optimization with guess, [0.22227512].
2024-03-14 20:52:43,218 - INFO - Best fit parameters: [0.22227512].
2024-03-14 20:52:44,004 - INFO - Maximum log composite likelihood: -873.9393884905754.
2024-03-14 20:52:44,004 - INFO - Optimal value of theta: 12724.764944740242.
2024-03-14 20:52:44,004 - INFO - Beginning optimization with guess, [0.76272492].
2024-03-14 20:53:04,111 - INFO - Finished optimization with guess, [0.76272492].
2024-03-14 20:53:04,112 - INFO - Best fit parameters: [0.76272492].
2024-03-14 20:53:04,883 - INFO - Maximum log composite likelihood: -873.9393884905754.
2024-03-14 20:53:04,884 - INFO - Optimal value of theta: 12724.764944740242.
2024-03-14 20:53:04,884 - INFO - Beginning optimization with guess, [0.30191882].
2024-03-14 20:53:29,436 - INFO - Finished optimization with guess, [0.30191882].
2024-03-14 20:53:29,437 - INFO - Best fit parameters: [0.30191882].
2024-03-14 20:53:30,222 - INFO - Maximum log composite likelihood: -873.9393884905754.
2024-03-14 20:53:30,222 - INFO - Optimal value of theta: 12724.764944740242.
2024-03-14 20:53:30,222 - INFO - Beginning optimization with guess, [0.55454364].
2024-03-14 20:53:52,554 - INFO - Finished optimization with guess, [0.55454364].
2024-03-14 20:53:52,555 - INFO - Best fit parameters: [0.55454364].
2024-03-14 20:53:53,321 - INFO - Maximum log composite likelihood: -873.9393884905754.
2024-03-14 20:53:53,322 - INFO - Optimal value of theta: 12724.764944740242.
2024-03-14 20:53:53,322 - INFO - Beginning optimization with guess, [1.51061369].
2024-03-14 20:54:13,753 - INFO - Finished optimization with guess, [1.51061369].
2024-03-14 20:54:13,754 - INFO - Best fit parameters: [1.51061369].
2024-03-14 20:54:14,529 - INFO - Maximum log composite likelihood: -873.9393884905754.
2024-03-14 20:54:14,530 - INFO - Optimal value of theta: 12724.764944740242.
2024-03-14 20:54:14,530 - INFO - Beginning optimization with guess, [1.08522339].
2024-03-14 20:54:30,078 - INFO - Finished optimization with guess, [1.08522339].
2024-03-14 20:54:30,080 - INFO - Best fit parameters: [1.08522339].
2024-03-14 20:54:30,870 - INFO - Maximum log composite likelihood: -873.9393884905754.
2024-03-14 20:54:30,870 - INFO - Optimal value of theta: 12724.764944740242.
2024-03-14 20:54:30,871 - INFO - Beginning optimization with guess, [1.32442454].
2024-03-14 20:54:50,820 - INFO - Finished optimization with guess, [1.32442454].
2024-03-14 20:54:50,822 - INFO - Best fit parameters: [1.32442454].
2024-03-14 20:54:51,589 - INFO - Maximum log composite likelihood: -873.9393884905754.
2024-03-14 20:54:51,589 - INFO - Optimal value of theta: 12724.764944740242.
2024-03-14 20:54:51,589 - INFO - Beginning optimization with guess, [1.3898502].
2024-03-14 20:55:11,811 - INFO - Finished optimization with guess, [1.3898502].
2024-03-14 20:55:11,812 - INFO - Best fit parameters: [1.3898502].
2024-03-14 20:55:12,563 - INFO - Maximum log composite likelihood: -873.9393884905754.
2024-03-14 20:55:12,564 - INFO - Optimal value of theta: 12724.764944740242.
2024-03-14 20:55:12,564 - INFO - Beginning optimization with guess, [1.31161357].
2024-03-14 20:55:32,411 - INFO - Finished optimization with guess, [1.31161357].
2024-03-14 20:55:32,413 - INFO - Best fit parameters: [1.31161357].
2024-03-14 20:55:33,194 - INFO - Maximum log composite likelihood: -873.9393884905754.
2024-03-14 20:55:33,194 - INFO - Optimal value of theta: 12724.764944740242.
2024-03-14 20:55:33,195 - INFO - Beginning optimization with guess, [0.91696831].
2024-03-14 20:55:48,623 - INFO - Finished optimization with guess, [0.91696831].
2024-03-14 20:55:48,624 - INFO - Best fit parameters: [0.91696831].
2024-03-14 20:55:49,400 - INFO - Maximum log composite likelihood: -873.9393884905754.
2024-03-14 20:55:49,400 - INFO - Optimal value of theta: 12724.764944740242.
2024-03-14 20:55:49,401 - INFO - Beginning optimization with guess, [2.35165402].
2024-03-14 20:56:11,883 - INFO - Finished optimization with guess, [2.35165402].
2024-03-14 20:56:11,884 - INFO - Best fit parameters: [2.35165402].
2024-03-14 20:56:12,652 - INFO - Maximum log composite likelihood: -873.9393884905754.
2024-03-14 20:56:12,652 - INFO - Optimal value of theta: 12724.764944740242.
2024-03-14 20:56:12,653 - INFO - Beginning optimization with guess, [1.71101099].
2024-03-14 20:56:34,974 - INFO - Finished optimization with guess, [1.71101099].
2024-03-14 20:56:34,975 - INFO - Best fit parameters: [1.71101099].
2024-03-14 20:56:35,756 - INFO - Maximum log composite likelihood: -873.9393884905754.
2024-03-14 20:56:35,756 - INFO - Optimal value of theta: 12724.764944740242.
2024-03-14 20:56:35,756 - INFO - Beginning optimization with guess, [2.11837334].
2024-03-14 20:56:58,619 - INFO - Finished optimization with guess, [2.11837334].
2024-03-14 20:56:58,624 - INFO - Best fit parameters: [2.11837334].
2024-03-14 20:56:59,405 - INFO - Maximum log composite likelihood: -873.9393884905754.
2024-03-14 20:56:59,405 - INFO - Optimal value of theta: 12724.764944740242.
2024-03-14 20:56:59,405 - INFO - Beginning optimization with guess, [5.2407662].
2024-03-14 20:57:24,235 - INFO - Finished optimization with guess, [5.2407662].
2024-03-14 20:57:24,237 - INFO - Best fit parameters: [5.2407662].
2024-03-14 20:57:25,009 - INFO - Maximum log composite likelihood: -873.9393884905754.
2024-03-14 20:57:25,009 - INFO - Optimal value of theta: 12724.764944740242.
2024-03-14 20:57:25,009 - INFO - Beginning optimization with guess, [1.56988914].
2024-03-14 20:57:44,967 - INFO - Finished optimization with guess, [1.56988914].
2024-03-14 20:57:44,968 - INFO - Best fit parameters: [1.56988914].
2024-03-14 20:57:45,751 - INFO - Maximum log composite likelihood: -873.9393884905754.
2024-03-14 20:57:45,752 - INFO - Optimal value of theta: 12724.764944740242.
2024-03-14 20:57:45,752 - INFO - Beginning optimization with guess, [3.04460291].
2024-03-14 20:58:10,540 - INFO - Finished optimization with guess, [3.04460291].
2024-03-14 20:58:10,541 - INFO - Best fit parameters: [3.04460291].
2024-03-14 20:58:11,313 - INFO - Maximum log composite likelihood: -873.9393884905754.
2024-03-14 20:58:11,313 - INFO - Optimal value of theta: 12724.764944740242.
2024-03-14 20:58:11,313 - INFO - Beginning optimization with guess, [7.04853496].
2024-03-14 20:58:35,920 - INFO - Finished optimization with guess, [7.04853496].
2024-03-14 20:58:35,921 - INFO - Best fit parameters: [7.04853496].
2024-03-14 20:58:36,703 - INFO - Maximum log composite likelihood: -873.9393884905754.
2024-03-14 20:58:36,704 - INFO - Optimal value of theta: 12724.764944740242.
2024-03-14 20:58:36,704 - INFO - Beginning optimization with guess, [2.88242888].
2024-03-14 20:59:01,353 - INFO - Finished optimization with guess, [2.88242888].
2024-03-14 20:59:01,355 - INFO - Best fit parameters: [2.88242888].
2024-03-14 20:59:02,177 - INFO - Maximum log composite likelihood: -873.9393884905754.
2024-03-14 20:59:02,177 - INFO - Optimal value of theta: 12724.764944740242.
2024-03-14 20:59:02,178 - INFO - Beginning optimization with guess, [5.97294648].
2024-03-14 20:59:26,934 - INFO - Finished optimization with guess, [5.97294648].
2024-03-14 20:59:26,935 - INFO - Best fit parameters: [5.97294648].
2024-03-14 20:59:27,689 - INFO - Maximum log composite likelihood: -873.9393884905754.
2024-03-14 20:59:27,689 - INFO - Optimal value of theta: 12724.764944740242.
2024-03-14 20:59:27,689 - INFO - Beginning optimization with guess, [3.99864156].
2024-03-14 20:59:52,417 - INFO - Finished optimization with guess, [3.99864156].
2024-03-14 20:59:52,419 - INFO - Best fit parameters: [3.99864156].
2024-03-14 20:59:53,202 - INFO - Maximum log composite likelihood: -873.9393884905754.
2024-03-14 20:59:53,202 - INFO - Optimal value of theta: 12724.764944740242.
2024-03-14 20:59:53,202 - INFO - Beginning optimization with guess, [6.94264556].
2024-03-14 21:00:18,188 - INFO - Finished optimization with guess, [6.94264556].
2024-03-14 21:00:18,189 - INFO - Best fit parameters: [6.94264556].
2024-03-14 21:00:18,988 - INFO - Maximum log composite likelihood: -873.9393884905754.
2024-03-14 21:00:18,988 - INFO - Optimal value of theta: 12724.764944740242.
2024-03-14 21:00:18,988 - INFO - Beginning optimization with guess, [7.46843562].
2024-03-14 21:00:44,059 - INFO - Finished optimization with guess, [7.46843562].
2024-03-14 21:00:44,061 - INFO - Best fit parameters: [7.46843562].
2024-03-14 21:00:44,847 - INFO - Maximum log composite likelihood: -873.9393884905754.
2024-03-14 21:00:44,847 - INFO - Optimal value of theta: 12724.764944740242.
2024-03-14 21:00:44,852 - INFO - Finished demographic inference.
2024-03-14 21:00:44,852 - INFO - Pipeline executed succesfully.
