2024-03-14 22:30:49,692 - INFO - Beginning execution of fit_demographic_model.py in directory /u/project/kirk/jonmah/sample_size_demography/Scripts

2024-03-14 22:30:49,692 - INFO - Progress is being logged to ../Analysis/ThreeEpochBottleneck_280/log.log

2024-03-14 22:30:49,692 - INFO - Parsed the following arguments:
	syn_input_sfs = ../Analysis/ThreeEpochExpansion_280/syn_downsampled_sfs.txt
	mask_singletons = False
	mask_doubletons = False
	outprefix = ../Analysis/ThreeEpochBottleneck_280/

2024-03-14 22:30:49,694 - INFO - Beginning demographic inference for one-epoch demographic model.
2024-03-14 22:30:49,695 - INFO - Beginning optimization with guess, [0.1064149].
2024-03-14 22:31:11,126 - INFO - Finished optimization with guess, [0.1064149].
2024-03-14 22:31:11,128 - INFO - Best fit parameters: [0.1064149].
2024-03-14 22:31:11,748 - INFO - Maximum log composite likelihood: -6688.010576253302.
2024-03-14 22:31:11,748 - INFO - Optimal value of theta: 17101.957691156087.
2024-03-14 22:31:11,749 - INFO - Beginning optimization with guess, [0.34128065].
2024-03-14 22:31:31,350 - INFO - Finished optimization with guess, [0.34128065].
2024-03-14 22:31:31,352 - INFO - Best fit parameters: [0.34128065].
2024-03-14 22:31:31,946 - INFO - Maximum log composite likelihood: -6688.010576253302.
2024-03-14 22:31:31,946 - INFO - Optimal value of theta: 17101.957691156087.
2024-03-14 22:31:31,947 - INFO - Beginning optimization with guess, [0.34308462].
2024-03-14 22:31:51,141 - INFO - Finished optimization with guess, [0.34308462].
2024-03-14 22:31:51,143 - INFO - Best fit parameters: [0.34308462].
2024-03-14 22:31:51,746 - INFO - Maximum log composite likelihood: -6688.010576253302.
2024-03-14 22:31:51,746 - INFO - Optimal value of theta: 17101.957691156087.
2024-03-14 22:31:51,747 - INFO - Beginning optimization with guess, [0.60749912].
2024-03-14 22:32:07,610 - INFO - Finished optimization with guess, [0.60749912].
2024-03-14 22:32:07,611 - INFO - Best fit parameters: [0.60749912].
2024-03-14 22:32:08,215 - INFO - Maximum log composite likelihood: -6688.010576253302.
2024-03-14 22:32:08,215 - INFO - Optimal value of theta: 17101.957691156087.
2024-03-14 22:32:08,215 - INFO - Beginning optimization with guess, [0.26629015].
2024-03-14 22:32:27,972 - INFO - Finished optimization with guess, [0.26629015].
2024-03-14 22:32:27,973 - INFO - Best fit parameters: [0.26629015].
2024-03-14 22:32:28,621 - INFO - Maximum log composite likelihood: -6688.010576253302.
2024-03-14 22:32:28,621 - INFO - Optimal value of theta: 17101.957691156087.
2024-03-14 22:32:28,621 - INFO - Beginning optimization with guess, [0.66594173].
2024-03-14 22:32:45,450 - INFO - Finished optimization with guess, [0.66594173].
2024-03-14 22:32:45,451 - INFO - Best fit parameters: [0.66594173].
2024-03-14 22:32:46,060 - INFO - Maximum log composite likelihood: -6688.010576253302.
2024-03-14 22:32:46,061 - INFO - Optimal value of theta: 17101.957691156087.
2024-03-14 22:32:46,061 - INFO - Beginning optimization with guess, [1.14916977].
2024-03-14 22:33:00,019 - INFO - Finished optimization with guess, [1.14916977].
2024-03-14 22:33:00,020 - INFO - Best fit parameters: [1.14916977].
2024-03-14 22:33:00,645 - INFO - Maximum log composite likelihood: -6688.010576253302.
2024-03-14 22:33:00,646 - INFO - Optimal value of theta: 17101.957691156087.
2024-03-14 22:33:00,646 - INFO - Beginning optimization with guess, [1.37877561].
2024-03-14 22:33:16,699 - INFO - Finished optimization with guess, [1.37877561].
2024-03-14 22:33:16,700 - INFO - Best fit parameters: [1.37877561].
2024-03-14 22:33:17,303 - INFO - Maximum log composite likelihood: -6688.010576253302.
2024-03-14 22:33:17,303 - INFO - Optimal value of theta: 17101.957691156087.
2024-03-14 22:33:17,303 - INFO - Beginning optimization with guess, [0.71284446].
2024-03-14 22:33:33,001 - INFO - Finished optimization with guess, [0.71284446].
2024-03-14 22:33:33,002 - INFO - Best fit parameters: [0.71284446].
2024-03-14 22:33:33,617 - INFO - Maximum log composite likelihood: -6688.010576253302.
2024-03-14 22:33:33,617 - INFO - Optimal value of theta: 17101.957691156087.
2024-03-14 22:33:33,617 - INFO - Beginning optimization with guess, [1.7449264].
2024-03-14 22:33:51,145 - INFO - Finished optimization with guess, [1.7449264].
2024-03-14 22:33:51,146 - INFO - Best fit parameters: [1.7449264].
2024-03-14 22:33:51,749 - INFO - Maximum log composite likelihood: -6688.010576253302.
2024-03-14 22:33:51,749 - INFO - Optimal value of theta: 17101.957691156087.
2024-03-14 22:33:51,749 - INFO - Beginning optimization with guess, [1.09387143].
2024-03-14 22:34:03,831 - INFO - Finished optimization with guess, [1.09387143].
2024-03-14 22:34:03,832 - INFO - Best fit parameters: [1.09387143].
2024-03-14 22:34:04,434 - INFO - Maximum log composite likelihood: -6688.010576253302.
2024-03-14 22:34:04,434 - INFO - Optimal value of theta: 17101.957691156087.
2024-03-14 22:34:04,435 - INFO - Beginning optimization with guess, [1.89149069].
2024-03-14 22:34:22,046 - INFO - Finished optimization with guess, [1.89149069].
2024-03-14 22:34:22,046 - INFO - Best fit parameters: [1.89149069].
2024-03-14 22:34:22,658 - INFO - Maximum log composite likelihood: -6688.010576253302.
2024-03-14 22:34:22,658 - INFO - Optimal value of theta: 17101.957691156087.
2024-03-14 22:34:22,659 - INFO - Beginning optimization with guess, [3.4040472].
2024-03-14 22:34:41,964 - INFO - Finished optimization with guess, [3.4040472].
2024-03-14 22:34:41,965 - INFO - Best fit parameters: [3.4040472].
2024-03-14 22:34:42,567 - INFO - Maximum log composite likelihood: -6688.010576253302.
2024-03-14 22:34:42,568 - INFO - Optimal value of theta: 17101.957691156087.
2024-03-14 22:34:42,568 - INFO - Beginning optimization with guess, [2.15784553].
2024-03-14 22:35:00,078 - INFO - Finished optimization with guess, [2.15784553].
2024-03-14 22:35:00,079 - INFO - Best fit parameters: [2.15784553].
2024-03-14 22:35:00,688 - INFO - Maximum log composite likelihood: -6688.010576253302.
2024-03-14 22:35:00,688 - INFO - Optimal value of theta: 17101.957691156087.
2024-03-14 22:35:00,688 - INFO - Beginning optimization with guess, [1.74027274].
2024-03-14 22:35:18,188 - INFO - Finished optimization with guess, [1.74027274].
2024-03-14 22:35:18,189 - INFO - Best fit parameters: [1.74027274].
2024-03-14 22:35:18,792 - INFO - Maximum log composite likelihood: -6688.010576253302.
2024-03-14 22:35:18,793 - INFO - Optimal value of theta: 17101.957691156087.
2024-03-14 22:35:18,793 - INFO - Beginning optimization with guess, [1.70991047].
2024-03-14 22:35:36,285 - INFO - Finished optimization with guess, [1.70991047].
2024-03-14 22:35:36,286 - INFO - Best fit parameters: [1.70991047].
2024-03-14 22:35:36,889 - INFO - Maximum log composite likelihood: -6688.010576253302.
2024-03-14 22:35:36,889 - INFO - Optimal value of theta: 17101.957691156087.
2024-03-14 22:35:36,889 - INFO - Beginning optimization with guess, [4.9833296].
2024-03-14 22:35:56,191 - INFO - Finished optimization with guess, [4.9833296].
2024-03-14 22:35:56,192 - INFO - Best fit parameters: [4.9833296].
2024-03-14 22:35:56,795 - INFO - Maximum log composite likelihood: -6688.010576253302.
2024-03-14 22:35:56,795 - INFO - Optimal value of theta: 17101.957691156087.
2024-03-14 22:35:56,795 - INFO - Beginning optimization with guess, [2.62190943].
2024-03-14 22:36:14,275 - INFO - Finished optimization with guess, [2.62190943].
2024-03-14 22:36:14,276 - INFO - Best fit parameters: [2.62190943].
2024-03-14 22:36:14,878 - INFO - Maximum log composite likelihood: -6688.010576253302.
2024-03-14 22:36:14,879 - INFO - Optimal value of theta: 17101.957691156087.
2024-03-14 22:36:14,879 - INFO - Beginning optimization with guess, [2.50382259].
2024-03-14 22:36:32,369 - INFO - Finished optimization with guess, [2.50382259].
2024-03-14 22:36:32,370 - INFO - Best fit parameters: [2.50382259].
2024-03-14 22:36:32,973 - INFO - Maximum log composite likelihood: -6688.010576253302.
2024-03-14 22:36:32,973 - INFO - Optimal value of theta: 17101.957691156087.
2024-03-14 22:36:32,973 - INFO - Beginning optimization with guess, [2.15690529].
2024-03-14 22:36:50,468 - INFO - Finished optimization with guess, [2.15690529].
2024-03-14 22:36:50,469 - INFO - Best fit parameters: [2.15690529].
2024-03-14 22:36:51,073 - INFO - Maximum log composite likelihood: -6688.010576253302.
2024-03-14 22:36:51,073 - INFO - Optimal value of theta: 17101.957691156087.
2024-03-14 22:36:51,073 - INFO - Beginning optimization with guess, [6.45524767].
2024-03-14 22:37:10,377 - INFO - Finished optimization with guess, [6.45524767].
2024-03-14 22:37:10,378 - INFO - Best fit parameters: [6.45524767].
2024-03-14 22:37:10,980 - INFO - Maximum log composite likelihood: -6688.010576253302.
2024-03-14 22:37:10,981 - INFO - Optimal value of theta: 17101.957691156087.
2024-03-14 22:37:10,981 - INFO - Beginning optimization with guess, [8.90476196].
2024-03-14 22:37:32,074 - INFO - Finished optimization with guess, [8.90476196].
2024-03-14 22:37:32,075 - INFO - Best fit parameters: [8.90476196].
2024-03-14 22:37:32,678 - INFO - Maximum log composite likelihood: -6688.010576253302.
2024-03-14 22:37:32,678 - INFO - Optimal value of theta: 17101.957691156087.
2024-03-14 22:37:32,678 - INFO - Beginning optimization with guess, [3.93715158].
2024-03-14 22:37:51,868 - INFO - Finished optimization with guess, [3.93715158].
2024-03-14 22:37:51,869 - INFO - Best fit parameters: [3.93715158].
2024-03-14 22:37:52,469 - INFO - Maximum log composite likelihood: -6688.010576253302.
2024-03-14 22:37:52,469 - INFO - Optimal value of theta: 17101.957691156087.
2024-03-14 22:37:52,470 - INFO - Beginning optimization with guess, [11.76742167].
2024-03-14 22:38:13,508 - INFO - Finished optimization with guess, [11.76742167].
2024-03-14 22:38:13,509 - INFO - Best fit parameters: [11.76742167].
2024-03-14 22:38:14,110 - INFO - Maximum log composite likelihood: -6688.010576253302.
2024-03-14 22:38:14,110 - INFO - Optimal value of theta: 17101.957691156087.
2024-03-14 22:38:14,111 - INFO - Beginning optimization with guess, [5.62685676].
2024-03-14 22:38:33,385 - INFO - Finished optimization with guess, [5.62685676].
2024-03-14 22:38:33,386 - INFO - Best fit parameters: [5.62685676].
2024-03-14 22:38:33,986 - INFO - Maximum log composite likelihood: -6688.010576253302.
2024-03-14 22:38:33,987 - INFO - Optimal value of theta: 17101.957691156087.
2024-03-14 22:38:33,989 - INFO - Finished demographic inference.
2024-03-14 22:38:33,990 - INFO - Pipeline executed succesfully.
