2024-02-13 14:51:05,078 - INFO - Beginning execution of fit_demographic_model.py in directory /u/project/kirk/jonmah/sample_size_demography/Scripts

2024-02-13 14:51:05,079 - INFO - Progress is being logged to ../Analysis/ThreeEpochExpansion_19/log.log

2024-02-13 14:51:05,079 - INFO - Parsed the following arguments:
	syn_input_sfs = ../Analysis/ThreeEpochExpansion_19/syn_downsampled_sfs.txt
	mask_singletons = False
	mask_doubletons = False
	outprefix = ../Analysis/ThreeEpochExpansion_19/

2024-02-13 14:51:05,080 - INFO - Beginning demographic inference for one-epoch demographic model.
2024-02-13 14:51:05,082 - INFO - Beginning optimization with guess, [0.0547717].
2024-02-13 14:51:06,187 - INFO - Finished optimization with guess, [0.0547717].
2024-02-13 14:51:06,188 - INFO - Best fit parameters: [0.0547717].
2024-02-13 14:51:06,219 - INFO - Maximum log composite likelihood: -43.148719649238274.
2024-02-13 14:51:06,219 - INFO - Optimal value of theta: 1258.5813729965078.
2024-02-13 14:51:06,219 - INFO - Beginning optimization with guess, [0.13080677].
2024-02-13 14:51:07,242 - INFO - Finished optimization with guess, [0.13080677].
2024-02-13 14:51:07,242 - INFO - Best fit parameters: [0.13080677].
2024-02-13 14:51:07,274 - INFO - Maximum log composite likelihood: -43.148719649238274.
2024-02-13 14:51:07,274 - INFO - Optimal value of theta: 1258.5813729965078.
2024-02-13 14:51:07,274 - INFO - Beginning optimization with guess, [0.1913393].
2024-02-13 14:51:08,284 - INFO - Finished optimization with guess, [0.1913393].
2024-02-13 14:51:08,285 - INFO - Best fit parameters: [0.1913393].
2024-02-13 14:51:08,316 - INFO - Maximum log composite likelihood: -43.148719649238274.
2024-02-13 14:51:08,316 - INFO - Optimal value of theta: 1258.5813729965078.
2024-02-13 14:51:08,316 - INFO - Beginning optimization with guess, [0.31294842].
2024-02-13 14:51:09,355 - INFO - Finished optimization with guess, [0.31294842].
2024-02-13 14:51:09,355 - INFO - Best fit parameters: [0.31294842].
2024-02-13 14:51:09,386 - INFO - Maximum log composite likelihood: -43.148719649238274.
2024-02-13 14:51:09,386 - INFO - Optimal value of theta: 1258.5813729965078.
2024-02-13 14:51:09,386 - INFO - Beginning optimization with guess, [0.88875806].
2024-02-13 14:51:10,009 - INFO - Finished optimization with guess, [0.88875806].
2024-02-13 14:51:10,010 - INFO - Best fit parameters: [0.88875806].
2024-02-13 14:51:10,041 - INFO - Maximum log composite likelihood: -43.148719649238274.
2024-02-13 14:51:10,041 - INFO - Optimal value of theta: 1258.5813729965078.
2024-02-13 14:51:10,041 - INFO - Beginning optimization with guess, [0.38939132].
2024-02-13 14:51:10,946 - INFO - Finished optimization with guess, [0.38939132].
2024-02-13 14:51:10,946 - INFO - Best fit parameters: [0.38939132].
2024-02-13 14:51:10,977 - INFO - Maximum log composite likelihood: -43.148719649238274.
2024-02-13 14:51:10,977 - INFO - Optimal value of theta: 1258.5813729965078.
2024-02-13 14:51:10,977 - INFO - Beginning optimization with guess, [0.66132087].
2024-02-13 14:51:11,822 - INFO - Finished optimization with guess, [0.66132087].
2024-02-13 14:51:11,823 - INFO - Best fit parameters: [0.66132087].
2024-02-13 14:51:11,854 - INFO - Maximum log composite likelihood: -43.148719649238274.
2024-02-13 14:51:11,854 - INFO - Optimal value of theta: 1258.5813729965078.
2024-02-13 14:51:11,855 - INFO - Beginning optimization with guess, [1.55938172].
2024-02-13 14:51:12,691 - INFO - Finished optimization with guess, [1.55938172].
2024-02-13 14:51:12,691 - INFO - Best fit parameters: [1.55938172].
2024-02-13 14:51:12,722 - INFO - Maximum log composite likelihood: -43.148719649238274.
2024-02-13 14:51:12,722 - INFO - Optimal value of theta: 1258.5813729965078.
2024-02-13 14:51:12,722 - INFO - Beginning optimization with guess, [0.87028554].
2024-02-13 14:51:13,465 - INFO - Finished optimization with guess, [0.87028554].
2024-02-13 14:51:13,465 - INFO - Best fit parameters: [0.87028554].
2024-02-13 14:51:13,496 - INFO - Maximum log composite likelihood: -43.148719649238274.
2024-02-13 14:51:13,497 - INFO - Optimal value of theta: 1258.5813729965078.
2024-02-13 14:51:13,497 - INFO - Beginning optimization with guess, [1.84066203].
2024-02-13 14:51:14,405 - INFO - Finished optimization with guess, [1.84066203].
2024-02-13 14:51:14,405 - INFO - Best fit parameters: [1.84066203].
2024-02-13 14:51:14,437 - INFO - Maximum log composite likelihood: -43.148719649238274.
2024-02-13 14:51:14,437 - INFO - Optimal value of theta: 1258.5813729965078.
2024-02-13 14:51:14,437 - INFO - Beginning optimization with guess, [0.7039992].
2024-02-13 14:51:15,324 - INFO - Finished optimization with guess, [0.7039992].
2024-02-13 14:51:15,324 - INFO - Best fit parameters: [0.7039992].
2024-02-13 14:51:15,355 - INFO - Maximum log composite likelihood: -43.148719649238274.
2024-02-13 14:51:15,356 - INFO - Optimal value of theta: 1258.5813729965078.
2024-02-13 14:51:15,356 - INFO - Beginning optimization with guess, [1.96670704].
2024-02-13 14:51:16,297 - INFO - Finished optimization with guess, [1.96670704].
2024-02-13 14:51:16,297 - INFO - Best fit parameters: [1.96670704].
2024-02-13 14:51:16,328 - INFO - Maximum log composite likelihood: -43.148719649238274.
2024-02-13 14:51:16,329 - INFO - Optimal value of theta: 1258.5813729965078.
2024-02-13 14:51:16,329 - INFO - Beginning optimization with guess, [3.49557643].
2024-02-13 14:51:17,400 - INFO - Finished optimization with guess, [3.49557643].
2024-02-13 14:51:17,400 - INFO - Best fit parameters: [3.49557643].
2024-02-13 14:51:17,431 - INFO - Maximum log composite likelihood: -43.148719649238274.
2024-02-13 14:51:17,432 - INFO - Optimal value of theta: 1258.5813729965078.
2024-02-13 14:51:17,432 - INFO - Beginning optimization with guess, [3.71083232].
2024-02-13 14:51:18,431 - INFO - Finished optimization with guess, [3.71083232].
2024-02-13 14:51:18,432 - INFO - Best fit parameters: [3.71083232].
2024-02-13 14:51:18,463 - INFO - Maximum log composite likelihood: -43.148719649238274.
2024-02-13 14:51:18,463 - INFO - Optimal value of theta: 1258.5813729965078.
2024-02-13 14:51:18,463 - INFO - Beginning optimization with guess, [1.13584345].
2024-02-13 14:51:19,089 - INFO - Finished optimization with guess, [1.13584345].
2024-02-13 14:51:19,090 - INFO - Best fit parameters: [1.13584345].
2024-02-13 14:51:19,121 - INFO - Maximum log composite likelihood: -43.148719649238274.
2024-02-13 14:51:19,121 - INFO - Optimal value of theta: 1258.5813729965078.
2024-02-13 14:51:19,122 - INFO - Beginning optimization with guess, [3.23053666].
2024-02-13 14:51:20,120 - INFO - Finished optimization with guess, [3.23053666].
2024-02-13 14:51:20,120 - INFO - Best fit parameters: [3.23053666].
2024-02-13 14:51:20,151 - INFO - Maximum log composite likelihood: -43.148719649238274.
2024-02-13 14:51:20,152 - INFO - Optimal value of theta: 1258.5813729965078.
2024-02-13 14:51:20,152 - INFO - Beginning optimization with guess, [4.82912198].
2024-02-13 14:51:21,278 - INFO - Finished optimization with guess, [4.82912198].
2024-02-13 14:51:21,278 - INFO - Best fit parameters: [4.82912198].
2024-02-13 14:51:21,309 - INFO - Maximum log composite likelihood: -43.148719649238274.
2024-02-13 14:51:21,309 - INFO - Optimal value of theta: 1258.5813729965078.
2024-02-13 14:51:21,310 - INFO - Beginning optimization with guess, [5.58858953].
2024-02-13 14:51:22,305 - INFO - Finished optimization with guess, [5.58858953].
2024-02-13 14:51:22,306 - INFO - Best fit parameters: [5.58858953].
2024-02-13 14:51:22,337 - INFO - Maximum log composite likelihood: -43.148719649238274.
2024-02-13 14:51:22,337 - INFO - Optimal value of theta: 1258.5813729965078.
2024-02-13 14:51:22,337 - INFO - Beginning optimization with guess, [4.81123605].
2024-02-13 14:51:23,337 - INFO - Finished optimization with guess, [4.81123605].
2024-02-13 14:51:23,338 - INFO - Best fit parameters: [4.81123605].
2024-02-13 14:51:23,369 - INFO - Maximum log composite likelihood: -43.148719649238274.
2024-02-13 14:51:23,369 - INFO - Optimal value of theta: 1258.5813729965078.
2024-02-13 14:51:23,369 - INFO - Beginning optimization with guess, [6.84176968].
2024-02-13 14:51:24,417 - INFO - Finished optimization with guess, [6.84176968].
2024-02-13 14:51:24,418 - INFO - Best fit parameters: [6.84176968].
2024-02-13 14:51:24,457 - INFO - Maximum log composite likelihood: -43.148719649238274.
2024-02-13 14:51:24,457 - INFO - Optimal value of theta: 1258.5813729965078.
2024-02-13 14:51:24,457 - INFO - Beginning optimization with guess, [5.38976932].
2024-02-13 14:51:25,591 - INFO - Finished optimization with guess, [5.38976932].
2024-02-13 14:51:25,591 - INFO - Best fit parameters: [5.38976932].
2024-02-13 14:51:25,622 - INFO - Maximum log composite likelihood: -43.148719649238274.
2024-02-13 14:51:25,622 - INFO - Optimal value of theta: 1258.5813729965078.
2024-02-13 14:51:25,622 - INFO - Beginning optimization with guess, [6.48198489].
2024-02-13 14:51:26,622 - INFO - Finished optimization with guess, [6.48198489].
2024-02-13 14:51:26,623 - INFO - Best fit parameters: [6.48198489].
2024-02-13 14:51:26,654 - INFO - Maximum log composite likelihood: -43.148719649238274.
2024-02-13 14:51:26,654 - INFO - Optimal value of theta: 1258.5813729965078.
2024-02-13 14:51:26,654 - INFO - Beginning optimization with guess, [4.17946183].
2024-02-13 14:51:27,671 - INFO - Finished optimization with guess, [4.17946183].
2024-02-13 14:51:27,672 - INFO - Best fit parameters: [4.17946183].
2024-02-13 14:51:27,703 - INFO - Maximum log composite likelihood: -43.148719649238274.
2024-02-13 14:51:27,703 - INFO - Optimal value of theta: 1258.5813729965078.
2024-02-13 14:51:27,703 - INFO - Beginning optimization with guess, [13.43253418].
2024-02-13 14:51:28,800 - INFO - Finished optimization with guess, [13.43253418].
2024-02-13 14:51:28,801 - INFO - Best fit parameters: [13.43253418].
2024-02-13 14:51:28,832 - INFO - Maximum log composite likelihood: -43.148719649238274.
2024-02-13 14:51:28,832 - INFO - Optimal value of theta: 1258.5813729965078.
2024-02-13 14:51:28,832 - INFO - Beginning optimization with guess, [11.0616933].
2024-02-13 14:51:30,231 - INFO - Finished optimization with guess, [11.0616933].
2024-02-13 14:51:30,231 - INFO - Best fit parameters: [11.0616933].
2024-02-13 14:51:30,262 - INFO - Maximum log composite likelihood: -43.148719649238274.
2024-02-13 14:51:30,262 - INFO - Optimal value of theta: 1258.5813729965078.
2024-02-13 14:51:30,264 - INFO - Beginning demographic inference for two-epoch demographic model.
2024-02-13 14:51:30,265 - INFO - Beginning optimization with guess, [0.06715562 0.00510622].
2024-02-13 14:51:33,584 - INFO - Finished optimization with guess, [0.06715562 0.00510622].
2024-02-13 14:51:33,584 - INFO - Best fit parameters: [1.2822741  0.57860683].
2024-02-13 14:51:33,624 - INFO - Maximum log composite likelihood: -35.40367944233708.
2024-02-13 14:51:33,624 - INFO - Optimal value of theta: 1104.188358222589.
2024-02-13 14:51:33,624 - INFO - Beginning optimization with guess, [0.10691496 0.01580523].
2024-02-13 14:51:35,916 - INFO - Finished optimization with guess, [0.10691496 0.01580523].
2024-02-13 14:51:35,939 - INFO - Best fit parameters: [1.29506703 0.72383964].
2024-02-13 14:51:36,017 - INFO - Maximum log composite likelihood: -35.37808846433859.
2024-02-13 14:51:36,017 - INFO - Optimal value of theta: 1082.4858186215683.
2024-02-13 14:51:36,017 - INFO - Beginning optimization with guess, [0.32330952 0.01008364].
2024-02-13 14:51:40,743 - INFO - Finished optimization with guess, [0.32330952 0.01008364].
2024-02-13 14:51:40,759 - INFO - Best fit parameters: [1.25061106 0.5132217 ].
2024-02-13 14:51:40,836 - INFO - Maximum log composite likelihood: -35.44288752583566.
2024-02-13 14:51:40,836 - INFO - Optimal value of theta: 1125.5866956372543.
2024-02-13 14:51:40,836 - INFO - Beginning optimization with guess, [0.64432859 0.01136343].
2024-02-13 14:51:44,941 - INFO - Finished optimization with guess, [0.64432859 0.01136343].
2024-02-13 14:51:44,942 - INFO - Best fit parameters: [1.28668296 0.6257771 ].
2024-02-13 14:51:44,997 - INFO - Maximum log composite likelihood: -35.389012638614304.
2024-02-13 14:51:44,997 - INFO - Optimal value of theta: 1096.770923100877.
2024-02-13 14:51:44,997 - INFO - Beginning optimization with guess, [0.7424018  0.01975714].
2024-02-13 14:51:49,211 - INFO - Finished optimization with guess, [0.7424018  0.01975714].
2024-02-13 14:51:49,219 - INFO - Best fit parameters: [1.29349637 0.60956041].
2024-02-13 14:51:49,339 - INFO - Maximum log composite likelihood: -35.40663446692656.
2024-02-13 14:51:49,339 - INFO - Optimal value of theta: 1095.7081627889004.
2024-02-13 14:51:49,344 - INFO - Beginning optimization with guess, [0.68608815 0.01044284].
2024-02-13 14:51:54,467 - INFO - Finished optimization with guess, [0.68608815 0.01044284].
2024-02-13 14:51:54,467 - INFO - Best fit parameters: [1.33028412 0.97966818].
2024-02-13 14:51:54,570 - INFO - Maximum log composite likelihood: -35.426975391269025.
2024-02-13 14:51:54,570 - INFO - Optimal value of theta: 1042.5679593834477.
2024-02-13 14:51:54,570 - INFO - Beginning optimization with guess, [0.57390216 0.00779161].
2024-02-13 14:52:00,303 - INFO - Finished optimization with guess, [0.57390216 0.00779161].
2024-02-13 14:52:00,303 - INFO - Best fit parameters: [1.62950722 1.81330934].
2024-02-13 14:52:00,354 - INFO - Maximum log composite likelihood: -35.35211294698115.
2024-02-13 14:52:00,355 - INFO - Optimal value of theta: 856.6535630503951.
2024-02-13 14:52:00,355 - INFO - Beginning optimization with guess, [1.40937678 0.01835216].
2024-02-13 14:52:02,021 - INFO - Finished optimization with guess, [1.40937678 0.01835216].
2024-02-13 14:52:02,022 - INFO - Best fit parameters: [1.24795151 0.30862295].
2024-02-13 14:52:02,092 - INFO - Maximum log composite likelihood: -35.64269113947307.
2024-02-13 14:52:02,092 - INFO - Optimal value of theta: 1156.900065677541.
2024-02-13 14:52:02,092 - INFO - Beginning optimization with guess, [0.53096775 0.01735844].
2024-02-13 14:52:07,242 - INFO - Finished optimization with guess, [0.53096775 0.01735844].
2024-02-13 14:52:07,242 - INFO - Best fit parameters: [1.53040755 1.49315212].
2024-02-13 14:52:07,291 - INFO - Maximum log composite likelihood: -35.356006745756076.
2024-02-13 14:52:07,291 - INFO - Optimal value of theta: 915.0873908575081.
2024-02-13 14:52:07,291 - INFO - Beginning optimization with guess, [1.73495414 0.01072945].
2024-02-13 14:52:09,195 - INFO - Finished optimization with guess, [1.73495414 0.01072945].
2024-02-13 14:52:09,203 - INFO - Best fit parameters: [1.19201525 0.29251619].
2024-02-13 14:52:09,291 - INFO - Maximum log composite likelihood: -36.021215272140125.
2024-02-13 14:52:09,291 - INFO - Optimal value of theta: 1178.725636457645.
2024-02-13 14:52:09,291 - INFO - Beginning optimization with guess, [1.72985977 0.00933399].
2024-02-13 14:52:10,973 - INFO - Finished optimization with guess, [1.72985977 0.00933399].
2024-02-13 14:52:10,973 - INFO - Best fit parameters: [1.19430304 0.43811265].
2024-02-13 14:52:11,011 - INFO - Maximum log composite likelihood: -35.86783667936652.
2024-02-13 14:52:11,011 - INFO - Optimal value of theta: 1158.6209290195595.
2024-02-13 14:52:11,011 - INFO - Beginning optimization with guess, [2.06156352 0.00698785].
2024-02-13 14:52:12,678 - INFO - Finished optimization with guess, [2.06156352 0.00698785].
2024-02-13 14:52:12,678 - INFO - Best fit parameters: [1.31039797 0.13041656].
2024-02-13 14:52:12,716 - INFO - Maximum log composite likelihood: -36.608668007864935.
2024-02-13 14:52:12,716 - INFO - Optimal value of theta: 1187.7796194223408.
2024-02-13 14:52:12,716 - INFO - Beginning optimization with guess, [1.08956444 0.01578547].
2024-02-13 14:52:14,713 - INFO - Finished optimization with guess, [1.08956444 0.01578547].
2024-02-13 14:52:14,718 - INFO - Best fit parameters: [1.40003256 1.10412977].
2024-02-13 14:52:14,778 - INFO - Maximum log composite likelihood: -35.35611176353018.
2024-02-13 14:52:14,778 - INFO - Optimal value of theta: 999.8968179920943.
2024-02-13 14:52:14,778 - INFO - Beginning optimization with guess, [1.06465589 0.00583798].
2024-02-13 14:52:16,689 - INFO - Finished optimization with guess, [1.06465589 0.00583798].
2024-02-13 14:52:16,690 - INFO - Best fit parameters: [1.2936224  0.66279182].
2024-02-13 14:52:16,736 - INFO - Maximum log composite likelihood: -35.38244212383802.
2024-02-13 14:52:16,736 - INFO - Optimal value of theta: 1089.587346091026.
2024-02-13 14:52:16,736 - INFO - Beginning optimization with guess, [1.24083768 0.00651869].
2024-02-13 14:52:19,284 - INFO - Finished optimization with guess, [1.24083768 0.00651869].
2024-02-13 14:52:19,284 - INFO - Best fit parameters: [1.53915913 1.5473038 ].
2024-02-13 14:52:19,333 - INFO - Maximum log composite likelihood: -35.35232424482797.
2024-02-13 14:52:19,333 - INFO - Optimal value of theta: 907.9411903860455.
2024-02-13 14:52:19,334 - INFO - Beginning optimization with guess, [1.90765031 0.01496956].
2024-02-13 14:52:21,264 - INFO - Finished optimization with guess, [1.90765031 0.01496956].
2024-02-13 14:52:21,265 - INFO - Best fit parameters: [1.37779652 0.08014525].
2024-02-13 14:52:21,408 - INFO - Maximum log composite likelihood: -37.25579075822566.
2024-02-13 14:52:21,408 - INFO - Optimal value of theta: 1201.3848216430697.
2024-02-13 14:52:21,409 - INFO - Beginning optimization with guess, [3.18294746 0.00895719].
2024-02-13 14:52:23,132 - INFO - Finished optimization with guess, [3.18294746 0.00895719].
2024-02-13 14:52:23,132 - INFO - Best fit parameters: [1.77501475 0.03614689].
2024-02-13 14:52:23,164 - INFO - Maximum log composite likelihood: -38.14941075420484.
2024-02-13 14:52:23,164 - INFO - Optimal value of theta: 1211.4948984383702.
2024-02-13 14:52:23,164 - INFO - Beginning optimization with guess, [2.15499676 0.01391923].
2024-02-13 14:52:24,804 - INFO - Finished optimization with guess, [2.15499676 0.01391923].
2024-02-13 14:52:24,805 - INFO - Best fit parameters: [2.04441543 0.02710719].
2024-02-13 14:52:24,837 - INFO - Maximum log composite likelihood: -38.35674777422378.
2024-02-13 14:52:24,837 - INFO - Optimal value of theta: 1215.9370732970513.
2024-02-13 14:52:24,837 - INFO - Beginning optimization with guess, [3.3504481  0.00766671].
2024-02-13 14:52:26,341 - INFO - Finished optimization with guess, [3.3504481  0.00766671].
2024-02-13 14:52:26,341 - INFO - Best fit parameters: [1.85104819 0.02951544].
2024-02-13 14:52:26,373 - INFO - Maximum log composite likelihood: -38.28573407151589.
2024-02-13 14:52:26,373 - INFO - Optimal value of theta: 1217.2212846225973.
2024-02-13 14:52:26,373 - INFO - Beginning optimization with guess, [3.93355111 0.01556393].
2024-02-13 14:52:27,923 - INFO - Finished optimization with guess, [3.93355111 0.01556393].
2024-02-13 14:52:27,924 - INFO - Best fit parameters: [1.84800025 0.03123165].
2024-02-13 14:52:27,960 - INFO - Maximum log composite likelihood: -38.246524733846854.
2024-02-13 14:52:27,960 - INFO - Optimal value of theta: 1215.1133077805275.
2024-02-13 14:52:27,960 - INFO - Beginning optimization with guess, [3.11389694 0.01612772].
2024-02-13 14:52:29,583 - INFO - Finished optimization with guess, [3.11389694 0.01612772].
2024-02-13 14:52:29,583 - INFO - Best fit parameters: [1.5539235  0.04667906].
2024-02-13 14:52:29,629 - INFO - Maximum log composite likelihood: -37.88504063893902.
2024-02-13 14:52:29,629 - INFO - Optimal value of theta: 1210.6851964876796.
2024-02-13 14:52:29,634 - INFO - Beginning optimization with guess, [9.65107600e+00 5.90345645e-03].
2024-02-13 14:52:31,137 - INFO - Finished optimization with guess, [9.65107600e+00 5.90345645e-03].
2024-02-13 14:52:31,137 - INFO - Best fit parameters: [1.64668629 0.04103153].
2024-02-13 14:52:31,169 - INFO - Maximum log composite likelihood: -38.01831788960794.
2024-02-13 14:52:31,169 - INFO - Optimal value of theta: 1211.3114409222248.
2024-02-13 14:52:31,169 - INFO - Beginning optimization with guess, [8.41754801e+00 6.24795308e-03].
2024-02-13 14:52:32,637 - INFO - Finished optimization with guess, [8.41754801e+00 6.24795308e-03].
2024-02-13 14:52:32,637 - INFO - Best fit parameters: [2.03583567 0.02802453].
2024-02-13 14:52:32,669 - INFO - Maximum log composite likelihood: -38.343109862765914.
2024-02-13 14:52:32,669 - INFO - Optimal value of theta: 1214.7962496920595.
2024-02-13 14:52:32,669 - INFO - Beginning optimization with guess, [5.58290194e+00 5.29521774e-03].
2024-02-13 14:52:34,368 - INFO - Finished optimization with guess, [5.58290194e+00 5.29521774e-03].
2024-02-13 14:52:34,369 - INFO - Best fit parameters: [1.53117466 0.03622286].
2024-02-13 14:52:34,405 - INFO - Maximum log composite likelihood: -38.2484272791844.
2024-02-13 14:52:34,405 - INFO - Optimal value of theta: 1221.2518184304781.
2024-02-13 14:52:34,405 - INFO - Beginning optimization with guess, [8.8591936  0.01263387].
2024-02-13 14:52:35,896 - INFO - Finished optimization with guess, [8.8591936  0.01263387].
2024-02-13 14:52:35,896 - INFO - Best fit parameters: [1.1933891 0.1413939].
2024-02-13 14:52:35,930 - INFO - Maximum log composite likelihood: -37.029695895857.
2024-02-13 14:52:35,930 - INFO - Optimal value of theta: 1207.6259270331939.
2024-02-13 14:52:35,931 - INFO - Beginning demographic inference for three-epoch demographic model.
2024-02-13 14:52:35,933 - INFO - Beginning optimization with guess, [0.00626881 0.00562966 0.00972065 0.00702213].
2024-02-13 14:53:03,632 - INFO - Finished optimization with guess, [0.00626881 0.00562966 0.00972065 0.00702213].
2024-02-13 14:53:03,646 - INFO - Best fit parameters: [0.00130076 0.00510295 0.04850046 0.00917729].
2024-02-13 14:53:04,446 - INFO - Maximum log composite likelihood: -35.3601521549333.
2024-02-13 14:53:04,447 - INFO - Optimal value of theta: 272721.0404679015.
2024-02-13 14:53:04,447 - INFO - Beginning optimization with guess, [0.02621373 0.02675867 0.01295586 0.01461155].
2024-02-13 14:53:07,988 - INFO - Finished optimization with guess, [0.02621373 0.02675867 0.01295586 0.01461155].
2024-02-13 14:53:07,988 - INFO - Best fit parameters: [0.00910544 0.05023828 0.03196784 0.01936885].
2024-02-13 14:53:08,089 - INFO - Maximum log composite likelihood: -36.92608087378676.
2024-02-13 14:53:08,089 - INFO - Optimal value of theta: 28907.86570573133.
2024-02-13 14:53:08,089 - INFO - Beginning optimization with guess, [0.04658872 0.05002757 0.0086836  0.00773344].
2024-02-13 14:53:10,462 - INFO - Finished optimization with guess, [0.04658872 0.05002757 0.0086836  0.00773344].
2024-02-13 14:53:10,463 - INFO - Best fit parameters: [6.67316539e-02 4.96635205e+00 1.53538911e-05 2.14585274e-02].
2024-02-13 14:53:10,526 - INFO - Maximum log composite likelihood: -39.188019219626085.
2024-02-13 14:53:10,526 - INFO - Optimal value of theta: 1205.0257327030256.
2024-02-13 14:53:10,526 - INFO - Beginning optimization with guess, [0.05120982 0.02250051 0.01302026 0.0089963 ].
2024-02-13 14:53:12,362 - INFO - Finished optimization with guess, [0.05120982 0.02250051 0.01302026 0.0089963 ].
2024-02-13 14:53:12,363 - INFO - Best fit parameters: [1.81238172e-01 1.62247015e+09 5.67738880e-10 3.81565406e-09].
2024-02-13 14:53:12,408 - INFO - Maximum log composite likelihood: -43.148718647518535.
2024-02-13 14:53:12,408 - INFO - Optimal value of theta: 1258.581368721013.
2024-02-13 14:53:12,408 - INFO - Beginning optimization with guess, [0.03508728 0.04937585 0.016958   0.01079194].
2024-02-13 14:53:14,795 - INFO - Finished optimization with guess, [0.03508728 0.04937585 0.016958   0.01079194].
2024-02-13 14:53:14,795 - INFO - Best fit parameters: [4.50299643e-01 2.70169039e+00 9.80123140e-05 1.21505122e-03].
2024-02-13 14:53:14,828 - INFO - Maximum log composite likelihood: -42.650768239156605.
2024-02-13 14:53:14,828 - INFO - Optimal value of theta: 1256.3845139369648.
2024-02-13 14:53:14,828 - INFO - Beginning optimization with guess, [1.07485075 0.8850723  0.00571667 0.00647995].
2024-02-13 14:53:16,671 - INFO - Finished optimization with guess, [1.07485075 0.8850723  0.00571667 0.00647995].
2024-02-13 14:53:16,671 - INFO - Best fit parameters: [1.18582548 0.89347275 0.32245389 0.0029662 ].
2024-02-13 14:53:16,708 - INFO - Maximum log composite likelihood: -36.16327820729316.
2024-02-13 14:53:16,708 - INFO - Optimal value of theta: 1178.8658165990528.
2024-02-13 14:53:16,708 - INFO - Beginning optimization with guess, [1.25749734 0.37485096 0.00570878 0.01970505].
2024-02-13 14:53:19,065 - INFO - Finished optimization with guess, [1.25749734 0.37485096 0.00570878 0.01970505].
2024-02-13 14:53:19,065 - INFO - Best fit parameters: [1.40912342e+00 8.07371559e-01 1.11295555e+00 2.66985515e-04].
2024-02-13 14:53:19,111 - INFO - Maximum log composite likelihood: -35.352908327237174.
2024-02-13 14:53:19,111 - INFO - Optimal value of theta: 995.4976401859469.
2024-02-13 14:53:19,112 - INFO - Beginning optimization with guess, [0.83666514 0.42458644 0.00702374 0.00581502].
2024-02-13 14:53:20,487 - INFO - Finished optimization with guess, [0.83666514 0.42458644 0.00702374 0.00581502].
2024-02-13 14:53:20,487 - INFO - Best fit parameters: [1.14823458e+00 1.32854289e+00 8.69867803e-02 1.80199045e-08].
2024-02-13 14:53:20,520 - INFO - Maximum log composite likelihood: -38.7794700998345.
2024-02-13 14:53:20,520 - INFO - Optimal value of theta: 1230.1674335658302.
2024-02-13 14:53:20,521 - INFO - Beginning optimization with guess, [1.23924557 0.62660631 0.01013825 0.00640343].
2024-02-13 14:53:22,747 - INFO - Finished optimization with guess, [1.23924557 0.62660631 0.01013825 0.00640343].
2024-02-13 14:53:22,748 - INFO - Best fit parameters: [1.35838893e+00 9.57963520e-01 1.04492553e+00 8.78035071e-06].
2024-02-13 14:53:22,797 - INFO - Maximum log composite likelihood: -35.387356288662204.
2024-02-13 14:53:22,797 - INFO - Optimal value of theta: 1023.8747078875031.
2024-02-13 14:53:22,797 - INFO - Beginning optimization with guess, [0.67615827 1.71446381 0.0096696  0.01722367].
2024-02-13 14:53:24,313 - INFO - Finished optimization with guess, [0.67615827 1.71446381 0.0096696  0.01722367].
2024-02-13 14:53:24,313 - INFO - Best fit parameters: [6.28129175e-01 1.25108313e+00 9.56758317e-04 1.38454873e-01].
2024-02-13 14:53:24,347 - INFO - Maximum log composite likelihood: -36.6212818954225.
2024-02-13 14:53:24,347 - INFO - Optimal value of theta: 1197.0900946750235.
2024-02-13 14:53:24,347 - INFO - Beginning optimization with guess, [1.15625814 1.92148476 0.00722422 0.00532183].
2024-02-13 14:53:26,035 - INFO - Finished optimization with guess, [1.15625814 1.92148476 0.00722422 0.00532183].
2024-02-13 14:53:26,035 - INFO - Best fit parameters: [1.20233415 1.9700964  0.0086249  0.02758804].
2024-02-13 14:53:26,093 - INFO - Maximum log composite likelihood: -38.285434622425555.
2024-02-13 14:53:26,094 - INFO - Optimal value of theta: 1212.8805557349665.
2024-02-13 14:53:26,094 - INFO - Beginning optimization with guess, [1.15307394 1.56726898 0.00501264 0.00722644].
2024-02-13 14:53:27,517 - INFO - Finished optimization with guess, [1.15307394 1.56726898 0.00501264 0.00722644].
2024-02-13 14:53:27,517 - INFO - Best fit parameters: [1.20107184 1.44194703 0.00258152 0.08316655].
2024-02-13 14:53:27,550 - INFO - Maximum log composite likelihood: -37.39120761515392.
2024-02-13 14:53:27,550 - INFO - Optimal value of theta: 1191.7534215636686.
2024-02-13 14:53:27,551 - INFO - Beginning optimization with guess, [0.88399805 1.20613506 0.01688803 0.01545063].
2024-02-13 14:53:29,402 - INFO - Finished optimization with guess, [0.88399805 1.20613506 0.01688803 0.01545063].
2024-02-13 14:53:29,402 - INFO - Best fit parameters: [0.87534557 1.25812779 0.00402244 0.51072133].
2024-02-13 14:53:29,441 - INFO - Maximum log composite likelihood: -35.42815996014906.
2024-02-13 14:53:29,441 - INFO - Optimal value of theta: 1123.0765981629158.
2024-02-13 14:53:29,442 - INFO - Beginning optimization with guess, [1.64562288 1.0774537  0.01454384 0.01137946].
2024-02-13 14:53:30,883 - INFO - Finished optimization with guess, [1.64562288 1.0774537  0.01454384 0.01137946].
2024-02-13 14:53:30,884 - INFO - Best fit parameters: [1.57259031 1.116333   0.16349107 0.08473654].
2024-02-13 14:53:30,929 - INFO - Maximum log composite likelihood: -35.38300687875699.
2024-02-13 14:53:30,929 - INFO - Optimal value of theta: 1149.3030853569915.
2024-02-13 14:53:30,929 - INFO - Beginning optimization with guess, [3.08766643 1.9234513  0.01660662 0.01965348].
2024-02-13 14:53:32,371 - INFO - Finished optimization with guess, [3.08766643 1.9234513  0.01660662 0.01965348].
2024-02-13 14:53:32,372 - INFO - Best fit parameters: [3.62014014e+00 1.19401546e+00 2.59192895e-04 4.62394592e-01].
2024-02-13 14:53:32,411 - INFO - Maximum log composite likelihood: -35.88547365503882.
2024-02-13 14:53:32,411 - INFO - Optimal value of theta: 1155.9149891212185.
2024-02-13 14:53:32,411 - INFO - Beginning optimization with guess, [2.94278215 2.83363307 0.01662911 0.00680577].
2024-02-13 14:53:33,827 - INFO - Finished optimization with guess, [2.94278215 2.83363307 0.01662911 0.00680577].
2024-02-13 14:53:33,828 - INFO - Best fit parameters: [5.52282619 1.39098304 0.00770286 0.02199995].
2024-02-13 14:53:33,860 - INFO - Maximum log composite likelihood: -38.24987153104553.
2024-02-13 14:53:33,860 - INFO - Optimal value of theta: 1221.4536005427578.
2024-02-13 14:53:33,860 - INFO - Beginning optimization with guess, [1.57301695 4.2074563  0.01099442 0.01121602].
2024-02-13 14:53:35,414 - INFO - Finished optimization with guess, [1.57301695 4.2074563  0.01099442 0.01121602].
2024-02-13 14:53:35,414 - INFO - Best fit parameters: [1.66776624 0.1663378  0.12432829 0.0021196 ].
2024-02-13 14:53:35,448 - INFO - Maximum log composite likelihood: -35.84739766818302.
2024-02-13 14:53:35,448 - INFO - Optimal value of theta: 1178.8757437426905.
2024-02-13 14:53:35,448 - INFO - Beginning optimization with guess, [4.28686546 4.70512916 0.00872498 0.01940207].
2024-02-13 14:53:37,106 - INFO - Finished optimization with guess, [4.28686546 4.70512916 0.00872498 0.01940207].
2024-02-13 14:53:37,107 - INFO - Best fit parameters: [3.59641473 3.55404653 0.00538073 0.01286705].
2024-02-13 14:53:37,139 - INFO - Maximum log composite likelihood: -38.65305382608585.
2024-02-13 14:53:37,139 - INFO - Optimal value of theta: 1216.6463295009664.
2024-02-13 14:53:37,139 - INFO - Beginning optimization with guess, [1.99936523 2.32886519 0.00663103 0.0138267 ].
2024-02-13 14:53:38,577 - INFO - Finished optimization with guess, [1.99936523 2.32886519 0.00663103 0.0138267 ].
2024-02-13 14:53:38,577 - INFO - Best fit parameters: [1.50953045 1.35329894 0.01865781 0.03552226].
2024-02-13 14:53:38,610 - INFO - Maximum log composite likelihood: -37.76313316288906.
2024-02-13 14:53:38,610 - INFO - Optimal value of theta: 1215.4142798994321.
2024-02-13 14:53:38,611 - INFO - Beginning optimization with guess, [5.02252097 1.95481849 0.01295418 0.00561697].
2024-02-13 14:53:40,041 - INFO - Finished optimization with guess, [5.02252097 1.95481849 0.01295418 0.00561697].
2024-02-13 14:53:40,041 - INFO - Best fit parameters: [5.44450613e+00 1.24719606e+00 3.21483872e-03 1.42277818e-01].
2024-02-13 14:53:40,075 - INFO - Maximum log composite likelihood: -36.41003844909187.
2024-02-13 14:53:40,075 - INFO - Optimal value of theta: 1191.7926788781597.
2024-02-13 14:53:40,076 - INFO - Beginning optimization with guess, [5.4864909  5.62326319 0.00726078 0.0067311 ].
2024-02-13 14:53:41,501 - INFO - Finished optimization with guess, [5.4864909  5.62326319 0.00726078 0.0067311 ].
2024-02-13 14:53:41,501 - INFO - Best fit parameters: [6.71517689e+00 2.55497607e-01 2.92487007e-02 2.76570717e-03].
2024-02-13 14:53:41,534 - INFO - Maximum log composite likelihood: -37.69117012151651.
2024-02-13 14:53:41,534 - INFO - Optimal value of theta: 1211.0181903634136.
2024-02-13 14:53:41,534 - INFO - Beginning optimization with guess, [2.83537861 5.33628112 0.01085734 0.01876644].
2024-02-13 14:53:43,083 - INFO - Finished optimization with guess, [2.83537861 5.33628112 0.01085734 0.01876644].
2024-02-13 14:53:43,083 - INFO - Best fit parameters: [2.56017751 3.88754094 0.00856631 0.0091572 ].
2024-02-13 14:53:43,115 - INFO - Maximum log composite likelihood: -38.65786063461087.
2024-02-13 14:53:43,115 - INFO - Optimal value of theta: 1220.0003933304056.
2024-02-13 14:53:43,116 - INFO - Beginning optimization with guess, [7.78305494e+00 4.29509035e+00 5.06348398e-03 5.23196664e-03].
2024-02-13 14:53:44,675 - INFO - Finished optimization with guess, [7.78305494e+00 4.29509035e+00 5.06348398e-03 5.23196664e-03].
2024-02-13 14:53:44,675 - INFO - Best fit parameters: [5.92745741e+00 1.31814774e+00 2.09803212e-03 4.09699181e-02].
2024-02-13 14:53:44,708 - INFO - Maximum log composite likelihood: -38.366238781427.
2024-02-13 14:53:44,708 - INFO - Optimal value of theta: 1225.3283169475685.
2024-02-13 14:53:44,708 - INFO - Beginning optimization with guess, [3.73965483e+00 8.56177278e+00 1.14425847e-02 5.40680443e-03].
2024-02-13 14:53:46,107 - INFO - Finished optimization with guess, [3.73965483e+00 8.56177278e+00 1.14425847e-02 5.40680443e-03].
2024-02-13 14:53:46,107 - INFO - Best fit parameters: [1.62129666e+00 8.47424049e+00 3.67301170e-02 5.30488222e-04].
2024-02-13 14:53:46,141 - INFO - Maximum log composite likelihood: -38.124195779721504.
2024-02-13 14:53:46,141 - INFO - Optimal value of theta: 1215.2789399359033.
2024-02-13 14:53:46,141 - INFO - Beginning optimization with guess, [5.45438423 5.19161486 0.01034414 0.00831703].
2024-02-13 14:53:47,660 - INFO - Finished optimization with guess, [5.45438423 5.19161486 0.01034414 0.00831703].
2024-02-13 14:53:47,660 - INFO - Best fit parameters: [1.45586061e+01 1.46612207e+00 7.87421538e-03 1.23275386e-02].
2024-02-13 14:53:47,692 - INFO - Maximum log composite likelihood: -38.52804218119536.
2024-02-13 14:53:47,692 - INFO - Optimal value of theta: 1223.5828988175533.
2024-02-13 14:53:47,694 - INFO - Finished demographic inference.
2024-02-13 14:53:47,694 - INFO - Pipeline executed succesfully.
