2024-02-12 11:53:31,514 - INFO - Beginning execution of fit_demographic_model.py in directory /u/project/kirk/jonmah/sample_size_demography/Scripts

2024-02-12 11:53:31,514 - INFO - Progress is being logged to ../Analysis/ooa_simulated_90/log.log

2024-02-12 11:53:31,514 - INFO - Parsed the following arguments:
	syn_input_sfs = ../Analysis/ooa_simulated_90/syn_downsampled_sfs.txt
	mask_singletons = False
	mask_doubletons = False
	outprefix = ../Analysis/ooa_simulated_90/

2024-02-12 11:53:31,515 - INFO - Beginning demographic inference for one-epoch demographic model.
2024-02-12 11:53:31,517 - INFO - Beginning optimization with guess, [0.09280148].
2024-02-12 11:53:48,951 - INFO - Finished optimization with guess, [0.09280148].
2024-02-12 11:53:48,953 - INFO - Best fit parameters: [0.09280148].
2024-02-12 11:53:49,441 - INFO - Maximum log composite likelihood: -339.48658475230144.
2024-02-12 11:53:49,441 - INFO - Optimal value of theta: 487.7929917873912.
2024-02-12 11:53:49,441 - INFO - Beginning optimization with guess, [0.16712762].
2024-02-12 11:54:05,339 - INFO - Finished optimization with guess, [0.16712762].
2024-02-12 11:54:05,340 - INFO - Best fit parameters: [0.16712762].
2024-02-12 11:54:05,837 - INFO - Maximum log composite likelihood: -339.48658475230144.
2024-02-12 11:54:05,837 - INFO - Optimal value of theta: 487.7929917873912.
2024-02-12 11:54:05,837 - INFO - Beginning optimization with guess, [0.21134166].
2024-02-12 11:54:21,577 - INFO - Finished optimization with guess, [0.21134166].
2024-02-12 11:54:21,578 - INFO - Best fit parameters: [0.21134166].
2024-02-12 11:54:22,070 - INFO - Maximum log composite likelihood: -339.48658475230144.
2024-02-12 11:54:22,070 - INFO - Optimal value of theta: 487.7929917873912.
2024-02-12 11:54:22,071 - INFO - Beginning optimization with guess, [0.77805788].
2024-02-12 11:54:33,519 - INFO - Finished optimization with guess, [0.77805788].
2024-02-12 11:54:33,520 - INFO - Best fit parameters: [0.77805788].
2024-02-12 11:54:34,016 - INFO - Maximum log composite likelihood: -339.48658475230144.
2024-02-12 11:54:34,016 - INFO - Optimal value of theta: 487.7929917873912.
2024-02-12 11:54:34,017 - INFO - Beginning optimization with guess, [0.28929642].
2024-02-12 11:54:49,834 - INFO - Finished optimization with guess, [0.28929642].
2024-02-12 11:54:49,836 - INFO - Best fit parameters: [0.28929642].
2024-02-12 11:54:50,331 - INFO - Maximum log composite likelihood: -339.48658475230144.
2024-02-12 11:54:50,331 - INFO - Optimal value of theta: 487.7929917873912.
2024-02-12 11:54:50,331 - INFO - Beginning optimization with guess, [0.44146983].
2024-02-12 11:55:04,716 - INFO - Finished optimization with guess, [0.44146983].
2024-02-12 11:55:04,718 - INFO - Best fit parameters: [0.44146983].
2024-02-12 11:55:05,212 - INFO - Maximum log composite likelihood: -339.48658475230144.
2024-02-12 11:55:05,212 - INFO - Optimal value of theta: 487.7929917873912.
2024-02-12 11:55:05,213 - INFO - Beginning optimization with guess, [0.4719712].
2024-02-12 11:55:19,664 - INFO - Finished optimization with guess, [0.4719712].
2024-02-12 11:55:19,666 - INFO - Best fit parameters: [0.4719712].
2024-02-12 11:55:20,162 - INFO - Maximum log composite likelihood: -339.48658475230144.
2024-02-12 11:55:20,163 - INFO - Optimal value of theta: 487.7929917873912.
2024-02-12 11:55:20,163 - INFO - Beginning optimization with guess, [1.0140623].
2024-02-12 11:55:25,628 - INFO - Finished optimization with guess, [1.0140623].
2024-02-12 11:55:25,629 - INFO - Best fit parameters: [1.0140623].
2024-02-12 11:55:26,127 - INFO - Maximum log composite likelihood: -339.48658475230144.
2024-02-12 11:55:26,127 - INFO - Optimal value of theta: 487.7929917873912.
2024-02-12 11:55:26,128 - INFO - Beginning optimization with guess, [0.53667536].
2024-02-12 11:55:40,599 - INFO - Finished optimization with guess, [0.53667536].
2024-02-12 11:55:40,601 - INFO - Best fit parameters: [0.53667536].
2024-02-12 11:55:41,108 - INFO - Maximum log composite likelihood: -339.48658475230144.
2024-02-12 11:55:41,109 - INFO - Optimal value of theta: 487.7929917873912.
2024-02-12 11:55:41,109 - INFO - Beginning optimization with guess, [0.55489857].
2024-02-12 11:55:55,692 - INFO - Finished optimization with guess, [0.55489857].
2024-02-12 11:55:55,694 - INFO - Best fit parameters: [0.55489857].
2024-02-12 11:55:56,193 - INFO - Maximum log composite likelihood: -339.48658475230144.
2024-02-12 11:55:56,193 - INFO - Optimal value of theta: 487.7929917873912.
2024-02-12 11:55:56,193 - INFO - Beginning optimization with guess, [1.02903678].
2024-02-12 11:56:03,257 - INFO - Finished optimization with guess, [1.02903678].
2024-02-12 11:56:03,258 - INFO - Best fit parameters: [1.02903678].
2024-02-12 11:56:03,755 - INFO - Maximum log composite likelihood: -339.48658475230144.
2024-02-12 11:56:03,756 - INFO - Optimal value of theta: 487.7929917873912.
2024-02-12 11:56:03,756 - INFO - Beginning optimization with guess, [2.02490702].
2024-02-12 11:56:17,988 - INFO - Finished optimization with guess, [2.02490702].
2024-02-12 11:56:17,989 - INFO - Best fit parameters: [2.02490702].
2024-02-12 11:56:18,476 - INFO - Maximum log composite likelihood: -339.48658475230144.
2024-02-12 11:56:18,477 - INFO - Optimal value of theta: 487.7929917873912.
2024-02-12 11:56:18,477 - INFO - Beginning optimization with guess, [3.36234494].
2024-02-12 11:56:34,142 - INFO - Finished optimization with guess, [3.36234494].
2024-02-12 11:56:34,143 - INFO - Best fit parameters: [3.36234494].
2024-02-12 11:56:34,636 - INFO - Maximum log composite likelihood: -339.48658475230144.
2024-02-12 11:56:34,637 - INFO - Optimal value of theta: 487.7929917873912.
2024-02-12 11:56:34,637 - INFO - Beginning optimization with guess, [3.90820339].
2024-02-12 11:56:50,616 - INFO - Finished optimization with guess, [3.90820339].
2024-02-12 11:56:50,617 - INFO - Best fit parameters: [3.90820339].
2024-02-12 11:56:51,119 - INFO - Maximum log composite likelihood: -339.48658475230144.
2024-02-12 11:56:51,120 - INFO - Optimal value of theta: 487.7929917873912.
2024-02-12 11:56:51,120 - INFO - Beginning optimization with guess, [3.45730237].
2024-02-12 11:57:07,139 - INFO - Finished optimization with guess, [3.45730237].
2024-02-12 11:57:07,139 - INFO - Best fit parameters: [3.45730237].
2024-02-12 11:57:07,622 - INFO - Maximum log composite likelihood: -339.48658475230144.
2024-02-12 11:57:07,622 - INFO - Optimal value of theta: 487.7929917873912.
2024-02-12 11:57:07,623 - INFO - Beginning optimization with guess, [4.17238273].
2024-02-12 11:57:23,211 - INFO - Finished optimization with guess, [4.17238273].
2024-02-12 11:57:23,212 - INFO - Best fit parameters: [4.17238273].
2024-02-12 11:57:23,708 - INFO - Maximum log composite likelihood: -339.48658475230144.
2024-02-12 11:57:23,709 - INFO - Optimal value of theta: 487.7929917873912.
2024-02-12 11:57:23,709 - INFO - Beginning optimization with guess, [3.24217597].
2024-02-12 11:57:39,521 - INFO - Finished optimization with guess, [3.24217597].
2024-02-12 11:57:39,521 - INFO - Best fit parameters: [3.24217597].
2024-02-12 11:57:40,018 - INFO - Maximum log composite likelihood: -339.48658475230144.
2024-02-12 11:57:40,018 - INFO - Optimal value of theta: 487.7929917873912.
2024-02-12 11:57:40,018 - INFO - Beginning optimization with guess, [4.94615849].
2024-02-12 11:57:56,272 - INFO - Finished optimization with guess, [4.94615849].
2024-02-12 11:57:56,274 - INFO - Best fit parameters: [4.94615849].
2024-02-12 11:57:56,770 - INFO - Maximum log composite likelihood: -339.48658475230144.
2024-02-12 11:57:56,770 - INFO - Optimal value of theta: 487.7929917873912.
2024-02-12 11:57:56,771 - INFO - Beginning optimization with guess, [3.56441629].
2024-02-12 11:58:12,555 - INFO - Finished optimization with guess, [3.56441629].
2024-02-12 11:58:12,556 - INFO - Best fit parameters: [3.56441629].
2024-02-12 11:58:13,052 - INFO - Maximum log composite likelihood: -339.48658475230144.
2024-02-12 11:58:13,053 - INFO - Optimal value of theta: 487.7929917873912.
2024-02-12 11:58:13,053 - INFO - Beginning optimization with guess, [2.80104366].
2024-02-12 11:58:28,904 - INFO - Finished optimization with guess, [2.80104366].
2024-02-12 11:58:28,905 - INFO - Best fit parameters: [2.80104366].
2024-02-12 11:58:29,389 - INFO - Maximum log composite likelihood: -339.48658475230144.
2024-02-12 11:58:29,389 - INFO - Optimal value of theta: 487.7929917873912.
2024-02-12 11:58:29,389 - INFO - Beginning optimization with guess, [3.86493362].
2024-02-12 11:58:44,837 - INFO - Finished optimization with guess, [3.86493362].
2024-02-12 11:58:44,838 - INFO - Best fit parameters: [3.86493362].
2024-02-12 11:58:45,323 - INFO - Maximum log composite likelihood: -339.48658475230144.
2024-02-12 11:58:45,323 - INFO - Optimal value of theta: 487.7929917873912.
2024-02-12 11:58:45,323 - INFO - Beginning optimization with guess, [2.74326272].
2024-02-12 11:58:59,434 - INFO - Finished optimization with guess, [2.74326272].
2024-02-12 11:58:59,435 - INFO - Best fit parameters: [2.74326272].
2024-02-12 11:58:59,932 - INFO - Maximum log composite likelihood: -339.48658475230144.
2024-02-12 11:58:59,932 - INFO - Optimal value of theta: 487.7929917873912.
2024-02-12 11:58:59,933 - INFO - Beginning optimization with guess, [10.27466391].
2024-02-12 11:59:17,346 - INFO - Finished optimization with guess, [10.27466391].
2024-02-12 11:59:17,347 - INFO - Best fit parameters: [10.27466391].
2024-02-12 11:59:17,831 - INFO - Maximum log composite likelihood: -339.48658475230144.
2024-02-12 11:59:17,831 - INFO - Optimal value of theta: 487.7929917873912.
2024-02-12 11:59:17,831 - INFO - Beginning optimization with guess, [5.53276494].
2024-02-12 11:59:33,471 - INFO - Finished optimization with guess, [5.53276494].
2024-02-12 11:59:33,472 - INFO - Best fit parameters: [5.53276494].
2024-02-12 11:59:33,967 - INFO - Maximum log composite likelihood: -339.48658475230144.
2024-02-12 11:59:33,967 - INFO - Optimal value of theta: 487.7929917873912.
2024-02-12 11:59:33,967 - INFO - Beginning optimization with guess, [14.53214773].
2024-02-12 11:59:51,302 - INFO - Finished optimization with guess, [14.53214773].
2024-02-12 11:59:51,303 - INFO - Best fit parameters: [14.53214773].
2024-02-12 11:59:51,805 - INFO - Maximum log composite likelihood: -339.48658475230144.
2024-02-12 11:59:51,806 - INFO - Optimal value of theta: 487.7929917873912.
2024-02-12 11:59:51,809 - INFO - Beginning demographic inference for two-epoch demographic model.
2024-02-12 11:59:51,811 - INFO - Beginning optimization with guess, [0.11045033 0.01241659].
2024-02-12 12:00:15,560 - INFO - Finished optimization with guess, [0.11045033 0.01241659].
2024-02-12 12:00:15,562 - INFO - Best fit parameters: [11.37895646  0.02921832].
2024-02-12 12:00:16,047 - INFO - Maximum log composite likelihood: -243.9669099761706.
2024-02-12 12:00:16,047 - INFO - Optimal value of theta: 401.7582605766584.
2024-02-12 12:00:16,048 - INFO - Beginning optimization with guess, [0.17260195 0.01867863].
2024-02-12 12:00:38,305 - INFO - Finished optimization with guess, [0.17260195 0.01867863].
2024-02-12 12:00:38,306 - INFO - Best fit parameters: [6.53603353 0.02644855].
2024-02-12 12:00:38,800 - INFO - Maximum log composite likelihood: -249.65575412348863.
2024-02-12 12:00:38,800 - INFO - Optimal value of theta: 416.2388522818094.
2024-02-12 12:00:38,800 - INFO - Beginning optimization with guess, [0.17421036 0.00508925].
2024-02-12 12:01:03,171 - INFO - Finished optimization with guess, [0.17421036 0.00508925].
2024-02-12 12:01:03,172 - INFO - Best fit parameters: [5.65580242e+01 1.70112057e-02].
2024-02-12 12:01:03,657 - INFO - Maximum log composite likelihood: -236.53656564687083.
2024-02-12 12:01:03,657 - INFO - Optimal value of theta: 425.5212666035752.
2024-02-12 12:01:03,658 - INFO - Beginning optimization with guess, [0.72632854 0.00536133].
2024-02-12 12:01:28,835 - INFO - Finished optimization with guess, [0.72632854 0.00536133].
2024-02-12 12:01:28,837 - INFO - Best fit parameters: [3.25824428 0.0197797 ].
2024-02-12 12:01:29,334 - INFO - Maximum log composite likelihood: -266.3668095374121.
2024-02-12 12:01:29,334 - INFO - Optimal value of theta: 442.36839016906583.
2024-02-12 12:01:29,334 - INFO - Beginning optimization with guess, [0.723373   0.00565138].
2024-02-12 12:01:53,555 - INFO - Finished optimization with guess, [0.723373   0.00565138].
2024-02-12 12:01:53,557 - INFO - Best fit parameters: [3.3076928  0.02057733].
2024-02-12 12:01:54,049 - INFO - Maximum log composite likelihood: -265.15262189500913.
2024-02-12 12:01:54,049 - INFO - Optimal value of theta: 440.5500088638593.
2024-02-12 12:01:54,049 - INFO - Beginning optimization with guess, [0.50077809 0.0130837 ].
2024-02-12 12:02:17,360 - INFO - Finished optimization with guess, [0.50077809 0.0130837 ].
2024-02-12 12:02:17,361 - INFO - Best fit parameters: [4.2358868  0.02794974].
2024-02-12 12:02:17,860 - INFO - Maximum log composite likelihood: -255.48205077893638.
2024-02-12 12:02:17,860 - INFO - Optimal value of theta: 421.1120101729939.
2024-02-12 12:02:17,860 - INFO - Beginning optimization with guess, [0.53682039 0.0054706 ].
2024-02-12 12:02:42,076 - INFO - Finished optimization with guess, [0.53682039 0.0054706 ].
2024-02-12 12:02:42,078 - INFO - Best fit parameters: [8.21439307 0.01543506].
2024-02-12 12:02:42,569 - INFO - Maximum log composite likelihood: -252.624518308963.
2024-02-12 12:02:42,570 - INFO - Optimal value of theta: 438.825177403525.
2024-02-12 12:02:42,570 - INFO - Beginning optimization with guess, [0.59115044 0.0121005 ].
2024-02-12 12:03:06,401 - INFO - Finished optimization with guess, [0.59115044 0.0121005 ].
2024-02-12 12:03:06,403 - INFO - Best fit parameters: [2.99602461 0.02620529].
2024-02-12 12:03:06,891 - INFO - Maximum log composite likelihood: -265.42628037834334.
2024-02-12 12:03:06,892 - INFO - Optimal value of theta: 433.6403152459955.
2024-02-12 12:03:06,892 - INFO - Beginning optimization with guess, [0.80816184 0.01341873].
2024-02-12 12:03:29,959 - INFO - Finished optimization with guess, [0.80816184 0.01341873].
2024-02-12 12:03:29,960 - INFO - Best fit parameters: [1.38778375 0.02844961].
2024-02-12 12:03:30,461 - INFO - Maximum log composite likelihood: -307.51213940782304.
2024-02-12 12:03:30,461 - INFO - Optimal value of theta: 465.2052223067169.
2024-02-12 12:03:30,462 - INFO - Beginning optimization with guess, [0.53361702 0.00955486].
2024-02-12 12:03:53,849 - INFO - Finished optimization with guess, [0.53361702 0.00955486].
2024-02-12 12:03:53,851 - INFO - Best fit parameters: [4.46833727 0.02514446].
2024-02-12 12:03:54,354 - INFO - Maximum log composite likelihood: -254.54381646753578.
2024-02-12 12:03:54,355 - INFO - Optimal value of theta: 425.1590145265083.
2024-02-12 12:03:54,355 - INFO - Beginning optimization with guess, [1.48970645 0.00618177].
2024-02-12 12:04:18,398 - INFO - Finished optimization with guess, [1.48970645 0.00618177].
2024-02-12 12:04:18,400 - INFO - Best fit parameters: [5.61301347e+01 2.39172444e-02].
2024-02-12 12:04:18,897 - INFO - Maximum log composite likelihood: -234.26426107780009.
2024-02-12 12:04:18,898 - INFO - Optimal value of theta: 404.9320002104121.
2024-02-12 12:04:18,898 - INFO - Beginning optimization with guess, [1.87991423 0.00779595].
2024-02-12 12:04:41,762 - INFO - Finished optimization with guess, [1.87991423 0.00779595].
2024-02-12 12:04:41,763 - INFO - Best fit parameters: [3.97459970e+02 2.16250583e-02].
2024-02-12 12:04:42,261 - INFO - Maximum log composite likelihood: -232.21856943248935.
2024-02-12 12:04:42,261 - INFO - Optimal value of theta: 409.51481902219825.
2024-02-12 12:04:42,262 - INFO - Beginning optimization with guess, [2.00052794 0.01969817].
2024-02-12 12:05:04,682 - INFO - Finished optimization with guess, [2.00052794 0.01969817].
2024-02-12 12:05:04,683 - INFO - Best fit parameters: [4.92037642e+03 2.01402864e-02].
2024-02-12 12:05:05,180 - INFO - Maximum log composite likelihood: -231.95847580820293.
2024-02-12 12:05:05,180 - INFO - Optimal value of theta: 411.2565050048148.
2024-02-12 12:05:05,181 - INFO - Beginning optimization with guess, [3.98479234 0.01172481].
2024-02-12 12:05:28,963 - INFO - Finished optimization with guess, [3.98479234 0.01172481].
2024-02-12 12:05:28,964 - INFO - Best fit parameters: [9.26802356e+03 2.00787394e-02].
2024-02-12 12:05:29,449 - INFO - Maximum log composite likelihood: -231.95964152699565.
2024-02-12 12:05:29,449 - INFO - Optimal value of theta: 410.58384259341153.
2024-02-12 12:05:29,449 - INFO - Beginning optimization with guess, [3.4500623  0.00589417].
2024-02-12 12:05:51,451 - INFO - Finished optimization with guess, [3.4500623  0.00589417].
2024-02-12 12:05:51,453 - INFO - Best fit parameters: [1.84265294e+03 1.99498900e-02].
2024-02-12 12:05:51,950 - INFO - Maximum log composite likelihood: -232.05890327968737.
2024-02-12 12:05:51,950 - INFO - Optimal value of theta: 413.51797965398583.
2024-02-12 12:05:51,950 - INFO - Beginning optimization with guess, [2.46301866 0.00683004].
2024-02-12 12:06:14,777 - INFO - Finished optimization with guess, [2.46301866 0.00683004].
2024-02-12 12:06:14,778 - INFO - Best fit parameters: [1.17618738e+04 1.95520100e-02].
2024-02-12 12:06:15,269 - INFO - Maximum log composite likelihood: -231.95849856884826.
2024-02-12 12:06:15,269 - INFO - Optimal value of theta: 412.17272547417775.
2024-02-12 12:06:15,269 - INFO - Beginning optimization with guess, [2.88553991 0.01804866].
2024-02-12 12:06:37,949 - INFO - Finished optimization with guess, [2.88553991 0.01804866].
2024-02-12 12:06:37,951 - INFO - Best fit parameters: [4.47764099e+02 2.18568073e-02].
2024-02-12 12:06:38,437 - INFO - Maximum log composite likelihood: -232.243617217478.
2024-02-12 12:06:38,437 - INFO - Optimal value of theta: 408.75968707555876.
2024-02-12 12:06:38,437 - INFO - Beginning optimization with guess, [2.18553476 0.01654933].
2024-02-12 12:07:01,497 - INFO - Finished optimization with guess, [2.18553476 0.01654933].
2024-02-12 12:07:01,498 - INFO - Best fit parameters: [1.77865502e+03 1.88073048e-02].
2024-02-12 12:07:01,983 - INFO - Maximum log composite likelihood: -232.49883791153263.
2024-02-12 12:07:01,983 - INFO - Optimal value of theta: 417.12761696826817.
2024-02-12 12:07:01,983 - INFO - Beginning optimization with guess, [2.0200089  0.00570421].
2024-02-12 12:07:25,426 - INFO - Finished optimization with guess, [2.0200089  0.00570421].
2024-02-12 12:07:25,427 - INFO - Best fit parameters: [1.02310309e+02 2.25523757e-02].
2024-02-12 12:07:25,912 - INFO - Maximum log composite likelihood: -233.03971386890407.
2024-02-12 12:07:25,913 - INFO - Optimal value of theta: 407.7665108392613.
2024-02-12 12:07:25,913 - INFO - Beginning optimization with guess, [5.81994972 0.01682352].
2024-02-12 12:07:49,228 - INFO - Finished optimization with guess, [5.81994972 0.01682352].
2024-02-12 12:07:49,230 - INFO - Best fit parameters: [1.39303770e+04 1.99155189e-02].
2024-02-12 12:07:49,720 - INFO - Maximum log composite likelihood: -231.94970117138408.
2024-02-12 12:07:49,720 - INFO - Optimal value of theta: 410.98977781183754.
2024-02-12 12:07:49,720 - INFO - Beginning optimization with guess, [4.02737348 0.01325429].
2024-02-12 12:08:13,705 - INFO - Finished optimization with guess, [4.02737348 0.01325429].
2024-02-12 12:08:13,707 - INFO - Best fit parameters: [2.98360205e+01 2.04230582e-02].
2024-02-12 12:08:14,194 - INFO - Maximum log composite likelihood: -235.5831401323493.
2024-02-12 12:08:14,194 - INFO - Optimal value of theta: 416.8795358059549.
2024-02-12 12:08:14,194 - INFO - Beginning optimization with guess, [2.89539278 0.00504124].
2024-02-12 12:08:36,878 - INFO - Finished optimization with guess, [2.89539278 0.00504124].
2024-02-12 12:08:36,880 - INFO - Best fit parameters: [9.13302647e+02 2.12690971e-02].
2024-02-12 12:08:37,387 - INFO - Maximum log composite likelihood: -232.06031132817765.
2024-02-12 12:08:37,387 - INFO - Optimal value of theta: 410.1600783124353.
2024-02-12 12:08:37,387 - INFO - Beginning optimization with guess, [11.26973521  0.01245095].
2024-02-12 12:09:01,724 - INFO - Finished optimization with guess, [11.26973521  0.01245095].
2024-02-12 12:09:01,725 - INFO - Best fit parameters: [3.30848153e+04 2.00699787e-02].
2024-02-12 12:09:02,222 - INFO - Maximum log composite likelihood: -231.94456579431576.
2024-02-12 12:09:02,222 - INFO - Optimal value of theta: 411.2728753320418.
2024-02-12 12:09:02,222 - INFO - Beginning optimization with guess, [4.67672029 0.00851426].
2024-02-12 12:09:25,970 - INFO - Finished optimization with guess, [4.67672029 0.00851426].
2024-02-12 12:09:25,972 - INFO - Best fit parameters: [8.80546170e+01 1.96407222e-02].
2024-02-12 12:09:26,462 - INFO - Maximum log composite likelihood: -233.3999896345573.
2024-02-12 12:09:26,462 - INFO - Optimal value of theta: 416.6944644147083.
2024-02-12 12:09:26,462 - INFO - Beginning optimization with guess, [10.54548355  0.01731855].
2024-02-12 12:09:49,263 - INFO - Finished optimization with guess, [10.54548355  0.01731855].
2024-02-12 12:09:49,265 - INFO - Best fit parameters: [1.67151031e+03 2.07386651e-02].
2024-02-12 12:09:49,762 - INFO - Maximum log composite likelihood: -231.9938072547895.
2024-02-12 12:09:49,762 - INFO - Optimal value of theta: 411.21784398362985.
2024-02-12 12:09:49,765 - INFO - Beginning demographic inference for three-epoch demographic model.
2024-02-12 12:09:49,768 - INFO - Beginning optimization with guess, [0.00708717 0.00531053 0.01101203 0.01034643].
2024-02-12 12:10:27,633 - INFO - Finished optimization with guess, [0.00708717 0.00531053 0.01101203 0.01034643].
2024-02-12 12:10:27,634 - INFO - Best fit parameters: [0.00432637 0.00327477 0.0110327  0.01768323].
2024-02-12 12:10:28,445 - INFO - Maximum log composite likelihood: -335.9447910687252.
2024-02-12 12:10:28,445 - INFO - Optimal value of theta: 140011.15002897513.
2024-02-12 12:10:28,445 - INFO - Beginning optimization with guess, [0.02973524 0.02483932 0.00831193 0.01790562].
2024-02-12 12:11:02,396 - INFO - Finished optimization with guess, [0.02973524 0.02483932 0.00831193 0.01790562].
2024-02-12 12:11:02,397 - INFO - Best fit parameters: [0.01187454 0.01982353 0.00425976 0.1140924 ].
2024-02-12 12:11:03,125 - INFO - Maximum log composite likelihood: -335.94459896458557.
2024-02-12 12:11:03,126 - INFO - Optimal value of theta: 23130.751171965236.
2024-02-12 12:11:03,126 - INFO - Beginning optimization with guess, [0.02523696 0.05396027 0.00915535 0.00726665].
2024-02-12 12:11:29,119 - INFO - Finished optimization with guess, [0.02523696 0.05396027 0.00915535 0.00726665].
2024-02-12 12:11:29,120 - INFO - Best fit parameters: [0.00630184 0.408208   0.01522016 0.00466671].
2024-02-12 12:11:29,719 - INFO - Maximum log composite likelihood: -138.34733242222703.
2024-02-12 12:11:29,719 - INFO - Optimal value of theta: 5487.214520717189.
2024-02-12 12:11:29,719 - INFO - Beginning optimization with guess, [0.04101015 0.05076635 0.01628593 0.01581   ].
2024-02-12 12:11:52,378 - INFO - Finished optimization with guess, [0.04101015 0.05076635 0.01628593 0.01581   ].
2024-02-12 12:11:52,379 - INFO - Best fit parameters: [0.00551901 0.53861213 0.00796361 0.02299625].
2024-02-12 12:11:52,923 - INFO - Maximum log composite likelihood: -178.76591668801666.
2024-02-12 12:11:52,923 - INFO - Optimal value of theta: 1971.68660302957.
2024-02-12 12:11:52,923 - INFO - Beginning optimization with guess, [0.04530414 0.08874862 0.00888355 0.00501027].
2024-02-12 12:12:14,640 - INFO - Finished optimization with guess, [0.04530414 0.08874862 0.00888355 0.00501027].
2024-02-12 12:12:14,641 - INFO - Best fit parameters: [6.98856112e-01 2.54441769e+00 9.42924779e-06 5.93870269e-04].
2024-02-12 12:12:15,144 - INFO - Maximum log composite likelihood: -334.77646760856277.
2024-02-12 12:12:15,145 - INFO - Optimal value of theta: 486.27076796954196.
2024-02-12 12:12:15,145 - INFO - Beginning optimization with guess, [1.04529286 0.85961988 0.00635709 0.01525247].
2024-02-12 12:12:36,226 - INFO - Finished optimization with guess, [1.04529286 0.85961988 0.00635709 0.01525247].
2024-02-12 12:12:36,228 - INFO - Best fit parameters: [1.08083220e+00 9.58843422e-01 2.85822488e-02 2.37560497e-04].
2024-02-12 12:12:36,735 - INFO - Maximum log composite likelihood: -331.31338014378593.
2024-02-12 12:12:36,735 - INFO - Optimal value of theta: 481.99334475825594.
2024-02-12 12:12:36,736 - INFO - Beginning optimization with guess, [0.72160488 0.84098488 0.01037722 0.00621425].
2024-02-12 12:12:58,779 - INFO - Finished optimization with guess, [0.72160488 0.84098488 0.01037722 0.00621425].
2024-02-12 12:12:58,780 - INFO - Best fit parameters: [1.28785695e+00 1.22899517e+00 8.29864738e-08 4.36912032e-02].
2024-02-12 12:12:59,269 - INFO - Maximum log composite likelihood: -318.55594464493333.
2024-02-12 12:12:59,269 - INFO - Optimal value of theta: 467.9449522220757.
2024-02-12 12:12:59,269 - INFO - Beginning optimization with guess, [0.66778863 0.4090021  0.0155759  0.0088504 ].
2024-02-12 12:13:20,872 - INFO - Finished optimization with guess, [0.66778863 0.4090021  0.0155759  0.0088504 ].
2024-02-12 12:13:20,883 - INFO - Best fit parameters: [6.92753426e-01 8.87293045e+07 1.36548955e-22 2.54333328e-28].
2024-02-12 12:13:21,384 - INFO - Maximum log composite likelihood: -339.4865847522997.
2024-02-12 12:13:21,384 - INFO - Optimal value of theta: 487.7929917873914.
2024-02-12 12:13:21,384 - INFO - Beginning optimization with guess, [1.21750729 1.07362305 0.01102559 0.00769033].
2024-02-12 12:13:44,543 - INFO - Finished optimization with guess, [1.21750729 1.07362305 0.01102559 0.00769033].
2024-02-12 12:13:44,545 - INFO - Best fit parameters: [1.89819789e+00 9.95094291e-01 4.28515260e-02 1.27435451e-05].
2024-02-12 12:13:45,037 - INFO - Maximum log composite likelihood: -287.42155669704164.
2024-02-12 12:13:45,037 - INFO - Optimal value of theta: 435.17762764329905.
2024-02-12 12:13:45,038 - INFO - Beginning optimization with guess, [0.84901872 1.49771849 0.01303961 0.00618993].
2024-02-12 12:14:06,245 - INFO - Finished optimization with guess, [0.84901872 1.49771849 0.01303961 0.00618993].
2024-02-12 12:14:06,246 - INFO - Best fit parameters: [0.91409896 3.45426979 0.30885945 0.02489767].
2024-02-12 12:14:06,785 - INFO - Maximum log composite likelihood: -247.46913194835236.
2024-02-12 12:14:06,785 - INFO - Optimal value of theta: 449.2689080962913.
2024-02-12 12:14:06,786 - INFO - Beginning optimization with guess, [0.69221733 1.28337024 0.01218091 0.0062103 ].
2024-02-12 12:14:28,641 - INFO - Finished optimization with guess, [0.69221733 1.28337024 0.01218091 0.0062103 ].
2024-02-12 12:14:28,642 - INFO - Best fit parameters: [0.69570842 1.39575604 0.00700317 0.03481626].
2024-02-12 12:14:29,152 - INFO - Maximum log composite likelihood: -305.517176010987.
2024-02-12 12:14:29,152 - INFO - Optimal value of theta: 466.53730662914376.
2024-02-12 12:14:29,153 - INFO - Beginning optimization with guess, [1.19282029 1.5620151  0.01980455 0.01370708].
2024-02-12 12:14:48,767 - INFO - Finished optimization with guess, [1.19282029 1.5620151  0.01980455 0.01370708].
2024-02-12 12:14:48,768 - INFO - Best fit parameters: [9.69667661e-01 2.84508220e+00 2.79799285e-03 3.08451271e-02].
2024-02-12 12:14:49,275 - INFO - Maximum log composite likelihood: -266.64672324312437.
2024-02-12 12:14:49,275 - INFO - Optimal value of theta: 428.5336026944246.
2024-02-12 12:14:49,275 - INFO - Beginning optimization with guess, [3.42943358 2.2789935  0.01063353 0.00718452].
2024-02-12 12:15:11,727 - INFO - Finished optimization with guess, [3.42943358 2.2789935  0.01063353 0.00718452].
2024-02-12 12:15:11,729 - INFO - Best fit parameters: [9.23379327e+00 1.24980212e+00 2.82488651e-02 4.64704418e-04].
2024-02-12 12:15:12,231 - INFO - Maximum log composite likelihood: -247.4095555088104.
2024-02-12 12:15:12,231 - INFO - Optimal value of theta: 407.4962102664317.
2024-02-12 12:15:12,232 - INFO - Beginning optimization with guess, [3.10303815 3.95495673 0.00533852 0.00739238].
2024-02-12 12:15:34,680 - INFO - Finished optimization with guess, [3.10303815 3.95495673 0.00533852 0.00739238].
2024-02-12 12:15:34,681 - INFO - Best fit parameters: [2.53681097e+00 8.74387574e+00 2.69065043e-03 2.01647803e-02].
2024-02-12 12:15:35,179 - INFO - Maximum log composite likelihood: -244.57617480409954.
2024-02-12 12:15:35,179 - INFO - Optimal value of theta: 421.4255658972935.
2024-02-12 12:15:35,179 - INFO - Beginning optimization with guess, [4.34945313 2.22961049 0.00860827 0.00930441].
2024-02-12 12:15:56,445 - INFO - Finished optimization with guess, [4.34945313 2.22961049 0.00860827 0.00930441].
2024-02-12 12:15:56,446 - INFO - Best fit parameters: [4.71298540e+00 2.84371480e+00 2.28285279e-02 2.73747304e-03].
2024-02-12 12:15:56,940 - INFO - Maximum log composite likelihood: -256.0774776493877.
2024-02-12 12:15:56,940 - INFO - Optimal value of theta: 425.05139693476576.
2024-02-12 12:15:56,940 - INFO - Beginning optimization with guess, [3.84849959 3.96922183 0.00771982 0.00780414].
2024-02-12 12:16:17,763 - INFO - Finished optimization with guess, [3.84849959 3.96922183 0.00771982 0.00780414].
2024-02-12 12:16:17,765 - INFO - Best fit parameters: [1.72062652e+00 9.39181877e+00 4.42439033e-03 2.09100561e-02].
2024-02-12 12:16:18,265 - INFO - Maximum log composite likelihood: -243.91507351003935.
2024-02-12 12:16:18,265 - INFO - Optimal value of theta: 418.4747913745311.
2024-02-12 12:16:18,265 - INFO - Beginning optimization with guess, [2.49681598 3.26730437 0.01109552 0.01639539].
2024-02-12 12:16:40,734 - INFO - Finished optimization with guess, [2.49681598 3.26730437 0.01109552 0.01639539].
2024-02-12 12:16:40,735 - INFO - Best fit parameters: [1.80788210e+00 1.47978588e+01 2.46228331e-03 2.48283019e-02].
2024-02-12 12:16:41,242 - INFO - Maximum log composite likelihood: -239.81240591909136.
2024-02-12 12:16:41,242 - INFO - Optimal value of theta: 406.28178435321144.
2024-02-12 12:16:41,243 - INFO - Beginning optimization with guess, [3.8881157  5.35334258 0.00771009 0.01449859].
2024-02-12 12:17:02,595 - INFO - Finished optimization with guess, [3.8881157  5.35334258 0.00771009 0.01449859].
2024-02-12 12:17:02,596 - INFO - Best fit parameters: [6.79964934e+00 6.06305471e+01 1.76019646e-04 2.05008971e-02].
2024-02-12 12:17:03,085 - INFO - Maximum log composite likelihood: -233.5861024172356.
2024-02-12 12:17:03,085 - INFO - Optimal value of theta: 414.2248454301217.
2024-02-12 12:17:03,086 - INFO - Beginning optimization with guess, [3.23774978 2.26094348 0.01398257 0.00757713].
2024-02-12 12:17:25,720 - INFO - Finished optimization with guess, [3.23774978 2.26094348 0.01398257 0.00757713].
2024-02-12 12:17:25,721 - INFO - Best fit parameters: [9.28462574e+00 1.91282568e+00 2.79902790e-02 2.17996607e-04].
2024-02-12 12:17:26,212 - INFO - Maximum log composite likelihood: -245.7482752222573.
2024-02-12 12:17:26,212 - INFO - Optimal value of theta: 407.2625580968575.
2024-02-12 12:17:26,212 - INFO - Beginning optimization with guess, [2.55602682 3.66163192 0.00611207 0.00707518].
2024-02-12 12:17:48,419 - INFO - Finished optimization with guess, [2.55602682 3.66163192 0.00611207 0.00707518].
2024-02-12 12:17:48,420 - INFO - Best fit parameters: [1.93887843e+00 1.20511073e+01 2.22274006e-03 2.12181260e-02].
2024-02-12 12:17:48,903 - INFO - Maximum log composite likelihood: -240.86369577264117.
2024-02-12 12:17:48,903 - INFO - Optimal value of theta: 417.1428714950966.
2024-02-12 12:17:48,904 - INFO - Beginning optimization with guess, [4.43428582 2.29193937 0.01221689 0.00817631].
2024-02-12 12:18:12,084 - INFO - Finished optimization with guess, [4.43428582 2.29193937 0.01221689 0.00817631].
2024-02-12 12:18:12,085 - INFO - Best fit parameters: [5.28935634e+00 2.59745209e+00 2.62722345e-02 7.78736015e-04].
2024-02-12 12:18:12,578 - INFO - Maximum log composite likelihood: -252.37303132676126.
2024-02-12 12:18:12,579 - INFO - Optimal value of theta: 418.8062891729674.
2024-02-12 12:18:12,579 - INFO - Beginning optimization with guess, [4.06015721e+00 7.91867816e+00 8.56330415e-03 6.78725270e-03].
2024-02-12 12:18:35,833 - INFO - Finished optimization with guess, [4.06015721e+00 7.91867816e+00 8.56330415e-03 6.78725270e-03].
2024-02-12 12:18:35,835 - INFO - Best fit parameters: [2.72144616e+00 2.24620812e+01 7.70999056e-03 2.02855414e-02].
2024-02-12 12:18:36,357 - INFO - Maximum log composite likelihood: -238.36663555840386.
2024-02-12 12:18:36,358 - INFO - Optimal value of theta: 405.4507345854276.
2024-02-12 12:18:36,358 - INFO - Beginning optimization with guess, [7.13172324 6.27911229 0.00771683 0.0113505 ].
2024-02-12 12:18:58,399 - INFO - Finished optimization with guess, [7.13172324 6.27911229 0.00771683 0.0113505 ].
2024-02-12 12:18:58,400 - INFO - Best fit parameters: [6.90131137e+00 1.30736155e+01 8.79070390e-03 1.60040283e-02].
2024-02-12 12:18:58,885 - INFO - Maximum log composite likelihood: -239.43791585778376.
2024-02-12 12:18:58,885 - INFO - Optimal value of theta: 411.6475228899634.
2024-02-12 12:18:58,885 - INFO - Beginning optimization with guess, [4.25358708 5.02019335 0.00891202 0.00592694].
2024-02-12 12:19:21,218 - INFO - Finished optimization with guess, [4.25358708 5.02019335 0.00891202 0.00592694].
2024-02-12 12:19:21,219 - INFO - Best fit parameters: [4.14687543 7.30025528 0.00775011 0.01855515].
2024-02-12 12:19:21,706 - INFO - Maximum log composite likelihood: -246.09763765108.
2024-02-12 12:19:21,706 - INFO - Optimal value of theta: 415.86999165429353.
2024-02-12 12:19:21,706 - INFO - Beginning optimization with guess, [1.02768698e+01 8.74073741e+00 7.83682982e-03 1.43259250e-02].
2024-02-12 12:19:43,816 - INFO - Finished optimization with guess, [1.02768698e+01 8.74073741e+00 7.83682982e-03 1.43259250e-02].
2024-02-12 12:19:43,817 - INFO - Best fit parameters: [2.56763684e+00 2.78985312e+03 1.87733678e-03 1.89126510e-02].
2024-02-12 12:19:44,302 - INFO - Maximum log composite likelihood: -232.15833474901586.
2024-02-12 12:19:44,303 - INFO - Optimal value of theta: 412.64684445273366.
2024-02-12 12:19:44,305 - INFO - Finished demographic inference.
2024-02-12 12:19:44,306 - INFO - Pipeline executed succesfully.
