2023-12-12 16:33:06,778 - INFO - Beginning execution of fit_demographic_model.py in directory /u/project/klohmuel/jonmah/sample_size_demography/Scripts

2023-12-12 16:33:06,778 - INFO - Progress is being logged to ../Analysis/p_copri_core_8/log.log

2023-12-12 16:33:06,778 - INFO - Parsed the following arguments:
	syn_input_sfs = ../Analysis/p_copri_core_8/syn_downsampled_sfs.txt
	mask_singletons = False
	mask_doubletons = False
	outprefix = ../Analysis/p_copri_core_8/

2023-12-12 16:33:06,779 - INFO - Beginning demographic inference for one-epoch demographic model.
2023-12-12 16:33:06,782 - INFO - Beginning optimization with guess, [0.12036094].
2023-12-12 16:33:07,262 - INFO - Finished optimization with guess, [0.12036094].
2023-12-12 16:33:07,262 - INFO - Best fit parameters: [0.12036094].
2023-12-12 16:33:07,276 - INFO - Maximum log composite likelihood: -626.0764225830826.
2023-12-12 16:33:07,276 - INFO - Optimal value of theta: 11582.412156829818.
2023-12-12 16:33:07,276 - INFO - Beginning optimization with guess, [0.11828008].
2023-12-12 16:33:07,758 - INFO - Finished optimization with guess, [0.11828008].
2023-12-12 16:33:07,758 - INFO - Best fit parameters: [0.11828008].
2023-12-12 16:33:07,772 - INFO - Maximum log composite likelihood: -626.0764225830826.
2023-12-12 16:33:07,772 - INFO - Optimal value of theta: 11582.412156829818.
2023-12-12 16:33:07,772 - INFO - Beginning optimization with guess, [0.3456876].
2023-12-12 16:33:08,210 - INFO - Finished optimization with guess, [0.3456876].
2023-12-12 16:33:08,211 - INFO - Best fit parameters: [0.3456876].
2023-12-12 16:33:08,224 - INFO - Maximum log composite likelihood: -626.0764225830826.
2023-12-12 16:33:08,225 - INFO - Optimal value of theta: 11582.412156829818.
2023-12-12 16:33:08,225 - INFO - Beginning optimization with guess, [0.262182].
2023-12-12 16:33:08,663 - INFO - Finished optimization with guess, [0.262182].
2023-12-12 16:33:08,663 - INFO - Best fit parameters: [0.262182].
2023-12-12 16:33:08,677 - INFO - Maximum log composite likelihood: -626.0764225830826.
2023-12-12 16:33:08,677 - INFO - Optimal value of theta: 11582.412156829818.
2023-12-12 16:33:08,677 - INFO - Beginning optimization with guess, [0.49453829].
2023-12-12 16:33:09,074 - INFO - Finished optimization with guess, [0.49453829].
2023-12-12 16:33:09,074 - INFO - Best fit parameters: [0.49453829].
2023-12-12 16:33:09,088 - INFO - Maximum log composite likelihood: -626.0764225830826.
2023-12-12 16:33:09,088 - INFO - Optimal value of theta: 11582.412156829818.
2023-12-12 16:33:09,088 - INFO - Beginning optimization with guess, [0.31835289].
2023-12-12 16:33:09,526 - INFO - Finished optimization with guess, [0.31835289].
2023-12-12 16:33:09,526 - INFO - Best fit parameters: [0.31835289].
2023-12-12 16:33:09,540 - INFO - Maximum log composite likelihood: -626.0764225830826.
2023-12-12 16:33:09,540 - INFO - Optimal value of theta: 11582.412156829818.
2023-12-12 16:33:09,540 - INFO - Beginning optimization with guess, [0.38675527].
2023-12-12 16:33:09,940 - INFO - Finished optimization with guess, [0.38675527].
2023-12-12 16:33:09,940 - INFO - Best fit parameters: [0.38675527].
2023-12-12 16:33:09,954 - INFO - Maximum log composite likelihood: -626.0764225830826.
2023-12-12 16:33:09,954 - INFO - Optimal value of theta: 11582.412156829818.
2023-12-12 16:33:09,954 - INFO - Beginning optimization with guess, [0.50579375].
2023-12-12 16:33:10,351 - INFO - Finished optimization with guess, [0.50579375].
2023-12-12 16:33:10,351 - INFO - Best fit parameters: [0.50579375].
2023-12-12 16:33:10,365 - INFO - Maximum log composite likelihood: -626.0764225830826.
2023-12-12 16:33:10,365 - INFO - Optimal value of theta: 11582.412156829818.
2023-12-12 16:33:10,365 - INFO - Beginning optimization with guess, [0.86744428].
2023-12-12 16:33:10,680 - INFO - Finished optimization with guess, [0.86744428].
2023-12-12 16:33:10,680 - INFO - Best fit parameters: [0.86744428].
2023-12-12 16:33:10,694 - INFO - Maximum log composite likelihood: -626.0764225830826.
2023-12-12 16:33:10,694 - INFO - Optimal value of theta: 11582.412156829818.
2023-12-12 16:33:10,694 - INFO - Beginning optimization with guess, [0.65056321].
2023-12-12 16:33:11,050 - INFO - Finished optimization with guess, [0.65056321].
2023-12-12 16:33:11,050 - INFO - Best fit parameters: [0.65056321].
2023-12-12 16:33:11,064 - INFO - Maximum log composite likelihood: -626.0764225830826.
2023-12-12 16:33:11,064 - INFO - Optimal value of theta: 11582.412156829818.
2023-12-12 16:33:11,064 - INFO - Beginning optimization with guess, [1.6560508].
2023-12-12 16:33:11,420 - INFO - Finished optimization with guess, [1.6560508].
2023-12-12 16:33:11,421 - INFO - Best fit parameters: [1.6560508].
2023-12-12 16:33:11,434 - INFO - Maximum log composite likelihood: -626.0764225830826.
2023-12-12 16:33:11,435 - INFO - Optimal value of theta: 11582.412156829818.
2023-12-12 16:33:11,435 - INFO - Beginning optimization with guess, [1.72754483].
2023-12-12 16:33:11,832 - INFO - Finished optimization with guess, [1.72754483].
2023-12-12 16:33:11,832 - INFO - Best fit parameters: [1.72754483].
2023-12-12 16:33:11,846 - INFO - Maximum log composite likelihood: -626.0764225830826.
2023-12-12 16:33:11,846 - INFO - Optimal value of theta: 11582.412156829818.
2023-12-12 16:33:11,847 - INFO - Beginning optimization with guess, [0.9636537].
2023-12-12 16:33:12,080 - INFO - Finished optimization with guess, [0.9636537].
2023-12-12 16:33:12,080 - INFO - Best fit parameters: [0.9636537].
2023-12-12 16:33:12,094 - INFO - Maximum log composite likelihood: -626.0764225830826.
2023-12-12 16:33:12,094 - INFO - Optimal value of theta: 11582.412156829818.
2023-12-12 16:33:12,094 - INFO - Beginning optimization with guess, [2.92651388].
2023-12-12 16:33:12,532 - INFO - Finished optimization with guess, [2.92651388].
2023-12-12 16:33:12,533 - INFO - Best fit parameters: [2.92651388].
2023-12-12 16:33:12,546 - INFO - Maximum log composite likelihood: -626.0764225830826.
2023-12-12 16:33:12,547 - INFO - Optimal value of theta: 11582.412156829818.
2023-12-12 16:33:12,547 - INFO - Beginning optimization with guess, [1.50776426].
2023-12-12 16:33:12,904 - INFO - Finished optimization with guess, [1.50776426].
2023-12-12 16:33:12,904 - INFO - Best fit parameters: [1.50776426].
2023-12-12 16:33:12,918 - INFO - Maximum log composite likelihood: -626.0764225830826.
2023-12-12 16:33:12,918 - INFO - Optimal value of theta: 11582.412156829818.
2023-12-12 16:33:12,918 - INFO - Beginning optimization with guess, [1.86780452].
2023-12-12 16:33:13,315 - INFO - Finished optimization with guess, [1.86780452].
2023-12-12 16:33:13,315 - INFO - Best fit parameters: [1.86780452].
2023-12-12 16:33:13,328 - INFO - Maximum log composite likelihood: -626.0764225830826.
2023-12-12 16:33:13,329 - INFO - Optimal value of theta: 11582.412156829818.
2023-12-12 16:33:13,329 - INFO - Beginning optimization with guess, [2.29136544].
2023-12-12 16:33:13,725 - INFO - Finished optimization with guess, [2.29136544].
2023-12-12 16:33:13,725 - INFO - Best fit parameters: [2.29136544].
2023-12-12 16:33:13,739 - INFO - Maximum log composite likelihood: -626.0764225830826.
2023-12-12 16:33:13,739 - INFO - Optimal value of theta: 11582.412156829818.
2023-12-12 16:33:13,739 - INFO - Beginning optimization with guess, [2.23832334].
2023-12-12 16:33:14,135 - INFO - Finished optimization with guess, [2.23832334].
2023-12-12 16:33:14,136 - INFO - Best fit parameters: [2.23832334].
2023-12-12 16:33:14,149 - INFO - Maximum log composite likelihood: -626.0764225830826.
2023-12-12 16:33:14,149 - INFO - Optimal value of theta: 11582.412156829818.
2023-12-12 16:33:14,150 - INFO - Beginning optimization with guess, [3.1939931].
2023-12-12 16:33:14,588 - INFO - Finished optimization with guess, [3.1939931].
2023-12-12 16:33:14,589 - INFO - Best fit parameters: [3.1939931].
2023-12-12 16:33:14,602 - INFO - Maximum log composite likelihood: -626.0764225830826.
2023-12-12 16:33:14,602 - INFO - Optimal value of theta: 11582.412156829818.
2023-12-12 16:33:14,603 - INFO - Beginning optimization with guess, [4.86566191].
2023-12-12 16:33:15,040 - INFO - Finished optimization with guess, [4.86566191].
2023-12-12 16:33:15,040 - INFO - Best fit parameters: [4.86566191].
2023-12-12 16:33:15,054 - INFO - Maximum log composite likelihood: -626.0764225830826.
2023-12-12 16:33:15,054 - INFO - Optimal value of theta: 11582.412156829818.
2023-12-12 16:33:15,054 - INFO - Beginning optimization with guess, [2.59176558].
2023-12-12 16:33:15,450 - INFO - Finished optimization with guess, [2.59176558].
2023-12-12 16:33:15,450 - INFO - Best fit parameters: [2.59176558].
2023-12-12 16:33:15,464 - INFO - Maximum log composite likelihood: -626.0764225830826.
2023-12-12 16:33:15,464 - INFO - Optimal value of theta: 11582.412156829818.
2023-12-12 16:33:15,465 - INFO - Beginning optimization with guess, [5.61357007].
2023-12-12 16:33:15,901 - INFO - Finished optimization with guess, [5.61357007].
2023-12-12 16:33:15,902 - INFO - Best fit parameters: [5.61357007].
2023-12-12 16:33:15,915 - INFO - Maximum log composite likelihood: -626.0764225830826.
2023-12-12 16:33:15,916 - INFO - Optimal value of theta: 11582.412156829818.
2023-12-12 16:33:15,916 - INFO - Beginning optimization with guess, [4.0393906].
2023-12-12 16:33:16,352 - INFO - Finished optimization with guess, [4.0393906].
2023-12-12 16:33:16,352 - INFO - Best fit parameters: [4.0393906].
2023-12-12 16:33:16,366 - INFO - Maximum log composite likelihood: -626.0764225830826.
2023-12-12 16:33:16,366 - INFO - Optimal value of theta: 11582.412156829818.
2023-12-12 16:33:16,366 - INFO - Beginning optimization with guess, [10.2883134].
2023-12-12 16:33:16,841 - INFO - Finished optimization with guess, [10.2883134].
2023-12-12 16:33:16,842 - INFO - Best fit parameters: [10.2883134].
2023-12-12 16:33:16,855 - INFO - Maximum log composite likelihood: -626.0764225830826.
2023-12-12 16:33:16,856 - INFO - Optimal value of theta: 11582.412156829818.
2023-12-12 16:33:16,856 - INFO - Beginning optimization with guess, [9.2666339].
2023-12-12 16:33:17,334 - INFO - Finished optimization with guess, [9.2666339].
2023-12-12 16:33:17,334 - INFO - Best fit parameters: [9.2666339].
2023-12-12 16:33:17,348 - INFO - Maximum log composite likelihood: -626.0764225830826.
2023-12-12 16:33:17,348 - INFO - Optimal value of theta: 11582.412156829818.
2023-12-12 16:33:17,350 - INFO - Beginning demographic inference for two-epoch demographic model.
2023-12-12 16:33:17,590 - INFO - Beginning optimization with guess, [0.05068682 0.00904181].
2023-12-12 16:33:19,763 - INFO - Finished optimization with guess, [0.05068682 0.00904181].
2023-12-12 16:33:19,763 - INFO - Best fit parameters: [3.28522336 0.35210927].
2023-12-12 16:33:19,779 - INFO - Maximum log composite likelihood: -24.12425076650834.
2023-12-12 16:33:19,780 - INFO - Optimal value of theta: 8777.14103079641.
2023-12-12 16:33:19,780 - INFO - Beginning optimization with guess, [0.2767324 0.0087146].
2023-12-12 16:33:22,592 - INFO - Finished optimization with guess, [0.2767324 0.0087146].
2023-12-12 16:33:22,593 - INFO - Best fit parameters: [2.80101409 0.50038404].
2023-12-12 16:33:22,610 - INFO - Maximum log composite likelihood: -22.347942238278847.
2023-12-12 16:33:22,611 - INFO - Optimal value of theta: 8364.446632488434.
2023-12-12 16:33:22,611 - INFO - Beginning optimization with guess, [0.39325349 0.00518725].
2023-12-12 16:33:26,875 - INFO - Finished optimization with guess, [0.39325349 0.00518725].
2023-12-12 16:33:26,876 - INFO - Best fit parameters: [3.33203904 0.38684226].
2023-12-12 16:33:26,895 - INFO - Maximum log composite likelihood: -25.430155299192847.
2023-12-12 16:33:26,895 - INFO - Optimal value of theta: 8584.597723512226.
2023-12-12 16:33:26,895 - INFO - Beginning optimization with guess, [0.44878552 0.00834946].
2023-12-12 16:33:29,930 - INFO - Finished optimization with guess, [0.44878552 0.00834946].
2023-12-12 16:33:29,931 - INFO - Best fit parameters: [2.810157   0.42154913].
2023-12-12 16:33:29,948 - INFO - Maximum log composite likelihood: -23.75702315659146.
2023-12-12 16:33:29,949 - INFO - Optimal value of theta: 8671.053840709645.
2023-12-12 16:33:29,949 - INFO - Beginning optimization with guess, [0.56091755 0.0150596 ].
2023-12-12 16:33:32,050 - INFO - Finished optimization with guess, [0.56091755 0.0150596 ].
2023-12-12 16:33:32,051 - INFO - Best fit parameters: [2.18327357 0.71942726].
2023-12-12 16:33:32,071 - INFO - Maximum log composite likelihood: -65.23552128986921.
2023-12-12 16:33:32,071 - INFO - Optimal value of theta: 8268.347986978668.
2023-12-12 16:33:32,072 - INFO - Beginning optimization with guess, [0.45983471 0.01482344].
2023-12-12 16:33:34,284 - INFO - Finished optimization with guess, [0.45983471 0.01482344].
2023-12-12 16:33:34,284 - INFO - Best fit parameters: [2.23358506 0.36217309].
2023-12-12 16:33:34,302 - INFO - Maximum log composite likelihood: -69.58785467589405.
2023-12-12 16:33:34,302 - INFO - Optimal value of theta: 9312.238391410268.
2023-12-12 16:33:34,302 - INFO - Beginning optimization with guess, [1.29143833 0.01434974].
2023-12-12 16:33:35,261 - INFO - Finished optimization with guess, [1.29143833 0.01434974].
2023-12-12 16:33:35,262 - INFO - Best fit parameters: [2.76938864 0.57213962].
2023-12-12 16:33:35,280 - INFO - Maximum log composite likelihood: -22.747612157221738.
2023-12-12 16:33:35,280 - INFO - Optimal value of theta: 8135.099378021541.
2023-12-12 16:33:35,280 - INFO - Beginning optimization with guess, [0.47083916 0.01848481].
2023-12-12 16:33:37,223 - INFO - Finished optimization with guess, [0.47083916 0.01848481].
2023-12-12 16:33:37,223 - INFO - Best fit parameters: [2.88566929 0.32756096].
2023-12-12 16:33:37,240 - INFO - Maximum log composite likelihood: -30.836141875455723.
2023-12-12 16:33:37,240 - INFO - Optimal value of theta: 9069.915545650432.
2023-12-12 16:33:37,240 - INFO - Beginning optimization with guess, [1.20074364 0.00623996].
2023-12-12 16:33:38,184 - INFO - Finished optimization with guess, [1.20074364 0.00623996].
2023-12-12 16:33:38,184 - INFO - Best fit parameters: [3.11483898 0.34457962].
2023-12-12 16:33:38,202 - INFO - Maximum log composite likelihood: -24.58995827605395.
2023-12-12 16:33:38,202 - INFO - Optimal value of theta: 8882.785220291033.
2023-12-12 16:33:38,202 - INFO - Beginning optimization with guess, [0.70684764 0.00987267].
2023-12-12 16:33:41,071 - INFO - Finished optimization with guess, [0.70684764 0.00987267].
2023-12-12 16:33:41,072 - INFO - Best fit parameters: [1.4530976  0.57245106].
2023-12-12 16:33:41,094 - INFO - Maximum log composite likelihood: -289.65448315703543.
2023-12-12 16:33:41,094 - INFO - Optimal value of theta: 9868.174619693338.
2023-12-12 16:33:41,095 - INFO - Beginning optimization with guess, [0.66907671 0.00621627].
2023-12-12 16:33:45,051 - INFO - Finished optimization with guess, [0.66907671 0.00621627].
2023-12-12 16:33:45,051 - INFO - Best fit parameters: [2.89299611 1.13402725].
2023-12-12 16:33:45,074 - INFO - Maximum log composite likelihood: -28.537811997215613.
2023-12-12 16:33:45,074 - INFO - Optimal value of theta: 6721.078610050795.
2023-12-12 16:33:45,074 - INFO - Beginning optimization with guess, [2.69967228 0.01533173].
2023-12-12 16:33:45,825 - INFO - Finished optimization with guess, [2.69967228 0.01533173].
2023-12-12 16:33:45,826 - INFO - Best fit parameters: [3.14506288 0.38477072].
2023-12-12 16:33:45,843 - INFO - Maximum log composite likelihood: -23.172458431083214.
2023-12-12 16:33:45,843 - INFO - Optimal value of theta: 8670.797342336546.
2023-12-12 16:33:45,843 - INFO - Beginning optimization with guess, [1.56984478 0.00640108].
2023-12-12 16:33:46,857 - INFO - Finished optimization with guess, [1.56984478 0.00640108].
2023-12-12 16:33:46,857 - INFO - Best fit parameters: [2.81262505 0.83907531].
2023-12-12 16:33:46,877 - INFO - Maximum log composite likelihood: -25.61349682850232.
2023-12-12 16:33:46,877 - INFO - Optimal value of theta: 7368.647076914099.
2023-12-12 16:33:46,877 - INFO - Beginning optimization with guess, [1.62352675 0.00675386].
2023-12-12 16:33:47,776 - INFO - Finished optimization with guess, [1.62352675 0.00675386].
2023-12-12 16:33:47,776 - INFO - Best fit parameters: [2.90389937 0.45439804].
2023-12-12 16:33:47,794 - INFO - Maximum log composite likelihood: -22.19632897696647.
2023-12-12 16:33:47,794 - INFO - Optimal value of theta: 8481.98393129424.
2023-12-12 16:33:47,795 - INFO - Beginning optimization with guess, [2.54761262 0.01412744].
2023-12-12 16:33:48,550 - INFO - Finished optimization with guess, [2.54761262 0.01412744].
2023-12-12 16:33:48,550 - INFO - Best fit parameters: [2.91030083 0.46780985].
2023-12-12 16:33:48,567 - INFO - Maximum log composite likelihood: -22.20919267408499.
2023-12-12 16:33:48,567 - INFO - Optimal value of theta: 8424.425218036245.
2023-12-12 16:33:48,567 - INFO - Beginning optimization with guess, [1.59861512 0.00564573].
2023-12-12 16:33:49,526 - INFO - Finished optimization with guess, [1.59861512 0.00564573].
2023-12-12 16:33:49,526 - INFO - Best fit parameters: [2.87087609 0.51988627].
2023-12-12 16:33:49,544 - INFO - Maximum log composite likelihood: -22.477580529210172.
2023-12-12 16:33:49,544 - INFO - Optimal value of theta: 8249.638233268464.
2023-12-12 16:33:49,545 - INFO - Beginning optimization with guess, [4.51867633 0.01668878].
2023-12-12 16:33:50,271 - INFO - Finished optimization with guess, [4.51867633 0.01668878].
2023-12-12 16:33:50,271 - INFO - Best fit parameters: [3.26074664 0.30621936].
2023-12-12 16:33:50,287 - INFO - Maximum log composite likelihood: -27.024058878612777.
2023-12-12 16:33:50,287 - INFO - Optimal value of theta: 9034.641093821334.
2023-12-12 16:33:50,288 - INFO - Beginning optimization with guess, [1.51227556 0.01331246].
2023-12-12 16:33:51,304 - INFO - Finished optimization with guess, [1.51227556 0.01331246].
2023-12-12 16:33:51,304 - INFO - Best fit parameters: [2.5792764  0.82176485].
2023-12-12 16:33:51,324 - INFO - Maximum log composite likelihood: -30.312345543557967.
2023-12-12 16:33:51,324 - INFO - Optimal value of theta: 7608.443913437159.
2023-12-12 16:33:51,324 - INFO - Beginning optimization with guess, [2.39813287 0.00813623].
2023-12-12 16:33:52,074 - INFO - Finished optimization with guess, [2.39813287 0.00813623].
2023-12-12 16:33:52,074 - INFO - Best fit parameters: [2.9319146  0.44701993].
2023-12-12 16:33:52,091 - INFO - Maximum log composite likelihood: -22.230191444014054.
2023-12-12 16:33:52,091 - INFO - Optimal value of theta: 8496.902729315252.
2023-12-12 16:33:52,091 - INFO - Beginning optimization with guess, [3.30200643 0.01275199].
2023-12-12 16:33:52,845 - INFO - Finished optimization with guess, [3.30200643 0.01275199].
2023-12-12 16:33:52,845 - INFO - Best fit parameters: [6.16714439 0.20332369].
2023-12-12 16:33:52,860 - INFO - Maximum log composite likelihood: -39.07692810491244.
2023-12-12 16:33:52,861 - INFO - Optimal value of theta: 9285.996698605866.
2023-12-12 16:33:52,861 - INFO - Beginning optimization with guess, [2.00241407 0.01838208].
2023-12-12 16:33:53,706 - INFO - Finished optimization with guess, [2.00241407 0.01838208].
2023-12-12 16:33:53,707 - INFO - Best fit parameters: [2.8948463  0.46288246].
2023-12-12 16:33:53,724 - INFO - Maximum log composite likelihood: -22.178061973832882.
2023-12-12 16:33:53,724 - INFO - Optimal value of theta: 8452.835396615723.
2023-12-12 16:33:53,724 - INFO - Beginning optimization with guess, [3.1098643  0.00580771].
2023-12-12 16:33:54,428 - INFO - Finished optimization with guess, [3.1098643  0.00580771].
2023-12-12 16:33:54,429 - INFO - Best fit parameters: [3.51051908 0.30894135].
2023-12-12 16:33:54,444 - INFO - Maximum log composite likelihood: -26.03896705610532.
2023-12-12 16:33:54,445 - INFO - Optimal value of theta: 8938.288241313412.
2023-12-12 16:33:54,445 - INFO - Beginning optimization with guess, [6.72870419 0.00745134].
2023-12-12 16:33:55,180 - INFO - Finished optimization with guess, [6.72870419 0.00745134].
2023-12-12 16:33:55,181 - INFO - Best fit parameters: [5.09603676 0.18916233].
2023-12-12 16:33:55,196 - INFO - Maximum log composite likelihood: -43.10349290913291.
2023-12-12 16:33:55,196 - INFO - Optimal value of theta: 9499.31115409322.
2023-12-12 16:33:55,196 - INFO - Beginning optimization with guess, [3.99533754 0.01661227].
2023-12-12 16:33:55,905 - INFO - Finished optimization with guess, [3.99533754 0.01661227].
2023-12-12 16:33:55,905 - INFO - Best fit parameters: [2.97928024 0.33722388].
2023-12-12 16:33:55,921 - INFO - Maximum log composite likelihood: -27.116880554818636.
2023-12-12 16:33:55,921 - INFO - Optimal value of theta: 8978.205044104674.
2023-12-12 16:33:55,922 - INFO - Beginning optimization with guess, [9.67249027e+00 5.20745734e-03].
2023-12-12 16:33:56,635 - INFO - Finished optimization with guess, [9.67249027e+00 5.20745734e-03].
2023-12-12 16:33:56,635 - INFO - Best fit parameters: [32.42859282  0.14821456].
2023-12-12 16:33:56,650 - INFO - Maximum log composite likelihood: -52.70984500688792.
2023-12-12 16:33:56,650 - INFO - Optimal value of theta: 9505.261228599962.
2023-12-12 16:33:56,652 - INFO - Beginning demographic inference for three-epoch demographic model.
2023-12-12 16:33:56,654 - INFO - Beginning optimization with guess, [0.00868095 0.00862595 0.00526846 0.00688664].
2023-12-12 16:37:01,983 - INFO - Finished optimization with guess, [0.00868095 0.00862595 0.00526846 0.00688664].
2023-12-12 16:37:01,985 - INFO - Best fit parameters: [0.00138536 0.00313361 0.00411398 0.23208853].
2023-12-12 16:37:03,358 - INFO - Maximum log composite likelihood: -626.0764224947125.
2023-12-12 16:37:03,358 - INFO - Optimal value of theta: 3696190.7625915967.
2023-12-12 16:37:03,358 - INFO - Beginning optimization with guess, [0.0305678  0.02470872 0.00614172 0.01613145].
2023-12-12 16:37:04,150 - INFO - Finished optimization with guess, [0.0305678  0.02470872 0.00614172 0.01613145].
2023-12-12 16:37:04,150 - INFO - Best fit parameters: [5.92611443e-02 4.93406873e+00 2.92106810e-05 1.24016253e-03].
2023-12-12 16:37:04,165 - INFO - Maximum log composite likelihood: -620.7296313134957.
2023-12-12 16:37:04,165 - INFO - Optimal value of theta: 11573.03031973996.
2023-12-12 16:37:04,165 - INFO - Beginning optimization with guess, [0.0501535  0.02949821 0.00825562 0.00763385].
2023-12-12 16:37:04,879 - INFO - Finished optimization with guess, [0.0501535  0.02949821 0.00825562 0.00763385].
2023-12-12 16:37:04,879 - INFO - Best fit parameters: [2.12033220e-01 8.29086338e+00 2.61335057e-05 3.02460689e-04].
2023-12-12 16:37:04,894 - INFO - Maximum log composite likelihood: -624.3487183608595.
2023-12-12 16:37:04,894 - INFO - Optimal value of theta: 11579.38329679334.
2023-12-12 16:37:04,894 - INFO - Beginning optimization with guess, [0.04877592 0.02157583 0.01894289 0.01526494].
2023-12-12 16:37:05,849 - INFO - Finished optimization with guess, [0.04877592 0.02157583 0.01894289 0.01526494].
2023-12-12 16:37:05,849 - INFO - Best fit parameters: [5.84766337e-04 4.05389809e+07 1.77110309e-07 2.45555863e-03].
2023-12-12 16:37:05,864 - INFO - Maximum log composite likelihood: -604.4033301780037.
2023-12-12 16:37:05,864 - INFO - Optimal value of theta: 11544.065759274408.
2023-12-12 16:37:05,865 - INFO - Beginning optimization with guess, [0.02769475 0.04973343 0.01199971 0.0191302 ].
2023-12-12 16:37:08,778 - INFO - Finished optimization with guess, [0.02769475 0.04973343 0.01199971 0.0191302 ].
2023-12-12 16:37:08,778 - INFO - Best fit parameters: [0.00486529 0.48353514 0.01630527 0.0130372 ].
2023-12-12 16:37:08,851 - INFO - Maximum log composite likelihood: -167.08295911324785.
2023-12-12 16:37:08,852 - INFO - Optimal value of theta: 212409.67125830756.
2023-12-12 16:37:08,852 - INFO - Beginning optimization with guess, [0.30172808 0.63924776 0.00661593 0.0169365 ].
2023-12-12 16:37:09,539 - INFO - Finished optimization with guess, [0.30172808 0.63924776 0.00661593 0.0169365 ].
2023-12-12 16:37:09,539 - INFO - Best fit parameters: [1.55039362e+00 8.16555316e-01 1.28244138e-03 3.38370781e-05].
2023-12-12 16:37:09,554 - INFO - Maximum log composite likelihood: -621.5590630050356.
2023-12-12 16:37:09,554 - INFO - Optimal value of theta: 11574.444308401604.
2023-12-12 16:37:09,554 - INFO - Beginning optimization with guess, [0.53319448 0.7167398  0.00975381 0.0199613 ].
2023-12-12 16:37:10,227 - INFO - Finished optimization with guess, [0.53319448 0.7167398  0.00975381 0.0199613 ].
2023-12-12 16:37:10,228 - INFO - Best fit parameters: [1.48957022e+00 9.01036424e-01 6.95371980e-04 5.07635521e-05].
2023-12-12 16:37:10,243 - INFO - Maximum log composite likelihood: -623.8166133383329.
2023-12-12 16:37:10,244 - INFO - Optimal value of theta: 11578.437602627797.
2023-12-12 16:37:10,244 - INFO - Beginning optimization with guess, [1.35454619 0.54717679 0.00624991 0.01323039].
2023-12-12 16:37:11,107 - INFO - Finished optimization with guess, [1.35454619 0.54717679 0.00624991 0.01323039].
2023-12-12 16:37:11,107 - INFO - Best fit parameters: [1.48952668e+00 8.04355724e-01 5.46080129e-01 2.43218471e-04].
2023-12-12 16:37:11,128 - INFO - Maximum log composite likelihood: -269.4129265808442.
2023-12-12 16:37:11,129 - INFO - Optimal value of theta: 9828.595200526926.
2023-12-12 16:37:11,129 - INFO - Beginning optimization with guess, [0.65119278 0.71958359 0.01222954 0.00690151].
2023-12-12 16:37:11,783 - INFO - Finished optimization with guess, [0.65119278 0.71958359 0.01222954 0.00690151].
2023-12-12 16:37:11,783 - INFO - Best fit parameters: [8.67777502e-01 1.25074753e+00 1.60613057e-05 1.01490323e-04].
2023-12-12 16:37:11,798 - INFO - Maximum log composite likelihood: -625.8938866093413.
2023-12-12 16:37:11,798 - INFO - Optimal value of theta: 11582.092186302569.
2023-12-12 16:37:11,798 - INFO - Beginning optimization with guess, [0.80373685 1.00663228 0.01217019 0.00736372].
2023-12-12 16:37:12,623 - INFO - Finished optimization with guess, [0.80373685 1.00663228 0.01217019 0.00736372].
2023-12-12 16:37:12,623 - INFO - Best fit parameters: [1.68898644e+00 1.01895119e+00 4.11163771e-13 3.79296858e-01].
2023-12-12 16:37:12,644 - INFO - Maximum log composite likelihood: -606.4390515608538.
2023-12-12 16:37:12,644 - INFO - Optimal value of theta: 11502.019375258094.
2023-12-12 16:37:12,645 - INFO - Beginning optimization with guess, [0.70659367 1.61097518 0.00838916 0.008243  ].
2023-12-12 16:37:13,583 - INFO - Finished optimization with guess, [0.70659367 1.61097518 0.00838916 0.008243  ].
2023-12-12 16:37:13,583 - INFO - Best fit parameters: [0.6776842  1.83089671 0.00207653 0.51012012].
2023-12-12 16:37:13,602 - INFO - Maximum log composite likelihood: -133.88006364410467.
2023-12-12 16:37:13,603 - INFO - Optimal value of theta: 9276.06534344054.
2023-12-12 16:37:13,603 - INFO - Beginning optimization with guess, [0.7995902  2.76204734 0.01189763 0.0078006 ].
2023-12-12 16:37:14,457 - INFO - Finished optimization with guess, [0.7995902  2.76204734 0.01189763 0.0078006 ].
2023-12-12 16:37:14,458 - INFO - Best fit parameters: [7.88211814e-01 3.13594592e+00 2.25776864e-03 4.03297201e-01].
2023-12-12 16:37:14,475 - INFO - Maximum log composite likelihood: -23.20400079769024.
2023-12-12 16:37:14,475 - INFO - Optimal value of theta: 8591.891279658566.
2023-12-12 16:37:14,475 - INFO - Beginning optimization with guess, [1.09396767 2.11148178 0.00729455 0.01927494].
2023-12-12 16:37:15,292 - INFO - Finished optimization with guess, [1.09396767 2.11148178 0.00729455 0.01927494].
2023-12-12 16:37:15,293 - INFO - Best fit parameters: [1.10815106 2.77935679 0.0052407  0.51403551].
2023-12-12 16:37:15,311 - INFO - Maximum log composite likelihood: -22.462177314346263.
2023-12-12 16:37:15,311 - INFO - Optimal value of theta: 8325.562193917254.
2023-12-12 16:37:15,311 - INFO - Beginning optimization with guess, [3.79841003 2.27936776 0.00626096 0.01051412].
2023-12-12 16:37:16,140 - INFO - Finished optimization with guess, [3.79841003 2.27936776 0.00626096 0.01051412].
2023-12-12 16:37:16,140 - INFO - Best fit parameters: [4.50069762 3.0895801  0.00471806 0.37746718].
2023-12-12 16:37:16,157 - INFO - Maximum log composite likelihood: -23.015569741866784.
2023-12-12 16:37:16,157 - INFO - Optimal value of theta: 8703.946745149258.
2023-12-12 16:37:16,157 - INFO - Beginning optimization with guess, [1.89597294 3.49434871 0.01703322 0.00759107].
2023-12-12 16:37:17,019 - INFO - Finished optimization with guess, [1.89597294 3.49434871 0.01703322 0.00759107].
2023-12-12 16:37:17,019 - INFO - Best fit parameters: [2.67410208 4.8219102  0.54604721 0.00637417].
2023-12-12 16:37:17,038 - INFO - Maximum log composite likelihood: -23.020284661828555.
2023-12-12 16:37:17,038 - INFO - Optimal value of theta: 8251.47432854412.
2023-12-12 16:37:17,038 - INFO - Beginning optimization with guess, [3.4859179  4.49710038 0.01742715 0.00698287].
2023-12-12 16:37:17,734 - INFO - Finished optimization with guess, [3.4859179  4.49710038 0.01742715 0.00698287].
2023-12-12 16:37:17,734 - INFO - Best fit parameters: [4.73985414e+00 5.53644834e+00 2.49600203e-01 4.45688192e-03].
2023-12-12 16:37:17,750 - INFO - Maximum log composite likelihood: -34.42716886528069.
2023-12-12 16:37:17,750 - INFO - Optimal value of theta: 9032.57714260991.
2023-12-12 16:37:17,751 - INFO - Beginning optimization with guess, [2.24440941 1.4208546  0.00625206 0.01657649].
2023-12-12 16:37:18,699 - INFO - Finished optimization with guess, [2.24440941 1.4208546  0.00625206 0.01657649].
2023-12-12 16:37:18,699 - INFO - Best fit parameters: [1.06002084 2.59191852 0.03141753 1.30826007].
2023-12-12 16:37:18,723 - INFO - Maximum log composite likelihood: -58.53653805556314.
2023-12-12 16:37:18,723 - INFO - Optimal value of theta: 6735.403317609044.
2023-12-12 16:37:18,724 - INFO - Beginning optimization with guess, [5.20543355 2.41916361 0.01511937 0.01724978].
2023-12-12 16:37:19,397 - INFO - Finished optimization with guess, [5.20543355 2.41916361 0.01511937 0.01724978].
2023-12-12 16:37:19,398 - INFO - Best fit parameters: [6.37155497 3.11316225 0.20924323 0.01295768].
2023-12-12 16:37:19,413 - INFO - Maximum log composite likelihood: -37.81533731684249.
2023-12-12 16:37:19,413 - INFO - Optimal value of theta: 9148.200699652538.
2023-12-12 16:37:19,414 - INFO - Beginning optimization with guess, [4.85764801 3.08656399 0.01077242 0.01052996].
2023-12-12 16:37:20,131 - INFO - Finished optimization with guess, [4.85764801 3.08656399 0.01077242 0.01052996].
2023-12-12 16:37:20,131 - INFO - Best fit parameters: [5.55061372 4.6199808  0.21772397 0.00879908].
2023-12-12 16:37:20,147 - INFO - Maximum log composite likelihood: -36.96598522455315.
2023-12-12 16:37:20,147 - INFO - Optimal value of theta: 9151.787350326971.
2023-12-12 16:37:20,147 - INFO - Beginning optimization with guess, [7.01784476 2.98734199 0.00969763 0.00786253].
2023-12-12 16:37:20,853 - INFO - Finished optimization with guess, [7.01784476 2.98734199 0.00969763 0.00786253].
2023-12-12 16:37:20,853 - INFO - Best fit parameters: [8.89543048e+00 4.09152450e+00 1.80871535e-01 5.55254673e-03].
2023-12-12 16:37:20,868 - INFO - Maximum log composite likelihood: -43.69869199861023.
2023-12-12 16:37:20,869 - INFO - Optimal value of theta: 9316.98005321445.
2023-12-12 16:37:20,869 - INFO - Beginning optimization with guess, [2.80057747 5.56399349 0.01964289 0.00795674].
2023-12-12 16:37:21,616 - INFO - Finished optimization with guess, [2.80057747 5.56399349 0.01964289 0.00795674].
2023-12-12 16:37:21,616 - INFO - Best fit parameters: [3.79968006e+00 7.06406470e+00 2.74226398e-01 5.62219393e-03].
2023-12-12 16:37:21,633 - INFO - Maximum log composite likelihood: -28.635138704927158.
2023-12-12 16:37:21,633 - INFO - Optimal value of theta: 9025.206270280614.
2023-12-12 16:37:21,633 - INFO - Beginning optimization with guess, [4.72857317 5.03254804 0.00512315 0.00664243].
2023-12-12 16:37:22,342 - INFO - Finished optimization with guess, [4.72857317 5.03254804 0.00512315 0.00664243].
2023-12-12 16:37:22,342 - INFO - Best fit parameters: [5.93269068e+00 7.79579621e+00 3.28573803e-03 1.92151536e-01].
2023-12-12 16:37:22,358 - INFO - Maximum log composite likelihood: -43.32925259233889.
2023-12-12 16:37:22,358 - INFO - Optimal value of theta: 9263.95021290881.
2023-12-12 16:37:22,358 - INFO - Beginning optimization with guess, [3.25011893 7.19550171 0.01973642 0.0082312 ].
2023-12-12 16:37:23,060 - INFO - Finished optimization with guess, [3.25011893 7.19550171 0.01973642 0.0082312 ].
2023-12-12 16:37:23,060 - INFO - Best fit parameters: [4.33551052e+00 9.48946274e+00 2.63314467e-01 5.30638832e-03].
2023-12-12 16:37:23,076 - INFO - Maximum log composite likelihood: -32.66838964992712.
2023-12-12 16:37:23,076 - INFO - Optimal value of theta: 8987.283113204458.
2023-12-12 16:37:23,077 - INFO - Beginning optimization with guess, [5.48868335e+00 1.03370044e+01 8.14441036e-03 1.41023995e-02].
2023-12-12 16:37:23,774 - INFO - Finished optimization with guess, [5.48868335e+00 1.03370044e+01 8.14441036e-03 1.41023995e-02].
2023-12-12 16:37:23,774 - INFO - Best fit parameters: [6.84295139e+00 1.79879298e+01 6.07459467e-03 1.47867605e-01].
2023-12-12 16:37:23,789 - INFO - Maximum log composite likelihood: -50.378798765808824.
2023-12-12 16:37:23,789 - INFO - Optimal value of theta: 9503.244494581888.
2023-12-12 16:37:23,790 - INFO - Beginning optimization with guess, [15.60950855  4.63384003  0.01572362  0.01859358].
2023-12-12 16:37:24,488 - INFO - Finished optimization with guess, [15.60950855  4.63384003  0.01572362  0.01859358].
2023-12-12 16:37:24,488 - INFO - Best fit parameters: [2.11242807e+01 6.68801537e+00 1.46209698e-01 1.46510925e-02].
2023-12-12 16:37:24,503 - INFO - Maximum log composite likelihood: -49.524930906600275.
2023-12-12 16:37:24,503 - INFO - Optimal value of theta: 9427.487010462526.
2023-12-12 16:37:24,505 - INFO - Finished demographic inference.
2023-12-12 16:37:24,505 - INFO - Pipeline executed succesfully.
