2024-03-14 20:53:28,212 - INFO - Beginning execution of fit_demographic_model.py in directory /u/project/kirk/jonmah/sample_size_demography/Scripts

2024-03-14 20:53:28,213 - INFO - Progress is being logged to ../Analysis/TwoEpochExpansion_220/log.log

2024-03-14 20:53:28,213 - INFO - Parsed the following arguments:
	syn_input_sfs = ../Analysis/TwoEpochExpansion_220/syn_downsampled_sfs.txt
	mask_singletons = False
	mask_doubletons = False
	outprefix = ../Analysis/TwoEpochExpansion_220/

2024-03-14 20:53:28,231 - INFO - Beginning demographic inference for one-epoch demographic model.
2024-03-14 20:53:28,233 - INFO - Beginning optimization with guess, [0.0914181].
2024-03-14 20:53:51,379 - INFO - Finished optimization with guess, [0.0914181].
2024-03-14 20:53:51,380 - INFO - Best fit parameters: [0.0914181].
2024-03-14 20:53:52,030 - INFO - Maximum log composite likelihood: -1030.3707064671426.
2024-03-14 20:53:52,030 - INFO - Optimal value of theta: 12807.499702449682.
2024-03-14 20:53:52,030 - INFO - Beginning optimization with guess, [0.18748168].
2024-03-14 20:54:13,024 - INFO - Finished optimization with guess, [0.18748168].
2024-03-14 20:54:13,026 - INFO - Best fit parameters: [0.18748168].
2024-03-14 20:54:13,594 - INFO - Maximum log composite likelihood: -1030.3707064671426.
2024-03-14 20:54:13,595 - INFO - Optimal value of theta: 12807.499702449682.
2024-03-14 20:54:13,595 - INFO - Beginning optimization with guess, [0.24377164].
2024-03-14 20:54:35,332 - INFO - Finished optimization with guess, [0.24377164].
2024-03-14 20:54:35,334 - INFO - Best fit parameters: [0.24377164].
2024-03-14 20:54:35,983 - INFO - Maximum log composite likelihood: -1030.3707064671426.
2024-03-14 20:54:35,983 - INFO - Optimal value of theta: 12807.499702449682.
2024-03-14 20:54:35,983 - INFO - Beginning optimization with guess, [0.40709536].
2024-03-14 20:54:54,922 - INFO - Finished optimization with guess, [0.40709536].
2024-03-14 20:54:54,925 - INFO - Best fit parameters: [0.40709536].
2024-03-14 20:54:55,599 - INFO - Maximum log composite likelihood: -1030.3707064671426.
2024-03-14 20:54:55,599 - INFO - Optimal value of theta: 12807.499702449682.
2024-03-14 20:54:55,599 - INFO - Beginning optimization with guess, [0.77849312].
2024-03-14 20:55:10,749 - INFO - Finished optimization with guess, [0.77849312].
2024-03-14 20:55:10,751 - INFO - Best fit parameters: [0.77849312].
2024-03-14 20:55:11,412 - INFO - Maximum log composite likelihood: -1030.3707064671426.
2024-03-14 20:55:11,412 - INFO - Optimal value of theta: 12807.499702449682.
2024-03-14 20:55:11,412 - INFO - Beginning optimization with guess, [0.35043245].
2024-03-14 20:55:32,448 - INFO - Finished optimization with guess, [0.35043245].
2024-03-14 20:55:32,450 - INFO - Best fit parameters: [0.35043245].
2024-03-14 20:55:33,189 - INFO - Maximum log composite likelihood: -1030.3707064671426.
2024-03-14 20:55:33,190 - INFO - Optimal value of theta: 12807.499702449682.
2024-03-14 20:55:33,190 - INFO - Beginning optimization with guess, [0.92236564].
2024-03-14 20:55:46,621 - INFO - Finished optimization with guess, [0.92236564].
2024-03-14 20:55:46,624 - INFO - Best fit parameters: [0.92236564].
2024-03-14 20:55:47,351 - INFO - Maximum log composite likelihood: -1030.3707064671426.
2024-03-14 20:55:47,351 - INFO - Optimal value of theta: 12807.499702449682.
2024-03-14 20:55:47,351 - INFO - Beginning optimization with guess, [1.03607386].
2024-03-14 20:55:59,434 - INFO - Finished optimization with guess, [1.03607386].
2024-03-14 20:55:59,436 - INFO - Best fit parameters: [1.03607386].
2024-03-14 20:56:00,187 - INFO - Maximum log composite likelihood: -1030.3707064671426.
2024-03-14 20:56:00,188 - INFO - Optimal value of theta: 12807.499702449682.
2024-03-14 20:56:00,188 - INFO - Beginning optimization with guess, [1.45370294].
2024-03-14 20:56:18,406 - INFO - Finished optimization with guess, [1.45370294].
2024-03-14 20:56:18,407 - INFO - Best fit parameters: [1.45370294].
2024-03-14 20:56:19,086 - INFO - Maximum log composite likelihood: -1030.3707064671426.
2024-03-14 20:56:19,086 - INFO - Optimal value of theta: 12807.499702449682.
2024-03-14 20:56:19,086 - INFO - Beginning optimization with guess, [1.78941893].
2024-03-14 20:56:38,333 - INFO - Finished optimization with guess, [1.78941893].
2024-03-14 20:56:38,335 - INFO - Best fit parameters: [1.78941893].
2024-03-14 20:56:39,024 - INFO - Maximum log composite likelihood: -1030.3707064671426.
2024-03-14 20:56:39,024 - INFO - Optimal value of theta: 12807.499702449682.
2024-03-14 20:56:39,024 - INFO - Beginning optimization with guess, [0.85379076].
2024-03-14 20:56:54,627 - INFO - Finished optimization with guess, [0.85379076].
2024-03-14 20:56:54,628 - INFO - Best fit parameters: [0.85379076].
2024-03-14 20:56:55,285 - INFO - Maximum log composite likelihood: -1030.3707064671426.
2024-03-14 20:56:55,285 - INFO - Optimal value of theta: 12807.499702449682.
2024-03-14 20:56:55,286 - INFO - Beginning optimization with guess, [0.94714788].
2024-03-14 20:57:06,771 - INFO - Finished optimization with guess, [0.94714788].
2024-03-14 20:57:06,773 - INFO - Best fit parameters: [0.94714788].
2024-03-14 20:57:07,449 - INFO - Maximum log composite likelihood: -1030.3707064671426.
2024-03-14 20:57:07,449 - INFO - Optimal value of theta: 12807.499702449682.
2024-03-14 20:57:07,450 - INFO - Beginning optimization with guess, [1.41844211].
2024-03-14 20:57:24,747 - INFO - Finished optimization with guess, [1.41844211].
2024-03-14 20:57:24,749 - INFO - Best fit parameters: [1.41844211].
2024-03-14 20:57:25,309 - INFO - Maximum log composite likelihood: -1030.3707064671426.
2024-03-14 20:57:25,309 - INFO - Optimal value of theta: 12807.499702449682.
2024-03-14 20:57:25,310 - INFO - Beginning optimization with guess, [2.81021621].
2024-03-14 20:57:46,282 - INFO - Finished optimization with guess, [2.81021621].
2024-03-14 20:57:46,285 - INFO - Best fit parameters: [2.81021621].
2024-03-14 20:57:46,935 - INFO - Maximum log composite likelihood: -1030.3707064671426.
2024-03-14 20:57:46,935 - INFO - Optimal value of theta: 12807.499702449682.
2024-03-14 20:57:46,935 - INFO - Beginning optimization with guess, [2.39487083].
2024-03-14 20:58:05,486 - INFO - Finished optimization with guess, [2.39487083].
2024-03-14 20:58:05,487 - INFO - Best fit parameters: [2.39487083].
2024-03-14 20:58:06,055 - INFO - Maximum log composite likelihood: -1030.3707064671426.
2024-03-14 20:58:06,055 - INFO - Optimal value of theta: 12807.499702449682.
2024-03-14 20:58:06,055 - INFO - Beginning optimization with guess, [2.73014876].
2024-03-14 20:58:24,717 - INFO - Finished optimization with guess, [2.73014876].
2024-03-14 20:58:24,719 - INFO - Best fit parameters: [2.73014876].
2024-03-14 20:58:25,368 - INFO - Maximum log composite likelihood: -1030.3707064671426.
2024-03-14 20:58:25,369 - INFO - Optimal value of theta: 12807.499702449682.
2024-03-14 20:58:25,369 - INFO - Beginning optimization with guess, [2.74274197].
2024-03-14 20:58:44,426 - INFO - Finished optimization with guess, [2.74274197].
2024-03-14 20:58:44,428 - INFO - Best fit parameters: [2.74274197].
2024-03-14 20:58:45,015 - INFO - Maximum log composite likelihood: -1030.3707064671426.
2024-03-14 20:58:45,015 - INFO - Optimal value of theta: 12807.499702449682.
2024-03-14 20:58:45,015 - INFO - Beginning optimization with guess, [5.7254643].
2024-03-14 20:59:05,597 - INFO - Finished optimization with guess, [5.7254643].
2024-03-14 20:59:05,598 - INFO - Best fit parameters: [5.7254643].
2024-03-14 20:59:06,270 - INFO - Maximum log composite likelihood: -1030.3707064671426.
2024-03-14 20:59:06,270 - INFO - Optimal value of theta: 12807.499702449682.
2024-03-14 20:59:06,270 - INFO - Beginning optimization with guess, [1.87930741].
2024-03-14 20:59:25,168 - INFO - Finished optimization with guess, [1.87930741].
2024-03-14 20:59:25,170 - INFO - Best fit parameters: [1.87930741].
2024-03-14 20:59:25,732 - INFO - Maximum log composite likelihood: -1030.3707064671426.
2024-03-14 20:59:25,732 - INFO - Optimal value of theta: 12807.499702449682.
2024-03-14 20:59:25,732 - INFO - Beginning optimization with guess, [4.36953682].
2024-03-14 20:59:46,871 - INFO - Finished optimization with guess, [4.36953682].
2024-03-14 20:59:46,872 - INFO - Best fit parameters: [4.36953682].
2024-03-14 20:59:47,519 - INFO - Maximum log composite likelihood: -1030.3707064671426.
2024-03-14 20:59:47,519 - INFO - Optimal value of theta: 12807.499702449682.
2024-03-14 20:59:47,520 - INFO - Beginning optimization with guess, [6.45957564].
2024-03-14 21:00:08,411 - INFO - Finished optimization with guess, [6.45957564].
2024-03-14 21:00:08,412 - INFO - Best fit parameters: [6.45957564].
2024-03-14 21:00:09,121 - INFO - Maximum log composite likelihood: -1030.3707064671426.
2024-03-14 21:00:09,121 - INFO - Optimal value of theta: 12807.499702449682.
2024-03-14 21:00:09,121 - INFO - Beginning optimization with guess, [2.99295202].
2024-03-14 21:00:30,224 - INFO - Finished optimization with guess, [2.99295202].
2024-03-14 21:00:30,225 - INFO - Best fit parameters: [2.99295202].
2024-03-14 21:00:30,786 - INFO - Maximum log composite likelihood: -1030.3707064671426.
2024-03-14 21:00:30,786 - INFO - Optimal value of theta: 12807.499702449682.
2024-03-14 21:00:30,786 - INFO - Beginning optimization with guess, [8.01273859].
2024-03-14 21:00:52,675 - INFO - Finished optimization with guess, [8.01273859].
2024-03-14 21:00:52,676 - INFO - Best fit parameters: [8.01273859].
2024-03-14 21:00:53,409 - INFO - Maximum log composite likelihood: -1030.3707064671426.
2024-03-14 21:00:53,410 - INFO - Optimal value of theta: 12807.499702449682.
2024-03-14 21:00:53,410 - INFO - Beginning optimization with guess, [6.68684902].
2024-03-14 21:01:14,236 - INFO - Finished optimization with guess, [6.68684902].
2024-03-14 21:01:14,239 - INFO - Best fit parameters: [6.68684902].
2024-03-14 21:01:15,006 - INFO - Maximum log composite likelihood: -1030.3707064671426.
2024-03-14 21:01:15,006 - INFO - Optimal value of theta: 12807.499702449682.
2024-03-14 21:01:15,007 - INFO - Beginning optimization with guess, [14.8695165].
2024-03-14 21:01:37,611 - INFO - Finished optimization with guess, [14.8695165].
2024-03-14 21:01:37,612 - INFO - Best fit parameters: [14.8695165].
2024-03-14 21:01:38,175 - INFO - Maximum log composite likelihood: -1030.3707064671426.
2024-03-14 21:01:38,176 - INFO - Optimal value of theta: 12807.499702449682.
2024-03-14 21:01:38,180 - INFO - Finished demographic inference.
2024-03-14 21:01:38,180 - INFO - Pipeline executed succesfully.
