2025-07-31 21:31:05,051 - INFO - Beginning execution of fit_demographic_model.py in directory /u/project/kirk/jonmah/sample_size_demography/Scripts

2025-07-31 21:31:05,054 - INFO - Progress is being logged to ../Analysis/dadi_3EpB_220/log.log

2025-07-31 21:31:05,054 - INFO - Parsed the following arguments:
	syn_input_sfs = ../Simulations/dadi_simulations/ThreeEpochBottleneck_220.sfs
	mask_singletons = False
	mask_doubletons = False
	L_syn = 100000000.0
	outprefix = ../Analysis/dadi_3EpB_220/

2025-07-31 21:31:05,098 - INFO - Beginning demographic inference for one-epoch demographic model.
2025-07-31 21:31:05,100 - INFO - Beginning optimization with guess, [0.1].
2025-07-31 21:31:13,077 - INFO - Finished optimization with guess, [0.1].
2025-07-31 21:31:13,078 - INFO - Best fit parameters: [0.1].
2025-07-31 21:31:13,302 - INFO - Maximum log composite likelihood: -25351.557235881075.
2025-07-31 21:31:13,302 - INFO - Optimal value of theta: 26108.18392086061.
2025-07-31 21:31:13,302 - INFO - Beginning optimization with guess, [0.2].
2025-07-31 21:31:20,486 - INFO - Finished optimization with guess, [0.2].
2025-07-31 21:31:20,486 - INFO - Best fit parameters: [0.2].
2025-07-31 21:31:20,710 - INFO - Maximum log composite likelihood: -25351.557235881075.
2025-07-31 21:31:20,711 - INFO - Optimal value of theta: 26108.18392086061.
2025-07-31 21:31:20,711 - INFO - Beginning optimization with guess, [0.3].
2025-07-31 21:31:27,886 - INFO - Finished optimization with guess, [0.3].
2025-07-31 21:31:27,887 - INFO - Best fit parameters: [0.3].
2025-07-31 21:31:28,111 - INFO - Maximum log composite likelihood: -25351.557235881075.
2025-07-31 21:31:28,111 - INFO - Optimal value of theta: 26108.18392086061.
2025-07-31 21:31:28,111 - INFO - Beginning optimization with guess, [0.4].
2025-07-31 21:31:34,614 - INFO - Finished optimization with guess, [0.4].
2025-07-31 21:31:34,614 - INFO - Best fit parameters: [0.4].
2025-07-31 21:31:34,838 - INFO - Maximum log composite likelihood: -25351.557235881075.
2025-07-31 21:31:34,838 - INFO - Optimal value of theta: 26108.18392086061.
2025-07-31 21:31:34,838 - INFO - Beginning optimization with guess, [0.5].
2025-07-31 21:31:41,359 - INFO - Finished optimization with guess, [0.5].
2025-07-31 21:31:41,359 - INFO - Best fit parameters: [0.5].
2025-07-31 21:31:41,583 - INFO - Maximum log composite likelihood: -25351.557235881075.
2025-07-31 21:31:41,583 - INFO - Optimal value of theta: 26108.18392086061.
2025-07-31 21:31:41,583 - INFO - Beginning optimization with guess, [0.6].
2025-07-31 21:31:47,419 - INFO - Finished optimization with guess, [0.6].
2025-07-31 21:31:47,419 - INFO - Best fit parameters: [0.6].
2025-07-31 21:31:47,643 - INFO - Maximum log composite likelihood: -25351.557235881075.
2025-07-31 21:31:47,643 - INFO - Optimal value of theta: 26108.18392086061.
2025-07-31 21:31:47,643 - INFO - Beginning optimization with guess, [0.7].
2025-07-31 21:31:53,473 - INFO - Finished optimization with guess, [0.7].
2025-07-31 21:31:53,473 - INFO - Best fit parameters: [0.7].
2025-07-31 21:31:53,697 - INFO - Maximum log composite likelihood: -25351.557235881075.
2025-07-31 21:31:53,697 - INFO - Optimal value of theta: 26108.18392086061.
2025-07-31 21:31:53,697 - INFO - Beginning optimization with guess, [0.8].
2025-07-31 21:31:58,855 - INFO - Finished optimization with guess, [0.8].
2025-07-31 21:31:58,856 - INFO - Best fit parameters: [0.8].
2025-07-31 21:31:59,080 - INFO - Maximum log composite likelihood: -25351.557235881075.
2025-07-31 21:31:59,080 - INFO - Optimal value of theta: 26108.18392086061.
2025-07-31 21:31:59,080 - INFO - Beginning optimization with guess, [0.9].
2025-07-31 21:32:03,593 - INFO - Finished optimization with guess, [0.9].
2025-07-31 21:32:03,594 - INFO - Best fit parameters: [0.9].
2025-07-31 21:32:03,818 - INFO - Maximum log composite likelihood: -25351.557235881075.
2025-07-31 21:32:03,818 - INFO - Optimal value of theta: 26108.18392086061.
2025-07-31 21:32:03,818 - INFO - Beginning optimization with guess, [1].
2025-07-31 21:32:05,612 - INFO - Finished optimization with guess, [1].
2025-07-31 21:32:05,612 - INFO - Best fit parameters: [1.].
2025-07-31 21:32:05,840 - INFO - Maximum log composite likelihood: -25351.557235881075.
2025-07-31 21:32:05,840 - INFO - Optimal value of theta: 26108.18392086061.
2025-07-31 21:32:05,840 - INFO - Beginning optimization with guess, [1.25].
2025-07-31 21:32:11,000 - INFO - Finished optimization with guess, [1.25].
2025-07-31 21:32:11,000 - INFO - Best fit parameters: [1.25].
2025-07-31 21:32:11,224 - INFO - Maximum log composite likelihood: -25351.557235881075.
2025-07-31 21:32:11,224 - INFO - Optimal value of theta: 26108.18392086061.
2025-07-31 21:32:11,224 - INFO - Beginning optimization with guess, [1.5].
2025-07-31 21:32:17,168 - INFO - Finished optimization with guess, [1.5].
2025-07-31 21:32:17,169 - INFO - Best fit parameters: [1.5].
2025-07-31 21:32:17,395 - INFO - Maximum log composite likelihood: -25351.557235881075.
2025-07-31 21:32:17,395 - INFO - Optimal value of theta: 26108.18392086061.
2025-07-31 21:32:17,395 - INFO - Beginning optimization with guess, [1.75].
2025-07-31 21:32:23,927 - INFO - Finished optimization with guess, [1.75].
2025-07-31 21:32:23,927 - INFO - Best fit parameters: [1.75].
2025-07-31 21:32:24,151 - INFO - Maximum log composite likelihood: -25351.557235881075.
2025-07-31 21:32:24,151 - INFO - Optimal value of theta: 26108.18392086061.
2025-07-31 21:32:24,151 - INFO - Beginning optimization with guess, [2].
2025-07-31 21:32:30,657 - INFO - Finished optimization with guess, [2].
2025-07-31 21:32:30,657 - INFO - Best fit parameters: [2.].
2025-07-31 21:32:30,880 - INFO - Maximum log composite likelihood: -25351.557235881075.
2025-07-31 21:32:30,880 - INFO - Optimal value of theta: 26108.18392086061.
2025-07-31 21:32:30,880 - INFO - Beginning optimization with guess, [2.25].
2025-07-31 21:32:37,383 - INFO - Finished optimization with guess, [2.25].
2025-07-31 21:32:37,384 - INFO - Best fit parameters: [2.25].
2025-07-31 21:32:37,608 - INFO - Maximum log composite likelihood: -25351.557235881075.
2025-07-31 21:32:37,608 - INFO - Optimal value of theta: 26108.18392086061.
2025-07-31 21:32:37,608 - INFO - Beginning optimization with guess, [2.5].
2025-07-31 21:32:44,110 - INFO - Finished optimization with guess, [2.5].
2025-07-31 21:32:44,110 - INFO - Best fit parameters: [2.5].
2025-07-31 21:32:44,334 - INFO - Maximum log composite likelihood: -25351.557235881075.
2025-07-31 21:32:44,334 - INFO - Optimal value of theta: 26108.18392086061.
2025-07-31 21:32:44,334 - INFO - Beginning optimization with guess, [2.75].
2025-07-31 21:32:50,841 - INFO - Finished optimization with guess, [2.75].
2025-07-31 21:32:50,841 - INFO - Best fit parameters: [2.75].
2025-07-31 21:32:51,064 - INFO - Maximum log composite likelihood: -25351.557235881075.
2025-07-31 21:32:51,064 - INFO - Optimal value of theta: 26108.18392086061.
2025-07-31 21:32:51,064 - INFO - Beginning optimization with guess, [3].
2025-07-31 21:32:58,236 - INFO - Finished optimization with guess, [3].
2025-07-31 21:32:58,236 - INFO - Best fit parameters: [3.].
2025-07-31 21:32:58,460 - INFO - Maximum log composite likelihood: -25351.557235881075.
2025-07-31 21:32:58,460 - INFO - Optimal value of theta: 26108.18392086061.
2025-07-31 21:32:58,460 - INFO - Beginning optimization with guess, [3.33].
2025-07-31 21:33:05,686 - INFO - Finished optimization with guess, [3.33].
2025-07-31 21:33:05,686 - INFO - Best fit parameters: [3.33].
2025-07-31 21:33:05,909 - INFO - Maximum log composite likelihood: -25351.557235881075.
2025-07-31 21:33:05,910 - INFO - Optimal value of theta: 26108.18392086061.
2025-07-31 21:33:05,910 - INFO - Beginning optimization with guess, [3.66].
2025-07-31 21:33:13,085 - INFO - Finished optimization with guess, [3.66].
2025-07-31 21:33:13,085 - INFO - Best fit parameters: [3.66].
2025-07-31 21:33:13,309 - INFO - Maximum log composite likelihood: -25351.557235881075.
2025-07-31 21:33:13,309 - INFO - Optimal value of theta: 26108.18392086061.
2025-07-31 21:33:13,309 - INFO - Beginning optimization with guess, [4].
2025-07-31 21:33:20,492 - INFO - Finished optimization with guess, [4].
2025-07-31 21:33:20,492 - INFO - Best fit parameters: [4.].
2025-07-31 21:33:20,716 - INFO - Maximum log composite likelihood: -25351.557235881075.
2025-07-31 21:33:20,716 - INFO - Optimal value of theta: 26108.18392086061.
2025-07-31 21:33:20,716 - INFO - Beginning optimization with guess, [5].
2025-07-31 21:33:27,893 - INFO - Finished optimization with guess, [5].
2025-07-31 21:33:27,893 - INFO - Best fit parameters: [5.].
2025-07-31 21:33:28,117 - INFO - Maximum log composite likelihood: -25351.557235881075.
2025-07-31 21:33:28,117 - INFO - Optimal value of theta: 26108.18392086061.
2025-07-31 21:33:28,117 - INFO - Beginning optimization with guess, [6].
2025-07-31 21:33:35,293 - INFO - Finished optimization with guess, [6].
2025-07-31 21:33:35,293 - INFO - Best fit parameters: [6.].
2025-07-31 21:33:35,522 - INFO - Maximum log composite likelihood: -25351.557235881075.
2025-07-31 21:33:35,522 - INFO - Optimal value of theta: 26108.18392086061.
2025-07-31 21:33:35,522 - INFO - Beginning optimization with guess, [7].
2025-07-31 21:33:42,713 - INFO - Finished optimization with guess, [7].
2025-07-31 21:33:42,713 - INFO - Best fit parameters: [7.].
2025-07-31 21:33:42,936 - INFO - Maximum log composite likelihood: -25351.557235881075.
2025-07-31 21:33:42,937 - INFO - Optimal value of theta: 26108.18392086061.
2025-07-31 21:33:42,937 - INFO - Beginning optimization with guess, [8].
2025-07-31 21:33:50,789 - INFO - Finished optimization with guess, [8].
2025-07-31 21:33:50,790 - INFO - Best fit parameters: [8.].
2025-07-31 21:33:51,014 - INFO - Maximum log composite likelihood: -25351.557235881075.
2025-07-31 21:33:51,014 - INFO - Optimal value of theta: 26108.18392086061.
2025-07-31 21:33:51,016 - INFO - Converting and interpreting Tau estimates.
2025-07-31 21:33:51,018 - INFO - Beginning demographic inference for three-epoch demographic model.
2025-07-31 21:33:51,021 - INFO - Beginning optimization with guess, [0.01, 0.01, 0.1, 0.1].
2025-07-31 21:34:05,386 - INFO - Finished optimization with guess, [0.01, 0.01, 0.1, 0.1].
2025-07-31 21:34:05,387 - INFO - Best fit parameters: [0.02390645 0.0206144  0.0587136  0.06903734].
2025-07-31 21:34:05,673 - INFO - Maximum log composite likelihood: -24811.86950410366.
2025-07-31 21:34:05,673 - INFO - Optimal value of theta: 1178482.362568209.
2025-07-31 21:34:05,673 - INFO - Beginning optimization with guess, [0.1, 0.1, 0.1, 0.1].
2025-07-31 21:34:17,283 - INFO - Finished optimization with guess, [0.1, 0.1, 0.1, 0.1].
2025-07-31 21:34:17,284 - INFO - Best fit parameters: [0.06361727 0.07930321 0.15269728 0.13472125].
2025-07-31 21:34:17,550 - INFO - Maximum log composite likelihood: -24807.886264595305.
2025-07-31 21:34:17,550 - INFO - Optimal value of theta: 304754.77572865324.
2025-07-31 21:34:17,550 - INFO - Beginning optimization with guess, [0.5, 0.5, 0.1, 0.1].
2025-07-31 21:34:28,228 - INFO - Finished optimization with guess, [0.5, 0.5, 0.1, 0.1].
2025-07-31 21:34:28,229 - INFO - Best fit parameters: [0.12942188 8.26564551 0.08124007 0.01145174].
2025-07-31 21:34:28,459 - INFO - Maximum log composite likelihood: -602.1767709362414.
2025-07-31 21:34:28,459 - INFO - Optimal value of theta: 47666.20972030377.
2025-07-31 21:34:28,459 - INFO - Beginning optimization with guess, [1, 1, 0.1, 0.1].
2025-07-31 21:34:38,007 - INFO - Finished optimization with guess, [1, 1, 0.1, 0.1].
2025-07-31 21:34:38,008 - INFO - Best fit parameters: [0.98851109 1.00863842 0.34403627 0.0080705 ].
2025-07-31 21:34:38,236 - INFO - Maximum log composite likelihood: -25125.239765407423.
2025-07-31 21:34:38,236 - INFO - Optimal value of theta: 26245.773264089876.
2025-07-31 21:34:38,237 - INFO - Beginning optimization with guess, [3, 3, 0.1, 0.1].
2025-07-31 21:34:48,176 - INFO - Finished optimization with guess, [3, 3, 0.1, 0.1].
2025-07-31 21:34:48,176 - INFO - Best fit parameters: [ 0.28609852 11.09133043  0.04475974  0.01549094].
2025-07-31 21:34:48,402 - INFO - Maximum log composite likelihood: -3796.121968753702.
2025-07-31 21:34:48,402 - INFO - Optimal value of theta: 29173.541986555694.
2025-07-31 21:34:48,402 - INFO - Beginning optimization with guess, [5, 5, 0.1, 0.1].
2025-07-31 21:34:58,547 - INFO - Finished optimization with guess, [5, 5, 0.1, 0.1].
2025-07-31 21:34:58,548 - INFO - Best fit parameters: [6.96200601e-01 2.69854017e+01 1.23832775e-02 1.34242324e-02].
2025-07-31 21:34:58,774 - INFO - Maximum log composite likelihood: -11499.039212913529.
2025-07-31 21:34:58,774 - INFO - Optimal value of theta: 22218.638952817317.
2025-07-31 21:34:58,774 - INFO - Beginning optimization with guess, [7, 7, 0.1, 0.1].
2025-07-31 21:35:08,093 - INFO - Finished optimization with guess, [7, 7, 0.1, 0.1].
2025-07-31 21:35:08,094 - INFO - Best fit parameters: [1.62290212 5.21279812 0.00809053 0.0108051 ].
2025-07-31 21:35:08,318 - INFO - Maximum log composite likelihood: -14863.616343138267.
2025-07-31 21:35:08,318 - INFO - Optimal value of theta: 22292.217586186693.
2025-07-31 21:35:08,319 - INFO - Beginning optimization with guess, [8, 8, 0.1, 0.1].
2025-07-31 21:35:18,464 - INFO - Finished optimization with guess, [8, 8, 0.1, 0.1].
2025-07-31 21:35:18,464 - INFO - Best fit parameters: [0.47949198 5.53809608 0.00740842 0.017547  ].
2025-07-31 21:35:18,689 - INFO - Maximum log composite likelihood: -13720.30597062284.
2025-07-31 21:35:18,689 - INFO - Optimal value of theta: 22964.20074912929.
2025-07-31 21:35:18,689 - INFO - Beginning optimization with guess, [9, 9, 0.1, 0.1].
2025-07-31 21:35:28,605 - INFO - Finished optimization with guess, [9, 9, 0.1, 0.1].
2025-07-31 21:35:28,606 - INFO - Best fit parameters: [7.10072108e-01 6.03415868e+01 7.04484231e-03 1.52844864e-02].
2025-07-31 21:35:28,830 - INFO - Maximum log composite likelihood: -11275.648828780108.
2025-07-31 21:35:28,830 - INFO - Optimal value of theta: 21112.245044776428.
2025-07-31 21:35:28,830 - INFO - Beginning optimization with guess, [10, 10, 0.1, 0.1].
2025-07-31 21:35:38,745 - INFO - Finished optimization with guess, [10, 10, 0.1, 0.1].
2025-07-31 21:35:38,745 - INFO - Best fit parameters: [6.98509252e-01 7.34514230e+01 7.04484231e-03 1.52844864e-02].
2025-07-31 21:35:38,970 - INFO - Maximum log composite likelihood: -11228.813136431854.
2025-07-31 21:35:38,970 - INFO - Optimal value of theta: 21108.219433367703.
2025-07-31 21:35:38,970 - INFO - Beginning optimization with guess, [12.5, 12.5, 0.1, 0.1].
2025-07-31 21:35:48,684 - INFO - Finished optimization with guess, [12.5, 12.5, 0.1, 0.1].
2025-07-31 21:35:48,685 - INFO - Best fit parameters: [4.37651154e-01 9.21329843e+00 6.93451803e-03 3.60750410e-02].
2025-07-31 21:35:48,909 - INFO - Maximum log composite likelihood: -13502.238142224605.
2025-07-31 21:35:48,909 - INFO - Optimal value of theta: 19073.80071904633.
2025-07-31 21:35:48,909 - INFO - Beginning optimization with guess, [15, 15, 0.1, 0.1].
2025-07-31 21:35:58,376 - INFO - Finished optimization with guess, [15, 15, 0.1, 0.1].
2025-07-31 21:35:58,377 - INFO - Best fit parameters: [1.72618113e+00 1.39503417e+01 1.49248811e-02 1.39498923e-02].
2025-07-31 21:35:58,602 - INFO - Maximum log composite likelihood: -13064.300009817076.
2025-07-31 21:35:58,602 - INFO - Optimal value of theta: 20274.375707819363.
2025-07-31 21:35:58,602 - INFO - Beginning optimization with guess, [17.5, 17.5, 0.1, 0.1].
2025-07-31 21:36:08,091 - INFO - Finished optimization with guess, [17.5, 17.5, 0.1, 0.1].
2025-07-31 21:36:08,091 - INFO - Best fit parameters: [1.78066434e+00 1.62083271e+01 1.49248811e-02 1.39498923e-02].
2025-07-31 21:36:08,316 - INFO - Maximum log composite likelihood: -12949.124438059027.
2025-07-31 21:36:08,316 - INFO - Optimal value of theta: 20133.883616794803.
2025-07-31 21:36:08,316 - INFO - Beginning optimization with guess, [20, 20, 0.1, 0.1].
2025-07-31 21:36:18,231 - INFO - Finished optimization with guess, [20, 20, 0.1, 0.1].
2025-07-31 21:36:18,232 - INFO - Best fit parameters: [1.86080944 5.42170632 0.01301423 0.00611549].
2025-07-31 21:36:18,457 - INFO - Maximum log composite likelihood: -15623.801357702381.
2025-07-31 21:36:18,457 - INFO - Optimal value of theta: 22641.235130076137.
2025-07-31 21:36:18,457 - INFO - Beginning optimization with guess, [22.5, 22.5, 0.1, 0.1].
2025-07-31 21:36:28,394 - INFO - Finished optimization with guess, [22.5, 22.5, 0.1, 0.1].
2025-07-31 21:36:28,395 - INFO - Best fit parameters: [2.78345718 6.41193997 0.00972479 0.00962313].
2025-07-31 21:36:28,619 - INFO - Maximum log composite likelihood: -14067.140474276795.
2025-07-31 21:36:28,619 - INFO - Optimal value of theta: 21588.79180245159.
2025-07-31 21:36:28,619 - INFO - Beginning optimization with guess, [25, 25, 0.1, 0.1].
2025-07-31 21:36:38,532 - INFO - Finished optimization with guess, [25, 25, 0.1, 0.1].
2025-07-31 21:36:38,533 - INFO - Best fit parameters: [9.21354729 3.06609695 0.03163566 0.01403234].
2025-07-31 21:36:38,758 - INFO - Maximum log composite likelihood: -18172.593792090465.
2025-07-31 21:36:38,758 - INFO - Optimal value of theta: 18270.758716531556.
2025-07-31 21:36:38,758 - INFO - Beginning optimization with guess, [27.5, 27.5, 0.1, 0.1].
2025-07-31 21:36:48,672 - INFO - Finished optimization with guess, [27.5, 27.5, 0.1, 0.1].
2025-07-31 21:36:48,673 - INFO - Best fit parameters: [9.83973334 3.16952061 0.03163566 0.01403234].
2025-07-31 21:36:48,897 - INFO - Maximum log composite likelihood: -18081.37841469683.
2025-07-31 21:36:48,897 - INFO - Optimal value of theta: 18133.62456561369.
2025-07-31 21:36:48,897 - INFO - Beginning optimization with guess, [30, 30, 0.1, 0.1].
2025-07-31 21:36:58,584 - INFO - Finished optimization with guess, [30, 30, 0.1, 0.1].
2025-07-31 21:36:58,585 - INFO - Best fit parameters: [2.95800322e+00 1.07714380e+01 1.29652657e-02 9.17340132e-03].
2025-07-31 21:36:58,809 - INFO - Maximum log composite likelihood: -13355.98121453371.
2025-07-31 21:36:58,810 - INFO - Optimal value of theta: 20867.878778722974.
2025-07-31 21:36:58,810 - INFO - Beginning optimization with guess, [33.3, 33.3, 0.1, 0.1].
2025-07-31 21:37:08,768 - INFO - Finished optimization with guess, [33.3, 33.3, 0.1, 0.1].
2025-07-31 21:37:08,769 - INFO - Best fit parameters: [1.85636876 7.98504089 0.01360892 0.00894477].
2025-07-31 21:37:08,994 - INFO - Maximum log composite likelihood: -14194.392358249008.
2025-07-31 21:37:08,994 - INFO - Optimal value of theta: 21712.475053771046.
2025-07-31 21:37:08,994 - INFO - Beginning optimization with guess, [36.6, 36.6, 0.1, 0.1].
2025-07-31 21:37:18,909 - INFO - Finished optimization with guess, [36.6, 36.6, 0.1, 0.1].
2025-07-31 21:37:18,910 - INFO - Best fit parameters: [1.88758268 8.44496103 0.01360892 0.00894477].
2025-07-31 21:37:19,134 - INFO - Maximum log composite likelihood: -14080.934351535156.
2025-07-31 21:37:19,134 - INFO - Optimal value of theta: 21646.396703259168.
2025-07-31 21:37:19,134 - INFO - Beginning optimization with guess, [40, 40, 0.1, 0.1].
2025-07-31 21:37:29,051 - INFO - Finished optimization with guess, [40, 40, 0.1, 0.1].
2025-07-31 21:37:29,052 - INFO - Best fit parameters: [1.91740549 8.90146427 0.01360892 0.00894477].
2025-07-31 21:37:29,276 - INFO - Maximum log composite likelihood: -13979.815385068783.
2025-07-31 21:37:29,276 - INFO - Optimal value of theta: 21586.021840983867.
2025-07-31 21:37:29,276 - INFO - Beginning optimization with guess, [50, 50, 0.1, 0.1].
2025-07-31 21:37:39,186 - INFO - Finished optimization with guess, [50, 50, 0.1, 0.1].
2025-07-31 21:37:39,187 - INFO - Best fit parameters: [1.99441523e+00 1.01600351e+01 1.36089237e-02 8.94476606e-03].
2025-07-31 21:37:39,411 - INFO - Maximum log composite likelihood: -13748.071618256363.
2025-07-31 21:37:39,411 - INFO - Optimal value of theta: 21441.527318419623.
2025-07-31 21:37:39,411 - INFO - Beginning optimization with guess, [60, 60, 0.1, 0.1].
2025-07-31 21:37:49,098 - INFO - Finished optimization with guess, [60, 60, 0.1, 0.1].
2025-07-31 21:37:49,099 - INFO - Best fit parameters: [1.92580316e+01 4.85827237e+00 1.91928093e-02 2.02257079e-02].
2025-07-31 21:37:49,323 - INFO - Maximum log composite likelihood: -16283.351373167952.
2025-07-31 21:37:49,323 - INFO - Optimal value of theta: 18021.82266905582.
2025-07-31 21:37:49,323 - INFO - Beginning optimization with guess, [70, 70, 0.1, 0.1].
2025-07-31 21:37:59,008 - INFO - Finished optimization with guess, [70, 70, 0.1, 0.1].
2025-07-31 21:37:59,008 - INFO - Best fit parameters: [2.43034330e+00 1.16257957e+01 9.02836526e-03 1.67399933e-02].
2025-07-31 21:37:59,233 - INFO - Maximum log composite likelihood: -13067.977303491807.
2025-07-31 21:37:59,233 - INFO - Optimal value of theta: 19870.95474834887.
2025-07-31 21:37:59,233 - INFO - Beginning optimization with guess, [80, 80, 0.1, 0.1].
2025-07-31 21:38:08,950 - INFO - Finished optimization with guess, [80, 80, 0.1, 0.1].
2025-07-31 21:38:08,952 - INFO - Best fit parameters: [4.81333344 4.51522659 0.00786075 0.01874332].
2025-07-31 21:38:09,176 - INFO - Maximum log composite likelihood: -14824.297461524286.
2025-07-31 21:38:09,176 - INFO - Optimal value of theta: 20473.403425924953.
2025-07-31 21:38:09,178 - INFO - Converting and interpreting Tau estimates.
2025-07-31 21:38:09,193 - INFO - Finished demographic inference.
2025-07-31 21:38:09,194 - INFO - Pipeline executed succesfully.
