2025-07-30 23:09:14,328 - INFO - Beginning execution of fit_demographic_model.py in directory /u/project/kirk/jonmah/sample_size_demography/Scripts

2025-07-30 23:09:14,328 - INFO - Progress is being logged to ../Analysis/msprime_3EpB_680/log.log

2025-07-30 23:09:14,328 - INFO - Parsed the following arguments:
	syn_input_sfs = ../Simulations/simple_simulations/ThreeEpochBottleneck_680_concat.sfs
	mask_singletons = False
	mask_doubletons = False
	L_syn = 100000000.0
	outprefix = ../Analysis/msprime_3EpB_680/

2025-07-30 23:09:14,329 - INFO - Beginning demographic inference for two-epoch demographic model.
2025-07-30 23:09:14,330 - INFO - Beginning optimization with guess, [0.01, 0.1].
2025-07-30 23:09:40,856 - INFO - Finished optimization with guess, [0.01, 0.1].
2025-07-30 23:09:40,857 - INFO - Best fit parameters: [0.00375837 0.17782794].
2025-07-30 23:09:43,754 - INFO - Maximum log composite likelihood: -112274.65830241174.
2025-07-30 23:09:43,754 - INFO - Optimal value of theta: 9823645.840210464.
2025-07-30 23:09:43,754 - INFO - Beginning optimization with guess, [0.025, 0.1].
2025-07-30 23:10:09,980 - INFO - Finished optimization with guess, [0.025, 0.1].
2025-07-30 23:10:09,981 - INFO - Best fit parameters: [0.00558603 0.26607251].
2025-07-30 23:10:12,892 - INFO - Maximum log composite likelihood: -112274.65830297493.
2025-07-30 23:10:12,892 - INFO - Optimal value of theta: 6609514.501688093.
2025-07-30 23:10:12,893 - INFO - Beginning optimization with guess, [0.05, 0.1].
2025-07-30 23:10:35,509 - INFO - Finished optimization with guess, [0.05, 0.1].
2025-07-30 23:10:35,519 - INFO - Best fit parameters: [0.00901454 0.38681205].
2025-07-30 23:10:38,320 - INFO - Maximum log composite likelihood: -112274.65830380109.
2025-07-30 23:10:38,320 - INFO - Optimal value of theta: 4095710.216193918.
2025-07-30 23:10:38,320 - INFO - Beginning optimization with guess, [0.075, 0.1].
2025-07-30 23:11:00,017 - INFO - Finished optimization with guess, [0.075, 0.1].
2025-07-30 23:11:00,017 - INFO - Best fit parameters: [0.01705049 0.38681205].
2025-07-30 23:11:02,398 - INFO - Maximum log composite likelihood: -112274.65849478614.
2025-07-30 23:11:02,399 - INFO - Optimal value of theta: 2165388.2310019187.
2025-07-30 23:11:02,399 - INFO - Beginning optimization with guess, [0.1, 0.1].
2025-07-30 23:11:21,425 - INFO - Finished optimization with guess, [0.1, 0.1].
2025-07-30 23:11:21,426 - INFO - Best fit parameters: [0.05158222 0.25118864].
2025-07-30 23:11:23,392 - INFO - Maximum log composite likelihood: -115948.88347625511.
2025-07-30 23:11:23,392 - INFO - Optimal value of theta: 675221.2533917776.
2025-07-30 23:11:23,392 - INFO - Beginning optimization with guess, [0.25, 0.1].
2025-07-30 23:11:43,998 - INFO - Finished optimization with guess, [0.25, 0.1].
2025-07-30 23:11:43,999 - INFO - Best fit parameters: [0.22826    0.38681205].
2025-07-30 23:11:45,894 - INFO - Maximum log composite likelihood: -131671.31582198603.
2025-07-30 23:11:45,894 - INFO - Optimal value of theta: 128110.37341207468.
2025-07-30 23:11:45,894 - INFO - Beginning optimization with guess, [0.5, 0.1].
2025-07-30 23:12:06,449 - INFO - Finished optimization with guess, [0.5, 0.1].
2025-07-30 23:12:06,449 - INFO - Best fit parameters: [0.75132031 0.08597556].
2025-07-30 23:12:08,311 - INFO - Maximum log composite likelihood: -125896.40093437195.
2025-07-30 23:12:08,311 - INFO - Optimal value of theta: 42400.46742530716.
2025-07-30 23:12:08,311 - INFO - Beginning optimization with guess, [0.75, 0.1].
2025-07-30 23:12:28,750 - INFO - Finished optimization with guess, [0.75, 0.1].
2025-07-30 23:12:28,751 - INFO - Best fit parameters: [0.88810184 0.08597556].
2025-07-30 23:12:30,607 - INFO - Maximum log composite likelihood: -117796.33806158078.
2025-07-30 23:12:30,608 - INFO - Optimal value of theta: 39090.202791570686.
2025-07-30 23:12:30,608 - INFO - Beginning optimization with guess, [1, 0.1].
2025-07-30 23:12:49,182 - INFO - Finished optimization with guess, [1, 0.1].
2025-07-30 23:12:49,183 - INFO - Best fit parameters: [1.00212726 0.13528511].
2025-07-30 23:12:51,041 - INFO - Maximum log composite likelihood: -112196.30918712252.
2025-07-30 23:12:51,041 - INFO - Optimal value of theta: 36878.31818981669.
2025-07-30 23:12:51,041 - INFO - Beginning optimization with guess, [1.25, 0.1].
2025-07-30 23:13:11,488 - INFO - Finished optimization with guess, [1.25, 0.1].
2025-07-30 23:13:11,489 - INFO - Best fit parameters: [1.26843943 0.0267994 ].
2025-07-30 23:13:13,347 - INFO - Maximum log composite likelihood: -97866.72337969263.
2025-07-30 23:13:13,347 - INFO - Optimal value of theta: 34281.30482717533.
2025-07-30 23:13:13,347 - INFO - Beginning optimization with guess, [1.5, 0.1].
2025-07-30 23:13:33,808 - INFO - Finished optimization with guess, [1.5, 0.1].
2025-07-30 23:13:33,808 - INFO - Best fit parameters: [1.54044873 0.0267994 ].
2025-07-30 23:13:35,672 - INFO - Maximum log composite likelihood: -86990.54528387352.
2025-07-30 23:13:35,672 - INFO - Optimal value of theta: 32344.336103250946.
2025-07-30 23:13:35,672 - INFO - Beginning optimization with guess, [1.75, 0.1].
2025-07-30 23:13:56,362 - INFO - Finished optimization with guess, [1.75, 0.1].
2025-07-30 23:13:56,362 - INFO - Best fit parameters: [1.81546308 0.0267994 ].
2025-07-30 23:13:58,220 - INFO - Maximum log composite likelihood: -78498.71358332965.
2025-07-30 23:13:58,220 - INFO - Optimal value of theta: 30856.120255747657.
2025-07-30 23:13:58,220 - INFO - Beginning optimization with guess, [2, 0.1].
2025-07-30 23:14:18,641 - INFO - Finished optimization with guess, [2, 0.1].
2025-07-30 23:14:18,642 - INFO - Best fit parameters: [2.09307644 0.0267994 ].
2025-07-30 23:14:20,496 - INFO - Maximum log composite likelihood: -71673.1043613477.
2025-07-30 23:14:20,496 - INFO - Optimal value of theta: 29672.894042116273.
2025-07-30 23:14:20,496 - INFO - Beginning optimization with guess, [2.25, 0.1].
2025-07-30 23:14:40,910 - INFO - Finished optimization with guess, [2.25, 0.1].
2025-07-30 23:14:40,911 - INFO - Best fit parameters: [2.37298228 0.0267994 ].
2025-07-30 23:14:42,768 - INFO - Maximum log composite likelihood: -66145.5695561727.
2025-07-30 23:14:42,768 - INFO - Optimal value of theta: 28712.07603348789.
2025-07-30 23:14:42,768 - INFO - Beginning optimization with guess, [2.5, 0.1].
2025-07-30 23:15:03,248 - INFO - Finished optimization with guess, [2.5, 0.1].
2025-07-30 23:15:03,249 - INFO - Best fit parameters: [2.65494068 0.0267994 ].
2025-07-30 23:15:05,177 - INFO - Maximum log composite likelihood: -61374.34397003191.
2025-07-30 23:15:05,177 - INFO - Optimal value of theta: 27881.37194002506.
2025-07-30 23:15:05,177 - INFO - Beginning optimization with guess, [2.75, 0.1].
2025-07-30 23:15:26,169 - INFO - Finished optimization with guess, [2.75, 0.1].
2025-07-30 23:15:26,170 - INFO - Best fit parameters: [2.93875852 0.0267994 ].
2025-07-30 23:15:28,077 - INFO - Maximum log composite likelihood: -57444.00382675603.
2025-07-30 23:15:28,077 - INFO - Optimal value of theta: 27200.66545516168.
2025-07-30 23:15:28,077 - INFO - Beginning optimization with guess, [3, 0.1].
2025-07-30 23:15:48,737 - INFO - Finished optimization with guess, [3, 0.1].
2025-07-30 23:15:48,747 - INFO - Best fit parameters: [3.22427694 0.0267994 ].
2025-07-30 23:15:50,613 - INFO - Maximum log composite likelihood: -54329.147328230254.
2025-07-30 23:15:50,613 - INFO - Optimal value of theta: 26656.056999909135.
2025-07-30 23:15:50,613 - INFO - Beginning optimization with guess, [3.25, 0.1].
2025-07-30 23:16:11,063 - INFO - Finished optimization with guess, [3.25, 0.1].
2025-07-30 23:16:11,063 - INFO - Best fit parameters: [3.51136282 0.0267994 ].
2025-07-30 23:16:12,926 - INFO - Maximum log composite likelihood: -51562.21840896889.
2025-07-30 23:16:12,926 - INFO - Optimal value of theta: 26156.686406385703.
2025-07-30 23:16:12,926 - INFO - Beginning optimization with guess, [3.5, 0.1].
2025-07-30 23:16:33,346 - INFO - Finished optimization with guess, [3.5, 0.1].
2025-07-30 23:16:33,347 - INFO - Best fit parameters: [3.79990299 0.0267994 ].
2025-07-30 23:16:35,202 - INFO - Maximum log composite likelihood: -48852.62929453348.
2025-07-30 23:16:35,202 - INFO - Optimal value of theta: 25669.205128837213.
2025-07-30 23:16:35,202 - INFO - Beginning optimization with guess, [3.75, 0.1].
2025-07-30 23:16:55,615 - INFO - Finished optimization with guess, [3.75, 0.1].
2025-07-30 23:16:55,616 - INFO - Best fit parameters: [4.08979999 0.0267994 ].
2025-07-30 23:16:57,472 - INFO - Maximum log composite likelihood: -46481.65505991925.
2025-07-30 23:16:57,472 - INFO - Optimal value of theta: 25241.048009039565.
2025-07-30 23:16:57,472 - INFO - Beginning optimization with guess, [4, 0.1].
2025-07-30 23:17:17,956 - INFO - Finished optimization with guess, [4, 0.1].
2025-07-30 23:17:17,957 - INFO - Best fit parameters: [4.38096898 0.0267994 ].
2025-07-30 23:17:19,814 - INFO - Maximum log composite likelihood: -44407.449300206514.
2025-07-30 23:17:19,814 - INFO - Optimal value of theta: 24864.87212897627.
2025-07-30 23:17:19,814 - INFO - Beginning optimization with guess, [4.25, 0.1].
2025-07-30 23:17:40,235 - INFO - Finished optimization with guess, [4.25, 0.1].
2025-07-30 23:17:40,236 - INFO - Best fit parameters: [4.67333543 0.0267994 ].
2025-07-30 23:17:42,090 - INFO - Maximum log composite likelihood: -42598.184832572464.
2025-07-30 23:17:42,090 - INFO - Optimal value of theta: 24534.962523992348.
2025-07-30 23:17:42,091 - INFO - Beginning optimization with guess, [4.5, 0.1].
2025-07-30 23:18:02,591 - INFO - Finished optimization with guess, [4.5, 0.1].
2025-07-30 23:18:02,592 - INFO - Best fit parameters: [4.96683331 0.0267994 ].
2025-07-30 23:18:04,447 - INFO - Maximum log composite likelihood: -41030.13446053966.
2025-07-30 23:18:04,448 - INFO - Optimal value of theta: 24246.877921324343.
2025-07-30 23:18:04,448 - INFO - Beginning optimization with guess, [4.75, 0.1].
2025-07-30 23:18:24,817 - INFO - Finished optimization with guess, [4.75, 0.1].
2025-07-30 23:18:24,818 - INFO - Best fit parameters: [5.26140372 0.0267994 ].
2025-07-30 23:18:26,669 - INFO - Maximum log composite likelihood: -39686.47595095063.
2025-07-30 23:18:26,669 - INFO - Optimal value of theta: 23997.21088757152.
2025-07-30 23:18:26,669 - INFO - Beginning optimization with guess, [5, 0.1].
2025-07-30 23:18:47,044 - INFO - Finished optimization with guess, [5, 0.1].
2025-07-30 23:18:47,045 - INFO - Best fit parameters: [5.55699378 0.0267994 ].
2025-07-30 23:18:48,900 - INFO - Maximum log composite likelihood: -38556.69690716764.
2025-07-30 23:18:48,900 - INFO - Optimal value of theta: 23783.432418226614.
2025-07-30 23:18:48,904 - INFO - Converting and interpreting Tau estimates.
2025-07-30 23:18:48,905 - INFO - Finished demographic inference.
2025-07-30 23:18:48,905 - INFO - Pipeline executed succesfully.
