2025-08-14 10:41:00,951 - INFO - Beginning execution of evaluate_demography.py in directory /u/project/kirk-bigdata/jonmah/sample_size_demography/Scripts

2025-08-14 10:41:00,951 - INFO - Progress is being logged to ../Analysis/msprime_3EpB_200/evaluate_demography.log

2025-08-14 10:41:00,951 - INFO - Parsed the following arguments:
	syn_input_sfs = ../Simulations/simple_simulations/ThreeEpochBottleneck_200_concat.sfs
	model_type = two_epoch
	params_list = [93003.29, 0.0174282]
	L_syn = 100000000.0
	mask_singletons = False
	mask_doubletons = False
	outprefix = ../Analysis/msprime_3EpB_200/

2025-08-14 10:41:00,980 - INFO - Beginning demographic evaluation for two-epoch demographic model.
2025-08-14 10:41:00,982 - INFO - Beginning optimization with guess, [93003.29, 0.0174282].
2025-08-14 10:41:00,982 - INFO - Finished optimization with guess, [93003.29, 0.0174282].
2025-08-14 10:41:00,982 - INFO - Best fit parameters: [93003.29, 0.0174282].
2025-08-14 10:41:01,382 - INFO - Maximum log composite likelihood: -11879.831918474254.
2025-08-14 10:41:01,382 - INFO - Optimal value of theta: 19973.996048580142.
2025-08-14 10:41:01,383 - INFO - Synonymous input SFS: [-- 55547.11503659886 7623.509459013687 3015.692081492977 2109.750387399148 1777.637064924322 1595.016761806194 1474.779053712893 1399.151792334197 1356.90010764672 1328.752200245913 1298.758849982107 1263.623081225956 1228.542524247928 1198.133686681184 1171.877830281536 1145.560940181042 1115.065433695958 1078.982199588019 1038.853963698976 997.851877910423 959.2835555407244 925.77370810514 899.1216072354367 880.4137638252741 870.0622609625951 867.7334739034173 872.3117583645907 882.0271673831193 894.7550156684254 908.3801453535237 921.0841422997935 931.4857417244532 938.6755588541344 942.193074919246 941.9189439079187 937.9308309539281 930.4923375028183 920.1506493926362 907.7350030314965 894.2477016699589 880.7388284208535 868.1750673694662 857.335490570323 848.750574143281 842.6839560969495 839.1463993624025 837.9282894723844 838.6385378870175 840.7425854224317 843.5993780524319 846.504177915375 848.7465315635441 849.6873520876866 848.8471156261612 845.9849463668323 841.1437140196476 834.643278347617 827.0200117041879 818.9278715698296 811.0265311139051 803.8818479867485 797.8955242538854 793.2698467197288 790.0050018124437 787.9225359902877 786.7078331376713 785.9646218576871 785.2741065233803 784.2506663344637 782.586470736727 780.0796839623629 776.6447809042928 772.3074087448753 767.1886130310717 761.4833455855324 755.4364438661189 749.3170509009218 743.3911569665127 737.8923507475871 732.9927189244809 728.7780492293072 725.232736192684 722.2391292922395 719.593414318736 717.0362788993689 714.2929127435347 711.1146348497123 707.314381000811 702.7903681126959 697.5356659046718 691.6349250214392 685.2519687225732 678.6127567260539 671.9878850963235 665.6781070384621 660.002293645039 655.2755318314497 651.7619038518238 649.6211280136099 324.453007064611 -- -- -- -- -- -- -- -- -- -- -- -- -- -- -- -- -- -- -- -- -- -- -- -- -- -- -- -- -- -- -- -- -- -- -- -- -- -- -- -- -- -- -- -- -- -- -- -- -- -- -- -- -- -- -- -- -- -- -- -- -- -- -- -- -- -- -- -- -- -- -- -- -- -- -- -- -- -- -- -- -- -- -- -- -- -- -- -- -- -- -- -- -- -- -- -- -- -- -- --].
2025-08-14 10:41:01,383 - INFO - Scaled spectrum: [-- 55582.14758240569 10088.515427458533 6759.387878325934 5095.405898574878 4097.22897343896 3431.9572766736833 2956.919532606514 2600.780146878308 2323.908273240587 2102.5254405837213 1921.4999288075837 1770.7439567603267 1643.2737065228391 1534.1007658817084 1439.5669938310657 1356.9288115345562 1284.088214144857 1219.4134453709626 1161.616301152082 1109.6662422477038 1062.729046111283 1020.1221900891114 981.2818738067085 945.7382859776851 913.0968072000435 883.023550588228 855.2341156187133 829.4847518862566 805.5653510686643 783.2938405200666 762.511661995499 743.0800981355662 724.8772668844217 707.795646326242 691.7400238568517 676.6257871823539 662.3774924755116 648.9276586353603 636.2157470685605 624.1872945270766 612.7931728714473 601.9889546067366 591.7343669734862 581.9928205058338 572.7310004750785 563.9185116490348 555.527568429642 547.532723750074 539.9106311976574 532.6398357106825 525.700588929722 519.0746858851253 512.7453202047028 506.69695544222094 500.9152104760344 495.38675722161497 490.099229146413 485.041139285904 480.2018066346627 475.5712899378509 471.14032803528863 466.90028602073664 462.84310657223864 458.9612658899197 455.24773374766573 451.69593722471063 448.2997277347042 445.053351016304 441.95141978649326 438.9888887942509 436.16103204003895 433.4634219543449 430.8919103502604 428.44261098599 426.1118835903002 423.89631922056105 421.7927268355853 419.7981209788695 417.9097104780668 416.1248880765172 414.4412209211698 412.85644183895766 411.3684413405699 409.97526029686935 408.6750832385771 407.46623223493793 406.3471613117355 405.3164513727728 404.37280559312023 403.51504525543396 402.74210600395736 402.0530344935287 401.4469854137352 400.9232188705919 400.4810981104107 400.1200875727063 399.83975126120436 399.639751423106 399.5198475297916 199.73994777627018 -- -- -- -- -- -- -- -- -- -- -- -- -- -- -- -- -- -- -- -- -- -- -- -- -- -- -- -- -- -- -- -- -- -- -- -- -- -- -- -- -- -- -- -- -- -- -- -- -- -- -- -- -- -- -- -- -- -- -- -- -- -- -- -- -- -- -- -- -- -- -- -- -- -- -- -- -- -- -- -- -- -- -- -- -- -- -- -- -- -- -- -- -- -- -- -- -- -- -- --].
2025-08-14 10:41:01,385 - INFO - Converting and interpreting Tau estimates.
2025-08-14 10:41:01,386 - INFO - Finished demographic inference.
2025-08-14 10:41:01,386 - INFO - Pipeline executed succesfully.
